[TIMESTAMP][BEGIN] 2026-03-29T14:07:20
[INFO]: 已创建新的 uid_expansion 会话目录：outputs/video_pool/uid_expansions/uid_expansion_20250923_20260329_140720（start_date=2025-09-23，task_started_at=2026-03-29T14:07:20）。
[INFO]: 历史任务增量检查完成：2970 个作者命中过往 original_uids，0 个作者按全局 start_date 抓取；命中历史的作者将从其最近一次任务开始日（含当天）继续抓取。
[INFO]: 开始处理第 1/149 批作者，共 20 个。
[INFO]: 第 1/149 批完成，新增 25 条视频，累计 25 条。
[INFO]: 批次间暂停 8 秒，降低请求频率。
[INFO]: 开始处理第 2/149 批作者，共 20 个。
[INFO]: 第 2/149 批完成，新增 16 条视频，累计 41 条。
[INFO]: 批次间暂停 8 秒，降低请求频率。
[INFO]: 开始处理第 3/149 批作者，共 20 个。
[INFO]: 第 3/149 批完成，新增 33 条视频，累计 74 条。
[INFO]: 批次间暂停 8 秒，降低请求频率。
[INFO]: 开始处理第 4/149 批作者，共 20 个。
[INFO]: 第 4/149 批完成，新增 69 条视频，累计 143 条。
[INFO]: 批次间暂停 8 秒，降低请求频率。
[INFO]: 开始处理第 5/149 批作者，共 20 个。
[INFO]: 第 5/149 批完成，新增 86 条视频，累计 229 条。
[INFO]: 批次间暂停 8 秒，降低请求频率。
[INFO]: 开始处理第 6/149 批作者，共 20 个。
[INFO]: 第 6/149 批完成，新增 59 条视频，累计 288 条。
[INFO]: 批次间暂停 8 秒，降低请求频率。
[INFO]: 开始处理第 7/149 批作者，共 20 个。
[WARN]: 作者 675088291 抓取失败，已跳过。原因：接口返回错误代码：-352，信息：风控校验失败。 {'code': -352, 'message': '风控校验失败', 'ttl': 1, 'data': {'v_voucher': 'voucher_2f95b867-ae01-4b30-a0bf-0bcba1ead6e3'}}
[WARN]: 作者 3546786037762485 抓取失败，已跳过。原因：接口返回错误代码：-352，信息：风控校验失败。 {'code': -352, 'message': '风控校验失败', 'ttl': 1, 'data': {'v_voucher': 'voucher_63954e04-581d-49a2-b24a-34f0ccc6ae41'}}
[INFO]: 第 7/149 批完成，新增 53 条视频，累计 341 条。
[WARN]: 本批有 2 个作者抓取失败。
[INFO]: 批次间暂停 8 秒，降低请求频率。
[INFO]: 开始处理第 8/149 批作者，共 20 个。
[INFO]: 第 8/149 批完成，新增 76 条视频，累计 417 条。
[INFO]: 批次间暂停 8 秒，降低请求频率。
[INFO]: 开始处理第 9/149 批作者，共 20 个。
[INFO]: 第 9/149 批完成，新增 43 条视频，累计 460 条。
[INFO]: 批次间暂停 8 秒，降低请求频率。
[INFO]: 开始处理第 10/149 批作者，共 20 个。
[INFO]: 第 10/149 批完成，新增 41 条视频，累计 501 条。
[INFO]: 批次间暂停 8 秒，降低请求频率。
[INFO]: 开始处理第 11/149 批作者，共 20 个。
[INFO]: 第 11/149 批完成，新增 31 条视频，累计 532 条。
[INFO]: 批次间暂停 8 秒，降低请求频率。
[INFO]: 开始处理第 12/149 批作者，共 20 个。
[INFO]: 第 12/149 批完成，新增 46 条视频，累计 578 条。
[INFO]: 批次间暂停 8 秒，降低请求频率。
[INFO]: 开始处理第 13/149 批作者，共 20 个。
[INFO]: 第 13/149 批完成，新增 62 条视频，累计 640 条。
[INFO]: 批次间暂停 8 秒，降低请求频率。
[INFO]: 开始处理第 14/149 批作者，共 20 个。
[INFO]: 第 14/149 批完成，新增 41 条视频，累计 681 条。
[INFO]: 批次间暂停 8 秒，降低请求频率。
[INFO]: 开始处理第 15/149 批作者，共 20 个。
[INFO]: 第 15/149 批完成，新增 49 条视频，累计 730 条。
[INFO]: 批次间暂停 8 秒，降低请求频率。
[INFO]: 开始处理第 16/149 批作者，共 20 个。
[INFO]: 第 16/149 批完成，新增 53 条视频，累计 783 条。
[INFO]: 批次间暂停 8 秒，降低请求频率。
[INFO]: 开始处理第 17/149 批作者，共 20 个。
[INFO]: 第 17/149 批完成，新增 82 条视频，累计 865 条。
[INFO]: 批次间暂停 8 秒，降低请求频率。
[INFO]: 开始处理第 18/149 批作者，共 20 个。
[INFO]: 第 18/149 批完成，新增 66 条视频，累计 931 条。
[INFO]: 批次间暂停 8 秒，降低请求频率。
[INFO]: 开始处理第 19/149 批作者，共 20 个。
[INFO]: 第 19/149 批完成，新增 110 条视频，累计 1041 条。
[INFO]: 批次间暂停 8 秒，降低请求频率。
[INFO]: 开始处理第 20/149 批作者，共 20 个。
[INFO]: 第 20/149 批完成，新增 31 条视频，累计 1072 条。
[INFO]: 批次间暂停 8 秒，降低请求频率。
[INFO]: 开始处理第 21/149 批作者，共 20 个。
[INFO]: 第 21/149 批完成，新增 119 条视频，累计 1191 条。
[INFO]: 批次间暂停 8 秒，降低请求频率。
[INFO]: 开始处理第 22/149 批作者，共 20 个。
[INFO]: 第 22/149 批完成，新增 24 条视频，累计 1215 条。
[INFO]: 批次间暂停 8 秒，降低请求频率。
[INFO]: 开始处理第 23/149 批作者，共 20 个。
[INFO]: 第 23/149 批完成，新增 8 条视频，累计 1223 条。
[INFO]: 批次间暂停 8 秒，降低请求频率。
[INFO]: 开始处理第 24/149 批作者，共 20 个。
[INFO]: 第 24/149 批完成，新增 7 条视频，累计 1230 条。
[INFO]: 批次间暂停 8 秒，降低请求频率。
[INFO]: 开始处理第 25/149 批作者，共 20 个。
[INFO]: 第 25/149 批完成，新增 7 条视频，累计 1237 条。
[INFO]: 批次间暂停 8 秒，降低请求频率。
[INFO]: 开始处理第 26/149 批作者，共 20 个。
[INFO]: 第 26/149 批完成，新增 764 条视频，累计 2001 条。
[INFO]: 批次间暂停 8 秒，降低请求频率。
[INFO]: 开始处理第 27/149 批作者，共 20 个。
[INFO]: 第 27/149 批完成，新增 112 条视频，累计 2113 条。
[INFO]: 批次间暂停 8 秒，降低请求频率。
[INFO]: 开始处理第 28/149 批作者，共 20 个。
[INFO]: 第 28/149 批完成，新增 99 条视频，累计 2212 条。
[INFO]: 批次间暂停 8 秒，降低请求频率。
[INFO]: 开始处理第 29/149 批作者，共 20 个。
[INFO]: 第 29/149 批完成，新增 692 条视频，累计 2904 条。
[INFO]: 批次间暂停 8 秒，降低请求频率。
[INFO]: 开始处理第 30/149 批作者，共 20 个。
[INFO]: 第 30/149 批完成，新增 259 条视频，累计 3163 条。
[INFO]: 批次间暂停 8 秒，降低请求频率。
[INFO]: 开始处理第 31/149 批作者，共 20 个。
[INFO]: 第 31/149 批完成，新增 132 条视频，累计 3295 条。
[INFO]: 批次间暂停 8 秒，降低请求频率。
[INFO]: 开始处理第 32/149 批作者，共 20 个。
[INFO]: 第 32/149 批完成，新增 108 条视频，累计 3403 条。
[INFO]: 批次间暂停 8 秒，降低请求频率。
[INFO]: 开始处理第 33/149 批作者，共 20 个。
[INFO]: 第 33/149 批完成，新增 147 条视频，累计 3550 条。
[INFO]: 批次间暂停 8 秒，降低请求频率。
[INFO]: 开始处理第 34/149 批作者，共 20 个。
[INFO]: 第 34/149 批完成，新增 45 条视频，累计 3595 条。
[INFO]: 批次间暂停 8 秒，降低请求频率。
[INFO]: 开始处理第 35/149 批作者，共 20 个。
[INFO]: 第 35/149 批完成，新增 291 条视频，累计 3886 条。
[INFO]: 批次间暂停 8 秒，降低请求频率。
[INFO]: 开始处理第 36/149 批作者，共 20 个。
[INFO]: 第 36/149 批完成，新增 167 条视频，累计 4053 条。
[INFO]: 批次间暂停 8 秒，降低请求频率。
[INFO]: 开始处理第 37/149 批作者，共 20 个。
[INFO]: 第 37/149 批完成，新增 87 条视频，累计 4140 条。
[INFO]: 批次间暂停 8 秒，降低请求频率。
[INFO]: 开始处理第 38/149 批作者，共 20 个。
[INFO]: 第 38/149 批完成，新增 69 条视频，累计 4209 条。
[INFO]: 批次间暂停 8 秒，降低请求频率。
[INFO]: 开始处理第 39/149 批作者，共 20 个。
[INFO]: 第 39/149 批完成，新增 85 条视频，累计 4294 条。
[INFO]: 批次间暂停 8 秒，降低请求频率。
[INFO]: 开始处理第 40/149 批作者，共 20 个。
[INFO]: 第 40/149 批完成，新增 41 条视频，累计 4335 条。
[INFO]: 批次间暂停 8 秒，降低请求频率。
[INFO]: 开始处理第 41/149 批作者，共 20 个。
[INFO]: 第 41/149 批完成，新增 113 条视频，累计 4448 条。
[INFO]: 批次间暂停 8 秒，降低请求频率。
[INFO]: 开始处理第 42/149 批作者，共 20 个。
[INFO]: 第 42/149 批完成，新增 205 条视频，累计 4653 条。
[INFO]: 批次间暂停 8 秒，降低请求频率。
[INFO]: 开始处理第 43/149 批作者，共 20 个。
[INFO]: 第 43/149 批完成，新增 51 条视频，累计 4704 条。
[INFO]: 批次间暂停 8 秒，降低请求频率。
[INFO]: 开始处理第 44/149 批作者，共 20 个。
[INFO]: 第 44/149 批完成，新增 181 条视频，累计 4885 条。
[INFO]: 批次间暂停 8 秒，降低请求频率。
[INFO]: 开始处理第 45/149 批作者，共 20 个。
[INFO]: 第 45/149 批完成，新增 71 条视频，累计 4956 条。
[INFO]: 批次间暂停 8 秒，降低请求频率。
[INFO]: 开始处理第 46/149 批作者，共 20 个。
[INFO]: 第 46/149 批完成，新增 45 条视频，累计 5001 条。
[INFO]: 批次间暂停 8 秒，降低请求频率。
[INFO]: 开始处理第 47/149 批作者，共 20 个。
[INFO]: 第 47/149 批完成，新增 518 条视频，累计 5519 条。
[INFO]: 批次间暂停 8 秒，降低请求频率。
[INFO]: 开始处理第 48/149 批作者，共 20 个。
[INFO]: 第 48/149 批完成，新增 126 条视频，累计 5645 条。
[INFO]: 批次间暂停 8 秒，降低请求频率。
[INFO]: 开始处理第 49/149 批作者，共 20 个。
[INFO]: 第 49/149 批完成，新增 92 条视频，累计 5737 条。
[INFO]: 批次间暂停 8 秒，降低请求频率。
[INFO]: 开始处理第 50/149 批作者，共 20 个。
[INFO]: 第 50/149 批完成，新增 240 条视频，累计 5977 条。
[INFO]: 批次间暂停 8 秒，降低请求频率。
[INFO]: 开始处理第 51/149 批作者，共 20 个。
[INFO]: 第 51/149 批完成，新增 44 条视频，累计 6021 条。
[INFO]: 批次间暂停 8 秒，降低请求频率。
[INFO]: 开始处理第 52/149 批作者，共 20 个。
[INFO]: 第 52/149 批完成，新增 69 条视频，累计 6090 条。
[INFO]: 批次间暂停 8 秒，降低请求频率。
[INFO]: 开始处理第 53/149 批作者，共 20 个。
[INFO]: 第 53/149 批完成，新增 452 条视频，累计 6542 条。
[INFO]: 批次间暂停 8 秒，降低请求频率。
[INFO]: 开始处理第 54/149 批作者，共 20 个。
[WARN]: 作者 89349452 抓取失败，已跳过。原因：接口返回错误代码：-352，信息：风控校验失败。 {'code': -352, 'message': '风控校验失败', 'ttl': 1, 'data': {'v_voucher': 'voucher_44e6fbb2-9105-44f6-9723-03f4ac24f20b'}}
[WARN]: 作者 179085713 抓取失败，已跳过。原因：接口返回错误代码：-352，信息：风控校验失败。 {'code': -352, 'message': '风控校验失败', 'ttl': 1, 'data': {'v_voucher': 'voucher_a942a0f7-2e27-4d53-923b-4afd16de2569'}}
[WARN]: 作者 204362112 抓取失败，已跳过。原因：接口返回错误代码：-352，信息：风控校验失败。 {'code': -352, 'message': '风控校验失败', 'ttl': 1, 'data': {'v_voucher': 'voucher_01213ee8-9820-4630-84cc-d0da3c682666'}}
[WARN]: 作者 370405299 抓取失败，已跳过。原因：接口返回错误代码：-352，信息：风控校验失败。 {'code': -352, 'message': '风控校验失败', 'ttl': 1, 'data': {'v_voucher': 'voucher_6cdf3656-7e30-46a7-9eb1-51212cad34b3'}}
[WARN]: 作者 431773822 抓取失败，已跳过。原因：接口返回错误代码：-352，信息：风控校验失败。 {'code': -352, 'message': '风控校验失败', 'ttl': 1, 'data': {'v_voucher': 'voucher_487bef12-6172-4389-82e1-865bcf936be3'}}
[WARN]: 作者 489460567 抓取失败，已跳过。原因：接口返回错误代码：-352，信息：风控校验失败。 {'code': -352, 'message': '风控校验失败', 'ttl': 1, 'data': {'v_voucher': 'voucher_ec0f2fd1-e061-4ac3-ad27-5d3c49ee6883'}}
[WARN]: 作者 511769504 抓取失败，已跳过。原因：接口返回错误代码：-352，信息：风控校验失败。 {'code': -352, 'message': '风控校验失败', 'ttl': 1, 'data': {'v_voucher': 'voucher_b905bf31-3a25-4095-bd45-ceee272d20f8'}}
[WARN]: 作者 699937878 抓取失败，已跳过。原因：接口返回错误代码：-352，信息：风控校验失败。 {'code': -352, 'message': '风控校验失败', 'ttl': 1, 'data': {'v_voucher': 'voucher_4d555758-f7ef-439d-9dac-b301ff1df580'}}
[WARN]: 作者 701992306 抓取失败，已跳过。原因：接口返回错误代码：-352，信息：风控校验失败。 {'code': -352, 'message': '风控校验失败', 'ttl': 1, 'data': {'v_voucher': 'voucher_8d6bf1af-8d92-4d16-8f7a-b81322703488'}}
[WARN]: 作者 1970662496 抓取失败，已跳过。原因：接口返回错误代码：-352，信息：风控校验失败。 {'code': -352, 'message': '风控校验失败', 'ttl': 1, 'data': {'v_voucher': 'voucher_4f203172-1455-4ab0-8367-106fc5804cf7'}}
[WARN]: 作者 3493108738165332 抓取失败，已跳过。原因：接口返回错误代码：-352，信息：风控校验失败。 {'code': -352, 'message': '风控校验失败', 'ttl': 1, 'data': {'v_voucher': 'voucher_a2d62105-c364-493a-933b-0b99c33decdc'}}
[WARN]: 作者 3493257409464519 抓取失败，已跳过。原因：接口返回错误代码：-352，信息：风控校验失败。 {'code': -352, 'message': '风控校验失败', 'ttl': 1, 'data': {'v_voucher': 'voucher_84e202e2-3186-4205-af28-21fd433acbf4'}}
[WARN]: 作者 3546569271937168 抓取失败，已跳过。原因：接口返回错误代码：-352，信息：风控校验失败。 {'code': -352, 'message': '风控校验失败', 'ttl': 1, 'data': {'v_voucher': 'voucher_d6161e4f-fca1-4e0e-8472-7eecddf0a66c'}}
[WARN]: 作者 3546875619707489 抓取失败，已跳过。原因：接口返回错误代码：-352，信息：风控校验失败。 {'code': -352, 'message': '风控校验失败', 'ttl': 1, 'data': {'v_voucher': 'voucher_1b764697-5b6d-41b0-a138-8245896b405f'}}
[INFO]: 第 54/149 批完成，新增 43 条视频，累计 6585 条。
[WARN]: 本批有 14 个作者抓取失败。
[INFO]: 批次间暂停 8 秒，降低请求频率。
[INFO]: 开始处理第 55/149 批作者，共 20 个。
[WARN]: 作者 2369509 抓取失败，已跳过。原因：接口返回错误代码：-352，信息：风控校验失败。 {'code': -352, 'message': '风控校验失败', 'ttl': 1, 'data': {'v_voucher': 'voucher_38fc54a5-102d-4344-abc3-d4e27ba35be6'}}
[WARN]: 作者 10440146 抓取失败，已跳过。原因：接口返回错误代码：-352，信息：风控校验失败。 {'code': -352, 'message': '风控校验失败', 'ttl': 1, 'data': {'v_voucher': 'voucher_bf38e2e4-758b-4f71-b430-6155428930d8'}}
[WARN]: 作者 18542140 抓取失败，已跳过。原因：接口返回错误代码：-352，信息：风控校验失败。 {'code': -352, 'message': '风控校验失败', 'ttl': 1, 'data': {'v_voucher': 'voucher_623a5c42-8c28-46af-a127-ff613cbf0f03'}}
[WARN]: 作者 48474560 抓取失败，已跳过。原因：接口返回错误代码：-352，信息：风控校验失败。 {'code': -352, 'message': '风控校验失败', 'ttl': 1, 'data': {'v_voucher': 'voucher_33afec48-2e60-46b1-be82-994a6c432013'}}
[WARN]: 作者 133321176 抓取失败，已跳过。原因：接口返回错误代码：-352，信息：风控校验失败。 {'code': -352, 'message': '风控校验失败', 'ttl': 1, 'data': {'v_voucher': 'voucher_9099bc09-37de-461c-9989-5f79e7a9ee14'}}
[WARN]: 作者 207695053 抓取失败，已跳过。原因：接口返回错误代码：-352，信息：风控校验失败。 {'code': -352, 'message': '风控校验失败', 'ttl': 1, 'data': {'v_voucher': 'voucher_bd3d91af-b95f-4352-bf22-e0e66b8b87c6'}}
[WARN]: 作者 351561048 抓取失败，已跳过。原因：接口返回错误代码：-352，信息：风控校验失败。 {'code': -352, 'message': '风控校验失败', 'ttl': 1, 'data': {'v_voucher': 'voucher_342fe85f-9ffe-47f3-aab3-2a8ac544f44e'}}
[WARN]: 作者 355287933 抓取失败，已跳过。原因：接口返回错误代码：-352，信息：风控校验失败。 {'code': -352, 'message': '风控校验失败', 'ttl': 1, 'data': {'v_voucher': 'voucher_7b3acee0-1c91-4a1c-a4cf-24c8ab2c3475'}}
[WARN]: 作者 381374122 抓取失败，已跳过。原因：接口返回错误代码：-352，信息：风控校验失败。 {'code': -352, 'message': '风控校验失败', 'ttl': 1, 'data': {'v_voucher': 'voucher_ad7567b1-10f2-4ada-a272-12991fb85a4a'}}
[WARN]: 作者 478148940 抓取失败，已跳过。原因：接口返回错误代码：-352，信息：风控校验失败。 {'code': -352, 'message': '风控校验失败', 'ttl': 1, 'data': {'v_voucher': 'voucher_889571a8-0a43-42a9-99cd-5ec517b3483f'}}
[WARN]: 作者 479775407 抓取失败，已跳过。原因：接口返回错误代码：-352，信息：风控校验失败。 {'code': -352, 'message': '风控校验失败', 'ttl': 1, 'data': {'v_voucher': 'voucher_6ae91a9c-95fb-49ab-89f7-17fd8d6dc817'}}
[WARN]: 作者 602868330 抓取失败，已跳过。原因：接口返回错误代码：-352，信息：风控校验失败。 {'code': -352, 'message': '风控校验失败', 'ttl': 1, 'data': {'v_voucher': 'voucher_bf22c66c-8060-4f91-8da0-d8e96f39a1dd'}}
[WARN]: 作者 1073024449 抓取失败，已跳过。原因：接口返回错误代码：-352，信息：风控校验失败。 {'code': -352, 'message': '风控校验失败', 'ttl': 1, 'data': {'v_voucher': 'voucher_db330883-e3e6-49cb-96e7-ec47ddb3f2b2'}}
[WARN]: 作者 1106030635 抓取失败，已跳过。原因：接口返回错误代码：-352，信息：风控校验失败。 {'code': -352, 'message': '风控校验失败', 'ttl': 1, 'data': {'v_voucher': 'voucher_993cef0d-cc15-48b5-bc8d-cd365f08ca81'}}
[WARN]: 作者 1453303159 抓取失败，已跳过。原因：接口返回错误代码：-352，信息：风控校验失败。 {'code': -352, 'message': '风控校验失败', 'ttl': 1, 'data': {'v_voucher': 'voucher_5f1af642-96b8-4464-951f-7690756d6014'}}
[WARN]: 作者 3537109900069069 抓取失败，已跳过。原因：接口返回错误代码：-352，信息：风控校验失败。 {'code': -352, 'message': '风控校验失败', 'ttl': 1, 'data': {'v_voucher': 'voucher_67947397-16a9-41c7-92d7-bd7cd7f35d7e'}}
[WARN]: 作者 3546560881232012 抓取失败，已跳过。原因：接口返回错误代码：-352，信息：风控校验失败。 {'code': -352, 'message': '风控校验失败', 'ttl': 1, 'data': {'v_voucher': 'voucher_0210a1a4-98fd-4063-aa6e-cb8e8b05a4cf'}}
[WARN]: 作者 3546958694189869 抓取失败，已跳过。原因：接口返回错误代码：-352，信息：风控校验失败。 {'code': -352, 'message': '风控校验失败', 'ttl': 1, 'data': {'v_voucher': 'voucher_47c27839-bef4-49d7-8e30-35cfb13508c6'}}
[WARN]: 作者 3632312520542702 抓取失败，已跳过。原因：接口返回错误代码：-352，信息：风控校验失败。 {'code': -352, 'message': '风控校验失败', 'ttl': 1, 'data': {'v_voucher': 'voucher_025f4925-9b68-444a-9b91-952619cbff54'}}
[INFO]: 第 55/149 批完成，新增 1 条视频，累计 6586 条。
[WARN]: 本批有 19 个作者抓取失败。
[INFO]: 批次间暂停 8 秒，降低请求频率。
[INFO]: 开始处理第 56/149 批作者，共 20 个。
[WARN]: 作者 36882676 抓取失败，已跳过。原因：接口返回错误代码：-352，信息：风控校验失败。 {'code': -352, 'message': '风控校验失败', 'ttl': 1, 'data': {'v_voucher': 'voucher_66e4b719-6a28-4363-804a-dc0fffd91929'}}
[WARN]: 作者 50660116 抓取失败，已跳过。原因：接口返回错误代码：-352，信息：风控校验失败。 {'code': -352, 'message': '风控校验失败', 'ttl': 1, 'data': {'v_voucher': 'voucher_6dff5edb-8bc7-4cae-b2d3-6b69da0c6375'}}
[WARN]: 作者 87442513 抓取失败，已跳过。原因：接口返回错误代码：-352，信息：风控校验失败。 {'code': -352, 'message': '风控校验失败', 'ttl': 1, 'data': {'v_voucher': 'voucher_9c29a717-701b-44a0-9bd7-08067cdd55b3'}}
[WARN]: 作者 97039736 抓取失败，已跳过。原因：接口返回错误代码：-352，信息：风控校验失败。 {'code': -352, 'message': '风控校验失败', 'ttl': 1, 'data': {'v_voucher': 'voucher_3817ce85-230d-4112-a349-9c4d2e0de6f2'}}
[WARN]: 作者 174113469 抓取失败，已跳过。原因：接口返回错误代码：-352，信息：风控校验失败。 {'code': -352, 'message': '风控校验失败', 'ttl': 1, 'data': {'v_voucher': 'voucher_058aefef-1759-4a23-bfc1-ce49e27e30e1'}}
[WARN]: 作者 272654283 抓取失败，已跳过。原因：接口返回错误代码：-352，信息：风控校验失败。 {'code': -352, 'message': '风控校验失败', 'ttl': 1, 'data': {'v_voucher': 'voucher_4960294f-a322-4725-ae2a-6f57d5a32c74'}}
[WARN]: 作者 294675407 抓取失败，已跳过。原因：接口返回错误代码：-352，信息：风控校验失败。 {'code': -352, 'message': '风控校验失败', 'ttl': 1, 'data': {'v_voucher': 'voucher_b9444322-1a05-460b-93c9-56ac58691cb3'}}
[WARN]: 作者 303316598 抓取失败，已跳过。原因：接口返回错误代码：-352，信息：风控校验失败。 {'code': -352, 'message': '风控校验失败', 'ttl': 1, 'data': {'v_voucher': 'voucher_4be58c8a-22ee-4ee8-bdb1-efecafdb9e1b'}}
[WARN]: 作者 437503407 抓取失败，已跳过。原因：接口返回错误代码：-352，信息：风控校验失败。 {'code': -352, 'message': '风控校验失败', 'ttl': 1, 'data': {'v_voucher': 'voucher_3e48267e-5cbe-4025-bd3e-ed11f0576182'}}
[WARN]: 作者 479366182 抓取失败，已跳过。原因：接口返回错误代码：-352，信息：风控校验失败。 {'code': -352, 'message': '风控校验失败', 'ttl': 1, 'data': {'v_voucher': 'voucher_253ccb1e-75f7-4986-948c-d3586ba67d7f'}}
[WARN]: 作者 506090703 抓取失败，已跳过。原因：接口返回错误代码：-352，信息：风控校验失败。 {'code': -352, 'message': '风控校验失败', 'ttl': 1, 'data': {'v_voucher': 'voucher_5025f808-1e98-45c0-b717-a00fc0815401'}}
[WARN]: 作者 673970810 抓取失败，已跳过。原因：接口返回错误代码：-352，信息：风控校验失败。 {'code': -352, 'message': '风控校验失败', 'ttl': 1, 'data': {'v_voucher': 'voucher_19969d75-da18-4434-8bad-47efcd98bf02'}}
[WARN]: 作者 1055227789 抓取失败，已跳过。原因：接口返回错误代码：-352，信息：风控校验失败。 {'code': -352, 'message': '风控校验失败', 'ttl': 1, 'data': {'v_voucher': 'voucher_07a6e774-d411-4254-ad59-a93ff77464a5'}}
[WARN]: 作者 1329274919 抓取失败，已跳过。原因：接口返回错误代码：-352，信息：风控校验失败。 {'code': -352, 'message': '风控校验失败', 'ttl': 1, 'data': {'v_voucher': 'voucher_3aa45011-7f87-488d-b69f-0352b3f7d206'}}
[WARN]: 作者 1615641697 抓取失败，已跳过。原因：接口返回错误代码：-352，信息：风控校验失败。 {'code': -352, 'message': '风控校验失败', 'ttl': 1, 'data': {'v_voucher': 'voucher_ccb22cea-746a-4674-a213-622913307717'}}
[WARN]: 作者 3493120727583319 抓取失败，已跳过。原因：接口返回错误代码：-352，信息：风控校验失败。 {'code': -352, 'message': '风控校验失败', 'ttl': 1, 'data': {'v_voucher': 'voucher_9dda3136-48c7-4138-ace2-58d3665d17a9'}}
[WARN]: 作者 3690990126762809 抓取失败，已跳过。原因：接口返回错误代码：-352，信息：风控校验失败。 {'code': -352, 'message': '风控校验失败', 'ttl': 1, 'data': {'v_voucher': 'voucher_ae6f796e-b27c-447d-bf3b-b6b418845083'}}
[WARN]: 作者 3706924193286726 抓取失败，已跳过。原因：接口返回错误代码：-352，信息：风控校验失败。 {'code': -352, 'message': '风控校验失败', 'ttl': 1, 'data': {'v_voucher': 'voucher_d2f31297-4b4c-4c34-b365-4c29497a2c4a'}}
[INFO]: 第 56/149 批完成，新增 10 条视频，累计 6596 条。
[WARN]: 本批有 18 个作者抓取失败。
[INFO]: 批次间暂停 8 秒，降低请求频率。
[INFO]: 开始处理第 57/149 批作者，共 20 个。
[WARN]: 作者 27033880 抓取失败，已跳过。原因：接口返回错误代码：-352，信息：风控校验失败。 {'code': -352, 'message': '风控校验失败', 'ttl': 1, 'data': {'v_voucher': 'voucher_a415bf7d-bc80-466a-83cc-83d6e56c6ae1'}}
[WARN]: 作者 41692445 抓取失败，已跳过。原因：接口返回错误代码：-352，信息：风控校验失败。 {'code': -352, 'message': '风控校验失败', 'ttl': 1, 'data': {'v_voucher': 'voucher_88e68014-1c9b-4022-9fdd-60125a871a81'}}
[WARN]: 作者 42019920 抓取失败，已跳过。原因：接口返回错误代码：-352，信息：风控校验失败。 {'code': -352, 'message': '风控校验失败', 'ttl': 1, 'data': {'v_voucher': 'voucher_0a6aea2f-0ef3-4364-97cc-7e5197fe361c'}}
[WARN]: 作者 50509360 抓取失败，已跳过。原因：接口返回错误代码：-352，信息：风控校验失败。 {'code': -352, 'message': '风控校验失败', 'ttl': 1, 'data': {'v_voucher': 'voucher_7f9022f3-9837-451f-9ee7-30132e6f27c7'}}
[WARN]: 作者 89135642 抓取失败，已跳过。原因：接口返回错误代码：-352，信息：风控校验失败。 {'code': -352, 'message': '风控校验失败', 'ttl': 1, 'data': {'v_voucher': 'voucher_52744231-8b41-4c4c-a3bd-0ab41d022872'}}
[WARN]: 作者 226231535 抓取失败，已跳过。原因：接口返回错误代码：-352，信息：风控校验失败。 {'code': -352, 'message': '风控校验失败', 'ttl': 1, 'data': {'v_voucher': 'voucher_5a029b3e-d443-4c59-93b7-73f7f46bd663'}}
[WARN]: 作者 284700508 抓取失败，已跳过。原因：接口返回错误代码：-352，信息：风控校验失败。 {'code': -352, 'message': '风控校验失败', 'ttl': 1, 'data': {'v_voucher': 'voucher_20106759-267f-40fb-8261-e8e4d98cac29'}}
[WARN]: 作者 392819566 抓取失败，已跳过。原因：接口返回错误代码：-352，信息：风控校验失败。 {'code': -352, 'message': '风控校验失败', 'ttl': 1, 'data': {'v_voucher': 'voucher_a69cdc8f-ba8d-4ce1-9e08-af165168ccaa'}}
[WARN]: 作者 399812292 抓取失败，已跳过。原因：接口返回错误代码：-352，信息：风控校验失败。 {'code': -352, 'message': '风控校验失败', 'ttl': 1, 'data': {'v_voucher': 'voucher_d65f704b-9031-43f5-8943-cc08fc733688'}}
[WARN]: 作者 421619440 抓取失败，已跳过。原因：接口返回错误代码：-352，信息：风控校验失败。 {'code': -352, 'message': '风控校验失败', 'ttl': 1, 'data': {'v_voucher': 'voucher_6220e258-1b24-41cd-b658-9dcea921a1de'}}
[WARN]: 作者 479834092 抓取失败，已跳过。原因：接口返回错误代码：-352，信息：风控校验失败。 {'code': -352, 'message': '风控校验失败', 'ttl': 1, 'data': {'v_voucher': 'voucher_4ad1c5fb-a0f3-448a-8254-dd8a548604eb'}}
[WARN]: 作者 490270320 抓取失败，已跳过。原因：接口返回错误代码：-352，信息：风控校验失败。 {'code': -352, 'message': '风控校验失败', 'ttl': 1, 'data': {'v_voucher': 'voucher_6a095d1f-9daa-43ae-82f9-6adc31d76db7'}}
[WARN]: 作者 1035604808 抓取失败，已跳过。原因：接口返回错误代码：-352，信息：风控校验失败。 {'code': -352, 'message': '风控校验失败', 'ttl': 1, 'data': {'v_voucher': 'voucher_df0e7c78-5c81-43b4-bc8a-bb2a0e65524e'}}
[WARN]: 作者 1183825646 抓取失败，已跳过。原因：接口返回错误代码：-352，信息：风控校验失败。 {'code': -352, 'message': '风控校验失败', 'ttl': 1, 'data': {'v_voucher': 'voucher_a360920b-60bd-4f15-b2fc-681c8c4679c1'}}
[WARN]: 作者 3461572825450973 抓取失败，已跳过。原因：接口返回错误代码：-352，信息：风控校验失败。 {'code': -352, 'message': '风控校验失败', 'ttl': 1, 'data': {'v_voucher': 'voucher_6c6be702-495f-4ab1-9717-c003c42b3bd7'}}
[WARN]: 作者 3546624640944327 抓取失败，已跳过。原因：接口返回错误代码：-352，信息：风控校验失败。 {'code': -352, 'message': '风控校验失败', 'ttl': 1, 'data': {'v_voucher': 'voucher_83184ed0-4486-4ff9-af0e-b2c5b2ce06ed'}}
[WARN]: 作者 3546943489837600 抓取失败，已跳过。原因：接口返回错误代码：-352，信息：风控校验失败。 {'code': -352, 'message': '风控校验失败', 'ttl': 1, 'data': {'v_voucher': 'voucher_9b00be25-e6a5-4080-b711-3628ad0fd179'}}
[WARN]: 作者 3632305144859385 抓取失败，已跳过。原因：接口返回错误代码：-352，信息：风控校验失败。 {'code': -352, 'message': '风控校验失败', 'ttl': 1, 'data': {'v_voucher': 'voucher_38d47969-f4d5-4e45-8e73-c67bd5649eb5'}}
[INFO]: 第 57/149 批完成，新增 30 条视频，累计 6626 条。
[WARN]: 本批有 18 个作者抓取失败。
[INFO]: 批次间暂停 8 秒，降低请求频率。
[INFO]: 开始处理第 58/149 批作者，共 20 个。
[WARN]: 作者 11257955 抓取失败，已跳过。原因：接口返回错误代码：-352，信息：风控校验失败。 {'code': -352, 'message': '风控校验失败', 'ttl': 1, 'data': {'v_voucher': 'voucher_a0de31c3-dbe1-4d4c-ae61-dc5b10df79e0'}}
[WARN]: 作者 12416032 抓取失败，已跳过。原因：接口返回错误代码：-352，信息：风控校验失败。 {'code': -352, 'message': '风控校验失败', 'ttl': 1, 'data': {'v_voucher': 'voucher_a8c5a9c4-139f-4c04-8287-e9a72f729f9f'}}
[WARN]: 作者 25007084 抓取失败，已跳过。原因：接口返回错误代码：-352，信息：风控校验失败。 {'code': -352, 'message': '风控校验失败', 'ttl': 1, 'data': {'v_voucher': 'voucher_d62fab94-ccc0-41cc-bd49-e55143824d51'}}
[WARN]: 作者 307801268 抓取失败，已跳过。原因：接口返回错误代码：-352，信息：风控校验失败。 {'code': -352, 'message': '风控校验失败', 'ttl': 1, 'data': {'v_voucher': 'voucher_3c2c8c8a-7e17-4dae-9823-44bc4ec58534'}}
[WARN]: 作者 485822747 抓取失败，已跳过。原因：接口返回错误代码：-352，信息：风控校验失败。 {'code': -352, 'message': '风控校验失败', 'ttl': 1, 'data': {'v_voucher': 'voucher_81985c96-d786-4799-a0af-9d6221e861ad'}}
[WARN]: 作者 642435048 抓取失败，已跳过。原因：接口返回错误代码：-352，信息：风控校验失败。 {'code': -352, 'message': '风控校验失败', 'ttl': 1, 'data': {'v_voucher': 'voucher_779859bf-238b-421e-a7d4-9f90496c1053'}}
[WARN]: 作者 1186587852 抓取失败，已跳过。原因：接口返回错误代码：-352，信息：风控校验失败。 {'code': -352, 'message': '风控校验失败', 'ttl': 1, 'data': {'v_voucher': 'voucher_6d3f39d7-73ff-4b91-acc6-fa24105afbe1'}}
[WARN]: 作者 2090253004 抓取失败，已跳过。原因：接口返回错误代码：-352，信息：风控校验失败。 {'code': -352, 'message': '风控校验失败', 'ttl': 1, 'data': {'v_voucher': 'voucher_fd4cf5af-b958-4bbb-920f-d9063258b9ee'}}
[WARN]: 作者 3461573012097093 抓取失败，已跳过。原因：接口返回错误代码：-352，信息：风控校验失败。 {'code': -352, 'message': '风控校验失败', 'ttl': 1, 'data': {'v_voucher': 'voucher_3bbd78f7-7b77-42c7-b5e3-5b905a3ae2e8'}}
[WARN]: 作者 3493110669641822 抓取失败，已跳过。原因：接口返回错误代码：-352，信息：风控校验失败。 {'code': -352, 'message': '风控校验失败', 'ttl': 1, 'data': {'v_voucher': 'voucher_0f92136c-6d73-4485-a96b-2993ee962ece'}}
[WARN]: 作者 3494365867542553 抓取失败，已跳过。原因：接口返回错误代码：-352，信息：风控校验失败。 {'code': -352, 'message': '风控校验失败', 'ttl': 1, 'data': {'v_voucher': 'voucher_5512364f-2437-400b-ace4-a1567a52c09d'}}
[WARN]: 作者 3546381738314070 抓取失败，已跳过。原因：接口返回错误代码：-352，信息：风控校验失败。 {'code': -352, 'message': '风控校验失败', 'ttl': 1, 'data': {'v_voucher': 'voucher_583b5db6-7ce7-4bba-b44d-c40dc6bbc15f'}}
[WARN]: 作者 3546660684695578 抓取失败，已跳过。原因：接口返回错误代码：-352，信息：风控校验失败。 {'code': -352, 'message': '风控校验失败', 'ttl': 1, 'data': {'v_voucher': 'voucher_2d0b66eb-014d-4728-a210-d8bbd4adb6aa'}}
[WARN]: 作者 3546724725426835 抓取失败，已跳过。原因：接口返回错误代码：-352，信息：风控校验失败。 {'code': -352, 'message': '风控校验失败', 'ttl': 1, 'data': {'v_voucher': 'voucher_b70006d9-e8bd-4ad1-80f2-7b88436ca595'}}
[WARN]: 作者 3546753011813006 抓取失败，已跳过。原因：接口返回错误代码：-352，信息：风控校验失败。 {'code': -352, 'message': '风控校验失败', 'ttl': 1, 'data': {'v_voucher': 'voucher_6c13365c-1f4f-4fb4-8d1d-9cf43612ed93'}}
[WARN]: 作者 3546936200137433 抓取失败，已跳过。原因：接口返回错误代码：-352，信息：风控校验失败。 {'code': -352, 'message': '风控校验失败', 'ttl': 1, 'data': {'v_voucher': 'voucher_23221512-edc9-4f8c-990b-6109ecd33f4b'}}
[WARN]: 作者 3546961797974265 抓取失败，已跳过。原因：接口返回错误代码：-352，信息：风控校验失败。 {'code': -352, 'message': '风控校验失败', 'ttl': 1, 'data': {'v_voucher': 'voucher_dcaa7df5-7466-41f9-8e59-85913b389689'}}
[WARN]: 作者 3706924753225878 抓取失败，已跳过。原因：接口返回错误代码：-352，信息：风控校验失败。 {'code': -352, 'message': '风控校验失败', 'ttl': 1, 'data': {'v_voucher': 'voucher_92eb1e2d-f1a9-4a18-bc9b-1d173aa602e6'}}
[INFO]: 第 58/149 批完成，新增 14 条视频，累计 6640 条。
[WARN]: 本批有 18 个作者抓取失败。
[INFO]: 批次间暂停 8 秒，降低请求频率。
[INFO]: 开始处理第 59/149 批作者，共 20 个。
[WARN]: 作者 14651017 抓取失败，已跳过。原因：接口返回错误代码：-352，信息：风控校验失败。 {'code': -352, 'message': '风控校验失败', 'ttl': 1, 'data': {'v_voucher': 'voucher_0bb706b3-0fc8-4580-acc9-6fa2be9a77af'}}
[WARN]: 作者 59427156 抓取失败，已跳过。原因：接口返回错误代码：-352，信息：风控校验失败。 {'code': -352, 'message': '风控校验失败', 'ttl': 1, 'data': {'v_voucher': 'voucher_e3d1480a-bda0-4618-a93a-42f576447ecf'}}
[WARN]: 作者 67063436 抓取失败，已跳过。原因：接口返回错误代码：-352，信息：风控校验失败。 {'code': -352, 'message': '风控校验失败', 'ttl': 1, 'data': {'v_voucher': 'voucher_db9e6ce2-6a31-4647-abe2-6ac9b85c6173'}}
[WARN]: 作者 245684615 抓取失败，已跳过。原因：接口返回错误代码：-352，信息：风控校验失败。 {'code': -352, 'message': '风控校验失败', 'ttl': 1, 'data': {'v_voucher': 'voucher_75d0c433-1207-42e1-a1be-ebaf9b4f9f51'}}
[WARN]: 作者 336468518 抓取失败，已跳过。原因：接口返回错误代码：-352，信息：风控校验失败。 {'code': -352, 'message': '风控校验失败', 'ttl': 1, 'data': {'v_voucher': 'voucher_d4cd0e83-aafc-4405-a8f0-1cb91a3763fe'}}
[WARN]: 作者 476302833 抓取失败，已跳过。原因：接口返回错误代码：-352，信息：风控校验失败。 {'code': -352, 'message': '风控校验失败', 'ttl': 1, 'data': {'v_voucher': 'voucher_03da8a60-18f8-4337-b919-67194366837b'}}
[WARN]: 作者 499134642 抓取失败，已跳过。原因：接口返回错误代码：-352，信息：风控校验失败。 {'code': -352, 'message': '风控校验失败', 'ttl': 1, 'data': {'v_voucher': 'voucher_b5627abb-34b1-43c3-8e8c-5c57399ee494'}}
[WARN]: 作者 647560557 抓取失败，已跳过。原因：接口返回错误代码：-352，信息：风控校验失败。 {'code': -352, 'message': '风控校验失败', 'ttl': 1, 'data': {'v_voucher': 'voucher_1d8c911d-bd26-450d-ab99-c5859b0e3041'}}
[WARN]: 作者 692413825 抓取失败，已跳过。原因：接口返回错误代码：-352，信息：风控校验失败。 {'code': -352, 'message': '风控校验失败', 'ttl': 1, 'data': {'v_voucher': 'voucher_d921ccd7-21a2-459f-80a8-e89754059747'}}
[WARN]: 作者 1058684803 抓取失败，已跳过。原因：接口返回错误代码：-352，信息：风控校验失败。 {'code': -352, 'message': '风控校验失败', 'ttl': 1, 'data': {'v_voucher': 'voucher_2bec2745-6711-4c6b-88ba-020da50b17ed'}}
[WARN]: 作者 2050731795 抓取失败，已跳过。原因：接口返回错误代码：-352，信息：风控校验失败。 {'code': -352, 'message': '风控校验失败', 'ttl': 1, 'data': {'v_voucher': 'voucher_f339b29d-a904-4ccb-aafa-05fff50b8ab2'}}
[WARN]: 作者 2088400794 抓取失败，已跳过。原因：接口返回错误代码：-352，信息：风控校验失败。 {'code': -352, 'message': '风控校验失败', 'ttl': 1, 'data': {'v_voucher': 'voucher_6f8e8445-617f-406b-a3a1-52af75ed7d2e'}}
[WARN]: 作者 3537123745466818 抓取失败，已跳过。原因：接口返回错误代码：-352，信息：风控校验失败。 {'code': -352, 'message': '风控校验失败', 'ttl': 1, 'data': {'v_voucher': 'voucher_5aa291c4-669c-42cc-9c45-f4bf1ba13299'}}
[WARN]: 作者 3546564603676838 抓取失败，已跳过。原因：接口返回错误代码：-352，信息：风控校验失败。 {'code': -352, 'message': '风控校验失败', 'ttl': 1, 'data': {'v_voucher': 'voucher_c861c251-f7d8-4a6b-9b69-7dd888dde55c'}}
[WARN]: 作者 3546596883040721 抓取失败，已跳过。原因：接口返回错误代码：-352，信息：风控校验失败。 {'code': -352, 'message': '风控校验失败', 'ttl': 1, 'data': {'v_voucher': 'voucher_960a8ead-1048-415b-8c4d-b17317d4f310'}}
[WARN]: 作者 3546682631391739 抓取失败，已跳过。原因：接口返回错误代码：-352，信息：风控校验失败。 {'code': -352, 'message': '风控校验失败', 'ttl': 1, 'data': {'v_voucher': 'voucher_a44a4654-e803-49a7-8d33-547d17a72a00'}}
[WARN]: 作者 3690971940260053 抓取失败，已跳过。原因：接口返回错误代码：-352，信息：风控校验失败。 {'code': -352, 'message': '风控校验失败', 'ttl': 1, 'data': {'v_voucher': 'voucher_4de02a7f-bfe8-431e-a38e-bd397b58ca34'}}
[INFO]: 第 59/149 批完成，新增 31 条视频，累计 6671 条。
[WARN]: 本批有 17 个作者抓取失败。
[INFO]: 批次间暂停 8 秒，降低请求频率。
[INFO]: 开始处理第 60/149 批作者，共 20 个。
[WARN]: 作者 8127599 抓取失败，已跳过。原因：接口返回错误代码：-352，信息：风控校验失败。 {'code': -352, 'message': '风控校验失败', 'ttl': 1, 'data': {'v_voucher': 'voucher_43f82e35-0d4f-45ee-b2a0-64cb4a303feb'}}
[WARN]: 作者 9951369 抓取失败，已跳过。原因：接口返回错误代码：-352，信息：风控校验失败。 {'code': -352, 'message': '风控校验失败', 'ttl': 1, 'data': {'v_voucher': 'voucher_baaeaf3a-0232-470e-aeb9-916eaed01e71'}}
[WARN]: 作者 25911961 抓取失败，已跳过。原因：接口返回错误代码：-352，信息：风控校验失败。 {'code': -352, 'message': '风控校验失败', 'ttl': 1, 'data': {'v_voucher': 'voucher_29b65252-94ce-47d7-ba8b-bcbb69af4f99'}}
[WARN]: 作者 238171819 抓取失败，已跳过。原因：接口返回错误代码：-352，信息：风控校验失败。 {'code': -352, 'message': '风控校验失败', 'ttl': 1, 'data': {'v_voucher': 'voucher_b4badb96-b692-4f3f-8941-d6085ec5b1f6'}}
[WARN]: 作者 281605299 抓取失败，已跳过。原因：接口返回错误代码：-352，信息：风控校验失败。 {'code': -352, 'message': '风控校验失败', 'ttl': 1, 'data': {'v_voucher': 'voucher_643a9925-651f-4f47-9949-eb0946655a19'}}
[WARN]: 作者 347441270 抓取失败，已跳过。原因：接口返回错误代码：-352，信息：风控校验失败。 {'code': -352, 'message': '风控校验失败', 'ttl': 1, 'data': {'v_voucher': 'voucher_04a6170b-3c88-4dbe-9d4c-81fd616d71ac'}}
[WARN]: 作者 363888343 抓取失败，已跳过。原因：接口返回错误代码：-352，信息：风控校验失败。 {'code': -352, 'message': '风控校验失败', 'ttl': 1, 'data': {'v_voucher': 'voucher_49780d63-a3e5-4afd-9682-e06f235dec1f'}}
[WARN]: 作者 433887163 抓取失败，已跳过。原因：接口返回错误代码：-352，信息：风控校验失败。 {'code': -352, 'message': '风控校验失败', 'ttl': 1, 'data': {'v_voucher': 'voucher_19b960ea-8f66-4d36-96cc-eaba948cbb0f'}}
[WARN]: 作者 618520677 抓取失败，已跳过。原因：接口返回错误代码：-352，信息：风控校验失败。 {'code': -352, 'message': '风控校验失败', 'ttl': 1, 'data': {'v_voucher': 'voucher_ed2c567d-1385-400f-b5bc-3d6477828a94'}}
[WARN]: 作者 1123381680 抓取失败，已跳过。原因：接口返回错误代码：-352，信息：风控校验失败。 {'code': -352, 'message': '风控校验失败', 'ttl': 1, 'data': {'v_voucher': 'voucher_60f3786f-c479-49c8-9c36-663411524934'}}
[WARN]: 作者 1530477297 抓取失败，已跳过。原因：接口返回错误代码：-352，信息：风控校验失败。 {'code': -352, 'message': '风控校验失败', 'ttl': 1, 'data': {'v_voucher': 'voucher_2d964bd9-747a-4136-902a-a9ebdbe7b093'}}
[WARN]: 作者 1581713332 抓取失败，已跳过。原因：接口返回错误代码：-352，信息：风控校验失败。 {'code': -352, 'message': '风控校验失败', 'ttl': 1, 'data': {'v_voucher': 'voucher_b4b87456-785e-42de-bca2-3f242518918a'}}
[WARN]: 作者 1601433297 抓取失败，已跳过。原因：接口返回错误代码：-352，信息：风控校验失败。 {'code': -352, 'message': '风控校验失败', 'ttl': 1, 'data': {'v_voucher': 'voucher_0bf8903c-0ae2-48c5-b122-3436b91a380f'}}
[WARN]: 作者 1749048990 抓取失败，已跳过。原因：接口返回错误代码：-352，信息：风控校验失败。 {'code': -352, 'message': '风控校验失败', 'ttl': 1, 'data': {'v_voucher': 'voucher_900953af-ae70-4de9-aef2-f4dd7bca19e3'}}
[WARN]: 作者 2125580882 抓取失败，已跳过。原因：接口返回错误代码：-352，信息：风控校验失败。 {'code': -352, 'message': '风控校验失败', 'ttl': 1, 'data': {'v_voucher': 'voucher_ddd6adc6-cf4f-4309-a681-36c33e040a50'}}
[INFO]: 第 60/149 批完成，新增 12 条视频，累计 6683 条。
[WARN]: 本批有 15 个作者抓取失败。
[INFO]: 批次间暂停 8 秒，降低请求频率。
[INFO]: 开始处理第 61/149 批作者，共 20 个。
[WARN]: 作者 43004754 抓取失败，已跳过。原因：接口返回错误代码：-352，信息：风控校验失败。 {'code': -352, 'message': '风控校验失败', 'ttl': 1, 'data': {'v_voucher': 'voucher_a209cd49-865a-4f8e-ab76-491d17af9e5e'}}
[WARN]: 作者 43953861 抓取失败，已跳过。原因：接口返回错误代码：-352，信息：风控校验失败。 {'code': -352, 'message': '风控校验失败', 'ttl': 1, 'data': {'v_voucher': 'voucher_5b6ba2ce-91f3-4d91-be58-47e4410d5d41'}}
[WARN]: 作者 240201234 抓取失败，已跳过。原因：接口返回错误代码：-352，信息：风控校验失败。 {'code': -352, 'message': '风控校验失败', 'ttl': 1, 'data': {'v_voucher': 'voucher_a2832906-8765-482a-ada6-10d936946772'}}
[WARN]: 作者 300468096 抓取失败，已跳过。原因：接口返回错误代码：-352，信息：风控校验失败。 {'code': -352, 'message': '风控校验失败', 'ttl': 1, 'data': {'v_voucher': 'voucher_b9746c47-9c9b-4e54-8118-b2d31ab7e2eb'}}
[WARN]: 作者 386153627 抓取失败，已跳过。原因：接口返回错误代码：-352，信息：风控校验失败。 {'code': -352, 'message': '风控校验失败', 'ttl': 1, 'data': {'v_voucher': 'voucher_b3d8d582-22cc-414c-8559-73c2ae4000e8'}}
[WARN]: 作者 409604529 抓取失败，已跳过。原因：接口返回错误代码：-352，信息：风控校验失败。 {'code': -352, 'message': '风控校验失败', 'ttl': 1, 'data': {'v_voucher': 'voucher_67b191d9-a514-4a75-983d-1bab3a1070ea'}}
[WARN]: 作者 416998409 抓取失败，已跳过。原因：接口返回错误代码：-352，信息：风控校验失败。 {'code': -352, 'message': '风控校验失败', 'ttl': 1, 'data': {'v_voucher': 'voucher_8c81d33f-fbd4-45ac-9dda-c8441efa8e86'}}
[WARN]: 作者 429765143 抓取失败，已跳过。原因：接口返回错误代码：-352，信息：风控校验失败。 {'code': -352, 'message': '风控校验失败', 'ttl': 1, 'data': {'v_voucher': 'voucher_eec2a103-8379-478e-927c-82babff410fd'}}
[WARN]: 作者 445423006 抓取失败，已跳过。原因：接口返回错误代码：-352，信息：风控校验失败。 {'code': -352, 'message': '风控校验失败', 'ttl': 1, 'data': {'v_voucher': 'voucher_adde9210-af21-4c04-a267-a28fc7c10ab8'}}
[WARN]: 作者 519514228 抓取失败，已跳过。原因：接口返回错误代码：-352，信息：风控校验失败。 {'code': -352, 'message': '风控校验失败', 'ttl': 1, 'data': {'v_voucher': 'voucher_5128ad5a-6869-4c7a-a20b-be9950f1b768'}}
[WARN]: 作者 701417323 抓取失败，已跳过。原因：接口返回错误代码：-352，信息：风控校验失败。 {'code': -352, 'message': '风控校验失败', 'ttl': 1, 'data': {'v_voucher': 'voucher_dcbd54de-cd98-4806-a53c-384e6999a071'}}
[WARN]: 作者 1659499609 抓取失败，已跳过。原因：接口返回错误代码：-352，信息：风控校验失败。 {'code': -352, 'message': '风控校验失败', 'ttl': 1, 'data': {'v_voucher': 'voucher_b690d672-ea9d-4838-9126-7dde9a31dcd2'}}
[WARN]: 作者 1840640101 抓取失败，已跳过。原因：接口返回错误代码：-352，信息：风控校验失败。 {'code': -352, 'message': '风控校验失败', 'ttl': 1, 'data': {'v_voucher': 'voucher_1e03d04e-0ab9-465d-8f93-6d171845a158'}}
[WARN]: 作者 3546795210705857 抓取失败，已跳过。原因：接口返回错误代码：-352，信息：风控校验失败。 {'code': -352, 'message': '风控校验失败', 'ttl': 1, 'data': {'v_voucher': 'voucher_61885c24-2d39-4938-a038-a8208a15199e'}}
[WARN]: 作者 3546872285235750 抓取失败，已跳过。原因：接口返回错误代码：-352，信息：风控校验失败。 {'code': -352, 'message': '风控校验失败', 'ttl': 1, 'data': {'v_voucher': 'voucher_ccfb3ed5-43ef-458e-bd3c-9a90fa3e964d'}}
[INFO]: 第 61/149 批完成，新增 39 条视频，累计 6722 条。
[WARN]: 本批有 15 个作者抓取失败。
[INFO]: 批次间暂停 8 秒，降低请求频率。
[INFO]: 开始处理第 62/149 批作者，共 20 个。
[WARN]: 作者 265824 抓取失败，已跳过。原因：接口返回错误代码：-352，信息：风控校验失败。 {'code': -352, 'message': '风控校验失败', 'ttl': 1, 'data': {'v_voucher': 'voucher_108f8fac-9d35-4887-86d7-86047c47991a'}}
[WARN]: 作者 2737113 抓取失败，已跳过。原因：接口返回错误代码：-352，信息：风控校验失败。 {'code': -352, 'message': '风控校验失败', 'ttl': 1, 'data': {'v_voucher': 'voucher_4846cbca-32b1-4917-9c94-1d0fd7c044c2'}}
[WARN]: 作者 10816549 抓取失败，已跳过。原因：接口返回错误代码：-352，信息：风控校验失败。 {'code': -352, 'message': '风控校验失败', 'ttl': 1, 'data': {'v_voucher': 'voucher_c8e62150-c1d6-4b0a-b1de-af67fa67120e'}}
[WARN]: 作者 38358349 抓取失败，已跳过。原因：接口返回错误代码：-352，信息：风控校验失败。 {'code': -352, 'message': '风控校验失败', 'ttl': 1, 'data': {'v_voucher': 'voucher_b770f159-a284-4ecb-a919-8289d38b25ab'}}
[WARN]: 作者 75032117 抓取失败，已跳过。原因：接口返回错误代码：-352，信息：风控校验失败。 {'code': -352, 'message': '风控校验失败', 'ttl': 1, 'data': {'v_voucher': 'voucher_8d9df61b-abc1-4de5-be43-3f25839da926'}}
[WARN]: 作者 79953250 抓取失败，已跳过。原因：接口返回错误代码：-352，信息：风控校验失败。 {'code': -352, 'message': '风控校验失败', 'ttl': 1, 'data': {'v_voucher': 'voucher_e6d92951-4cf3-431d-966f-00b75bf630dc'}}
[WARN]: 作者 220895159 抓取失败，已跳过。原因：接口返回错误代码：-352，信息：风控校验失败。 {'code': -352, 'message': '风控校验失败', 'ttl': 1, 'data': {'v_voucher': 'voucher_00dd499f-d92f-42b9-ab43-afe237b91f9b'}}
[WARN]: 作者 319104711 抓取失败，已跳过。原因：接口返回错误代码：-352，信息：风控校验失败。 {'code': -352, 'message': '风控校验失败', 'ttl': 1, 'data': {'v_voucher': 'voucher_92ccf532-deea-41c3-a01e-f163b324efa2'}}
[WARN]: 作者 432072948 抓取失败，已跳过。原因：接口返回错误代码：-352，信息：风控校验失败。 {'code': -352, 'message': '风控校验失败', 'ttl': 1, 'data': {'v_voucher': 'voucher_9b23ff2e-ba67-493f-9bd1-e8aa9fb44cd6'}}
[WARN]: 作者 433037690 抓取失败，已跳过。原因：接口返回错误代码：-352，信息：风控校验失败。 {'code': -352, 'message': '风控校验失败', 'ttl': 1, 'data': {'v_voucher': 'voucher_80ebfc1f-7205-42e3-8797-c6b8134aa0ca'}}
[WARN]: 作者 441502879 抓取失败，已跳过。原因：接口返回错误代码：-352，信息：风控校验失败。 {'code': -352, 'message': '风控校验失败', 'ttl': 1, 'data': {'v_voucher': 'voucher_ab03ce01-0d2d-4063-afca-2aa7f4f867b0'}}
[WARN]: 作者 675872284 抓取失败，已跳过。原因：接口返回错误代码：-352，信息：风控校验失败。 {'code': -352, 'message': '风控校验失败', 'ttl': 1, 'data': {'v_voucher': 'voucher_b611ce92-ede9-4651-9941-399fb97e7b76'}}
[WARN]: 作者 689944639 抓取失败，已跳过。原因：接口返回错误代码：-352，信息：风控校验失败。 {'code': -352, 'message': '风控校验失败', 'ttl': 1, 'data': {'v_voucher': 'voucher_b35787f0-5ef8-428c-bfbb-3c152822dc0b'}}
[WARN]: 作者 699377098 抓取失败，已跳过。原因：接口返回错误代码：-352，信息：风控校验失败。 {'code': -352, 'message': '风控校验失败', 'ttl': 1, 'data': {'v_voucher': 'voucher_85156c6d-d6df-4d6b-a30e-9e072136758c'}}
[WARN]: 作者 3493108580878675 抓取失败，已跳过。原因：接口返回错误代码：-352，信息：风控校验失败。 {'code': -352, 'message': '风控校验失败', 'ttl': 1, 'data': {'v_voucher': 'voucher_dbf4b3e6-d979-455f-909a-26fc20901c33'}}
[WARN]: 作者 3494374864325099 抓取失败，已跳过。原因：接口返回错误代码：-352，信息：风控校验失败。 {'code': -352, 'message': '风控校验失败', 'ttl': 1, 'data': {'v_voucher': 'voucher_e59c0af4-4d3b-443e-a314-8880a57d999b'}}
[INFO]: 第 62/149 批完成，新增 7 条视频，累计 6729 条。
[WARN]: 本批有 16 个作者抓取失败。
[INFO]: 批次间暂停 8 秒，降低请求频率。
[INFO]: 开始处理第 63/149 批作者，共 20 个。
[WARN]: 作者 39019136 抓取失败，已跳过。原因：接口返回错误代码：-352，信息：风控校验失败。 {'code': -352, 'message': '风控校验失败', 'ttl': 1, 'data': {'v_voucher': 'voucher_8d2ae9b5-af78-4f1a-91eb-3b4abfd1119b'}}
[WARN]: 作者 84521301 抓取失败，已跳过。原因：接口返回错误代码：-352，信息：风控校验失败。 {'code': -352, 'message': '风控校验失败', 'ttl': 1, 'data': {'v_voucher': 'voucher_908f252f-28c2-4952-9e40-51d173a56133'}}
[WARN]: 作者 175016539 抓取失败，已跳过。原因：接口返回错误代码：-352，信息：风控校验失败。 {'code': -352, 'message': '风控校验失败', 'ttl': 1, 'data': {'v_voucher': 'voucher_5955ca51-4af3-44f0-a87f-0c1ce0109066'}}
[WARN]: 作者 178736501 抓取失败，已跳过。原因：接口返回错误代码：-352，信息：风控校验失败。 {'code': -352, 'message': '风控校验失败', 'ttl': 1, 'data': {'v_voucher': 'voucher_77a9b071-2492-44fe-af3c-b9e923829ac2'}}
[WARN]: 作者 262329693 抓取失败，已跳过。原因：接口返回错误代码：-352，信息：风控校验失败。 {'code': -352, 'message': '风控校验失败', 'ttl': 1, 'data': {'v_voucher': 'voucher_e71018f1-334c-4611-8740-2becd3a81f6a'}}
[WARN]: 作者 360442264 抓取失败，已跳过。原因：接口返回错误代码：-352，信息：风控校验失败。 {'code': -352, 'message': '风控校验失败', 'ttl': 1, 'data': {'v_voucher': 'voucher_1b6da541-b0c0-4196-a2f7-c4e4ad6b8301'}}
[WARN]: 作者 392157853 抓取失败，已跳过。原因：接口返回错误代码：-352，信息：风控校验失败。 {'code': -352, 'message': '风控校验失败', 'ttl': 1, 'data': {'v_voucher': 'voucher_de5b29c8-ab39-465d-98d6-6590aad75ee0'}}
[WARN]: 作者 442897464 抓取失败，已跳过。原因：接口返回错误代码：-352，信息：风控校验失败。 {'code': -352, 'message': '风控校验失败', 'ttl': 1, 'data': {'v_voucher': 'voucher_4ab71b03-abb1-4d1f-9060-e90c4f0803b6'}}
[WARN]: 作者 1227007085 抓取失败，已跳过。原因：接口返回错误代码：-352，信息：风控校验失败。 {'code': -352, 'message': '风控校验失败', 'ttl': 1, 'data': {'v_voucher': 'voucher_6fa736c2-6194-4e88-a925-d7f6a4eac6e4'}}
[WARN]: 作者 3546682044189658 抓取失败，已跳过。原因：接口返回错误代码：-352，信息：风控校验失败。 {'code': -352, 'message': '风控校验失败', 'ttl': 1, 'data': {'v_voucher': 'voucher_68c6ab85-7b7d-442a-94c4-2aa8586dc647'}}
[WARN]: 作者 3546911202085476 抓取失败，已跳过。原因：接口返回错误代码：-352，信息：风控校验失败。 {'code': -352, 'message': '风控校验失败', 'ttl': 1, 'data': {'v_voucher': 'voucher_9219c84e-ed52-4971-ae90-7515513cdcc3'}}
[INFO]: 第 63/149 批完成，新增 46 条视频，累计 6775 条。
[WARN]: 本批有 11 个作者抓取失败。
[INFO]: 批次间暂停 8 秒，降低请求频率。
[INFO]: 开始处理第 64/149 批作者，共 20 个。
[WARN]: 作者 139104 抓取失败，已跳过。原因：接口返回错误代码：-352，信息：风控校验失败。 {'code': -352, 'message': '风控校验失败', 'ttl': 1, 'data': {'v_voucher': 'voucher_9232246e-d1b0-4379-891c-b2e88a5692d9'}}
[WARN]: 作者 570064 抓取失败，已跳过。原因：接口返回错误代码：-352，信息：风控校验失败。 {'code': -352, 'message': '风控校验失败', 'ttl': 1, 'data': {'v_voucher': 'voucher_69efccbe-607f-4225-b970-27141d386c1d'}}
[WARN]: 作者 9427781 抓取失败，已跳过。原因：接口返回错误代码：-352，信息：风控校验失败。 {'code': -352, 'message': '风控校验失败', 'ttl': 1, 'data': {'v_voucher': 'voucher_7cd0136b-1b34-4b2c-8f15-b458545f3666'}}
[WARN]: 作者 19248926 抓取失败，已跳过。原因：接口返回错误代码：-352，信息：风控校验失败。 {'code': -352, 'message': '风控校验失败', 'ttl': 1, 'data': {'v_voucher': 'voucher_26acb10f-682f-44b3-80aa-6763bb6af3f6'}}
[WARN]: 作者 61429998 抓取失败，已跳过。原因：接口返回错误代码：-352，信息：风控校验失败。 {'code': -352, 'message': '风控校验失败', 'ttl': 1, 'data': {'v_voucher': 'voucher_6b503e5d-d326-481b-b513-bc146eb15533'}}
[WARN]: 作者 166491016 抓取失败，已跳过。原因：接口返回错误代码：-352，信息：风控校验失败。 {'code': -352, 'message': '风控校验失败', 'ttl': 1, 'data': {'v_voucher': 'voucher_c0bfee0d-c24b-440f-9b5a-7c81ccff7f7a'}}
[WARN]: 作者 320779499 抓取失败，已跳过。原因：接口返回错误代码：-352，信息：风控校验失败。 {'code': -352, 'message': '风控校验失败', 'ttl': 1, 'data': {'v_voucher': 'voucher_bd9b0c0d-7db1-4d49-be65-c59777777d38'}}
[WARN]: 作者 326718497 抓取失败，已跳过。原因：接口返回错误代码：-352，信息：风控校验失败。 {'code': -352, 'message': '风控校验失败', 'ttl': 1, 'data': {'v_voucher': 'voucher_0754e6f2-62bd-4751-bf86-798c8680b844'}}
[WARN]: 作者 369431453 抓取失败，已跳过。原因：接口返回错误代码：-352，信息：风控校验失败。 {'code': -352, 'message': '风控校验失败', 'ttl': 1, 'data': {'v_voucher': 'voucher_bff7a7ff-19c5-42b3-8096-40e3af06c7f6'}}
[WARN]: 作者 394470905 抓取失败，已跳过。原因：接口返回错误代码：-352，信息：风控校验失败。 {'code': -352, 'message': '风控校验失败', 'ttl': 1, 'data': {'v_voucher': 'voucher_e61b5de6-bee6-4256-9f3a-cb31c2f0f599'}}
[WARN]: 作者 484360132 抓取失败，已跳过。原因：接口返回错误代码：-352，信息：风控校验失败。 {'code': -352, 'message': '风控校验失败', 'ttl': 1, 'data': {'v_voucher': 'voucher_6cb1d250-f6c1-48f0-851b-0d09678ce91d'}}
[WARN]: 作者 490494088 抓取失败，已跳过。原因：接口返回错误代码：-352，信息：风控校验失败。 {'code': -352, 'message': '风控校验失败', 'ttl': 1, 'data': {'v_voucher': 'voucher_b08434fb-ab0c-441a-8535-c9c3e1b4029f'}}
[WARN]: 作者 508788112 抓取失败，已跳过。原因：接口返回错误代码：-352，信息：风控校验失败。 {'code': -352, 'message': '风控校验失败', 'ttl': 1, 'data': {'v_voucher': 'voucher_a0fbdb35-baa8-4f7c-9e3e-2dc812987d19'}}
[WARN]: 作者 692621542 抓取失败，已跳过。原因：接口返回错误代码：-352，信息：风控校验失败。 {'code': -352, 'message': '风控校验失败', 'ttl': 1, 'data': {'v_voucher': 'voucher_f25a15c7-be1a-43b6-bf90-961187569530'}}
[WARN]: 作者 1193486474 抓取失败，已跳过。原因：接口返回错误代码：-352，信息：风控校验失败。 {'code': -352, 'message': '风控校验失败', 'ttl': 1, 'data': {'v_voucher': 'voucher_a639f5ba-4c68-4bac-a9a2-9b2eb5d3bdc9'}}
[WARN]: 作者 2143903571 抓取失败，已跳过。原因：接口返回错误代码：-352，信息：风控校验失败。 {'code': -352, 'message': '风控校验失败', 'ttl': 1, 'data': {'v_voucher': 'voucher_abd30c1d-feff-4434-9a5d-cb57cb7f32a2'}}
[WARN]: 作者 3546859958176137 抓取失败，已跳过。原因：接口返回错误代码：-352，信息：风控校验失败。 {'code': -352, 'message': '风控校验失败', 'ttl': 1, 'data': {'v_voucher': 'voucher_a90faa62-2495-454a-8e45-38b10947c836'}}
[WARN]: 作者 3546876806695766 抓取失败，已跳过。原因：接口返回错误代码：-352，信息：风控校验失败。 {'code': -352, 'message': '风控校验失败', 'ttl': 1, 'data': {'v_voucher': 'voucher_8fcd6a67-ec94-4a72-9f55-8c9b4d31e608'}}
[WARN]: 作者 3632302672317183 抓取失败，已跳过。原因：接口返回错误代码：-352，信息：风控校验失败。 {'code': -352, 'message': '风控校验失败', 'ttl': 1, 'data': {'v_voucher': 'voucher_e978cffd-884c-4eed-8bcc-66f78120babc'}}
[INFO]: 第 64/149 批完成，新增 0 条视频，累计 6775 条。
[WARN]: 本批有 19 个作者抓取失败。
[INFO]: 批次间暂停 8 秒，降低请求频率。
[INFO]: 开始处理第 65/149 批作者，共 20 个。
[WARN]: 作者 3344215 抓取失败，已跳过。原因：接口返回错误代码：-352，信息：风控校验失败。 {'code': -352, 'message': '风控校验失败', 'ttl': 1, 'data': {'v_voucher': 'voucher_394948f5-ff8f-4cb4-bbc5-533139c59282'}}
[WARN]: 作者 3491598 抓取失败，已跳过。原因：接口返回错误代码：-352，信息：风控校验失败。 {'code': -352, 'message': '风控校验失败', 'ttl': 1, 'data': {'v_voucher': 'voucher_8758f5c7-7993-4dd5-918c-30a2205018b2'}}
[WARN]: 作者 14373586 抓取失败，已跳过。原因：接口返回错误代码：-352，信息：风控校验失败。 {'code': -352, 'message': '风控校验失败', 'ttl': 1, 'data': {'v_voucher': 'voucher_1df73cd0-8b76-49ad-abed-5692e15f794d'}}
[WARN]: 作者 24692845 抓取失败，已跳过。原因：接口返回错误代码：-352，信息：风控校验失败。 {'code': -352, 'message': '风控校验失败', 'ttl': 1, 'data': {'v_voucher': 'voucher_a586ada4-1af9-46c0-ad29-7afcc72db43d'}}
[WARN]: 作者 26100331 抓取失败，已跳过。原因：接口返回错误代码：-352，信息：风控校验失败。 {'code': -352, 'message': '风控校验失败', 'ttl': 1, 'data': {'v_voucher': 'voucher_744eaeff-6e5d-4996-ab07-b2e08960753b'}}
[WARN]: 作者 390184333 抓取失败，已跳过。原因：接口返回错误代码：-352，信息：风控校验失败。 {'code': -352, 'message': '风控校验失败', 'ttl': 1, 'data': {'v_voucher': 'voucher_93300d5f-9f20-443e-ae55-597f1f8ef8b1'}}
[WARN]: 作者 400630344 抓取失败，已跳过。原因：接口返回错误代码：-352，信息：风控校验失败。 {'code': -352, 'message': '风控校验失败', 'ttl': 1, 'data': {'v_voucher': 'voucher_3398c213-137b-457d-8e9b-107c84ad68b8'}}
[WARN]: 作者 403000080 抓取失败，已跳过。原因：接口返回错误代码：-352，信息：风控校验失败。 {'code': -352, 'message': '风控校验失败', 'ttl': 1, 'data': {'v_voucher': 'voucher_e635f928-dcd8-4dae-b2f2-9baa0063858a'}}
[WARN]: 作者 481153145 抓取失败，已跳过。原因：接口返回错误代码：-352，信息：风控校验失败。 {'code': -352, 'message': '风控校验失败', 'ttl': 1, 'data': {'v_voucher': 'voucher_ae3059df-11d3-48d3-a929-37bea89bc9c2'}}
[WARN]: 作者 623448014 抓取失败，已跳过。原因：接口返回错误代码：-352，信息：风控校验失败。 {'code': -352, 'message': '风控校验失败', 'ttl': 1, 'data': {'v_voucher': 'voucher_1a9d0722-b1a2-4f6d-bf10-c750f78a8726'}}
[WARN]: 作者 1116018914 抓取失败，已跳过。原因：接口返回错误代码：-352，信息：风控校验失败。 {'code': -352, 'message': '风控校验失败', 'ttl': 1, 'data': {'v_voucher': 'voucher_63ad4d12-8c4b-4e31-a026-a98efd761ef1'}}
[WARN]: 作者 1169907494 抓取失败，已跳过。原因：接口返回错误代码：-352，信息：风控校验失败。 {'code': -352, 'message': '风控校验失败', 'ttl': 1, 'data': {'v_voucher': 'voucher_e63af5be-b379-4957-ac96-4b456fce0602'}}
[WARN]: 作者 1593075075 抓取失败，已跳过。原因：接口返回错误代码：-352，信息：风控校验失败。 {'code': -352, 'message': '风控校验失败', 'ttl': 1, 'data': {'v_voucher': 'voucher_178d855b-8554-4dee-9130-fdbb21fb9e0e'}}
[WARN]: 作者 1612081513 抓取失败，已跳过。原因：接口返回错误代码：-352，信息：风控校验失败。 {'code': -352, 'message': '风控校验失败', 'ttl': 1, 'data': {'v_voucher': 'voucher_2c7e59ce-b87a-475d-9a5a-4ab0834b88d6'}}
[WARN]: 作者 1759413084 抓取失败，已跳过。原因：接口返回错误代码：-352，信息：风控校验失败。 {'code': -352, 'message': '风控校验失败', 'ttl': 1, 'data': {'v_voucher': 'voucher_8b892c70-951f-45ae-bfa5-9e10de8cdea8'}}
[WARN]: 作者 1975692083 抓取失败，已跳过。原因：接口返回错误代码：-352，信息：风控校验失败。 {'code': -352, 'message': '风控校验失败', 'ttl': 1, 'data': {'v_voucher': 'voucher_585a7a58-83e5-4b5b-b641-39d4112d6b08'}}
[WARN]: 作者 2000237934 抓取失败，已跳过。原因：接口返回错误代码：-352，信息：风控校验失败。 {'code': -352, 'message': '风控校验失败', 'ttl': 1, 'data': {'v_voucher': 'voucher_ff774539-2b0c-4718-a7a7-6d193390270d'}}
[WARN]: 作者 3546890092153166 抓取失败，已跳过。原因：接口返回错误代码：-352，信息：风控校验失败。 {'code': -352, 'message': '风控校验失败', 'ttl': 1, 'data': {'v_voucher': 'voucher_a497e745-04d8-43fb-987c-0610d24c7f1f'}}
[WARN]: 作者 3690998693627906 抓取失败，已跳过。原因：接口返回错误代码：-352，信息：风控校验失败。 {'code': -352, 'message': '风控校验失败', 'ttl': 1, 'data': {'v_voucher': 'voucher_33798748-444a-4fd1-b924-0cb1870c476b'}}
[WARN]: 作者 3706937000593875 抓取失败，已跳过。原因：接口返回错误代码：-352，信息：风控校验失败。 {'code': -352, 'message': '风控校验失败', 'ttl': 1, 'data': {'v_voucher': 'voucher_8c50bc9d-ef24-456c-b061-a31000486fcc'}}
[INFO]: 第 65/149 批完成，新增 0 条视频，累计 6775 条。
[WARN]: 本批有 20 个作者抓取失败。
[WARN]: 检测到当前批次全部作者抓取失败，已提前停止后续批次，并导出剩余作者 UID。
[INFO]: 全局 videolist 去重检查完成：历史任务中已有 294641 个唯一 bvid，本次过滤掉 2608 条重复视频。
[TIMESTAMP][END] 2026-03-29T15:02:02
