[TIMESTAMP][BEGIN] 2026-03-29T16:46:54
[INFO]: 识别到已有 uid_expansion 会话：outputs/video_pool/uid_expansions/uid_expansion_20250923_20260329_140720，本次将保存为 part_3。
[INFO]: 历史任务增量检查完成：857 个作者命中过往 original_uids，0 个作者按全局 start_date 抓取；命中历史的作者将从其最近一次任务开始日（含当天）继续抓取。
[INFO]: 开始处理第 1/43 批作者，共 20 个。
[INFO]: 第 1/43 批完成，新增 130 条视频，累计 130 条。
[INFO]: 批次间暂停 8 秒，降低请求频率。
[INFO]: 开始处理第 2/43 批作者，共 20 个。
[INFO]: 第 2/43 批完成，新增 120 条视频，累计 250 条。
[INFO]: 批次间暂停 8 秒，降低请求频率。
[INFO]: 开始处理第 3/43 批作者，共 20 个。
[INFO]: 第 3/43 批完成，新增 1477 条视频，累计 1727 条。
[INFO]: 批次间暂停 8 秒，降低请求频率。
[INFO]: 开始处理第 4/43 批作者，共 20 个。
[INFO]: 第 4/43 批完成，新增 2194 条视频，累计 3921 条。
[INFO]: 批次间暂停 8 秒，降低请求频率。
[INFO]: 开始处理第 5/43 批作者，共 20 个。
[INFO]: 第 5/43 批完成，新增 493 条视频，累计 4414 条。
[INFO]: 批次间暂停 8 秒，降低请求频率。
[INFO]: 开始处理第 6/43 批作者，共 20 个。
[INFO]: 第 6/43 批完成，新增 231 条视频，累计 4645 条。
[INFO]: 批次间暂停 8 秒，降低请求频率。
[INFO]: 开始处理第 7/43 批作者，共 20 个。
[INFO]: 第 7/43 批完成，新增 131 条视频，累计 4776 条。
[INFO]: 批次间暂停 8 秒，降低请求频率。
[INFO]: 开始处理第 8/43 批作者，共 20 个。
[INFO]: 第 8/43 批完成，新增 95 条视频，累计 4871 条。
[INFO]: 批次间暂停 8 秒，降低请求频率。
[INFO]: 开始处理第 9/43 批作者，共 20 个。
[INFO]: 第 9/43 批完成，新增 85 条视频，累计 4956 条。
[INFO]: 批次间暂停 8 秒，降低请求频率。
[INFO]: 开始处理第 10/43 批作者，共 20 个。
[INFO]: 第 10/43 批完成，新增 82 条视频，累计 5038 条。
[INFO]: 批次间暂停 8 秒，降低请求频率。
[INFO]: 开始处理第 11/43 批作者，共 20 个。
[INFO]: 第 11/43 批完成，新增 46 条视频，累计 5084 条。
[INFO]: 批次间暂停 8 秒，降低请求频率。
[INFO]: 开始处理第 12/43 批作者，共 20 个。
[INFO]: 第 12/43 批完成，新增 132 条视频，累计 5216 条。
[INFO]: 批次间暂停 8 秒，降低请求频率。
[INFO]: 开始处理第 13/43 批作者，共 20 个。
[INFO]: 第 13/43 批完成，新增 107 条视频，累计 5323 条。
[INFO]: 批次间暂停 8 秒，降低请求频率。
[INFO]: 开始处理第 14/43 批作者，共 20 个。
[INFO]: 第 14/43 批完成，新增 88 条视频，累计 5411 条。
[INFO]: 批次间暂停 8 秒，降低请求频率。
[INFO]: 开始处理第 15/43 批作者，共 20 个。
[INFO]: 第 15/43 批完成，新增 49 条视频，累计 5460 条。
[INFO]: 批次间暂停 8 秒，降低请求频率。
[INFO]: 开始处理第 16/43 批作者，共 20 个。
[INFO]: 第 16/43 批完成，新增 80 条视频，累计 5540 条。
[INFO]: 批次间暂停 8 秒，降低请求频率。
[INFO]: 开始处理第 17/43 批作者，共 20 个。
[INFO]: 第 17/43 批完成，新增 104 条视频，累计 5644 条。
[INFO]: 批次间暂停 8 秒，降低请求频率。
[INFO]: 开始处理第 18/43 批作者，共 20 个。
[INFO]: 第 18/43 批完成，新增 113 条视频，累计 5757 条。
[INFO]: 批次间暂停 8 秒，降低请求频率。
[INFO]: 开始处理第 19/43 批作者，共 20 个。
[INFO]: 第 19/43 批完成，新增 101 条视频，累计 5858 条。
[INFO]: 批次间暂停 8 秒，降低请求频率。
[INFO]: 开始处理第 20/43 批作者，共 20 个。
[INFO]: 第 20/43 批完成，新增 244 条视频，累计 6102 条。
[INFO]: 批次间暂停 8 秒，降低请求频率。
[INFO]: 开始处理第 21/43 批作者，共 20 个。
[INFO]: 第 21/43 批完成，新增 99 条视频，累计 6201 条。
[INFO]: 批次间暂停 8 秒，降低请求频率。
[INFO]: 开始处理第 22/43 批作者，共 20 个。
[INFO]: 第 22/43 批完成，新增 113 条视频，累计 6314 条。
[INFO]: 批次间暂停 8 秒，降低请求频率。
[INFO]: 开始处理第 23/43 批作者，共 20 个。
[INFO]: 第 23/43 批完成，新增 281 条视频，累计 6595 条。
[INFO]: 批次间暂停 8 秒，降低请求频率。
[INFO]: 开始处理第 24/43 批作者，共 20 个。
[INFO]: 第 24/43 批完成，新增 151 条视频，累计 6746 条。
[INFO]: 批次间暂停 8 秒，降低请求频率。
[INFO]: 开始处理第 25/43 批作者，共 20 个。
[INFO]: 第 25/43 批完成，新增 97 条视频，累计 6843 条。
[INFO]: 批次间暂停 8 秒，降低请求频率。
[INFO]: 开始处理第 26/43 批作者，共 20 个。
[INFO]: 第 26/43 批完成，新增 64 条视频，累计 6907 条。
[INFO]: 批次间暂停 8 秒，降低请求频率。
[INFO]: 开始处理第 27/43 批作者，共 20 个。
[INFO]: 第 27/43 批完成，新增 107 条视频，累计 7014 条。
[INFO]: 批次间暂停 8 秒，降低请求频率。
[INFO]: 开始处理第 28/43 批作者，共 20 个。
[INFO]: 第 28/43 批完成，新增 487 条视频，累计 7501 条。
[INFO]: 批次间暂停 8 秒，降低请求频率。
[INFO]: 开始处理第 29/43 批作者，共 20 个。
[INFO]: 第 29/43 批完成，新增 116 条视频，累计 7617 条。
[INFO]: 批次间暂停 8 秒，降低请求频率。
[INFO]: 开始处理第 30/43 批作者，共 20 个。
[INFO]: 第 30/43 批完成，新增 42 条视频，累计 7659 条。
[INFO]: 批次间暂停 8 秒，降低请求频率。
[INFO]: 开始处理第 31/43 批作者，共 20 个。
[INFO]: 第 31/43 批完成，新增 198 条视频，累计 7857 条。
[INFO]: 批次间暂停 8 秒，降低请求频率。
[INFO]: 开始处理第 32/43 批作者，共 20 个。
[INFO]: 第 32/43 批完成，新增 242 条视频，累计 8099 条。
[INFO]: 批次间暂停 8 秒，降低请求频率。
[INFO]: 开始处理第 33/43 批作者，共 20 个。
[INFO]: 第 33/43 批完成，新增 130 条视频，累计 8229 条。
[INFO]: 批次间暂停 8 秒，降低请求频率。
[INFO]: 开始处理第 34/43 批作者，共 20 个。
[INFO]: 第 34/43 批完成，新增 29 条视频，累计 8258 条。
[INFO]: 批次间暂停 8 秒，降低请求频率。
[INFO]: 开始处理第 35/43 批作者，共 20 个。
[INFO]: 第 35/43 批完成，新增 164 条视频，累计 8422 条。
[INFO]: 批次间暂停 8 秒，降低请求频率。
[INFO]: 开始处理第 36/43 批作者，共 20 个。
[INFO]: 第 36/43 批完成，新增 181 条视频，累计 8603 条。
[INFO]: 批次间暂停 8 秒，降低请求频率。
[INFO]: 开始处理第 37/43 批作者，共 20 个。
[INFO]: 第 37/43 批完成，新增 213 条视频，累计 8816 条。
[INFO]: 批次间暂停 8 秒，降低请求频率。
[INFO]: 开始处理第 38/43 批作者，共 20 个。
[INFO]: 第 38/43 批完成，新增 211 条视频，累计 9027 条。
[INFO]: 批次间暂停 8 秒，降低请求频率。
[INFO]: 开始处理第 39/43 批作者，共 20 个。
[INFO]: 第 39/43 批完成，新增 75 条视频，累计 9102 条。
[INFO]: 批次间暂停 8 秒，降低请求频率。
[INFO]: 开始处理第 40/43 批作者，共 20 个。
[INFO]: 第 40/43 批完成，新增 188 条视频，累计 9290 条。
[INFO]: 批次间暂停 8 秒，降低请求频率。
[INFO]: 开始处理第 41/43 批作者，共 20 个。
[INFO]: 第 41/43 批完成，新增 113 条视频，累计 9403 条。
[INFO]: 批次间暂停 8 秒，降低请求频率。
[INFO]: 开始处理第 42/43 批作者，共 20 个。
[INFO]: 第 42/43 批完成，新增 58 条视频，累计 9461 条。
[INFO]: 批次间暂停 8 秒，降低请求频率。
[INFO]: 开始处理第 43/43 批作者，共 17 个。
[INFO]: 第 43/43 批完成，新增 95 条视频，累计 9556 条。
[INFO]: 全局 videolist 去重检查完成：历史任务中已有 304130 个唯一 bvid，本次过滤掉 4139 条重复视频。
[TIMESTAMP][END] 2026-03-29T17:26:39
