[INFO]: 开始执行全量抓取任务，lookback_days=1。
[INFO]: 正在抓取全站热门榜单中的视频
[INFO]: 全站热门榜单抓取完成，新增 400 条候选视频
[INFO]: 正在抓取第 1 期每周必看中的视频
[INFO]: 第 1 期每周必看抓取完成，新增 9 条候选视频
[INFO]: 开始处理第 1/13 批分区，共 10 个 tid。
[INFO]: 正在抓取分区 tid=1中的视频
[INFO]: 分区 tid=1抓取完成，新增 4 条候选视频
[INFO]: 正在抓取分区 tid=3中的视频
[INFO]: 分区 tid=3抓取完成，新增 6 条候选视频
[INFO]: 正在抓取分区 tid=4中的视频
[INFO]: 分区 tid=4抓取完成，新增 9 条候选视频
[INFO]: 正在抓取分区 tid=5中的视频
[INFO]: 分区 tid=5抓取完成，新增 11 条候选视频
[INFO]: 正在抓取分区 tid=11中的视频
[INFO]: 分区 tid=11抓取完成，新增 0 条候选视频
[INFO]: 正在抓取分区 tid=13中的视频
[INFO]: 分区 tid=13抓取完成，新增 3 条候选视频
[INFO]: 正在抓取分区 tid=17中的视频
[INFO]: 分区 tid=17抓取完成，新增 6 条候选视频
[INFO]: 正在抓取分区 tid=19中的视频
[INFO]: 分区 tid=19抓取完成，新增 7 条候选视频
[INFO]: 正在抓取分区 tid=20中的视频
[INFO]: 分区 tid=20抓取完成，新增 3 条候选视频
[INFO]: 正在抓取分区 tid=21中的视频
[INFO]: 分区 tid=21抓取完成，新增 6 条候选视频
[INFO]: 分区批次间暂停 10 秒，降低请求频率。
[INFO]: 开始处理第 2/13 批分区，共 10 个 tid。
[INFO]: 正在抓取分区 tid=22中的视频
[INFO]: 分区 tid=22抓取完成，新增 3 条候选视频
[INFO]: 正在抓取分区 tid=23中的视频
[INFO]: 分区 tid=23抓取完成，新增 0 条候选视频
[INFO]: 正在抓取分区 tid=24中的视频
[INFO]: 分区 tid=24抓取完成，新增 2 条候选视频
[INFO]: 正在抓取分区 tid=25中的视频
[INFO]: 分区 tid=25抓取完成，新增 4 条候选视频
[INFO]: 正在抓取分区 tid=26中的视频
[INFO]: 分区 tid=26抓取完成，新增 0 条候选视频
[INFO]: 正在抓取分区 tid=27中的视频
[INFO]: 分区 tid=27抓取完成，新增 6 条候选视频
[INFO]: 正在抓取分区 tid=28中的视频
[INFO]: 分区 tid=28抓取完成，新增 1 条候选视频
[INFO]: 正在抓取分区 tid=29中的视频
[INFO]: 分区 tid=29抓取完成，新增 7 条候选视频
[INFO]: 正在抓取分区 tid=30中的视频
[INFO]: 分区 tid=30抓取完成，新增 2 条候选视频
[INFO]: 正在抓取分区 tid=31中的视频
[INFO]: 分区 tid=31抓取完成，新增 2 条候选视频
[INFO]: 分区批次间暂停 10 秒，降低请求频率。
[INFO]: 开始处理第 3/13 批分区，共 10 个 tid。
[INFO]: 正在抓取分区 tid=32中的视频
[INFO]: 分区 tid=32抓取完成，新增 0 条候选视频
[INFO]: 正在抓取分区 tid=33中的视频
[INFO]: 分区 tid=33抓取完成，新增 0 条候选视频
[INFO]: 正在抓取分区 tid=36中的视频
[INFO]: 分区 tid=36抓取完成，新增 3 条候选视频
[INFO]: 正在抓取分区 tid=37中的视频
[WARN]: 分区 tid=37 抓取失败，已自动跳过。原因：接口返回错误代码：-404，信息：啥都木有。 {'code': -404, 'message': '啥都木有', 'ttl': 1, 'data': None}
[INFO]: 正在抓取分区 tid=47中的视频
[INFO]: 分区 tid=47抓取完成，新增 4 条候选视频
[INFO]: 正在抓取分区 tid=51中的视频
[INFO]: 分区 tid=51抓取完成，新增 2 条候选视频
[INFO]: 正在抓取分区 tid=59中的视频
[INFO]: 分区 tid=59抓取完成，新增 3 条候选视频
[INFO]: 正在抓取分区 tid=65中的视频
[INFO]: 分区 tid=65抓取完成，新增 6 条候选视频
[INFO]: 正在抓取分区 tid=71中的视频
[INFO]: 分区 tid=71抓取完成，新增 7 条候选视频
[INFO]: 正在抓取分区 tid=75中的视频
[INFO]: 分区 tid=75抓取完成，新增 4 条候选视频
[INFO]: 分区批次间暂停 10 秒，降低请求频率。
[INFO]: 开始处理第 4/13 批分区，共 10 个 tid。
[INFO]: 正在抓取分区 tid=76中的视频
[INFO]: 分区 tid=76抓取完成，新增 1 条候选视频
[INFO]: 正在抓取分区 tid=83中的视频
[WARN]: 分区 tid=83 抓取失败，已自动跳过。原因：接口返回错误代码：-404，信息：啥都木有。 {'code': -404, 'message': '啥都木有', 'ttl': 1, 'data': None}
[INFO]: 正在抓取分区 tid=85中的视频
[INFO]: 分区 tid=85抓取完成，新增 4 条候选视频
[INFO]: 正在抓取分区 tid=86中的视频
[INFO]: 分区 tid=86抓取完成，新增 3 条候选视频
[INFO]: 正在抓取分区 tid=95中的视频
[INFO]: 分区 tid=95抓取完成，新增 4 条候选视频
[INFO]: 正在抓取分区 tid=119中的视频
[INFO]: 分区 tid=119抓取完成，新增 3 条候选视频
[INFO]: 正在抓取分区 tid=121中的视频
[INFO]: 分区 tid=121抓取完成，新增 4 条候选视频
[INFO]: 正在抓取分区 tid=122中的视频
[INFO]: 分区 tid=122抓取完成，新增 2 条候选视频
[INFO]: 正在抓取分区 tid=124中的视频
[INFO]: 分区 tid=124抓取完成，新增 7 条候选视频
[INFO]: 正在抓取分区 tid=126中的视频
[INFO]: 分区 tid=126抓取完成，新增 1 条候选视频
[INFO]: 分区批次间暂停 10 秒，降低请求频率。
[INFO]: 开始处理第 5/13 批分区，共 10 个 tid。
[INFO]: 正在抓取分区 tid=127中的视频
[INFO]: 分区 tid=127抓取完成，新增 0 条候选视频
[INFO]: 正在抓取分区 tid=129中的视频
[INFO]: 分区 tid=129抓取完成，新增 6 条候选视频
[INFO]: 正在抓取分区 tid=130中的视频
[INFO]: 分区 tid=130抓取完成，新增 3 条候选视频
[INFO]: 正在抓取分区 tid=136中的视频
[INFO]: 分区 tid=136抓取完成，新增 3 条候选视频
[INFO]: 正在抓取分区 tid=137中的视频
[INFO]: 分区 tid=137抓取完成，新增 5 条候选视频
[INFO]: 正在抓取分区 tid=138中的视频
[INFO]: 分区 tid=138抓取完成，新增 4 条候选视频
[INFO]: 正在抓取分区 tid=145中的视频
[INFO]: 分区 tid=145抓取完成，新增 0 条候选视频
[INFO]: 正在抓取分区 tid=146中的视频
[INFO]: 分区 tid=146抓取完成，新增 0 条候选视频
[INFO]: 正在抓取分区 tid=147中的视频
[INFO]: 分区 tid=147抓取完成，新增 0 条候选视频
[INFO]: 正在抓取分区 tid=152中的视频
[INFO]: 分区 tid=152抓取完成，新增 4 条候选视频
[INFO]: 分区批次间暂停 10 秒，降低请求频率。
[INFO]: 开始处理第 6/13 批分区，共 10 个 tid。
[INFO]: 正在抓取分区 tid=153中的视频
[INFO]: 分区 tid=153抓取完成，新增 1 条候选视频
[INFO]: 正在抓取分区 tid=154中的视频
[INFO]: 分区 tid=154抓取完成，新增 3 条候选视频
[INFO]: 正在抓取分区 tid=155中的视频
[INFO]: 分区 tid=155抓取完成，新增 9 条候选视频
[INFO]: 正在抓取分区 tid=156中的视频
[INFO]: 分区 tid=156抓取完成，新增 4 条候选视频
[INFO]: 正在抓取分区 tid=157中的视频
[INFO]: 分区 tid=157抓取完成，新增 4 条候选视频
[INFO]: 正在抓取分区 tid=158中的视频
[INFO]: 分区 tid=158抓取完成，新增 9 条候选视频
[INFO]: 正在抓取分区 tid=159中的视频
[INFO]: 分区 tid=159抓取完成，新增 4 条候选视频
[INFO]: 正在抓取分区 tid=160中的视频
[INFO]: 分区 tid=160抓取完成，新增 4 条候选视频
[INFO]: 正在抓取分区 tid=161中的视频
[INFO]: 分区 tid=161抓取完成，新增 0 条候选视频
[INFO]: 正在抓取分区 tid=162中的视频
[INFO]: 分区 tid=162抓取完成，新增 6 条候选视频
[INFO]: 分区批次间暂停 10 秒，降低请求频率。
[INFO]: 开始处理第 7/13 批分区，共 10 个 tid。
[INFO]: 正在抓取分区 tid=164中的视频
[INFO]: 分区 tid=164抓取完成，新增 1 条候选视频
[INFO]: 正在抓取分区 tid=167中的视频
[INFO]: 分区 tid=167抓取完成，新增 4 条候选视频
[INFO]: 正在抓取分区 tid=168中的视频
[INFO]: 分区 tid=168抓取完成，新增 5 条候选视频
[INFO]: 正在抓取分区 tid=169中的视频
[INFO]: 分区 tid=169抓取完成，新增 4 条候选视频
[INFO]: 正在抓取分区 tid=170中的视频
[INFO]: 分区 tid=170抓取完成，新增 0 条候选视频
[INFO]: 正在抓取分区 tid=171中的视频
[INFO]: 分区 tid=171抓取完成，新增 3 条候选视频
[INFO]: 正在抓取分区 tid=172中的视频
[INFO]: 分区 tid=172抓取完成，新增 2 条候选视频
[INFO]: 正在抓取分区 tid=173中的视频
[INFO]: 分区 tid=173抓取完成，新增 4 条候选视频
[INFO]: 正在抓取分区 tid=176中的视频
[INFO]: 分区 tid=176抓取完成，新增 3 条候选视频
[INFO]: 正在抓取分区 tid=177中的视频
[INFO]: 分区 tid=177抓取完成，新增 0 条候选视频
[INFO]: 分区批次间暂停 10 秒，降低请求频率。
[INFO]: 开始处理第 8/13 批分区，共 10 个 tid。
[INFO]: 正在抓取分区 tid=178中的视频
[INFO]: 分区 tid=178抓取完成，新增 0 条候选视频
[INFO]: 正在抓取分区 tid=179中的视频
[INFO]: 分区 tid=179抓取完成，新增 0 条候选视频
[INFO]: 正在抓取分区 tid=180中的视频
[WARN]: 分区 tid=180 抓取失败，已自动跳过。原因：接口返回错误代码：-404，信息：啥都木有。 {'code': -404, 'message': '啥都木有', 'ttl': 1, 'data': None}
[INFO]: 正在抓取分区 tid=181中的视频
[INFO]: 分区 tid=181抓取完成，新增 2 条候选视频
[INFO]: 正在抓取分区 tid=182中的视频
[INFO]: 分区 tid=182抓取完成，新增 1 条候选视频
[INFO]: 正在抓取分区 tid=183中的视频
[INFO]: 分区 tid=183抓取完成，新增 5 条候选视频
[INFO]: 正在抓取分区 tid=184中的视频
[INFO]: 分区 tid=184抓取完成，新增 4 条候选视频
[INFO]: 正在抓取分区 tid=185中的视频
[INFO]: 分区 tid=185抓取完成，新增 0 条候选视频
[INFO]: 正在抓取分区 tid=187中的视频
[INFO]: 分区 tid=187抓取完成，新增 0 条候选视频
[INFO]: 正在抓取分区 tid=188中的视频
[INFO]: 分区 tid=188抓取完成，新增 8 条候选视频
[INFO]: 分区批次间暂停 10 秒，降低请求频率。
[INFO]: 开始处理第 9/13 批分区，共 10 个 tid。
[INFO]: 正在抓取分区 tid=192中的视频
[WARN]: 分区 tid=192 抓取失败，已自动跳过。原因：接口返回错误代码：-404，信息：啥都木有。 {'code': -404, 'message': '啥都木有', 'ttl': 1, 'data': None}
[INFO]: 正在抓取分区 tid=193中的视频
[INFO]: 分区 tid=193抓取完成，新增 6 条候选视频
[INFO]: 正在抓取分区 tid=194中的视频
[WARN]: 分区 tid=194 抓取失败，已自动跳过。原因：接口返回错误代码：-404，信息：啥都木有。 {'code': -404, 'message': '啥都木有', 'ttl': 1, 'data': None}
[INFO]: 正在抓取分区 tid=195中的视频
[INFO]: 分区 tid=195抓取完成，新增 2 条候选视频
[INFO]: 正在抓取分区 tid=198中的视频
[INFO]: 分区 tid=198抓取完成，新增 4 条候选视频
[INFO]: 正在抓取分区 tid=199中的视频
[INFO]: 分区 tid=199抓取完成，新增 2 条候选视频
[INFO]: 正在抓取分区 tid=200中的视频
[INFO]: 分区 tid=200抓取完成，新增 3 条候选视频
[INFO]: 正在抓取分区 tid=201中的视频
[INFO]: 分区 tid=201抓取完成，新增 2 条候选视频
[INFO]: 正在抓取分区 tid=202中的视频
[INFO]: 分区 tid=202抓取完成，新增 5 条候选视频
[INFO]: 正在抓取分区 tid=203中的视频
[INFO]: 分区 tid=203抓取完成，新增 0 条候选视频
[INFO]: 分区批次间暂停 10 秒，降低请求频率。
[INFO]: 开始处理第 10/13 批分区，共 10 个 tid。
[INFO]: 正在抓取分区 tid=204中的视频
[INFO]: 分区 tid=204抓取完成，新增 0 条候选视频
[INFO]: 正在抓取分区 tid=205中的视频
[INFO]: 分区 tid=205抓取完成，新增 6 条候选视频
[INFO]: 正在抓取分区 tid=206中的视频
[INFO]: 分区 tid=206抓取完成，新增 0 条候选视频
[INFO]: 正在抓取分区 tid=207中的视频
[INFO]: 分区 tid=207抓取完成，新增 8 条候选视频
[INFO]: 正在抓取分区 tid=208中的视频
[INFO]: 分区 tid=208抓取完成，新增 2 条候选视频
[INFO]: 正在抓取分区 tid=209中的视频
[INFO]: 分区 tid=209抓取完成，新增 1 条候选视频
[INFO]: 正在抓取分区 tid=210中的视频
[INFO]: 分区 tid=210抓取完成，新增 5 条候选视频
[INFO]: 正在抓取分区 tid=211中的视频
[INFO]: 分区 tid=211抓取完成，新增 5 条候选视频
[INFO]: 正在抓取分区 tid=212中的视频
[INFO]: 分区 tid=212抓取完成，新增 2 条候选视频
[INFO]: 正在抓取分区 tid=213中的视频
[INFO]: 分区 tid=213抓取完成，新增 0 条候选视频
[INFO]: 分区批次间暂停 10 秒，降低请求频率。
[INFO]: 开始处理第 11/13 批分区，共 10 个 tid。
[INFO]: 正在抓取分区 tid=214中的视频
[INFO]: 分区 tid=214抓取完成，新增 1 条候选视频
[INFO]: 正在抓取分区 tid=215中的视频
[INFO]: 分区 tid=215抓取完成，新增 4 条候选视频
[INFO]: 正在抓取分区 tid=216中的视频
[INFO]: 分区 tid=216抓取完成，新增 2 条候选视频
[INFO]: 正在抓取分区 tid=217中的视频
[INFO]: 分区 tid=217抓取完成，新增 3 条候选视频
[INFO]: 正在抓取分区 tid=218中的视频
[INFO]: 分区 tid=218抓取完成，新增 2 条候选视频
[INFO]: 正在抓取分区 tid=219中的视频
[INFO]: 分区 tid=219抓取完成，新增 2 条候选视频
[INFO]: 正在抓取分区 tid=220中的视频
[INFO]: 分区 tid=220抓取完成，新增 4 条候选视频
[INFO]: 正在抓取分区 tid=221中的视频
[INFO]: 分区 tid=221抓取完成，新增 3 条候选视频
[INFO]: 正在抓取分区 tid=222中的视频
[INFO]: 分区 tid=222抓取完成，新增 2 条候选视频
[INFO]: 正在抓取分区 tid=223中的视频
[INFO]: 分区 tid=223抓取完成，新增 6 条候选视频
[INFO]: 分区批次间暂停 10 秒，降低请求频率。
[INFO]: 开始处理第 12/13 批分区，共 10 个 tid。
[INFO]: 正在抓取分区 tid=224中的视频
[WARN]: 分区 tid=224 抓取失败，已自动跳过。原因：接口返回错误代码：-404，信息：啥都木有。 {'code': -404, 'message': '啥都木有', 'ttl': 1, 'data': None}
[INFO]: 正在抓取分区 tid=225中的视频
[WARN]: 分区 tid=225 抓取失败，已自动跳过。原因：接口返回错误代码：-404，信息：啥都木有。 {'code': -404, 'message': '啥都木有', 'ttl': 1, 'data': None}
[INFO]: 正在抓取分区 tid=226中的视频
[WARN]: 分区 tid=226 抓取失败，已自动跳过。原因：接口返回错误代码：-404，信息：啥都木有。 {'code': -404, 'message': '啥都木有', 'ttl': 1, 'data': None}
[INFO]: 正在抓取分区 tid=227中的视频
[INFO]: 分区 tid=227抓取完成，新增 4 条候选视频
[INFO]: 正在抓取分区 tid=228中的视频
[INFO]: 分区 tid=228抓取完成，新增 2 条候选视频
[INFO]: 正在抓取分区 tid=229中的视频
[INFO]: 分区 tid=229抓取完成，新增 3 条候选视频
[INFO]: 正在抓取分区 tid=230中的视频
[INFO]: 分区 tid=230抓取完成，新增 1 条候选视频
[INFO]: 正在抓取分区 tid=231中的视频
[INFO]: 分区 tid=231抓取完成，新增 4 条候选视频
[INFO]: 正在抓取分区 tid=232中的视频
[INFO]: 分区 tid=232抓取完成，新增 8 条候选视频
[INFO]: 正在抓取分区 tid=233中的视频
[INFO]: 分区 tid=233抓取完成，新增 2 条候选视频
[INFO]: 分区批次间暂停 10 秒，降低请求频率。
[INFO]: 开始处理第 13/13 批分区，共 6 个 tid。
[INFO]: 正在抓取分区 tid=234中的视频
[INFO]: 分区 tid=234抓取完成，新增 5 条候选视频
[INFO]: 正在抓取分区 tid=235中的视频
[INFO]: 分区 tid=235抓取完成，新增 5 条候选视频
[INFO]: 正在抓取分区 tid=236中的视频
[INFO]: 分区 tid=236抓取完成，新增 3 条候选视频
[INFO]: 正在抓取分区 tid=237中的视频
[INFO]: 分区 tid=237抓取完成，新增 2 条候选视频
[INFO]: 正在抓取分区 tid=238中的视频
[INFO]: 分区 tid=238抓取完成，新增 2 条候选视频
[INFO]: 正在抓取分区 tid=239中的视频
[INFO]: 分区 tid=239抓取完成，新增 0 条候选视频
[INFO]: 种子抓取完成，共获得 787 条候选视频，开始按 bvid 去重
[INFO]: 去重完成，最终保留 754 条视频
[INFO]: 本次全量抓取中已略过以下分区 tid：37, 83, 180, 192, 194, 224, 225, 226
[INFO]: 导出完成：outputs\video_pool\full_site_floorings\full_site_1_days_20260324_182049.csv
