[TIMESTAMP][BEGIN] 2026-04-08T21:15:28
[INFO]: 正在抓取第 1/15 个实时排行榜分区：全站（rid=0）。
[INFO]: 排行榜 全站 抓取完成，新增 100 条榜单记录。
[INFO]: 正在抓取第 2/15 个实时排行榜分区：动画（rid=1005）。
[INFO]: 排行榜 动画 抓取完成，新增 100 条榜单记录。
[INFO]: 正在抓取第 3/15 个实时排行榜分区：游戏（rid=1008）。
[INFO]: 排行榜 游戏 抓取完成，新增 100 条榜单记录。
[INFO]: 正在抓取第 4/15 个实时排行榜分区：鬼畜（rid=1007）。
[INFO]: 排行榜 鬼畜 抓取完成，新增 100 条榜单记录。
[INFO]: 正在抓取第 5/15 个实时排行榜分区：音乐（rid=1003）。
[INFO]: 排行榜 音乐 抓取完成，新增 100 条榜单记录。
[INFO]: 正在抓取第 6/15 个实时排行榜分区：舞蹈（rid=1004）。
[INFO]: 排行榜 舞蹈 抓取完成，新增 100 条榜单记录。
[INFO]: 正在抓取第 7/15 个实时排行榜分区：影视（rid=1001）。
[INFO]: 排行榜 影视 抓取完成，新增 100 条榜单记录。
[INFO]: 正在抓取第 8/15 个实时排行榜分区：娱乐（rid=1002）。
[INFO]: 排行榜 娱乐 抓取完成，新增 100 条榜单记录。
[INFO]: 正在抓取第 9/15 个实时排行榜分区：知识（rid=1010）。
[INFO]: 排行榜 知识 抓取完成，新增 100 条榜单记录。
[INFO]: 正在抓取第 10/15 个实时排行榜分区：科技数码（rid=1012）。
[INFO]: 排行榜 科技数码 抓取完成，新增 100 条榜单记录。
[INFO]: 正在抓取第 11/15 个实时排行榜分区：美食（rid=1020）。
[TIMESTAMP][END] 2026-04-08T21:16:01
