[TIMESTAMP][BEGIN] 2026-04-03T12:41:49
uid_expansion 任务总结
session_dir: outputs/video_pool/uid_expansions/uid_expansion_20260325_20260403_124149
requested_window_start_at: 2026-03-25T00:00:00
requested_window_end_at: 2026-04-03T15:25:27
effective_window_start_at: 2026-04-02T00:00:00
effective_window_end_at: 2026-04-03T15:25:27
actual_window_start_at: 2026-04-02T04:11:01+00:00
actual_window_end_at: 2026-04-03T06:32:01+00:00
original_uid_count: 509
history_reused_owner_count: 509
part_count: 2
interruption_count: 1
total_video_count: 527
total_successful_owner_count: 509

parts:
- part_1:
  started_at=2026-04-03T12:41:49
  finished_at=2026-04-03T14:51:42
  input_owner_count=509
  successful_owner_count=488
  failed_owner_count=21
  remaining_owner_count=21
  video_count=523
  effective_window_start_at=2026-04-02T00:00:00
  effective_window_end_at=2026-04-03T12:41:49
  actual_window_start_at=2026-04-02T04:11:01+00:00
  actual_window_end_at=2026-04-03T06:32:01+00:00
  processed_batches=26/26
  stop_reason=completed_all_batches
  stopped_batch_index=None
  video_file=videolist_part_1.csv
  remaining_file=remaining_uids_part_1.csv
  log_file=logs/20260403_145142_361984_uid_expansion_part_1.log
- part_2:
  started_at=2026-04-03T15:25:27
  finished_at=2026-04-03T15:27:01
  input_owner_count=21
  successful_owner_count=21
  failed_owner_count=0
  remaining_owner_count=0
  video_count=4
  effective_window_start_at=2026-04-02T00:00:00
  effective_window_end_at=2026-04-03T15:25:27
  actual_window_start_at=2026-04-02T06:14:08+00:00
  actual_window_end_at=2026-04-03T05:59:01+00:00
  processed_batches=2/2
  stop_reason=completed_all_batches
  stopped_batch_index=None
  video_file=videolist_part_2.csv
  remaining_file=
  log_file=logs/20260403_152701_291342_uid_expansion_part_2.log
[TIMESTAMP][END] 2026-04-03T15:27:01
