[TIMESTAMP][BEGIN] 2026-04-11T22:38:51
[2026-04-11 22:38:53] 开始执行 CSV 批量抓取子任务 part_8。
[2026-04-11 22:38:53] 子任务开始时间：2026-04-11T22:38:51.494150
[2026-04-11 22:38:53] 输入文件：batch_input_8.csv
[2026-04-11 22:38:53] 输入唯一 bvid 数量：100
[2026-04-11 22:38:53] 为严格按 CSV 顺序判断连续失败阈值，本次任务自动将并发度从 2 调整为 1。
[2026-04-11 22:38:59] [SUCCESS] bvid=BV1M2QwBnEfh 已成功抓取全部所需数据。
[2026-04-11 22:39:04] [SUCCESS] bvid=BV1M2QwBnEXv 已成功抓取全部所需数据。
[2026-04-11 22:39:09] [SUCCESS] bvid=BV1u2QwBnEhK 已成功抓取全部所需数据。
[2026-04-11 22:39:15] [SUCCESS] bvid=BV1D2QwBnEge 已成功抓取全部所需数据。
[2026-04-11 22:39:21] [SUCCESS] bvid=BV1g2QwBnEGg 已成功抓取全部所需数据。
[2026-04-11 22:39:26] [SUCCESS] bvid=BV1u2QwBnENk 已成功抓取全部所需数据。
[2026-04-11 22:39:31] [SUCCESS] bvid=BV1EyDLBKECE 已成功抓取全部所需数据。
[2026-04-11 22:39:36] [SUCCESS] bvid=BV113DtBjEKz 已成功抓取全部所需数据。
[2026-04-11 22:39:41] [SUCCESS] bvid=BV1HgDWBhEZh 已成功抓取全部所需数据。
[2026-04-11 22:39:46] [SUCCESS] bvid=BV1N9QwB1EJM 已成功抓取全部所需数据。
[2026-04-11 22:39:52] [SUCCESS] bvid=BV1HgDWBhExB 已成功抓取全部所需数据。
[2026-04-11 22:39:57] [SUCCESS] bvid=BV1qBDpBpEQr 已成功抓取全部所需数据。
[2026-04-11 22:40:02] [SUCCESS] bvid=BV1HgDWBhEUD 已成功抓取全部所需数据。
[2026-04-11 22:40:08] [SUCCESS] bvid=BV1UDQwBmETu 已成功抓取全部所需数据。
[2026-04-11 22:40:14] [SUCCESS] bvid=BV1qBDpBpEeE 已成功抓取全部所需数据。
[2026-04-11 22:40:19] [SUCCESS] bvid=BV1xdQwB5E8i 已成功抓取全部所需数据。
[2026-04-11 22:40:25] [SUCCESS] bvid=BV149QwB1Ewq 已成功抓取全部所需数据。
[2026-04-11 22:40:31] [SUCCESS] bvid=BV1x9QwB1EGd 已成功抓取全部所需数据。
[2026-04-11 22:40:36] [SUCCESS] bvid=BV1sdQwB5Ehv 已成功抓取全部所需数据。
[2026-04-11 22:40:42] [SUCCESS] bvid=BV1NdQwB5ERt 已成功抓取全部所需数据。
[2026-04-11 22:40:47] [SUCCESS] bvid=BV1E7DZB9EZZ 已成功抓取全部所需数据。
[2026-04-11 22:40:53] [SUCCESS] bvid=BV1xUDxBVEnr 已成功抓取全部所需数据。
[2026-04-11 22:40:58] [SUCCESS] bvid=BV1H7QFBaERp 已成功抓取全部所需数据。
[2026-04-11 22:41:04] [SUCCESS] bvid=BV1N9QwB1EhM 已成功抓取全部所需数据。
[2026-04-11 22:41:10] [SUCCESS] bvid=BV1N9QwB1Ezn 已成功抓取全部所需数据。
[2026-04-11 22:41:15] [SUCCESS] bvid=BV1NdQwB5EVy 已成功抓取全部所需数据。
[2026-04-11 22:41:21] [SUCCESS] bvid=BV1TXQwBjEP9 已成功抓取全部所需数据。
[2026-04-11 22:41:26] [SUCCESS] bvid=BV1NdQwB5E9U 已成功抓取全部所需数据。
[2026-04-11 22:41:32] [SUCCESS] bvid=BV1UDQwBmEbc 已成功抓取全部所需数据。
[2026-04-11 22:41:37] [SUCCESS] bvid=BV17YQwBcEv1 已成功抓取全部所需数据。
[2026-04-11 22:41:43] [SUCCESS] bvid=BV15qQwB4EtX 已成功抓取全部所需数据。
[2026-04-11 22:41:48] [SUCCESS] bvid=BV1SVDpBzETq 已成功抓取全部所需数据。
[2026-04-11 22:41:53] [SUCCESS] bvid=BV17cDsB4Evc 已成功抓取全部所需数据。
[2026-04-11 22:41:59] [SUCCESS] bvid=BV1qZDWB4EkE 已成功抓取全部所需数据。
[2026-04-11 22:42:05] [SUCCESS] bvid=BV1dZD6BYE5w 已成功抓取全部所需数据。
[2026-04-11 22:42:10] [SUCCESS] bvid=BV1xyDWBMEco 已成功抓取全部所需数据。
[2026-04-11 22:42:16] [SUCCESS] bvid=BV1GqQFBUEU1 已成功抓取全部所需数据。
[2026-04-11 22:42:22] [SUCCESS] bvid=BV1VeQFBDEaA 已成功抓取全部所需数据。
[2026-04-11 22:42:28] [SUCCESS] bvid=BV1pDDWBPEUi 已成功抓取全部所需数据。
[2026-04-11 22:42:33] [SUCCESS] bvid=BV14NQFB6EWu 已成功抓取全部所需数据。
[2026-04-11 22:42:39] [SUCCESS] bvid=BV1RWDYBkEaD 已成功抓取全部所需数据。
[2026-04-11 22:42:45] [SUCCESS] bvid=BV1FkDfB4EG1 已成功抓取全部所需数据。
[2026-04-11 22:42:50] [SUCCESS] bvid=BV1i2DfBXEhq 已成功抓取全部所需数据。
[2026-04-11 22:42:56] [SUCCESS] bvid=BV1AYDsBvEYZ 已成功抓取全部所需数据。
[2026-04-11 22:43:01] [SUCCESS] bvid=BV15GQcBREHj 已成功抓取全部所需数据。
[2026-04-11 22:43:07] [SUCCESS] bvid=BV1J7DZB9EkT 已成功抓取全部所需数据。
[2026-04-11 22:43:12] [SUCCESS] bvid=BV1TzDWBrEQy 已成功抓取全部所需数据。
[2026-04-11 22:43:18] [SUCCESS] bvid=BV1xTQFBuE9w 已成功抓取全部所需数据。
[2026-04-11 22:43:23] [SUCCESS] bvid=BV1tWDsBrETB 已成功抓取全部所需数据。
[2026-04-11 22:43:29] [SUCCESS] bvid=BV15UDfBnEB4 已成功抓取全部所需数据。
[2026-04-11 22:43:35] [SUCCESS] bvid=BV1HJQFBcEtj 已成功抓取全部所需数据。
[2026-04-11 22:43:40] [SUCCESS] bvid=BV1RMDfBUE1Z 已成功抓取全部所需数据。
[2026-04-11 22:43:46] [SUCCESS] bvid=BV1xyDWBMEVq 已成功抓取全部所需数据。
[2026-04-11 22:43:51] [SUCCESS] bvid=BV1TMQFBzETH 已成功抓取全部所需数据。
[2026-04-11 22:43:57] [SUCCESS] bvid=BV1mADZBPEPo 已成功抓取全部所需数据。
[2026-04-11 22:44:04] [SUCCESS] bvid=BV1GPDEBcEKV 已成功抓取全部所需数据。
[2026-04-11 22:44:10] [SUCCESS] bvid=BV1LhDxBREAn 已成功抓取全部所需数据。
[2026-04-11 22:44:16] [SUCCESS] bvid=BV1k5QFBeEXV 已成功抓取全部所需数据。
[2026-04-11 22:44:22] [SUCCESS] bvid=BV1EWQFBtEPU 已成功抓取全部所需数据。
[2026-04-11 22:44:28] [SUCCESS] bvid=BV15eQwBbEqZ 已成功抓取全部所需数据。
[2026-04-11 22:44:34] [SUCCESS] bvid=BV195QcBpE7s 已成功抓取全部所需数据。
[2026-04-11 22:44:40] [SUCCESS] bvid=BV1MYDJBFEed 已成功抓取全部所需数据。
[2026-04-11 22:44:46] [SUCCESS] bvid=BV1yUDZBYEv1 已成功抓取全部所需数据。
[2026-04-11 22:44:52] [SUCCESS] bvid=BV158DZB1EuV 已成功抓取全部所需数据。
[2026-04-11 22:44:57] [SUCCESS] bvid=BV15bDZBjED9 已成功抓取全部所需数据。
[2026-04-11 22:45:03] [SUCCESS] bvid=BV1KXQwBjEVA 已成功抓取全部所需数据。
[2026-04-11 22:45:08] [SUCCESS] bvid=BV1KXQwBjEwP 已成功抓取全部所需数据。
[2026-04-11 22:45:14] [SUCCESS] bvid=BV1TDQwBmEii 已成功抓取全部所需数据。
[2026-04-11 22:45:20] [SUCCESS] bvid=BV12XQwBjEEx 已成功抓取全部所需数据。
[2026-04-11 22:45:25] [SUCCESS] bvid=BV1TDQwBmENB 已成功抓取全部所需数据。
[2026-04-11 22:45:30] [SUCCESS] bvid=BV166DfBoEN3 已成功抓取全部所需数据。
[2026-04-11 22:45:31] [ERROR] bvid=BV14XQwBjEHM 抓取失败：stat: 接口返回错误代码：62012，信息：62012。
{'code': 62012, 'message': '62012', 'ttl': 1} | comment: 接口返回错误代码：62012，信息：62012。
{'code': 62012, 'message': '62012', 'ttl': 1}
[2026-04-11 22:45:37] [SUCCESS] bvid=BV1TXQwBjEb6 已成功抓取全部所需数据。
[2026-04-11 22:45:44] [SUCCESS] bvid=BV1xXQwBjEiy 已成功抓取全部所需数据。
[2026-04-11 22:45:49] [SUCCESS] bvid=BV1qYQwBFENH 已成功抓取全部所需数据。
[2026-04-11 22:45:54] [SUCCESS] bvid=BV1KXQwBjEVu 已成功抓取全部所需数据。
[2026-04-11 22:46:00] [SUCCESS] bvid=BV1vqQwB4EJM 已成功抓取全部所需数据。
[2026-04-11 22:46:06] [SUCCESS] bvid=BV1VqQwB4EpC 已成功抓取全部所需数据。
[2026-04-11 22:46:12] [SUCCESS] bvid=BV1eqQwB4EPX 已成功抓取全部所需数据。
[2026-04-11 22:46:18] [SUCCESS] bvid=BV166DfBZESr 已成功抓取全部所需数据。
[2026-04-11 22:46:24] [SUCCESS] bvid=BV1vqQwB4Etx 已成功抓取全部所需数据。
[2026-04-11 22:46:30] [SUCCESS] bvid=BV1qYQwBFEu9 已成功抓取全部所需数据。
[2026-04-11 22:46:35] [SUCCESS] bvid=BV1aCQwBpEK3 已成功抓取全部所需数据。
[2026-04-11 22:46:40] [SUCCESS] bvid=BV1deQwB4E7R 已成功抓取全部所需数据。
[2026-04-11 22:46:46] [SUCCESS] bvid=BV1LeQwBbEbs 已成功抓取全部所需数据。
[2026-04-11 22:46:51] [SUCCESS] bvid=BV1ieQwBbE45 已成功抓取全部所需数据。
[2026-04-11 22:46:56] [SUCCESS] bvid=BV1veQwBbE5d 已成功抓取全部所需数据。
[2026-04-11 22:47:02] [SUCCESS] bvid=BV1LeQwBbEFH 已成功抓取全部所需数据。
[2026-04-11 22:47:07] [SUCCESS] bvid=BV1LeQwBbE1w 已成功抓取全部所需数据。
[2026-04-11 22:47:13] [SUCCESS] bvid=BV15BQwBdE7L 已成功抓取全部所需数据。
[2026-04-11 22:47:19] [SUCCESS] bvid=BV1QCQwBpE8v 已成功抓取全部所需数据。
[2026-04-11 22:47:24] [SUCCESS] bvid=BV1YrQwB9EEX 已成功抓取全部所需数据。
[2026-04-11 22:47:30] [SUCCESS] bvid=BV1hrQwB9EBt 已成功抓取全部所需数据。
[2026-04-11 22:47:35] [SUCCESS] bvid=BV13CQwBpEm6 已成功抓取全部所需数据。
[2026-04-11 22:47:41] [SUCCESS] bvid=BV1gCQwBpE6J 已成功抓取全部所需数据。
[2026-04-11 22:47:46] [SUCCESS] bvid=BV1WVQFBNEEq 已成功抓取全部所需数据。
[2026-04-11 22:47:53] [SUCCESS] bvid=BV1PGDqBqEQ1 已成功抓取全部所需数据。
[2026-04-11 22:47:58] [SUCCESS] bvid=BV1gzQFB7Ekg 已成功抓取全部所需数据。
[2026-04-11 22:48:04] [SUCCESS] bvid=BV1xQQFBuEE3 已成功抓取全部所需数据。
[2026-04-11 22:48:09] [SUCCESS] bvid=BV1hqQFBUE9B 已成功抓取全部所需数据。
[2026-04-11 22:48:09] [WARN] 当前子任务已结束，但仍有未成功抓取的视频，已导出 remaining CSV 供继续执行。
[2026-04-11 22:48:09] [INFO] 已导出剔除成功条目后的剩余 CSV：D:\Schoolworks\Thesis\Bilibili-Datahub\outputs\video_data\manual_crawls\manual_crawl_stat_comment_20260411_211113\remaining_bvids_part_8.csv
[2026-04-11 22:48:09] 子任务结束时间：2026-04-11T22:48:09.953368
[TIMESTAMP][END] 2026-04-11T22:48:09
