[TIMESTAMP][BEGIN] 2026-04-11T23:54:29
[2026-04-11 23:54:31] 开始执行 CSV 批量抓取子任务 part_15。
[2026-04-11 23:54:31] 子任务开始时间：2026-04-11T23:54:29.540359
[2026-04-11 23:54:31] 输入文件：batch_input_15.csv
[2026-04-11 23:54:31] 输入唯一 bvid 数量：100
[2026-04-11 23:54:31] 为严格按 CSV 顺序判断连续失败阈值，本次任务自动将并发度从 2 调整为 1。
[2026-04-11 23:54:37] [SUCCESS] bvid=BV1FRDWBhEDq 已成功抓取全部所需数据。
[2026-04-11 23:54:43] [SUCCESS] bvid=BV1dQDLBhEDd 已成功抓取全部所需数据。
[2026-04-11 23:54:48] [SUCCESS] bvid=BV1eYDxBWEYE 已成功抓取全部所需数据。
[2026-04-11 23:54:54] [SUCCESS] bvid=BV15tDxBoES7 已成功抓取全部所需数据。
[2026-04-11 23:55:00] [SUCCESS] bvid=BV1L8DxBxEju 已成功抓取全部所需数据。
[2026-04-11 23:55:05] [SUCCESS] bvid=BV1LtDxBoEGL 已成功抓取全部所需数据。
[2026-04-11 23:55:11] [SUCCESS] bvid=BV1v8DxBxEXz 已成功抓取全部所需数据。
[2026-04-11 23:55:17] [SUCCESS] bvid=BV1v8DxBxEnS 已成功抓取全部所需数据。
[2026-04-11 23:55:22] [SUCCESS] bvid=BV1fwD4BYEmH 已成功抓取全部所需数据。
[2026-04-11 23:55:28] [SUCCESS] bvid=BV1cfDxBiEyK 已成功抓取全部所需数据。
[2026-04-11 23:55:34] [SUCCESS] bvid=BV1FfDxBiEhn 已成功抓取全部所需数据。
[2026-04-11 23:55:40] [SUCCESS] bvid=BV1cfDxBiEmk 已成功抓取全部所需数据。
[2026-04-11 23:55:45] [SUCCESS] bvid=BV1FcD4BNECx 已成功抓取全部所需数据。
[2026-04-11 23:55:51] [SUCCESS] bvid=BV1ccD4BNELs 已成功抓取全部所需数据。
[2026-04-11 23:55:57] [SUCCESS] bvid=BV1ncD4BNEhg 已成功抓取全部所需数据。
[2026-04-11 23:56:03] [SUCCESS] bvid=BV1oMD4BbEss 已成功抓取全部所需数据。
[2026-04-11 23:56:08] [SUCCESS] bvid=BV1qMD4B8E7J 已成功抓取全部所需数据。
[2026-04-11 23:56:14] [SUCCESS] bvid=BV1qMD4B8Et1 已成功抓取全部所需数据。
[2026-04-11 23:56:19] [SUCCESS] bvid=BV1jnDWB9ESb 已成功抓取全部所需数据。
[2026-04-11 23:56:25] [SUCCESS] bvid=BV1dMD4BbEdg 已成功抓取全部所需数据。
[2026-04-11 23:56:30] [SUCCESS] bvid=BV1juD4BfEG3 已成功抓取全部所需数据。
[2026-04-11 23:56:36] [SUCCESS] bvid=BV19MDsBDE4X 已成功抓取全部所需数据。
[2026-04-11 23:56:41] [SUCCESS] bvid=BV1juD4BfEqt 已成功抓取全部所需数据。
[2026-04-11 23:56:46] [SUCCESS] bvid=BV1duD4BZExU 已成功抓取全部所需数据。
[2026-04-11 23:56:52] [SUCCESS] bvid=BV1ZND4BhEYp 已成功抓取全部所需数据。
[2026-04-11 23:56:57] [SUCCESS] bvid=BV1mzDvBgEXr 已成功抓取全部所需数据。
[2026-04-11 23:57:03] [SUCCESS] bvid=BV1tzDvB3EsF 已成功抓取全部所需数据。
[2026-04-11 23:57:08] [SUCCESS] bvid=BV1tzDvB3EQ7 已成功抓取全部所需数据。
[2026-04-11 23:57:14] [SUCCESS] bvid=BV1ySDxBkEqx 已成功抓取全部所需数据。
[2026-04-11 23:57:19] [SUCCESS] bvid=BV1UzDvBgEno 已成功抓取全部所需数据。
[2026-04-11 23:57:25] [SUCCESS] bvid=BV1NSDxBkE2T 已成功抓取全部所需数据。
[2026-04-11 23:57:30] [SUCCESS] bvid=BV1NQDxB3Eew 已成功抓取全部所需数据。
[2026-04-11 23:57:36] [SUCCESS] bvid=BV1NQDxB3Es9 已成功抓取全部所需数据。
[2026-04-11 23:57:41] [SUCCESS] bvid=BV1BBDsBcEZo 已成功抓取全部所需数据。
[2026-04-11 23:57:47] [SUCCESS] bvid=BV1T2DxByEFP 已成功抓取全部所需数据。
[2026-04-11 23:57:52] [SUCCESS] bvid=BV142DxByEtD 已成功抓取全部所需数据。
[2026-04-11 23:57:57] [SUCCESS] bvid=BV1kY9uBFEG5 已成功抓取全部所需数据。
[2026-04-11 23:58:03] [SUCCESS] bvid=BV1XgDsBJErm 已成功抓取全部所需数据。
[2026-04-11 23:58:08] [SUCCESS] bvid=BV12WSDBkECj 已成功抓取全部所需数据。
[2026-04-11 23:58:14] [SUCCESS] bvid=BV1UWD4BEE7M 已成功抓取全部所需数据。
[2026-04-11 23:58:19] [SUCCESS] bvid=BV1iWDWBQEFe 已成功抓取全部所需数据。
[2026-04-11 23:58:25] [SUCCESS] bvid=BV1J9DHBWEVn 已成功抓取全部所需数据。
[2026-04-11 23:58:31] [SUCCESS] bvid=BV1wdDxBBEDB 已成功抓取全部所需数据。
[2026-04-11 23:58:36] [SUCCESS] bvid=BV11UDxBVE6D 已成功抓取全部所需数据。
[2026-04-11 23:58:42] [SUCCESS] bvid=BV1wdDxBBE4B 已成功抓取全部所需数据。
[2026-04-11 23:58:48] [SUCCESS] bvid=BV1T4D4B7EZG 已成功抓取全部所需数据。
[2026-04-11 23:58:54] [SUCCESS] bvid=BV1mtD4B1EPa 已成功抓取全部所需数据。
[2026-04-11 23:58:59] [SUCCESS] bvid=BV1AXDxB6ECp 已成功抓取全部所需数据。
[2026-04-11 23:59:05] [SUCCESS] bvid=BV1wRDxBuEUr 已成功抓取全部所需数据。
[2026-04-11 23:59:11] [SUCCESS] bvid=BV1PXDxB6EQg 已成功抓取全部所需数据。
[2026-04-11 23:59:16] [SUCCESS] bvid=BV1pRDxBuES3 已成功抓取全部所需数据。
[2026-04-11 23:59:22] [SUCCESS] bvid=BV1wRDxBuEeD 已成功抓取全部所需数据。
[2026-04-11 23:59:27] [SUCCESS] bvid=BV1WRDxBuE1K 已成功抓取全部所需数据。
[2026-04-11 23:59:33] [SUCCESS] bvid=BV1v3D4BtE4K 已成功抓取全部所需数据。
[2026-04-11 23:59:38] [SUCCESS] bvid=BV1m4D4BjEmm 已成功抓取全部所需数据。
[2026-04-11 23:59:44] [SUCCESS] bvid=BV1K4D4B7EdW 已成功抓取全部所需数据。
[2026-04-11 23:59:49] [SUCCESS] bvid=BV144D4BLEpn 已成功抓取全部所需数据。
[2026-04-11 23:59:54] [SUCCESS] bvid=BV124D4BjEcX 已成功抓取全部所需数据。
[2026-04-12 00:00:00] [SUCCESS] bvid=BV1mtD4B2EFK 已成功抓取全部所需数据。
[2026-04-12 00:00:05] [SUCCESS] bvid=BV12tD4B1EgX 已成功抓取全部所需数据。
[2026-04-12 00:00:11] [SUCCESS] bvid=BV1RZD7BPE8j 已成功抓取全部所需数据。
[2026-04-12 00:00:17] [SUCCESS] bvid=BV1TtD4B2EEu 已成功抓取全部所需数据。
[2026-04-12 00:00:23] [SUCCESS] bvid=BV1KtD4B2ErN 已成功抓取全部所需数据。
[2026-04-12 00:00:29] [SUCCESS] bvid=BV11tD4B1EyJ 已成功抓取全部所需数据。
[2026-04-12 00:00:35] [SUCCESS] bvid=BV1uzDWBrEHm 已成功抓取全部所需数据。
[2026-04-12 00:00:40] [SUCCESS] bvid=BV1MsD4BUE57 已成功抓取全部所需数据。
[2026-04-12 00:00:46] [SUCCESS] bvid=BV1CYD4BGEC9 已成功抓取全部所需数据。
[2026-04-12 00:00:52] [SUCCESS] bvid=BV1UWD4BEEfg 已成功抓取全部所需数据。
[2026-04-12 00:00:58] [SUCCESS] bvid=BV1yeD4BrExC 已成功抓取全部所需数据。
[2026-04-12 00:01:03] [SUCCESS] bvid=BV1BaDnBUEhP 已成功抓取全部所需数据。
[2026-04-12 00:01:09] [SUCCESS] bvid=BV1UsD4BmEpP 已成功抓取全部所需数据。
[2026-04-12 00:01:14] [SUCCESS] bvid=BV1peD4BkESK 已成功抓取全部所需数据。
[2026-04-12 00:01:19] [SUCCESS] bvid=BV1CYD4BGECv 已成功抓取全部所需数据。
[2026-04-12 00:01:25] [SUCCESS] bvid=BV1CeD4BrEFG 已成功抓取全部所需数据。
[2026-04-12 00:01:30] [SUCCESS] bvid=BV153D4BtEYb 已成功抓取全部所需数据。
[2026-04-12 00:01:36] [SUCCESS] bvid=BV1yhD4BCEbT 已成功抓取全部所需数据。
[2026-04-12 00:01:41] [SUCCESS] bvid=BV1ChD4BCESz 已成功抓取全部所需数据。
[2026-04-12 00:01:47] [SUCCESS] bvid=BV1G5D4BxEyy 已成功抓取全部所需数据。
[2026-04-12 00:01:52] [SUCCESS] bvid=BV1yhD4BCEiS 已成功抓取全部所需数据。
[2026-04-12 00:01:58] [SUCCESS] bvid=BV128D4B5E7h 已成功抓取全部所需数据。
[2026-04-12 00:02:03] [SUCCESS] bvid=BV118D4B5EK1 已成功抓取全部所需数据。
[2026-04-12 00:02:09] [SUCCESS] bvid=BV1KhD4ByEHz 已成功抓取全部所需数据。
[2026-04-12 00:02:15] [SUCCESS] bvid=BV1XLD4B9E74 已成功抓取全部所需数据。
[2026-04-12 00:02:20] [SUCCESS] bvid=BV1Y5D4BxE3v 已成功抓取全部所需数据。
[2026-04-12 00:02:26] [SUCCESS] bvid=BV1yhD4BCEdS 已成功抓取全部所需数据。
[2026-04-12 00:02:31] [SUCCESS] bvid=BV1X5D4BsEh3 已成功抓取全部所需数据。
[2026-04-12 00:02:37] [SUCCESS] bvid=BV1V5D4BxEjX 已成功抓取全部所需数据。
[2026-04-12 00:02:42] [SUCCESS] bvid=BV1QLD4B9ERt 已成功抓取全部所需数据。
[2026-04-12 00:02:47] [SUCCESS] bvid=BV1Y5D4BxEu7 已成功抓取全部所需数据。
[2026-04-12 00:02:53] [SUCCESS] bvid=BV195D4BsEWT 已成功抓取全部所需数据。
[2026-04-12 00:02:58] [SUCCESS] bvid=BV1J5DWBZEYg 已成功抓取全部所需数据。
[2026-04-12 00:03:03] [SUCCESS] bvid=BV19TDsBHEJb 已成功抓取全部所需数据。
[2026-04-12 00:03:09] [SUCCESS] bvid=BV1QLD4B9E2s 已成功抓取全部所需数据。
[2026-04-12 00:03:14] [SUCCESS] bvid=BV1G5D4BxEQ3 已成功抓取全部所需数据。
[2026-04-12 00:03:19] [SUCCESS] bvid=BV19LD4B9EAr 已成功抓取全部所需数据。
[2026-04-12 00:03:25] [SUCCESS] bvid=BV19LD4BREGz 已成功抓取全部所需数据。
[2026-04-12 00:03:30] [SUCCESS] bvid=BV1R3D4B4EG9 已成功抓取全部所需数据。
[2026-04-12 00:03:35] [SUCCESS] bvid=BV1RHDhBKEJi 已成功抓取全部所需数据。
[2026-04-12 00:03:41] [SUCCESS] bvid=BV1drDpBnEz6 已成功抓取全部所需数据。
[2026-04-12 00:03:46] [SUCCESS] bvid=BV1XTDpBCEVp 已成功抓取全部所需数据。
[2026-04-12 00:03:46] [INFO] 当前 batch_crawl 已完成，所有视频均已成功抓取。
[2026-04-12 00:03:46] 子任务结束时间：2026-04-12T00:03:46.744337
[TIMESTAMP][END] 2026-04-12T00:03:46
