[TIMESTAMP][BEGIN] 2026-04-11T22:08:14
[2026-04-11 22:08:17] 开始执行 CSV 批量抓取子任务 part_6。
[2026-04-11 22:08:17] 子任务开始时间：2026-04-11T22:08:14.951978
[2026-04-11 22:08:17] 输入文件：batch_input_6.csv
[2026-04-11 22:08:17] 输入唯一 bvid 数量：100
[2026-04-11 22:08:17] 为严格按 CSV 顺序判断连续失败阈值，本次任务自动将并发度从 2 调整为 1。
[2026-04-11 22:08:23] [SUCCESS] bvid=BV1fKDbBBE3T 已成功抓取全部所需数据。
[2026-04-11 22:08:28] [SUCCESS] bvid=BV1nwDbBGEaa 已成功抓取全部所需数据。
[2026-04-11 22:08:34] [SUCCESS] bvid=BV1BUQcBFE7x 已成功抓取全部所需数据。
[2026-04-11 22:08:40] [SUCCESS] bvid=BV1fUQcBFEKx 已成功抓取全部所需数据。
[2026-04-11 22:08:46] [SUCCESS] bvid=BV1BUQcBFEUr 已成功抓取全部所需数据。
[2026-04-11 22:08:51] [SUCCESS] bvid=BV16CQcBYExu 已成功抓取全部所需数据。
[2026-04-11 22:08:57] [SUCCESS] bvid=BV1BUQcBFE7h 已成功抓取全部所需数据。
[2026-04-11 22:09:02] [SUCCESS] bvid=BV1iUQcBFE1R 已成功抓取全部所需数据。
[2026-04-11 22:09:08] [SUCCESS] bvid=BV1FADbBrEpc 已成功抓取全部所需数据。
[2026-04-11 22:09:14] [SUCCESS] bvid=BV1wmDHBtEvw 已成功抓取全部所需数据。
[2026-04-11 22:09:19] [SUCCESS] bvid=BV1dNDfBDEnC 已成功抓取全部所需数据。
[2026-04-11 22:09:24] [SUCCESS] bvid=BV1dNDfBDEd1 已成功抓取全部所需数据。
[2026-04-11 22:09:30] [SUCCESS] bvid=BV1kaDsBNEsi 已成功抓取全部所需数据。
[2026-04-11 22:09:35] [SUCCESS] bvid=BV1mmQwBSECd 已成功抓取全部所需数据。
[2026-04-11 22:09:41] [SUCCESS] bvid=BV1GqQFBUEUq 已成功抓取全部所需数据。
[2026-04-11 22:09:46] [SUCCESS] bvid=BV1RWDYBkEyW 已成功抓取全部所需数据。
[2026-04-11 22:09:52] [SUCCESS] bvid=BV1vXQcB4E9F 已成功抓取全部所需数据。
[2026-04-11 22:09:57] [SUCCESS] bvid=BV1KDQwBmEy6 已成功抓取全部所需数据。
[2026-04-11 22:10:03] [SUCCESS] bvid=BV1FJDNBkEfH 已成功抓取全部所需数据。
[2026-04-11 22:10:09] [SUCCESS] bvid=BV1hZDfBLEWF 已成功抓取全部所需数据。
[2026-04-11 22:10:14] [SUCCESS] bvid=BV1JnQFB8EgF 已成功抓取全部所需数据。
[2026-04-11 22:10:20] [SUCCESS] bvid=BV1FCQcBeEjo 已成功抓取全部所需数据。
[2026-04-11 22:10:25] [SUCCESS] bvid=BV16CQcBYEzM 已成功抓取全部所需数据。
[2026-04-11 22:10:31] [SUCCESS] bvid=BV16CQcBYESK 已成功抓取全部所需数据。
[2026-04-11 22:10:37] [SUCCESS] bvid=BV16CQcBYEsm 已成功抓取全部所需数据。
[2026-04-11 22:10:42] [SUCCESS] bvid=BV1FCQcBeEuf 已成功抓取全部所需数据。
[2026-04-11 22:10:47] [SUCCESS] bvid=BV1zCQcBYEhi 已成功抓取全部所需数据。
[2026-04-11 22:10:53] [SUCCESS] bvid=BV1JCQcBeEB6 已成功抓取全部所需数据。
[2026-04-11 22:10:58] [SUCCESS] bvid=BV16CQcBYEFf 已成功抓取全部所需数据。
[2026-04-11 22:11:03] [SUCCESS] bvid=BV16CQcBYEFV 已成功抓取全部所需数据。
[2026-04-11 22:11:09] [SUCCESS] bvid=BV1z1QcBwEFh 已成功抓取全部所需数据。
[2026-04-11 22:11:14] [SUCCESS] bvid=BV1z1QcBwE5P 已成功抓取全部所需数据。
[2026-04-11 22:11:20] [SUCCESS] bvid=BV1vXQcB4EwB 已成功抓取全部所需数据。
[2026-04-11 22:11:25] [SUCCESS] bvid=BV1z1QcBwEFL 已成功抓取全部所需数据。
[2026-04-11 22:11:30] [SUCCESS] bvid=BV1f1QcBwEj7 已成功抓取全部所需数据。
[2026-04-11 22:11:36] [SUCCESS] bvid=BV1Z1QcBwE6G 已成功抓取全部所需数据。
[2026-04-11 22:11:41] [SUCCESS] bvid=BV1f1QcBwEKf 已成功抓取全部所需数据。
[2026-04-11 22:11:46] [SUCCESS] bvid=BV1f1QcBwEiw 已成功抓取全部所需数据。
[2026-04-11 22:11:51] [SUCCESS] bvid=BV1z1QcBwETJ 已成功抓取全部所需数据。
[2026-04-11 22:11:56] [SUCCESS] bvid=BV1z1QcBAEgL 已成功抓取全部所需数据。
[2026-04-11 22:12:02] [SUCCESS] bvid=BV1B1QcBwEfb 已成功抓取全部所需数据。
[2026-04-11 22:12:07] [SUCCESS] bvid=BV1z1QcBwEMK 已成功抓取全部所需数据。
[2026-04-11 22:12:12] [SUCCESS] bvid=BV1jXQcBtEAL 已成功抓取全部所需数据。
[2026-04-11 22:12:18] [SUCCESS] bvid=BV1RXQcB4EZA 已成功抓取全部所需数据。
[2026-04-11 22:12:23] [SUCCESS] bvid=BV1RXQcB4Er3 已成功抓取全部所需数据。
[2026-04-11 22:12:28] [SUCCESS] bvid=BV1vXQcB4ET5 已成功抓取全部所需数据。
[2026-04-11 22:12:34] [SUCCESS] bvid=BV1L9QcBoEeH 已成功抓取全部所需数据。
[2026-04-11 22:12:40] [SUCCESS] bvid=BV1vXQcB4EHo 已成功抓取全部所需数据。
[2026-04-11 22:12:45] [SUCCESS] bvid=BV1LXQcBtEW6 已成功抓取全部所需数据。
[2026-04-11 22:12:50] [SUCCESS] bvid=BV1vXQcB4Eti 已成功抓取全部所需数据。
[2026-04-11 22:12:55] [SUCCESS] bvid=BV1e9QcBdEr8 已成功抓取全部所需数据。
[2026-04-11 22:13:00] [SUCCESS] bvid=BV1e9QcBdEia 已成功抓取全部所需数据。
[2026-04-11 22:13:06] [SUCCESS] bvid=BV1e9QcBdEmF 已成功抓取全部所需数据。
[2026-04-11 22:13:11] [SUCCESS] bvid=BV1Y9QcBdEQY 已成功抓取全部所需数据。
[2026-04-11 22:13:17] [SUCCESS] bvid=BV1i9QcBdETn 已成功抓取全部所需数据。
[2026-04-11 22:13:22] [SUCCESS] bvid=BV1e9QcBdE22 已成功抓取全部所需数据。
[2026-04-11 22:13:27] [SUCCESS] bvid=BV1V9QcBoEQu 已成功抓取全部所需数据。
[2026-04-11 22:13:32] [SUCCESS] bvid=BV1R9QcBdEja 已成功抓取全部所需数据。
[2026-04-11 22:13:38] [SUCCESS] bvid=BV17DQcBfEnL 已成功抓取全部所需数据。
[2026-04-11 22:13:43] [SUCCESS] bvid=BV1R9QcBdEG8 已成功抓取全部所需数据。
[2026-04-11 22:13:48] [SUCCESS] bvid=BV1ZSQcBbEg5 已成功抓取全部所需数据。
[2026-04-11 22:13:54] [SUCCESS] bvid=BV1WEQwBzEJ5 已成功抓取全部所需数据。
[2026-04-11 22:14:00] [SUCCESS] bvid=BV1qDQcBZEFJ 已成功抓取全部所需数据。
[2026-04-11 22:14:05] [SUCCESS] bvid=BV1ZDQcBZEFZ 已成功抓取全部所需数据。
[2026-04-11 22:14:11] [SUCCESS] bvid=BV1XVDfBLE3D 已成功抓取全部所需数据。
[2026-04-11 22:14:17] [SUCCESS] bvid=BV1B2D4BYEDA 已成功抓取全部所需数据。
[2026-04-11 22:14:23] [SUCCESS] bvid=BV1qDQcBZEYR 已成功抓取全部所需数据。
[2026-04-11 22:14:29] [SUCCESS] bvid=BV1FsQwBiEFQ 已成功抓取全部所需数据。
[2026-04-11 22:14:34] [SUCCESS] bvid=BV1nsQwBvEsj 已成功抓取全部所需数据。
[2026-04-11 22:14:40] [SUCCESS] bvid=BV16JQFBcEkQ 已成功抓取全部所需数据。
[2026-04-11 22:14:46] [SUCCESS] bvid=BV1f9DHBpEdT 已成功抓取全部所需数据。
[2026-04-11 22:14:51] [SUCCESS] bvid=BV16sQwBvEQU 已成功抓取全部所需数据。
[2026-04-11 22:14:57] [SUCCESS] bvid=BV1zsQwBvE8S 已成功抓取全部所需数据。
[2026-04-11 22:15:02] [SUCCESS] bvid=BV1JsQwBvEJF 已成功抓取全部所需数据。
[2026-04-11 22:15:08] [SUCCESS] bvid=BV1JsQwBvEjo 已成功抓取全部所需数据。
[2026-04-11 22:15:13] [SUCCESS] bvid=BV1rnQwBMETe 已成功抓取全部所需数据。
[2026-04-11 22:15:19] [SUCCESS] bvid=BV1zsQwBvEeF 已成功抓取全部所需数据。
[2026-04-11 22:15:25] [SUCCESS] bvid=BV16sQwBvEKM 已成功抓取全部所需数据。
[2026-04-11 22:15:30] [SUCCESS] bvid=BV1JsQwBvEpY 已成功抓取全部所需数据。
[2026-04-11 22:15:36] [SUCCESS] bvid=BV1pnQwBMEQR 已成功抓取全部所需数据。
[2026-04-11 22:15:42] [SUCCESS] bvid=BV1HnQwBMEoe 已成功抓取全部所需数据。
[2026-04-11 22:15:47] [SUCCESS] bvid=BV1HnQwBMEju 已成功抓取全部所需数据。
[2026-04-11 22:15:53] [SUCCESS] bvid=BV1nHQwBqE2P 已成功抓取全部所需数据。
[2026-04-11 22:15:58] [SUCCESS] bvid=BV1JHQwBqEdP 已成功抓取全部所需数据。
[2026-04-11 22:16:04] [SUCCESS] bvid=BV16HQwBqEoC 已成功抓取全部所需数据。
[2026-04-11 22:16:09] [SUCCESS] bvid=BV1nHQwBqE8b 已成功抓取全部所需数据。
[2026-04-11 22:16:15] [SUCCESS] bvid=BV1nHQwBqEem 已成功抓取全部所需数据。
[2026-04-11 22:16:21] [SUCCESS] bvid=BV1nHQwBqEsY 已成功抓取全部所需数据。
[2026-04-11 22:16:27] [SUCCESS] bvid=BV1qhQwBhESj 已成功抓取全部所需数据。
[2026-04-11 22:16:32] [SUCCESS] bvid=BV1jhQwBhE3s 已成功抓取全部所需数据。
[2026-04-11 22:16:37] [SUCCESS] bvid=BV1nHQwBqEhy 已成功抓取全部所需数据。
[2026-04-11 22:16:43] [SUCCESS] bvid=BV17sQFBoExi 已成功抓取全部所需数据。
[2026-04-11 22:16:48] [SUCCESS] bvid=BV1j8QwBwEoe 已成功抓取全部所需数据。
[2026-04-11 22:16:54] [SUCCESS] bvid=BV1cZDxBTEth 已成功抓取全部所需数据。
[2026-04-11 22:16:59] [SUCCESS] bvid=BV1B8QwBwEM2 已成功抓取全部所需数据。
[2026-04-11 22:17:04] [SUCCESS] bvid=BV1jhQwBhE99 已成功抓取全部所需数据。
[2026-04-11 22:17:10] [SUCCESS] bvid=BV174QwBPEUS 已成功抓取全部所需数据。
[2026-04-11 22:17:15] [SUCCESS] bvid=BV1KtD4B2Eer 已成功抓取全部所需数据。
[2026-04-11 22:17:20] [SUCCESS] bvid=BV1YVDLB4EkJ 已成功抓取全部所需数据。
[2026-04-11 22:17:26] [SUCCESS] bvid=BV14MQwBjEZ4 已成功抓取全部所需数据。
[2026-04-11 22:17:26] [INFO] 当前 batch_crawl 已完成，所有视频均已成功抓取。
[2026-04-11 22:17:26] 子任务结束时间：2026-04-11T22:17:26.297457
[TIMESTAMP][END] 2026-04-11T22:17:26
