[TIMESTAMP][BEGIN] 2026-04-12T01:17:33
[2026-04-12 01:17:35] 开始执行 CSV 批量抓取子任务 part_23。
[2026-04-12 01:17:35] 子任务开始时间：2026-04-12T01:17:33.222932
[2026-04-12 01:17:35] 输入文件：batch_input_23.csv
[2026-04-12 01:17:35] 输入唯一 bvid 数量：100
[2026-04-12 01:17:35] 为严格按 CSV 顺序判断连续失败阈值，本次任务自动将并发度从 2 调整为 1。
[2026-04-12 01:17:40] [SUCCESS] bvid=BV17QD7BuEBj 已成功抓取全部所需数据。
[2026-04-12 01:17:46] [SUCCESS] bvid=BV1K4DLBmE5a 已成功抓取全部所需数据。
[2026-04-12 01:17:51] [SUCCESS] bvid=BV1ZeDuBmEUc 已成功抓取全部所需数据。
[2026-04-12 01:17:56] [SUCCESS] bvid=BV1uWDLBSEcH 已成功抓取全部所需数据。
[2026-04-12 01:18:01] [SUCCESS] bvid=BV1LXD7BBESG 已成功抓取全部所需数据。
[2026-04-12 01:18:07] [SUCCESS] bvid=BV17QD7BuEzj 已成功抓取全部所需数据。
[2026-04-12 01:18:12] [SUCCESS] bvid=BV1jXD7BBEQM 已成功抓取全部所需数据。
[2026-04-12 01:18:17] [SUCCESS] bvid=BV1oSD7BzESf 已成功抓取全部所需数据。
[2026-04-12 01:18:23] [SUCCESS] bvid=BV17UD7B3EVt 已成功抓取全部所需数据。
[2026-04-12 01:18:28] [SUCCESS] bvid=BV1W6D7B2EF4 已成功抓取全部所需数据。
[2026-04-12 01:18:33] [SUCCESS] bvid=BV1fUD7BgEZK 已成功抓取全部所需数据。
[2026-04-12 01:18:38] [SUCCESS] bvid=BV1fSD7BzEAB 已成功抓取全部所需数据。
[2026-04-12 01:18:43] [SUCCESS] bvid=BV1VZD7BNExs 已成功抓取全部所需数据。
[2026-04-12 01:18:48] [SUCCESS] bvid=BV15ZD7BNEB2 已成功抓取全部所需数据。
[2026-04-12 01:18:53] [SUCCESS] bvid=BV19ZD7BPECW 已成功抓取全部所需数据。
[2026-04-12 01:18:58] [SUCCESS] bvid=BV15ZD7BNEfS 已成功抓取全部所需数据。
[2026-04-12 01:19:03] [SUCCESS] bvid=BV19fD7BYEv8 已成功抓取全部所需数据。
[2026-04-12 01:19:09] [SUCCESS] bvid=BV1dRD7BKEH6 已成功抓取全部所需数据。
[2026-04-12 01:19:14] [SUCCESS] bvid=BV15RD7BTEWM 已成功抓取全部所需数据。
[2026-04-12 01:19:19] [SUCCESS] bvid=BV19dD7BvEiD 已成功抓取全部所需数据。
[2026-04-12 01:19:25] [SUCCESS] bvid=BV19dD7BvEB1 已成功抓取全部所需数据。
[2026-04-12 01:19:30] [SUCCESS] bvid=BV1dDDLBcEkN 已成功抓取全部所需数据。
[2026-04-12 01:19:36] [SUCCESS] bvid=BV1AzD7B7ENW 已成功抓取全部所需数据。
[2026-04-12 01:19:41] [SUCCESS] bvid=BV1w6D7B2Ep4 已成功抓取全部所需数据。
[2026-04-12 01:19:47] [SUCCESS] bvid=BV1NiD7BJEGz 已成功抓取全部所需数据。
[2026-04-12 01:19:52] [SUCCESS] bvid=BV1wzD7B7ESY 已成功抓取全部所需数据。
[2026-04-12 01:19:57] [SUCCESS] bvid=BV1w6D7B2EH9 已成功抓取全部所需数据。
[2026-04-12 01:20:03] [SUCCESS] bvid=BV1AqD7BUEUj 已成功抓取全部所需数据。
[2026-04-12 01:20:08] [SUCCESS] bvid=BV1siD7BJEA4 已成功抓取全部所需数据。
[2026-04-12 01:20:14] [SUCCESS] bvid=BV1PiD7BJE75 已成功抓取全部所需数据。
[2026-04-12 01:20:19] [SUCCESS] bvid=BV11PXfBgEZe 已成功抓取全部所需数据。
[2026-04-12 01:20:25] [SUCCESS] bvid=BV1NiD7BJEY7 已成功抓取全部所需数据。
[2026-04-12 01:20:31] [SUCCESS] bvid=BV1CiD7BJExQ 已成功抓取全部所需数据。
[2026-04-12 01:20:36] [SUCCESS] bvid=BV1AqD7BUEYv 已成功抓取全部所需数据。
[2026-04-12 01:20:42] [SUCCESS] bvid=BV1AqD7BUEjj 已成功抓取全部所需数据。
[2026-04-12 01:20:47] [SUCCESS] bvid=BV1sqD7BUENu 已成功抓取全部所需数据。
[2026-04-12 01:20:52] [SUCCESS] bvid=BV1PqD7BUErS 已成功抓取全部所需数据。
[2026-04-12 01:20:58] [SUCCESS] bvid=BV1ckD7BjEPc 已成功抓取全部所需数据。
[2026-04-12 01:21:03] [SUCCESS] bvid=BV1F1D7BVEQ7 已成功抓取全部所需数据。
[2026-04-12 01:21:08] [SUCCESS] bvid=BV1f2D7BrEfV 已成功抓取全部所需数据。
[2026-04-12 01:21:14] [SUCCESS] bvid=BV1f2D7BrE7q 已成功抓取全部所需数据。
[2026-04-12 01:21:19] [SUCCESS] bvid=BV1nkD7BLEPJ 已成功抓取全部所需数据。
[2026-04-12 01:21:26] [SUCCESS] bvid=BV1F2D7BkEhW 已成功抓取全部所需数据。
[2026-04-12 01:21:31] [SUCCESS] bvid=BV1P49uBNEvZ 已成功抓取全部所需数据。
[2026-04-12 01:21:36] [SUCCESS] bvid=BV1E2D7BkEmj 已成功抓取全部所需数据。
[2026-04-12 01:21:42] [SUCCESS] bvid=BV1rkD7BLEEC 已成功抓取全部所需数据。
[2026-04-12 01:21:47] [SUCCESS] bvid=BV1HkD7BLES5 已成功抓取全部所需数据。
[2026-04-12 01:21:52] [SUCCESS] bvid=BV1ckD7BLEA8 已成功抓取全部所需数据。
[2026-04-12 01:21:58] [SUCCESS] bvid=BV1wkD7BLEms 已成功抓取全部所需数据。
[2026-04-12 01:22:03] [SUCCESS] bvid=BV1y3DjB2E9d 已成功抓取全部所需数据。
[2026-04-12 01:22:09] [SUCCESS] bvid=BV1XrDrBAEYH 已成功抓取全部所需数据。
[2026-04-12 01:22:14] [SUCCESS] bvid=BV1xbDLBjEu5 已成功抓取全部所需数据。
[2026-04-12 01:22:20] [SUCCESS] bvid=BV1kHDEBmErp 已成功抓取全部所需数据。
[2026-04-12 01:22:25] [SUCCESS] bvid=BV19qDjBfEJ2 已成功抓取全部所需数据。
[2026-04-12 01:22:31] [SUCCESS] bvid=BV1ioD6BPE8N 已成功抓取全部所需数据。
[2026-04-12 01:22:36] [SUCCESS] bvid=BV1fyDLBNEr2 已成功抓取全部所需数据。
[2026-04-12 01:22:42] [SUCCESS] bvid=BV1HCD7ByExk 已成功抓取全部所需数据。
[2026-04-12 01:22:47] [SUCCESS] bvid=BV1xLDEBXEAr 已成功抓取全部所需数据。
[2026-04-12 01:22:53] [SUCCESS] bvid=BV1TGDEBREqU 已成功抓取全部所需数据。
[2026-04-12 01:22:58] [SUCCESS] bvid=BV1yLDEBQEze 已成功抓取全部所需数据。
[2026-04-12 01:23:03] [SUCCESS] bvid=BV1xLDEBXEeV 已成功抓取全部所需数据。
[2026-04-12 01:23:09] [SUCCESS] bvid=BV1C7DEBnESb 已成功抓取全部所需数据。
[2026-04-12 01:23:14] [SUCCESS] bvid=BV1y7DEBnEyQ 已成功抓取全部所需数据。
[2026-04-12 01:23:20] [SUCCESS] bvid=BV1y7DEBnEcj 已成功抓取全部所需数据。
[2026-04-12 01:23:25] [SUCCESS] bvid=BV1N7DEBHEHp 已成功抓取全部所需数据。
[2026-04-12 01:23:31] [SUCCESS] bvid=BV1C7DEBnEyj 已成功抓取全部所需数据。
[2026-04-12 01:23:36] [SUCCESS] bvid=BV1s7DEBHEc3 已成功抓取全部所需数据。
[2026-04-12 01:23:42] [SUCCESS] bvid=BV1NGDEBREkX 已成功抓取全部所需数据。
[2026-04-12 01:23:47] [SUCCESS] bvid=BV11GDEB9E5j 已成功抓取全部所需数据。
[2026-04-12 01:23:53] [SUCCESS] bvid=BV15DDiBQEq6 已成功抓取全部所需数据。
[2026-04-12 01:23:58] [SUCCESS] bvid=BV1TGDEBREY4 已成功抓取全部所需数据。
[2026-04-12 01:24:03] [SUCCESS] bvid=BV12GDEB9EAu 已成功抓取全部所需数据。
[2026-04-12 01:24:09] [SUCCESS] bvid=BV1K5DEBWEEC 已成功抓取全部所需数据。
[2026-04-12 01:24:15] [SUCCESS] bvid=BV1rHDEBmEfU 已成功抓取全部所需数据。
[2026-04-12 01:24:20] [SUCCESS] bvid=BV1N5DEBWE4j 已成功抓取全部所需数据。
[2026-04-12 01:24:25] [SUCCESS] bvid=BV125DEBpEvM 已成功抓取全部所需数据。
[2026-04-12 01:24:31] [SUCCESS] bvid=BV1gNDEB8E5b 已成功抓取全部所需数据。
[2026-04-12 01:24:37] [SUCCESS] bvid=BV1rHDEBmE4z 已成功抓取全部所需数据。
[2026-04-12 01:24:42] [SUCCESS] bvid=BV1kHDEBmEUr 已成功抓取全部所需数据。
[2026-04-12 01:24:47] [SUCCESS] bvid=BV1kHDEBUEM8 已成功抓取全部所需数据。
[2026-04-12 01:24:53] [SUCCESS] bvid=BV1AHDEBUE3G 已成功抓取全部所需数据。
[2026-04-12 01:24:59] [SUCCESS] bvid=BV1kHDEBmEzt 已成功抓取全部所需数据。
[2026-04-12 01:25:04] [SUCCESS] bvid=BV1wWDEB7EL9 已成功抓取全部所需数据。
[2026-04-12 01:25:10] [SUCCESS] bvid=BV1yEDEBSExb 已成功抓取全部所需数据。
[2026-04-12 01:25:15] [SUCCESS] bvid=BV1AEDEBDEqJ 已成功抓取全部所需数据。
[2026-04-12 01:25:21] [SUCCESS] bvid=BV1yEDEBSEVJ 已成功抓取全部所需数据。
[2026-04-12 01:25:26] [SUCCESS] bvid=BV1knDEBEE71 已成功抓取全部所需数据。
[2026-04-12 01:25:32] [SUCCESS] bvid=BV1DPDEBFEW6 已成功抓取全部所需数据。
[2026-04-12 01:25:37] [SUCCESS] bvid=BV13PDEBcE9p 已成功抓取全部所需数据。
[2026-04-12 01:25:43] [SUCCESS] bvid=BV1gNDEB8EX5 已成功抓取全部所需数据。
[2026-04-12 01:25:48] [SUCCESS] bvid=BV1MuDEBdEhC 已成功抓取全部所需数据。
[2026-04-12 01:25:53] [SUCCESS] bvid=BV1RQDLB8E5A 已成功抓取全部所需数据。
[2026-04-12 01:25:59] [SUCCESS] bvid=BV1UuDEBdEWd 已成功抓取全部所需数据。
[2026-04-12 01:26:04] [SUCCESS] bvid=BV1UuDEBdECY 已成功抓取全部所需数据。
[2026-04-12 01:26:09] [SUCCESS] bvid=BV1muDEBdEuF 已成功抓取全部所需数据。
[2026-04-12 01:26:15] [SUCCESS] bvid=BV1t3DEBxEfA 已成功抓取全部所需数据。
[2026-04-12 01:26:20] [SUCCESS] bvid=BV1UuDEBoExr 已成功抓取全部所需数据。
[2026-04-12 01:26:26] [SUCCESS] bvid=BV123DEBsE8L 已成功抓取全部所需数据。
[2026-04-12 01:26:31] [SUCCESS] bvid=BV123DEBsEYt 已成功抓取全部所需数据。
[2026-04-12 01:26:37] [SUCCESS] bvid=BV1rJDjB3EFX 已成功抓取全部所需数据。
[2026-04-12 01:26:37] [INFO] 当前 batch_crawl 已完成，所有视频均已成功抓取。
[2026-04-12 01:26:37] 子任务结束时间：2026-04-12T01:26:37.298659
[TIMESTAMP][END] 2026-04-12T01:26:37
