[TIMESTAMP][BEGIN] 2026-04-11T23:45:14
[2026-04-11 23:45:16] 开始执行 CSV 批量抓取子任务 part_14。
[2026-04-11 23:45:16] 子任务开始时间：2026-04-11T23:45:14.631327
[2026-04-11 23:45:16] 输入文件：batch_input_14.csv
[2026-04-11 23:45:16] 输入唯一 bvid 数量：100
[2026-04-11 23:45:16] 为严格按 CSV 顺序判断连续失败阈值，本次任务自动将并发度从 2 调整为 1。
[2026-04-11 23:45:22] [SUCCESS] bvid=BV1A1DdBoE2h 已成功抓取全部所需数据。
[2026-04-11 23:45:28] [SUCCESS] bvid=BV1NkDdBfE13 已成功抓取全部所需数据。
[2026-04-11 23:45:34] [SUCCESS] bvid=BV1xkDdBfERk 已成功抓取全部所需数据。
[2026-04-11 23:45:40] [SUCCESS] bvid=BV1gCDtBsEFq 已成功抓取全部所需数据。
[2026-04-11 23:45:46] [SUCCESS] bvid=BV1z4DtBKEpK 已成功抓取全部所需数据。
[2026-04-11 23:45:52] [SUCCESS] bvid=BV1MvDdBeEDC 已成功抓取全部所需数据。
[2026-04-11 23:45:58] [SUCCESS] bvid=BV1ahDdBTExH 已成功抓取全部所需数据。
[2026-04-11 23:46:04] [SUCCESS] bvid=BV1QaDdBiEk3 已成功抓取全部所需数据。
[2026-04-11 23:46:09] [SUCCESS] bvid=BV1dPDoBCE6E 已成功抓取全部所需数据。
[2026-04-11 23:46:15] [SUCCESS] bvid=BV1emDoB5Eub 已成功抓取全部所需数据。
[2026-04-11 23:46:20] [SUCCESS] bvid=BV1e9D4BZEoY 已成功抓取全部所需数据。
[2026-04-11 23:46:26] [SUCCESS] bvid=BV1z1D4BPELT 已成功抓取全部所需数据。
[2026-04-11 23:46:32] [SUCCESS] bvid=BV1bADtBQEBX 已成功抓取全部所需数据。
[2026-04-11 23:46:37] [SUCCESS] bvid=BV1tKDtBSEpZ 已成功抓取全部所需数据。
[2026-04-11 23:46:43] [SUCCESS] bvid=BV14uDtBmEB6 已成功抓取全部所需数据。
[2026-04-11 23:46:48] [SUCCESS] bvid=BV1s3DtBjEoU 已成功抓取全部所需数据。
[2026-04-11 23:46:54] [SUCCESS] bvid=BV1G6DtB4EYX 已成功抓取全部所需数据。
[2026-04-11 23:47:00] [SUCCESS] bvid=BV18rDtBdE2x 已成功抓取全部所需数据。
[2026-04-11 23:47:05] [SUCCESS] bvid=BV1gCDtBsEy6 已成功抓取全部所需数据。
[2026-04-11 23:47:11] [SUCCESS] bvid=BV1DyDtB9ENG 已成功抓取全部所需数据。
[2026-04-11 23:47:16] [SUCCESS] bvid=BV1vhDtBYERj 已成功抓取全部所需数据。
[2026-04-11 23:47:22] [SUCCESS] bvid=BV1fNDbBuEhV 已成功抓取全部所需数据。
[2026-04-11 23:47:27] [SUCCESS] bvid=BV1FKDbBzEcE 已成功抓取全部所需数据。
[2026-04-11 23:47:33] [SUCCESS] bvid=BV1KTDxBGEoB 已成功抓取全部所需数据。
[2026-04-11 23:47:38] [SUCCESS] bvid=BV1dFDpBEE9r 已成功抓取全部所需数据。
[2026-04-11 23:47:44] [SUCCESS] bvid=BV1XrSdBiEfp 已成功抓取全部所需数据。
[2026-04-11 23:47:49] [SUCCESS] bvid=BV1o3DbBNEzs 已成功抓取全部所需数据。
[2026-04-11 23:47:55] [SUCCESS] bvid=BV1dGDbBeEtZ 已成功抓取全部所需数据。
[2026-04-11 23:48:00] [SUCCESS] bvid=BV1oGDbBeEKM 已成功抓取全部所需数据。
[2026-04-11 23:48:06] [SUCCESS] bvid=BV1ZMDbBTENt 已成功抓取全部所需数据。
[2026-04-11 23:48:12] [SUCCESS] bvid=BV1P9DtBmEeh 已成功抓取全部所需数据。
[2026-04-11 23:48:17] [SUCCESS] bvid=BV1KDDtBSELb 已成功抓取全部所需数据。
[2026-04-11 23:48:23] [SUCCESS] bvid=BV1xDDtBSEeD 已成功抓取全部所需数据。
[2026-04-11 23:48:29] [SUCCESS] bvid=BV12SDtBnEoq 已成功抓取全部所需数据。
[2026-04-11 23:48:34] [SUCCESS] bvid=BV1AfDtB5Egc 已成功抓取全部所需数据。
[2026-04-11 23:48:39] [SUCCESS] bvid=BV1pFDbBCEJc 已成功抓取全部所需数据。
[2026-04-11 23:48:45] [SUCCESS] bvid=BV1WdDtBjExb 已成功抓取全部所需数据。
[2026-04-11 23:48:50] [SUCCESS] bvid=BV1NdDtBjEci 已成功抓取全部所需数据。
[2026-04-11 23:48:55] [SUCCESS] bvid=BV1CVDxBTESC 已成功抓取全部所需数据。
[2026-04-11 23:49:01] [SUCCESS] bvid=BV1WVDxBTE6i 已成功抓取全部所需数据。
[2026-04-11 23:49:06] [SUCCESS] bvid=BV1w5DxBqEuJ 已成功抓取全部所需数据。
[2026-04-11 23:49:12] [SUCCESS] bvid=BV1RNDsBXESU 已成功抓取全部所需数据。
[2026-04-11 23:49:17] [SUCCESS] bvid=BV1p5DxBiExp 已成功抓取全部所需数据。
[2026-04-11 23:49:23] [SUCCESS] bvid=BV1n5DxBiEys 已成功抓取全部所需数据。
[2026-04-11 23:49:28] [SUCCESS] bvid=BV1BnDxBaEou 已成功抓取全部所需数据。
[2026-04-11 23:49:34] [SUCCESS] bvid=BV1JJDxBAE5A 已成功抓取全部所需数据。
[2026-04-11 23:49:39] [SUCCESS] bvid=BV16JDxBAEn4 已成功抓取全部所需数据。
[2026-04-11 23:49:44] [SUCCESS] bvid=BV16JDxBAEHq 已成功抓取全部所需数据。
[2026-04-11 23:49:50] [SUCCESS] bvid=BV16nDxBaEFU 已成功抓取全部所需数据。
[2026-04-11 23:49:55] [SUCCESS] bvid=BV1JJDxBAE5s 已成功抓取全部所需数据。
[2026-04-11 23:50:01] [SUCCESS] bvid=BV1njDxBNEvY 已成功抓取全部所需数据。
[2026-04-11 23:50:06] [SUCCESS] bvid=BV1HjDxBKEmF 已成功抓取全部所需数据。
[2026-04-11 23:50:12] [SUCCESS] bvid=BV1bwDxByEeE 已成功抓取全部所需数据。
[2026-04-11 23:50:18] [SUCCESS] bvid=BV18cDxBLExj 已成功抓取全部所需数据。
[2026-04-11 23:50:24] [SUCCESS] bvid=BV1hZDsB7EHe 已成功抓取全部所需数据。
[2026-04-11 23:50:29] [SUCCESS] bvid=BV1UwDxByE7u 已成功抓取全部所需数据。
[2026-04-11 23:50:36] [SUCCESS] bvid=BV18fDsB2Err 已成功抓取全部所需数据。
[2026-04-11 23:50:41] [SUCCESS] bvid=BV18fDsB2Ekb 已成功抓取全部所需数据。
[2026-04-11 23:50:47] [SUCCESS] bvid=BV11TDxB3Eec 已成功抓取全部所需数据。
[2026-04-11 23:50:52] [SUCCESS] bvid=BV1xMDxB6EDp 已成功抓取全部所需数据。
[2026-04-11 23:50:58] [SUCCESS] bvid=BV1mPDxBVEKM 已成功抓取全部所需数据。
[2026-04-11 23:50:58] [ERROR] bvid=BV1xNDxBkEXt 抓取失败：stat: 接口返回错误代码：-404，信息：啥都木有。
{'code': -404, 'message': '啥都木有', 'ttl': 1} | comment: 接口返回错误代码：-404，信息：啥都木有。
{'code': -404, 'message': '啥都木有', 'ttl': 1}
[2026-04-11 23:51:04] [SUCCESS] bvid=BV14NDxBkER1 已成功抓取全部所需数据。
[2026-04-11 23:51:09] [SUCCESS] bvid=BV1RPDsBWEmz 已成功抓取全部所需数据。
[2026-04-11 23:51:14] [SUCCESS] bvid=BV12WSDBkEnR 已成功抓取全部所需数据。
[2026-04-11 23:51:20] [SUCCESS] bvid=BV14NDxBkEUu 已成功抓取全部所需数据。
[2026-04-11 23:51:26] [SUCCESS] bvid=BV1xNDxBkERp 已成功抓取全部所需数据。
[2026-04-11 23:51:31] [SUCCESS] bvid=BV13qDxBDEUm 已成功抓取全部所需数据。
[2026-04-11 23:51:37] [SUCCESS] bvid=BV13qDxBDE75 已成功抓取全部所需数据。
[2026-04-11 23:51:43] [SUCCESS] bvid=BV1DzDxBJET2 已成功抓取全部所需数据。
[2026-04-11 23:51:48] [SUCCESS] bvid=BV1gzDxBJEc7 已成功抓取全部所需数据。
[2026-04-11 23:51:54] [SUCCESS] bvid=BV1hzDxBJE5d 已成功抓取全部所需数据。
[2026-04-11 23:51:59] [SUCCESS] bvid=BV1YeDxBXEZz 已成功抓取全部所需数据。
[2026-04-11 23:52:05] [SUCCESS] bvid=BV13eDxBXExT 已成功抓取全部所需数据。
[2026-04-11 23:52:10] [SUCCESS] bvid=BV1GiDxBHEiz 已成功抓取全部所需数据。
[2026-04-11 23:52:16] [SUCCESS] bvid=BV1aiDxBHEty 已成功抓取全部所需数据。
[2026-04-11 23:52:21] [SUCCESS] bvid=BV1GiDxBHEiZ 已成功抓取全部所需数据。
[2026-04-11 23:52:27] [SUCCESS] bvid=BV1u6DxBUESG 已成功抓取全部所需数据。
[2026-04-11 23:52:32] [SUCCESS] bvid=BV1T1DxBLEEe 已成功抓取全部所需数据。
[2026-04-11 23:52:38] [SUCCESS] bvid=BV1t1DxBLEvF 已成功抓取全部所需数据。
[2026-04-11 23:52:44] [SUCCESS] bvid=BV1vkDpBSEzF 已成功抓取全部所需数据。
[2026-04-11 23:52:50] [SUCCESS] bvid=BV1g6DxBUEpT 已成功抓取全部所需数据。
[2026-04-11 23:52:55] [SUCCESS] bvid=BV1gkDxB7EFs 已成功抓取全部所需数据。
[2026-04-11 23:53:00] [SUCCESS] bvid=BV1BsDxBfELs 已成功抓取全部所需数据。
[2026-04-11 23:53:06] [SUCCESS] bvid=BV1NPXfBgEoU 已成功抓取全部所需数据。
[2026-04-11 23:53:12] [SUCCESS] bvid=BV1jsDxBfEaQ 已成功抓取全部所需数据。
[2026-04-11 23:53:17] [SUCCESS] bvid=BV1i4DxBtEPc 已成功抓取全部所需数据。
[2026-04-11 23:53:23] [SUCCESS] bvid=BV1L4DxBtEie 已成功抓取全部所需数据。
[2026-04-11 23:53:28] [SUCCESS] bvid=BV1R4DxBtEZf 已成功抓取全部所需数据。
[2026-04-11 23:53:34] [SUCCESS] bvid=BV1BWDxB8Ee7 已成功抓取全部所需数据。
[2026-04-11 23:53:39] [SUCCESS] bvid=BV1BpDxBcEsz 已成功抓取全部所需数据。
[2026-04-11 23:53:44] [SUCCESS] bvid=BV1BWDxB8Emm 已成功抓取全部所需数据。
[2026-04-11 23:53:50] [SUCCESS] bvid=BV1BWDxB8EoS 已成功抓取全部所需数据。
[2026-04-11 23:53:55] [SUCCESS] bvid=BV1EWDxB8Eby 已成功抓取全部所需数据。
[2026-04-11 23:54:01] [SUCCESS] bvid=BV1jWDxB8EsP 已成功抓取全部所需数据。
[2026-04-11 23:54:06] [SUCCESS] bvid=BV1EWDxB8EBR 已成功抓取全部所需数据。
[2026-04-11 23:54:11] [SUCCESS] bvid=BV15hDxBREii 已成功抓取全部所需数据。
[2026-04-11 23:54:17] [SUCCESS] bvid=BV1VhDxBREsb 已成功抓取全部所需数据。
[2026-04-11 23:54:23] [SUCCESS] bvid=BV1vhDxBRE3C 已成功抓取全部所需数据。
[2026-04-11 23:54:29] [SUCCESS] bvid=BV1VYDxBWEwk 已成功抓取全部所需数据。
[2026-04-11 23:54:29] [WARN] 当前子任务已结束，但仍有未成功抓取的视频，已导出 remaining CSV 供继续执行。
[2026-04-11 23:54:29] [INFO] 已导出剔除成功条目后的剩余 CSV：D:\Schoolworks\Thesis\Bilibili-Datahub\outputs\video_data\manual_crawls\manual_crawl_stat_comment_20260411_211113\remaining_bvids_part_14.csv
[2026-04-11 23:54:29] 子任务结束时间：2026-04-11T23:54:29.417943
[TIMESTAMP][END] 2026-04-11T23:54:29
