[TIMESTAMP][BEGIN] 2026-04-11T21:49:56
[2026-04-11 21:49:58] 开始执行 CSV 批量抓取子任务 part_4。
[2026-04-11 21:49:58] 子任务开始时间：2026-04-11T21:49:56.323485
[2026-04-11 21:49:58] 输入文件：batch_input_4.csv
[2026-04-11 21:49:58] 输入唯一 bvid 数量：100
[2026-04-11 21:49:58] 为严格按 CSV 顺序判断连续失败阈值，本次任务自动将并发度从 2 调整为 1。
[2026-04-11 21:50:04] [SUCCESS] bvid=BV16bQPB6EXz 已成功抓取全部所需数据。
[2026-04-11 21:50:10] [SUCCESS] bvid=BV1uRQKBhEmE 已成功抓取全部所需数据。
[2026-04-11 21:50:15] [SUCCESS] bvid=BV1gDQKBPEm6 已成功抓取全部所需数据。
[2026-04-11 21:50:22] [SUCCESS] bvid=BV13DQKBPEYH 已成功抓取全部所需数据。
[2026-04-11 21:50:27] [SUCCESS] bvid=BV1JhQPBuESZ 已成功抓取全部所需数据。
[2026-04-11 21:50:33] [SUCCESS] bvid=BV1aDQKBPEUq 已成功抓取全部所需数据。
[2026-04-11 21:50:39] [SUCCESS] bvid=BV13QQKBYEWE 已成功抓取全部所需数据。
[2026-04-11 21:50:44] [SUCCESS] bvid=BV1pgDZBbEpG 已成功抓取全部所需数据。
[2026-04-11 21:50:50] [SUCCESS] bvid=BV1tVQPBDEjy 已成功抓取全部所需数据。
[2026-04-11 21:50:55] [SUCCESS] bvid=BV1KfQKBZEY9 已成功抓取全部所需数据。
[2026-04-11 21:51:00] [SUCCESS] bvid=BV1gEFDzVE5L 已成功抓取全部所需数据。
[2026-04-11 21:51:06] [SUCCESS] bvid=BV1gEFDzVEYT 已成功抓取全部所需数据。
[2026-04-11 21:51:11] [SUCCESS] bvid=BV1GHQAB4EdF 已成功抓取全部所需数据。
[2026-04-11 21:51:16] [SUCCESS] bvid=BV1ggQPB9EMT 已成功抓取全部所需数据。
[2026-04-11 21:51:22] [SUCCESS] bvid=BV1M2QFBkEYu 已成功抓取全部所需数据。
[2026-04-11 21:51:27] [SUCCESS] bvid=BV1UuQwB1Exc 已成功抓取全部所需数据。
[2026-04-11 21:51:33] [SUCCESS] bvid=BV1r9DWBwEGj 已成功抓取全部所需数据。
[2026-04-11 21:51:38] [SUCCESS] bvid=BV1nqDiBhERx 已成功抓取全部所需数据。
[2026-04-11 21:51:44] [SUCCESS] bvid=BV16mQABBEqd 已成功抓取全部所需数据。
[2026-04-11 21:51:49] [SUCCESS] bvid=BV1nmQABzEX5 已成功抓取全部所需数据。
[2026-04-11 21:51:55] [SUCCESS] bvid=BV1yYQcBgE4w 已成功抓取全部所需数据。
[2026-04-11 21:52:00] [SUCCESS] bvid=BV1QZDfBLEQw 已成功抓取全部所需数据。
[2026-04-11 21:52:06] [SUCCESS] bvid=BV1uDQPBxEZf 已成功抓取全部所需数据。
[2026-04-11 21:52:12] [SUCCESS] bvid=BV1YcQPBfE2K 已成功抓取全部所需数据。
[2026-04-11 21:52:17] [SUCCESS] bvid=BV1MZQKBbEHf 已成功抓取全部所需数据。
[2026-04-11 21:52:23] [SUCCESS] bvid=BV1TZQKBbExT 已成功抓取全部所需数据。
[2026-04-11 21:52:29] [SUCCESS] bvid=BV1zkDfBxEbS 已成功抓取全部所需数据。
[2026-04-11 21:52:34] [SUCCESS] bvid=BV1EBQKBGE3k 已成功抓取全部所需数据。
[2026-04-11 21:52:40] [SUCCESS] bvid=BV1jzQKBrEeo 已成功抓取全部所需数据。
[2026-04-11 21:52:45] [SUCCESS] bvid=BV169QNBGEAS 已成功抓取全部所需数据。
[2026-04-11 21:52:51] [SUCCESS] bvid=BV1GmQKBTEiK 已成功抓取全部所需数据。
[2026-04-11 21:52:56] [SUCCESS] bvid=BV1GmQKBKE4L 已成功抓取全部所需数据。
[2026-04-11 21:53:02] [SUCCESS] bvid=BV1QUQKBvEfq 已成功抓取全部所需数据。
[2026-04-11 21:53:07] [SUCCESS] bvid=BV1aUQKBvE7a 已成功抓取全部所需数据。
[2026-04-11 21:53:12] [SUCCESS] bvid=BV1E7QTB1EBE 已成功抓取全部所需数据。
[2026-04-11 21:53:18] [SUCCESS] bvid=BV1JjQTBjELe 已成功抓取全部所需数据。
[2026-04-11 21:53:23] [SUCCESS] bvid=BV17nDZBQE4P 已成功抓取全部所需数据。
[2026-04-11 21:53:29] [SUCCESS] bvid=BV1hYDWB1EuM 已成功抓取全部所需数据。
[2026-04-11 21:53:34] [SUCCESS] bvid=BV1qEXfBfEU3 已成功抓取全部所需数据。
[2026-04-11 21:53:40] [SUCCESS] bvid=BV1qEXfBfECF 已成功抓取全部所需数据。
[2026-04-11 21:53:45] [SUCCESS] bvid=BV1QbQNBbEYX 已成功抓取全部所需数据。
[2026-04-11 21:53:51] [SUCCESS] bvid=BV1WJQPB2Egg 已成功抓取全部所需数据。
[2026-04-11 21:53:56] [SUCCESS] bvid=BV1fjQTBLEef 已成功抓取全部所需数据。
[2026-04-11 21:54:01] [SUCCESS] bvid=BV1dWQTB6EJ4 已成功抓取全部所需数据。
[2026-04-11 21:54:07] [SUCCESS] bvid=BV1RWQTB6E2y 已成功抓取全部所需数据。
[2026-04-11 21:54:12] [SUCCESS] bvid=BV1dWQTB6EpE 已成功抓取全部所需数据。
[2026-04-11 21:54:17] [SUCCESS] bvid=BV1LxQTBgEKz 已成功抓取全部所需数据。
[2026-04-11 21:54:23] [SUCCESS] bvid=BV1RxQTBuExr 已成功抓取全部所需数据。
[2026-04-11 21:54:29] [SUCCESS] bvid=BV1ZnQTBkENB 已成功抓取全部所需数据。
[2026-04-11 21:54:34] [SUCCESS] bvid=BV1onQTBkE4i 已成功抓取全部所需数据。
[2026-04-11 21:54:40] [SUCCESS] bvid=BV1jpQTBGEHS 已成功抓取全部所需数据。
[2026-04-11 21:54:45] [SUCCESS] bvid=BV1WTQTBpEMJ 已成功抓取全部所需数据。
[2026-04-11 21:54:51] [SUCCESS] bvid=BV1PPQTBsEWP 已成功抓取全部所需数据。
[2026-04-11 21:54:56] [SUCCESS] bvid=BV19gDfB7EYo 已成功抓取全部所需数据。
[2026-04-11 21:55:02] [SUCCESS] bvid=BV1cVQTBEEwi 已成功抓取全部所需数据。
[2026-04-11 21:55:07] [SUCCESS] bvid=BV1AMQTBQE7e 已成功抓取全部所需数据。
[2026-04-11 21:55:13] [SUCCESS] bvid=BV1cgQTBnESZ 已成功抓取全部所需数据。
[2026-04-11 21:55:19] [SUCCESS] bvid=BV1MzDZBzEQc 已成功抓取全部所需数据。
[2026-04-11 21:55:25] [SUCCESS] bvid=BV1t2QFBkEy1 已成功抓取全部所需数据。
[2026-04-11 21:55:31] [SUCCESS] bvid=BV1huQKBwEfW 已成功抓取全部所需数据。
[2026-04-11 21:55:37] [SUCCESS] bvid=BV1dQDfBJEcu 已成功抓取全部所需数据。
[2026-04-11 21:55:43] [SUCCESS] bvid=BV1oUDfBHEE8 已成功抓取全部所需数据。
[2026-04-11 21:55:48] [SUCCESS] bvid=BV1HqDiBhEPi 已成功抓取全部所需数据。
[2026-04-11 21:55:54] [SUCCESS] bvid=BV1U4QcB5E71 已成功抓取全部所需数据。
[2026-04-11 21:55:59] [SUCCESS] bvid=BV1CUQTBWE18 已成功抓取全部所需数据。
[2026-04-11 21:56:05] [SUCCESS] bvid=BV1DaQTBNEx8 已成功抓取全部所需数据。
[2026-04-11 21:56:11] [SUCCESS] bvid=BV13YQTBvE73 已成功抓取全部所需数据。
[2026-04-11 21:56:17] [SUCCESS] bvid=BV1MDQPBxEkC 已成功抓取全部所需数据。
[2026-04-11 21:56:22] [SUCCESS] bvid=BV1psQPBVEu6 已成功抓取全部所需数据。
[2026-04-11 21:56:28] [SUCCESS] bvid=BV1AcQNBUEjD 已成功抓取全部所需数据。
[2026-04-11 21:56:33] [SUCCESS] bvid=BV11TQFBuEzP 已成功抓取全部所需数据。
[2026-04-11 21:56:39] [SUCCESS] bvid=BV1ZGQABaEE7 已成功抓取全部所需数据。
[2026-04-11 21:56:44] [SUCCESS] bvid=BV1ZuQABeE8M 已成功抓取全部所需数据。
[2026-04-11 21:56:50] [SUCCESS] bvid=BV19JQABoEes 已成功抓取全部所需数据。
[2026-04-11 21:56:55] [SUCCESS] bvid=BV1dLQAB8EbC 已成功抓取全部所需数据。
[2026-04-11 21:57:00] [SUCCESS] bvid=BV16MQABKEMk 已成功抓取全部所需数据。
[2026-04-11 21:57:06] [SUCCESS] bvid=BV1P6QAB5E6m 已成功抓取全部所需数据。
[2026-04-11 21:57:11] [SUCCESS] bvid=BV1wrQABCEUr 已成功抓取全部所需数据。
[2026-04-11 21:57:17] [SUCCESS] bvid=BV1GpQABdEeN 已成功抓取全部所需数据。
[2026-04-11 21:57:22] [SUCCESS] bvid=BV13sQABsEb1 已成功抓取全部所需数据。
[2026-04-11 21:57:27] [SUCCESS] bvid=BV1GHQAB4EPM 已成功抓取全部所需数据。
[2026-04-11 21:57:33] [SUCCESS] bvid=BV1GpQABdEsR 已成功抓取全部所需数据。
[2026-04-11 21:57:38] [SUCCESS] bvid=BV1XpQABdEba 已成功抓取全部所需数据。
[2026-04-11 21:57:44] [SUCCESS] bvid=BV1UaQABUEuH 已成功抓取全部所需数据。
[2026-04-11 21:57:49] [SUCCESS] bvid=BV1XcQPBfE3G 已成功抓取全部所需数据。
[2026-04-11 21:57:55] [SUCCESS] bvid=BV1YAQPBtEja 已成功抓取全部所需数据。
[2026-04-11 21:58:00] [SUCCESS] bvid=BV1VYQFBHEpQ 已成功抓取全部所需数据。
[2026-04-11 21:58:06] [SUCCESS] bvid=BV1NoD8BWERM 已成功抓取全部所需数据。
[2026-04-11 21:58:12] [SUCCESS] bvid=BV1YFQPB8Ee2 已成功抓取全部所需数据。
[2026-04-11 21:58:17] [SUCCESS] bvid=BV1vfQABcEWT 已成功抓取全部所需数据。
[2026-04-11 21:58:23] [SUCCESS] bvid=BV1eFQPB8Ebi 已成功抓取全部所需数据。
[2026-04-11 21:58:28] [SUCCESS] bvid=BV19fQABcEGv 已成功抓取全部所需数据。
[2026-04-11 21:58:34] [SUCCESS] bvid=BV1RFQPB8EEF 已成功抓取全部所需数据。
[2026-04-11 21:58:40] [SUCCESS] bvid=BV1DuQPBWEAT 已成功抓取全部所需数据。
[2026-04-11 21:58:45] [SUCCESS] bvid=BV18uQPBWEgF 已成功抓取全部所需数据。
[2026-04-11 21:58:50] [SUCCESS] bvid=BV1aPQPBZEdb 已成功抓取全部所需数据。
[2026-04-11 21:58:56] [SUCCESS] bvid=BV1hPQPBoEHd 已成功抓取全部所需数据。
[2026-04-11 21:59:01] [SUCCESS] bvid=BV1aKQPB4E4S 已成功抓取全部所需数据。
[2026-04-11 21:59:07] [SUCCESS] bvid=BV16SQABTEG6 已成功抓取全部所需数据。
[2026-04-11 21:59:13] [SUCCESS] bvid=BV16mQABBE1o 已成功抓取全部所需数据。
[2026-04-11 21:59:13] [INFO] 当前 batch_crawl 已完成，所有视频均已成功抓取。
[2026-04-11 21:59:13] 子任务结束时间：2026-04-11T21:59:13.466904
[TIMESTAMP][END] 2026-04-11T21:59:13
