[TIMESTAMP][BEGIN] 2026-04-12T01:26:37
[2026-04-12 01:26:39] 开始执行 CSV 批量抓取子任务 part_24。
[2026-04-12 01:26:39] 子任务开始时间：2026-04-12T01:26:37.409657
[2026-04-12 01:26:39] 输入文件：batch_input_24.csv
[2026-04-12 01:26:39] 输入唯一 bvid 数量：100
[2026-04-12 01:26:39] 为严格按 CSV 顺序判断连续失败阈值，本次任务自动将并发度从 2 调整为 1。
[2026-04-12 01:26:45] [SUCCESS] bvid=BV1LDDLBwEJn 已成功抓取全部所需数据。
[2026-04-12 01:26:50] [SUCCESS] bvid=BV15YDjBYEJZ 已成功抓取全部所需数据。
[2026-04-12 01:26:55] [SUCCESS] bvid=BV1ZeDuBmEDj 已成功抓取全部所需数据。
[2026-04-12 01:27:01] [SUCCESS] bvid=BV1MpDLBnEt7 已成功抓取全部所需数据。
[2026-04-12 01:27:06] [SUCCESS] bvid=BV1cWDrB1Et5 已成功抓取全部所需数据。
[2026-04-12 01:27:12] [SUCCESS] bvid=BV1uKDEBfE4e 已成功抓取全部所需数据。
[2026-04-12 01:27:17] [SUCCESS] bvid=BV1U3DEBsE3N 已成功抓取全部所需数据。
[2026-04-12 01:27:23] [SUCCESS] bvid=BV1UKDEBZEQp 已成功抓取全部所需数据。
[2026-04-12 01:27:28] [SUCCESS] bvid=BV1t3DEBxEkR 已成功抓取全部所需数据。
[2026-04-12 01:27:33] [SUCCESS] bvid=BV1bKDEBfEog 已成功抓取全部所需数据。
[2026-04-12 01:27:38] [SUCCESS] bvid=BV1SKDEBZE94 已成功抓取全部所需数据。
[2026-04-12 01:27:44] [SUCCESS] bvid=BV1uMDEBtEaZ 已成功抓取全部所需数据。
[2026-04-12 01:27:49] [SUCCESS] bvid=BV18MDEBtE7E 已成功抓取全部所需数据。
[2026-04-12 01:27:54] [SUCCESS] bvid=BV1MMDEBtEfH 已成功抓取全部所需数据。
[2026-04-12 01:27:59] [SUCCESS] bvid=BV1uMDEBtEx6 已成功抓取全部所需数据。
[2026-04-12 01:28:05] [SUCCESS] bvid=BV1bWDLBSEBB 已成功抓取全部所需数据。
[2026-04-12 01:28:11] [SUCCESS] bvid=BV1tpDLBnERW 已成功抓取全部所需数据。
[2026-04-12 01:28:16] [SUCCESS] bvid=BV1mxDLBEELD 已成功抓取全部所需数据。
[2026-04-12 01:28:22] [SUCCESS] bvid=BV1MxDLBEE3q 已成功抓取全部所需数据。
[2026-04-12 01:28:27] [SUCCESS] bvid=BV1txDLBEEnp 已成功抓取全部所需数据。
[2026-04-12 01:28:33] [SUCCESS] bvid=BV1upDLBnEUE 已成功抓取全部所需数据。
[2026-04-12 01:28:38] [SUCCESS] bvid=BV1TxDLBEEqv 已成功抓取全部所需数据。
[2026-04-12 01:28:44] [SUCCESS] bvid=BV18nDLBQEfE 已成功抓取全部所需数据。
[2026-04-12 01:28:49] [SUCCESS] bvid=BV13nDLBXEHt 已成功抓取全部所需数据。
[2026-04-12 01:28:54] [SUCCESS] bvid=BV1gnDLBQEiu 已成功抓取全部所需数据。
[2026-04-12 01:29:00] [SUCCESS] bvid=BV1e3DLBZEL9 已成功抓取全部所需数据。
[2026-04-12 01:29:05] [SUCCESS] bvid=BV1KbDLBjEAN 已成功抓取全部所需数据。
[2026-04-12 01:29:11] [SUCCESS] bvid=BV118DLB1EVJ 已成功抓取全部所需数据。
[2026-04-12 01:29:16] [SUCCESS] bvid=BV118DLB1ENA 已成功抓取全部所需数据。
[2026-04-12 01:29:22] [SUCCESS] bvid=BV1T4DLBmEX5 已成功抓取全部所需数据。
[2026-04-12 01:29:27] [SUCCESS] bvid=BV1W8DLB1EQ1 已成功抓取全部所需数据。
[2026-04-12 01:29:33] [SUCCESS] bvid=BV1N8DLB1ETQ 已成功抓取全部所需数据。
[2026-04-12 01:29:38] [SUCCESS] bvid=BV1P8DLB1EQJ 已成功抓取全部所需数据。
[2026-04-12 01:29:43] [SUCCESS] bvid=BV1omDLBAENW 已成功抓取全部所需数据。
[2026-04-12 01:29:48] [SUCCESS] bvid=BV1K8DLB1E57 已成功抓取全部所需数据。
[2026-04-12 01:29:53] [SUCCESS] bvid=BV1KbDLBjEwu 已成功抓取全部所需数据。
[2026-04-12 01:29:59] [SUCCESS] bvid=BV1M4DLBmEFc 已成功抓取全部所需数据。
[2026-04-12 01:30:04] [SUCCESS] bvid=BV1KbDLBjEm5 已成功抓取全部所需数据。
[2026-04-12 01:30:09] [SUCCESS] bvid=BV1xbDLBjEgB 已成功抓取全部所需数据。
[2026-04-12 01:30:15] [SUCCESS] bvid=BV1NbDLBjER1 已成功抓取全部所需数据。
[2026-04-12 01:30:20] [SUCCESS] bvid=BV1KbDLBjEdL 已成功抓取全部所需数据。
[2026-04-12 01:30:26] [SUCCESS] bvid=BV193DLBZE1p 已成功抓取全部所需数据。
[2026-04-12 01:30:31] [SUCCESS] bvid=BV1juDLBFEE6 已成功抓取全部所需数据。
[2026-04-12 01:30:37] [SUCCESS] bvid=BV1L3DLBZEwA 已成功抓取全部所需数据。
[2026-04-12 01:30:42] [SUCCESS] bvid=BV1N5DrBQErW 已成功抓取全部所需数据。
[2026-04-12 01:30:47] [SUCCESS] bvid=BV1TbDLBjEgB 已成功抓取全部所需数据。
[2026-04-12 01:30:53] [SUCCESS] bvid=BV1e3DLBZEFr 已成功抓取全部所需数据。
[2026-04-12 01:30:58] [SUCCESS] bvid=BV1juDLBFEiv 已成功抓取全部所需数据。
[2026-04-12 01:31:03] [SUCCESS] bvid=BV1JeDeBREVz 已成功抓取全部所需数据。
[2026-04-12 01:31:09] [SUCCESS] bvid=BV1VVDLB4EgA 已成功抓取全部所需数据。
[2026-04-12 01:31:14] [SUCCESS] bvid=BV1VgDLBbErW 已成功抓取全部所需数据。
[2026-04-12 01:31:20] [SUCCESS] bvid=BV15VDLB4EJt 已成功抓取全部所需数据。
[2026-04-12 01:31:25] [SUCCESS] bvid=BV1UPDjBHEwv 已成功抓取全部所需数据。
[2026-04-12 01:31:30] [SUCCESS] bvid=BV1qVDkB3E6S 已成功抓取全部所需数据。
[2026-04-12 01:31:36] [SUCCESS] bvid=BV1yjDjB5Enr 已成功抓取全部所需数据。
[2026-04-12 01:31:41] [SUCCESS] bvid=BV1LuDLBFEHc 已成功抓取全部所需数据。
[2026-04-12 01:31:46] [SUCCESS] bvid=BV1juDLBFEbV 已成功抓取全部所需数据。
[2026-04-12 01:31:52] [SUCCESS] bvid=BV1iuDLBFEFA 已成功抓取全部所需数据。
[2026-04-12 01:31:57] [SUCCESS] bvid=BV1LgDLBtE3M 已成功抓取全部所需数据。
[2026-04-12 01:32:03] [SUCCESS] bvid=BV1EUD6BzE5R 已成功抓取全部所需数据。
[2026-04-12 01:32:09] [SUCCESS] bvid=BV1VZDLB4Euf 已成功抓取全部所需数据。
[2026-04-12 01:32:15] [SUCCESS] bvid=BV1XqDjBfEHL 已成功抓取全部所需数据。
[2026-04-12 02:00:30] [ERROR] bvid=BV1GkDrBYEq2 抓取失败：stat: Timeout of 600.0s exceeded, last exception: HTTPSConnectionPool(host='bigquery.googleapis.com', port=443): Max retries exceeded with url: /bigquery/v2/projects/bilibili-m2s2vp-research/datasets/bili_video_stream_data_test_2/tables/assets?prettyPrint=false (Caused by SSLError(SSLEOFError(8, 'EOF occurred in violation of protocol (_ssl.c:1017)'))) | comment: Cannot connect to host api.bilibili.com:443 ssl:default [getaddrinfo failed]
[2026-04-12 02:00:43] [SUCCESS] bvid=BV1BDD6BME9t 已成功抓取全部所需数据。
[2026-04-12 02:00:56] [SUCCESS] bvid=BV1ryD6BGEhh 已成功抓取全部所需数据。
[2026-04-12 02:01:09] [SUCCESS] bvid=BV1AkSoBREsW 已成功抓取全部所需数据。
[2026-04-12 02:01:21] [SUCCESS] bvid=BV1n3DYBQEdi 已成功抓取全部所需数据。
[2026-04-12 02:01:34] [SUCCESS] bvid=BV14VDrBpEFE 已成功抓取全部所需数据。
[2026-04-12 02:01:46] [SUCCESS] bvid=BV1jgDLB8Ew4 已成功抓取全部所需数据。
[2026-04-12 02:01:59] [SUCCESS] bvid=BV1vgDLBbEti 已成功抓取全部所需数据。
[2026-04-12 02:02:11] [SUCCESS] bvid=BV1vgDLBbEQ9 已成功抓取全部所需数据。
[2026-04-12 02:02:24] [SUCCESS] bvid=BV1LgDLBbE95 已成功抓取全部所需数据。
[2026-04-12 02:02:36] [SUCCESS] bvid=BV15gDLBbEBk 已成功抓取全部所需数据。
[2026-04-12 02:02:49] [SUCCESS] bvid=BV15gDLBbEGw 已成功抓取全部所需数据。
[2026-04-12 02:03:01] [SUCCESS] bvid=BV1a7DLB9EBY 已成功抓取全部所需数据。
[2026-04-12 02:03:14] [SUCCESS] bvid=BV1a5DLBdEbR 已成功抓取全部所需数据。
[2026-04-12 02:03:27] [SUCCESS] bvid=BV137DLB9EzP 已成功抓取全部所需数据。
[2026-04-12 02:03:39] [SUCCESS] bvid=BV1g7DLB9EXQ 已成功抓取全部所需数据。
[2026-04-12 02:03:51] [SUCCESS] bvid=BV1G7DLB9EJC 已成功抓取全部所需数据。
[2026-04-12 02:04:04] [SUCCESS] bvid=BV1a5DLBdE8B 已成功抓取全部所需数据。
[2026-04-12 02:04:16] [SUCCESS] bvid=BV1Q7DLB9EdC 已成功抓取全部所需数据。
[2026-04-12 02:04:29] [SUCCESS] bvid=BV1a7DLB9EWT 已成功抓取全部所需数据。
[2026-04-12 02:04:40] [SUCCESS] bvid=BV1G5DLBdEHC 已成功抓取全部所需数据。
[2026-04-12 02:04:52] [SUCCESS] bvid=BV1ajDLBsEu9 已成功抓取全部所需数据。
[2026-04-12 02:05:04] [SUCCESS] bvid=BV1G5DLBdEgP 已成功抓取全部所需数据。
[2026-04-12 02:05:17] [SUCCESS] bvid=BV1ajDLBsETv 已成功抓取全部所需数据。
[2026-04-12 02:05:30] [SUCCESS] bvid=BV1G5DLBdEz4 已成功抓取全部所需数据。
[2026-04-12 02:05:42] [SUCCESS] bvid=BV1G5DLBdEER 已成功抓取全部所需数据。
[2026-04-12 02:05:55] [SUCCESS] bvid=BV1G5DLBdEWp 已成功抓取全部所需数据。
[2026-04-12 02:06:07] [SUCCESS] bvid=BV195DLBdEvK 已成功抓取全部所需数据。
[2026-04-12 02:06:20] [SUCCESS] bvid=BV135DLBdEej 已成功抓取全部所需数据。
[2026-04-12 02:06:32] [SUCCESS] bvid=BV1V5DLBoERp 已成功抓取全部所需数据。
[2026-04-12 02:06:45] [SUCCESS] bvid=BV1ajDLBsEgw 已成功抓取全部所需数据。
[2026-04-12 02:06:58] [SUCCESS] bvid=BV13jDLBxEy3 已成功抓取全部所需数据。
[2026-04-12 02:07:10] [SUCCESS] bvid=BV1iUDLBYE2Y 已成功抓取全部所需数据。
[2026-04-12 02:07:23] [SUCCESS] bvid=BV1dUDLBaE35 已成功抓取全部所需数据。
[2026-04-12 02:07:36] [SUCCESS] bvid=BV13jDLBsEdV 已成功抓取全部所需数据。
[2026-04-12 02:07:48] [SUCCESS] bvid=BV1RDDLBcEvD 已成功抓取全部所需数据。
[2026-04-12 02:08:00] [SUCCESS] bvid=BV1QqDjBfESY 已成功抓取全部所需数据。
[2026-04-12 02:08:13] [SUCCESS] bvid=BV1iDDLBwE1d 已成功抓取全部所需数据。
[2026-04-12 02:08:13] [WARN] 当前子任务已结束，但仍有未成功抓取的视频，已导出 remaining CSV 供继续执行。
[2026-04-12 02:08:13] [INFO] 已导出剔除成功条目后的剩余 CSV：D:\Schoolworks\Thesis\Bilibili-Datahub\outputs\video_data\manual_crawls\manual_crawl_stat_comment_20260411_211113\remaining_bvids_part_24.csv
[2026-04-12 02:08:13] 子任务结束时间：2026-04-12T02:08:13.470219
[TIMESTAMP][END] 2026-04-12T02:08:13
