[TIMESTAMP][BEGIN] 2026-04-12T02:08:13
[2026-04-12 02:08:19] 开始执行 CSV 批量抓取子任务 part_25。
[2026-04-12 02:08:19] 子任务开始时间：2026-04-12T02:08:13.860724
[2026-04-12 02:08:19] 输入文件：batch_input_25.csv
[2026-04-12 02:08:19] 输入唯一 bvid 数量：100
[2026-04-12 02:08:19] 为严格按 CSV 顺序判断连续失败阈值，本次任务自动将并发度从 2 调整为 1。
[2026-04-12 02:08:32] [SUCCESS] bvid=BV1jUDLBYEyZ 已成功抓取全部所需数据。
[2026-04-12 02:08:44] [SUCCESS] bvid=BV1oUDLBaE8n 已成功抓取全部所需数据。
[2026-04-12 02:08:56] [SUCCESS] bvid=BV1LUDLBYE5t 已成功抓取全部所需数据。
[2026-04-12 02:09:09] [SUCCESS] bvid=BV1z1DLBvE3k 已成功抓取全部所需数据。
[2026-04-12 02:09:22] [SUCCESS] bvid=BV1jDDLBwEJR 已成功抓取全部所需数据。
[2026-04-12 02:09:33] [SUCCESS] bvid=BV1dDDLBcEQT 已成功抓取全部所需数据。
[2026-04-12 02:09:46] [SUCCESS] bvid=BV1dmDLBAERa 已成功抓取全部所需数据。
[2026-04-12 02:09:58] [SUCCESS] bvid=BV1dmDLBwEYk 已成功抓取全部所需数据。
[2026-04-12 02:10:10] [SUCCESS] bvid=BV1KcDvBTEDo 已成功抓取全部所需数据。
[2026-04-12 02:10:23] [SUCCESS] bvid=BV1YRDLBbEva 已成功抓取全部所需数据。
[2026-04-12 02:10:36] [SUCCESS] bvid=BV1i8DjBeEMv 已成功抓取全部所需数据。
[2026-04-12 02:10:48] [SUCCESS] bvid=BV1mmX7BZEkh 已成功抓取全部所需数据。
[2026-04-12 02:11:01] [SUCCESS] bvid=BV1yvDLBGE5H 已成功抓取全部所需数据。
[2026-04-12 02:11:13] [SUCCESS] bvid=BV12TDjBJE6k 已成功抓取全部所需数据。
[2026-04-12 02:11:26] [SUCCESS] bvid=BV1E1DLBvE43 已成功抓取全部所需数据。
[2026-04-12 02:11:38] [SUCCESS] bvid=BV1E1DLBvEpw 已成功抓取全部所需数据。
[2026-04-12 02:11:50] [SUCCESS] bvid=BV1E1DLBvE3V 已成功抓取全部所需数据。
[2026-04-12 02:12:03] [SUCCESS] bvid=BV1Z1DLBeECa 已成功抓取全部所需数据。
[2026-04-12 02:12:16] [SUCCESS] bvid=BV1dmDLBAEd5 已成功抓取全部所需数据。
[2026-04-12 02:12:28] [SUCCESS] bvid=BV1ZmDLBPExG 已成功抓取全部所需数据。
[2026-04-12 02:12:41] [SUCCESS] bvid=BV17mDLBPEP3 已成功抓取全部所需数据。
[2026-04-12 02:12:54] [SUCCESS] bvid=BV1qmDLBPEob 已成功抓取全部所需数据。
[2026-04-12 02:13:06] [SUCCESS] bvid=BV1XRDLBtEow 已成功抓取全部所需数据。
[2026-04-12 02:13:18] [SUCCESS] bvid=BV1XdDLBZEog 已成功抓取全部所需数据。
[2026-04-12 02:13:31] [SUCCESS] bvid=BV1jmDLBPEyu 已成功抓取全部所需数据。
[2026-04-12 02:13:44] [SUCCESS] bvid=BV1179jBWERY 已成功抓取全部所需数据。
[2026-04-12 02:13:56] [SUCCESS] bvid=BV1VRDLBbEuS 已成功抓取全部所需数据。
[2026-04-12 02:14:09] [SUCCESS] bvid=BV1vQDLBhEfp 已成功抓取全部所需数据。
[2026-04-12 02:14:21] [SUCCESS] bvid=BV1XRDLBtESs 已成功抓取全部所需数据。
[2026-04-12 02:14:33] [SUCCESS] bvid=BV1XdDLBZEAM 已成功抓取全部所需数据。
[2026-04-12 02:14:46] [SUCCESS] bvid=BV1edDLBZEAg 已成功抓取全部所需数据。
[2026-04-12 02:14:59] [SUCCESS] bvid=BV1XdDLBoEoy 已成功抓取全部所需数据。
[2026-04-12 02:15:10] [SUCCESS] bvid=BV1VRDLBbEu2 已成功抓取全部所需数据。
[2026-04-12 02:15:23] [SUCCESS] bvid=BV1xWDeBaE3h 已成功抓取全部所需数据。
[2026-04-12 02:15:35] [SUCCESS] bvid=BV1XRDLBtEpG 已成功抓取全部所需数据。
[2026-04-12 02:15:47] [SUCCESS] bvid=BV1VRDLBbErc 已成功抓取全部所需数据。
[2026-04-12 02:16:00] [SUCCESS] bvid=BV1GRDLBbEQp 已成功抓取全部所需数据。
[2026-04-12 02:16:12] [SUCCESS] bvid=BV1XdDLBZExL 已成功抓取全部所需数据。
[2026-04-12 02:16:24] [SUCCESS] bvid=BV1GdDLBZEvX 已成功抓取全部所需数据。
[2026-04-12 02:16:36] [SUCCESS] bvid=BV1eRDLBbEie 已成功抓取全部所需数据。
[2026-04-12 02:16:48] [SUCCESS] bvid=BV1VRDLBbEru 已成功抓取全部所需数据。
[2026-04-12 02:17:01] [SUCCESS] bvid=BV19dDLBoE3r 已成功抓取全部所需数据。
[2026-04-12 02:17:13] [SUCCESS] bvid=BV15RDLBbEPU 已成功抓取全部所需数据。
[2026-04-12 02:17:26] [SUCCESS] bvid=BV1GRDLBbEdH 已成功抓取全部所需数据。
[2026-04-12 02:17:38] [SUCCESS] bvid=BV1GdDLBZE7g 已成功抓取全部所需数据。
[2026-04-12 02:17:50] [SUCCESS] bvid=BV1QdDLBoEzG 已成功抓取全部所需数据。
[2026-04-12 02:18:02] [SUCCESS] bvid=BV1GdDLBZEfx 已成功抓取全部所需数据。
[2026-04-12 02:18:14] [SUCCESS] bvid=BV15QDLBhEBx 已成功抓取全部所需数据。
[2026-04-12 02:18:27] [SUCCESS] bvid=BV1iQDLBhE8Q 已成功抓取全部所需数据。
[2026-04-12 02:18:39] [SUCCESS] bvid=BV1adDLBZE6Y 已成功抓取全部所需数据。
[2026-04-12 02:18:52] [SUCCESS] bvid=BV1LQDLBhErG 已成功抓取全部所需数据。
[2026-04-12 02:19:04] [SUCCESS] bvid=BV1dQDLB8ET4 已成功抓取全部所需数据。
[2026-04-12 02:19:16] [SUCCESS] bvid=BV1GdDLBZEZY 已成功抓取全部所需数据。
[2026-04-12 02:19:28] [SUCCESS] bvid=BV1XdDLBoEKe 已成功抓取全部所需数据。
[2026-04-12 02:19:40] [SUCCESS] bvid=BV1QdDLBoE31 已成功抓取全部所需数据。
[2026-04-12 02:19:52] [SUCCESS] bvid=BV1QdDLBoECm 已成功抓取全部所需数据。
[2026-04-12 02:20:04] [SUCCESS] bvid=BV1RQDLB8ENT 已成功抓取全部所需数据。
[2026-04-12 02:20:16] [SUCCESS] bvid=BV15QDLBhEsL 已成功抓取全部所需数据。
[2026-04-12 02:20:27] [SUCCESS] bvid=BV19QDLB8ESs 已成功抓取全部所需数据。
[2026-04-12 02:20:39] [SUCCESS] bvid=BV19QDLB8E1K 已成功抓取全部所需数据。
[2026-04-12 02:20:51] [SUCCESS] bvid=BV15QDLBhEJy 已成功抓取全部所需数据。
[2026-04-12 02:21:03] [SUCCESS] bvid=BV1RQDLB8EAr 已成功抓取全部所需数据。
[2026-04-12 02:21:14] [SUCCESS] bvid=BV1XXDLBfEvh 已成功抓取全部所需数据。
[2026-04-12 02:31:25] [SUCCESS] bvid=BV19QDLB8EUH 已成功抓取全部所需数据。
[2026-04-12 02:31:37] [SUCCESS] bvid=BV1vQDLBhEux 已成功抓取全部所需数据。
[2026-04-12 02:31:49] [SUCCESS] bvid=BV1RQDLB8ETV 已成功抓取全部所需数据。
[2026-04-12 02:32:01] [SUCCESS] bvid=BV1e9DLBFEFk 已成功抓取全部所需数据。
[2026-04-12 02:32:13] [SUCCESS] bvid=BV19XDLBfEwm 已成功抓取全部所需数据。
[2026-04-12 02:32:25] [SUCCESS] bvid=BV19XDLBfEBo 已成功抓取全部所需数据。
[2026-04-12 02:32:38] [SUCCESS] bvid=BV1dQDLB8Est 已成功抓取全部所需数据。
[2026-04-12 02:32:50] [SUCCESS] bvid=BV1V9DLBFEPW 已成功抓取全部所需数据。
[2026-04-12 02:33:03] [SUCCESS] bvid=BV19QDLB8Eoj 已成功抓取全部所需数据。
[2026-04-12 02:33:15] [SUCCESS] bvid=BV1V9DLBFEfN 已成功抓取全部所需数据。
[2026-04-12 02:33:27] [SUCCESS] bvid=BV159DLBFETZ 已成功抓取全部所需数据。
[2026-04-12 02:33:40] [SUCCESS] bvid=BV1hzDjBtEhk 已成功抓取全部所需数据。
[2026-04-12 02:33:52] [SUCCESS] bvid=BV1v9DLBFE1e 已成功抓取全部所需数据。
[2026-04-12 02:34:05] [SUCCESS] bvid=BV19XDLBfE4T 已成功抓取全部所需数据。
[2026-04-12 02:34:17] [SUCCESS] bvid=BV1AiDLBrErL 已成功抓取全部所需数据。
[2026-04-12 02:34:30] [SUCCESS] bvid=BV1RXDLBfEps 已成功抓取全部所需数据。
[2026-04-12 02:34:42] [SUCCESS] bvid=BV1j9D6BKEMB 已成功抓取全部所需数据。
[2026-04-12 02:34:55] [SUCCESS] bvid=BV1yZDrBHEvX 已成功抓取全部所需数据。
[2026-04-12 02:35:07] [SUCCESS] bvid=BV1BFDiBdEX9 已成功抓取全部所需数据。
[2026-04-12 02:35:19] [SUCCESS] bvid=BV1AiDLBrELW 已成功抓取全部所需数据。
[2026-04-12 02:35:32] [SUCCESS] bvid=BV1AiDLBrEwq 已成功抓取全部所需数据。
[2026-04-12 02:35:44] [SUCCESS] bvid=BV1ciDLBrEhH 已成功抓取全部所需数据。
[2026-04-12 02:35:57] [SUCCESS] bvid=BV1AiDLBrEgh 已成功抓取全部所需数据。
[2026-04-12 02:36:09] [SUCCESS] bvid=BV1niDLBrEfQ 已成功抓取全部所需数据。
[2026-04-12 02:36:21] [SUCCESS] bvid=BV1piDLBrEaN 已成功抓取全部所需数据。
[2026-04-12 02:36:33] [SUCCESS] bvid=BV1AiDLBrE35 已成功抓取全部所需数据。
[2026-04-12 02:36:45] [SUCCESS] bvid=BV1czDLBzE1B 已成功抓取全部所需数据。
[2026-04-12 02:36:57] [SUCCESS] bvid=BV1xo6FB1E2K 已成功抓取全部所需数据。
[2026-04-12 02:37:10] [SUCCESS] bvid=BV1ZGDhBGE7T 已成功抓取全部所需数据。
[2026-04-12 02:37:22] [SUCCESS] bvid=BV1eKDiBQEYu 已成功抓取全部所需数据。
[2026-04-12 02:37:34] [SUCCESS] bvid=BV1feDuBmEAW 已成功抓取全部所需数据。
[2026-04-12 02:37:47] [SUCCESS] bvid=BV1SZXZBVEgZ 已成功抓取全部所需数据。
[2026-04-12 02:37:59] [SUCCESS] bvid=BV1SfDLBRECv 已成功抓取全部所需数据。
[2026-04-12 02:38:12] [SUCCESS] bvid=BV1PLDzBVEdy 已成功抓取全部所需数据。
[2026-04-12 02:38:24] [SUCCESS] bvid=BV193DiBEEaP 已成功抓取全部所需数据。
[2026-04-12 02:38:37] [SUCCESS] bvid=BV1PfDrBQECL 已成功抓取全部所需数据。
[2026-04-12 02:38:50] [SUCCESS] bvid=BV16nDjB6Eew 已成功抓取全部所需数据。
[2026-04-12 02:38:50] [INFO] 当前 batch_crawl 已完成，所有视频均已成功抓取。
[2026-04-12 02:38:50] 子任务结束时间：2026-04-12T02:38:50.315152
[TIMESTAMP][END] 2026-04-12T02:38:50
