[TIMESTAMP][BEGIN] 2026-04-12T00:51:11
[2026-04-12 00:51:14] 开始执行 CSV 批量抓取子任务 part_20。
[2026-04-12 00:51:14] 子任务开始时间：2026-04-12T00:51:11.734950
[2026-04-12 00:51:14] 输入文件：batch_input_20.csv
[2026-04-12 00:51:14] 输入唯一 bvid 数量：100
[2026-04-12 00:51:14] 为严格按 CSV 顺序判断连续失败阈值，本次任务自动将并发度从 2 调整为 1。
[2026-04-12 00:51:19] [SUCCESS] bvid=BV1AbDpB8E6n 已成功抓取全部所需数据。
[2026-04-12 00:51:24] [SUCCESS] bvid=BV1CbDpBbEFB 已成功抓取全部所需数据。
[2026-04-12 00:51:30] [SUCCESS] bvid=BV1PsDpBAEtw 已成功抓取全部所需数据。
[2026-04-12 00:51:35] [SUCCESS] bvid=BV1CsDpBwE4M 已成功抓取全部所需数据。
[2026-04-12 00:51:40] [SUCCESS] bvid=BV1rbDpBbEny 已成功抓取全部所需数据。
[2026-04-12 00:51:45] [SUCCESS] bvid=BV1xsDpBAEHr 已成功抓取全部所需数据。
[2026-04-12 00:51:51] [SUCCESS] bvid=BV1CsDpBwEbB 已成功抓取全部所需数据。
[2026-04-12 00:51:56] [SUCCESS] bvid=BV1BGDJBCEG1 已成功抓取全部所需数据。
[2026-04-12 00:52:01] [SUCCESS] bvid=BV1NxDpBaEL8 已成功抓取全部所需数据。
[2026-04-12 00:52:07] [SUCCESS] bvid=BV1kxDpBhECo 已成功抓取全部所需数据。
[2026-04-12 00:52:13] [SUCCESS] bvid=BV1yxDpBhEDT 已成功抓取全部所需数据。
[2026-04-12 00:52:18] [SUCCESS] bvid=BV1QgDpBrEvJ 已成功抓取全部所需数据。
[2026-04-12 00:52:23] [SUCCESS] bvid=BV1DgDpBrE6s 已成功抓取全部所需数据。
[2026-04-12 00:52:29] [SUCCESS] bvid=BV1DgDpBrEHc 已成功抓取全部所需数据。
[2026-04-12 00:52:34] [SUCCESS] bvid=BV1XKDpB5E91 已成功抓取全部所需数据。
[2026-04-12 00:52:40] [SUCCESS] bvid=BV19KDpB5Eyq 已成功抓取全部所需数据。
[2026-04-12 00:52:46] [SUCCESS] bvid=BV1XKDpB5Eho 已成功抓取全部所需数据。
[2026-04-12 00:52:51] [SUCCESS] bvid=BV1GTDpByE6K 已成功抓取全部所需数据。
[2026-04-12 00:52:56] [SUCCESS] bvid=BV1yEDnBtESe 已成功抓取全部所需数据。
[2026-04-12 00:53:02] [SUCCESS] bvid=BV17vDrBMEb1 已成功抓取全部所需数据。
[2026-04-12 00:53:07] [SUCCESS] bvid=BV1PrDJB9Eux 已成功抓取全部所需数据。
[2026-04-12 00:53:12] [SUCCESS] bvid=BV1YKDpBLESU 已成功抓取全部所需数据。
[2026-04-12 00:53:18] [SUCCESS] bvid=BV13TDpByEDg 已成功抓取全部所需数据。
[2026-04-12 00:53:23] [SUCCESS] bvid=BV1XTDpBCEj6 已成功抓取全部所需数据。
[2026-04-12 00:53:28] [SUCCESS] bvid=BV19TDpBCEVB 已成功抓取全部所需数据。
[2026-04-12 00:53:33] [SUCCESS] bvid=BV1XTDpBCE7g 已成功抓取全部所需数据。
[2026-04-12 00:53:39] [SUCCESS] bvid=BV19ZD7BPEfa 已成功抓取全部所需数据。
[2026-04-12 00:53:44] [SUCCESS] bvid=BV1KeD7BDEcd 已成功抓取全部所需数据。
[2026-04-12 00:53:49] [SUCCESS] bvid=BV1YpDHByEzp 已成功抓取全部所需数据。
[2026-04-12 00:53:54] [SUCCESS] bvid=BV1mnSDByE9M 已成功抓取全部所需数据。
[2026-04-12 00:53:59] [SUCCESS] bvid=BV1nMDJBjEvD 已成功抓取全部所需数据。
[2026-04-12 00:54:05] [SUCCESS] bvid=BV1HkD6BCEdd 已成功抓取全部所需数据。
[2026-04-12 00:54:10] [SUCCESS] bvid=BV1qBDpBpE4g 已成功抓取全部所需数据。
[2026-04-12 00:54:15] [SUCCESS] bvid=BV1bDDEBZEp8 已成功抓取全部所需数据。
[2026-04-12 00:54:21] [SUCCESS] bvid=BV1rXDcBYEPD 已成功抓取全部所需数据。
[2026-04-12 00:54:26] [SUCCESS] bvid=BV1qSD7B6EsC 已成功抓取全部所需数据。
[2026-04-12 00:54:31] [SUCCESS] bvid=BV1NyDYBFEfS 已成功抓取全部所需数据。
[2026-04-12 00:54:37] [SUCCESS] bvid=BV11EDnBtEW5 已成功抓取全部所需数据。
[2026-04-12 00:54:42] [SUCCESS] bvid=BV1j3D7BiEUn 已成功抓取全部所需数据。
[2026-04-12 00:54:48] [SUCCESS] bvid=BV1SLDpBMESP 已成功抓取全部所需数据。
[2026-04-12 00:54:53] [SUCCESS] bvid=BV1ULDpBMEzs 已成功抓取全部所需数据。
[2026-04-12 00:54:59] [SUCCESS] bvid=BV1ULDpBMEEp 已成功抓取全部所需数据。
[2026-04-12 00:55:04] [SUCCESS] bvid=BV1mjDpBqEZS 已成功抓取全部所需数据。
[2026-04-12 00:55:09] [SUCCESS] bvid=BV19ZD6BYE8v 已成功抓取全部所需数据。
[2026-04-12 00:55:15] [SUCCESS] bvid=BV19cDEBwEwR 已成功抓取全部所需数据。
[2026-04-12 00:55:20] [SUCCESS] bvid=BV1mjDpBqEbZ 已成功抓取全部所需数据。
[2026-04-12 00:55:25] [SUCCESS] bvid=BV18RDpBrE1h 已成功抓取全部所需数据。
[2026-04-12 00:55:31] [SUCCESS] bvid=BV1DGDpBuEDS 已成功抓取全部所需数据。
[2026-04-12 00:55:36] [SUCCESS] bvid=BV1QGDpBgEPA 已成功抓取全部所需数据。
[2026-04-12 00:55:41] [SUCCESS] bvid=BV1SVDpBzEws 已成功抓取全部所需数据。
[2026-04-12 00:55:46] [SUCCESS] bvid=BV1uVDpB6EiE 已成功抓取全部所需数据。
[2026-04-12 00:55:51] [SUCCESS] bvid=BV1sADHBtEiw 已成功抓取全部所需数据。
[2026-04-12 00:55:56] [SUCCESS] bvid=BV1DVDpBzEyN 已成功抓取全部所需数据。
[2026-04-12 00:56:02] [SUCCESS] bvid=BV1v1DpBmEPj 已成功抓取全部所需数据。
[2026-04-12 00:56:07] [SUCCESS] bvid=BV1v1DpBmEv6 已成功抓取全部所需数据。
[2026-04-12 00:56:12] [SUCCESS] bvid=BV1R1DpBmEgs 已成功抓取全部所需数据。
[2026-04-12 00:56:18] [SUCCESS] bvid=BV1v1DpBmEuj 已成功抓取全部所需数据。
[2026-04-12 00:56:23] [SUCCESS] bvid=BV1XmDpBjE1L 已成功抓取全部所需数据。
[2026-04-12 00:56:28] [SUCCESS] bvid=BV1emDpBjEsx 已成功抓取全部所需数据。
[2026-04-12 00:56:33] [SUCCESS] bvid=BV1XmDpBjEfx 已成功抓取全部所需数据。
[2026-04-12 00:56:39] [SUCCESS] bvid=BV1emDpBjEnV 已成功抓取全部所需数据。
[2026-04-12 00:56:44] [SUCCESS] bvid=BV1emDpBjE4o 已成功抓取全部所需数据。
[2026-04-12 00:56:49] [SUCCESS] bvid=BV139DpBVEPz 已成功抓取全部所需数据。
[2026-04-12 00:56:55] [SUCCESS] bvid=BV1AvDLBGEhv 已成功抓取全部所需数据。
[2026-04-12 00:57:00] [SUCCESS] bvid=BV1RmDpBjEKJ 已成功抓取全部所需数据。
[2026-04-12 00:57:06] [SUCCESS] bvid=BV189DpBGExA 已成功抓取全部所需数据。
[2026-04-12 00:57:11] [SUCCESS] bvid=BV1dyDpBEE8S 已成功抓取全部所需数据。
[2026-04-12 00:57:16] [SUCCESS] bvid=BV1vkDpBSErD 已成功抓取全部所需数据。
[2026-04-12 00:57:21] [SUCCESS] bvid=BV1jkDpBDE9t 已成功抓取全部所需数据。
[2026-04-12 00:57:27] [SUCCESS] bvid=BV1j9DJB1EdU 已成功抓取全部所需数据。
[2026-04-12 00:57:32] [SUCCESS] bvid=BV1pJDjBGExQ 已成功抓取全部所需数据。
[2026-04-12 00:57:37] [SUCCESS] bvid=BV1jQD7BuEJ2 已成功抓取全部所需数据。
[2026-04-12 00:57:43] [SUCCESS] bvid=BV1oXD7BqEJ4 已成功抓取全部所需数据。
[2026-04-12 00:57:48] [SUCCESS] bvid=BV1xm9cBmEPv 已成功抓取全部所需数据。
[2026-04-12 00:57:53] [SUCCESS] bvid=BV1aUDpB1Eiy 已成功抓取全部所需数据。
[2026-04-12 00:57:59] [SUCCESS] bvid=BV1rTDHBREUA 已成功抓取全部所需数据。
[2026-04-12 00:58:04] [SUCCESS] bvid=BV1vkDpBSEb4 已成功抓取全部所需数据。
[2026-04-12 00:58:10] [SUCCESS] bvid=BV1hQDpBCEAn 已成功抓取全部所需数据。
[2026-04-12 00:58:15] [SUCCESS] bvid=BV1vyDpBEESx 已成功抓取全部所需数据。
[2026-04-12 00:58:20] [SUCCESS] bvid=BV1aQDpBCE3C 已成功抓取全部所需数据。
[2026-04-12 00:58:26] [SUCCESS] bvid=BV1QQDpBCEmM 已成功抓取全部所需数据。
[2026-04-12 00:58:31] [SUCCESS] bvid=BV1h9DpBGEaW 已成功抓取全部所需数据。
[2026-04-12 00:58:36] [SUCCESS] bvid=BV1Q9DpBGEg7 已成功抓取全部所需数据。
[2026-04-12 00:58:42] [SUCCESS] bvid=BV1DHD7BfEHS 已成功抓取全部所需数据。
[2026-04-12 00:58:47] [SUCCESS] bvid=BV1XDDpB5EYH 已成功抓取全部所需数据。
[2026-04-12 00:58:52] [SUCCESS] bvid=BV19wDnBuEmW 已成功抓取全部所需数据。
[2026-04-12 00:58:58] [SUCCESS] bvid=BV1ziDpB9Exq 已成功抓取全部所需数据。
[2026-04-12 00:59:03] [SUCCESS] bvid=BV1XDDpB5E8i 已成功抓取全部所需数据。
[2026-04-12 00:59:08] [SUCCESS] bvid=BV1hDDpB5E9T 已成功抓取全部所需数据。
[2026-04-12 00:59:14] [SUCCESS] bvid=BV1zYDpBdECR 已成功抓取全部所需数据。
[2026-04-12 00:59:19] [SUCCESS] bvid=BV1FYDpBoEos 已成功抓取全部所需数据。
[2026-04-12 00:59:24] [SUCCESS] bvid=BV1cYDpBoEWa 已成功抓取全部所需数据。
[2026-04-12 00:59:30] [SUCCESS] bvid=BV1ksDnBWExo 已成功抓取全部所需数据。
[2026-04-12 00:59:35] [SUCCESS] bvid=BV1P6DJBsEnb 已成功抓取全部所需数据。
[2026-04-12 00:59:40] [SUCCESS] bvid=BV1zvDpBsECB 已成功抓取全部所需数据。
[2026-04-12 00:59:46] [SUCCESS] bvid=BV1ANDYBdEcR 已成功抓取全部所需数据。
[2026-04-12 00:59:51] [SUCCESS] bvid=BV1WaDLB5EXs 已成功抓取全部所需数据。
[2026-04-12 00:59:57] [SUCCESS] bvid=BV1P5DjB1EMx 已成功抓取全部所需数据。
[2026-04-12 01:00:02] [SUCCESS] bvid=BV1ikDFBHEaE 已成功抓取全部所需数据。
[2026-04-12 01:00:08] [SUCCESS] bvid=BV1XdDLBoEr2 已成功抓取全部所需数据。
[2026-04-12 01:00:08] [INFO] 当前 batch_crawl 已完成，所有视频均已成功抓取。
[2026-04-12 01:00:08] 子任务结束时间：2026-04-12T01:00:08.515634
[TIMESTAMP][END] 2026-04-12T01:00:08
