[TIMESTAMP][BEGIN] 2026-04-11T23:33:47
[2026-04-11 23:33:49] 开始执行 CSV 批量抓取子任务 part_13。
[2026-04-11 23:33:49] 子任务开始时间：2026-04-11T23:33:47.434734
[2026-04-11 23:33:49] 输入文件：batch_input_13.csv
[2026-04-11 23:33:49] 输入唯一 bvid 数量：100
[2026-04-11 23:33:49] 为严格按 CSV 顺序判断连续失败阈值，本次任务自动将并发度从 2 调整为 1。
[2026-04-11 23:33:55] [SUCCESS] bvid=BV1i4DZBmEhw 已成功抓取全部所需数据。
[2026-04-11 23:34:00] [SUCCESS] bvid=BV1giDZBrESX 已成功抓取全部所需数据。
[2026-04-11 23:34:06] [SUCCESS] bvid=BV13iDZBrEiH 已成功抓取全部所需数据。
[2026-04-11 23:34:11] [SUCCESS] bvid=BV1hiDZBrEJe 已成功抓取全部所需数据。
[2026-04-11 23:34:17] [SUCCESS] bvid=BV1hBDZBgEur 已成功抓取全部所需数据。
[2026-04-11 23:34:22] [SUCCESS] bvid=BV1GYDZBCEbL 已成功抓取全部所需数据。
[2026-04-11 23:34:28] [SUCCESS] bvid=BV1qUD4BwEGB 已成功抓取全部所需数据。
[2026-04-11 23:34:33] [SUCCESS] bvid=BV1EcDfBsETa 已成功抓取全部所需数据。
[2026-04-11 23:34:39] [SUCCESS] bvid=BV1HFDbBCEyq 已成功抓取全部所需数据。
[2026-04-11 23:34:45] [SUCCESS] bvid=BV1dMD4BbEuu 已成功抓取全部所需数据。
[2026-04-11 23:34:50] [SUCCESS] bvid=BV1wRDxBuErM 已成功抓取全部所需数据。
[2026-04-11 23:34:56] [SUCCESS] bvid=BV1avDZBGEjB 已成功抓取全部所需数据。
[2026-04-11 23:35:01] [SUCCESS] bvid=BV1dTDfBJEZs 已成功抓取全部所需数据。
[2026-04-11 23:35:07] [SUCCESS] bvid=BV1SmDtBQETY 已成功抓取全部所需数据。
[2026-04-11 23:35:12] [SUCCESS] bvid=BV19MDfBUEXM 已成功抓取全部所需数据。
[2026-04-11 23:35:18] [SUCCESS] bvid=BV1ZPDfBHEq9 已成功抓取全部所需数据。
[2026-04-11 23:35:23] [SUCCESS] bvid=BV1BPDfBpEmz 已成功抓取全部所需数据。
[2026-04-11 23:35:28] [SUCCESS] bvid=BV1oNDfBDEq1 已成功抓取全部所需数据。
[2026-04-11 23:35:34] [SUCCESS] bvid=BV17NDfBQEPS 已成功抓取全部所需数据。
[2026-04-11 23:35:39] [SUCCESS] bvid=BV19VDfBLE8U 已成功抓取全部所需数据。
[2026-04-11 23:35:45] [SUCCESS] bvid=BV1XVDfBLEAk 已成功抓取全部所需数据。
[2026-04-11 23:35:50] [SUCCESS] bvid=BV1ZwDfBXENx 已成功抓取全部所需数据。
[2026-04-11 23:35:55] [SUCCESS] bvid=BV1Q5DfByEnd 已成功抓取全部所需数据。
[2026-04-11 23:36:01] [SUCCESS] bvid=BV1RgDfB7ERY 已成功抓取全部所需数据。
[2026-04-11 23:36:07] [SUCCESS] bvid=BV19gDfB7EY3 已成功抓取全部所需数据。
[2026-04-11 23:36:13] [SUCCESS] bvid=BV1FnDjBrEi3 已成功抓取全部所需数据。
[2026-04-11 23:36:18] [SUCCESS] bvid=BV1MzDvB3EDz 已成功抓取全部所需数据。
[2026-04-11 23:36:23] [SUCCESS] bvid=BV1Kv9KBAEyb 已成功抓取全部所需数据。
[2026-04-11 23:36:29] [SUCCESS] bvid=BV1Kv9KBwERg 已成功抓取全部所需数据。
[2026-04-11 23:36:35] [SUCCESS] bvid=BV1NUDWBvE38 已成功抓取全部所需数据。
[2026-04-11 23:36:41] [SUCCESS] bvid=BV1gCDtBsEU4 已成功抓取全部所需数据。
[2026-04-11 23:36:47] [SUCCESS] bvid=BV1MkDxB7EkY 已成功抓取全部所需数据。
[2026-04-11 23:36:52] [SUCCESS] bvid=BV1ZZDHBSEve 已成功抓取全部所需数据。
[2026-04-11 23:36:58] [SUCCESS] bvid=BV1mLDnB8Ehq 已成功抓取全部所需数据。
[2026-04-11 23:37:03] [SUCCESS] bvid=BV12CDcBzEg3 已成功抓取全部所需数据。
[2026-04-11 23:37:09] [SUCCESS] bvid=BV1YYDxBWEne 已成功抓取全部所需数据。
[2026-04-11 23:37:15] [SUCCESS] bvid=BV1JWDtBME4o 已成功抓取全部所需数据。
[2026-04-11 23:37:21] [SUCCESS] bvid=BV1wFDbBCEw4 已成功抓取全部所需数据。
[2026-04-11 23:37:27] [SUCCESS] bvid=BV1BzDpBQEP8 已成功抓取全部所需数据。
[2026-04-11 23:37:33] [SUCCESS] bvid=BV1LxDWBnEhH 已成功抓取全部所需数据。
[2026-04-11 23:37:39] [SUCCESS] bvid=BV16MDkByEda 已成功抓取全部所需数据。
[2026-04-11 23:37:44] [SUCCESS] bvid=BV1MxDLBEE1v 已成功抓取全部所需数据。
[2026-04-11 23:37:50] [SUCCESS] bvid=BV1yTDxB3EmS 已成功抓取全部所需数据。
[2026-04-11 23:37:56] [SUCCESS] bvid=BV1NcDkBnEnJ 已成功抓取全部所需数据。
[2026-04-11 23:38:01] [SUCCESS] bvid=BV19gDfB7Ejx 已成功抓取全部所需数据。
[2026-04-11 23:38:07] [SUCCESS] bvid=BV153DfBmEau 已成功抓取全部所需数据。
[2026-04-11 23:38:12] [SUCCESS] bvid=BV1R3DfBmEJY 已成功抓取全部所需数据。
[2026-04-11 23:38:18] [SUCCESS] bvid=BV1V3DfBmEhq 已成功抓取全部所需数据。
[2026-04-11 23:38:24] [SUCCESS] bvid=BV1wRDZBbExJ 已成功抓取全部所需数据。
[2026-04-11 23:38:30] [SUCCESS] bvid=BV1X3DfB2EDB 已成功抓取全部所需数据。
[2026-04-11 23:38:35] [SUCCESS] bvid=BV1ndDZBZEkD 已成功抓取全部所需数据。
[2026-04-11 23:38:41] [SUCCESS] bvid=BV1pQDZBhE18 已成功抓取全部所需数据。
[2026-04-11 23:38:46] [SUCCESS] bvid=BV1cdDZBZEN8 已成功抓取全部所需数据。
[2026-04-11 23:38:52] [SUCCESS] bvid=BV1FdDZBZESA 已成功抓取全部所需数据。
[2026-04-11 23:38:57] [SUCCESS] bvid=BV1cdDZBZE77 已成功抓取全部所需数据。
[2026-04-11 23:38:58] [ERROR] bvid=BV1PQDZBhExG 抓取失败：stat: 接口返回错误代码：62002，信息：稿件不可见。
{'code': 62002, 'message': '稿件不可见', 'ttl': 1} | comment: 接口返回错误代码：62002，信息：稿件不可见。
{'code': 62002, 'message': '稿件不可见', 'ttl': 1}
[2026-04-11 23:39:04] [SUCCESS] bvid=BV1A9DZBFE6v 已成功抓取全部所需数据。
[2026-04-11 23:39:09] [SUCCESS] bvid=BV1ZcDfBWEUJ 已成功抓取全部所需数据。
[2026-04-11 23:39:15] [SUCCESS] bvid=BV1fcDfBWETH 已成功抓取全部所需数据。
[2026-04-11 23:39:21] [SUCCESS] bvid=BV16qDfBfEEq 已成功抓取全部所需数据。
[2026-04-11 23:39:26] [SUCCESS] bvid=BV1qoDJBCEvu 已成功抓取全部所需数据。
[2026-04-11 23:39:32] [SUCCESS] bvid=BV1cZDZB4EW6 已成功抓取全部所需数据。
[2026-04-11 23:39:37] [SUCCESS] bvid=BV1cZDZB4EYr 已成功抓取全部所需数据。
[2026-04-11 23:39:43] [SUCCESS] bvid=BV1yaDfBAE3Z 已成功抓取全部所需数据。
[2026-04-11 23:39:48] [SUCCESS] bvid=BV1PaDfBPE4d 已成功抓取全部所需数据。
[2026-04-11 23:39:53] [SUCCESS] bvid=BV1NaDfBPEcU 已成功抓取全部所需数据。
[2026-04-11 23:39:59] [SUCCESS] bvid=BV1UFDZBKEaB 已成功抓取全部所需数据。
[2026-04-11 23:40:04] [SUCCESS] bvid=BV11bDfBNEFh 已成功抓取全部所需数据。
[2026-04-11 23:40:10] [SUCCESS] bvid=BV11bDfBNE3z 已成功抓取全部所需数据。
[2026-04-11 23:40:16] [SUCCESS] bvid=BV17JDWBsE6T 已成功抓取全部所需数据。
[2026-04-11 23:40:22] [SUCCESS] bvid=BV1rvDfBcEk6 已成功抓取全部所需数据。
[2026-04-11 23:40:28] [SUCCESS] bvid=BV16kD4BKEYd 已成功抓取全部所需数据。
[2026-04-11 23:40:33] [SUCCESS] bvid=BV1hVDsBEE9b 已成功抓取全部所需数据。
[2026-04-11 23:40:39] [SUCCESS] bvid=BV1fcD4BPEZk 已成功抓取全部所需数据。
[2026-04-11 23:40:46] [SUCCESS] bvid=BV1P3DqBMEFn 已成功抓取全部所需数据。
[2026-04-11 23:40:59] [SUCCESS] bvid=BV16zDfBtEMY 已成功抓取全部所需数据。
[2026-04-11 23:41:17] [SUCCESS] bvid=BV16zDfBtEfH 已成功抓取全部所需数据。
[2026-04-11 23:41:35] [SUCCESS] bvid=BV1SJDfB3EdK 已成功抓取全部所需数据。
[2026-04-11 23:41:53] [SUCCESS] bvid=BV1DJDfB3EJH 已成功抓取全部所需数据。
[2026-04-11 23:42:11] [SUCCESS] bvid=BV13jDfB5EKg 已成功抓取全部所需数据。
[2026-04-11 23:42:29] [SUCCESS] bvid=BV1SnDfB6E9p 已成功抓取全部所需数据。
[2026-04-11 23:42:48] [SUCCESS] bvid=BV137DfBCE86 已成功抓取全部所需数据。
[2026-04-11 23:43:05] [SUCCESS] bvid=BV1AMDvBaEEh 已成功抓取全部所需数据。
[2026-04-11 23:43:24] [SUCCESS] bvid=BV1BCD4BvEyE 已成功抓取全部所需数据。
[2026-04-11 23:43:42] [SUCCESS] bvid=BV1TxDfBMEkp 已成功抓取全部所需数据。
[2026-04-11 23:43:54] [SUCCESS] bvid=BV124DfBiE8p 已成功抓取全部所需数据。
[2026-04-11 23:44:00] [SUCCESS] bvid=BV1UpDfBuEUZ 已成功抓取全部所需数据。
[2026-04-11 23:44:05] [SUCCESS] bvid=BV1UpDfBuE6Z 已成功抓取全部所需数据。
[2026-04-11 23:44:11] [SUCCESS] bvid=BV1UWDfBBE8i 已成功抓取全部所需数据。
[2026-04-11 23:44:17] [SUCCESS] bvid=BV1UWDfBBETV 已成功抓取全部所需数据。
[2026-04-11 23:44:22] [SUCCESS] bvid=BV1MqDdBAEx5 已成功抓取全部所需数据。
[2026-04-11 23:44:28] [SUCCESS] bvid=BV18qDdBAEGW 已成功抓取全部所需数据。
[2026-04-11 23:44:34] [SUCCESS] bvid=BV1ZZDHBSE1q 已成功抓取全部所需数据。
[2026-04-11 23:44:40] [SUCCESS] bvid=BV1xMDxB6EW6 已成功抓取全部所需数据。
[2026-04-11 23:44:46] [SUCCESS] bvid=BV1isDxBfErf 已成功抓取全部所需数据。
[2026-04-11 23:44:51] [SUCCESS] bvid=BV1iSD4BhEyN 已成功抓取全部所需数据。
[2026-04-11 23:44:57] [SUCCESS] bvid=BV1bzDcBVEK3 已成功抓取全部所需数据。
[2026-04-11 23:45:02] [SUCCESS] bvid=BV1uBDdBaEcZ 已成功抓取全部所需数据。
[2026-04-11 23:45:08] [SUCCESS] bvid=BV1TBDdBaE73 已成功抓取全部所需数据。
[2026-04-11 23:45:14] [SUCCESS] bvid=BV1P1DdBoEhD 已成功抓取全部所需数据。
[2026-04-11 23:45:14] [WARN] 当前子任务已结束，但仍有未成功抓取的视频，已导出 remaining CSV 供继续执行。
[2026-04-11 23:45:14] [INFO] 已导出剔除成功条目后的剩余 CSV：D:\Schoolworks\Thesis\Bilibili-Datahub\outputs\video_data\manual_crawls\manual_crawl_stat_comment_20260411_211113\remaining_bvids_part_13.csv
[2026-04-11 23:45:14] 子任务结束时间：2026-04-11T23:45:14.385560
[TIMESTAMP][END] 2026-04-11T23:45:14
