[TIMESTAMP][BEGIN] 2026-04-11T21:30:12
[2026-04-11 21:30:14] 开始执行 CSV 批量抓取子任务 part_3。
[2026-04-11 21:30:14] 子任务开始时间：2026-04-11T21:30:12.146495
[2026-04-11 21:30:14] 输入文件：batch_input_3.csv
[2026-04-11 21:30:14] 输入唯一 bvid 数量：100
[2026-04-11 21:30:14] 为严格按 CSV 顺序判断连续失败阈值，本次任务自动将并发度从 2 调整为 1。
[2026-04-11 21:30:20] [SUCCESS] bvid=BV1i9SoBjEyf 已成功抓取全部所需数据。
[2026-04-11 21:30:26] [SUCCESS] bvid=BV1q9SoBjEMV 已成功抓取全部所需数据。
[2026-04-11 21:30:31] [SUCCESS] bvid=BV1o9SoBjEqv 已成功抓取全部所需数据。
[2026-04-11 21:30:37] [SUCCESS] bvid=BV1o9SoBjEBr 已成功抓取全部所需数据。
[2026-04-11 21:30:43] [SUCCESS] bvid=BV1i9SoBjE18 已成功抓取全部所需数据。
[2026-04-11 21:30:48] [SUCCESS] bvid=BV1i9SoBjE6d 已成功抓取全部所需数据。
[2026-04-11 21:30:54] [SUCCESS] bvid=BV1i9SoBjEff 已成功抓取全部所需数据。
[2026-04-11 21:31:00] [SUCCESS] bvid=BV1pWQKBQEhF 已成功抓取全部所需数据。
[2026-04-11 21:31:06] [SUCCESS] bvid=BV1PTQTBpExZ 已成功抓取全部所需数据。
[2026-04-11 21:31:11] [SUCCESS] bvid=BV1JLQuBREYL 已成功抓取全部所需数据。
[2026-04-11 21:31:17] [SUCCESS] bvid=BV1RSDfBDEMz 已成功抓取全部所需数据。
[2026-04-11 21:31:23] [SUCCESS] bvid=BV14hQcBkEkF 已成功抓取全部所需数据。
[2026-04-11 21:31:29] [SUCCESS] bvid=BV1bKQwBmEGz 已成功抓取全部所需数据。
[2026-04-11 21:31:35] [SUCCESS] bvid=BV1wQDWBYEKW 已成功抓取全部所需数据。
[2026-04-11 21:31:41] [SUCCESS] bvid=BV1aKQPB4Evd 已成功抓取全部所需数据。
[2026-04-11 21:31:46] [SUCCESS] bvid=BV1pyQABrEFC 已成功抓取全部所需数据。
[2026-04-11 21:31:52] [SUCCESS] bvid=BV1fQQNBCEbX 已成功抓取全部所需数据。
[2026-04-11 21:31:57] [SUCCESS] bvid=BV1nqDiBhEzb 已成功抓取全部所需数据。
[2026-04-11 21:32:03] [SUCCESS] bvid=BV15YQFBHEFS 已成功抓取全部所需数据。
[2026-04-11 21:32:09] [SUCCESS] bvid=BV1dLQAB8E8b 已成功抓取全部所需数据。
[2026-04-11 21:32:15] [SUCCESS] bvid=BV1yVQFBNEPn 已成功抓取全部所需数据。
[2026-04-11 21:32:20] [SUCCESS] bvid=BV1MDD8BtEKo 已成功抓取全部所需数据。
[2026-04-11 21:32:26] [SUCCESS] bvid=BV1eAQKBKEAP 已成功抓取全部所需数据。
[2026-04-11 21:32:32] [SUCCESS] bvid=BV1YAQPBtELc 已成功抓取全部所需数据。
[2026-04-11 21:32:38] [SUCCESS] bvid=BV113QFBiEMq 已成功抓取全部所需数据。
[2026-04-11 21:32:44] [SUCCESS] bvid=BV1ACQABGEGq 已成功抓取全部所需数据。
[2026-04-11 21:32:49] [SUCCESS] bvid=BV1JvQKB5E6a 已成功抓取全部所需数据。
[2026-04-11 21:32:55] [SUCCESS] bvid=BV1TcQTB4E78 已成功抓取全部所需数据。
[2026-04-11 21:33:00] [SUCCESS] bvid=BV17NDfBQEL8 已成功抓取全部所需数据。
[2026-04-11 21:33:05] [SUCCESS] bvid=BV1wuQuBfEox 已成功抓取全部所需数据。
[2026-04-11 21:33:11] [SUCCESS] bvid=BV1xNQuBaEJt 已成功抓取全部所需数据。
[2026-04-11 21:33:16] [SUCCESS] bvid=BV1KNQuBaEqA 已成功抓取全部所需数据。
[2026-04-11 21:33:22] [SUCCESS] bvid=BV1KTQuBcEG7 已成功抓取全部所需数据。
[2026-04-11 21:33:28] [SUCCESS] bvid=BV1w5QuBxEaA 已成功抓取全部所需数据。
[2026-04-11 21:33:34] [SUCCESS] bvid=BV1FLQuBRE19 已成功抓取全部所需数据。
[2026-04-11 21:33:40] [SUCCESS] bvid=BV1soQwBCE6V 已成功抓取全部所需数据。
[2026-04-11 21:33:45] [SUCCESS] bvid=BV1wGQuBoEjC 已成功抓取全部所需数据。
[2026-04-11 21:43:50] [ERROR] bvid=BV1AGQuBoEhD 抓取失败：stat: Timeout of 600.0s exceeded, last exception: HTTPSConnectionPool(host='bigquery.googleapis.com', port=443): Max retries exceeded with url: /bigquery/v2/projects/bilibili-m2s2vp-research/datasets/bili_video_stream_data_test_2?prettyPrint=false (Caused by ProxyError('Unable to connect to proxy', RemoteDisconnected('Remote end closed connection without response')))
[2026-04-11 21:43:56] [SUCCESS] bvid=BV1KdQwB5EF5 已成功抓取全部所需数据。
[2026-04-11 21:44:02] [SUCCESS] bvid=BV1AGQuBoE5u 已成功抓取全部所需数据。
[2026-04-11 21:44:08] [SUCCESS] bvid=BV1wGQuBoEAc 已成功抓取全部所需数据。
[2026-04-11 21:44:13] [SUCCESS] bvid=BV1HbQKBEEKU 已成功抓取全部所需数据。
[2026-04-11 21:44:19] [SUCCESS] bvid=BV1pbQKBEEHu 已成功抓取全部所需数据。
[2026-04-11 21:44:24] [SUCCESS] bvid=BV1kbQKBEE8e 已成功抓取全部所需数据。
[2026-04-11 21:44:29] [SUCCESS] bvid=BV1HbQKBEEM6 已成功抓取全部所需数据。
[2026-04-11 21:44:36] [SUCCESS] bvid=BV1veQwBbEJV 已成功抓取全部所需数据。
[2026-04-11 21:44:42] [SUCCESS] bvid=BV1BRQNBrEcB 已成功抓取全部所需数据。
[2026-04-11 21:44:48] [SUCCESS] bvid=BV14cQTB4E9o 已成功抓取全部所需数据。
[2026-04-11 21:44:54] [SUCCESS] bvid=BV1NeQcB6ECF 已成功抓取全部所需数据。
[2026-04-11 21:45:00] [SUCCESS] bvid=BV1n8QKBmEPQ 已成功抓取全部所需数据。
[2026-04-11 21:45:05] [SUCCESS] bvid=BV1C6QABVEU1 已成功抓取全部所需数据。
[2026-04-11 21:45:11] [SUCCESS] bvid=BV1gDQKBPE7x 已成功抓取全部所需数据。
[2026-04-11 21:45:17] [SUCCESS] bvid=BV18NQwBEEY3 已成功抓取全部所需数据。
[2026-04-11 21:45:23] [SUCCESS] bvid=BV13zDxBJEwt 已成功抓取全部所需数据。
[2026-04-11 21:45:29] [SUCCESS] bvid=BV168QKBmEZ9 已成功抓取全部所需数据。
[2026-04-11 21:45:41] [SUCCESS] bvid=BV1sxQKBnEFy 已成功抓取全部所需数据。
[2026-04-11 21:45:46] [SUCCESS] bvid=BV13DQKBPEAb 已成功抓取全部所需数据。
[2026-04-11 21:45:52] [SUCCESS] bvid=BV1p4QKBSEXh 已成功抓取全部所需数据。
[2026-04-11 21:45:58] [SUCCESS] bvid=BV17iQKBCEiU 已成功抓取全部所需数据。
[2026-04-11 21:46:03] [SUCCESS] bvid=BV1EiQKBCEPG 已成功抓取全部所需数据。
[2026-04-11 21:46:09] [SUCCESS] bvid=BV1vZQNBzEr7 已成功抓取全部所需数据。
[2026-04-11 21:46:15] [SUCCESS] bvid=BV17iQKBCEvD 已成功抓取全部所需数据。
[2026-04-11 21:46:20] [SUCCESS] bvid=BV1raQKBjEuU 已成功抓取全部所需数据。
[2026-04-11 21:46:26] [SUCCESS] bvid=BV1JaQKBjEU7 已成功抓取全部所需数据。
[2026-04-11 21:46:32] [SUCCESS] bvid=BV1hcQFBVEGu 已成功抓取全部所需数据。
[2026-04-11 21:46:38] [SUCCESS] bvid=BV1F6DfBZEyi 已成功抓取全部所需数据。
[2026-04-11 21:46:45] [SUCCESS] bvid=BV19pQNBYEw3 已成功抓取全部所需数据。
[2026-04-11 21:46:50] [SUCCESS] bvid=BV142QFBkEiV 已成功抓取全部所需数据。
[2026-04-11 21:46:55] [SUCCESS] bvid=BV1tMQwBjEwo 已成功抓取全部所需数据。
[2026-04-11 21:47:01] [SUCCESS] bvid=BV1wfDtB5ErV 已成功抓取全部所需数据。
[2026-04-11 21:47:07] [SUCCESS] bvid=BV1JYQKB1ENz 已成功抓取全部所需数据。
[2026-04-11 21:47:12] [SUCCESS] bvid=BV1b5QKBZE4P 已成功抓取全部所需数据。
[2026-04-11 21:47:24] [SUCCESS] bvid=BV1EYQKB1ECd 已成功抓取全部所需数据。
[2026-04-11 21:47:30] [SUCCESS] bvid=BV1bjQKB4E5o 已成功抓取全部所需数据。
[2026-04-11 21:47:36] [SUCCESS] bvid=BV147QKBdEWr 已成功抓取全部所需数据。
[2026-04-11 21:47:41] [SUCCESS] bvid=BV1SVQKBbEBk 已成功抓取全部所需数据。
[2026-04-11 21:47:47] [SUCCESS] bvid=BV1uVQKB8E3f 已成功抓取全部所需数据。
[2026-04-11 21:47:53] [SUCCESS] bvid=BV1xpQKBpEN7 已成功抓取全部所需数据。
[2026-04-11 21:47:59] [SUCCESS] bvid=BV1qXD7BBEV4 已成功抓取全部所需数据。
[2026-04-11 21:48:04] [SUCCESS] bvid=BV1m5QKBZECS 已成功抓取全部所需数据。
[2026-04-11 21:48:10] [SUCCESS] bvid=BV1xnQKB9Exi 已成功抓取全部所需数据。
[2026-04-11 21:48:16] [SUCCESS] bvid=BV1pWQKBQE4v 已成功抓取全部所需数据。
[2026-04-11 21:48:21] [SUCCESS] bvid=BV11JQKBsEYh 已成功抓取全部所需数据。
[2026-04-11 21:48:27] [SUCCESS] bvid=BV1sWQKBQE31 已成功抓取全部所需数据。
[2026-04-11 21:48:33] [SUCCESS] bvid=BV11WQKBQEFz 已成功抓取全部所需数据。
[2026-04-11 21:48:38] [SUCCESS] bvid=BV1sWQKBQEYJ 已成功抓取全部所需数据。
[2026-04-11 21:48:44] [SUCCESS] bvid=BV1P6QAB5Ei5 已成功抓取全部所需数据。
[2026-04-11 21:48:49] [SUCCESS] bvid=BV14JQKBsEUf 已成功抓取全部所需数据。
[2026-04-11 21:48:55] [SUCCESS] bvid=BV1YAQPBtEKY 已成功抓取全部所需数据。
[2026-04-11 21:49:00] [SUCCESS] bvid=BV15eQwBbEVc 已成功抓取全部所需数据。
[2026-04-11 21:49:06] [SUCCESS] bvid=BV1HnQwBMEvA 已成功抓取全部所需数据。
[2026-04-11 21:49:11] [SUCCESS] bvid=BV12JQKBsE2U 已成功抓取全部所需数据。
[2026-04-11 21:49:16] [SUCCESS] bvid=BV14JQKBsEkp 已成功抓取全部所需数据。
[2026-04-11 21:49:22] [SUCCESS] bvid=BV1xnQKB9E3p 已成功抓取全部所需数据。
[2026-04-11 21:49:27] [SUCCESS] bvid=BV1KPQTBsEcH 已成功抓取全部所需数据。
[2026-04-11 21:49:33] [SUCCESS] bvid=BV1xnQKB9E6X 已成功抓取全部所需数据。
[2026-04-11 21:49:39] [SUCCESS] bvid=BV14nQKB9EMP 已成功抓取全部所需数据。
[2026-04-11 21:49:44] [SUCCESS] bvid=BV1u9QKBwEHg 已成功抓取全部所需数据。
[2026-04-11 21:49:50] [SUCCESS] bvid=BV1u9QKBwEsM 已成功抓取全部所需数据。
[2026-04-11 21:49:55] [SUCCESS] bvid=BV1cVQTBEE5j 已成功抓取全部所需数据。
[2026-04-11 21:49:55] [WARN] 当前子任务已结束，但仍有未成功抓取的视频，已导出 remaining CSV 供继续执行。
[2026-04-11 21:49:55] [INFO] 已导出剔除成功条目后的剩余 CSV：D:\Schoolworks\Thesis\Bilibili-Datahub\outputs\video_data\manual_crawls\manual_crawl_stat_comment_20260411_211113\remaining_bvids_part_3.csv
[2026-04-11 21:49:55] 子任务结束时间：2026-04-11T21:49:55.937584
[TIMESTAMP][END] 2026-04-11T21:49:55
