[TIMESTAMP][BEGIN] 2026-04-12T01:08:48
[2026-04-12 01:08:50] 开始执行 CSV 批量抓取子任务 part_22。
[2026-04-12 01:08:50] 子任务开始时间：2026-04-12T01:08:48.594335
[2026-04-12 01:08:50] 输入文件：batch_input_22.csv
[2026-04-12 01:08:50] 输入唯一 bvid 数量：100
[2026-04-12 01:08:50] 为严格按 CSV 顺序判断连续失败阈值，本次任务自动将并发度从 2 调整为 1。
[2026-04-12 01:08:56] [SUCCESS] bvid=BV12gDjB7EGZ 已成功抓取全部所需数据。
[2026-04-12 01:09:01] [SUCCESS] bvid=BV1MSDrBZEQp 已成功抓取全部所需数据。
[2026-04-12 01:09:06] [SUCCESS] bvid=BV1H4DuBWEQY 已成功抓取全部所需数据。
[2026-04-12 01:09:12] [SUCCESS] bvid=BV1UKDEBZECH 已成功抓取全部所需数据。
[2026-04-12 01:09:17] [SUCCESS] bvid=BV1DSDnBTEYr 已成功抓取全部所需数据。
[2026-04-12 01:09:22] [SUCCESS] bvid=BV18mDnBBEkN 已成功抓取全部所需数据。
[2026-04-12 01:09:28] [SUCCESS] bvid=BV1zhDnBJEXA 已成功抓取全部所需数据。
[2026-04-12 01:09:33] [SUCCESS] bvid=BV16hDnBJEsc 已成功抓取全部所需数据。
[2026-04-12 01:09:39] [SUCCESS] bvid=BV1FaDnBSEsx 已成功抓取全部所需数据。
[2026-04-12 01:09:44] [SUCCESS] bvid=BV1qaDnBUEXk 已成功抓取全部所需数据。
[2026-04-12 01:09:44] [ERROR] bvid=BV1rtDnBHE1Y 抓取失败：stat: 接口返回错误代码：62012，信息：62012。
{'code': 62012, 'message': '62012', 'ttl': 1} | comment: 接口返回错误代码：62012，信息：62012。
{'code': 62012, 'message': '62012', 'ttl': 1}
[2026-04-12 01:09:50] [SUCCESS] bvid=BV1BvDnB2EBg 已成功抓取全部所需数据。
[2026-04-12 01:09:55] [SUCCESS] bvid=BV1CKDHBxESM 已成功抓取全部所需数据。
[2026-04-12 01:10:00] [SUCCESS] bvid=BV1wKDHB4E9w 已成功抓取全部所需数据。
[2026-04-12 01:10:06] [SUCCESS] bvid=BV1pKDHBxE2k 已成功抓取全部所需数据。
[2026-04-12 01:10:11] [SUCCESS] bvid=BV1JgDHBXEWs 已成功抓取全部所需数据。
[2026-04-12 01:10:17] [SUCCESS] bvid=BV14dDnBAE1t 已成功抓取全部所需数据。
[2026-04-12 01:10:23] [SUCCESS] bvid=BV12oDnBaEJo 已成功抓取全部所需数据。
[2026-04-12 01:10:28] [SUCCESS] bvid=BV1xcDHBfEFZ 已成功抓取全部所需数据。
[2026-04-12 01:10:34] [SUCCESS] bvid=BV1sADHBtE2F 已成功抓取全部所需数据。
[2026-04-12 01:10:39] [SUCCESS] bvid=BV1teDHBTEzc 已成功抓取全部所需数据。
[2026-04-12 01:10:45] [SUCCESS] bvid=BV1LHDHBLEUh 已成功抓取全部所需数据。
[2026-04-12 01:10:51] [SUCCESS] bvid=BV1LHDHBLEfT 已成功抓取全部所需数据。
[2026-04-12 01:10:56] [SUCCESS] bvid=BV1tUDEBFE2c 已成功抓取全部所需数据。
[2026-04-12 01:11:02] [SUCCESS] bvid=BV1utDJBYENm 已成功抓取全部所需数据。
[2026-04-12 01:11:08] [SUCCESS] bvid=BV149DEBdEpG 已成功抓取全部所需数据。
[2026-04-12 01:11:13] [SUCCESS] bvid=BV1bDDEBZEPA 已成功抓取全部所需数据。
[2026-04-12 01:11:19] [SUCCESS] bvid=BV1SSDEBbEnx 已成功抓取全部所需数据。
[2026-04-12 01:11:24] [SUCCESS] bvid=BV1Z9DJByEXr 已成功抓取全部所需数据。
[2026-04-12 01:11:30] [SUCCESS] bvid=BV1s6DJBsEeo 已成功抓取全部所需数据。
[2026-04-12 01:11:35] [SUCCESS] bvid=BV1ArDJB9EWb 已成功抓取全部所需数据。
[2026-04-12 01:11:40] [SUCCESS] bvid=BV1wCDJBpEr1 已成功抓取全部所需数据。
[2026-04-12 01:11:46] [SUCCESS] bvid=BV1KBDJBdE54 已成功抓取全部所需数据。
[2026-04-12 01:11:51] [SUCCESS] bvid=BV1FmDJBSE3a 已成功抓取全部所需数据。
[2026-04-12 01:11:56] [SUCCESS] bvid=BV1cSDJBEEwh 已成功抓取全部所需数据。
[2026-04-12 01:12:01] [SUCCESS] bvid=BV1w2DJBnEj4 已成功抓取全部所需数据。
[2026-04-12 01:12:07] [SUCCESS] bvid=BV1H2DJBnEQu 已成功抓取全部所需数据。
[2026-04-12 01:12:13] [SUCCESS] bvid=BV16PD7B3Em6 已成功抓取全部所需数据。
[2026-04-12 01:12:18] [SUCCESS] bvid=BV1HwD7BkEnk 已成功抓取全部所需数据。
[2026-04-12 01:12:24] [SUCCESS] bvid=BV1JPD7B3E3X 已成功抓取全部所需数据。
[2026-04-12 01:12:29] [SUCCESS] bvid=BV1kcD7BVE7U 已成功抓取全部所需数据。
[2026-04-12 01:12:34] [SUCCESS] bvid=BV1HcD7BVEaP 已成功抓取全部所需数据。
[2026-04-12 01:12:40] [SUCCESS] bvid=BV1fMD7BBEMn 已成功抓取全部所需数据。
[2026-04-12 01:12:45] [SUCCESS] bvid=BV19fD7BYExE 已成功抓取全部所需数据。
[2026-04-12 01:12:50] [SUCCESS] bvid=BV1cpDrBjEqu 已成功抓取全部所需数据。
[2026-04-12 01:12:55] [SUCCESS] bvid=BV1c4DuBWEXn 已成功抓取全部所需数据。
[2026-04-12 01:13:01] [SUCCESS] bvid=BV1JND7B6E6F 已成功抓取全部所需数据。
[2026-04-12 01:13:06] [SUCCESS] bvid=BV17gD7BTEhA 已成功抓取全部所需数据。
[2026-04-12 01:13:11] [SUCCESS] bvid=BV16ND7B6Eu9 已成功抓取全部所需数据。
[2026-04-12 01:13:16] [SUCCESS] bvid=BV1FND7BrE9z 已成功抓取全部所需数据。
[2026-04-12 01:13:22] [SUCCESS] bvid=BV1JTD7BuEAV 已成功抓取全部所需数据。
[2026-04-12 01:13:27] [SUCCESS] bvid=BV1BTD7BuEeV 已成功抓取全部所需数据。
[2026-04-12 01:13:32] [SUCCESS] bvid=BV1xQDjBJEDR 已成功抓取全部所需数据。
[2026-04-12 01:13:37] [SUCCESS] bvid=BV1sdDjB2EGC 已成功抓取全部所需数据。
[2026-04-12 01:13:43] [SUCCESS] bvid=BV14UDjBHEJp 已成功抓取全部所需数据。
[2026-04-12 01:13:48] [SUCCESS] bvid=BV1U2DjBXEqJ 已成功抓取全部所需数据。
[2026-04-12 01:13:53] [SUCCESS] bvid=BV1WZDjBLEn1 已成功抓取全部所需数据。
[2026-04-12 01:13:58] [SUCCESS] bvid=BV11XDjBUEF3 已成功抓取全部所需数据。
[2026-04-12 01:14:03] [SUCCESS] bvid=BV12XDjBUEFk 已成功抓取全部所需数据。
[2026-04-12 01:14:09] [SUCCESS] bvid=BV1sRDjB7E2E 已成功抓取全部所需数据。
[2026-04-12 01:14:14] [SUCCESS] bvid=BV1yRDjB7E6M 已成功抓取全部所需数据。
[2026-04-12 01:14:20] [SUCCESS] bvid=BV1TtD7BREab 已成功抓取全部所需数据。
[2026-04-12 01:14:26] [SUCCESS] bvid=BV1u4D7B4EFy 已成功抓取全部所需数据。
[2026-04-12 01:14:31] [SUCCESS] bvid=BV1t4D7BxERZ 已成功抓取全部所需数据。
[2026-04-12 01:14:37] [SUCCESS] bvid=BV1utD7BRETe 已成功抓取全部所需数据。
[2026-04-12 01:14:42] [SUCCESS] bvid=BV1QqDjBfELb 已成功抓取全部所需数据。
[2026-04-12 01:14:48] [SUCCESS] bvid=BV14YD7BHEGN 已成功抓取全部所需数据。
[2026-04-12 01:14:53] [SUCCESS] bvid=BV1hWD7BtEqm 已成功抓取全部所需数据。
[2026-04-12 01:14:58] [SUCCESS] bvid=BV143DEBxEmt 已成功抓取全部所需数据。
[2026-04-12 01:14:59] [ERROR] bvid=BV1gsD7BoE7X 抓取失败：stat: 接口返回错误代码：-404，信息：啥都木有。
{'code': -404, 'message': '啥都木有', 'ttl': 1} | comment: 接口返回错误代码：-404，信息：啥都木有。
{'code': -404, 'message': '啥都木有', 'ttl': 1}
[2026-04-12 01:15:04] [SUCCESS] bvid=BV1gsD7BoE4p 已成功抓取全部所需数据。
[2026-04-12 01:15:09] [SUCCESS] bvid=BV1gsD7BoExU 已成功抓取全部所需数据。
[2026-04-12 01:15:14] [SUCCESS] bvid=BV1K8D7BWEfQ 已成功抓取全部所需数据。
[2026-04-12 01:15:20] [SUCCESS] bvid=BV1NYD7BHEHE 已成功抓取全部所需数据。
[2026-04-12 01:15:25] [SUCCESS] bvid=BV1xYD7BHEkn 已成功抓取全部所需数据。
[2026-04-12 01:15:31] [SUCCESS] bvid=BV1KYD7BHEQK 已成功抓取全部所需数据。
[2026-04-12 01:15:36] [SUCCESS] bvid=BV1NeD7BDEhe 已成功抓取全部所需数据。
[2026-04-12 01:15:41] [SUCCESS] bvid=BV148D7BWEk6 已成功抓取全部所需数据。
[2026-04-12 01:15:47] [SUCCESS] bvid=BV1m8D7BWEKZ 已成功抓取全部所需数据。
[2026-04-12 01:15:52] [SUCCESS] bvid=BV155D7BeE7y 已成功抓取全部所需数据。
[2026-04-12 01:15:58] [SUCCESS] bvid=BV1V5D7BeEeS 已成功抓取全部所需数据。
[2026-04-12 01:16:03] [SUCCESS] bvid=BV1L5D7BeEEk 已成功抓取全部所需数据。
[2026-04-12 01:16:08] [SUCCESS] bvid=BV1R5D7BeEM6 已成功抓取全部所需数据。
[2026-04-12 01:16:14] [SUCCESS] bvid=BV1ejD7BAEMm 已成功抓取全部所需数据。
[2026-04-12 01:16:20] [SUCCESS] bvid=BV1VjD7BAE1Q 已成功抓取全部所需数据。
[2026-04-12 01:16:26] [SUCCESS] bvid=BV1j3D7BiE79 已成功抓取全部所需数据。
[2026-04-12 01:16:31] [SUCCESS] bvid=BV15VD7BNEjS 已成功抓取全部所需数据。
[2026-04-12 01:16:36] [SUCCESS] bvid=BV1j3D7BiECj 已成功抓取全部所需数据。
[2026-04-12 01:16:41] [SUCCESS] bvid=BV1GnD7B8EGh 已成功抓取全部所需数据。
[2026-04-12 01:16:46] [SUCCESS] bvid=BV13HD7BfED4 已成功抓取全部所需数据。
[2026-04-12 01:16:51] [SUCCESS] bvid=BV157D7BaEMC 已成功抓取全部所需数据。
[2026-04-12 01:16:56] [SUCCESS] bvid=BV1Y7D7BaEQL 已成功抓取全部所需数据。
[2026-04-12 01:17:01] [SUCCESS] bvid=BV1G7D7BaENZ 已成功抓取全部所需数据。
[2026-04-12 01:17:06] [SUCCESS] bvid=BV1gHD7BfE9W 已成功抓取全部所需数据。
[2026-04-12 01:17:07] [ERROR] bvid=BV1V7D7BaEHo 抓取失败：stat: 接口返回错误代码：62002，信息：稿件不可见。
{'code': 62002, 'message': '稿件不可见', 'ttl': 1} | comment: 接口返回错误代码：62002，信息：稿件不可见。
{'code': 62002, 'message': '稿件不可见', 'ttl': 1}
[2026-04-12 01:17:12] [SUCCESS] bvid=BV1G7D7BaEi3 已成功抓取全部所需数据。
[2026-04-12 01:17:17] [SUCCESS] bvid=BV1YJD7BcE1q 已成功抓取全部所需数据。
[2026-04-12 01:17:23] [SUCCESS] bvid=BV1GJD7BcErG 已成功抓取全部所需数据。
[2026-04-12 01:17:28] [SUCCESS] bvid=BV13JD7BcEsE 已成功抓取全部所需数据。
[2026-04-12 01:17:33] [SUCCESS] bvid=BV17QD7BuEPG 已成功抓取全部所需数据。
[2026-04-12 01:17:33] [WARN] 当前子任务已结束，但仍有未成功抓取的视频，已导出 remaining CSV 供继续执行。
[2026-04-12 01:17:33] [INFO] 已导出剔除成功条目后的剩余 CSV：D:\Schoolworks\Thesis\Bilibili-Datahub\outputs\video_data\manual_crawls\manual_crawl_stat_comment_20260411_211113\remaining_bvids_part_22.csv
[2026-04-12 01:17:33] 子任务结束时间：2026-04-12T01:17:33.109091
[TIMESTAMP][END] 2026-04-12T01:17:33
