[TIMESTAMP][BEGIN] 2026-04-11T22:57:18
[2026-04-11 22:57:20] 开始执行 CSV 批量抓取子任务 part_10。
[2026-04-11 22:57:20] 子任务开始时间：2026-04-11T22:57:18.411260
[2026-04-11 22:57:20] 输入文件：batch_input_10.csv
[2026-04-11 22:57:20] 输入唯一 bvid 数量：100
[2026-04-11 22:57:20] 为严格按 CSV 顺序判断连续失败阈值，本次任务自动将并发度从 2 调整为 1。
[2026-04-11 22:57:26] [SUCCESS] bvid=BV1cFDbBCE3K 已成功抓取全部所需数据。
[2026-04-11 22:57:31] [SUCCESS] bvid=BV1vSDfBDEeL 已成功抓取全部所需数据。
[2026-04-11 22:57:36] [SUCCESS] bvid=BV1vQDfBJEHe 已成功抓取全部所需数据。
[2026-04-11 22:57:41] [SUCCESS] bvid=BV19QDfBJE59 已成功抓取全部所需数据。
[2026-04-11 22:57:47] [SUCCESS] bvid=BV1eQDfBJEuM 已成功抓取全部所需数据。
[2026-04-11 22:57:52] [SUCCESS] bvid=BV1YQDfBJE7S 已成功抓取全部所需数据。
[2026-04-11 22:57:57] [SUCCESS] bvid=BV15QDfBnEgS 已成功抓取全部所需数据。
[2026-04-11 22:58:02] [SUCCESS] bvid=BV19QDfBJEqY 已成功抓取全部所需数据。
[2026-04-11 22:58:07] [SUCCESS] bvid=BV19QDfBJEWH 已成功抓取全部所需数据。
[2026-04-11 22:58:13] [SUCCESS] bvid=BV1eQDfBJEpK 已成功抓取全部所需数据。
[2026-04-11 22:58:18] [SUCCESS] bvid=BV1YQDfBJERh 已成功抓取全部所需数据。
[2026-04-11 22:58:23] [SUCCESS] bvid=BV1LQDfBnEHf 已成功抓取全部所需数据。
[2026-04-11 22:58:28] [SUCCESS] bvid=BV1i2DfBXEG9 已成功抓取全部所需数据。
[2026-04-11 22:58:33] [SUCCESS] bvid=BV172DfB9EbL 已成功抓取全部所需数据。
[2026-04-11 22:58:39] [SUCCESS] bvid=BV1i2DfBXEmg 已成功抓取全部所需数据。
[2026-04-11 22:58:44] [SUCCESS] bvid=BV1jUDfBpE2Q 已成功抓取全部所需数据。
[2026-04-11 22:58:49] [SUCCESS] bvid=BV1vUDfBpEzz 已成功抓取全部所需数据。
[2026-04-11 22:58:54] [SUCCESS] bvid=BV1LUDfBpEgv 已成功抓取全部所需数据。
[2026-04-11 22:59:00] [SUCCESS] bvid=BV1vUDfBHEpp 已成功抓取全部所需数据。
[2026-04-11 22:59:05] [SUCCESS] bvid=BV1vUDfBHES5 已成功抓取全部所需数据。
[2026-04-11 22:59:10] [SUCCESS] bvid=BV1dUDfBHEu4 已成功抓取全部所需数据。
[2026-04-11 22:59:16] [SUCCESS] bvid=BV1dUDfBHEgM 已成功抓取全部所需数据。
[2026-04-11 22:59:21] [SUCCESS] bvid=BV1vUDfBHE7W 已成功抓取全部所需数据。
[2026-04-11 22:59:27] [SUCCESS] bvid=BV1vUDfBHE7K 已成功抓取全部所需数据。
[2026-04-11 22:59:32] [SUCCESS] bvid=BV1vUDfBHESM 已成功抓取全部所需数据。
[2026-04-11 22:59:37] [SUCCESS] bvid=BV1vUDfBHESp 已成功抓取全部所需数据。
[2026-04-11 22:59:42] [SUCCESS] bvid=BV1vUDfBHEhY 已成功抓取全部所需数据。
[2026-04-11 22:59:48] [SUCCESS] bvid=BV1vUDfBHEaD 已成功抓取全部所需数据。
[2026-04-11 22:59:53] [SUCCESS] bvid=BV1vUDfBHE5R 已成功抓取全部所需数据。
[2026-04-11 22:59:58] [SUCCESS] bvid=BV1JpQFBFEdM 已成功抓取全部所需数据。
[2026-04-11 23:00:04] [SUCCESS] bvid=BV1JHQFBfEDW 已成功抓取全部所需数据。
[2026-04-11 23:00:10] [SUCCESS] bvid=BV1EnQFB8ECc 已成功抓取全部所需数据。
[2026-04-11 23:00:15] [SUCCESS] bvid=BV1RTDfBJEiA 已成功抓取全部所需数据。
[2026-04-11 23:00:21] [SUCCESS] bvid=BV1KQQFBuELh 已成功抓取全部所需数据。
[2026-04-11 23:00:26] [SUCCESS] bvid=BV1nHQFBfEPu 已成功抓取全部所需数据。
[2026-04-11 23:00:32] [SUCCESS] bvid=BV16HQFBfEF6 已成功抓取全部所需数据。
[2026-04-11 23:00:38] [SUCCESS] bvid=BV1p7QFBaEnk 已成功抓取全部所需数据。
[2026-04-11 23:00:43] [SUCCESS] bvid=BV1WNDYBdEUz 已成功抓取全部所需数据。
[2026-04-11 23:00:49] [SUCCESS] bvid=BV1uQDaBvEeq 已成功抓取全部所需数据。
[2026-04-11 23:00:54] [SUCCESS] bvid=BV1E7DZB9Eqn 已成功抓取全部所需数据。
[2026-04-11 23:01:00] [SUCCESS] bvid=BV1uCQFByE4G 已成功抓取全部所需数据。
[2026-04-11 23:01:05] [SUCCESS] bvid=BV1tcDZBvEdy 已成功抓取全部所需数据。
[2026-04-11 23:01:11] [SUCCESS] bvid=BV1R3QcBsExn 已成功抓取全部所需数据。
[2026-04-11 23:01:17] [SUCCESS] bvid=BV1H7QFBaEmE 已成功抓取全部所需数据。
[2026-04-11 23:01:22] [SUCCESS] bvid=BV1rJQFBcEqN 已成功抓取全部所需数据。
[2026-04-11 23:01:27] [SUCCESS] bvid=BV16JQFBcEWM 已成功抓取全部所需数据。
[2026-04-11 23:01:33] [SUCCESS] bvid=BV16JQFBcEhx 已成功抓取全部所需数据。
[2026-04-11 23:01:38] [SUCCESS] bvid=BV1wJQFBwEGo 已成功抓取全部所需数据。
[2026-04-11 23:01:44] [SUCCESS] bvid=BV174QFBxEX5 已成功抓取全部所需数据。
[2026-04-11 23:01:49] [SUCCESS] bvid=BV1qtQFBRE8X 已成功抓取全部所需数据。
[2026-04-11 23:01:55] [SUCCESS] bvid=BV1LtQFBREvH 已成功抓取全部所需数据。
[2026-04-11 23:02:00] [SUCCESS] bvid=BV1EWQFBtEdH 已成功抓取全部所需数据。
[2026-04-11 23:02:05] [SUCCESS] bvid=BV12MQFBBEsb 已成功抓取全部所需数据。
[2026-04-11 23:02:11] [SUCCESS] bvid=BV1KSQFB6EHF 已成功抓取全部所需数据。
[2026-04-11 23:02:17] [SUCCESS] bvid=BV1xMQFBBEjB 已成功抓取全部所需数据。
[2026-04-11 23:02:22] [SUCCESS] bvid=BV14MQFBBE6B 已成功抓取全部所需数据。
[2026-04-11 23:02:28] [SUCCESS] bvid=BV1KmDZBPEGM 已成功抓取全部所需数据。
[2026-04-11 23:02:33] [SUCCESS] bvid=BV1xgQFBTE4q 已成功抓取全部所需数据。
[2026-04-11 23:02:39] [SUCCESS] bvid=BV14NQFB6Ezw 已成功抓取全部所需数据。
[2026-04-11 23:02:44] [SUCCESS] bvid=BV1xTQFBuE2N 已成功抓取全部所需数据。
[2026-04-11 23:02:50] [SUCCESS] bvid=BV14TQFBuEmo 已成功抓取全部所需数据。
[2026-04-11 23:02:55] [SUCCESS] bvid=BV1p5QFBeEPm 已成功抓取全部所需数据。
[2026-04-11 23:03:00] [SUCCESS] bvid=BV1y5QFBeELR 已成功抓取全部所需数据。
[2026-04-11 23:03:06] [SUCCESS] bvid=BV1W5QFBeEth 已成功抓取全部所需数据。
[2026-04-11 23:03:11] [SUCCESS] bvid=BV1K3QFBqE3K 已成功抓取全部所需数据。
[2026-04-11 23:03:16] [SUCCESS] bvid=BV1y3QFBiEf2 已成功抓取全部所需数据。
[2026-04-11 23:03:22] [SUCCESS] bvid=BV1s3QFBiENM 已成功抓取全部所需数据。
[2026-04-11 23:03:27] [SUCCESS] bvid=BV1s3QFBiEDM 已成功抓取全部所需数据。
[2026-04-11 23:03:32] [SUCCESS] bvid=BV1WVQFBNEdz 已成功抓取全部所需数据。
[2026-04-11 23:03:37] [SUCCESS] bvid=BV1K1DZBvEE9 已成功抓取全部所需数据。
[2026-04-11 23:03:43] [SUCCESS] bvid=BV1MBDWBGEmZ 已成功抓取全部所需数据。
[2026-04-11 23:03:48] [SUCCESS] bvid=BV1sVQFBNE8B 已成功抓取全部所需数据。
[2026-04-11 23:03:53] [SUCCESS] bvid=BV1pVQFBNERL 已成功抓取全部所需数据。
[2026-04-11 23:03:58] [SUCCESS] bvid=BV1E7DZB9Eei 已成功抓取全部所需数据。
[2026-04-11 23:04:04] [SUCCESS] bvid=BV1pRDxBuE7F 已成功抓取全部所需数据。
[2026-04-11 23:04:09] [SUCCESS] bvid=BV1u1QFBVEcL 已成功抓取全部所需数据。
[2026-04-11 23:04:15] [SUCCESS] bvid=BV1cZDZB4EWY 已成功抓取全部所需数据。
[2026-04-11 23:04:20] [SUCCESS] bvid=BV1f1D4BPE6e 已成功抓取全部所需数据。
[2026-04-11 23:04:26] [SUCCESS] bvid=BV1M1QFBVE84 已成功抓取全部所需数据。
[2026-04-11 23:04:31] [SUCCESS] bvid=BV1yhD4BCEtR 已成功抓取全部所需数据。
[2026-04-11 23:04:37] [SUCCESS] bvid=BV1K2QFBkEhM 已成功抓取全部所需数据。
[2026-04-11 23:04:42] [SUCCESS] bvid=BV1UsD4BmEyK 已成功抓取全部所需数据。
[2026-04-11 23:04:48] [SUCCESS] bvid=BV1DkQFBLEzF 已成功抓取全部所需数据。
[2026-04-11 23:04:53] [SUCCESS] bvid=BV1ukQFBLEGo 已成功抓取全部所需数据。
[2026-04-11 23:04:59] [SUCCESS] bvid=BV1bkQFBLEX8 已成功抓取全部所需数据。
[2026-04-11 23:05:04] [SUCCESS] bvid=BV1gkQFBLECT 已成功抓取全部所需数据。
[2026-04-11 23:05:09] [SUCCESS] bvid=BV1gkQFBLEQr 已成功抓取全部所需数据。
[2026-04-11 23:05:15] [SUCCESS] bvid=BV1MCQFByEya 已成功抓取全部所需数据。
[2026-04-11 23:05:20] [SUCCESS] bvid=BV1bCQFByEFt 已成功抓取全部所需数据。
[2026-04-11 23:05:25] [SUCCESS] bvid=BV1gCQFByEFp 已成功抓取全部所需数据。
[2026-04-11 23:05:30] [SUCCESS] bvid=BV1sQQFBuE9y 已成功抓取全部所需数据。
[2026-04-11 23:05:35] [SUCCESS] bvid=BV1PXQFBBE6u 已成功抓取全部所需数据。
[2026-04-11 23:05:41] [SUCCESS] bvid=BV1WXQFBBEhW 已成功抓取全部所需数据。
[2026-04-11 23:05:46] [SUCCESS] bvid=BV14UQFB3Ede 已成功抓取全部所需数据。
[2026-04-11 23:05:51] [SUCCESS] bvid=BV15YQFBHE8C 已成功抓取全部所需数据。
[2026-04-11 23:05:57] [SUCCESS] bvid=BV1VYQFBpEHA 已成功抓取全部所需数据。
[2026-04-11 23:06:02] [SUCCESS] bvid=BV1eYQFBHEde 已成功抓取全部所需数据。
[2026-04-11 23:06:08] [SUCCESS] bvid=BV15YQFBHEQ5 已成功抓取全部所需数据。
[2026-04-11 23:06:13] [SUCCESS] bvid=BV1ReQFBDEcs 已成功抓取全部所需数据。
[2026-04-11 23:06:20] [SUCCESS] bvid=BV1RYQFBHEii 已成功抓取全部所需数据。
[2026-04-11 23:06:20] [INFO] 当前 batch_crawl 已完成，所有视频均已成功抓取。
[2026-04-11 23:06:20] 子任务结束时间：2026-04-11T23:06:20.118552
[TIMESTAMP][END] 2026-04-11T23:06:20
