[TIMESTAMP][BEGIN] 2026-04-12T01:00:08
[2026-04-12 01:00:11] 开始执行 CSV 批量抓取子任务 part_21。
[2026-04-12 01:00:11] 子任务开始时间：2026-04-12T01:00:08.644975
[2026-04-12 01:00:11] 输入文件：batch_input_21.csv
[2026-04-12 01:00:11] 输入唯一 bvid 数量：100
[2026-04-12 01:00:11] 为严格按 CSV 顺序判断连续失败阈值，本次任务自动将并发度从 2 调整为 1。
[2026-04-12 01:00:16] [SUCCESS] bvid=BV1Z1DLBvEdV 已成功抓取全部所需数据。
[2026-04-12 01:00:21] [SUCCESS] bvid=BV1rVDWBbEt8 已成功抓取全部所需数据。
[2026-04-12 01:00:27] [SUCCESS] bvid=BV1BKD6BMEZW 已成功抓取全部所需数据。
[2026-04-12 01:00:32] [SUCCESS] bvid=BV1L1XZBpExb 已成功抓取全部所需数据。
[2026-04-12 01:00:32] [ERROR] bvid=BV1LpDHByET6 抓取失败：stat: 接口返回错误代码：-404，信息：啥都木有。
{'code': -404, 'message': '啥都木有', 'ttl': 1} | comment: 接口返回错误代码：-404，信息：啥都木有。
{'code': -404, 'message': '啥都木有', 'ttl': 1}
[2026-04-12 01:00:38] [SUCCESS] bvid=BV1w8DpBfEZy 已成功抓取全部所需数据。
[2026-04-12 01:00:43] [SUCCESS] bvid=BV1k8DpBZEmd 已成功抓取全部所需数据。
[2026-04-12 01:00:48] [SUCCESS] bvid=BV1r8DpBZEuW 已成功抓取全部所需数据。
[2026-04-12 01:00:54] [SUCCESS] bvid=BV1raDpB4Edv 已成功抓取全部所需数据。
[2026-04-12 01:00:59] [SUCCESS] bvid=BV16aDpB4Ekk 已成功抓取全部所需数据。
[2026-04-12 01:01:05] [SUCCESS] bvid=BV1qzDpBQE2v 已成功抓取全部所需数据。
[2026-04-12 01:01:10] [SUCCESS] bvid=BV1doDJBkErK 已成功抓取全部所需数据。
[2026-04-12 01:01:15] [SUCCESS] bvid=BV1izDpBQESU 已成功抓取全部所需数据。
[2026-04-12 01:01:21] [SUCCESS] bvid=BV1qrDpBnE1F 已成功抓取全部所需数据。
[2026-04-12 01:01:26] [SUCCESS] bvid=BV1vrDpBnEes 已成功抓取全部所需数据。
[2026-04-12 01:01:31] [SUCCESS] bvid=BV1oBDpBpEtB 已成功抓取全部所需数据。
[2026-04-12 01:01:36] [SUCCESS] bvid=BV1rgDWBhESU 已成功抓取全部所需数据。
[2026-04-12 01:01:42] [SUCCESS] bvid=BV1oBDpBpEfM 已成功抓取全部所需数据。
[2026-04-12 01:01:47] [SUCCESS] bvid=BV1BBDpBpEeF 已成功抓取全部所需数据。
[2026-04-12 01:01:52] [SUCCESS] bvid=BV1HgDWBhEhf 已成功抓取全部所需数据。
[2026-04-12 01:01:57] [SUCCESS] bvid=BV1rGDWBFEas 已成功抓取全部所需数据。
[2026-04-12 01:02:02] [SUCCESS] bvid=BV1vrDnBkEhV 已成功抓取全部所需数据。
[2026-04-12 01:02:08] [SUCCESS] bvid=BV1ACDJBpEBN 已成功抓取全部所需数据。
[2026-04-12 01:02:13] [SUCCESS] bvid=BV19dD7BvEr1 已成功抓取全部所需数据。
[2026-04-12 01:02:18] [SUCCESS] bvid=BV1nGDWBFEZw 已成功抓取全部所需数据。
[2026-04-12 01:02:24] [SUCCESS] bvid=BV1CTDWBYEBn 已成功抓取全部所需数据。
[2026-04-12 01:02:29] [SUCCESS] bvid=BV1yTDWBYEr8 已成功抓取全部所需数据。
[2026-04-12 01:02:34] [SUCCESS] bvid=BV1kuDWBwEXy 已成功抓取全部所需数据。
[2026-04-12 01:02:40] [SUCCESS] bvid=BV1CuDWBwESr 已成功抓取全部所需数据。
[2026-04-12 01:02:45] [SUCCESS] bvid=BV16VDWBbE4A 已成功抓取全部所需数据。
[2026-04-12 01:02:50] [SUCCESS] bvid=BV1f7DWBdEKX 已成功抓取全部所需数据。
[2026-04-12 01:02:56] [SUCCESS] bvid=BV1E7DWBdEzk 已成功抓取全部所需数据。
[2026-04-12 01:03:01] [SUCCESS] bvid=BV1J7DWBdEK9 已成功抓取全部所需数据。
[2026-04-12 01:03:07] [SUCCESS] bvid=BV1HVDWBbEM8 已成功抓取全部所需数据。
[2026-04-12 01:03:12] [SUCCESS] bvid=BV1n5DWBZEQL 已成功抓取全部所需数据。
[2026-04-12 01:03:18] [SUCCESS] bvid=BV1wpDnBdErL 已成功抓取全部所需数据。
[2026-04-12 01:03:23] [SUCCESS] bvid=BV1n5DWBZEas 已成功抓取全部所需数据。
[2026-04-12 01:03:28] [SUCCESS] bvid=BV1SZDpBzEAT 已成功抓取全部所需数据。
[2026-04-12 01:03:34] [SUCCESS] bvid=BV1tqDvB6E1f 已成功抓取全部所需数据。
[2026-04-12 01:03:39] [SUCCESS] bvid=BV1gwDjB9EDS 已成功抓取全部所需数据。
[2026-04-12 01:03:44] [SUCCESS] bvid=BV1wsDuBREDP 已成功抓取全部所需数据。
[2026-04-12 01:03:49] [SUCCESS] bvid=BV17zDeBHENi 已成功抓取全部所需数据。
[2026-04-12 01:03:55] [SUCCESS] bvid=BV1AvDLBGEyX 已成功抓取全部所需数据。
[2026-04-12 01:04:00] [SUCCESS] bvid=BV1LdD7BiEbS 已成功抓取全部所需数据。
[2026-04-12 01:04:06] [SUCCESS] bvid=BV19wDnBuEPe 已成功抓取全部所需数据。
[2026-04-12 01:04:11] [SUCCESS] bvid=BV1RXDLBfEao 已成功抓取全部所需数据。
[2026-04-12 01:04:16] [SUCCESS] bvid=BV1bZDpBzE4u 已成功抓取全部所需数据。
[2026-04-12 01:04:21] [SUCCESS] bvid=BV1tZDpBzExB 已成功抓取全部所需数据。
[2026-04-12 01:04:22] [ERROR] bvid=BV1tFDWBMESo 抓取失败：stat: 接口返回错误代码：62002，信息：稿件不可见。
{'code': 62002, 'message': '稿件不可见', 'ttl': 1} | comment: 接口返回错误代码：62002，信息：稿件不可见。
{'code': 62002, 'message': '稿件不可见', 'ttl': 1}
[2026-04-12 01:04:27] [SUCCESS] bvid=BV14FDWBMEfS 已成功抓取全部所需数据。
[2026-04-12 01:04:27] [ERROR] bvid=BV18RDpBrEvd 抓取失败：stat: 接口返回错误代码：62002，信息：稿件不可见。
{'code': 62002, 'message': '稿件不可见', 'ttl': 1} | comment: 接口返回错误代码：62002，信息：稿件不可见。
{'code': 62002, 'message': '稿件不可见', 'ttl': 1}
[2026-04-12 01:04:33] [SUCCESS] bvid=BV1DRDpBrEVz 已成功抓取全部所需数据。
[2026-04-12 01:04:38] [SUCCESS] bvid=BV13RDpBkELF 已成功抓取全部所需数据。
[2026-04-12 01:04:43] [SUCCESS] bvid=BV1xPDWBvE7t 已成功抓取全部所需数据。
[2026-04-12 01:04:48] [SUCCESS] bvid=BV18RDpBrEZq 已成功抓取全部所需数据。
[2026-04-12 01:04:54] [SUCCESS] bvid=BV1SoDpBgEep 已成功抓取全部所需数据。
[2026-04-12 01:04:59] [SUCCESS] bvid=BV1xPDWBvEY3 已成功抓取全部所需数据。
[2026-04-12 01:05:04] [SUCCESS] bvid=BV1sKDWBPEg6 已成功抓取全部所需数据。
[2026-04-12 01:05:10] [SUCCESS] bvid=BV1xcDWBqEDm 已成功抓取全部所需数据。
[2026-04-12 01:05:10] [ERROR] bvid=BV14cDWBqEKc 抓取失败：stat: 接口返回错误代码：62002，信息：稿件不可见。
{'code': 62002, 'message': '稿件不可见', 'ttl': 1} | comment: 接口返回错误代码：62002，信息：稿件不可见。
{'code': 62002, 'message': '稿件不可见', 'ttl': 1}
[2026-04-12 01:05:15] [SUCCESS] bvid=BV1joDJBCEua 已成功抓取全部所需数据。
[2026-04-12 01:05:20] [SUCCESS] bvid=BV12EDnBtENh 已成功抓取全部所需数据。
[2026-04-12 01:05:25] [SUCCESS] bvid=BV1yEDnBtEUj 已成功抓取全部所需数据。
[2026-04-12 01:05:31] [SUCCESS] bvid=BV11EDnBtEVJ 已成功抓取全部所需数据。
[2026-04-12 01:05:36] [SUCCESS] bvid=BV11JDnBoEuP 已成功抓取全部所需数据。
[2026-04-12 01:05:42] [SUCCESS] bvid=BV1TLDnBhEnT 已成功抓取全部所需数据。
[2026-04-12 01:05:47] [SUCCESS] bvid=BV1AHDnB4EXo 已成功抓取全部所需数据。
[2026-04-12 01:05:53] [SUCCESS] bvid=BV1erDnBkE8A 已成功抓取全部所需数据。
[2026-04-12 01:05:58] [SUCCESS] bvid=BV1NHDnB4E7Y 已成功抓取全部所需数据。
[2026-04-12 01:06:03] [SUCCESS] bvid=BV1FX9MBtE4f 已成功抓取全部所需数据。
[2026-04-12 01:06:08] [SUCCESS] bvid=BV1fX9MB4EBJ 已成功抓取全部所需数据。
[2026-04-12 01:06:14] [SUCCESS] bvid=BV1g8DJBwEMj 已成功抓取全部所需数据。
[2026-04-12 01:06:20] [SUCCESS] bvid=BV11XDjBUEMF 已成功抓取全部所需数据。
[2026-04-12 01:06:26] [SUCCESS] bvid=BV1wwD7BCE7w 已成功抓取全部所需数据。
[2026-04-12 01:06:31] [SUCCESS] bvid=BV1r7DjBkEZp 已成功抓取全部所需数据。
[2026-04-12 01:06:37] [SUCCESS] bvid=BV1KeDJBbEZ3 已成功抓取全部所需数据。
[2026-04-12 01:06:42] [SUCCESS] bvid=BV1KeD7BDEs5 已成功抓取全部所需数据。
[2026-04-12 01:06:47] [SUCCESS] bvid=BV1sADHBtEjS 已成功抓取全部所需数据。
[2026-04-12 01:06:52] [SUCCESS] bvid=BV12SDjBDEY2 已成功抓取全部所需数据。
[2026-04-12 01:06:58] [SUCCESS] bvid=BV1ThD7BXEkB 已成功抓取全部所需数据。
[2026-04-12 01:07:03] [SUCCESS] bvid=BV1bhDJBhEM6 已成功抓取全部所需数据。
[2026-04-12 01:07:09] [SUCCESS] bvid=BV1PHDnB4EZu 已成功抓取全部所需数据。
[2026-04-12 01:07:14] [SUCCESS] bvid=BV11HDnBxEFy 已成功抓取全部所需数据。
[2026-04-12 01:07:19] [SUCCESS] bvid=BV1ypDnBREFK 已成功抓取全部所需数据。
[2026-04-12 01:07:25] [SUCCESS] bvid=BV1aKDnBqEJe 已成功抓取全部所需数据。
[2026-04-12 01:07:30] [SUCCESS] bvid=BV1QMDnBNEKU 已成功抓取全部所需数据。
[2026-04-12 01:07:36] [SUCCESS] bvid=BV19ADnBBExi 已成功抓取全部所需数据。
[2026-04-12 01:07:43] [SUCCESS] bvid=BV19ADnBBEbA 已成功抓取全部所需数据。
[2026-04-12 01:07:48] [SUCCESS] bvid=BV19NDnBTEcS 已成功抓取全部所需数据。
[2026-04-12 01:07:54] [SUCCESS] bvid=BV1MGDnBYEhA 已成功抓取全部所需数据。
[2026-04-12 01:07:59] [SUCCESS] bvid=BV1VNDnBMEHh 已成功抓取全部所需数据。
[2026-04-12 01:08:04] [SUCCESS] bvid=BV13YDvBLEEM 已成功抓取全部所需数据。
[2026-04-12 01:08:10] [SUCCESS] bvid=BV1m5DnBcETH 已成功抓取全部所需数据。
[2026-04-12 01:08:16] [SUCCESS] bvid=BV1guDnBvESY 已成功抓取全部所需数据。
[2026-04-12 01:08:21] [SUCCESS] bvid=BV1DuDnBeERG 已成功抓取全部所需数据。
[2026-04-12 01:08:27] [SUCCESS] bvid=BV1eCDnB3Egn 已成功抓取全部所需数据。
[2026-04-12 01:08:32] [SUCCESS] bvid=BV17MD7BBEtL 已成功抓取全部所需数据。
[2026-04-12 01:08:37] [SUCCESS] bvid=BV1i6DnBVETy 已成功抓取全部所需数据。
[2026-04-12 01:08:42] [SUCCESS] bvid=BV1vrDnBkEHM 已成功抓取全部所需数据。
[2026-04-12 01:08:48] [SUCCESS] bvid=BV1DwDjBXEPz 已成功抓取全部所需数据。
[2026-04-12 01:08:48] [WARN] 当前子任务已结束，但仍有未成功抓取的视频，已导出 remaining CSV 供继续执行。
[2026-04-12 01:08:48] [INFO] 已导出剔除成功条目后的剩余 CSV：D:\Schoolworks\Thesis\Bilibili-Datahub\outputs\video_data\manual_crawls\manual_crawl_stat_comment_20260411_211113\remaining_bvids_part_21.csv
[2026-04-12 01:08:48] 子任务结束时间：2026-04-12T01:08:48.464388
[TIMESTAMP][END] 2026-04-12T01:08:48
