[TIMESTAMP][BEGIN] 2026-04-11T22:17:26
[2026-04-11 22:17:28] 开始执行 CSV 批量抓取子任务 part_7。
[2026-04-11 22:17:28] 子任务开始时间：2026-04-11T22:17:26.399627
[2026-04-11 22:17:28] 输入文件：batch_input_7.csv
[2026-04-11 22:17:28] 输入唯一 bvid 数量：100
[2026-04-11 22:17:28] 为严格按 CSV 顺序判断连续失败阈值，本次任务自动将并发度从 2 调整为 1。
[2026-04-11 22:17:34] [SUCCESS] bvid=BV17hQwBhEeE 已成功抓取全部所需数据。
[2026-04-11 22:17:39] [SUCCESS] bvid=BV1E4QwBPEB8 已成功抓取全部所需数据。
[2026-04-11 22:17:45] [SUCCESS] bvid=BV164QwBPEJK 已成功抓取全部所需数据。
[2026-04-11 22:17:51] [SUCCESS] bvid=BV1J4QwBPEQs 已成功抓取全部所需数据。
[2026-04-11 22:17:56] [SUCCESS] bvid=BV13YDZBCE9x 已成功抓取全部所需数据。
[2026-04-11 22:18:02] [SUCCESS] bvid=BV1VqDtBbEt8 已成功抓取全部所需数据。
[2026-04-11 22:18:07] [SUCCESS] bvid=BV1ftQwBYEYy 已成功抓取全部所需数据。
[2026-04-11 22:18:13] [SUCCESS] bvid=BV1bMQwBjE31 已成功抓取全部所需数据。
[2026-04-11 22:18:19] [SUCCESS] bvid=BV1x3QwB5Eyu 已成功抓取全部所需数据。
[2026-04-11 22:18:24] [SUCCESS] bvid=BV17tQwBYEq7 已成功抓取全部所需数据。
[2026-04-11 22:18:30] [SUCCESS] bvid=BV1BtQwBYE3o 已成功抓取全部所需数据。
[2026-04-11 22:18:36] [SUCCESS] bvid=BV1c7QFBYENR 已成功抓取全部所需数据。
[2026-04-11 22:18:42] [SUCCESS] bvid=BV14GQwBCE3r 已成功抓取全部所需数据。
[2026-04-11 22:18:47] [SUCCESS] bvid=BV1GBQwBdEmh 已成功抓取全部所需数据。
[2026-04-11 22:18:53] [SUCCESS] bvid=BV1BkDfBxEKQ 已成功抓取全部所需数据。
[2026-04-11 22:18:58] [SUCCESS] bvid=BV1nK97BDEn6 已成功抓取全部所需数据。
[2026-04-11 22:29:04] [SUCCESS] bvid=BV18zDZBzEJj 已成功抓取全部所需数据。
[2026-04-11 22:29:10] [SUCCESS] bvid=BV1tkDZBqENh 已成功抓取全部所需数据。
[2026-04-11 22:29:16] [SUCCESS] bvid=BV1B1DfBWEj1 已成功抓取全部所需数据。
[2026-04-11 22:29:22] [SUCCESS] bvid=BV1oZDHBSE4y 已成功抓取全部所需数据。
[2026-04-11 22:29:27] [SUCCESS] bvid=BV1q2DfB9E5L 已成功抓取全部所需数据。
[2026-04-11 22:29:33] [SUCCESS] bvid=BV1jeQwBbEFa 已成功抓取全部所需数据。
[2026-04-11 22:29:39] [SUCCESS] bvid=BV1xGQwBCEPy 已成功抓取全部所需数据。
[2026-04-11 22:29:44] [SUCCESS] bvid=BV1xGQwBCE3M 已成功抓取全部所需数据。
[2026-04-11 22:29:49] [SUCCESS] bvid=BV143QwB5EDz 已成功抓取全部所需数据。
[2026-04-11 22:29:55] [SUCCESS] bvid=BV1xGQwBCEnR 已成功抓取全部所需数据。
[2026-04-11 22:30:01] [SUCCESS] bvid=BV1x3QwB5EdV 已成功抓取全部所需数据。
[2026-04-11 22:30:06] [SUCCESS] bvid=BV123QwB5EFz 已成功抓取全部所需数据。
[2026-04-11 22:32:14] [SUCCESS] bvid=BV12GQwBCEtQ 已成功抓取全部所需数据。
[2026-04-11 22:32:19] [SUCCESS] bvid=BV1mMQwBjEWB 已成功抓取全部所需数据。
[2026-04-11 22:32:25] [SUCCESS] bvid=BV14GQwBCEEL 已成功抓取全部所需数据。
[2026-04-11 22:32:30] [SUCCESS] bvid=BV1xGQwBCEdr 已成功抓取全部所需数据。
[2026-04-11 22:32:36] [SUCCESS] bvid=BV1xGQwBCEPw 已成功抓取全部所需数据。
[2026-04-11 22:32:42] [SUCCESS] bvid=BV14MQwBjE4J 已成功抓取全部所需数据。
[2026-04-11 22:32:48] [SUCCESS] bvid=BV1xGQwBCEn8 已成功抓取全部所需数据。
[2026-04-11 22:32:53] [SUCCESS] bvid=BV1MMQwB7EGq 已成功抓取全部所需数据。
[2026-04-11 22:32:59] [SUCCESS] bvid=BV1bMQwBjE3A 已成功抓取全部所需数据。
[2026-04-11 22:33:04] [SUCCESS] bvid=BV1uMQwB7Eec 已成功抓取全部所需数据。
[2026-04-11 22:33:10] [SUCCESS] bvid=BV1tMQwBjE8F 已成功抓取全部所需数据。
[2026-04-11 22:33:15] [SUCCESS] bvid=BV14uQwB1EVy 已成功抓取全部所需数据。
[2026-04-11 22:33:20] [SUCCESS] bvid=BV1p7QwBgEa2 已成功抓取全部所需数据。
[2026-04-11 22:33:25] [SUCCESS] bvid=BV14uQwB1EgW 已成功抓取全部所需数据。
[2026-04-11 22:33:31] [SUCCESS] bvid=BV14MQwBjEs9 已成功抓取全部所需数据。
[2026-04-11 22:33:36] [SUCCESS] bvid=BV1xuQwB1Ey3 已成功抓取全部所需数据。
[2026-04-11 22:33:41] [SUCCESS] bvid=BV1MMQwB7EdD 已成功抓取全部所需数据。
[2026-04-11 22:33:47] [SUCCESS] bvid=BV1tMQwBjEy9 已成功抓取全部所需数据。
[2026-04-11 22:33:52] [SUCCESS] bvid=BV1UuQwB1EPY 已成功抓取全部所需数据。
[2026-04-11 22:33:57] [SUCCESS] bvid=BV1p7QwBgEfD 已成功抓取全部所需数据。
[2026-04-11 22:34:03] [SUCCESS] bvid=BV1PEQwB6EPo 已成功抓取全部所需数据。
[2026-04-11 22:34:08] [SUCCESS] bvid=BV1W7QwB3EFV 已成功抓取全部所需数据。
[2026-04-11 22:34:14] [SUCCESS] bvid=BV1C7QwBgE8o 已成功抓取全部所需数据。
[2026-04-11 22:34:19] [SUCCESS] bvid=BV1W7QwBgEgy 已成功抓取全部所需数据。
[2026-04-11 22:34:25] [SUCCESS] bvid=BV1AfDrBQEDe 已成功抓取全部所需数据。
[2026-04-11 22:34:30] [SUCCESS] bvid=BV1yfDrBQEj4 已成功抓取全部所需数据。
[2026-04-11 22:34:35] [SUCCESS] bvid=BV1yfDrBDE74 已成功抓取全部所需数据。
[2026-04-11 22:34:40] [SUCCESS] bvid=BV1pEQwBzEkm 已成功抓取全部所需数据。
[2026-04-11 22:34:46] [SUCCESS] bvid=BV1CEQwBzEdo 已成功抓取全部所需数据。
[2026-04-11 22:34:51] [SUCCESS] bvid=BV1PEQwB6EWx 已成功抓取全部所需数据。
[2026-04-11 22:34:56] [SUCCESS] bvid=BV1HEQwBzERN 已成功抓取全部所需数据。
[2026-04-11 22:35:02] [SUCCESS] bvid=BV1yfDrBDE4A 已成功抓取全部所需数据。
[2026-04-11 22:35:07] [SUCCESS] bvid=BV1WEQwBzE7R 已成功抓取全部所需数据。
[2026-04-11 22:35:13] [SUCCESS] bvid=BV1s5QwBGEur 已成功抓取全部所需数据。
[2026-04-11 22:35:18] [SUCCESS] bvid=BV1yfDrBDEVu 已成功抓取全部所需数据。
[2026-04-11 22:35:24] [SUCCESS] bvid=BV1x5QwBGEyk 已成功抓取全部所需数据。
[2026-04-11 22:35:29] [SUCCESS] bvid=BV1s5QwBGEnb 已成功抓取全部所需数据。
[2026-04-11 22:35:35] [SUCCESS] bvid=BV1yfDrBDELy 已成功抓取全部所需数据。
[2026-04-11 22:35:40] [SUCCESS] bvid=BV1x5QwBGE4L 已成功抓取全部所需数据。
[2026-04-11 22:35:46] [SUCCESS] bvid=BV1s5QwBGEjv 已成功抓取全部所需数据。
[2026-04-11 22:35:51] [SUCCESS] bvid=BV1WfDrBQEEv 已成功抓取全部所需数据。
[2026-04-11 22:35:57] [SUCCESS] bvid=BV1x5QwBGECG 已成功抓取全部所需数据。
[2026-04-11 22:36:02] [SUCCESS] bvid=BV125QwBGEVU 已成功抓取全部所需数据。
[2026-04-11 22:36:08] [SUCCESS] bvid=BV1P5QwBVEYF 已成功抓取全部所需数据。
[2026-04-11 22:36:13] [SUCCESS] bvid=BV1yfDrBQEvG 已成功抓取全部所需数据。
[2026-04-11 22:36:19] [SUCCESS] bvid=BV1CfDrBDEZ9 已成功抓取全部所需数据。
[2026-04-11 22:36:25] [SUCCESS] bvid=BV1x5QwBVERf 已成功抓取全部所需数据。
[2026-04-11 22:36:30] [SUCCESS] bvid=BV1CLQwBrEjZ 已成功抓取全部所需数据。
[2026-04-11 22:36:36] [SUCCESS] bvid=BV12XQwBjEXp 已成功抓取全部所需数据。
[2026-04-11 22:36:41] [SUCCESS] bvid=BV1PfDrBQEHr 已成功抓取全部所需数据。
[2026-04-11 22:36:47] [SUCCESS] bvid=BV1fKDbBBEKC 已成功抓取全部所需数据。
[2026-04-11 22:36:52] [SUCCESS] bvid=BV1znQFB8EUh 已成功抓取全部所需数据。
[2026-04-11 22:36:58] [SUCCESS] bvid=BV1rjDxBNEWd 已成功抓取全部所需数据。
[2026-04-11 22:37:04] [SUCCESS] bvid=BV1oPDfBHEHq 已成功抓取全部所需数据。
[2026-04-11 22:37:09] [SUCCESS] bvid=BV15YQFBHEQL 已成功抓取全部所需数据。
[2026-04-11 22:37:15] [SUCCESS] bvid=BV1WLQwBrEpE 已成功抓取全部所需数据。
[2026-04-11 22:37:20] [SUCCESS] bvid=BV1tmQwBSEV1 已成功抓取全部所需数据。
[2026-04-11 22:37:26] [SUCCESS] bvid=BV1bmQwBSEwS 已成功抓取全部所需数据。
[2026-04-11 22:37:31] [SUCCESS] bvid=BV1xLQwBrEPY 已成功抓取全部所需数据。
[2026-04-11 22:37:37] [SUCCESS] bvid=BV1TyDZBKE2i 已成功抓取全部所需数据。
[2026-04-11 22:37:42] [SUCCESS] bvid=BV1umQwBSE85 已成功抓取全部所需数据。
[2026-04-11 22:37:48] [SUCCESS] bvid=BV1uSQwBEE5G 已成功抓取全部所需数据。
[2026-04-11 22:37:53] [SUCCESS] bvid=BV1TSQwBEE8e 已成功抓取全部所需数据。
[2026-04-11 22:37:59] [SUCCESS] bvid=BV1HJQFBcEGk 已成功抓取全部所需数据。
[2026-04-11 22:38:04] [SUCCESS] bvid=BV1MSQwBEERb 已成功抓取全部所需数据。
[2026-04-11 22:38:10] [SUCCESS] bvid=BV1MSQwBEEkD 已成功抓取全部所需数据。
[2026-04-11 22:38:16] [SUCCESS] bvid=BV1ZND4BhEYC 已成功抓取全部所需数据。
[2026-04-11 22:38:22] [SUCCESS] bvid=BV1ncQcBAEMK 已成功抓取全部所需数据。
[2026-04-11 22:38:27] [SUCCESS] bvid=BV1N9QwB1EZN 已成功抓取全部所需数据。
[2026-04-11 22:38:40] [SUCCESS] bvid=BV1aiQFBJEy5 已成功抓取全部所需数据。
[2026-04-11 22:38:45] [SUCCESS] bvid=BV1MCQFByEWc 已成功抓取全部所需数据。
[2026-04-11 22:38:51] [SUCCESS] bvid=BV1D2QwBnEts 已成功抓取全部所需数据。
[2026-04-11 22:38:51] [INFO] 当前 batch_crawl 已完成，所有视频均已成功抓取。
[2026-04-11 22:38:51] 子任务结束时间：2026-04-11T22:38:51.288146
[TIMESTAMP][END] 2026-04-11T22:38:51
