[TIMESTAMP][BEGIN] 2026-04-11T21:11:29
[2026-04-11 21:11:31] 开始执行 CSV 批量抓取子任务 part_1。
[2026-04-11 21:11:31] 子任务开始时间：2026-04-11T21:11:29.520339
[2026-04-11 21:11:31] 输入文件：batch_input_1.csv
[2026-04-11 21:11:31] 输入唯一 bvid 数量：100
[2026-04-11 21:11:31] 为严格按 CSV 顺序判断连续失败阈值，本次任务自动将并发度从 2 调整为 1。
[2026-04-11 21:11:38] [SUCCESS] bvid=BV1D4DkBaE4j 已成功抓取全部所需数据。
[2026-04-11 21:11:43] [SUCCESS] bvid=BV1ecDCBuEKQ 已成功抓取全部所需数据。
[2026-04-11 21:11:49] [SUCCESS] bvid=BV15cDCBuEg4 已成功抓取全部所需数据。
[2026-04-11 21:11:54] [SUCCESS] bvid=BV1idDkBkEkD 已成功抓取全部所需数据。
[2026-04-11 21:11:59] [SUCCESS] bvid=BV1LZDkB3EXh 已成功抓取全部所需数据。
[2026-04-11 21:12:05] [SUCCESS] bvid=BV1LZDkB3Ehk 已成功抓取全部所需数据。
[2026-04-11 21:12:11] [SUCCESS] bvid=BV1aTDCBNELh 已成功抓取全部所需数据。
[2026-04-11 21:12:17] [SUCCESS] bvid=BV1H2DkBUEvm 已成功抓取全部所需数据。
[2026-04-11 21:12:22] [SUCCESS] bvid=BV1RJDhBqEhF 已成功抓取全部所需数据。
[2026-04-11 21:12:28] [SUCCESS] bvid=BV1VwDCBBEyy 已成功抓取全部所需数据。
[2026-04-11 21:12:33] [SUCCESS] bvid=BV1VwDCBBE6o 已成功抓取全部所需数据。
[2026-04-11 21:12:38] [SUCCESS] bvid=BV1nUDkB7ETu 已成功抓取全部所需数据。
[2026-04-11 21:12:44] [SUCCESS] bvid=BV1nUDkBEEkv 已成功抓取全部所需数据。
[2026-04-11 21:12:49] [SUCCESS] bvid=BV1JUDkB7E9w 已成功抓取全部所需数据。
[2026-04-11 21:12:55] [SUCCESS] bvid=BV19kDCBgEz2 已成功抓取全部所需数据。
[2026-04-11 21:13:01] [SUCCESS] bvid=BV1yCDkBDE5a 已成功抓取全部所需数据。
[2026-04-11 21:13:06] [SUCCESS] bvid=BV1pCDkBDEEu 已成功抓取全部所需数据。
[2026-04-11 21:13:11] [SUCCESS] bvid=BV1FXDkB1EHD 已成功抓取全部所需数据。
[2026-04-11 21:13:16] [SUCCESS] bvid=BV1BXDkByEqX 已成功抓取全部所需数据。
[2026-04-11 21:13:22] [SUCCESS] bvid=BV1A4DCBHEiL 已成功抓取全部所需数据。
[2026-04-11 21:13:27] [SUCCESS] bvid=BV1nSDkB2Eto 已成功抓取全部所需数据。
[2026-04-11 21:13:32] [SUCCESS] bvid=BV1zQDkBLErK 已成功抓取全部所需数据。
[2026-04-11 21:13:38] [SUCCESS] bvid=BV1nQDkBLEFx 已成功抓取全部所需数据。
[2026-04-11 21:13:43] [SUCCESS] bvid=BV1PWDCBWEvU 已成功抓取全部所需数据。
[2026-04-11 21:13:49] [SUCCESS] bvid=BV1UXDCBYEUs 已成功抓取全部所需数据。
[2026-04-11 21:13:55] [SUCCESS] bvid=BV1PWDCBWEeX 已成功抓取全部所需数据。
[2026-04-11 21:14:00] [SUCCESS] bvid=BV1WWDCBWEB1 已成功抓取全部所需数据。
[2026-04-11 21:14:05] [SUCCESS] bvid=BV1wsDCBXEzq 已成功抓取全部所需数据。
[2026-04-11 21:14:11] [SUCCESS] bvid=BV12nDCBxEjB 已成功抓取全部所需数据。
[2026-04-11 21:14:17] [SUCCESS] bvid=BV1fEQuBXEqx 已成功抓取全部所需数据。
[2026-04-11 21:14:23] [SUCCESS] bvid=BV1PUDZBYEVw 已成功抓取全部所需数据。
[2026-04-11 21:14:28] [SUCCESS] bvid=BV168DCBJEfW 已成功抓取全部所需数据。
[2026-04-11 21:14:34] [SUCCESS] bvid=BV1NHDCBREJE 已成功抓取全部所需数据。
[2026-04-11 21:14:39] [SUCCESS] bvid=BV1c8DCBJEBq 已成功抓取全部所需数据。
[2026-04-11 21:14:45] [SUCCESS] bvid=BV1rhDCBUENZ 已成功抓取全部所需数据。
[2026-04-11 21:14:50] [SUCCESS] bvid=BV1PuQuBfE1u 已成功抓取全部所需数据。
[2026-04-11 21:14:56] [SUCCESS] bvid=BV1WtQMBoEoB 已成功抓取全部所需数据。
[2026-04-11 21:15:02] [SUCCESS] bvid=BV1LqQwBtExf 已成功抓取全部所需数据。
[2026-04-11 21:15:07] [SUCCESS] bvid=BV143QwB5EjL 已成功抓取全部所需数据。
[2026-04-11 21:15:12] [SUCCESS] bvid=BV191DCBMEAa 已成功抓取全部所需数据。
[2026-04-11 21:15:18] [SUCCESS] bvid=BV1riDiBwE98 已成功抓取全部所需数据。
[2026-04-11 21:15:24] [SUCCESS] bvid=BV1rQQTBHEQ4 已成功抓取全部所需数据。
[2026-04-11 21:15:29] [SUCCESS] bvid=BV1SQDCBPEbS 已成功抓取全部所需数据。
[2026-04-11 21:15:35] [SUCCESS] bvid=BV1TSQwBEEAV 已成功抓取全部所需数据。
[2026-04-11 21:15:40] [SUCCESS] bvid=BV1bdDCBaEhK 已成功抓取全部所需数据。
[2026-04-11 21:15:46] [SUCCESS] bvid=BV1r4DCBHEpb 已成功抓取全部所需数据。
[2026-04-11 21:15:51] [SUCCESS] bvid=BV1c6DfBZEcD 已成功抓取全部所需数据。
[2026-04-11 21:15:57] [SUCCESS] bvid=BV1FtDCBDEr3 已成功抓取全部所需数据。
[2026-04-11 21:16:02] [SUCCESS] bvid=BV1AFQABrEwN 已成功抓取全部所需数据。
[2026-04-11 21:16:08] [SUCCESS] bvid=BV1c4DCBHES4 已成功抓取全部所需数据。
[2026-04-11 21:16:15] [SUCCESS] bvid=BV1p4DCBHEgs 已成功抓取全部所需数据。
[2026-04-11 21:16:20] [SUCCESS] bvid=BV1dWQTB6EEd 已成功抓取全部所需数据。
[2026-04-11 21:16:26] [SUCCESS] bvid=BV1F6DfBZEK6 已成功抓取全部所需数据。
[2026-04-11 21:16:32] [SUCCESS] bvid=BV1g3DCBaEWw 已成功抓取全部所需数据。
[2026-04-11 21:16:37] [SUCCESS] bvid=BV12EDCBoE17 已成功抓取全部所需数据。
[2026-04-11 21:16:43] [SUCCESS] bvid=BV183DCBaEkC 已成功抓取全部所需数据。
[2026-04-11 21:16:48] [SUCCESS] bvid=BV1u3DCBaEP7 已成功抓取全部所需数据。
[2026-04-11 21:16:54] [SUCCESS] bvid=BV1uVDCBcEZK 已成功抓取全部所需数据。
[2026-04-11 21:17:00] [SUCCESS] bvid=BV1gMDCBeERP 已成功抓取全部所需数据。
[2026-04-11 21:17:05] [SUCCESS] bvid=BV1nHQwBqE1H 已成功抓取全部所需数据。
[2026-04-11 21:17:11] [SUCCESS] bvid=BV1ggDCBAEHk 已成功抓取全部所需数据。
[2026-04-11 21:17:17] [SUCCESS] bvid=BV1GgQMBgE2e 已成功抓取全部所需数据。
[2026-04-11 21:17:22] [SUCCESS] bvid=BV13gDCBAEup 已成功抓取全部所需数据。
[2026-04-11 21:17:28] [SUCCESS] bvid=BV1K7DCBtEmW 已成功抓取全部所需数据。
[2026-04-11 21:17:33] [SUCCESS] bvid=BV1C7QwBgEKq 已成功抓取全部所需数据。
[2026-04-11 21:17:38] [SUCCESS] bvid=BV1ZeDCB1ERT 已成功抓取全部所需数据。
[2026-04-11 21:17:44] [SUCCESS] bvid=BV1qnXfBtEET 已成功抓取全部所需数据。
[2026-04-11 21:17:49] [SUCCESS] bvid=BV1KEDCBoEaB 已成功抓取全部所需数据。
[2026-04-11 21:17:55] [SUCCESS] bvid=BV1WVQFBNEZ9 已成功抓取全部所需数据。
[2026-04-11 21:18:00] [SUCCESS] bvid=BV1KLDCBfE4t 已成功抓取全部所需数据。
[2026-04-11 21:18:05] [SUCCESS] bvid=BV1aUDCBTEvN 已成功抓取全部所需数据。
[2026-04-11 21:18:11] [SUCCESS] bvid=BV1XUDCBKEpN 已成功抓取全部所需数据。
[2026-04-11 21:18:17] [SUCCESS] bvid=BV13SDCBiEDa 已成功抓取全部所需数据。
[2026-04-11 21:18:23] [SUCCESS] bvid=BV13SDCBiEWf 已成功抓取全部所需数据。
[2026-04-11 21:18:28] [SUCCESS] bvid=BV1XUDCBKEMT 已成功抓取全部所需数据。
[2026-04-11 21:18:34] [SUCCESS] bvid=BV1DSDCBvEMR 已成功抓取全部所需数据。
[2026-04-11 21:18:39] [SUCCESS] bvid=BV1DSDCBvE6E 已成功抓取全部所需数据。
[2026-04-11 21:18:45] [SUCCESS] bvid=BV1DSDCBvEaT 已成功抓取全部所需数据。
[2026-04-11 21:18:50] [SUCCESS] bvid=BV18SDCBiEv7 已成功抓取全部所需数据。
[2026-04-11 21:18:56] [SUCCESS] bvid=BV1e1DCBuE5H 已成功抓取全部所需数据。
[2026-04-11 21:19:01] [SUCCESS] bvid=BV1QSDCBvEuX 已成功抓取全部所需数据。
[2026-04-11 21:19:06] [SUCCESS] bvid=BV1Q1DCBME17 已成功抓取全部所需数据。
[2026-04-11 21:19:12] [SUCCESS] bvid=BV1JoDWBFEyP 已成功抓取全部所需数据。
[2026-04-11 21:19:18] [SUCCESS] bvid=BV1MMQwB7EXZ 已成功抓取全部所需数据。
[2026-04-11 21:19:23] [SUCCESS] bvid=BV13QQKBYEbz 已成功抓取全部所需数据。
[2026-04-11 21:19:29] [SUCCESS] bvid=BV187QMBeEsk 已成功抓取全部所需数据。
[2026-04-11 21:19:34] [SUCCESS] bvid=BV1H4QKBSE9M 已成功抓取全部所需数据。
[2026-04-11 21:19:40] [SUCCESS] bvid=BV1GBQwBdEXr 已成功抓取全部所需数据。
[2026-04-11 21:19:45] [SUCCESS] bvid=BV1R6DCBrEfv 已成功抓取全部所需数据。
[2026-04-11 21:19:51] [SUCCESS] bvid=BV124DfBiEe3 已成功抓取全部所需数据。
[2026-04-11 21:19:56] [SUCCESS] bvid=BV1MZQMBTEzv 已成功抓取全部所需数据。
[2026-04-11 21:20:01] [SUCCESS] bvid=BV1X2DCBqEmh 已成功抓取全部所需数据。
[2026-04-11 21:20:07] [SUCCESS] bvid=BV1G2DCBBEJP 已成功抓取全部所需数据。
[2026-04-11 21:20:13] [SUCCESS] bvid=BV1SRDCBwEp7 已成功抓取全部所需数据。
[2026-04-11 21:20:18] [SUCCESS] bvid=BV1URDCBwEVy 已成功抓取全部所需数据。
[2026-04-11 21:20:24] [SUCCESS] bvid=BV1UdDCBaEy8 已成功抓取全部所需数据。
[2026-04-11 21:20:30] [SUCCESS] bvid=BV1aQDCBNEPz 已成功抓取全部所需数据。
[2026-04-11 21:20:35] [SUCCESS] bvid=BV1DQDCBPEe7 已成功抓取全部所需数据。
[2026-04-11 21:20:41] [SUCCESS] bvid=BV1uQDCBNEpZ 已成功抓取全部所需数据。
[2026-04-11 21:20:54] [SUCCESS] bvid=BV18QDCBNE2A 已成功抓取全部所需数据。
[2026-04-11 21:20:54] [INFO] 当前 batch_crawl 已完成，所有视频均已成功抓取。
[2026-04-11 21:20:54] 子任务结束时间：2026-04-11T21:20:54.303543
[TIMESTAMP][END] 2026-04-11T21:20:54
