[TIMESTAMP][BEGIN] 2026-04-03T17:21:07
[2026-04-03 17:21:10] 开始执行 CSV 批量抓取子任务 part_5。
[2026-04-03 17:21:10] 子任务开始时间：2026-04-03T17:21:07.641186
[2026-04-03 17:21:10] 输入文件：batch_input_5.csv
[2026-04-03 17:21:10] 输入唯一 bvid 数量：100
[2026-04-03 17:21:10] 为严格按 CSV 顺序判断连续失败阈值，本次任务自动将并发度从 2 调整为 1。
[2026-04-03 17:21:15] [SUCCESS] bvid=BV1j19FBcEHP 已成功抓取全部所需数据。
[2026-04-03 17:21:21] [SUCCESS] bvid=BV1j19FBcEPU 已成功抓取全部所需数据。
[2026-04-03 17:21:26] [SUCCESS] bvid=BV1j19FBcENj 已成功抓取全部所需数据。
[2026-04-03 17:21:32] [SUCCESS] bvid=BV1o29FBbEPm 已成功抓取全部所需数据。
[2026-04-03 17:21:38] [SUCCESS] bvid=BV1Jn9cBTEss 已成功抓取全部所需数据。
[2026-04-03 17:21:44] [SUCCESS] bvid=BV1Jn9cBTEYo 已成功抓取全部所需数据。
[2026-04-03 17:21:49] [SUCCESS] bvid=BV1cn9cBTENz 已成功抓取全部所需数据。
[2026-04-03 17:21:55] [SUCCESS] bvid=BV1Fn9cBTEYo 已成功抓取全部所需数据。
[2026-04-03 17:22:01] [SUCCESS] bvid=BV1zn9cBKEEm 已成功抓取全部所需数据。
[2026-04-03 17:22:06] [SUCCESS] bvid=BV1cn9cBTE5E 已成功抓取全部所需数据。
[2026-04-03 17:22:12] [SUCCESS] bvid=BV1AL9cB6EwD 已成功抓取全部所需数据。
[2026-04-03 17:22:17] [SUCCESS] bvid=BV1rL9cBzEys 已成功抓取全部所需数据。
[2026-04-03 17:22:23] [SUCCESS] bvid=BV1rL9cBzE8d 已成功抓取全部所需数据。
[2026-04-03 17:22:29] [SUCCESS] bvid=BV1kL9cBzEtJ 已成功抓取全部所需数据。
[2026-04-03 17:22:35] [SUCCESS] bvid=BV1FJ9WBKEEQ 已成功抓取全部所需数据。
[2026-04-03 17:22:41] [SUCCESS] bvid=BV1kL9cBzEtc 已成功抓取全部所需数据。
[2026-04-03 17:22:46] [SUCCESS] bvid=BV1w79cBuEHe 已成功抓取全部所需数据。
[2026-04-03 17:22:52] [SUCCESS] bvid=BV1kTXoBbEkB 已成功抓取全部所需数据。
[2026-04-03 17:22:59] [SUCCESS] bvid=BV1uVXZB5Eqw 已成功抓取全部所需数据。
[2026-04-03 17:23:04] [SUCCESS] bvid=BV1uc9WBEEYQ 已成功抓取全部所需数据。
[2026-04-03 17:23:09] [SUCCESS] bvid=BV1UC9WBUEVQ 已成功抓取全部所需数据。
[2026-04-03 17:23:15] [SUCCESS] bvid=BV13QXZBEE4G 已成功抓取全部所需数据。
[2026-04-03 17:23:20] [SUCCESS] bvid=BV1v4XfBWEuD 已成功抓取全部所需数据。
[2026-04-03 17:23:25] [SUCCESS] bvid=BV1ZyXzBgEJY 已成功抓取全部所需数据。
[2026-04-03 17:23:31] [SUCCESS] bvid=BV1fiXZBbEjX 已成功抓取全部所需数据。
[2026-04-03 17:23:36] [SUCCESS] bvid=BV1cm97BXEen 已成功抓取全部所需数据。
[2026-04-03 17:23:42] [SUCCESS] bvid=BV1PG9cBkE2B 已成功抓取全部所需数据。
[2026-04-03 17:23:47] [SUCCESS] bvid=BV1qs9cBYEqU 已成功抓取全部所需数据。
[2026-04-03 17:23:53] [SUCCESS] bvid=BV1is9cBYEoJ 已成功抓取全部所需数据。
[2026-04-03 17:23:59] [SUCCESS] bvid=BV1i49cBwEyj 已成功抓取全部所需数据。
[2026-04-03 17:24:05] [SUCCESS] bvid=BV1zH9cBvEJQ 已成功抓取全部所需数据。
[2026-04-03 17:24:11] [SUCCESS] bvid=BV11K9cB1Eec 已成功抓取全部所需数据。
[2026-04-03 17:24:16] [SUCCESS] bvid=BV1VSXZBSEND 已成功抓取全部所需数据。
[2026-04-03 17:24:22] [SUCCESS] bvid=BV1XSXZBUEDu 已成功抓取全部所需数据。
[2026-04-03 17:24:27] [SUCCESS] bvid=BV1VSXZBSEtm 已成功抓取全部所需数据。
[2026-04-03 17:24:33] [SUCCESS] bvid=BV1GSXZBSEd9 已成功抓取全部所需数据。
[2026-04-03 17:24:39] [SUCCESS] bvid=BV1VSXZBSEEf 已成功抓取全部所需数据。
[2026-04-03 17:24:44] [SUCCESS] bvid=BV1a3XZB1EMC 已成功抓取全部所需数据。
[2026-04-03 17:24:50] [SUCCESS] bvid=BV1h3XZB1EiD 已成功抓取全部所需数据。
[2026-04-03 17:24:55] [SUCCESS] bvid=BV133XZB1EvW 已成功抓取全部所需数据。
[2026-04-03 17:25:01] [SUCCESS] bvid=BV133XZB1EHu 已成功抓取全部所需数据。
[2026-04-03 17:25:06] [SUCCESS] bvid=BV1qW9cBPEri 已成功抓取全部所需数据。
[2026-04-03 17:25:12] [SUCCESS] bvid=BV1zW9cBPEg2 已成功抓取全部所需数据。
[2026-04-03 17:25:17] [SUCCESS] bvid=BV17W9cBAEDd 已成功抓取全部所需数据。
[2026-04-03 17:25:22] [SUCCESS] bvid=BV1MA9cBUEmx 已成功抓取全部所需数据。
[2026-04-03 17:25:28] [SUCCESS] bvid=BV11K9cB1EBA 已成功抓取全部所需数据。
[2026-04-03 17:25:34] [SUCCESS] bvid=BV16TXpBhErX 已成功抓取全部所需数据。
[2026-04-03 17:25:39] [SUCCESS] bvid=BV11M9cB5ENR 已成功抓取全部所需数据。
[2026-04-03 17:25:45] [SUCCESS] bvid=BV1yM9cB5E7v 已成功抓取全部所需数据。
[2026-04-03 17:25:50] [SUCCESS] bvid=BV1Fp9WBPEJJ 已成功抓取全部所需数据。
[2026-04-03 17:25:56] [SUCCESS] bvid=BV1UA9cBmEqk 已成功抓取全部所需数据。
[2026-04-03 17:26:01] [SUCCESS] bvid=BV12A9cBmExK 已成功抓取全部所需数据。
[2026-04-03 17:26:07] [SUCCESS] bvid=BV17j9JBQE6f 已成功抓取全部所需数据。
[2026-04-03 17:26:13] [SUCCESS] bvid=BV12N9cBjE72 已成功抓取全部所需数据。
[2026-04-03 17:26:19] [SUCCESS] bvid=BV1dkXZBWEcd 已成功抓取全部所需数据。
[2026-04-03 17:26:24] [SUCCESS] bvid=BV1mN9cBjEqt 已成功抓取全部所需数据。
[2026-04-03 17:26:29] [SUCCESS] bvid=BV1mZXZBVEmb 已成功抓取全部所需数据。
[2026-04-03 17:26:35] [SUCCESS] bvid=BV1kG9cBrEvE 已成功抓取全部所需数据。
[2026-04-03 17:26:40] [SUCCESS] bvid=BV1PG9cBkEEC 已成功抓取全部所需数据。
[2026-04-03 17:26:46] [SUCCESS] bvid=BV13CXMB6EjD 已成功抓取全部所需数据。
[2026-04-03 17:26:51] [SUCCESS] bvid=BV1W4XZBvE93 已成功抓取全部所需数据。
[2026-04-03 17:26:57] [SUCCESS] bvid=BV1A59cB3Emj 已成功抓取全部所需数据。
[2026-04-03 17:27:02] [SUCCESS] bvid=BV1A59cB3EB6 已成功抓取全部所需数据。
[2026-04-03 17:27:07] [SUCCESS] bvid=BV1er9EB1EmK 已成功抓取全部所需数据。
[2026-04-03 17:27:13] [SUCCESS] bvid=BV1su9cByE7L 已成功抓取全部所需数据。
[2026-04-03 17:27:19] [SUCCESS] bvid=BV1xu9cByEGW 已成功抓取全部所需数据。
[2026-04-03 17:27:24] [SUCCESS] bvid=BV1C39cBGEs3 已成功抓取全部所需数据。
[2026-04-03 17:27:29] [SUCCESS] bvid=BV1iAAZz7Ep5 已成功抓取全部所需数据。
[2026-04-03 17:27:35] [SUCCESS] bvid=BV15r9EB1E2p 已成功抓取全部所需数据。
[2026-04-03 17:27:41] [SUCCESS] bvid=BV14JXZBgEDu 已成功抓取全部所需数据。
[2026-04-03 17:27:46] [SUCCESS] bvid=BV1P4XZBvEYe 已成功抓取全部所需数据。
[2026-04-03 17:27:52] [SUCCESS] bvid=BV1C4XZBYEBX 已成功抓取全部所需数据。
[2026-04-03 17:27:58] [SUCCESS] bvid=BV1CbXZBPECb 已成功抓取全部所需数据。
[2026-04-03 17:28:05] [SUCCESS] bvid=BV1s4XZBvEwh 已成功抓取全部所需数据。
[2026-04-03 17:28:11] [SUCCESS] bvid=BV1s4XZBvEFp 已成功抓取全部所需数据。
[2026-04-03 17:28:18] [SUCCESS] bvid=BV1P4XZBvE1Q 已成功抓取全部所需数据。
[2026-04-03 17:28:24] [SUCCESS] bvid=BV1s4XZBvEcs 已成功抓取全部所需数据。
[2026-04-03 17:28:30] [SUCCESS] bvid=BV15r9EB1Etz 已成功抓取全部所需数据。
[2026-04-03 17:28:36] [SUCCESS] bvid=BV13SXZBSEnR 已成功抓取全部所需数据。
[2026-04-03 17:28:41] [SUCCESS] bvid=BV1w59WBzEwB 已成功抓取全部所需数据。
[2026-04-03 17:28:47] [SUCCESS] bvid=BV1R1XZBHEJK 已成功抓取全部所需数据。
[2026-04-03 17:28:53] [SUCCESS] bvid=BV1TfXZBCEhf 已成功抓取全部所需数据。
[2026-04-03 17:28:58] [SUCCESS] bvid=BV1AbXZBPEbL 已成功抓取全部所需数据。
[2026-04-03 17:29:04] [SUCCESS] bvid=BV1NWXZBqEDh 已成功抓取全部所需数据。
[2026-04-03 17:29:09] [SUCCESS] bvid=BV1HNXeBaEYT 已成功抓取全部所需数据。
[2026-04-03 17:29:15] [SUCCESS] bvid=BV1uVXZB5EzH 已成功抓取全部所需数据。
[2026-04-03 17:29:20] [SUCCESS] bvid=BV1Q7XzBZE4F 已成功抓取全部所需数据。
[2026-04-03 17:29:26] [SUCCESS] bvid=BV1g3XZB1EzY 已成功抓取全部所需数据。
[2026-04-03 17:29:32] [SUCCESS] bvid=BV1sE9jBXEEY 已成功抓取全部所需数据。
[2026-04-03 17:29:37] [SUCCESS] bvid=BV1KN9WB1Emp 已成功抓取全部所需数据。
[2026-04-03 17:29:43] [SUCCESS] bvid=BV1qhXMBUE5y 已成功抓取全部所需数据。
[2026-04-03 17:29:48] [SUCCESS] bvid=BV1QSXZBUEse 已成功抓取全部所需数据。
[2026-04-03 17:29:53] [SUCCESS] bvid=BV1rVXfBAEZH 已成功抓取全部所需数据。
[2026-04-03 17:29:59] [SUCCESS] bvid=BV1VtXfB9EZ9 已成功抓取全部所需数据。
[2026-04-03 17:30:04] [SUCCESS] bvid=BV1Kf9EBPECd 已成功抓取全部所需数据。
[2026-04-03 17:30:09] [SUCCESS] bvid=BV1WUXfBuEuh 已成功抓取全部所需数据。
[2026-04-03 17:30:15] [SUCCESS] bvid=BV1ZqXZBoEvL 已成功抓取全部所需数据。
[2026-04-03 17:30:20] [SUCCESS] bvid=BV1Qb9JBkEJv 已成功抓取全部所需数据。
[2026-04-03 17:30:26] [SUCCESS] bvid=BV1t4XzBXEVL 已成功抓取全部所需数据。
[2026-04-03 17:30:32] [SUCCESS] bvid=BV1KWXZBqEFe 已成功抓取全部所需数据。
[2026-04-03 17:30:32] [INFO] 当前 batch_crawl 已完成，所有视频均已成功抓取。
[2026-04-03 17:30:32] 子任务结束时间：2026-04-03T17:30:32.047365
[TIMESTAMP][END] 2026-04-03T17:30:32
