[TIMESTAMP][BEGIN] 2026-04-03T16:07:45
[2026-04-03 16:07:48] 开始执行 CSV 批量抓取子任务 part_1。
[2026-04-03 16:07:48] 子任务开始时间：2026-04-03T16:07:45.847342
[2026-04-03 16:07:48] 输入文件：batch_input_1.csv
[2026-04-03 16:07:48] 输入唯一 bvid 数量：100
[2026-04-03 16:07:48] 为严格按 CSV 顺序判断连续失败阈值，本次任务自动将并发度从 2 调整为 1。
[2026-04-03 16:07:55] [SUCCESS] bvid=BV1wt9TBdExq 已成功抓取全部所需数据。
[2026-04-03 16:08:00] [SUCCESS] bvid=BV1ze9TBSEAd 已成功抓取全部所需数据。
[2026-04-03 16:08:07] [SUCCESS] bvid=BV1r89TBWEGr 已成功抓取全部所需数据。
[2026-04-03 16:08:13] [SUCCESS] bvid=BV1mj9TBAEsv 已成功抓取全部所需数据。
[2026-04-03 16:08:18] [SUCCESS] bvid=BV1T59TBvEYw 已成功抓取全部所需数据。
[2026-04-03 16:08:30] [SUCCESS] bvid=BV1QhXfBDE9f 已成功抓取全部所需数据。
[2026-04-03 16:08:42] [SUCCESS] bvid=BV1pYXUBzEMy 已成功抓取全部所需数据。
[2026-04-03 16:09:00] [SUCCESS] bvid=BV1U59TBeEk7 已成功抓取全部所需数据。
[2026-04-03 16:09:18] [SUCCESS] bvid=BV1S39TBiEDo 已成功抓取全部所需数据。
[2026-04-03 16:09:37] [SUCCESS] bvid=BV1Cn9TB8Eyp 已成功抓取全部所需数据。
[2026-04-03 16:09:54] [SUCCESS] bvid=BV1179TBaEfU 已成功抓取全部所需数据。
[2026-04-03 16:10:12] [SUCCESS] bvid=BV1KJ9TBwEf3 已成功抓取全部所需数据。
[2026-04-03 16:10:30] [SUCCESS] bvid=BV1hQ9TBuEjq 已成功抓取全部所需数据。
[2026-04-03 16:10:48] [SUCCESS] bvid=BV1bZ9TBKETZ 已成功抓取全部所需数据。
[2026-04-03 16:11:06] [SUCCESS] bvid=BV18X9TBBEQx 已成功抓取全部所需数据。
[2026-04-03 16:11:24] [SUCCESS] bvid=BV1gX9TBzE4V 已成功抓取全部所需数据。
[2026-04-03 16:11:42] [SUCCESS] bvid=BV1aU9TB3EYs 已成功抓取全部所需数据。
[2026-04-03 16:12:00] [SUCCESS] bvid=BV1aU9TB3EeS 已成功抓取全部所需数据。
[2026-04-03 16:12:19] [SUCCESS] bvid=BV1aS9TB6Eu8 已成功抓取全部所需数据。
[2026-04-03 16:12:36] [SUCCESS] bvid=BV14f9TBeEiV 已成功抓取全部所需数据。
[2026-04-03 16:12:55] [SUCCESS] bvid=BV14f9TBeEBu 已成功抓取全部所需数据。
[2026-04-03 16:13:13] [SUCCESS] bvid=BV18m9NBPEMj 已成功抓取全部所需数据。
[2026-04-03 16:13:19] [SUCCESS] bvid=BV1UR9TBTEyL 已成功抓取全部所需数据。
[2026-04-03 16:13:25] [SUCCESS] bvid=BV1Ud9TBiE5u 已成功抓取全部所需数据。
[2026-04-03 16:13:30] [SUCCESS] bvid=BV1Zi9TBJE1u 已成功抓取全部所需数据。
[2026-04-03 16:13:36] [SUCCESS] bvid=BV1oi9TBJERx 已成功抓取全部所需数据。
[2026-04-03 16:13:41] [SUCCESS] bvid=BV1e19TBVEtj 已成功抓取全部所需数据。
[2026-04-03 16:13:46] [SUCCESS] bvid=BV1Q29TBkEFG 已成功抓取全部所需数据。
[2026-04-03 16:13:52] [SUCCESS] bvid=BV1a29TBkEQR 已成功抓取全部所需数据。
[2026-04-03 16:13:58] [SUCCESS] bvid=BV1Dm9NBPETK 已成功抓取全部所需数据。
[2026-04-03 16:14:03] [SUCCESS] bvid=BV1VF9NBTEPJ 已成功抓取全部所需数据。
[2026-04-03 16:14:08] [SUCCESS] bvid=BV1ac9NBiEiY 已成功抓取全部所需数据。
[2026-04-03 16:14:14] [SUCCESS] bvid=BV1VZ9PBBEm8 已成功抓取全部所需数据。
[2026-04-03 16:14:19] [SUCCESS] bvid=BV1Ro9PBMEgW 已成功抓取全部所需数据。
[2026-04-03 16:14:25] [SUCCESS] bvid=BV1Lo9PBuE89 已成功抓取全部所需数据。
[2026-04-03 16:14:30] [SUCCESS] bvid=BV1r19PB2ETj 已成功抓取全部所需数据。
[2026-04-03 16:14:35] [SUCCESS] bvid=BV1n19PB2EoF 已成功抓取全部所需数据。
[2026-04-03 16:14:41] [SUCCESS] bvid=BV1c19PB2ENF 已成功抓取全部所需数据。
[2026-04-03 16:16:48] [SUCCESS] bvid=BV1n19PB2Em3 已成功抓取全部所需数据。
[2026-04-03 16:16:53] [SUCCESS] bvid=BV1vo9PBuEYH 已成功抓取全部所需数据。
[2026-04-03 16:16:59] [SUCCESS] bvid=BV1uK9NBAE9S 已成功抓取全部所需数据。
[2026-04-03 16:17:04] [SUCCESS] bvid=BV1739KBmENV 已成功抓取全部所需数据。
[2026-04-03 16:17:09] [SUCCESS] bvid=BV1UT9NBhEQm 已成功抓取全部所需数据。
[2026-04-03 16:17:15] [SUCCESS] bvid=BV1RZ9PBqE1Z 已成功抓取全部所需数据。
[2026-04-03 16:17:20] [SUCCESS] bvid=BV1gT9NBaE4K 已成功抓取全部所需数据。
[2026-04-03 16:17:26] [SUCCESS] bvid=BV1SK9NBwEtb 已成功抓取全部所需数据。
[2026-04-03 16:17:31] [SUCCESS] bvid=BV1fpXbByEPM 已成功抓取全部所需数据。
[2026-04-03 16:17:37] [SUCCESS] bvid=BV1BpXbByEym 已成功抓取全部所需数据。
[2026-04-03 16:17:42] [SUCCESS] bvid=BV1zpXbByEAK 已成功抓取全部所需数据。
[2026-04-03 16:17:48] [SUCCESS] bvid=BV1o8XhBmEXa 已成功抓取全部所需数据。
[2026-04-03 16:17:53] [SUCCESS] bvid=BV1EpXbB1EaM 已成功抓取全部所需数据。
[2026-04-03 16:17:58] [SUCCESS] bvid=BV1BpXbByELe 已成功抓取全部所需数据。
[2026-04-03 16:18:04] [SUCCESS] bvid=BV1BpXbByEmi 已成功抓取全部所需数据。
[2026-04-03 16:18:09] [SUCCESS] bvid=BV1BpXbByECX 已成功抓取全部所需数据。
[2026-04-03 16:18:15] [SUCCESS] bvid=BV1zpXbByEwk 已成功抓取全部所需数据。
[2026-04-03 16:18:20] [SUCCESS] bvid=BV1nRXfBNEtz 已成功抓取全部所需数据。
[2026-04-03 16:18:26] [SUCCESS] bvid=BV1gH9wBsECS 已成功抓取全部所需数据。
[2026-04-03 16:18:32] [SUCCESS] bvid=BV1tn9FB7ED8 已成功抓取全部所需数据。
[2026-04-03 16:18:38] [SUCCESS] bvid=BV1yo9ABJErG 已成功抓取全部所需数据。
[2026-04-03 16:18:43] [SUCCESS] bvid=BV1d99PBgE8m 已成功抓取全部所需数据。
[2026-04-03 16:18:48] [SUCCESS] bvid=BV1T89LB4EQn 已成功抓取全部所需数据。
[2026-04-03 16:18:54] [SUCCESS] bvid=BV11g9ABDE6E 已成功抓取全部所需数据。
[2026-04-03 16:18:59] [SUCCESS] bvid=BV1kYXUBzEhE 已成功抓取全部所需数据。
[2026-04-03 16:19:05] [SUCCESS] bvid=BV1UP9ABREVt 已成功抓取全部所需数据。
[2026-04-03 16:19:11] [SUCCESS] bvid=BV1mfXZBkEHr 已成功抓取全部所需数据。
[2026-04-03 16:19:16] [SUCCESS] bvid=BV1Tx9wBQEt3 已成功抓取全部所需数据。
[2026-04-03 16:19:22] [SUCCESS] bvid=BV1SxXrBcEN7 已成功抓取全部所需数据。
[2026-04-03 16:19:28] [SUCCESS] bvid=BV1qD9PBVEk1 已成功抓取全部所需数据。
[2026-04-03 16:19:33] [SUCCESS] bvid=BV1nE9cBBE7W 已成功抓取全部所需数据。
[2026-04-03 16:19:40] [SUCCESS] bvid=BV1nf9cBgEMX 已成功抓取全部所需数据。
[2026-04-03 16:19:45] [SUCCESS] bvid=BV1hT9NBaEpW 已成功抓取全部所需数据。
[2026-04-03 16:19:51] [SUCCESS] bvid=BV1DT9NBhEKC 已成功抓取全部所需数据。
[2026-04-03 16:20:04] [SUCCESS] bvid=BV1XA9NBPEKj 已成功抓取全部所需数据。
[2026-04-03 16:20:09] [SUCCESS] bvid=BV1QA9NBPEJD 已成功抓取全部所需数据。
[2026-04-03 16:20:15] [SUCCESS] bvid=BV18T9NBaE1w 已成功抓取全部所需数据。
[2026-04-03 16:20:20] [SUCCESS] bvid=BV1gP9NBeEBT 已成功抓取全部所需数据。
[2026-04-03 16:20:26] [SUCCESS] bvid=BV1SP9NBYEzJ 已成功抓取全部所需数据。
[2026-04-03 16:20:31] [SUCCESS] bvid=BV1aP9NBeESo 已成功抓取全部所需数据。
[2026-04-03 16:20:36] [SUCCESS] bvid=BV1DP9NBeEzx 已成功抓取全部所需数据。
[2026-04-03 16:20:42] [SUCCESS] bvid=BV1QP9NBYEiu 已成功抓取全部所需数据。
[2026-04-03 16:20:47] [SUCCESS] bvid=BV1fm9PB5EFK 已成功抓取全部所需数据。
[2026-04-03 16:20:52] [SUCCESS] bvid=BV1fm9PB5EnA 已成功抓取全部所需数据。
[2026-04-03 16:20:57] [SUCCESS] bvid=BV1Fm9PBLELQ 已成功抓取全部所需数据。
[2026-04-03 16:21:03] [SUCCESS] bvid=BV1EU9PByEp3 已成功抓取全部所需数据。
[2026-04-03 16:21:08] [SUCCESS] bvid=BV1JU9PByEAP 已成功抓取全部所需数据。
[2026-04-03 16:21:14] [SUCCESS] bvid=BV1JU9PByEAX 已成功抓取全部所需数据。
[2026-04-03 16:21:19] [SUCCESS] bvid=BV1Fy9PB7Exr 已成功抓取全部所需数据。
[2026-04-03 16:21:25] [SUCCESS] bvid=BV1cy9PB7E7S 已成功抓取全部所需数据。
[2026-04-03 16:21:30] [SUCCESS] bvid=BV1n19PB2EQA 已成功抓取全部所需数据。
[2026-04-03 16:21:36] [SUCCESS] bvid=BV1oi9NBrEM3 已成功抓取全部所需数据。
[2026-04-03 16:21:41] [SUCCESS] bvid=BV1Tn9FB7Ee7 已成功抓取全部所需数据。
[2026-04-03 16:21:47] [SUCCESS] bvid=BV1o99PBgE3w 已成功抓取全部所需数据。
[2026-04-03 16:21:52] [SUCCESS] bvid=BV1c19PB2Ehe 已成功抓取全部所需数据。
[2026-04-03 16:21:58] [SUCCESS] bvid=BV1o99PBgEtN 已成功抓取全部所需数据。
[2026-04-03 16:22:03] [SUCCESS] bvid=BV1799PB3EwC 已成功抓取全部所需数据。
[2026-04-03 16:22:08] [SUCCESS] bvid=BV1d99PBgEBw 已成功抓取全部所需数据。
[2026-04-03 16:22:13] [SUCCESS] bvid=BV1qD9PBVEAy 已成功抓取全部所需数据。
[2026-04-03 16:22:19] [SUCCESS] bvid=BV1ZD9PBGEoi 已成功抓取全部所需数据。
[2026-04-03 16:22:25] [SUCCESS] bvid=BV1ZD9PBGE6t 已成功抓取全部所需数据。
[2026-04-03 16:22:30] [SUCCESS] bvid=BV1oD9PBGEd5 已成功抓取全部所需数据。
[2026-04-03 16:22:30] [INFO] 当前 batch_crawl 已完成，所有视频均已成功抓取。
[2026-04-03 16:22:30] 子任务结束时间：2026-04-03T16:22:30.670425
[TIMESTAMP][END] 2026-04-03T16:22:30
