[TIMESTAMP][BEGIN] 2026-04-03T16:31:58
[2026-04-03 16:32:00] 开始执行 CSV 批量抓取子任务 part_3。
[2026-04-03 16:32:00] 子任务开始时间：2026-04-03T16:31:58.185880
[2026-04-03 16:32:00] 输入文件：batch_input_3.csv
[2026-04-03 16:32:00] 输入唯一 bvid 数量：100
[2026-04-03 16:32:00] 为严格按 CSV 顺序判断连续失败阈值，本次任务自动将并发度从 2 调整为 1。
[2026-04-03 16:32:05] [SUCCESS] bvid=BV1QyXdB5Eod 已成功抓取全部所需数据。
[2026-04-03 16:32:10] [SUCCESS] bvid=BV1XyXdB5E5m 已成功抓取全部所需数据。
[2026-04-03 16:32:16] [SUCCESS] bvid=BV1XyXdB5EY4 已成功抓取全部所需数据。
[2026-04-03 16:32:21] [SUCCESS] bvid=BV1sf9NBdEJW 已成功抓取全部所需数据。
[2026-04-03 16:32:27] [SUCCESS] bvid=BV1HT9KBnEKA 已成功抓取全部所需数据。
[2026-04-03 16:32:33] [SUCCESS] bvid=BV11NXfBBEWv 已成功抓取全部所需数据。
[2026-04-03 16:32:38] [SUCCESS] bvid=BV12K9cB1ELs 已成功抓取全部所需数据。
[2026-04-03 16:32:43] [SUCCESS] bvid=BV11U9WBLEm7 已成功抓取全部所需数据。
[2026-04-03 16:32:49] [SUCCESS] bvid=BV18nXjBtEJ5 已成功抓取全部所需数据。
[2026-04-03 16:32:54] [SUCCESS] bvid=BV1Df9FBnEVm 已成功抓取全部所需数据。
[2026-04-03 16:33:00] [SUCCESS] bvid=BV1iV9PBBETV 已成功抓取全部所需数据。
[2026-04-03 16:33:05] [SUCCESS] bvid=BV1Df9FBnEPK 已成功抓取全部所需数据。
[2026-04-03 16:33:10] [SUCCESS] bvid=BV1kJ9AByEhr 已成功抓取全部所需数据。
[2026-04-03 16:33:16] [SUCCESS] bvid=BV1Df9FBnE1J 已成功抓取全部所需数据。
[2026-04-03 16:33:21] [SUCCESS] bvid=BV1WMXfBqEff 已成功抓取全部所需数据。
[2026-04-03 16:33:27] [SUCCESS] bvid=BV1Df9FBnEtd 已成功抓取全部所需数据。
[2026-04-03 16:33:39] [SUCCESS] bvid=BV1UT9ABXEuu 已成功抓取全部所需数据。
[2026-04-03 16:33:44] [SUCCESS] bvid=BV1bm9ABxE2g 已成功抓取全部所需数据。
[2026-04-03 16:33:49] [SUCCESS] bvid=BV1Df9FBnEbG 已成功抓取全部所需数据。
[2026-04-03 16:33:55] [SUCCESS] bvid=BV1Df9FBnEE6 已成功抓取全部所需数据。
[2026-04-03 16:34:00] [SUCCESS] bvid=BV1xD9ABWERJ 已成功抓取全部所需数据。
[2026-04-03 16:34:06] [SUCCESS] bvid=BV1Df9FBnEWL 已成功抓取全部所需数据。
[2026-04-03 16:34:12] [SUCCESS] bvid=BV1ia9ABiEsK 已成功抓取全部所需数据。
[2026-04-03 16:34:17] [SUCCESS] bvid=BV1ea9ABiEmY 已成功抓取全部所需数据。
[2026-04-03 16:34:22] [SUCCESS] bvid=BV1a69ABcEUW 已成功抓取全部所需数据。
[2026-04-03 16:34:28] [SUCCESS] bvid=BV1Y69ABcEVa 已成功抓取全部所需数据。
[2026-04-03 16:34:33] [SUCCESS] bvid=BV1ar9AB8E8g 已成功抓取全部所需数据。
[2026-04-03 16:34:39] [SUCCESS] bvid=BV1jg9PB6EE1 已成功抓取全部所需数据。
[2026-04-03 16:34:44] [SUCCESS] bvid=BV1Df9FBnEsU 已成功抓取全部所需数据。
[2026-04-03 16:34:49] [SUCCESS] bvid=BV1eq9ABAEtJ 已成功抓取全部所需数据。
[2026-04-03 16:34:54] [SUCCESS] bvid=BV1YB9ABaEsm 已成功抓取全部所需数据。
[2026-04-03 16:35:00] [SUCCESS] bvid=BV1Eg9PB6EwM 已成功抓取全部所需数据。
[2026-04-03 16:35:05] [SUCCESS] bvid=BV1Df9FBnEbW 已成功抓取全部所需数据。
[2026-04-03 16:35:10] [SUCCESS] bvid=BV1zu9PB3E3x 已成功抓取全部所需数据。
[2026-04-03 16:35:15] [SUCCESS] bvid=BV1eE9PBNExc 已成功抓取全部所需数据。
[2026-04-03 16:35:20] [SUCCESS] bvid=BV1gf9FBHEHt 已成功抓取全部所需数据。
[2026-04-03 16:35:26] [SUCCESS] bvid=BV1GG9FBXEDb 已成功抓取全部所需数据。
[2026-04-03 16:35:31] [SUCCESS] bvid=BV1jK9wBvERW 已成功抓取全部所需数据。
[2026-04-03 16:35:36] [SUCCESS] bvid=BV15G9wBhE9i 已成功抓取全部所需数据。
[2026-04-03 16:35:42] [SUCCESS] bvid=BV1LG9wBhEJE 已成功抓取全部所需数据。
[2026-04-03 16:35:47] [SUCCESS] bvid=BV1Ho9cBrENU 已成功抓取全部所需数据。
[2026-04-03 16:35:52] [SUCCESS] bvid=BV1iD9wBvEsa 已成功抓取全部所需数据。
[2026-04-03 16:35:57] [SUCCESS] bvid=BV1C99cBCEhA 已成功抓取全部所需数据。
[2026-04-03 16:36:02] [SUCCESS] bvid=BV1rF9wBzEA9 已成功抓取全部所需数据。
[2026-04-03 16:36:08] [SUCCESS] bvid=BV1Pe9wBjEQh 已成功抓取全部所需数据。
[2026-04-03 16:36:12] [SUCCESS] bvid=BV11e9wBjENE 已成功抓取全部所需数据。
[2026-04-03 16:36:18] [SUCCESS] bvid=BV1c69wBGEbr 已成功抓取全部所需数据。
[2026-04-03 16:46:23] [SUCCESS] bvid=BV1yv9wB1EKh 已成功抓取全部所需数据。
[2026-04-03 16:46:29] [SUCCESS] bvid=BV1Aq9wB5EJk 已成功抓取全部所需数据。
[2026-04-03 16:46:35] [SUCCESS] bvid=BV1Aq9wB5Erp 已成功抓取全部所需数据。
[2026-04-03 16:46:41] [SUCCESS] bvid=BV1Gj9wBZEiJ 已成功抓取全部所需数据。
[2026-04-03 16:46:47] [SUCCESS] bvid=BV1aE9wB4Eif 已成功抓取全部所需数据。
[2026-04-03 16:46:52] [SUCCESS] bvid=BV13E9wB4Ea3 已成功抓取全部所需数据。
[2026-04-03 16:46:57] [SUCCESS] bvid=BV1Tt9wBnEve 已成功抓取全部所需数据。
[2026-04-03 16:57:03] [SUCCESS] bvid=BV18p9wB9EiF 已成功抓取全部所需数据。
[2026-04-03 16:57:09] [SUCCESS] bvid=BV183XZB1EfE 已成功抓取全部所需数据。
[2026-04-03 16:57:15] [SUCCESS] bvid=BV18nXjBtEaa 已成功抓取全部所需数据。
[2026-04-03 16:57:21] [SUCCESS] bvid=BV1V99wBYEqB 已成功抓取全部所需数据。
[2026-04-03 16:57:27] [SUCCESS] bvid=BV1QZ9wBfEPj 已成功抓取全部所需数据。
[2026-04-03 16:57:33] [SUCCESS] bvid=BV1Gf9wBFEHX 已成功抓取全部所需数据。
[2026-04-03 16:57:38] [SUCCESS] bvid=BV1Yf9wBFEjC 已成功抓取全部所需数据。
[2026-04-03 16:57:44] [SUCCESS] bvid=BV1R99wBaEhM 已成功抓取全部所需数据。
[2026-04-03 16:57:50] [SUCCESS] bvid=BV19d9wBcEhb 已成功抓取全部所需数据。
[2026-04-03 16:57:55] [SUCCESS] bvid=BV1DF9ABtEXd 已成功抓取全部所需数据。
[2026-04-03 16:58:01] [SUCCESS] bvid=BV1DF9ABtEiB 已成功抓取全部所需数据。
[2026-04-03 16:58:07] [SUCCESS] bvid=BV1GF9ABbEGy 已成功抓取全部所需数据。
[2026-04-03 16:58:12] [SUCCESS] bvid=BV1Zy9wBBEdN 已成功抓取全部所需数据。
[2026-04-03 16:58:18] [SUCCESS] bvid=BV1729wBMEWe 已成功抓取全部所需数据。
[2026-04-03 16:58:23] [SUCCESS] bvid=BV1Z29wBTEUE 已成功抓取全部所需数据。
[2026-04-03 16:58:29] [SUCCESS] bvid=BV1mw9cBEEeb 已成功抓取全部所需数据。
[2026-04-03 16:58:35] [SUCCESS] bvid=BV1LD9wBvE5x 已成功抓取全部所需数据。
[2026-04-03 16:58:40] [SUCCESS] bvid=BV1oD9wBeEAE 已成功抓取全部所需数据。
[2026-04-03 16:58:45] [SUCCESS] bvid=BV1XD9FBdEko 已成功抓取全部所需数据。
[2026-04-03 16:58:50] [SUCCESS] bvid=BV1Zm9wBiEHi 已成功抓取全部所需数据。
[2026-04-03 16:58:56] [SUCCESS] bvid=BV1LK9FBoELX 已成功抓取全部所需数据。
[2026-04-03 16:59:01] [SUCCESS] bvid=BV1dK9FBoE8E 已成功抓取全部所需数据。
[2026-04-03 16:59:07] [SUCCESS] bvid=BV1LK9FBoE8G 已成功抓取全部所需数据。
[2026-04-03 16:59:12] [SUCCESS] bvid=BV15K9FBoEDF 已成功抓取全部所需数据。
[2026-04-03 16:59:18] [SUCCESS] bvid=BV1Ew9FB8EV7 已成功抓取全部所需数据。
[2026-04-03 16:59:23] [SUCCESS] bvid=BV1jA9FBfEht 已成功抓取全部所需数据。
[2026-04-03 16:59:28] [SUCCESS] bvid=BV17w9FB8EdL 已成功抓取全部所需数据。
[2026-04-03 16:59:33] [SUCCESS] bvid=BV1LA9FBfEoA 已成功抓取全部所需数据。
[2026-04-03 16:59:39] [SUCCESS] bvid=BV17A9FBfEM6 已成功抓取全部所需数据。
[2026-04-03 16:59:44] [SUCCESS] bvid=BV1YG9FBXExX 已成功抓取全部所需数据。
[2026-04-03 16:59:49] [SUCCESS] bvid=BV1e39FBWELg 已成功抓取全部所需数据。
[2026-04-03 16:59:55] [SUCCESS] bvid=BV1YG9FBXE2y 已成功抓取全部所需数据。
[2026-04-03 17:00:01] [SUCCESS] bvid=BV1LM9FBxEPN 已成功抓取全部所需数据。
[2026-04-03 17:00:07] [SUCCESS] bvid=BV1Vu9FBREtP 已成功抓取全部所需数据。
[2026-04-03 17:00:12] [SUCCESS] bvid=BV15u9FBRE5F 已成功抓取全部所需数据。
[2026-04-03 17:00:17] [SUCCESS] bvid=BV15u9FBREJV 已成功抓取全部所需数据。
[2026-04-03 17:00:23] [SUCCESS] bvid=BV1wXXfBqErW 已成功抓取全部所需数据。
[2026-04-03 17:00:29] [SUCCESS] bvid=BV1HRXfBNE5n 已成功抓取全部所需数据。
[2026-04-03 17:00:34] [SUCCESS] bvid=BV1rRXfBNEcX 已成功抓取全部所需数据。
[2026-04-03 17:00:39] [SUCCESS] bvid=BV1nRXfBNEgt 已成功抓取全部所需数据。
[2026-04-03 17:00:45] [SUCCESS] bvid=BV1HRXfBNEwc 已成功抓取全部所需数据。
[2026-04-03 17:00:50] [SUCCESS] bvid=BV17k9FBAE4P 已成功抓取全部所需数据。
[2026-04-03 17:00:56] [SUCCESS] bvid=BV1JsXMBXEU8 已成功抓取全部所需数据。
[2026-04-03 17:01:01] [SUCCESS] bvid=BV1PSXfBzEu2 已成功抓取全部所需数据。
[2026-04-03 17:01:07] [SUCCESS] bvid=BV1WSXfBBEVa 已成功抓取全部所需数据。
[2026-04-03 17:01:12] [SUCCESS] bvid=BV1pQXfBTEQF 已成功抓取全部所需数据。
[2026-04-03 17:01:12] [INFO] 当前 batch_crawl 已完成，所有视频均已成功抓取。
[2026-04-03 17:01:12] 子任务结束时间：2026-04-03T17:01:12.257336
[TIMESTAMP][END] 2026-04-03T17:01:12
