[TIMESTAMP][BEGIN] 2026-04-03T18:09:06
[2026-04-03 18:09:08] 开始执行 CSV 批量抓取子任务 part_9。
[2026-04-03 18:09:08] 子任务开始时间：2026-04-03T18:09:06.300594
[2026-04-03 18:09:08] 输入文件：batch_input_9.csv
[2026-04-03 18:09:08] 输入唯一 bvid 数量：100
[2026-04-03 18:09:08] 为严格按 CSV 顺序判断连续失败阈值，本次任务自动将并发度从 2 调整为 1。
[2026-04-03 18:09:13] [SUCCESS] bvid=BV1hq9WB9Efx 已成功抓取全部所需数据。
[2026-04-03 18:09:19] [SUCCESS] bvid=BV1Sk9WBJE23 已成功抓取全部所需数据。
[2026-04-03 18:09:24] [SUCCESS] bvid=BV1vY9WB4EGv 已成功抓取全部所需数据。
[2026-04-03 18:09:29] [SUCCESS] bvid=BV1ee9WBdE8F 已成功抓取全部所需数据。
[2026-04-03 18:09:35] [SUCCESS] bvid=BV1XY9WBxEX8 已成功抓取全部所需数据。
[2026-04-03 18:09:40] [SUCCESS] bvid=BV1eY9WB4Ecq 已成功抓取全部所需数据。
[2026-04-03 18:09:45] [SUCCESS] bvid=BV1hz9WBpEH7 已成功抓取全部所需数据。
[2026-04-03 18:09:51] [SUCCESS] bvid=BV1Sk9WBJEZd 已成功抓取全部所需数据。
[2026-04-03 18:09:56] [SUCCESS] bvid=BV1Xz9WBpEFC 已成功抓取全部所需数据。
[2026-04-03 18:10:02] [SUCCESS] bvid=BV1Dk9WBJEwV 已成功抓取全部所需数据。
[2026-04-03 18:10:08] [SUCCESS] bvid=BV1Qz9WBHE3z 已成功抓取全部所需数据。
[2026-04-03 18:10:13] [SUCCESS] bvid=BV1uC9WBSE2W 已成功抓取全部所需数据。
[2026-04-03 18:10:19] [SUCCESS] bvid=BV1Qz9WBHEyh 已成功抓取全部所需数据。
[2026-04-03 18:10:25] [SUCCESS] bvid=BV1Dz9WBHEQ9 已成功抓取全部所需数据。
[2026-04-03 18:10:31] [SUCCESS] bvid=BV1369WBQEbk 已成功抓取全部所需数据。
[2026-04-03 18:10:36] [SUCCESS] bvid=BV1dG9sBfEcx 已成功抓取全部所需数据。
[2026-04-03 18:10:42] [SUCCESS] bvid=BV1vG9sBfEW6 已成功抓取全部所需数据。
[2026-04-03 18:10:47] [SUCCESS] bvid=BV16Z9WBuERq 已成功抓取全部所需数据。
[2026-04-03 18:10:52] [SUCCESS] bvid=BV14H9nBTECu 已成功抓取全部所需数据。
[2026-04-03 18:10:58] [SUCCESS] bvid=BV1e59sBtEQW 已成功抓取全部所需数据。
[2026-04-03 18:11:03] [SUCCESS] bvid=BV1e59sBtECC 已成功抓取全部所需数据。
[2026-04-03 18:11:09] [SUCCESS] bvid=BV1Y59sBtEXR 已成功抓取全部所需数据。
[2026-04-03 18:11:14] [SUCCESS] bvid=BV1ig9sBcEA9 已成功抓取全部所需数据。
[2026-04-03 18:11:20] [SUCCESS] bvid=BV1Sj9nB6EJG 已成功抓取全部所需数据。
[2026-04-03 18:11:25] [SUCCESS] bvid=BV1jy9nBHEtu 已成功抓取全部所需数据。
[2026-04-03 18:11:31] [SUCCESS] bvid=BV1dq9jB6EoG 已成功抓取全部所需数据。
[2026-04-03 18:11:36] [SUCCESS] bvid=BV1pbXWBKEE6 已成功抓取全部所需数据。
[2026-04-03 18:11:41] [SUCCESS] bvid=BV1qq9EBEEJa 已成功抓取全部所需数据。
[2026-04-03 18:11:47] [SUCCESS] bvid=BV1XwXkBiEMM 已成功抓取全部所需数据。
[2026-04-03 18:11:53] [SUCCESS] bvid=BV1Fg9JBdEyR 已成功抓取全部所需数据。
[2026-04-03 18:11:59] [SUCCESS] bvid=BV1pW9jBJEe9 已成功抓取全部所需数据。
[2026-04-03 18:12:05] [SUCCESS] bvid=BV18j9nB6Ews 已成功抓取全部所需数据。
[2026-04-03 18:12:10] [SUCCESS] bvid=BV1hE9sBRExZ 已成功抓取全部所需数据。
[2026-04-03 18:12:16] [SUCCESS] bvid=BV1YE9sBRENq 已成功抓取全部所需数据。
[2026-04-03 18:12:21] [SUCCESS] bvid=BV1Sj9nB6EHU 已成功抓取全部所需数据。
[2026-04-03 18:12:27] [SUCCESS] bvid=BV1hn9sBWE6H 已成功抓取全部所需数据。
[2026-04-03 18:12:32] [SUCCESS] bvid=BV1bE9nBuE7B 已成功抓取全部所需数据。
[2026-04-03 18:12:38] [SUCCESS] bvid=BV11x9nBeE37 已成功抓取全部所需数据。
[2026-04-03 18:12:49] [SUCCESS] bvid=BV1a79sBxE6H 已成功抓取全部所需数据。
[2026-04-03 18:12:55] [SUCCESS] bvid=BV1st9nBAEhE 已成功抓取全部所需数据。
[2026-04-03 18:13:01] [SUCCESS] bvid=BV1yt9nBAEbD 已成功抓取全部所需数据。
[2026-04-03 18:13:07] [SUCCESS] bvid=BV1v19nBDEDx 已成功抓取全部所需数据。
[2026-04-03 18:13:12] [SUCCESS] bvid=BV1kZ9WBuEmn 已成功抓取全部所需数据。
[2026-04-03 18:13:18] [SUCCESS] bvid=BV1AZ9WBgEbK 已成功抓取全部所需数据。
[2026-04-03 18:13:23] [SUCCESS] bvid=BV1st9nBAEgP 已成功抓取全部所需数据。
[2026-04-03 18:13:28] [SUCCESS] bvid=BV1rZ9WBuEXT 已成功抓取全部所需数据。
[2026-04-03 18:13:34] [SUCCESS] bvid=BV1rf9WBBEfv 已成功抓取全部所需数据。
[2026-04-03 18:13:39] [SUCCESS] bvid=BV1xp9nBiEZf 已成功抓取全部所需数据。
[2026-04-03 18:13:45] [SUCCESS] bvid=BV1xs9nBNE2S 已成功抓取全部所需数据。
[2026-04-03 18:13:50] [SUCCESS] bvid=BV1iM9sBaEzG 已成功抓取全部所需数据。
[2026-04-03 18:13:55] [SUCCESS] bvid=BV1FP9sBKEkd 已成功抓取全部所需数据。
[2026-04-03 18:14:01] [SUCCESS] bvid=BV1iM9sBaE6y 已成功抓取全部所需数据。
[2026-04-03 18:14:06] [SUCCESS] bvid=BV1go9nBVEJa 已成功抓取全部所需数据。
[2026-04-03 18:14:12] [SUCCESS] bvid=BV1Wt9nBAEpN 已成功抓取全部所需数据。
[2026-04-03 18:14:18] [SUCCESS] bvid=BV1Ys97BBEW3 已成功抓取全部所需数据。
[2026-04-03 18:14:23] [SUCCESS] bvid=BV1uZ9nBkEt8 已成功抓取全部所需数据。
[2026-04-03 18:14:29] [SUCCESS] bvid=BV1iXXrBCE5d 已成功抓取全部所需数据。
[2026-04-03 18:14:34] [SUCCESS] bvid=BV1BN9sBeEQn 已成功抓取全部所需数据。
[2026-04-03 18:14:40] [SUCCESS] bvid=BV1Zn9HBdEUS 已成功抓取全部所需数据。
[2026-04-03 18:14:45] [SUCCESS] bvid=BV1Z5XoB9EKE 已成功抓取全部所需数据。
[2026-04-03 18:14:51] [SUCCESS] bvid=BV1Z5XoB9ErL 已成功抓取全部所需数据。
[2026-04-03 18:14:57] [SUCCESS] bvid=BV1De9JBuEBa 已成功抓取全部所需数据。
[2026-04-03 18:15:03] [SUCCESS] bvid=BV1GD9nB7EHo 已成功抓取全部所需数据。
[2026-04-03 18:15:09] [SUCCESS] bvid=BV1uF9HB3Esp 已成功抓取全部所需数据。
[2026-04-03 18:15:15] [SUCCESS] bvid=BV1Rp9JBmEpb 已成功抓取全部所需数据。
[2026-04-03 18:15:20] [SUCCESS] bvid=BV1nB9pBPE2F 已成功抓取全部所需数据。
[2026-04-03 18:15:26] [SUCCESS] bvid=BV1op9HBsEND 已成功抓取全部所需数据。
[2026-04-03 18:15:31] [SUCCESS] bvid=BV1J79HBfEvs 已成功抓取全部所需数据。
[2026-04-03 18:15:37] [SUCCESS] bvid=BV1d49HBQEar 已成功抓取全部所需数据。
[2026-04-03 18:25:43] [SUCCESS] bvid=BV1dW9HBREmr 已成功抓取全部所需数据。
[2026-04-03 18:25:50] [SUCCESS] bvid=BV1Ca9VBjEoe 已成功抓取全部所需数据。
[2026-04-03 18:25:57] [SUCCESS] bvid=BV1hu9EBqE1z 已成功抓取全部所需数据。
[2026-04-03 18:26:04] [SUCCESS] bvid=BV1Pu9HBNEfQ 已成功抓取全部所需数据。
[2026-04-03 18:26:10] [SUCCESS] bvid=BV1Ag9HBeECZ 已成功抓取全部所需数据。
[2026-04-03 18:26:17] [SUCCESS] bvid=BV1KK9HBTEMm 已成功抓取全部所需数据。
[2026-04-03 18:26:23] [SUCCESS] bvid=BV1ayXdBLE24 已成功抓取全部所需数据。
[2026-04-03 18:26:30] [SUCCESS] bvid=BV1GyXdBLEmd 已成功抓取全部所需数据。
[2026-04-03 18:26:36] [SUCCESS] bvid=BV1QyXdB5ERy 已成功抓取全部所需数据。
[2026-04-03 18:26:43] [SUCCESS] bvid=BV1QyXdB5EZG 已成功抓取全部所需数据。
[2026-04-03 18:26:49] [SUCCESS] bvid=BV1XyXdB5EJC 已成功抓取全部所需数据。
[2026-04-03 18:26:56] [SUCCESS] bvid=BV1Fj9HB8Eqq 已成功抓取全部所需数据。
[2026-04-03 18:27:02] [SUCCESS] bvid=BV1Y19jBNET1 已成功抓取全部所需数据。
[2026-04-03 18:27:09] [SUCCESS] bvid=BV1eA9EBrEE9 已成功抓取全部所需数据。
[2026-04-03 18:27:15] [SUCCESS] bvid=BV1Dp9LBcECa 已成功抓取全部所需数据。
[2026-04-03 18:27:22] [SUCCESS] bvid=BV1pbXWBKE3F 已成功抓取全部所需数据。
[2026-04-03 18:27:27] [SUCCESS] bvid=BV1Cr97BdEnw 已成功抓取全部所需数据。
[2026-04-03 18:27:33] [SUCCESS] bvid=BV18mwezKEGw 已成功抓取全部所需数据。
[2026-04-03 18:27:39] [SUCCESS] bvid=BV1Mk9HBkEU2 已成功抓取全部所需数据。
[2026-04-03 18:27:45] [SUCCESS] bvid=BV12k9HBrE6j 已成功抓取全部所需数据。
[2026-04-03 18:27:50] [SUCCESS] bvid=BV1kQ9HBvE6c 已成功抓取全部所需数据。
[2026-04-03 18:27:55] [SUCCESS] bvid=BV1xs9nBNEck 已成功抓取全部所需数据。
[2026-04-03 18:28:01] [SUCCESS] bvid=BV1CU9HBqE1S 已成功抓取全部所需数据。
[2026-04-03 18:28:07] [SUCCESS] bvid=BV1QY9HBmEFQ 已成功抓取全部所需数据。
[2026-04-03 18:28:13] [SUCCESS] bvid=BV1G89HBDEQw 已成功抓取全部所需数据。
[2026-04-03 18:28:19] [SUCCESS] bvid=BV1Qv9HBjE2k 已成功抓取全部所需数据。
[2026-04-03 18:28:24] [SUCCESS] bvid=BV1R89HBSEND 已成功抓取全部所需数据。
[2026-04-03 18:28:30] [SUCCESS] bvid=BV1mz9HBCEYC 已成功抓取全部所需数据。
[2026-04-03 18:28:36] [SUCCESS] bvid=BV1Uz9HBCEHy 已成功抓取全部所需数据。
[2026-04-03 18:28:41] [SUCCESS] bvid=BV1uB9HBLEnk 已成功抓取全部所需数据。
[2026-04-03 18:28:47] [SUCCESS] bvid=BV1Yg9pBpE2r 已成功抓取全部所需数据。
[2026-04-03 18:28:47] [INFO] 当前 batch_crawl 已完成，所有视频均已成功抓取。
[2026-04-03 18:28:47] 子任务结束时间：2026-04-03T18:28:47.752115
[TIMESTAMP][END] 2026-04-03T18:28:47
