[TIMESTAMP][BEGIN] 2026-04-03T18:28:47
[2026-04-03 18:28:50] 开始执行 CSV 批量抓取子任务 part_10。
[2026-04-03 18:28:50] 子任务开始时间：2026-04-03T18:28:47.912823
[2026-04-03 18:28:50] 输入文件：batch_input_10.csv
[2026-04-03 18:28:50] 输入唯一 bvid 数量：100
[2026-04-03 18:28:50] 为严格按 CSV 顺序判断连续失败阈值，本次任务自动将并发度从 2 调整为 1。
[2026-04-03 18:28:55] [SUCCESS] bvid=BV1TH9nBMEzD 已成功抓取全部所需数据。
[2026-04-03 18:29:01] [SUCCESS] bvid=BV1pF97BREyi 已成功抓取全部所需数据。
[2026-04-03 18:29:07] [SUCCESS] bvid=BV1ro9HBwEGv 已成功抓取全部所需数据。
[2026-04-03 18:29:12] [SUCCESS] bvid=BV1Wa9pBMEAr 已成功抓取全部所需数据。
[2026-04-03 18:29:18] [SUCCESS] bvid=BV1bp9pB5E85 已成功抓取全部所需数据。
[2026-04-03 18:29:24] [SUCCESS] bvid=BV1Sv9JBBEj6 已成功抓取全部所需数据。
[2026-04-03 18:29:29] [SUCCESS] bvid=BV18L9nB3ETM 已成功抓取全部所需数据。
[2026-04-03 18:29:35] [SUCCESS] bvid=BV16Q9JBoEWC 已成功抓取全部所需数据。
[2026-04-03 18:29:40] [SUCCESS] bvid=BV14J9nBBEZ9 已成功抓取全部所需数据。
[2026-04-03 18:29:46] [SUCCESS] bvid=BV12J9nBBES9 已成功抓取全部所需数据。
[2026-04-03 18:29:51] [SUCCESS] bvid=BV18j9nB6ELi 已成功抓取全部所需数据。
[2026-04-03 18:29:57] [SUCCESS] bvid=BV1sx9nBeEJ8 已成功抓取全部所需数据。
[2026-04-03 18:30:02] [SUCCESS] bvid=BV1xp9nBiE2E 已成功抓取全部所需数据。
[2026-04-03 18:30:08] [SUCCESS] bvid=BV1So9nBVEgX 已成功抓取全部所需数据。
[2026-04-03 18:30:14] [SUCCESS] bvid=BV14p9nBiEkb 已成功抓取全部所需数据。
[2026-04-03 18:30:19] [SUCCESS] bvid=BV1go9nBVE9S 已成功抓取全部所需数据。
[2026-04-03 18:30:25] [SUCCESS] bvid=BV1h99nBLEtX 已成功抓取全部所需数据。
[2026-04-03 18:30:30] [SUCCESS] bvid=BV1a99nBLE7p 已成功抓取全部所需数据。
[2026-04-03 18:30:36] [SUCCESS] bvid=BV1uF9HB3EsB 已成功抓取全部所需数据。
[2026-04-03 18:30:42] [SUCCESS] bvid=BV1Kc9HB6EoQ 已成功抓取全部所需数据。
[2026-04-03 18:30:47] [SUCCESS] bvid=BV1jy9nBHE75 已成功抓取全部所需数据。
[2026-04-03 18:30:53] [SUCCESS] bvid=BV1Br9nBWEws 已成功抓取全部所需数据。
[2026-04-03 18:40:57] [ERROR] bvid=BV1VD9nB7EpU 抓取失败：stat: Timeout of 600.0s exceeded, last exception: HTTPSConnectionPool(host='bigquery.googleapis.com', port=443): Max retries exceeded with url: /bigquery/v2/projects/bilibili-m2s2vp-research/datasets?prettyPrint=false (Caused by ProxyError('Unable to connect to proxy', RemoteDisconnected('Remote end closed connection without response')))
[2026-04-03 18:43:04] [SUCCESS] bvid=BV1VD9nB7EpL 已成功抓取全部所需数据。
[2026-04-03 18:43:11] [SUCCESS] bvid=BV1aD9nB7Ewr 已成功抓取全部所需数据。
[2026-04-03 18:43:17] [SUCCESS] bvid=BV1Lm9nBnELF 已成功抓取全部所需数据。
[2026-04-03 18:43:22] [SUCCESS] bvid=BV1VU9nBUEfR 已成功抓取全部所需数据。
[2026-04-03 18:43:27] [SUCCESS] bvid=BV1Rp9JB2E7q 已成功抓取全部所需数据。
[2026-04-03 18:43:33] [SUCCESS] bvid=BV1c8XWBvErC 已成功抓取全部所需数据。
[2026-04-03 18:43:38] [SUCCESS] bvid=BV1VU9nBUENP 已成功抓取全部所需数据。
[2026-04-03 18:43:44] [SUCCESS] bvid=BV1VU9nBUEcm 已成功抓取全部所需数据。
[2026-04-03 18:43:49] [SUCCESS] bvid=BV1GU9nBUEj1 已成功抓取全部所需数据。
[2026-04-03 18:43:54] [SUCCESS] bvid=BV1QK9EBzE4u 已成功抓取全部所需数据。
[2026-04-03 18:43:59] [SUCCESS] bvid=BV1eN9EBgEw3 已成功抓取全部所需数据。
[2026-04-03 18:44:05] [SUCCESS] bvid=BV1YK9EBzELV 已成功抓取全部所需数据。
[2026-04-03 18:44:11] [SUCCESS] bvid=BV1YA9EBrEkf 已成功抓取全部所需数据。
[2026-04-03 18:44:16] [SUCCESS] bvid=BV1S39EBKEMp 已成功抓取全部所需数据。
[2026-04-03 18:44:22] [SUCCESS] bvid=BV18G9EBvECj 已成功抓取全部所需数据。
[2026-04-03 18:44:28] [SUCCESS] bvid=BV1Du9EBqErh 已成功抓取全部所需数据。
[2026-04-03 18:44:33] [SUCCESS] bvid=BV1hu9EBqEby 已成功抓取全部所需数据。
[2026-04-03 18:44:39] [SUCCESS] bvid=BV1fX97BEESx 已成功抓取全部所需数据。
[2026-04-03 19:04:43] [ERROR] bvid=BV1fX97BEEBS 抓取失败：stat: Timeout of 600.0s exceeded, last exception: HTTPSConnectionPool(host='bigquery.googleapis.com', port=443): Max retries exceeded with url: /bigquery/v2/projects/bilibili-m2s2vp-research/datasets/bili_video_stream_data_test_2/tables?prettyPrint=false (Caused by SSLError(SSLEOFError(8, 'EOF occurred in violation of protocol (_ssl.c:1017)')))
[2026-04-03 19:04:49] [SUCCESS] bvid=BV13kXkBuES7 已成功抓取全部所需数据。
[2026-04-03 19:04:55] [SUCCESS] bvid=BV1q997BmEvE 已成功抓取全部所需数据。
[2026-04-03 19:05:00] [SUCCESS] bvid=BV1f997BmET4 已成功抓取全部所需数据。
[2026-04-03 19:05:06] [SUCCESS] bvid=BV1HS97BHENh 已成功抓取全部所需数据。
[2026-04-03 19:05:12] [SUCCESS] bvid=BV1zD97BSEgi 已成功抓取全部所需数据。
[2026-04-03 19:05:17] [SUCCESS] bvid=BV16D97BSE2c 已成功抓取全部所需数据。
[2026-04-03 19:05:22] [SUCCESS] bvid=BV1qf97B5Ew6 已成功抓取全部所需数据。
[2026-04-03 19:05:28] [SUCCESS] bvid=BV1if97B5Ey5 已成功抓取全部所需数据。
[2026-04-03 19:05:33] [SUCCESS] bvid=BV1969jBBEwj 已成功抓取全部所需数据。
[2026-04-03 19:05:39] [SUCCESS] bvid=BV1qd97BjErB 已成功抓取全部所需数据。
[2026-04-03 19:05:44] [SUCCESS] bvid=BV1qd97BjEZ3 已成功抓取全部所需数据。
[2026-04-03 19:05:50] [SUCCESS] bvid=BV1qd97BjEAC 已成功抓取全部所需数据。
[2026-04-03 19:05:55] [SUCCESS] bvid=BV1do97B1ESw 已成功抓取全部所需数据。
[2026-04-03 19:06:00] [SUCCESS] bvid=BV17o97B2EQg 已成功抓取全部所需数据。
[2026-04-03 19:06:06] [SUCCESS] bvid=BV1Jh9EBpEB2 已成功抓取全部所需数据。
[2026-04-03 19:16:12] [SUCCESS] bvid=BV1qo97B1E9W 已成功抓取全部所需数据。
[2026-04-03 19:16:17] [SUCCESS] bvid=BV1Jb9EB9Eqc 已成功抓取全部所需数据。
[2026-04-03 19:16:23] [SUCCESS] bvid=BV1wb9EBREtq 已成功抓取全部所需数据。
[2026-04-03 19:16:29] [SUCCESS] bvid=BV1nh9EBpExt 已成功抓取全部所需数据。
[2026-04-03 19:16:34] [SUCCESS] bvid=BV1rx9EBdEeH 已成功抓取全部所需数据。
[2026-04-03 19:16:40] [SUCCESS] bvid=BV1Hh9EBWET3 已成功抓取全部所需数据。
[2026-04-03 19:16:46] [SUCCESS] bvid=BV1Ev9EBSE2M 已成功抓取全部所需数据。
[2026-04-03 19:16:51] [SUCCESS] bvid=BV1px9EBdEZ3 已成功抓取全部所需数据。
[2026-04-03 19:16:57] [SUCCESS] bvid=BV1px9EBdEps 已成功抓取全部所需数据。
[2026-04-03 19:17:03] [SUCCESS] bvid=BV1iq9EBEEo4 已成功抓取全部所需数据。
[2026-04-03 19:17:08] [SUCCESS] bvid=BV17q9EBEEah 已成功抓取全部所需数据。
[2026-04-03 19:17:13] [SUCCESS] bvid=BV1za9EBQEYY 已成功抓取全部所需数据。
[2026-04-03 19:17:19] [SUCCESS] bvid=BV17q9EBEEJj 已成功抓取全部所需数据。
[2026-04-03 19:17:24] [SUCCESS] bvid=BV1Je9EBnE3i 已成功抓取全部所需数据。
[2026-04-03 19:17:30] [SUCCESS] bvid=BV1Ee9EBnEG7 已成功抓取全部所需数据。
[2026-04-03 19:17:35] [SUCCESS] bvid=BV1t79EBwEK5 已成功抓取全部所需数据。
[2026-04-03 19:17:41] [SUCCESS] bvid=BV1479EBwETZ 已成功抓取全部所需数据。
[2026-04-03 19:17:46] [SUCCESS] bvid=BV1TE9EBaETW 已成功抓取全部所需数据。
[2026-04-03 19:17:52] [SUCCESS] bvid=BV1UL9EBYEAT 已成功抓取全部所需数据。
[2026-04-03 19:17:58] [SUCCESS] bvid=BV1tL9EBYEXj 已成功抓取全部所需数据。
[2026-04-03 19:18:05] [SUCCESS] bvid=BV1h29jBeELH 已成功抓取全部所需数据。
[2026-04-03 19:18:11] [SUCCESS] bvid=BV1w8XWBvELz 已成功抓取全部所需数据。
[2026-04-03 19:18:18] [SUCCESS] bvid=BV18U9jBAELX 已成功抓取全部所需数据。
[2026-04-03 19:18:25] [SUCCESS] bvid=BV1bM9jB8Eh1 已成功抓取全部所需数据。
[2026-04-03 19:18:32] [SUCCESS] bvid=BV1mL9EBYEWW 已成功抓取全部所需数据。
[2026-04-03 19:18:38] [SUCCESS] bvid=BV1mL9EBYEXs 已成功抓取全部所需数据。
[2026-04-03 19:18:45] [SUCCESS] bvid=BV1Np9EBfEH1 已成功抓取全部所需数据。
[2026-04-03 19:18:51] [SUCCESS] bvid=BV1sp9EBZErR 已成功抓取全部所需数据。
[2026-04-03 19:18:58] [SUCCESS] bvid=BV1yp9EBZEwm 已成功抓取全部所需数据。
[2026-04-03 19:19:04] [SUCCESS] bvid=BV11n9EBFE9n 已成功抓取全部所需数据。
[2026-04-03 19:19:11] [SUCCESS] bvid=BV1Ps9EBtE2f 已成功抓取全部所需数据。
[2026-04-03 19:19:17] [SUCCESS] bvid=BV1xn9EBFE52 已成功抓取全部所需数据。
[2026-04-03 19:19:23] [SUCCESS] bvid=BV1M99EBqEfn 已成功抓取全部所需数据。
[2026-04-03 19:19:29] [SUCCESS] bvid=BV1yH9EBbEZw 已成功抓取全部所需数据。
[2026-04-03 19:19:34] [SUCCESS] bvid=BV1Nn9EBcEsK 已成功抓取全部所需数据。
[2026-04-03 19:19:40] [SUCCESS] bvid=BV1899EBqEnL 已成功抓取全部所需数据。
[2026-04-03 19:19:46] [SUCCESS] bvid=BV1u99EBqEQZ 已成功抓取全部所需数据。
[2026-04-03 19:19:51] [SUCCESS] bvid=BV1899EBqEEW 已成功抓取全部所需数据。
[2026-04-03 19:19:57] [SUCCESS] bvid=BV1b99EBqE91 已成功抓取全部所需数据。
[2026-04-03 19:20:03] [SUCCESS] bvid=BV1bd9EBKEkm 已成功抓取全部所需数据。
[2026-04-03 19:20:09] [SUCCESS] bvid=BV1hX9EBMEc4 已成功抓取全部所需数据。
[2026-04-03 19:20:15] [SUCCESS] bvid=BV1DD9EBzEJF 已成功抓取全部所需数据。
[2026-04-03 19:20:20] [SUCCESS] bvid=BV13X9EBMEAL 已成功抓取全部所需数据。
[2026-04-03 19:20:20] [WARN] 当前子任务已结束，但仍有未成功抓取的视频，已导出 remaining CSV 供继续执行。
[2026-04-03 19:20:20] [INFO] 已导出剔除成功条目后的剩余 CSV：D:\Schoolworks\Thesis\Bilibili-Datahub\outputs\video_data\manual_crawls\manual_crawl_stat_comment_20260403_160741\remaining_bvids_part_10.csv
[2026-04-03 19:20:20] 子任务结束时间：2026-04-03T19:20:20.974537
[TIMESTAMP][END] 2026-04-03T19:20:20
