[TIMESTAMP][BEGIN] 2026-04-03T17:01:12
[2026-04-03 17:01:14] 开始执行 CSV 批量抓取子任务 part_4。
[2026-04-03 17:01:14] 子任务开始时间：2026-04-03T17:01:12.436799
[2026-04-03 17:01:14] 输入文件：batch_input_4.csv
[2026-04-03 17:01:14] 输入唯一 bvid 数量：100
[2026-04-03 17:01:14] 为严格按 CSV 顺序判断连续失败阈值，本次任务自动将并发度从 2 调整为 1。
[2026-04-03 17:01:20] [SUCCESS] bvid=BV1ffXfB8E48 已成功抓取全部所需数据。
[2026-04-03 17:01:25] [SUCCESS] bvid=BV1zc9FBcEF9 已成功抓取全部所需数据。
[2026-04-03 17:01:31] [SUCCESS] bvid=BV17c9FBcE2V 已成功抓取全部所需数据。
[2026-04-03 17:01:36] [SUCCESS] bvid=BV1ndXfBvE1x 已成功抓取全部所需数据。
[2026-04-03 17:01:42] [SUCCESS] bvid=BV1xpXZBMEnb 已成功抓取全部所需数据。
[2026-04-03 17:01:47] [SUCCESS] bvid=BV1189FB3EL1 已成功抓取全部所需数据。
[2026-04-03 17:01:53] [SUCCESS] bvid=BV1Ah9FB6ENH 已成功抓取全部所需数据。
[2026-04-03 17:01:58] [SUCCESS] bvid=BV1wh9FB6Ef1 已成功抓取全部所需数据。
[2026-04-03 17:02:04] [SUCCESS] bvid=BV1N49FBVEWR 已成功抓取全部所需数据。
[2026-04-03 17:02:09] [SUCCESS] bvid=BV1N49FBVEvJ 已成功抓取全部所需数据。
[2026-04-03 17:02:15] [SUCCESS] bvid=BV1Fi9FBTEm1 已成功抓取全部所需数据。
[2026-04-03 17:02:20] [SUCCESS] bvid=BV1wi9FBTEWi 已成功抓取全部所需数据。
[2026-04-03 17:02:25] [SUCCESS] bvid=BV1wi9FBTEMk 已成功抓取全部所需数据。
[2026-04-03 17:02:31] [SUCCESS] bvid=BV1Fq9FBiEh6 已成功抓取全部所需数据。
[2026-04-03 17:02:37] [SUCCESS] bvid=BV1Fi9FBTEHo 已成功抓取全部所需数据。
[2026-04-03 17:02:42] [SUCCESS] bvid=BV1Fq9FBiEtY 已成功抓取全部所需数据。
[2026-04-03 17:02:48] [SUCCESS] bvid=BV1fq9FBvEBt 已成功抓取全部所需数据。
[2026-04-03 17:02:53] [SUCCESS] bvid=BV1He9FBBEvt 已成功抓取全部所需数据。
[2026-04-03 17:02:59] [SUCCESS] bvid=BV1Fq9FBiE5V 已成功抓取全部所需数据。
[2026-04-03 17:03:05] [SUCCESS] bvid=BV1we9FBBEZ1 已成功抓取全部所需数据。
[2026-04-03 17:03:10] [SUCCESS] bvid=BV1pe9FBBEmw 已成功抓取全部所需数据。
[2026-04-03 17:03:16] [SUCCESS] bvid=BV1He9FBBEK7 已成功抓取全部所需数据。
[2026-04-03 17:03:21] [SUCCESS] bvid=BV1Rm9FBZErd 已成功抓取全部所需数据。
[2026-04-03 17:03:27] [SUCCESS] bvid=BV1D79FBJEm9 已成功抓取全部所需数据。
[2026-04-03 17:03:32] [SUCCESS] bvid=BV1379FBJEFZ 已成功抓取全部所需数据。
[2026-04-03 17:03:39] [SUCCESS] bvid=BV1u79FBJEqA 已成功抓取全部所需数据。
[2026-04-03 17:03:45] [SUCCESS] bvid=BV1359FBHErJ 已成功抓取全部所需数据。
[2026-04-03 17:03:52] [SUCCESS] bvid=BV1359FBHEka 已成功抓取全部所需数据。
[2026-04-03 17:03:58] [SUCCESS] bvid=BV1DL9FBDE5e 已成功抓取全部所需数据。
[2026-04-03 17:04:05] [SUCCESS] bvid=BV1SzXfBLEx7 已成功抓取全部所需数据。
[2026-04-03 17:04:12] [SUCCESS] bvid=BV13L9FBDEav 已成功抓取全部所需数据。
[2026-04-03 17:04:18] [SUCCESS] bvid=BV1KW9FBLEQA 已成功抓取全部所需数据。
[2026-04-03 17:04:24] [SUCCESS] bvid=BV1hgX5B4ESA 已成功抓取全部所需数据。
[2026-04-03 17:04:30] [SUCCESS] bvid=BV1TH9FB2EDC 已成功抓取全部所需数据。
[2026-04-03 17:04:36] [SUCCESS] bvid=BV1Ns9FByEXn 已成功抓取全部所需数据。
[2026-04-03 17:04:41] [SUCCESS] bvid=BV1Ts9FByEKK 已成功抓取全部所需数据。
[2026-04-03 17:04:46] [SUCCESS] bvid=BV1Ks9FByE7T 已成功抓取全部所需数据。
[2026-04-03 17:04:52] [SUCCESS] bvid=BV1Ts9FByEVh 已成功抓取全部所需数据。
[2026-04-03 17:04:57] [SUCCESS] bvid=BV1Mn9FB7EU6 已成功抓取全部所需数据。
[2026-04-03 17:05:02] [SUCCESS] bvid=BV1un9FB7EiJ 已成功抓取全部所需数据。
[2026-04-03 17:05:08] [SUCCESS] bvid=BV1tH9FB2ETx 已成功抓取全部所需数据。
[2026-04-03 17:05:13] [SUCCESS] bvid=BV1bH9FB2EaT 已成功抓取全部所需数据。
[2026-04-03 17:05:19] [SUCCESS] bvid=BV19D9FBdEoj 已成功抓取全部所需数据。
[2026-04-03 17:05:24] [SUCCESS] bvid=BV1Q99FB9E27 已成功抓取全部所需数据。
[2026-04-03 17:05:30] [SUCCESS] bvid=BV1Gd9FBWEJZ 已成功抓取全部所需数据。
[2026-04-03 17:05:36] [SUCCESS] bvid=BV1Dd9FBpE4i 已成功抓取全部所需数据。
[2026-04-03 17:05:41] [SUCCESS] bvid=BV13d9FBWEYZ 已成功抓取全部所需数据。
[2026-04-03 17:05:47] [SUCCESS] bvid=BV1XD9FBdEgu 已成功抓取全部所需数据。
[2026-04-03 17:05:52] [SUCCESS] bvid=BV1XD9FBdEy9 已成功抓取全部所需数据。
[2026-04-03 17:05:57] [SUCCESS] bvid=BV1YD9FBoEok 已成功抓取全部所需数据。
[2026-04-03 17:06:03] [SUCCESS] bvid=BV19D9FBdELt 已成功抓取全部所需数据。
[2026-04-03 17:06:08] [SUCCESS] bvid=BV1XD9FBdEmC 已成功抓取全部所需数据。
[2026-04-03 17:06:14] [SUCCESS] bvid=BV1GX9FBxEy3 已成功抓取全部所需数据。
[2026-04-03 17:06:19] [SUCCESS] bvid=BV1XX9FBsECK 已成功抓取全部所需数据。
[2026-04-03 17:06:25] [SUCCESS] bvid=BV19X9FBsEuh 已成功抓取全部所需数据。
[2026-04-03 17:06:30] [SUCCESS] bvid=BV1VX9FBxECL 已成功抓取全部所需数据。
[2026-04-03 17:06:35] [SUCCESS] bvid=BV19X9FBsEpv 已成功抓取全部所需数据。
[2026-04-03 17:06:40] [SUCCESS] bvid=BV1bF9cBDECp 已成功抓取全部所需数据。
[2026-04-03 17:06:46] [SUCCESS] bvid=BV1uF9cBDEXK 已成功抓取全部所需数据。
[2026-04-03 17:06:51] [SUCCESS] bvid=BV1gF9cBDEx8 已成功抓取全部所需数据。
[2026-04-03 17:06:57] [SUCCESS] bvid=BV1WE9jBXE4u 已成功抓取全部所需数据。
[2026-04-03 17:07:02] [SUCCESS] bvid=BV1UF9cBSEoB 已成功抓取全部所需数据。
[2026-04-03 17:07:08] [SUCCESS] bvid=BV1go9FBXESn 已成功抓取全部所需数据。
[2026-04-03 17:07:14] [SUCCESS] bvid=BV1Uw9cBEE9C 已成功抓取全部所需数据。
[2026-04-03 17:07:19] [SUCCESS] bvid=BV1Qo9FBQEgH 已成功抓取全部所需数据。
[2026-04-03 17:07:25] [SUCCESS] bvid=BV1js9cBeEmy 已成功抓取全部所需数据。
[2026-04-03 17:07:30] [SUCCESS] bvid=BV1rL9cBzEif 已成功抓取全部所需数据。
[2026-04-03 17:07:36] [SUCCESS] bvid=BV1qN9sBeEXN 已成功抓取全部所需数据。
[2026-04-03 17:07:41] [SUCCESS] bvid=BV1HHXMBRECr 已成功抓取全部所需数据。
[2026-04-03 17:07:47] [SUCCESS] bvid=BV1Qo9FBQEPa 已成功抓取全部所需数据。
[2026-04-03 17:07:52] [SUCCESS] bvid=BV1go9FBXEet 已成功抓取全部所需数据。
[2026-04-03 17:07:57] [SUCCESS] bvid=BV18o9FBXEU1 已成功抓取全部所需数据。
[2026-04-03 17:08:02] [SUCCESS] bvid=BV1go9FBXEjG 已成功抓取全部所需数据。
[2026-04-03 17:08:08] [SUCCESS] bvid=BV1Df9FBnEi5 已成功抓取全部所需数据。
[2026-04-03 17:08:14] [SUCCESS] bvid=BV1Rm9FBZEwD 已成功抓取全部所需数据。
[2026-04-03 17:08:20] [SUCCESS] bvid=BV1fk9FBwEMM 已成功抓取全部所需数据。
[2026-04-03 17:08:32] [SUCCESS] bvid=BV17k9FBAE9h 已成功抓取全部所需数据。
[2026-04-03 17:08:37] [SUCCESS] bvid=BV1ok9FBwEbv 已成功抓取全部所需数据。
[2026-04-03 17:08:43] [SUCCESS] bvid=BV1Zk9FBwEwj 已成功抓取全部所需数据。
[2026-04-03 17:08:49] [SUCCESS] bvid=BV1oC9FBhELE 已成功抓取全部所需数据。
[2026-04-03 17:08:55] [SUCCESS] bvid=BV1ZC9FBhE7S 已成功抓取全部所需数据。
[2026-04-03 17:09:07] [SUCCESS] bvid=BV17C9FBaEnt 已成功抓取全部所需数据。
[2026-04-03 17:09:12] [SUCCESS] bvid=BV1oC9FBhEDd 已成功抓取全部所需数据。
[2026-04-03 17:09:24] [SUCCESS] bvid=BV1Fz9FBNEvF 已成功抓取全部所需数据。
[2026-04-03 17:09:29] [SUCCESS] bvid=BV1nz9FBNEst 已成功抓取全部所需数据。
[2026-04-03 17:09:35] [SUCCESS] bvid=BV1Rm9FBZEu7 已成功抓取全部所需数据。
[2026-04-03 17:09:40] [SUCCESS] bvid=BV1669FBeEH7 已成功抓取全部所需数据。
[2026-04-03 17:09:46] [SUCCESS] bvid=BV1E69FBeEG5 已成功抓取全部所需数据。
[2026-04-03 17:09:51] [SUCCESS] bvid=BV1f69FBYELB 已成功抓取全部所需数据。
[2026-04-03 17:09:57] [SUCCESS] bvid=BV1Rm9FBZEKJ 已成功抓取全部所需数据。
[2026-04-03 17:10:16] [SUCCESS] bvid=BV1im9FBfEpC 已成功抓取全部所需数据。
[2026-04-03 17:10:21] [SUCCESS] bvid=BV19m9FBZEvy 已成功抓取全部所需数据。
[2026-04-03 17:10:27] [SUCCESS] bvid=BV1Rm9FBZEku 已成功抓取全部所需数据。
[2026-04-03 17:20:33] [SUCCESS] bvid=BV19S9FB4EEp 已成功抓取全部所需数据。
[2026-04-03 17:20:39] [SUCCESS] bvid=BV1yUXfBuEZL 已成功抓取全部所需数据。
[2026-04-03 17:20:44] [SUCCESS] bvid=BV1RS9FB4Edf 已成功抓取全部所需数据。
[2026-04-03 17:20:50] [SUCCESS] bvid=BV1RS9FB4Edv 已成功抓取全部所需数据。
[2026-04-03 17:20:55] [SUCCESS] bvid=BV1RS9FB4Emk 已成功抓取全部所需数据。
[2026-04-03 17:21:01] [SUCCESS] bvid=BV1j29FB8EtY 已成功抓取全部所需数据。
[2026-04-03 17:21:07] [SUCCESS] bvid=BV1j19FBcELa 已成功抓取全部所需数据。
[2026-04-03 17:21:07] [INFO] 当前 batch_crawl 已完成，所有视频均已成功抓取。
[2026-04-03 17:21:07] 子任务结束时间：2026-04-03T17:21:07.446089
[TIMESTAMP][END] 2026-04-03T17:21:07
