[TIMESTAMP][BEGIN] 2026-04-11T00:41:57
[2026-04-11 00:41:59] 开始执行 CSV 批量抓取子任务 part_2。
[2026-04-11 00:41:59] 子任务开始时间：2026-04-11T00:41:57.532760
[2026-04-11 00:41:59] 输入文件：batch_input_2.csv
[2026-04-11 00:41:59] 输入唯一 bvid 数量：100
[2026-04-11 00:41:59] 为严格按 CSV 顺序判断连续失败阈值，本次任务自动将并发度从 2 调整为 1。
[2026-04-11 00:42:12] [SUCCESS] bvid=BV1JsQwBvEpY 已成功抓取全部所需数据。
[2026-04-11 00:42:18] [SUCCESS] bvid=BV1pnQwBMEQR 已成功抓取全部所需数据。
[2026-04-11 00:42:24] [SUCCESS] bvid=BV1HnQwBMEju 已成功抓取全部所需数据。
[2026-04-11 00:42:30] [SUCCESS] bvid=BV1nHQwBqE2P 已成功抓取全部所需数据。
[2026-04-11 00:42:36] [SUCCESS] bvid=BV1JHQwBqEdP 已成功抓取全部所需数据。
[2026-04-11 00:42:41] [SUCCESS] bvid=BV16HQwBqEoC 已成功抓取全部所需数据。
[2026-04-11 00:42:46] [SUCCESS] bvid=BV1nHQwBqE8b 已成功抓取全部所需数据。
[2026-04-11 00:42:51] [SUCCESS] bvid=BV1nHQwBqEem 已成功抓取全部所需数据。
[2026-04-11 00:42:57] [SUCCESS] bvid=BV1nHQwBqEsY 已成功抓取全部所需数据。
[2026-04-11 00:43:02] [SUCCESS] bvid=BV1jhQwBhE3s 已成功抓取全部所需数据。
[2026-04-11 00:43:07] [SUCCESS] bvid=BV1nHQwBqEhy 已成功抓取全部所需数据。
[2026-04-11 00:43:12] [SUCCESS] bvid=BV17sQFBoExi 已成功抓取全部所需数据。
[2026-04-11 00:43:17] [SUCCESS] bvid=BV1j8QwBwEoe 已成功抓取全部所需数据。
[2026-04-11 00:43:22] [SUCCESS] bvid=BV1cZDxBTEth 已成功抓取全部所需数据。
[2026-04-11 00:43:28] [SUCCESS] bvid=BV174QwBPEUS 已成功抓取全部所需数据。
[2026-04-11 00:43:33] [SUCCESS] bvid=BV1KtD4B2Eer 已成功抓取全部所需数据。
[2026-04-11 00:43:38] [SUCCESS] bvid=BV1YVDLB4EkJ 已成功抓取全部所需数据。
[2026-04-11 00:43:44] [SUCCESS] bvid=BV14MQwBjEZ4 已成功抓取全部所需数据。
[2026-04-11 00:43:49] [SUCCESS] bvid=BV17hQwBhEeE 已成功抓取全部所需数据。
[2026-04-11 00:43:54] [SUCCESS] bvid=BV1E4QwBPEB8 已成功抓取全部所需数据。
[2026-04-11 00:43:59] [SUCCESS] bvid=BV1J4QwBPEQs 已成功抓取全部所需数据。
[2026-04-11 00:44:05] [SUCCESS] bvid=BV13YDZBCE9x 已成功抓取全部所需数据。
[2026-04-11 00:44:11] [SUCCESS] bvid=BV1ftQwBYEYy 已成功抓取全部所需数据。
[2026-04-11 00:44:16] [SUCCESS] bvid=BV1bMQwBjE31 已成功抓取全部所需数据。
[2026-04-11 00:44:21] [SUCCESS] bvid=BV1x3QwB5Eyu 已成功抓取全部所需数据。
[2026-04-11 00:44:27] [SUCCESS] bvid=BV1BtQwBYE3o 已成功抓取全部所需数据。
[2026-04-11 00:44:32] [SUCCESS] bvid=BV1c7QFBYENR 已成功抓取全部所需数据。
[2026-04-11 00:44:38] [SUCCESS] bvid=BV14GQwBCE3r 已成功抓取全部所需数据。
[2026-04-11 00:44:43] [SUCCESS] bvid=BV1GBQwBdEmh 已成功抓取全部所需数据。
[2026-04-11 00:44:49] [SUCCESS] bvid=BV1BkDfBxEKQ 已成功抓取全部所需数据。
[2026-04-11 00:44:54] [SUCCESS] bvid=BV1nK97BDEn6 已成功抓取全部所需数据。
[2026-04-11 00:45:00] [SUCCESS] bvid=BV18zDZBzEJj 已成功抓取全部所需数据。
[2026-04-11 00:45:05] [SUCCESS] bvid=BV1tkDZBqENh 已成功抓取全部所需数据。
[2026-04-11 00:45:11] [SUCCESS] bvid=BV1B1DfBWEj1 已成功抓取全部所需数据。
[2026-04-11 00:45:16] [SUCCESS] bvid=BV1jeQwBbEFa 已成功抓取全部所需数据。
[2026-04-11 00:45:21] [SUCCESS] bvid=BV1xGQwBCEPy 已成功抓取全部所需数据。
[2026-04-11 00:45:26] [SUCCESS] bvid=BV1xGQwBCE3M 已成功抓取全部所需数据。
[2026-04-11 00:45:31] [SUCCESS] bvid=BV143QwB5EDz 已成功抓取全部所需数据。
[2026-04-11 00:45:37] [SUCCESS] bvid=BV1xGQwBCEnR 已成功抓取全部所需数据。
[2026-04-11 00:45:42] [SUCCESS] bvid=BV12GQwBCEtQ 已成功抓取全部所需数据。
[2026-04-11 00:45:47] [SUCCESS] bvid=BV1mMQwBjEWB 已成功抓取全部所需数据。
[2026-04-11 00:46:00] [SUCCESS] bvid=BV1xGQwBCEdr 已成功抓取全部所需数据。
[2026-04-11 00:46:05] [SUCCESS] bvid=BV14MQwBjE4J 已成功抓取全部所需数据。
[2026-04-11 00:46:12] [SUCCESS] bvid=BV1MMQwB7EGq 已成功抓取全部所需数据。
[2026-04-11 00:46:18] [SUCCESS] bvid=BV1uMQwB7Eec 已成功抓取全部所需数据。
[2026-04-11 00:46:31] [SUCCESS] bvid=BV14uQwB1EVy 已成功抓取全部所需数据。
[2026-04-11 00:46:37] [SUCCESS] bvid=BV1p7QwBgEa2 已成功抓取全部所需数据。
[2026-04-11 00:46:42] [SUCCESS] bvid=BV14uQwB1EgW 已成功抓取全部所需数据。
[2026-04-11 00:46:47] [SUCCESS] bvid=BV14MQwBjEs9 已成功抓取全部所需数据。
[2026-04-11 00:46:52] [SUCCESS] bvid=BV1xuQwB1Ey3 已成功抓取全部所需数据。
[2026-04-11 00:46:57] [SUCCESS] bvid=BV1MMQwB7EdD 已成功抓取全部所需数据。
[2026-04-11 00:47:02] [SUCCESS] bvid=BV1tMQwBjEy9 已成功抓取全部所需数据。
[2026-04-11 00:47:07] [SUCCESS] bvid=BV1UuQwB1EPY 已成功抓取全部所需数据。
[2026-04-11 00:47:13] [SUCCESS] bvid=BV1p7QwBgEfD 已成功抓取全部所需数据。
[2026-04-11 00:47:18] [SUCCESS] bvid=BV1PEQwB6EPo 已成功抓取全部所需数据。
[2026-04-11 00:47:23] [SUCCESS] bvid=BV1W7QwB3EFV 已成功抓取全部所需数据。
[2026-04-11 00:47:29] [SUCCESS] bvid=BV1C7QwBgE8o 已成功抓取全部所需数据。
[2026-04-11 00:47:34] [SUCCESS] bvid=BV1W7QwBgEgy 已成功抓取全部所需数据。
[2026-04-11 00:47:39] [SUCCESS] bvid=BV1AfDrBQEDe 已成功抓取全部所需数据。
[2026-04-11 00:47:44] [SUCCESS] bvid=BV1yfDrBQEj4 已成功抓取全部所需数据。
[2026-04-11 00:47:49] [SUCCESS] bvid=BV1yfDrBDE74 已成功抓取全部所需数据。
[2026-04-11 00:47:55] [SUCCESS] bvid=BV1pEQwBzEkm 已成功抓取全部所需数据。
[2026-04-11 00:48:00] [SUCCESS] bvid=BV1CEQwBzEdo 已成功抓取全部所需数据。
[2026-04-11 00:48:05] [SUCCESS] bvid=BV1HEQwBzERN 已成功抓取全部所需数据。
[2026-04-11 00:48:10] [SUCCESS] bvid=BV1yfDrBDE4A 已成功抓取全部所需数据。
[2026-04-11 00:48:15] [SUCCESS] bvid=BV1WEQwBzE7R 已成功抓取全部所需数据。
[2026-04-11 00:48:21] [SUCCESS] bvid=BV1yfDrBDEVu 已成功抓取全部所需数据。
[2026-04-11 00:48:26] [SUCCESS] bvid=BV1x5QwBGEyk 已成功抓取全部所需数据。
[2026-04-11 00:48:32] [SUCCESS] bvid=BV1s5QwBGEnb 已成功抓取全部所需数据。
[2026-04-11 00:48:37] [SUCCESS] bvid=BV1yfDrBDELy 已成功抓取全部所需数据。
[2026-04-11 00:48:42] [SUCCESS] bvid=BV1WfDrBQEEv 已成功抓取全部所需数据。
[2026-04-11 00:48:47] [SUCCESS] bvid=BV1x5QwBGECG 已成功抓取全部所需数据。
[2026-04-11 00:48:52] [SUCCESS] bvid=BV125QwBGEVU 已成功抓取全部所需数据。
[2026-04-11 00:48:57] [SUCCESS] bvid=BV1P5QwBVEYF 已成功抓取全部所需数据。
[2026-04-11 00:49:02] [SUCCESS] bvid=BV1yfDrBQEvG 已成功抓取全部所需数据。
[2026-04-11 00:49:07] [SUCCESS] bvid=BV1CfDrBDEZ9 已成功抓取全部所需数据。
[2026-04-11 00:49:12] [SUCCESS] bvid=BV1x5QwBVERf 已成功抓取全部所需数据。
[2026-04-11 00:49:17] [SUCCESS] bvid=BV1CLQwBrEjZ 已成功抓取全部所需数据。
[2026-04-11 00:49:22] [SUCCESS] bvid=BV12XQwBjEXp 已成功抓取全部所需数据。
[2026-04-11 00:49:28] [SUCCESS] bvid=BV1PfDrBQEHr 已成功抓取全部所需数据。
[2026-04-11 00:49:33] [SUCCESS] bvid=BV1fKDbBBEKC 已成功抓取全部所需数据。
[2026-04-11 00:49:38] [SUCCESS] bvid=BV1znQFB8EUh 已成功抓取全部所需数据。
[2026-04-11 00:49:43] [SUCCESS] bvid=BV1rjDxBNEWd 已成功抓取全部所需数据。
[2026-04-11 00:49:48] [SUCCESS] bvid=BV1oPDfBHEHq 已成功抓取全部所需数据。
[2026-04-11 00:49:53] [SUCCESS] bvid=BV1WLQwBrEpE 已成功抓取全部所需数据。
[2026-04-11 00:49:58] [SUCCESS] bvid=BV1tmQwBSEV1 已成功抓取全部所需数据。
[2026-04-11 00:50:03] [SUCCESS] bvid=BV1bmQwBSEwS 已成功抓取全部所需数据。
[2026-04-11 00:50:09] [SUCCESS] bvid=BV1xLQwBrEPY 已成功抓取全部所需数据。
[2026-04-11 00:50:14] [SUCCESS] bvid=BV1TyDZBKE2i 已成功抓取全部所需数据。
[2026-04-11 00:50:19] [SUCCESS] bvid=BV1umQwBSE85 已成功抓取全部所需数据。
[2026-04-11 00:50:25] [SUCCESS] bvid=BV1MSQwBEEkD 已成功抓取全部所需数据。
[2026-04-11 00:50:30] [SUCCESS] bvid=BV1ZND4BhEYC 已成功抓取全部所需数据。
[2026-04-11 00:50:36] [SUCCESS] bvid=BV1ncQcBAEMK 已成功抓取全部所需数据。
[2026-04-11 00:50:41] [SUCCESS] bvid=BV1N9QwB1EZN 已成功抓取全部所需数据。
[2026-04-11 00:50:46] [SUCCESS] bvid=BV1aiQFBJEy5 已成功抓取全部所需数据。
[2026-04-11 00:50:52] [SUCCESS] bvid=BV1MCQFByEWc 已成功抓取全部所需数据。
[2026-04-11 00:50:57] [SUCCESS] bvid=BV1M2QwBnEfh 已成功抓取全部所需数据。
[2026-04-11 00:51:02] [SUCCESS] bvid=BV1u2QwBnEhK 已成功抓取全部所需数据。
[2026-04-11 00:51:08] [SUCCESS] bvid=BV1g2QwBnEGg 已成功抓取全部所需数据。
[2026-04-11 00:51:13] [SUCCESS] bvid=BV1u2QwBnENk 已成功抓取全部所需数据。
[2026-04-11 00:51:13] [INFO] 当前 batch_crawl 已完成，所有视频均已成功抓取。
[2026-04-11 00:51:13] 子任务结束时间：2026-04-11T00:51:13.638217
[TIMESTAMP][END] 2026-04-11T00:51:13
