[TIMESTAMP][BEGIN] 2026-04-11T00:32:36
[2026-04-11 00:32:38] 开始执行 CSV 批量抓取子任务 part_1。
[2026-04-11 00:32:38] 子任务开始时间：2026-04-11T00:32:36.067912
[2026-04-11 00:32:38] 输入文件：batch_input_1.csv
[2026-04-11 00:32:38] 输入唯一 bvid 数量：100
[2026-04-11 00:32:38] 为严格按 CSV 顺序判断连续失败阈值，本次任务自动将并发度从 2 调整为 1。
[2026-04-11 00:32:45] [SUCCESS] bvid=BV1xjQPBUEHs 已成功抓取全部所需数据。
[2026-04-11 00:32:50] [SUCCESS] bvid=BV15WDYBCEfZ 已成功抓取全部所需数据。
[2026-04-11 00:32:56] [SUCCESS] bvid=BV1xjQPBUEoi 已成功抓取全部所需数据。
[2026-04-11 00:33:08] [SUCCESS] bvid=BV1xjQPBUEpD 已成功抓取全部所需数据。
[2026-04-11 00:33:13] [SUCCESS] bvid=BV1yiQcBMEaq 已成功抓取全部所需数据。
[2026-04-11 00:33:19] [SUCCESS] bvid=BV12hQcBrErH 已成功抓取全部所需数据。
[2026-04-11 00:33:24] [SUCCESS] bvid=BV1NhQcBkEMe 已成功抓取全部所需数据。
[2026-04-11 00:33:29] [SUCCESS] bvid=BV12YQcBgEMZ 已成功抓取全部所需数据。
[2026-04-11 00:33:35] [SUCCESS] bvid=BV1r6QcBvED1 已成功抓取全部所需数据。
[2026-04-11 00:33:40] [SUCCESS] bvid=BV1jnXfBbEf4 已成功抓取全部所需数据。
[2026-04-11 00:33:45] [SUCCESS] bvid=BV1kqQcBqEkF 已成功抓取全部所需数据。
[2026-04-11 00:33:50] [SUCCESS] bvid=BV1wzQcBTEPB 已成功抓取全部所需数据。
[2026-04-11 00:33:55] [SUCCESS] bvid=BV1DWQcBjEFh 已成功抓取全部所需数据。
[2026-04-11 00:34:01] [SUCCESS] bvid=BV1DWQcBjEb2 已成功抓取全部所需数据。
[2026-04-11 00:34:06] [SUCCESS] bvid=BV1VEQcBDENz 已成功抓取全部所需数据。
[2026-04-11 00:34:12] [SUCCESS] bvid=BV1QEQcBSECN 已成功抓取全部所需数据。
[2026-04-11 00:34:17] [SUCCESS] bvid=BV1WLQwBrE6e 已成功抓取全部所需数据。
[2026-04-11 00:34:22] [SUCCESS] bvid=BV1UtQcBCEF7 已成功抓取全部所需数据。
[2026-04-11 00:34:28] [SUCCESS] bvid=BV1hFQwBQExt 已成功抓取全部所需数据。
[2026-04-11 00:34:34] [SUCCESS] bvid=BV1XfQcBpEoB 已成功抓取全部所需数据。
[2026-04-11 00:34:39] [SUCCESS] bvid=BV19fQcBpEsm 已成功抓取全部所需数据。
[2026-04-11 00:34:45] [SUCCESS] bvid=BV1YXDfBUETP 已成功抓取全部所需数据。
[2026-04-11 00:34:50] [SUCCESS] bvid=BV1vdQcBsE3C 已成功抓取全部所需数据。
[2026-04-11 00:34:56] [SUCCESS] bvid=BV1aFQwBXEaJ 已成功抓取全部所需数据。
[2026-04-11 00:35:01] [SUCCESS] bvid=BV1aFQwBQENn 已成功抓取全部所需数据。
[2026-04-11 00:35:07] [SUCCESS] bvid=BV1vdQcBsEct 已成功抓取全部所需数据。
[2026-04-11 00:35:12] [SUCCESS] bvid=BV1DNQwBEEuN 已成功抓取全部所需数据。
[2026-04-11 00:35:17] [SUCCESS] bvid=BV1RMDfBUEbk 已成功抓取全部所需数据。
[2026-04-11 00:35:23] [SUCCESS] bvid=BV18NQwBEEag 已成功抓取全部所需数据。
[2026-04-11 00:35:23] [ERROR] bvid=BV1hwQwBnE2y 抓取失败：stat: 接口返回错误代码：62002，信息：稿件不可见。
{'code': 62002, 'message': '稿件不可见', 'ttl': 1} | comment: 接口返回错误代码：62002，信息：稿件不可见。
{'code': 62002, 'message': '稿件不可见', 'ttl': 1}
[2026-04-11 00:35:28] [SUCCESS] bvid=BV1bKQwBmEQH 已成功抓取全部所需数据。
[2026-04-11 00:35:33] [SUCCESS] bvid=BV18KQwBmE3Z 已成功抓取全部所需数据。
[2026-04-11 00:35:39] [SUCCESS] bvid=BV13wQwBHEm5 已成功抓取全部所需数据。
[2026-04-11 00:35:44] [SUCCESS] bvid=BV1iXQcB4ETA 已成功抓取全部所需数据。
[2026-04-11 00:35:49] [SUCCESS] bvid=BV1F2QcBaEcq 已成功抓取全部所需数据。
[2026-04-11 00:35:55] [SUCCESS] bvid=BV1B2QcBhEGo 已成功抓取全部所需数据。
[2026-04-11 00:36:00] [SUCCESS] bvid=BV1EKDbBzEYc 已成功抓取全部所需数据。
[2026-04-11 00:36:06] [SUCCESS] bvid=BV1R3QcBsExK 已成功抓取全部所需数据。
[2026-04-11 00:36:13] [SUCCESS] bvid=BV1fKDbBBE3T 已成功抓取全部所需数据。
[2026-04-11 00:36:25] [SUCCESS] bvid=BV1nwDbBGEaa 已成功抓取全部所需数据。
[2026-04-11 00:36:31] [SUCCESS] bvid=BV1fUQcBFEKx 已成功抓取全部所需数据。
[2026-04-11 00:36:44] [SUCCESS] bvid=BV16CQcBYExu 已成功抓取全部所需数据。
[2026-04-11 00:36:49] [SUCCESS] bvid=BV1BUQcBFE7h 已成功抓取全部所需数据。
[2026-04-11 00:36:54] [SUCCESS] bvid=BV1iUQcBFE1R 已成功抓取全部所需数据。
[2026-04-11 00:36:59] [SUCCESS] bvid=BV1FADbBrEpc 已成功抓取全部所需数据。
[2026-04-11 00:37:05] [SUCCESS] bvid=BV1wmDHBtEvw 已成功抓取全部所需数据。
[2026-04-11 00:37:11] [SUCCESS] bvid=BV1dNDfBDEnC 已成功抓取全部所需数据。
[2026-04-11 00:37:16] [SUCCESS] bvid=BV1dNDfBDEd1 已成功抓取全部所需数据。
[2026-04-11 00:37:22] [SUCCESS] bvid=BV1kaDsBNEsi 已成功抓取全部所需数据。
[2026-04-11 00:37:27] [SUCCESS] bvid=BV1mmQwBSECd 已成功抓取全部所需数据。
[2026-04-11 00:37:33] [SUCCESS] bvid=BV1GqQFBUEUq 已成功抓取全部所需数据。
[2026-04-11 00:37:38] [SUCCESS] bvid=BV1RWDYBkEyW 已成功抓取全部所需数据。
[2026-04-11 00:37:43] [SUCCESS] bvid=BV1FCQcBeEjo 已成功抓取全部所需数据。
[2026-04-11 00:37:48] [SUCCESS] bvid=BV1FCQcBeEuf 已成功抓取全部所需数据。
[2026-04-11 00:37:53] [SUCCESS] bvid=BV1zCQcBYEhi 已成功抓取全部所需数据。
[2026-04-11 00:37:58] [SUCCESS] bvid=BV1JCQcBeEB6 已成功抓取全部所需数据。
[2026-04-11 00:38:04] [SUCCESS] bvid=BV16CQcBYEFf 已成功抓取全部所需数据。
[2026-04-11 00:38:10] [SUCCESS] bvid=BV16CQcBYEFV 已成功抓取全部所需数据。
[2026-04-11 00:38:16] [SUCCESS] bvid=BV1z1QcBwEFh 已成功抓取全部所需数据。
[2026-04-11 00:38:23] [SUCCESS] bvid=BV1z1QcBwE5P 已成功抓取全部所需数据。
[2026-04-11 00:38:29] [SUCCESS] bvid=BV1vXQcB4EwB 已成功抓取全部所需数据。
[2026-04-11 00:38:34] [SUCCESS] bvid=BV1z1QcBwEFL 已成功抓取全部所需数据。
[2026-04-11 00:38:40] [SUCCESS] bvid=BV1f1QcBwEj7 已成功抓取全部所需数据。
[2026-04-11 00:38:45] [SUCCESS] bvid=BV1Z1QcBwE6G 已成功抓取全部所需数据。
[2026-04-11 00:38:50] [SUCCESS] bvid=BV1f1QcBwEKf 已成功抓取全部所需数据。
[2026-04-11 00:38:56] [SUCCESS] bvid=BV1f1QcBwEiw 已成功抓取全部所需数据。
[2026-04-11 00:39:01] [SUCCESS] bvid=BV1z1QcBwETJ 已成功抓取全部所需数据。
[2026-04-11 00:39:06] [SUCCESS] bvid=BV1z1QcBAEgL 已成功抓取全部所需数据。
[2026-04-11 00:39:11] [SUCCESS] bvid=BV1B1QcBwEfb 已成功抓取全部所需数据。
[2026-04-11 00:39:17] [SUCCESS] bvid=BV1z1QcBwEMK 已成功抓取全部所需数据。
[2026-04-11 00:39:22] [SUCCESS] bvid=BV1jXQcBtEAL 已成功抓取全部所需数据。
[2026-04-11 00:39:27] [SUCCESS] bvid=BV1RXQcB4EZA 已成功抓取全部所需数据。
[2026-04-11 00:39:32] [SUCCESS] bvid=BV1RXQcB4Er3 已成功抓取全部所需数据。
[2026-04-11 00:39:37] [SUCCESS] bvid=BV1vXQcB4ET5 已成功抓取全部所需数据。
[2026-04-11 00:39:42] [SUCCESS] bvid=BV1vXQcB4EHo 已成功抓取全部所需数据。
[2026-04-11 00:39:47] [SUCCESS] bvid=BV1LXQcBtEW6 已成功抓取全部所需数据。
[2026-04-11 00:39:52] [SUCCESS] bvid=BV1vXQcB4Eti 已成功抓取全部所需数据。
[2026-04-11 00:39:58] [SUCCESS] bvid=BV1e9QcBdEr8 已成功抓取全部所需数据。
[2026-04-11 00:40:03] [SUCCESS] bvid=BV1e9QcBdEia 已成功抓取全部所需数据。
[2026-04-11 00:40:08] [SUCCESS] bvid=BV1e9QcBdEmF 已成功抓取全部所需数据。
[2026-04-11 00:40:14] [SUCCESS] bvid=BV1Y9QcBdEQY 已成功抓取全部所需数据。
[2026-04-11 00:40:19] [SUCCESS] bvid=BV1i9QcBdETn 已成功抓取全部所需数据。
[2026-04-11 00:40:26] [SUCCESS] bvid=BV1e9QcBdE22 已成功抓取全部所需数据。
[2026-04-11 00:40:32] [SUCCESS] bvid=BV1V9QcBoEQu 已成功抓取全部所需数据。
[2026-04-11 00:40:38] [SUCCESS] bvid=BV1R9QcBdEja 已成功抓取全部所需数据。
[2026-04-11 00:40:43] [SUCCESS] bvid=BV17DQcBfEnL 已成功抓取全部所需数据。
[2026-04-11 00:40:48] [SUCCESS] bvid=BV1R9QcBdEG8 已成功抓取全部所需数据。
[2026-04-11 00:40:53] [SUCCESS] bvid=BV1ZSQcBbEg5 已成功抓取全部所需数据。
[2026-04-11 00:40:59] [SUCCESS] bvid=BV1WEQwBzEJ5 已成功抓取全部所需数据。
[2026-04-11 00:41:04] [SUCCESS] bvid=BV1qDQcBZEFJ 已成功抓取全部所需数据。
[2026-04-11 00:41:09] [SUCCESS] bvid=BV1ZDQcBZEFZ 已成功抓取全部所需数据。
[2026-04-11 00:41:15] [SUCCESS] bvid=BV1XVDfBLE3D 已成功抓取全部所需数据。
[2026-04-11 00:41:20] [SUCCESS] bvid=BV1B2D4BYEDA 已成功抓取全部所需数据。
[2026-04-11 00:41:25] [SUCCESS] bvid=BV1FsQwBiEFQ 已成功抓取全部所需数据。
[2026-04-11 00:41:31] [SUCCESS] bvid=BV16sQwBvEQU 已成功抓取全部所需数据。
[2026-04-11 00:41:36] [SUCCESS] bvid=BV1zsQwBvE8S 已成功抓取全部所需数据。
[2026-04-11 00:41:41] [SUCCESS] bvid=BV1JsQwBvEJF 已成功抓取全部所需数据。
[2026-04-11 00:41:46] [SUCCESS] bvid=BV1JsQwBvEjo 已成功抓取全部所需数据。
[2026-04-11 00:41:52] [SUCCESS] bvid=BV1zsQwBvEeF 已成功抓取全部所需数据。
[2026-04-11 00:41:57] [SUCCESS] bvid=BV16sQwBvEKM 已成功抓取全部所需数据。
[2026-04-11 00:41:57] [WARN] 当前子任务已结束，但仍有未成功抓取的视频，已导出 remaining CSV 供继续执行。
[2026-04-11 00:41:57] [INFO] 已导出剔除成功条目后的剩余 CSV：D:\Schoolworks\Thesis\Bilibili-Datahub\outputs\video_data\manual_crawls\manual_crawl_stat_comment_20260411_003219\remaining_bvids_part_1.csv
[2026-04-11 00:41:57] 子任务结束时间：2026-04-11T00:41:57.194983
[TIMESTAMP][END] 2026-04-11T00:41:57
