[TIMESTAMP][BEGIN] 2026-04-11T15:51:48
[2026-04-11 15:51:51] 开始执行 CSV 批量抓取子任务 part_4。
[2026-04-11 15:51:51] 子任务开始时间：2026-04-11T15:51:48.552039
[2026-04-11 15:51:51] 输入文件：batch_input_4.csv
[2026-04-11 15:51:51] 输入唯一 bvid 数量：100
[2026-04-11 15:51:54] [SUCCESS] bvid=BV15zSZB1Eyw 已成功抓取全部所需数据。
[2026-04-11 16:01:55] [ERROR] bvid=BV161SoBQEJQ 抓取失败：meta: Timeout of 600.0s exceeded, last exception: HTTPSConnectionPool(host='bigquery.googleapis.com', port=443): Max retries exceeded with url: /bigquery/v2/projects/bilibili-m2s2vp-research/datasets/bili_video_stream_data_test_2/tables?prettyPrint=false (Caused by ProxyError('Unable to connect to proxy', RemoteDisconnected('Remote end closed connection without response')))
[2026-04-11 16:01:59] [SUCCESS] bvid=BV165DvBtEtc 已成功抓取全部所需数据。
[2026-04-11 16:02:02] [SUCCESS] bvid=BV166DfBZESr 已成功抓取全部所需数据。
[2026-04-11 16:02:06] [SUCCESS] bvid=BV166DfBoEN3 已成功抓取全部所需数据。
[2026-04-11 16:02:09] [SUCCESS] bvid=BV166DfBoENc 已成功抓取全部所需数据。
[2026-04-11 16:02:12] [SUCCESS] bvid=BV167DZB9EtL 已成功抓取全部所需数据。
[2026-04-11 16:02:16] [SUCCESS] bvid=BV16CQcBYEFV 已成功抓取全部所需数据。
[2026-04-11 16:02:19] [SUCCESS] bvid=BV16CQcBYEFf 已成功抓取全部所需数据。
[2026-04-11 16:02:22] [SUCCESS] bvid=BV16CQcBYExu 已成功抓取全部所需数据。
[2026-04-11 16:02:26] [SUCCESS] bvid=BV16CSRBLEvg 已成功抓取全部所需数据。
[2026-04-11 16:02:29] [SUCCESS] bvid=BV16HQFBfEF6 已成功抓取全部所需数据。
[2026-04-11 16:02:32] [SUCCESS] bvid=BV16HQwBqEoC 已成功抓取全部所需数据。
[2026-04-11 16:02:41] [SUCCESS] bvid=BV16JDjB3EHS 已成功抓取全部所需数据。
[2026-04-11 16:02:45] [SUCCESS] bvid=BV16JDxBAEHq 已成功抓取全部所需数据。
[2026-04-11 16:02:48] [SUCCESS] bvid=BV16JDxBAEn4 已成功抓取全部所需数据。
[2026-04-11 16:02:52] [SUCCESS] bvid=BV16JQFBcEWM 已成功抓取全部所需数据。
[2026-04-11 16:02:55] [SUCCESS] bvid=BV16KD6BMEjX 已成功抓取全部所需数据。
[2026-04-11 16:02:59] [SUCCESS] bvid=BV16KD6BMEwm 已成功抓取全部所需数据。
[2026-04-11 16:03:02] [SUCCESS] bvid=BV16MDkByEHp 已成功抓取全部所需数据。
[2026-04-11 16:03:06] [SUCCESS] bvid=BV16MDkByEem 已成功抓取全部所需数据。
[2026-04-11 16:03:09] [SUCCESS] bvid=BV16ND7B6Eu9 已成功抓取全部所需数据。
[2026-04-11 16:03:13] [SUCCESS] bvid=BV16PD7B3Em6 已成功抓取全部所需数据。
[2026-04-11 16:03:16] [SUCCESS] bvid=BV16PQcBcEjE 已成功抓取全部所需数据。
[2026-04-11 16:03:19] [SUCCESS] bvid=BV16RDcBwEYg 已成功抓取全部所需数据。
[2026-04-11 16:03:23] [SUCCESS] bvid=BV16RDvBFEDb 已成功抓取全部所需数据。
[2026-04-11 16:03:26] [SUCCESS] bvid=BV16SSfBoELX 已成功抓取全部所需数据。
[2026-04-11 16:03:30] [SUCCESS] bvid=BV16SSfBoEjP 已成功抓取全部所需数据。
[2026-04-11 16:03:33] [SUCCESS] bvid=BV16TDhB2Ee8 已成功抓取全部所需数据。
[2026-04-11 16:03:36] [SUCCESS] bvid=BV16USfBtEdH 已成功抓取全部所需数据。
[2026-04-11 16:03:40] [SUCCESS] bvid=BV16USoBDEq8 已成功抓取全部所需数据。
[2026-04-11 16:03:43] [SUCCESS] bvid=BV16VDWBbE4A 已成功抓取全部所需数据。
[2026-04-11 16:03:43] [ERROR] bvid=BV16VXPByEeU 抓取失败：meta: 接口返回错误代码：62002，信息：稿件不可见。
{'code': 62002, 'message': '稿件不可见', 'ttl': 1}
[2026-04-11 16:03:43] [ERROR] bvid=BV16VXPByEzB 抓取失败：meta: 接口返回错误代码：62002，信息：稿件不可见。
{'code': 62002, 'message': '稿件不可见', 'ttl': 1}
[2026-04-11 16:03:43] [ERROR] bvid=BV16ZXLBVEA9 抓取失败：meta: 接口返回错误代码：62012，信息：62012。
{'code': 62012, 'message': '62012', 'ttl': 1}
[2026-04-11 16:03:47] [SUCCESS] bvid=BV16aDpB4Ekk 已成功抓取全部所需数据。
[2026-04-11 16:03:47] [ERROR] bvid=BV16cX8BUE56 抓取失败：meta: 接口返回错误代码：62012，信息：62012。
{'code': 62012, 'message': '62012', 'ttl': 1}
[2026-04-11 16:03:51] [SUCCESS] bvid=BV16d9MBxENY 已成功抓取全部所需数据。
[2026-04-11 16:03:54] [SUCCESS] bvid=BV16dDvBbEWh 已成功抓取全部所需数据。
[2026-04-11 16:03:57] [SUCCESS] bvid=BV16fDvB4EGq 已成功抓取全部所需数据。
[2026-04-11 16:04:01] [SUCCESS] bvid=BV16hDnBJEsc 已成功抓取全部所需数据。
[2026-04-11 16:04:05] [SUCCESS] bvid=BV16kD4BKEYd 已成功抓取全部所需数据。
[2026-04-11 16:04:08] [SUCCESS] bvid=BV16kDLBqE8U 已成功抓取全部所需数据。
[2026-04-11 16:14:12] [SUCCESS] bvid=BV16kDLBqEMt 已成功抓取全部所需数据。
[2026-04-11 16:14:16] [SUCCESS] bvid=BV16nDjB6Eew 已成功抓取全部所需数据。
[2026-04-11 16:14:19] [SUCCESS] bvid=BV16nDxBaEFU 已成功抓取全部所需数据。
[2026-04-11 16:16:25] [SUCCESS] bvid=BV16pDjBuEqz 已成功抓取全部所需数据。
[2026-04-11 16:16:29] [SUCCESS] bvid=BV16pDjBuEw9 已成功抓取全部所需数据。
[2026-04-11 16:16:33] [SUCCESS] bvid=BV16qDfBfEEq 已成功抓取全部所需数据。
[2026-04-11 16:16:36] [SUCCESS] bvid=BV16sQwBvEKM 已成功抓取全部所需数据。
[2026-04-11 16:16:40] [SUCCESS] bvid=BV16sQwBvEQU 已成功抓取全部所需数据。
[2026-04-11 16:16:48] [SUCCESS] bvid=BV16vDsBAEsb 已成功抓取全部所需数据。
[2026-04-11 16:16:53] [SUCCESS] bvid=BV16xSdB2Eax 已成功抓取全部所需数据。
[2026-04-11 16:16:56] [SUCCESS] bvid=BV16yD6BGE29 已成功抓取全部所需数据。
[2026-04-11 16:17:00] [SUCCESS] bvid=BV16ySRByEk9 已成功抓取全部所需数据。
[2026-04-11 16:17:03] [SUCCESS] bvid=BV16zDfBtEMY 已成功抓取全部所需数据。
[2026-04-11 16:17:07] [SUCCESS] bvid=BV16zDfBtEfH 已成功抓取全部所需数据。
[2026-04-11 16:17:10] [SUCCESS] bvid=BV16zDsB8E8i 已成功抓取全部所需数据。
[2026-04-11 16:17:14] [SUCCESS] bvid=BV16zDsB8EFi 已成功抓取全部所需数据。
[2026-04-11 16:17:17] [SUCCESS] bvid=BV16zSXBgE5q 已成功抓取全部所需数据。
[2026-04-11 16:17:21] [SUCCESS] bvid=BV172DfB9EbL 已成功抓取全部所需数据。
[2026-04-11 16:17:21] [ERROR] bvid=BV172XjB6Eu1 抓取失败：meta: 接口返回错误代码：62002，信息：稿件不可见。
{'code': 62002, 'message': '稿件不可见', 'ttl': 1}
[2026-04-11 16:17:24] [SUCCESS] bvid=BV173DkBCEej 已成功抓取全部所需数据。
[2026-04-11 16:17:28] [SUCCESS] bvid=BV174QFBxECY 已成功抓取全部所需数据。
[2026-04-11 16:17:31] [SUCCESS] bvid=BV174QFBxEX5 已成功抓取全部所需数据。
[2026-04-11 16:17:35] [SUCCESS] bvid=BV174QwBPEUS 已成功抓取全部所需数据。
[2026-04-11 16:17:38] [SUCCESS] bvid=BV175DYBSEXm 已成功抓取全部所需数据。
[2026-04-11 16:17:42] [SUCCESS] bvid=BV176DeBDEBc 已成功抓取全部所需数据。
[2026-04-11 16:17:45] [SUCCESS] bvid=BV179D6BKEAL 已成功抓取全部所需数据。
[2026-04-11 16:17:48] [SUCCESS] bvid=BV179DhBLEdH 已成功抓取全部所需数据。
[2026-04-11 16:17:52] [SUCCESS] bvid=BV17CDiBtEpM 已成功抓取全部所需数据。
[2026-04-11 16:17:55] [SUCCESS] bvid=BV17CDsBZEyp 已成功抓取全部所需数据。
[2026-04-11 16:17:59] [SUCCESS] bvid=BV17DQcBfEnL 已成功抓取全部所需数据。
[2026-04-11 16:18:02] [SUCCESS] bvid=BV17EDvBREjk 已成功抓取全部所需数据。
[2026-04-11 16:18:06] [SUCCESS] bvid=BV17EDvBREkd 已成功抓取全部所需数据。
[2026-04-11 16:18:09] [SUCCESS] bvid=BV17HDvBXEH4 已成功抓取全部所需数据。
[2026-04-11 16:18:09] [ERROR] bvid=BV17HXPBuEPd 抓取失败：meta: 接口返回错误代码：62002，信息：稿件不可见。
{'code': 62002, 'message': '稿件不可见', 'ttl': 1}
[2026-04-11 16:18:13] [SUCCESS] bvid=BV17JDWBsE6T 已成功抓取全部所需数据。
[2026-04-11 16:18:16] [SUCCESS] bvid=BV17MD7BBEbr 已成功抓取全部所需数据。
[2026-04-11 16:18:19] [SUCCESS] bvid=BV17MD7BBEtL 已成功抓取全部所需数据。
[2026-04-11 16:18:23] [SUCCESS] bvid=BV17NDfBQEPS 已成功抓取全部所需数据。
[2026-04-11 16:18:26] [SUCCESS] bvid=BV17QD6BqEDe 已成功抓取全部所需数据。
[2026-04-11 16:18:29] [SUCCESS] bvid=BV17QD6BqEQm 已成功抓取全部所需数据。
[2026-04-11 16:18:33] [SUCCESS] bvid=BV17QD6BqEUa 已成功抓取全部所需数据。
[2026-04-11 16:18:36] [SUCCESS] bvid=BV17QD6BqEku 已成功抓取全部所需数据。
[2026-04-11 16:18:39] [SUCCESS] bvid=BV17QD7BuEBj 已成功抓取全部所需数据。
[2026-04-11 16:18:42] [SUCCESS] bvid=BV17QD7BuEPG 已成功抓取全部所需数据。
[2026-04-11 16:18:45] [SUCCESS] bvid=BV17QD7BuEzj 已成功抓取全部所需数据。
[2026-04-11 16:18:49] [SUCCESS] bvid=BV17UD7B3EVt 已成功抓取全部所需数据。
[2026-04-11 16:18:52] [SUCCESS] bvid=BV17YDTBrEAz 已成功抓取全部所需数据。
[2026-04-11 16:18:55] [SUCCESS] bvid=BV17YQwBcEv1 已成功抓取全部所需数据。
[2026-04-11 16:18:59] [SUCCESS] bvid=BV17YSZBSEBB 已成功抓取全部所需数据。
[2026-04-11 16:19:02] [SUCCESS] bvid=BV17Z9KBjEgD 已成功抓取全部所需数据。
[2026-04-11 16:19:05] [SUCCESS] bvid=BV17aSZBnEDj 已成功抓取全部所需数据。
[2026-04-11 16:19:08] [SUCCESS] bvid=BV17cDsB4Evc 已成功抓取全部所需数据。
[2026-04-11 16:19:12] [SUCCESS] bvid=BV17gD7BTEhA 已成功抓取全部所需数据。
[2026-04-11 16:19:15] [SUCCESS] bvid=BV17hQwBhEeE 已成功抓取全部所需数据。
[2026-04-11 16:19:18] [SUCCESS] bvid=BV17iDuB7Erm 已成功抓取全部所需数据。
[2026-04-11 16:19:21] [SUCCESS] bvid=BV17iSZBmEwm 已成功抓取全部所需数据。
[2026-04-11 16:19:25] [SUCCESS] bvid=BV17mDLBPEP3 已成功抓取全部所需数据。
[2026-04-11 16:19:25] [WARN] 当前子任务已结束，但仍有未成功抓取的视频，已导出 remaining CSV 供继续执行。
[2026-04-11 16:19:25] [INFO] 已导出剔除成功条目后的剩余 CSV：outputs\video_data\manual_crawls\manual_crawl_meta_mode_A_20260411_153234\remaining_bvids_part_4.csv
[2026-04-11 16:19:25] 子任务结束时间：2026-04-11T16:19:25.392284
[TIMESTAMP][END] 2026-04-11T16:19:25
