[TIMESTAMP][BEGIN] 2026-04-11T18:39:30
[2026-04-11 18:39:33] 开始执行 CSV 批量抓取子任务 part_29。
[2026-04-11 18:39:33] 子任务开始时间：2026-04-11T18:39:30.995401
[2026-04-11 18:39:33] 输入文件：batch_input_29.csv
[2026-04-11 18:39:33] 输入唯一 bvid 数量：100
[2026-04-11 18:39:36] [SUCCESS] bvid=BV1oeDuBmEBo 已成功抓取全部所需数据。
[2026-04-11 18:39:40] [SUCCESS] bvid=BV1oeXYBXEtz 已成功抓取全部所需数据。
[2026-04-11 18:39:43] [SUCCESS] bvid=BV1ofDYBUEN5 已成功抓取全部所需数据。
[2026-04-11 18:39:46] [SUCCESS] bvid=BV1ofDcBbE1A 已成功抓取全部所需数据。
[2026-04-11 18:39:50] [SUCCESS] bvid=BV1ohDzBwEQo 已成功抓取全部所需数据。
[2026-04-11 18:39:54] [SUCCESS] bvid=BV1ojDYB7EQ8 已成功抓取全部所需数据。
[2026-04-11 18:39:58] [SUCCESS] bvid=BV1ojSfBJEhT 已成功抓取全部所需数据。
[2026-04-11 18:40:01] [SUCCESS] bvid=BV1omDLBAENW 已成功抓取全部所需数据。
[2026-04-11 18:40:01] [ERROR] bvid=BV1opXLBTEHD 抓取失败：meta: 接口返回错误代码：62002，信息：稿件不可见。
{'code': 62002, 'message': '稿件不可见', 'ttl': 1}
[2026-04-11 18:40:05] [SUCCESS] bvid=BV1ovDrBTEC4 已成功抓取全部所需数据。
[2026-04-11 18:40:08] [SUCCESS] bvid=BV1ovDrBTEiG 已成功抓取全部所需数据。
[2026-04-11 18:40:11] [SUCCESS] bvid=BV1ow9uBnE3i 已成功抓取全部所需数据。
[2026-04-11 18:40:15] [SUCCESS] bvid=BV1oxDZBEEix 已成功抓取全部所需数据。
[2026-04-11 18:40:18] [SUCCESS] bvid=BV1p1DHBfEUN 已成功抓取全部所需数据。
[2026-04-11 18:40:21] [SUCCESS] bvid=BV1p3DZBZEja 已成功抓取全部所需数据。
[2026-04-11 18:40:25] [SUCCESS] bvid=BV1p5DxBiExp 已成功抓取全部所需数据。
[2026-04-11 18:40:28] [SUCCESS] bvid=BV1p5QFBeEPm 已成功抓取全部所需数据。
[2026-04-11 18:40:31] [SUCCESS] bvid=BV1p6DMBREZa 已成功抓取全部所需数据。
[2026-04-11 18:40:34] [SUCCESS] bvid=BV1p7QwBgEa2 已成功抓取全部所需数据。
[2026-04-11 18:40:37] [SUCCESS] bvid=BV1p7QwBgEfD 已成功抓取全部所需数据。
[2026-04-11 18:40:40] [SUCCESS] bvid=BV1p8DeBtEBx 已成功抓取全部所需数据。
[2026-04-11 18:40:44] [SUCCESS] bvid=BV1p9DWBwEa3 已成功抓取全部所需数据。
[2026-04-11 18:40:47] [SUCCESS] bvid=BV1pBDKBEEqd 已成功抓取全部所需数据。
[2026-04-11 18:40:50] [SUCCESS] bvid=BV1pBDLBgEbE 已成功抓取全部所需数据。
[2026-04-11 18:40:53] [SUCCESS] bvid=BV1pBDLBgEbr 已成功抓取全部所需数据。
[2026-04-11 18:40:56] [SUCCESS] bvid=BV1pBDLBgEg9 已成功抓取全部所需数据。
[2026-04-11 18:41:00] [SUCCESS] bvid=BV1pDDWBPEUi 已成功抓取全部所需数据。
[2026-04-11 18:41:03] [SUCCESS] bvid=BV1pEQwBzEkm 已成功抓取全部所需数据。
[2026-04-11 18:41:07] [SUCCESS] bvid=BV1pFDbBCEJc 已成功抓取全部所需数据。
[2026-04-11 18:41:10] [SUCCESS] bvid=BV1pJDjBGExQ 已成功抓取全部所需数据。
[2026-04-11 18:41:14] [SUCCESS] bvid=BV1pK9MBfEbG 已成功抓取全部所需数据。
[2026-04-11 18:41:17] [SUCCESS] bvid=BV1pKDHBxE2k 已成功抓取全部所需数据。
[2026-04-11 18:41:17] [ERROR] bvid=BV1pKXVB3E3N 抓取失败：meta: 接口返回错误代码：-404，信息：啥都木有。
{'code': -404, 'message': '啥都木有', 'ttl': 1}
[2026-04-11 18:41:21] [SUCCESS] bvid=BV1pLDqBvE2W 已成功抓取全部所需数据。
[2026-04-11 18:41:24] [SUCCESS] bvid=BV1pLDqBvEdK 已成功抓取全部所需数据。
[2026-04-11 18:41:27] [SUCCESS] bvid=BV1pM9MBtEhd 已成功抓取全部所需数据。
[2026-04-11 18:41:31] [SUCCESS] bvid=BV1pMDgBxE35 已成功抓取全部所需数据。
[2026-04-11 18:41:34] [SUCCESS] bvid=BV1pNSfBZEZn 已成功抓取全部所需数据。
[2026-04-11 18:41:37] [SUCCESS] bvid=BV1pPDkBjEMu 已成功抓取全部所需数据。
[2026-04-11 18:41:41] [SUCCESS] bvid=BV1pQDZBhE18 已成功抓取全部所需数据。
[2026-04-11 18:41:44] [SUCCESS] bvid=BV1pRDxBuE7F 已成功抓取全部所需数据。
[2026-04-11 18:41:48] [SUCCESS] bvid=BV1pRDxBuES3 已成功抓取全部所需数据。
[2026-04-11 18:41:51] [SUCCESS] bvid=BV1pVDZB4EMv 已成功抓取全部所需数据。
[2026-04-11 18:41:54] [SUCCESS] bvid=BV1pVQFBNERL 已成功抓取全部所需数据。
[2026-04-11 18:41:55] [ERROR] bvid=BV1pVXLB5E2H 抓取失败：meta: 接口返回错误代码：62002，信息：稿件不可见。
{'code': 62002, 'message': '稿件不可见', 'ttl': 1}
[2026-04-11 18:41:55] [ERROR] bvid=BV1pVXLB5Euw 抓取失败：meta: 接口返回错误代码：62002，信息：稿件不可见。
{'code': 62002, 'message': '稿件不可见', 'ttl': 1}
[2026-04-11 18:41:58] [SUCCESS] bvid=BV1pYDiBPE57 已成功抓取全部所需数据。
[2026-04-11 18:41:58] [ERROR] bvid=BV1pYXUBzEPv 抓取失败：meta: 接口返回错误代码：62002，信息：稿件不可见。
{'code': 62002, 'message': '稿件不可见', 'ttl': 1}
[2026-04-11 18:41:58] [ERROR] bvid=BV1pcDhBDExk 抓取失败：meta: 接口返回错误代码：62002，信息：稿件不可见。
{'code': 62002, 'message': '稿件不可见', 'ttl': 1}
[2026-04-11 18:42:02] [SUCCESS] bvid=BV1peD4BkESK 已成功抓取全部所需数据。
[2026-04-11 18:42:05] [SUCCESS] bvid=BV1piDLBrEaN 已成功抓取全部所需数据。
[2026-04-11 18:42:05] [ERROR] bvid=BV1piXDBLEkm 抓取失败：meta: 接口返回错误代码：-404，信息：啥都木有。
{'code': -404, 'message': '啥都木有', 'ttl': 1}
[2026-04-11 18:42:08] [SUCCESS] bvid=BV1pmDHBtEKr 已成功抓取全部所需数据。
[2026-04-11 18:42:12] [SUCCESS] bvid=BV1pmDgBZEsZ 已成功抓取全部所需数据。
[2026-04-11 18:42:15] [SUCCESS] bvid=BV1pn9NBXESE 已成功抓取全部所需数据。
[2026-04-11 18:42:19] [SUCCESS] bvid=BV1pnQwBMEQR 已成功抓取全部所需数据。
[2026-04-11 18:42:22] [SUCCESS] bvid=BV1pqDBBuEU9 已成功抓取全部所需数据。
[2026-04-11 18:42:22] [ERROR] bvid=BV1pqXDByEjn 抓取失败：meta: 接口返回错误代码：-404，信息：啥都木有。
{'code': -404, 'message': '啥都木有', 'ttl': 1}
[2026-04-11 18:42:23] [ERROR] bvid=BV1pqXDByEsP 抓取失败：meta: 接口返回错误代码：-404，信息：啥都木有。
{'code': -404, 'message': '啥都木有', 'ttl': 1}
[2026-04-11 18:42:26] [SUCCESS] bvid=BV1ptDeBfEYU 已成功抓取全部所需数据。
[2026-04-11 18:42:29] [SUCCESS] bvid=BV1puDWBwEgV 已成功抓取全部所需数据。
[2026-04-11 18:42:32] [SUCCESS] bvid=BV1puDZBFEd9 已成功抓取全部所需数据。
[2026-04-11 18:42:36] [SUCCESS] bvid=BV1pvDLBGEu5 已成功抓取全部所需数据。
[2026-04-11 18:42:36] [ERROR] bvid=BV1pzDKBmEaq 抓取失败：meta: 接口返回错误代码：62002，信息：稿件不可见。
{'code': 62002, 'message': '稿件不可见', 'ttl': 1}
[2026-04-11 18:42:39] [SUCCESS] bvid=BV1q2DiBsEg4 已成功抓取全部所需数据。
[2026-04-11 18:42:43] [SUCCESS] bvid=BV1q8DjBeETM 已成功抓取全部所需数据。
[2026-04-11 18:42:46] [SUCCESS] bvid=BV1q8DjBeEgB 已成功抓取全部所需数据。
[2026-04-11 18:42:50] [SUCCESS] bvid=BV1q9D6BKEWq 已成功抓取全部所需数据。
[2026-04-11 18:42:53] [SUCCESS] bvid=BV1q9D6BKEpb 已成功抓取全部所需数据。
[2026-04-11 18:42:57] [SUCCESS] bvid=BV1qADiB9EA9 已成功抓取全部所需数据。
[2026-04-11 18:43:01] [SUCCESS] bvid=BV1qADiBXEeV 已成功抓取全部所需数据。
[2026-04-11 18:43:04] [SUCCESS] bvid=BV1qBDaB5EnP 已成功抓取全部所需数据。
[2026-04-11 18:43:08] [SUCCESS] bvid=BV1qBDpBpE4g 已成功抓取全部所需数据。
[2026-04-11 18:43:11] [SUCCESS] bvid=BV1qBDpBpEQr 已成功抓取全部所需数据。
[2026-04-11 18:43:15] [SUCCESS] bvid=BV1qBDpBpEd6 已成功抓取全部所需数据。
[2026-04-11 18:43:18] [SUCCESS] bvid=BV1qBDpBpEeE 已成功抓取全部所需数据。
[2026-04-11 18:43:22] [SUCCESS] bvid=BV1qDQcBZEFJ 已成功抓取全部所需数据。
[2026-04-11 18:43:25] [SUCCESS] bvid=BV1qEDGBxEM9 已成功抓取全部所需数据。
[2026-04-11 18:43:26] [ERROR] bvid=BV1qFXUBwEvF 抓取失败：meta: 接口返回错误代码：62012，信息：62012。
{'code': 62012, 'message': '62012', 'ttl': 1}
[2026-04-11 18:43:26] [ERROR] bvid=BV1qFXUBwEvX 抓取失败：meta: 接口返回错误代码：62002，信息：稿件不可见。
{'code': 62002, 'message': '稿件不可见', 'ttl': 1}
[2026-04-11 18:43:29] [SUCCESS] bvid=BV1qJDWBsEC1 已成功抓取全部所需数据。
[2026-04-11 18:43:33] [SUCCESS] bvid=BV1qJSSB4E1f 已成功抓取全部所需数据。
[2026-04-11 18:43:36] [SUCCESS] bvid=BV1qMD4B8E7J 已成功抓取全部所需数据。
[2026-04-11 18:43:36] [ERROR] bvid=BV1qPXjBuE32 抓取失败：meta: 接口返回错误代码：62002，信息：稿件不可见。
{'code': 62002, 'message': '稿件不可见', 'ttl': 1}
[2026-04-11 18:43:36] [ERROR] bvid=BV1qPXjBuE3N 抓取失败：meta: 接口返回错误代码：62002，信息：稿件不可见。
{'code': 62002, 'message': '稿件不可见', 'ttl': 1}
[2026-04-11 18:43:36] [ERROR] bvid=BV1qPXjBuEGF 抓取失败：meta: 接口返回错误代码：62002，信息：稿件不可见。
{'code': 62002, 'message': '稿件不可见', 'ttl': 1}
[2026-04-11 18:43:40] [SUCCESS] bvid=BV1qSD7B6EsC 已成功抓取全部所需数据。
[2026-04-11 18:43:43] [SUCCESS] bvid=BV1qUD4BwEGB 已成功抓取全部所需数据。
[2026-04-11 18:43:46] [SUCCESS] bvid=BV1qVDkB3E6S 已成功抓取全部所需数据。
[2026-04-11 18:43:49] [SUCCESS] bvid=BV1qVSfBpESR 已成功抓取全部所需数据。
[2026-04-11 18:43:53] [SUCCESS] bvid=BV1qWDWBQEFp 已成功抓取全部所需数据。
[2026-04-11 18:43:56] [SUCCESS] bvid=BV1qWDZBSEDG 已成功抓取全部所需数据。
[2026-04-11 18:43:59] [SUCCESS] bvid=BV1qYQwBFENH 已成功抓取全部所需数据。
[2026-04-11 18:44:02] [SUCCESS] bvid=BV1qYQwBFEu9 已成功抓取全部所需数据。
[2026-04-11 18:44:06] [SUCCESS] bvid=BV1qZDWB4EkE 已成功抓取全部所需数据。
[2026-04-11 18:44:06] [ERROR] bvid=BV1qZX1BRES4 抓取失败：meta: 接口返回错误代码：62012，信息：62012。
{'code': 62012, 'message': '62012', 'ttl': 1}
[2026-04-11 18:44:06] [ERROR] bvid=BV1qZX1BdEK4 抓取失败：meta: 接口返回错误代码：62002，信息：稿件不可见。
{'code': 62002, 'message': '稿件不可见', 'ttl': 1}
[2026-04-11 18:44:06] [ERROR] bvid=BV1qZX3BoEnM 抓取失败：meta: 接口返回错误代码：62002，信息：稿件不可见。
{'code': 62002, 'message': '稿件不可见', 'ttl': 1}
[2026-04-11 18:44:09] [SUCCESS] bvid=BV1qaDnBUEXk 已成功抓取全部所需数据。
[2026-04-11 18:44:12] [SUCCESS] bvid=BV1qdSfBXE3S 已成功抓取全部所需数据。
[2026-04-11 18:44:12] [WARN] 当前子任务已结束，但仍有未成功抓取的视频，已导出 remaining CSV 供继续执行。
[2026-04-11 18:44:12] [INFO] 已导出剔除成功条目后的剩余 CSV：outputs\video_data\manual_crawls\manual_crawl_meta_mode_A_20260411_153234\remaining_bvids_part_29.csv
[2026-04-11 18:44:12] 子任务结束时间：2026-04-11T18:44:12.810922
[TIMESTAMP][END] 2026-04-11T18:44:12
