[TIMESTAMP][BEGIN] 2026-04-11T18:09:53
[2026-04-11 18:09:55] 开始执行 CSV 批量抓取子任务 part_23。
[2026-04-11 18:09:55] 子任务开始时间：2026-04-11T18:09:53.497855
[2026-04-11 18:09:55] 输入文件：batch_input_23.csv
[2026-04-11 18:09:55] 输入唯一 bvid 数量：100
[2026-04-11 18:09:58] [SUCCESS] bvid=BV1dNDfBDEd1 已成功抓取全部所需数据。
[2026-04-11 18:10:02] [SUCCESS] bvid=BV1dNDfBDEnC 已成功抓取全部所需数据。
[2026-04-11 18:10:05] [SUCCESS] bvid=BV1dNDsBXECr 已成功抓取全部所需数据。
[2026-04-11 18:10:09] [SUCCESS] bvid=BV1dPDoBCE6E 已成功抓取全部所需数据。
[2026-04-11 18:10:13] [SUCCESS] bvid=BV1dQDLB8ET4 已成功抓取全部所需数据。
[2026-04-11 18:10:16] [SUCCESS] bvid=BV1dQDLB8Est 已成功抓取全部所需数据。
[2026-04-11 18:10:20] [SUCCESS] bvid=BV1dQDLBhEDd 已成功抓取全部所需数据。
[2026-04-11 18:10:24] [SUCCESS] bvid=BV1dRD6BvEfE 已成功抓取全部所需数据。
[2026-04-11 18:10:27] [SUCCESS] bvid=BV1dRD7BKEH6 已成功抓取全部所需数据。
[2026-04-11 18:10:30] [SUCCESS] bvid=BV1dRD7BKETX 已成功抓取全部所需数据。
[2026-04-11 18:10:33] [SUCCESS] bvid=BV1dTDfBJEZs 已成功抓取全部所需数据。
[2026-04-11 18:10:37] [SUCCESS] bvid=BV1dTDsBHENT 已成功抓取全部所需数据。
[2026-04-11 18:10:37] [ERROR] bvid=BV1dTXTBLE1e 抓取失败：meta: 接口返回错误代码：62002，信息：稿件不可见。
{'code': 62002, 'message': '稿件不可见', 'ttl': 1}
[2026-04-11 18:10:40] [SUCCESS] bvid=BV1dUDLBaE35 已成功抓取全部所需数据。
[2026-04-11 18:10:44] [SUCCESS] bvid=BV1dUDfBHEgM 已成功抓取全部所需数据。
[2026-04-11 18:10:48] [SUCCESS] bvid=BV1dUDfBHEu4 已成功抓取全部所需数据。
[2026-04-11 18:10:51] [SUCCESS] bvid=BV1dVSoBCEqn 已成功抓取全部所需数据。
[2026-04-11 18:10:55] [SUCCESS] bvid=BV1dWDvBnEP1 已成功抓取全部所需数据。
[2026-04-11 18:10:58] [SUCCESS] bvid=BV1dWDvBnEh5 已成功抓取全部所需数据。
[2026-04-11 18:11:01] [SUCCESS] bvid=BV1dZD6BYE5w 已成功抓取全部所需数据。
[2026-04-11 18:11:05] [SUCCESS] bvid=BV1daDjBAEt7 已成功抓取全部所需数据。
[2026-04-11 18:11:08] [SUCCESS] bvid=BV1dbDqBREbU 已成功抓取全部所需数据。
[2026-04-11 18:11:12] [SUCCESS] bvid=BV1dcDeB7EoM 已成功抓取全部所需数据。
[2026-04-11 18:11:15] [SUCCESS] bvid=BV1dcDpBmEE4 已成功抓取全部所需数据。
[2026-04-11 18:11:15] [ERROR] bvid=BV1deDzBFEJW 抓取失败：meta: 接口返回错误代码：62002，信息：稿件不可见。
{'code': 62002, 'message': '稿件不可见', 'ttl': 1}
[2026-04-11 18:11:18] [SUCCESS] bvid=BV1deQwB4E7R 已成功抓取全部所需数据。
[2026-04-11 18:11:18] [ERROR] bvid=BV1df9KByEtn 抓取失败：meta: 接口返回错误代码：-404，信息：啥都木有。
{'code': -404, 'message': '啥都木有', 'ttl': 1}
[2026-04-11 18:11:21] [SUCCESS] bvid=BV1djDhBzEf2 已成功抓取全部所需数据。
[2026-04-11 18:11:24] [SUCCESS] bvid=BV1djSoBrE7u 已成功抓取全部所需数据。
[2026-04-11 18:11:25] [ERROR] bvid=BV1djX3BRE5d 抓取失败：meta: 接口返回错误代码：62002，信息：稿件不可见。
{'code': 62002, 'message': '稿件不可见', 'ttl': 1}
[2026-04-11 18:11:28] [SUCCESS] bvid=BV1dmDLBAERa 已成功抓取全部所需数据。
[2026-04-11 18:11:31] [SUCCESS] bvid=BV1dmDLBAEd5 已成功抓取全部所需数据。
[2026-04-11 18:11:35] [SUCCESS] bvid=BV1dmDLBwEYk 已成功抓取全部所需数据。
[2026-04-11 18:11:38] [SUCCESS] bvid=BV1doDJBkErK 已成功抓取全部所需数据。
[2026-04-11 18:11:38] [ERROR] bvid=BV1dpXLBTED8 抓取失败：meta: 接口返回错误代码：62002，信息：稿件不可见。
{'code': 62002, 'message': '稿件不可见', 'ttl': 1}
[2026-04-11 18:11:41] [SUCCESS] bvid=BV1drDpBnEz6 已成功抓取全部所需数据。
[2026-04-11 18:11:45] [SUCCESS] bvid=BV1dsDvBSEoL 已成功抓取全部所需数据。
[2026-04-11 18:11:48] [SUCCESS] bvid=BV1dsDvBSEzs 已成功抓取全部所需数据。
[2026-04-11 18:11:51] [SUCCESS] bvid=BV1duD4BZExU 已成功抓取全部所需数据。
[2026-04-11 18:11:54] [SUCCESS] bvid=BV1dvDrBTEnt 已成功抓取全部所需数据。
[2026-04-11 18:11:57] [SUCCESS] bvid=BV1dwDeB2EVd 已成功抓取全部所需数据。
[2026-04-11 18:12:00] [SUCCESS] bvid=BV1dwDsBREfA 已成功抓取全部所需数据。
[2026-04-11 18:12:03] [SUCCESS] bvid=BV1dyDpBEE8S 已成功抓取全部所需数据。
[2026-04-11 18:12:06] [SUCCESS] bvid=BV1e1DaBzEFB 已成功抓取全部所需数据。
[2026-04-11 18:12:10] [SUCCESS] bvid=BV1e1DeB7EoT 已成功抓取全部所需数据。
[2026-04-11 18:12:13] [SUCCESS] bvid=BV1e3DLBZEL9 已成功抓取全部所需数据。
[2026-04-11 18:12:16] [SUCCESS] bvid=BV1e3DiBEETK 已成功抓取全部所需数据。
[2026-04-11 18:12:19] [SUCCESS] bvid=BV1e4DWBSEFx 已成功抓取全部所需数据。
[2026-04-11 18:12:23] [SUCCESS] bvid=BV1e4DWBSEL7 已成功抓取全部所需数据。
[2026-04-11 18:12:26] [SUCCESS] bvid=BV1e4DWBSENx 已成功抓取全部所需数据。
[2026-04-11 18:12:29] [SUCCESS] bvid=BV1e4DWBSExY 已成功抓取全部所需数据。
[2026-04-11 18:12:32] [SUCCESS] bvid=BV1e6DnBVEXR 已成功抓取全部所需数据。
[2026-04-11 18:12:35] [SUCCESS] bvid=BV1e9DLBFEFk 已成功抓取全部所需数据。
[2026-04-11 18:12:39] [SUCCESS] bvid=BV1e9QcBdE22 已成功抓取全部所需数据。
[2026-04-11 18:12:42] [SUCCESS] bvid=BV1e9QcBdEia 已成功抓取全部所需数据。
[2026-04-11 18:12:45] [SUCCESS] bvid=BV1e9QcBdEmF 已成功抓取全部所需数据。
[2026-04-11 18:12:48] [SUCCESS] bvid=BV1e9QcBdEr8 已成功抓取全部所需数据。
[2026-04-11 18:12:52] [SUCCESS] bvid=BV1eBQwBdE7J 已成功抓取全部所需数据。
[2026-04-11 18:12:55] [SUCCESS] bvid=BV1eCDnB3Egn 已成功抓取全部所需数据。
[2026-04-11 18:12:55] [ERROR] bvid=BV1eGD4BoELM 抓取失败：meta: 接口返回错误代码：62002，信息：稿件不可见。
{'code': 62002, 'message': '稿件不可见', 'ttl': 1}
[2026-04-11 18:12:58] [SUCCESS] bvid=BV1eKAWz7EtE 已成功抓取全部所需数据。
[2026-04-11 18:13:01] [SUCCESS] bvid=BV1eKDiBQEYu 已成功抓取全部所需数据。
[2026-04-11 18:13:05] [SUCCESS] bvid=BV1eKDiBQEhG 已成功抓取全部所需数据。
[2026-04-11 18:13:05] [ERROR] bvid=BV1eKX2BJETP 抓取失败：meta: 接口返回错误代码：62002，信息：稿件不可见。
{'code': 62002, 'message': '稿件不可见', 'ttl': 1}
[2026-04-11 18:13:08] [SUCCESS] bvid=BV1eLDBBWEWv 已成功抓取全部所需数据。
[2026-04-11 18:13:12] [SUCCESS] bvid=BV1eLDBBWEsv 已成功抓取全部所需数据。
[2026-04-11 18:13:12] [ERROR] bvid=BV1eMXjBiEfX 抓取失败：meta: 接口返回错误代码：62002，信息：稿件不可见。
{'code': 62002, 'message': '稿件不可见', 'ttl': 1}
[2026-04-11 18:13:15] [SUCCESS] bvid=BV1eNDFB2Epz 已成功抓取全部所需数据。
[2026-04-11 18:13:18] [SUCCESS] bvid=BV1eQDfBJEpK 已成功抓取全部所需数据。
[2026-04-11 18:13:21] [SUCCESS] bvid=BV1eQDfBJEuM 已成功抓取全部所需数据。
[2026-04-11 18:13:24] [SUCCESS] bvid=BV1eQDsBHEng 已成功抓取全部所需数据。
[2026-04-11 18:13:27] [SUCCESS] bvid=BV1eQDsBHEvH 已成功抓取全部所需数据。
[2026-04-11 18:13:30] [SUCCESS] bvid=BV1eRDLBbEie 已成功抓取全部所需数据。
[2026-04-11 18:13:31] [ERROR] bvid=BV1eSXjBBE8U 抓取失败：meta: 接口返回错误代码：62002，信息：稿件不可见。
{'code': 62002, 'message': '稿件不可见', 'ttl': 1}
[2026-04-11 18:13:34] [SUCCESS] bvid=BV1eUDeBLE6X 已成功抓取全部所需数据。
[2026-04-11 18:13:37] [SUCCESS] bvid=BV1eUDsBWE2k 已成功抓取全部所需数据。
[2026-04-11 18:13:40] [SUCCESS] bvid=BV1eUDsBWEbv 已成功抓取全部所需数据。
[2026-04-11 18:13:43] [SUCCESS] bvid=BV1eVDKBvEhs 已成功抓取全部所需数据。
[2026-04-11 18:13:46] [SUCCESS] bvid=BV1eXDfBUE6Q 已成功抓取全部所需数据。
[2026-04-11 18:13:50] [SUCCESS] bvid=BV1eXDiBnE5N 已成功抓取全部所需数据。
[2026-04-11 18:13:53] [SUCCESS] bvid=BV1eYDjBaE64 已成功抓取全部所需数据。
[2026-04-11 18:13:56] [SUCCESS] bvid=BV1eYDjBaEZm 已成功抓取全部所需数据。
[2026-04-11 18:13:59] [SUCCESS] bvid=BV1eYDjBaEmg 已成功抓取全部所需数据。
[2026-04-11 18:14:03] [SUCCESS] bvid=BV1eYDjBaEpx 已成功抓取全部所需数据。
[2026-04-11 18:14:07] [SUCCESS] bvid=BV1eYDxBWEYE 已成功抓取全部所需数据。
[2026-04-11 18:14:10] [SUCCESS] bvid=BV1eYQFBHEde 已成功抓取全部所需数据。
[2026-04-11 18:14:13] [SUCCESS] bvid=BV1eZD6BYEQF 已成功抓取全部所需数据。
[2026-04-11 18:14:17] [SUCCESS] bvid=BV1ecDrBhEAu 已成功抓取全部所需数据。
[2026-04-11 18:14:20] [SUCCESS] bvid=BV1edDLBZEAg 已成功抓取全部所需数据。
[2026-04-11 18:14:23] [SUCCESS] bvid=BV1eiDjB8EAg 已成功抓取全部所需数据。
[2026-04-11 18:14:27] [SUCCESS] bvid=BV1eiDjBhE12 已成功抓取全部所需数据。
[2026-04-11 18:14:30] [SUCCESS] bvid=BV1eiQFBJEgq 已成功抓取全部所需数据。
[2026-04-11 18:14:33] [SUCCESS] bvid=BV1emDoB5EvD 已成功抓取全部所需数据。
[2026-04-11 18:14:36] [SUCCESS] bvid=BV1emDpBjE4o 已成功抓取全部所需数据。
[2026-04-11 18:14:39] [SUCCESS] bvid=BV1emDpBjEnV 已成功抓取全部所需数据。
[2026-04-11 18:14:42] [SUCCESS] bvid=BV1emDpBjEsx 已成功抓取全部所需数据。
[2026-04-11 18:14:46] [SUCCESS] bvid=BV1eoD6BPELV 已成功抓取全部所需数据。
[2026-04-11 18:14:49] [SUCCESS] bvid=BV1eqDjBfEFn 已成功抓取全部所需数据。
[2026-04-11 18:14:52] [SUCCESS] bvid=BV1euDiBSE9V 已成功抓取全部所需数据。
[2026-04-11 18:14:56] [SUCCESS] bvid=BV1euDiBSEqZ 已成功抓取全部所需数据。
[2026-04-11 18:14:56] [WARN] 当前子任务已结束，但仍有未成功抓取的视频，已导出 remaining CSV 供继续执行。
[2026-04-11 18:14:56] [INFO] 已导出剔除成功条目后的剩余 CSV：outputs\video_data\manual_crawls\manual_crawl_meta_mode_A_20260411_153234\remaining_bvids_part_23.csv
[2026-04-11 18:14:56] 子任务结束时间：2026-04-11T18:14:56.056552
[TIMESTAMP][END] 2026-04-11T18:14:56
