[TIMESTAMP][BEGIN] 2026-04-11T17:59:32
[2026-04-11 17:59:35] 开始执行 CSV 批量抓取子任务 part_21。
[2026-04-11 17:59:35] 子任务开始时间：2026-04-11T17:59:32.974136
[2026-04-11 17:59:35] 输入文件：batch_input_21.csv
[2026-04-11 17:59:35] 输入唯一 bvid 数量：100
[2026-04-11 17:59:39] [SUCCESS] bvid=BV1a3DiBEEfN 已成功抓取全部所需数据。
[2026-04-11 17:59:42] [SUCCESS] bvid=BV1a3DsBSE12 已成功抓取全部所需数据。
[2026-04-11 17:59:42] [ERROR] bvid=BV1a3XUB9EHh 抓取失败：meta: 接口返回错误代码：62002，信息：稿件不可见。
{'code': 62002, 'message': '稿件不可见', 'ttl': 1}
[2026-04-11 17:59:46] [SUCCESS] bvid=BV1a5DLBdE8B 已成功抓取全部所需数据。
[2026-04-11 17:59:49] [SUCCESS] bvid=BV1a5DLBdEbR 已成功抓取全部所需数据。
[2026-04-11 17:59:52] [SUCCESS] bvid=BV1a5DsBmEWZ 已成功抓取全部所需数据。
[2026-04-11 17:59:52] [ERROR] bvid=BV1a5XjBaE65 抓取失败：meta: 接口返回错误代码：62002，信息：稿件不可见。
{'code': 62002, 'message': '稿件不可见', 'ttl': 1}
[2026-04-11 17:59:52] [ERROR] bvid=BV1a5XxBWEg4 抓取失败：meta: 接口返回错误代码：-404，信息：啥都木有。
{'code': -404, 'message': '啥都木有', 'ttl': 1}
[2026-04-11 17:59:56] [SUCCESS] bvid=BV1a7DLB9EBY 已成功抓取全部所需数据。
[2026-04-11 17:59:59] [SUCCESS] bvid=BV1a7DLB9EWT 已成功抓取全部所需数据。
[2026-04-11 18:00:03] [SUCCESS] bvid=BV1aADrBFEMw 已成功抓取全部所需数据。
[2026-04-11 18:00:07] [SUCCESS] bvid=BV1aCDEBYEMR 已成功抓取全部所需数据。
[2026-04-11 18:00:11] [SUCCESS] bvid=BV1aCQwBpEK3 已成功抓取全部所需数据。
[2026-04-11 18:00:14] [SUCCESS] bvid=BV1aDSUBjEG1 已成功抓取全部所需数据。
[2026-04-11 18:00:18] [SUCCESS] bvid=BV1aFQwBQENn 已成功抓取全部所需数据。
[2026-04-11 18:00:22] [SUCCESS] bvid=BV1aFQwBXEaJ 已成功抓取全部所需数据。
[2026-04-11 18:00:26] [SUCCESS] bvid=BV1aKDnBqEJe 已成功抓取全部所需数据。
[2026-04-11 18:00:30] [SUCCESS] bvid=BV1aMDeBkE2t 已成功抓取全部所需数据。
[2026-04-11 18:00:34] [SUCCESS] bvid=BV1aMDeBkE7k 已成功抓取全部所需数据。
[2026-04-11 18:00:38] [SUCCESS] bvid=BV1aMDeBkEqF 已成功抓取全部所需数据。
[2026-04-11 18:00:41] [SUCCESS] bvid=BV1aMDeBkEvT 已成功抓取全部所需数据。
[2026-04-11 18:00:45] [SUCCESS] bvid=BV1aPDaBqEos 已成功抓取全部所需数据。
[2026-04-11 18:00:49] [SUCCESS] bvid=BV1aPDrBbEhw 已成功抓取全部所需数据。
[2026-04-11 18:00:53] [SUCCESS] bvid=BV1aQDeBVEjz 已成功抓取全部所需数据。
[2026-04-11 18:00:57] [SUCCESS] bvid=BV1aQDpBCE3C 已成功抓取全部所需数据。
[2026-04-11 18:01:02] [SUCCESS] bvid=BV1aQSDBWEV3 已成功抓取全部所需数据。
[2026-04-11 18:01:06] [SUCCESS] bvid=BV1aRSXBFEV4 已成功抓取全部所需数据。
[2026-04-11 18:01:10] [SUCCESS] bvid=BV1aSDeByEk8 已成功抓取全部所需数据。
[2026-04-11 18:01:14] [SUCCESS] bvid=BV1aSDeByEs4 已成功抓取全部所需数据。
[2026-04-11 18:01:18] [SUCCESS] bvid=BV1aTDFBLEba 已成功抓取全部所需数据。
[2026-04-11 18:01:22] [SUCCESS] bvid=BV1aUDpB1Eiy 已成功抓取全部所需数据。
[2026-04-11 18:01:26] [SUCCESS] bvid=BV1aUSUBmEUx 已成功抓取全部所需数据。
[2026-04-11 18:01:26] [ERROR] bvid=BV1aVXUBpE9H 抓取失败：meta: 接口返回错误代码：62002，信息：稿件不可见。
{'code': 62002, 'message': '稿件不可见', 'ttl': 1}
[2026-04-11 18:01:30] [SUCCESS] bvid=BV1aXDsBDEn5 已成功抓取全部所需数据。
[2026-04-11 18:01:34] [SUCCESS] bvid=BV1aYDWB1EEb 已成功抓取全部所需数据。
[2026-04-11 18:01:37] [SUCCESS] bvid=BV1aZDfBLEja 已成功抓取全部所需数据。
[2026-04-11 18:01:38] [ERROR] bvid=BV1aZXTB3EHJ 抓取失败：meta: 接口返回错误代码：62002，信息：稿件不可见。
{'code': 62002, 'message': '稿件不可见', 'ttl': 1}
[2026-04-11 18:01:41] [SUCCESS] bvid=BV1aaDWBjEx6 已成功抓取全部所需数据。
[2026-04-11 18:01:45] [SUCCESS] bvid=BV1acDzBXEgj 已成功抓取全部所需数据。
[2026-04-11 18:01:49] [SUCCESS] bvid=BV1adDLBZE6Y 已成功抓取全部所需数据。
[2026-04-11 18:01:53] [SUCCESS] bvid=BV1adDfB2EkN 已成功抓取全部所需数据。
[2026-04-11 18:01:56] [SUCCESS] bvid=BV1adDsBUETK 已成功抓取全部所需数据。
[2026-04-11 18:02:00] [SUCCESS] bvid=BV1adDsBUEsh 已成功抓取全部所需数据。
[2026-04-11 18:02:04] [SUCCESS] bvid=BV1agDFBVEaz 已成功抓取全部所需数据。
[2026-04-11 18:02:08] [SUCCESS] bvid=BV1agDeB3Ed1 已成功抓取全部所需数据。
[2026-04-11 18:02:08] [ERROR] bvid=BV1agXUBsEae 抓取失败：meta: 接口返回错误代码：62002，信息：稿件不可见。
{'code': 62002, 'message': '稿件不可见', 'ttl': 1}
[2026-04-11 18:02:11] [SUCCESS] bvid=BV1ahDGB7EJa 已成功抓取全部所需数据。
[2026-04-11 18:02:15] [SUCCESS] bvid=BV1ahDdBTExH 已成功抓取全部所需数据。
[2026-04-11 18:02:19] [SUCCESS] bvid=BV1aiDxBHEty 已成功抓取全部所需数据。
[2026-04-11 18:02:23] [SUCCESS] bvid=BV1aiQFBJEy5 已成功抓取全部所需数据。
[2026-04-11 18:02:26] [SUCCESS] bvid=BV1ajDLBsETv 已成功抓取全部所需数据。
[2026-04-11 18:02:30] [SUCCESS] bvid=BV1ajDLBsEgw 已成功抓取全部所需数据。
[2026-04-11 18:02:35] [SUCCESS] bvid=BV1ajDLBsEu9 已成功抓取全部所需数据。
[2026-04-11 18:02:35] [ERROR] bvid=BV1ajXjBcEKQ 抓取失败：meta: 接口返回错误代码：62002，信息：稿件不可见。
{'code': 62002, 'message': '稿件不可见', 'ttl': 1}
[2026-04-11 18:02:35] [ERROR] bvid=BV1ajXjBcEbF 抓取失败：meta: 接口返回错误代码：62002，信息：稿件不可见。
{'code': 62002, 'message': '稿件不可见', 'ttl': 1}
[2026-04-11 18:02:39] [SUCCESS] bvid=BV1akDrBYEgv 已成功抓取全部所需数据。
[2026-04-11 18:02:43] [SUCCESS] bvid=BV1anD6BZEm6 已成功抓取全部所需数据。
[2026-04-11 18:02:46] [SUCCESS] bvid=BV1aqDjBfEE5 已成功抓取全部所需数据。
[2026-04-11 18:02:50] [SUCCESS] bvid=BV1aqDjBfEXz 已成功抓取全部所需数据。
[2026-04-11 18:02:53] [SUCCESS] bvid=BV1avDWB5EF6 已成功抓取全部所需数据。
[2026-04-11 18:02:57] [SUCCESS] bvid=BV1avDZBGEjB 已成功抓取全部所需数据。
[2026-04-11 18:02:57] [ERROR] bvid=BV1avXbBiErn 抓取失败：meta: 接口返回错误代码：62002，信息：稿件不可见。
{'code': 62002, 'message': '稿件不可见', 'ttl': 1}
[2026-04-11 18:02:57] [ERROR] bvid=BV1awXgBjEGf 抓取失败：meta: 接口返回错误代码：62002，信息：稿件不可见。
{'code': 62002, 'message': '稿件不可见', 'ttl': 1}
[2026-04-11 18:02:57] [ERROR] bvid=BV1axX1BmEhS 抓取失败：meta: 接口返回错误代码：-404，信息：啥都木有。
{'code': -404, 'message': '啥都木有', 'ttl': 1}
[2026-04-11 18:03:01] [SUCCESS] bvid=BV1aySZBGEQG 已成功抓取全部所需数据。
[2026-04-11 18:03:04] [SUCCESS] bvid=BV1azDjBtEXk 已成功抓取全部所需数据。
[2026-04-11 18:03:08] [SUCCESS] bvid=BV1b1DjBWEdu 已成功抓取全部所需数据。
[2026-04-11 18:03:11] [SUCCESS] bvid=BV1b1DjBWEjh 已成功抓取全部所需数据。
[2026-04-11 18:03:12] [ERROR] bvid=BV1b1XKBhEJk 抓取失败：meta: 接口返回错误代码：-404，信息：啥都木有。
{'code': -404, 'message': '啥都木有', 'ttl': 1}
[2026-04-11 18:03:15] [SUCCESS] bvid=BV1b7DeBiEnA 已成功抓取全部所需数据。
[2026-04-11 18:03:18] [SUCCESS] bvid=BV1b8DMBaEQK 已成功抓取全部所需数据。
[2026-04-11 18:03:21] [SUCCESS] bvid=BV1bBDWBGE1b 已成功抓取全部所需数据。
[2026-04-11 18:03:25] [SUCCESS] bvid=BV1bCDjBRECQ 已成功抓取全部所需数据。
[2026-04-11 18:03:28] [SUCCESS] bvid=BV1bCDjBREm8 已成功抓取全部所需数据。
[2026-04-11 18:03:31] [SUCCESS] bvid=BV1bCDjBREya 已成功抓取全部所需数据。
[2026-04-11 18:03:34] [SUCCESS] bvid=BV1bCQFByEFt 已成功抓取全部所需数据。
[2026-04-11 18:03:38] [SUCCESS] bvid=BV1bDDEBZEPA 已成功抓取全部所需数据。
[2026-04-11 18:03:41] [SUCCESS] bvid=BV1bDDEBZEp8 已成功抓取全部所需数据。
[2026-04-11 18:03:44] [SUCCESS] bvid=BV1bEDiBCEYC 已成功抓取全部所需数据。
[2026-04-11 18:03:44] [ERROR] bvid=BV1bHXjBoEhd 抓取失败：meta: 接口返回错误代码：62002，信息：稿件不可见。
{'code': 62002, 'message': '稿件不可见', 'ttl': 1}
[2026-04-11 18:03:47] [SUCCESS] bvid=BV1bKDEBfEog 已成功抓取全部所需数据。
[2026-04-11 18:03:51] [SUCCESS] bvid=BV1bKQwBmEQH 已成功抓取全部所需数据。
[2026-04-11 18:03:54] [SUCCESS] bvid=BV1bKSdB8Esr 已成功抓取全部所需数据。
[2026-04-11 18:03:57] [SUCCESS] bvid=BV1bMDrBdEUF 已成功抓取全部所需数据。
[2026-04-11 18:04:00] [SUCCESS] bvid=BV1bMQwBjE31 已成功抓取全部所需数据。
[2026-04-11 18:04:04] [SUCCESS] bvid=BV1bNS9BpEM6 已成功抓取全部所需数据。
[2026-04-11 18:04:07] [SUCCESS] bvid=BV1bPQFB3EmH 已成功抓取全部所需数据。
[2026-04-11 18:04:10] [SUCCESS] bvid=BV1bPQFB3EnT 已成功抓取全部所需数据。
[2026-04-11 18:04:14] [SUCCESS] bvid=BV1bVDuBAEbg 已成功抓取全部所需数据。
[2026-04-11 18:04:17] [SUCCESS] bvid=BV1bWDLBSEBB 已成功抓取全部所需数据。
[2026-04-11 18:04:20] [SUCCESS] bvid=BV1bZDeBuENT 已成功抓取全部所需数据。
[2026-04-11 18:04:23] [SUCCESS] bvid=BV1bZDoBqEne 已成功抓取全部所需数据。
[2026-04-11 18:04:26] [SUCCESS] bvid=BV1bZDpBzE4u 已成功抓取全部所需数据。
[2026-04-11 18:04:30] [SUCCESS] bvid=BV1bcQFBVEba 已成功抓取全部所需数据。
[2026-04-11 18:04:33] [SUCCESS] bvid=BV1bdDeB6ESV 已成功抓取全部所需数据。
[2026-04-11 18:04:36] [SUCCESS] bvid=BV1bdDeB6EYV 已成功抓取全部所需数据。
[2026-04-11 18:04:40] [SUCCESS] bvid=BV1bdDeB6EqY 已成功抓取全部所需数据。
[2026-04-11 18:04:43] [SUCCESS] bvid=BV1bgDrBsE69 已成功抓取全部所需数据。
[2026-04-11 18:04:47] [SUCCESS] bvid=BV1bhDJBhEM6 已成功抓取全部所需数据。
[2026-04-11 18:04:50] [SUCCESS] bvid=BV1bjDeBTEaX 已成功抓取全部所需数据。
[2026-04-11 18:04:50] [WARN] 当前子任务已结束，但仍有未成功抓取的视频，已导出 remaining CSV 供继续执行。
[2026-04-11 18:04:50] [INFO] 已导出剔除成功条目后的剩余 CSV：outputs\video_data\manual_crawls\manual_crawl_meta_mode_A_20260411_153234\remaining_bvids_part_21.csv
[2026-04-11 18:04:50] 子任务结束时间：2026-04-11T18:04:50.706694
[TIMESTAMP][END] 2026-04-11T18:04:50
