[TIMESTAMP][BEGIN] 2026-04-11T17:27:51
[2026-04-11 17:27:54] 开始执行 CSV 批量抓取子任务 part_16。
[2026-04-11 17:27:54] 子任务开始时间：2026-04-11T17:27:51.126324
[2026-04-11 17:27:54] 输入文件：batch_input_16.csv
[2026-04-11 17:27:54] 输入唯一 bvid 数量：100
[2026-04-11 17:27:57] [SUCCESS] bvid=BV1RLDhBgEfd 已成功抓取全部所需数据。
[2026-04-11 17:28:01] [SUCCESS] bvid=BV1RMDfBUEbk 已成功抓取全部所需数据。
[2026-04-11 17:28:04] [SUCCESS] bvid=BV1RMDfBUEhT 已成功抓取全部所需数据。
[2026-04-11 17:28:07] [SUCCESS] bvid=BV1RMDsBDEDC 已成功抓取全部所需数据。
[2026-04-11 17:28:11] [SUCCESS] bvid=BV1RMSDBXEFL 已成功抓取全部所需数据。
[2026-04-11 17:28:11] [ERROR] bvid=BV1RMXjBiEau 抓取失败：meta: 接口返回错误代码：62002，信息：稿件不可见。
{'code': 62002, 'message': '稿件不可见', 'ttl': 1}
[2026-04-11 17:28:14] [SUCCESS] bvid=BV1RNDsBXESU 已成功抓取全部所需数据。
[2026-04-11 17:28:17] [SUCCESS] bvid=BV1RPDeBLEew 已成功抓取全部所需数据。
[2026-04-11 17:28:20] [SUCCESS] bvid=BV1RPDeBLEoX 已成功抓取全部所需数据。
[2026-04-11 17:28:24] [SUCCESS] bvid=BV1RPDpB1EHJ 已成功抓取全部所需数据。
[2026-04-11 17:28:27] [SUCCESS] bvid=BV1RPDpB1EYz 已成功抓取全部所需数据。
[2026-04-11 17:28:31] [SUCCESS] bvid=BV1RPDsBWEmz 已成功抓取全部所需数据。
[2026-04-11 17:28:34] [SUCCESS] bvid=BV1RQDLB8E5A 已成功抓取全部所需数据。
[2026-04-11 17:28:37] [SUCCESS] bvid=BV1RQDLB8EAr 已成功抓取全部所需数据。
[2026-04-11 17:28:40] [SUCCESS] bvid=BV1RQDLB8ENT 已成功抓取全部所需数据。
[2026-04-11 17:28:43] [SUCCESS] bvid=BV1RQDLB8ETV 已成功抓取全部所需数据。
[2026-04-11 17:28:47] [SUCCESS] bvid=BV1RTDfBJEiA 已成功抓取全部所需数据。
[2026-04-11 17:28:50] [SUCCESS] bvid=BV1RTDsBHE4E 已成功抓取全部所需数据。
[2026-04-11 17:28:50] [ERROR] bvid=BV1RTX5BbETQ 抓取失败：meta: 接口返回错误代码：62002，信息：稿件不可见。
{'code': 62002, 'message': '稿件不可见', 'ttl': 1}
[2026-04-11 17:28:53] [SUCCESS] bvid=BV1RWDYBkEaD 已成功抓取全部所需数据。
[2026-04-11 17:28:57] [SUCCESS] bvid=BV1RWDYBkEyW 已成功抓取全部所需数据。
[2026-04-11 17:29:00] [SUCCESS] bvid=BV1RXDLBfEao 已成功抓取全部所需数据。
[2026-04-11 17:29:04] [SUCCESS] bvid=BV1RXDLBfEps 已成功抓取全部所需数据。
[2026-04-11 17:29:07] [SUCCESS] bvid=BV1RXQcB4EZA 已成功抓取全部所需数据。
[2026-04-11 17:29:10] [SUCCESS] bvid=BV1RXQcB4Er3 已成功抓取全部所需数据。
[2026-04-11 17:29:13] [SUCCESS] bvid=BV1RYQFBHEii 已成功抓取全部所需数据。
[2026-04-11 17:29:17] [SUCCESS] bvid=BV1RZD6BYEye 已成功抓取全部所需数据。
[2026-04-11 17:29:20] [SUCCESS] bvid=BV1RZD7BPE8j 已成功抓取全部所需数据。
[2026-04-11 17:29:24] [SUCCESS] bvid=BV1RaDzBhEJH 已成功抓取全部所需数据。
[2026-04-11 17:29:27] [SUCCESS] bvid=BV1RbDWBEENC 已成功抓取全部所需数据。
[2026-04-11 17:29:31] [SUCCESS] bvid=BV1RbDqBREUX 已成功抓取全部所需数据。
[2026-04-11 17:29:35] [SUCCESS] bvid=BV1Rh9cBbEXx 已成功抓取全部所需数据。
[2026-04-11 17:29:35] [ERROR] bvid=BV1RhX4BhEJj 抓取失败：meta: 接口返回错误代码：-404，信息：啥都木有。
{'code': -404, 'message': '啥都木有', 'ttl': 1}
[2026-04-11 17:29:39] [SUCCESS] bvid=BV1RiDjB8Eue 已成功抓取全部所需数据。
[2026-04-11 17:29:42] [SUCCESS] bvid=BV1RiDrBiECy 已成功抓取全部所需数据。
[2026-04-11 17:29:45] [SUCCESS] bvid=BV1RmDpBjEKJ 已成功抓取全部所需数据。
[2026-04-11 17:29:49] [SUCCESS] bvid=BV1RrDaBGEng 已成功抓取全部所需数据。
[2026-04-11 17:29:52] [SUCCESS] bvid=BV1RtDvBmE6N 已成功抓取全部所需数据。
[2026-04-11 17:29:56] [SUCCESS] bvid=BV1Ru93BWEwD 已成功抓取全部所需数据。
[2026-04-11 17:30:01] [SUCCESS] bvid=BV1RvDjBcEX6 已成功抓取全部所需数据。
[2026-04-11 17:30:04] [SUCCESS] bvid=BV1RvDzBbEC4 已成功抓取全部所需数据。
[2026-04-11 17:30:08] [SUCCESS] bvid=BV1RvPZzEEu4 已成功抓取全部所需数据。
[2026-04-11 17:30:08] [ERROR] bvid=BV1RxXLBNEd7 抓取失败：meta: 接口返回错误代码：-404，信息：啥都木有。
{'code': -404, 'message': '啥都木有', 'ttl': 1}
[2026-04-11 17:30:11] [SUCCESS] bvid=BV1RzDrBeE9M 已成功抓取全部所需数据。
[2026-04-11 17:30:15] [SUCCESS] bvid=BV1RzDrBeEni 已成功抓取全部所需数据。
[2026-04-11 17:30:18] [SUCCESS] bvid=BV1RzDrBeEyd 已成功抓取全部所需数据。
[2026-04-11 17:30:22] [SUCCESS] bvid=BV1S1DrB8ESS 已成功抓取全部所需数据。
[2026-04-11 17:30:25] [SUCCESS] bvid=BV1S79uBgEnc 已成功抓取全部所需数据。
[2026-04-11 17:30:29] [SUCCESS] bvid=BV1S7DsByEfi 已成功抓取全部所需数据。
[2026-04-11 17:30:33] [SUCCESS] bvid=BV1S8SfB6EWU 已成功抓取全部所需数据。
[2026-04-11 17:30:36] [SUCCESS] bvid=BV1SBDWBGE2s 已成功抓取全部所需数据。
[2026-04-11 17:30:41] [SUCCESS] bvid=BV1SJDfB3EdK 已成功抓取全部所需数据。
[2026-04-11 17:30:44] [SUCCESS] bvid=BV1SKDEBZE94 已成功抓取全部所需数据。
[2026-04-11 17:30:48] [SUCCESS] bvid=BV1SLDpBMESP 已成功抓取全部所需数据。
[2026-04-11 17:30:51] [SUCCESS] bvid=BV1SPDjBHEUs 已成功抓取全部所需数据。
[2026-04-11 17:30:55] [SUCCESS] bvid=BV1SRDeB3Ey1 已成功抓取全部所需数据。
[2026-04-11 17:30:58] [SUCCESS] bvid=BV1SUDrBtEBU 已成功抓取全部所需数据。
[2026-04-11 17:31:02] [SUCCESS] bvid=BV1SUDrBtEQn 已成功抓取全部所需数据。
[2026-04-11 17:31:02] [ERROR] bvid=BV1SUDrBtEXo 抓取失败：meta: 接口返回错误代码：62002，信息：稿件不可见。
{'code': 62002, 'message': '稿件不可见', 'ttl': 1}
[2026-04-11 17:31:06] [SUCCESS] bvid=BV1SUDrBtErS 已成功抓取全部所需数据。
[2026-04-11 17:31:09] [SUCCESS] bvid=BV1SVDFB3E5a 已成功抓取全部所需数据。
[2026-04-11 17:31:12] [SUCCESS] bvid=BV1SVDpBzETq 已成功抓取全部所需数据。
[2026-04-11 17:31:16] [SUCCESS] bvid=BV1SVDpBzEws 已成功抓取全部所需数据。
[2026-04-11 17:31:16] [ERROR] bvid=BV1SVXGB2E4k 抓取失败：meta: 接口返回错误代码：62002，信息：稿件不可见。
{'code': 62002, 'message': '稿件不可见', 'ttl': 1}
[2026-04-11 17:31:19] [SUCCESS] bvid=BV1SZDpBzEAT 已成功抓取全部所需数据。
[2026-04-11 17:31:23] [SUCCESS] bvid=BV1SZXZBVEgZ 已成功抓取全部所需数据。
[2026-04-11 17:31:26] [SUCCESS] bvid=BV1SZXZBVEwW 已成功抓取全部所需数据。
[2026-04-11 17:31:29] [SUCCESS] bvid=BV1SbD6BpE53 已成功抓取全部所需数据。
[2026-04-11 17:31:33] [SUCCESS] bvid=BV1ScQFBVES7 已成功抓取全部所需数据。
[2026-04-11 17:31:36] [SUCCESS] bvid=BV1SfDLBRECv 已成功抓取全部所需数据。
[2026-04-11 17:31:36] [ERROR] bvid=BV1SfX5B9Enr 抓取失败：meta: 接口返回错误代码：-404，信息：啥都木有。
{'code': -404, 'message': '啥都木有', 'ttl': 1}
[2026-04-11 17:31:40] [SUCCESS] bvid=BV1Sh9MBkEBq 已成功抓取全部所需数据。
[2026-04-11 17:31:40] [ERROR] bvid=BV1SiXLBtEQh 抓取失败：meta: 接口返回错误代码：62002，信息：稿件不可见。
{'code': 62002, 'message': '稿件不可见', 'ttl': 1}
[2026-04-11 17:31:43] [SUCCESS] bvid=BV1SjDeBTEVZ 已成功抓取全部所需数据。
[2026-04-11 17:31:47] [SUCCESS] bvid=BV1SjDsBLEf5 已成功抓取全部所需数据。
[2026-04-11 17:31:50] [SUCCESS] bvid=BV1SjSDB7E95 已成功抓取全部所需数据。
[2026-04-11 17:31:51] [ERROR] bvid=BV1SjXNBhEzZ 抓取失败：meta: 接口返回错误代码：62002，信息：稿件不可见。
{'code': 62002, 'message': '稿件不可见', 'ttl': 1}
[2026-04-11 17:31:54] [SUCCESS] bvid=BV1SkPWz1E25 已成功抓取全部所需数据。
[2026-04-11 17:31:57] [SUCCESS] bvid=BV1SmDtBQETY 已成功抓取全部所需数据。
[2026-04-11 17:32:01] [SUCCESS] bvid=BV1SnDfB6E9p 已成功抓取全部所需数据。
[2026-04-11 17:32:05] [SUCCESS] bvid=BV1SnDsBkETA 已成功抓取全部所需数据。
[2026-04-11 17:32:08] [SUCCESS] bvid=BV1SoDpBgEep 已成功抓取全部所需数据。
[2026-04-11 17:32:11] [SUCCESS] bvid=BV1SvSfBTEF9 已成功抓取全部所需数据。
[2026-04-11 17:32:15] [SUCCESS] bvid=BV1SwDqB5Eha 已成功抓取全部所需数据。
[2026-04-11 17:32:18] [SUCCESS] bvid=BV1SxSoBvEz4 已成功抓取全部所需数据。
[2026-04-11 17:32:22] [SUCCESS] bvid=BV1SyDzBpEQz 已成功抓取全部所需数据。
[2026-04-11 17:32:25] [SUCCESS] bvid=BV1SzDZBzEeQ 已成功抓取全部所需数据。
[2026-04-11 17:32:29] [SUCCESS] bvid=BV1SzDvBgEKi 已成功抓取全部所需数据。
[2026-04-11 17:32:33] [SUCCESS] bvid=BV1T1DZBvE5p 已成功抓取全部所需数据。
[2026-04-11 17:32:36] [SUCCESS] bvid=BV1T1DxBLE5e 已成功抓取全部所需数据。
[2026-04-11 17:32:39] [SUCCESS] bvid=BV1T1DxBLEEe 已成功抓取全部所需数据。
[2026-04-11 17:32:43] [SUCCESS] bvid=BV1T2DxByEFP 已成功抓取全部所需数据。
[2026-04-11 17:32:47] [SUCCESS] bvid=BV1T4D4B7EZG 已成功抓取全部所需数据。
[2026-04-11 17:32:50] [SUCCESS] bvid=BV1T4DLBmEX5 已成功抓取全部所需数据。
[2026-04-11 17:32:53] [SUCCESS] bvid=BV1T9D8BxEPU 已成功抓取全部所需数据。
[2026-04-11 17:32:56] [SUCCESS] bvid=BV1TADqBCEXn 已成功抓取全部所需数据。
[2026-04-11 17:33:00] [SUCCESS] bvid=BV1TADqBCEYJ 已成功抓取全部所需数据。
[2026-04-11 17:33:03] [SUCCESS] bvid=BV1TADqBCEp4 已成功抓取全部所需数据。
[2026-04-11 17:33:06] [SUCCESS] bvid=BV1TBDYBPEvH 已成功抓取全部所需数据。
[2026-04-11 17:33:10] [SUCCESS] bvid=BV1TBDdBaE73 已成功抓取全部所需数据。
[2026-04-11 17:33:10] [WARN] 当前子任务已结束，但仍有未成功抓取的视频，已导出 remaining CSV 供继续执行。
[2026-04-11 17:33:10] [INFO] 已导出剔除成功条目后的剩余 CSV：outputs\video_data\manual_crawls\manual_crawl_meta_mode_A_20260411_153234\remaining_bvids_part_16.csv
[2026-04-11 17:33:10] 子任务结束时间：2026-04-11T17:33:10.369554
[TIMESTAMP][END] 2026-04-11T17:33:10
