[TIMESTAMP][BEGIN] 2026-04-11T19:10:04
[2026-04-11 19:10:07] 开始执行 CSV 批量抓取子任务 part_33。
[2026-04-11 19:10:07] 子任务开始时间：2026-04-11T19:10:04.443132
[2026-04-11 19:10:07] 输入文件：batch_input_33.csv
[2026-04-11 19:10:07] 输入唯一 bvid 数量：100
[2026-04-11 19:10:10] [SUCCESS] bvid=BV1vkDpBSEb4 已成功抓取全部所需数据。
[2026-04-11 19:10:14] [SUCCESS] bvid=BV1vkDpBSErD 已成功抓取全部所需数据。
[2026-04-11 19:10:17] [SUCCESS] bvid=BV1vkDpBSEzF 已成功抓取全部所需数据。
[2026-04-11 19:10:21] [SUCCESS] bvid=BV1vrDnBkEHM 已成功抓取全部所需数据。
[2026-04-11 19:10:25] [SUCCESS] bvid=BV1vrDnBkEhV 已成功抓取全部所需数据。
[2026-04-11 19:10:28] [SUCCESS] bvid=BV1vrDpBnEes 已成功抓取全部所需数据。
[2026-04-11 19:10:28] [ERROR] bvid=BV1vsX4BvESx 抓取失败：meta: 接口返回错误代码：62002，信息：稿件不可见。
{'code': 62002, 'message': '稿件不可见', 'ttl': 1}
[2026-04-11 19:10:32] [SUCCESS] bvid=BV1vvDjBcEEF 已成功抓取全部所需数据。
[2026-04-11 19:10:35] [SUCCESS] bvid=BV1vvDjBcEWf 已成功抓取全部所需数据。
[2026-04-11 19:10:39] [SUCCESS] bvid=BV1vxDWBnE88 已成功抓取全部所需数据。
[2026-04-11 19:10:42] [SUCCESS] bvid=BV1vyDpBEESx 已成功抓取全部所需数据。
[2026-04-11 19:10:46] [SUCCESS] bvid=BV1w1SoBXE8L 已成功抓取全部所需数据。
[2026-04-11 19:10:49] [SUCCESS] bvid=BV1w2DJBnEj4 已成功抓取全部所需数据。
[2026-04-11 19:10:53] [SUCCESS] bvid=BV1w3DcBaEtw 已成功抓取全部所需数据。
[2026-04-11 19:10:57] [SUCCESS] bvid=BV1w3DvB8Ejq 已成功抓取全部所需数据。
[2026-04-11 19:11:00] [SUCCESS] bvid=BV1w5DZBoE5e 已成功抓取全部所需数据。
[2026-04-11 19:11:04] [SUCCESS] bvid=BV1w5DxBqEuJ 已成功抓取全部所需数据。
[2026-04-11 19:11:07] [SUCCESS] bvid=BV1w6D7B2EH9 已成功抓取全部所需数据。
[2026-04-11 19:11:11] [SUCCESS] bvid=BV1w6D7B2Ep4 已成功抓取全部所需数据。
[2026-04-11 19:11:14] [SUCCESS] bvid=BV1w7DjBCEqo 已成功抓取全部所需数据。
[2026-04-11 19:11:18] [SUCCESS] bvid=BV1w7DqBPE7m 已成功抓取全部所需数据。
[2026-04-11 19:11:22] [SUCCESS] bvid=BV1w7DqBPEYF 已成功抓取全部所需数据。
[2026-04-11 19:11:26] [SUCCESS] bvid=BV1w8DpBfEZy 已成功抓取全部所需数据。
[2026-04-11 19:11:30] [SUCCESS] bvid=BV1w9DWBAEyB 已成功抓取全部所需数据。
[2026-04-11 19:11:33] [SUCCESS] bvid=BV1w9DWBwEKW 已成功抓取全部所需数据。
[2026-04-11 19:11:37] [SUCCESS] bvid=BV1wBDLBgE4W 已成功抓取全部所需数据。
[2026-04-11 19:11:41] [SUCCESS] bvid=BV1wBDLBgE8x 已成功抓取全部所需数据。
[2026-04-11 19:11:45] [SUCCESS] bvid=BV1wBDLBgEDB 已成功抓取全部所需数据。
[2026-04-11 19:11:48] [SUCCESS] bvid=BV1wCDJBpEr1 已成功抓取全部所需数据。
[2026-04-11 19:11:52] [SUCCESS] bvid=BV1wFDbBCEw4 已成功抓取全部所需数据。
[2026-04-11 19:11:56] [SUCCESS] bvid=BV1wGDvBfEY7 已成功抓取全部所需数据。
[2026-04-11 19:12:00] [SUCCESS] bvid=BV1wJDjBGEmG 已成功抓取全部所需数据。
[2026-04-11 19:12:04] [SUCCESS] bvid=BV1wJDjBGEmN 已成功抓取全部所需数据。
[2026-04-11 19:12:07] [SUCCESS] bvid=BV1wJDzB6Ea3 已成功抓取全部所需数据。
[2026-04-11 19:12:10] [SUCCESS] bvid=BV1wKDHB4E9w 已成功抓取全部所需数据。
[2026-04-11 19:12:14] [SUCCESS] bvid=BV1wLDqBvEhr 已成功抓取全部所需数据。
[2026-04-11 19:12:17] [SUCCESS] bvid=BV1wMDYB9EKs 已成功抓取全部所需数据。
[2026-04-11 19:12:20] [SUCCESS] bvid=BV1wMDYB9EbT 已成功抓取全部所需数据。
[2026-04-11 19:12:24] [SUCCESS] bvid=BV1wPDkBEEMY 已成功抓取全部所需数据。
[2026-04-11 19:12:27] [SUCCESS] bvid=BV1wQDZBhEU7 已成功抓取全部所需数据。
[2026-04-11 19:12:30] [SUCCESS] bvid=BV1wRDxBuEUr 已成功抓取全部所需数据。
[2026-04-11 19:12:31] [ERROR] bvid=BV1wSX1BwEsB 抓取失败：meta: 接口返回错误代码：62002，信息：稿件不可见。
{'code': 62002, 'message': '稿件不可见', 'ttl': 1}
[2026-04-11 19:12:31] [ERROR] bvid=BV1wUDHBoENz 抓取失败：meta: 接口返回错误代码：62002，信息：稿件不可见。
{'code': 62002, 'message': '稿件不可见', 'ttl': 1}
[2026-04-11 19:12:34] [SUCCESS] bvid=BV1wUDHBoEy2 已成功抓取全部所需数据。
[2026-04-11 19:12:35] [ERROR] bvid=BV1wVXLB5E42 抓取失败：meta: 接口返回错误代码：62002，信息：稿件不可见。
{'code': 62002, 'message': '稿件不可见', 'ttl': 1}
[2026-04-11 19:12:35] [ERROR] bvid=BV1wVXLB5E4Q 抓取失败：meta: 接口返回错误代码：62002，信息：稿件不可见。
{'code': 62002, 'message': '稿件不可见', 'ttl': 1}
[2026-04-11 19:12:35] [ERROR] bvid=BV1wVXLB5ESo 抓取失败：meta: 接口返回错误代码：62002，信息：稿件不可见。
{'code': 62002, 'message': '稿件不可见', 'ttl': 1}
[2026-04-11 19:12:39] [SUCCESS] bvid=BV1wWDEB7EL9 已成功抓取全部所需数据。
[2026-04-11 19:12:42] [SUCCESS] bvid=BV1wWDrB1E9y 已成功抓取全部所需数据。
[2026-04-11 19:12:46] [SUCCESS] bvid=BV1wWDrB1Eka 已成功抓取全部所需数据。
[2026-04-11 19:12:49] [SUCCESS] bvid=BV1wXDxB6ESH 已成功抓取全部所需数据。
[2026-04-11 19:12:53] [SUCCESS] bvid=BV1wYDsBvEoP 已成功抓取全部所需数据。
[2026-04-11 19:12:56] [SUCCESS] bvid=BV1wYDsBvEoe 已成功抓取全部所需数据。
[2026-04-11 19:12:56] [ERROR] bvid=BV1wZXKBpE9C 抓取失败：meta: 接口返回错误代码：-404，信息：啥都木有。
{'code': -404, 'message': '啥都木有', 'ttl': 1}
[2026-04-11 19:12:57] [ERROR] bvid=BV1wZXSBGEEw 抓取失败：meta: 接口返回错误代码：62002，信息：稿件不可见。
{'code': 62002, 'message': '稿件不可见', 'ttl': 1}
[2026-04-11 19:12:57] [ERROR] bvid=BV1wZXSBGEJ1 抓取失败：meta: 接口返回错误代码：62002，信息：稿件不可见。
{'code': 62002, 'message': '稿件不可见', 'ttl': 1}
[2026-04-11 19:12:57] [ERROR] bvid=BV1wZXSBGEPs 抓取失败：meta: 接口返回错误代码：62002，信息：稿件不可见。
{'code': 62002, 'message': '稿件不可见', 'ttl': 1}
[2026-04-11 19:12:57] [ERROR] bvid=BV1wZXSBGEYT 抓取失败：meta: 接口返回错误代码：62002，信息：稿件不可见。
{'code': 62002, 'message': '稿件不可见', 'ttl': 1}
[2026-04-11 19:13:01] [SUCCESS] bvid=BV1wdDxBBE4B 已成功抓取全部所需数据。
[2026-04-11 19:13:05] [SUCCESS] bvid=BV1wdDxBBEDB 已成功抓取全部所需数据。
[2026-04-11 19:13:08] [SUCCESS] bvid=BV1wfQFBeE59 已成功抓取全部所需数据。
[2026-04-11 19:13:12] [SUCCESS] bvid=BV1wgDvBcE6K 已成功抓取全部所需数据。
[2026-04-11 19:13:12] [ERROR] bvid=BV1wiXTB4ES2 抓取失败：meta: 接口返回错误代码：-404，信息：啥都木有。
{'code': -404, 'message': '啥都木有', 'ttl': 1}
[2026-04-11 19:13:15] [SUCCESS] bvid=BV1wjDzBkEbT 已成功抓取全部所需数据。
[2026-04-11 19:13:19] [SUCCESS] bvid=BV1wkD7BLEms 已成功抓取全部所需数据。
[2026-04-11 19:13:22] [SUCCESS] bvid=BV1wmDHBtEvw 已成功抓取全部所需数据。
[2026-04-11 19:13:26] [SUCCESS] bvid=BV1wmSfBFEgn 已成功抓取全部所需数据。
[2026-04-11 19:13:29] [SUCCESS] bvid=BV1wnDrBmEEy 已成功抓取全部所需数据。
[2026-04-11 19:13:33] [SUCCESS] bvid=BV1wnDrBmEjo 已成功抓取全部所需数据。
[2026-04-11 19:13:36] [SUCCESS] bvid=BV1wpDnBdErL 已成功抓取全部所需数据。
[2026-04-11 19:13:40] [SUCCESS] bvid=BV1wsDuBREDP 已成功抓取全部所需数据。
[2026-04-11 19:13:43] [SUCCESS] bvid=BV1wvDsBPErv 已成功抓取全部所需数据。
[2026-04-11 19:13:46] [SUCCESS] bvid=BV1wvDsBPEvv 已成功抓取全部所需数据。
[2026-04-11 19:13:50] [SUCCESS] bvid=BV1wwD7BCE7w 已成功抓取全部所需数据。
[2026-04-11 19:13:53] [SUCCESS] bvid=BV1wzD7B7ESY 已成功抓取全部所需数据。
[2026-04-11 19:13:56] [SUCCESS] bvid=BV1wzDLBzE74 已成功抓取全部所需数据。
[2026-04-11 19:14:00] [SUCCESS] bvid=BV1wzQcBTEPB 已成功抓取全部所需数据。
[2026-04-11 19:14:03] [SUCCESS] bvid=BV1x1DWBqEp3 已成功抓取全部所需数据。
[2026-04-11 19:14:03] [ERROR] bvid=BV1x1DZBvEMD 抓取失败：meta: 接口返回错误代码：62002，信息：稿件不可见。
{'code': 62002, 'message': '稿件不可见', 'ttl': 1}
[2026-04-11 19:14:07] [SUCCESS] bvid=BV1x3DqBMEwe 已成功抓取全部所需数据。
[2026-04-11 19:14:10] [SUCCESS] bvid=BV1x3QwB5Eyu 已成功抓取全部所需数据。
[2026-04-11 19:14:14] [SUCCESS] bvid=BV1x5QwBGECG 已成功抓取全部所需数据。
[2026-04-11 19:14:17] [SUCCESS] bvid=BV1x5QwBGEyk 已成功抓取全部所需数据。
[2026-04-11 19:14:21] [SUCCESS] bvid=BV1x5QwBVERf 已成功抓取全部所需数据。
[2026-04-11 19:14:25] [SUCCESS] bvid=BV1x7DaBZEWE 已成功抓取全部所需数据。
[2026-04-11 19:14:25] [ERROR] bvid=BV1x8DKB9EC7 抓取失败：meta: 接口返回错误代码：-404，信息：啥都木有。
{'code': -404, 'message': '啥都木有', 'ttl': 1}
[2026-04-11 19:14:25] [ERROR] bvid=BV1x8XjBpEsq 抓取失败：meta: 接口返回错误代码：62002，信息：稿件不可见。
{'code': 62002, 'message': '稿件不可见', 'ttl': 1}
[2026-04-11 19:14:28] [SUCCESS] bvid=BV1x9QwB1EGd 已成功抓取全部所需数据。
[2026-04-11 19:14:32] [SUCCESS] bvid=BV1xADWBKEEz 已成功抓取全部所需数据。
[2026-04-11 19:14:35] [SUCCESS] bvid=BV1xADZBPE1V 已成功抓取全部所需数据。
[2026-04-11 19:14:39] [SUCCESS] bvid=BV1xC9MBeEnG 已成功抓取全部所需数据。
[2026-04-11 19:14:42] [SUCCESS] bvid=BV1xCDHBcEYn 已成功抓取全部所需数据。
[2026-04-11 19:14:45] [SUCCESS] bvid=BV1xCDHBcEjQ 已成功抓取全部所需数据。
[2026-04-11 19:14:48] [SUCCESS] bvid=BV1xDDtBSEeD 已成功抓取全部所需数据。
[2026-04-11 19:14:49] [ERROR] bvid=BV1xDXbBxEKm 抓取失败：meta: 接口返回错误代码：62002，信息：稿件不可见。
{'code': 62002, 'message': '稿件不可见', 'ttl': 1}
[2026-04-11 19:14:52] [SUCCESS] bvid=BV1xGQwBCE3M 已成功抓取全部所需数据。
[2026-04-11 19:14:55] [SUCCESS] bvid=BV1xGQwBCEPy 已成功抓取全部所需数据。
[2026-04-11 19:14:58] [SUCCESS] bvid=BV1xGQwBCEdr 已成功抓取全部所需数据。
[2026-04-11 19:15:01] [SUCCESS] bvid=BV1xGQwBCEnR 已成功抓取全部所需数据。
[2026-04-11 19:15:05] [SUCCESS] bvid=BV1xLDEBXEAr 已成功抓取全部所需数据。
[2026-04-11 19:15:05] [WARN] 当前子任务已结束，但仍有未成功抓取的视频，已导出 remaining CSV 供继续执行。
[2026-04-11 19:15:05] [INFO] 已导出剔除成功条目后的剩余 CSV：outputs\video_data\manual_crawls\manual_crawl_meta_mode_A_20260411_153234\remaining_bvids_part_33.csv
[2026-04-11 19:15:05] 子任务结束时间：2026-04-11T19:15:05.585899
[TIMESTAMP][END] 2026-04-11T19:15:05
