[TIMESTAMP][BEGIN] 2026-04-11T18:34:36
[2026-04-11 18:34:38] 开始执行 CSV 批量抓取子任务 part_28。
[2026-04-11 18:34:38] 子任务开始时间：2026-04-11T18:34:36.303047
[2026-04-11 18:34:38] 输入文件：batch_input_28.csv
[2026-04-11 18:34:38] 输入唯一 bvid 数量：100
[2026-04-11 18:34:42] [SUCCESS] bvid=BV1mkDcBgEjU 已成功抓取全部所需数据。
[2026-04-11 18:34:45] [SUCCESS] bvid=BV1mkDvBMECW 已成功抓取全部所需数据。
[2026-04-11 18:34:49] [SUCCESS] bvid=BV1mkDvBMEQe 已成功抓取全部所需数据。
[2026-04-11 18:34:52] [SUCCESS] bvid=BV1mkDvBMErs 已成功抓取全部所需数据。
[2026-04-11 18:34:55] [SUCCESS] bvid=BV1mmQwBSECd 已成功抓取全部所需数据。
[2026-04-11 18:34:58] [SUCCESS] bvid=BV1mmX7BZEkh 已成功抓取全部所需数据。
[2026-04-11 18:35:01] [SUCCESS] bvid=BV1mnDsBkEmQ 已成功抓取全部所需数据。
[2026-04-11 18:35:04] [SUCCESS] bvid=BV1mnSDByE9M 已成功抓取全部所需数据。
[2026-04-11 18:35:04] [ERROR] bvid=BV1mpXNB4EAq 抓取失败：meta: 接口返回错误代码：62002，信息：稿件不可见。
{'code': 62002, 'message': '稿件不可见', 'ttl': 1}
[2026-04-11 18:35:08] [SUCCESS] bvid=BV1msD4BmEG4 已成功抓取全部所需数据。
[2026-04-11 18:35:11] [SUCCESS] bvid=BV1mtD4B1EPa 已成功抓取全部所需数据。
[2026-04-11 18:35:14] [SUCCESS] bvid=BV1mtD4B2EFK 已成功抓取全部所需数据。
[2026-04-11 18:35:18] [SUCCESS] bvid=BV1muDEBdEuF 已成功抓取全部所需数据。
[2026-04-11 18:35:18] [ERROR] bvid=BV1mvDhB4Eau 抓取失败：meta: 接口返回错误代码：62012，信息：62012。
{'code': 62012, 'message': '62012', 'ttl': 1}
[2026-04-11 18:35:21] [SUCCESS] bvid=BV1mxDLBEELD 已成功抓取全部所需数据。
[2026-04-11 18:35:24] [SUCCESS] bvid=BV1mzDcBGEvy 已成功抓取全部所需数据。
[2026-04-11 18:35:27] [SUCCESS] bvid=BV1mzDvBgEXZ 已成功抓取全部所需数据。
[2026-04-11 18:35:31] [SUCCESS] bvid=BV1mzDvBgEXr 已成功抓取全部所需数据。
[2026-04-11 18:35:34] [SUCCESS] bvid=BV1n1D6BrEyY 已成功抓取全部所需数据。
[2026-04-11 18:35:37] [SUCCESS] bvid=BV1n3DYBQEdi 已成功抓取全部所需数据。
[2026-04-11 18:35:40] [SUCCESS] bvid=BV1n3DYBQEpF 已成功抓取全部所需数据。
[2026-04-11 18:35:43] [SUCCESS] bvid=BV1n5DWBZEQL 已成功抓取全部所需数据。
[2026-04-11 18:35:46] [SUCCESS] bvid=BV1n5DWBZEas 已成功抓取全部所需数据。
[2026-04-11 18:35:50] [SUCCESS] bvid=BV1n5DZBdEpD 已成功抓取全部所需数据。
[2026-04-11 18:35:53] [SUCCESS] bvid=BV1n5DxBiEys 已成功抓取全部所需数据。
[2026-04-11 18:35:56] [SUCCESS] bvid=BV1n7DZB9EgZ 已成功抓取全部所需数据。
[2026-04-11 18:35:59] [SUCCESS] bvid=BV1n8DaBSE4K 已成功抓取全部所需数据。
[2026-04-11 18:36:03] [SUCCESS] bvid=BV1n9DHBWEgd 已成功抓取全部所需数据。
[2026-04-11 18:36:06] [SUCCESS] bvid=BV1nGDWBFEZw 已成功抓取全部所需数据。
[2026-04-11 18:36:06] [ERROR] bvid=BV1nGXPBLE6g 抓取失败：meta: 接口返回错误代码：62002，信息：稿件不可见。
{'code': 62002, 'message': '稿件不可见', 'ttl': 1}
[2026-04-11 18:36:09] [SUCCESS] bvid=BV1nHQFBfEPu 已成功抓取全部所需数据。
[2026-04-11 18:36:12] [SUCCESS] bvid=BV1nHQwBqE2P 已成功抓取全部所需数据。
[2026-04-11 18:36:16] [SUCCESS] bvid=BV1nHQwBqE8b 已成功抓取全部所需数据。
[2026-04-11 18:36:19] [SUCCESS] bvid=BV1nHQwBqEem 已成功抓取全部所需数据。
[2026-04-11 18:36:22] [SUCCESS] bvid=BV1nHQwBqEhy 已成功抓取全部所需数据。
[2026-04-11 18:36:26] [SUCCESS] bvid=BV1nHQwBqEsY 已成功抓取全部所需数据。
[2026-04-11 18:36:29] [SUCCESS] bvid=BV1nJDjBGEpi 已成功抓取全部所需数据。
[2026-04-11 18:36:33] [SUCCESS] bvid=BV1nJDzB6Eht 已成功抓取全部所需数据。
[2026-04-11 18:36:36] [SUCCESS] bvid=BV1nK97BDEn6 已成功抓取全部所需数据。
[2026-04-11 18:36:40] [SUCCESS] bvid=BV1nM9MBtE9S 已成功抓取全部所需数据。
[2026-04-11 18:36:40] [ERROR] bvid=BV1nMX3BwEP5 抓取失败：meta: 接口返回错误代码：62002，信息：稿件不可见。
{'code': 62002, 'message': '稿件不可见', 'ttl': 1}
[2026-04-11 18:36:43] [SUCCESS] bvid=BV1nQDHBREyd 已成功抓取全部所需数据。
[2026-04-11 18:36:47] [SUCCESS] bvid=BV1nVDZB4EUS 已成功抓取全部所需数据。
[2026-04-11 18:36:50] [SUCCESS] bvid=BV1nVDZB4EXb 已成功抓取全部所需数据。
[2026-04-11 18:36:53] [SUCCESS] bvid=BV1nVSSBhExt 已成功抓取全部所需数据。
[2026-04-11 18:36:53] [ERROR] bvid=BV1nZXKBpEQy 抓取失败：meta: 接口返回错误代码：62002，信息：稿件不可见。
{'code': 62002, 'message': '稿件不可见', 'ttl': 1}
[2026-04-11 18:36:57] [SUCCESS] bvid=BV1ncD4BNEhg 已成功抓取全部所需数据。
[2026-04-11 18:37:00] [SUCCESS] bvid=BV1ncD7BVEcm 已成功抓取全部所需数据。
[2026-04-11 18:37:04] [SUCCESS] bvid=BV1ncQcBAEMK 已成功抓取全部所需数据。
[2026-04-11 18:37:07] [SUCCESS] bvid=BV1ndDZBZEkD 已成功抓取全部所需数据。
[2026-04-11 18:37:10] [SUCCESS] bvid=BV1neDeBREHX 已成功抓取全部所需数据。
[2026-04-11 18:37:14] [SUCCESS] bvid=BV1neDeBREL1 已成功抓取全部所需数据。
[2026-04-11 18:37:17] [SUCCESS] bvid=BV1nhDFBfER9 已成功抓取全部所需数据。
[2026-04-11 18:37:21] [SUCCESS] bvid=BV1nhDeBoEaz 已成功抓取全部所需数据。
[2026-04-11 18:37:21] [ERROR] bvid=BV1nhX2BAEaz 抓取失败：meta: 接口返回错误代码：62002，信息：稿件不可见。
{'code': 62002, 'message': '稿件不可见', 'ttl': 1}
[2026-04-11 18:37:24] [SUCCESS] bvid=BV1niDiBwE8Y 已成功抓取全部所需数据。
[2026-04-11 18:37:24] [ERROR] bvid=BV1niXNBUEjr 抓取失败：meta: 接口返回错误代码：62002，信息：稿件不可见。
{'code': 62002, 'message': '稿件不可见', 'ttl': 1}
[2026-04-11 18:37:28] [SUCCESS] bvid=BV1njDxBNEvY 已成功抓取全部所需数据。
[2026-04-11 18:37:31] [SUCCESS] bvid=BV1nkD7BLEPJ 已成功抓取全部所需数据。
[2026-04-11 18:37:34] [SUCCESS] bvid=BV1nkDKB1ELF 已成功抓取全部所需数据。
[2026-04-11 18:37:38] [SUCCESS] bvid=BV1nnDtBgEsW 已成功抓取全部所需数据。
[2026-04-11 18:37:41] [SUCCESS] bvid=BV1noDWBFEvC 已成功抓取全部所需数据。
[2026-04-11 18:37:41] [ERROR] bvid=BV1npSdBUEn1 抓取失败：meta: 接口返回错误代码：62002，信息：稿件不可见。
{'code': 62002, 'message': '稿件不可见', 'ttl': 1}
[2026-04-11 18:37:45] [SUCCESS] bvid=BV1nrDLBMEQb 已成功抓取全部所需数据。
[2026-04-11 18:37:48] [SUCCESS] bvid=BV1nwDbBGEaa 已成功抓取全部所需数据。
[2026-04-11 18:37:52] [SUCCESS] bvid=BV1nwSRB5Eox 已成功抓取全部所需数据。
[2026-04-11 18:37:52] [ERROR] bvid=BV1nyDKB5ERo 抓取失败：meta: 接口返回错误代码：62002，信息：稿件不可见。
{'code': 62002, 'message': '稿件不可见', 'ttl': 1}
[2026-04-11 18:37:55] [SUCCESS] bvid=BV1nzDiBFEME 已成功抓取全部所需数据。
[2026-04-11 18:37:58] [SUCCESS] bvid=BV1nzDiBFEpb 已成功抓取全部所需数据。
[2026-04-11 18:38:02] [SUCCESS] bvid=BV1o1DsBxEuT 已成功抓取全部所需数据。
[2026-04-11 18:38:02] [ERROR] bvid=BV1o1XzBzEsw 抓取失败：meta: 接口返回错误代码：-404，信息：啥都木有。
{'code': -404, 'message': '啥都木有', 'ttl': 1}
[2026-04-11 18:38:06] [SUCCESS] bvid=BV1o3DbBNEzs 已成功抓取全部所需数据。
[2026-04-11 18:38:06] [ERROR] bvid=BV1o49WB8E3e 抓取失败：meta: 接口返回错误代码：-404，信息：啥都木有。
{'code': -404, 'message': '啥都木有', 'ttl': 1}
[2026-04-11 18:38:09] [SUCCESS] bvid=BV1o5DkB6Eoc 已成功抓取全部所需数据。
[2026-04-11 18:38:13] [SUCCESS] bvid=BV1o5SfBDET3 已成功抓取全部所需数据。
[2026-04-11 18:38:16] [SUCCESS] bvid=BV1o9D6BKEkK 已成功抓取全部所需数据。
[2026-04-11 18:38:19] [SUCCESS] bvid=BV1oADiB9Eyu 已成功抓取全部所需数据。
[2026-04-11 18:38:22] [SUCCESS] bvid=BV1oBDaB5EZU 已成功抓取全部所需数据。
[2026-04-11 18:38:25] [SUCCESS] bvid=BV1oBDpBpEfM 已成功抓取全部所需数据。
[2026-04-11 18:38:28] [SUCCESS] bvid=BV1oBDpBpEtB 已成功抓取全部所需数据。
[2026-04-11 18:38:32] [SUCCESS] bvid=BV1oCDsBoEQc 已成功抓取全部所需数据。
[2026-04-11 18:38:35] [SUCCESS] bvid=BV1oFDpBEEUe 已成功抓取全部所需数据。
[2026-04-11 18:38:38] [SUCCESS] bvid=BV1oGDbBeEKM 已成功抓取全部所需数据。
[2026-04-11 18:38:41] [SUCCESS] bvid=BV1oGSoB5Erz 已成功抓取全部所需数据。
[2026-04-11 18:38:44] [SUCCESS] bvid=BV1oNDfBDEq1 已成功抓取全部所需数据。
[2026-04-11 18:38:47] [SUCCESS] bvid=BV1oPDfBHEHq 已成功抓取全部所需数据。
[2026-04-11 18:38:50] [SUCCESS] bvid=BV1oPDsBWEYf 已成功抓取全部所需数据。
[2026-04-11 18:38:53] [SUCCESS] bvid=BV1oSD7BzESf 已成功抓取全部所需数据。
[2026-04-11 18:38:57] [SUCCESS] bvid=BV1oUDLBaE8n 已成功抓取全部所需数据。
[2026-04-11 18:39:00] [SUCCESS] bvid=BV1oVDhBrEYE 已成功抓取全部所需数据。
[2026-04-11 18:39:03] [SUCCESS] bvid=BV1oVSfBHEQR 已成功抓取全部所需数据。
[2026-04-11 18:39:06] [SUCCESS] bvid=BV1oVSoBCECd 已成功抓取全部所需数据。
[2026-04-11 18:39:10] [SUCCESS] bvid=BV1oVSoBCEkf 已成功抓取全部所需数据。
[2026-04-11 18:39:14] [SUCCESS] bvid=BV1oWDWBQEiF 已成功抓取全部所需数据。
[2026-04-11 18:39:17] [SUCCESS] bvid=BV1oWDvBnE76 已成功抓取全部所需数据。
[2026-04-11 18:39:20] [SUCCESS] bvid=BV1oXD7BqEJ4 已成功抓取全部所需数据。
[2026-04-11 18:39:20] [ERROR] bvid=BV1oZ9KBLEJr 抓取失败：meta: 接口返回错误代码：62002，信息：稿件不可见。
{'code': 62002, 'message': '稿件不可见', 'ttl': 1}
[2026-04-11 18:39:24] [SUCCESS] bvid=BV1oZDHBSE5v 已成功抓取全部所需数据。
[2026-04-11 18:39:27] [SUCCESS] bvid=BV1obDzBYESi 已成功抓取全部所需数据。
[2026-04-11 18:39:30] [SUCCESS] bvid=BV1ocDsBxEfd 已成功抓取全部所需数据。
[2026-04-11 18:39:30] [WARN] 当前子任务已结束，但仍有未成功抓取的视频，已导出 remaining CSV 供继续执行。
[2026-04-11 18:39:30] [INFO] 已导出剔除成功条目后的剩余 CSV：outputs\video_data\manual_crawls\manual_crawl_meta_mode_A_20260411_153234\remaining_bvids_part_28.csv
[2026-04-11 18:39:30] 子任务结束时间：2026-04-11T18:39:30.879766
[TIMESTAMP][END] 2026-04-11T18:39:30
