[TIMESTAMP][BEGIN] 2026-04-11T15:46:48
[2026-04-11 15:46:51] 开始执行 CSV 批量抓取子任务 part_3。
[2026-04-11 15:46:51] 子任务开始时间：2026-04-11T15:46:48.823766
[2026-04-11 15:46:51] 输入文件：batch_input_3.csv
[2026-04-11 15:46:51] 输入唯一 bvid 数量：100
[2026-04-11 15:46:54] [SUCCESS] bvid=BV14PDZBYEEn 已成功抓取全部所需数据。
[2026-04-11 15:46:57] [SUCCESS] bvid=BV14PDZBeEd3 已成功抓取全部所需数据。
[2026-04-11 15:47:00] [SUCCESS] bvid=BV14TQFBuEmo 已成功抓取全部所需数据。
[2026-04-11 15:47:01] [ERROR] bvid=BV14TXKB4E4P 抓取失败：meta: 接口返回错误代码：-404，信息：啥都木有。
{'code': -404, 'message': '啥都木有', 'ttl': 1}
[2026-04-11 15:47:01] [ERROR] bvid=BV14TXKB4ETL 抓取失败：meta: 接口返回错误代码：62002，信息：稿件不可见。
{'code': 62002, 'message': '稿件不可见', 'ttl': 1}
[2026-04-11 15:47:04] [SUCCESS] bvid=BV14UDjBHEJp 已成功抓取全部所需数据。
[2026-04-11 15:47:07] [SUCCESS] bvid=BV14UQFB3Ede 已成功抓取全部所需数据。
[2026-04-11 15:47:07] [ERROR] bvid=BV14UXKBbEn3 抓取失败：meta: 接口返回错误代码：62012，信息：62012。
{'code': 62012, 'message': '62012', 'ttl': 1}
[2026-04-11 15:47:10] [SUCCESS] bvid=BV14VDrBpEFE 已成功抓取全部所需数据。
[2026-04-11 15:47:14] [SUCCESS] bvid=BV14VDrBpEXZ 已成功抓取全部所需数据。
[2026-04-11 15:47:14] [ERROR] bvid=BV14XQwBjEHM 抓取失败：meta: 接口返回错误代码：62012，信息：62012。
{'code': 62012, 'message': '62012', 'ttl': 1}
[2026-04-11 15:47:17] [SUCCESS] bvid=BV14YD7BHEGN 已成功抓取全部所需数据。
[2026-04-11 15:47:21] [SUCCESS] bvid=BV14YDhBfEmQ 已成功抓取全部所需数据。
[2026-04-11 15:47:24] [SUCCESS] bvid=BV14ZSZBYEpw 已成功抓取全部所需数据。
[2026-04-11 15:47:24] [ERROR] bvid=BV14cDWBqEKc 抓取失败：meta: 接口返回错误代码：62002，信息：稿件不可见。
{'code': 62002, 'message': '稿件不可见', 'ttl': 1}
[2026-04-11 15:47:28] [SUCCESS] bvid=BV14jDaBbE76 已成功抓取全部所需数据。
[2026-04-11 15:47:31] [SUCCESS] bvid=BV14kDYBhEcz 已成功抓取全部所需数据。
[2026-04-11 15:47:34] [SUCCESS] bvid=BV14kDvBuE2e 已成功抓取全部所需数据。
[2026-04-11 15:47:38] [SUCCESS] bvid=BV14nDeBeEnZ 已成功抓取全部所需数据。
[2026-04-11 15:47:41] [SUCCESS] bvid=BV14oDaBwEqj 已成功抓取全部所需数据。
[2026-04-11 15:47:44] [SUCCESS] bvid=BV14oSZBPEwz 已成功抓取全部所需数据。
[2026-04-11 15:47:48] [SUCCESS] bvid=BV14pDeBAEKK 已成功抓取全部所需数据。
[2026-04-11 15:47:48] [ERROR] bvid=BV14pXUBjEWW 抓取失败：meta: 接口返回错误代码：62002，信息：稿件不可见。
{'code': 62002, 'message': '稿件不可见', 'ttl': 1}
[2026-04-11 15:47:51] [SUCCESS] bvid=BV14uDtBmEB6 已成功抓取全部所需数据。
[2026-04-11 15:47:54] [SUCCESS] bvid=BV14uDtBmEGf 已成功抓取全部所需数据。
[2026-04-11 15:47:57] [SUCCESS] bvid=BV14uQwB1EVy 已成功抓取全部所需数据。
[2026-04-11 15:48:01] [SUCCESS] bvid=BV14uQwB1EgW 已成功抓取全部所需数据。
[2026-04-11 15:48:04] [SUCCESS] bvid=BV14uSdBtE81 已成功抓取全部所需数据。
[2026-04-11 15:48:08] [SUCCESS] bvid=BV14xDsBgEhT 已成功抓取全部所需数据。
[2026-04-11 15:48:12] [SUCCESS] bvid=BV151DeB7EQZ 已成功抓取全部所需数据。
[2026-04-11 15:48:15] [SUCCESS] bvid=BV151DeB7ETH 已成功抓取全部所需数据。
[2026-04-11 15:48:18] [SUCCESS] bvid=BV151DeB7EX1 已成功抓取全部所需数据。
[2026-04-11 15:48:22] [SUCCESS] bvid=BV151DeB7Eqs 已成功抓取全部所需数据。
[2026-04-11 15:48:25] [SUCCESS] bvid=BV151DeBEEA1 已成功抓取全部所需数据。
[2026-04-11 15:48:29] [SUCCESS] bvid=BV152DeB2EGK 已成功抓取全部所需数据。
[2026-04-11 15:48:32] [SUCCESS] bvid=BV153D4BtEYb 已成功抓取全部所需数据。
[2026-04-11 15:48:36] [SUCCESS] bvid=BV153DfBmEau 已成功抓取全部所需数据。
[2026-04-11 15:48:39] [SUCCESS] bvid=BV154DWBSECN 已成功抓取全部所需数据。
[2026-04-11 15:48:43] [SUCCESS] bvid=BV154DWBSEvu 已成功抓取全部所需数据。
[2026-04-11 15:48:47] [SUCCESS] bvid=BV154DZBmEss 已成功抓取全部所需数据。
[2026-04-11 15:48:47] [ERROR] bvid=BV154XVBoEuz 抓取失败：meta: 接口返回错误代码：62002，信息：稿件不可见。
{'code': 62002, 'message': '稿件不可见', 'ttl': 1}
[2026-04-11 15:48:50] [SUCCESS] bvid=BV155D7BeE7y 已成功抓取全部所需数据。
[2026-04-11 15:48:54] [SUCCESS] bvid=BV157D7BaEMC 已成功抓取全部所需数据。
[2026-04-11 15:48:58] [SUCCESS] bvid=BV158DZB1EuV 已成功抓取全部所需数据。
[2026-04-11 15:48:58] [ERROR] bvid=BV158DvB7EgY 抓取失败：meta: 接口返回错误代码：62002，信息：稿件不可见。
{'code': 62002, 'message': '稿件不可见', 'ttl': 1}
[2026-04-11 15:49:01] [SUCCESS] bvid=BV159DLBFETZ 已成功抓取全部所需数据。
[2026-04-11 15:49:05] [SUCCESS] bvid=BV15ADpB7Eb5 已成功抓取全部所需数据。
[2026-04-11 15:49:08] [SUCCESS] bvid=BV15BDrBKEEY 已成功抓取全部所需数据。
[2026-04-11 15:49:08] [ERROR] bvid=BV15BDzBtEMe 抓取失败：meta: 接口返回错误代码：62002，信息：稿件不可见。
{'code': 62002, 'message': '稿件不可见', 'ttl': 1}
[2026-04-11 15:49:12] [SUCCESS] bvid=BV15BQwBdE7L 已成功抓取全部所需数据。
[2026-04-11 15:49:12] [ERROR] bvid=BV15BXyBSEio 抓取失败：meta: 接口返回错误代码：62002，信息：稿件不可见。
{'code': 62002, 'message': '稿件不可见', 'ttl': 1}
[2026-04-11 15:49:15] [SUCCESS] bvid=BV15DDiBQEq6 已成功抓取全部所需数据。
[2026-04-11 15:49:19] [SUCCESS] bvid=BV15FDrBwE5L 已成功抓取全部所需数据。
[2026-04-11 15:49:22] [SUCCESS] bvid=BV15MSDB9Ecg 已成功抓取全部所需数据。
[2026-04-11 15:49:26] [SUCCESS] bvid=BV15PDeBjEQp 已成功抓取全部所需数据。
[2026-04-11 15:49:29] [SUCCESS] bvid=BV15QDLBhEBx 已成功抓取全部所需数据。
[2026-04-11 15:49:33] [SUCCESS] bvid=BV15QDLBhEJy 已成功抓取全部所需数据。
[2026-04-11 15:49:36] [SUCCESS] bvid=BV15QDLBhEsL 已成功抓取全部所需数据。
[2026-04-11 15:49:40] [SUCCESS] bvid=BV15QDfBnEgS 已成功抓取全部所需数据。
[2026-04-11 15:49:44] [SUCCESS] bvid=BV15RD7BTEWM 已成功抓取全部所需数据。
[2026-04-11 15:49:47] [SUCCESS] bvid=BV15RDLBbEPU 已成功抓取全部所需数据。
[2026-04-11 15:49:47] [ERROR] bvid=BV15SXjBBExa 抓取失败：meta: 接口返回错误代码：62002，信息：稿件不可见。
{'code': 62002, 'message': '稿件不可见', 'ttl': 1}
[2026-04-11 15:49:51] [SUCCESS] bvid=BV15UDeBLEF1 已成功抓取全部所需数据。
[2026-04-11 15:49:55] [SUCCESS] bvid=BV15VD7BNEjS 已成功抓取全部所需数据。
[2026-04-11 15:49:59] [SUCCESS] bvid=BV15VDLB4EJt 已成功抓取全部所需数据。
[2026-04-11 15:50:03] [SUCCESS] bvid=BV15WDYBCEQx 已成功抓取全部所需数据。
[2026-04-11 15:50:06] [SUCCESS] bvid=BV15WDYBCEfZ 已成功抓取全部所需数据。
[2026-04-11 15:50:10] [SUCCESS] bvid=BV15XDfBSEsF 已成功抓取全部所需数据。
[2026-04-11 15:50:13] [SUCCESS] bvid=BV15YDjBYEJZ 已成功抓取全部所需数据。
[2026-04-11 15:50:18] [SUCCESS] bvid=BV15YQFBHE8C 已成功抓取全部所需数据。
[2026-04-11 15:50:21] [SUCCESS] bvid=BV15YQFBHEQ5 已成功抓取全部所需数据。
[2026-04-11 15:50:21] [ERROR] bvid=BV15YXMB7E2Y 抓取失败：meta: 接口返回错误代码：62002，信息：稿件不可见。
{'code': 62002, 'message': '稿件不可见', 'ttl': 1}
[2026-04-11 15:50:25] [SUCCESS] bvid=BV15ZD6BYEUb 已成功抓取全部所需数据。
[2026-04-11 15:50:28] [SUCCESS] bvid=BV15ZD7BNEB2 已成功抓取全部所需数据。
[2026-04-11 15:50:31] [SUCCESS] bvid=BV15ZD7BNEfS 已成功抓取全部所需数据。
[2026-04-11 15:50:35] [SUCCESS] bvid=BV15b9gBQEvj 已成功抓取全部所需数据。
[2026-04-11 15:50:39] [SUCCESS] bvid=BV15bDWBEEYL 已成功抓取全部所需数据。
[2026-04-11 15:50:42] [SUCCESS] bvid=BV15bDZBjED9 已成功抓取全部所需数据。
[2026-04-11 15:50:42] [ERROR] bvid=BV15cX2B9E9y 抓取失败：meta: 接口返回错误代码：62002，信息：稿件不可见。
{'code': 62002, 'message': '稿件不可见', 'ttl': 1}
[2026-04-11 15:50:46] [SUCCESS] bvid=BV15eQFBDEK9 已成功抓取全部所需数据。
[2026-04-11 15:50:49] [SUCCESS] bvid=BV15eQFBQEEb 已成功抓取全部所需数据。
[2026-04-11 15:50:53] [SUCCESS] bvid=BV15eQwBbEqZ 已成功抓取全部所需数据。
[2026-04-11 15:50:56] [SUCCESS] bvid=BV15gDLBbEBk 已成功抓取全部所需数据。
[2026-04-11 15:51:00] [SUCCESS] bvid=BV15gDLBbEGw 已成功抓取全部所需数据。
[2026-04-11 15:51:03] [SUCCESS] bvid=BV15gDsBnETQ 已成功抓取全部所需数据。
[2026-04-11 15:51:06] [SUCCESS] bvid=BV15hDxBREii 已成功抓取全部所需数据。
[2026-04-11 15:51:10] [SUCCESS] bvid=BV15hQFBXEuv 已成功抓取全部所需数据。
[2026-04-11 15:51:13] [SUCCESS] bvid=BV15mDiB9E69 已成功抓取全部所需数据。
[2026-04-11 15:51:13] [ERROR] bvid=BV15mXUBFEsu 抓取失败：meta: 接口返回错误代码：62002，信息：稿件不可见。
{'code': 62002, 'message': '稿件不可见', 'ttl': 1}
[2026-04-11 15:51:17] [SUCCESS] bvid=BV15pDYB5EBS 已成功抓取全部所需数据。
[2026-04-11 15:51:21] [SUCCESS] bvid=BV15rDrBPEHu 已成功抓取全部所需数据。
[2026-04-11 15:51:25] [SUCCESS] bvid=BV15t9gBpE6G 已成功抓取全部所需数据。
[2026-04-11 15:51:28] [SUCCESS] bvid=BV15tDxBoES7 已成功抓取全部所需数据。
[2026-04-11 15:51:31] [SUCCESS] bvid=BV15vDjBwEK2 已成功抓取全部所需数据。
[2026-04-11 15:51:35] [SUCCESS] bvid=BV15w9TBCEhW 已成功抓取全部所需数据。
[2026-04-11 15:51:38] [SUCCESS] bvid=BV15wDnBgEjD 已成功抓取全部所需数据。
[2026-04-11 15:51:41] [SUCCESS] bvid=BV15xDWBnEn5 已成功抓取全部所需数据。
[2026-04-11 15:51:44] [SUCCESS] bvid=BV15xDWBnEpx 已成功抓取全部所需数据。
[2026-04-11 15:51:45] [ERROR] bvid=BV15xXPBiEJ7 抓取失败：meta: 接口返回错误代码：62002，信息：稿件不可见。
{'code': 62002, 'message': '稿件不可见', 'ttl': 1}
[2026-04-11 15:51:48] [SUCCESS] bvid=BV15zSZB1Ehj 已成功抓取全部所需数据。
[2026-04-11 15:51:48] [WARN] 当前子任务已结束，但仍有未成功抓取的视频，已导出 remaining CSV 供继续执行。
[2026-04-11 15:51:48] [INFO] 已导出剔除成功条目后的剩余 CSV：outputs\video_data\manual_crawls\manual_crawl_meta_mode_A_20260411_153234\remaining_bvids_part_3.csv
[2026-04-11 15:51:48] 子任务结束时间：2026-04-11T15:51:48.440384
[TIMESTAMP][END] 2026-04-11T15:51:48
