[TIMESTAMP][BEGIN] 2026-04-06T12:13:23.315162
Bilibili Video Data Crawler Batch Crawl Summary
session_dir: outputs\video_data\manual_crawls\manual_crawl_meta_mode_A_20260406_121323
session_started_at: 2026-04-06T12:13:23.315162
session_completed_at: 2026-04-06T21:50:20.825497
original_csv_name: batch_input_1.csv
task_mode: meta_only
original_bvid_count: 100
part_count: 73
interruption_count: 0
completed_all: True

part_1:
  started_at: 2026-04-06T12:13:23.315162
  finished_at: 2026-04-06T12:18:33.165973
  source_csv_name: batch_input_1.csv
  task_mode: meta_only
  input_bvid_count: 100
  processed_count: 100
  success_count: 98
  failed_count: 2
  remaining_count: 2
  consecutive_failure_limit: 10
  stopped_due_to_consecutive_failures: False
  stop_reason: 当前子任务已结束，但仍有未成功抓取的视频，已导出 remaining CSV 供继续执行。
  log_file: logs/batch_crawl_part_1_20260406_121833.log
  remaining_file: remaining_bvids_part_1.csv

part_2:
  started_at: 2026-04-06T12:18:33.544488
  finished_at: 2026-04-06T12:23:40.540529
  source_csv_name: batch_input_2.csv
  task_mode: meta_only
  input_bvid_count: 100
  processed_count: 100
  success_count: 99
  failed_count: 1
  remaining_count: 1
  consecutive_failure_limit: 10
  stopped_due_to_consecutive_failures: False
  stop_reason: 当前子任务已结束，但仍有未成功抓取的视频，已导出 remaining CSV 供继续执行。
  log_file: logs/batch_crawl_part_2_20260406_122340.log
  remaining_file: remaining_bvids_part_2.csv

part_3:
  started_at: 2026-04-06T12:23:40.631402
  finished_at: 2026-04-06T12:32:54.670121
  source_csv_name: batch_input_3.csv
  task_mode: meta_only
  input_bvid_count: 100
  processed_count: 100
  success_count: 99
  failed_count: 1
  remaining_count: 1
  consecutive_failure_limit: 10
  stopped_due_to_consecutive_failures: False
  stop_reason: 当前子任务已结束，但仍有未成功抓取的视频，已导出 remaining CSV 供继续执行。
  log_file: logs/batch_crawl_part_3_20260406_123254.log
  remaining_file: remaining_bvids_part_3.csv

part_4:
  started_at: 2026-04-06T12:32:54.766617
  finished_at: 2026-04-06T12:37:51.144758
  source_csv_name: batch_input_4.csv
  task_mode: meta_only
  input_bvid_count: 100
  processed_count: 100
  success_count: 97
  failed_count: 3
  remaining_count: 3
  consecutive_failure_limit: 10
  stopped_due_to_consecutive_failures: False
  stop_reason: 当前子任务已结束，但仍有未成功抓取的视频，已导出 remaining CSV 供继续执行。
  log_file: logs/batch_crawl_part_4_20260406_123751.log
  remaining_file: remaining_bvids_part_4.csv

part_5:
  started_at: 2026-04-06T12:37:51.345257
  finished_at: 2026-04-06T12:43:05.345951
  source_csv_name: batch_input_5.csv
  task_mode: meta_only
  input_bvid_count: 100
  processed_count: 100
  success_count: 99
  failed_count: 1
  remaining_count: 1
  consecutive_failure_limit: 10
  stopped_due_to_consecutive_failures: False
  stop_reason: 当前子任务已结束，但仍有未成功抓取的视频，已导出 remaining CSV 供继续执行。
  log_file: logs/batch_crawl_part_5_20260406_124305.log
  remaining_file: remaining_bvids_part_5.csv

part_6:
  started_at: 2026-04-06T12:43:05.445946
  finished_at: 2026-04-06T12:48:04.193416
  source_csv_name: batch_input_6.csv
  task_mode: meta_only
  input_bvid_count: 100
  processed_count: 100
  success_count: 97
  failed_count: 3
  remaining_count: 3
  consecutive_failure_limit: 10
  stopped_due_to_consecutive_failures: False
  stop_reason: 当前子任务已结束，但仍有未成功抓取的视频，已导出 remaining CSV 供继续执行。
  log_file: logs/batch_crawl_part_6_20260406_124804.log
  remaining_file: remaining_bvids_part_6.csv

part_7:
  started_at: 2026-04-06T12:48:04.345127
  finished_at: 2026-04-06T12:53:07.124918
  source_csv_name: batch_input_7.csv
  task_mode: meta_only
  input_bvid_count: 100
  processed_count: 100
  success_count: 99
  failed_count: 1
  remaining_count: 1
  consecutive_failure_limit: 10
  stopped_due_to_consecutive_failures: False
  stop_reason: 当前子任务已结束，但仍有未成功抓取的视频，已导出 remaining CSV 供继续执行。
  log_file: logs/batch_crawl_part_7_20260406_125307.log
  remaining_file: remaining_bvids_part_7.csv

part_8:
  started_at: 2026-04-06T12:53:07.299203
  finished_at: 2026-04-06T12:58:11.645649
  source_csv_name: batch_input_8.csv
  task_mode: meta_only
  input_bvid_count: 100
  processed_count: 100
  success_count: 96
  failed_count: 4
  remaining_count: 4
  consecutive_failure_limit: 10
  stopped_due_to_consecutive_failures: False
  stop_reason: 当前子任务已结束，但仍有未成功抓取的视频，已导出 remaining CSV 供继续执行。
  log_file: logs/batch_crawl_part_8_20260406_125811.log
  remaining_file: remaining_bvids_part_8.csv

part_9:
  started_at: 2026-04-06T12:58:11.754947
  finished_at: 2026-04-06T13:03:12.929407
  source_csv_name: batch_input_9.csv
  task_mode: meta_only
  input_bvid_count: 100
  processed_count: 100
  success_count: 95
  failed_count: 5
  remaining_count: 5
  consecutive_failure_limit: 10
  stopped_due_to_consecutive_failures: False
  stop_reason: 当前子任务已结束，但仍有未成功抓取的视频，已导出 remaining CSV 供继续执行。
  log_file: logs/batch_crawl_part_9_20260406_130312.log
  remaining_file: remaining_bvids_part_9.csv

part_10:
  started_at: 2026-04-06T13:03:13.025384
  finished_at: 2026-04-06T13:08:41.807306
  source_csv_name: batch_input_10.csv
  task_mode: meta_only
  input_bvid_count: 100
  processed_count: 100
  success_count: 99
  failed_count: 1
  remaining_count: 1
  consecutive_failure_limit: 10
  stopped_due_to_consecutive_failures: False
  stop_reason: 当前子任务已结束，但仍有未成功抓取的视频，已导出 remaining CSV 供继续执行。
  log_file: logs/batch_crawl_part_10_20260406_130841.log
  remaining_file: remaining_bvids_part_10.csv

part_11:
  started_at: 2026-04-06T13:08:41.984300
  finished_at: 2026-04-06T13:13:51.278493
  source_csv_name: batch_input_11.csv
  task_mode: meta_only
  input_bvid_count: 100
  processed_count: 100
  success_count: 98
  failed_count: 2
  remaining_count: 2
  consecutive_failure_limit: 10
  stopped_due_to_consecutive_failures: False
  stop_reason: 当前子任务已结束，但仍有未成功抓取的视频，已导出 remaining CSV 供继续执行。
  log_file: logs/batch_crawl_part_11_20260406_131351.log
  remaining_file: remaining_bvids_part_11.csv

part_12:
  started_at: 2026-04-06T13:13:51.428764
  finished_at: 2026-04-06T13:30:59.685194
  source_csv_name: batch_input_12.csv
  task_mode: meta_only
  input_bvid_count: 100
  processed_count: 100
  success_count: 97
  failed_count: 3
  remaining_count: 3
  consecutive_failure_limit: 10
  stopped_due_to_consecutive_failures: False
  stop_reason: 当前子任务已结束，但仍有未成功抓取的视频，已导出 remaining CSV 供继续执行。
  log_file: logs/batch_crawl_part_12_20260406_133059.log
  remaining_file: remaining_bvids_part_12.csv

part_13:
  started_at: 2026-04-06T13:30:59.891543
  finished_at: 2026-04-06T13:36:24.697008
  source_csv_name: batch_input_13.csv
  task_mode: meta_only
  input_bvid_count: 100
  processed_count: 100
  success_count: 98
  failed_count: 2
  remaining_count: 2
  consecutive_failure_limit: 10
  stopped_due_to_consecutive_failures: False
  stop_reason: 当前子任务已结束，但仍有未成功抓取的视频，已导出 remaining CSV 供继续执行。
  log_file: logs/batch_crawl_part_13_20260406_133624.log
  remaining_file: remaining_bvids_part_13.csv

part_14:
  started_at: 2026-04-06T13:36:24.859376
  finished_at: 2026-04-06T13:41:35.944890
  source_csv_name: batch_input_14.csv
  task_mode: meta_only
  input_bvid_count: 100
  processed_count: 100
  success_count: 100
  failed_count: 0
  remaining_count: 0
  consecutive_failure_limit: 10
  stopped_due_to_consecutive_failures: False
  stop_reason: 当前 batch_crawl 已完成，所有视频均已成功抓取。
  log_file: logs/batch_crawl_part_14_20260406_134135.log
  remaining_file: 

part_15:
  started_at: 2026-04-06T13:41:36.056980
  finished_at: 2026-04-06T13:46:49.357198
  source_csv_name: batch_input_15.csv
  task_mode: meta_only
  input_bvid_count: 100
  processed_count: 100
  success_count: 96
  failed_count: 4
  remaining_count: 4
  consecutive_failure_limit: 10
  stopped_due_to_consecutive_failures: False
  stop_reason: 当前子任务已结束，但仍有未成功抓取的视频，已导出 remaining CSV 供继续执行。
  log_file: logs/batch_crawl_part_15_20260406_134649.log
  remaining_file: remaining_bvids_part_15.csv

part_16:
  started_at: 2026-04-06T13:46:49.546482
  finished_at: 2026-04-06T13:51:55.900077
  source_csv_name: batch_input_16.csv
  task_mode: meta_only
  input_bvid_count: 100
  processed_count: 100
  success_count: 99
  failed_count: 1
  remaining_count: 1
  consecutive_failure_limit: 10
  stopped_due_to_consecutive_failures: False
  stop_reason: 当前子任务已结束，但仍有未成功抓取的视频，已导出 remaining CSV 供继续执行。
  log_file: logs/batch_crawl_part_16_20260406_135155.log
  remaining_file: remaining_bvids_part_16.csv

part_17:
  started_at: 2026-04-06T13:51:55.999257
  finished_at: 2026-04-06T13:57:24.575156
  source_csv_name: batch_input_17.csv
  task_mode: meta_only
  input_bvid_count: 100
  processed_count: 100
  success_count: 99
  failed_count: 1
  remaining_count: 1
  consecutive_failure_limit: 10
  stopped_due_to_consecutive_failures: False
  stop_reason: 当前子任务已结束，但仍有未成功抓取的视频，已导出 remaining CSV 供继续执行。
  log_file: logs/batch_crawl_part_17_20260406_135724.log
  remaining_file: remaining_bvids_part_17.csv

part_18:
  started_at: 2026-04-06T13:57:24.674127
  finished_at: 2026-04-06T14:03:18.560285
  source_csv_name: batch_input_18.csv
  task_mode: meta_only
  input_bvid_count: 100
  processed_count: 100
  success_count: 97
  failed_count: 3
  remaining_count: 3
  consecutive_failure_limit: 10
  stopped_due_to_consecutive_failures: False
  stop_reason: 当前子任务已结束，但仍有未成功抓取的视频，已导出 remaining CSV 供继续执行。
  log_file: logs/batch_crawl_part_18_20260406_140318.log
  remaining_file: remaining_bvids_part_18.csv

part_19:
  started_at: 2026-04-06T14:03:18.659834
  finished_at: 2026-04-06T14:08:30.938381
  source_csv_name: batch_input_19.csv
  task_mode: meta_only
  input_bvid_count: 100
  processed_count: 100
  success_count: 96
  failed_count: 4
  remaining_count: 4
  consecutive_failure_limit: 10
  stopped_due_to_consecutive_failures: False
  stop_reason: 当前子任务已结束，但仍有未成功抓取的视频，已导出 remaining CSV 供继续执行。
  log_file: logs/batch_crawl_part_19_20260406_140830.log
  remaining_file: remaining_bvids_part_19.csv

part_20:
  started_at: 2026-04-06T14:08:31.103217
  finished_at: 2026-04-06T14:24:00.808321
  source_csv_name: batch_input_20.csv
  task_mode: meta_only
  input_bvid_count: 100
  processed_count: 100
  success_count: 99
  failed_count: 1
  remaining_count: 1
  consecutive_failure_limit: 10
  stopped_due_to_consecutive_failures: False
  stop_reason: 当前子任务已结束，但仍有未成功抓取的视频，已导出 remaining CSV 供继续执行。
  log_file: logs/batch_crawl_part_20_20260406_142400.log
  remaining_file: remaining_bvids_part_20.csv

part_21:
  started_at: 2026-04-06T14:24:01.000319
  finished_at: 2026-04-06T14:29:23.983215
  source_csv_name: batch_input_21.csv
  task_mode: meta_only
  input_bvid_count: 100
  processed_count: 100
  success_count: 99
  failed_count: 1
  remaining_count: 1
  consecutive_failure_limit: 10
  stopped_due_to_consecutive_failures: False
  stop_reason: 当前子任务已结束，但仍有未成功抓取的视频，已导出 remaining CSV 供继续执行。
  log_file: logs/batch_crawl_part_21_20260406_142923.log
  remaining_file: remaining_bvids_part_21.csv

part_22:
  started_at: 2026-04-06T14:29:24.130949
  finished_at: 2026-04-06T14:34:55.705835
  source_csv_name: batch_input_22.csv
  task_mode: meta_only
  input_bvid_count: 100
  processed_count: 100
  success_count: 99
  failed_count: 1
  remaining_count: 1
  consecutive_failure_limit: 10
  stopped_due_to_consecutive_failures: False
  stop_reason: 当前子任务已结束，但仍有未成功抓取的视频，已导出 remaining CSV 供继续执行。
  log_file: logs/batch_crawl_part_22_20260406_143455.log
  remaining_file: remaining_bvids_part_22.csv

part_23:
  started_at: 2026-04-06T14:34:55.855206
  finished_at: 2026-04-06T14:40:12.689056
  source_csv_name: batch_input_23.csv
  task_mode: meta_only
  input_bvid_count: 100
  processed_count: 100
  success_count: 99
  failed_count: 1
  remaining_count: 1
  consecutive_failure_limit: 10
  stopped_due_to_consecutive_failures: False
  stop_reason: 当前子任务已结束，但仍有未成功抓取的视频，已导出 remaining CSV 供继续执行。
  log_file: logs/batch_crawl_part_23_20260406_144012.log
  remaining_file: remaining_bvids_part_23.csv

part_24:
  started_at: 2026-04-06T14:40:12.888601
  finished_at: 2026-04-06T14:45:23.272204
  source_csv_name: batch_input_24.csv
  task_mode: meta_only
  input_bvid_count: 100
  processed_count: 100
  success_count: 96
  failed_count: 4
  remaining_count: 4
  consecutive_failure_limit: 10
  stopped_due_to_consecutive_failures: False
  stop_reason: 当前子任务已结束，但仍有未成功抓取的视频，已导出 remaining CSV 供继续执行。
  log_file: logs/batch_crawl_part_24_20260406_144523.log
  remaining_file: remaining_bvids_part_24.csv

part_25:
  started_at: 2026-04-06T14:45:23.373109
  finished_at: 2026-04-06T14:50:33.956821
  source_csv_name: batch_input_25.csv
  task_mode: meta_only
  input_bvid_count: 100
  processed_count: 100
  success_count: 98
  failed_count: 2
  remaining_count: 2
  consecutive_failure_limit: 10
  stopped_due_to_consecutive_failures: False
  stop_reason: 当前子任务已结束，但仍有未成功抓取的视频，已导出 remaining CSV 供继续执行。
  log_file: logs/batch_crawl_part_25_20260406_145033.log
  remaining_file: remaining_bvids_part_25.csv

part_26:
  started_at: 2026-04-06T14:50:34.062634
  finished_at: 2026-04-06T14:55:32.932372
  source_csv_name: batch_input_26.csv
  task_mode: meta_only
  input_bvid_count: 100
  processed_count: 100
  success_count: 98
  failed_count: 2
  remaining_count: 2
  consecutive_failure_limit: 10
  stopped_due_to_consecutive_failures: False
  stop_reason: 当前子任务已结束，但仍有未成功抓取的视频，已导出 remaining CSV 供继续执行。
  log_file: logs/batch_crawl_part_26_20260406_145532.log
  remaining_file: remaining_bvids_part_26.csv

part_27:
  started_at: 2026-04-06T14:55:33.030450
  finished_at: 2026-04-06T15:01:00.764647
  source_csv_name: batch_input_27.csv
  task_mode: meta_only
  input_bvid_count: 100
  processed_count: 100
  success_count: 100
  failed_count: 0
  remaining_count: 0
  consecutive_failure_limit: 10
  stopped_due_to_consecutive_failures: False
  stop_reason: 当前 batch_crawl 已完成，所有视频均已成功抓取。
  log_file: logs/batch_crawl_part_27_20260406_150100.log
  remaining_file: 

part_28:
  started_at: 2026-04-06T15:01:00.867039
  finished_at: 2026-04-06T15:06:03.659188
  source_csv_name: batch_input_28.csv
  task_mode: meta_only
  input_bvid_count: 100
  processed_count: 100
  success_count: 98
  failed_count: 2
  remaining_count: 2
  consecutive_failure_limit: 10
  stopped_due_to_consecutive_failures: False
  stop_reason: 当前子任务已结束，但仍有未成功抓取的视频，已导出 remaining CSV 供继续执行。
  log_file: logs/batch_crawl_part_28_20260406_150603.log
  remaining_file: remaining_bvids_part_28.csv

part_29:
  started_at: 2026-04-06T15:06:03.827762
  finished_at: 2026-04-06T15:14:01.976630
  source_csv_name: batch_input_29.csv
  task_mode: meta_only
  input_bvid_count: 100
  processed_count: 100
  success_count: 99
  failed_count: 1
  remaining_count: 1
  consecutive_failure_limit: 10
  stopped_due_to_consecutive_failures: False
  stop_reason: 当前子任务已结束，但仍有未成功抓取的视频，已导出 remaining CSV 供继续执行。
  log_file: logs/batch_crawl_part_29_20260406_151401.log
  remaining_file: remaining_bvids_part_29.csv

part_30:
  started_at: 2026-04-06T15:14:02.086230
  finished_at: 2026-04-06T15:19:22.752411
  source_csv_name: batch_input_30.csv
  task_mode: meta_only
  input_bvid_count: 100
  processed_count: 100
  success_count: 99
  failed_count: 1
  remaining_count: 1
  consecutive_failure_limit: 10
  stopped_due_to_consecutive_failures: False
  stop_reason: 当前子任务已结束，但仍有未成功抓取的视频，已导出 remaining CSV 供继续执行。
  log_file: logs/batch_crawl_part_30_20260406_151922.log
  remaining_file: remaining_bvids_part_30.csv

part_31:
  started_at: 2026-04-06T15:19:22.838951
  finished_at: 2026-04-06T15:24:58.702864
  source_csv_name: batch_input_31.csv
  task_mode: meta_only
  input_bvid_count: 100
  processed_count: 100
  success_count: 97
  failed_count: 3
  remaining_count: 3
  consecutive_failure_limit: 10
  stopped_due_to_consecutive_failures: False
  stop_reason: 当前子任务已结束，但仍有未成功抓取的视频，已导出 remaining CSV 供继续执行。
  log_file: logs/batch_crawl_part_31_20260406_152458.log
  remaining_file: remaining_bvids_part_31.csv

part_32:
  started_at: 2026-04-06T15:24:58.820721
  finished_at: 2026-04-06T15:30:10.721428
  source_csv_name: batch_input_32.csv
  task_mode: meta_only
  input_bvid_count: 100
  processed_count: 100
  success_count: 94
  failed_count: 6
  remaining_count: 6
  consecutive_failure_limit: 10
  stopped_due_to_consecutive_failures: False
  stop_reason: 当前子任务已结束，但仍有未成功抓取的视频，已导出 remaining CSV 供继续执行。
  log_file: logs/batch_crawl_part_32_20260406_153010.log
  remaining_file: remaining_bvids_part_32.csv

part_33:
  started_at: 2026-04-06T15:30:10.822363
  finished_at: 2026-04-06T15:35:38.525926
  source_csv_name: batch_input_33.csv
  task_mode: meta_only
  input_bvid_count: 100
  processed_count: 100
  success_count: 97
  failed_count: 3
  remaining_count: 3
  consecutive_failure_limit: 10
  stopped_due_to_consecutive_failures: False
  stop_reason: 当前子任务已结束，但仍有未成功抓取的视频，已导出 remaining CSV 供继续执行。
  log_file: logs/batch_crawl_part_33_20260406_153538.log
  remaining_file: remaining_bvids_part_33.csv

part_34:
  started_at: 2026-04-06T15:35:38.637655
  finished_at: 2026-04-06T15:41:12.817118
  source_csv_name: batch_input_34.csv
  task_mode: meta_only
  input_bvid_count: 100
  processed_count: 100
  success_count: 99
  failed_count: 1
  remaining_count: 1
  consecutive_failure_limit: 10
  stopped_due_to_consecutive_failures: False
  stop_reason: 当前子任务已结束，但仍有未成功抓取的视频，已导出 remaining CSV 供继续执行。
  log_file: logs/batch_crawl_part_34_20260406_154112.log
  remaining_file: remaining_bvids_part_34.csv

part_35:
  started_at: 2026-04-06T15:41:12.927873
  finished_at: 2026-04-06T15:46:47.814256
  source_csv_name: batch_input_35.csv
  task_mode: meta_only
  input_bvid_count: 100
  processed_count: 100
  success_count: 99
  failed_count: 1
  remaining_count: 1
  consecutive_failure_limit: 10
  stopped_due_to_consecutive_failures: False
  stop_reason: 当前子任务已结束，但仍有未成功抓取的视频，已导出 remaining CSV 供继续执行。
  log_file: logs/batch_crawl_part_35_20260406_154647.log
  remaining_file: remaining_bvids_part_35.csv

part_36:
  started_at: 2026-04-06T15:46:47.993300
  finished_at: 2026-04-06T16:04:14.191438
  source_csv_name: batch_input_36.csv
  task_mode: meta_only
  input_bvid_count: 100
  processed_count: 100
  success_count: 98
  failed_count: 2
  remaining_count: 2
  consecutive_failure_limit: 10
  stopped_due_to_consecutive_failures: False
  stop_reason: 当前子任务已结束，但仍有未成功抓取的视频，已导出 remaining CSV 供继续执行。
  log_file: logs/batch_crawl_part_36_20260406_160414.log
  remaining_file: remaining_bvids_part_36.csv

part_37:
  started_at: 2026-04-06T16:04:14.377185
  finished_at: 2026-04-06T16:19:48.369404
  source_csv_name: batch_input_37.csv
  task_mode: meta_only
  input_bvid_count: 100
  processed_count: 100
  success_count: 99
  failed_count: 1
  remaining_count: 1
  consecutive_failure_limit: 10
  stopped_due_to_consecutive_failures: False
  stop_reason: 当前子任务已结束，但仍有未成功抓取的视频，已导出 remaining CSV 供继续执行。
  log_file: logs/batch_crawl_part_37_20260406_161948.log
  remaining_file: remaining_bvids_part_37.csv

part_38:
  started_at: 2026-04-06T16:19:48.562868
  finished_at: 2026-04-06T16:25:20.272507
  source_csv_name: batch_input_38.csv
  task_mode: meta_only
  input_bvid_count: 100
  processed_count: 100
  success_count: 99
  failed_count: 1
  remaining_count: 1
  consecutive_failure_limit: 10
  stopped_due_to_consecutive_failures: False
  stop_reason: 当前子任务已结束，但仍有未成功抓取的视频，已导出 remaining CSV 供继续执行。
  log_file: logs/batch_crawl_part_38_20260406_162520.log
  remaining_file: remaining_bvids_part_38.csv

part_39:
  started_at: 2026-04-06T16:25:20.390060
  finished_at: 2026-04-06T16:43:06.449811
  source_csv_name: batch_input_39.csv
  task_mode: meta_only
  input_bvid_count: 100
  processed_count: 100
  success_count: 98
  failed_count: 2
  remaining_count: 2
  consecutive_failure_limit: 10
  stopped_due_to_consecutive_failures: False
  stop_reason: 当前子任务已结束，但仍有未成功抓取的视频，已导出 remaining CSV 供继续执行。
  log_file: logs/batch_crawl_part_39_20260406_164306.log
  remaining_file: remaining_bvids_part_39.csv

part_40:
  started_at: 2026-04-06T16:43:07.016038
  finished_at: 2026-04-06T16:48:35.802310
  source_csv_name: batch_input_40.csv
  task_mode: meta_only
  input_bvid_count: 100
  processed_count: 100
  success_count: 99
  failed_count: 1
  remaining_count: 1
  consecutive_failure_limit: 10
  stopped_due_to_consecutive_failures: False
  stop_reason: 当前子任务已结束，但仍有未成功抓取的视频，已导出 remaining CSV 供继续执行。
  log_file: logs/batch_crawl_part_40_20260406_164835.log
  remaining_file: remaining_bvids_part_40.csv

part_41:
  started_at: 2026-04-06T16:48:35.982322
  finished_at: 2026-04-06T16:53:54.757343
  source_csv_name: batch_input_41.csv
  task_mode: meta_only
  input_bvid_count: 100
  processed_count: 100
  success_count: 97
  failed_count: 3
  remaining_count: 3
  consecutive_failure_limit: 10
  stopped_due_to_consecutive_failures: False
  stop_reason: 当前子任务已结束，但仍有未成功抓取的视频，已导出 remaining CSV 供继续执行。
  log_file: logs/batch_crawl_part_41_20260406_165354.log
  remaining_file: remaining_bvids_part_41.csv

part_42:
  started_at: 2026-04-06T16:53:54.865789
  finished_at: 2026-04-06T17:09:25.348662
  source_csv_name: batch_input_42.csv
  task_mode: meta_only
  input_bvid_count: 100
  processed_count: 100
  success_count: 96
  failed_count: 4
  remaining_count: 4
  consecutive_failure_limit: 10
  stopped_due_to_consecutive_failures: False
  stop_reason: 当前子任务已结束，但仍有未成功抓取的视频，已导出 remaining CSV 供继续执行。
  log_file: logs/batch_crawl_part_42_20260406_170925.log
  remaining_file: remaining_bvids_part_42.csv

part_43:
  started_at: 2026-04-06T17:09:25.552277
  finished_at: 2026-04-06T17:14:54.647860
  source_csv_name: batch_input_43.csv
  task_mode: meta_only
  input_bvid_count: 100
  processed_count: 100
  success_count: 97
  failed_count: 3
  remaining_count: 3
  consecutive_failure_limit: 10
  stopped_due_to_consecutive_failures: False
  stop_reason: 当前子任务已结束，但仍有未成功抓取的视频，已导出 remaining CSV 供继续执行。
  log_file: logs/batch_crawl_part_43_20260406_171454.log
  remaining_file: remaining_bvids_part_43.csv

part_44:
  started_at: 2026-04-06T17:14:54.835843
  finished_at: 2026-04-06T17:30:42.108559
  source_csv_name: batch_input_44.csv
  task_mode: meta_only
  input_bvid_count: 100
  processed_count: 100
  success_count: 99
  failed_count: 1
  remaining_count: 1
  consecutive_failure_limit: 10
  stopped_due_to_consecutive_failures: False
  stop_reason: 当前子任务已结束，但仍有未成功抓取的视频，已导出 remaining CSV 供继续执行。
  log_file: logs/batch_crawl_part_44_20260406_173042.log
  remaining_file: remaining_bvids_part_44.csv

part_45:
  started_at: 2026-04-06T17:30:42.347216
  finished_at: 2026-04-06T17:36:26.308870
  source_csv_name: batch_input_45.csv
  task_mode: meta_only
  input_bvid_count: 100
  processed_count: 100
  success_count: 95
  failed_count: 5
  remaining_count: 5
  consecutive_failure_limit: 10
  stopped_due_to_consecutive_failures: False
  stop_reason: 当前子任务已结束，但仍有未成功抓取的视频，已导出 remaining CSV 供继续执行。
  log_file: logs/batch_crawl_part_45_20260406_173626.log
  remaining_file: remaining_bvids_part_45.csv

part_46:
  started_at: 2026-04-06T17:36:26.498963
  finished_at: 2026-04-06T17:42:04.620113
  source_csv_name: batch_input_46.csv
  task_mode: meta_only
  input_bvid_count: 100
  processed_count: 100
  success_count: 98
  failed_count: 2
  remaining_count: 2
  consecutive_failure_limit: 10
  stopped_due_to_consecutive_failures: False
  stop_reason: 当前子任务已结束，但仍有未成功抓取的视频，已导出 remaining CSV 供继续执行。
  log_file: logs/batch_crawl_part_46_20260406_174204.log
  remaining_file: remaining_bvids_part_46.csv

part_47:
  started_at: 2026-04-06T17:42:04.729630
  finished_at: 2026-04-06T17:48:44.406302
  source_csv_name: batch_input_47.csv
  task_mode: meta_only
  input_bvid_count: 100
  processed_count: 100
  success_count: 99
  failed_count: 1
  remaining_count: 1
  consecutive_failure_limit: 10
  stopped_due_to_consecutive_failures: False
  stop_reason: 当前子任务已结束，但仍有未成功抓取的视频，已导出 remaining CSV 供继续执行。
  log_file: logs/batch_crawl_part_47_20260406_174844.log
  remaining_file: remaining_bvids_part_47.csv

part_48:
  started_at: 2026-04-06T17:48:44.560956
  finished_at: 2026-04-06T17:54:22.582017
  source_csv_name: batch_input_48.csv
  task_mode: meta_only
  input_bvid_count: 100
  processed_count: 100
  success_count: 98
  failed_count: 2
  remaining_count: 2
  consecutive_failure_limit: 10
  stopped_due_to_consecutive_failures: False
  stop_reason: 当前子任务已结束，但仍有未成功抓取的视频，已导出 remaining CSV 供继续执行。
  log_file: logs/batch_crawl_part_48_20260406_175422.log
  remaining_file: remaining_bvids_part_48.csv

part_49:
  started_at: 2026-04-06T17:54:22.780087
  finished_at: 2026-04-06T18:10:17.278515
  source_csv_name: batch_input_49.csv
  task_mode: meta_only
  input_bvid_count: 100
  processed_count: 100
  success_count: 96
  failed_count: 4
  remaining_count: 4
  consecutive_failure_limit: 10
  stopped_due_to_consecutive_failures: False
  stop_reason: 当前子任务已结束，但仍有未成功抓取的视频，已导出 remaining CSV 供继续执行。
  log_file: logs/batch_crawl_part_49_20260406_181017.log
  remaining_file: remaining_bvids_part_49.csv

part_50:
  started_at: 2026-04-06T18:10:17.461746
  finished_at: 2026-04-06T18:16:07.111811
  source_csv_name: batch_input_50.csv
  task_mode: meta_only
  input_bvid_count: 100
  processed_count: 100
  success_count: 98
  failed_count: 2
  remaining_count: 2
  consecutive_failure_limit: 10
  stopped_due_to_consecutive_failures: False
  stop_reason: 当前子任务已结束，但仍有未成功抓取的视频，已导出 remaining CSV 供继续执行。
  log_file: logs/batch_crawl_part_50_20260406_181607.log
  remaining_file: remaining_bvids_part_50.csv

part_51:
  started_at: 2026-04-06T18:16:07.231623
  finished_at: 2026-04-06T18:21:45.468989
  source_csv_name: batch_input_51.csv
  task_mode: meta_only
  input_bvid_count: 100
  processed_count: 100
  success_count: 99
  failed_count: 1
  remaining_count: 1
  consecutive_failure_limit: 10
  stopped_due_to_consecutive_failures: False
  stop_reason: 当前子任务已结束，但仍有未成功抓取的视频，已导出 remaining CSV 供继续执行。
  log_file: logs/batch_crawl_part_51_20260406_182145.log
  remaining_file: remaining_bvids_part_51.csv

part_52:
  started_at: 2026-04-06T18:21:45.901057
  finished_at: 2026-04-06T18:27:33.273830
  source_csv_name: batch_input_52.csv
  task_mode: meta_only
  input_bvid_count: 100
  processed_count: 100
  success_count: 98
  failed_count: 2
  remaining_count: 2
  consecutive_failure_limit: 10
  stopped_due_to_consecutive_failures: False
  stop_reason: 当前子任务已结束，但仍有未成功抓取的视频，已导出 remaining CSV 供继续执行。
  log_file: logs/batch_crawl_part_52_20260406_182733.log
  remaining_file: remaining_bvids_part_52.csv

part_53:
  started_at: 2026-04-06T18:27:33.474940
  finished_at: 2026-04-06T18:33:58.667208
  source_csv_name: batch_input_53.csv
  task_mode: meta_only
  input_bvid_count: 100
  processed_count: 100
  success_count: 96
  failed_count: 4
  remaining_count: 4
  consecutive_failure_limit: 10
  stopped_due_to_consecutive_failures: False
  stop_reason: 当前子任务已结束，但仍有未成功抓取的视频，已导出 remaining CSV 供继续执行。
  log_file: logs/batch_crawl_part_53_20260406_183358.log
  remaining_file: remaining_bvids_part_53.csv

part_54:
  started_at: 2026-04-06T18:33:58.835856
  finished_at: 2026-04-06T19:01:42.396234
  source_csv_name: batch_input_54.csv
  task_mode: meta_only
  input_bvid_count: 100
  processed_count: 100
  success_count: 98
  failed_count: 2
  remaining_count: 2
  consecutive_failure_limit: 10
  stopped_due_to_consecutive_failures: False
  stop_reason: 当前子任务已结束，但仍有未成功抓取的视频，已导出 remaining CSV 供继续执行。
  log_file: logs/batch_crawl_part_54_20260406_190142.log
  remaining_file: remaining_bvids_part_54.csv

part_55:
  started_at: 2026-04-06T19:01:42.585394
  finished_at: 2026-04-06T19:17:30.307072
  source_csv_name: batch_input_55.csv
  task_mode: meta_only
  input_bvid_count: 100
  processed_count: 100
  success_count: 98
  failed_count: 2
  remaining_count: 2
  consecutive_failure_limit: 10
  stopped_due_to_consecutive_failures: False
  stop_reason: 当前子任务已结束，但仍有未成功抓取的视频，已导出 remaining CSV 供继续执行。
  log_file: logs/batch_crawl_part_55_20260406_191730.log
  remaining_file: remaining_bvids_part_55.csv

part_56:
  started_at: 2026-04-06T19:17:30.534929
  finished_at: 2026-04-06T19:33:40.802987
  source_csv_name: batch_input_56.csv
  task_mode: meta_only
  input_bvid_count: 100
  processed_count: 100
  success_count: 99
  failed_count: 1
  remaining_count: 1
  consecutive_failure_limit: 10
  stopped_due_to_consecutive_failures: False
  stop_reason: 当前子任务已结束，但仍有未成功抓取的视频，已导出 remaining CSV 供继续执行。
  log_file: logs/batch_crawl_part_56_20260406_193340.log
  remaining_file: remaining_bvids_part_56.csv

part_57:
  started_at: 2026-04-06T19:33:41.035291
  finished_at: 2026-04-06T19:39:15.401567
  source_csv_name: batch_input_57.csv
  task_mode: meta_only
  input_bvid_count: 100
  processed_count: 100
  success_count: 95
  failed_count: 5
  remaining_count: 5
  consecutive_failure_limit: 10
  stopped_due_to_consecutive_failures: False
  stop_reason: 当前子任务已结束，但仍有未成功抓取的视频，已导出 remaining CSV 供继续执行。
  log_file: logs/batch_crawl_part_57_20260406_193915.log
  remaining_file: remaining_bvids_part_57.csv

part_58:
  started_at: 2026-04-06T19:39:15.545138
  finished_at: 2026-04-06T19:55:04.199566
  source_csv_name: batch_input_58.csv
  task_mode: meta_only
  input_bvid_count: 100
  processed_count: 100
  success_count: 98
  failed_count: 2
  remaining_count: 2
  consecutive_failure_limit: 10
  stopped_due_to_consecutive_failures: False
  stop_reason: 当前子任务已结束，但仍有未成功抓取的视频，已导出 remaining CSV 供继续执行。
  log_file: logs/batch_crawl_part_58_20260406_195504.log
  remaining_file: remaining_bvids_part_58.csv

part_59:
  started_at: 2026-04-06T19:55:04.466534
  finished_at: 2026-04-06T20:01:11.866312
  source_csv_name: batch_input_59.csv
  task_mode: meta_only
  input_bvid_count: 100
  processed_count: 100
  success_count: 99
  failed_count: 1
  remaining_count: 1
  consecutive_failure_limit: 10
  stopped_due_to_consecutive_failures: False
  stop_reason: 当前子任务已结束，但仍有未成功抓取的视频，已导出 remaining CSV 供继续执行。
  log_file: logs/batch_crawl_part_59_20260406_200111.log
  remaining_file: remaining_bvids_part_59.csv

part_60:
  started_at: 2026-04-06T20:01:12.014081
  finished_at: 2026-04-06T20:06:48.039237
  source_csv_name: batch_input_60.csv
  task_mode: meta_only
  input_bvid_count: 100
  processed_count: 100
  success_count: 93
  failed_count: 7
  remaining_count: 7
  consecutive_failure_limit: 10
  stopped_due_to_consecutive_failures: False
  stop_reason: 当前子任务已结束，但仍有未成功抓取的视频，已导出 remaining CSV 供继续执行。
  log_file: logs/batch_crawl_part_60_20260406_200648.log
  remaining_file: remaining_bvids_part_60.csv

part_61:
  started_at: 2026-04-06T20:06:48.154815
  finished_at: 2026-04-06T20:12:54.724003
  source_csv_name: batch_input_61.csv
  task_mode: meta_only
  input_bvid_count: 100
  processed_count: 100
  success_count: 96
  failed_count: 4
  remaining_count: 4
  consecutive_failure_limit: 10
  stopped_due_to_consecutive_failures: False
  stop_reason: 当前子任务已结束，但仍有未成功抓取的视频，已导出 remaining CSV 供继续执行。
  log_file: logs/batch_crawl_part_61_20260406_201254.log
  remaining_file: remaining_bvids_part_61.csv

part_62:
  started_at: 2026-04-06T20:12:54.874354
  finished_at: 2026-04-06T20:18:34.073492
  source_csv_name: batch_input_62.csv
  task_mode: meta_only
  input_bvid_count: 100
  processed_count: 100
  success_count: 98
  failed_count: 2
  remaining_count: 2
  consecutive_failure_limit: 10
  stopped_due_to_consecutive_failures: False
  stop_reason: 当前子任务已结束，但仍有未成功抓取的视频，已导出 remaining CSV 供继续执行。
  log_file: logs/batch_crawl_part_62_20260406_201834.log
  remaining_file: remaining_bvids_part_62.csv

part_63:
  started_at: 2026-04-06T20:18:34.186427
  finished_at: 2026-04-06T20:24:32.983056
  source_csv_name: batch_input_63.csv
  task_mode: meta_only
  input_bvid_count: 100
  processed_count: 100
  success_count: 97
  failed_count: 3
  remaining_count: 3
  consecutive_failure_limit: 10
  stopped_due_to_consecutive_failures: False
  stop_reason: 当前子任务已结束，但仍有未成功抓取的视频，已导出 remaining CSV 供继续执行。
  log_file: logs/batch_crawl_part_63_20260406_202432.log
  remaining_file: remaining_bvids_part_63.csv

part_64:
  started_at: 2026-04-06T20:24:33.120666
  finished_at: 2026-04-06T20:30:12.495845
  source_csv_name: batch_input_64.csv
  task_mode: meta_only
  input_bvid_count: 100
  processed_count: 100
  success_count: 98
  failed_count: 2
  remaining_count: 2
  consecutive_failure_limit: 10
  stopped_due_to_consecutive_failures: False
  stop_reason: 当前子任务已结束，但仍有未成功抓取的视频，已导出 remaining CSV 供继续执行。
  log_file: logs/batch_crawl_part_64_20260406_203012.log
  remaining_file: remaining_bvids_part_64.csv

part_65:
  started_at: 2026-04-06T20:30:12.603161
  finished_at: 2026-04-06T20:36:14.011357
  source_csv_name: batch_input_65.csv
  task_mode: meta_only
  input_bvid_count: 100
  processed_count: 100
  success_count: 99
  failed_count: 1
  remaining_count: 1
  consecutive_failure_limit: 10
  stopped_due_to_consecutive_failures: False
  stop_reason: 当前子任务已结束，但仍有未成功抓取的视频，已导出 remaining CSV 供继续执行。
  log_file: logs/batch_crawl_part_65_20260406_203614.log
  remaining_file: remaining_bvids_part_65.csv

part_66:
  started_at: 2026-04-06T20:36:14.140317
  finished_at: 2026-04-06T20:50:23.181411
  source_csv_name: batch_input_66.csv
  task_mode: meta_only
  input_bvid_count: 100
  processed_count: 100
  success_count: 99
  failed_count: 1
  remaining_count: 1
  consecutive_failure_limit: 10
  stopped_due_to_consecutive_failures: False
  stop_reason: 当前子任务已结束，但仍有未成功抓取的视频，已导出 remaining CSV 供继续执行。
  log_file: logs/batch_crawl_part_66_20260406_205023.log
  remaining_file: remaining_bvids_part_66.csv

part_67:
  started_at: 2026-04-06T20:50:23.401882
  finished_at: 2026-04-06T20:56:22.192169
  source_csv_name: batch_input_67.csv
  task_mode: meta_only
  input_bvid_count: 100
  processed_count: 100
  success_count: 98
  failed_count: 2
  remaining_count: 2
  consecutive_failure_limit: 10
  stopped_due_to_consecutive_failures: False
  stop_reason: 当前子任务已结束，但仍有未成功抓取的视频，已导出 remaining CSV 供继续执行。
  log_file: logs/batch_crawl_part_67_20260406_205622.log
  remaining_file: remaining_bvids_part_67.csv

part_68:
  started_at: 2026-04-06T20:56:22.444757
  finished_at: 2026-04-06T21:04:02.759019
  source_csv_name: batch_input_68.csv
  task_mode: meta_only
  input_bvid_count: 100
  processed_count: 100
  success_count: 98
  failed_count: 2
  remaining_count: 2
  consecutive_failure_limit: 10
  stopped_due_to_consecutive_failures: False
  stop_reason: 当前子任务已结束，但仍有未成功抓取的视频，已导出 remaining CSV 供继续执行。
  log_file: logs/batch_crawl_part_68_20260406_210402.log
  remaining_file: remaining_bvids_part_68.csv

part_69:
  started_at: 2026-04-06T21:04:02.870239
  finished_at: 2026-04-06T21:10:23.121295
  source_csv_name: batch_input_69.csv
  task_mode: meta_only
  input_bvid_count: 100
  processed_count: 100
  success_count: 99
  failed_count: 1
  remaining_count: 1
  consecutive_failure_limit: 10
  stopped_due_to_consecutive_failures: False
  stop_reason: 当前子任务已结束，但仍有未成功抓取的视频，已导出 remaining CSV 供继续执行。
  log_file: logs/batch_crawl_part_69_20260406_211023.log
  remaining_file: remaining_bvids_part_69.csv

part_70:
  started_at: 2026-04-06T21:10:23.329367
  finished_at: 2026-04-06T21:22:46.494317
  source_csv_name: batch_input_70.csv
  task_mode: meta_only
  input_bvid_count: 100
  processed_count: 100
  success_count: 98
  failed_count: 2
  remaining_count: 2
  consecutive_failure_limit: 10
  stopped_due_to_consecutive_failures: False
  stop_reason: 当前子任务已结束，但仍有未成功抓取的视频，已导出 remaining CSV 供继续执行。
  log_file: logs/batch_crawl_part_70_20260406_212246.log
  remaining_file: remaining_bvids_part_70.csv

part_71:
  started_at: 2026-04-06T21:22:46.682413
  finished_at: 2026-04-06T21:28:22.914924
  source_csv_name: batch_input_71.csv
  task_mode: meta_only
  input_bvid_count: 100
  processed_count: 100
  success_count: 98
  failed_count: 2
  remaining_count: 2
  consecutive_failure_limit: 10
  stopped_due_to_consecutive_failures: False
  stop_reason: 当前子任务已结束，但仍有未成功抓取的视频，已导出 remaining CSV 供继续执行。
  log_file: logs/batch_crawl_part_71_20260406_212822.log
  remaining_file: remaining_bvids_part_71.csv

part_72:
  started_at: 2026-04-06T21:28:23.197908
  finished_at: 2026-04-06T21:34:17.768874
  source_csv_name: batch_input_72.csv
  task_mode: meta_only
  input_bvid_count: 100
  processed_count: 100
  success_count: 99
  failed_count: 1
  remaining_count: 1
  consecutive_failure_limit: 10
  stopped_due_to_consecutive_failures: False
  stop_reason: 当前子任务已结束，但仍有未成功抓取的视频，已导出 remaining CSV 供继续执行。
  log_file: logs/batch_crawl_part_72_20260406_213417.log
  remaining_file: remaining_bvids_part_72.csv

part_73:
  started_at: 2026-04-06T21:34:17.960928
  finished_at: 2026-04-06T21:50:20.825497
  source_csv_name: batch_input_73.csv
  task_mode: meta_only
  input_bvid_count: 100
  processed_count: 100
  success_count: 100
  failed_count: 0
  remaining_count: 0
  consecutive_failure_limit: 10
  stopped_due_to_consecutive_failures: False
  stop_reason: 当前 batch_crawl 已完成，所有视频均已成功抓取。
  log_file: logs/batch_crawl_part_73_20260406_215020.log
  remaining_file:
[TIMESTAMP][END] 2026-04-06T21:50:20
