[TIMESTAMP][BEGIN] 2026-04-06T12:13:23.315162
Bilibili Video Data Crawler Batch Crawl Summary
session_dir: outputs\video_data\manual_crawls\manual_crawl_meta_mode_A_20260406_121323
session_started_at: 2026-04-06T12:13:23.315162
session_completed_at: 2026-04-06T15:01:00.764647
original_csv_name: batch_input_1.csv
task_mode: meta_only
original_bvid_count: 100
part_count: 27
interruption_count: 0
completed_all: True

part_1:
  started_at: 2026-04-06T12:13:23.315162
  finished_at: 2026-04-06T12:18:33.165973
  source_csv_name: batch_input_1.csv
  task_mode: meta_only
  input_bvid_count: 100
  processed_count: 100
  success_count: 98
  failed_count: 2
  remaining_count: 2
  consecutive_failure_limit: 10
  stopped_due_to_consecutive_failures: False
  stop_reason: 当前子任务已结束，但仍有未成功抓取的视频，已导出 remaining CSV 供继续执行。
  log_file: logs/batch_crawl_part_1_20260406_121833.log
  remaining_file: remaining_bvids_part_1.csv

part_2:
  started_at: 2026-04-06T12:18:33.544488
  finished_at: 2026-04-06T12:23:40.540529
  source_csv_name: batch_input_2.csv
  task_mode: meta_only
  input_bvid_count: 100
  processed_count: 100
  success_count: 99
  failed_count: 1
  remaining_count: 1
  consecutive_failure_limit: 10
  stopped_due_to_consecutive_failures: False
  stop_reason: 当前子任务已结束，但仍有未成功抓取的视频，已导出 remaining CSV 供继续执行。
  log_file: logs/batch_crawl_part_2_20260406_122340.log
  remaining_file: remaining_bvids_part_2.csv

part_3:
  started_at: 2026-04-06T12:23:40.631402
  finished_at: 2026-04-06T12:32:54.670121
  source_csv_name: batch_input_3.csv
  task_mode: meta_only
  input_bvid_count: 100
  processed_count: 100
  success_count: 99
  failed_count: 1
  remaining_count: 1
  consecutive_failure_limit: 10
  stopped_due_to_consecutive_failures: False
  stop_reason: 当前子任务已结束，但仍有未成功抓取的视频，已导出 remaining CSV 供继续执行。
  log_file: logs/batch_crawl_part_3_20260406_123254.log
  remaining_file: remaining_bvids_part_3.csv

part_4:
  started_at: 2026-04-06T12:32:54.766617
  finished_at: 2026-04-06T12:37:51.144758
  source_csv_name: batch_input_4.csv
  task_mode: meta_only
  input_bvid_count: 100
  processed_count: 100
  success_count: 97
  failed_count: 3
  remaining_count: 3
  consecutive_failure_limit: 10
  stopped_due_to_consecutive_failures: False
  stop_reason: 当前子任务已结束，但仍有未成功抓取的视频，已导出 remaining CSV 供继续执行。
  log_file: logs/batch_crawl_part_4_20260406_123751.log
  remaining_file: remaining_bvids_part_4.csv

part_5:
  started_at: 2026-04-06T12:37:51.345257
  finished_at: 2026-04-06T12:43:05.345951
  source_csv_name: batch_input_5.csv
  task_mode: meta_only
  input_bvid_count: 100
  processed_count: 100
  success_count: 99
  failed_count: 1
  remaining_count: 1
  consecutive_failure_limit: 10
  stopped_due_to_consecutive_failures: False
  stop_reason: 当前子任务已结束，但仍有未成功抓取的视频，已导出 remaining CSV 供继续执行。
  log_file: logs/batch_crawl_part_5_20260406_124305.log
  remaining_file: remaining_bvids_part_5.csv

part_6:
  started_at: 2026-04-06T12:43:05.445946
  finished_at: 2026-04-06T12:48:04.193416
  source_csv_name: batch_input_6.csv
  task_mode: meta_only
  input_bvid_count: 100
  processed_count: 100
  success_count: 97
  failed_count: 3
  remaining_count: 3
  consecutive_failure_limit: 10
  stopped_due_to_consecutive_failures: False
  stop_reason: 当前子任务已结束，但仍有未成功抓取的视频，已导出 remaining CSV 供继续执行。
  log_file: logs/batch_crawl_part_6_20260406_124804.log
  remaining_file: remaining_bvids_part_6.csv

part_7:
  started_at: 2026-04-06T12:48:04.345127
  finished_at: 2026-04-06T12:53:07.124918
  source_csv_name: batch_input_7.csv
  task_mode: meta_only
  input_bvid_count: 100
  processed_count: 100
  success_count: 99
  failed_count: 1
  remaining_count: 1
  consecutive_failure_limit: 10
  stopped_due_to_consecutive_failures: False
  stop_reason: 当前子任务已结束，但仍有未成功抓取的视频，已导出 remaining CSV 供继续执行。
  log_file: logs/batch_crawl_part_7_20260406_125307.log
  remaining_file: remaining_bvids_part_7.csv

part_8:
  started_at: 2026-04-06T12:53:07.299203
  finished_at: 2026-04-06T12:58:11.645649
  source_csv_name: batch_input_8.csv
  task_mode: meta_only
  input_bvid_count: 100
  processed_count: 100
  success_count: 96
  failed_count: 4
  remaining_count: 4
  consecutive_failure_limit: 10
  stopped_due_to_consecutive_failures: False
  stop_reason: 当前子任务已结束，但仍有未成功抓取的视频，已导出 remaining CSV 供继续执行。
  log_file: logs/batch_crawl_part_8_20260406_125811.log
  remaining_file: remaining_bvids_part_8.csv

part_9:
  started_at: 2026-04-06T12:58:11.754947
  finished_at: 2026-04-06T13:03:12.929407
  source_csv_name: batch_input_9.csv
  task_mode: meta_only
  input_bvid_count: 100
  processed_count: 100
  success_count: 95
  failed_count: 5
  remaining_count: 5
  consecutive_failure_limit: 10
  stopped_due_to_consecutive_failures: False
  stop_reason: 当前子任务已结束，但仍有未成功抓取的视频，已导出 remaining CSV 供继续执行。
  log_file: logs/batch_crawl_part_9_20260406_130312.log
  remaining_file: remaining_bvids_part_9.csv

part_10:
  started_at: 2026-04-06T13:03:13.025384
  finished_at: 2026-04-06T13:08:41.807306
  source_csv_name: batch_input_10.csv
  task_mode: meta_only
  input_bvid_count: 100
  processed_count: 100
  success_count: 99
  failed_count: 1
  remaining_count: 1
  consecutive_failure_limit: 10
  stopped_due_to_consecutive_failures: False
  stop_reason: 当前子任务已结束，但仍有未成功抓取的视频，已导出 remaining CSV 供继续执行。
  log_file: logs/batch_crawl_part_10_20260406_130841.log
  remaining_file: remaining_bvids_part_10.csv

part_11:
  started_at: 2026-04-06T13:08:41.984300
  finished_at: 2026-04-06T13:13:51.278493
  source_csv_name: batch_input_11.csv
  task_mode: meta_only
  input_bvid_count: 100
  processed_count: 100
  success_count: 98
  failed_count: 2
  remaining_count: 2
  consecutive_failure_limit: 10
  stopped_due_to_consecutive_failures: False
  stop_reason: 当前子任务已结束，但仍有未成功抓取的视频，已导出 remaining CSV 供继续执行。
  log_file: logs/batch_crawl_part_11_20260406_131351.log
  remaining_file: remaining_bvids_part_11.csv

part_12:
  started_at: 2026-04-06T13:13:51.428764
  finished_at: 2026-04-06T13:30:59.685194
  source_csv_name: batch_input_12.csv
  task_mode: meta_only
  input_bvid_count: 100
  processed_count: 100
  success_count: 97
  failed_count: 3
  remaining_count: 3
  consecutive_failure_limit: 10
  stopped_due_to_consecutive_failures: False
  stop_reason: 当前子任务已结束，但仍有未成功抓取的视频，已导出 remaining CSV 供继续执行。
  log_file: logs/batch_crawl_part_12_20260406_133059.log
  remaining_file: remaining_bvids_part_12.csv

part_13:
  started_at: 2026-04-06T13:30:59.891543
  finished_at: 2026-04-06T13:36:24.697008
  source_csv_name: batch_input_13.csv
  task_mode: meta_only
  input_bvid_count: 100
  processed_count: 100
  success_count: 98
  failed_count: 2
  remaining_count: 2
  consecutive_failure_limit: 10
  stopped_due_to_consecutive_failures: False
  stop_reason: 当前子任务已结束，但仍有未成功抓取的视频，已导出 remaining CSV 供继续执行。
  log_file: logs/batch_crawl_part_13_20260406_133624.log
  remaining_file: remaining_bvids_part_13.csv

part_14:
  started_at: 2026-04-06T13:36:24.859376
  finished_at: 2026-04-06T13:41:35.944890
  source_csv_name: batch_input_14.csv
  task_mode: meta_only
  input_bvid_count: 100
  processed_count: 100
  success_count: 100
  failed_count: 0
  remaining_count: 0
  consecutive_failure_limit: 10
  stopped_due_to_consecutive_failures: False
  stop_reason: 当前 batch_crawl 已完成，所有视频均已成功抓取。
  log_file: logs/batch_crawl_part_14_20260406_134135.log
  remaining_file: 

part_15:
  started_at: 2026-04-06T13:41:36.056980
  finished_at: 2026-04-06T13:46:49.357198
  source_csv_name: batch_input_15.csv
  task_mode: meta_only
  input_bvid_count: 100
  processed_count: 100
  success_count: 96
  failed_count: 4
  remaining_count: 4
  consecutive_failure_limit: 10
  stopped_due_to_consecutive_failures: False
  stop_reason: 当前子任务已结束，但仍有未成功抓取的视频，已导出 remaining CSV 供继续执行。
  log_file: logs/batch_crawl_part_15_20260406_134649.log
  remaining_file: remaining_bvids_part_15.csv

part_16:
  started_at: 2026-04-06T13:46:49.546482
  finished_at: 2026-04-06T13:51:55.900077
  source_csv_name: batch_input_16.csv
  task_mode: meta_only
  input_bvid_count: 100
  processed_count: 100
  success_count: 99
  failed_count: 1
  remaining_count: 1
  consecutive_failure_limit: 10
  stopped_due_to_consecutive_failures: False
  stop_reason: 当前子任务已结束，但仍有未成功抓取的视频，已导出 remaining CSV 供继续执行。
  log_file: logs/batch_crawl_part_16_20260406_135155.log
  remaining_file: remaining_bvids_part_16.csv

part_17:
  started_at: 2026-04-06T13:51:55.999257
  finished_at: 2026-04-06T13:57:24.575156
  source_csv_name: batch_input_17.csv
  task_mode: meta_only
  input_bvid_count: 100
  processed_count: 100
  success_count: 99
  failed_count: 1
  remaining_count: 1
  consecutive_failure_limit: 10
  stopped_due_to_consecutive_failures: False
  stop_reason: 当前子任务已结束，但仍有未成功抓取的视频，已导出 remaining CSV 供继续执行。
  log_file: logs/batch_crawl_part_17_20260406_135724.log
  remaining_file: remaining_bvids_part_17.csv

part_18:
  started_at: 2026-04-06T13:57:24.674127
  finished_at: 2026-04-06T14:03:18.560285
  source_csv_name: batch_input_18.csv
  task_mode: meta_only
  input_bvid_count: 100
  processed_count: 100
  success_count: 97
  failed_count: 3
  remaining_count: 3
  consecutive_failure_limit: 10
  stopped_due_to_consecutive_failures: False
  stop_reason: 当前子任务已结束，但仍有未成功抓取的视频，已导出 remaining CSV 供继续执行。
  log_file: logs/batch_crawl_part_18_20260406_140318.log
  remaining_file: remaining_bvids_part_18.csv

part_19:
  started_at: 2026-04-06T14:03:18.659834
  finished_at: 2026-04-06T14:08:30.938381
  source_csv_name: batch_input_19.csv
  task_mode: meta_only
  input_bvid_count: 100
  processed_count: 100
  success_count: 96
  failed_count: 4
  remaining_count: 4
  consecutive_failure_limit: 10
  stopped_due_to_consecutive_failures: False
  stop_reason: 当前子任务已结束，但仍有未成功抓取的视频，已导出 remaining CSV 供继续执行。
  log_file: logs/batch_crawl_part_19_20260406_140830.log
  remaining_file: remaining_bvids_part_19.csv

part_20:
  started_at: 2026-04-06T14:08:31.103217
  finished_at: 2026-04-06T14:24:00.808321
  source_csv_name: batch_input_20.csv
  task_mode: meta_only
  input_bvid_count: 100
  processed_count: 100
  success_count: 99
  failed_count: 1
  remaining_count: 1
  consecutive_failure_limit: 10
  stopped_due_to_consecutive_failures: False
  stop_reason: 当前子任务已结束，但仍有未成功抓取的视频，已导出 remaining CSV 供继续执行。
  log_file: logs/batch_crawl_part_20_20260406_142400.log
  remaining_file: remaining_bvids_part_20.csv

part_21:
  started_at: 2026-04-06T14:24:01.000319
  finished_at: 2026-04-06T14:29:23.983215
  source_csv_name: batch_input_21.csv
  task_mode: meta_only
  input_bvid_count: 100
  processed_count: 100
  success_count: 99
  failed_count: 1
  remaining_count: 1
  consecutive_failure_limit: 10
  stopped_due_to_consecutive_failures: False
  stop_reason: 当前子任务已结束，但仍有未成功抓取的视频，已导出 remaining CSV 供继续执行。
  log_file: logs/batch_crawl_part_21_20260406_142923.log
  remaining_file: remaining_bvids_part_21.csv

part_22:
  started_at: 2026-04-06T14:29:24.130949
  finished_at: 2026-04-06T14:34:55.705835
  source_csv_name: batch_input_22.csv
  task_mode: meta_only
  input_bvid_count: 100
  processed_count: 100
  success_count: 99
  failed_count: 1
  remaining_count: 1
  consecutive_failure_limit: 10
  stopped_due_to_consecutive_failures: False
  stop_reason: 当前子任务已结束，但仍有未成功抓取的视频，已导出 remaining CSV 供继续执行。
  log_file: logs/batch_crawl_part_22_20260406_143455.log
  remaining_file: remaining_bvids_part_22.csv

part_23:
  started_at: 2026-04-06T14:34:55.855206
  finished_at: 2026-04-06T14:40:12.689056
  source_csv_name: batch_input_23.csv
  task_mode: meta_only
  input_bvid_count: 100
  processed_count: 100
  success_count: 99
  failed_count: 1
  remaining_count: 1
  consecutive_failure_limit: 10
  stopped_due_to_consecutive_failures: False
  stop_reason: 当前子任务已结束，但仍有未成功抓取的视频，已导出 remaining CSV 供继续执行。
  log_file: logs/batch_crawl_part_23_20260406_144012.log
  remaining_file: remaining_bvids_part_23.csv

part_24:
  started_at: 2026-04-06T14:40:12.888601
  finished_at: 2026-04-06T14:45:23.272204
  source_csv_name: batch_input_24.csv
  task_mode: meta_only
  input_bvid_count: 100
  processed_count: 100
  success_count: 96
  failed_count: 4
  remaining_count: 4
  consecutive_failure_limit: 10
  stopped_due_to_consecutive_failures: False
  stop_reason: 当前子任务已结束，但仍有未成功抓取的视频，已导出 remaining CSV 供继续执行。
  log_file: logs/batch_crawl_part_24_20260406_144523.log
  remaining_file: remaining_bvids_part_24.csv

part_25:
  started_at: 2026-04-06T14:45:23.373109
  finished_at: 2026-04-06T14:50:33.956821
  source_csv_name: batch_input_25.csv
  task_mode: meta_only
  input_bvid_count: 100
  processed_count: 100
  success_count: 98
  failed_count: 2
  remaining_count: 2
  consecutive_failure_limit: 10
  stopped_due_to_consecutive_failures: False
  stop_reason: 当前子任务已结束，但仍有未成功抓取的视频，已导出 remaining CSV 供继续执行。
  log_file: logs/batch_crawl_part_25_20260406_145033.log
  remaining_file: remaining_bvids_part_25.csv

part_26:
  started_at: 2026-04-06T14:50:34.062634
  finished_at: 2026-04-06T14:55:32.932372
  source_csv_name: batch_input_26.csv
  task_mode: meta_only
  input_bvid_count: 100
  processed_count: 100
  success_count: 98
  failed_count: 2
  remaining_count: 2
  consecutive_failure_limit: 10
  stopped_due_to_consecutive_failures: False
  stop_reason: 当前子任务已结束，但仍有未成功抓取的视频，已导出 remaining CSV 供继续执行。
  log_file: logs/batch_crawl_part_26_20260406_145532.log
  remaining_file: remaining_bvids_part_26.csv

part_27:
  started_at: 2026-04-06T14:55:33.030450
  finished_at: 2026-04-06T15:01:00.764647
  source_csv_name: batch_input_27.csv
  task_mode: meta_only
  input_bvid_count: 100
  processed_count: 100
  success_count: 100
  failed_count: 0
  remaining_count: 0
  consecutive_failure_limit: 10
  stopped_due_to_consecutive_failures: False
  stop_reason: 当前 batch_crawl 已完成，所有视频均已成功抓取。
  log_file: logs/batch_crawl_part_27_20260406_150100.log
  remaining_file:
[TIMESTAMP][END] 2026-04-06T15:01:00
