[TIMESTAMP][BEGIN] 2026-04-13T16:55:43
[INFO]: 已创建新的 uid_expansion 会话目录：outputs/video_pool/uid_expansions/uid_expansion_20260325_20260413_165543（start_date=2026-03-25，task_started_at=2026-04-13T16:55:43）。
[INFO]: 历史任务增量检查完成：509 个作者命中过往 original_uids，0 个作者按全局 start_date 抓取；命中历史的作者将从其最近一次任务开始日（含当天）继续抓取。
[INFO]: 开始处理第 1/26 批作者，共 20 个。
[INFO]: 第 1/26 批完成，新增 18 条视频，累计 18 条。
[INFO]: 批次间暂停 8 秒，降低请求频率。
[INFO]: 开始处理第 2/26 批作者，共 20 个。
[WARN]: 作者 67141499 抓取失败，已跳过。原因：网络错误，状态码：412 - <!DOCTYPE html> <html lang="zh-cn"> <head> <meta http-equiv="Access-Control-Allow-Origin" content="*" /> <meta http-equiv="Page-Enter" content...
[INFO]: 第 2/26 批完成，新增 20 条视频，累计 38 条。
[WARN]: 本批有 1 个作者抓取失败。
[INFO]: 批次间暂停 8 秒，降低请求频率。
[INFO]: 开始处理第 3/26 批作者，共 20 个。
[INFO]: 第 3/26 批完成，新增 16 条视频，累计 54 条。
[INFO]: 批次间暂停 8 秒，降低请求频率。
[INFO]: 开始处理第 4/26 批作者，共 20 个。
[WARN]: 作者 11429061 抓取失败，已跳过。原因：网络错误，状态码：412 - <!DOCTYPE html> <html lang="zh-cn"> <head> <meta http-equiv="Access-Control-Allow-Origin" content="*" /> <meta http-equiv="Page-Enter" content...
[INFO]: 第 4/26 批完成，新增 8 条视频，累计 62 条。
[WARN]: 本批有 1 个作者抓取失败。
[INFO]: 批次间暂停 8 秒，降低请求频率。
[INFO]: 开始处理第 5/26 批作者，共 20 个。
[WARN]: 作者 8096990 抓取失败，已跳过。原因：网络错误，状态码：412 - <!DOCTYPE html> <html lang="zh-cn"> <head> <meta http-equiv="Access-Control-Allow-Origin" content="*" /> <meta http-equiv="Page-Enter" content...
[INFO]: 第 5/26 批完成，新增 4 条视频，累计 66 条。
[WARN]: 本批有 1 个作者抓取失败。
[INFO]: 批次间暂停 8 秒，降低请求频率。
[INFO]: 开始处理第 6/26 批作者，共 20 个。
[WARN]: 作者 11646119 抓取失败，已跳过。原因：网络错误，状态码：412 - <!DOCTYPE html> <html lang="zh-cn"> <head> <meta http-equiv="Access-Control-Allow-Origin" content="*" /> <meta http-equiv="Page-Enter" content...
[WARN]: 作者 250111460 抓取失败，已跳过。原因：网络错误，状态码：412 - <!DOCTYPE html> <html lang="zh-cn"> <head> <meta http-equiv="Access-Control-Allow-Origin" content="*" /> <meta http-equiv="Page-Enter" content...
[INFO]: 第 6/26 批完成，新增 16 条视频，累计 82 条。
[WARN]: 本批有 2 个作者抓取失败。
[INFO]: 批次间暂停 8 秒，降低请求频率。
[INFO]: 开始处理第 7/26 批作者，共 20 个。
[INFO]: 第 7/26 批完成，新增 4 条视频，累计 86 条。
[INFO]: 批次间暂停 8 秒，降低请求频率。
[INFO]: 开始处理第 8/26 批作者，共 20 个。
[WARN]: 作者 16720403 抓取失败，已跳过。原因：网络错误，状态码：412 - <!DOCTYPE html> <html lang="zh-cn"> <head> <meta http-equiv="Access-Control-Allow-Origin" content="*" /> <meta http-equiv="Page-Enter" content...
[INFO]: 第 8/26 批完成，新增 8 条视频，累计 94 条。
[WARN]: 本批有 1 个作者抓取失败。
[INFO]: 批次间暂停 8 秒，降低请求频率。
[INFO]: 开始处理第 9/26 批作者，共 20 个。
[WARN]: 作者 646732586 抓取失败，已跳过。原因：网络错误，状态码：412 - <!DOCTYPE html> <html lang="zh-cn"> <head> <meta http-equiv="Access-Control-Allow-Origin" content="*" /> <meta http-equiv="Page-Enter" content...
[WARN]: 作者 3546756077848946 抓取失败，已跳过。原因：网络错误，状态码：412 - <!DOCTYPE html> <html lang="zh-cn"> <head> <meta http-equiv="Access-Control-Allow-Origin" content="*" /> <meta http-equiv="Page-Enter" content...
[INFO]: 第 9/26 批完成，新增 25 条视频，累计 119 条。
[WARN]: 本批有 2 个作者抓取失败。
[INFO]: 批次间暂停 8 秒，降低请求频率。
[INFO]: 开始处理第 10/26 批作者，共 20 个。
[WARN]: 作者 105022844 抓取失败，已跳过。原因：网络错误，状态码：412 - <!DOCTYPE html> <html lang="zh-cn"> <head> <meta http-equiv="Access-Control-Allow-Origin" content="*" /> <meta http-equiv="Page-Enter" content...
[INFO]: 第 10/26 批完成，新增 93 条视频，累计 212 条。
[WARN]: 本批有 1 个作者抓取失败。
[INFO]: 批次间暂停 8 秒，降低请求频率。
[INFO]: 开始处理第 11/26 批作者，共 20 个。
[WARN]: 作者 106320250 抓取失败，已跳过。原因：网络错误，状态码：412 - <!DOCTYPE html> <html lang="zh-cn"> <head> <meta http-equiv="Access-Control-Allow-Origin" content="*" /> <meta http-equiv="Page-Enter" content...
[INFO]: 第 11/26 批完成，新增 23 条视频，累计 235 条。
[WARN]: 本批有 1 个作者抓取失败。
[INFO]: 批次间暂停 8 秒，降低请求频率。
[INFO]: 开始处理第 12/26 批作者，共 20 个。
[WARN]: 作者 2029306 抓取失败，已跳过。原因：网络错误，状态码：412 - <!DOCTYPE html> <html lang="zh-cn"> <head> <meta http-equiv="Access-Control-Allow-Origin" content="*" /> <meta http-equiv="Page-Enter" content...
[INFO]: 第 12/26 批完成，新增 8 条视频，累计 243 条。
[WARN]: 本批有 1 个作者抓取失败。
[INFO]: 批次间暂停 8 秒，降低请求频率。
[INFO]: 开始处理第 13/26 批作者，共 20 个。
[INFO]: 第 13/26 批完成，新增 28 条视频，累计 271 条。
[INFO]: 批次间暂停 8 秒，降低请求频率。
[INFO]: 开始处理第 14/26 批作者，共 20 个。
[INFO]: 第 14/26 批完成，新增 7 条视频，累计 278 条。
[INFO]: 批次间暂停 8 秒，降低请求频率。
[INFO]: 开始处理第 15/26 批作者，共 20 个。
[INFO]: 第 15/26 批完成，新增 33 条视频，累计 311 条。
[INFO]: 批次间暂停 8 秒，降低请求频率。
[INFO]: 开始处理第 16/26 批作者，共 20 个。
[WARN]: 作者 10948471 抓取失败，已跳过。原因：网络错误，状态码：412 - <!DOCTYPE html> <html lang="zh-cn"> <head> <meta http-equiv="Access-Control-Allow-Origin" content="*" /> <meta http-equiv="Page-Enter" content...
[INFO]: 第 16/26 批完成，新增 29 条视频，累计 340 条。
[WARN]: 本批有 1 个作者抓取失败。
[INFO]: 批次间暂停 8 秒，降低请求频率。
[INFO]: 开始处理第 17/26 批作者，共 20 个。
[WARN]: 作者 9866705 抓取失败，已跳过。原因：网络错误，状态码：412 - <!DOCTYPE html> <html lang="zh-cn"> <head> <meta http-equiv="Access-Control-Allow-Origin" content="*" /> <meta http-equiv="Page-Enter" content...
[INFO]: 第 17/26 批完成，新增 73 条视频，累计 413 条。
[WARN]: 本批有 1 个作者抓取失败。
[INFO]: 批次间暂停 8 秒，降低请求频率。
[INFO]: 开始处理第 18/26 批作者，共 20 个。
[WARN]: 作者 1658720232 抓取失败，已跳过。原因：网络错误，状态码：412 - <!DOCTYPE html> <html lang="zh-cn"> <head> <meta http-equiv="Access-Control-Allow-Origin" content="*" /> <meta http-equiv="Page-Enter" content...
[INFO]: 第 18/26 批完成，新增 20 条视频，累计 433 条。
[WARN]: 本批有 1 个作者抓取失败。
[INFO]: 批次间暂停 8 秒，降低请求频率。
[INFO]: 开始处理第 19/26 批作者，共 20 个。
[WARN]: 作者 268552373 抓取失败，已跳过。原因：网络错误，状态码：412 - <!DOCTYPE html> <html lang="zh-cn"> <head> <meta http-equiv="Access-Control-Allow-Origin" content="*" /> <meta http-equiv="Page-Enter" content...
[INFO]: 第 19/26 批完成，新增 85 条视频，累计 518 条。
[WARN]: 本批有 1 个作者抓取失败。
[INFO]: 批次间暂停 8 秒，降低请求频率。
[INFO]: 开始处理第 20/26 批作者，共 20 个。
[INFO]: 第 20/26 批完成，新增 37 条视频，累计 555 条。
[INFO]: 批次间暂停 8 秒，降低请求频率。
[INFO]: 开始处理第 21/26 批作者，共 20 个。
[INFO]: 第 21/26 批完成，新增 28 条视频，累计 583 条。
[INFO]: 批次间暂停 8 秒，降低请求频率。
[INFO]: 开始处理第 22/26 批作者，共 20 个。
[WARN]: 作者 187100549 抓取失败，已跳过。原因：网络错误，状态码：412 - <!DOCTYPE html> <html lang="zh-cn"> <head> <meta http-equiv="Access-Control-Allow-Origin" content="*" /> <meta http-equiv="Page-Enter" content...
[WARN]: 作者 620714457 抓取失败，已跳过。原因：网络错误，状态码：412 - <!DOCTYPE html> <html lang="zh-cn"> <head> <meta http-equiv="Access-Control-Allow-Origin" content="*" /> <meta http-equiv="Page-Enter" content...
[INFO]: 第 22/26 批完成，新增 18 条视频，累计 601 条。
[WARN]: 本批有 2 个作者抓取失败。
[INFO]: 批次间暂停 8 秒，降低请求频率。
[INFO]: 开始处理第 23/26 批作者，共 20 个。
[WARN]: 作者 3632303139981986 抓取失败，已跳过。原因：网络错误，状态码：412 - <!DOCTYPE html> <html lang="zh-cn"> <head> <meta http-equiv="Access-Control-Allow-Origin" content="*" /> <meta http-equiv="Page-Enter" content...
[WARN]: 作者 3690987389979065 抓取失败，已跳过。原因：网络错误，状态码：412 - <!DOCTYPE html> <html lang="zh-cn"> <head> <meta http-equiv="Access-Control-Allow-Origin" content="*" /> <meta http-equiv="Page-Enter" content...
[INFO]: 第 23/26 批完成，新增 20 条视频，累计 621 条。
[WARN]: 本批有 2 个作者抓取失败。
[INFO]: 批次间暂停 8 秒，降低请求频率。
[INFO]: 开始处理第 24/26 批作者，共 20 个。
[WARN]: 作者 889299 抓取失败，已跳过。原因：网络错误，状态码：412 - <!DOCTYPE html> <html lang="zh-cn"> <head> <meta http-equiv="Access-Control-Allow-Origin" content="*" /> <meta http-equiv="Page-Enter" content...
[INFO]: 第 24/26 批完成，新增 12 条视频，累计 633 条。
[WARN]: 本批有 1 个作者抓取失败。
[INFO]: 批次间暂停 8 秒，降低请求频率。
[INFO]: 开始处理第 25/26 批作者，共 20 个。
[INFO]: 第 25/26 批完成，新增 38 条视频，累计 671 条。
[INFO]: 批次间暂停 8 秒，降低请求频率。
[INFO]: 开始处理第 26/26 批作者，共 9 个。
[INFO]: 第 26/26 批完成，新增 2 条视频，累计 673 条。
[INFO]: 全局 videolist 去重检查完成：历史任务中已有 8198 个唯一 bvid，本次过滤掉 261 条重复视频。
[TIMESTAMP][END] 2026-04-13T19:10:33
