[TIMESTAMP][BEGIN] 2026-04-04T15:30:28
[INFO]: 已创建新的 uid_expansion 会话目录：outputs/video_pool/uid_expansions/uid_expansion_20260325_20260404_153028（start_date=2026-03-25，task_started_at=2026-04-04T15:30:28）。
[INFO]: 历史任务增量检查完成：509 个作者命中过往 original_uids，0 个作者按全局 start_date 抓取；命中历史的作者将从其最近一次任务开始日（含当天）继续抓取。
[INFO]: 开始处理第 1/26 批作者，共 20 个。
[INFO]: 第 1/26 批完成，新增 14 条视频，累计 14 条。
[INFO]: 批次间暂停 8 秒，降低请求频率。
[INFO]: 开始处理第 2/26 批作者，共 20 个。
[INFO]: 第 2/26 批完成，新增 27 条视频，累计 41 条。
[INFO]: 批次间暂停 8 秒，降低请求频率。
[INFO]: 开始处理第 3/26 批作者，共 20 个。
[WARN]: 作者 406636263 抓取失败，已跳过。原因：网络错误，状态码：412 - <!DOCTYPE html> <html lang="zh-cn"> <head> <meta http-equiv="Access-Control-Allow-Origin" content="*" /> <meta http-equiv="Page-Enter" content...
[INFO]: 第 3/26 批完成，新增 17 条视频，累计 58 条。
[WARN]: 本批有 1 个作者抓取失败。
[INFO]: 批次间暂停 8 秒，降低请求频率。
[INFO]: 开始处理第 4/26 批作者，共 20 个。
[WARN]: 作者 515993 抓取失败，已跳过。原因：网络错误，状态码：412 - <!DOCTYPE html> <html lang="zh-cn"> <head> <meta http-equiv="Access-Control-Allow-Origin" content="*" /> <meta http-equiv="Page-Enter" content...
[WARN]: 作者 730732 抓取失败，已跳过。原因：网络错误，状态码：412 - <!DOCTYPE html> <html lang="zh-cn"> <head> <meta http-equiv="Access-Control-Allow-Origin" content="*" /> <meta http-equiv="Page-Enter" content...
[WARN]: 作者 10558098 抓取失败，已跳过。原因：网络错误，状态码：412 - <!DOCTYPE html> <html lang="zh-cn"> <head> <meta http-equiv="Access-Control-Allow-Origin" content="*" /> <meta http-equiv="Page-Enter" content...
[WARN]: 作者 3493260093819171 抓取失败，已跳过。原因：网络错误，状态码：412 - <!DOCTYPE html> <html lang="zh-cn"> <head> <meta http-equiv="Access-Control-Allow-Origin" content="*" /> <meta http-equiv="Page-Enter" content...
[INFO]: 第 4/26 批完成，新增 8 条视频，累计 66 条。
[WARN]: 本批有 4 个作者抓取失败。
[INFO]: 批次间暂停 8 秒，降低请求频率。
[INFO]: 开始处理第 5/26 批作者，共 20 个。
[WARN]: 作者 3404595 抓取失败，已跳过。原因：网络错误，状态码：412 - <!DOCTYPE html> <html lang="zh-cn"> <head> <meta http-equiv="Access-Control-Allow-Origin" content="*" /> <meta http-equiv="Page-Enter" content...
[INFO]: 第 5/26 批完成，新增 18 条视频，累计 84 条。
[WARN]: 本批有 1 个作者抓取失败。
[INFO]: 批次间暂停 8 秒，降低请求频率。
[INFO]: 开始处理第 6/26 批作者，共 20 个。
[INFO]: 第 6/26 批完成，新增 17 条视频，累计 101 条。
[INFO]: 批次间暂停 8 秒，降低请求频率。
[INFO]: 开始处理第 7/26 批作者，共 20 个。
[INFO]: 第 7/26 批完成，新增 12 条视频，累计 113 条。
[INFO]: 批次间暂停 8 秒，降低请求频率。
[INFO]: 开始处理第 8/26 批作者，共 20 个。
[INFO]: 第 8/26 批完成，新增 14 条视频，累计 127 条。
[INFO]: 批次间暂停 8 秒，降低请求频率。
[INFO]: 开始处理第 9/26 批作者，共 20 个。
[INFO]: 第 9/26 批完成，新增 36 条视频，累计 163 条。
[INFO]: 批次间暂停 8 秒，降低请求频率。
[INFO]: 开始处理第 10/26 批作者，共 20 个。
[WARN]: 作者 123938419 抓取失败，已跳过。原因：网络错误，状态码：412 - <!DOCTYPE html> <html lang="zh-cn"> <head> <meta http-equiv="Access-Control-Allow-Origin" content="*" /> <meta http-equiv="Page-Enter" content...
[INFO]: 第 10/26 批完成，新增 68 条视频，累计 231 条。
[WARN]: 本批有 1 个作者抓取失败。
[INFO]: 批次间暂停 8 秒，降低请求频率。
[INFO]: 开始处理第 11/26 批作者，共 20 个。
[INFO]: 第 11/26 批完成，新增 30 条视频，累计 261 条。
[INFO]: 批次间暂停 8 秒，降低请求频率。
[INFO]: 开始处理第 12/26 批作者，共 20 个。
[INFO]: 第 12/26 批完成，新增 14 条视频，累计 275 条。
[INFO]: 批次间暂停 8 秒，降低请求频率。
[INFO]: 开始处理第 13/26 批作者，共 20 个。
[INFO]: 第 13/26 批完成，新增 22 条视频，累计 297 条。
[INFO]: 批次间暂停 8 秒，降低请求频率。
[INFO]: 开始处理第 14/26 批作者，共 20 个。
[WARN]: 作者 92345772 抓取失败，已跳过。原因：网络错误，状态码：412 - <!DOCTYPE html> <html lang="zh-cn"> <head> <meta http-equiv="Access-Control-Allow-Origin" content="*" /> <meta http-equiv="Page-Enter" content...
[INFO]: 第 14/26 批完成，新增 27 条视频，累计 324 条。
[WARN]: 本批有 1 个作者抓取失败。
[INFO]: 批次间暂停 8 秒，降低请求频率。
[INFO]: 开始处理第 15/26 批作者，共 20 个。
[INFO]: 第 15/26 批完成，新增 28 条视频，累计 352 条。
[INFO]: 批次间暂停 8 秒，降低请求频率。
[INFO]: 开始处理第 16/26 批作者，共 20 个。
[WARN]: 作者 1842784265 抓取失败，已跳过。原因：网络错误，状态码：412 - <!DOCTYPE html> <html lang="zh-cn"> <head> <meta http-equiv="Access-Control-Allow-Origin" content="*" /> <meta http-equiv="Page-Enter" content...
[INFO]: 第 16/26 批完成，新增 23 条视频，累计 375 条。
[WARN]: 本批有 1 个作者抓取失败。
[INFO]: 批次间暂停 8 秒，降低请求频率。
[INFO]: 开始处理第 17/26 批作者，共 20 个。
[WARN]: 作者 72373107 抓取失败，已跳过。原因：网络错误，状态码：412 - <!DOCTYPE html> <html lang="zh-cn"> <head> <meta http-equiv="Access-Control-Allow-Origin" content="*" /> <meta http-equiv="Page-Enter" content...
[INFO]: 第 17/26 批完成，新增 64 条视频，累计 439 条。
[WARN]: 本批有 1 个作者抓取失败。
[INFO]: 批次间暂停 8 秒，降低请求频率。
[INFO]: 开始处理第 18/26 批作者，共 20 个。
[INFO]: 第 18/26 批完成，新增 15 条视频，累计 454 条。
[INFO]: 批次间暂停 8 秒，降低请求频率。
[INFO]: 开始处理第 19/26 批作者，共 20 个。
[INFO]: 第 19/26 批完成，新增 79 条视频，累计 533 条。
[INFO]: 批次间暂停 8 秒，降低请求频率。
[INFO]: 开始处理第 20/26 批作者，共 20 个。
[WARN]: 作者 1439815342 抓取失败，已跳过。原因：网络错误，状态码：412 - <!DOCTYPE html> <html lang="zh-cn"> <head> <meta http-equiv="Access-Control-Allow-Origin" content="*" /> <meta http-equiv="Page-Enter" content...
[WARN]: 作者 2062922654 抓取失败，已跳过。原因：网络错误，状态码：412 - <!DOCTYPE html> <html lang="zh-cn"> <head> <meta http-equiv="Access-Control-Allow-Origin" content="*" /> <meta http-equiv="Page-Enter" content...
[INFO]: 第 20/26 批完成，新增 23 条视频，累计 556 条。
[WARN]: 本批有 2 个作者抓取失败。
[INFO]: 批次间暂停 8 秒，降低请求频率。
[INFO]: 开始处理第 21/26 批作者，共 20 个。
[INFO]: 第 21/26 批完成，新增 39 条视频，累计 595 条。
[INFO]: 批次间暂停 8 秒，降低请求频率。
[INFO]: 开始处理第 22/26 批作者，共 20 个。
[WARN]: 作者 416357897 抓取失败，已跳过。原因：网络错误，状态码：412 - <!DOCTYPE html> <html lang="zh-cn"> <head> <meta http-equiv="Access-Control-Allow-Origin" content="*" /> <meta http-equiv="Page-Enter" content...
[WARN]: 作者 507654072 抓取失败，已跳过。原因：网络错误，状态码：412 - <!DOCTYPE html> <html lang="zh-cn"> <head> <meta http-equiv="Access-Control-Allow-Origin" content="*" /> <meta http-equiv="Page-Enter" content...
[INFO]: 第 22/26 批完成，新增 9 条视频，累计 604 条。
[WARN]: 本批有 2 个作者抓取失败。
[INFO]: 批次间暂停 8 秒，降低请求频率。
[INFO]: 开始处理第 23/26 批作者，共 20 个。
[WARN]: 作者 203230210 抓取失败，已跳过。原因：网络错误，状态码：412 - <!DOCTYPE html> <html lang="zh-cn"> <head> <meta http-equiv="Access-Control-Allow-Origin" content="*" /> <meta http-equiv="Page-Enter" content...
[WARN]: 作者 516943269 抓取失败，已跳过。原因：网络错误，状态码：412 - <!DOCTYPE html> <html lang="zh-cn"> <head> <meta http-equiv="Access-Control-Allow-Origin" content="*" /> <meta http-equiv="Page-Enter" content...
[INFO]: 第 23/26 批完成，新增 31 条视频，累计 635 条。
[WARN]: 本批有 2 个作者抓取失败。
[INFO]: 批次间暂停 8 秒，降低请求频率。
[INFO]: 开始处理第 24/26 批作者，共 20 个。
[WARN]: 作者 1585080231 抓取失败，已跳过。原因：网络错误，状态码：412 - <!DOCTYPE html> <html lang="zh-cn"> <head> <meta http-equiv="Access-Control-Allow-Origin" content="*" /> <meta http-equiv="Page-Enter" content...
[INFO]: 第 24/26 批完成，新增 38 条视频，累计 673 条。
[WARN]: 本批有 1 个作者抓取失败。
[INFO]: 批次间暂停 8 秒，降低请求频率。
[INFO]: 开始处理第 25/26 批作者，共 20 个。
[WARN]: 作者 547060198 抓取失败，已跳过。原因：网络错误，状态码：412 - <!DOCTYPE html> <html lang="zh-cn"> <head> <meta http-equiv="Access-Control-Allow-Origin" content="*" /> <meta http-equiv="Page-Enter" content...
[INFO]: 第 25/26 批完成，新增 6 条视频，累计 679 条。
[WARN]: 本批有 1 个作者抓取失败。
[INFO]: 批次间暂停 8 秒，降低请求频率。
[INFO]: 开始处理第 26/26 批作者，共 9 个。
[INFO]: 第 26/26 批完成，新增 5 条视频，累计 684 条。
[INFO]: 全局 videolist 去重检查完成：历史任务中已有 3937 个唯一 bvid，本次过滤掉 183 条重复视频。
[TIMESTAMP][END] 2026-04-04T17:33:18
