[TIMESTAMP][BEGIN] 2026-04-11T17:36:48
uid_expansion 任务总结
session_dir: outputs/video_pool/uid_expansions/uid_expansion_20260325_20260411_173648
requested_window_start_at: 2026-03-25T00:00:00
requested_window_end_at: 2026-04-11T19:44:12
effective_window_start_at: 2026-04-10T00:00:00
effective_window_end_at: 2026-04-11T19:44:12
actual_window_start_at: 2026-04-10T12:30:00+00:00
actual_window_end_at: 2026-04-11T11:29:00+00:00
original_uid_count: 509
history_reused_owner_count: 509
part_count: 2
interruption_count: 1
total_video_count: 357
total_successful_owner_count: 509

parts:
- part_1:
  started_at=2026-04-11T17:36:48
  finished_at=2026-04-11T19:35:14
  input_owner_count=509
  successful_owner_count=495
  failed_owner_count=14
  remaining_owner_count=14
  video_count=343
  effective_window_start_at=2026-04-10T00:00:00
  effective_window_end_at=2026-04-11T17:36:48
  actual_window_start_at=2026-04-10T12:30:00+00:00
  actual_window_end_at=2026-04-11T11:29:00+00:00
  processed_batches=26/26
  stop_reason=completed_all_batches
  stopped_batch_index=None
  video_file=videolist_part_1.csv
  remaining_file=remaining_uids_part_1.csv
  log_file=logs/20260411_193514_585513_uid_expansion_part_1.log
- part_2:
  started_at=2026-04-11T19:44:12
  finished_at=2026-04-11T19:47:04
  input_owner_count=14
  successful_owner_count=14
  failed_owner_count=0
  remaining_owner_count=0
  video_count=14
  effective_window_start_at=2026-04-10T00:00:00
  effective_window_end_at=2026-04-11T19:44:12
  actual_window_start_at=2026-04-11T01:05:00+00:00
  actual_window_end_at=2026-04-11T11:02:14+00:00
  processed_batches=1/1
  stop_reason=completed_all_batches
  stopped_batch_index=None
  video_file=videolist_part_2.csv
  remaining_file=
  log_file=logs/20260411_194704_246408_uid_expansion_part_2.log
[TIMESTAMP][END] 2026-04-11T19:47:04
