[TIMESTAMP][BEGIN] 2026-04-11T07:11:06
[2026-04-11 07:11:09] 开始执行 CSV 批量抓取子任务 part_26。
[2026-04-11 07:11:09] 子任务开始时间：2026-04-11T07:11:06.905105
[2026-04-11 07:11:09] 输入文件：batch_input_26.csv
[2026-04-11 07:11:09] 输入唯一 bvid 数量：100
[2026-04-11 07:11:09] 为严格按 CSV 顺序判断连续失败阈值，本次任务自动将并发度从 2 调整为 1。
[2026-04-11 07:11:14] [SUCCESS] bvid=BV1V2DeB2Ezt 已成功抓取全部所需数据。
[2026-04-11 07:11:18] [SUCCESS] bvid=BV1gRDeB3EJ8 已成功抓取全部所需数据。
[2026-04-11 07:11:24] [SUCCESS] bvid=BV1gRDeB3EfF 已成功抓取全部所需数据。
[2026-04-11 07:11:29] [SUCCESS] bvid=BV1gRDeB3EGg 已成功抓取全部所需数据。
[2026-04-11 07:11:34] [SUCCESS] bvid=BV1SRDeB3Ey1 已成功抓取全部所需数据。
[2026-04-11 07:11:39] [SUCCESS] bvid=BV1hRDeB3EwA 已成功抓取全部所需数据。
[2026-04-11 07:11:44] [SUCCESS] bvid=BV18RDeB3E6i 已成功抓取全部所需数据。
[2026-04-11 07:11:49] [SUCCESS] bvid=BV1DRDeB3Eoo 已成功抓取全部所需数据。
[2026-04-11 07:11:54] [SUCCESS] bvid=BV1bdDeB6EqY 已成功抓取全部所需数据。
[2026-04-11 07:11:59] [SUCCESS] bvid=BV1bdDeB6EYV 已成功抓取全部所需数据。
[2026-04-11 07:12:04] [SUCCESS] bvid=BV1udDeB6Et2 已成功抓取全部所需数据。
[2026-04-11 07:12:10] [SUCCESS] bvid=BV1udDeB6EEf 已成功抓取全部所需数据。
[2026-04-11 07:12:15] [SUCCESS] bvid=BV1gdDeB6E5A 已成功抓取全部所需数据。
[2026-04-11 07:12:20] [SUCCESS] bvid=BV1udDeB6ENo 已成功抓取全部所需数据。
[2026-04-11 07:12:25] [SUCCESS] bvid=BV1JqDeBXEjE 已成功抓取全部所需数据。
[2026-04-11 07:12:30] [SUCCESS] bvid=BV1KmS9B9Eq4 已成功抓取全部所需数据。
[2026-04-11 07:12:35] [SUCCESS] bvid=BV1gdDeBrEAR 已成功抓取全部所需数据。
[2026-04-11 07:12:40] [SUCCESS] bvid=BV18dDeB6EJp 已成功抓取全部所需数据。
[2026-04-11 07:12:45] [SUCCESS] bvid=BV1bdDeB6ESV 已成功抓取全部所需数据。
[2026-04-11 07:12:50] [SUCCESS] bvid=BV1MdDeB6Eep 已成功抓取全部所需数据。
[2026-04-11 07:12:55] [SUCCESS] bvid=BV1udDeB6EwR 已成功抓取全部所需数据。
[2026-04-11 07:13:00] [SUCCESS] bvid=BV1GQDeBVEx6 已成功抓取全部所需数据。
[2026-04-11 07:13:05] [SUCCESS] bvid=BV1QQDeBVELh 已成功抓取全部所需数据。
[2026-04-11 07:13:10] [SUCCESS] bvid=BV13XDeBkEUG 已成功抓取全部所需数据。
[2026-04-11 07:13:15] [SUCCESS] bvid=BV1gQDeBVEkX 已成功抓取全部所需数据。
[2026-04-11 07:13:20] [SUCCESS] bvid=BV13QDeBVEq5 已成功抓取全部所需数据。
[2026-04-11 07:13:25] [SUCCESS] bvid=BV1pBDKBEEqd 已成功抓取全部所需数据。
[2026-04-11 07:13:30] [SUCCESS] bvid=BV1aQDeBVEjz 已成功抓取全部所需数据。
[2026-04-11 07:13:35] [SUCCESS] bvid=BV1hQDeBVEUz 已成功抓取全部所需数据。
[2026-04-11 07:13:40] [SUCCESS] bvid=BV1gQDeBVEyf 已成功抓取全部所需数据。
[2026-04-11 07:13:45] [SUCCESS] bvid=BV13QDeBVEU3 已成功抓取全部所需数据。
[2026-04-11 07:13:50] [SUCCESS] bvid=BV1gXDeBkEh7 已成功抓取全部所需数据。
[2026-04-11 07:13:55] [SUCCESS] bvid=BV1QXDeBkEFH 已成功抓取全部所需数据。
[2026-04-11 07:14:00] [SUCCESS] bvid=BV1hXDeBkEEC 已成功抓取全部所需数据。
[2026-04-11 07:14:05] [SUCCESS] bvid=BV1uXDeBkEfy 已成功抓取全部所需数据。
[2026-04-11 07:14:10] [SUCCESS] bvid=BV1hXDeBkEP9 已成功抓取全部所需数据。
[2026-04-11 07:14:15] [SUCCESS] bvid=BV1hXDeBkELx 已成功抓取全部所需数据。
[2026-04-11 07:14:20] [SUCCESS] bvid=BV1EiDeBsEJo 已成功抓取全部所需数据。
[2026-04-11 07:14:25] [SUCCESS] bvid=BV18XDeBkEoc 已成功抓取全部所需数据。
[2026-04-11 07:14:30] [SUCCESS] bvid=BV1LH9JBEEqi 已成功抓取全部所需数据。
[2026-04-11 07:14:35] [SUCCESS] bvid=BV1EvDaBjEMw 已成功抓取全部所需数据。
[2026-04-11 07:14:39] [SUCCESS] bvid=BV13XDeBkEKG 已成功抓取全部所需数据。
[2026-04-11 07:14:44] [SUCCESS] bvid=BV1gXDeBkEbC 已成功抓取全部所需数据。
[2026-04-11 07:14:49] [SUCCESS] bvid=BV1ziDeBWEEv 已成功抓取全部所需数据。
[2026-04-11 07:14:54] [SUCCESS] bvid=BV1ufDeBBEJZ 已成功抓取全部所需数据。
[2026-04-11 07:14:59] [SUCCESS] bvid=BV12zSfBeEgj 已成功抓取全部所需数据。
[2026-04-11 07:15:04] [SUCCESS] bvid=BV1ojDYB7EQ8 已成功抓取全部所需数据。
[2026-04-11 07:15:09] [SUCCESS] bvid=BV1zqDeBXEpC 已成功抓取全部所需数据。
[2026-04-11 07:15:14] [SUCCESS] bvid=BV1JYDeBxEHJ 已成功抓取全部所需数据。
[2026-04-11 07:15:19] [SUCCESS] bvid=BV1EqDeBXEXv 已成功抓取全部所需数据。
[2026-04-11 07:15:24] [SUCCESS] bvid=BV1BqDeBXEKs 已成功抓取全部所需数据。
[2026-04-11 07:15:29] [SUCCESS] bvid=BV1HYDeBxEhv 已成功抓取全部所需数据。
[2026-04-11 07:15:34] [SUCCESS] bvid=BV1HYDeBxEP8 已成功抓取全部所需数据。
[2026-04-11 07:15:39] [SUCCESS] bvid=BV1HYDeBxEew 已成功抓取全部所需数据。
[2026-04-11 07:15:43] [SUCCESS] bvid=BV1JeDeBRE8h 已成功抓取全部所需数据。
[2026-04-11 07:15:48] [SUCCESS] bvid=BV1neDeBREHX 已成功抓取全部所需数据。
[2026-04-11 07:15:53] [SUCCESS] bvid=BV1sBDhBxEoc 已成功抓取全部所需数据。
[2026-04-11 07:15:58] [SUCCESS] bvid=BV1neDeBREL1 已成功抓取全部所需数据。
[2026-04-11 07:16:03] [SUCCESS] bvid=BV1jCDeBSEts 已成功抓取全部所需数据。
[2026-04-11 07:16:08] [SUCCESS] bvid=BV1qkDeBJEpD 已成功抓取全部所需数据。
[2026-04-11 07:16:13] [SUCCESS] bvid=BV1zeDeBREv1 已成功抓取全部所需数据。
[2026-04-11 07:16:18] [SUCCESS] bvid=BV1ZnDvBpEHj 已成功抓取全部所需数据。
[2026-04-11 07:16:23] [SUCCESS] bvid=BV1ikDeBJEnz 已成功抓取全部所需数据。
[2026-04-11 07:16:28] [SUCCESS] bvid=BV1RvPZzEEu4 已成功抓取全部所需数据。
[2026-04-11 07:16:32] [SUCCESS] bvid=BV1qoDhBGEJt 已成功抓取全部所需数据。
[2026-04-11 07:16:37] [SUCCESS] bvid=BV1dLDhBgESX 已成功抓取全部所需数据。
[2026-04-11 07:16:42] [SUCCESS] bvid=BV1NFDYBFE1Y 已成功抓取全部所需数据。
[2026-04-11 07:16:47] [SUCCESS] bvid=BV1EVDhBkEPu 已成功抓取全部所需数据。
[2026-04-11 07:16:52] [SUCCESS] bvid=BV1o5SfBDET3 已成功抓取全部所需数据。
[2026-04-11 07:16:57] [SUCCESS] bvid=BV1LkDeBJEX2 已成功抓取全部所需数据。
[2026-04-11 07:16:58] [ERROR] bvid=BV1LkDeBJE6u 抓取失败：stat: 接口返回错误代码：62012，信息：62012。
{'code': 62012, 'message': '62012', 'ttl': 1} | comment: 接口返回错误代码：62012，信息：62012。
{'code': 62012, 'message': '62012', 'ttl': 1}
[2026-04-11 07:17:03] [SUCCESS] bvid=BV1dWDvBnEP1 已成功抓取全部所需数据。
[2026-04-11 07:17:08] [SUCCESS] bvid=BV1jCDeBUEhZ 已成功抓取全部所需数据。
[2026-04-11 07:17:13] [SUCCESS] bvid=BV1LCDeBUEfu 已成功抓取全部所需数据。
[2026-04-11 07:17:18] [SUCCESS] bvid=BV1SzDvBgEKi 已成功抓取全部所需数据。
[2026-04-11 07:17:18] [ERROR] bvid=BV1BzDeBHEvf 抓取失败：stat: 接口返回错误代码：62002，信息：稿件不可见。
{'code': 62002, 'message': '稿件不可见', 'ttl': 1} | comment: 接口返回错误代码：62002，信息：稿件不可见。
{'code': 62002, 'message': '稿件不可见', 'ttl': 1}
[2026-04-11 07:17:23] [SUCCESS] bvid=BV1jzDeBHEtu 已成功抓取全部所需数据。
[2026-04-11 07:17:28] [SUCCESS] bvid=BV1EzDeBHEBD 已成功抓取全部所需数据。
[2026-04-11 07:17:33] [SUCCESS] bvid=BV1EzDeBHE8p 已成功抓取全部所需数据。
[2026-04-11 07:17:38] [SUCCESS] bvid=BV1wGDvBfEY7 已成功抓取全部所需数据。
[2026-04-11 07:17:43] [SUCCESS] bvid=BV17zDeBHEJ2 已成功抓取全部所需数据。
[2026-04-11 07:17:48] [SUCCESS] bvid=BV1EzDeBHEFw 已成功抓取全部所需数据。
[2026-04-11 07:17:53] [SUCCESS] bvid=BV1j6DeBDEgL 已成功抓取全部所需数据。
[2026-04-11 07:17:58] [SUCCESS] bvid=BV1i6DeBDECz 已成功抓取全部所需数据。
[2026-04-11 07:18:03] [SUCCESS] bvid=BV176DeBDExW 已成功抓取全部所需数据。
[2026-04-11 07:18:08] [SUCCESS] bvid=BV1cGDvBfEbP 已成功抓取全部所需数据。
[2026-04-11 07:18:13] [SUCCESS] bvid=BV1cGDvBfELk 已成功抓取全部所需数据。
[2026-04-11 07:18:18] [SUCCESS] bvid=BV165DvBtEtc 已成功抓取全部所需数据。
[2026-04-11 07:18:23] [SUCCESS] bvid=BV1F5DvBtEDB 已成功抓取全部所需数据。
[2026-04-11 07:18:28] [SUCCESS] bvid=BV1c5DvBtEqh 已成功抓取全部所需数据。
[2026-04-11 07:18:34] [SUCCESS] bvid=BV1PgDvBcEgw 已成功抓取全部所需数据。
[2026-04-11 07:18:39] [SUCCESS] bvid=BV1H3DvB8ECt 已成功抓取全部所需数据。
[2026-04-11 07:18:43] [SUCCESS] bvid=BV1c3DvB8EUS 已成功抓取全部所需数据。
[2026-04-11 07:18:48] [SUCCESS] bvid=BV11qA8znEPg 已成功抓取全部所需数据。
[2026-04-11 07:18:53] [SUCCESS] bvid=BV1w3DvB8Ejq 已成功抓取全部所需数据。
[2026-04-11 07:18:58] [SUCCESS] bvid=BV1A3DvB8E7o 已成功抓取全部所需数据。
[2026-04-11 07:19:03] [SUCCESS] bvid=BV1ANDYBdEui 已成功抓取全部所需数据。
[2026-04-11 07:19:08] [SUCCESS] bvid=BV1sqA8znEpC 已成功抓取全部所需数据。
[2026-04-11 07:19:13] [SUCCESS] bvid=BV1PTDvBAEER 已成功抓取全部所需数据。
[2026-04-11 07:19:19] [SUCCESS] bvid=BV1dWDvBnEh5 已成功抓取全部所需数据。
[2026-04-11 07:19:19] [WARN] 当前子任务已结束，但仍有未成功抓取的视频，已导出 remaining CSV 供继续执行。
[2026-04-11 07:19:19] [INFO] 已导出剔除成功条目后的剩余 CSV：D:\Schoolworks\Thesis\Bilibili-Datahub\outputs\video_data\manual_crawls\manual_crawl_stat_comment_20260411_022942\remaining_bvids_part_26.csv
[2026-04-11 07:19:19] 子任务结束时间：2026-04-11T07:19:19.330485
[TIMESTAMP][END] 2026-04-11T07:19:19
