[TIMESTAMP][BEGIN] 2026-04-11T04:54:18
[2026-04-11 04:54:20] 开始执行 CSV 批量抓取子任务 part_11。
[2026-04-11 04:54:20] 子任务开始时间：2026-04-11T04:54:18.380530
[2026-04-11 04:54:20] 输入文件：batch_input_11.csv
[2026-04-11 04:54:20] 输入唯一 bvid 数量：100
[2026-04-11 04:54:20] 为严格按 CSV 顺序判断连续失败阈值，本次任务自动将并发度从 2 调整为 1。
[2026-04-11 04:54:25] [SUCCESS] bvid=BV19TDsBHEJV 已成功抓取全部所需数据。
[2026-04-11 04:54:30] [SUCCESS] bvid=BV1jTDsBpEFC 已成功抓取全部所需数据。
[2026-04-11 04:54:35] [SUCCESS] bvid=BV1ZwDsBREnG 已成功抓取全部所需数据。
[2026-04-11 04:54:40] [SUCCESS] bvid=BV1x1DWBqEp3 已成功抓取全部所需数据。
[2026-04-11 04:54:46] [SUCCESS] bvid=BV1XgDsBJEns 已成功抓取全部所需数据。
[2026-04-11 04:54:51] [SUCCESS] bvid=BV1oPDsBWEYf 已成功抓取全部所需数据。
[2026-04-11 04:54:56] [SUCCESS] bvid=BV1oCDsBoEQc 已成功抓取全部所需数据。
[2026-04-11 04:55:01] [SUCCESS] bvid=BV1G5DLBdEF3 已成功抓取全部所需数据。
[2026-04-11 04:55:06] [SUCCESS] bvid=BV19PDpB1EHy 已成功抓取全部所需数据。
[2026-04-11 04:55:11] [SUCCESS] bvid=BV1XkDrBaEXm 已成功抓取全部所需数据。
[2026-04-11 04:55:16] [SUCCESS] bvid=BV1YRXzBYEPg 已成功抓取全部所需数据。
[2026-04-11 04:55:21] [SUCCESS] bvid=BV1v1DsBxEHi 已成功抓取全部所需数据。
[2026-04-11 04:55:27] [SUCCESS] bvid=BV1CpDnBREkh 已成功抓取全部所需数据。
[2026-04-11 04:55:32] [SUCCESS] bvid=BV1C8DsBiENw 已成功抓取全部所需数据。
[2026-04-11 04:55:37] [SUCCESS] bvid=BV1eUDsBWEbv 已成功抓取全部所需数据。
[2026-04-11 04:55:42] [SUCCESS] bvid=BV1e6DnBVEXR 已成功抓取全部所需数据。
[2026-04-11 04:55:48] [SUCCESS] bvid=BV1CyDHB8EKp 已成功抓取全部所需数据。
[2026-04-11 04:55:53] [SUCCESS] bvid=BV1ikDpBSE1G 已成功抓取全部所需数据。
[2026-04-11 04:55:58] [SUCCESS] bvid=BV1ESDJBEEfR 已成功抓取全部所需数据。
[2026-04-11 04:56:04] [SUCCESS] bvid=BV1riDsBaEyB 已成功抓取全部所需数据。
[2026-04-11 04:56:09] [SUCCESS] bvid=BV1zvDpBsEJC 已成功抓取全部所需数据。
[2026-04-11 04:56:14] [SUCCESS] bvid=BV1AYDsBvEg7 已成功抓取全部所需数据。
[2026-04-11 04:56:19] [SUCCESS] bvid=BV1s8DsBqEqp 已成功抓取全部所需数据。
[2026-04-11 04:56:24] [SUCCESS] bvid=BV1FRDWBhETx 已成功抓取全部所需数据。
[2026-04-11 04:56:29] [SUCCESS] bvid=BV12JDpBvEM8 已成功抓取全部所需数据。
[2026-04-11 04:56:34] [SUCCESS] bvid=BV1UP9ABREZ2 已成功抓取全部所需数据。
[2026-04-11 04:56:39] [SUCCESS] bvid=BV1s4DsBzEiv 已成功抓取全部所需数据。
[2026-04-11 04:56:44] [SUCCESS] bvid=BV1RTDsBHE4E 已成功抓取全部所需数据。
[2026-04-11 04:56:50] [SUCCESS] bvid=BV19TDsBHEfq 已成功抓取全部所需数据。
[2026-04-11 04:56:55] [SUCCESS] bvid=BV1dwDsBREfA 已成功抓取全部所需数据。
[2026-04-11 04:57:00] [SUCCESS] bvid=BV19aDNBYEtg 已成功抓取全部所需数据。
[2026-04-11 04:57:05] [SUCCESS] bvid=BV1PmDWBKEhX 已成功抓取全部所需数据。
[2026-04-11 04:57:10] [SUCCESS] bvid=BV1jPDsBsEoY 已成功抓取全部所需数据。
[2026-04-11 04:57:15] [SUCCESS] bvid=BV1RFDpBEEom 已成功抓取全部所需数据。
[2026-04-11 04:57:20] [SUCCESS] bvid=BV1WUDWBvEFT 已成功抓取全部所需数据。
[2026-04-11 04:57:25] [SUCCESS] bvid=BV12yDWBME9K 已成功抓取全部所需数据。
[2026-04-11 04:57:30] [SUCCESS] bvid=BV1TyDWBMEuz 已成功抓取全部所需数据。
[2026-04-11 04:57:35] [SUCCESS] bvid=BV1TyDWBuEyW 已成功抓取全部所需数据。
[2026-04-11 04:57:39] [SUCCESS] bvid=BV1KyDWBMEdf 已成功抓取全部所需数据。
[2026-04-11 04:57:44] [SUCCESS] bvid=BV1TyDWBuEir 已成功抓取全部所需数据。
[2026-04-11 04:57:44] [ERROR] bvid=BV1c9DWBwEeA 抓取失败：stat: 接口返回错误代码：62012，信息：62012。
{'code': 62012, 'message': '62012', 'ttl': 1} | comment: 接口返回错误代码：62012，信息：62012。
{'code': 62012, 'message': '62012', 'ttl': 1}
[2026-04-11 04:57:49] [SUCCESS] bvid=BV1NyDWBME1t 已成功抓取全部所需数据。
[2026-04-11 04:57:54] [SUCCESS] bvid=BV1W1DWBqEQT 已成功抓取全部所需数据。
[2026-04-11 04:57:59] [SUCCESS] bvid=BV1w9DWBAEyB 已成功抓取全部所需数据。
[2026-04-11 04:58:04] [SUCCESS] bvid=BV1k9DWBwESH 已成功抓取全部所需数据。
[2026-04-11 04:58:09] [SUCCESS] bvid=BV1w9DWBwEKW 已成功抓取全部所需数据。
[2026-04-11 04:58:14] [SUCCESS] bvid=BV1c9DWBwEHh 已成功抓取全部所需数据。
[2026-04-11 04:58:20] [SUCCESS] bvid=BV1RFDnB6E98 已成功抓取全部所需数据。
[2026-04-11 04:58:25] [SUCCESS] bvid=BV1dADpBjEHb 已成功抓取全部所需数据。
[2026-04-11 04:58:30] [SUCCESS] bvid=BV1p9DWBwEa3 已成功抓取全部所需数据。
[2026-04-11 04:58:35] [SUCCESS] bvid=BV1c9DWBwE4h 已成功抓取全部所需数据。
[2026-04-11 04:58:41] [SUCCESS] bvid=BV1pmDHBtEKr 已成功抓取全部所需数据。
[2026-04-11 04:58:46] [SUCCESS] bvid=BV1mWDsBrExY 已成功抓取全部所需数据。
[2026-04-11 04:58:51] [SUCCESS] bvid=BV1UnDsBkE21 已成功抓取全部所需数据。
[2026-04-11 04:58:57] [SUCCESS] bvid=BV1mnDsBkEmQ 已成功抓取全部所需数据。
[2026-04-11 04:59:02] [SUCCESS] bvid=BV1mFDWBMELm 已成功抓取全部所需数据。
[2026-04-11 04:59:07] [SUCCESS] bvid=BV1UnDsBkEyn 已成功抓取全部所需数据。
[2026-04-11 04:59:12] [SUCCESS] bvid=BV1SnDsBkETA 已成功抓取全部所需数据。
[2026-04-11 04:59:17] [SUCCESS] bvid=BV1TpDsBGEue 已成功抓取全部所需数据。
[2026-04-11 04:59:17] [ERROR] bvid=BV12pDsB3E2x 抓取失败：stat: 接口返回错误代码：62012，信息：62012。
{'code': 62012, 'message': '62012', 'ttl': 1} | comment: 接口返回错误代码：62012，信息：62012。
{'code': 62012, 'message': '62012', 'ttl': 1}
[2026-04-11 04:59:22] [SUCCESS] bvid=BV1qBDpBpEd6 已成功抓取全部所需数据。
[2026-04-11 04:59:27] [SUCCESS] bvid=BV16vDsBAEsb 已成功抓取全部所需数据。
[2026-04-11 04:59:32] [SUCCESS] bvid=BV1LwDeBmEuP 已成功抓取全部所需数据。
[2026-04-11 04:59:37] [SUCCESS] bvid=BV1uJSDBjEJE 已成功抓取全部所需数据。
[2026-04-11 04:59:42] [SUCCESS] bvid=BV1dADpBjEEZ 已成功抓取全部所需数据。
[2026-04-11 04:59:48] [SUCCESS] bvid=BV1y8DsBiEPh 已成功抓取全部所需数据。
[2026-04-11 04:59:53] [SUCCESS] bvid=BV1y8DsBiEUc 已成功抓取全部所需数据。
[2026-04-11 04:59:58] [SUCCESS] bvid=BV1CaDsBNEqs 已成功抓取全部所需数据。
[2026-04-11 05:00:03] [SUCCESS] bvid=BV114DsBBEz2 已成功抓取全部所需数据。
[2026-04-11 05:00:08] [SUCCESS] bvid=BV1N4DsBzEpC 已成功抓取全部所需数据。
[2026-04-11 05:00:13] [SUCCESS] bvid=BV1y4DsBBExk 已成功抓取全部所需数据。
[2026-04-11 05:00:18] [SUCCESS] bvid=BV1y4DsBBEQ1 已成功抓取全部所需数据。
[2026-04-11 05:00:23] [SUCCESS] bvid=BV1CbDsBTEm4 已成功抓取全部所需数据。
[2026-04-11 05:00:27] [SUCCESS] bvid=BV1G3DsBSEdR 已成功抓取全部所需数据。
[2026-04-11 05:00:32] [SUCCESS] bvid=BV1V3DsBSEgC 已成功抓取全部所需数据。
[2026-04-11 05:00:38] [SUCCESS] bvid=BV1gMDnBKE4A 已成功抓取全部所需数据。
[2026-04-11 05:00:43] [SUCCESS] bvid=BV1a3DsBSE12 已成功抓取全部所需数据。
[2026-04-11 05:00:48] [SUCCESS] bvid=BV1GgDsBnEpQ 已成功抓取全部所需数据。
[2026-04-11 05:00:53] [SUCCESS] bvid=BV1RMDsBDEDC 已成功抓取全部所需数据。
[2026-04-11 05:00:58] [SUCCESS] bvid=BV15wDnBgEjD 已成功抓取全部所需数据。
[2026-04-11 05:01:03] [SUCCESS] bvid=BV1hcDjBsEtm 已成功抓取全部所需数据。
[2026-04-11 05:01:08] [SUCCESS] bvid=BV1RADpBjEWM 已成功抓取全部所需数据。
[2026-04-11 05:01:13] [SUCCESS] bvid=BV1GgDsBnEDw 已成功抓取全部所需数据。
[2026-04-11 05:01:18] [SUCCESS] bvid=BV19gDsBJEit 已成功抓取全部所需数据。
[2026-04-11 05:01:23] [SUCCESS] bvid=BV1g7DsB1EYr 已成功抓取全部所需数据。
[2026-04-11 05:01:28] [SUCCESS] bvid=BV1S7DsByEfi 已成功抓取全部所需数据。
[2026-04-11 05:01:33] [SUCCESS] bvid=BV1UJDsBVE9n 已成功抓取全部所需数据。
[2026-04-11 05:01:38] [SUCCESS] bvid=BV1uJDsB5E2g 已成功抓取全部所需数据。
[2026-04-11 05:01:43] [SUCCESS] bvid=BV1UJDsBVEa7 已成功抓取全部所需数据。
[2026-04-11 05:01:49] [SUCCESS] bvid=BV1UJDsBVEdE 已成功抓取全部所需数据。
[2026-04-11 05:01:53] [SUCCESS] bvid=BV1D5DsB2EL1 已成功抓取全部所需数据。
[2026-04-11 05:01:58] [SUCCESS] bvid=BV1Q5DsB2EBb 已成功抓取全部所需数据。
[2026-04-11 05:02:03] [SUCCESS] bvid=BV1vSDsBXEMV 已成功抓取全部所需数据。
[2026-04-11 05:02:08] [SUCCESS] bvid=BV1hjDsBjE9s 已成功抓取全部所需数据。
[2026-04-11 05:02:13] [SUCCESS] bvid=BV1iUDsBWEuX 已成功抓取全部所需数据。
[2026-04-11 05:02:19] [SUCCESS] bvid=BV1SjDsBLEf5 已成功抓取全部所需数据。
[2026-04-11 05:02:24] [SUCCESS] bvid=BV1eUDsBWE2k 已成功抓取全部所需数据。
[2026-04-11 05:02:29] [SUCCESS] bvid=BV1YUDsBWEoT 已成功抓取全部所需数据。
[2026-04-11 05:02:34] [SUCCESS] bvid=BV1URDpBrEqL 已成功抓取全部所需数据。
[2026-04-11 05:02:39] [SUCCESS] bvid=BV1BvDpBsEQh 已成功抓取全部所需数据。
[2026-04-11 05:02:39] [WARN] 当前子任务已结束，但仍有未成功抓取的视频，已导出 remaining CSV 供继续执行。
[2026-04-11 05:02:39] [INFO] 已导出剔除成功条目后的剩余 CSV：D:\Schoolworks\Thesis\Bilibili-Datahub\outputs\video_data\manual_crawls\manual_crawl_stat_comment_20260411_022942\remaining_bvids_part_11.csv
[2026-04-11 05:02:39] 子任务结束时间：2026-04-11T05:02:39.605126
[TIMESTAMP][END] 2026-04-11T05:02:39
