[TIMESTAMP][BEGIN] 2026-04-11T02:40:26
[2026-04-11 02:40:29] 开始执行 CSV 批量抓取子任务 part_2。
[2026-04-11 02:40:29] 子任务开始时间：2026-04-11T02:40:26.780403
[2026-04-11 02:40:29] 输入文件：batch_input_2.csv
[2026-04-11 02:40:29] 输入唯一 bvid 数量：100
[2026-04-11 02:40:29] 为严格按 CSV 顺序判断连续失败阈值，本次任务自动将并发度从 2 调整为 1。
[2026-04-11 02:40:34] [SUCCESS] bvid=BV1JsQwBvEpY 已成功抓取全部所需数据。
[2026-04-11 02:40:39] [SUCCESS] bvid=BV1pnQwBMEQR 已成功抓取全部所需数据。
[2026-04-11 02:40:44] [SUCCESS] bvid=BV1HnQwBMEju 已成功抓取全部所需数据。
[2026-04-11 02:40:49] [SUCCESS] bvid=BV1nHQwBqE2P 已成功抓取全部所需数据。
[2026-04-11 02:40:55] [SUCCESS] bvid=BV1JHQwBqEdP 已成功抓取全部所需数据。
[2026-04-11 02:41:00] [SUCCESS] bvid=BV16HQwBqEoC 已成功抓取全部所需数据。
[2026-04-11 02:41:05] [SUCCESS] bvid=BV1nHQwBqE8b 已成功抓取全部所需数据。
[2026-04-11 02:41:10] [SUCCESS] bvid=BV1nHQwBqEem 已成功抓取全部所需数据。
[2026-04-11 02:41:15] [SUCCESS] bvid=BV1nHQwBqEsY 已成功抓取全部所需数据。
[2026-04-11 02:41:21] [SUCCESS] bvid=BV1jhQwBhE3s 已成功抓取全部所需数据。
[2026-04-11 02:41:26] [SUCCESS] bvid=BV1nHQwBqEhy 已成功抓取全部所需数据。
[2026-04-11 02:41:31] [SUCCESS] bvid=BV17sQFBoExi 已成功抓取全部所需数据。
[2026-04-11 02:41:36] [SUCCESS] bvid=BV1j8QwBwEoe 已成功抓取全部所需数据。
[2026-04-11 02:41:41] [SUCCESS] bvid=BV1cZDxBTEth 已成功抓取全部所需数据。
[2026-04-11 02:41:46] [SUCCESS] bvid=BV174QwBPEUS 已成功抓取全部所需数据。
[2026-04-11 02:41:51] [SUCCESS] bvid=BV1KtD4B2Eer 已成功抓取全部所需数据。
[2026-04-11 02:41:56] [SUCCESS] bvid=BV1YVDLB4EkJ 已成功抓取全部所需数据。
[2026-04-11 02:42:01] [SUCCESS] bvid=BV14MQwBjEZ4 已成功抓取全部所需数据。
[2026-04-11 02:42:07] [SUCCESS] bvid=BV17hQwBhEeE 已成功抓取全部所需数据。
[2026-04-11 02:42:12] [SUCCESS] bvid=BV1E4QwBPEB8 已成功抓取全部所需数据。
[2026-04-11 02:42:17] [SUCCESS] bvid=BV1J4QwBPEQs 已成功抓取全部所需数据。
[2026-04-11 02:42:22] [SUCCESS] bvid=BV13YDZBCE9x 已成功抓取全部所需数据。
[2026-04-11 02:42:28] [SUCCESS] bvid=BV1ftQwBYEYy 已成功抓取全部所需数据。
[2026-04-11 02:42:33] [SUCCESS] bvid=BV1bMQwBjE31 已成功抓取全部所需数据。
[2026-04-11 02:42:38] [SUCCESS] bvid=BV1x3QwB5Eyu 已成功抓取全部所需数据。
[2026-04-11 02:42:43] [SUCCESS] bvid=BV1BtQwBYE3o 已成功抓取全部所需数据。
[2026-04-11 02:42:48] [SUCCESS] bvid=BV1c7QFBYENR 已成功抓取全部所需数据。
[2026-04-11 02:42:54] [SUCCESS] bvid=BV14GQwBCE3r 已成功抓取全部所需数据。
[2026-04-11 02:42:59] [SUCCESS] bvid=BV1GBQwBdEmh 已成功抓取全部所需数据。
[2026-04-11 02:43:05] [SUCCESS] bvid=BV1BkDfBxEKQ 已成功抓取全部所需数据。
[2026-04-11 02:43:10] [SUCCESS] bvid=BV1nK97BDEn6 已成功抓取全部所需数据。
[2026-04-11 02:43:15] [SUCCESS] bvid=BV18zDZBzEJj 已成功抓取全部所需数据。
[2026-04-11 02:43:21] [SUCCESS] bvid=BV1tkDZBqENh 已成功抓取全部所需数据。
[2026-04-11 02:43:26] [SUCCESS] bvid=BV1B1DfBWEj1 已成功抓取全部所需数据。
[2026-04-11 02:43:32] [SUCCESS] bvid=BV1jeQwBbEFa 已成功抓取全部所需数据。
[2026-04-11 02:43:53] [SUCCESS] bvid=BV1xGQwBCEPy 已成功抓取全部所需数据。
[2026-04-11 02:43:58] [SUCCESS] bvid=BV1xGQwBCE3M 已成功抓取全部所需数据。
[2026-04-11 02:44:04] [SUCCESS] bvid=BV143QwB5EDz 已成功抓取全部所需数据。
[2026-04-11 02:44:09] [SUCCESS] bvid=BV1xGQwBCEnR 已成功抓取全部所需数据。
[2026-04-11 02:44:14] [SUCCESS] bvid=BV12GQwBCEtQ 已成功抓取全部所需数据。
[2026-04-11 02:44:20] [SUCCESS] bvid=BV1mMQwBjEWB 已成功抓取全部所需数据。
[2026-04-11 02:44:25] [SUCCESS] bvid=BV1xGQwBCEdr 已成功抓取全部所需数据。
[2026-04-11 02:44:30] [SUCCESS] bvid=BV14MQwBjE4J 已成功抓取全部所需数据。
[2026-04-11 02:44:35] [SUCCESS] bvid=BV1MMQwB7EGq 已成功抓取全部所需数据。
[2026-04-11 02:44:41] [SUCCESS] bvid=BV1uMQwB7Eec 已成功抓取全部所需数据。
[2026-04-11 02:44:47] [SUCCESS] bvid=BV14uQwB1EVy 已成功抓取全部所需数据。
[2026-04-11 02:44:53] [SUCCESS] bvid=BV1p7QwBgEa2 已成功抓取全部所需数据。
[2026-04-11 02:44:59] [SUCCESS] bvid=BV14uQwB1EgW 已成功抓取全部所需数据。
[2026-04-11 02:45:05] [SUCCESS] bvid=BV14MQwBjEs9 已成功抓取全部所需数据。
[2026-04-11 02:45:11] [SUCCESS] bvid=BV1xuQwB1Ey3 已成功抓取全部所需数据。
[2026-04-11 02:45:18] [SUCCESS] bvid=BV1MMQwB7EdD 已成功抓取全部所需数据。
[2026-04-11 02:45:24] [SUCCESS] bvid=BV1tMQwBjEy9 已成功抓取全部所需数据。
[2026-04-11 02:45:30] [SUCCESS] bvid=BV1UuQwB1EPY 已成功抓取全部所需数据。
[2026-04-11 02:45:37] [SUCCESS] bvid=BV1p7QwBgEfD 已成功抓取全部所需数据。
[2026-04-11 02:45:43] [SUCCESS] bvid=BV1PEQwB6EPo 已成功抓取全部所需数据。
[2026-04-11 02:45:49] [SUCCESS] bvid=BV1W7QwB3EFV 已成功抓取全部所需数据。
[2026-04-11 02:45:56] [SUCCESS] bvid=BV1C7QwBgE8o 已成功抓取全部所需数据。
[2026-04-11 02:46:02] [SUCCESS] bvid=BV1W7QwBgEgy 已成功抓取全部所需数据。
[2026-04-11 02:46:08] [SUCCESS] bvid=BV1AfDrBQEDe 已成功抓取全部所需数据。
[2026-04-11 02:46:15] [SUCCESS] bvid=BV1yfDrBQEj4 已成功抓取全部所需数据。
[2026-04-11 02:46:21] [SUCCESS] bvid=BV1yfDrBDE74 已成功抓取全部所需数据。
[2026-04-11 02:46:27] [SUCCESS] bvid=BV1pEQwBzEkm 已成功抓取全部所需数据。
[2026-04-11 02:46:34] [SUCCESS] bvid=BV1CEQwBzEdo 已成功抓取全部所需数据。
[2026-04-11 02:46:40] [SUCCESS] bvid=BV1HEQwBzERN 已成功抓取全部所需数据。
[2026-04-11 02:46:46] [SUCCESS] bvid=BV1yfDrBDE4A 已成功抓取全部所需数据。
[2026-04-11 02:46:52] [SUCCESS] bvid=BV1WEQwBzE7R 已成功抓取全部所需数据。
[2026-04-11 02:46:59] [SUCCESS] bvid=BV1yfDrBDEVu 已成功抓取全部所需数据。
[2026-04-11 02:47:05] [SUCCESS] bvid=BV1x5QwBGEyk 已成功抓取全部所需数据。
[2026-04-11 02:47:11] [SUCCESS] bvid=BV1s5QwBGEnb 已成功抓取全部所需数据。
[2026-04-11 02:47:16] [SUCCESS] bvid=BV1yfDrBDELy 已成功抓取全部所需数据。
[2026-04-11 02:47:21] [SUCCESS] bvid=BV1WfDrBQEEv 已成功抓取全部所需数据。
[2026-04-11 02:47:26] [SUCCESS] bvid=BV1x5QwBGECG 已成功抓取全部所需数据。
[2026-04-11 02:47:32] [SUCCESS] bvid=BV125QwBGEVU 已成功抓取全部所需数据。
[2026-04-11 02:47:37] [SUCCESS] bvid=BV1P5QwBVEYF 已成功抓取全部所需数据。
[2026-04-11 02:47:42] [SUCCESS] bvid=BV1yfDrBQEvG 已成功抓取全部所需数据。
[2026-04-11 02:47:47] [SUCCESS] bvid=BV1CfDrBDEZ9 已成功抓取全部所需数据。
[2026-04-11 02:47:52] [SUCCESS] bvid=BV1x5QwBVERf 已成功抓取全部所需数据。
[2026-04-11 02:47:58] [SUCCESS] bvid=BV1CLQwBrEjZ 已成功抓取全部所需数据。
[2026-04-11 02:48:09] [SUCCESS] bvid=BV12XQwBjEXp 已成功抓取全部所需数据。
[2026-04-11 02:48:14] [SUCCESS] bvid=BV1PfDrBQEHr 已成功抓取全部所需数据。
[2026-04-11 02:48:19] [SUCCESS] bvid=BV1fKDbBBEKC 已成功抓取全部所需数据。
[2026-04-11 02:48:24] [SUCCESS] bvid=BV1znQFB8EUh 已成功抓取全部所需数据。
[2026-04-11 02:48:29] [SUCCESS] bvid=BV1rjDxBNEWd 已成功抓取全部所需数据。
[2026-04-11 02:48:35] [SUCCESS] bvid=BV1oPDfBHEHq 已成功抓取全部所需数据。
[2026-04-11 02:48:40] [SUCCESS] bvid=BV1WLQwBrEpE 已成功抓取全部所需数据。
[2026-04-11 02:48:45] [SUCCESS] bvid=BV1tmQwBSEV1 已成功抓取全部所需数据。
[2026-04-11 02:48:50] [SUCCESS] bvid=BV1bmQwBSEwS 已成功抓取全部所需数据。
[2026-04-11 02:48:55] [SUCCESS] bvid=BV1xLQwBrEPY 已成功抓取全部所需数据。
[2026-04-11 02:49:00] [SUCCESS] bvid=BV1TyDZBKE2i 已成功抓取全部所需数据。
[2026-04-11 02:49:05] [SUCCESS] bvid=BV1umQwBSE85 已成功抓取全部所需数据。
[2026-04-11 02:49:10] [SUCCESS] bvid=BV1MSQwBEEkD 已成功抓取全部所需数据。
[2026-04-11 02:49:15] [SUCCESS] bvid=BV1ZND4BhEYC 已成功抓取全部所需数据。
[2026-04-11 02:49:21] [SUCCESS] bvid=BV1ncQcBAEMK 已成功抓取全部所需数据。
[2026-04-11 02:49:26] [SUCCESS] bvid=BV1N9QwB1EZN 已成功抓取全部所需数据。
[2026-04-11 02:49:31] [SUCCESS] bvid=BV1aiQFBJEy5 已成功抓取全部所需数据。
[2026-04-11 02:49:36] [SUCCESS] bvid=BV1MCQFByEWc 已成功抓取全部所需数据。
[2026-04-11 02:49:41] [SUCCESS] bvid=BV1M2QwBnEfh 已成功抓取全部所需数据。
[2026-04-11 02:49:46] [SUCCESS] bvid=BV1u2QwBnEhK 已成功抓取全部所需数据。
[2026-04-11 02:49:51] [SUCCESS] bvid=BV1g2QwBnEGg 已成功抓取全部所需数据。
[2026-04-11 02:49:57] [SUCCESS] bvid=BV1u2QwBnENk 已成功抓取全部所需数据。
[2026-04-11 02:49:57] [INFO] 当前 batch_crawl 已完成，所有视频均已成功抓取。
[2026-04-11 02:49:57] 子任务结束时间：2026-04-11T02:49:57.063174
[TIMESTAMP][END] 2026-04-11T02:49:57
