[TIMESTAMP][BEGIN] 2026-04-11T08:26:36
[2026-04-11 08:26:39] 开始执行 CSV 批量抓取子任务 part_35。
[2026-04-11 08:26:39] 子任务开始时间：2026-04-11T08:26:36.963987
[2026-04-11 08:26:39] 输入文件：batch_input_35.csv
[2026-04-11 08:26:39] 输入唯一 bvid 数量：100
[2026-04-11 08:26:39] 为严格按 CSV 顺序判断连续失败阈值，本次任务自动将并发度从 2 调整为 1。
[2026-04-11 08:26:44] [SUCCESS] bvid=BV1spDFBNEP5 已成功抓取全部所需数据。
[2026-04-11 08:26:49] [SUCCESS] bvid=BV11pDFBNEKM 已成功抓取全部所需数据。
[2026-04-11 08:26:49] [ERROR] bvid=BV1xpDFBNE3v 抓取失败：stat: 接口返回错误代码：62012，信息：62012。
{'code': 62012, 'message': '62012', 'ttl': 1} | comment: 接口返回错误代码：62012，信息：62012。
{'code': 62012, 'message': '62012', 'ttl': 1}
[2026-04-11 08:26:54] [SUCCESS] bvid=BV1ypDFBNEbS 已成功抓取全部所需数据。
[2026-04-11 08:26:59] [SUCCESS] bvid=BV11pDFBNESx 已成功抓取全部所需数据。
[2026-04-11 08:27:04] [SUCCESS] bvid=BV11pDFBNEQM 已成功抓取全部所需数据。
[2026-04-11 08:27:10] [SUCCESS] bvid=BV1ePDFB7E8W 已成功抓取全部所需数据。
[2026-04-11 08:27:15] [SUCCESS] bvid=BV1WWDFBeEBZ 已成功抓取全部所需数据。
[2026-04-11 08:27:20] [SUCCESS] bvid=BV1nM9MBtE9S 已成功抓取全部所需数据。
[2026-04-11 08:27:25] [SUCCESS] bvid=BV1GPSZB6ELw 已成功抓取全部所需数据。
[2026-04-11 08:27:31] [SUCCESS] bvid=BV1WWDFBeEeP 已成功抓取全部所需数据。
[2026-04-11 08:27:36] [SUCCESS] bvid=BV12JDFBTE1W 已成功抓取全部所需数据。
[2026-04-11 08:27:41] [SUCCESS] bvid=BV1NWDFBvEC7 已成功抓取全部所需数据。
[2026-04-11 08:27:46] [SUCCESS] bvid=BV1sWDFBeERc 已成功抓取全部所需数据。
[2026-04-11 08:27:52] [SUCCESS] bvid=BV1xJDFBTEeH 已成功抓取全部所需数据。
[2026-04-11 08:27:57] [SUCCESS] bvid=BV1xJDFBTE4L 已成功抓取全部所需数据。
[2026-04-11 08:28:02] [SUCCESS] bvid=BV1tJDFBTEVR 已成功抓取全部所需数据。
[2026-04-11 08:28:07] [SUCCESS] bvid=BV11nDFBiEzf 已成功抓取全部所需数据。
[2026-04-11 08:28:12] [SUCCESS] bvid=BV11nDFBiEbf 已成功抓取全部所需数据。
[2026-04-11 08:28:17] [SUCCESS] bvid=BV1NnDFBqEym 已成功抓取全部所需数据。
[2026-04-11 08:28:22] [SUCCESS] bvid=BV1CVSQBuEca 已成功抓取全部所需数据。
[2026-04-11 08:28:27] [SUCCESS] bvid=BV1xnDFBiEn3 已成功抓取全部所需数据。
[2026-04-11 08:28:32] [SUCCESS] bvid=BV1Tv9KBwE3Z 已成功抓取全部所需数据。
[2026-04-11 08:28:37] [SUCCESS] bvid=BV1mv9KBwEF6 已成功抓取全部所需数据。
[2026-04-11 08:28:42] [SUCCESS] bvid=BV1YPDFB7Eda 已成功抓取全部所需数据。
[2026-04-11 08:28:48] [SUCCESS] bvid=BV19NDFB2ECj 已成功抓取全部所需数据。
[2026-04-11 08:28:53] [SUCCESS] bvid=BV1Tv9KBwEpT 已成功抓取全部所需数据。
[2026-04-11 08:28:58] [SUCCESS] bvid=BV14v9KBwEkA 已成功抓取全部所需数据。
[2026-04-11 08:29:03] [SUCCESS] bvid=BV19NDFB2Ei2 已成功抓取全部所需数据。
[2026-04-11 08:29:08] [SUCCESS] bvid=BV12v9KBFEgq 已成功抓取全部所需数据。
[2026-04-11 08:29:14] [SUCCESS] bvid=BV1aTDFBLE6g 已成功抓取全部所需数据。
[2026-04-11 08:29:19] [SUCCESS] bvid=BV1aNDFB2EtC 已成功抓取全部所需数据。
[2026-04-11 08:29:23] [SUCCESS] bvid=BV14v9KBwEpx 已成功抓取全部所需数据。
[2026-04-11 08:29:28] [SUCCESS] bvid=BV1Kv9KBwE1w 已成功抓取全部所需数据。
[2026-04-11 08:29:33] [SUCCESS] bvid=BV1eNDFB2Epz 已成功抓取全部所需数据。
[2026-04-11 08:29:38] [SUCCESS] bvid=BV1Kv9KBwEyz 已成功抓取全部所需数据。
[2026-04-11 08:29:43] [SUCCESS] bvid=BV1icDFBJEH6 已成功抓取全部所需数据。
[2026-04-11 08:29:48] [SUCCESS] bvid=BV1Tv9KBwEJu 已成功抓取全部所需数据。
[2026-04-11 08:29:54] [SUCCESS] bvid=BV1icDFBJEUX 已成功抓取全部所需数据。
[2026-04-11 08:29:59] [SUCCESS] bvid=BV1Kv9KBwEDg 已成功抓取全部所需数据。
[2026-04-11 08:30:04] [SUCCESS] bvid=BV1ewDFBUEpf 已成功抓取全部所需数据。
[2026-04-11 08:30:09] [SUCCESS] bvid=BV1xv9KBwE2h 已成功抓取全部所需数据。
[2026-04-11 08:30:15] [SUCCESS] bvid=BV1Zo9MB9EK1 已成功抓取全部所需数据。
[2026-04-11 08:30:21] [SUCCESS] bvid=BV14v9KBwESj 已成功抓取全部所需数据。
[2026-04-11 08:30:26] [SUCCESS] bvid=BV1RwDFBUEdF 已成功抓取全部所需数据。
[2026-04-11 08:30:31] [SUCCESS] bvid=BV12v9KBFEMQ 已成功抓取全部所需数据。
[2026-04-11 08:30:37] [SUCCESS] bvid=BV1vwDFBUEdx 已成功抓取全部所需数据。
[2026-04-11 08:30:42] [SUCCESS] bvid=BV1dwDFBUEAC 已成功抓取全部所需数据。
[2026-04-11 08:30:47] [SUCCESS] bvid=BV1Kv9KBwESp 已成功抓取全部所需数据。
[2026-04-11 08:30:51] [SUCCESS] bvid=BV14v9KBwES3 已成功抓取全部所需数据。
[2026-04-11 08:30:57] [SUCCESS] bvid=BV1agDFBVEEr 已成功抓取全部所需数据。
[2026-04-11 08:31:02] [SUCCESS] bvid=BV1WXSQBkELr 已成功抓取全部所需数据。
[2026-04-11 08:31:07] [SUCCESS] bvid=BV1Kv9KBwEkU 已成功抓取全部所需数据。
[2026-04-11 08:31:12] [SUCCESS] bvid=BV1dJ9JBUE22 已成功抓取全部所需数据。
[2026-04-11 08:31:17] [SUCCESS] bvid=BV1oJ9JBUEF8 已成功抓取全部所需数据。
[2026-04-11 08:31:22] [SUCCESS] bvid=BV1XN9TB6EFM 已成功抓取全部所需数据。
[2026-04-11 08:31:27] [SUCCESS] bvid=BV1K2SQB2E33 已成功抓取全部所需数据。
[2026-04-11 08:31:32] [SUCCESS] bvid=BV1ThSoBAER9 已成功抓取全部所需数据。
[2026-04-11 08:31:37] [SUCCESS] bvid=BV1JbSZBpEZF 已成功抓取全部所需数据。
[2026-04-11 08:31:42] [SUCCESS] bvid=BV1jiSZBmEff 已成功抓取全部所需数据。
[2026-04-11 08:31:47] [SUCCESS] bvid=BV1Bw9FB8EEb 已成功抓取全部所需数据。
[2026-04-11 08:31:52] [SUCCESS] bvid=BV1MfXZBCE9U 已成功抓取全部所需数据。
[2026-04-11 08:31:57] [SUCCESS] bvid=BV12eSoBFETE 已成功抓取全部所需数据。
[2026-04-11 08:32:02] [SUCCESS] bvid=BV1hqS9BhEib 已成功抓取全部所需数据。
[2026-04-11 08:32:07] [SUCCESS] bvid=BV1T1SQB7E1u 已成功抓取全部所需数据。
[2026-04-11 08:32:13] [SUCCESS] bvid=BV1kk9LB7E3J 已成功抓取全部所需数据。
[2026-04-11 08:32:18] [SUCCESS] bvid=BV17YDTBrEAz 已成功抓取全部所需数据。
[2026-04-11 08:32:23] [SUCCESS] bvid=BV14jSZBhEKe 已成功抓取全部所需数据。
[2026-04-11 08:32:29] [SUCCESS] bvid=BV1oo9MB9E8W 已成功抓取全部所需数据。
[2026-04-11 08:32:34] [SUCCESS] bvid=BV1HUSSBqEqo 已成功抓取全部所需数据。
[2026-04-11 08:32:39] [SUCCESS] bvid=BV1RjSoBrEnh 已成功抓取全部所需数据。
[2026-04-11 08:32:44] [SUCCESS] bvid=BV1P2SQB2ED7 已成功抓取全部所需数据。
[2026-04-11 08:32:49] [SUCCESS] bvid=BV18KSdB8EHD 已成功抓取全部所需数据。
[2026-04-11 08:32:54] [SUCCESS] bvid=BV1GgDFB5EPu 已成功抓取全部所需数据。
[2026-04-11 08:32:59] [SUCCESS] bvid=BV1VESoB3EzL 已成功抓取全部所需数据。
[2026-04-11 08:33:04] [SUCCESS] bvid=BV1GgDFB5Eut 已成功抓取全部所需数据。
[2026-04-11 08:33:09] [SUCCESS] bvid=BV1QgDFBVE7x 已成功抓取全部所需数据。
[2026-04-11 08:33:14] [SUCCESS] bvid=BV1agDFBVEn3 已成功抓取全部所需数据。
[2026-04-11 08:33:19] [SUCCESS] bvid=BV18gDFBVEj9 已成功抓取全部所需数据。
[2026-04-11 08:33:24] [SUCCESS] bvid=BV1hgDFBVEiz 已成功抓取全部所需数据。
[2026-04-11 08:33:29] [SUCCESS] bvid=BV1agDFBVEaz 已成功抓取全部所需数据。
[2026-04-11 08:33:34] [SUCCESS] bvid=BV1h3DFBkEsX 已成功抓取全部所需数据。
[2026-04-11 08:33:40] [SUCCESS] bvid=BV1QMDFByETe 已成功抓取全部所需数据。
[2026-04-11 08:33:45] [SUCCESS] bvid=BV1XTDFBLEb1 已成功抓取全部所需数据。
[2026-04-11 08:33:50] [SUCCESS] bvid=BV1h3DFBkEje 已成功抓取全部所需数据。
[2026-04-11 08:33:55] [SUCCESS] bvid=BV1VTDFBjEvJ 已成功抓取全部所需数据。
[2026-04-11 08:34:00] [SUCCESS] bvid=BV1jvSZBEE9Q 已成功抓取全部所需数据。
[2026-04-11 08:34:05] [SUCCESS] bvid=BV1kh9uBaEDv 已成功抓取全部所需数据。
[2026-04-11 08:34:11] [SUCCESS] bvid=BV1bfXZBCEHt 已成功抓取全部所需数据。
[2026-04-11 08:34:16] [SUCCESS] bvid=BV1C3XfBeEPy 已成功抓取全部所需数据。
[2026-04-11 08:34:21] [SUCCESS] bvid=BV1YTDFBLEqv 已成功抓取全部所需数据。
[2026-04-11 08:34:26] [SUCCESS] bvid=BV1DsSoBKE4Z 已成功抓取全部所需数据。
[2026-04-11 08:34:32] [SUCCESS] bvid=BV1aTDFBLEmc 已成功抓取全部所需数据。
[2026-04-11 08:34:37] [SUCCESS] bvid=BV1aTDFBLEba 已成功抓取全部所需数据。
[2026-04-11 08:34:42] [SUCCESS] bvid=BV1hMDFByEbo 已成功抓取全部所需数据。
[2026-04-11 08:34:47] [SUCCESS] bvid=BV1hMDFByEip 已成功抓取全部所需数据。
[2026-04-11 08:34:52] [SUCCESS] bvid=BV1QsSoBKECd 已成功抓取全部所需数据。
[2026-04-11 08:34:58] [SUCCESS] bvid=BV1XMDFByEyP 已成功抓取全部所需数据。
[2026-04-11 08:35:02] [SUCCESS] bvid=BV185X5B9EGh 已成功抓取全部所需数据。
[2026-04-11 08:35:07] [SUCCESS] bvid=BV1SsSoBKESo 已成功抓取全部所需数据。
[2026-04-11 08:35:07] [WARN] 当前子任务已结束，但仍有未成功抓取的视频，已导出 remaining CSV 供继续执行。
[2026-04-11 08:35:07] [INFO] 已导出剔除成功条目后的剩余 CSV：D:\Schoolworks\Thesis\Bilibili-Datahub\outputs\video_data\manual_crawls\manual_crawl_stat_comment_20260411_022942\remaining_bvids_part_35.csv
[2026-04-11 08:35:07] 子任务结束时间：2026-04-11T08:35:07.844060
[TIMESTAMP][END] 2026-04-11T08:35:07
