[TIMESTAMP][BEGIN] 2026-04-11T02:58:31
[2026-04-11 02:58:33] 开始执行 CSV 批量抓取子任务 part_4。
[2026-04-11 02:58:33] 子任务开始时间：2026-04-11T02:58:31.507421
[2026-04-11 02:58:33] 输入文件：batch_input_4.csv
[2026-04-11 02:58:33] 输入唯一 bvid 数量：100
[2026-04-11 02:58:33] 为严格按 CSV 顺序判断连续失败阈值，本次任务自动将并发度从 2 调整为 1。
[2026-04-11 02:58:38] [SUCCESS] bvid=BV1itQFBREqf 已成功抓取全部所需数据。
[2026-04-11 02:58:44] [SUCCESS] bvid=BV1emDoB5EvD 已成功抓取全部所需数据。
[2026-04-11 02:58:49] [SUCCESS] bvid=BV1DaDYBTEZp 已成功抓取全部所需数据。
[2026-04-11 02:58:54] [SUCCESS] bvid=BV1bwQFBkEiQ 已成功抓取全部所需数据。
[2026-04-11 02:58:59] [SUCCESS] bvid=BV1UwQFBkEyg 已成功抓取全部所需数据。
[2026-04-11 02:59:04] [SUCCESS] bvid=BV1bPQFB3EnT 已成功抓取全部所需数据。
[2026-04-11 02:59:10] [SUCCESS] bvid=BV1UPQFB3E1h 已成功抓取全部所需数据。
[2026-04-11 02:59:15] [SUCCESS] bvid=BV1bPQFB3EmH 已成功抓取全部所需数据。
[2026-04-11 02:59:20] [SUCCESS] bvid=BV1hfDfByE8o 已成功抓取全部所需数据。
[2026-04-11 02:59:25] [SUCCESS] bvid=BV1hfDfByESW 已成功抓取全部所需数据。
[2026-04-11 02:59:30] [SUCCESS] bvid=BV1hcQFBVENf 已成功抓取全部所需数据。
[2026-04-11 02:59:35] [SUCCESS] bvid=BV1bcQFBVEba 已成功抓取全部所需数据。
[2026-04-11 02:59:40] [SUCCESS] bvid=BV1VYQFBHE11 已成功抓取全部所需数据。
[2026-04-11 02:59:45] [SUCCESS] bvid=BV1mWD4BEEXL 已成功抓取全部所需数据。
[2026-04-11 02:59:50] [SUCCESS] bvid=BV1ScQFBVES7 已成功抓取全部所需数据。
[2026-04-11 02:59:55] [SUCCESS] bvid=BV1BCDfBREqa 已成功抓取全部所需数据。
[2026-04-11 03:00:00] [SUCCESS] bvid=BV1Z1DfBWEe1 已成功抓取全部所需数据。
[2026-04-11 03:00:05] [SUCCESS] bvid=BV1ARDxBuEc4 已成功抓取全部所需数据。
[2026-04-11 03:00:10] [SUCCESS] bvid=BV1z6DfBoENm 已成功抓取全部所需数据。
[2026-04-11 03:00:16] [SUCCESS] bvid=BV166DfBoENc 已成功抓取全部所需数据。
[2026-04-11 03:00:21] [SUCCESS] bvid=BV1F6DfBZEpu 已成功抓取全部所需数据。
[2026-04-11 03:00:26] [SUCCESS] bvid=BV1MmDtBQEZg 已成功抓取全部所需数据。
[2026-04-11 03:00:31] [SUCCESS] bvid=BV1i2DiBsEp5 已成功抓取全部所需数据。
[2026-04-11 03:00:36] [SUCCESS] bvid=BV142QFBkEFg 已成功抓取全部所需数据。
[2026-04-11 03:00:41] [SUCCESS] bvid=BV1zkDfBxEsx 已成功抓取全部所需数据。
[2026-04-11 03:00:46] [SUCCESS] bvid=BV1vSDfBDEeL 已成功抓取全部所需数据。
[2026-04-11 03:00:51] [SUCCESS] bvid=BV1vQDfBJEHe 已成功抓取全部所需数据。
[2026-04-11 03:00:56] [SUCCESS] bvid=BV19QDfBJE59 已成功抓取全部所需数据。
[2026-04-11 03:01:01] [SUCCESS] bvid=BV1eQDfBJEuM 已成功抓取全部所需数据。
[2026-04-11 03:01:06] [SUCCESS] bvid=BV1YQDfBJE7S 已成功抓取全部所需数据。
[2026-04-11 03:01:10] [SUCCESS] bvid=BV15QDfBnEgS 已成功抓取全部所需数据。
[2026-04-11 03:01:16] [SUCCESS] bvid=BV19QDfBJEqY 已成功抓取全部所需数据。
[2026-04-11 03:01:21] [SUCCESS] bvid=BV19QDfBJEWH 已成功抓取全部所需数据。
[2026-04-11 03:01:26] [SUCCESS] bvid=BV1eQDfBJEpK 已成功抓取全部所需数据。
[2026-04-11 03:01:31] [SUCCESS] bvid=BV1YQDfBJERh 已成功抓取全部所需数据。
[2026-04-11 03:01:36] [SUCCESS] bvid=BV1LQDfBnEHf 已成功抓取全部所需数据。
[2026-04-11 03:01:41] [SUCCESS] bvid=BV1i2DfBXEG9 已成功抓取全部所需数据。
[2026-04-11 03:01:46] [SUCCESS] bvid=BV172DfB9EbL 已成功抓取全部所需数据。
[2026-04-11 03:01:51] [SUCCESS] bvid=BV1i2DfBXEmg 已成功抓取全部所需数据。
[2026-04-11 03:01:56] [SUCCESS] bvid=BV1jUDfBpE2Q 已成功抓取全部所需数据。
[2026-04-11 03:02:02] [SUCCESS] bvid=BV1vUDfBpEzz 已成功抓取全部所需数据。
[2026-04-11 03:02:13] [SUCCESS] bvid=BV1LUDfBpEgv 已成功抓取全部所需数据。
[2026-04-11 03:02:18] [SUCCESS] bvid=BV1vUDfBHEpp 已成功抓取全部所需数据。
[2026-04-11 03:02:23] [SUCCESS] bvid=BV1vUDfBHES5 已成功抓取全部所需数据。
[2026-04-11 03:02:27] [SUCCESS] bvid=BV1dUDfBHEu4 已成功抓取全部所需数据。
[2026-04-11 03:02:32] [SUCCESS] bvid=BV1dUDfBHEgM 已成功抓取全部所需数据。
[2026-04-11 03:02:37] [SUCCESS] bvid=BV1vUDfBHE7W 已成功抓取全部所需数据。
[2026-04-11 03:02:42] [SUCCESS] bvid=BV1vUDfBHE7K 已成功抓取全部所需数据。
[2026-04-11 03:02:47] [SUCCESS] bvid=BV1vUDfBHESM 已成功抓取全部所需数据。
[2026-04-11 03:02:52] [SUCCESS] bvid=BV1vUDfBHESp 已成功抓取全部所需数据。
[2026-04-11 03:02:57] [SUCCESS] bvid=BV1vUDfBHEhY 已成功抓取全部所需数据。
[2026-04-11 03:03:02] [SUCCESS] bvid=BV1vUDfBHEaD 已成功抓取全部所需数据。
[2026-04-11 03:03:07] [SUCCESS] bvid=BV1JpQFBFEdM 已成功抓取全部所需数据。
[2026-04-11 03:13:11] [SUCCESS] bvid=BV1JHQFBfEDW 已成功抓取全部所需数据。
[2026-04-11 03:13:16] [SUCCESS] bvid=BV1EnQFB8ECc 已成功抓取全部所需数据。
[2026-04-11 03:13:22] [SUCCESS] bvid=BV1RTDfBJEiA 已成功抓取全部所需数据。
[2026-04-11 03:13:27] [SUCCESS] bvid=BV1KQQFBuELh 已成功抓取全部所需数据。
[2026-04-11 03:13:32] [SUCCESS] bvid=BV1nHQFBfEPu 已成功抓取全部所需数据。
[2026-04-11 03:13:37] [SUCCESS] bvid=BV16HQFBfEF6 已成功抓取全部所需数据。
[2026-04-11 03:13:42] [SUCCESS] bvid=BV1WNDYBdEUz 已成功抓取全部所需数据。
[2026-04-11 03:13:47] [SUCCESS] bvid=BV1uQDaBvEeq 已成功抓取全部所需数据。
[2026-04-11 03:13:51] [SUCCESS] bvid=BV1tcDZBvEdy 已成功抓取全部所需数据。
[2026-04-11 03:13:57] [SUCCESS] bvid=BV1R3QcBsExn 已成功抓取全部所需数据。
[2026-04-11 03:14:02] [SUCCESS] bvid=BV1H7QFBaEmE 已成功抓取全部所需数据。
[2026-04-11 03:14:07] [SUCCESS] bvid=BV1rJQFBcEqN 已成功抓取全部所需数据。
[2026-04-11 03:14:12] [SUCCESS] bvid=BV16JQFBcEWM 已成功抓取全部所需数据。
[2026-04-11 03:14:17] [SUCCESS] bvid=BV174QFBxEX5 已成功抓取全部所需数据。
[2026-04-11 03:14:22] [SUCCESS] bvid=BV1qtQFBRE8X 已成功抓取全部所需数据。
[2026-04-11 03:14:27] [SUCCESS] bvid=BV1LtQFBREvH 已成功抓取全部所需数据。
[2026-04-11 03:14:32] [SUCCESS] bvid=BV1EWQFBtEdH 已成功抓取全部所需数据。
[2026-04-11 03:14:37] [SUCCESS] bvid=BV1KSQFB6EHF 已成功抓取全部所需数据。
[2026-04-11 03:14:42] [SUCCESS] bvid=BV1xMQFBBEjB 已成功抓取全部所需数据。
[2026-04-11 03:14:47] [SUCCESS] bvid=BV14MQFBBE6B 已成功抓取全部所需数据。
[2026-04-11 03:14:52] [SUCCESS] bvid=BV1KmDZBPEGM 已成功抓取全部所需数据。
[2026-04-11 03:14:57] [SUCCESS] bvid=BV1xgQFBTE4q 已成功抓取全部所需数据。
[2026-04-11 03:15:02] [SUCCESS] bvid=BV14NQFB6Ezw 已成功抓取全部所需数据。
[2026-04-11 03:15:07] [SUCCESS] bvid=BV1xTQFBuE2N 已成功抓取全部所需数据。
[2026-04-11 03:15:12] [SUCCESS] bvid=BV14TQFBuEmo 已成功抓取全部所需数据。
[2026-04-11 03:15:17] [SUCCESS] bvid=BV1p5QFBeEPm 已成功抓取全部所需数据。
[2026-04-11 03:15:22] [SUCCESS] bvid=BV1y5QFBeELR 已成功抓取全部所需数据。
[2026-04-11 03:15:27] [SUCCESS] bvid=BV1W5QFBeEth 已成功抓取全部所需数据。
[2026-04-11 03:15:32] [SUCCESS] bvid=BV1K3QFBqE3K 已成功抓取全部所需数据。
[2026-04-11 03:15:37] [SUCCESS] bvid=BV1y3QFBiEf2 已成功抓取全部所需数据。
[2026-04-11 03:15:42] [SUCCESS] bvid=BV1s3QFBiENM 已成功抓取全部所需数据。
[2026-04-11 03:15:47] [SUCCESS] bvid=BV1s3QFBiEDM 已成功抓取全部所需数据。
[2026-04-11 03:15:52] [SUCCESS] bvid=BV1WVQFBNEdz 已成功抓取全部所需数据。
[2026-04-11 03:15:57] [SUCCESS] bvid=BV1K1DZBvEE9 已成功抓取全部所需数据。
[2026-04-11 03:16:02] [SUCCESS] bvid=BV1MBDWBGEmZ 已成功抓取全部所需数据。
[2026-04-11 03:16:14] [SUCCESS] bvid=BV1sVQFBNE8B 已成功抓取全部所需数据。
[2026-04-11 03:16:19] [SUCCESS] bvid=BV1pVQFBNERL 已成功抓取全部所需数据。
[2026-04-11 03:16:24] [SUCCESS] bvid=BV1pRDxBuE7F 已成功抓取全部所需数据。
[2026-04-11 03:16:29] [SUCCESS] bvid=BV1u1QFBVEcL 已成功抓取全部所需数据。
[2026-04-11 03:16:34] [SUCCESS] bvid=BV1M1QFBVE84 已成功抓取全部所需数据。
[2026-04-11 03:16:39] [SUCCESS] bvid=BV1yhD4BCEtR 已成功抓取全部所需数据。
[2026-04-11 03:16:44] [SUCCESS] bvid=BV1K2QFBkEhM 已成功抓取全部所需数据。
[2026-04-11 03:16:49] [SUCCESS] bvid=BV1UsD4BmEyK 已成功抓取全部所需数据。
[2026-04-11 03:16:55] [SUCCESS] bvid=BV1ukQFBLEGo 已成功抓取全部所需数据。
[2026-04-11 03:17:00] [SUCCESS] bvid=BV1gkQFBLECT 已成功抓取全部所需数据。
[2026-04-11 03:17:05] [SUCCESS] bvid=BV1gkQFBLEQr 已成功抓取全部所需数据。
[2026-04-11 03:17:10] [SUCCESS] bvid=BV1MCQFByEya 已成功抓取全部所需数据。
[2026-04-11 03:17:10] [INFO] 当前 batch_crawl 已完成，所有视频均已成功抓取。
[2026-04-11 03:17:10] 子任务结束时间：2026-04-11T03:17:10.856445
[TIMESTAMP][END] 2026-04-11T03:17:10
