[TIMESTAMP][BEGIN] 2026-04-11T07:02:40
[2026-04-11 07:02:42] 开始执行 CSV 批量抓取子任务 part_25。
[2026-04-11 07:02:42] 子任务开始时间：2026-04-11T07:02:40.379679
[2026-04-11 07:02:42] 输入文件：batch_input_25.csv
[2026-04-11 07:02:42] 输入唯一 bvid 数量：100
[2026-04-11 07:02:42] 为严格按 CSV 顺序判断连续失败阈值，本次任务自动将并发度从 2 调整为 1。
[2026-04-11 07:02:47] [SUCCESS] bvid=BV1TADqBCEXn 已成功抓取全部所需数据。
[2026-04-11 07:02:52] [SUCCESS] bvid=BV1TNDqBGEM8 已成功抓取全部所需数据。
[2026-04-11 07:02:57] [SUCCESS] bvid=BV1bjDeBTEaX 已成功抓取全部所需数据。
[2026-04-11 07:03:03] [SUCCESS] bvid=BV18QDaBvERh 已成功抓取全部所需数据。
[2026-04-11 07:03:08] [SUCCESS] bvid=BV1MNDqBGEEH 已成功抓取全部所需数据。
[2026-04-11 07:03:13] [SUCCESS] bvid=BV12g9NBbESK 已成功抓取全部所需数据。
[2026-04-11 07:03:18] [SUCCESS] bvid=BV1RMSDBXEFL 已成功抓取全部所需数据。
[2026-04-11 07:03:23] [SUCCESS] bvid=BV1SwDqB5Eha 已成功抓取全部所需数据。
[2026-04-11 07:03:28] [SUCCESS] bvid=BV1NuDqBzETs 已成功抓取全部所需数据。
[2026-04-11 07:03:33] [SUCCESS] bvid=BV1twDqB5ErP 已成功抓取全部所需数据。
[2026-04-11 07:03:38] [SUCCESS] bvid=BV1yuDqBzEQm 已成功抓取全部所需数据。
[2026-04-11 07:03:43] [SUCCESS] bvid=BV1TwDqB5Ekw 已成功抓取全部所需数据。
[2026-04-11 07:03:48] [SUCCESS] bvid=BV1x3DqBMEwe 已成功抓取全部所需数据。
[2026-04-11 07:03:53] [SUCCESS] bvid=BV1xuDqBzEtY 已成功抓取全部所需数据。
[2026-04-11 07:03:58] [SUCCESS] bvid=BV11uDqBzE1G 已成功抓取全部所需数据。
[2026-04-11 07:04:03] [SUCCESS] bvid=BV1N3DqBME5W 已成功抓取全部所需数据。
[2026-04-11 07:04:08] [SUCCESS] bvid=BV1N3DqBMEsB 已成功抓取全部所需数据。
[2026-04-11 07:04:13] [SUCCESS] bvid=BV1s3DqBMEgN 已成功抓取全部所需数据。
[2026-04-11 07:04:18] [SUCCESS] bvid=BV1KMDqBgEtt 已成功抓取全部所需数据。
[2026-04-11 07:04:23] [SUCCESS] bvid=BV1KMDqBgErE 已成功抓取全部所需数据。
[2026-04-11 07:04:28] [SUCCESS] bvid=BV1MQSZBqEbd 已成功抓取全部所需数据。
[2026-04-11 07:04:33] [SUCCESS] bvid=BV1tjDeBTECm 已成功抓取全部所需数据。
[2026-04-11 07:04:38] [SUCCESS] bvid=BV1sxDeBcEsZ 已成功抓取全部所需数据。
[2026-04-11 07:04:43] [SUCCESS] bvid=BV1sxDeBcE6b 已成功抓取全部所需数据。
[2026-04-11 07:04:48] [SUCCESS] bvid=BV14nDeBeEnZ 已成功抓取全部所需数据。
[2026-04-11 07:04:53] [SUCCESS] bvid=BV1xnDeBeEvm 已成功抓取全部所需数据。
[2026-04-11 07:04:58] [SUCCESS] bvid=BV1xnDeBeEBo 已成功抓取全部所需数据。
[2026-04-11 07:05:03] [SUCCESS] bvid=BV14pDeBAEKK 已成功抓取全部所需数据。
[2026-04-11 07:05:08] [SUCCESS] bvid=BV1xpDeBAERf 已成功抓取全部所需数据。
[2026-04-11 07:05:13] [SUCCESS] bvid=BV1H8DeBtEiC 已成功抓取全部所需数据。
[2026-04-11 07:05:18] [SUCCESS] bvid=BV1p8DeBtEBx 已成功抓取全部所需数据。
[2026-04-11 07:05:23] [SUCCESS] bvid=BV1khDeBoEsx 已成功抓取全部所需数据。
[2026-04-11 07:05:28] [SUCCESS] bvid=BV1C4DeB8Ehu 已成功抓取全部所需数据。
[2026-04-11 07:05:33] [SUCCESS] bvid=BV1WtDeBfECT 已成功抓取全部所需数据。
[2026-04-11 07:05:38] [SUCCESS] bvid=BV1nhDeBoEaz 已成功抓取全部所需数据。
[2026-04-11 07:05:43] [SUCCESS] bvid=BV1b7DeBiEnA 已成功抓取全部所需数据。
[2026-04-11 07:05:48] [SUCCESS] bvid=BV1G1DaBzEgy 已成功抓取全部所需数据。
[2026-04-11 07:05:53] [SUCCESS] bvid=BV1ptDeBfEYU 已成功抓取全部所需数据。
[2026-04-11 07:05:59] [SUCCESS] bvid=BV1h3DeB6EGe 已成功抓取全部所需数据。
[2026-04-11 07:06:04] [SUCCESS] bvid=BV183DeB6E93 已成功抓取全部所需数据。
[2026-04-11 07:06:09] [SUCCESS] bvid=BV1G3DeBrEgU 已成功抓取全部所需数据。
[2026-04-11 07:06:14] [SUCCESS] bvid=BV1HtDeBfEfM 已成功抓取全部所需数据。
[2026-04-11 07:06:19] [SUCCESS] bvid=BV18VDeBuEbo 已成功抓取全部所需数据。
[2026-04-11 07:06:24] [SUCCESS] bvid=BV1hVDeBuEYA 已成功抓取全部所需数据。
[2026-04-11 07:06:29] [SUCCESS] bvid=BV1DVDeBuEFF 已成功抓取全部所需数据。
[2026-04-11 07:06:35] [SUCCESS] bvid=BV19MDeBkEna 已成功抓取全部所需数据。
[2026-04-11 07:06:40] [SUCCESS] bvid=BV1YMDeBkEkr 已成功抓取全部所需数据。
[2026-04-11 07:06:44] [SUCCESS] bvid=BV1aMDeBkE7k 已成功抓取全部所需数据。
[2026-04-11 07:06:49] [SUCCESS] bvid=BV1aMDeBkEvT 已成功抓取全部所需数据。
[2026-04-11 07:06:54] [SUCCESS] bvid=BV1YMDeBkE6C 已成功抓取全部所需数据。
[2026-04-11 07:07:00] [SUCCESS] bvid=BV19MDeBkEpH 已成功抓取全部所需数据。
[2026-04-11 07:07:05] [SUCCESS] bvid=BV1aMDeBkE2t 已成功抓取全部所需数据。
[2026-04-11 07:07:10] [SUCCESS] bvid=BV1aMDeBkEqF 已成功抓取全部所需数据。
[2026-04-11 07:07:15] [SUCCESS] bvid=BV1hgDeB3Eae 已成功抓取全部所需数据。
[2026-04-11 07:07:20] [SUCCESS] bvid=BV1agDeB3Ed1 已成功抓取全部所需数据。
[2026-04-11 07:07:25] [SUCCESS] bvid=BV147DeBiEo5 已成功抓取全部所需数据。
[2026-04-11 07:07:30] [SUCCESS] bvid=BV1t7DeBiEwP 已成功抓取全部所需数据。
[2026-04-11 07:07:35] [SUCCESS] bvid=BV1wMDYB9EbT 已成功抓取全部所需数据。
[2026-04-11 07:07:40] [SUCCESS] bvid=BV1DDDaBKE5D 已成功抓取全部所需数据。
[2026-04-11 07:07:45] [SUCCESS] bvid=BV14JDeBNEDf 已成功抓取全部所需数据。
[2026-04-11 07:07:50] [SUCCESS] bvid=BV14JDeBNE4w 已成功抓取全部所需数据。
[2026-04-11 07:07:55] [SUCCESS] bvid=BV14JDeBNEzc 已成功抓取全部所需数据。
[2026-04-11 07:08:00] [SUCCESS] bvid=BV1xZSZBYEpa 已成功抓取全部所需数据。
[2026-04-11 07:08:05] [SUCCESS] bvid=BV1tGSZBPEq2 已成功抓取全部所需数据。
[2026-04-11 07:08:10] [SUCCESS] bvid=BV1jP93BZEQ5 已成功抓取全部所需数据。
[2026-04-11 07:08:16] [SUCCESS] bvid=BV176DeBDEBc 已成功抓取全部所需数据。
[2026-04-11 07:08:21] [SUCCESS] bvid=BV1GbDYBgEjg 已成功抓取全部所需数据。
[2026-04-11 07:08:26] [SUCCESS] bvid=BV1NPDYB4EA2 已成功抓取全部所需数据。
[2026-04-11 07:08:31] [SUCCESS] bvid=BV1tjDeBTErK 已成功抓取全部所需数据。
[2026-04-11 07:08:36] [SUCCESS] bvid=BV1U5DeBBEZR 已成功抓取全部所需数据。
[2026-04-11 07:08:41] [SUCCESS] bvid=BV1SjDeBTEVZ 已成功抓取全部所需数据。
[2026-04-11 07:08:46] [SUCCESS] bvid=BV1eUDeBLE6X 已成功抓取全部所需数据。
[2026-04-11 07:08:51] [SUCCESS] bvid=BV1UjDeBTEGy 已成功抓取全部所需数据。
[2026-04-11 07:08:56] [SUCCESS] bvid=BV1VUDeBLE48 已成功抓取全部所需数据。
[2026-04-11 07:09:01] [SUCCESS] bvid=BV1VSDeByEGG 已成功抓取全部所需数据。
[2026-04-11 07:09:06] [SUCCESS] bvid=BV1VUDeBLEZW 已成功抓取全部所需数据。
[2026-04-11 07:09:12] [SUCCESS] bvid=BV1tjDFBuEpV 已成功抓取全部所需数据。
[2026-04-11 07:09:17] [SUCCESS] bvid=BV15UDeBLEF1 已成功抓取全部所需数据。
[2026-04-11 07:09:22] [SUCCESS] bvid=BV13QDeBVE16 已成功抓取全部所需数据。
[2026-04-11 07:09:27] [SUCCESS] bvid=BV1aSDeByEs4 已成功抓取全部所需数据。
[2026-04-11 07:09:32] [SUCCESS] bvid=BV1aSDeByEk8 已成功抓取全部所需数据。
[2026-04-11 07:09:37] [SUCCESS] bvid=BV152DeB2EGK 已成功抓取全部所需数据。
[2026-04-11 07:09:42] [SUCCESS] bvid=BV151DeB7Eqs 已成功抓取全部所需数据。
[2026-04-11 07:09:47] [SUCCESS] bvid=BV151DeB7EX1 已成功抓取全部所需数据。
[2026-04-11 07:09:52] [SUCCESS] bvid=BV151DeB7EQZ 已成功抓取全部所需数据。
[2026-04-11 07:09:57] [SUCCESS] bvid=BV151DeB7ETH 已成功抓取全部所需数据。
[2026-04-11 07:10:02] [SUCCESS] bvid=BV1v1DeB7ESw 已成功抓取全部所需数据。
[2026-04-11 07:10:07] [SUCCESS] bvid=BV1Y2DeB2End 已成功抓取全部所需数据。
[2026-04-11 07:10:12] [SUCCESS] bvid=BV1v1DeB7EFP 已成功抓取全部所需数据。
[2026-04-11 07:10:17] [SUCCESS] bvid=BV1e1DeB7EoT 已成功抓取全部所需数据。
[2026-04-11 07:10:22] [SUCCESS] bvid=BV151DeBEEA1 已成功抓取全部所需数据。
[2026-04-11 07:10:27] [SUCCESS] bvid=BV1V2DeB2ErM 已成功抓取全部所需数据。
[2026-04-11 07:10:32] [SUCCESS] bvid=BV1G2DeB2EDo 已成功抓取全部所需数据。
[2026-04-11 07:10:37] [SUCCESS] bvid=BV1V2DeB2E41 已成功抓取全部所需数据。
[2026-04-11 07:10:42] [SUCCESS] bvid=BV1Y2DeB2EUV 已成功抓取全部所需数据。
[2026-04-11 07:10:47] [SUCCESS] bvid=BV1G2DeB2EQj 已成功抓取全部所需数据。
[2026-04-11 07:10:51] [SUCCESS] bvid=BV1V2DeB2EBQ 已成功抓取全部所需数据。
[2026-04-11 07:10:56] [SUCCESS] bvid=BV1Y2DeB2ERP 已成功抓取全部所需数据。
[2026-04-11 07:11:01] [SUCCESS] bvid=BV1V2DeB2Esn 已成功抓取全部所需数据。
[2026-04-11 07:11:06] [SUCCESS] bvid=BV1V2DeB2E65 已成功抓取全部所需数据。
[2026-04-11 07:11:06] [INFO] 当前 batch_crawl 已完成，所有视频均已成功抓取。
[2026-04-11 07:11:06] 子任务结束时间：2026-04-11T07:11:06.707747
[TIMESTAMP][END] 2026-04-11T07:11:06
