[TIMESTAMP][BEGIN] 2026-04-11T06:02:39
[2026-04-11 06:02:42] 开始执行 CSV 批量抓取子任务 part_18。
[2026-04-11 06:02:42] 子任务开始时间：2026-04-11T06:02:39.999347
[2026-04-11 06:02:42] 输入文件：batch_input_18.csv
[2026-04-11 06:02:42] 输入唯一 bvid 数量：100
[2026-04-11 06:02:42] 为严格按 CSV 顺序判断连续失败阈值，本次任务自动将并发度从 2 调整为 1。
[2026-04-11 06:02:47] [SUCCESS] bvid=BV1QdDLBoEzG 已成功抓取全部所需数据。
[2026-04-11 06:02:52] [SUCCESS] bvid=BV1GdDLBZEfx 已成功抓取全部所需数据。
[2026-04-11 06:02:57] [SUCCESS] bvid=BV15QDLBhEBx 已成功抓取全部所需数据。
[2026-04-11 06:03:02] [SUCCESS] bvid=BV1iQDLBhE8Q 已成功抓取全部所需数据。
[2026-04-11 06:03:07] [SUCCESS] bvid=BV1adDLBZE6Y 已成功抓取全部所需数据。
[2026-04-11 06:03:12] [SUCCESS] bvid=BV1LQDLBhErG 已成功抓取全部所需数据。
[2026-04-11 06:03:17] [SUCCESS] bvid=BV1dQDLB8ET4 已成功抓取全部所需数据。
[2026-04-11 06:03:22] [SUCCESS] bvid=BV1GdDLBZEZY 已成功抓取全部所需数据。
[2026-04-11 06:03:27] [SUCCESS] bvid=BV1XdDLBoEKe 已成功抓取全部所需数据。
[2026-04-11 06:03:32] [SUCCESS] bvid=BV1QdDLBoE31 已成功抓取全部所需数据。
[2026-04-11 06:03:36] [SUCCESS] bvid=BV1QdDLBoECm 已成功抓取全部所需数据。
[2026-04-11 06:03:41] [SUCCESS] bvid=BV1RQDLB8ENT 已成功抓取全部所需数据。
[2026-04-11 06:03:46] [SUCCESS] bvid=BV15QDLBhEsL 已成功抓取全部所需数据。
[2026-04-11 06:03:51] [SUCCESS] bvid=BV19QDLB8ESs 已成功抓取全部所需数据。
[2026-04-11 06:03:56] [SUCCESS] bvid=BV19QDLB8E1K 已成功抓取全部所需数据。
[2026-04-11 06:04:01] [SUCCESS] bvid=BV15QDLBhEJy 已成功抓取全部所需数据。
[2026-04-11 06:04:06] [SUCCESS] bvid=BV1RQDLB8EAr 已成功抓取全部所需数据。
[2026-04-11 06:04:10] [SUCCESS] bvid=BV1XXDLBfEvh 已成功抓取全部所需数据。
[2026-04-11 06:04:15] [SUCCESS] bvid=BV19QDLB8EUH 已成功抓取全部所需数据。
[2026-04-11 06:04:20] [SUCCESS] bvid=BV1vQDLBhEux 已成功抓取全部所需数据。
[2026-04-11 06:04:25] [SUCCESS] bvid=BV1RQDLB8ETV 已成功抓取全部所需数据。
[2026-04-11 06:04:30] [SUCCESS] bvid=BV1e9DLBFEFk 已成功抓取全部所需数据。
[2026-04-11 06:04:35] [SUCCESS] bvid=BV19XDLBfEwm 已成功抓取全部所需数据。
[2026-04-11 06:04:40] [SUCCESS] bvid=BV19XDLBfEBo 已成功抓取全部所需数据。
[2026-04-11 06:04:45] [SUCCESS] bvid=BV1dQDLB8Est 已成功抓取全部所需数据。
[2026-04-11 06:04:50] [SUCCESS] bvid=BV1V9DLBFEPW 已成功抓取全部所需数据。
[2026-04-11 06:04:55] [SUCCESS] bvid=BV19QDLB8Eoj 已成功抓取全部所需数据。
[2026-04-11 06:05:00] [SUCCESS] bvid=BV1V9DLBFEfN 已成功抓取全部所需数据。
[2026-04-11 06:05:05] [SUCCESS] bvid=BV159DLBFETZ 已成功抓取全部所需数据。
[2026-04-11 06:05:10] [SUCCESS] bvid=BV1hzDjBtEhk 已成功抓取全部所需数据。
[2026-04-11 06:05:15] [SUCCESS] bvid=BV1v9DLBFE1e 已成功抓取全部所需数据。
[2026-04-11 06:05:20] [SUCCESS] bvid=BV19XDLBfE4T 已成功抓取全部所需数据。
[2026-04-11 06:05:25] [SUCCESS] bvid=BV1AiDLBrErL 已成功抓取全部所需数据。
[2026-04-11 06:05:30] [SUCCESS] bvid=BV1RXDLBfEps 已成功抓取全部所需数据。
[2026-04-11 06:05:35] [SUCCESS] bvid=BV1j9D6BKEMB 已成功抓取全部所需数据。
[2026-04-11 06:05:40] [SUCCESS] bvid=BV1yZDrBHEvX 已成功抓取全部所需数据。
[2026-04-11 06:05:45] [SUCCESS] bvid=BV1BFDiBdEX9 已成功抓取全部所需数据。
[2026-04-11 06:05:50] [SUCCESS] bvid=BV1AiDLBrELW 已成功抓取全部所需数据。
[2026-04-11 06:05:55] [SUCCESS] bvid=BV1AiDLBrEwq 已成功抓取全部所需数据。
[2026-04-11 06:06:00] [SUCCESS] bvid=BV1AiDLBrEgh 已成功抓取全部所需数据。
[2026-04-11 06:06:05] [SUCCESS] bvid=BV1piDLBrEaN 已成功抓取全部所需数据。
[2026-04-11 06:06:10] [SUCCESS] bvid=BV1AiDLBrE35 已成功抓取全部所需数据。
[2026-04-11 06:06:15] [SUCCESS] bvid=BV1czDLBzE1B 已成功抓取全部所需数据。
[2026-04-11 06:06:20] [SUCCESS] bvid=BV1xo6FB1E2K 已成功抓取全部所需数据。
[2026-04-11 06:06:25] [SUCCESS] bvid=BV1ZGDhBGE7T 已成功抓取全部所需数据。
[2026-04-11 06:06:30] [SUCCESS] bvid=BV1eKDiBQEYu 已成功抓取全部所需数据。
[2026-04-11 06:06:35] [SUCCESS] bvid=BV1feDuBmEAW 已成功抓取全部所需数据。
[2026-04-11 06:06:40] [SUCCESS] bvid=BV1SZXZBVEgZ 已成功抓取全部所需数据。
[2026-04-11 06:06:45] [SUCCESS] bvid=BV1SfDLBRECv 已成功抓取全部所需数据。
[2026-04-11 06:06:50] [SUCCESS] bvid=BV1iRD6BvEmi 已成功抓取全部所需数据。
[2026-04-11 06:06:55] [SUCCESS] bvid=BV1PLDzBVEdy 已成功抓取全部所需数据。
[2026-04-11 06:07:01] [SUCCESS] bvid=BV1gADzBHE6H 已成功抓取全部所需数据。
[2026-04-11 06:07:06] [SUCCESS] bvid=BV193DiBEEaP 已成功抓取全部所需数据。
[2026-04-11 06:07:11] [SUCCESS] bvid=BV1PfDrBQECL 已成功抓取全部所需数据。
[2026-04-11 06:07:16] [SUCCESS] bvid=BV16nDjB6Eew 已成功抓取全部所需数据。
[2026-04-11 06:07:21] [SUCCESS] bvid=BV1t1DjBWECm 已成功抓取全部所需数据。
[2026-04-11 06:07:27] [SUCCESS] bvid=BV1D6DjBoEJ8 已成功抓取全部所需数据。
[2026-04-11 06:07:32] [SUCCESS] bvid=BV1BxDjBTEiC 已成功抓取全部所需数据。
[2026-04-11 06:07:37] [SUCCESS] bvid=BV1Ch9uBaEHS 已成功抓取全部所需数据。
[2026-04-11 06:07:42] [SUCCESS] bvid=BV18fDLBdE6s 已成功抓取全部所需数据。
[2026-04-11 06:07:47] [SUCCESS] bvid=BV1zxDjBTEAA 已成功抓取全部所需数据。
[2026-04-11 06:07:52] [SUCCESS] bvid=BV1XZDLBxE3a 已成功抓取全部所需数据。
[2026-04-11 06:07:58] [SUCCESS] bvid=BV1QzDzBdE7h 已成功抓取全部所需数据。
[2026-04-11 06:08:03] [SUCCESS] bvid=BV1pYDiBPE57 已成功抓取全部所需数据。
[2026-04-11 06:08:08] [SUCCESS] bvid=BV1gPDrBbEUm 已成功抓取全部所需数据。
[2026-04-11 06:08:13] [SUCCESS] bvid=BV1wBDLBgE4W 已成功抓取全部所需数据。
[2026-04-11 06:08:18] [SUCCESS] bvid=BV1ABDLBgEcn 已成功抓取全部所需数据。
[2026-04-11 06:08:23] [SUCCESS] bvid=BV1ABDLBgEcg 已成功抓取全部所需数据。
[2026-04-11 06:08:28] [SUCCESS] bvid=BV1pBDLBgEg9 已成功抓取全部所需数据。
[2026-04-11 06:08:33] [SUCCESS] bvid=BV1pBDLBgEbE 已成功抓取全部所需数据。
[2026-04-11 06:08:34] [ERROR] bvid=BV1HBDLBgEfj 抓取失败：stat: 接口返回错误代码：62012，信息：62012。
{'code': 62012, 'message': '62012', 'ttl': 1} | comment: 接口返回错误代码：62012，信息：62012。
{'code': 62012, 'message': '62012', 'ttl': 1}
[2026-04-11 06:08:39] [SUCCESS] bvid=BV1pBDLBgEbr 已成功抓取全部所需数据。
[2026-04-11 06:08:44] [SUCCESS] bvid=BV1wBDLBgEDB 已成功抓取全部所需数据。
[2026-04-11 06:08:49] [SUCCESS] bvid=BV1HBDLBgEib 已成功抓取全部所需数据。
[2026-04-11 06:08:54] [SUCCESS] bvid=BV1wBDLBgE8x 已成功抓取全部所需数据。
[2026-04-11 06:08:59] [SUCCESS] bvid=BV1yYDLBCEG6 已成功抓取全部所需数据。
[2026-04-11 06:09:04] [SUCCESS] bvid=BV17QD6BqEUa 已成功抓取全部所需数据。
[2026-04-11 06:09:09] [SUCCESS] bvid=BV1PYDLBCEwF 已成功抓取全部所需数据。
[2026-04-11 06:09:14] [SUCCESS] bvid=BV1AYDLBCEXN 已成功抓取全部所需数据。
[2026-04-11 06:09:19] [SUCCESS] bvid=BV1PYDLBCE4U 已成功抓取全部所需数据。
[2026-04-11 06:09:24] [SUCCESS] bvid=BV1WYDLBCE1V 已成功抓取全部所需数据。
[2026-04-11 06:09:30] [SUCCESS] bvid=BV1yYDLBCE1H 已成功抓取全部所需数据。
[2026-04-11 06:09:34] [SUCCESS] bvid=BV1CvDLBGEdJ 已成功抓取全部所需数据。
[2026-04-11 06:09:40] [SUCCESS] bvid=BV1SZXZBVEwW 已成功抓取全部所需数据。
[2026-04-11 06:09:44] [SUCCESS] bvid=BV1pvDLBGEu5 已成功抓取全部所需数据。
[2026-04-11 06:09:50] [SUCCESS] bvid=BV1HzDLBzEP5 已成功抓取全部所需数据。
[2026-04-11 06:09:54] [SUCCESS] bvid=BV16kDLBqEMt 已成功抓取全部所需数据。
[2026-04-11 06:09:59] [SUCCESS] bvid=BV16kDLBqE8U 已成功抓取全部所需数据。
[2026-04-11 06:10:05] [SUCCESS] bvid=BV1CVDjBLEXf 已成功抓取全部所需数据。
[2026-04-11 06:10:10] [SUCCESS] bvid=BV1EyDLBKEkm 已成功抓取全部所需数据。
[2026-04-11 06:10:15] [SUCCESS] bvid=BV1fyDLBNE4H 已成功抓取全部所需数据。
[2026-04-11 06:10:20] [SUCCESS] bvid=BV1EyDLBKEk2 已成功抓取全部所需数据。
[2026-04-11 06:10:25] [SUCCESS] bvid=BV1fyDLBNESn 已成功抓取全部所需数据。
[2026-04-11 06:10:30] [SUCCESS] bvid=BV1vvDjBcEWf 已成功抓取全部所需数据。
[2026-04-11 06:10:35] [SUCCESS] bvid=BV1czDLBzEdW 已成功抓取全部所需数据。
[2026-04-11 06:10:40] [SUCCESS] bvid=BV1wzDLBzE74 已成功抓取全部所需数据。
[2026-04-11 06:10:45] [SUCCESS] bvid=BV1FzDLBzEdY 已成功抓取全部所需数据。
[2026-04-11 06:10:50] [SUCCESS] bvid=BV1czDLBzEcB 已成功抓取全部所需数据。
[2026-04-11 06:10:55] [SUCCESS] bvid=BV1HzDLBzEKU 已成功抓取全部所需数据。
[2026-04-11 06:11:00] [SUCCESS] bvid=BV1nrDLBMEQb 已成功抓取全部所需数据。
[2026-04-11 06:11:00] [WARN] 当前子任务已结束，但仍有未成功抓取的视频，已导出 remaining CSV 供继续执行。
[2026-04-11 06:11:00] [INFO] 已导出剔除成功条目后的剩余 CSV：D:\Schoolworks\Thesis\Bilibili-Datahub\outputs\video_data\manual_crawls\manual_crawl_stat_comment_20260411_022942\remaining_bvids_part_18.csv
[2026-04-11 06:11:00] 子任务结束时间：2026-04-11T06:11:00.354438
[TIMESTAMP][END] 2026-04-11T06:11:00
