[TIMESTAMP][BEGIN] 2026-04-11T03:42:44
[2026-04-11 03:42:46] 开始执行 CSV 批量抓取子任务 part_6。
[2026-04-11 03:42:46] 子任务开始时间：2026-04-11T03:42:44.334313
[2026-04-11 03:42:46] 输入文件：batch_input_6.csv
[2026-04-11 03:42:46] 输入唯一 bvid 数量：100
[2026-04-11 03:42:46] 为严格按 CSV 顺序判断连续失败阈值，本次任务自动将并发度从 2 调整为 1。
[2026-04-11 03:42:52] [SUCCESS] bvid=BV1bzDWBrEoK 已成功抓取全部所需数据。
[2026-04-11 03:42:58] [SUCCESS] bvid=BV15ADpB7Eb5 已成功抓取全部所需数据。
[2026-04-11 03:43:04] [SUCCESS] bvid=BV1DwDtBpEtB 已成功抓取全部所需数据。
[2026-04-11 03:43:10] [SUCCESS] bvid=BV14uDtBmEGf 已成功抓取全部所需数据。
[2026-04-11 03:43:15] [SUCCESS] bvid=BV1v5D7BeEUZ 已成功抓取全部所需数据。
[2026-04-11 03:43:21] [SUCCESS] bvid=BV1PbDsBMEQC 已成功抓取全部所需数据。
[2026-04-11 03:43:27] [SUCCESS] bvid=BV1uBDZBgELn 已成功抓取全部所需数据。
[2026-04-11 03:43:34] [SUCCESS] bvid=BV1tADZBPELQ 已成功抓取全部所需数据。
[2026-04-11 03:43:39] [SUCCESS] bvid=BV1mPDZBYEFm 已成功抓取全部所需数据。
[2026-04-11 03:43:45] [SUCCESS] bvid=BV14PDZBeEd3 已成功抓取全部所需数据。
[2026-04-11 03:43:51] [SUCCESS] bvid=BV1v4DZBmEg1 已成功抓取全部所需数据。
[2026-04-11 03:43:57] [SUCCESS] bvid=BV14PDZBYEEn 已成功抓取全部所需数据。
[2026-04-11 03:44:03] [SUCCESS] bvid=BV1p3DZBZEja 已成功抓取全部所需数据。
[2026-04-11 03:44:09] [SUCCESS] bvid=BV1W3DZBZEPw 已成功抓取全部所需数据。
[2026-04-11 03:44:16] [SUCCESS] bvid=BV1HVDZB4ES3 已成功抓取全部所需数据。
[2026-04-11 03:44:21] [SUCCESS] bvid=BV1nVDZB4EUS 已成功抓取全部所需数据。
[2026-04-11 03:44:27] [SUCCESS] bvid=BV1pVDZB4EMv 已成功抓取全部所需数据。
[2026-04-11 03:44:33] [SUCCESS] bvid=BV1AVDZBtEnW 已成功抓取全部所需数据。
[2026-04-11 03:44:39] [SUCCESS] bvid=BV1suDZBFE3o 已成功抓取全部所需数据。
[2026-04-11 03:44:45] [SUCCESS] bvid=BV1suDZBFETe 已成功抓取全部所需数据。
[2026-04-11 03:44:52] [SUCCESS] bvid=BV1yuDZBFEDs 已成功抓取全部所需数据。
[2026-04-11 03:44:58] [SUCCESS] bvid=BV1puDZBFEd9 已成功抓取全部所需数据。
[2026-04-11 03:45:04] [SUCCESS] bvid=BV1WgDZBbE4c 已成功抓取全部所需数据。
[2026-04-11 03:45:10] [SUCCESS] bvid=BV1kgDZBbEf1 已成功抓取全部所需数据。
[2026-04-11 03:45:16] [SUCCESS] bvid=BV1mkDZBqEXS 已成功抓取全部所需数据。
[2026-04-11 03:45:21] [SUCCESS] bvid=BV1CqD4BzEuf 已成功抓取全部所需数据。
[2026-04-11 03:45:27] [SUCCESS] bvid=BV1bkDZBqEcy 已成功抓取全部所需数据。
[2026-04-11 03:45:32] [SUCCESS] bvid=BV1DzDZBzEKy 已成功抓取全部所需数据。
[2026-04-11 03:45:38] [SUCCESS] bvid=BV1cdDZBZEw4 已成功抓取全部所需数据。
[2026-04-11 03:45:45] [SUCCESS] bvid=BV1B1D4BPE6s 已成功抓取全部所需数据。
[2026-04-11 03:45:51] [SUCCESS] bvid=BV1tyDZBKELL 已成功抓取全部所需数据。
[2026-04-11 03:45:58] [SUCCESS] bvid=BV1TyDZBKEfV 已成功抓取全部所需数据。
[2026-04-11 03:46:04] [SUCCESS] bvid=BV12yDZBPEd8 已成功抓取全部所需数据。
[2026-04-11 03:46:10] [SUCCESS] bvid=BV1TyDZBKECu 已成功抓取全部所需数据。
[2026-04-11 03:46:16] [SUCCESS] bvid=BV1uzDZBzEZc 已成功抓取全部所需数据。
[2026-04-11 03:46:22] [SUCCESS] bvid=BV1SzDZBzEeQ 已成功抓取全部所需数据。
[2026-04-11 03:46:28] [SUCCESS] bvid=BV1UzDZBzEXY 已成功抓取全部所需数据。
[2026-04-11 03:46:34] [SUCCESS] bvid=BV1MzDZBzEQy 已成功抓取全部所需数据。
[2026-04-11 03:46:39] [SUCCESS] bvid=BV1uzDZBzEsn 已成功抓取全部所需数据。
[2026-04-11 03:46:46] [SUCCESS] bvid=BV1MrDZBMEQW 已成功抓取全部所需数据。
[2026-04-11 03:46:52] [SUCCESS] bvid=BV1urDZBMELh 已成功抓取全部所需数据。
[2026-04-11 03:46:57] [SUCCESS] bvid=BV1yUDZBYEqS 已成功抓取全部所需数据。
[2026-04-11 03:47:03] [SUCCESS] bvid=BV1GeDxBXELL 已成功抓取全部所需数据。
[2026-04-11 03:47:09] [SUCCESS] bvid=BV1CDDZBwEd3 已成功抓取全部所需数据。
[2026-04-11 03:47:16] [SUCCESS] bvid=BV11UDZBYEi8 已成功抓取全部所需数据。
[2026-04-11 03:47:21] [SUCCESS] bvid=BV1bmDtBQEVq 已成功抓取全部所需数据。
[2026-04-11 03:47:28] [SUCCESS] bvid=BV13vDZBGEci 已成功抓取全部所需数据。
[2026-04-11 03:47:33] [SUCCESS] bvid=BV1NDDZBwELZ 已成功抓取全部所需数据。
[2026-04-11 03:47:39] [SUCCESS] bvid=BV1sDDZBwEnK 已成功抓取全部所需数据。
[2026-04-11 03:47:46] [SUCCESS] bvid=BV1KDDtBSEay 已成功抓取全部所需数据。
[2026-04-11 03:47:51] [SUCCESS] bvid=BV1T1DZBvE5p 已成功抓取全部所需数据。
[2026-04-11 03:47:57] [SUCCESS] bvid=BV1x1DZBvEMD 已成功抓取全部所需数据。
[2026-04-11 03:48:03] [SUCCESS] bvid=BV1wQDZBhEU7 已成功抓取全部所需数据。
[2026-04-11 03:48:10] [SUCCESS] bvid=BV154DZBmEss 已成功抓取全部所需数据。
[2026-04-11 03:48:16] [SUCCESS] bvid=BV1G8DZB1EZf 已成功抓取全部所需数据。
[2026-04-11 03:48:22] [SUCCESS] bvid=BV1Y8DZB1EsP 已成功抓取全部所需数据。
[2026-04-11 03:48:28] [SUCCESS] bvid=BV1zvDpBsEPE 已成功抓取全部所需数据。
[2026-04-11 03:48:34] [SUCCESS] bvid=BV1JvDpBxEV9 已成功抓取全部所需数据。
[2026-04-11 03:48:40] [SUCCESS] bvid=BV1BvDpBsExg 已成功抓取全部所需数据。
[2026-04-11 03:48:46] [SUCCESS] bvid=BV1BvDpBsE4S 已成功抓取全部所需数据。
[2026-04-11 03:48:52] [SUCCESS] bvid=BV1zvDpBsEVP 已成功抓取全部所需数据。
[2026-04-11 03:48:57] [SUCCESS] bvid=BV1QDDpB5ELf 已成功抓取全部所需数据。
[2026-04-11 03:49:03] [SUCCESS] bvid=BV1hDDpB5EQ4 已成功抓取全部所需数据。
[2026-04-11 03:49:09] [SUCCESS] bvid=BV1msD4BmEG4 已成功抓取全部所需数据。
[2026-04-11 03:49:15] [SUCCESS] bvid=BV1uJDsB5Eph 已成功抓取全部所需数据。
[2026-04-11 03:49:21] [SUCCESS] bvid=BV1RGDbBeExU 已成功抓取全部所需数据。
[2026-04-11 03:49:28] [SUCCESS] bvid=BV1PRDxBuET9 已成功抓取全部所需数据。
[2026-04-11 03:49:34] [SUCCESS] bvid=BV1ZbDzBYEzL 已成功抓取全部所需数据。
[2026-04-11 03:49:40] [SUCCESS] bvid=BV1j4DxBtEyi 已成功抓取全部所需数据。
[2026-04-11 03:49:47] [SUCCESS] bvid=BV1T1DxBLE5e 已成功抓取全部所需数据。
[2026-04-11 03:49:53] [SUCCESS] bvid=BV1Y8DZB1Ens 已成功抓取全部所需数据。
[2026-04-11 03:50:00] [SUCCESS] bvid=BV1i4DZBmEhw 已成功抓取全部所需数据。
[2026-04-11 03:50:08] [SUCCESS] bvid=BV1giDZBrESX 已成功抓取全部所需数据。
[2026-04-11 03:50:16] [SUCCESS] bvid=BV1hiDZBrEJe 已成功抓取全部所需数据。
[2026-04-11 03:50:23] [SUCCESS] bvid=BV1GYDZBCEbL 已成功抓取全部所需数据。
[2026-04-11 03:50:29] [SUCCESS] bvid=BV1qUD4BwEGB 已成功抓取全部所需数据。
[2026-04-11 03:50:35] [SUCCESS] bvid=BV1EcDfBsETa 已成功抓取全部所需数据。
[2026-04-11 03:50:41] [SUCCESS] bvid=BV1HFDbBCEyq 已成功抓取全部所需数据。
[2026-04-11 03:50:47] [SUCCESS] bvid=BV1dMD4BbEuu 已成功抓取全部所需数据。
[2026-04-11 03:50:53] [SUCCESS] bvid=BV1avDZBGEjB 已成功抓取全部所需数据。
[2026-04-11 03:50:59] [SUCCESS] bvid=BV1dTDfBJEZs 已成功抓取全部所需数据。
[2026-04-11 03:51:05] [SUCCESS] bvid=BV1SmDtBQETY 已成功抓取全部所需数据。
[2026-04-11 03:51:11] [SUCCESS] bvid=BV1ZPDfBHEq9 已成功抓取全部所需数据。
[2026-04-11 03:51:17] [SUCCESS] bvid=BV1BPDfBpEmz 已成功抓取全部所需数据。
[2026-04-11 03:51:24] [SUCCESS] bvid=BV1oNDfBDEq1 已成功抓取全部所需数据。
[2026-04-11 03:51:32] [SUCCESS] bvid=BV17NDfBQEPS 已成功抓取全部所需数据。
[2026-04-11 03:51:38] [SUCCESS] bvid=BV19VDfBLE8U 已成功抓取全部所需数据。
[2026-04-11 03:51:44] [SUCCESS] bvid=BV1XVDfBLEAk 已成功抓取全部所需数据。
[2026-04-11 03:51:50] [SUCCESS] bvid=BV1ZwDfBXENx 已成功抓取全部所需数据。
[2026-04-11 03:51:56] [SUCCESS] bvid=BV1Q5DfByEnd 已成功抓取全部所需数据。
[2026-04-11 03:52:02] [SUCCESS] bvid=BV19gDfB7EY3 已成功抓取全部所需数据。
[2026-04-11 03:52:08] [SUCCESS] bvid=BV1FnDjBrEi3 已成功抓取全部所需数据。
[2026-04-11 03:52:13] [SUCCESS] bvid=BV1MzDvB3EDz 已成功抓取全部所需数据。
[2026-04-11 03:52:19] [SUCCESS] bvid=BV1Kv9KBAEyb 已成功抓取全部所需数据。
[2026-04-11 03:52:25] [SUCCESS] bvid=BV1Kv9KBwERg 已成功抓取全部所需数据。
[2026-04-11 03:52:32] [SUCCESS] bvid=BV1NUDWBvE38 已成功抓取全部所需数据。
[2026-04-11 03:52:40] [SUCCESS] bvid=BV1gCDtBsEU4 已成功抓取全部所需数据。
[2026-04-11 03:52:47] [SUCCESS] bvid=BV1MkDxB7EkY 已成功抓取全部所需数据。
[2026-04-11 03:52:53] [SUCCESS] bvid=BV1ZZDHBSEve 已成功抓取全部所需数据。
[2026-04-11 03:53:00] [SUCCESS] bvid=BV1mLDnB8Ehq 已成功抓取全部所需数据。
[2026-04-11 03:53:00] [INFO] 当前 batch_crawl 已完成，所有视频均已成功抓取。
[2026-04-11 03:53:00] 子任务结束时间：2026-04-11T03:53:00.365091
[TIMESTAMP][END] 2026-04-11T03:53:00
