[TIMESTAMP][BEGIN] 2026-04-11T03:53:00
[2026-04-11 03:53:03] 开始执行 CSV 批量抓取子任务 part_7。
[2026-04-11 03:53:03] 子任务开始时间：2026-04-11T03:53:00.557526
[2026-04-11 03:53:03] 输入文件：batch_input_7.csv
[2026-04-11 03:53:03] 输入唯一 bvid 数量：100
[2026-04-11 03:53:03] 为严格按 CSV 顺序判断连续失败阈值，本次任务自动将并发度从 2 调整为 1。
[2026-04-11 03:53:09] [SUCCESS] bvid=BV12CDcBzEg3 已成功抓取全部所需数据。
[2026-04-11 03:53:15] [SUCCESS] bvid=BV1YYDxBWEne 已成功抓取全部所需数据。
[2026-04-11 03:53:21] [SUCCESS] bvid=BV1wFDbBCEw4 已成功抓取全部所需数据。
[2026-04-11 03:53:28] [SUCCESS] bvid=BV1BzDpBQEP8 已成功抓取全部所需数据。
[2026-04-11 03:53:34] [SUCCESS] bvid=BV1yTDxB3EmS 已成功抓取全部所需数据。
[2026-04-11 03:53:40] [SUCCESS] bvid=BV1JWDtBME4o 已成功抓取全部所需数据。
[2026-04-11 03:53:46] [SUCCESS] bvid=BV1NcDkBnEnJ 已成功抓取全部所需数据。
[2026-04-11 03:53:51] [SUCCESS] bvid=BV19gDfB7Ejx 已成功抓取全部所需数据。
[2026-04-11 03:53:57] [SUCCESS] bvid=BV153DfBmEau 已成功抓取全部所需数据。
[2026-04-11 03:54:04] [SUCCESS] bvid=BV1R3DfBmEJY 已成功抓取全部所需数据。
[2026-04-11 03:54:10] [SUCCESS] bvid=BV1X3DfB2EDB 已成功抓取全部所需数据。
[2026-04-11 03:54:17] [SUCCESS] bvid=BV1ndDZBZEkD 已成功抓取全部所需数据。
[2026-04-11 03:54:23] [SUCCESS] bvid=BV1pQDZBhE18 已成功抓取全部所需数据。
[2026-04-11 03:54:30] [SUCCESS] bvid=BV1cdDZBZEN8 已成功抓取全部所需数据。
[2026-04-11 03:54:36] [SUCCESS] bvid=BV1FdDZBZESA 已成功抓取全部所需数据。
[2026-04-11 03:54:42] [SUCCESS] bvid=BV1cdDZBZE77 已成功抓取全部所需数据。
[2026-04-11 03:54:43] [ERROR] bvid=BV1PQDZBhExG 抓取失败：stat: 接口返回错误代码：62002，信息：稿件不可见。
{'code': 62002, 'message': '稿件不可见', 'ttl': 1} | comment: 接口返回错误代码：62002，信息：稿件不可见。
{'code': 62002, 'message': '稿件不可见', 'ttl': 1}
[2026-04-11 03:54:49] [SUCCESS] bvid=BV1A9DZBFE6v 已成功抓取全部所需数据。
[2026-04-11 03:54:55] [SUCCESS] bvid=BV1ZcDfBWEUJ 已成功抓取全部所需数据。
[2026-04-11 03:55:01] [SUCCESS] bvid=BV16qDfBfEEq 已成功抓取全部所需数据。
[2026-04-11 03:55:06] [SUCCESS] bvid=BV1qoDJBCEvu 已成功抓取全部所需数据。
[2026-04-11 03:55:12] [SUCCESS] bvid=BV1cZDZB4EW6 已成功抓取全部所需数据。
[2026-04-11 03:55:18] [SUCCESS] bvid=BV1cZDZB4EYr 已成功抓取全部所需数据。
[2026-04-11 03:55:25] [SUCCESS] bvid=BV1PaDfBPE4d 已成功抓取全部所需数据。
[2026-04-11 03:55:31] [SUCCESS] bvid=BV1NaDfBPEcU 已成功抓取全部所需数据。
[2026-04-11 03:55:37] [SUCCESS] bvid=BV1UFDZBKEaB 已成功抓取全部所需数据。
[2026-04-11 03:55:43] [SUCCESS] bvid=BV11bDfBNEFh 已成功抓取全部所需数据。
[2026-04-11 03:55:49] [SUCCESS] bvid=BV11bDfBNE3z 已成功抓取全部所需数据。
[2026-04-11 03:55:55] [SUCCESS] bvid=BV17JDWBsE6T 已成功抓取全部所需数据。
[2026-04-11 03:56:01] [SUCCESS] bvid=BV1rvDfBcEk6 已成功抓取全部所需数据。
[2026-04-11 03:56:09] [SUCCESS] bvid=BV16kD4BKEYd 已成功抓取全部所需数据。
[2026-04-11 03:56:15] [SUCCESS] bvid=BV1hVDsBEE9b 已成功抓取全部所需数据。
[2026-04-11 03:56:21] [SUCCESS] bvid=BV1fcD4BPEZk 已成功抓取全部所需数据。
[2026-04-11 03:56:27] [SUCCESS] bvid=BV1P3DqBMEFn 已成功抓取全部所需数据。
[2026-04-11 03:56:34] [SUCCESS] bvid=BV16zDfBtEMY 已成功抓取全部所需数据。
[2026-04-11 03:56:39] [SUCCESS] bvid=BV16zDfBtEfH 已成功抓取全部所需数据。
[2026-04-11 03:56:45] [SUCCESS] bvid=BV1SJDfB3EdK 已成功抓取全部所需数据。
[2026-04-11 03:56:52] [SUCCESS] bvid=BV1DJDfB3EJH 已成功抓取全部所需数据。
[2026-04-11 03:56:58] [SUCCESS] bvid=BV13jDfB5EKg 已成功抓取全部所需数据。
[2026-04-11 03:57:03] [SUCCESS] bvid=BV1SnDfB6E9p 已成功抓取全部所需数据。
[2026-04-11 03:57:09] [SUCCESS] bvid=BV137DfBCE86 已成功抓取全部所需数据。
[2026-04-11 03:57:14] [SUCCESS] bvid=BV1AMDvBaEEh 已成功抓取全部所需数据。
[2026-04-11 03:57:21] [SUCCESS] bvid=BV1BCD4BvEyE 已成功抓取全部所需数据。
[2026-04-11 03:57:28] [SUCCESS] bvid=BV1TxDfBMEkp 已成功抓取全部所需数据。
[2026-04-11 03:57:33] [SUCCESS] bvid=BV124DfBiE8p 已成功抓取全部所需数据。
[2026-04-11 03:57:39] [SUCCESS] bvid=BV1UpDfBuEUZ 已成功抓取全部所需数据。
[2026-04-11 03:57:45] [SUCCESS] bvid=BV1UpDfBuE6Z 已成功抓取全部所需数据。
[2026-04-11 03:57:51] [SUCCESS] bvid=BV1UWDfBBE8i 已成功抓取全部所需数据。
[2026-04-11 03:57:57] [SUCCESS] bvid=BV1UWDfBBETV 已成功抓取全部所需数据。
[2026-04-11 03:58:03] [SUCCESS] bvid=BV1MqDdBAEx5 已成功抓取全部所需数据。
[2026-04-11 03:58:09] [SUCCESS] bvid=BV18qDdBAEGW 已成功抓取全部所需数据。
[2026-04-11 03:58:15] [SUCCESS] bvid=BV1ZZDHBSE1q 已成功抓取全部所需数据。
[2026-04-11 03:58:22] [SUCCESS] bvid=BV1xMDxB6EW6 已成功抓取全部所需数据。
[2026-04-11 03:58:28] [SUCCESS] bvid=BV1isDxBfErf 已成功抓取全部所需数据。
[2026-04-11 03:58:52] [SUCCESS] bvid=BV1iSD4BhEyN 已成功抓取全部所需数据。
[2026-04-11 03:58:58] [SUCCESS] bvid=BV1bzDcBVEK3 已成功抓取全部所需数据。
[2026-04-11 03:59:03] [SUCCESS] bvid=BV1uBDdBaEcZ 已成功抓取全部所需数据。
[2026-04-11 03:59:09] [SUCCESS] bvid=BV1TBDdBaE73 已成功抓取全部所需数据。
[2026-04-11 03:59:16] [SUCCESS] bvid=BV1P1DdBoEhD 已成功抓取全部所需数据。
[2026-04-11 03:59:22] [SUCCESS] bvid=BV1A1DdBoE2h 已成功抓取全部所需数据。
[2026-04-11 03:59:30] [SUCCESS] bvid=BV1NkDdBfE13 已成功抓取全部所需数据。
[2026-04-11 04:22:32] [ERROR] bvid=BV1xkDdBfERk 抓取失败：comment: Timeout of 600.0s exceeded, last exception: HTTPSConnectionPool(host='bigquery.googleapis.com', port=443): Max retries exceeded with url: /bigquery/v2/projects/bilibili-m2s2vp-research/datasets/bili_video_stream_data_test_2/tables/crawl_runs?prettyPrint=false (Caused by SSLError(SSLEOFError(8, 'EOF occurred in violation of protocol (_ssl.c:1017)')))
[2026-04-11 04:22:41] [SUCCESS] bvid=BV1gCDtBsEFq 已成功抓取全部所需数据。
[2026-04-11 04:22:47] [SUCCESS] bvid=BV1MvDdBeEDC 已成功抓取全部所需数据。
[2026-04-11 04:22:53] [SUCCESS] bvid=BV1ahDdBTExH 已成功抓取全部所需数据。
[2026-04-11 04:22:58] [SUCCESS] bvid=BV1QaDdBiEk3 已成功抓取全部所需数据。
[2026-04-11 04:23:04] [SUCCESS] bvid=BV1dPDoBCE6E 已成功抓取全部所需数据。
[2026-04-11 04:23:09] [SUCCESS] bvid=BV1z1D4BPELT 已成功抓取全部所需数据。
[2026-04-11 04:23:15] [SUCCESS] bvid=BV1tKDtBSEpZ 已成功抓取全部所需数据。
[2026-04-11 04:23:21] [SUCCESS] bvid=BV14uDtBmEB6 已成功抓取全部所需数据。
[2026-04-11 04:23:26] [SUCCESS] bvid=BV1s3DtBjEoU 已成功抓取全部所需数据。
[2026-04-11 04:23:32] [SUCCESS] bvid=BV1G6DtB4EYX 已成功抓取全部所需数据。
[2026-04-11 04:23:38] [SUCCESS] bvid=BV18rDtBdE2x 已成功抓取全部所需数据。
[2026-04-11 04:23:44] [SUCCESS] bvid=BV1gCDtBsEy6 已成功抓取全部所需数据。
[2026-04-11 04:23:49] [SUCCESS] bvid=BV1DyDtB9ENG 已成功抓取全部所需数据。
[2026-04-11 04:23:56] [SUCCESS] bvid=BV1vhDtBYERj 已成功抓取全部所需数据。
[2026-04-11 04:24:03] [SUCCESS] bvid=BV1fNDbBuEhV 已成功抓取全部所需数据。
[2026-04-11 04:24:09] [SUCCESS] bvid=BV1FKDbBzEcE 已成功抓取全部所需数据。
[2026-04-11 04:24:15] [SUCCESS] bvid=BV1KTDxBGEoB 已成功抓取全部所需数据。
[2026-04-11 04:24:20] [SUCCESS] bvid=BV1dFDpBEE9r 已成功抓取全部所需数据。
[2026-04-11 04:24:26] [SUCCESS] bvid=BV1XrSdBiEfp 已成功抓取全部所需数据。
[2026-04-11 04:24:31] [SUCCESS] bvid=BV1o3DbBNEzs 已成功抓取全部所需数据。
[2026-04-11 04:24:37] [SUCCESS] bvid=BV1dGDbBeEtZ 已成功抓取全部所需数据。
[2026-04-11 04:24:42] [SUCCESS] bvid=BV1oGDbBeEKM 已成功抓取全部所需数据。
[2026-04-11 04:24:48] [SUCCESS] bvid=BV1P9DtBmEeh 已成功抓取全部所需数据。
[2026-04-11 04:24:54] [SUCCESS] bvid=BV1KDDtBSELb 已成功抓取全部所需数据。
[2026-04-11 04:24:59] [SUCCESS] bvid=BV1xDDtBSEeD 已成功抓取全部所需数据。
[2026-04-11 04:25:05] [SUCCESS] bvid=BV1AfDtB5Egc 已成功抓取全部所需数据。
[2026-04-11 04:25:10] [SUCCESS] bvid=BV1pFDbBCEJc 已成功抓取全部所需数据。
[2026-04-11 04:25:16] [SUCCESS] bvid=BV1WdDtBjExb 已成功抓取全部所需数据。
[2026-04-11 04:25:22] [SUCCESS] bvid=BV1NdDtBjEci 已成功抓取全部所需数据。
[2026-04-11 04:25:27] [SUCCESS] bvid=BV1CVDxBTESC 已成功抓取全部所需数据。
[2026-04-11 04:25:33] [SUCCESS] bvid=BV1WVDxBTE6i 已成功抓取全部所需数据。
[2026-04-11 04:25:38] [SUCCESS] bvid=BV1w5DxBqEuJ 已成功抓取全部所需数据。
[2026-04-11 04:25:44] [SUCCESS] bvid=BV1RNDsBXESU 已成功抓取全部所需数据。
[2026-04-11 04:25:50] [SUCCESS] bvid=BV1p5DxBiExp 已成功抓取全部所需数据。
[2026-04-11 04:25:57] [SUCCESS] bvid=BV1n5DxBiEys 已成功抓取全部所需数据。
[2026-04-11 04:26:04] [SUCCESS] bvid=BV1BnDxBaEou 已成功抓取全部所需数据。
[2026-04-11 04:26:10] [SUCCESS] bvid=BV1JJDxBAE5A 已成功抓取全部所需数据。
[2026-04-11 04:26:17] [SUCCESS] bvid=BV16JDxBAEn4 已成功抓取全部所需数据。
[2026-04-11 04:26:17] [WARN] 当前子任务已结束，但仍有未成功抓取的视频，已导出 remaining CSV 供继续执行。
[2026-04-11 04:26:17] [INFO] 已导出剔除成功条目后的剩余 CSV：D:\Schoolworks\Thesis\Bilibili-Datahub\outputs\video_data\manual_crawls\manual_crawl_stat_comment_20260411_022942\remaining_bvids_part_7.csv
[2026-04-11 04:26:17] 子任务结束时间：2026-04-11T04:26:17.391698
[TIMESTAMP][END] 2026-04-11T04:26:17
