[TIMESTAMP][BEGIN] 2026-04-11T07:52:36
[2026-04-11 07:52:38] 开始执行 CSV 批量抓取子任务 part_31。
[2026-04-11 07:52:38] 子任务开始时间：2026-04-11T07:52:36.033894
[2026-04-11 07:52:38] 输入文件：batch_input_31.csv
[2026-04-11 07:52:38] 输入唯一 bvid 数量：100
[2026-04-11 07:52:38] 为严格按 CSV 顺序判断连续失败阈值，本次任务自动将并发度从 2 调整为 1。
[2026-04-11 07:52:43] [SUCCESS] bvid=BV1FTDhB2EuG 已成功抓取全部所需数据。
[2026-04-11 07:52:48] [SUCCESS] bvid=BV1cTDhB2Esq 已成功抓取全部所需数据。
[2026-04-11 07:52:53] [SUCCESS] bvid=BV1cTDhB2ExH 已成功抓取全部所需数据。
[2026-04-11 07:52:58] [SUCCESS] bvid=BV1cuDhBLEP2 已成功抓取全部所需数据。
[2026-04-11 07:52:58] [ERROR] bvid=BV1FuDhBLEy2 抓取失败：stat: 接口返回错误代码：62002，信息：稿件不可见。
{'code': 62002, 'message': '稿件不可见', 'ttl': 1} | comment: 接口返回错误代码：62002，信息：稿件不可见。
{'code': 62002, 'message': '稿件不可见', 'ttl': 1}
[2026-04-11 07:53:04] [SUCCESS] bvid=BV1JuDhBLEWZ 已成功抓取全部所需数据。
[2026-04-11 07:53:09] [SUCCESS] bvid=BV1HPDhBUEj2 已成功抓取全部所需数据。
[2026-04-11 07:53:14] [SUCCESS] bvid=BV1pPDhBUEHE 已成功抓取全部所需数据。
[2026-04-11 07:53:19] [SUCCESS] bvid=BV1HPDhBUEpH 已成功抓取全部所需数据。
[2026-04-11 07:53:24] [SUCCESS] bvid=BV1pPDhBUE5T 已成功抓取全部所需数据。
[2026-04-11 07:53:29] [SUCCESS] bvid=BV1awD8BcEmu 已成功抓取全部所需数据。
[2026-04-11 07:53:34] [SUCCESS] bvid=BV1wKDhB7E8w 已成功抓取全部所需数据。
[2026-04-11 07:53:39] [SUCCESS] bvid=BV1cKDhB7EUx 已成功抓取全部所需数据。
[2026-04-11 07:53:44] [SUCCESS] bvid=BV1cKDhB7EDn 已成功抓取全部所需数据。
[2026-04-11 07:53:49] [SUCCESS] bvid=BV1cKDhB7ED5 已成功抓取全部所需数据。
[2026-04-11 07:53:54] [SUCCESS] bvid=BV1BVDhBkErH 已成功抓取全部所需数据。
[2026-04-11 07:53:59] [SUCCESS] bvid=BV1oVDhBrELQ 已成功抓取全部所需数据。
[2026-04-11 07:54:05] [SUCCESS] bvid=BV1ZVDhBrEt5 已成功抓取全部所需数据。
[2026-04-11 07:54:10] [SUCCESS] bvid=BV1oVDhBrEYE 已成功抓取全部所需数据。
[2026-04-11 07:54:15] [SUCCESS] bvid=BV1RLDhBgEfd 已成功抓取全部所需数据。
[2026-04-11 07:54:20] [SUCCESS] bvid=BV12oD8BWEPq 已成功抓取全部所需数据。
[2026-04-11 07:54:26] [SUCCESS] bvid=BV17LDhB3EHZ 已成功抓取全部所需数据。
[2026-04-11 07:54:31] [SUCCESS] bvid=BV1fgDhBCEAp 已成功抓取全部所需数据。
[2026-04-11 07:54:36] [SUCCESS] bvid=BV1pN9MBhEHz 已成功抓取全部所需数据。
[2026-04-11 07:54:41] [SUCCESS] bvid=BV1XpSoBqEJA 已成功抓取全部所需数据。
[2026-04-11 07:54:46] [SUCCESS] bvid=BV13XDFByEVc 已成功抓取全部所需数据。
[2026-04-11 07:54:51] [SUCCESS] bvid=BV1aPDaBqEos 已成功抓取全部所需数据。
[2026-04-11 07:54:56] [SUCCESS] bvid=BV1eKAWz7EtE 已成功抓取全部所需数据。
[2026-04-11 07:55:02] [SUCCESS] bvid=BV1QYDcBjEJV 已成功抓取全部所需数据。
[2026-04-11 07:55:07] [SUCCESS] bvid=BV1SbSoBYEyx 已成功抓取全部所需数据。
[2026-04-11 07:55:07] [ERROR] bvid=BV1fgDhBCEdy 抓取失败：stat: 接口返回错误代码：62002，信息：稿件不可见。
{'code': 62002, 'message': '稿件不可见', 'ttl': 1} | comment: 接口返回错误代码：62002，信息：稿件不可见。
{'code': 62002, 'message': '稿件不可见', 'ttl': 1}
[2026-04-11 07:55:12] [SUCCESS] bvid=BV1fgDhBCEfS 已成功抓取全部所需数据。
[2026-04-11 07:55:17] [SUCCESS] bvid=BV1fGDhBGE7o 已成功抓取全部所需数据。
[2026-04-11 07:55:22] [SUCCESS] bvid=BV1fGDhBGETD 已成功抓取全部所需数据。
[2026-04-11 07:55:28] [SUCCESS] bvid=BV1fGDhBGEba 已成功抓取全部所需数据。
[2026-04-11 07:55:28] [ERROR] bvid=BV1tRD8BREw6 抓取失败：stat: 接口返回错误代码：62002，信息：稿件不可见。
{'code': 62002, 'message': '稿件不可见', 'ttl': 1} | comment: 接口返回错误代码：62002，信息：稿件不可见。
{'code': 62002, 'message': '稿件不可见', 'ttl': 1}
[2026-04-11 07:55:33] [SUCCESS] bvid=BV1KRD8BREXc 已成功抓取全部所需数据。
[2026-04-11 07:55:38] [SUCCESS] bvid=BV14oD8BWEuj 已成功抓取全部所需数据。
[2026-04-11 07:55:44] [SUCCESS] bvid=BV1TQD8BoE5d 已成功抓取全部所需数据。
[2026-04-11 07:55:49] [SUCCESS] bvid=BV1t9D8BxEY5 已成功抓取全部所需数据。
[2026-04-11 07:55:54] [SUCCESS] bvid=BV1K9D8BxEDo 已成功抓取全部所需数据。
[2026-04-11 07:55:59] [SUCCESS] bvid=BV1t9D8BxE3v 已成功抓取全部所需数据。
[2026-04-11 07:56:04] [SUCCESS] bvid=BV1TQD8BoE5x 已成功抓取全部所需数据。
[2026-04-11 07:56:05] [ERROR] bvid=BV1pcDhBDExk 抓取失败：stat: 接口返回错误代码：62002，信息：稿件不可见。
{'code': 62002, 'message': '稿件不可见', 'ttl': 1} | comment: 接口返回错误代码：62002，信息：稿件不可见。
{'code': 62002, 'message': '稿件不可见', 'ttl': 1}
[2026-04-11 07:56:10] [SUCCESS] bvid=BV1ioDhBGEM3 已成功抓取全部所需数据。
[2026-04-11 07:56:15] [SUCCESS] bvid=BV1m6DcBrE4W 已成功抓取全部所需数据。
[2026-04-11 07:56:21] [SUCCESS] bvid=BV1wNXeBYEyV 已成功抓取全部所需数据。
[2026-04-11 07:56:26] [SUCCESS] bvid=BV1feXZBfEPf 已成功抓取全部所需数据。
[2026-04-11 07:56:31] [SUCCESS] bvid=BV1feXZBfEfd 已成功抓取全部所需数据。
[2026-04-11 07:56:37] [SUCCESS] bvid=BV1VrSZB5EpA 已成功抓取全部所需数据。
[2026-04-11 07:56:42] [SUCCESS] bvid=BV16RDcBwEYg 已成功抓取全部所需数据。
[2026-04-11 07:56:47] [SUCCESS] bvid=BV1AZD8BXEQe 已成功抓取全部所需数据。
[2026-04-11 07:56:52] [SUCCESS] bvid=BV1ATDcBNEzL 已成功抓取全部所需数据。
[2026-04-11 07:56:57] [SUCCESS] bvid=BV1vZDhBrEoc 已成功抓取全部所需数据。
[2026-04-11 07:57:03] [SUCCESS] bvid=BV1hhDcBUEGe 已成功抓取全部所需数据。
[2026-04-11 07:57:08] [SUCCESS] bvid=BV1FMSfBdEQC 已成功抓取全部所需数据。
[2026-04-11 07:57:13] [SUCCESS] bvid=BV1AADhBJEq7 已成功抓取全部所需数据。
[2026-04-11 07:57:18] [SUCCESS] bvid=BV1NZD8BXE3B 已成功抓取全部所需数据。
[2026-04-11 07:57:23] [SUCCESS] bvid=BV1WZD8BXEfd 已成功抓取全部所需数据。
[2026-04-11 07:57:29] [SUCCESS] bvid=BV1AFDhBHEum 已成功抓取全部所需数据。
[2026-04-11 07:57:34] [SUCCESS] bvid=BV1gRDFBVE6e 已成功抓取全部所需数据。
[2026-04-11 07:57:39] [SUCCESS] bvid=BV179DhBLEdH 已成功抓取全部所需数据。
[2026-04-11 07:57:44] [SUCCESS] bvid=BV1PFDhBHEo8 已成功抓取全部所需数据。
[2026-04-11 07:57:50] [SUCCESS] bvid=BV1PFDhBHEVs 已成功抓取全部所需数据。
[2026-04-11 07:57:55] [SUCCESS] bvid=BV1maDhBbETa 已成功抓取全部所需数据。
[2026-04-11 07:58:00] [SUCCESS] bvid=BV1maDhBbEDN 已成功抓取全部所需数据。
[2026-04-11 07:58:05] [SUCCESS] bvid=BV1baDhB8EDS 已成功抓取全部所需数据。
[2026-04-11 07:58:11] [SUCCESS] bvid=BV1UaDhBbEWZ 已成功抓取全部所需数据。
[2026-04-11 07:58:16] [SUCCESS] bvid=BV1UYDhBZEcm 已成功抓取全部所需数据。
[2026-04-11 07:58:21] [SUCCESS] bvid=BV1UYDhBZEPo 已成功抓取全部所需数据。
[2026-04-11 07:58:26] [SUCCESS] bvid=BV1mYDhBZEVe 已成功抓取全部所需数据。
[2026-04-11 07:58:31] [SUCCESS] bvid=BV1DbDhBhEs4 已成功抓取全部所需数据。
[2026-04-11 07:58:36] [SUCCESS] bvid=BV1ubDhBaE4u 已成功抓取全部所需数据。
[2026-04-11 07:58:41] [SUCCESS] bvid=BV1QbDhBaEge 已成功抓取全部所需数据。
[2026-04-11 07:58:46] [SUCCESS] bvid=BV13bDhBaE5z 已成功抓取全部所需数据。
[2026-04-11 07:58:51] [SUCCESS] bvid=BV1SbDhBhEN7 已成功抓取全部所需数据。
[2026-04-11 07:58:56] [SUCCESS] bvid=BV1SbDhBhEDy 已成功抓取全部所需数据。
[2026-04-11 07:59:01] [SUCCESS] bvid=BV1gbDhBaEEf 已成功抓取全部所需数据。
[2026-04-11 07:59:06] [SUCCESS] bvid=BV1UhDhBFEes 已成功抓取全部所需数据。
[2026-04-11 07:59:11] [SUCCESS] bvid=BV11BDhBsEKK 已成功抓取全部所需数据。
[2026-04-11 07:59:16] [SUCCESS] bvid=BV1qqDFBREzo 已成功抓取全部所需数据。
[2026-04-11 07:59:21] [SUCCESS] bvid=BV1349KBqEYy 已成功抓取全部所需数据。
[2026-04-11 07:59:26] [SUCCESS] bvid=BV1yBDhBsEZu 已成功抓取全部所需数据。
[2026-04-11 07:59:31] [SUCCESS] bvid=BV11zDhB9E3o 已成功抓取全部所需数据。
[2026-04-11 07:59:36] [SUCCESS] bvid=BV1PzDhBREQL 已成功抓取全部所需数据。
[2026-04-11 07:59:41] [SUCCESS] bvid=BV1yzDhB9EUT 已成功抓取全部所需数据。
[2026-04-11 07:59:46] [SUCCESS] bvid=BV1CzDhB9EbH 已成功抓取全部所需数据。
[2026-04-11 07:59:51] [SUCCESS] bvid=BV1yzDhB9Ecs 已成功抓取全部所需数据。
[2026-04-11 07:59:57] [SUCCESS] bvid=BV1c3DcBaE9j 已成功抓取全部所需数据。
[2026-04-11 08:00:01] [SUCCESS] bvid=BV1yiDhBdE9n 已成功抓取全部所需数据。
[2026-04-11 08:00:06] [SUCCESS] bvid=BV15JDhBBEZr 已成功抓取全部所需数据。
[2026-04-11 08:00:12] [SUCCESS] bvid=BV1RJDhBqEQj 已成功抓取全部所需数据。
[2026-04-11 08:00:17] [SUCCESS] bvid=BV19HDhBKEQT 已成功抓取全部所需数据。
[2026-04-11 08:00:22] [SUCCESS] bvid=BV19HDhBKEFz 已成功抓取全部所需数据。
[2026-04-11 08:00:27] [SUCCESS] bvid=BV1RHDhBKEMj 已成功抓取全部所需数据。
[2026-04-11 08:00:32] [SUCCESS] bvid=BV1VHDhBTEwv 已成功抓取全部所需数据。
[2026-04-11 08:00:36] [SUCCESS] bvid=BV19HDhBKEB8 已成功抓取全部所需数据。
[2026-04-11 08:00:41] [SUCCESS] bvid=BV1ecDaBzE8p 已成功抓取全部所需数据。
[2026-04-11 08:00:47] [SUCCESS] bvid=BV1buDaBPEDe 已成功抓取全部所需数据。
[2026-04-11 08:00:52] [SUCCESS] bvid=BV1djDhBzEvz 已成功抓取全部所需数据。
[2026-04-11 08:00:52] [WARN] 当前子任务已结束，但仍有未成功抓取的视频，已导出 remaining CSV 供继续执行。
[2026-04-11 08:00:52] [INFO] 已导出剔除成功条目后的剩余 CSV：D:\Schoolworks\Thesis\Bilibili-Datahub\outputs\video_data\manual_crawls\manual_crawl_stat_comment_20260411_022942\remaining_bvids_part_31.csv
[2026-04-11 08:00:52] 子任务结束时间：2026-04-11T08:00:52.261590
[TIMESTAMP][END] 2026-04-11T08:00:52
