[TIMESTAMP][BEGIN] 2026-04-11T04:37:15
[2026-04-11 04:37:17] 开始执行 CSV 批量抓取子任务 part_9。
[2026-04-11 04:37:17] 子任务开始时间：2026-04-11T04:37:15.704817
[2026-04-11 04:37:17] 输入文件：batch_input_9.csv
[2026-04-11 04:37:17] 输入唯一 bvid 数量：100
[2026-04-11 04:37:17] 为严格按 CSV 顺序判断连续失败阈值，本次任务自动将并发度从 2 调整为 1。
[2026-04-11 04:37:23] [SUCCESS] bvid=BV124D4BjEcX 已成功抓取全部所需数据。
[2026-04-11 04:37:28] [SUCCESS] bvid=BV1mtD4B2EFK 已成功抓取全部所需数据。
[2026-04-11 04:37:33] [SUCCESS] bvid=BV12tD4B1EgX 已成功抓取全部所需数据。
[2026-04-11 04:37:38] [SUCCESS] bvid=BV1RZD7BPE8j 已成功抓取全部所需数据。
[2026-04-11 04:37:43] [SUCCESS] bvid=BV1TtD4B2EEu 已成功抓取全部所需数据。
[2026-04-11 04:37:49] [SUCCESS] bvid=BV1KtD4B2ErN 已成功抓取全部所需数据。
[2026-04-11 04:37:54] [SUCCESS] bvid=BV1uzDWBrEHm 已成功抓取全部所需数据。
[2026-04-11 04:37:59] [SUCCESS] bvid=BV1MsD4BUE57 已成功抓取全部所需数据。
[2026-04-11 04:38:04] [SUCCESS] bvid=BV1CYD4BGEC9 已成功抓取全部所需数据。
[2026-04-11 04:38:09] [SUCCESS] bvid=BV1UWD4BEEfg 已成功抓取全部所需数据。
[2026-04-11 04:38:15] [SUCCESS] bvid=BV1yeD4BrExC 已成功抓取全部所需数据。
[2026-04-11 04:38:20] [SUCCESS] bvid=BV1peD4BkESK 已成功抓取全部所需数据。
[2026-04-11 04:38:25] [SUCCESS] bvid=BV1CYD4BGECv 已成功抓取全部所需数据。
[2026-04-11 04:38:30] [SUCCESS] bvid=BV1CeD4BrEFG 已成功抓取全部所需数据。
[2026-04-11 04:38:35] [SUCCESS] bvid=BV153D4BtEYb 已成功抓取全部所需数据。
[2026-04-11 04:38:40] [SUCCESS] bvid=BV1yhD4BCEbT 已成功抓取全部所需数据。
[2026-04-11 04:38:45] [SUCCESS] bvid=BV1ChD4BCESz 已成功抓取全部所需数据。
[2026-04-11 04:38:50] [SUCCESS] bvid=BV1G5D4BxEyy 已成功抓取全部所需数据。
[2026-04-11 04:38:55] [SUCCESS] bvid=BV1yhD4BCEiS 已成功抓取全部所需数据。
[2026-04-11 04:38:59] [SUCCESS] bvid=BV118D4B5EK1 已成功抓取全部所需数据。
[2026-04-11 04:39:04] [SUCCESS] bvid=BV1XLD4B9E74 已成功抓取全部所需数据。
[2026-04-11 04:39:09] [SUCCESS] bvid=BV1Y5D4BxE3v 已成功抓取全部所需数据。
[2026-04-11 04:39:14] [SUCCESS] bvid=BV1yhD4BCEdS 已成功抓取全部所需数据。
[2026-04-11 04:39:19] [SUCCESS] bvid=BV1X5D4BsEh3 已成功抓取全部所需数据。
[2026-04-11 04:39:24] [SUCCESS] bvid=BV1V5D4BxEjX 已成功抓取全部所需数据。
[2026-04-11 04:39:29] [SUCCESS] bvid=BV1QLD4B9ERt 已成功抓取全部所需数据。
[2026-04-11 04:39:34] [SUCCESS] bvid=BV1Y5D4BxEu7 已成功抓取全部所需数据。
[2026-04-11 04:39:39] [SUCCESS] bvid=BV195D4BsEWT 已成功抓取全部所需数据。
[2026-04-11 04:39:44] [SUCCESS] bvid=BV1J5DWBZEYg 已成功抓取全部所需数据。
[2026-04-11 04:39:49] [SUCCESS] bvid=BV19TDsBHEJb 已成功抓取全部所需数据。
[2026-04-11 04:39:55] [SUCCESS] bvid=BV1QLD4B9E2s 已成功抓取全部所需数据。
[2026-04-11 04:40:00] [SUCCESS] bvid=BV1G5D4BxEQ3 已成功抓取全部所需数据。
[2026-04-11 04:40:05] [SUCCESS] bvid=BV19LD4B9EAr 已成功抓取全部所需数据。
[2026-04-11 04:40:10] [SUCCESS] bvid=BV19LD4BREGz 已成功抓取全部所需数据。
[2026-04-11 04:40:15] [SUCCESS] bvid=BV1R3D4B4EG9 已成功抓取全部所需数据。
[2026-04-11 04:40:20] [SUCCESS] bvid=BV1RHDhBKEJi 已成功抓取全部所需数据。
[2026-04-11 04:40:25] [SUCCESS] bvid=BV1drDpBnEz6 已成功抓取全部所需数据。
[2026-04-11 04:40:30] [SUCCESS] bvid=BV1XTDpBCEVp 已成功抓取全部所需数据。
[2026-04-11 04:40:36] [SUCCESS] bvid=BV115DEBpENi 已成功抓取全部所需数据。
[2026-04-11 04:40:41] [SUCCESS] bvid=BV1EJDWBsEgW 已成功抓取全部所需数据。
[2026-04-11 04:40:46] [SUCCESS] bvid=BV1F4DrBCEwd 已成功抓取全部所需数据。
[2026-04-11 04:40:51] [SUCCESS] bvid=BV1ZmDLBAELM 已成功抓取全部所需数据。
[2026-04-11 04:40:56] [SUCCESS] bvid=BV1XDDpB5E7K 已成功抓取全部所需数据。
[2026-04-11 04:41:01] [SUCCESS] bvid=BV1BoDHBJEzP 已成功抓取全部所需数据。
[2026-04-11 04:41:06] [SUCCESS] bvid=BV1XLD4B9EaA 已成功抓取全部所需数据。
[2026-04-11 04:41:11] [SUCCESS] bvid=BV154DWBSECN 已成功抓取全部所需数据。
[2026-04-11 04:41:16] [SUCCESS] bvid=BV13aDWBjE4Q 已成功抓取全部所需数据。
[2026-04-11 04:41:21] [SUCCESS] bvid=BV1o1DsBxEuT 已成功抓取全部所需数据。
[2026-04-11 04:41:26] [SUCCESS] bvid=BV1XLD4B9Eem 已成功抓取全部所需数据。
[2026-04-11 04:41:31] [SUCCESS] bvid=BV1R3D4B4ErW 已成功抓取全部所需数据。
[2026-04-11 04:41:36] [SUCCESS] bvid=BV1R3D4B4EXg 已成功抓取全部所需数据。
[2026-04-11 04:41:41] [SUCCESS] bvid=BV1d3D4B4EwK 已成功抓取全部所需数据。
[2026-04-11 04:41:46] [SUCCESS] bvid=BV1RGD4BdEKV 已成功抓取全部所需数据。
[2026-04-11 04:41:51] [SUCCESS] bvid=BV1eGD4BoELM 已成功抓取全部所需数据。
[2026-04-11 04:41:56] [SUCCESS] bvid=BV1RGD4BdE6u 已成功抓取全部所需数据。
[2026-04-11 04:42:01] [SUCCESS] bvid=BV1UHD4BSEB6 已成功抓取全部所需数据。
[2026-04-11 04:42:06] [SUCCESS] bvid=BV13nD4BHEat 已成功抓取全部所需数据。
[2026-04-11 04:42:11] [SUCCESS] bvid=BV1DnD4BnERY 已成功抓取全部所需数据。
[2026-04-11 04:42:16] [SUCCESS] bvid=BV1QnD4BnEKx 已成功抓取全部所需数据。
[2026-04-11 04:42:22] [SUCCESS] bvid=BV1DHD4BSEcJ 已成功抓取全部所需数据。
[2026-04-11 04:42:27] [SUCCESS] bvid=BV18nD4BHEEC 已成功抓取全部所需数据。
[2026-04-11 04:42:32] [SUCCESS] bvid=BV1GED4BXEj7 已成功抓取全部所需数据。
[2026-04-11 04:42:37] [SUCCESS] bvid=BV1UHD4BSEy4 已成功抓取全部所需数据。
[2026-04-11 04:42:43] [SUCCESS] bvid=BV1DHD4BSE3b 已成功抓取全部所需数据。
[2026-04-11 04:42:49] [SUCCESS] bvid=BV18HD4BDEUW 已成功抓取全部所需数据。
[2026-04-11 04:42:54] [SUCCESS] bvid=BV1D7D4BpEXZ 已成功抓取全部所需数据。
[2026-04-11 04:42:59] [SUCCESS] bvid=BV1DED4BQEK4 已成功抓取全部所需数据。
[2026-04-11 04:43:04] [SUCCESS] bvid=BV1UHD4BSEkr 已成功抓取全部所需数据。
[2026-04-11 04:43:09] [SUCCESS] bvid=BV1X7D4BpEKs 已成功抓取全部所需数据。
[2026-04-11 04:43:14] [SUCCESS] bvid=BV1sHDpBNEDd 已成功抓取全部所需数据。
[2026-04-11 04:43:19] [SUCCESS] bvid=BV137D4BWEhx 已成功抓取全部所需数据。
[2026-04-11 04:43:24] [SUCCESS] bvid=BV1Q7D4BpEUR 已成功抓取全部所需数据。
[2026-04-11 04:43:29] [SUCCESS] bvid=BV1gvDWB5EbN 已成功抓取全部所需数据。
[2026-04-11 04:43:34] [SUCCESS] bvid=BV1Y7D4BWEb7 已成功抓取全部所需数据。
[2026-04-11 04:43:39] [SUCCESS] bvid=BV1DED4BQE9V 已成功抓取全部所需数据。
[2026-04-11 04:43:44] [SUCCESS] bvid=BV1GED4BXEMH 已成功抓取全部所需数据。
[2026-04-11 04:43:49] [SUCCESS] bvid=BV1DED4BQE4y 已成功抓取全部所需数据。
[2026-04-11 04:43:54] [SUCCESS] bvid=BV1QED4BQEz1 已成功抓取全部所需数据。
[2026-04-11 04:43:59] [SUCCESS] bvid=BV1DED4BQE4t 已成功抓取全部所需数据。
[2026-04-11 04:44:05] [SUCCESS] bvid=BV1UnDsBkEaa 已成功抓取全部所需数据。
[2026-04-11 04:44:10] [SUCCESS] bvid=BV1GHDhBTEqZ 已成功抓取全部所需数据。
[2026-04-11 04:44:16] [SUCCESS] bvid=BV1YuDpBVEmU 已成功抓取全部所需数据。
[2026-04-11 04:44:20] [SUCCESS] bvid=BV13vDWB5EtR 已成功抓取全部所需数据。
[2026-04-11 04:44:26] [SUCCESS] bvid=BV1uiDWBCE4E 已成功抓取全部所需数据。
[2026-04-11 04:44:31] [SUCCESS] bvid=BV1avDWB5EF6 已成功抓取全部所需数据。
[2026-04-11 04:44:36] [SUCCESS] bvid=BV1DiDWBCE1g 已成功抓取全部所需数据。
[2026-04-11 04:44:41] [SUCCESS] bvid=BV13aDWB7ERb 已成功抓取全部所需数据。
[2026-04-11 04:44:46] [SUCCESS] bvid=BV1TkDWBzEKy 已成功抓取全部所需数据。
[2026-04-11 04:44:51] [SUCCESS] bvid=BV1aaDWBjEx6 已成功抓取全部所需数据。
[2026-04-11 04:44:57] [SUCCESS] bvid=BV1XaDWBjEhV 已成功抓取全部所需数据。
[2026-04-11 04:45:02] [SUCCESS] bvid=BV1VaDWBjEKg 已成功抓取全部所需数据。
[2026-04-11 04:45:07] [SUCCESS] bvid=BV13aDWBjE8E 已成功抓取全部所需数据。
[2026-04-11 04:45:12] [SUCCESS] bvid=BV1XaDWBjEdP 已成功抓取全部所需数据。
[2026-04-11 04:45:18] [SUCCESS] bvid=BV13YDWB1E3E 已成功抓取全部所需数据。
[2026-04-11 04:45:18] [ERROR] bvid=BV1hYDWB1ErP 抓取失败：stat: 接口返回错误代码：62002，信息：稿件不可见。
{'code': 62002, 'message': '稿件不可见', 'ttl': 1} | comment: 接口返回错误代码：62002，信息：稿件不可见。
{'code': 62002, 'message': '稿件不可见', 'ttl': 1}
[2026-04-11 04:45:24] [SUCCESS] bvid=BV1wUDHBoENz 已成功抓取全部所需数据。
[2026-04-11 04:45:29] [SUCCESS] bvid=BV1aYDWB1EEb 已成功抓取全部所需数据。
[2026-04-11 04:45:34] [SUCCESS] bvid=BV1GYDWB2ELn 已成功抓取全部所需数据。
[2026-04-11 04:45:40] [SUCCESS] bvid=BV1GYDWB2EpE 已成功抓取全部所需数据。
[2026-04-11 04:45:45] [SUCCESS] bvid=BV1TrDWBgEcp 已成功抓取全部所需数据。
[2026-04-11 04:45:45] [WARN] 当前子任务已结束，但仍有未成功抓取的视频，已导出 remaining CSV 供继续执行。
[2026-04-11 04:45:45] [INFO] 已导出剔除成功条目后的剩余 CSV：D:\Schoolworks\Thesis\Bilibili-Datahub\outputs\video_data\manual_crawls\manual_crawl_stat_comment_20260411_022942\remaining_bvids_part_9.csv
[2026-04-11 04:45:45] 子任务结束时间：2026-04-11T04:45:45.323382
[TIMESTAMP][END] 2026-04-11T04:45:45
