[TIMESTAMP][BEGIN] 2026-04-11T08:17:57
[2026-04-11 08:18:00] 开始执行 CSV 批量抓取子任务 part_34。
[2026-04-11 08:18:00] 子任务开始时间：2026-04-11T08:17:57.971934
[2026-04-11 08:18:00] 输入文件：batch_input_34.csv
[2026-04-11 08:18:00] 输入唯一 bvid 数量：100
[2026-04-11 08:18:00] 为严格按 CSV 顺序判断连续失败阈值，本次任务自动将并发度从 2 调整为 1。
[2026-04-11 08:18:05] [SUCCESS] bvid=BV1LJSfBEEVa 已成功抓取全部所需数据。
[2026-04-11 08:18:10] [SUCCESS] bvid=BV1iJSfBEEtc 已成功抓取全部所需数据。
[2026-04-11 08:18:15] [SUCCESS] bvid=BV1rSSfBoExo 已成功抓取全部所需数据。
[2026-04-11 08:18:20] [SUCCESS] bvid=BV1jJSfBEEgb 已成功抓取全部所需数据。
[2026-04-11 08:18:25] [SUCCESS] bvid=BV1hS9TB6EfJ 已成功抓取全部所需数据。
[2026-04-11 08:18:31] [SUCCESS] bvid=BV1t6DGB3EGL 已成功抓取全部所需数据。
[2026-04-11 08:18:36] [SUCCESS] bvid=BV1Ew9FB8EnD 已成功抓取全部所需数据。
[2026-04-11 08:18:41] [SUCCESS] bvid=BV1mMS9BnEJ1 已成功抓取全部所需数据。
[2026-04-11 08:18:46] [SUCCESS] bvid=BV1VcSZBkEGm 已成功抓取全部所需数据。
[2026-04-11 08:18:51] [SUCCESS] bvid=BV1AmSfBFEjd 已成功抓取全部所需数据。
[2026-04-11 08:18:57] [SUCCESS] bvid=BV1Ki9KBhEXE 已成功抓取全部所需数据。
[2026-04-11 08:19:02] [SUCCESS] bvid=BV1rQSfBxEN2 已成功抓取全部所需数据。
[2026-04-11 08:19:07] [SUCCESS] bvid=BV1wUSfBbEYa 已成功抓取全部所需数据。
[2026-04-11 08:19:12] [SUCCESS] bvid=BV1FQSfB4Et3 已成功抓取全部所需数据。
[2026-04-11 08:19:17] [SUCCESS] bvid=BV16XSfBREV7 已成功抓取全部所需数据。
[2026-04-11 08:19:23] [SUCCESS] bvid=BV1kUSfBtEPv 已成功抓取全部所需数据。
[2026-04-11 08:19:28] [SUCCESS] bvid=BV16XSfBREwC 已成功抓取全部所需数据。
[2026-04-11 08:19:33] [SUCCESS] bvid=BV1kUSfBtEgy 已成功抓取全部所需数据。
[2026-04-11 08:19:38] [SUCCESS] bvid=BV16USfBtEdH 已成功抓取全部所需数据。
[2026-04-11 08:19:43] [SUCCESS] bvid=BV1kUSfBtEN2 已成功抓取全部所需数据。
[2026-04-11 08:19:49] [SUCCESS] bvid=BV1HUSfBbEQH 已成功抓取全部所需数据。
[2026-04-11 08:19:54] [SUCCESS] bvid=BV1kUSfBtEws 已成功抓取全部所需数据。
[2026-04-11 08:19:59] [SUCCESS] bvid=BV1rSSfBoEhV 已成功抓取全部所需数据。
[2026-04-11 08:20:05] [SUCCESS] bvid=BV16SSfBoELX 已成功抓取全部所需数据。
[2026-04-11 08:20:10] [SUCCESS] bvid=BV16SSfBoEbs 已成功抓取全部所需数据。
[2026-04-11 08:20:15] [SUCCESS] bvid=BV1rSSfBoE4N 已成功抓取全部所需数据。
[2026-04-11 08:20:21] [SUCCESS] bvid=BV16SSfBoEjP 已成功抓取全部所需数据。
[2026-04-11 08:20:26] [SUCCESS] bvid=BV1BZSfBHEju 已成功抓取全部所需数据。
[2026-04-11 08:20:31] [SUCCESS] bvid=BV1dfSfBDEa8 已成功抓取全部所需数据。
[2026-04-11 08:20:37] [SUCCESS] bvid=BV1vfSfBDEoY 已成功抓取全部所需数据。
[2026-04-11 08:20:42] [SUCCESS] bvid=BV1ofSfBDE8r 已成功抓取全部所需数据。
[2026-04-11 08:20:47] [SUCCESS] bvid=BV1ZRSfBWEsv 已成功抓取全部所需数据。
[2026-04-11 08:20:52] [SUCCESS] bvid=BV1CrSoBsEcn 已成功抓取全部所需数据。
[2026-04-11 08:20:57] [SUCCESS] bvid=BV1Q7SXBsEgL 已成功抓取全部所需数据。
[2026-04-11 08:21:02] [SUCCESS] bvid=BV1qdSfBXE3S 已成功抓取全部所需数据。
[2026-04-11 08:21:07] [SUCCESS] bvid=BV1BdSfBXE22 已成功抓取全部所需数据。
[2026-04-11 08:21:13] [SUCCESS] bvid=BV1fdSfBXEM8 已成功抓取全部所需数据。
[2026-04-11 08:21:18] [SUCCESS] bvid=BV1qdSfBXEQK 已成功抓取全部所需数据。
[2026-04-11 08:21:23] [SUCCESS] bvid=BV1BdSfBXErW 已成功抓取全部所需数据。
[2026-04-11 08:21:28] [SUCCESS] bvid=BV11zSfBeEMp 已成功抓取全部所需数据。
[2026-04-11 08:21:34] [SUCCESS] bvid=BV11zSfBeEh2 已成功抓取全部所需数据。
[2026-04-11 08:21:39] [SUCCESS] bvid=BV1oVSoBCEkf 已成功抓取全部所需数据。
[2026-04-11 08:21:44] [SUCCESS] bvid=BV1miSfBiEB5 已成功抓取全部所需数据。
[2026-04-11 08:21:49] [SUCCESS] bvid=BV12iSfBiEyh 已成功抓取全部所需数据。
[2026-04-11 08:21:54] [SUCCESS] bvid=BV1KBSfBKE9o 已成功抓取全部所需数据。
[2026-04-11 08:21:59] [SUCCESS] bvid=BV14JDFBTEwW 已成功抓取全部所需数据。
[2026-04-11 08:22:05] [SUCCESS] bvid=BV12BSfBNE7g 已成功抓取全部所需数据。
[2026-04-11 08:22:10] [SUCCESS] bvid=BV1KBSfBKEWo 已成功抓取全部所需数据。
[2026-04-11 08:22:15] [SUCCESS] bvid=BV1w1SfBhEk5 已成功抓取全部所需数据。
[2026-04-11 08:22:21] [SUCCESS] bvid=BV1k1SfB8Eh5 已成功抓取全部所需数据。
[2026-04-11 08:22:26] [SUCCESS] bvid=BV1r1SfB8E1W 已成功抓取全部所需数据。
[2026-04-11 08:22:31] [SUCCESS] bvid=BV1XTDFBLE1k 已成功抓取全部所需数据。
[2026-04-11 08:22:36] [SUCCESS] bvid=BV1k1SfB8EzT 已成功抓取全部所需数据。
[2026-04-11 08:22:41] [SUCCESS] bvid=BV1k2SfBfEKj 已成功抓取全部所需数据。
[2026-04-11 08:22:46] [SUCCESS] bvid=BV1r2SfBfEZp 已成功抓取全部所需数据。
[2026-04-11 08:22:51] [SUCCESS] bvid=BV1wmSfBFEgn 已成功抓取全部所需数据。
[2026-04-11 08:22:56] [SUCCESS] bvid=BV1jjSoBkEcw 已成功抓取全部所需数据。
[2026-04-11 08:23:01] [SUCCESS] bvid=BV1r2SfBfERY 已成功抓取全部所需数据。
[2026-04-11 08:23:06] [SUCCESS] bvid=BV1k2SfBfEu5 已成功抓取全部所需数据。
[2026-04-11 08:23:11] [SUCCESS] bvid=BV1AmSfBFEBu 已成功抓取全部所需数据。
[2026-04-11 08:23:17] [SUCCESS] bvid=BV1ykSfBaE7N 已成功抓取全部所需数据。
[2026-04-11 08:23:21] [SUCCESS] bvid=BV1VEQ2BEEcR 已成功抓取全部所需数据。
[2026-04-11 08:23:26] [SUCCESS] bvid=BV1YjQ2BUEHJ 已成功抓取全部所需数据。
[2026-04-11 08:23:31] [SUCCESS] bvid=BV1YjQ2BUELC 已成功抓取全部所需数据。
[2026-04-11 08:23:36] [SUCCESS] bvid=BV1YjQ2BUE6e 已成功抓取全部所需数据。
[2026-04-11 08:23:41] [SUCCESS] bvid=BV1VEQ2BEEAE 已成功抓取全部所需数据。
[2026-04-11 08:23:46] [SUCCESS] bvid=BV1XEQ2B7Eqr 已成功抓取全部所需数据。
[2026-04-11 08:23:52] [SUCCESS] bvid=BV1aEQ2B7Esj 已成功抓取全部所需数据。
[2026-04-11 08:23:57] [SUCCESS] bvid=BV1aEQ2B7EkX 已成功抓取全部所需数据。
[2026-04-11 08:24:02] [SUCCESS] bvid=BV1DxSoBvEGv 已成功抓取全部所需数据。
[2026-04-11 08:24:07] [SUCCESS] bvid=BV1djSoBrENo 已成功抓取全部所需数据。
[2026-04-11 08:24:12] [SUCCESS] bvid=BV1XoSRBiE1C 已成功抓取全部所需数据。
[2026-04-11 08:24:18] [SUCCESS] bvid=BV1mGSZBPEUn 已成功抓取全部所需数据。
[2026-04-11 08:24:23] [SUCCESS] bvid=BV1UbSoBYEYt 已成功抓取全部所需数据。
[2026-04-11 08:24:28] [SUCCESS] bvid=BV1QNDFB2E9d 已成功抓取全部所需数据。
[2026-04-11 08:24:33] [SUCCESS] bvid=BV1wcSoBXEzo 已成功抓取全部所需数据。
[2026-04-11 08:24:38] [SUCCESS] bvid=BV1ykSfBaEbs 已成功抓取全部所需数据。
[2026-04-11 08:24:43] [SUCCESS] bvid=BV11kSfBaE4W 已成功抓取全部所需数据。
[2026-04-11 08:24:48] [SUCCESS] bvid=BV1CkSfBaELq 已成功抓取全部所需数据。
[2026-04-11 08:24:54] [SUCCESS] bvid=BV1NkSfBYE1o 已成功抓取全部所需数据。
[2026-04-11 08:24:59] [SUCCESS] bvid=BV1PySfBwELF 已成功抓取全部所需数据。
[2026-04-11 08:25:04] [SUCCESS] bvid=BV1wySfBwEfE 已成功抓取全部所需数据。
[2026-04-11 08:25:09] [SUCCESS] bvid=BV1tjDFBuEZj 已成功抓取全部所需数据。
[2026-04-11 08:25:14] [SUCCESS] bvid=BV1tjDFBuEA8 已成功抓取全部所需数据。
[2026-04-11 08:25:19] [SUCCESS] bvid=BV14jDFBuEXg 已成功抓取全部所需数据。
[2026-04-11 08:25:24] [SUCCESS] bvid=BV1UjDFBuEqV 已成功抓取全部所需数据。
[2026-04-11 08:25:30] [SUCCESS] bvid=BV1mjDFBuEpq 已成功抓取全部所需数据。
[2026-04-11 08:25:35] [SUCCESS] bvid=BV1T7DFBzEMH 已成功抓取全部所需数据。
[2026-04-11 08:25:39] [SUCCESS] bvid=BV1t7DFBBEc5 已成功抓取全部所需数据。
[2026-04-11 08:25:45] [SUCCESS] bvid=BV1bVDFB3E7v 已成功抓取全部所需数据。
[2026-04-11 08:25:50] [SUCCESS] bvid=BV18VDFB3E97 已成功抓取全部所需数据。
[2026-04-11 08:25:55] [SUCCESS] bvid=BV1bVDFB3EEY 已成功抓取全部所需数据。
[2026-04-11 08:26:00] [SUCCESS] bvid=BV1SVDFB3E5a 已成功抓取全部所需数据。
[2026-04-11 08:26:05] [SUCCESS] bvid=BV1bVDFB3Edh 已成功抓取全部所需数据。
[2026-04-11 08:26:11] [SUCCESS] bvid=BV1t5DFB6EZw 已成功抓取全部所需数据。
[2026-04-11 08:26:16] [SUCCESS] bvid=BV185DFB6EJa 已成功抓取全部所需数据。
[2026-04-11 08:26:21] [SUCCESS] bvid=BV1vDQyBmEKS 已成功抓取全部所需数据。
[2026-04-11 08:26:26] [SUCCESS] bvid=BV1YdQyB5E3D 已成功抓取全部所需数据。
[2026-04-11 08:26:31] [SUCCESS] bvid=BV1U5DFB6Eeq 已成功抓取全部所需数据。
[2026-04-11 08:26:36] [SUCCESS] bvid=BV1t5DFB6EkS 已成功抓取全部所需数据。
[2026-04-11 08:26:36] [INFO] 当前 batch_crawl 已完成，所有视频均已成功抓取。
[2026-04-11 08:26:36] 子任务结束时间：2026-04-11T08:26:36.853828
[TIMESTAMP][END] 2026-04-11T08:26:36
