[TIMESTAMP][BEGIN] 2026-04-11T11:08:50
[2026-04-11 11:08:52] 开始执行 CSV 批量抓取子任务 part_49。
[2026-04-11 11:08:52] 子任务开始时间：2026-04-11T11:08:50.207596
[2026-04-11 11:08:52] 输入文件：batch_input_49.csv
[2026-04-11 11:08:52] 输入唯一 bvid 数量：100
[2026-04-11 11:08:52] 为严格按 CSV 顺序判断连续失败阈值，本次任务自动将并发度从 2 调整为 1。
[2026-04-11 11:08:58] [SUCCESS] bvid=BV1NEDuBfE4g 已成功抓取全部所需数据。
[2026-04-11 11:09:03] [SUCCESS] bvid=BV1snDuBtE4K 已成功抓取全部所需数据。
[2026-04-11 11:09:09] [SUCCESS] bvid=BV1NnDuBtEhM 已成功抓取全部所需数据。
[2026-04-11 11:09:14] [SUCCESS] bvid=BV1NnDuBtEaY 已成功抓取全部所需数据。
[2026-04-11 11:09:19] [SUCCESS] bvid=BV1NnDuBtEuQ 已成功抓取全部所需数据。
[2026-04-11 11:09:24] [SUCCESS] bvid=BV1ynDuBtEG2 已成功抓取全部所需数据。
[2026-04-11 11:09:30] [SUCCESS] bvid=BV1PnDuBtEYr 已成功抓取全部所需数据。
[2026-04-11 11:09:36] [SUCCESS] bvid=BV1kNDgB4E4D 已成功抓取全部所需数据。
[2026-04-11 11:09:41] [SUCCESS] bvid=BV1aNDuBBE2H 已成功抓取全部所需数据。
[2026-04-11 11:09:46] [SUCCESS] bvid=BV1aNDuBBEDA 已成功抓取全部所需数据。
[2026-04-11 11:09:52] [SUCCESS] bvid=BV1YcDuB3Emd 已成功抓取全部所需数据。
[2026-04-11 11:09:57] [SUCCESS] bvid=BV1sVDTBsEaa 已成功抓取全部所需数据。
[2026-04-11 11:10:03] [SUCCESS] bvid=BV1ggDuBNEJD 已成功抓取全部所需数据。
[2026-04-11 11:10:09] [SUCCESS] bvid=BV1M3DuBeEDm 已成功抓取全部所需数据。
[2026-04-11 11:10:14] [SUCCESS] bvid=BV1b3DuBeEoN 已成功抓取全部所需数据。
[2026-04-11 11:10:20] [SUCCESS] bvid=BV1S3DuBeEhZ 已成功抓取全部所需数据。
[2026-04-11 11:10:25] [SUCCESS] bvid=BV1hMDuBiE4G 已成功抓取全部所需数据。
[2026-04-11 11:10:31] [SUCCESS] bvid=BV15kDuBVEU9 已成功抓取全部所需数据。
[2026-04-11 11:10:36] [SUCCESS] bvid=BV1R6DuBCEBR 已成功抓取全部所需数据。
[2026-04-11 11:10:42] [SUCCESS] bvid=BV1R6DuBCEoE 已成功抓取全部所需数据。
[2026-04-11 11:10:47] [SUCCESS] bvid=BV1dqDuB1E7r 已成功抓取全部所需数据。
[2026-04-11 11:10:53] [SUCCESS] bvid=BV1dqDuB1Eq5 已成功抓取全部所需数据。
[2026-04-11 11:10:58] [SUCCESS] bvid=BV1oqDuB1EPb 已成功抓取全部所需数据。
[2026-04-11 11:11:03] [SUCCESS] bvid=BV1G2DuB6Etw 已成功抓取全部所需数据。
[2026-04-11 11:11:08] [SUCCESS] bvid=BV1Q2DuBzEcY 已成功抓取全部所需数据。
[2026-04-11 11:11:14] [SUCCESS] bvid=BV1G2DuB6Ej5 已成功抓取全部所需数据。
[2026-04-11 11:11:20] [SUCCESS] bvid=BV132DuB6Ezt 已成功抓取全部所需数据。
[2026-04-11 11:11:27] [SUCCESS] bvid=BV1X2DuBzEJe 已成功抓取全部所需数据。
[2026-04-11 11:11:33] [SUCCESS] bvid=BV1gUDuBuEwM 已成功抓取全部所需数据。
[2026-04-11 11:11:56] [SUCCESS] bvid=BV1aUDuBuEWf 已成功抓取全部所需数据。
[2026-04-11 11:12:03] [SUCCESS] bvid=BV1wKDgBoEwi 已成功抓取全部所需数据。
[2026-04-11 11:12:09] [SUCCESS] bvid=BV11zXCBFELq 已成功抓取全部所需数据。
[2026-04-11 11:12:16] [SUCCESS] bvid=BV1SSDuBqE6S 已成功抓取全部所需数据。
[2026-04-11 11:12:23] [SUCCESS] bvid=BV1a1DuB3E4o 已成功抓取全部所需数据。
[2026-04-11 11:12:29] [SUCCESS] bvid=BV191DuBgEck 已成功抓取全部所需数据。
[2026-04-11 11:12:35] [SUCCESS] bvid=BV191DuBgEcg 已成功抓取全部所需数据。
[2026-04-11 11:12:41] [SUCCESS] bvid=BV1ctDuBXE6D 已成功抓取全部所需数据。
[2026-04-11 11:12:46] [SUCCESS] bvid=BV1FtDuBXEJB 已成功抓取全部所需数据。
[2026-04-11 11:12:51] [SUCCESS] bvid=BV1n8DuBHEHz 已成功抓取全部所需数据。
[2026-04-11 11:12:57] [SUCCESS] bvid=BV1FtDuBXEdx 已成功抓取全部所需数据。
[2026-04-11 11:13:02] [SUCCESS] bvid=BV1ctDuBXEG5 已成功抓取全部所需数据。
[2026-04-11 11:13:07] [SUCCESS] bvid=BV1wtDuBXETj 已成功抓取全部所需数据。
[2026-04-11 11:13:13] [SUCCESS] bvid=BV1wtDuBXEKx 已成功抓取全部所需数据。
[2026-04-11 11:13:18] [SUCCESS] bvid=BV1FtDuBXEfF 已成功抓取全部所需数据。
[2026-04-11 11:13:23] [SUCCESS] bvid=BV1F8DuBHEPM 已成功抓取全部所需数据。
[2026-04-11 11:13:29] [SUCCESS] bvid=BV1n8DuBHEgp 已成功抓取全部所需数据。
[2026-04-11 11:13:34] [SUCCESS] bvid=BV1HsDuBREiR 已成功抓取全部所需数据。
[2026-04-11 11:13:40] [SUCCESS] bvid=BV1wsDuBREGG 已成功抓取全部所需数据。
[2026-04-11 11:13:45] [SUCCESS] bvid=BV1AsDuBREaH 已成功抓取全部所需数据。
[2026-04-11 11:13:50] [SUCCESS] bvid=BV1AsDuBREFY 已成功抓取全部所需数据。
[2026-04-11 11:13:56] [SUCCESS] bvid=BV1psDuBRE4R 已成功抓取全部所需数据。
[2026-04-11 11:14:01] [SUCCESS] bvid=BV1csDuBRE2x 已成功抓取全部所需数据。
[2026-04-11 11:14:07] [SUCCESS] bvid=BV1AsDuBRE5Y 已成功抓取全部所需数据。
[2026-04-11 11:14:13] [SUCCESS] bvid=BV1AsDuBREcx 已成功抓取全部所需数据。
[2026-04-11 11:14:19] [SUCCESS] bvid=BV1psDuBREQZ 已成功抓取全部所需数据。
[2026-04-11 11:14:24] [SUCCESS] bvid=BV1oeDuBmE8X 已成功抓取全部所需数据。
[2026-04-11 11:14:30] [SUCCESS] bvid=BV1p4DuBWETz 已成功抓取全部所需数据。
[2026-04-11 11:14:35] [SUCCESS] bvid=BV1BeDuBUEVr 已成功抓取全部所需数据。
[2026-04-11 11:14:41] [SUCCESS] bvid=BV1ZeDuBmE7u 已成功抓取全部所需数据。
[2026-04-11 11:14:46] [SUCCESS] bvid=BV1oeDuBmE4z 已成功抓取全部所需数据。
[2026-04-11 11:14:51] [SUCCESS] bvid=BV1oeDuBmEBo 已成功抓取全部所需数据。
[2026-04-11 11:14:56] [SUCCESS] bvid=BV1ZeDuBmEY7 已成功抓取全部所需数据。
[2026-04-11 11:15:02] [SUCCESS] bvid=BV17iDuB7EPB 已成功抓取全部所需数据。
[2026-04-11 11:15:07] [SUCCESS] bvid=BV1jiDuB7E5v 已成功抓取全部所需数据。
[2026-04-11 11:15:12] [SUCCESS] bvid=BV1dgDKBqEyV 已成功抓取全部所需数据。
[2026-04-11 11:15:17] [SUCCESS] bvid=BV1EhDuBDE4p 已成功抓取全部所需数据。
[2026-04-11 11:15:22] [SUCCESS] bvid=BV1FhDuBQEdW 已成功抓取全部所需数据。
[2026-04-11 11:15:28] [SUCCESS] bvid=BV1FGDgBXEEz 已成功抓取全部所需数据。
[2026-04-11 11:15:33] [SUCCESS] bvid=BV1CNDgB4ECj 已成功抓取全部所需数据。
[2026-04-11 11:15:38] [SUCCESS] bvid=BV1nKDgBoEQp 已成功抓取全部所需数据。
[2026-04-11 11:15:44] [SUCCESS] bvid=BV1rKDgBdEsi 已成功抓取全部所需数据。
[2026-04-11 11:15:49] [SUCCESS] bvid=BV1rKDgBdEWi 已成功抓取全部所需数据。
[2026-04-11 11:15:55] [SUCCESS] bvid=BV1CwDgBbEDL 已成功抓取全部所需数据。
[2026-04-11 11:16:00] [SUCCESS] bvid=BV1ywDgBbEM6 已成功抓取全部所需数据。
[2026-04-11 11:16:05] [SUCCESS] bvid=BV1CADgBZEqs 已成功抓取全部所需数据。
[2026-04-11 11:16:11] [SUCCESS] bvid=BV1CADgBZEWm 已成功抓取全部所需数据。
[2026-04-11 11:16:16] [SUCCESS] bvid=BV1zGDgBQEao 已成功抓取全部所需数据。
[2026-04-11 11:16:22] [SUCCESS] bvid=BV1Ge9gBEEg6 已成功抓取全部所需数据。
[2026-04-11 11:16:28] [SUCCESS] bvid=BV1wY9uBcELJ 已成功抓取全部所需数据。
[2026-04-11 11:16:33] [SUCCESS] bvid=BV1qgDKBqE1g 已成功抓取全部所需数据。
[2026-04-11 11:16:33] [ERROR] bvid=BV12dDuBYE9w 抓取失败：stat: 接口返回错误代码：62002，信息：稿件不可见。
{'code': 62002, 'message': '稿件不可见', 'ttl': 1} | comment: 接口返回错误代码：62002，信息：稿件不可见。
{'code': 62002, 'message': '稿件不可见', 'ttl': 1}
[2026-04-11 11:16:39] [SUCCESS] bvid=BV1FGDgBXEjB 已成功抓取全部所需数据。
[2026-04-11 11:16:45] [SUCCESS] bvid=BV1FGDgBXE7y 已成功抓取全部所需数据。
[2026-04-11 11:16:50] [SUCCESS] bvid=BV1pMDgBxE35 已成功抓取全部所需数据。
[2026-04-11 11:16:56] [SUCCESS] bvid=BV1nuDgBREJE 已成功抓取全部所需数据。
[2026-04-11 11:17:01] [SUCCESS] bvid=BV16uDgB9Ef3 已成功抓取全部所需数据。
[2026-04-11 11:17:04] [ERROR] bvid=BV1rMDgBsER4 抓取失败：comment: 接口返回错误代码：12061，信息：UP主已关闭评论区。
{'code': 12061, 'message': 'UP主已关闭评论区', 'ttl': 1}
[2026-04-11 11:17:10] [SUCCESS] bvid=BV11ZDuBwE3Q 已成功抓取全部所需数据。
[2026-04-11 11:17:15] [SUCCESS] bvid=BV1nuDgBREpt 已成功抓取全部所需数据。
[2026-04-11 11:17:20] [SUCCESS] bvid=BV16uDgB9EAW 已成功抓取全部所需数据。
[2026-04-11 11:17:26] [SUCCESS] bvid=BV1hSDuBBEBG 已成功抓取全部所需数据。
[2026-04-11 11:17:31] [SUCCESS] bvid=BV1MXDuBiEiX 已成功抓取全部所需数据。
[2026-04-11 11:17:36] [SUCCESS] bvid=BV1hgX5B4E2N 已成功抓取全部所需数据。
[2026-04-11 11:17:41] [SUCCESS] bvid=BV1bXDuBiERN 已成功抓取全部所需数据。
[2026-04-11 11:17:46] [SUCCESS] bvid=BV1URDuBPEEN 已成功抓取全部所需数据。
[2026-04-11 11:17:51] [SUCCESS] bvid=BV1bRDuBNEDZ 已成功抓取全部所需数据。
[2026-04-11 11:17:56] [SUCCESS] bvid=BV1bRDuBNErv 已成功抓取全部所需数据。
[2026-04-11 11:18:02] [SUCCESS] bvid=BV1DSDuBqEJT 已成功抓取全部所需数据。
[2026-04-11 11:18:07] [SUCCESS] bvid=BV1DSDuBqEXa 已成功抓取全部所需数据。
[2026-04-11 11:18:12] [SUCCESS] bvid=BV1DSDuBqEqT 已成功抓取全部所需数据。
[2026-04-11 11:18:12] [WARN] 当前子任务已结束，但仍有未成功抓取的视频，已导出 remaining CSV 供继续执行。
[2026-04-11 11:18:12] [INFO] 已导出剔除成功条目后的剩余 CSV：D:\Schoolworks\Thesis\Bilibili-Datahub\outputs\video_data\manual_crawls\manual_crawl_stat_comment_20260411_022942\remaining_bvids_part_49.csv
[2026-04-11 11:18:12] 子任务结束时间：2026-04-11T11:18:12.913415
[TIMESTAMP][END] 2026-04-11T11:18:12
