[TIMESTAMP][BEGIN] 2026-04-11T10:47:31
[2026-04-11 10:47:34] 开始执行 CSV 批量抓取子任务 part_48。
[2026-04-11 10:47:34] 子任务开始时间：2026-04-11T10:47:31.915727
[2026-04-11 10:47:34] 输入文件：batch_input_48.csv
[2026-04-11 10:47:34] 输入唯一 bvid 数量：100
[2026-04-11 10:47:34] 为严格按 CSV 顺序判断连续失败阈值，本次任务自动将并发度从 2 调整为 1。
[2026-04-11 10:47:39] [SUCCESS] bvid=BV1ahDGB7EEv 已成功抓取全部所需数据。
[2026-04-11 10:47:45] [SUCCESS] bvid=BV1ahDGB7EJa 已成功抓取全部所需数据。
[2026-04-11 10:47:50] [SUCCESS] bvid=BV1qEDGBxEM9 已成功抓取全部所需数据。
[2026-04-11 10:47:55] [SUCCESS] bvid=BV1Tb9PBtErz 已成功抓取全部所需数据。
[2026-04-11 10:48:00] [SUCCESS] bvid=BV18qDGBVE5n 已成功抓取全部所需数据。
[2026-04-11 10:48:06] [SUCCESS] bvid=BV1EJDGBdEiv 已成功抓取全部所需数据。
[2026-04-11 10:48:12] [SUCCESS] bvid=BV1iJDGBRE9e 已成功抓取全部所需数据。
[2026-04-11 10:48:17] [SUCCESS] bvid=BV1QDD3ByEXn 已成功抓取全部所需数据。
[2026-04-11 10:48:23] [SUCCESS] bvid=BV1FeD3B4EcD 已成功抓取全部所需数据。
[2026-04-11 10:48:28] [SUCCESS] bvid=BV1tiDgBKEJr 已成功抓取全部所需数据。
[2026-04-11 10:48:34] [SUCCESS] bvid=BV1fd9MBsEAU 已成功抓取全部所需数据。
[2026-04-11 10:48:40] [SUCCESS] bvid=BV1AZDNB2E1Z 已成功抓取全部所需数据。
[2026-04-11 10:48:45] [SUCCESS] bvid=BV1xqDMBoEK3 已成功抓取全部所需数据。
[2026-04-11 10:48:46] [ERROR] bvid=BV1Rc9TBVEMq 抓取失败：stat: 接口返回错误代码：-404，信息：啥都木有。
{'code': -404, 'message': '啥都木有', 'ttl': 1} | comment: 接口返回错误代码：-404，信息：啥都木有。
{'code': -404, 'message': '啥都木有', 'ttl': 1}
[2026-04-11 10:48:51] [SUCCESS] bvid=BV1krDKBjE3P 已成功抓取全部所需数据。
[2026-04-11 10:48:56] [SUCCESS] bvid=BV1tL9EBYE1C 已成功抓取全部所需数据。
[2026-04-11 10:49:01] [SUCCESS] bvid=BV1TDDTBFEnj 已成功抓取全部所需数据。
[2026-04-11 10:49:07] [SUCCESS] bvid=BV1NGQoBAEVv 已成功抓取全部所需数据。
[2026-04-11 10:49:12] [SUCCESS] bvid=BV1A6DMBdEi5 已成功抓取全部所需数据。
[2026-04-11 10:49:18] [SUCCESS] bvid=BV1VAD3BmEpz 已成功抓取全部所需数据。
[2026-04-11 10:49:23] [SUCCESS] bvid=BV1AsD3BYECX 已成功抓取全部所需数据。
[2026-04-11 10:49:29] [SUCCESS] bvid=BV1BjDGBoEkp 已成功抓取全部所需数据。
[2026-04-11 10:49:34] [SUCCESS] bvid=BV1zjDGBoEr3 已成功抓取全部所需数据。
[2026-04-11 10:49:40] [SUCCESS] bvid=BV1zjDGBoEgZ 已成功抓取全部所需数据。
[2026-04-11 10:49:45] [SUCCESS] bvid=BV1fEDGBxEzs 已成功抓取全部所需数据。
[2026-04-11 10:49:51] [SUCCESS] bvid=BV1qEDGBxEyk 已成功抓取全部所需数据。
[2026-04-11 10:49:57] [SUCCESS] bvid=BV1YxDGBDEvk 已成功抓取全部所需数据。
[2026-04-11 10:50:02] [SUCCESS] bvid=BV1H9DGBaEUC 已成功抓取全部所需数据。
[2026-04-11 10:50:08] [SUCCESS] bvid=BV1JdDGBcECQ 已成功抓取全部所需数据。
[2026-04-11 10:50:14] [SUCCESS] bvid=BV1LPDVBRE4X 已成功抓取全部所需数据。
[2026-04-11 10:50:19] [SUCCESS] bvid=BV1qcDVBoExF 已成功抓取全部所需数据。
[2026-04-11 10:50:25] [SUCCESS] bvid=BV1jFDVBtE2n 已成功抓取全部所需数据。
[2026-04-11 10:50:30] [SUCCESS] bvid=BV112DGBTE5m 已成功抓取全部所需数据。
[2026-04-11 10:50:36] [SUCCESS] bvid=BV112DGBTE92 已成功抓取全部所需数据。
[2026-04-11 10:50:41] [SUCCESS] bvid=BV1xrDGB6E9Q 已成功抓取全部所需数据。
[2026-04-11 10:50:47] [SUCCESS] bvid=BV1xCDGBuEhj 已成功抓取全部所需数据。
[2026-04-11 10:50:52] [SUCCESS] bvid=BV1CXDGBAEPC 已成功抓取全部所需数据。
[2026-04-11 10:50:58] [SUCCESS] bvid=BV1WmDGBiEwA 已成功抓取全部所需数据。
[2026-04-11 10:51:03] [SUCCESS] bvid=BV1smDGBiEe5 已成功抓取全部所需数据。
[2026-04-11 10:51:08] [SUCCESS] bvid=BV1CSDGBNEnK 已成功抓取全部所需数据。
[2026-04-11 10:51:14] [SUCCESS] bvid=BV1xtDVBuEAX 已成功抓取全部所需数据。
[2026-04-11 10:51:19] [SUCCESS] bvid=BV1AbDVBBEak 已成功抓取全部所需数据。
[2026-04-11 10:51:24] [SUCCESS] bvid=BV1LKDVBWEBX 已成功抓取全部所需数据。
[2026-04-11 10:51:29] [SUCCESS] bvid=BV1gLDVB7E3k 已成功抓取全部所需数据。
[2026-04-11 11:01:34] [SUCCESS] bvid=BV1hjDVB2EFW 已成功抓取全部所需数据。
[2026-04-11 11:01:41] [SUCCESS] bvid=BV1GGDVBJENf 已成功抓取全部所需数据。
[2026-04-11 11:01:46] [SUCCESS] bvid=BV1esDgBCEJR 已成功抓取全部所需数据。
[2026-04-11 11:01:53] [SUCCESS] bvid=BV19WDgB5EHS 已成功抓取全部所需数据。
[2026-04-11 11:01:58] [SUCCESS] bvid=BV1RHDgB1EYK 已成功抓取全部所需数据。
[2026-04-11 11:02:17] [SUCCESS] bvid=BV1szDgBPEUE 已成功抓取全部所需数据。
[2026-04-11 11:02:35] [SUCCESS] bvid=BV1p2DgBbE26 已成功抓取全部所需数据。
[2026-04-11 11:02:53] [SUCCESS] bvid=BV1AsD3BYEjR 已成功抓取全部所需数据。
[2026-04-11 11:03:12] [SUCCESS] bvid=BV1PsD3BYEi5 已成功抓取全部所需数据。
[2026-04-11 11:03:30] [SUCCESS] bvid=BV1PsD3BYEHy 已成功抓取全部所需数据。
[2026-04-11 11:03:48] [SUCCESS] bvid=BV1VMD3B5Exr 已成功抓取全部所需数据。
[2026-04-11 11:03:59] [SUCCESS] bvid=BV1YMD3B5Eyz 已成功抓取全部所需数据。
[2026-04-11 11:03:59] [ERROR] bvid=BV1u5D3BgEG3 抓取失败：stat: 接口返回错误代码：62002，信息：稿件不可见。
{'code': 62002, 'message': '稿件不可见', 'ttl': 1} | comment: 接口返回错误代码：62002，信息：稿件不可见。
{'code': 62002, 'message': '稿件不可见', 'ttl': 1}
[2026-04-11 11:04:05] [SUCCESS] bvid=BV1b5D3BgEYU 已成功抓取全部所需数据。
[2026-04-11 11:04:10] [SUCCESS] bvid=BV1U5D3BgERQ 已成功抓取全部所需数据。
[2026-04-11 11:04:16] [SUCCESS] bvid=BV1dCD3BJEev 已成功抓取全部所需数据。
[2026-04-11 11:04:21] [SUCCESS] bvid=BV1XSD3BLEni 已成功抓取全部所需数据。
[2026-04-11 11:04:26] [SUCCESS] bvid=BV192D3B7EFr 已成功抓取全部所需数据。
[2026-04-11 11:04:31] [SUCCESS] bvid=BV1XmD3B2EUG 已成功抓取全部所需数据。
[2026-04-11 11:04:37] [SUCCESS] bvid=BV1whD3BbEnF 已成功抓取全部所需数据。
[2026-04-11 11:04:42] [SUCCESS] bvid=BV1feD3BxEap 已成功抓取全部所需数据。
[2026-04-11 11:04:47] [SUCCESS] bvid=BV1JvD3BdE2J 已成功抓取全部所需数据。
[2026-04-11 11:04:48] [ERROR] bvid=BV1neD3B4Ec4 抓取失败：stat: 接口返回错误代码：62012，信息：62012。
{'code': 62012, 'message': '62012', 'ttl': 1} | comment: 接口返回错误代码：62012，信息：62012。
{'code': 62012, 'message': '62012', 'ttl': 1}
[2026-04-11 11:04:53] [SUCCESS] bvid=BV1JeD3B4EJ5 已成功抓取全部所需数据。
[2026-04-11 11:04:58] [SUCCESS] bvid=BV1fvD3BRE1v 已成功抓取全部所需数据。
[2026-04-11 11:04:59] [ERROR] bvid=BV1BQDMB7EKV 抓取失败：stat: 接口返回错误代码：-404，信息：啥都木有。
{'code': -404, 'message': '啥都木有', 'ttl': 1} | comment: 接口返回错误代码：-404，信息：啥都木有。
{'code': -404, 'message': '啥都木有', 'ttl': 1}
[2026-04-11 11:05:04] [SUCCESS] bvid=BV1fQDMB7Eco 已成功抓取全部所需数据。
[2026-04-11 11:05:09] [SUCCESS] bvid=BV1zQDMB7E73 已成功抓取全部所需数据。
[2026-04-11 11:05:15] [SUCCESS] bvid=BV1JUDMBJEQo 已成功抓取全部所需数据。
[2026-04-11 11:05:20] [SUCCESS] bvid=BV1JSDMBUEpm 已成功抓取全部所需数据。
[2026-04-11 11:05:25] [SUCCESS] bvid=BV1JSDMBUEeo 已成功抓取全部所需数据。
[2026-04-11 11:05:30] [SUCCESS] bvid=BV1JSDMBUEvA 已成功抓取全部所需数据。
[2026-04-11 11:05:36] [SUCCESS] bvid=BV1LfDMBkEPa 已成功抓取全部所需数据。
[2026-04-11 11:05:41] [SUCCESS] bvid=BV1WzDMBxERf 已成功抓取全部所需数据。
[2026-04-11 11:05:47] [SUCCESS] bvid=BV1szDMBxE1h 已成功抓取全部所需数据。
[2026-04-11 11:05:52] [SUCCESS] bvid=BV1s6DMBREEn 已成功抓取全部所需数据。
[2026-04-11 11:05:57] [SUCCESS] bvid=BV1p6DMBREZa 已成功抓取全部所需数据。
[2026-04-11 11:06:03] [SUCCESS] bvid=BV1y6DMBRET1 已成功抓取全部所需数据。
[2026-04-11 11:06:09] [SUCCESS] bvid=BV11qDMBoEQr 已成功抓取全部所需数据。
[2026-04-11 11:06:14] [SUCCESS] bvid=BV1siDMBtEU6 已成功抓取全部所需数据。
[2026-04-11 11:06:20] [SUCCESS] bvid=BV1QkDTBeE5B 已成功抓取全部所需数据。
[2026-04-11 11:06:25] [SUCCESS] bvid=BV1NzXCBcEDa 已成功抓取全部所需数据。
[2026-04-11 11:06:30] [SUCCESS] bvid=BV1oaDTB3EcX 已成功抓取全部所需数据。
[2026-04-11 11:06:36] [SUCCESS] bvid=BV1nv9uBfEVX 已成功抓取全部所需数据。
[2026-04-11 11:06:42] [SUCCESS] bvid=BV12iDMBtEBx 已成功抓取全部所需数据。
[2026-04-11 11:06:49] [SUCCESS] bvid=BV1H2DMBDEcw 已成功抓取全部所需数据。
[2026-04-11 11:06:56] [SUCCESS] bvid=BV1H2DMBDETM 已成功抓取全部所需数据。
[2026-04-11 11:07:03] [SUCCESS] bvid=BV1pCDMBXERk 已成功抓取全部所需数据。
[2026-04-11 11:07:22] [SUCCESS] bvid=BV1HCDMBXEtX 已成功抓取全部所需数据。
[2026-04-11 11:07:40] [SUCCESS] bvid=BV1N7DuB8EJG 已成功抓取全部所需数据。
[2026-04-11 11:07:57] [SUCCESS] bvid=BV1MVDuBAEX3 已成功抓取全部所需数据。
[2026-04-11 11:08:15] [SUCCESS] bvid=BV1bVDuBAEbg 已成功抓取全部所需数据。
[2026-04-11 11:08:33] [SUCCESS] bvid=BV1WWDuBxEcB 已成功抓取全部所需数据。
[2026-04-11 11:08:39] [SUCCESS] bvid=BV1pWDuBxEUy 已成功抓取全部所需数据。
[2026-04-11 11:08:44] [SUCCESS] bvid=BV1WWDuBxEjp 已成功抓取全部所需数据。
[2026-04-11 11:08:50] [SUCCESS] bvid=BV1AWDuBxECr 已成功抓取全部所需数据。
[2026-04-11 11:08:50] [WARN] 当前子任务已结束，但仍有未成功抓取的视频，已导出 remaining CSV 供继续执行。
[2026-04-11 11:08:50] [INFO] 已导出剔除成功条目后的剩余 CSV：D:\Schoolworks\Thesis\Bilibili-Datahub\outputs\video_data\manual_crawls\manual_crawl_stat_comment_20260411_022942\remaining_bvids_part_48.csv
[2026-04-11 11:08:50] 子任务结束时间：2026-04-11T11:08:50.014010
[TIMESTAMP][END] 2026-04-11T11:08:50
