[TIMESTAMP][BEGIN] 2026-04-11T06:46:05
[2026-04-11 06:46:07] 开始执行 CSV 批量抓取子任务 part_23。
[2026-04-11 06:46:07] 子任务开始时间：2026-04-11T06:46:05.152440
[2026-04-11 06:46:07] 输入文件：batch_input_23.csv
[2026-04-11 06:46:07] 输入唯一 bvid 数量：100
[2026-04-11 06:46:07] 为严格按 CSV 顺序判断连续失败阈值，本次任务自动将并发度从 2 调整为 1。
[2026-04-11 06:46:12] [SUCCESS] bvid=BV1RCDeBUEC2 已成功抓取全部所需数据。
[2026-04-11 06:46:17] [SUCCESS] bvid=BV1QASZBgED8 已成功抓取全部所需数据。
[2026-04-11 06:46:22] [SUCCESS] bvid=BV1kPDkB7Ejo 已成功抓取全部所需数据。
[2026-04-11 06:46:27] [SUCCESS] bvid=BV1rPDkB7Eg3 已成功抓取全部所需数据。
[2026-04-11 06:46:32] [SUCCESS] bvid=BV1NdDrB9E1V 已成功抓取全部所需数据。
[2026-04-11 06:46:37] [SUCCESS] bvid=BV1pPDkBjEMu 已成功抓取全部所需数据。
[2026-04-11 06:46:42] [SUCCESS] bvid=BV1kPDkB7Ejs 已成功抓取全部所需数据。
[2026-04-11 06:46:47] [SUCCESS] bvid=BV1HNDkBmEZw 已成功抓取全部所需数据。
[2026-04-11 06:46:52] [SUCCESS] bvid=BV1JyDBBeEpk 已成功抓取全部所需数据。
[2026-04-11 06:46:57] [SUCCESS] bvid=BV1AwDkBSEdW 已成功抓取全部所需数据。
[2026-04-11 06:47:02] [SUCCESS] bvid=BV1CcDkBJE3F 已成功抓取全部所需数据。
[2026-04-11 06:47:06] [SUCCESS] bvid=BV1CwDkBUEqd 已成功抓取全部所需数据。
[2026-04-11 06:47:11] [SUCCESS] bvid=BV1wJDzB6Ea3 已成功抓取全部所需数据。
[2026-04-11 06:47:17] [SUCCESS] bvid=BV1TTDzBUEsh 已成功抓取全部所需数据。
[2026-04-11 06:47:22] [SUCCESS] bvid=BV1nJDzB6Eht 已成功抓取全部所需数据。
[2026-04-11 06:47:27] [SUCCESS] bvid=BV1cJDzB6EQ3 已成功抓取全部所需数据。
[2026-04-11 06:47:32] [SUCCESS] bvid=BV1cJDzB6EAu 已成功抓取全部所需数据。
[2026-04-11 06:47:37] [SUCCESS] bvid=BV1NLDzBVEVP 已成功抓取全部所需数据。
[2026-04-11 06:47:41] [SUCCESS] bvid=BV12kDvBMEAN 已成功抓取全部所需数据。
[2026-04-11 06:47:46] [SUCCESS] bvid=BV1f5SfBDENm 已成功抓取全部所需数据。
[2026-04-11 06:47:51] [SUCCESS] bvid=BV1PjDzBkEES 已成功抓取全部所需数据。
[2026-04-11 06:47:56] [SUCCESS] bvid=BV1AjDzBkEfa 已成功抓取全部所需数据。
[2026-04-11 06:48:01] [SUCCESS] bvid=BV1wjDzBkEbT 已成功抓取全部所需数据。
[2026-04-11 06:48:06] [SUCCESS] bvid=BV1PjDzBkE7M 已成功抓取全部所需数据。
[2026-04-11 06:48:11] [SUCCESS] bvid=BV1csDzBTET1 已成功抓取全部所需数据。
[2026-04-11 06:48:16] [SUCCESS] bvid=BV1fxDzBvExJ 已成功抓取全部所需数据。
[2026-04-11 06:48:21] [SUCCESS] bvid=BV1fxDzBvEPy 已成功抓取全部所需数据。
[2026-04-11 06:48:26] [SUCCESS] bvid=BV1FxDzBiEAE 已成功抓取全部所需数据。
[2026-04-11 06:48:31] [SUCCESS] bvid=BV1ExDzBiECe 已成功抓取全部所需数据。
[2026-04-11 06:48:36] [SUCCESS] bvid=BV1fxDzBvE5b 已成功抓取全部所需数据。
[2026-04-11 06:48:41] [SUCCESS] bvid=BV1FHDzBuE77 已成功抓取全部所需数据。
[2026-04-11 06:48:46] [SUCCESS] bvid=BV1HHDzBuEJw 已成功抓取全部所需数据。
[2026-04-11 06:48:51] [SUCCESS] bvid=BV1FHDzBuEEe 已成功抓取全部所需数据。
[2026-04-11 06:48:51] [ERROR] bvid=BV1FpDzBBEwh 抓取失败：stat: 接口返回错误代码：62002，信息：稿件不可见。
{'code': 62002, 'message': '稿件不可见', 'ttl': 1} | comment: 接口返回错误代码：62002，信息：稿件不可见。
{'code': 62002, 'message': '稿件不可见', 'ttl': 1}
[2026-04-11 06:48:56] [SUCCESS] bvid=BV1uADzBHEtW 已成功抓取全部所需数据。
[2026-04-11 06:49:01] [SUCCESS] bvid=BV1HpDzBBEjo 已成功抓取全部所需数据。
[2026-04-11 06:49:06] [SUCCESS] bvid=BV1tTDzBUE1v 已成功抓取全部所需数据。
[2026-04-11 06:49:12] [SUCCESS] bvid=BV1DrDzBsEss 已成功抓取全部所需数据。
[2026-04-11 06:49:17] [SUCCESS] bvid=BV1BKDBB8Ewv 已成功抓取全部所需数据。
[2026-04-11 06:49:22] [SUCCESS] bvid=BV1tKDzBJEXZ 已成功抓取全部所需数据。
[2026-04-11 06:49:26] [SUCCESS] bvid=BV1TKDzBJEZz 已成功抓取全部所需数据。
[2026-04-11 06:49:31] [SUCCESS] bvid=BV1MTDzBUExu 已成功抓取全部所需数据。
[2026-04-11 06:49:36] [SUCCESS] bvid=BV15PDeBjEQp 已成功抓取全部所需数据。
[2026-04-11 06:49:41] [SUCCESS] bvid=BV1FLDvBoEgx 已成功抓取全部所需数据。
[2026-04-11 06:49:46] [SUCCESS] bvid=BV1KNDqBGELG 已成功抓取全部所需数据。
[2026-04-11 06:49:51] [SUCCESS] bvid=BV1zfDvB4EUB 已成功抓取全部所需数据。
[2026-04-11 06:49:56] [SUCCESS] bvid=BV1DaDYBTEpv 已成功抓取全部所需数据。
[2026-04-11 06:50:01] [SUCCESS] bvid=BV15b9gBQEvj 已成功抓取全部所需数据。
[2026-04-11 06:50:07] [SUCCESS] bvid=BV1qADiB9EA9 已成功抓取全部所需数据。
[2026-04-11 06:50:12] [SUCCESS] bvid=BV14YDhBfEmQ 已成功抓取全部所需数据。
[2026-04-11 06:50:17] [SUCCESS] bvid=BV1gRDeB3Eos 已成功抓取全部所需数据。
[2026-04-11 06:50:22] [SUCCESS] bvid=BV1FHDqBhEGH 已成功抓取全部所需数据。
[2026-04-11 06:50:23] [ERROR] bvid=BV1mvDhB4Eau 抓取失败：stat: 接口返回错误代码：62012，信息：62012。
{'code': 62012, 'message': '62012', 'ttl': 1} | comment: 接口返回错误代码：62012，信息：62012。
{'code': 62012, 'message': '62012', 'ttl': 1}
[2026-04-11 06:50:28] [SUCCESS] bvid=BV1pn9NBXESE 已成功抓取全部所需数据。
[2026-04-11 06:50:33] [SUCCESS] bvid=BV13ADzBHEgm 已成功抓取全部所需数据。
[2026-04-11 06:50:38] [SUCCESS] bvid=BV1NGDzBLEnD 已成功抓取全部所需数据。
[2026-04-11 06:50:43] [SUCCESS] bvid=BV1KuDzB7Eza 已成功抓取全部所需数据。
[2026-04-11 06:50:48] [SUCCESS] bvid=BV1NgDzB2EmF 已成功抓取全部所需数据。
[2026-04-11 06:50:53] [SUCCESS] bvid=BV1tuDzB7E2P 已成功抓取全部所需数据。
[2026-04-11 06:50:58] [SUCCESS] bvid=BV1zFDiBdEsm 已成功抓取全部所需数据。
[2026-04-11 06:51:03] [SUCCESS] bvid=BV1JiDiBwEXd 已成功抓取全部所需数据。
[2026-04-11 06:51:08] [SUCCESS] bvid=BV1SyDzBpEQz 已成功抓取全部所需数据。
[2026-04-11 06:51:13] [SUCCESS] bvid=BV1QrDzBsE6R 已成功抓取全部所需数据。
[2026-04-11 06:51:18] [SUCCESS] bvid=BV1U1DzBQEW2 已成功抓取全部所需数据。
[2026-04-11 06:51:23] [SUCCESS] bvid=BV1obDzBYESi 已成功抓取全部所需数据。
[2026-04-11 06:51:29] [SUCCESS] bvid=BV1GrDzBxEW7 已成功抓取全部所需数据。
[2026-04-11 06:51:34] [SUCCESS] bvid=BV12UDzBSESs 已成功抓取全部所需数据。
[2026-04-11 06:51:39] [SUCCESS] bvid=BV1UmDzBnEir 已成功抓取全部所需数据。
[2026-04-11 06:51:44] [SUCCESS] bvid=BV1ZtDzBPEFc 已成功抓取全部所需数据。
[2026-04-11 06:51:49] [SUCCESS] bvid=BV1pqDBBuEU9 已成功抓取全部所需数据。
[2026-04-11 06:51:54] [SUCCESS] bvid=BV198DvBjEdC 已成功抓取全部所需数据。
[2026-04-11 06:52:00] [SUCCESS] bvid=BV1WxDeBcEHV 已成功抓取全部所需数据。
[2026-04-11 06:52:05] [SUCCESS] bvid=BV1yvD6BEE7S 已成功抓取全部所需数据。
[2026-04-11 06:52:10] [SUCCESS] bvid=BV1MmDzBHEuV 已成功抓取全部所需数据。
[2026-04-11 06:52:15] [SUCCESS] bvid=BV1ohDzBwEQo 已成功抓取全部所需数据。
[2026-04-11 06:52:20] [SUCCESS] bvid=BV1jaDzBaEwH 已成功抓取全部所需数据。
[2026-04-11 06:52:25] [SUCCESS] bvid=BV1RaDzBhEJH 已成功抓取全部所需数据。
[2026-04-11 06:52:30] [SUCCESS] bvid=BV1ZtDzBPEHF 已成功抓取全部所需数据。
[2026-04-11 06:52:35] [SUCCESS] bvid=BV1ZbDzBYEqt 已成功抓取全部所需数据。
[2026-04-11 06:52:40] [SUCCESS] bvid=BV1ZbDzBYEtK 已成功抓取全部所需数据。
[2026-04-11 06:52:45] [SUCCESS] bvid=BV1ZbDzBYEYx 已成功抓取全部所需数据。
[2026-04-11 06:52:46] [ERROR] bvid=BV19iDzBZE93 抓取失败：stat: 接口返回错误代码：62002，信息：稿件不可见。
{'code': 62002, 'message': '稿件不可见', 'ttl': 1} | comment: 接口返回错误代码：62002，信息：稿件不可见。
{'code': 62002, 'message': '稿件不可见', 'ttl': 1}
[2026-04-11 06:52:50] [SUCCESS] bvid=BV1XBDzB4E8V 已成功抓取全部所需数据。
[2026-04-11 06:52:51] [ERROR] bvid=BV15BDzBtEMe 抓取失败：stat: 接口返回错误代码：62002，信息：稿件不可见。
{'code': 62002, 'message': '稿件不可见', 'ttl': 1} | comment: 接口返回错误代码：62002，信息：稿件不可见。
{'code': 62002, 'message': '稿件不可见', 'ttl': 1}
[2026-04-11 06:52:56] [SUCCESS] bvid=BV1LeDzBcEa6 已成功抓取全部所需数据。
[2026-04-11 06:53:01] [SUCCESS] bvid=BV1uUD8BfE8S 已成功抓取全部所需数据。
[2026-04-11 06:53:01] [ERROR] bvid=BV1deDzBFEJW 抓取失败：stat: 接口返回错误代码：62002，信息：稿件不可见。
{'code': 62002, 'message': '稿件不可见', 'ttl': 1} | comment: 接口返回错误代码：62002，信息：稿件不可见。
{'code': 62002, 'message': '稿件不可见', 'ttl': 1}
[2026-04-11 06:53:06] [SUCCESS] bvid=BV1yzDhB9EPe 已成功抓取全部所需数据。
[2026-04-11 06:53:11] [SUCCESS] bvid=BV1RvDzBbEC4 已成功抓取全部所需数据。
[2026-04-11 06:53:17] [SUCCESS] bvid=BV1BuD6BKEYU 已成功抓取全部所需数据。
[2026-04-11 06:53:22] [SUCCESS] bvid=BV1BuD6BKESv 已成功抓取全部所需数据。
[2026-04-11 06:53:26] [SUCCESS] bvid=BV16KD6BMEjX 已成功抓取全部所需数据。
[2026-04-11 06:53:32] [SUCCESS] bvid=BV16KD6BMEwm 已成功抓取全部所需数据。
[2026-04-11 06:53:37] [SUCCESS] bvid=BV1iVD6BeEuk 已成功抓取全部所需数据。
[2026-04-11 06:53:42] [SUCCESS] bvid=BV1vVD6BYEsP 已成功抓取全部所需数据。
[2026-04-11 06:53:47] [SUCCESS] bvid=BV1vLD6BwECz 已成功抓取全部所需数据。
[2026-04-11 06:53:52] [SUCCESS] bvid=BV1JeDeBREk9 已成功抓取全部所需数据。
[2026-04-11 06:53:58] [SUCCESS] bvid=BV1DYDYBiEWL 已成功抓取全部所需数据。
[2026-04-11 06:54:03] [SUCCESS] bvid=BV1AgDvBcE97 已成功抓取全部所需数据。
[2026-04-11 06:54:08] [SUCCESS] bvid=BV1XHSoBMEAY 已成功抓取全部所需数据。
[2026-04-11 06:54:08] [WARN] 当前子任务已结束，但仍有未成功抓取的视频，已导出 remaining CSV 供继续执行。
[2026-04-11 06:54:08] [INFO] 已导出剔除成功条目后的剩余 CSV：D:\Schoolworks\Thesis\Bilibili-Datahub\outputs\video_data\manual_crawls\manual_crawl_stat_comment_20260411_022942\remaining_bvids_part_23.csv
[2026-04-11 06:54:08] 子任务结束时间：2026-04-11T06:54:08.254546
[TIMESTAMP][END] 2026-04-11T06:54:08
