[TIMESTAMP][BEGIN] 2026-04-11T08:52:09
[2026-04-11 08:52:12] 开始执行 CSV 批量抓取子任务 part_38。
[2026-04-11 08:52:12] 子任务开始时间：2026-04-11T08:52:09.917055
[2026-04-11 08:52:12] 输入文件：batch_input_38.csv
[2026-04-11 08:52:12] 输入唯一 bvid 数量：100
[2026-04-11 08:52:12] 为严格按 CSV 顺序判断连续失败阈值，本次任务自动将并发度从 2 调整为 1。
[2026-04-11 08:52:17] [SUCCESS] bvid=BV1CpSZB4ETm 已成功抓取全部所需数据。
[2026-04-11 08:52:22] [SUCCESS] bvid=BV1ppSZB4E8C 已成功抓取全部所需数据。
[2026-04-11 08:52:27] [SUCCESS] bvid=BV1HWSZBdEvh 已成功抓取全部所需数据。
[2026-04-11 08:52:32] [SUCCESS] bvid=BV1nWSZBdEUy 已成功抓取全部所需数据。
[2026-04-11 08:52:37] [SUCCESS] bvid=BV1HWSZBdErM 已成功抓取全部所需数据。
[2026-04-11 08:52:42] [SUCCESS] bvid=BV1pWSZBdEq8 已成功抓取全部所需数据。
[2026-04-11 08:52:47] [SUCCESS] bvid=BV17aSZBnEDj 已成功抓取全部所需数据。
[2026-04-11 08:52:52] [SUCCESS] bvid=BV1HWSZBdE7D 已成功抓取全部所需数据。
[2026-04-11 08:52:57] [SUCCESS] bvid=BV1HWSZBdEke 已成功抓取全部所需数据。
[2026-04-11 08:53:01] [SUCCESS] bvid=BV1cWSZBRE2R 已成功抓取全部所需数据。
[2026-04-11 08:53:07] [SUCCESS] bvid=BV17aSZBnErC 已成功抓取全部所需数据。
[2026-04-11 08:53:12] [SUCCESS] bvid=BV1rpSdBUECk 已成功抓取全部所需数据。
[2026-04-11 08:53:17] [SUCCESS] bvid=BV1JbSZBpEVZ 已成功抓取全部所需数据。
[2026-04-11 08:53:22] [SUCCESS] bvid=BV1B2SRBVEQ4 已成功抓取全部所需数据。
[2026-04-11 08:53:27] [SUCCESS] bvid=BV1J2SRB5EN4 已成功抓取全部所需数据。
[2026-04-11 08:53:32] [SUCCESS] bvid=BV1z2SRBVEMo 已成功抓取全部所需数据。
[2026-04-11 08:53:37] [SUCCESS] bvid=BV1fmSRBkEzL 已成功抓取全部所需数据。
[2026-04-11 08:53:42] [SUCCESS] bvid=BV1cCSRBjEY7 已成功抓取全部所需数据。
[2026-04-11 08:53:48] [SUCCESS] bvid=BV19dSXBbE5a 已成功抓取全部所需数据。
[2026-04-11 08:53:53] [SUCCESS] bvid=BV1rCSRBLEto 已成功抓取全部所需数据。
[2026-04-11 08:53:58] [SUCCESS] bvid=BV1cCSRBjEfk 已成功抓取全部所需数据。
[2026-04-11 08:54:03] [SUCCESS] bvid=BV1mnSDByECV 已成功抓取全部所需数据。
[2026-04-11 08:54:08] [SUCCESS] bvid=BV16CSRBLEvg 已成功抓取全部所需数据。
[2026-04-11 08:54:13] [SUCCESS] bvid=BV16ySRByEk9 已成功抓取全部所需数据。
[2026-04-11 08:54:18] [SUCCESS] bvid=BV1dXSRBuEGv 已成功抓取全部所需数据。
[2026-04-11 08:54:23] [SUCCESS] bvid=BV1fySRByEST 已成功抓取全部所需数据。
[2026-04-11 08:54:28] [SUCCESS] bvid=BV16ySRByEA2 已成功抓取全部所需数据。
[2026-04-11 08:54:33] [SUCCESS] bvid=BV1cySRB1ENq 已成功抓取全部所需数据。
[2026-04-11 08:54:38] [SUCCESS] bvid=BV1jXSRBgEdz 已成功抓取全部所需数据。
[2026-04-11 08:54:44] [SUCCESS] bvid=BV1BSSRB3EV7 已成功抓取全部所需数据。
[2026-04-11 08:54:49] [SUCCESS] bvid=BV1BDSRBrEGH 已成功抓取全部所需数据。
[2026-04-11 08:54:54] [SUCCESS] bvid=BV1v9SRBBEXh 已成功抓取全部所需数据。
[2026-04-11 08:54:59] [SUCCESS] bvid=BV159SRBzEkL 已成功抓取全部所需数据。
[2026-04-11 08:55:04] [SUCCESS] bvid=BV1iDSRB6EYU 已成功抓取全部所需数据。
[2026-04-11 08:55:09] [SUCCESS] bvid=BV1qDSRB6Epn 已成功抓取全部所需数据。
[2026-04-11 08:55:14] [SUCCESS] bvid=BV1seSRBpEbj 已成功抓取全部所需数据。
[2026-04-11 08:55:20] [SUCCESS] bvid=BV1PvSRBQE5P 已成功抓取全部所需数据。
[2026-04-11 08:55:25] [SUCCESS] bvid=BV12aSRBXEKA 已成功抓取全部所需数据。
[2026-04-11 08:55:31] [SUCCESS] bvid=BV1yvSRBDEae 已成功抓取全部所需数据。
[2026-04-11 08:55:36] [SUCCESS] bvid=BV1CvSRBDEbC 已成功抓取全部所需数据。
[2026-04-11 08:55:41] [SUCCESS] bvid=BV1yvSRBDEoV 已成功抓取全部所需数据。
[2026-04-11 08:55:46] [SUCCESS] bvid=BV11hSRBWESF 已成功抓取全部所需数据。
[2026-04-11 08:55:51] [SUCCESS] bvid=BV1jhSdBVEhf 已成功抓取全部所需数据。
[2026-04-11 08:55:57] [SUCCESS] bvid=BV12hSRBWEhu 已成功抓取全部所需数据。
[2026-04-11 08:56:02] [SUCCESS] bvid=BV12aSRBXEws 已成功抓取全部所需数据。
[2026-04-11 08:56:07] [SUCCESS] bvid=BV1KaSRB9EKA 已成功抓取全部所需数据。
[2026-04-11 08:56:13] [SUCCESS] bvid=BV1r6SRB7Eio 已成功抓取全部所需数据。
[2026-04-11 08:56:18] [SUCCESS] bvid=BV1rrSRB2ESD 已成功抓取全部所需数据。
[2026-04-11 08:56:23] [SUCCESS] bvid=BV1YoSRBiE4J 已成功抓取全部所需数据。
[2026-04-11 08:56:28] [SUCCESS] bvid=BV1AqSRBnEVa 已成功抓取全部所需数据。
[2026-04-11 08:56:34] [SUCCESS] bvid=BV1CBSRBUE7m 已成功抓取全部所需数据。
[2026-04-11 08:56:39] [SUCCESS] bvid=BV1zpDNB6EE6 已成功抓取全部所需数据。
[2026-04-11 08:56:44] [SUCCESS] bvid=BV1kBSRBUEJw 已成功抓取全部所需数据。
[2026-04-11 08:56:49] [SUCCESS] bvid=BV1ABSRBSEWK 已成功抓取全部所需数据。
[2026-04-11 08:56:54] [SUCCESS] bvid=BV1kBSRBUEba 已成功抓取全部所需数据。
[2026-04-11 08:56:59] [SUCCESS] bvid=BV1WBSRBSEVi 已成功抓取全部所需数据。
[2026-04-11 08:57:05] [SUCCESS] bvid=BV1KgSdBZELv 已成功抓取全部所需数据。
[2026-04-11 08:57:10] [SUCCESS] bvid=BV1tgSdBoEnZ 已成功抓取全部所需数据。
[2026-04-11 08:57:15] [SUCCESS] bvid=BV1CBSRBUEzg 已成功抓取全部所需数据。
[2026-04-11 08:57:20] [SUCCESS] bvid=BV1tgSdBoE8Z 已成功抓取全部所需数据。
[2026-04-11 08:57:26] [SUCCESS] bvid=BV1xgSdBoEmK 已成功抓取全部所需数据。
[2026-04-11 08:57:31] [SUCCESS] bvid=BV1CN9MB8E3r 已成功抓取全部所需数据。
[2026-04-11 08:57:37] [SUCCESS] bvid=BV1QG9uBCEcx 已成功抓取全部所需数据。
[2026-04-11 08:57:42] [SUCCESS] bvid=BV1gG9uByEkT 已成功抓取全部所需数据。
[2026-04-11 08:57:47] [SUCCESS] bvid=BV1X3SDBDEiK 已成功抓取全部所需数据。
[2026-04-11 08:57:52] [SUCCESS] bvid=BV1GCSdBNExB 已成功抓取全部所需数据。
[2026-04-11 08:57:58] [SUCCESS] bvid=BV1JSDMBUErh 已成功抓取全部所需数据。
[2026-04-11 08:58:03] [SUCCESS] bvid=BV1qA9FBfEiY 已成功抓取全部所需数据。
[2026-04-11 08:58:08] [SUCCESS] bvid=BV1ZZSSB8EdX 已成功抓取全部所需数据。
[2026-04-11 08:58:14] [SUCCESS] bvid=BV1xwXfBrErL 已成功抓取全部所需数据。
[2026-04-11 08:58:19] [SUCCESS] bvid=BV1QnSRBcEUu 已成功抓取全部所需数据。
[2026-04-11 08:58:24] [SUCCESS] bvid=BV1jWSQBaEZA 已成功抓取全部所需数据。
[2026-04-11 08:58:30] [SUCCESS] bvid=BV1QM9TBBEe3 已成功抓取全部所需数据。
[2026-04-11 08:58:35] [SUCCESS] bvid=BV1bBSSB5ERF 已成功抓取全部所需数据。
[2026-04-11 08:58:40] [SUCCESS] bvid=BV16d9MBxENY 已成功抓取全部所需数据。
[2026-04-11 08:58:46] [SUCCESS] bvid=BV1Zd9MBsEz1 已成功抓取全部所需数据。
[2026-04-11 08:58:52] [SUCCESS] bvid=BV1ExSdB2EyU 已成功抓取全部所需数据。
[2026-04-11 08:58:59] [SUCCESS] bvid=BV1BmDKBGEqx 已成功抓取全部所需数据。
[2026-04-11 08:59:05] [SUCCESS] bvid=BV15tSQBfEY5 已成功抓取全部所需数据。
[2026-04-11 08:59:12] [SUCCESS] bvid=BV1aRSXBFEV4 已成功抓取全部所需数据。
[2026-04-11 08:59:19] [SUCCESS] bvid=BV1bTSdBfEvN 已成功抓取全部所需数据。
[2026-04-11 08:59:25] [SUCCESS] bvid=BV1xGSdBxEWL 已成功抓取全部所需数据。
[2026-04-11 08:59:32] [SUCCESS] bvid=BV14GSdBxE7N 已成功抓取全部所需数据。
[2026-04-11 08:59:39] [SUCCESS] bvid=BV15MSDB9Ecg 已成功抓取全部所需数据。
[2026-04-11 08:59:46] [SUCCESS] bvid=BV11jSdBXEM3 已成功抓取全部所需数据。
[2026-04-11 08:59:52] [SUCCESS] bvid=BV1buSdBtENY 已成功抓取全部所需数据。
[2026-04-11 08:59:59] [SUCCESS] bvid=BV1tuSdBtEdS 已成功抓取全部所需数据。
[2026-04-11 09:00:05] [SUCCESS] bvid=BV1muSdBtEF5 已成功抓取全部所需数据。
[2026-04-11 09:00:12] [SUCCESS] bvid=BV1KWSDBCEmB 已成功抓取全部所需数据。
[2026-04-11 09:00:18] [SUCCESS] bvid=BV1sjSdBXEVW 已成功抓取全部所需数据。
[2026-04-11 09:00:25] [SUCCESS] bvid=BV1CjSdBXE22 已成功抓取全部所需数据。
[2026-04-11 09:00:37] [SUCCESS] bvid=BV1sjSdBXEFS 已成功抓取全部所需数据。
[2026-04-11 09:00:44] [SUCCESS] bvid=BV1pESdBHEm5 已成功抓取全部所需数据。
[2026-04-11 09:00:50] [SUCCESS] bvid=BV1QM9TBBEjg 已成功抓取全部所需数据。
[2026-04-11 09:00:56] [SUCCESS] bvid=BV1WESdBHEFZ 已成功抓取全部所需数据。
[2026-04-11 09:01:03] [SUCCESS] bvid=BV1AESdBpE3K 已成功抓取全部所需数据。
[2026-04-11 09:01:09] [SUCCESS] bvid=BV12VSdBRE4a 已成功抓取全部所需数据。
[2026-04-11 09:01:14] [SUCCESS] bvid=BV1sVSdBREhe 已成功抓取全部所需数据。
[2026-04-11 09:01:19] [SUCCESS] bvid=BV1sLSdBWESE 已成功抓取全部所需数据。
[2026-04-11 09:01:24] [SUCCESS] bvid=BV1yLSdBWEoR 已成功抓取全部所需数据。
[2026-04-11 09:01:24] [INFO] 当前 batch_crawl 已完成，所有视频均已成功抓取。
[2026-04-11 09:01:24] 子任务结束时间：2026-04-11T09:01:24.954568
[TIMESTAMP][END] 2026-04-11T09:01:24
