[TIMESTAMP][BEGIN] 2026-04-11T05:35:41
[2026-04-11 05:35:44] 开始执行 CSV 批量抓取子任务 part_16。
[2026-04-11 05:35:44] 子任务开始时间：2026-04-11T05:35:41.898163
[2026-04-11 05:35:44] 输入文件：batch_input_16.csv
[2026-04-11 05:35:44] 输入唯一 bvid 数量：100
[2026-04-11 05:35:44] 为严格按 CSV 顺序判断连续失败阈值，本次任务自动将并发度从 2 调整为 1。
[2026-04-11 05:35:49] [SUCCESS] bvid=BV1NiD7BJEY7 已成功抓取全部所需数据。
[2026-04-11 05:35:54] [SUCCESS] bvid=BV1CiD7BJExQ 已成功抓取全部所需数据。
[2026-04-11 05:35:59] [SUCCESS] bvid=BV1AqD7BUEYv 已成功抓取全部所需数据。
[2026-04-11 05:36:04] [SUCCESS] bvid=BV1AqD7BUEjj 已成功抓取全部所需数据。
[2026-04-11 05:36:09] [SUCCESS] bvid=BV1sqD7BUENu 已成功抓取全部所需数据。
[2026-04-11 05:36:14] [SUCCESS] bvid=BV1PqD7BUErS 已成功抓取全部所需数据。
[2026-04-11 05:36:35] [SUCCESS] bvid=BV1ckD7BjEPc 已成功抓取全部所需数据。
[2026-04-11 05:36:40] [SUCCESS] bvid=BV1F1D7BVEQ7 已成功抓取全部所需数据。
[2026-04-11 05:36:45] [SUCCESS] bvid=BV1f2D7BrEfV 已成功抓取全部所需数据。
[2026-04-11 05:36:50] [SUCCESS] bvid=BV1nkD7BLEPJ 已成功抓取全部所需数据。
[2026-04-11 05:36:55] [SUCCESS] bvid=BV1F2D7BkEhW 已成功抓取全部所需数据。
[2026-04-11 05:37:00] [SUCCESS] bvid=BV1P49uBNEvZ 已成功抓取全部所需数据。
[2026-04-11 05:37:05] [SUCCESS] bvid=BV1E2D7BkEmj 已成功抓取全部所需数据。
[2026-04-11 05:37:11] [SUCCESS] bvid=BV1rkD7BLEEC 已成功抓取全部所需数据。
[2026-04-11 05:37:16] [SUCCESS] bvid=BV1HkD7BLES5 已成功抓取全部所需数据。
[2026-04-11 05:37:21] [SUCCESS] bvid=BV1ckD7BLEA8 已成功抓取全部所需数据。
[2026-04-11 05:37:26] [SUCCESS] bvid=BV1wkD7BLEms 已成功抓取全部所需数据。
[2026-04-11 05:37:32] [SUCCESS] bvid=BV1y3DjB2E9d 已成功抓取全部所需数据。
[2026-04-11 05:37:37] [SUCCESS] bvid=BV1XrDrBAEYH 已成功抓取全部所需数据。
[2026-04-11 05:37:42] [SUCCESS] bvid=BV1xbDLBjEu5 已成功抓取全部所需数据。
[2026-04-11 05:37:47] [SUCCESS] bvid=BV1fyDLBNEr2 已成功抓取全部所需数据。
[2026-04-11 05:37:52] [SUCCESS] bvid=BV1kHDEBmErp 已成功抓取全部所需数据。
[2026-04-11 05:47:58] [SUCCESS] bvid=BV19qDjBfEJ2 已成功抓取全部所需数据。
[2026-04-11 05:48:03] [SUCCESS] bvid=BV1ioD6BPE8N 已成功抓取全部所需数据。
[2026-04-11 05:48:09] [SUCCESS] bvid=BV1HCD7ByExk 已成功抓取全部所需数据。
[2026-04-11 05:48:14] [SUCCESS] bvid=BV1xLDEBXEAr 已成功抓取全部所需数据。
[2026-04-11 05:48:19] [SUCCESS] bvid=BV1TGDEBREqU 已成功抓取全部所需数据。
[2026-04-11 05:48:24] [SUCCESS] bvid=BV1yLDEBQEze 已成功抓取全部所需数据。
[2026-04-11 05:48:29] [SUCCESS] bvid=BV1xLDEBXEeV 已成功抓取全部所需数据。
[2026-04-11 05:48:34] [SUCCESS] bvid=BV1y7DEBnEcj 已成功抓取全部所需数据。
[2026-04-11 05:48:39] [SUCCESS] bvid=BV1N7DEBHEHp 已成功抓取全部所需数据。
[2026-04-11 05:48:44] [SUCCESS] bvid=BV1C7DEBnEyj 已成功抓取全部所需数据。
[2026-04-11 05:48:49] [SUCCESS] bvid=BV1s7DEBHEc3 已成功抓取全部所需数据。
[2026-04-11 05:48:54] [SUCCESS] bvid=BV1NGDEBREkX 已成功抓取全部所需数据。
[2026-04-11 05:48:59] [SUCCESS] bvid=BV11GDEB9E5j 已成功抓取全部所需数据。
[2026-04-11 05:49:04] [SUCCESS] bvid=BV15DDiBQEq6 已成功抓取全部所需数据。
[2026-04-11 05:49:09] [SUCCESS] bvid=BV1TGDEBREY4 已成功抓取全部所需数据。
[2026-04-11 05:49:14] [SUCCESS] bvid=BV12GDEB9EAu 已成功抓取全部所需数据。
[2026-04-11 05:49:19] [SUCCESS] bvid=BV1K5DEBWEEC 已成功抓取全部所需数据。
[2026-04-11 05:49:24] [SUCCESS] bvid=BV1rHDEBmEfU 已成功抓取全部所需数据。
[2026-04-11 05:49:29] [SUCCESS] bvid=BV1N5DEBWE4j 已成功抓取全部所需数据。
[2026-04-11 05:49:34] [SUCCESS] bvid=BV125DEBpEvM 已成功抓取全部所需数据。
[2026-04-11 05:49:39] [SUCCESS] bvid=BV1gNDEB8E5b 已成功抓取全部所需数据。
[2026-04-11 05:49:44] [SUCCESS] bvid=BV1rHDEBmE4z 已成功抓取全部所需数据。
[2026-04-11 05:49:49] [SUCCESS] bvid=BV1kHDEBmEUr 已成功抓取全部所需数据。
[2026-04-11 05:49:53] [SUCCESS] bvid=BV1kHDEBUEM8 已成功抓取全部所需数据。
[2026-04-11 05:49:58] [SUCCESS] bvid=BV1AHDEBUE3G 已成功抓取全部所需数据。
[2026-04-11 05:50:03] [SUCCESS] bvid=BV1kHDEBmEzt 已成功抓取全部所需数据。
[2026-04-11 05:50:08] [SUCCESS] bvid=BV1wWDEB7EL9 已成功抓取全部所需数据。
[2026-04-11 05:50:13] [SUCCESS] bvid=BV1yEDEBSExb 已成功抓取全部所需数据。
[2026-04-11 05:50:18] [SUCCESS] bvid=BV1AEDEBDEqJ 已成功抓取全部所需数据。
[2026-04-11 05:50:23] [SUCCESS] bvid=BV1yEDEBSEVJ 已成功抓取全部所需数据。
[2026-04-11 05:50:28] [SUCCESS] bvid=BV1knDEBEE71 已成功抓取全部所需数据。
[2026-04-11 05:50:33] [SUCCESS] bvid=BV1DPDEBFEW6 已成功抓取全部所需数据。
[2026-04-11 05:50:38] [SUCCESS] bvid=BV13PDEBcE9p 已成功抓取全部所需数据。
[2026-04-11 05:50:43] [SUCCESS] bvid=BV1gNDEB8EX5 已成功抓取全部所需数据。
[2026-04-11 05:50:48] [SUCCESS] bvid=BV1RQDLB8E5A 已成功抓取全部所需数据。
[2026-04-11 05:50:53] [SUCCESS] bvid=BV1UuDEBdEWd 已成功抓取全部所需数据。
[2026-04-11 05:50:58] [SUCCESS] bvid=BV1UuDEBdECY 已成功抓取全部所需数据。
[2026-04-11 05:51:03] [SUCCESS] bvid=BV1muDEBdEuF 已成功抓取全部所需数据。
[2026-04-11 05:51:08] [SUCCESS] bvid=BV1t3DEBxEfA 已成功抓取全部所需数据。
[2026-04-11 05:51:13] [SUCCESS] bvid=BV1UuDEBoExr 已成功抓取全部所需数据。
[2026-04-11 05:51:18] [SUCCESS] bvid=BV123DEBsE8L 已成功抓取全部所需数据。
[2026-04-11 05:51:23] [SUCCESS] bvid=BV123DEBsEYt 已成功抓取全部所需数据。
[2026-04-11 05:51:28] [SUCCESS] bvid=BV1rJDjB3EFX 已成功抓取全部所需数据。
[2026-04-11 05:51:33] [SUCCESS] bvid=BV1LDDLBwEJn 已成功抓取全部所需数据。
[2026-04-11 05:51:38] [SUCCESS] bvid=BV15YDjBYEJZ 已成功抓取全部所需数据。
[2026-04-11 05:51:43] [SUCCESS] bvid=BV1ZeDuBmEDj 已成功抓取全部所需数据。
[2026-04-11 05:51:48] [SUCCESS] bvid=BV1MpDLBnEt7 已成功抓取全部所需数据。
[2026-04-11 05:51:53] [SUCCESS] bvid=BV1cWDrB1Et5 已成功抓取全部所需数据。
[2026-04-11 05:51:58] [SUCCESS] bvid=BV1uKDEBfE4e 已成功抓取全部所需数据。
[2026-04-11 05:52:03] [SUCCESS] bvid=BV1U3DEBsE3N 已成功抓取全部所需数据。
[2026-04-11 05:52:08] [SUCCESS] bvid=BV1UKDEBZEQp 已成功抓取全部所需数据。
[2026-04-11 05:52:14] [SUCCESS] bvid=BV1bKDEBfEog 已成功抓取全部所需数据。
[2026-04-11 05:52:19] [SUCCESS] bvid=BV1SKDEBZE94 已成功抓取全部所需数据。
[2026-04-11 05:52:24] [SUCCESS] bvid=BV1uMDEBtEaZ 已成功抓取全部所需数据。
[2026-04-11 05:52:29] [SUCCESS] bvid=BV18MDEBtE7E 已成功抓取全部所需数据。
[2026-04-11 05:52:34] [SUCCESS] bvid=BV1MMDEBtEfH 已成功抓取全部所需数据。
[2026-04-11 05:52:39] [SUCCESS] bvid=BV1uMDEBtEx6 已成功抓取全部所需数据。
[2026-04-11 05:52:44] [SUCCESS] bvid=BV1bWDLBSEBB 已成功抓取全部所需数据。
[2026-04-11 05:52:48] [SUCCESS] bvid=BV1tpDLBnERW 已成功抓取全部所需数据。
[2026-04-11 05:52:54] [SUCCESS] bvid=BV1mxDLBEELD 已成功抓取全部所需数据。
[2026-04-11 05:52:58] [SUCCESS] bvid=BV1MxDLBEE3q 已成功抓取全部所需数据。
[2026-04-11 05:53:03] [SUCCESS] bvid=BV1txDLBEEnp 已成功抓取全部所需数据。
[2026-04-11 05:53:09] [SUCCESS] bvid=BV1upDLBnEUE 已成功抓取全部所需数据。
[2026-04-11 05:53:13] [SUCCESS] bvid=BV1TxDLBEEqv 已成功抓取全部所需数据。
[2026-04-11 05:53:18] [SUCCESS] bvid=BV18nDLBQEfE 已成功抓取全部所需数据。
[2026-04-11 05:53:23] [SUCCESS] bvid=BV13nDLBXEHt 已成功抓取全部所需数据。
[2026-04-11 05:53:28] [SUCCESS] bvid=BV1e3DLBZEL9 已成功抓取全部所需数据。
[2026-04-11 05:53:33] [SUCCESS] bvid=BV1KbDLBjEAN 已成功抓取全部所需数据。
[2026-04-11 05:53:38] [SUCCESS] bvid=BV118DLB1EVJ 已成功抓取全部所需数据。
[2026-04-11 05:53:43] [SUCCESS] bvid=BV118DLB1ENA 已成功抓取全部所需数据。
[2026-04-11 05:53:48] [SUCCESS] bvid=BV1T4DLBmEX5 已成功抓取全部所需数据。
[2026-04-11 05:53:53] [SUCCESS] bvid=BV1W8DLB1EQ1 已成功抓取全部所需数据。
[2026-04-11 05:53:58] [SUCCESS] bvid=BV1P8DLB1EQJ 已成功抓取全部所需数据。
[2026-04-11 05:54:04] [SUCCESS] bvid=BV1omDLBAENW 已成功抓取全部所需数据。
[2026-04-11 05:54:09] [SUCCESS] bvid=BV1K8DLB1E57 已成功抓取全部所需数据。
[2026-04-11 05:54:14] [SUCCESS] bvid=BV1KbDLBjEwu 已成功抓取全部所需数据。
[2026-04-11 05:54:19] [SUCCESS] bvid=BV1M4DLBmEFc 已成功抓取全部所需数据。
[2026-04-11 05:54:24] [SUCCESS] bvid=BV1KbDLBjEm5 已成功抓取全部所需数据。
[2026-04-11 05:54:24] [INFO] 当前 batch_crawl 已完成，所有视频均已成功抓取。
[2026-04-11 05:54:24] 子任务结束时间：2026-04-11T05:54:24.115194
[TIMESTAMP][END] 2026-04-11T05:54:24
