[TIMESTAMP][BEGIN] 2026-04-11T06:19:13
[2026-04-11 06:19:15] 开始执行 CSV 批量抓取子任务 part_20。
[2026-04-11 06:19:15] 子任务开始时间：2026-04-11T06:19:13.534214
[2026-04-11 06:19:15] 输入文件：batch_input_20.csv
[2026-04-11 06:19:15] 输入唯一 bvid 数量：100
[2026-04-11 06:19:15] 为严格按 CSV 顺序判断连续失败阈值，本次任务自动将并发度从 2 调整为 1。
[2026-04-11 06:19:20] [SUCCESS] bvid=BV11MDjBUEo9 已成功抓取全部所需数据。
[2026-04-11 06:19:25] [SUCCESS] bvid=BV1SPDjBHEUs 已成功抓取全部所需数据。
[2026-04-11 06:19:31] [SUCCESS] bvid=BV18kDjBxEC3 已成功抓取全部所需数据。
[2026-04-11 06:19:36] [SUCCESS] bvid=BV1UPDjBHEct 已成功抓取全部所需数据。
[2026-04-11 06:19:41] [SUCCESS] bvid=BV1UPDjBHE68 已成功抓取全部所需数据。
[2026-04-11 06:19:46] [SUCCESS] bvid=BV1gPDjBpENs 已成功抓取全部所需数据。
[2026-04-11 06:19:51] [SUCCESS] bvid=BV1mPDjBHEYx 已成功抓取全部所需数据。
[2026-04-11 06:19:56] [SUCCESS] bvid=BV1gPDjBpEFN 已成功抓取全部所需数据。
[2026-04-11 06:20:01] [SUCCESS] bvid=BV1BwDiBsEFm 已成功抓取全部所需数据。
[2026-04-11 06:20:06] [SUCCESS] bvid=BV1uNDjBQEsa 已成功抓取全部所需数据。
[2026-04-11 06:20:11] [SUCCESS] bvid=BV1UNDjBDEpV 已成功抓取全部所需数据。
[2026-04-11 06:20:16] [SUCCESS] bvid=BV1aqDjBfEE5 已成功抓取全部所需数据。
[2026-04-11 06:20:21] [SUCCESS] bvid=BV1aqDjBfEXz 已成功抓取全部所需数据。
[2026-04-11 06:20:26] [SUCCESS] bvid=BV1eqDjBfEFn 已成功抓取全部所需数据。
[2026-04-11 06:20:32] [SUCCESS] bvid=BV1YqDjBfEq1 已成功抓取全部所需数据。
[2026-04-11 06:20:37] [SUCCESS] bvid=BV1azDjBtEXk 已成功抓取全部所需数据。
[2026-04-11 06:20:42] [SUCCESS] bvid=BV19qDjBfE3o 已成功抓取全部所需数据。
[2026-04-11 06:20:47] [SUCCESS] bvid=BV1Q6DjBoEhv 已成功抓取全部所需数据。
[2026-04-11 06:20:52] [SUCCESS] bvid=BV1hzDjBtEaM 已成功抓取全部所需数据。
[2026-04-11 06:20:57] [SUCCESS] bvid=BV1RvDjBcEX6 已成功抓取全部所需数据。
[2026-04-11 06:21:03] [SUCCESS] bvid=BV1vvDjBcEEF 已成功抓取全部所需数据。
[2026-04-11 06:21:07] [SUCCESS] bvid=BV19vDjBcEh7 已成功抓取全部所需数据。
[2026-04-11 06:21:13] [SUCCESS] bvid=BV1YiDjB8EK9 已成功抓取全部所需数据。
[2026-04-11 06:21:18] [SUCCESS] bvid=BV1evDjBcETw 已成功抓取全部所需数据。
[2026-04-11 06:21:23] [SUCCESS] bvid=BV15vDjBwEK2 已成功抓取全部所需数据。
[2026-04-11 06:21:28] [SUCCESS] bvid=BV1RiDjB8Eue 已成功抓取全部所需数据。
[2026-04-11 06:21:33] [SUCCESS] bvid=BV1YvDjBcEDK 已成功抓取全部所需数据。
[2026-04-11 06:21:38] [SUCCESS] bvid=BV1evDjBcEuD 已成功抓取全部所需数据。
[2026-04-11 06:21:43] [SUCCESS] bvid=BV1GiDjBhE4q 已成功抓取全部所需数据。
[2026-04-11 06:21:49] [SUCCESS] bvid=BV1RzDrBeE9M 已成功抓取全部所需数据。
[2026-04-11 06:21:54] [SUCCESS] bvid=BV19iDjB8E28 已成功抓取全部所需数据。
[2026-04-11 06:22:00] [SUCCESS] bvid=BV1eiDjBhE12 已成功抓取全部所需数据。
[2026-04-11 06:22:05] [SUCCESS] bvid=BV1YiDjB8ETv 已成功抓取全部所需数据。
[2026-04-11 06:22:10] [SUCCESS] bvid=BV1YiDjB8ESh 已成功抓取全部所需数据。
[2026-04-11 06:22:15] [SUCCESS] bvid=BV1eiDjB8EAg 已成功抓取全部所需数据。
[2026-04-11 06:22:20] [SUCCESS] bvid=BV1bCDjBREm8 已成功抓取全部所需数据。
[2026-04-11 06:22:25] [SUCCESS] bvid=BV1AcDkBnErE 已成功抓取全部所需数据。
[2026-04-11 06:22:30] [SUCCESS] bvid=BV1bCDjBREya 已成功抓取全部所需数据。
[2026-04-11 06:22:35] [SUCCESS] bvid=BV1bCDjBRECQ 已成功抓取全部所需数据。
[2026-04-11 06:22:40] [SUCCESS] bvid=BV1b1DjBWEdu 已成功抓取全部所需数据。
[2026-04-11 06:22:45] [SUCCESS] bvid=BV1BYDaBmELa 已成功抓取全部所需数据。
[2026-04-11 06:22:50] [SUCCESS] bvid=BV1BYDaBmE6y 已成功抓取全部所需数据。
[2026-04-11 06:22:55] [SUCCESS] bvid=BV1i4DjBiE2Y 已成功抓取全部所需数据。
[2026-04-11 06:23:00] [SUCCESS] bvid=BV1ZiDuBjE8i 已成功抓取全部所需数据。
[2026-04-11 06:23:05] [SUCCESS] bvid=BV1HYDiBPEU6 已成功抓取全部所需数据。
[2026-04-11 06:23:10] [SUCCESS] bvid=BV1cNDkBmEhZ 已成功抓取全部所需数据。
[2026-04-11 06:23:15] [SUCCESS] bvid=BV16xSdB2Eax 已成功抓取全部所需数据。
[2026-04-11 06:23:20] [SUCCESS] bvid=BV1rPDkB7E3H 已成功抓取全部所需数据。
[2026-04-11 06:23:25] [SUCCESS] bvid=BV1t1DjBWEyC 已成功抓取全部所需数据。
[2026-04-11 06:23:30] [SUCCESS] bvid=BV1h6DjBoEGu 已成功抓取全部所需数据。
[2026-04-11 06:23:34] [SUCCESS] bvid=BV1Q6DjBoEit 已成功抓取全部所需数据。
[2026-04-11 06:23:39] [SUCCESS] bvid=BV1hkDjBxE8z 已成功抓取全部所需数据。
[2026-04-11 06:23:44] [SUCCESS] bvid=BV1BxDjBTEwH 已成功抓取全部所需数据。
[2026-04-11 06:23:48] [SUCCESS] bvid=BV13kDjB4ESC 已成功抓取全部所需数据。
[2026-04-11 06:23:53] [SUCCESS] bvid=BV1hkDjBxEJN 已成功抓取全部所需数据。
[2026-04-11 06:23:58] [SUCCESS] bvid=BV1cpDjBgEJY 已成功抓取全部所需数据。
[2026-04-11 06:24:03] [SUCCESS] bvid=BV1BxDjBTExK 已成功抓取全部所需数据。
[2026-04-11 06:24:08] [SUCCESS] bvid=BV1FxDjBME5p 已成功抓取全部所需数据。
[2026-04-11 06:24:13] [SUCCESS] bvid=BV1zpDjBuEXS 已成功抓取全部所需数据。
[2026-04-11 06:24:18] [SUCCESS] bvid=BV1fWDjBBEiV 已成功抓取全部所需数据。
[2026-04-11 06:24:36] [SUCCESS] bvid=BV16pDjBuEqz 已成功抓取全部所需数据。
[2026-04-11 06:24:53] [SUCCESS] bvid=BV1zpDjBuEUY 已成功抓取全部所需数据。
[2026-04-11 06:25:10] [SUCCESS] bvid=BV16pDjBuEw9 已成功抓取全部所需数据。
[2026-04-11 06:25:27] [SUCCESS] bvid=BV1BWDjBBEr2 已成功抓取全部所需数据。
[2026-04-11 06:25:45] [SUCCESS] bvid=BV1daDjBAEt7 已成功抓取全部所需数据。
[2026-04-11 06:26:03] [SUCCESS] bvid=BV1FWDjBzEUA 已成功抓取全部所需数据。
[2026-04-11 06:26:20] [SUCCESS] bvid=BV1euDiBSE9V 已成功抓取全部所需数据。
[2026-04-11 06:26:38] [SUCCESS] bvid=BV1c3DgBWExG 已成功抓取全部所需数据。
[2026-04-11 06:26:49] [SUCCESS] bvid=BV1eYDjBaEpx 已成功抓取全部所需数据。
[2026-04-11 06:26:54] [SUCCESS] bvid=BV1vaDjBAEfH 已成功抓取全部所需数据。
[2026-04-11 06:26:59] [SUCCESS] bvid=BV1eYDjBaE64 已成功抓取全部所需数据。
[2026-04-11 06:27:04] [SUCCESS] bvid=BV1eYDjBaEZm 已成功抓取全部所需数据。
[2026-04-11 06:27:09] [SUCCESS] bvid=BV1BbDjBNE7F 已成功抓取全部所需数据。
[2026-04-11 06:27:13] [SUCCESS] bvid=BV1eYDjBaEmg 已成功抓取全部所需数据。
[2026-04-11 06:27:18] [SUCCESS] bvid=BV1q8DjBeEgB 已成功抓取全部所需数据。
[2026-04-11 06:27:23] [SUCCESS] bvid=BV1jbDjBKE9A 已成功抓取全部所需数据。
[2026-04-11 06:27:28] [SUCCESS] bvid=BV1L8DjBvER1 已成功抓取全部所需数据。
[2026-04-11 06:27:33] [SUCCESS] bvid=BV1q8DjBeETM 已成功抓取全部所需数据。
[2026-04-11 06:27:38] [SUCCESS] bvid=BV1eoD6BPELV 已成功抓取全部所需数据。
[2026-04-11 06:27:43] [SUCCESS] bvid=BV1joD6BPEFs 已成功抓取全部所需数据。
[2026-04-11 06:27:47] [SUCCESS] bvid=BV15ZD6BYEUb 已成功抓取全部所需数据。
[2026-04-11 06:27:52] [SUCCESS] bvid=BV1RZD6BYEye 已成功抓取全部所需数据。
[2026-04-11 06:27:57] [SUCCESS] bvid=BV1j9D6BKEJP 已成功抓取全部所需数据。
[2026-04-11 06:28:02] [SUCCESS] bvid=BV1cEDzB3E2B 已成功抓取全部所需数据。
[2026-04-11 06:28:08] [SUCCESS] bvid=BV1q9D6BKEpb 已成功抓取全部所需数据。
[2026-04-11 06:28:13] [SUCCESS] bvid=BV179D6BKEAL 已成功抓取全部所需数据。
[2026-04-11 06:28:18] [SUCCESS] bvid=BV1o9D6BKEkK 已成功抓取全部所需数据。
[2026-04-11 06:28:23] [SUCCESS] bvid=BV1q9D6BKEWq 已成功抓取全部所需数据。
[2026-04-11 06:28:28] [SUCCESS] bvid=BV1jRD6BvEpH 已成功抓取全部所需数据。
[2026-04-11 06:28:33] [SUCCESS] bvid=BV1DEDiBCEwE 已成功抓取全部所需数据。
[2026-04-11 06:28:38] [SUCCESS] bvid=BV1dRD6BvEfE 已成功抓取全部所需数据。
[2026-04-11 06:28:43] [SUCCESS] bvid=BV1LRD6BvEsF 已成功抓取全部所需数据。
[2026-04-11 06:28:48] [SUCCESS] bvid=BV1aADrBFEMw 已成功抓取全部所需数据。
[2026-04-11 06:28:53] [SUCCESS] bvid=BV1GADrBFEFs 已成功抓取全部所需数据。
[2026-04-11 06:28:58] [SUCCESS] bvid=BV1GADrBFEf1 已成功抓取全部所需数据。
[2026-04-11 06:29:05] [SUCCESS] bvid=BV1gPDrBbE1e 已成功抓取全部所需数据。
[2026-04-11 06:29:10] [SUCCESS] bvid=BV13PDrBbEQr 已成功抓取全部所需数据。
[2026-04-11 06:29:15] [SUCCESS] bvid=BV13PDrBbEh5 已成功抓取全部所需数据。
[2026-04-11 06:29:20] [SUCCESS] bvid=BV16yD6BGE29 已成功抓取全部所需数据。
[2026-04-11 06:29:25] [SUCCESS] bvid=BV15FDrBwE5L 已成功抓取全部所需数据。
[2026-04-11 06:29:25] [INFO] 当前 batch_crawl 已完成，所有视频均已成功抓取。
[2026-04-11 06:29:25] 子任务结束时间：2026-04-11T06:29:25.106678
[TIMESTAMP][END] 2026-04-11T06:29:25
