[TIMESTAMP][BEGIN] 2026-04-11T03:17:11
[2026-04-11 03:17:13] 开始执行 CSV 批量抓取子任务 part_5。
[2026-04-11 03:17:13] 子任务开始时间：2026-04-11T03:17:11.030670
[2026-04-11 03:17:13] 输入文件：batch_input_5.csv
[2026-04-11 03:17:13] 输入唯一 bvid 数量：100
[2026-04-11 03:17:13] 为严格按 CSV 顺序判断连续失败阈值，本次任务自动将并发度从 2 调整为 1。
[2026-04-11 03:17:18] [SUCCESS] bvid=BV1bCQFByEFt 已成功抓取全部所需数据。
[2026-04-11 03:17:23] [SUCCESS] bvid=BV1gCQFByEFp 已成功抓取全部所需数据。
[2026-04-11 03:17:28] [SUCCESS] bvid=BV1sQQFBuE9y 已成功抓取全部所需数据。
[2026-04-11 03:17:33] [SUCCESS] bvid=BV1PXQFBBE6u 已成功抓取全部所需数据。
[2026-04-11 03:17:38] [SUCCESS] bvid=BV14UQFB3Ede 已成功抓取全部所需数据。
[2026-04-11 03:17:43] [SUCCESS] bvid=BV15YQFBHE8C 已成功抓取全部所需数据。
[2026-04-11 03:17:48] [SUCCESS] bvid=BV1VYQFBpEHA 已成功抓取全部所需数据。
[2026-04-11 03:17:54] [SUCCESS] bvid=BV1eYQFBHEde 已成功抓取全部所需数据。
[2026-04-11 03:17:59] [SUCCESS] bvid=BV15YQFBHEQ5 已成功抓取全部所需数据。
[2026-04-11 03:18:04] [SUCCESS] bvid=BV1RYQFBHEii 已成功抓取全部所需数据。
[2026-04-11 03:18:09] [SUCCESS] bvid=BV15eQFBDEK9 已成功抓取全部所需数据。
[2026-04-11 03:18:14] [SUCCESS] bvid=BV15eQFBQEEb 已成功抓取全部所需数据。
[2026-04-11 03:18:19] [SUCCESS] bvid=BV1j8QFBWELA 已成功抓取全部所需数据。
[2026-04-11 03:18:24] [SUCCESS] bvid=BV1v8QFBWEnS 已成功抓取全部所需数据。
[2026-04-11 03:18:30] [SUCCESS] bvid=BV15hQFBXEuv 已成功抓取全部所需数据。
[2026-04-11 03:18:36] [SUCCESS] bvid=BV1GzQFB7E58 已成功抓取全部所需数据。
[2026-04-11 03:18:41] [SUCCESS] bvid=BV1eiQFBJEgq 已成功抓取全部所需数据。
[2026-04-11 03:18:46] [SUCCESS] bvid=BV1RMDfBUEhT 已成功抓取全部所需数据。
[2026-04-11 03:18:51] [SUCCESS] bvid=BV1GiQFBJEn5 已成功抓取全部所需数据。
[2026-04-11 03:18:56] [SUCCESS] bvid=BV1GiQFBJEK3 已成功抓取全部所需数据。
[2026-04-11 03:19:02] [SUCCESS] bvid=BV1WNDYBdE75 已成功抓取全部所需数据。
[2026-04-11 03:19:07] [SUCCESS] bvid=BV1PhD4ByEom 已成功抓取全部所需数据。
[2026-04-11 03:19:12] [SUCCESS] bvid=BV1JcQcBAEor 已成功抓取全部所需数据。
[2026-04-11 03:19:17] [SUCCESS] bvid=BV1AZQFBNEV5 已成功抓取全部所需数据。
[2026-04-11 03:19:22] [SUCCESS] bvid=BV1j3QcBxELp 已成功抓取全部所需数据。
[2026-04-11 03:19:28] [SUCCESS] bvid=BV1EMQcBtEM4 已成功抓取全部所需数据。
[2026-04-11 03:19:32] [SUCCESS] bvid=BV19LQcBQEJq 已成功抓取全部所需数据。
[2026-04-11 03:19:38] [SUCCESS] bvid=BV1AZQFBNEnw 已成功抓取全部所需数据。
[2026-04-11 03:19:43] [SUCCESS] bvid=BV1fNQcBbEBX 已成功抓取全部所需数据。
[2026-04-11 03:19:49] [SUCCESS] bvid=BV1X3DfB2EZN 已成功抓取全部所需数据。
[2026-04-11 03:19:54] [SUCCESS] bvid=BV197QcBnEcx 已成功抓取全部所需数据。
[2026-04-11 03:19:59] [SUCCESS] bvid=BV1R5QcBpEB7 已成功抓取全部所需数据。
[2026-04-11 03:20:04] [SUCCESS] bvid=BV1EPQcBcEmU 已成功抓取全部所需数据。
[2026-04-11 03:20:09] [SUCCESS] bvid=BV1wfQFBeE59 已成功抓取全部所需数据。
[2026-04-11 03:20:14] [SUCCESS] bvid=BV1wnDrBmEjo 已成功抓取全部所需数据。
[2026-04-11 03:20:19] [SUCCESS] bvid=BV1WRQFBTE5Q 已成功抓取全部所需数据。
[2026-04-11 03:20:24] [SUCCESS] bvid=BV1sRQFBTEVo 已成功抓取全部所需数据。
[2026-04-11 03:20:29] [SUCCESS] bvid=BV1cRDZBbEUx 已成功抓取全部所需数据。
[2026-04-11 03:20:35] [SUCCESS] bvid=BV16PQcBcEjE 已成功抓取全部所需数据。
[2026-04-11 03:20:40] [SUCCESS] bvid=BV1nVDZB4EXb 已成功抓取全部所需数据。
[2026-04-11 03:20:45] [SUCCESS] bvid=BV1ENQcB8E4c 已成功抓取全部所需数据。
[2026-04-11 03:20:50] [SUCCESS] bvid=BV1fNQcBbEsu 已成功抓取全部所需数据。
[2026-04-11 03:20:55] [SUCCESS] bvid=BV1n7DZB9EgZ 已成功抓取全部所需数据。
[2026-04-11 03:21:00] [SUCCESS] bvid=BV1cwQcBaEWK 已成功抓取全部所需数据。
[2026-04-11 03:21:05] [SUCCESS] bvid=BV167DZB9EtL 已成功抓取全部所需数据。
[2026-04-11 03:31:13] [ERROR] bvid=BV1JJDZBpEuz 抓取失败：stat: Timeout of 600.0s exceeded, last exception: HTTPSConnectionPool(host='bigquery.googleapis.com', port=443): Max retries exceeded with url: /bigquery/v2/projects/bilibili-m2s2vp-research/datasets?prettyPrint=false (Caused by ProxyError('Unable to connect to proxy', RemoteDisconnected('Remote end closed connection without response')))
[2026-04-11 03:31:31] [SUCCESS] bvid=BV1EJDZBpEHN 已成功抓取全部所需数据。
[2026-04-11 03:31:45] [SUCCESS] bvid=BV1zJDZBpEqV 已成功抓取全部所需数据。
[2026-04-11 03:31:57] [SUCCESS] bvid=BV1n5DZBdEpD 已成功抓取全部所需数据。
[2026-04-11 03:32:09] [SUCCESS] bvid=BV1H5DZBdEsw 已成功抓取全部所需数据。
[2026-04-11 03:32:18] [SUCCESS] bvid=BV1H5DZBdENd 已成功抓取全部所需数据。
[2026-04-11 03:32:28] [SUCCESS] bvid=BV1H5DZBdEUK 已成功抓取全部所需数据。
[2026-04-11 03:32:39] [SUCCESS] bvid=BV1H5DZBdEj4 已成功抓取全部所需数据。
[2026-04-11 03:32:51] [SUCCESS] bvid=BV1LxDZBEEu6 已成功抓取全部所需数据。
[2026-04-11 03:33:00] [SUCCESS] bvid=BV1cjDZBxEnp 已成功抓取全部所需数据。
[2026-04-11 03:33:08] [SUCCESS] bvid=BV1k5DZBdEFp 已成功抓取全部所需数据。
[2026-04-11 03:33:18] [SUCCESS] bvid=BV1w5DZBoE5e 已成功抓取全部所需数据。
[2026-04-11 03:33:30] [SUCCESS] bvid=BV1JjDZBsE1n 已成功抓取全部所需数据。
[2026-04-11 03:33:50] [SUCCESS] bvid=BV1cjDZBxEtY 已成功抓取全部所需数据。
[2026-04-11 03:34:03] [SUCCESS] bvid=BV1JjDZBsEU7 已成功抓取全部所需数据。
[2026-04-11 03:34:15] [SUCCESS] bvid=BV1jWDZBSEo4 已成功抓取全部所需数据。
[2026-04-11 03:34:28] [SUCCESS] bvid=BV1qWDZBSEDG 已成功抓取全部所需数据。
[2026-04-11 03:34:40] [SUCCESS] bvid=BV1X7D4BpE5h 已成功抓取全部所需数据。
[2026-04-11 03:34:52] [SUCCESS] bvid=BV1oxDZBEEix 已成功抓取全部所需数据。
[2026-04-11 03:35:09] [SUCCESS] bvid=BV1EnDZBXEDc 已成功抓取全部所需数据。
[2026-04-11 03:35:25] [SUCCESS] bvid=BV1EnDZBQEGf 已成功抓取全部所需数据。
[2026-04-11 03:35:36] [SUCCESS] bvid=BV1BpDZBnEL4 已成功抓取全部所需数据。
[2026-04-11 03:35:47] [SUCCESS] bvid=BV17pDZBnE6s 已成功抓取全部所需数据。
[2026-04-11 03:36:03] [SUCCESS] bvid=BV1jpDZBnEb6 已成功抓取全部所需数据。
[2026-04-11 03:36:15] [SUCCESS] bvid=BV19GD4BdEGp 已成功抓取全部所需数据。
[2026-04-11 03:36:29] [SUCCESS] bvid=BV1k3DZBZEaX 已成功抓取全部所需数据。
[2026-04-11 03:36:39] [SUCCESS] bvid=BV1VaDZB5E8M 已成功抓取全部所需数据。
[2026-04-11 03:36:53] [SUCCESS] bvid=BV1MJDsB5EBo 已成功抓取全部所需数据。
[2026-04-11 03:37:03] [SUCCESS] bvid=BV1wXDxB6ESH 已成功抓取全部所需数据。
[2026-04-11 03:37:12] [SUCCESS] bvid=BV1j4DxBtEAo 已成功抓取全部所需数据。
[2026-04-11 03:37:26] [SUCCESS] bvid=BV1YQDoBrEae 已成功抓取全部所需数据。
[2026-04-11 03:37:40] [SUCCESS] bvid=BV1yTDZBhEs1 已成功抓取全部所需数据。
[2026-04-11 03:37:54] [SUCCESS] bvid=BV1KPDZBeEKt 已成功抓取全部所需数据。
[2026-04-11 03:38:05] [SUCCESS] bvid=BV11TDZBhEbi 已成功抓取全部所需数据。
[2026-04-11 03:38:16] [SUCCESS] bvid=BV1NTDZBaEDq 已成功抓取全部所需数据。
[2026-04-11 03:38:28] [SUCCESS] bvid=BV1MADZBNEbw 已成功抓取全部所需数据。
[2026-04-11 03:38:39] [SUCCESS] bvid=BV1xADZBPE1V 已成功抓取全部所需数据。
[2026-04-11 03:38:56] [SUCCESS] bvid=BV1LiDrBqE4Y 已成功抓取全部所需数据。
[2026-04-11 03:39:11] [SUCCESS] bvid=BV1RBDrBNELn 已成功抓取全部所需数据。
[2026-04-11 03:39:24] [SUCCESS] bvid=BV1zgDkBVET1 已成功抓取全部所需数据。
[2026-04-11 03:39:41] [SUCCESS] bvid=BV1MrDZBMEbK 已成功抓取全部所需数据。
[2026-04-11 03:39:53] [SUCCESS] bvid=BV1ZPDfBHEbc 已成功抓取全部所需数据。
[2026-04-11 03:40:07] [SUCCESS] bvid=BV1iTDfBnEd2 已成功抓取全部所需数据。
[2026-04-11 03:40:17] [SUCCESS] bvid=BV1gBDWBGEVG 已成功抓取全部所需数据。
[2026-04-11 03:40:29] [SUCCESS] bvid=BV1dRD7BKETX 已成功抓取全部所需数据。
[2026-04-11 03:40:40] [SUCCESS] bvid=BV1EPDfBpEM4 已成功抓取全部所需数据。
[2026-04-11 03:40:52] [SUCCESS] bvid=BV1PaDfBPEwM 已成功抓取全部所需数据。
[2026-04-11 03:41:07] [SUCCESS] bvid=BV1AoDtB1EXU 已成功抓取全部所需数据。
[2026-04-11 03:41:22] [SUCCESS] bvid=BV1MNDqBGEJL 已成功抓取全部所需数据。
[2026-04-11 03:41:48] [SUCCESS] bvid=BV18fDsB2EiL 已成功抓取全部所需数据。
[2026-04-11 03:42:08] [SUCCESS] bvid=BV1sUDZBYEPZ 已成功抓取全部所需数据。
[2026-04-11 03:42:26] [SUCCESS] bvid=BV1vDDLBwEwD 已成功抓取全部所需数据。
[2026-04-11 03:42:32] [SUCCESS] bvid=BV1nnDtBgEsW 已成功抓取全部所需数据。
[2026-04-11 03:42:38] [SUCCESS] bvid=BV12CDcBzEan 已成功抓取全部所需数据。
[2026-04-11 03:42:44] [SUCCESS] bvid=BV1KMDtBJEeB 已成功抓取全部所需数据。
[2026-04-11 03:42:44] [WARN] 当前子任务已结束，但仍有未成功抓取的视频，已导出 remaining CSV 供继续执行。
[2026-04-11 03:42:44] [INFO] 已导出剔除成功条目后的剩余 CSV：D:\Schoolworks\Thesis\Bilibili-Datahub\outputs\video_data\manual_crawls\manual_crawl_stat_comment_20260411_022942\remaining_bvids_part_5.csv
[2026-04-11 03:42:44] 子任务结束时间：2026-04-11T03:42:44.148716
[TIMESTAMP][END] 2026-04-11T03:42:44
