[TIMESTAMP][BEGIN] 2026-04-11T09:01:25
[2026-04-11 09:01:27] 开始执行 CSV 批量抓取子任务 part_39。
[2026-04-11 09:01:27] 子任务开始时间：2026-04-11T09:01:25.062856
[2026-04-11 09:01:27] 输入文件：batch_input_39.csv
[2026-04-11 09:01:27] 输入唯一 bvid 数量：100
[2026-04-11 09:01:27] 为严格按 CSV 顺序判断连续失败阈值，本次任务自动将并发度从 2 调整为 1。
[2026-04-11 09:01:32] [SUCCESS] bvid=BV1WLSdBWEoR 已成功抓取全部所需数据。
[2026-04-11 09:01:38] [SUCCESS] bvid=BV15tSQBfENa 已成功抓取全部所需数据。
[2026-04-11 09:01:44] [SUCCESS] bvid=BV19GSXBZEYw 已成功抓取全部所需数据。
[2026-04-11 09:01:49] [SUCCESS] bvid=BV1ceDVBNEvR 已成功抓取全部所需数据。
[2026-04-11 09:01:55] [SUCCESS] bvid=BV1k49TB4ESQ 已成功抓取全部所需数据。
[2026-04-11 09:02:00] [SUCCESS] bvid=BV1c99gBvEmk 已成功抓取全部所需数据。
[2026-04-11 09:02:05] [SUCCESS] bvid=BV1VfSRBKEEV 已成功抓取全部所需数据。
[2026-04-11 09:02:10] [SUCCESS] bvid=BV1XfSRBNESu 已成功抓取全部所需数据。
[2026-04-11 09:02:16] [SUCCESS] bvid=BV1XfSRBNETB 已成功抓取全部所需数据。
[2026-04-11 09:02:21] [SUCCESS] bvid=BV1aFSdBeEQU 已成功抓取全部所需数据。
[2026-04-11 09:02:26] [SUCCESS] bvid=BV1GFSdBvEQ4 已成功抓取全部所需数据。
[2026-04-11 09:02:32] [SUCCESS] bvid=BV1vdSRBTEcH 已成功抓取全部所需数据。
[2026-04-11 09:02:37] [SUCCESS] bvid=BV1VoSRBqELt 已成功抓取全部所需数据。
[2026-04-11 09:02:42] [SUCCESS] bvid=BV13NSdBwEG7 已成功抓取全部所需数据。
[2026-04-11 09:02:48] [SUCCESS] bvid=BV1CgD5BzE5x 已成功抓取全部所需数据。
[2026-04-11 09:02:53] [SUCCESS] bvid=BV1DASdBaEMM 已成功抓取全部所需数据。
[2026-04-11 09:02:58] [SUCCESS] bvid=BV1Fd9MBxEF9 已成功抓取全部所需数据。
[2026-04-11 09:02:59] [ERROR] bvid=BV1hNSdBcEwE 抓取失败：stat: 接口返回错误代码：62002，信息：稿件不可见。
{'code': 62002, 'message': '稿件不可见', 'ttl': 1} | comment: 接口返回错误代码：62002，信息：稿件不可见。
{'code': 62002, 'message': '稿件不可见', 'ttl': 1}
[2026-04-11 09:03:04] [SUCCESS] bvid=BV1SNSdBcEbX 已成功抓取全部所需数据。
[2026-04-11 09:03:09] [SUCCESS] bvid=BV18NSdBcEZd 已成功抓取全部所需数据。
[2026-04-11 09:03:15] [SUCCESS] bvid=BV1DNSdBcEtm 已成功抓取全部所需数据。
[2026-04-11 09:03:20] [SUCCESS] bvid=BV1bKSdB8EVF 已成功抓取全部所需数据。
[2026-04-11 09:03:20] [ERROR] bvid=BV18KSdB8EaN 抓取失败：stat: 接口返回错误代码：62002，信息：稿件不可见。
{'code': 62002, 'message': '稿件不可见', 'ttl': 1} | comment: 接口返回错误代码：62002，信息：稿件不可见。
{'code': 62002, 'message': '稿件不可见', 'ttl': 1}
[2026-04-11 09:03:25] [SUCCESS] bvid=BV16zSXBgE5q 已成功抓取全部所需数据。
[2026-04-11 09:03:31] [SUCCESS] bvid=BV1ViS9BwEd2 已成功抓取全部所需数据。
[2026-04-11 09:03:37] [SUCCESS] bvid=BV1bKSdB8Esr 已成功抓取全部所需数据。
[2026-04-11 09:03:42] [SUCCESS] bvid=BV18KSdB8ELk 已成功抓取全部所需数据。
[2026-04-11 09:03:48] [SUCCESS] bvid=BV1QwSdBAE2b 已成功抓取全部所需数据。
[2026-04-11 09:03:54] [SUCCESS] bvid=BV1hwSdBAEL9 已成功抓取全部所需数据。
[2026-04-11 09:03:59] [SUCCESS] bvid=BV1GMSDB9E1q 已成功抓取全部所需数据。
[2026-04-11 09:04:05] [SUCCESS] bvid=BV1XMSDBXE9M 已成功抓取全部所需数据。
[2026-04-11 09:04:11] [SUCCESS] bvid=BV1orSDBcE3Z 已成功抓取全部所需数据。
[2026-04-11 09:04:17] [SUCCESS] bvid=BV1irSDBcECc 已成功抓取全部所需数据。
[2026-04-11 09:04:22] [SUCCESS] bvid=BV1TY9LBsEQb 已成功抓取全部所需数据。
[2026-04-11 09:04:27] [SUCCESS] bvid=BV1KASSBuExm 已成功抓取全部所需数据。
[2026-04-11 09:04:33] [SUCCESS] bvid=BV1s5AMzdEQz 已成功抓取全部所需数据。
[2026-04-11 09:04:38] [SUCCESS] bvid=BV1zv9uBZEpR 已成功抓取全部所需数据。
[2026-04-11 09:04:44] [SUCCESS] bvid=BV1kKDgBdEfZ 已成功抓取全部所需数据。
[2026-04-11 09:04:49] [SUCCESS] bvid=BV1kYSDBiE5t 已成功抓取全部所需数据。
[2026-04-11 09:04:54] [SUCCESS] bvid=BV1XeSQBRELD 已成功抓取全部所需数据。
[2026-04-11 09:05:00] [SUCCESS] bvid=BV1awSdBAEtD 已成功抓取全部所需数据。
[2026-04-11 09:05:05] [SUCCESS] bvid=BV1uASdBYEXy 已成功抓取全部所需数据。
[2026-04-11 09:05:11] [SUCCESS] bvid=BV1hASdBaEq6 已成功抓取全部所需数据。
[2026-04-11 09:05:17] [SUCCESS] bvid=BV1vqSdBuEWM 已成功抓取全部所需数据。
[2026-04-11 09:05:24] [SUCCESS] bvid=BV1RvSdB6EB3 已成功抓取全部所需数据。
[2026-04-11 09:05:30] [SUCCESS] bvid=BV1LqSdBuEEZ 已成功抓取全部所需数据。
[2026-04-11 09:05:36] [SUCCESS] bvid=BV1veSdB3EqU 已成功抓取全部所需数据。
[2026-04-11 09:05:43] [SUCCESS] bvid=BV13CSdBNEUV 已成功抓取全部所需数据。
[2026-04-11 09:05:49] [SUCCESS] bvid=BV1GCSdBNExy 已成功抓取全部所需数据。
[2026-04-11 09:05:56] [SUCCESS] bvid=BV13rSdBiER7 已成功抓取全部所需数据。
[2026-04-11 09:06:02] [SUCCESS] bvid=BV1aCSdBNEF7 已成功抓取全部所需数据。
[2026-04-11 09:06:02] [ERROR] bvid=BV13CSdBNEFg 抓取失败：stat: 接口返回错误代码：62002，信息：稿件不可见。
{'code': 62002, 'message': '稿件不可见', 'ttl': 1} | comment: 接口返回错误代码：62002，信息：稿件不可见。
{'code': 62002, 'message': '稿件不可见', 'ttl': 1}
[2026-04-11 09:06:08] [SUCCESS] bvid=BV1H6XrBQEJr 已成功抓取全部所需数据。
[2026-04-11 09:06:14] [SUCCESS] bvid=BV13CSdBNEdY 已成功抓取全部所需数据。
[2026-04-11 09:06:21] [SUCCESS] bvid=BV19BSdBBErA 已成功抓取全部所需数据。
[2026-04-11 09:06:27] [SUCCESS] bvid=BV1VBSdBBE4Y 已成功抓取全部所需数据。
[2026-04-11 09:06:33] [SUCCESS] bvid=BV1eQSXBwEG3 已成功抓取全部所需数据。
[2026-04-11 09:06:40] [SUCCESS] bvid=BV1zbSdByEWw 已成功抓取全部所需数据。
[2026-04-11 09:06:46] [SUCCESS] bvid=BV1V6SdBMEud 已成功抓取全部所需数据。
[2026-04-11 09:06:52] [SUCCESS] bvid=BV1DnSRBcEAw 已成功抓取全部所需数据。
[2026-04-11 09:06:52] [ERROR] bvid=BV1npSdBUEn1 抓取失败：stat: 接口返回错误代码：62002，信息：稿件不可见。
{'code': 62002, 'message': '稿件不可见', 'ttl': 1} | comment: 接口返回错误代码：62002，信息：稿件不可见。
{'code': 62002, 'message': '稿件不可见', 'ttl': 1}
[2026-04-11 09:06:59] [SUCCESS] bvid=BV1nsSdB7ErM 已成功抓取全部所需数据。
[2026-04-11 09:07:05] [SUCCESS] bvid=BV1HsSdB7ENj 已成功抓取全部所需数据。
[2026-04-11 09:07:11] [SUCCESS] bvid=BV1kJSdBDEp9 已成功抓取全部所需数据。
[2026-04-11 09:07:11] [ERROR] bvid=BV1HJSdBDESz 抓取失败：stat: 接口返回错误代码：62002，信息：稿件不可见。
{'code': 62002, 'message': '稿件不可见', 'ttl': 1} | comment: 接口返回错误代码：62002，信息：稿件不可见。
{'code': 62002, 'message': '稿件不可见', 'ttl': 1}
[2026-04-11 09:07:17] [SUCCESS] bvid=BV1kJSdBDEL3 已成功抓取全部所需数据。
[2026-04-11 09:07:24] [SUCCESS] bvid=BV1HJSdBDEex 已成功抓取全部所需数据。
[2026-04-11 09:07:30] [SUCCESS] bvid=BV1nHSdBJE14 已成功抓取全部所需数据。
[2026-04-11 09:07:36] [SUCCESS] bvid=BV1HHSdBJEQh 已成功抓取全部所需数据。
[2026-04-11 09:07:43] [SUCCESS] bvid=BV1HHSdBJEQz 已成功抓取全部所需数据。
[2026-04-11 09:07:49] [SUCCESS] bvid=BV1pHSdBJEPZ 已成功抓取全部所需数据。
[2026-04-11 09:07:55] [SUCCESS] bvid=BV1ET9LBGEmR 已成功抓取全部所需数据。
[2026-04-11 09:08:01] [SUCCESS] bvid=BV1ADSSBKEjN 已成功抓取全部所需数据。
[2026-04-11 09:08:06] [SUCCESS] bvid=BV1RUDVB9Eru 已成功抓取全部所需数据。
[2026-04-11 09:08:11] [SUCCESS] bvid=BV1fwSXBvEWX 已成功抓取全部所需数据。
[2026-04-11 09:08:17] [SUCCESS] bvid=BV1XESRBaEhU 已成功抓取全部所需数据。
[2026-04-11 09:08:22] [SUCCESS] bvid=BV197SRBAEMD 已成功抓取全部所需数据。
[2026-04-11 09:08:27] [SUCCESS] bvid=BV17A9FBfEzR 已成功抓取全部所需数据。
[2026-04-11 09:08:33] [SUCCESS] bvid=BV1SjSDB7EE6 已成功抓取全部所需数据。
[2026-04-11 09:08:38] [SUCCESS] bvid=BV1SjSDB7ERY 已成功抓取全部所需数据。
[2026-04-11 09:08:43] [SUCCESS] bvid=BV1d2SXBvEmM 已成功抓取全部所需数据。
[2026-04-11 09:08:49] [SUCCESS] bvid=BV1zq9uB4EHQ 已成功抓取全部所需数据。
[2026-04-11 09:08:54] [SUCCESS] bvid=BV16zSXBgEhT 已成功抓取全部所需数据。
[2026-04-11 09:09:00] [SUCCESS] bvid=BV124SXBEE5k 已成功抓取全部所需数据。
[2026-04-11 09:09:05] [SUCCESS] bvid=BV1Sv9gBmEZT 已成功抓取全部所需数据。
[2026-04-11 09:09:11] [SUCCESS] bvid=BV1KmS9B9EZQ 已成功抓取全部所需数据。
[2026-04-11 09:09:16] [SUCCESS] bvid=BV197SRBAE7T 已成功抓取全部所需数据。
[2026-04-11 09:09:21] [SUCCESS] bvid=BV1CX9WBkEzi 已成功抓取全部所需数据。
[2026-04-11 09:09:26] [SUCCESS] bvid=BV1EbSdByELr 已成功抓取全部所需数据。
[2026-04-11 09:09:32] [SUCCESS] bvid=BV1jhSdBVE15 已成功抓取全部所需数据。
[2026-04-11 09:09:37] [SUCCESS] bvid=BV1EhSdB5EMP 已成功抓取全部所需数据。
[2026-04-11 09:09:42] [SUCCESS] bvid=BV1JxSdB2EZR 已成功抓取全部所需数据。
[2026-04-11 09:09:47] [SUCCESS] bvid=BV1ExSdB2E1D 已成功抓取全部所需数据。
[2026-04-11 09:09:52] [SUCCESS] bvid=BV1VYSQBxEAw 已成功抓取全部所需数据。
[2026-04-11 09:09:57] [SUCCESS] bvid=BV1AFSoBWE5U 已成功抓取全部所需数据。
[2026-04-11 09:10:02] [SUCCESS] bvid=BV1wFSoBWEZZ 已成功抓取全部所需数据。
[2026-04-11 09:10:08] [SUCCESS] bvid=BV1NoSdBxEEJ 已成功抓取全部所需数据。
[2026-04-11 09:10:13] [SUCCESS] bvid=BV1JYSUBfE3t 已成功抓取全部所需数据。
[2026-04-11 09:10:18] [SUCCESS] bvid=BV1soSdBxEes 已成功抓取全部所需数据。
[2026-04-11 09:10:23] [SUCCESS] bvid=BV1PZSdBREuq 已成功抓取全部所需数据。
[2026-04-11 09:10:23] [WARN] 当前子任务已结束，但仍有未成功抓取的视频，已导出 remaining CSV 供继续执行。
[2026-04-11 09:10:23] [INFO] 已导出剔除成功条目后的剩余 CSV：D:\Schoolworks\Thesis\Bilibili-Datahub\outputs\video_data\manual_crawls\manual_crawl_stat_comment_20260411_022942\remaining_bvids_part_39.csv
[2026-04-11 09:10:23] 子任务结束时间：2026-04-11T09:10:23.592881
[TIMESTAMP][END] 2026-04-11T09:10:23
