[TIMESTAMP][BEGIN] 2026-04-11T08:43:46
[2026-04-11 08:43:48] 开始执行 CSV 批量抓取子任务 part_37。
[2026-04-11 08:43:48] 子任务开始时间：2026-04-11T08:43:46.102469
[2026-04-11 08:43:48] 输入文件：batch_input_37.csv
[2026-04-11 08:43:48] 输入唯一 bvid 数量：100
[2026-04-11 08:43:48] 为严格按 CSV 顺序判断连续失败阈值，本次任务自动将并发度从 2 调整为 1。
[2026-04-11 08:43:53] [SUCCESS] bvid=BV1rkSoB9E68 已成功抓取全部所需数据。
[2026-04-11 08:43:58] [SUCCESS] bvid=BV12vSoBbEnJ 已成功抓取全部所需数据。
[2026-04-11 08:44:03] [SUCCESS] bvid=BV14vSoB8EqS 已成功抓取全部所需数据。
[2026-04-11 08:44:09] [SUCCESS] bvid=BV1mvSoBbEwR 已成功抓取全部所需数据。
[2026-04-11 08:44:14] [SUCCESS] bvid=BV11vSoBbEpP 已成功抓取全部所需数据。
[2026-04-11 08:44:19] [SUCCESS] bvid=BV1AkSoBREVA 已成功抓取全部所需数据。
[2026-04-11 08:44:19] [ERROR] bvid=BV1WkSoBREsh 抓取失败：stat: 接口返回错误代码：62002，信息：稿件不可见。
{'code': 62002, 'message': '稿件不可见', 'ttl': 1} | comment: 接口返回错误代码：62002，信息：稿件不可见。
{'code': 62002, 'message': '稿件不可见', 'ttl': 1}
[2026-04-11 08:44:25] [SUCCESS] bvid=BV1kkSoB9Eo2 已成功抓取全部所需数据。
[2026-04-11 08:44:30] [SUCCESS] bvid=BV1szSoBoExa 已成功抓取全部所需数据。
[2026-04-11 08:44:35] [SUCCESS] bvid=BV1CzSoBdE4J 已成功抓取全部所需数据。
[2026-04-11 08:44:40] [SUCCESS] bvid=BV1PrSoBxEGr 已成功抓取全部所需数据。
[2026-04-11 08:44:45] [SUCCESS] bvid=BV1ArSoBxEkU 已成功抓取全部所需数据。
[2026-04-11 08:44:50] [SUCCESS] bvid=BV1ArSoBxEnt 已成功抓取全部所需数据。
[2026-04-11 08:44:56] [SUCCESS] bvid=BV1srSoBxEuc 已成功抓取全部所需数据。
[2026-04-11 08:45:01] [SUCCESS] bvid=BV1ArSoBxE7w 已成功抓取全部所需数据。
[2026-04-11 08:45:06] [SUCCESS] bvid=BV1PrSoBxEuw 已成功抓取全部所需数据。
[2026-04-11 08:45:11] [SUCCESS] bvid=BV1bVSZBYEAH 已成功抓取全部所需数据。
[2026-04-11 08:45:17] [SUCCESS] bvid=BV1tVSZBYEuD 已成功抓取全部所需数据。
[2026-04-11 08:45:17] [ERROR] bvid=BV12LSZBwEpg 抓取失败：stat: 接口返回错误代码：62002，信息：稿件不可见。
{'code': 62002, 'message': '稿件不可见', 'ttl': 1} | comment: 接口返回错误代码：62002，信息：稿件不可见。
{'code': 62002, 'message': '稿件不可见', 'ttl': 1}
[2026-04-11 08:45:22] [SUCCESS] bvid=BV1tLSZBwEg9 已成功抓取全部所需数据。
[2026-04-11 08:45:27] [SUCCESS] bvid=BV14LSZBwEZP 已成功抓取全部所需数据。
[2026-04-11 08:45:33] [SUCCESS] bvid=BV1MLSZBAEG7 已成功抓取全部所需数据。
[2026-04-11 08:45:38] [SUCCESS] bvid=BV1bgSZBvEHx 已成功抓取全部所需数据。
[2026-04-11 08:45:43] [SUCCESS] bvid=BV1ugSZBiEcv 已成功抓取全部所需数据。
[2026-04-11 08:45:48] [SUCCESS] bvid=BV1ggSZBiENx 已成功抓取全部所需数据。
[2026-04-11 08:45:53] [SUCCESS] bvid=BV1mGSZBPEUZ 已成功抓取全部所需数据。
[2026-04-11 08:45:57] [SUCCESS] bvid=BV1UGSZBPEMk 已成功抓取全部所需数据。
[2026-04-11 08:46:02] [SUCCESS] bvid=BV1xJSZBbENM 已成功抓取全部所需数据。
[2026-04-11 08:46:07] [SUCCESS] bvid=BV1WJSZBbEDe 已成功抓取全部所需数据。
[2026-04-11 08:46:13] [SUCCESS] bvid=BV1WnSZBZEuX 已成功抓取全部所需数据。
[2026-04-11 08:46:18] [SUCCESS] bvid=BV1snSZBZENV 已成功抓取全部所需数据。
[2026-04-11 08:46:18] [ERROR] bvid=BV1C3SQB6EC8 抓取失败：stat: 接口返回错误代码：62002，信息：稿件不可见。
{'code': 62002, 'message': '稿件不可见', 'ttl': 1} | comment: 接口返回错误代码：62002，信息：稿件不可见。
{'code': 62002, 'message': '稿件不可见', 'ttl': 1}
[2026-04-11 08:46:24] [SUCCESS] bvid=BV1xjSZBhEH8 已成功抓取全部所需数据。
[2026-04-11 08:46:29] [SUCCESS] bvid=BV19cSZBrEWP 已成功抓取全部所需数据。
[2026-04-11 08:46:34] [SUCCESS] bvid=BV1eZSoBCEqG 已成功抓取全部所需数据。
[2026-04-11 08:46:39] [SUCCESS] bvid=BV1aASZBgEhu 已成功抓取全部所需数据。
[2026-04-11 08:46:44] [SUCCESS] bvid=BV1aASZBgEz7 已成功抓取全部所需数据。
[2026-04-11 08:46:50] [SUCCESS] bvid=BV1RZSoBCEvP 已成功抓取全部所需数据。
[2026-04-11 08:46:55] [SUCCESS] bvid=BV1iZSoBCE7g 已成功抓取全部所需数据。
[2026-04-11 08:47:00] [SUCCESS] bvid=BV19ZSoBCEfd 已成功抓取全部所需数据。
[2026-04-11 08:47:05] [SUCCESS] bvid=BV1vZSoBCEeE 已成功抓取全部所需数据。
[2026-04-11 08:47:10] [SUCCESS] bvid=BV1eFSZBGExB 已成功抓取全部所需数据。
[2026-04-11 08:47:15] [SUCCESS] bvid=BV1QTSZBqEKW 已成功抓取全部所需数据。
[2026-04-11 08:47:20] [SUCCESS] bvid=BV1QTSZBqEwH 已成功抓取全部所需数据。
[2026-04-11 08:47:25] [SUCCESS] bvid=BV1hTSZBqE42 已成功抓取全部所需数据。
[2026-04-11 08:47:30] [SUCCESS] bvid=BV1xVSdBREvw 已成功抓取全部所需数据。
[2026-04-11 08:47:35] [SUCCESS] bvid=BV1QPSZBzEfs 已成功抓取全部所需数据。
[2026-04-11 08:47:40] [SUCCESS] bvid=BV1YPSZBzEs2 已成功抓取全部所需数据。
[2026-04-11 08:47:46] [SUCCESS] bvid=BV1QKSZBMEf1 已成功抓取全部所需数据。
[2026-04-11 08:47:51] [SUCCESS] bvid=BV1aKSZBMELE 已成功抓取全部所需数据。
[2026-04-11 08:47:56] [SUCCESS] bvid=BV1LBSZBjEt1 已成功抓取全部所需数据。
[2026-04-11 08:48:01] [SUCCESS] bvid=BV15zSZB1Eyw 已成功抓取全部所需数据。
[2026-04-11 08:48:06] [SUCCESS] bvid=BV1izSZB1EV7 已成功抓取全部所需数据。
[2026-04-11 08:48:11] [SUCCESS] bvid=BV15zSZB1Ehj 已成功抓取全部所需数据。
[2026-04-11 08:48:16] [SUCCESS] bvid=BV1VySZBGEGc 已成功抓取全部所需数据。
[2026-04-11 08:48:22] [SUCCESS] bvid=BV131SZBrEjT 已成功抓取全部所需数据。
[2026-04-11 08:48:27] [SUCCESS] bvid=BV1iiSZBmED1 已成功抓取全部所需数据。
[2026-04-11 08:48:32] [SUCCESS] bvid=BV17iSZBmEwm 已成功抓取全部所需数据。
[2026-04-11 08:48:37] [SUCCESS] bvid=BV17iSZBmEnb 已成功抓取全部所需数据。
[2026-04-11 08:48:42] [SUCCESS] bvid=BV1aySZBGEQG 已成功抓取全部所需数据。
[2026-04-11 08:48:47] [SUCCESS] bvid=BV1eySZBGEPV 已成功抓取全部所需数据。
[2026-04-11 08:48:52] [SUCCESS] bvid=BV16HDNB3EnS 已成功抓取全部所需数据。
[2026-04-11 08:48:57] [SUCCESS] bvid=BV1Bw9FB8EQb 已成功抓取全部所需数据。
[2026-04-11 08:49:02] [SUCCESS] bvid=BV1EaSZBnEMw 已成功抓取全部所需数据。
[2026-04-11 08:49:07] [SUCCESS] bvid=BV1fcSXBKEMX 已成功抓取全部所需数据。
[2026-04-11 08:49:12] [SUCCESS] bvid=BV1Q1SZBrEBR 已成功抓取全部所需数据。
[2026-04-11 08:49:17] [SUCCESS] bvid=BV131SZBrELC 已成功抓取全部所需数据。
[2026-04-11 08:49:23] [SUCCESS] bvid=BV1GySZBGE48 已成功抓取全部所需数据。
[2026-04-11 08:49:28] [SUCCESS] bvid=BV1a1SZBrEnX 已成功抓取全部所需数据。
[2026-04-11 08:49:33] [SUCCESS] bvid=BV1vrSZB5EJi 已成功抓取全部所需数据。
[2026-04-11 08:49:38] [SUCCESS] bvid=BV1vrSZB5E6Y 已成功抓取全部所需数据。
[2026-04-11 08:49:43] [SUCCESS] bvid=BV1i9SRBBE4J 已成功抓取全部所需数据。
[2026-04-11 08:49:48] [SUCCESS] bvid=BV1erSZB5EFA 已成功抓取全部所需数据。
[2026-04-11 08:49:53] [SUCCESS] bvid=BV1LrSZB5Ewu 已成功抓取全部所需数据。
[2026-04-11 08:49:58] [SUCCESS] bvid=BV15kSZBCEtY 已成功抓取全部所需数据。
[2026-04-11 08:50:04] [SUCCESS] bvid=BV1ekSZBCEbJ 已成功抓取全部所需数据。
[2026-04-11 08:50:09] [SUCCESS] bvid=BV1YkSZBCE5K 已成功抓取全部所需数据。
[2026-04-11 08:50:15] [SUCCESS] bvid=BV1nxSZBsEQH 已成功抓取全部所需数据。
[2026-04-11 08:50:20] [SUCCESS] bvid=BV1HxSZBxEb8 已成功抓取全部所需数据。
[2026-04-11 08:50:26] [SUCCESS] bvid=BV1nxSZBsE6N 已成功抓取全部所需数据。
[2026-04-11 08:50:31] [SUCCESS] bvid=BV1cxSZBxEq4 已成功抓取全部所需数据。
[2026-04-11 08:50:37] [SUCCESS] bvid=BV1nxSZBsEfj 已成功抓取全部所需数据。
[2026-04-11 08:50:43] [SUCCESS] bvid=BV1nxSZBsEi6 已成功抓取全部所需数据。
[2026-04-11 08:50:48] [SUCCESS] bvid=BV1nxSZBsEvm 已成功抓取全部所需数据。
[2026-04-11 08:50:53] [SUCCESS] bvid=BV1rxSZBsErs 已成功抓取全部所需数据。
[2026-04-11 08:50:58] [SUCCESS] bvid=BV1ppSZB4EWk 已成功抓取全部所需数据。
[2026-04-11 08:51:03] [SUCCESS] bvid=BV1n4SZB9Eue 已成功抓取全部所需数据。
[2026-04-11 08:51:08] [SUCCESS] bvid=BV1F4SZBREfB 已成功抓取全部所需数据。
[2026-04-11 08:51:13] [SUCCESS] bvid=BV1J4SZB9EWk 已成功抓取全部所需数据。
[2026-04-11 08:51:18] [SUCCESS] bvid=BV164SZB9ESs 已成功抓取全部所需数据。
[2026-04-11 08:51:23] [SUCCESS] bvid=BV1n4SZB9Egm 已成功抓取全部所需数据。
[2026-04-11 08:51:28] [SUCCESS] bvid=BV1J4SZB9ExP 已成功抓取全部所需数据。
[2026-04-11 08:51:33] [SUCCESS] bvid=BV1n4SZB9EGS 已成功抓取全部所需数据。
[2026-04-11 08:51:38] [SUCCESS] bvid=BV1ppSZB4Eph 已成功抓取全部所需数据。
[2026-04-11 08:51:43] [SUCCESS] bvid=BV1ppSZB4Etx 已成功抓取全部所需数据。
[2026-04-11 08:51:49] [SUCCESS] bvid=BV1ppSZB4EuN 已成功抓取全部所需数据。
[2026-04-11 08:51:54] [SUCCESS] bvid=BV1ppSZBtEcP 已成功抓取全部所需数据。
[2026-04-11 08:51:59] [SUCCESS] bvid=BV1ppSZB4EcP 已成功抓取全部所需数据。
[2026-04-11 08:52:04] [SUCCESS] bvid=BV1WpSZB4Epa 已成功抓取全部所需数据。
[2026-04-11 08:52:09] [SUCCESS] bvid=BV1ppSZB4En7 已成功抓取全部所需数据。
[2026-04-11 08:52:09] [WARN] 当前子任务已结束，但仍有未成功抓取的视频，已导出 remaining CSV 供继续执行。
[2026-04-11 08:52:09] [INFO] 已导出剔除成功条目后的剩余 CSV：D:\Schoolworks\Thesis\Bilibili-Datahub\outputs\video_data\manual_crawls\manual_crawl_stat_comment_20260411_022942\remaining_bvids_part_37.csv
[2026-04-11 08:52:09] 子任务结束时间：2026-04-11T08:52:09.826259
[TIMESTAMP][END] 2026-04-11T08:52:09
