[TIMESTAMP][BEGIN] 2026-03-29T00:58:18
[INFO]: 已创建新的 uid_expansion 会话目录：outputs/video_pool/uid_expansions/uid_expansion_20250923_20260329_005818（start_date=2025-09-23，task_started_at=2026-03-29T00:58:18）。
[INFO]: 历史任务增量检查完成：2970 个作者命中过往 original_uids，0 个作者按全局 start_date 抓取；命中历史的作者将从其最近一次任务开始日（含当天）继续抓取。
[INFO]: 去重后共有 2970 个作者待抓取。
[INFO]: 开始执行作者批量抓取任务，start_date=2025-09-23T00:00:00，end_date=2026-03-29T00:58:18。
[INFO]: 本次 uid_expansion 会话目录：outputs/video_pool/uid_expansions/uid_expansion_20250923_20260329_005818，当前 part_1。
[INFO]: 已保存首轮原始作者 UID 列表：outputs/video_pool/uid_expansions/uid_expansion_20250923_20260329_005818/original_uids.csv
[INFO]: 开始处理第 1/149 批作者，共 20 个。
[INFO]: 第 1/149 批完成，新增 17 条视频，累计 17 条。
[INFO]: 批次间暂停 8 秒，降低请求频率。
[INFO]: 开始处理第 2/149 批作者，共 20 个。
[INFO]: 第 2/149 批完成，新增 13 条视频，累计 30 条。
[INFO]: 批次间暂停 8 秒，降低请求频率。
[INFO]: 开始处理第 3/149 批作者，共 20 个。
[INFO]: 第 3/149 批完成，新增 20 条视频，累计 50 条。
[INFO]: 批次间暂停 8 秒，降低请求频率。
[INFO]: 开始处理第 4/149 批作者，共 20 个。
[INFO]: 第 4/149 批完成，新增 44 条视频，累计 94 条。
[INFO]: 批次间暂停 8 秒，降低请求频率。
[INFO]: 开始处理第 5/149 批作者，共 20 个。
[INFO]: 第 5/149 批完成，新增 27 条视频，累计 121 条。
[INFO]: 批次间暂停 8 秒，降低请求频率。
[INFO]: 开始处理第 6/149 批作者，共 20 个。
[WARN]: 作者 456664753 抓取失败，已跳过。原因：接口返回错误代码：-352，信息：风控校验失败。 {'code': -352, 'message': '风控校验失败', 'ttl': 1, 'data': {'v_voucher': 'voucher_541f2976-f2ed-4fdb-b64b-283284a7df8e'}}
[WARN]: 作者 488960399 抓取失败，已跳过。原因：接口返回错误代码：-352，信息：风控校验失败。 {'code': -352, 'message': '风控校验失败', 'ttl': 1, 'data': {'v_voucher': 'voucher_05ef0054-ea55-415d-8134-5a198af9f89d'}}
[WARN]: 作者 508103429 抓取失败，已跳过。原因：接口返回错误代码：-352，信息：风控校验失败。 {'code': -352, 'message': '风控校验失败', 'ttl': 1, 'data': {'v_voucher': 'voucher_ac4d2737-164c-4b0e-8576-bb1eb05f2812'}}
[WARN]: 作者 533654144 抓取失败，已跳过。原因：接口返回错误代码：-352，信息：风控校验失败。 {'code': -352, 'message': '风控校验失败', 'ttl': 1, 'data': {'v_voucher': 'voucher_e79f5d45-9c39-483f-8a68-55ecc77c591b'}}
[INFO]: 第 6/149 批完成，新增 8 条视频，累计 129 条。
[WARN]: 本批有 4 个作者抓取失败。
[INFO]: 批次间暂停 8 秒，降低请求频率。
[INFO]: 开始处理第 7/149 批作者，共 20 个。
[INFO]: 第 7/149 批完成，新增 24 条视频，累计 153 条。
[INFO]: 批次间暂停 8 秒，降低请求频率。
[INFO]: 开始处理第 8/149 批作者，共 20 个。
[INFO]: 第 8/149 批完成，新增 42 条视频，累计 195 条。
[INFO]: 批次间暂停 8 秒，降低请求频率。
[INFO]: 开始处理第 9/149 批作者，共 20 个。
[INFO]: 第 9/149 批完成，新增 23 条视频，累计 218 条。
[INFO]: 批次间暂停 8 秒，降低请求频率。
[INFO]: 开始处理第 10/149 批作者，共 20 个。
[INFO]: 第 10/149 批完成，新增 24 条视频，累计 242 条。
[INFO]: 批次间暂停 8 秒，降低请求频率。
[INFO]: 开始处理第 11/149 批作者，共 20 个。
[INFO]: 第 11/149 批完成，新增 19 条视频，累计 261 条。
[INFO]: 批次间暂停 8 秒，降低请求频率。
[INFO]: 开始处理第 12/149 批作者，共 20 个。
[INFO]: 第 12/149 批完成，新增 21 条视频，累计 282 条。
[INFO]: 批次间暂停 8 秒，降低请求频率。
[INFO]: 开始处理第 13/149 批作者，共 20 个。
[INFO]: 第 13/149 批完成，新增 35 条视频，累计 317 条。
[INFO]: 批次间暂停 8 秒，降低请求频率。
[INFO]: 开始处理第 14/149 批作者，共 20 个。
[INFO]: 第 14/149 批完成，新增 24 条视频，累计 341 条。
[INFO]: 批次间暂停 8 秒，降低请求频率。
[INFO]: 开始处理第 15/149 批作者，共 20 个。
[INFO]: 第 15/149 批完成，新增 25 条视频，累计 366 条。
[INFO]: 批次间暂停 8 秒，降低请求频率。
[INFO]: 开始处理第 16/149 批作者，共 20 个。
[INFO]: 第 16/149 批完成，新增 34 条视频，累计 400 条。
[INFO]: 批次间暂停 8 秒，降低请求频率。
[INFO]: 开始处理第 17/149 批作者，共 20 个。
[INFO]: 第 17/149 批完成，新增 52 条视频，累计 452 条。
[INFO]: 批次间暂停 8 秒，降低请求频率。
[INFO]: 开始处理第 18/149 批作者，共 20 个。
[INFO]: 第 18/149 批完成，新增 27 条视频，累计 479 条。
[INFO]: 批次间暂停 8 秒，降低请求频率。
[INFO]: 开始处理第 19/149 批作者，共 20 个。
[INFO]: 第 19/149 批完成，新增 53 条视频，累计 532 条。
[INFO]: 批次间暂停 8 秒，降低请求频率。
[INFO]: 开始处理第 20/149 批作者，共 20 个。
[INFO]: 第 20/149 批完成，新增 20 条视频，累计 552 条。
[INFO]: 批次间暂停 8 秒，降低请求频率。
[INFO]: 开始处理第 21/149 批作者，共 20 个。
[INFO]: 第 21/149 批完成，新增 68 条视频，累计 620 条。
[INFO]: 批次间暂停 8 秒，降低请求频率。
[INFO]: 开始处理第 22/149 批作者，共 20 个。
[INFO]: 第 22/149 批完成，新增 17 条视频，累计 637 条。
[INFO]: 批次间暂停 8 秒，降低请求频率。
[INFO]: 开始处理第 23/149 批作者，共 20 个。
[INFO]: 第 23/149 批完成，新增 5 条视频，累计 642 条。
[INFO]: 批次间暂停 8 秒，降低请求频率。
[INFO]: 开始处理第 24/149 批作者，共 20 个。
[INFO]: 第 24/149 批完成，新增 5 条视频，累计 647 条。
[INFO]: 批次间暂停 8 秒，降低请求频率。
[INFO]: 开始处理第 25/149 批作者，共 20 个。
[INFO]: 第 25/149 批完成，新增 4 条视频，累计 651 条。
[INFO]: 批次间暂停 8 秒，降低请求频率。
[INFO]: 开始处理第 26/149 批作者，共 20 个。
[INFO]: 第 26/149 批完成，新增 481 条视频，累计 1132 条。
[INFO]: 批次间暂停 8 秒，降低请求频率。
[INFO]: 开始处理第 27/149 批作者，共 20 个。
[INFO]: 第 27/149 批完成，新增 65 条视频，累计 1197 条。
[INFO]: 批次间暂停 8 秒，降低请求频率。
[INFO]: 开始处理第 28/149 批作者，共 20 个。
[INFO]: 第 28/149 批完成，新增 47 条视频，累计 1244 条。
[INFO]: 批次间暂停 8 秒，降低请求频率。
[INFO]: 开始处理第 29/149 批作者，共 20 个。
[INFO]: 第 29/149 批完成，新增 652 条视频，累计 1896 条。
[INFO]: 批次间暂停 8 秒，降低请求频率。
[INFO]: 开始处理第 30/149 批作者，共 20 个。
[INFO]: 第 30/149 批完成，新增 150 条视频，累计 2046 条。
[INFO]: 批次间暂停 8 秒，降低请求频率。
[INFO]: 开始处理第 31/149 批作者，共 20 个。
[INFO]: 第 31/149 批完成，新增 75 条视频，累计 2121 条。
[INFO]: 批次间暂停 8 秒，降低请求频率。
[INFO]: 开始处理第 32/149 批作者，共 20 个。
[INFO]: 第 32/149 批完成，新增 29 条视频，累计 2150 条。
[INFO]: 批次间暂停 8 秒，降低请求频率。
[INFO]: 开始处理第 33/149 批作者，共 20 个。
[INFO]: 第 33/149 批完成，新增 93 条视频，累计 2243 条。
[INFO]: 批次间暂停 8 秒，降低请求频率。
[INFO]: 开始处理第 34/149 批作者，共 20 个。
[INFO]: 第 34/149 批完成，新增 21 条视频，累计 2264 条。
[INFO]: 批次间暂停 8 秒，降低请求频率。
[INFO]: 开始处理第 35/149 批作者，共 20 个。
[INFO]: 第 35/149 批完成，新增 159 条视频，累计 2423 条。
[INFO]: 批次间暂停 8 秒，降低请求频率。
[INFO]: 开始处理第 36/149 批作者，共 20 个。
[INFO]: 第 36/149 批完成，新增 92 条视频，累计 2515 条。
[INFO]: 批次间暂停 8 秒，降低请求频率。
[INFO]: 开始处理第 37/149 批作者，共 20 个。
[INFO]: 第 37/149 批完成，新增 47 条视频，累计 2562 条。
[INFO]: 批次间暂停 8 秒，降低请求频率。
[INFO]: 开始处理第 38/149 批作者，共 20 个。
[INFO]: 第 38/149 批完成，新增 36 条视频，累计 2598 条。
[INFO]: 批次间暂停 8 秒，降低请求频率。
[INFO]: 开始处理第 39/149 批作者，共 20 个。
[INFO]: 第 39/149 批完成，新增 41 条视频，累计 2639 条。
[INFO]: 批次间暂停 8 秒，降低请求频率。
[INFO]: 开始处理第 40/149 批作者，共 20 个。
[INFO]: 第 40/149 批完成，新增 22 条视频，累计 2661 条。
[INFO]: 批次间暂停 8 秒，降低请求频率。
[INFO]: 开始处理第 41/149 批作者，共 20 个。
[INFO]: 第 41/149 批完成，新增 51 条视频，累计 2712 条。
[INFO]: 批次间暂停 8 秒，降低请求频率。
[INFO]: 开始处理第 42/149 批作者，共 20 个。
[INFO]: 第 42/149 批完成，新增 110 条视频，累计 2822 条。
[INFO]: 批次间暂停 8 秒，降低请求频率。
[INFO]: 开始处理第 43/149 批作者，共 20 个。
[INFO]: 第 43/149 批完成，新增 25 条视频，累计 2847 条。
[INFO]: 批次间暂停 8 秒，降低请求频率。
[INFO]: 开始处理第 44/149 批作者，共 20 个。
[INFO]: 第 44/149 批完成，新增 87 条视频，累计 2934 条。
[INFO]: 批次间暂停 8 秒，降低请求频率。
[INFO]: 开始处理第 45/149 批作者，共 20 个。
[INFO]: 第 45/149 批完成，新增 30 条视频，累计 2964 条。
[INFO]: 批次间暂停 8 秒，降低请求频率。
[INFO]: 开始处理第 46/149 批作者，共 20 个。
[INFO]: 第 46/149 批完成，新增 31 条视频，累计 2995 条。
[INFO]: 批次间暂停 8 秒，降低请求频率。
[INFO]: 开始处理第 47/149 批作者，共 20 个。
[INFO]: 第 47/149 批完成，新增 346 条视频，累计 3341 条。
[INFO]: 批次间暂停 8 秒，降低请求频率。
[INFO]: 开始处理第 48/149 批作者，共 20 个。
[INFO]: 第 48/149 批完成，新增 69 条视频，累计 3410 条。
[INFO]: 批次间暂停 8 秒，降低请求频率。
[INFO]: 开始处理第 49/149 批作者，共 20 个。
[INFO]: 第 49/149 批完成，新增 54 条视频，累计 3464 条。
[INFO]: 批次间暂停 8 秒，降低请求频率。
[INFO]: 开始处理第 50/149 批作者，共 20 个。
[INFO]: 第 50/149 批完成，新增 111 条视频，累计 3575 条。
[INFO]: 批次间暂停 8 秒，降低请求频率。
[INFO]: 开始处理第 51/149 批作者，共 20 个。
[WARN]: 作者 15960317 抓取失败，已跳过。原因：接口返回错误代码：-352，信息：风控校验失败。 {'code': -352, 'message': '风控校验失败', 'ttl': 1, 'data': {'v_voucher': 'voucher_80de1e14-b12c-42f0-b461-5db8883affff'}}
[WARN]: 作者 21360478 抓取失败，已跳过。原因：接口返回错误代码：-352，信息：风控校验失败。 {'code': -352, 'message': '风控校验失败', 'ttl': 1, 'data': {'v_voucher': 'voucher_f993bbea-a503-47ac-a778-490a19d88e42'}}
[WARN]: 作者 35874525 抓取失败，已跳过。原因：接口返回错误代码：-352，信息：风控校验失败。 {'code': -352, 'message': '风控校验失败', 'ttl': 1, 'data': {'v_voucher': 'voucher_36cf0507-11b3-44e0-b128-aa1cb1db8801'}}
[WARN]: 作者 112458153 抓取失败，已跳过。原因：接口返回错误代码：-352，信息：风控校验失败。 {'code': -352, 'message': '风控校验失败', 'ttl': 1, 'data': {'v_voucher': 'voucher_8d40b0e4-57b1-42d5-91c4-4fee28ed87f0'}}
[WARN]: 作者 171311580 抓取失败，已跳过。原因：接口返回错误代码：-352，信息：风控校验失败。 {'code': -352, 'message': '风控校验失败', 'ttl': 1, 'data': {'v_voucher': 'voucher_f6c6f6a8-3747-4cc4-bc68-7eb52525a7a4'}}
[WARN]: 作者 258556829 抓取失败，已跳过。原因：接口返回错误代码：-352，信息：风控校验失败。 {'code': -352, 'message': '风控校验失败', 'ttl': 1, 'data': {'v_voucher': 'voucher_3ba3f1b2-5718-492d-b248-e97ec635c752'}}
[WARN]: 作者 346725240 抓取失败，已跳过。原因：接口返回错误代码：-352，信息：风控校验失败。 {'code': -352, 'message': '风控校验失败', 'ttl': 1, 'data': {'v_voucher': 'voucher_1222f391-4f08-4f89-a0bd-09e540dbd69f'}}
[WARN]: 作者 379968755 抓取失败，已跳过。原因：接口返回错误代码：-352，信息：风控校验失败。 {'code': -352, 'message': '风控校验失败', 'ttl': 1, 'data': {'v_voucher': 'voucher_abf2c69c-5b9e-4c6a-8d7a-56720d9d1b71'}}
[WARN]: 作者 400645291 抓取失败，已跳过。原因：接口返回错误代码：-352，信息：风控校验失败。 {'code': -352, 'message': '风控校验失败', 'ttl': 1, 'data': {'v_voucher': 'voucher_10b736a7-891d-4897-8b36-e9e98a9ef1aa'}}
[WARN]: 作者 626101036 抓取失败，已跳过。原因：接口返回错误代码：-352，信息：风控校验失败。 {'code': -352, 'message': '风控校验失败', 'ttl': 1, 'data': {'v_voucher': 'voucher_7738f3fc-2593-42b3-a8f6-56ad1339e2e7'}}
[WARN]: 作者 696967755 抓取失败，已跳过。原因：接口返回错误代码：-352，信息：风控校验失败。 {'code': -352, 'message': '风控校验失败', 'ttl': 1, 'data': {'v_voucher': 'voucher_a5d64568-a433-44a9-ab09-ea0164fec893'}}
[WARN]: 作者 1069069359 抓取失败，已跳过。原因：接口返回错误代码：-352，信息：风控校验失败。 {'code': -352, 'message': '风控校验失败', 'ttl': 1, 'data': {'v_voucher': 'voucher_5706a0f6-e690-44e6-8e98-e932bd83c090'}}
[WARN]: 作者 1342164094 抓取失败，已跳过。原因：接口返回错误代码：-352，信息：风控校验失败。 {'code': -352, 'message': '风控校验失败', 'ttl': 1, 'data': {'v_voucher': 'voucher_4b0d2133-7269-4598-b1c1-568ee5b7ca78'}}
[WARN]: 作者 1380271830 抓取失败，已跳过。原因：接口返回错误代码：-352，信息：风控校验失败。 {'code': -352, 'message': '风控校验失败', 'ttl': 1, 'data': {'v_voucher': 'voucher_ba9e3c4d-9e06-4fb4-80ef-450e588e2690'}}
[WARN]: 作者 1551569190 抓取失败，已跳过。原因：接口返回错误代码：-352，信息：风控校验失败。 {'code': -352, 'message': '风控校验失败', 'ttl': 1, 'data': {'v_voucher': 'voucher_c8833e8b-8099-415b-91c2-333d0e6d9646'}}
[WARN]: 作者 3493111099558161 抓取失败，已跳过。原因：接口返回错误代码：-352，信息：风控校验失败。 {'code': -352, 'message': '风控校验失败', 'ttl': 1, 'data': {'v_voucher': 'voucher_4895085c-d637-447f-b6c4-47c81252f689'}}
[WARN]: 作者 3493272083236932 抓取失败，已跳过。原因：接口返回错误代码：-352，信息：风控校验失败。 {'code': -352, 'message': '风控校验失败', 'ttl': 1, 'data': {'v_voucher': 'voucher_d98798b9-5a02-4cf6-bb67-1c7cdf06343a'}}
[WARN]: 作者 3546605695273582 抓取失败，已跳过。原因：接口返回错误代码：-352，信息：风控校验失败。 {'code': -352, 'message': '风控校验失败', 'ttl': 1, 'data': {'v_voucher': 'voucher_b7934b65-fec6-40c8-b946-42474608a177'}}
[WARN]: 作者 3546923543825270 抓取失败，已跳过。原因：接口返回错误代码：-352，信息：风控校验失败。 {'code': -352, 'message': '风控校验失败', 'ttl': 1, 'data': {'v_voucher': 'voucher_d50a7023-d1a9-4d4b-bc80-d148ed5ee035'}}
[INFO]: 第 51/149 批完成，新增 1 条视频，累计 3576 条。
[WARN]: 本批有 19 个作者抓取失败。
[INFO]: 批次间暂停 8 秒，降低请求频率。
[INFO]: 开始处理第 52/149 批作者，共 20 个。
[WARN]: 作者 3923056 抓取失败，已跳过。原因：接口返回错误代码：-352，信息：风控校验失败。 {'code': -352, 'message': '风控校验失败', 'ttl': 1, 'data': {'v_voucher': 'voucher_2d26dffb-752d-4596-8eee-c7791f692f8a'}}
[WARN]: 作者 4730564 抓取失败，已跳过。原因：接口返回错误代码：-352，信息：风控校验失败。 {'code': -352, 'message': '风控校验失败', 'ttl': 1, 'data': {'v_voucher': 'voucher_b7d12150-d860-4b81-9397-98475d9919be'}}
[WARN]: 作者 5892960 抓取失败，已跳过。原因：接口返回错误代码：-352，信息：风控校验失败。 {'code': -352, 'message': '风控校验失败', 'ttl': 1, 'data': {'v_voucher': 'voucher_be14c800-beb3-4972-81fa-efa295568923'}}
[WARN]: 作者 11076443 抓取失败，已跳过。原因：接口返回错误代码：-352，信息：风控校验失败。 {'code': -352, 'message': '风控校验失败', 'ttl': 1, 'data': {'v_voucher': 'voucher_1e06b5c6-cee4-45c4-980b-9f5e20ab52b2'}}
[WARN]: 作者 11703718 抓取失败，已跳过。原因：接口返回错误代码：-352，信息：风控校验失败。 {'code': -352, 'message': '风控校验失败', 'ttl': 1, 'data': {'v_voucher': 'voucher_f9a5451d-830d-4ab8-83fa-6de37c1a928a'}}
[WARN]: 作者 32156861 抓取失败，已跳过。原因：接口返回错误代码：-352，信息：风控校验失败。 {'code': -352, 'message': '风控校验失败', 'ttl': 1, 'data': {'v_voucher': 'voucher_c0f8bedc-7f0e-49e8-9707-d1cb80ce851b'}}
[WARN]: 作者 104357390 抓取失败，已跳过。原因：接口返回错误代码：-352，信息：风控校验失败。 {'code': -352, 'message': '风控校验失败', 'ttl': 1, 'data': {'v_voucher': 'voucher_752329b5-4612-4e82-ae5c-6d2e78c17456'}}
[WARN]: 作者 627676911 抓取失败，已跳过。原因：接口返回错误代码：-352，信息：风控校验失败。 {'code': -352, 'message': '风控校验失败', 'ttl': 1, 'data': {'v_voucher': 'voucher_b92d76ea-c246-4dda-b1da-4cf4527caa7c'}}
[WARN]: 作者 1442008036 抓取失败，已跳过。原因：接口返回错误代码：-352，信息：风控校验失败。 {'code': -352, 'message': '风控校验失败', 'ttl': 1, 'data': {'v_voucher': 'voucher_3c80f455-4eef-43ee-934e-76c193695cb7'}}
[WARN]: 作者 1483180614 抓取失败，已跳过。原因：接口返回错误代码：-352，信息：风控校验失败。 {'code': -352, 'message': '风控校验失败', 'ttl': 1, 'data': {'v_voucher': 'voucher_56bb613a-a9d4-4c91-9d2e-3bb929ecc584'}}
[WARN]: 作者 1756547706 抓取失败，已跳过。原因：接口返回错误代码：-352，信息：风控校验失败。 {'code': -352, 'message': '风控校验失败', 'ttl': 1, 'data': {'v_voucher': 'voucher_9dd4c154-860f-4438-b75b-aa948da6e1f0'}}
[WARN]: 作者 1790427191 抓取失败，已跳过。原因：接口返回错误代码：-352，信息：风控校验失败。 {'code': -352, 'message': '风控校验失败', 'ttl': 1, 'data': {'v_voucher': 'voucher_b9abe967-8023-437d-82a8-c0ee05c9679a'}}
[WARN]: 作者 2019013971 抓取失败，已跳过。原因：接口返回错误代码：-352，信息：风控校验失败。 {'code': -352, 'message': '风控校验失败', 'ttl': 1, 'data': {'v_voucher': 'voucher_ecf28191-536b-4ed5-893f-a9d68dfa9b3b'}}
[WARN]: 作者 3493075273910303 抓取失败，已跳过。原因：接口返回错误代码：-352，信息：风控校验失败。 {'code': -352, 'message': '风控校验失败', 'ttl': 1, 'data': {'v_voucher': 'voucher_6f851437-c195-4392-9989-03aada22de9d'}}
[WARN]: 作者 3493106987043651 抓取失败，已跳过。原因：接口返回错误代码：-352，信息：风控校验失败。 {'code': -352, 'message': '风控校验失败', 'ttl': 1, 'data': {'v_voucher': 'voucher_96d7069a-87b6-4180-bcf2-ceb3e821e59e'}}
[WARN]: 作者 3546735712406253 抓取失败，已跳过。原因：接口返回错误代码：-352，信息：风控校验失败。 {'code': -352, 'message': '风控校验失败', 'ttl': 1, 'data': {'v_voucher': 'voucher_8d623552-13fa-492c-8a0a-b75813fc87f1'}}
[WARN]: 作者 3632300122180460 抓取失败，已跳过。原因：接口返回错误代码：-352，信息：风控校验失败。 {'code': -352, 'message': '风控校验失败', 'ttl': 1, 'data': {'v_voucher': 'voucher_bd64cd81-4757-4425-85e6-a450c3ad7336'}}
[WARN]: 作者 3632300124277304 抓取失败，已跳过。原因：接口返回错误代码：-352，信息：风控校验失败。 {'code': -352, 'message': '风控校验失败', 'ttl': 1, 'data': {'v_voucher': 'voucher_1a2fde38-42ab-4fc2-8849-a93b4b23b6b7'}}
[WARN]: 作者 3632300130568306 抓取失败，已跳过。原因：接口返回错误代码：-352，信息：风控校验失败。 {'code': -352, 'message': '风控校验失败', 'ttl': 1, 'data': {'v_voucher': 'voucher_948fec10-6085-475d-a68d-72bd07f6edb1'}}
[INFO]: 第 52/149 批完成，新增 3 条视频，累计 3579 条。
[WARN]: 本批有 19 个作者抓取失败。
[INFO]: 批次间暂停 8 秒，降低请求频率。
[INFO]: 开始处理第 53/149 批作者，共 20 个。
[WARN]: 作者 8365699 抓取失败，已跳过。原因：接口返回错误代码：-352，信息：风控校验失败。 {'code': -352, 'message': '风控校验失败', 'ttl': 1, 'data': {'v_voucher': 'voucher_73487c7c-6267-4980-94aa-c3681a593b1a'}}
[WARN]: 作者 12567459 抓取失败，已跳过。原因：接口返回错误代码：-352，信息：风控校验失败。 {'code': -352, 'message': '风控校验失败', 'ttl': 1, 'data': {'v_voucher': 'voucher_4cf6a196-cadb-42b7-ae18-d620cb8458a9'}}
[WARN]: 作者 53550700 抓取失败，已跳过。原因：接口返回错误代码：-352，信息：风控校验失败。 {'code': -352, 'message': '风控校验失败', 'ttl': 1, 'data': {'v_voucher': 'voucher_a20a5298-e08e-4bc2-a23e-0f2f8c03a990'}}
[WARN]: 作者 151002413 抓取失败，已跳过。原因：接口返回错误代码：-352，信息：风控校验失败。 {'code': -352, 'message': '风控校验失败', 'ttl': 1, 'data': {'v_voucher': 'voucher_60180815-a945-4f57-b9bc-5c54c4ccda65'}}
[WARN]: 作者 201691516 抓取失败，已跳过。原因：接口返回错误代码：-352，信息：风控校验失败。 {'code': -352, 'message': '风控校验失败', 'ttl': 1, 'data': {'v_voucher': 'voucher_73f8aad9-2a8c-4da4-bc16-fbca82de45d3'}}
[WARN]: 作者 326365053 抓取失败，已跳过。原因：接口返回错误代码：-352，信息：风控校验失败。 {'code': -352, 'message': '风控校验失败', 'ttl': 1, 'data': {'v_voucher': 'voucher_854648ae-451f-481e-8241-de67589caa44'}}
[WARN]: 作者 346386195 抓取失败，已跳过。原因：接口返回错误代码：-352，信息：风控校验失败。 {'code': -352, 'message': '风控校验失败', 'ttl': 1, 'data': {'v_voucher': 'voucher_86cf079f-62bc-42fc-b0e2-06b8420f2a3e'}}
[WARN]: 作者 359991926 抓取失败，已跳过。原因：接口返回错误代码：-352，信息：风控校验失败。 {'code': -352, 'message': '风控校验失败', 'ttl': 1, 'data': {'v_voucher': 'voucher_6c73a090-604b-4ff3-b487-10fde8b0c3a4'}}
[WARN]: 作者 394842214 抓取失败，已跳过。原因：接口返回错误代码：-352，信息：风控校验失败。 {'code': -352, 'message': '风控校验失败', 'ttl': 1, 'data': {'v_voucher': 'voucher_2f4365af-1c7b-45be-b1e4-4f501ab99e5b'}}
[WARN]: 作者 501554611 抓取失败，已跳过。原因：接口返回错误代码：-352，信息：风控校验失败。 {'code': -352, 'message': '风控校验失败', 'ttl': 1, 'data': {'v_voucher': 'voucher_f98e9e7f-b50c-45c2-b887-70e2943c7d93'}}
[WARN]: 作者 1398586345 抓取失败，已跳过。原因：接口返回错误代码：-352，信息：风控校验失败。 {'code': -352, 'message': '风控校验失败', 'ttl': 1, 'data': {'v_voucher': 'voucher_54aeccc7-bd42-44f3-a81b-773dac6b67be'}}
[WARN]: 作者 1580204033 抓取失败，已跳过。原因：接口返回错误代码：-352，信息：风控校验失败。 {'code': -352, 'message': '风控校验失败', 'ttl': 1, 'data': {'v_voucher': 'voucher_4acafbc0-d8c7-4065-a56b-18b1f716eef1'}}
[WARN]: 作者 2021631281 抓取失败，已跳过。原因：接口返回错误代码：-352，信息：风控校验失败。 {'code': -352, 'message': '风控校验失败', 'ttl': 1, 'data': {'v_voucher': 'voucher_651dfc3c-f21c-40da-921f-6c5f4499aee9'}}
[WARN]: 作者 3546392547035302 抓取失败，已跳过。原因：接口返回错误代码：-352，信息：风控校验失败。 {'code': -352, 'message': '风控校验失败', 'ttl': 1, 'data': {'v_voucher': 'voucher_63281706-f2bc-41f2-8015-d360342a8e8d'}}
[WARN]: 作者 3546695495322579 抓取失败，已跳过。原因：接口返回错误代码：-352，信息：风控校验失败。 {'code': -352, 'message': '风控校验失败', 'ttl': 1, 'data': {'v_voucher': 'voucher_b831f713-94ae-4d22-8b51-899442b3a98e'}}
[WARN]: 作者 3546723918022898 抓取失败，已跳过。原因：接口返回错误代码：-352，信息：风控校验失败。 {'code': -352, 'message': '风控校验失败', 'ttl': 1, 'data': {'v_voucher': 'voucher_16fbf090-3c71-4d66-80ed-bf8fbb62161d'}}
[WARN]: 作者 3546786283129221 抓取失败，已跳过。原因：接口返回错误代码：-352，信息：风控校验失败。 {'code': -352, 'message': '风控校验失败', 'ttl': 1, 'data': {'v_voucher': 'voucher_44aa6eba-b1d9-451e-92a4-b8e67744156f'}}
[WARN]: 作者 3690983961136044 抓取失败，已跳过。原因：接口返回错误代码：-352，信息：风控校验失败。 {'code': -352, 'message': '风控校验失败', 'ttl': 1, 'data': {'v_voucher': 'voucher_f4d4a6c6-ba18-4750-9c17-7a10de1298f9'}}
[INFO]: 第 53/149 批完成，新增 31 条视频，累计 3610 条。
[WARN]: 本批有 18 个作者抓取失败。
[INFO]: 批次间暂停 8 秒，降低请求频率。
[INFO]: 开始处理第 54/149 批作者，共 20 个。
[WARN]: 作者 11839592 抓取失败，已跳过。原因：接口返回错误代码：-352，信息：风控校验失败。 {'code': -352, 'message': '风控校验失败', 'ttl': 1, 'data': {'v_voucher': 'voucher_b42102f4-9015-4645-a9a4-d774ac36f63b'}}
[WARN]: 作者 12606474 抓取失败，已跳过。原因：接口返回错误代码：-352，信息：风控校验失败。 {'code': -352, 'message': '风控校验失败', 'ttl': 1, 'data': {'v_voucher': 'voucher_a28ba0fa-f4d8-4375-8440-22015f498a92'}}
[WARN]: 作者 89349452 抓取失败，已跳过。原因：接口返回错误代码：-352，信息：风控校验失败。 {'code': -352, 'message': '风控校验失败', 'ttl': 1, 'data': {'v_voucher': 'voucher_423977fa-2ee8-4b28-98e8-520c4c85ef16'}}
[WARN]: 作者 179085713 抓取失败，已跳过。原因：接口返回错误代码：-352，信息：风控校验失败。 {'code': -352, 'message': '风控校验失败', 'ttl': 1, 'data': {'v_voucher': 'voucher_3269205c-ed0b-45c7-9bc7-a579079fdb81'}}
[WARN]: 作者 204362112 抓取失败，已跳过。原因：接口返回错误代码：-352，信息：风控校验失败。 {'code': -352, 'message': '风控校验失败', 'ttl': 1, 'data': {'v_voucher': 'voucher_19127d80-f57e-4a6d-b72e-e13ce171f0ee'}}
[WARN]: 作者 370405299 抓取失败，已跳过。原因：接口返回错误代码：-352，信息：风控校验失败。 {'code': -352, 'message': '风控校验失败', 'ttl': 1, 'data': {'v_voucher': 'voucher_416bc4e4-618d-4eb7-a437-220460a69ed1'}}
[WARN]: 作者 389354835 抓取失败，已跳过。原因：接口返回错误代码：-352，信息：风控校验失败。 {'code': -352, 'message': '风控校验失败', 'ttl': 1, 'data': {'v_voucher': 'voucher_14ef26e4-40f9-4116-a7b5-48befadb47b6'}}
[WARN]: 作者 489460567 抓取失败，已跳过。原因：接口返回错误代码：-352，信息：风控校验失败。 {'code': -352, 'message': '风控校验失败', 'ttl': 1, 'data': {'v_voucher': 'voucher_502df1a0-a92d-4ba4-aaf7-30f3fab3eb54'}}
[WARN]: 作者 511769504 抓取失败，已跳过。原因：接口返回错误代码：-352，信息：风控校验失败。 {'code': -352, 'message': '风控校验失败', 'ttl': 1, 'data': {'v_voucher': 'voucher_f024fcbd-a244-4101-b0cb-d714056cd2c6'}}
[WARN]: 作者 699937878 抓取失败，已跳过。原因：接口返回错误代码：-352，信息：风控校验失败。 {'code': -352, 'message': '风控校验失败', 'ttl': 1, 'data': {'v_voucher': 'voucher_452ac1c0-84bd-4982-804a-a531902609a9'}}
[WARN]: 作者 701992306 抓取失败，已跳过。原因：接口返回错误代码：-352，信息：风控校验失败。 {'code': -352, 'message': '风控校验失败', 'ttl': 1, 'data': {'v_voucher': 'voucher_01d4261e-134f-48ff-92b8-cfedd2fcb599'}}
[WARN]: 作者 1970662496 抓取失败，已跳过。原因：接口返回错误代码：-352，信息：风控校验失败。 {'code': -352, 'message': '风控校验失败', 'ttl': 1, 'data': {'v_voucher': 'voucher_fda873dc-6f52-4711-946d-a47fcdd5edcc'}}
[WARN]: 作者 3493257409464519 抓取失败，已跳过。原因：接口返回错误代码：-352，信息：风控校验失败。 {'code': -352, 'message': '风控校验失败', 'ttl': 1, 'data': {'v_voucher': 'voucher_caaf37fe-fff4-446f-b3c9-29f7f16a3899'}}
[WARN]: 作者 3546569271937168 抓取失败，已跳过。原因：接口返回错误代码：-352，信息：风控校验失败。 {'code': -352, 'message': '风控校验失败', 'ttl': 1, 'data': {'v_voucher': 'voucher_ae59bb06-6dea-44d6-a38a-9053ece8540a'}}
[WARN]: 作者 3546786627062259 抓取失败，已跳过。原因：接口返回错误代码：-352，信息：风控校验失败。 {'code': -352, 'message': '风控校验失败', 'ttl': 1, 'data': {'v_voucher': 'voucher_cba3fe0d-dfd1-4118-8238-1521e2321034'}}
[WARN]: 作者 3546875619707489 抓取失败，已跳过。原因：接口返回错误代码：-352，信息：风控校验失败。 {'code': -352, 'message': '风控校验失败', 'ttl': 1, 'data': {'v_voucher': 'voucher_dda9214f-5690-4993-a3fe-e0f2e578f675'}}
[INFO]: 第 54/149 批完成，新增 14 条视频，累计 3624 条。
[WARN]: 本批有 16 个作者抓取失败。
[INFO]: 批次间暂停 8 秒，降低请求频率。
[INFO]: 开始处理第 55/149 批作者，共 20 个。
[WARN]: 作者 2369509 抓取失败，已跳过。原因：接口返回错误代码：-352，信息：风控校验失败。 {'code': -352, 'message': '风控校验失败', 'ttl': 1, 'data': {'v_voucher': 'voucher_d00b9054-5ec8-4aeb-b340-c567678b5cc0'}}
[WARN]: 作者 10440146 抓取失败，已跳过。原因：接口返回错误代码：-352，信息：风控校验失败。 {'code': -352, 'message': '风控校验失败', 'ttl': 1, 'data': {'v_voucher': 'voucher_a967bd02-3799-4fde-9d82-6c62cb0305b9'}}
[WARN]: 作者 18542140 抓取失败，已跳过。原因：接口返回错误代码：-352，信息：风控校验失败。 {'code': -352, 'message': '风控校验失败', 'ttl': 1, 'data': {'v_voucher': 'voucher_143b8702-dd0c-463b-9f64-2cf441c43822'}}
[WARN]: 作者 133321176 抓取失败，已跳过。原因：接口返回错误代码：-352，信息：风控校验失败。 {'code': -352, 'message': '风控校验失败', 'ttl': 1, 'data': {'v_voucher': 'voucher_03cf2aab-cc0d-4e85-9ffe-84113622a10e'}}
[WARN]: 作者 207695053 抓取失败，已跳过。原因：接口返回错误代码：-352，信息：风控校验失败。 {'code': -352, 'message': '风控校验失败', 'ttl': 1, 'data': {'v_voucher': 'voucher_2cb213f3-bb37-4c2c-b0f1-f044e225d359'}}
[WARN]: 作者 240852096 抓取失败，已跳过。原因：接口返回错误代码：-352，信息：风控校验失败。 {'code': -352, 'message': '风控校验失败', 'ttl': 1, 'data': {'v_voucher': 'voucher_b28be2bc-b7c4-41a7-974a-675e5218c724'}}
[WARN]: 作者 351561048 抓取失败，已跳过。原因：接口返回错误代码：-352，信息：风控校验失败。 {'code': -352, 'message': '风控校验失败', 'ttl': 1, 'data': {'v_voucher': 'voucher_dc72930e-5834-4b8f-bf96-69d9c4a7461a'}}
[WARN]: 作者 355287933 抓取失败，已跳过。原因：接口返回错误代码：-352，信息：风控校验失败。 {'code': -352, 'message': '风控校验失败', 'ttl': 1, 'data': {'v_voucher': 'voucher_f7bb65eb-da00-45eb-ada2-896db7451bc2'}}
[WARN]: 作者 381374122 抓取失败，已跳过。原因：接口返回错误代码：-352，信息：风控校验失败。 {'code': -352, 'message': '风控校验失败', 'ttl': 1, 'data': {'v_voucher': 'voucher_c215643f-aadb-4850-92ad-75db1783d61b'}}
[WARN]: 作者 478148940 抓取失败，已跳过。原因：接口返回错误代码：-352，信息：风控校验失败。 {'code': -352, 'message': '风控校验失败', 'ttl': 1, 'data': {'v_voucher': 'voucher_d6772628-708c-46b9-81cb-49cee5334c15'}}
[WARN]: 作者 479775407 抓取失败，已跳过。原因：接口返回错误代码：-352，信息：风控校验失败。 {'code': -352, 'message': '风控校验失败', 'ttl': 1, 'data': {'v_voucher': 'voucher_a82b9e06-d254-4e29-a4c3-3f38b3f810c1'}}
[WARN]: 作者 602868330 抓取失败，已跳过。原因：接口返回错误代码：-352，信息：风控校验失败。 {'code': -352, 'message': '风控校验失败', 'ttl': 1, 'data': {'v_voucher': 'voucher_4b7270ff-d2aa-4d34-8e2c-ac7997b6de80'}}
[WARN]: 作者 1073024449 抓取失败，已跳过。原因：接口返回错误代码：-352，信息：风控校验失败。 {'code': -352, 'message': '风控校验失败', 'ttl': 1, 'data': {'v_voucher': 'voucher_6c2a9622-0c21-4b19-9ef4-2e0920cb1fc2'}}
[WARN]: 作者 1106030635 抓取失败，已跳过。原因：接口返回错误代码：-352，信息：风控校验失败。 {'code': -352, 'message': '风控校验失败', 'ttl': 1, 'data': {'v_voucher': 'voucher_0e32d3cc-4a27-401a-a71a-3c5ddacb4217'}}
[WARN]: 作者 1453303159 抓取失败，已跳过。原因：接口返回错误代码：-352，信息：风控校验失败。 {'code': -352, 'message': '风控校验失败', 'ttl': 1, 'data': {'v_voucher': 'voucher_3351bdf0-0837-4943-a558-8dccde71d430'}}
[WARN]: 作者 3537109900069069 抓取失败，已跳过。原因：接口返回错误代码：-352，信息：风控校验失败。 {'code': -352, 'message': '风控校验失败', 'ttl': 1, 'data': {'v_voucher': 'voucher_547038d6-ce6d-4faf-9091-2623b824c516'}}
[WARN]: 作者 3546560881232012 抓取失败，已跳过。原因：接口返回错误代码：-352，信息：风控校验失败。 {'code': -352, 'message': '风控校验失败', 'ttl': 1, 'data': {'v_voucher': 'voucher_679b7e91-f48e-4ebc-a737-e81e2b6e0f29'}}
[WARN]: 作者 3546958694189869 抓取失败，已跳过。原因：接口返回错误代码：-352，信息：风控校验失败。 {'code': -352, 'message': '风控校验失败', 'ttl': 1, 'data': {'v_voucher': 'voucher_64b27d87-0da0-4e19-b913-3b2fff00988a'}}
[WARN]: 作者 3632312520542702 抓取失败，已跳过。原因：接口返回错误代码：-352，信息：风控校验失败。 {'code': -352, 'message': '风控校验失败', 'ttl': 1, 'data': {'v_voucher': 'voucher_be47099d-3620-4882-a6ae-5366742fe895'}}
[INFO]: 第 55/149 批完成，新增 2 条视频，累计 3626 条。
[WARN]: 本批有 19 个作者抓取失败。
[INFO]: 批次间暂停 8 秒，降低请求频率。
[INFO]: 开始处理第 56/149 批作者，共 20 个。
[WARN]: 作者 11429061 抓取失败，已跳过。原因：接口返回错误代码：-352，信息：风控校验失败。 {'code': -352, 'message': '风控校验失败', 'ttl': 1, 'data': {'v_voucher': 'voucher_5bdc8438-785c-47cb-88b2-bbd12c44e7c5'}}
[WARN]: 作者 36882676 抓取失败，已跳过。原因：接口返回错误代码：-352，信息：风控校验失败。 {'code': -352, 'message': '风控校验失败', 'ttl': 1, 'data': {'v_voucher': 'voucher_b4cb02b9-5351-4965-8146-295cacbed7c9'}}
[WARN]: 作者 50660116 抓取失败，已跳过。原因：接口返回错误代码：-352，信息：风控校验失败。 {'code': -352, 'message': '风控校验失败', 'ttl': 1, 'data': {'v_voucher': 'voucher_b409dd5c-44eb-47ea-8e46-aa448b23de43'}}
[WARN]: 作者 87442513 抓取失败，已跳过。原因：接口返回错误代码：-352，信息：风控校验失败。 {'code': -352, 'message': '风控校验失败', 'ttl': 1, 'data': {'v_voucher': 'voucher_f30cdb80-8e07-4e14-ae99-6aaf286d4847'}}
[WARN]: 作者 97039736 抓取失败，已跳过。原因：接口返回错误代码：-352，信息：风控校验失败。 {'code': -352, 'message': '风控校验失败', 'ttl': 1, 'data': {'v_voucher': 'voucher_b4c4df07-68a1-41c2-97bf-384f6b67ab44'}}
[WARN]: 作者 174113469 抓取失败，已跳过。原因：接口返回错误代码：-352，信息：风控校验失败。 {'code': -352, 'message': '风控校验失败', 'ttl': 1, 'data': {'v_voucher': 'voucher_c818a7a0-34f3-4f3e-9102-4017f3a5d250'}}
[WARN]: 作者 272654283 抓取失败，已跳过。原因：接口返回错误代码：-352，信息：风控校验失败。 {'code': -352, 'message': '风控校验失败', 'ttl': 1, 'data': {'v_voucher': 'voucher_46d18d0c-b331-4814-930a-d8a1794dfb32'}}
[WARN]: 作者 294675407 抓取失败，已跳过。原因：接口返回错误代码：-352，信息：风控校验失败。 {'code': -352, 'message': '风控校验失败', 'ttl': 1, 'data': {'v_voucher': 'voucher_4d9e4d07-9703-4843-a112-cdda06a33ca3'}}
[WARN]: 作者 303316598 抓取失败，已跳过。原因：接口返回错误代码：-352，信息：风控校验失败。 {'code': -352, 'message': '风控校验失败', 'ttl': 1, 'data': {'v_voucher': 'voucher_b8021015-baf9-4ce1-80f6-73a229f755fa'}}
[WARN]: 作者 437503407 抓取失败，已跳过。原因：接口返回错误代码：-352，信息：风控校验失败。 {'code': -352, 'message': '风控校验失败', 'ttl': 1, 'data': {'v_voucher': 'voucher_b4f41459-3e59-4aff-afc5-c340871722c5'}}
[WARN]: 作者 479366182 抓取失败，已跳过。原因：接口返回错误代码：-352，信息：风控校验失败。 {'code': -352, 'message': '风控校验失败', 'ttl': 1, 'data': {'v_voucher': 'voucher_a86b7dee-c216-4a2f-8d99-115b65cc6c97'}}
[WARN]: 作者 506090703 抓取失败，已跳过。原因：接口返回错误代码：-352，信息：风控校验失败。 {'code': -352, 'message': '风控校验失败', 'ttl': 1, 'data': {'v_voucher': 'voucher_e1d69b3e-31ba-4ebe-bb13-52a4abe403a8'}}
[WARN]: 作者 673970810 抓取失败，已跳过。原因：接口返回错误代码：-352，信息：风控校验失败。 {'code': -352, 'message': '风控校验失败', 'ttl': 1, 'data': {'v_voucher': 'voucher_d1929458-157d-448e-9d3a-cffb26c1d51a'}}
[WARN]: 作者 1055227789 抓取失败，已跳过。原因：接口返回错误代码：-352，信息：风控校验失败。 {'code': -352, 'message': '风控校验失败', 'ttl': 1, 'data': {'v_voucher': 'voucher_8ba5d74b-9c92-4086-ba5c-4bd21dc48910'}}
[WARN]: 作者 1329274919 抓取失败，已跳过。原因：接口返回错误代码：-352，信息：风控校验失败。 {'code': -352, 'message': '风控校验失败', 'ttl': 1, 'data': {'v_voucher': 'voucher_8b8b1b9f-0634-4cf0-bbbc-28be2705313e'}}
[WARN]: 作者 1615641697 抓取失败，已跳过。原因：接口返回错误代码：-352，信息：风控校验失败。 {'code': -352, 'message': '风控校验失败', 'ttl': 1, 'data': {'v_voucher': 'voucher_70d44ba0-27f5-413b-9891-49bcf6c17379'}}
[WARN]: 作者 1732349847 抓取失败，已跳过。原因：接口返回错误代码：-352，信息：风控校验失败。 {'code': -352, 'message': '风控校验失败', 'ttl': 1, 'data': {'v_voucher': 'voucher_fe58c087-2e25-4faa-b62e-2dcf8d993de3'}}
[WARN]: 作者 3493120727583319 抓取失败，已跳过。原因：接口返回错误代码：-352，信息：风控校验失败。 {'code': -352, 'message': '风控校验失败', 'ttl': 1, 'data': {'v_voucher': 'voucher_6ea4cb5a-823a-4baa-b0eb-139e07e171db'}}
[WARN]: 作者 3690990126762809 抓取失败，已跳过。原因：接口返回错误代码：-352，信息：风控校验失败。 {'code': -352, 'message': '风控校验失败', 'ttl': 1, 'data': {'v_voucher': 'voucher_0f3e6fa9-1b98-4245-9f44-3514db4eb851'}}
[WARN]: 作者 3706924193286726 抓取失败，已跳过。原因：接口返回错误代码：-352，信息：风控校验失败。 {'code': -352, 'message': '风控校验失败', 'ttl': 1, 'data': {'v_voucher': 'voucher_aad83b0e-56b7-4fef-a484-db9d99b071ce'}}
[INFO]: 第 56/149 批完成，新增 0 条视频，累计 3626 条。
[WARN]: 本批有 20 个作者抓取失败。
[WARN]: 检测到当前批次全部作者抓取失败，已提前停止后续批次，并将输出本次已抓取视频列表及剩余作者 UID。
[INFO]: 全局 videolist 去重检查完成：历史任务中已有 294641 个唯一 bvid，本次过滤掉 403 条重复视频。
[INFO]: 已在导出前移除与 `uid_expansions/` 历史 videolist 重复的视频条目，确保全局视频列表保持增量不重。
[INFO]: 视频列表已导出：outputs\video_pool\uid_expansions\uid_expansion_20250923_20260329_005818\videolist_part_1.csv
[INFO]: 剩余作者 UID 已导出：outputs\video_pool\uid_expansions\uid_expansion_20250923_20260329_005818\remaining_uids_part_1.csv
[INFO]: 本次实际抓取到的视频发布日期范围为 2026-03-25T00:23:29 -> 2026-03-29T00:53:36。
[INFO]: 导出完成：outputs\video_pool\uid_expansions\uid_expansion_20250923_20260329_005818\videolist_part_1.csv
[TIMESTAMP][END] 2026-03-29T01:46:47
