[TIMESTAMP][BEGIN] 2026-04-03T22:42:59
[2026-04-03 22:43:02] 开始执行 CSV 批量抓取子任务 part_7。
[2026-04-03 22:43:02] 子任务开始时间：2026-04-03T22:42:59.400384
[2026-04-03 22:43:02] 输入文件：batch_input_7.csv
[2026-04-03 22:43:02] 输入唯一 bvid 数量：100
[2026-04-03 22:43:02] 为严格按 CSV 顺序判断连续失败阈值，本次任务自动将并发度从 2 调整为 1。
[2026-04-03 22:43:09] [SUCCESS] bvid=BV11S9WByEF7 已成功抓取全部所需数据。
[2026-04-03 22:43:16] [SUCCESS] bvid=BV1FjXfBwEkF 已成功抓取全部所需数据。
[2026-04-03 22:43:23] [SUCCESS] bvid=BV1X2XZBDE2X 已成功抓取全部所需数据。
[2026-04-03 22:43:29] [SUCCESS] bvid=BV1X2XZBDEpb 已成功抓取全部所需数据。
[2026-04-03 22:43:36] [SUCCESS] bvid=BV1dkXZBWELT 已成功抓取全部所需数据。
[2026-04-03 22:43:42] [SUCCESS] bvid=BV1VXXDBeE7w 已成功抓取全部所需数据。
[2026-04-03 22:43:49] [SUCCESS] bvid=BV1F4XMBpEGu 已成功抓取全部所需数据。
[2026-04-03 22:43:55] [SUCCESS] bvid=BV1naXWBPEqS 已成功抓取全部所需数据。
[2026-04-03 22:44:03] [SUCCESS] bvid=BV12cXfB3EhE 已成功抓取全部所需数据。
[2026-04-03 22:44:10] [SUCCESS] bvid=BV17kXZBsE3L 已成功抓取全部所需数据。
[2026-04-03 22:44:18] [SUCCESS] bvid=BV1dCXZBXExu 已成功抓取全部所需数据。
[2026-04-03 22:44:25] [SUCCESS] bvid=BV1LCXZB9E9S 已成功抓取全部所需数据。
[2026-04-03 22:44:32] [SUCCESS] bvid=BV1dCXZBXEzg 已成功抓取全部所需数据。
[2026-04-03 22:44:39] [SUCCESS] bvid=BV1LCXZB9Evh 已成功抓取全部所需数据。
[2026-04-03 22:44:45] [SUCCESS] bvid=BV1RCXZBXE54 已成功抓取全部所需数据。
[2026-04-03 22:44:52] [SUCCESS] bvid=BV1z7XfB8EQq 已成功抓取全部所需数据。
[2026-04-03 22:44:59] [SUCCESS] bvid=BV1BjXfBcEkJ 已成功抓取全部所需数据。
[2026-04-03 22:45:05] [SUCCESS] bvid=BV1E7XfBhE1s 已成功抓取全部所需数据。
[2026-04-03 22:45:12] [SUCCESS] bvid=BV1B7XfB8EF1 已成功抓取全部所需数据。
[2026-04-03 22:45:19] [SUCCESS] bvid=BV1z7XfB8E1q 已成功抓取全部所需数据。
[2026-04-03 22:45:26] [SUCCESS] bvid=BV167XfB8EGy 已成功抓取全部所需数据。
[2026-04-03 22:45:33] [SUCCESS] bvid=BV1B7XfB8EdG 已成功抓取全部所需数据。
[2026-04-03 22:45:40] [SUCCESS] bvid=BV1fjezzCEpT 已成功抓取全部所需数据。
[2026-04-03 22:45:47] [SUCCESS] bvid=BV1wVXfBPEU8 已成功抓取全部所需数据。
[2026-04-03 22:45:53] [SUCCESS] bvid=BV1rVXfBAEZf 已成功抓取全部所需数据。
[2026-04-03 22:46:00] [SUCCESS] bvid=BV1cVXfBPEV2 已成功抓取全部所需数据。
[2026-04-03 22:46:07] [SUCCESS] bvid=BV1r5XfBaEBp 已成功抓取全部所需数据。
[2026-04-03 22:46:15] [SUCCESS] bvid=BV1qnXfBtEsk 已成功抓取全部所需数据。
[2026-04-03 22:46:22] [SUCCESS] bvid=BV1dHXfBoERU 已成功抓取全部所需数据。
[2026-04-03 22:46:28] [SUCCESS] bvid=BV1iHXfBoEHz 已成功抓取全部所需数据。
[2026-04-03 22:46:36] [SUCCESS] bvid=BV1GtXeB2Egz 已成功抓取全部所需数据。
[2026-04-03 22:46:43] [SUCCESS] bvid=BV1iWXfBxEsB 已成功抓取全部所需数据。
[2026-04-03 22:46:50] [SUCCESS] bvid=BV1BnXfBbEa7 已成功抓取全部所需数据。
[2026-04-03 22:46:57] [SUCCESS] bvid=BV12PXfBgEdC 已成功抓取全部所需数据。
[2026-04-03 22:47:04] [SUCCESS] bvid=BV11NXfBBEt2 已成功抓取全部所需数据。
[2026-04-03 22:47:10] [SUCCESS] bvid=BV1AgXfBKEX7 已成功抓取全部所需数据。
[2026-04-03 22:47:17] [SUCCESS] bvid=BV1NPXfBgE1D 已成功抓取全部所需数据。
[2026-04-03 22:47:24] [SUCCESS] bvid=BV11NXfBBEvt 已成功抓取全部所需数据。
[2026-04-03 22:47:31] [SUCCESS] bvid=BV1yNXfBBEh2 已成功抓取全部所需数据。
[2026-04-03 22:47:37] [SUCCESS] bvid=BV1UcXfB3EAx 已成功抓取全部所需数据。
[2026-04-03 22:47:44] [SUCCESS] bvid=BV12cXfB3Enw 已成功抓取全部所需数据。
[2026-04-03 22:47:51] [SUCCESS] bvid=BV1tcXfBGEX6 已成功抓取全部所需数据。
[2026-04-03 22:47:58] [SUCCESS] bvid=BV1mcXfB3Emy 已成功抓取全部所需数据。
[2026-04-03 22:48:04] [SUCCESS] bvid=BV1mcXfB3Egb 已成功抓取全部所需数据。
[2026-04-03 22:48:11] [SUCCESS] bvid=BV1kd9WB6EC2 已成功抓取全部所需数据。
[2026-04-03 22:48:17] [SUCCESS] bvid=BV12wXfB6ENm 已成功抓取全部所需数据。
[2026-04-03 22:48:25] [SUCCESS] bvid=BV14wXfBrEZC 已成功抓取全部所需数据。
[2026-04-03 22:48:32] [SUCCESS] bvid=BV1etXfBXEqL 已成功抓取全部所需数据。
[2026-04-03 22:48:39] [SUCCESS] bvid=BV1CgXfBNEL5 已成功抓取全部所需数据。
[2026-04-03 22:48:46] [SUCCESS] bvid=BV1r3XfBeEyz 已成功抓取全部所需数据。
[2026-04-03 22:48:53] [SUCCESS] bvid=BV1yTXfBTEyK 已成功抓取全部所需数据。
[2026-04-03 22:48:59] [SUCCESS] bvid=BV1b6XfByEKM 已成功抓取全部所需数据。
[2026-04-03 22:49:06] [SUCCESS] bvid=BV1bzXfBLErC 已成功抓取全部所需数据。
[2026-04-03 22:49:13] [SUCCESS] bvid=BV18qXfB2ExW 已成功抓取全部所需数据。
[2026-04-03 22:49:20] [SUCCESS] bvid=BV1tzXfBLEtr 已成功抓取全部所需数据。
[2026-04-03 22:49:26] [SUCCESS] bvid=BV1uzXfBjEo1 已成功抓取全部所需数据。
[2026-04-03 22:49:33] [SUCCESS] bvid=BV1tzXfBLEb2 已成功抓取全部所需数据。
[2026-04-03 22:49:39] [SUCCESS] bvid=BV1e8XfBHEuA 已成功抓取全部所需数据。
[2026-04-03 22:49:46] [SUCCESS] bvid=BV14CXfBkEff 已成功抓取全部所需数据。
[2026-04-03 22:49:53] [SUCCESS] bvid=BV1mCXfBkE7e 已成功抓取全部所需数据。
[2026-04-03 22:50:00] [SUCCESS] bvid=BV1xCXfBkEQS 已成功抓取全部所需数据。
[2026-04-03 22:50:06] [SUCCESS] bvid=BV1TCXfBCE6p 已成功抓取全部所需数据。
[2026-04-03 22:50:12] [SUCCESS] bvid=BV1x1XfB3ErU 已成功抓取全部所需数据。
[2026-04-03 22:50:19] [SUCCESS] bvid=BV1x1XfB3EKM 已成功抓取全部所需数据。
[2026-04-03 22:50:26] [SUCCESS] bvid=BV1s1XfBGEbk 已成功抓取全部所需数据。
[2026-04-03 22:50:33] [SUCCESS] bvid=BV1YtXfBXEer 已成功抓取全部所需数据。
[2026-04-03 22:50:40] [SUCCESS] bvid=BV1RtXfBXEqE 已成功抓取全部所需数据。
[2026-04-03 22:50:46] [SUCCESS] bvid=BV1TM9WBCEM1 已成功抓取全部所需数据。
[2026-04-03 22:50:53] [SUCCESS] bvid=BV1eG9sBfEhC 已成功抓取全部所需数据。
[2026-04-03 22:50:59] [SUCCESS] bvid=BV1Y8XfBHEww 已成功抓取全部所需数据。
[2026-04-03 22:51:06] [SUCCESS] bvid=BV198XfBHELG 已成功抓取全部所需数据。
[2026-04-03 22:51:12] [SUCCESS] bvid=BV1Y8XfBHEE1 已成功抓取全部所需数据。
[2026-04-03 22:51:19] [SUCCESS] bvid=BV1G8XfBpEVr 已成功抓取全部所需数据。
[2026-04-03 22:51:26] [SUCCESS] bvid=BV1a8XfBHEXW 已成功抓取全部所需数据。
[2026-04-03 22:51:33] [SUCCESS] bvid=BV1vsXfBRET5 已成功抓取全部所需数据。
[2026-04-03 22:51:40] [SUCCESS] bvid=BV1ei95BYEA4 已成功抓取全部所需数据。
[2026-04-03 22:51:46] [SUCCESS] bvid=BV1E4XMBHEd5 已成功抓取全部所需数据。
[2026-04-03 22:51:52] [SUCCESS] bvid=BV1HFX8BJEro 已成功抓取全部所需数据。
[2026-04-03 22:52:00] [SUCCESS] bvid=BV1nK97BDEn8 已成功抓取全部所需数据。
[2026-04-03 22:52:07] [SUCCESS] bvid=BV1v4XfBWEvW 已成功抓取全部所需数据。
[2026-04-03 22:52:15] [SUCCESS] bvid=BV1QeXfBUEzj 已成功抓取全部所需数据。
[2026-04-03 22:52:21] [SUCCESS] bvid=BV1SiXfB7EQo 已成功抓取全部所需数据。
[2026-04-03 22:52:28] [SUCCESS] bvid=BV19hXfBDEgu 已成功抓取全部所需数据。
[2026-04-03 22:52:34] [SUCCESS] bvid=BV1QhXfBDE8R 已成功抓取全部所需数据。
[2026-04-03 22:52:41] [SUCCESS] bvid=BV1YhXfBDEWc 已成功抓取全部所需数据。
[2026-04-03 22:52:48] [SUCCESS] bvid=BV1QhXfBDEts 已成功抓取全部所需数据。
[2026-04-03 22:52:54] [SUCCESS] bvid=BV1uc9WBEEjE 已成功抓取全部所需数据。
[2026-04-03 22:53:01] [SUCCESS] bvid=BV1uc9WBEELm 已成功抓取全部所需数据。
[2026-04-03 22:53:08] [SUCCESS] bvid=BV1gc9WBEEWU 已成功抓取全部所需数据。
[2026-04-03 22:53:15] [SUCCESS] bvid=BV14T9WB5E3e 已成功抓取全部所需数据。
[2026-04-03 22:53:22] [SUCCESS] bvid=BV1MN9WB1EPU 已成功抓取全部所需数据。
[2026-04-03 22:53:28] [SUCCESS] bvid=BV1KT9WB5EXf 已成功抓取全部所需数据。
[2026-04-03 22:53:35] [SUCCESS] bvid=BV1UP9WBjEXe 已成功抓取全部所需数据。
[2026-04-03 22:53:42] [SUCCESS] bvid=BV1KT9WB5E9Z 已成功抓取全部所需数据。
[2026-04-03 22:53:49] [SUCCESS] bvid=BV1Mw9WBmEix 已成功抓取全部所需数据。
[2026-04-03 22:53:56] [SUCCESS] bvid=BV1uw9WBmEbr 已成功抓取全部所需数据。
[2026-04-03 22:54:02] [SUCCESS] bvid=BV1e39sB8EZh 已成功抓取全部所需数据。
[2026-04-03 22:54:09] [SUCCESS] bvid=BV14P9WBjEYi 已成功抓取全部所需数据。
[2026-04-03 22:54:18] [SUCCESS] bvid=BV1L29pBZEmv 已成功抓取全部所需数据。
[2026-04-03 22:54:25] [SUCCESS] bvid=BV1j29pBZEXh 已成功抓取全部所需数据。
[2026-04-03 22:54:25] [INFO] 当前 batch_crawl 已完成，所有视频均已成功抓取。
[2026-04-03 22:54:25] 子任务结束时间：2026-04-03T22:54:25.353410
[TIMESTAMP][END] 2026-04-03T22:54:25
