[TIMESTAMP][BEGIN] 2026-04-04T03:35:10
[2026-04-04 03:35:12] 开始执行 CSV 批量抓取子任务 part_27。
[2026-04-04 03:35:12] 子任务开始时间：2026-04-04T03:35:10.391932
[2026-04-04 03:35:12] 输入文件：batch_input_27.csv
[2026-04-04 03:35:12] 输入唯一 bvid 数量：100
[2026-04-04 03:35:12] 为严格按 CSV 顺序判断连续失败阈值，本次任务自动将并发度从 2 调整为 1。
[2026-04-04 03:35:18] [SUCCESS] bvid=BV1urXBBWEDF 已成功抓取全部所需数据。
[2026-04-04 03:35:23] [SUCCESS] bvid=BV1LtXBBAEq2 已成功抓取全部所需数据。
[2026-04-04 03:35:30] [SUCCESS] bvid=BV1LxXBBeEVt 已成功抓取全部所需数据。
[2026-04-04 03:35:36] [SUCCESS] bvid=BV1jpXBBiExb 已成功抓取全部所需数据。
[2026-04-04 03:35:42] [SUCCESS] bvid=BV1WkXoBvE6n 已成功抓取全部所需数据。
[2026-04-04 03:35:48] [SUCCESS] bvid=BV1QyXdB5Emw 已成功抓取全部所需数据。
[2026-04-04 03:35:53] [SUCCESS] bvid=BV1XyXdB5EN1 已成功抓取全部所需数据。
[2026-04-04 03:35:59] [SUCCESS] bvid=BV1YhXBBcEQk 已成功抓取全部所需数据。
[2026-04-04 03:36:05] [SUCCESS] bvid=BV1B8XhBmEu9 已成功抓取全部所需数据。
[2026-04-04 03:36:11] [SUCCESS] bvid=BV1ntXYBZEmh 已成功抓取全部所需数据。
[2026-04-04 03:36:17] [SUCCESS] bvid=BV1tUXhBvEkE 已成功抓取全部所需数据。
[2026-04-04 03:36:23] [SUCCESS] bvid=BV1TpQ6BHEPs 已成功抓取全部所需数据。
[2026-04-04 03:36:29] [SUCCESS] bvid=BV1CbXqBkELa 已成功抓取全部所需数据。
[2026-04-04 03:36:35] [SUCCESS] bvid=BV1RgXzBYEkw 已成功抓取全部所需数据。
[2026-04-04 03:36:42] [SUCCESS] bvid=BV1cZXBBkE2D 已成功抓取全部所需数据。
[2026-04-04 03:36:48] [SUCCESS] bvid=BV1FZXBBkEPj 已成功抓取全部所需数据。
[2026-04-04 03:36:54] [SUCCESS] bvid=BV1a2XvBpEXF 已成功抓取全部所需数据。
[2026-04-04 03:37:01] [SUCCESS] bvid=BV1wRXBByEN4 已成功抓取全部所需数据。
[2026-04-04 03:37:07] [SUCCESS] bvid=BV1ysXqBLE1b 已成功抓取全部所需数据。
[2026-04-04 03:37:12] [SUCCESS] bvid=BV1JGXiBvEyw 已成功抓取全部所需数据。
[2026-04-04 03:37:18] [SUCCESS] bvid=BV1sNXiBgEYU 已成功抓取全部所需数据。
[2026-04-04 03:37:24] [SUCCESS] bvid=BV13aXiBQEvs 已成功抓取全部所需数据。
[2026-04-04 03:37:30] [SUCCESS] bvid=BV13aXiBQEoV 已成功抓取全部所需数据。
[2026-04-04 03:37:35] [SUCCESS] bvid=BV1uBXiBmETg 已成功抓取全部所需数据。
[2026-04-04 03:37:41] [SUCCESS] bvid=BV1MBXiBmEi9 已成功抓取全部所需数据。
[2026-04-04 03:37:47] [SUCCESS] bvid=BV1uBXiBmE7u 已成功抓取全部所需数据。
[2026-04-04 03:37:53] [SUCCESS] bvid=BV1M6XiBjEWU 已成功抓取全部所需数据。
[2026-04-04 03:37:58] [SUCCESS] bvid=BV1M6XiBjEAn 已成功抓取全部所需数据。
[2026-04-04 03:38:05] [SUCCESS] bvid=BV1jpXiBZEu3 已成功抓取全部所需数据。
[2026-04-04 03:38:10] [SUCCESS] bvid=BV1LsXiB4ECC 已成功抓取全部所需数据。
[2026-04-04 03:38:16] [SUCCESS] bvid=BV1LsXiB4ECg 已成功抓取全部所需数据。
[2026-04-04 03:38:22] [SUCCESS] bvid=BV17nXiBFEJm 已成功抓取全部所需数据。
[2026-04-04 03:38:28] [SUCCESS] bvid=BV17nXiBFEGK 已成功抓取全部所需数据。
[2026-04-04 03:38:33] [SUCCESS] bvid=BV1LHXiBbEQ5 已成功抓取全部所需数据。
[2026-04-04 03:38:39] [SUCCESS] bvid=BV1VbXiB9Ekn 已成功抓取全部所需数据。
[2026-04-04 03:38:45] [SUCCESS] bvid=BV1abXiB9EiY 已成功抓取全部所需数据。
[2026-04-04 03:38:51] [SUCCESS] bvid=BV13hXiBpEuo 已成功抓取全部所需数据。
[2026-04-04 03:38:57] [SUCCESS] bvid=BV13hXiBpEGX 已成功抓取全部所需数据。
[2026-04-04 03:39:03] [SUCCESS] bvid=BV1VxXiBdE5p 已成功抓取全部所需数据。
[2026-04-04 03:39:09] [SUCCESS] bvid=BV1RTXqBoEga 已成功抓取全部所需数据。
[2026-04-04 03:39:15] [SUCCESS] bvid=BV1QgXqBREZr 已成功抓取全部所需数据。
[2026-04-04 03:39:21] [SUCCESS] bvid=BV177XeBWEtV 已成功抓取全部所需数据。
[2026-04-04 03:39:26] [SUCCESS] bvid=BV1L7XeBWEpg 已成功抓取全部所需数据。
[2026-04-04 03:39:32] [SUCCESS] bvid=BV134XeB7Eat 已成功抓取全部所需数据。
[2026-04-04 03:39:38] [SUCCESS] bvid=BV1f9XeBZE9s 已成功抓取全部所需数据。
[2026-04-04 03:39:46] [SUCCESS] bvid=BV1jFXvBRELx 已成功抓取全部所需数据。
[2026-04-04 03:39:52] [SUCCESS] bvid=BV19wXvBpECq 已成功抓取全部所需数据。
[2026-04-04 03:39:58] [SUCCESS] bvid=BV1W2XeBeE7d 已成功抓取全部所需数据。
[2026-04-04 03:40:03] [SUCCESS] bvid=BV1A2XeBeE6S 已成功抓取全部所需数据。
[2026-04-04 03:40:09] [SUCCESS] bvid=BV1NkXeBTE6s 已成功抓取全部所需数据。
[2026-04-04 03:40:15] [SUCCESS] bvid=BV1sCXeBiETb 已成功抓取全部所需数据。
[2026-04-04 03:40:21] [SUCCESS] bvid=BV1ACXeBiEMr 已成功抓取全部所需数据。
[2026-04-04 03:40:26] [SUCCESS] bvid=BV1nXXeB8Etv 已成功抓取全部所需数据。
[2026-04-04 03:40:31] [SUCCESS] bvid=BV1fXXeBbEu7 已成功抓取全部所需数据。
[2026-04-04 03:40:37] [SUCCESS] bvid=BV1NWXvBuEhe 已成功抓取全部所需数据。
[2026-04-04 03:40:42] [SUCCESS] bvid=BV11nXvBgEsZ 已成功抓取全部所需数据。
[2026-04-04 03:40:47] [SUCCESS] bvid=BV1C5XhBZEop 已成功抓取全部所需数据。
[2026-04-04 03:40:53] [SUCCESS] bvid=BV1xpQ6BnESo 已成功抓取全部所需数据。
[2026-04-04 03:40:59] [SUCCESS] bvid=BV1XcXYBLE18 已成功抓取全部所需数据。
[2026-04-04 03:41:04] [SUCCESS] bvid=BV1KEXvBkEEh 已成功抓取全部所需数据。
[2026-04-04 03:41:09] [SUCCESS] bvid=BV11nXvBgEMa 已成功抓取全部所需数据。
[2026-04-04 03:41:15] [SUCCESS] bvid=BV12nXvBgEV5 已成功抓取全部所需数据。
[2026-04-04 03:41:21] [SUCCESS] bvid=BV1CtXvBvExb 已成功抓取全部所需数据。
[2026-04-04 03:41:26] [SUCCESS] bvid=BV1ctXvBiEdW 已成功抓取全部所需数据。
[2026-04-04 03:41:31] [SUCCESS] bvid=BV1ktXvBvEco 已成功抓取全部所需数据。
[2026-04-04 03:41:37] [SUCCESS] bvid=BV1k8XvBPEsS 已成功抓取全部所需数据。
[2026-04-04 03:41:42] [SUCCESS] bvid=BV1w4XvBTEzu 已成功抓取全部所需数据。
[2026-04-04 03:41:48] [SUCCESS] bvid=BV1A4XvBTELG 已成功抓取全部所需数据。
[2026-04-04 03:41:53] [SUCCESS] bvid=BV1guXvBUEeP 已成功抓取全部所需数据。
[2026-04-04 03:41:59] [SUCCESS] bvid=BV1S3XvBjEki 已成功抓取全部所需数据。
[2026-04-04 03:42:05] [SUCCESS] bvid=BV1XMXvBEEqF 已成功抓取全部所需数据。
[2026-04-04 03:42:11] [SUCCESS] bvid=BV1VKXvBDE74 已成功抓取全部所需数据。
[2026-04-04 03:42:16] [SUCCESS] bvid=BV1GMXvBJE4J 已成功抓取全部所需数据。
[2026-04-04 03:42:22] [SUCCESS] bvid=BV1uLXvByEzP 已成功抓取全部所需数据。
[2026-04-04 03:42:28] [SUCCESS] bvid=BV16pXhBpE5D 已成功抓取全部所需数据。
[2026-04-04 03:42:34] [SUCCESS] bvid=BV1bLXvByE8Y 已成功抓取全部所需数据。
[2026-04-04 03:42:40] [SUCCESS] bvid=BV1ULXvBCEhR 已成功抓取全部所需数据。
[2026-04-04 03:42:46] [SUCCESS] bvid=BV1gGXvB2EdW 已成功抓取全部所需数据。
[2026-04-04 03:42:52] [SUCCESS] bvid=BV1S5XvB5E1b 已成功抓取全部所需数据。
[2026-04-04 03:42:58] [SUCCESS] bvid=BV1u5XvBLEfQ 已成功抓取全部所需数据。
[2026-04-04 03:43:04] [SUCCESS] bvid=BV1vqXYBDEve 已成功抓取全部所需数据。
[2026-04-04 03:43:10] [SUCCESS] bvid=BV1a2XvBpEfE 已成功抓取全部所需数据。
[2026-04-04 03:43:16] [SUCCESS] bvid=BV1R2XvBpEJS 已成功抓取全部所需数据。
[2026-04-04 03:43:22] [SUCCESS] bvid=BV1QmXvBQE2v 已成功抓取全部所需数据。
[2026-04-04 03:43:28] [SUCCESS] bvid=BV19mXvBQEsr 已成功抓取全部所需数据。
[2026-04-04 03:43:34] [SUCCESS] bvid=BV1XSXWBQEjy 已成功抓取全部所需数据。
[2026-04-04 03:43:40] [SUCCESS] bvid=BV1eCXvBsEp1 已成功抓取全部所需数据。
[2026-04-04 03:43:46] [SUCCESS] bvid=BV1eCXvBsErx 已成功抓取全部所需数据。
[2026-04-04 03:43:52] [SUCCESS] bvid=BV1hXXvBEEjJ 已成功抓取全部所需数据。
[2026-04-04 03:43:58] [SUCCESS] bvid=BV1LyXvBREAc 已成功抓取全部所需数据。
[2026-04-04 03:44:04] [SUCCESS] bvid=BV1QXXvBEEcq 已成功抓取全部所需数据。
[2026-04-04 03:44:09] [SUCCESS] bvid=BV1DXXvBEEv5 已成功抓取全部所需数据。
[2026-04-04 03:44:15] [SUCCESS] bvid=BV1bXXvBEEQQ 已成功抓取全部所需数据。
[2026-04-04 03:44:21] [SUCCESS] bvid=BV1YSXvBnENG 已成功抓取全部所需数据。
[2026-04-04 03:44:27] [SUCCESS] bvid=BV1hSXvBnEo7 已成功抓取全部所需数据。
[2026-04-04 03:44:32] [SUCCESS] bvid=BV1zeXvBhE2S 已成功抓取全部所需数据。
[2026-04-04 03:44:38] [SUCCESS] bvid=BV18DXvBSEeD 已成功抓取全部所需数据。
[2026-04-04 03:44:44] [SUCCESS] bvid=BV16eXvBhEeB 已成功抓取全部所需数据。
[2026-04-04 03:44:50] [SUCCESS] bvid=BV1ziXvBFEWX 已成功抓取全部所需数据。
[2026-04-04 03:44:55] [SUCCESS] bvid=BV1ZiXvBFEYy 已成功抓取全部所需数据。
[2026-04-04 03:44:55] [INFO] 当前 batch_crawl 已完成，所有视频均已成功抓取。
[2026-04-04 03:44:55] 子任务结束时间：2026-04-04T03:44:55.930641
[TIMESTAMP][END] 2026-04-04T03:44:55
