[TIMESTAMP][BEGIN] 2026-04-04T04:16:29
[2026-04-04 04:16:32] 开始执行 CSV 批量抓取子任务 part_31。
[2026-04-04 04:16:32] 子任务开始时间：2026-04-04T04:16:29.729799
[2026-04-04 04:16:32] 输入文件：batch_input_31.csv
[2026-04-04 04:16:32] 输入唯一 bvid 数量：100
[2026-04-04 04:16:32] 为严格按 CSV 顺序判断连续失败阈值，本次任务自动将并发度从 2 调整为 1。
[2026-04-04 04:16:38] [SUCCESS] bvid=BV1k7XhBdEdu 已成功抓取全部所需数据。
[2026-04-04 04:16:44] [SUCCESS] bvid=BV1KVXhB8Ek3 已成功抓取全部所需数据。
[2026-04-04 04:16:50] [SUCCESS] bvid=BV12VXhBbEcE 已成功抓取全部所需数据。
[2026-04-04 04:16:57] [SUCCESS] bvid=BV1GcXhBBEbN 已成功抓取全部所需数据。
[2026-04-04 04:17:02] [SUCCESS] bvid=BV115XhBZEBL 已成功抓取全部所需数据。
[2026-04-04 04:17:08] [SUCCESS] bvid=BV1SnXDBxEe8 已成功抓取全部所需数据。
[2026-04-04 04:17:14] [SUCCESS] bvid=BV1p1XoBYEjT 已成功抓取全部所需数据。
[2026-04-04 04:17:19] [SUCCESS] bvid=BV1N5XhBfEBG 已成功抓取全部所需数据。
[2026-04-04 04:17:24] [SUCCESS] bvid=BV115XhBZEac 已成功抓取全部所需数据。
[2026-04-04 04:17:30] [SUCCESS] bvid=BV1rJXhBsEB6 已成功抓取全部所需数据。
[2026-04-04 04:17:36] [SUCCESS] bvid=BV1AzQZBeEsy 已成功抓取全部所需数据。
[2026-04-04 04:17:42] [SUCCESS] bvid=BV1rpXhBpEfA 已成功抓取全部所需数据。
[2026-04-04 04:17:47] [SUCCESS] bvid=BV1L7XaB1E8K 已成功抓取全部所需数据。
[2026-04-04 04:17:54] [SUCCESS] bvid=BV1vjXRByEE3 已成功抓取全部所需数据。
[2026-04-04 04:17:59] [SUCCESS] bvid=BV1rfXQBEEqH 已成功抓取全部所需数据。
[2026-04-04 04:18:05] [SUCCESS] bvid=BV1hAXhBTE5x 已成功抓取全部所需数据。
[2026-04-04 04:18:11] [SUCCESS] bvid=BV1HgXoBtEBf 已成功抓取全部所需数据。
[2026-04-04 04:18:17] [SUCCESS] bvid=BV1f5XoB9EJH 已成功抓取全部所需数据。
[2026-04-04 04:18:23] [SUCCESS] bvid=BV1NAXoBAE8q 已成功抓取全部所需数据。
[2026-04-04 04:18:30] [SUCCESS] bvid=BV1eJXRBkEy7 已成功抓取全部所需数据。
[2026-04-04 04:18:35] [SUCCESS] bvid=BV1kwXaBdE8y 已成功抓取全部所需数据。
[2026-04-04 04:18:42] [SUCCESS] bvid=BV1WrXpBMEpq 已成功抓取全部所需数据。
[2026-04-04 04:18:47] [SUCCESS] bvid=BV1wWXhBXEc5 已成功抓取全部所需数据。
[2026-04-04 04:18:53] [SUCCESS] bvid=BV1kJXhBsEg2 已成功抓取全部所需数据。
[2026-04-04 04:18:59] [SUCCESS] bvid=BV1AJXhBxE92 已成功抓取全部所需数据。
[2026-04-04 04:19:05] [SUCCESS] bvid=BV1rJXhBsEDA 已成功抓取全部所需数据。
[2026-04-04 04:19:11] [SUCCESS] bvid=BV1wJXhBxEW8 已成功抓取全部所需数据。
[2026-04-04 04:19:18] [SUCCESS] bvid=BV1rJXhBsEfj 已成功抓取全部所需数据。
[2026-04-04 04:19:23] [SUCCESS] bvid=BV1HnXhBREnB 已成功抓取全部所需数据。
[2026-04-04 04:19:29] [SUCCESS] bvid=BV1rnXhB9Eip 已成功抓取全部所需数据。
[2026-04-04 04:19:34] [SUCCESS] bvid=BV1SPXhBvEBb 已成功抓取全部所需数据。
[2026-04-04 04:19:40] [SUCCESS] bvid=BV1AnXhBREMf 已成功抓取全部所需数据。
[2026-04-04 04:19:46] [SUCCESS] bvid=BV1uPXhBiEt2 已成功抓取全部所需数据。
[2026-04-04 04:19:52] [SUCCESS] bvid=BV1DPXhBvEhh 已成功抓取全部所需数据。
[2026-04-04 04:19:58] [SUCCESS] bvid=BV1UKXhBPEL8 已成功抓取全部所需数据。
[2026-04-04 04:20:04] [SUCCESS] bvid=BV1UKXhBPEBv 已成功抓取全部所需数据。
[2026-04-04 04:20:09] [SUCCESS] bvid=BV1bKXhBAEFr 已成功抓取全部所需数据。
[2026-04-04 04:20:15] [SUCCESS] bvid=BV1UKXhBPEqL 已成功抓取全部所需数据。
[2026-04-04 04:20:20] [SUCCESS] bvid=BV1SAXhBKEXP 已成功抓取全部所需数据。
[2026-04-04 04:20:26] [SUCCESS] bvid=BV1wpX9BQEEC 已成功抓取全部所需数据。
[2026-04-04 04:20:33] [SUCCESS] bvid=BV1aWQUBXE6U 已成功抓取全部所需数据。
[2026-04-04 04:20:38] [SUCCESS] bvid=BV1MaXaBKER4 已成功抓取全部所需数据。
[2026-04-04 04:20:45] [SUCCESS] bvid=BV12GXhBFE26 已成功抓取全部所需数据。
[2026-04-04 04:20:50] [SUCCESS] bvid=BV12GXhBFEyW 已成功抓取全部所需数据。
[2026-04-04 04:20:56] [SUCCESS] bvid=BV1YrXhBgECn 已成功抓取全部所需数据。
[2026-04-04 04:21:01] [SUCCESS] bvid=BV11GXhBFEix 已成功抓取全部所需数据。
[2026-04-04 04:21:07] [SUCCESS] bvid=BV11GXhBFEyS 已成功抓取全部所需数据。
[2026-04-04 04:21:12] [SUCCESS] bvid=BV1bTXhBeEPj 已成功抓取全部所需数据。
[2026-04-04 04:21:18] [SUCCESS] bvid=BV1mTXhBYEzG 已成功抓取全部所需数据。
[2026-04-04 04:21:23] [SUCCESS] bvid=BV18TXhBeEYN 已成功抓取全部所需数据。
[2026-04-04 04:21:29] [SUCCESS] bvid=BV1UTXhBYET2 已成功抓取全部所需数据。
[2026-04-04 04:21:36] [SUCCESS] bvid=BV1uTXhBeE6C 已成功抓取全部所需数据。
[2026-04-04 04:21:42] [SUCCESS] bvid=BV1UuXhBwE6R 已成功抓取全部所需数据。
[2026-04-04 04:21:47] [SUCCESS] bvid=BV12uXhBwEoe 已成功抓取全部所需数据。
[2026-04-04 04:21:53] [SUCCESS] bvid=BV1UuXhBwEHy 已成功抓取全部所需数据。
[2026-04-04 04:21:59] [SUCCESS] bvid=BV1hrXhBgEic 已成功抓取全部所需数据。
[2026-04-04 04:22:05] [SUCCESS] bvid=BV19zXhBrENJ 已成功抓取全部所需数据。
[2026-04-04 04:22:10] [SUCCESS] bvid=BV1arXhBgEEe 已成功抓取全部所需数据。
[2026-04-04 04:22:16] [SUCCESS] bvid=BV1YkXhB6E3g 已成功抓取全部所需数据。
[2026-04-04 04:22:22] [SUCCESS] bvid=BV1XrXhBgEdY 已成功抓取全部所需数据。
[2026-04-04 04:22:28] [SUCCESS] bvid=BV1QkXhBzEwo 已成功抓取全部所需数据。
[2026-04-04 04:22:33] [SUCCESS] bvid=BV1srXoBKE3s 已成功抓取全部所需数据。
[2026-04-04 04:22:40] [SUCCESS] bvid=BV1tUXhBvEuw 已成功抓取全部所需数据。
[2026-04-04 04:22:46] [SUCCESS] bvid=BV1eBXhBGEnv 已成功抓取全部所需数据。
[2026-04-04 04:22:51] [SUCCESS] bvid=BV15BXhBVE1B 已成功抓取全部所需数据。
[2026-04-04 04:22:57] [SUCCESS] bvid=BV1LBXhBVEu7 已成功抓取全部所需数据。
[2026-04-04 04:23:02] [SUCCESS] bvid=BV19zXhBrEqB 已成功抓取全部所需数据。
[2026-04-04 04:23:08] [SUCCESS] bvid=BV19JQqBRE5m 已成功抓取全部所需数据。
[2026-04-04 04:23:14] [SUCCESS] bvid=BV1WbQ6BjE7H 已成功抓取全部所需数据。
[2026-04-04 04:23:20] [SUCCESS] bvid=BV1SmXhBKECH 已成功抓取全部所需数据。
[2026-04-04 04:23:25] [SUCCESS] bvid=BV18mXhBKEpX 已成功抓取全部所需数据。
[2026-04-04 04:23:30] [SUCCESS] bvid=BV18UXhBvEMs 已成功抓取全部所需数据。
[2026-04-04 04:23:36] [SUCCESS] bvid=BV1b1XhBqE1J 已成功抓取全部所需数据。
[2026-04-04 04:23:42] [SUCCESS] bvid=BV181XhBqEZm 已成功抓取全部所需数据。
[2026-04-04 04:23:47] [SUCCESS] bvid=BV1Q1XhBqENQ 已成功抓取全部所需数据。
[2026-04-04 04:23:52] [SUCCESS] bvid=BV1b1XhBqEof 已成功抓取全部所需数据。
[2026-04-04 04:23:58] [SUCCESS] bvid=BV17bXhBJE87 已成功抓取全部所需数据。
[2026-04-04 04:24:04] [SUCCESS] bvid=BV1qbXhBEEHq 已成功抓取全部所需数据。
[2026-04-04 04:24:09] [SUCCESS] bvid=BV1EbX9BmEdb 已成功抓取全部所需数据。
[2026-04-04 04:24:16] [SUCCESS] bvid=BV1USX9BAENX 已成功抓取全部所需数据。
[2026-04-04 04:24:21] [SUCCESS] bvid=BV1q8XhBmExC 已成功抓取全部所需数据。
[2026-04-04 04:24:27] [SUCCESS] bvid=BV1BxXhBnEo1 已成功抓取全部所需数据。
[2026-04-04 04:24:32] [SUCCESS] bvid=BV1nxXhBHE4e 已成功抓取全部所需数据。
[2026-04-04 04:24:38] [SUCCESS] bvid=BV19vXhB5EZy 已成功抓取全部所需数据。
[2026-04-04 04:24:43] [SUCCESS] bvid=BV1evXhB5Emc 已成功抓取全部所需数据。
[2026-04-04 04:24:49] [SUCCESS] bvid=BV1evXhB5EUb 已成功抓取全部所需数据。
[2026-04-04 04:24:55] [SUCCESS] bvid=BV1vvXhB5Ew2 已成功抓取全部所需数据。
[2026-04-04 04:25:00] [SUCCESS] bvid=BV1dvXhB5ECH 已成功抓取全部所需数据。
[2026-04-04 04:25:06] [SUCCESS] bvid=BV15iXhByEVH 已成功抓取全部所需数据。
[2026-04-04 04:25:14] [SUCCESS] bvid=BV1viXhBCE8T 已成功抓取全部所需数据。
[2026-04-04 04:25:20] [SUCCESS] bvid=BV1RiXhBCECJ 已成功抓取全部所需数据。
[2026-04-04 04:25:25] [SUCCESS] bvid=BV1vYXhB1E6L 已成功抓取全部所需数据。
[2026-04-04 04:25:31] [SUCCESS] bvid=BV1iYXhB1EzX 已成功抓取全部所需数据。
[2026-04-04 04:25:37] [SUCCESS] bvid=BV1SaXoBGEgw 已成功抓取全部所需数据。
[2026-04-04 04:25:43] [SUCCESS] bvid=BV1dAXUBFErD 已成功抓取全部所需数据。
[2026-04-04 04:25:49] [SUCCESS] bvid=BV1nNXaB9EeE 已成功抓取全部所需数据。
[2026-04-04 04:25:54] [SUCCESS] bvid=BV14iXaBYEpK 已成功抓取全部所需数据。
[2026-04-04 04:26:00] [SUCCESS] bvid=BV1abXoB5E46 已成功抓取全部所需数据。
[2026-04-04 04:26:07] [SUCCESS] bvid=BV1pYXjBJE7q 已成功抓取全部所需数据。
[2026-04-04 04:26:13] [SUCCESS] bvid=BV1ETXaBpEZu 已成功抓取全部所需数据。
[2026-04-04 04:26:13] [INFO] 当前 batch_crawl 已完成，所有视频均已成功抓取。
[2026-04-04 04:26:13] 子任务结束时间：2026-04-04T04:26:13.216746
[TIMESTAMP][END] 2026-04-04T04:26:13
