[TIMESTAMP][BEGIN] 2026-04-04T05:25:03
[2026-04-04 05:25:06] 开始执行 CSV 批量抓取子任务 part_37。
[2026-04-04 05:25:06] 子任务开始时间：2026-04-04T05:25:03.356433
[2026-04-04 05:25:06] 输入文件：batch_input_37.csv
[2026-04-04 05:25:06] 输入唯一 bvid 数量：100
[2026-04-04 05:25:06] 为严格按 CSV 顺序判断连续失败阈值，本次任务自动将并发度从 2 调整为 1。
[2026-04-04 05:25:12] [SUCCESS] bvid=BV1wfXQBJEEF 已成功抓取全部所需数据。
[2026-04-04 05:25:19] [SUCCESS] bvid=BV1rfXQBEEWU 已成功抓取全部所需数据。
[2026-04-04 05:25:26] [SUCCESS] bvid=BV1FjXSBgEdR 已成功抓取全部所需数据。
[2026-04-04 05:25:33] [SUCCESS] bvid=BV1kFXXBmEbC 已成功抓取全部所需数据。
[2026-04-04 05:25:39] [SUCCESS] bvid=BV1rFXXBmEfa 已成功抓取全部所需数据。
[2026-04-04 05:25:46] [SUCCESS] bvid=BV1HjXSBgEj2 已成功抓取全部所需数据。
[2026-04-04 05:25:53] [SUCCESS] bvid=BV167XSBzEWr 已成功抓取全部所需数据。
[2026-04-04 05:26:00] [SUCCESS] bvid=BV1XLXDBfEyK 已成功抓取全部所需数据。
[2026-04-04 05:26:07] [SUCCESS] bvid=BV1F7XSBzE5Y 已成功抓取全部所需数据。
[2026-04-04 05:26:13] [SUCCESS] bvid=BV1r7XSBzECa 已成功抓取全部所需数据。
[2026-04-04 05:26:20] [SUCCESS] bvid=BV1wVXSBGELu 已成功抓取全部所需数据。
[2026-04-04 05:26:27] [SUCCESS] bvid=BV1wVXSBGEVJ 已成功抓取全部所需数据。
[2026-04-04 05:26:33] [SUCCESS] bvid=BV1r5XSBrEJd 已成功抓取全部所需数据。
[2026-04-04 05:26:40] [SUCCESS] bvid=BV1jWXSBvEXE 已成功抓取全部所需数据。
[2026-04-04 05:26:48] [SUCCESS] bvid=BV1A5XSBrEck 已成功抓取全部所需数据。
[2026-04-04 05:26:55] [SUCCESS] bvid=BV1c5XSBrEyP 已成功抓取全部所需数据。
[2026-04-04 05:27:02] [SUCCESS] bvid=BV1c5XSBrErH 已成功抓取全部所需数据。
[2026-04-04 05:27:08] [SUCCESS] bvid=BV1opXSBNERh 已成功抓取全部所需数据。
[2026-04-04 05:27:15] [SUCCESS] bvid=BV1rmX1BaEt2 已成功抓取全部所需数据。
[2026-04-04 05:27:22] [SUCCESS] bvid=BV17WXSBvEXh 已成功抓取全部所需数据。
[2026-04-04 05:27:28] [SUCCESS] bvid=BV1oWXSBeEeV 已成功抓取全部所需数据。
[2026-04-04 05:27:35] [SUCCESS] bvid=BV1FJXSBMEmL 已成功抓取全部所需数据。
[2026-04-04 05:37:42] [SUCCESS] bvid=BV1UzXLBxEH3 已成功抓取全部所需数据。
[2026-04-04 05:37:49] [SUCCESS] bvid=BV1sgXSB5EYC 已成功抓取全部所需数据。
[2026-04-04 05:37:55] [SUCCESS] bvid=BV1CRXSBVEbf 已成功抓取全部所需数据。
[2026-04-04 05:38:01] [SUCCESS] bvid=BV1FnXSBqE4f 已成功抓取全部所需数据。
[2026-04-04 05:38:08] [SUCCESS] bvid=BV1FnXSBqE4v 已成功抓取全部所需数据。
[2026-04-04 05:38:14] [SUCCESS] bvid=BV1JnXSBqE8w 已成功抓取全部所需数据。
[2026-04-04 05:38:23] [SUCCESS] bvid=BV1sTXSBjExp 已成功抓取全部所需数据。
[2026-04-04 05:38:30] [SUCCESS] bvid=BV1KmXKBFEMS 已成功抓取全部所需数据。
[2026-04-04 05:38:36] [SUCCESS] bvid=BV1GhXPBAEpk 已成功抓取全部所需数据。
[2026-04-04 05:38:42] [SUCCESS] bvid=BV1MXXyBgEbk 已成功抓取全部所需数据。
[2026-04-04 05:38:49] [SUCCESS] bvid=BV1qPXDBTEHa 已成功抓取全部所需数据。
[2026-04-04 05:38:55] [SUCCESS] bvid=BV1FnXSBBEdG 已成功抓取全部所需数据。
[2026-04-04 05:39:01] [SUCCESS] bvid=BV1JnXSBqEKf 已成功抓取全部所需数据。
[2026-04-04 05:39:07] [SUCCESS] bvid=BV1znXSBqEmx 已成功抓取全部所需数据。
[2026-04-04 05:39:13] [SUCCESS] bvid=BV1TwXSBSE4E 已成功抓取全部所需数据。
[2026-04-04 05:39:19] [SUCCESS] bvid=BV1KgcjzyEzs 已成功抓取全部所需数据。
[2026-04-04 05:39:25] [SUCCESS] bvid=BV1fnXSBiEMi 已成功抓取全部所需数据。
[2026-04-04 05:39:32] [SUCCESS] bvid=BV1FnXSBqETn 已成功抓取全部所需数据。
[2026-04-04 05:39:38] [SUCCESS] bvid=BV1mgcjzCELu 已成功抓取全部所需数据。
[2026-04-04 05:39:44] [SUCCESS] bvid=BV1BRQzBzExy 已成功抓取全部所需数据。
[2026-04-04 05:39:50] [SUCCESS] bvid=BV1rXXLB2EC4 已成功抓取全部所需数据。
[2026-04-04 05:39:56] [SUCCESS] bvid=BV1YjPpzyEt7 已成功抓取全部所需数据。
[2026-04-04 05:40:03] [SUCCESS] bvid=BV1B4QoBQEfJ 已成功抓取全部所需数据。
[2026-04-04 05:40:09] [SUCCESS] bvid=BV1KwA3zaEue 已成功抓取全部所需数据。
[2026-04-04 05:40:15] [SUCCESS] bvid=BV1NwA3zaEoh 已成功抓取全部所需数据。
[2026-04-04 05:40:21] [SUCCESS] bvid=BV1yyXmBGEeo 已成功抓取全部所需数据。
[2026-04-04 05:40:27] [SUCCESS] bvid=BV1gmXyBCEC2 已成功抓取全部所需数据。
[2026-04-04 05:40:33] [SUCCESS] bvid=BV1bbXnBBER7 已成功抓取全部所需数据。
[2026-04-04 05:40:40] [SUCCESS] bvid=BV1GbXPBeE16 已成功抓取全部所需数据。
[2026-04-04 05:40:46] [SUCCESS] bvid=BV1p8XUBrEEx 已成功抓取全部所需数据。
[2026-04-04 05:40:53] [SUCCESS] bvid=BV1BZXmBYErn 已成功抓取全部所需数据。
[2026-04-04 05:40:59] [SUCCESS] bvid=BV1kQXsBuEqb 已成功抓取全部所需数据。
[2026-04-04 05:41:06] [SUCCESS] bvid=BV1ucXKBaEKD 已成功抓取全部所需数据。
[2026-04-04 05:41:12] [SUCCESS] bvid=BV1t6XSB9Efv 已成功抓取全部所需数据。
[2026-04-04 05:41:18] [SUCCESS] bvid=BV1PSXSBmEGf 已成功抓取全部所需数据。
[2026-04-04 05:41:24] [SUCCESS] bvid=BV1EbXyBdEdm 已成功抓取全部所需数据。
[2026-04-04 05:41:31] [SUCCESS] bvid=BV1hYXsBHE6m 已成功抓取全部所需数据。
[2026-04-04 05:41:36] [SUCCESS] bvid=BV1rDXmBMEdC 已成功抓取全部所需数据。
[2026-04-04 05:41:42] [SUCCESS] bvid=BV1N1XsBGEAb 已成功抓取全部所需数据。
[2026-04-04 05:41:48] [SUCCESS] bvid=BV13dX5BdEgH 已成功抓取全部所需数据。
[2026-04-04 05:41:54] [SUCCESS] bvid=BV19bXmBWEau 已成功抓取全部所需数据。
[2026-04-04 05:42:01] [SUCCESS] bvid=BV1s8XDBJEFz 已成功抓取全部所需数据。
[2026-04-04 05:42:07] [SUCCESS] bvid=BV1UeX1B3EJ4 已成功抓取全部所需数据。
[2026-04-04 05:42:14] [SUCCESS] bvid=BV1eVXDBcE48 已成功抓取全部所需数据。
[2026-04-04 05:42:20] [SUCCESS] bvid=BV1KPXSBEEWD 已成功抓取全部所需数据。
[2026-04-04 05:42:27] [SUCCESS] bvid=BV1McXSBnETj 已成功抓取全部所需数据。
[2026-04-04 05:42:33] [SUCCESS] bvid=BV1bcXSBnEC5 已成功抓取全部所需数据。
[2026-04-04 05:42:40] [SUCCESS] bvid=BV1KNXSBmEUu 已成功抓取全部所需数据。
[2026-04-04 05:42:46] [SUCCESS] bvid=BV1TNXSBmErS 已成功抓取全部所需数据。
[2026-04-04 05:42:52] [SUCCESS] bvid=BV11NXSBmEdo 已成功抓取全部所需数据。
[2026-04-04 05:42:57] [SUCCESS] bvid=BV14NXSBmEmt 已成功抓取全部所需数据。
[2026-04-04 05:43:03] [SUCCESS] bvid=BV1ucXSBnEmb 已成功抓取全部所需数据。
[2026-04-04 05:43:09] [SUCCESS] bvid=BV1ucXSBnEhb 已成功抓取全部所需数据。
[2026-04-04 05:43:15] [SUCCESS] bvid=BV1MwXSBSE5M 已成功抓取全部所需数据。
[2026-04-04 05:43:21] [SUCCESS] bvid=BV1twXSBSEgB 已成功抓取全部所需数据。
[2026-04-04 05:43:27] [SUCCESS] bvid=BV1AgXSB5EnK 已成功抓取全部所需数据。
[2026-04-04 05:43:32] [SUCCESS] bvid=BV1T9QiBCEVi 已成功抓取全部所需数据。
[2026-04-04 05:43:38] [SUCCESS] bvid=BV1sgXSB5EvZ 已成功抓取全部所需数据。
[2026-04-04 05:43:44] [SUCCESS] bvid=BV1p3XSBCEtE 已成功抓取全部所需数据。
[2026-04-04 05:43:50] [SUCCESS] bvid=BV1P3XSBCEmN 已成功抓取全部所需数据。
[2026-04-04 05:43:56] [SUCCESS] bvid=BV1w3XSBCEf4 已成功抓取全部所需数据。
[2026-04-04 05:44:02] [SUCCESS] bvid=BV1SqXSBRER9 已成功抓取全部所需数据。
[2026-04-04 05:44:08] [SUCCESS] bvid=BV1zwXDBzErs 已成功抓取全部所需数据。
[2026-04-04 05:44:14] [SUCCESS] bvid=BV1vTX5BbEc2 已成功抓取全部所需数据。
[2026-04-04 05:44:20] [SUCCESS] bvid=BV1gHXDBdEpg 已成功抓取全部所需数据。
[2026-04-04 05:44:25] [SUCCESS] bvid=BV1wVXLB5Eat 已成功抓取全部所需数据。
[2026-04-04 05:44:32] [SUCCESS] bvid=BV1aeXSBZEYS 已成功抓取全部所需数据。
[2026-04-04 05:44:38] [SUCCESS] bvid=BV1mkXSBHEUL 已成功抓取全部所需数据。
[2026-04-04 05:44:43] [SUCCESS] bvid=BV1h6XSB9ETk 已成功抓取全部所需数据。
[2026-04-04 05:44:49] [SUCCESS] bvid=BV1d4XSBaE3s 已成功抓取全部所需数据。
[2026-04-04 05:44:55] [SUCCESS] bvid=BV1m2XSBSEF9 已成功抓取全部所需数据。
[2026-04-04 05:45:01] [SUCCESS] bvid=BV1SqXSBREi2 已成功抓取全部所需数据。
[2026-04-04 05:45:06] [SUCCESS] bvid=BV1QqXSBRE3q 已成功抓取全部所需数据。
[2026-04-04 05:45:12] [SUCCESS] bvid=BV13qXSBdE4A 已成功抓取全部所需数据。
[2026-04-04 05:45:18] [SUCCESS] bvid=BV1uzXSBsEhN 已成功抓取全部所需数据。
[2026-04-04 05:45:24] [SUCCESS] bvid=BV1DzXSBWEFf 已成功抓取全部所需数据。
[2026-04-04 05:45:29] [SUCCESS] bvid=BV1DzXSBWEpS 已成功抓取全部所需数据。
[2026-04-04 05:45:36] [SUCCESS] bvid=BV1eBXgBQEXr 已成功抓取全部所需数据。
[2026-04-04 05:45:36] [INFO] 当前 batch_crawl 已完成，所有视频均已成功抓取。
[2026-04-04 05:45:36] 子任务结束时间：2026-04-04T05:45:36.088375
[TIMESTAMP][END] 2026-04-04T05:45:36
