[TIMESTAMP][BEGIN] 2026-04-04T07:28:59
[2026-04-04 07:29:02] 开始执行 CSV 批量抓取子任务 part_47。
[2026-04-04 07:29:02] 子任务开始时间：2026-04-04T07:28:59.749889
[2026-04-04 07:29:02] 输入文件：batch_input_47.csv
[2026-04-04 07:29:02] 输入唯一 bvid 数量：100
[2026-04-04 07:29:02] 为严格按 CSV 顺序判断连续失败阈值，本次任务自动将并发度从 2 调整为 1。
[2026-04-04 07:29:08] [SUCCESS] bvid=BV1geXPBcEyu 已成功抓取全部所需数据。
[2026-04-04 07:29:14] [SUCCESS] bvid=BV1TFXVBLE4k 已成功抓取全部所需数据。
[2026-04-04 07:29:20] [SUCCESS] bvid=BV1ToXGB7E7X 已成功抓取全部所需数据。
[2026-04-04 07:29:26] [SUCCESS] bvid=BV1ToXGB7ErD 已成功抓取全部所需数据。
[2026-04-04 07:29:32] [SUCCESS] bvid=BV12bXTBcEuv 已成功抓取全部所需数据。
[2026-04-04 07:29:38] [SUCCESS] bvid=BV11FX3BqETt 已成功抓取全部所需数据。
[2026-04-04 07:29:44] [SUCCESS] bvid=BV1pjXKBnE7x 已成功抓取全部所需数据。
[2026-04-04 07:29:49] [SUCCESS] bvid=BV1Y9XNBKEeh 已成功抓取全部所需数据。
[2026-04-04 07:29:55] [SUCCESS] bvid=BV1j4XKBCEFR 已成功抓取全部所需数据。
[2026-04-04 07:30:01] [SUCCESS] bvid=BV1DTAMzhEvS 已成功抓取全部所需数据。
[2026-04-04 07:30:08] [SUCCESS] bvid=BV1LeXgBsEQw 已成功抓取全部所需数据。
[2026-04-04 07:30:14] [SUCCESS] bvid=BV1EvXWBwELd 已成功抓取全部所需数据。
[2026-04-04 07:30:20] [SUCCESS] bvid=BV1zfX4BGELr 已成功抓取全部所需数据。
[2026-04-04 07:30:26] [SUCCESS] bvid=BV1JLXPBVEH4 已成功抓取全部所需数据。
[2026-04-04 07:30:32] [SUCCESS] bvid=BV1b3XgBgEMr 已成功抓取全部所需数据。
[2026-04-04 07:30:38] [SUCCESS] bvid=BV1rGX4BCE1g 已成功抓取全部所需数据。
[2026-04-04 07:30:44] [SUCCESS] bvid=BV1GhXsB9EMN 已成功抓取全部所需数据。
[2026-04-04 07:30:50] [SUCCESS] bvid=BV1toXGB7E22 已成功抓取全部所需数据。
[2026-04-04 07:30:56] [SUCCESS] bvid=BV1ToXGB7E7R 已成功抓取全部所需数据。
[2026-04-04 07:31:01] [SUCCESS] bvid=BV1TZXGB2E2M 已成功抓取全部所需数据。
[2026-04-04 07:31:07] [SUCCESS] bvid=BV1xZXGB2ESn 已成功抓取全部所需数据。
[2026-04-04 07:31:13] [SUCCESS] bvid=BV1Q8XVB9ERq 已成功抓取全部所需数据。
[2026-04-04 07:31:19] [SUCCESS] bvid=BV1DvXVBnEGC 已成功抓取全部所需数据。
[2026-04-04 07:31:25] [SUCCESS] bvid=BV1uaXVBWEft 已成功抓取全部所需数据。
[2026-04-04 07:31:31] [SUCCESS] bvid=BV1Q8XVB9Emp 已成功抓取全部所需数据。
[2026-04-04 07:31:37] [SUCCESS] bvid=BV1QbXVBsE5D 已成功抓取全部所需数据。
[2026-04-04 07:31:43] [SUCCESS] bvid=BV1DaXVBpE3n 已成功抓取全部所需数据。
[2026-04-04 07:31:48] [SUCCESS] bvid=BV1XbXVBsEVa 已成功抓取全部所需数据。
[2026-04-04 07:31:54] [SUCCESS] bvid=BV194XVBdEnV 已成功抓取全部所需数据。
[2026-04-04 07:32:00] [SUCCESS] bvid=BV1zsXMBXEoM 已成功抓取全部所需数据。
[2026-04-04 07:32:05] [SUCCESS] bvid=BV1swX3BKEP7 已成功抓取全部所需数据。
[2026-04-04 07:32:11] [SUCCESS] bvid=BV1SaXVBpEYe 已成功抓取全部所需数据。
[2026-04-04 07:32:17] [SUCCESS] bvid=BV1MiXVBDEHu 已成功抓取全部所需数据。
[2026-04-04 07:32:24] [SUCCESS] bvid=BV1e4XVBoEik 已成功抓取全部所需数据。
[2026-04-04 07:32:30] [SUCCESS] bvid=BV1XbXVBsE1u 已成功抓取全部所需数据。
[2026-04-04 07:32:35] [SUCCESS] bvid=BV1umXgB1Ezz 已成功抓取全部所需数据。
[2026-04-04 07:32:41] [SUCCESS] bvid=BV1miXVBSEJD 已成功抓取全部所需数据。
[2026-04-04 07:32:47] [SUCCESS] bvid=BV1PXXKBdEez 已成功抓取全部所需数据。
[2026-04-04 07:32:53] [SUCCESS] bvid=BV1miXVBSEvM 已成功抓取全部所需数据。
[2026-04-04 07:32:59] [SUCCESS] bvid=BV1SiXVBSEuo 已成功抓取全部所需数据。
[2026-04-04 07:33:05] [SUCCESS] bvid=BV1fLXVBPEG7 已成功抓取全部所需数据。
[2026-04-04 07:33:11] [SUCCESS] bvid=BV1JhXgB4ELK 已成功抓取全部所需数据。
[2026-04-04 07:33:17] [SUCCESS] bvid=BV13zXKBvEba 已成功抓取全部所需数据。
[2026-04-04 07:33:23] [SUCCESS] bvid=BV1SWXTBeEJw 已成功抓取全部所需数据。
[2026-04-04 07:33:29] [SUCCESS] bvid=BV1GvXKBMEAb 已成功抓取全部所需数据。
[2026-04-04 07:33:35] [SUCCESS] bvid=BV1UBXVBEEUW 已成功抓取全部所需数据。
[2026-04-04 07:33:40] [SUCCESS] bvid=BV1DYXVBQEzX 已成功抓取全部所需数据。
[2026-04-04 07:33:46] [SUCCESS] bvid=BV1uYXVBXEbc 已成功抓取全部所需数据。
[2026-04-04 07:33:51] [SUCCESS] bvid=BV1SvXVBnESd 已成功抓取全部所需数据。
[2026-04-04 07:33:57] [SUCCESS] bvid=BV1UvXVBnEq9 已成功抓取全部所需数据。
[2026-04-04 07:34:03] [SUCCESS] bvid=BV1oEXVBwExH 已成功抓取全部所需数据。
[2026-04-04 07:34:08] [SUCCESS] bvid=BV1ZEXVBwELS 已成功抓取全部所需数据。
[2026-04-04 07:34:14] [SUCCESS] bvid=BV1oJXVBhEUG 已成功抓取全部所需数据。
[2026-04-04 07:34:19] [SUCCESS] bvid=BV1dJXVBhEhe 已成功抓取全部所需数据。
[2026-04-04 07:34:25] [SUCCESS] bvid=BV1FLXVBNEha 已成功抓取全部所需数据。
[2026-04-04 07:34:31] [SUCCESS] bvid=BV1CqXuBYEvi 已成功抓取全部所需数据。
[2026-04-04 07:34:36] [SUCCESS] bvid=BV1EpXbB1E2C 已成功抓取全部所需数据。
[2026-04-04 07:34:42] [SUCCESS] bvid=BV1awXgBjEKs 已成功抓取全部所需数据。
[2026-04-04 07:34:48] [SUCCESS] bvid=BV1dpXVBbEH5 已成功抓取全部所需数据。
[2026-04-04 07:34:53] [SUCCESS] bvid=BV1YZXTB3E91 已成功抓取全部所需数据。
[2026-04-04 07:35:00] [SUCCESS] bvid=BV1ojXVBYERb 已成功抓取全部所需数据。
[2026-04-04 07:35:05] [SUCCESS] bvid=BV1fjXVBYE6S 已成功抓取全部所需数据。
[2026-04-04 07:35:11] [SUCCESS] bvid=BV1fjXVBYEao 已成功抓取全部所需数据。
[2026-04-04 07:35:16] [SUCCESS] bvid=BV1ZjXVBYEtR 已成功抓取全部所需数据。
[2026-04-04 07:35:21] [SUCCESS] bvid=BV1SpXTBNE7B 已成功抓取全部所需数据。
[2026-04-04 07:35:27] [SUCCESS] bvid=BV12QQmBCE2N 已成功抓取全部所需数据。
[2026-04-04 07:35:33] [SUCCESS] bvid=BV1U2cUzuED6 已成功抓取全部所需数据。
[2026-04-04 07:35:38] [SUCCESS] bvid=BV19DXNBMEQm 已成功抓取全部所需数据。
[2026-04-04 07:35:44] [SUCCESS] bvid=BV1BJXsBcEK8 已成功抓取全部所需数据。
[2026-04-04 07:35:49] [SUCCESS] bvid=BV1SNXMBiEmg 已成功抓取全部所需数据。
[2026-04-04 07:35:55] [SUCCESS] bvid=BV1MPXKB8Ehd 已成功抓取全部所需数据。
[2026-04-04 07:36:00] [SUCCESS] bvid=BV1UxXTBAErG 已成功抓取全部所需数据。
[2026-04-04 07:36:06] [SUCCESS] bvid=BV1h9XABtEei 已成功抓取全部所需数据。
[2026-04-04 07:36:11] [SUCCESS] bvid=BV1rXXsBBEWe 已成功抓取全部所需数据。
[2026-04-04 07:36:17] [SUCCESS] bvid=BV1GYXKBzEQe 已成功抓取全部所需数据。
[2026-04-04 07:36:23] [SUCCESS] bvid=BV1gBXPBtEve 已成功抓取全部所需数据。
[2026-04-04 07:36:45] [SUCCESS] bvid=BV1JhXgB4EVa 已成功抓取全部所需数据。
[2026-04-04 07:36:51] [SUCCESS] bvid=BV1iWXVBfEww 已成功抓取全部所需数据。
[2026-04-04 07:36:56] [SUCCESS] bvid=BV19WXVBZEXz 已成功抓取全部所需数据。
[2026-04-04 07:37:02] [SUCCESS] bvid=BV1oHXVBFEH5 已成功抓取全部所需数据。
[2026-04-04 07:37:07] [SUCCESS] bvid=BV1oHXVBFE6n 已成功抓取全部所需数据。
[2026-04-04 07:37:13] [SUCCESS] bvid=BV1oHXVBFE7U 已成功抓取全部所需数据。
[2026-04-04 07:37:19] [SUCCESS] bvid=BV1oHXVBFENu 已成功抓取全部所需数据。
[2026-04-04 07:37:24] [SUCCESS] bvid=BV1XCXgBEELj 已成功抓取全部所需数据。
[2026-04-04 07:37:30] [SUCCESS] bvid=BV1eBXgBQE9Y 已成功抓取全部所需数据。
[2026-04-04 07:37:35] [SUCCESS] bvid=BV1v6XgBnENv 已成功抓取全部所需数据。
[2026-04-04 07:37:40] [SUCCESS] bvid=BV1ivXgB9EL7 已成功抓取全部所需数据。
[2026-04-04 07:37:46] [SUCCESS] bvid=BV156XgBnEzF 已成功抓取全部所需数据。
[2026-04-04 07:37:52] [SUCCESS] bvid=BV156XgBnE6x 已成功抓取全部所需数据。
[2026-04-04 07:37:58] [SUCCESS] bvid=BV1v6XgBnEMj 已成功抓取全部所需数据。
[2026-04-04 07:38:04] [SUCCESS] bvid=BV1jvXgB9EsL 已成功抓取全部所需数据。
[2026-04-04 07:38:10] [SUCCESS] bvid=BV1jvXgB9EeR 已成功抓取全部所需数据。
[2026-04-04 07:38:17] [SUCCESS] bvid=BV1vvXgB9EqF 已成功抓取全部所需数据。
[2026-04-04 07:38:23] [SUCCESS] bvid=BV1ivXgB9EHW 已成功抓取全部所需数据。
[2026-04-04 07:38:29] [SUCCESS] bvid=BV1jvXgB9Ee8 已成功抓取全部所需数据。
[2026-04-04 07:38:35] [SUCCESS] bvid=BV1GyXgBUEzU 已成功抓取全部所需数据。
[2026-04-04 07:38:41] [SUCCESS] bvid=BV17WXKB1ENN 已成功抓取全部所需数据。
[2026-04-04 07:38:47] [SUCCESS] bvid=BV1GCXgBEEfu 已成功抓取全部所需数据。
[2026-04-04 07:38:52] [SUCCESS] bvid=BV1GyXgBmE5e 已成功抓取全部所需数据。
[2026-04-04 07:38:58] [SUCCESS] bvid=BV1iqXgBpE9s 已成功抓取全部所需数据。
[2026-04-04 07:38:58] [INFO] 当前 batch_crawl 已完成，所有视频均已成功抓取。
[2026-04-04 07:38:58] 子任务结束时间：2026-04-04T07:38:58.434522
[TIMESTAMP][END] 2026-04-04T07:38:58
