[TIMESTAMP][BEGIN] 2026-04-04T06:57:45
[2026-04-04 06:57:47] 开始执行 CSV 批量抓取子任务 part_45。
[2026-04-04 06:57:47] 子任务开始时间：2026-04-04T06:57:45.126981
[2026-04-04 06:57:47] 输入文件：batch_input_45.csv
[2026-04-04 06:57:47] 输入唯一 bvid 数量：100
[2026-04-04 06:57:47] 为严格按 CSV 顺序判断连续失败阈值，本次任务自动将并发度从 2 调整为 1。
[2026-04-04 07:07:54] [SUCCESS] bvid=BV1hgX5B4EvZ 已成功抓取全部所需数据。
[2026-04-04 07:08:02] [SUCCESS] bvid=BV1S5X5B9EVd 已成功抓取全部所需数据。
[2026-04-04 07:08:09] [SUCCESS] bvid=BV1YgX5B4EPg 已成功抓取全部所需数据。
[2026-04-04 07:08:17] [SUCCESS] bvid=BV1vyX5BPERi 已成功抓取全部所需数据。
[2026-04-04 07:08:24] [SUCCESS] bvid=BV1PQXKB4Esd 已成功抓取全部所需数据。
[2026-04-04 07:08:31] [SUCCESS] bvid=BV1XgX5B4EQh 已成功抓取全部所需数据。
[2026-04-04 07:08:37] [SUCCESS] bvid=BV1YgX5B4EEf 已成功抓取全部所需数据。
[2026-04-04 07:08:44] [SUCCESS] bvid=BV1Q3X5BdE1W 已成功抓取全部所需数据。
[2026-04-04 07:08:52] [SUCCESS] bvid=BV1dhXbBuEYC 已成功抓取全部所需数据。
[2026-04-04 07:08:58] [SUCCESS] bvid=BV1cvX5B3EXL 已成功抓取全部所需数据。
[2026-04-04 07:09:06] [SUCCESS] bvid=BV1H8X5BCEaY 已成功抓取全部所需数据。
[2026-04-04 07:09:13] [SUCCESS] bvid=BV14jXGByEF3 已成功抓取全部所需数据。
[2026-04-04 07:09:20] [SUCCESS] bvid=BV1GYXKBzEvM 已成功抓取全部所需数据。
[2026-04-04 07:09:26] [SUCCESS] bvid=BV1jwXxBaEBD 已成功抓取全部所需数据。
[2026-04-04 07:09:33] [SUCCESS] bvid=BV151X5BYEJe 已成功抓取全部所需数据。
[2026-04-04 07:09:39] [SUCCESS] bvid=BV1L1X5BYEYb 已成功抓取全部所需数据。
[2026-04-04 07:09:46] [SUCCESS] bvid=BV1jrX5BKE3Z 已成功抓取全部所需数据。
[2026-04-04 07:09:53] [SUCCESS] bvid=BV17rX5BKEra 已成功抓取全部所需数据。
[2026-04-04 07:10:00] [SUCCESS] bvid=BV1qrX5BKEKf 已成功抓取全部所需数据。
[2026-04-04 07:10:07] [SUCCESS] bvid=BV1jrX5BKEy5 已成功抓取全部所需数据。
[2026-04-04 07:10:14] [SUCCESS] bvid=BV1VDX5BFEqY 已成功抓取全部所需数据。
[2026-04-04 07:10:20] [SUCCESS] bvid=BV11wXsBkEzM 已成功抓取全部所需数据。
[2026-04-04 07:10:27] [SUCCESS] bvid=BV1HiXxBuEFt 已成功抓取全部所需数据。
[2026-04-04 07:10:33] [SUCCESS] bvid=BV1okX5BYEaq 已成功抓取全部所需数据。
[2026-04-04 07:10:40] [SUCCESS] bvid=BV17kX5BvE53 已成功抓取全部所需数据。
[2026-04-04 07:10:46] [SUCCESS] bvid=BV1jkX5BvEm4 已成功抓取全部所需数据。
[2026-04-04 07:10:53] [SUCCESS] bvid=BV1jkX5BiELV 已成功抓取全部所需数据。
[2026-04-04 07:11:00] [SUCCESS] bvid=BV1GDX5BFEu5 已成功抓取全部所需数据。
[2026-04-04 07:11:07] [SUCCESS] bvid=BV1VDX5BFEqb 已成功抓取全部所需数据。
[2026-04-04 07:11:14] [SUCCESS] bvid=BV1VDX5BFEss 已成功抓取全部所需数据。
[2026-04-04 07:11:22] [SUCCESS] bvid=BV1aDX5BFEqa 已成功抓取全部所需数据。
[2026-04-04 07:11:29] [SUCCESS] bvid=BV1PiXTB4Ep9 已成功抓取全部所需数据。
[2026-04-04 07:11:35] [SUCCESS] bvid=BV13QX5BbEzb 已成功抓取全部所需数据。
[2026-04-04 07:11:43] [SUCCESS] bvid=BV19QX5BbEEA 已成功抓取全部所需数据。
[2026-04-04 07:11:49] [SUCCESS] bvid=BV15mX5BAEeX 已成功抓取全部所需数据。
[2026-04-04 07:11:56] [SUCCESS] bvid=BV1GUX5BhEqF 已成功抓取全部所需数据。
[2026-04-04 07:12:04] [SUCCESS] bvid=BV1nvX5BgEpQ 已成功抓取全部所需数据。
[2026-04-04 07:12:11] [SUCCESS] bvid=BV16iX5BzEor 已成功抓取全部所需数据。
[2026-04-04 07:12:17] [SUCCESS] bvid=BV1T1XKBhET9 已成功抓取全部所需数据。
[2026-04-04 07:12:24] [SUCCESS] bvid=BV1exXPBiE9X 已成功抓取全部所需数据。
[2026-04-04 07:12:30] [SUCCESS] bvid=BV1XJXTBTEgi 已成功抓取全部所需数据。
[2026-04-04 07:12:37] [SUCCESS] bvid=BV1XvXbBiErc 已成功抓取全部所需数据。
[2026-04-04 07:12:44] [SUCCESS] bvid=BV1T1XKBhEsv 已成功抓取全部所需数据。
[2026-04-04 07:12:51] [SUCCESS] bvid=BV1ZvXGBaE2D 已成功抓取全部所需数据。
[2026-04-04 07:12:58] [SUCCESS] bvid=BV1u9XGBJEuu 已成功抓取全部所需数据。
[2026-04-04 07:13:04] [SUCCESS] bvid=BV1cjXLBGE5B 已成功抓取全部所需数据。
[2026-04-04 07:13:11] [SUCCESS] bvid=BV1ZPXTB7Ey5 已成功抓取全部所需数据。
[2026-04-04 07:13:18] [SUCCESS] bvid=BV1ToXGB7EC5 已成功抓取全部所需数据。
[2026-04-04 07:13:25] [SUCCESS] bvid=BV1ekXGBoEBq 已成功抓取全部所需数据。
[2026-04-04 07:13:31] [SUCCESS] bvid=BV1vcXGBREEZ 已成功抓取全部所需数据。
[2026-04-04 07:13:37] [SUCCESS] bvid=BV1raX5BGEFy 已成功抓取全部所需数据。
[2026-04-04 07:13:44] [SUCCESS] bvid=BV15UX5BhE2A 已成功抓取全部所需数据。
[2026-04-04 07:13:50] [SUCCESS] bvid=BV1HRQRBREY4 已成功抓取全部所需数据。
[2026-04-04 07:13:57] [SUCCESS] bvid=BV1naX5BGErw 已成功抓取全部所需数据。
[2026-04-04 07:14:04] [SUCCESS] bvid=BV1raX5BGEgr 已成功抓取全部所需数据。
[2026-04-04 07:14:10] [SUCCESS] bvid=BV1nYX5BrEPM 已成功抓取全部所需数据。
[2026-04-04 07:14:16] [SUCCESS] bvid=BV1JvX5BgEEM 已成功抓取全部所需数据。
[2026-04-04 07:14:22] [SUCCESS] bvid=BV1WbX5B5ERW 已成功抓取全部所需数据。
[2026-04-04 07:14:28] [SUCCESS] bvid=BV1kbX5B5E6U 已成功抓取全部所需数据。
[2026-04-04 07:14:35] [SUCCESS] bvid=BV1C8X5BCE5K 已成功抓取全部所需数据。
[2026-04-04 07:14:41] [SUCCESS] bvid=BV1H8X5BCEVc 已成功抓取全部所需数据。
[2026-04-04 07:14:48] [SUCCESS] bvid=BV1EBX5BMEng 已成功抓取全部所需数据。
[2026-04-04 07:14:54] [SUCCESS] bvid=BV1JBX5BMEPb 已成功抓取全部所需数据。
[2026-04-04 07:15:00] [SUCCESS] bvid=BV1JBX5BME2k 已成功抓取全部所需数据。
[2026-04-04 07:15:07] [SUCCESS] bvid=BV1JBX5BMEpa 已成功抓取全部所需数据。
[2026-04-04 07:15:13] [SUCCESS] bvid=BV1zBX5BMEzo 已成功抓取全部所需数据。
[2026-04-04 07:15:20] [SUCCESS] bvid=BV1zzX5BqE31 已成功抓取全部所需数据。
[2026-04-04 07:15:26] [SUCCESS] bvid=BV1EzX5BqEst 已成功抓取全部所需数据。
[2026-04-04 07:15:33] [SUCCESS] bvid=BV1EzX5BqEB3 已成功抓取全部所需数据。
[2026-04-04 07:15:39] [SUCCESS] bvid=BV1nvX5BgE8C 已成功抓取全部所需数据。
[2026-04-04 07:15:46] [SUCCESS] bvid=BV1JvX5BgE1g 已成功抓取全部所需数据。
[2026-04-04 07:15:52] [SUCCESS] bvid=BV14JXWBGE1B 已成功抓取全部所需数据。
[2026-04-04 07:15:58] [SUCCESS] bvid=BV1bDXgBCEXD 已成功抓取全部所需数据。
[2026-04-04 07:16:05] [SUCCESS] bvid=BV16iX5BzEbY 已成功抓取全部所需数据。
[2026-04-04 07:16:11] [SUCCESS] bvid=BV1xTXLBEEV4 已成功抓取全部所需数据。
[2026-04-04 07:16:18] [SUCCESS] bvid=BV16iX5BzEhb 已成功抓取全部所需数据。
[2026-04-04 07:16:25] [SUCCESS] bvid=BV1EiX5BzERt 已成功抓取全部所需数据。
[2026-04-04 07:16:32] [SUCCESS] bvid=BV1NMXLBmEWH 已成功抓取全部所需数据。
[2026-04-04 07:16:39] [SUCCESS] bvid=BV1WgXLBjEnT 已成功抓取全部所需数据。
[2026-04-04 07:16:45] [SUCCESS] bvid=BV1PTXLBEE3V 已成功抓取全部所需数据。
[2026-04-04 07:16:52] [SUCCESS] bvid=BV1wgXLBjEmt 已成功抓取全部所需数据。
[2026-04-04 07:16:58] [SUCCESS] bvid=BV1NNXLBSEcq 已成功抓取全部所需数据。
[2026-04-04 07:17:05] [SUCCESS] bvid=BV1PNXLBSE94 已成功抓取全部所需数据。
[2026-04-04 07:17:12] [SUCCESS] bvid=BV1WTXLBEE8T 已成功抓取全部所需数据。
[2026-04-04 07:17:18] [SUCCESS] bvid=BV1r5XLBCEAG 已成功抓取全部所需数据。
[2026-04-04 07:17:24] [SUCCESS] bvid=BV1vbXbB6ERo 已成功抓取全部所需数据。
[2026-04-04 07:17:31] [SUCCESS] bvid=BV1w5XLBCEYJ 已成功抓取全部所需数据。
[2026-04-04 07:17:37] [SUCCESS] bvid=BV1aSAgz6EwQ 已成功抓取全部所需数据。
[2026-04-04 07:17:44] [SUCCESS] bvid=BV1ptXGBTEH5 已成功抓取全部所需数据。
[2026-04-04 07:17:51] [SUCCESS] bvid=BV1KwXLBQEW5 已成功抓取全部所需数据。
[2026-04-04 07:17:57] [SUCCESS] bvid=BV1wVXLB5EDb 已成功抓取全部所需数据。
[2026-04-04 07:18:04] [SUCCESS] bvid=BV1cVXLB5Enx 已成功抓取全部所需数据。
[2026-04-04 07:18:11] [SUCCESS] bvid=BV1wVXLB5Exm 已成功抓取全部所需数据。
[2026-04-04 07:18:18] [SUCCESS] bvid=BV18ZX5BsEJ7 已成功抓取全部所需数据。
[2026-04-04 07:18:24] [SUCCESS] bvid=BV1uZX5BsEQG 已成功抓取全部所需数据。
[2026-04-04 07:18:30] [SUCCESS] bvid=BV1uZX5BsEmM 已成功抓取全部所需数据。
[2026-04-04 07:18:37] [SUCCESS] bvid=BV1gZX5BsENM 已成功抓取全部所需数据。
[2026-04-04 07:18:43] [SUCCESS] bvid=BV13XX5BZEZg 已成功抓取全部所需数据。
[2026-04-04 07:18:50] [SUCCESS] bvid=BV1gXX5BZE4D 已成功抓取全部所需数据。
[2026-04-04 07:18:56] [SUCCESS] bvid=BV1uRX5B4ERu 已成功抓取全部所需数据。
[2026-04-04 07:18:56] [INFO] 当前 batch_crawl 已完成，所有视频均已成功抓取。
[2026-04-04 07:18:56] 子任务结束时间：2026-04-04T07:18:56.898684
[TIMESTAMP][END] 2026-04-04T07:18:56
