[TIMESTAMP][BEGIN] 2026-04-04T02:10:56
[2026-04-04 02:10:59] 开始执行 CSV 批量抓取子任务 part_21。
[2026-04-04 02:10:59] 子任务开始时间：2026-04-04T02:10:56.426131
[2026-04-04 02:10:59] 输入文件：batch_input_21.csv
[2026-04-04 02:10:59] 输入唯一 bvid 数量：100
[2026-04-04 02:10:59] 为严格按 CSV 顺序判断连续失败阈值，本次任务自动将并发度从 2 调整为 1。
[2026-04-04 02:11:07] [SUCCESS] bvid=BV16MXeB8ExL 已成功抓取全部所需数据。
[2026-04-04 02:11:14] [SUCCESS] bvid=BV1WRX6BpELW 已成功抓取全部所需数据。
[2026-04-04 02:11:21] [SUCCESS] bvid=BV1PRX6BpE3M 已成功抓取全部所需数据。
[2026-04-04 02:11:28] [SUCCESS] bvid=BV1QSXvBnELZ 已成功抓取全部所需数据。
[2026-04-04 02:21:31] [ERROR] bvid=BV1qSXrByEMw 抓取失败：stat: Timeout of 600.0s exceeded, last exception: HTTPSConnectionPool(host='bigquery.googleapis.com', port=443): Max retries exceeded with url: /bigquery/v2/projects/bilibili-m2s2vp-research/datasets?prettyPrint=false (Caused by SSLError(SSLEOFError(8, 'EOF occurred in violation of protocol (_ssl.c:1017)')))
[2026-04-04 02:21:38] [SUCCESS] bvid=BV1fSXaBXEPF 已成功抓取全部所需数据。
[2026-04-04 02:21:44] [SUCCESS] bvid=BV1tvQUB5EuZ 已成功抓取全部所需数据。
[2026-04-04 02:21:50] [SUCCESS] bvid=BV1qQXrBVE4d 已成功抓取全部所需数据。
[2026-04-04 02:21:56] [SUCCESS] bvid=BV1mEXqBJEQ7 已成功抓取全部所需数据。
[2026-04-04 02:22:01] [SUCCESS] bvid=BV1b1XbBfEJs 已成功抓取全部所需数据。
[2026-04-04 02:22:07] [SUCCESS] bvid=BV1NRX6BpE3e 已成功抓取全部所需数据。
[2026-04-04 02:22:12] [SUCCESS] bvid=BV1TSX6BdEHf 已成功抓取全部所需数据。
[2026-04-04 02:22:18] [SUCCESS] bvid=BV1KSX6BdEmq 已成功抓取全部所需数据。
[2026-04-04 02:22:23] [SUCCESS] bvid=BV12SX6BdEWB 已成功抓取全部所需数据。
[2026-04-04 02:22:29] [SUCCESS] bvid=BV14SX6BdE8L 已成功抓取全部所需数据。
[2026-04-04 02:22:35] [SUCCESS] bvid=BV1NQX6BsEpB 已成功抓取全部所需数据。
[2026-04-04 02:22:40] [SUCCESS] bvid=BV1KQX6BsEDX 已成功抓取全部所需数据。
[2026-04-04 02:22:45] [SUCCESS] bvid=BV1KQX6BsECT 已成功抓取全部所需数据。
[2026-04-04 02:22:51] [SUCCESS] bvid=BV1cfX6BSEq6 已成功抓取全部所需数据。
[2026-04-04 02:22:57] [SUCCESS] bvid=BV1vXXrBkEBC 已成功抓取全部所需数据。
[2026-04-04 02:23:03] [SUCCESS] bvid=BV128XrBtEjT 已成功抓取全部所需数据。
[2026-04-04 02:23:09] [SUCCESS] bvid=BV128XrBtEEy 已成功抓取全部所需数据。
[2026-04-04 02:23:14] [SUCCESS] bvid=BV1UtXrBfEWQ 已成功抓取全部所需数据。
[2026-04-04 02:23:20] [SUCCESS] bvid=BV1CdX6BQEHp 已成功抓取全部所需数据。
[2026-04-04 02:23:25] [SUCCESS] bvid=BV1AdX6BQEkV 已成功抓取全部所需数据。
[2026-04-04 02:23:31] [SUCCESS] bvid=BV1kdX6BQEix 已成功抓取全部所需数据。
[2026-04-04 02:23:37] [SUCCESS] bvid=BV1WdX6BQE3H 已成功抓取全部所需数据。
[2026-04-04 02:23:42] [SUCCESS] bvid=BV1AdX6BQEjT 已成功抓取全部所需数据。
[2026-04-04 02:23:48] [SUCCESS] bvid=BV1AdX6BQETH 已成功抓取全部所需数据。
[2026-04-04 02:23:53] [SUCCESS] bvid=BV1AdX6BQEef 已成功抓取全部所需数据。
[2026-04-04 02:23:58] [SUCCESS] bvid=BV1AdX6BQEL9 已成功抓取全部所需数据。
[2026-04-04 02:24:03] [SUCCESS] bvid=BV1PdX6BQEWR 已成功抓取全部所需数据。
[2026-04-04 02:24:09] [SUCCESS] bvid=BV1AdX6BQEsb 已成功抓取全部所需数据。
[2026-04-04 02:24:14] [SUCCESS] bvid=BV1AdX6BQEsa 已成功抓取全部所需数据。
[2026-04-04 02:24:19] [SUCCESS] bvid=BV1AdX6BQETG 已成功抓取全部所需数据。
[2026-04-04 02:24:25] [SUCCESS] bvid=BV1PZX6BnEKt 已成功抓取全部所需数据。
[2026-04-04 02:24:31] [SUCCESS] bvid=BV1M4XrBhEgo 已成功抓取全部所需数据。
[2026-04-04 02:24:36] [SUCCESS] bvid=BV1iXXrBkE2y 已成功抓取全部所需数据。
[2026-04-04 02:24:42] [SUCCESS] bvid=BV1m8XrBtEky 已成功抓取全部所需数据。
[2026-04-04 02:24:47] [SUCCESS] bvid=BV128XrBtEtX 已成功抓取全部所需数据。
[2026-04-04 02:24:53] [SUCCESS] bvid=BV1mhXrBoEnw 已成功抓取全部所需数据。
[2026-04-04 02:25:00] [SUCCESS] bvid=BV1ThXrBZEES 已成功抓取全部所需数据。
[2026-04-04 02:25:05] [SUCCESS] bvid=BV1mhXrBoEAe 已成功抓取全部所需数据。
[2026-04-04 02:25:12] [SUCCESS] bvid=BV11hXrBoEXo 已成功抓取全部所需数据。
[2026-04-04 02:25:18] [SUCCESS] bvid=BV12hXrBoE9v 已成功抓取全部所需数据。
[2026-04-04 02:25:24] [SUCCESS] bvid=BV1KhXrBZE3v 已成功抓取全部所需数据。
[2026-04-04 02:25:30] [SUCCESS] bvid=BV11hXrBoEQJ 已成功抓取全部所需数据。
[2026-04-04 02:25:37] [SUCCESS] bvid=BV1mhXrBoE7V 已成功抓取全部所需数据。
[2026-04-04 02:25:43] [SUCCESS] bvid=BV1U4XrB8EJ8 已成功抓取全部所需数据。
[2026-04-04 02:25:49] [SUCCESS] bvid=BV1S4XrB8EE7 已成功抓取全部所需数据。
[2026-04-04 02:25:55] [SUCCESS] bvid=BV1U4XrB8EnC 已成功抓取全部所需数据。
[2026-04-04 02:26:01] [SUCCESS] bvid=BV1U4XrB8Enz 已成功抓取全部所需数据。
[2026-04-04 02:26:07] [SUCCESS] bvid=BV1MbXrBFE1L 已成功抓取全部所需数据。
[2026-04-04 02:26:13] [SUCCESS] bvid=BV1MbXrBFErv 已成功抓取全部所需数据。
[2026-04-04 02:26:19] [SUCCESS] bvid=BV1mtXrBfETw 已成功抓取全部所需数据。
[2026-04-04 02:26:25] [SUCCESS] bvid=BV12YXrBxExM 已成功抓取全部所需数据。
[2026-04-04 02:26:31] [SUCCESS] bvid=BV1yiXrBWEfh 已成功抓取全部所需数据。
[2026-04-04 02:26:36] [SUCCESS] bvid=BV1PiXrBsELy 已成功抓取全部所需数据。
[2026-04-04 02:26:42] [SUCCESS] bvid=BV1kiXrBWEfx 已成功抓取全部所需数据。
[2026-04-04 02:26:48] [SUCCESS] bvid=BV1kYXzBmEDZ 已成功抓取全部所需数据。
[2026-04-04 02:26:54] [SUCCESS] bvid=BV1kiXrBWEZn 已成功抓取全部所需数据。
[2026-04-04 02:27:00] [SUCCESS] bvid=BV1CiXrBWEmZ 已成功抓取全部所需数据。
[2026-04-04 02:27:06] [SUCCESS] bvid=BV1CiXrBWExQ 已成功抓取全部所需数据。
[2026-04-04 02:27:13] [SUCCESS] bvid=BV1yqXrBXEL6 已成功抓取全部所需数据。
[2026-04-04 02:27:19] [SUCCESS] bvid=BV1GoXzBAERR 已成功抓取全部所需数据。
[2026-04-04 02:27:25] [SUCCESS] bvid=BV1kqXrBXEmC 已成功抓取全部所需数据。
[2026-04-04 02:27:31] [SUCCESS] bvid=BV12YXrBxE4j 已成功抓取全部所需数据。
[2026-04-04 02:27:37] [SUCCESS] bvid=BV1ejXrBMEGG 已成功抓取全部所需数据。
[2026-04-04 02:27:44] [SUCCESS] bvid=BV1RvPZzEEJW 已成功抓取全部所需数据。
[2026-04-04 02:27:50] [SUCCESS] bvid=BV1rMXoBZEUM 已成功抓取全部所需数据。
[2026-04-04 02:27:56] [SUCCESS] bvid=BV1h9XqBxEQB 已成功抓取全部所需数据。
[2026-04-04 02:28:01] [SUCCESS] bvid=BV1q5XeBxEWe 已成功抓取全部所需数据。
[2026-04-04 02:28:07] [SUCCESS] bvid=BV1T8XaBqEZf 已成功抓取全部所需数据。
[2026-04-04 02:28:13] [SUCCESS] bvid=BV13nXrBvENd 已成功抓取全部所需数据。
[2026-04-04 02:28:18] [SUCCESS] bvid=BV1XGXzBwEke 已成功抓取全部所需数据。
[2026-04-04 02:28:23] [SUCCESS] bvid=BV1ckXrBnEKb 已成功抓取全部所需数据。
[2026-04-04 02:28:29] [SUCCESS] bvid=BV1qQXrBVEhZ 已成功抓取全部所需数据。
[2026-04-04 02:28:34] [SUCCESS] bvid=BV1t3XkB8E3d 已成功抓取全部所需数据。
[2026-04-04 02:28:40] [SUCCESS] bvid=BV1EJXBBBEpw 已成功抓取全部所需数据。
[2026-04-04 02:28:46] [SUCCESS] bvid=BV1sVX6BnEjD 已成功抓取全部所需数据。
[2026-04-04 02:28:51] [SUCCESS] bvid=BV1yeXrBRELk 已成功抓取全部所需数据。
[2026-04-04 02:28:57] [SUCCESS] bvid=BV157XrBqELk 已成功抓取全部所需数据。
[2026-04-04 02:29:03] [SUCCESS] bvid=BV1QJXrBNERd 已成功抓取全部所需数据。
[2026-04-04 02:29:09] [SUCCESS] bvid=BV197XrBiEpK 已成功抓取全部所需数据。
[2026-04-04 02:29:15] [SUCCESS] bvid=BV1e7XrBqEGf 已成功抓取全部所需数据。
[2026-04-04 02:29:20] [SUCCESS] bvid=BV1X7XrBiEqC 已成功抓取全部所需数据。
[2026-04-04 02:29:25] [SUCCESS] bvid=BV1X7XrBiEs2 已成功抓取全部所需数据。
[2026-04-04 02:29:31] [SUCCESS] bvid=BV1Q7XrBiEqK 已成功抓取全部所需数据。
[2026-04-04 02:29:37] [SUCCESS] bvid=BV1X7XrBiE91 已成功抓取全部所需数据。
[2026-04-04 02:29:42] [SUCCESS] bvid=BV1QJXrBNEvy 已成功抓取全部所需数据。
[2026-04-04 02:29:48] [SUCCESS] bvid=BV1VJXrBKEAN 已成功抓取全部所需数据。
[2026-04-04 02:29:55] [SUCCESS] bvid=BV1QJXrBNEnu 已成功抓取全部所需数据。
[2026-04-04 02:30:01] [SUCCESS] bvid=BV155XrBzEYA 已成功抓取全部所需数据。
[2026-04-04 02:30:07] [SUCCESS] bvid=BV1R5XrBBEDH 已成功抓取全部所需数据。
[2026-04-04 02:30:13] [SUCCESS] bvid=BV15jXrBMEoY 已成功抓取全部所需数据。
[2026-04-04 02:30:18] [SUCCESS] bvid=BV19jXrBTEe1 已成功抓取全部所需数据。
[2026-04-04 02:30:23] [SUCCESS] bvid=BV19jXrBTEw2 已成功抓取全部所需数据。
[2026-04-04 02:30:29] [SUCCESS] bvid=BV19jXrBTE5J 已成功抓取全部所需数据。
[2026-04-04 02:30:34] [SUCCESS] bvid=BV1SWXrBaEGZ 已成功抓取全部所需数据。
[2026-04-04 02:30:40] [SUCCESS] bvid=BV1SWXrBaEuH 已成功抓取全部所需数据。
[2026-04-04 02:30:40] [WARN] 当前子任务已结束，但仍有未成功抓取的视频，已导出 remaining CSV 供继续执行。
[2026-04-04 02:30:40] [INFO] 已导出剔除成功条目后的剩余 CSV：D:\Schoolworks\Thesis\Bilibili-Datahub\outputs\video_data\manual_crawls\manual_crawl_stat_comment_20260403_212256\remaining_bvids_part_21.csv
[2026-04-04 02:30:40] 子任务结束时间：2026-04-04T02:30:40.087070
[TIMESTAMP][END] 2026-04-04T02:30:40
