[TIMESTAMP][BEGIN] 2026-04-03T23:05:45
[2026-04-03 23:05:48] 开始执行 CSV 批量抓取子任务 part_9。
[2026-04-03 23:05:48] 子任务开始时间：2026-04-03T23:05:45.532646
[2026-04-03 23:05:48] 输入文件：batch_input_9.csv
[2026-04-03 23:05:48] 输入唯一 bvid 数量：100
[2026-04-03 23:05:48] 为严格按 CSV 顺序判断连续失败阈值，本次任务自动将并发度从 2 调整为 1。
[2026-04-03 23:05:54] [SUCCESS] bvid=BV1hq9WB9Efx 已成功抓取全部所需数据。
[2026-04-03 23:06:01] [SUCCESS] bvid=BV1Sk9WBJE23 已成功抓取全部所需数据。
[2026-04-03 23:06:08] [SUCCESS] bvid=BV1vY9WB4EGv 已成功抓取全部所需数据。
[2026-04-03 23:06:16] [SUCCESS] bvid=BV1ee9WBdE8F 已成功抓取全部所需数据。
[2026-04-03 23:06:23] [SUCCESS] bvid=BV1XY9WBxEX8 已成功抓取全部所需数据。
[2026-04-03 23:06:29] [SUCCESS] bvid=BV1eY9WB4Ecq 已成功抓取全部所需数据。
[2026-04-03 23:06:36] [SUCCESS] bvid=BV1hz9WBpEH7 已成功抓取全部所需数据。
[2026-04-03 23:06:43] [SUCCESS] bvid=BV1Sk9WBJEZd 已成功抓取全部所需数据。
[2026-04-03 23:06:50] [SUCCESS] bvid=BV1Xz9WBpEFC 已成功抓取全部所需数据。
[2026-04-03 23:06:57] [SUCCESS] bvid=BV1Dk9WBJEwV 已成功抓取全部所需数据。
[2026-04-03 23:07:03] [SUCCESS] bvid=BV1Qz9WBHE3z 已成功抓取全部所需数据。
[2026-04-03 23:07:10] [SUCCESS] bvid=BV1uC9WBSE2W 已成功抓取全部所需数据。
[2026-04-03 23:07:17] [SUCCESS] bvid=BV1Qz9WBHEyh 已成功抓取全部所需数据。
[2026-04-03 23:07:23] [SUCCESS] bvid=BV1Dz9WBHEQ9 已成功抓取全部所需数据。
[2026-04-03 23:07:30] [SUCCESS] bvid=BV1369WBQEbk 已成功抓取全部所需数据。
[2026-04-03 23:07:37] [SUCCESS] bvid=BV1dG9sBfEcx 已成功抓取全部所需数据。
[2026-04-03 23:07:43] [SUCCESS] bvid=BV1vG9sBfEW6 已成功抓取全部所需数据。
[2026-04-03 23:07:50] [SUCCESS] bvid=BV16Z9WBuERq 已成功抓取全部所需数据。
[2026-04-03 23:07:56] [SUCCESS] bvid=BV14H9nBTECu 已成功抓取全部所需数据。
[2026-04-03 23:08:02] [SUCCESS] bvid=BV1e59sBtEQW 已成功抓取全部所需数据。
[2026-04-03 23:08:09] [SUCCESS] bvid=BV1e59sBtECC 已成功抓取全部所需数据。
[2026-04-03 23:08:16] [SUCCESS] bvid=BV1Y59sBtEXR 已成功抓取全部所需数据。
[2026-04-03 23:08:22] [SUCCESS] bvid=BV1ig9sBcEA9 已成功抓取全部所需数据。
[2026-04-03 23:08:29] [SUCCESS] bvid=BV1Sj9nB6EJG 已成功抓取全部所需数据。
[2026-04-03 23:08:36] [SUCCESS] bvid=BV1jy9nBHEtu 已成功抓取全部所需数据。
[2026-04-03 23:08:43] [SUCCESS] bvid=BV1dq9jB6EoG 已成功抓取全部所需数据。
[2026-04-03 23:08:49] [SUCCESS] bvid=BV1pbXWBKEE6 已成功抓取全部所需数据。
[2026-04-03 23:08:56] [SUCCESS] bvid=BV1qq9EBEEJa 已成功抓取全部所需数据。
[2026-04-03 23:09:03] [SUCCESS] bvid=BV1XwXkBiEMM 已成功抓取全部所需数据。
[2026-04-03 23:09:09] [SUCCESS] bvid=BV1Fg9JBdEyR 已成功抓取全部所需数据。
[2026-04-03 23:09:16] [SUCCESS] bvid=BV1pW9jBJEe9 已成功抓取全部所需数据。
[2026-04-03 23:09:22] [SUCCESS] bvid=BV18j9nB6Ews 已成功抓取全部所需数据。
[2026-04-03 23:09:28] [SUCCESS] bvid=BV1hE9sBRExZ 已成功抓取全部所需数据。
[2026-04-03 23:09:35] [SUCCESS] bvid=BV1YE9sBRENq 已成功抓取全部所需数据。
[2026-04-03 23:09:42] [SUCCESS] bvid=BV1Sj9nB6EHU 已成功抓取全部所需数据。
[2026-04-03 23:09:49] [SUCCESS] bvid=BV1hn9sBWE6H 已成功抓取全部所需数据。
[2026-04-03 23:09:56] [SUCCESS] bvid=BV1bE9nBuE7B 已成功抓取全部所需数据。
[2026-04-03 23:10:03] [SUCCESS] bvid=BV11x9nBeE37 已成功抓取全部所需数据。
[2026-04-03 23:10:10] [SUCCESS] bvid=BV1a79sBxE6H 已成功抓取全部所需数据。
[2026-04-03 23:10:17] [SUCCESS] bvid=BV1st9nBAEhE 已成功抓取全部所需数据。
[2026-04-03 23:10:24] [SUCCESS] bvid=BV1yt9nBAEbD 已成功抓取全部所需数据。
[2026-04-03 23:10:31] [SUCCESS] bvid=BV1v19nBDEDx 已成功抓取全部所需数据。
[2026-04-03 23:10:37] [SUCCESS] bvid=BV1kZ9WBuEmn 已成功抓取全部所需数据。
[2026-04-03 23:10:43] [SUCCESS] bvid=BV1AZ9WBgEbK 已成功抓取全部所需数据。
[2026-04-03 23:10:50] [SUCCESS] bvid=BV1st9nBAEgP 已成功抓取全部所需数据。
[2026-04-03 23:10:56] [SUCCESS] bvid=BV1rZ9WBuEXT 已成功抓取全部所需数据。
[2026-04-03 23:11:03] [SUCCESS] bvid=BV1rf9WBBEfv 已成功抓取全部所需数据。
[2026-04-03 23:11:10] [SUCCESS] bvid=BV1xp9nBiEZf 已成功抓取全部所需数据。
[2026-04-03 23:11:16] [SUCCESS] bvid=BV1xs9nBNE2S 已成功抓取全部所需数据。
[2026-04-03 23:11:23] [SUCCESS] bvid=BV1iM9sBaEzG 已成功抓取全部所需数据。
[2026-04-03 23:11:30] [SUCCESS] bvid=BV1FP9sBKEkd 已成功抓取全部所需数据。
[2026-04-03 23:11:36] [SUCCESS] bvid=BV1iM9sBaE6y 已成功抓取全部所需数据。
[2026-04-03 23:11:42] [SUCCESS] bvid=BV1go9nBVEJa 已成功抓取全部所需数据。
[2026-04-03 23:11:49] [SUCCESS] bvid=BV1Wt9nBAEpN 已成功抓取全部所需数据。
[2026-04-03 23:11:56] [SUCCESS] bvid=BV1Ys97BBEW3 已成功抓取全部所需数据。
[2026-04-03 23:12:02] [SUCCESS] bvid=BV1uZ9nBkEt8 已成功抓取全部所需数据。
[2026-04-03 23:12:09] [SUCCESS] bvid=BV1iXXrBCE5d 已成功抓取全部所需数据。
[2026-04-03 23:12:16] [SUCCESS] bvid=BV1BN9sBeEQn 已成功抓取全部所需数据。
[2026-04-03 23:12:23] [SUCCESS] bvid=BV1Zn9HBdEUS 已成功抓取全部所需数据。
[2026-04-03 23:12:30] [SUCCESS] bvid=BV1Z5XoB9EKE 已成功抓取全部所需数据。
[2026-04-03 23:12:37] [SUCCESS] bvid=BV1Z5XoB9ErL 已成功抓取全部所需数据。
[2026-04-03 23:12:43] [SUCCESS] bvid=BV1De9JBuEBa 已成功抓取全部所需数据。
[2026-04-03 23:12:50] [SUCCESS] bvid=BV1GD9nB7EHo 已成功抓取全部所需数据。
[2026-04-03 23:12:57] [SUCCESS] bvid=BV1uF9HB3Esp 已成功抓取全部所需数据。
[2026-04-03 23:13:04] [SUCCESS] bvid=BV1Rp9JBmEpb 已成功抓取全部所需数据。
[2026-04-03 23:13:11] [SUCCESS] bvid=BV1nB9pBPE2F 已成功抓取全部所需数据。
[2026-04-03 23:13:18] [SUCCESS] bvid=BV1op9HBsEND 已成功抓取全部所需数据。
[2026-04-03 23:13:24] [SUCCESS] bvid=BV1J79HBfEvs 已成功抓取全部所需数据。
[2026-04-03 23:13:31] [SUCCESS] bvid=BV1d49HBQEar 已成功抓取全部所需数据。
[2026-04-03 23:13:38] [SUCCESS] bvid=BV1dW9HBREmr 已成功抓取全部所需数据。
[2026-04-03 23:13:44] [SUCCESS] bvid=BV1Ca9VBjEoe 已成功抓取全部所需数据。
[2026-04-03 23:13:51] [SUCCESS] bvid=BV1hu9EBqE1z 已成功抓取全部所需数据。
[2026-04-03 23:13:58] [SUCCESS] bvid=BV1Pu9HBNEfQ 已成功抓取全部所需数据。
[2026-04-03 23:14:04] [SUCCESS] bvid=BV1Ag9HBeECZ 已成功抓取全部所需数据。
[2026-04-03 23:14:12] [SUCCESS] bvid=BV1KK9HBTEMm 已成功抓取全部所需数据。
[2026-04-03 23:14:19] [SUCCESS] bvid=BV1ayXdBLE24 已成功抓取全部所需数据。
[2026-04-03 23:14:26] [SUCCESS] bvid=BV1GyXdBLEmd 已成功抓取全部所需数据。
[2026-04-03 23:14:32] [SUCCESS] bvid=BV1QyXdB5ERy 已成功抓取全部所需数据。
[2026-04-03 23:14:39] [SUCCESS] bvid=BV1QyXdB5EZG 已成功抓取全部所需数据。
[2026-04-03 23:14:46] [SUCCESS] bvid=BV1XyXdB5EJC 已成功抓取全部所需数据。
[2026-04-03 23:14:52] [SUCCESS] bvid=BV1Fj9HB8Eqq 已成功抓取全部所需数据。
[2026-04-03 23:14:59] [SUCCESS] bvid=BV1Y19jBNET1 已成功抓取全部所需数据。
[2026-04-03 23:15:06] [SUCCESS] bvid=BV1eA9EBrEE9 已成功抓取全部所需数据。
[2026-04-03 23:15:13] [SUCCESS] bvid=BV1Dp9LBcECa 已成功抓取全部所需数据。
[2026-04-03 23:15:20] [SUCCESS] bvid=BV1pbXWBKE3F 已成功抓取全部所需数据。
[2026-04-03 23:15:27] [SUCCESS] bvid=BV1Cr97BdEnw 已成功抓取全部所需数据。
[2026-04-03 23:15:34] [SUCCESS] bvid=BV18mwezKEGw 已成功抓取全部所需数据。
[2026-04-03 23:15:41] [SUCCESS] bvid=BV1Mk9HBkEU2 已成功抓取全部所需数据。
[2026-04-03 23:15:48] [SUCCESS] bvid=BV12k9HBrE6j 已成功抓取全部所需数据。
[2026-04-03 23:15:55] [SUCCESS] bvid=BV1kQ9HBvE6c 已成功抓取全部所需数据。
[2026-04-03 23:16:02] [SUCCESS] bvid=BV1xs9nBNEck 已成功抓取全部所需数据。
[2026-04-03 23:16:09] [SUCCESS] bvid=BV1CU9HBqE1S 已成功抓取全部所需数据。
[2026-04-03 23:16:16] [SUCCESS] bvid=BV1QY9HBmEFQ 已成功抓取全部所需数据。
[2026-04-03 23:16:23] [SUCCESS] bvid=BV1G89HBDEQw 已成功抓取全部所需数据。
[2026-04-03 23:16:29] [SUCCESS] bvid=BV1Qv9HBjE2k 已成功抓取全部所需数据。
[2026-04-03 23:16:36] [SUCCESS] bvid=BV1R89HBSEND 已成功抓取全部所需数据。
[2026-04-03 23:16:43] [SUCCESS] bvid=BV1mz9HBCEYC 已成功抓取全部所需数据。
[2026-04-03 23:16:50] [SUCCESS] bvid=BV1Uz9HBCEHy 已成功抓取全部所需数据。
[2026-04-03 23:16:57] [SUCCESS] bvid=BV1uB9HBLEnk 已成功抓取全部所需数据。
[2026-04-03 23:17:04] [SUCCESS] bvid=BV1Yg9pBpE2r 已成功抓取全部所需数据。
[2026-04-03 23:17:04] [INFO] 当前 batch_crawl 已完成，所有视频均已成功抓取。
[2026-04-03 23:17:04] 子任务结束时间：2026-04-03T23:17:04.240849
[TIMESTAMP][END] 2026-04-03T23:17:04
