[TIMESTAMP][BEGIN] 2026-04-04T00:16:26
[2026-04-04 00:16:30] 开始执行 CSV 批量抓取子任务 part_13。
[2026-04-04 00:16:30] 子任务开始时间：2026-04-04T00:16:26.764159
[2026-04-04 00:16:30] 输入文件：batch_input_13.csv
[2026-04-04 00:16:30] 输入唯一 bvid 数量：100
[2026-04-04 00:16:30] 为严格按 CSV 顺序判断连续失败阈值，本次任务自动将并发度从 2 调整为 1。
[2026-04-04 00:16:38] [SUCCESS] bvid=BV1uQ9jBcEpy 已成功抓取全部所需数据。
[2026-04-04 00:16:47] [SUCCESS] bvid=BV1WE9jBXEVG 已成功抓取全部所需数据。
[2026-04-04 00:16:55] [SUCCESS] bvid=BV1tX9jB8Eq3 已成功抓取全部所需数据。
[2026-04-04 00:17:04] [SUCCESS] bvid=BV1uQ9jBcEzq 已成功抓取全部所需数据。
[2026-04-04 00:17:13] [SUCCESS] bvid=BV1UX9jB8Eka 已成功抓取全部所需数据。
[2026-04-04 00:17:22] [SUCCESS] bvid=BV1tX9jB8EVH 已成功抓取全部所需数据。
[2026-04-04 00:17:30] [SUCCESS] bvid=BV1MX9jB8E93 已成功抓取全部所需数据。
[2026-04-04 00:17:38] [SUCCESS] bvid=BV14X9jB8EnW 已成功抓取全部所需数据。
[2026-04-04 00:17:46] [SUCCESS] bvid=BV1gU9jBAECR 已成功抓取全部所需数据。
[2026-04-04 00:17:54] [SUCCESS] bvid=BV1Vk9jBTEo8 已成功抓取全部所需数据。
[2026-04-04 00:18:03] [SUCCESS] bvid=BV1SX9jB8EwP 已成功抓取全部所需数据。
[2026-04-04 00:18:11] [SUCCESS] bvid=BV1E397B7E3z 已成功抓取全部所需数据。
[2026-04-04 00:18:19] [SUCCESS] bvid=BV1Cy97B9EJv 已成功抓取全部所需数据。
[2026-04-04 00:18:28] [SUCCESS] bvid=BV1MX9jB8Eug 已成功抓取全部所需数据。
[2026-04-04 00:18:36] [SUCCESS] bvid=BV1MX9jB8E2c 已成功抓取全部所需数据。
[2026-04-04 00:18:44] [SUCCESS] bvid=BV1UX9jB8Eik 已成功抓取全部所需数据。
[2026-04-04 00:18:53] [SUCCESS] bvid=BV1iR9LBuEcx 已成功抓取全部所需数据。
[2026-04-04 00:19:02] [SUCCESS] bvid=BV1qi9jB3EFx 已成功抓取全部所需数据。
[2026-04-04 00:19:10] [SUCCESS] bvid=BV1QwXkBiEjV 已成功抓取全部所需数据。
[2026-04-04 00:19:18] [SUCCESS] bvid=BV1uU9jBAEaa 已成功抓取全部所需数据。
[2026-04-04 00:19:26] [SUCCESS] bvid=BV1MS9jBaEUi 已成功抓取全部所需数据。
[2026-04-04 00:19:34] [SUCCESS] bvid=BV1gS9jBaE8z 已成功抓取全部所需数据。
[2026-04-04 00:19:42] [SUCCESS] bvid=BV1Rn97BgEUi 已成功抓取全部所需数据。
[2026-04-04 00:19:50] [SUCCESS] bvid=BV1xo9jBoEti 已成功抓取全部所需数据。
[2026-04-04 00:19:58] [SUCCESS] bvid=BV1bU9jBAEfb 已成功抓取全部所需数据。
[2026-04-04 00:20:07] [SUCCESS] bvid=BV1uS9jBaEmP 已成功抓取全部所需数据。
[2026-04-04 00:20:15] [SUCCESS] bvid=BV1MS9jBaESh 已成功抓取全部所需数据。
[2026-04-04 00:20:26] [SUCCESS] bvid=BV1uY97BAEDn 已成功抓取全部所需数据。
[2026-04-04 00:20:34] [SUCCESS] bvid=BV1idXCBEEMA 已成功抓取全部所需数据。
[2026-04-04 00:20:42] [SUCCESS] bvid=BV1xo6FB1ES5 已成功抓取全部所需数据。
[2026-04-04 00:20:50] [SUCCESS] bvid=BV1aoXzBwET8 已成功抓取全部所需数据。
[2026-04-04 00:20:57] [SUCCESS] bvid=BV1Vn97B3EfP 已成功抓取全部所需数据。
[2026-04-04 00:21:06] [SUCCESS] bvid=BV12q97BbEkr 已成功抓取全部所需数据。
[2026-04-04 00:21:14] [SUCCESS] bvid=BV1ky97B9Efn 已成功抓取全部所需数据。
[2026-04-04 00:21:23] [SUCCESS] bvid=BV1dyXqBaEE5 已成功抓取全部所需数据。
[2026-04-04 00:21:30] [SUCCESS] bvid=BV1ZqXWBfEKN 已成功抓取全部所需数据。
[2026-04-04 00:21:38] [SUCCESS] bvid=BV1WNA3z8EoP 已成功抓取全部所需数据。
[2026-04-04 00:21:47] [SUCCESS] bvid=BV1tU95BsEuu 已成功抓取全部所需数据。
[2026-04-04 00:21:54] [SUCCESS] bvid=BV1Fu97BUEV7 已成功抓取全部所需数据。
[2026-04-04 00:22:02] [SUCCESS] bvid=BV1FP9LB5Eig 已成功抓取全部所需数据。
[2026-04-04 00:22:10] [SUCCESS] bvid=BV1iX9LB6Eyb 已成功抓取全部所需数据。
[2026-04-04 00:22:19] [SUCCESS] bvid=BV1h2XkBiEP2 已成功抓取全部所需数据。
[2026-04-04 00:22:27] [SUCCESS] bvid=BV1iX9LB6EtK 已成功抓取全部所需数据。
[2026-04-04 00:22:35] [SUCCESS] bvid=BV1sXX6B9ESb 已成功抓取全部所需数据。
[2026-04-04 00:22:43] [SUCCESS] bvid=BV1BSXrByEY5 已成功抓取全部所需数据。
[2026-04-04 00:22:51] [SUCCESS] bvid=BV1hv9GBxEfC 已成功抓取全部所需数据。
[2026-04-04 00:22:59] [SUCCESS] bvid=BV1PC97BxE3Y 已成功抓取全部所需数据。
[2026-04-04 00:23:07] [SUCCESS] bvid=BV1gnXzBoEUc 已成功抓取全部所需数据。
[2026-04-04 00:23:15] [SUCCESS] bvid=BV1Ko9jBoE3Z 已成功抓取全部所需数据。
[2026-04-04 00:23:23] [SUCCESS] bvid=BV1Ko9jBoEhB 已成功抓取全部所需数据。
[2026-04-04 00:23:31] [SUCCESS] bvid=BV1yo9jBoEzn 已成功抓取全部所需数据。
[2026-04-04 00:23:40] [SUCCESS] bvid=BV1ez9jBuEJF 已成功抓取全部所需数据。
[2026-04-04 00:23:48] [SUCCESS] bvid=BV1xo9jBoEr1 已成功抓取全部所需数据。
[2026-04-04 00:23:56] [SUCCESS] bvid=BV1Ko9jBoEoj 已成功抓取全部所需数据。
[2026-04-04 00:24:05] [SUCCESS] bvid=BV1Ko9jBoEB6 已成功抓取全部所需数据。
[2026-04-04 00:24:13] [SUCCESS] bvid=BV1Nf9jBxELz 已成功抓取全部所需数据。
[2026-04-04 00:24:21] [SUCCESS] bvid=BV1Kf9jBxEAj 已成功抓取全部所需数据。
[2026-04-04 00:24:30] [SUCCESS] bvid=BV1Nf9jBxE2P 已成功抓取全部所需数据。
[2026-04-04 00:24:38] [SUCCESS] bvid=BV1Td9jBtE3o 已成功抓取全部所需数据。
[2026-04-04 00:24:46] [SUCCESS] bvid=BV1Nd9jBtEZJ 已成功抓取全部所需数据。
[2026-04-04 00:24:55] [SUCCESS] bvid=BV1Kd9jBtERd 已成功抓取全部所需数据。
[2026-04-04 00:25:03] [SUCCESS] bvid=BV14d9jBtEBu 已成功抓取全部所需数据。
[2026-04-04 00:25:11] [SUCCESS] bvid=BV1Td9jBtEHe 已成功抓取全部所需数据。
[2026-04-04 00:25:19] [SUCCESS] bvid=BV1X69jBBEvN 已成功抓取全部所需数据。
[2026-04-04 00:25:27] [SUCCESS] bvid=BV1Vz9jBuESC 已成功抓取全部所需数据。
[2026-04-04 00:25:35] [SUCCESS] bvid=BV1ez9jBuEkz 已成功抓取全部所需数据。
[2026-04-04 00:25:43] [SUCCESS] bvid=BV1Lz9jBuEWa 已成功抓取全部所需数据。
[2026-04-04 00:25:52] [SUCCESS] bvid=BV1h19jBNEDS 已成功抓取全部所需数据。
[2026-04-04 00:26:00] [SUCCESS] bvid=BV1v69jBBEFe 已成功抓取全部所需数据。
[2026-04-04 00:26:08] [SUCCESS] bvid=BV1e69jBBEBR 已成功抓取全部所需数据。
[2026-04-04 00:26:17] [SUCCESS] bvid=BV1569jBBEpC 已成功抓取全部所需数据。
[2026-04-04 00:26:25] [SUCCESS] bvid=BV1ji9jB3E87 已成功抓取全部所需数据。
[2026-04-04 00:26:33] [SUCCESS] bvid=BV1ii9jB3E2f 已成功抓取全部所需数据。
[2026-04-04 00:26:40] [SUCCESS] bvid=BV1Li9jB3EHc 已成功抓取全部所需数据。
[2026-04-04 00:26:48] [SUCCESS] bvid=BV1ji9jB3E7t 已成功抓取全部所需数据。
[2026-04-04 00:26:56] [SUCCESS] bvid=BV1rtXYBoEnX 已成功抓取全部所需数据。
[2026-04-04 00:27:04] [SUCCESS] bvid=BV1RZXrBuEcy 已成功抓取全部所需数据。
[2026-04-04 00:27:12] [SUCCESS] bvid=BV1t195B4Edg 已成功抓取全部所需数据。
[2026-04-04 00:27:19] [SUCCESS] bvid=BV1K697BtEKe 已成功抓取全部所需数据。
[2026-04-04 00:27:28] [SUCCESS] bvid=BV1Ay97BREV5 已成功抓取全部所需数据。
[2026-04-04 00:27:37] [SUCCESS] bvid=BV1mgXkBcEbP 已成功抓取全部所需数据。
[2026-04-04 00:27:46] [SUCCESS] bvid=BV15q9jB6E2a 已成功抓取全部所需数据。
[2026-04-04 00:27:53] [SUCCESS] bvid=BV1319jBNELD 已成功抓取全部所需数据。
[2026-04-04 00:28:02] [SUCCESS] bvid=BV15q9jB6EdQ 已成功抓取全部所需数据。
[2026-04-04 00:28:10] [SUCCESS] bvid=BV15q9jB6Eei 已成功抓取全部所需数据。
[2026-04-04 00:28:18] [SUCCESS] bvid=BV1vq9jB6Exm 已成功抓取全部所需数据。
[2026-04-04 00:28:26] [SUCCESS] bvid=BV15q9jB6Eon 已成功抓取全部所需数据。
[2026-04-04 00:28:33] [SUCCESS] bvid=BV15q9jB6Erp 已成功抓取全部所需数据。
[2026-04-04 00:28:41] [SUCCESS] bvid=BV1dq9jB6Edq 已成功抓取全部所需数据。
[2026-04-04 00:28:49] [SUCCESS] bvid=BV1hw95BdE5p 已成功抓取全部所需数据。
[2026-04-04 00:28:56] [SUCCESS] bvid=BV1oAXUBFETd 已成功抓取全部所需数据。
[2026-04-04 00:29:04] [SUCCESS] bvid=BV1559LBqEDx 已成功抓取全部所需数据。
[2026-04-04 00:29:11] [SUCCESS] bvid=BV1h29jBeEXz 已成功抓取全部所需数据。
[2026-04-04 00:29:18] [SUCCESS] bvid=BV1329jBeEqs 已成功抓取全部所需数据。
[2026-04-04 00:29:26] [SUCCESS] bvid=BV13C9jBiEkz 已成功抓取全部所需数据。
[2026-04-04 00:29:33] [SUCCESS] bvid=BV1829jBeErD 已成功抓取全部所需数据。
[2026-04-04 00:29:41] [SUCCESS] bvid=BV1a29jBeE7h 已成功抓取全部所需数据。
[2026-04-04 00:29:48] [SUCCESS] bvid=BV1g29jBeEiG 已成功抓取全部所需数据。
[2026-04-04 00:29:56] [SUCCESS] bvid=BV1QC9jBiE9L 已成功抓取全部所需数据。
[2026-04-04 00:30:04] [SUCCESS] bvid=BV1Vk9jBKEuX 已成功抓取全部所需数据。
[2026-04-04 00:30:04] [INFO] 当前 batch_crawl 已完成，所有视频均已成功抓取。
[2026-04-04 00:30:04] 子任务结束时间：2026-04-04T00:30:04.971894
[TIMESTAMP][END] 2026-04-04T00:30:04
