[TIMESTAMP][BEGIN] 2026-04-04T03:25:16
[2026-04-04 03:25:18] 开始执行 CSV 批量抓取子任务 part_26。
[2026-04-04 03:25:18] 子任务开始时间：2026-04-04T03:25:16.415362
[2026-04-04 03:25:18] 输入文件：batch_input_26.csv
[2026-04-04 03:25:18] 输入唯一 bvid 数量：100
[2026-04-04 03:25:18] 为严格按 CSV 顺序判断连续失败阈值，本次任务自动将并发度从 2 调整为 1。
[2026-04-04 03:25:24] [SUCCESS] bvid=BV1VSXqBFEtT 已成功抓取全部所需数据。
[2026-04-04 03:25:29] [SUCCESS] bvid=BV1VbXiB9EpY 已成功抓取全部所需数据。
[2026-04-04 03:25:35] [SUCCESS] bvid=BV1mVXYBTEUA 已成功抓取全部所需数据。
[2026-04-04 03:25:40] [SUCCESS] bvid=BV1NzXeBuECC 已成功抓取全部所需数据。
[2026-04-04 03:25:46] [SUCCESS] bvid=BV1gYXeBVEFe 已成功抓取全部所需数据。
[2026-04-04 03:25:52] [SUCCESS] bvid=BV1KjXYBKEAX 已成功抓取全部所需数据。
[2026-04-04 03:25:59] [SUCCESS] bvid=BV1TzXeBuE7g 已成功抓取全部所需数据。
[2026-04-04 03:26:06] [SUCCESS] bvid=BV1RAXqB8EdZ 已成功抓取全部所需数据。
[2026-04-04 03:26:12] [SUCCESS] bvid=BV1cLXBBGEVw 已成功抓取全部所需数据。
[2026-04-04 03:26:18] [SUCCESS] bvid=BV1tcXBBQExu 已成功抓取全部所需数据。
[2026-04-04 03:26:25] [SUCCESS] bvid=BV1YDXqBtEw1 已成功抓取全部所需数据。
[2026-04-04 03:26:32] [SUCCESS] bvid=BV1aDXqBtECB 已成功抓取全部所需数据。
[2026-04-04 03:26:37] [SUCCESS] bvid=BV1eWXeBJE2u 已成功抓取全部所需数据。
[2026-04-04 03:26:44] [SUCCESS] bvid=BV1aDXqBtE2S 已成功抓取全部所需数据。
[2026-04-04 03:26:50] [SUCCESS] bvid=BV1i2XqBcEWu 已成功抓取全部所需数据。
[2026-04-04 03:26:57] [SUCCESS] bvid=BV1hRXqBREr9 已成功抓取全部所需数据。
[2026-04-04 03:27:03] [SUCCESS] bvid=BV1suXBBLEee 已成功抓取全部所需数据。
[2026-04-04 03:27:10] [SUCCESS] bvid=BV1uoXqBsE1Z 已成功抓取全部所需数据。
[2026-04-04 03:27:16] [SUCCESS] bvid=BV1QQXqBoEvM 已成功抓取全部所需数据。
[2026-04-04 03:27:23] [SUCCESS] bvid=BV1hoXqBWETu 已成功抓取全部所需数据。
[2026-04-04 03:27:30] [SUCCESS] bvid=BV1YQXqBoEe1 已成功抓取全部所需数据。
[2026-04-04 03:27:35] [SUCCESS] bvid=BV1YQXqBoEVb 已成功抓取全部所需数据。
[2026-04-04 03:27:42] [SUCCESS] bvid=BV1S3XYBBEKE 已成功抓取全部所需数据。
[2026-04-04 03:27:48] [SUCCESS] bvid=BV1nLXBB3Ew6 已成功抓取全部所需数据。
[2026-04-04 03:27:53] [SUCCESS] bvid=BV1cpQmBeEzG 已成功抓取全部所需数据。
[2026-04-04 03:27:59] [SUCCESS] bvid=BV1eJXpBpEvj 已成功抓取全部所需数据。
[2026-04-04 03:28:05] [SUCCESS] bvid=BV1eJXpBpEtA 已成功抓取全部所需数据。
[2026-04-04 03:28:11] [SUCCESS] bvid=BV168XYBxEqe 已成功抓取全部所需数据。
[2026-04-04 03:28:16] [SUCCESS] bvid=BV1J5XiBPEj5 已成功抓取全部所需数据。
[2026-04-04 03:28:23] [SUCCESS] bvid=BV1gMXYBrEbx 已成功抓取全部所需数据。
[2026-04-04 03:28:30] [SUCCESS] bvid=BV1HVXBBkE3D 已成功抓取全部所需数据。
[2026-04-04 03:28:36] [SUCCESS] bvid=BV1pCXaBZEu8 已成功抓取全部所需数据。
[2026-04-04 03:28:41] [SUCCESS] bvid=BV1X9XqBxExz 已成功抓取全部所需数据。
[2026-04-04 03:28:47] [SUCCESS] bvid=BV1Y9XqBxENX 已成功抓取全部所需数据。
[2026-04-04 03:28:53] [SUCCESS] bvid=BV1Q9XqBxEXY 已成功抓取全部所需数据。
[2026-04-04 03:28:58] [SUCCESS] bvid=BV1h9XqBxEe1 已成功抓取全部所需数据。
[2026-04-04 03:29:04] [SUCCESS] bvid=BV1rqXqBMEWp 已成功抓取全部所需数据。
[2026-04-04 03:29:10] [SUCCESS] bvid=BV1BqXqBTEZM 已成功抓取全部所需数据。
[2026-04-04 03:29:16] [SUCCESS] bvid=BV16qXqBTEfU 已成功抓取全部所需数据。
[2026-04-04 03:29:21] [SUCCESS] bvid=BV1zqXqBTEcy 已成功抓取全部所需数据。
[2026-04-04 03:29:26] [SUCCESS] bvid=BV1zqXqBTEFb 已成功抓取全部所需数据。
[2026-04-04 03:29:32] [SUCCESS] bvid=BV1cqXqBMEbz 已成功抓取全部所需数据。
[2026-04-04 03:29:38] [SUCCESS] bvid=BV16BXqBiE7V 已成功抓取全部所需数据。
[2026-04-04 03:29:43] [SUCCESS] bvid=BV15WXeBJEnt 已成功抓取全部所需数据。
[2026-04-04 03:29:49] [SUCCESS] bvid=BV1zvXqBBEdk 已成功抓取全部所需数据。
[2026-04-04 03:29:55] [SUCCESS] bvid=BV1qCXqBAEZB 已成功抓取全部所需数据。
[2026-04-04 03:30:01] [SUCCESS] bvid=BV1iCXqBAENt 已成功抓取全部所需数据。
[2026-04-04 03:30:07] [SUCCESS] bvid=BV1BCXqBAE59 已成功抓取全部所需数据。
[2026-04-04 03:30:12] [SUCCESS] bvid=BV1vyXqBaEBA 已成功抓取全部所需数据。
[2026-04-04 03:30:18] [SUCCESS] bvid=BV1f6XqBNEbP 已成功抓取全部所需数据。
[2026-04-04 03:30:24] [SUCCESS] bvid=BV1z6XqBNE5Y 已成功抓取全部所需数据。
[2026-04-04 03:30:30] [SUCCESS] bvid=BV1frXqBeE7c 已成功抓取全部所需数据。
[2026-04-04 03:30:36] [SUCCESS] bvid=BV1kVXBBkEFL 已成功抓取全部所需数据。
[2026-04-04 03:30:41] [SUCCESS] bvid=BV1CVXBBkE5d 已成功抓取全部所需数据。
[2026-04-04 03:30:47] [SUCCESS] bvid=BV1pVXBBkEim 已成功抓取全部所需数据。
[2026-04-04 03:30:52] [SUCCESS] bvid=BV1HLXBB3EXb 已成功抓取全部所需数据。
[2026-04-04 03:30:58] [SUCCESS] bvid=BV1rLXBB3EFC 已成功抓取全部所需数据。
[2026-04-04 03:31:04] [SUCCESS] bvid=BV1pGXBBVEVs 已成功抓取全部所需数据。
[2026-04-04 03:31:10] [SUCCESS] bvid=BV1WgXBByEtU 已成功抓取全部所需数据。
[2026-04-04 03:31:16] [SUCCESS] bvid=BV1CgXBByEx5 已成功抓取全部所需数据。
[2026-04-04 03:31:22] [SUCCESS] bvid=BV1ygXBByED5 已成功抓取全部所需数据。
[2026-04-04 03:31:27] [SUCCESS] bvid=BV17HXBBTEEo 已成功抓取全部所需数据。
[2026-04-04 03:31:33] [SUCCESS] bvid=BV1pGXBBVEg6 已成功抓取全部所需数据。
[2026-04-04 03:31:39] [SUCCESS] bvid=BV1kGXBBVE6u 已成功抓取全部所需数据。
[2026-04-04 03:31:45] [SUCCESS] bvid=BV1xKXBB7ETq 已成功抓取全部所需数据。
[2026-04-04 03:31:50] [SUCCESS] bvid=BV1EJXBBBEHU 已成功抓取全部所需数据。
[2026-04-04 03:31:56] [SUCCESS] bvid=BV1SyXhBMErp 已成功抓取全部所需数据。
[2026-04-04 03:32:02] [SUCCESS] bvid=BV1VsXeBUELm 已成功抓取全部所需数据。
[2026-04-04 03:32:08] [SUCCESS] bvid=BV1fbXhBEEBw 已成功抓取全部所需数据。
[2026-04-04 03:32:15] [SUCCESS] bvid=BV1baQUBjEkC 已成功抓取全部所需数据。
[2026-04-04 03:32:21] [SUCCESS] bvid=BV11EXvBrEms 已成功抓取全部所需数据。
[2026-04-04 03:32:28] [SUCCESS] bvid=BV1PWXvBuE3K 已成功抓取全部所需数据。
[2026-04-04 03:32:35] [SUCCESS] bvid=BV1GtXeB2E7R 已成功抓取全部所需数据。
[2026-04-04 03:32:41] [SUCCESS] bvid=BV1xRXhBhEfL 已成功抓取全部所需数据。
[2026-04-04 03:32:46] [SUCCESS] bvid=BV1tYXaBvEUy 已成功抓取全部所需数据。
[2026-04-04 03:32:52] [SUCCESS] bvid=BV1njXBB6E26 已成功抓取全部所需数据。
[2026-04-04 03:32:58] [SUCCESS] bvid=BV16EXBBuESv 已成功抓取全部所需数据。
[2026-04-04 03:33:04] [SUCCESS] bvid=BV1mcXBBDEko 已成功抓取全部所需数据。
[2026-04-04 03:33:10] [SUCCESS] bvid=BV1zEXBBuEHe 已成功抓取全部所需数据。
[2026-04-04 03:33:15] [SUCCESS] bvid=BV1tAXBBJEjW 已成功抓取全部所需数据。
[2026-04-04 03:33:21] [SUCCESS] bvid=BV18ZXqBXERk 已成功抓取全部所需数据。
[2026-04-04 03:33:26] [SUCCESS] bvid=BV1bcXBBDEPg 已成功抓取全部所需数据。
[2026-04-04 03:33:32] [SUCCESS] bvid=BV1tAXBBJEj8 已成功抓取全部所需数据。
[2026-04-04 03:33:38] [SUCCESS] bvid=BV1bFXBBHEdR 已成功抓取全部所需数据。
[2026-04-04 03:33:44] [SUCCESS] bvid=BV14AXBBJET6 已成功抓取全部所需数据。
[2026-04-04 03:33:50] [SUCCESS] bvid=BV1bFXBBHEz2 已成功抓取全部所需数据。
[2026-04-04 03:33:55] [SUCCESS] bvid=BV1xTXBB2ECX 已成功抓取全部所需数据。
[2026-04-04 03:34:01] [SUCCESS] bvid=BV12TXBB2EAC 已成功抓取全部所需数据。
[2026-04-04 03:34:06] [SUCCESS] bvid=BV1xTXBB2EJr 已成功抓取全部所需数据。
[2026-04-04 03:34:12] [SUCCESS] bvid=BV1NuXBBjECs 已成功抓取全部所需数据。
[2026-04-04 03:34:18] [SUCCESS] bvid=BV12KXBB7EmP 已成功抓取全部所需数据。
[2026-04-04 03:34:23] [SUCCESS] bvid=BV1tPXBBUEGV 已成功抓取全部所需数据。
[2026-04-04 03:34:29] [SUCCESS] bvid=BV1iAXUBFEsX 已成功抓取全部所需数据。
[2026-04-04 03:34:35] [SUCCESS] bvid=BV1TyXBBHESf 已成功抓取全部所需数据。
[2026-04-04 03:34:41] [SUCCESS] bvid=BV1q5XoB9Eqs 已成功抓取全部所需数据。
[2026-04-04 03:34:46] [SUCCESS] bvid=BV1q5XoB9E23 已成功抓取全部所需数据。
[2026-04-04 03:34:52] [SUCCESS] bvid=BV1XMXvBEEGg 已成功抓取全部所需数据。
[2026-04-04 03:34:58] [SUCCESS] bvid=BV1QNXYBkEok 已成功抓取全部所需数据。
[2026-04-04 03:35:04] [SUCCESS] bvid=BV1KyXBBHEve 已成功抓取全部所需数据。
[2026-04-04 03:35:10] [SUCCESS] bvid=BV1K1XBBDEJi 已成功抓取全部所需数据。
[2026-04-04 03:35:10] [INFO] 当前 batch_crawl 已完成，所有视频均已成功抓取。
[2026-04-04 03:35:10] 子任务结束时间：2026-04-04T03:35:10.251908
[TIMESTAMP][END] 2026-04-04T03:35:10
