[TIMESTAMP][BEGIN] 2026-04-03T21:23:02
[2026-04-03 21:23:06] 开始执行 CSV 批量抓取子任务 part_1。
[2026-04-03 21:23:06] 子任务开始时间：2026-04-03T21:23:02.232284
[2026-04-03 21:23:06] 输入文件：batch_input_1.csv
[2026-04-03 21:23:06] 输入唯一 bvid 数量：100
[2026-04-03 21:23:06] 为严格按 CSV 顺序判断连续失败阈值，本次任务自动将并发度从 2 调整为 1。
[2026-04-03 21:23:14] [SUCCESS] bvid=BV1wt9TBdExq 已成功抓取全部所需数据。
[2026-04-03 21:23:21] [SUCCESS] bvid=BV1ze9TBSEAd 已成功抓取全部所需数据。
[2026-04-03 21:23:29] [SUCCESS] bvid=BV1r89TBWEGr 已成功抓取全部所需数据。
[2026-04-03 21:23:36] [SUCCESS] bvid=BV1mj9TBAEsv 已成功抓取全部所需数据。
[2026-04-03 21:23:43] [SUCCESS] bvid=BV1T59TBvEYw 已成功抓取全部所需数据。
[2026-04-03 21:23:50] [SUCCESS] bvid=BV1QhXfBDE9f 已成功抓取全部所需数据。
[2026-04-03 21:23:57] [SUCCESS] bvid=BV1pYXUBzEMy 已成功抓取全部所需数据。
[2026-04-03 21:24:05] [SUCCESS] bvid=BV1U59TBeEk7 已成功抓取全部所需数据。
[2026-04-03 21:24:12] [SUCCESS] bvid=BV1S39TBiEDo 已成功抓取全部所需数据。
[2026-04-03 21:24:20] [SUCCESS] bvid=BV1Cn9TB8Eyp 已成功抓取全部所需数据。
[2026-04-03 21:24:27] [SUCCESS] bvid=BV1179TBaEfU 已成功抓取全部所需数据。
[2026-04-03 21:24:34] [SUCCESS] bvid=BV1KJ9TBwEf3 已成功抓取全部所需数据。
[2026-04-03 21:24:41] [SUCCESS] bvid=BV1hQ9TBuEjq 已成功抓取全部所需数据。
[2026-04-03 21:24:48] [SUCCESS] bvid=BV1bZ9TBKETZ 已成功抓取全部所需数据。
[2026-04-03 21:24:55] [SUCCESS] bvid=BV18X9TBBEQx 已成功抓取全部所需数据。
[2026-04-03 21:25:02] [SUCCESS] bvid=BV1gX9TBzE4V 已成功抓取全部所需数据。
[2026-04-03 21:25:09] [SUCCESS] bvid=BV1aU9TB3EYs 已成功抓取全部所需数据。
[2026-04-03 21:25:16] [SUCCESS] bvid=BV1aU9TB3EeS 已成功抓取全部所需数据。
[2026-04-03 21:25:23] [SUCCESS] bvid=BV1aS9TB6Eu8 已成功抓取全部所需数据。
[2026-04-03 21:25:30] [SUCCESS] bvid=BV14f9TBeEiV 已成功抓取全部所需数据。
[2026-04-03 21:25:37] [SUCCESS] bvid=BV14f9TBeEBu 已成功抓取全部所需数据。
[2026-04-03 21:25:44] [SUCCESS] bvid=BV18m9NBPEMj 已成功抓取全部所需数据。
[2026-04-03 21:25:50] [SUCCESS] bvid=BV1UR9TBTEyL 已成功抓取全部所需数据。
[2026-04-03 21:25:57] [SUCCESS] bvid=BV1Ud9TBiE5u 已成功抓取全部所需数据。
[2026-04-03 21:26:04] [SUCCESS] bvid=BV1Zi9TBJE1u 已成功抓取全部所需数据。
[2026-04-03 21:26:12] [SUCCESS] bvid=BV1oi9TBJERx 已成功抓取全部所需数据。
[2026-04-03 21:26:19] [SUCCESS] bvid=BV1e19TBVEtj 已成功抓取全部所需数据。
[2026-04-03 21:26:26] [SUCCESS] bvid=BV1Q29TBkEFG 已成功抓取全部所需数据。
[2026-04-03 21:26:34] [SUCCESS] bvid=BV1a29TBkEQR 已成功抓取全部所需数据。
[2026-04-03 21:26:42] [SUCCESS] bvid=BV1Dm9NBPETK 已成功抓取全部所需数据。
[2026-04-03 21:26:48] [SUCCESS] bvid=BV1VF9NBTEPJ 已成功抓取全部所需数据。
[2026-04-03 21:26:55] [SUCCESS] bvid=BV1ac9NBiEiY 已成功抓取全部所需数据。
[2026-04-03 21:27:01] [SUCCESS] bvid=BV1VZ9PBBEm8 已成功抓取全部所需数据。
[2026-04-03 21:27:08] [SUCCESS] bvid=BV1Ro9PBMEgW 已成功抓取全部所需数据。
[2026-04-03 21:27:15] [SUCCESS] bvid=BV1Lo9PBuE89 已成功抓取全部所需数据。
[2026-04-03 21:27:22] [SUCCESS] bvid=BV1r19PB2ETj 已成功抓取全部所需数据。
[2026-04-03 21:27:30] [SUCCESS] bvid=BV1n19PB2EoF 已成功抓取全部所需数据。
[2026-04-03 21:27:37] [SUCCESS] bvid=BV1c19PB2ENF 已成功抓取全部所需数据。
[2026-04-03 21:27:45] [SUCCESS] bvid=BV1n19PB2Em3 已成功抓取全部所需数据。
[2026-04-03 21:27:51] [SUCCESS] bvid=BV1vo9PBuEYH 已成功抓取全部所需数据。
[2026-04-03 21:27:58] [SUCCESS] bvid=BV1uK9NBAE9S 已成功抓取全部所需数据。
[2026-04-03 21:28:05] [SUCCESS] bvid=BV1739KBmENV 已成功抓取全部所需数据。
[2026-04-03 21:28:13] [SUCCESS] bvid=BV1UT9NBhEQm 已成功抓取全部所需数据。
[2026-04-03 21:28:20] [SUCCESS] bvid=BV1RZ9PBqE1Z 已成功抓取全部所需数据。
[2026-04-03 21:28:28] [SUCCESS] bvid=BV1gT9NBaE4K 已成功抓取全部所需数据。
[2026-04-03 21:28:34] [SUCCESS] bvid=BV1SK9NBwEtb 已成功抓取全部所需数据。
[2026-04-03 21:28:42] [SUCCESS] bvid=BV1fpXbByEPM 已成功抓取全部所需数据。
[2026-04-03 21:28:49] [SUCCESS] bvid=BV1BpXbByEym 已成功抓取全部所需数据。
[2026-04-03 21:28:56] [SUCCESS] bvid=BV1zpXbByEAK 已成功抓取全部所需数据。
[2026-04-03 21:29:03] [SUCCESS] bvid=BV1o8XhBmEXa 已成功抓取全部所需数据。
[2026-04-03 21:29:10] [SUCCESS] bvid=BV1EpXbB1EaM 已成功抓取全部所需数据。
[2026-04-03 21:29:17] [SUCCESS] bvid=BV1BpXbByELe 已成功抓取全部所需数据。
[2026-04-03 21:29:24] [SUCCESS] bvid=BV1BpXbByEmi 已成功抓取全部所需数据。
[2026-04-03 21:29:31] [SUCCESS] bvid=BV1BpXbByECX 已成功抓取全部所需数据。
[2026-04-03 21:29:38] [SUCCESS] bvid=BV1zpXbByEwk 已成功抓取全部所需数据。
[2026-04-03 21:29:45] [SUCCESS] bvid=BV1nRXfBNEtz 已成功抓取全部所需数据。
[2026-04-03 21:29:52] [SUCCESS] bvid=BV1gH9wBsECS 已成功抓取全部所需数据。
[2026-04-03 21:30:00] [SUCCESS] bvid=BV1tn9FB7ED8 已成功抓取全部所需数据。
[2026-04-03 21:30:08] [SUCCESS] bvid=BV1yo9ABJErG 已成功抓取全部所需数据。
[2026-04-03 21:30:15] [SUCCESS] bvid=BV1d99PBgE8m 已成功抓取全部所需数据。
[2026-04-03 21:30:23] [SUCCESS] bvid=BV1T89LB4EQn 已成功抓取全部所需数据。
[2026-04-03 21:30:31] [SUCCESS] bvid=BV11g9ABDE6E 已成功抓取全部所需数据。
[2026-04-03 21:30:37] [SUCCESS] bvid=BV1kYXUBzEhE 已成功抓取全部所需数据。
[2026-04-03 21:30:44] [SUCCESS] bvid=BV1UP9ABREVt 已成功抓取全部所需数据。
[2026-04-03 21:30:51] [SUCCESS] bvid=BV1mfXZBkEHr 已成功抓取全部所需数据。
[2026-04-03 21:30:59] [SUCCESS] bvid=BV1Tx9wBQEt3 已成功抓取全部所需数据。
[2026-04-03 21:31:07] [SUCCESS] bvid=BV1SxXrBcEN7 已成功抓取全部所需数据。
[2026-04-03 21:31:14] [SUCCESS] bvid=BV1qD9PBVEk1 已成功抓取全部所需数据。
[2026-04-03 21:31:21] [SUCCESS] bvid=BV1nE9cBBE7W 已成功抓取全部所需数据。
[2026-04-03 21:31:28] [SUCCESS] bvid=BV1nf9cBgEMX 已成功抓取全部所需数据。
[2026-04-03 21:31:35] [SUCCESS] bvid=BV1hT9NBaEpW 已成功抓取全部所需数据。
[2026-04-03 21:31:43] [SUCCESS] bvid=BV1DT9NBhEKC 已成功抓取全部所需数据。
[2026-04-03 21:31:50] [SUCCESS] bvid=BV1XA9NBPEKj 已成功抓取全部所需数据。
[2026-04-03 21:31:57] [SUCCESS] bvid=BV1QA9NBPEJD 已成功抓取全部所需数据。
[2026-04-03 21:32:05] [SUCCESS] bvid=BV18T9NBaE1w 已成功抓取全部所需数据。
[2026-04-03 21:32:12] [SUCCESS] bvid=BV1gP9NBeEBT 已成功抓取全部所需数据。
[2026-04-03 21:32:22] [SUCCESS] bvid=BV1SP9NBYEzJ 已成功抓取全部所需数据。
[2026-04-03 21:32:30] [SUCCESS] bvid=BV1aP9NBeESo 已成功抓取全部所需数据。
[2026-04-03 21:32:38] [SUCCESS] bvid=BV1DP9NBeEzx 已成功抓取全部所需数据。
[2026-04-03 21:32:46] [SUCCESS] bvid=BV1QP9NBYEiu 已成功抓取全部所需数据。
[2026-04-03 21:32:52] [SUCCESS] bvid=BV1fm9PB5EFK 已成功抓取全部所需数据。
[2026-04-03 21:33:00] [SUCCESS] bvid=BV1fm9PB5EnA 已成功抓取全部所需数据。
[2026-04-03 21:33:07] [SUCCESS] bvid=BV1Fm9PBLELQ 已成功抓取全部所需数据。
[2026-04-03 21:33:14] [SUCCESS] bvid=BV1EU9PByEp3 已成功抓取全部所需数据。
[2026-04-03 21:33:21] [SUCCESS] bvid=BV1JU9PByEAP 已成功抓取全部所需数据。
[2026-04-03 21:33:29] [SUCCESS] bvid=BV1JU9PByEAX 已成功抓取全部所需数据。
[2026-04-03 21:33:36] [SUCCESS] bvid=BV1Fy9PB7Exr 已成功抓取全部所需数据。
[2026-04-03 21:33:43] [SUCCESS] bvid=BV1cy9PB7E7S 已成功抓取全部所需数据。
[2026-04-03 21:33:50] [SUCCESS] bvid=BV1n19PB2EQA 已成功抓取全部所需数据。
[2026-04-03 21:33:57] [SUCCESS] bvid=BV1oi9NBrEM3 已成功抓取全部所需数据。
[2026-04-03 21:34:05] [SUCCESS] bvid=BV1Tn9FB7Ee7 已成功抓取全部所需数据。
[2026-04-03 21:34:13] [SUCCESS] bvid=BV1o99PBgE3w 已成功抓取全部所需数据。
[2026-04-03 21:34:19] [SUCCESS] bvid=BV1c19PB2Ehe 已成功抓取全部所需数据。
[2026-04-03 21:34:27] [SUCCESS] bvid=BV1o99PBgEtN 已成功抓取全部所需数据。
[2026-04-03 21:34:34] [SUCCESS] bvid=BV1799PB3EwC 已成功抓取全部所需数据。
[2026-04-03 21:34:41] [SUCCESS] bvid=BV1d99PBgEBw 已成功抓取全部所需数据。
[2026-04-03 21:34:48] [SUCCESS] bvid=BV1qD9PBVEAy 已成功抓取全部所需数据。
[2026-04-03 21:34:57] [SUCCESS] bvid=BV1ZD9PBGEoi 已成功抓取全部所需数据。
[2026-04-03 21:35:06] [SUCCESS] bvid=BV1ZD9PBGE6t 已成功抓取全部所需数据。
[2026-04-03 21:35:14] [SUCCESS] bvid=BV1oD9PBGEd5 已成功抓取全部所需数据。
[2026-04-03 21:35:14] [INFO] 当前 batch_crawl 已完成，所有视频均已成功抓取。
[2026-04-03 21:35:14] 子任务结束时间：2026-04-03T21:35:14.092559
[TIMESTAMP][END] 2026-04-03T21:35:14
