[TIMESTAMP][BEGIN] 2026-04-03T23:28:22
[2026-04-03 23:28:24] 开始执行 CSV 批量抓取子任务 part_11。
[2026-04-03 23:28:24] 子任务开始时间：2026-04-03T23:28:22.044601
[2026-04-03 23:28:24] 输入文件：batch_input_11.csv
[2026-04-03 23:28:24] 输入唯一 bvid 数量：100
[2026-04-03 23:28:24] 为严格按 CSV 顺序判断连续失败阈值，本次任务自动将并发度从 2 调整为 1。
[2026-04-03 23:28:30] [SUCCESS] bvid=BV1DX9EBMEH7 已成功抓取全部所需数据。
[2026-04-03 23:28:36] [SUCCESS] bvid=BV1gX9EBMEeU 已成功抓取全部所需数据。
[2026-04-03 23:28:43] [SUCCESS] bvid=BV1KF9JBYEPS 已成功抓取全部所需数据。
[2026-04-03 23:28:49] [SUCCESS] bvid=BV1bX9EBMEm2 已成功抓取全部所需数据。
[2026-04-03 23:28:55] [SUCCESS] bvid=BV1NF9JBYEVo 已成功抓取全部所需数据。
[2026-04-03 23:29:01] [SUCCESS] bvid=BV1Kw9JBwEna 已成功抓取全部所需数据。
[2026-04-03 23:29:07] [SUCCESS] bvid=BV1TF9JBYEF8 已成功抓取全部所需数据。
[2026-04-03 23:29:13] [SUCCESS] bvid=BV12F9JBYEZ5 已成功抓取全部所需数据。
[2026-04-03 23:29:20] [SUCCESS] bvid=BV14F9JBYEBe 已成功抓取全部所需数据。
[2026-04-03 23:29:29] [SUCCESS] bvid=BV1NF9JBYECN 已成功抓取全部所需数据。
[2026-04-03 23:29:37] [SUCCESS] bvid=BV1bo9EBvEcu 已成功抓取全部所需数据。
[2026-04-03 23:29:45] [SUCCESS] bvid=BV1Kw9JBAECn 已成功抓取全部所需数据。
[2026-04-03 23:29:53] [SUCCESS] bvid=BV1Kw9JBwEqs 已成功抓取全部所需数据。
[2026-04-03 23:30:02] [SUCCESS] bvid=BV12w9JBwEyW 已成功抓取全部所需数据。
[2026-04-03 23:30:11] [SUCCESS] bvid=BV14w9JBwENz 已成功抓取全部所需数据。
[2026-04-03 23:30:18] [SUCCESS] bvid=BV1mo9EBYEDr 已成功抓取全部所需数据。
[2026-04-03 23:30:26] [SUCCESS] bvid=BV1To9EBvETZ 已成功抓取全部所需数据。
[2026-04-03 23:30:35] [SUCCESS] bvid=BV1to9EBvEVH 已成功抓取全部所需数据。
[2026-04-03 23:30:42] [SUCCESS] bvid=BV1Mo9EBvEhy 已成功抓取全部所需数据。
[2026-04-03 23:30:50] [SUCCESS] bvid=BV1Tf9EBPEUe 已成功抓取全部所需数据。
[2026-04-03 23:30:58] [SUCCESS] bvid=BV1tf9EBPEpP 已成功抓取全部所需数据。
[2026-04-03 23:31:07] [SUCCESS] bvid=BV1dr9EB1EHS 已成功抓取全部所需数据。
[2026-04-03 23:31:15] [SUCCESS] bvid=BV1VC9EB5EZR 已成功抓取全部所需数据。
[2026-04-03 23:31:25] [SUCCESS] bvid=BV1ZG97B1E4V 已成功抓取全部所需数据。
[2026-04-03 23:31:33] [SUCCESS] bvid=BV1jTXjBME2e 已成功抓取全部所需数据。
[2026-04-03 23:31:41] [SUCCESS] bvid=BV15C9EB5ES8 已成功抓取全部所需数据。
[2026-04-03 23:31:51] [SUCCESS] bvid=BV1iB9EBmEny 已成功抓取全部所需数据。
[2026-04-03 23:32:02] [SUCCESS] bvid=BV1ZB9EBmEAU 已成功抓取全部所需数据。
[2026-04-03 23:32:11] [SUCCESS] bvid=BV1qB9EBmEJE 已成功抓取全部所需数据。
[2026-04-03 23:32:20] [SUCCESS] bvid=BV1qB9EBmEnn 已成功抓取全部所需数据。
[2026-04-03 23:32:31] [SUCCESS] bvid=BV1Zj9JBDEKn 已成功抓取全部所需数据。
[2026-04-03 23:32:39] [SUCCESS] bvid=BV1i69EBjERA 已成功抓取全部所需数据。
[2026-04-03 23:32:49] [SUCCESS] bvid=BV1Xm9EBrEtF 已成功抓取全部所需数据。
[2026-04-03 23:32:59] [SUCCESS] bvid=BV1v69EBjEoV 已成功抓取全部所需数据。
[2026-04-03 23:33:07] [SUCCESS] bvid=BV1Gm9EBrEdB 已成功抓取全部所需数据。
[2026-04-03 23:33:16] [SUCCESS] bvid=BV13S9EBgEY4 已成功抓取全部所需数据。
[2026-04-03 23:33:24] [SUCCESS] bvid=BV13S9EBgE3x 已成功抓取全部所需数据。
[2026-04-03 23:33:31] [SUCCESS] bvid=BV1QS9EBgEe8 已成功抓取全部所需数据。
[2026-04-03 23:33:41] [SUCCESS] bvid=BV1Yy9EBCE6a 已成功抓取全部所需数据。
[2026-04-03 23:33:49] [SUCCESS] bvid=BV1D3X5BdEYy 已成功抓取全部所需数据。
[2026-04-03 23:33:57] [SUCCESS] bvid=BV15y9EBCE6M 已成功抓取全部所需数据。
[2026-04-03 23:34:06] [SUCCESS] bvid=BV1929EBGE3R 已成功抓取全部所需数据。
[2026-04-03 23:34:18] [SUCCESS] bvid=BV1j597BLERH 已成功抓取全部所需数据。
[2026-04-03 23:34:26] [SUCCESS] bvid=BV1BE9JBnEmh 已成功抓取全部所需数据。
[2026-04-03 23:34:34] [SUCCESS] bvid=BV1FL9JBpEFN 已成功抓取全部所需数据。
[2026-04-03 23:34:43] [SUCCESS] bvid=BV1FL9JBpEua 已成功抓取全部所需数据。
[2026-04-03 23:34:52] [SUCCESS] bvid=BV1NR95BnEUo 已成功抓取全部所需数据。
[2026-04-03 23:35:00] [SUCCESS] bvid=BV1xdXkB8Esx 已成功抓取全部所需数据。
[2026-04-03 23:35:09] [SUCCESS] bvid=BV1ZL9JBHEYn 已成功抓取全部所需数据。
[2026-04-03 23:35:18] [SUCCESS] bvid=BV1oj9JBDEmc 已成功抓取全部所需数据。
[2026-04-03 23:55:23] [ERROR] bvid=BV1Zj9JBDEsz 抓取失败：comment: Timeout of 600.0s exceeded, last exception: HTTPSConnectionPool(host='bigquery.googleapis.com', port=443): Max retries exceeded with url: /bigquery/v2/projects/bilibili-m2s2vp-research/datasets/bili_video_stream_data_test_2/tables/video_stat_snapshots?prettyPrint=false (Caused by SSLError(SSLEOFError(8, 'EOF occurred in violation of protocol (_ssl.c:1017)')))
[2026-04-03 23:55:32] [SUCCESS] bvid=BV1fj9JBDExo 已成功抓取全部所需数据。
[2026-04-03 23:55:40] [SUCCESS] bvid=BV19s9JBLEns 已成功抓取全部所需数据。
[2026-04-03 23:55:48] [SUCCESS] bvid=BV1Rs9JBLEWY 已成功抓取全部所需数据。
[2026-04-03 23:55:56] [SUCCESS] bvid=BV15s9JBjEZK 已成功抓取全部所需数据。
[2026-04-03 23:56:05] [SUCCESS] bvid=BV15s9JBjE2t 已成功抓取全部所需数据。
[2026-04-03 23:56:13] [SUCCESS] bvid=BV19s9JBLE7f 已成功抓取全部所需数据。
[2026-04-03 23:56:21] [SUCCESS] bvid=BV1vs9JBjE2r 已成功抓取全部所需数据。
[2026-04-03 23:56:29] [SUCCESS] bvid=BV1Rs9JBLENK 已成功抓取全部所需数据。
[2026-04-03 23:56:37] [SUCCESS] bvid=BV15x9JB1EwF 已成功抓取全部所需数据。
[2026-04-03 23:56:46] [SUCCESS] bvid=BV19x9JByErS 已成功抓取全部所需数据。
[2026-04-03 23:56:54] [SUCCESS] bvid=BV1Xx9JByEqf 已成功抓取全部所需数据。
[2026-04-03 23:57:02] [SUCCESS] bvid=BV19x9JB1ENp 已成功抓取全部所需数据。
[2026-04-03 23:57:10] [SUCCESS] bvid=BV1oH9JB7E5q 已成功抓取全部所需数据。
[2026-04-03 23:57:18] [SUCCESS] bvid=BV19x9JByEXu 已成功抓取全部所需数据。
[2026-04-03 23:57:26] [SUCCESS] bvid=BV1LH9JBEEeV 已成功抓取全部所需数据。
[2026-04-03 23:57:35] [SUCCESS] bvid=BV1dH9JB7EKi 已成功抓取全部所需数据。
[2026-04-03 23:57:43] [SUCCESS] bvid=BV1Cr97BdE1c 已成功抓取全部所需数据。
[2026-04-03 23:57:52] [SUCCESS] bvid=BV1RH9JB7EGU 已成功抓取全部所需数据。
[2026-04-03 23:58:00] [SUCCESS] bvid=BV1LH9JBEEVP 已成功抓取全部所需数据。
[2026-04-03 23:58:07] [SUCCESS] bvid=BV1Rp9JB2EY2 已成功抓取全部所需数据。
[2026-04-03 23:58:16] [SUCCESS] bvid=BV1HN97BHETL 已成功抓取全部所需数据。
[2026-04-03 23:58:24] [SUCCESS] bvid=BV1yiXrBsEbB 已成功抓取全部所需数据。
[2026-04-03 23:58:32] [SUCCESS] bvid=BV1UY97BwEZu 已成功抓取全部所需数据。
[2026-04-03 23:58:41] [SUCCESS] bvid=BV1LV9LBMEF8 已成功抓取全部所需数据。
[2026-04-03 23:58:50] [SUCCESS] bvid=BV1UcXBBDExV 已成功抓取全部所需数据。
[2026-04-03 23:58:59] [SUCCESS] bvid=BV1Pd95BSEwN 已成功抓取全部所需数据。
[2026-04-03 23:59:10] [SUCCESS] bvid=BV1ky97B9Ewp 已成功抓取全部所需数据。
[2026-04-03 23:59:18] [SUCCESS] bvid=BV1dp9JBmEir 已成功抓取全部所需数据。
[2026-04-03 23:59:27] [SUCCESS] bvid=BV1PK9JBbEKb 已成功抓取全部所需数据。
[2026-04-03 23:59:35] [SUCCESS] bvid=BV1PN9JBFEFU 已成功抓取全部所需数据。
[2026-04-03 23:59:44] [SUCCESS] bvid=BV1AK9JBbErv 已成功抓取全部所需数据。
[2026-04-03 23:59:55] [SUCCESS] bvid=BV1WK9JBbEra 已成功抓取全部所需数据。
[2026-04-04 00:00:06] [SUCCESS] bvid=BV1PK9JBbEuT 已成功抓取全部所需数据。
[2026-04-04 00:00:14] [SUCCESS] bvid=BV1AT9JBZEXa 已成功抓取全部所需数据。
[2026-04-04 00:00:24] [SUCCESS] bvid=BV1AT9JBZEC6 已成功抓取全部所需数据。
[2026-04-04 00:00:34] [SUCCESS] bvid=BV1pT9JBZErd 已成功抓取全部所需数据。
[2026-04-04 00:00:43] [SUCCESS] bvid=BV1HT9JBZEdK 已成功抓取全部所需数据。
[2026-04-04 00:00:51] [SUCCESS] bvid=BV1pT9JBZEdc 已成功抓取全部所需数据。
[2026-04-04 00:00:59] [SUCCESS] bvid=BV1AA9JBhEmq 已成功抓取全部所需数据。
[2026-04-04 00:01:07] [SUCCESS] bvid=BV1NA9JBhEXB 已成功抓取全部所需数据。
[2026-04-04 00:01:14] [SUCCESS] bvid=BV1sA9JBhETq 已成功抓取全部所需数据。
[2026-04-04 00:01:22] [SUCCESS] bvid=BV1NA9JBhEHH 已成功抓取全部所需数据。
[2026-04-04 00:01:30] [SUCCESS] bvid=BV1PN9JBFEDB 已成功抓取全部所需数据。
[2026-04-04 00:01:38] [SUCCESS] bvid=BV1NN9JBFE72 已成功抓取全部所需数据。
[2026-04-04 00:01:46] [SUCCESS] bvid=BV1PN9JBFERK 已成功抓取全部所需数据。
[2026-04-04 00:01:54] [SUCCESS] bvid=BV1NN9JBFEwM 已成功抓取全部所需数据。
[2026-04-04 00:02:01] [SUCCESS] bvid=BV1WN9JBFEzf 已成功抓取全部所需数据。
[2026-04-04 00:02:10] [SUCCESS] bvid=BV1cG9JBsELG 已成功抓取全部所需数据。
[2026-04-04 00:02:17] [SUCCESS] bvid=BV1PN9JBFEUw 已成功抓取全部所需数据。
[2026-04-04 00:02:17] [WARN] 当前子任务已结束，但仍有未成功抓取的视频，已导出 remaining CSV 供继续执行。
[2026-04-04 00:02:17] [INFO] 已导出剔除成功条目后的剩余 CSV：D:\Schoolworks\Thesis\Bilibili-Datahub\outputs\video_data\manual_crawls\manual_crawl_stat_comment_20260403_212256\remaining_bvids_part_11.csv
[2026-04-04 00:02:17] 子任务结束时间：2026-04-04T00:02:17.451912
[TIMESTAMP][END] 2026-04-04T00:02:17
