[TIMESTAMP][BEGIN] 2026-04-04T03:01:41
[2026-04-04 03:01:44] 开始执行 CSV 批量抓取子任务 part_24。
[2026-04-04 03:01:44] 子任务开始时间：2026-04-04T03:01:41.569313
[2026-04-04 03:01:44] 输入文件：batch_input_24.csv
[2026-04-04 03:01:44] 输入唯一 bvid 数量：100
[2026-04-04 03:01:44] 为严格按 CSV 顺序判断连续失败阈值，本次任务自动将并发度从 2 调整为 1。
[2026-04-04 03:01:51] [SUCCESS] bvid=BV11GXkBfEke 已成功抓取全部所需数据。
[2026-04-04 03:02:02] [SUCCESS] bvid=BV14GXkBfEja 已成功抓取全部所需数据。
[2026-04-04 03:02:09] [SUCCESS] bvid=BV1tgXkBcEeq 已成功抓取全部所需数据。
[2026-04-04 03:02:16] [SUCCESS] bvid=BV1y5XkBtEfF 已成功抓取全部所需数据。
[2026-04-04 03:02:23] [SUCCESS] bvid=BV1mgXkBcE64 已成功抓取全部所需数据。
[2026-04-04 03:02:30] [SUCCESS] bvid=BV14gXkBcEqo 已成功抓取全部所需数据。
[2026-04-04 03:02:37] [SUCCESS] bvid=BV1mgXkBcEyY 已成功抓取全部所需数据。
[2026-04-04 03:02:43] [SUCCESS] bvid=BV1m3XkB8E3h 已成功抓取全部所需数据。
[2026-04-04 03:02:50] [SUCCESS] bvid=BV1M3XkBhEhx 已成功抓取全部所需数据。
[2026-04-04 03:02:57] [SUCCESS] bvid=BV1x3XkB8ERg 已成功抓取全部所需数据。
[2026-04-04 03:03:03] [SUCCESS] bvid=BV143XkB8EZJ 已成功抓取全部所需数据。
[2026-04-04 03:03:09] [SUCCESS] bvid=BV114XzBQEb5 已成功抓取全部所需数据。
[2026-04-04 03:03:16] [SUCCESS] bvid=BV1TWXzBREQ6 已成功抓取全部所需数据。
[2026-04-04 03:03:22] [SUCCESS] bvid=BV1qHXBBTERe 已成功抓取全部所需数据。
[2026-04-04 03:03:30] [SUCCESS] bvid=BV123XkB8EgB 已成功抓取全部所需数据。
[2026-04-04 03:03:38] [SUCCESS] bvid=BV1UWXzBREZ4 已成功抓取全部所需数据。
[2026-04-04 03:03:46] [SUCCESS] bvid=BV1yaXzBEEQR 已成功抓取全部所需数据。
[2026-04-04 03:03:54] [SUCCESS] bvid=BV124XzBQEFT 已成功抓取全部所需数据。
[2026-04-04 03:04:01] [SUCCESS] bvid=BV15GXzBAEmH 已成功抓取全部所需数据。
[2026-04-04 03:04:08] [SUCCESS] bvid=BV1tvQUB5EE9 已成功抓取全部所需数据。
[2026-04-04 03:04:16] [SUCCESS] bvid=BV14iQUBCEQY 已成功抓取全部所需数据。
[2026-04-04 03:04:23] [SUCCESS] bvid=BV1wkXaBbEAF 已成功抓取全部所需数据。
[2026-04-04 03:04:31] [SUCCESS] bvid=BV12bXzBnEaC 已成功抓取全部所需数据。
[2026-04-04 03:04:39] [SUCCESS] bvid=BV11bXzBnEA5 已成功抓取全部所需数据。
[2026-04-04 03:04:46] [SUCCESS] bvid=BV1ybXzBnESL 已成功抓取全部所需数据。
[2026-04-04 03:04:54] [SUCCESS] bvid=BV1UWXzB9Ekf 已成功抓取全部所需数据。
[2026-04-04 03:05:01] [SUCCESS] bvid=BV1mWXzB9EAR 已成功抓取全部所需数据。
[2026-04-04 03:05:08] [SUCCESS] bvid=BV1MxXzBWE5Z 已成功抓取全部所需数据。
[2026-04-04 03:05:16] [SUCCESS] bvid=BV1pvXzB7EM8 已成功抓取全部所需数据。
[2026-04-04 03:05:23] [SUCCESS] bvid=BV1mxXzBpErD 已成功抓取全部所需数据。
[2026-04-04 03:05:30] [SUCCESS] bvid=BV1sYXzBUEJS 已成功抓取全部所需数据。
[2026-04-04 03:05:38] [SUCCESS] bvid=BV1kYXzBmEp1 已成功抓取全部所需数据。
[2026-04-04 03:05:46] [SUCCESS] bvid=BV1WvXzB7E4t 已成功抓取全部所需数据。
[2026-04-04 03:05:53] [SUCCESS] bvid=BV1rvXzBjEZq 已成功抓取全部所需数据。
[2026-04-04 03:06:00] [SUCCESS] bvid=BV1ZdXeB4EU1 已成功抓取全部所需数据。
[2026-04-04 03:06:07] [SUCCESS] bvid=BV1y8XzBSEgA 已成功抓取全部所需数据。
[2026-04-04 03:06:15] [SUCCESS] bvid=BV1CaXzBEE4q 已成功抓取全部所需数据。
[2026-04-04 03:06:22] [SUCCESS] bvid=BV19GXzBwEc9 已成功抓取全部所需数据。
[2026-04-04 03:06:29] [SUCCESS] bvid=BV1CaXzBEEra 已成功抓取全部所需数据。
[2026-04-04 03:06:36] [SUCCESS] bvid=BV1CaXzBEEDw 已成功抓取全部所需数据。
[2026-04-04 03:06:44] [SUCCESS] bvid=BV1YLXzBcEhX 已成功抓取全部所需数据。
[2026-04-04 03:06:51] [SUCCESS] bvid=BV1QLXzBFEuf 已成功抓取全部所需数据。
[2026-04-04 03:06:58] [SUCCESS] bvid=BV1QLXzBFE8g 已成功抓取全部所需数据。
[2026-04-04 03:07:06] [SUCCESS] bvid=BV1GLXzBcEZM 已成功抓取全部所需数据。
[2026-04-04 03:07:13] [SUCCESS] bvid=BV1QjXzBbEvW 已成功抓取全部所需数据。
[2026-04-04 03:07:20] [SUCCESS] bvid=BV1hbApzkEm4 已成功抓取全部所需数据。
[2026-04-04 03:07:27] [SUCCESS] bvid=BV1DjXzBbES9 已成功抓取全部所需数据。
[2026-04-04 03:07:34] [SUCCESS] bvid=BV18jXzBtEeP 已成功抓取全部所需数据。
[2026-04-04 03:07:41] [SUCCESS] bvid=BV15GXzBAE6r 已成功抓取全部所需数据。
[2026-04-04 03:07:48] [SUCCESS] bvid=BV1XGXzBwE84 已成功抓取全部所需数据。
[2026-04-04 03:07:55] [SUCCESS] bvid=BV1QVXzBhE9J 已成功抓取全部所需数据。
[2026-04-04 03:08:03] [SUCCESS] bvid=BV1MnXzBoEDX 已成功抓取全部所需数据。
[2026-04-04 03:08:10] [SUCCESS] bvid=BV1GyXdBLEbR 已成功抓取全部所需数据。
[2026-04-04 03:08:18] [SUCCESS] bvid=BV1GyXdBLEiH 已成功抓取全部所需数据。
[2026-04-04 03:08:25] [SUCCESS] bvid=BV1XyXdB5EMj 已成功抓取全部所需数据。
[2026-04-04 03:08:32] [SUCCESS] bvid=BV1XRXzBYEah 已成功抓取全部所需数据。
[2026-04-04 03:08:39] [SUCCESS] bvid=BV1a7XzBfE6c 已成功抓取全部所需数据。
[2026-04-04 03:08:46] [SUCCESS] bvid=BV1UpXzBsEFU 已成功抓取全部所需数据。
[2026-04-04 03:08:54] [SUCCESS] bvid=BV1QGXqBWEyZ 已成功抓取全部所需数据。
[2026-04-04 03:09:01] [SUCCESS] bvid=BV1zEXBBuEHK 已成功抓取全部所需数据。
[2026-04-04 03:09:09] [SUCCESS] bvid=BV1gJXzBtEqB 已成功抓取全部所需数据。
[2026-04-04 03:09:16] [SUCCESS] bvid=BV14gX6BpEch 已成功抓取全部所需数据。
[2026-04-04 03:09:23] [SUCCESS] bvid=BV1VPXYB5EAw 已成功抓取全部所需数据。
[2026-04-04 03:09:30] [SUCCESS] bvid=BV1b1X6BbEXG 已成功抓取全部所需数据。
[2026-04-04 03:09:38] [SUCCESS] bvid=BV1L8X6BzEgz 已成功抓取全部所需数据。
[2026-04-04 03:09:44] [SUCCESS] bvid=BV1LbX6BgE2o 已成功抓取全部所需数据。
[2026-04-04 03:09:51] [SUCCESS] bvid=BV1HFX8BJEjX 已成功抓取全部所需数据。
[2026-04-04 03:09:58] [SUCCESS] bvid=BV1eQXzBvEK5 已成功抓取全部所需数据。
[2026-04-04 03:10:04] [SUCCESS] bvid=BV1RQXzBvEd1 已成功抓取全部所需数据。
[2026-04-04 03:10:12] [SUCCESS] bvid=BV1vUXzBqE8e 已成功抓取全部所需数据。
[2026-04-04 03:10:20] [SUCCESS] bvid=BV1iUXzBqEdu 已成功抓取全部所需数据。
[2026-04-04 03:10:27] [SUCCESS] bvid=BV1RDXzBKELd 已成功抓取全部所需数据。
[2026-04-04 03:10:34] [SUCCESS] bvid=BV1vDXzBKEwQ 已成功抓取全部所需数据。
[2026-04-04 03:10:41] [SUCCESS] bvid=BV1vDXzBKE71 已成功抓取全部所需数据。
[2026-04-04 03:10:49] [SUCCESS] bvid=BV1DFX6BFE4g 已成功抓取全部所需数据。
[2026-04-04 03:10:56] [SUCCESS] bvid=BV1hFX6BFE1C 已成功抓取全部所需数据。
[2026-04-04 03:11:03] [SUCCESS] bvid=BV1aRXzBYEhc 已成功抓取全部所需数据。
[2026-04-04 03:11:10] [SUCCESS] bvid=BV1aoXzBwExP 已成功抓取全部所需数据。
[2026-04-04 03:11:18] [SUCCESS] bvid=BV1QoXzBwEMA 已成功抓取全部所需数据。
[2026-04-04 03:11:25] [SUCCESS] bvid=BV16zXzBCE5N 已成功抓取全部所需数据。
[2026-04-04 03:11:32] [SUCCESS] bvid=BV1zrXzBGEiU 已成功抓取全部所需数据。
[2026-04-04 03:11:39] [SUCCESS] bvid=BV16rXzBGEHr 已成功抓取全部所需数据。
[2026-04-04 03:11:47] [SUCCESS] bvid=BV1WiXzB2ENt 已成功抓取全部所需数据。
[2026-04-04 03:11:54] [SUCCESS] bvid=BV1rBXzB5Ekw 已成功抓取全部所需数据。
[2026-04-04 03:12:01] [SUCCESS] bvid=BV16BXzB5Ept 已成功抓取全部所需数据。
[2026-04-04 03:12:09] [SUCCESS] bvid=BV1kBXzB5EcN 已成功抓取全部所需数据。
[2026-04-04 03:12:16] [SUCCESS] bvid=BV1zJXBBBET1 已成功抓取全部所需数据。
[2026-04-04 03:12:23] [SUCCESS] bvid=BV1q1XzBzEnW 已成功抓取全部所需数据。
[2026-04-04 03:12:30] [SUCCESS] bvid=BV1KdXYBzEeJ 已成功抓取全部所需数据。
[2026-04-04 03:12:37] [SUCCESS] bvid=BV14iQUBCEyY 已成功抓取全部所需数据。
[2026-04-04 03:12:44] [SUCCESS] bvid=BV13ZXDBcEnc 已成功抓取全部所需数据。
[2026-04-04 03:12:52] [SUCCESS] bvid=BV1imXzBuEaT 已成功抓取全部所需数据。
[2026-04-04 03:12:58] [SUCCESS] bvid=BV1dmXzBMERD 已成功抓取全部所需数据。
[2026-04-04 03:13:06] [SUCCESS] bvid=BV1zkXzBrEYr 已成功抓取全部所需数据。
[2026-04-04 03:13:13] [SUCCESS] bvid=BV1zkXzBrEZh 已成功抓取全部所需数据。
[2026-04-04 03:13:20] [SUCCESS] bvid=BV1fyXzBgEr5 已成功抓取全部所需数据。
[2026-04-04 03:13:27] [SUCCESS] bvid=BV1p5X6BSEYD 已成功抓取全部所需数据。
[2026-04-04 03:13:34] [SUCCESS] bvid=BV1pjX6BEEeG 已成功抓取全部所需数据。
[2026-04-04 03:13:38] [ERROR] bvid=BV1H7X6BmEjC 抓取失败：comment: 接口返回错误代码：12061，信息：UP主已关闭评论区。
{'code': 12061, 'message': 'UP主已关闭评论区', 'ttl': 1}
[2026-04-04 03:13:46] [SUCCESS] bvid=BV1KUX6B4EZY 已成功抓取全部所需数据。
[2026-04-04 03:13:46] [WARN] 当前子任务已结束，但仍有未成功抓取的视频，已导出 remaining CSV 供继续执行。
[2026-04-04 03:13:46] [INFO] 已导出剔除成功条目后的剩余 CSV：D:\Schoolworks\Thesis\Bilibili-Datahub\outputs\video_data\manual_crawls\manual_crawl_stat_comment_20260403_212256\remaining_bvids_part_24.csv
[2026-04-04 03:13:46] 子任务结束时间：2026-04-04T03:13:46.486233
[TIMESTAMP][END] 2026-04-04T03:13:46
