[TIMESTAMP][BEGIN] 2026-04-04T04:06:23
[2026-04-04 04:06:25] 开始执行 CSV 批量抓取子任务 part_30。
[2026-04-04 04:06:25] 子任务开始时间：2026-04-04T04:06:23.441771
[2026-04-04 04:06:25] 输入文件：batch_input_30.csv
[2026-04-04 04:06:25] 输入唯一 bvid 数量：100
[2026-04-04 04:06:25] 为严格按 CSV 顺序判断连续失败阈值，本次任务自动将并发度从 2 调整为 1。
[2026-04-04 04:06:31] [SUCCESS] bvid=BV1f5XeBxEeK 已成功抓取全部所需数据。
[2026-04-04 04:06:37] [SUCCESS] bvid=BV1E5XeBxE7o 已成功抓取全部所需数据。
[2026-04-04 04:06:42] [SUCCESS] bvid=BV1RjQqBoENU 已成功抓取全部所需数据。
[2026-04-04 04:06:48] [SUCCESS] bvid=BV1SUXdBrEQr 已成功抓取全部所需数据。
[2026-04-04 04:06:54] [SUCCESS] bvid=BV1E5XeBxETd 已成功抓取全部所需数据。
[2026-04-04 04:06:59] [SUCCESS] bvid=BV17LXeBREeQ 已成功抓取全部所需数据。
[2026-04-04 04:07:05] [SUCCESS] bvid=BV1dvXhB5EpY 已成功抓取全部所需数据。
[2026-04-04 04:07:11] [SUCCESS] bvid=BV175XeBxEMn 已成功抓取全部所需数据。
[2026-04-04 04:07:17] [SUCCESS] bvid=BV1BLXeBRE3f 已成功抓取全部所需数据。
[2026-04-04 04:07:22] [SUCCESS] bvid=BV1oWXSBeEWb 已成功抓取全部所需数据。
[2026-04-04 04:07:28] [SUCCESS] bvid=BV17LXeBREi5 已成功抓取全部所需数据。
[2026-04-04 04:07:34] [SUCCESS] bvid=BV1iLXeBRE29 已成功抓取全部所需数据。
[2026-04-04 04:07:40] [SUCCESS] bvid=BV17LXeBdEZG 已成功抓取全部所需数据。
[2026-04-04 04:07:45] [SUCCESS] bvid=BV1NFXoBNEXD 已成功抓取全部所需数据。
[2026-04-04 04:07:51] [SUCCESS] bvid=BV1h1XhBqEKB 已成功抓取全部所需数据。
[2026-04-04 04:07:57] [SUCCESS] bvid=BV1KwA3zaEeN 已成功抓取全部所需数据。
[2026-04-04 04:08:03] [SUCCESS] bvid=BV1bbXaBMEpb 已成功抓取全部所需数据。
[2026-04-04 04:08:10] [SUCCESS] bvid=BV1CfXhBZEoa 已成功抓取全部所需数据。
[2026-04-04 04:08:17] [SUCCESS] bvid=BV17LXeBRERo 已成功抓取全部所需数据。
[2026-04-04 04:08:23] [SUCCESS] bvid=BV1jLXeBREW9 已成功抓取全部所需数据。
[2026-04-04 04:08:30] [SUCCESS] bvid=BV1J3XeBtEzx 已成功抓取全部所需数据。
[2026-04-04 04:08:37] [SUCCESS] bvid=BV1E3XeBtEyi 已成功抓取全部所需数据。
[2026-04-04 04:08:44] [SUCCESS] bvid=BV1B3XeBtEfh 已成功抓取全部所需数据。
[2026-04-04 04:08:52] [SUCCESS] bvid=BV1bXXYB6E79 已成功抓取全部所需数据。
[2026-04-04 04:08:58] [SUCCESS] bvid=BV1n3XeBtE5P 已成功抓取全部所需数据。
[2026-04-04 04:09:05] [SUCCESS] bvid=BV1q8XhBmEuF 已成功抓取全部所需数据。
[2026-04-04 04:09:12] [SUCCESS] bvid=BV1eBXhBGE1M 已成功抓取全部所需数据。
[2026-04-04 04:09:19] [SUCCESS] bvid=BV1nTXaBpEW2 已成功抓取全部所需数据。
[2026-04-04 04:09:27] [SUCCESS] bvid=BV1tdXYBBEHE 已成功抓取全部所需数据。
[2026-04-04 04:09:33] [SUCCESS] bvid=BV14vXaBPE1T 已成功抓取全部所需数据。
[2026-04-04 04:09:41] [SUCCESS] bvid=BV1kJQoB4Eqm 已成功抓取全部所需数据。
[2026-04-04 04:09:46] [SUCCESS] bvid=BV1AcXaBtEdN 已成功抓取全部所需数据。
[2026-04-04 04:09:54] [SUCCESS] bvid=BV1h8XoBCEm8 已成功抓取全部所需数据。
[2026-04-04 04:10:00] [SUCCESS] bvid=BV1pfXhBZEMr 已成功抓取全部所需数据。
[2026-04-04 04:10:07] [SUCCESS] bvid=BV1pbQ6BjE9a 已成功抓取全部所需数据。
[2026-04-04 04:10:14] [SUCCESS] bvid=BV1KwA3zaEKW 已成功抓取全部所需数据。
[2026-04-04 04:10:21] [SUCCESS] bvid=BV1qaXhBjE5d 已成功抓取全部所需数据。
[2026-04-04 04:10:26] [SUCCESS] bvid=BV1ycXoBYEY1 已成功抓取全部所需数据。
[2026-04-04 04:10:33] [SUCCESS] bvid=BV1qVXaBEEeX 已成功抓取全部所需数据。
[2026-04-04 04:10:39] [SUCCESS] bvid=BV1dpXoBEExo 已成功抓取全部所需数据。
[2026-04-04 04:10:45] [SUCCESS] bvid=BV1B4XhBSE2F 已成功抓取全部所需数据。
[2026-04-04 04:10:51] [SUCCESS] bvid=BV1KoXhBcEV7 已成功抓取全部所需数据。
[2026-04-04 04:10:58] [SUCCESS] bvid=BV1srXoBKEzg 已成功抓取全部所需数据。
[2026-04-04 04:11:04] [SUCCESS] bvid=BV1PaXNBHE4k 已成功抓取全部所需数据。
[2026-04-04 04:11:10] [SUCCESS] bvid=BV1SDXdBgEqS 已成功抓取全部所需数据。
[2026-04-04 04:11:16] [SUCCESS] bvid=BV1HwXaBdEXV 已成功抓取全部所需数据。
[2026-04-04 04:11:22] [SUCCESS] bvid=BV1ezXhBkEL8 已成功抓取全部所需数据。
[2026-04-04 04:11:28] [SUCCESS] bvid=BV1wnXhBREuZ 已成功抓取全部所需数据。
[2026-04-04 04:11:34] [SUCCESS] bvid=BV1vvXhB5EZu 已成功抓取全部所需数据。
[2026-04-04 04:11:40] [SUCCESS] bvid=BV1zPXDBTEHq 已成功抓取全部所需数据。
[2026-04-04 04:11:46] [SUCCESS] bvid=BV1tRXYBuEQL 已成功抓取全部所需数据。
[2026-04-04 04:11:52] [SUCCESS] bvid=BV1pZXhBbEfm 已成功抓取全部所需数据。
[2026-04-04 04:11:58] [SUCCESS] bvid=BV18mXhBKEDk 已成功抓取全部所需数据。
[2026-04-04 04:12:03] [SUCCESS] bvid=BV1ecXGBREqr 已成功抓取全部所需数据。
[2026-04-04 04:12:09] [SUCCESS] bvid=BV1LSXjBBED1 已成功抓取全部所需数据。
[2026-04-04 04:12:15] [SUCCESS] bvid=BV1JGXeBoE3t 已成功抓取全部所需数据。
[2026-04-04 04:12:21] [SUCCESS] bvid=BV12gXhBhE6X 已成功抓取全部所需数据。
[2026-04-04 04:12:26] [SUCCESS] bvid=BV1STXhBYE3M 已成功抓取全部所需数据。
[2026-04-04 04:12:32] [SUCCESS] bvid=BV1xZXYBTEb2 已成功抓取全部所需数据。
[2026-04-04 04:12:38] [SUCCESS] bvid=BV1SXXYB6EAV 已成功抓取全部所需数据。
[2026-04-04 04:12:43] [SUCCESS] bvid=BV1URXYBuEty 已成功抓取全部所需数据。
[2026-04-04 04:12:49] [SUCCESS] bvid=BV12dXYBBEPZ 已成功抓取全部所需数据。
[2026-04-04 04:12:55] [SUCCESS] bvid=BV14ZXYBTExt 已成功抓取全部所需数据。
[2026-04-04 04:13:01] [SUCCESS] bvid=BV1tXXYB6EAi 已成功抓取全部所需数据。
[2026-04-04 04:13:07] [SUCCESS] bvid=BV1bXXYB6EZw 已成功抓取全部所需数据。
[2026-04-04 04:13:13] [SUCCESS] bvid=BV1GcXhBBE8R 已成功抓取全部所需数据。
[2026-04-04 04:13:19] [SUCCESS] bvid=BV1pcXaB4EiY 已成功抓取全部所需数据。
[2026-04-04 04:13:25] [SUCCESS] bvid=BV1mXXYB6EeM 已成功抓取全部所需数据。
[2026-04-04 04:13:30] [SUCCESS] bvid=BV1tRXYBuEso 已成功抓取全部所需数据。
[2026-04-04 04:13:36] [SUCCESS] bvid=BV1pwXeBeEUS 已成功抓取全部所需数据。
[2026-04-04 04:13:42] [SUCCESS] bvid=BV1WPXeBAEBY 已成功抓取全部所需数据。
[2026-04-04 04:13:47] [SUCCESS] bvid=BV1tRXYBuEfs 已成功抓取全部所需数据。
[2026-04-04 04:13:53] [SUCCESS] bvid=BV12fXYBiEv1 已成功抓取全部所需数据。
[2026-04-04 04:13:58] [SUCCESS] bvid=BV1swXeBeE3w 已成功抓取全部所需数据。
[2026-04-04 04:14:05] [SUCCESS] bvid=BV1ywXeBeEX9 已成功抓取全部所需数据。
[2026-04-04 04:14:11] [SUCCESS] bvid=BV1CwXeBeEhh 已成功抓取全部所需数据。
[2026-04-04 04:14:17] [SUCCESS] bvid=BV1sPXeBPEVM 已成功抓取全部所需数据。
[2026-04-04 04:14:22] [SUCCESS] bvid=BV1yPXeBAEFg 已成功抓取全部所需数据。
[2026-04-04 04:14:28] [SUCCESS] bvid=BV1pPXeBAEFP 已成功抓取全部所需数据。
[2026-04-04 04:14:34] [SUCCESS] bvid=BV1pPXeBAEFB 已成功抓取全部所需数据。
[2026-04-04 04:14:40] [SUCCESS] bvid=BV1dvXhB5ELx 已成功抓取全部所需数据。
[2026-04-04 04:14:46] [SUCCESS] bvid=BV1YWXoBmEW2 已成功抓取全部所需数据。
[2026-04-04 04:14:52] [SUCCESS] bvid=BV1JMXaBQE8W 已成功抓取全部所需数据。
[2026-04-04 04:14:58] [SUCCESS] bvid=BV1pfXhBZEYi 已成功抓取全部所需数据。
[2026-04-04 04:15:03] [SUCCESS] bvid=BV1VdXDBaEbg 已成功抓取全部所需数据。
[2026-04-04 04:15:09] [SUCCESS] bvid=BV11fXYBiEGb 已成功抓取全部所需数据。
[2026-04-04 04:15:15] [SUCCESS] bvid=BV1xfXYBiEWv 已成功抓取全部所需数据。
[2026-04-04 04:15:21] [SUCCESS] bvid=BV1sfXYBiEER 已成功抓取全部所需数据。
[2026-04-04 04:15:26] [SUCCESS] bvid=BV1sfXYBiEF4 已成功抓取全部所需数据。
[2026-04-04 04:15:31] [SUCCESS] bvid=BV1NfXYBqE5y 已成功抓取全部所需数据。
[2026-04-04 04:15:37] [SUCCESS] bvid=BV1WcXeBNEV8 已成功抓取全部所需数据。
[2026-04-04 04:15:43] [SUCCESS] bvid=BV1ycXeBNEA9 已成功抓取全部所需数据。
[2026-04-04 04:15:49] [SUCCESS] bvid=BV1WjXhBtEhW 已成功抓取全部所需数据。
[2026-04-04 04:15:54] [SUCCESS] bvid=BV1NjXhBtEru 已成功抓取全部所需数据。
[2026-04-04 04:16:00] [SUCCESS] bvid=BV18yXhBME6k 已成功抓取全部所需数据。
[2026-04-04 04:16:06] [SUCCESS] bvid=BV134XaBzEwq 已成功抓取全部所需数据。
[2026-04-04 04:16:12] [SUCCESS] bvid=BV1PjXhBtEwZ 已成功抓取全部所需数据。
[2026-04-04 04:16:17] [SUCCESS] bvid=BV1CjXhB4EX4 已成功抓取全部所需数据。
[2026-04-04 04:16:23] [SUCCESS] bvid=BV1k7XhBdEUh 已成功抓取全部所需数据。
[2026-04-04 04:16:29] [SUCCESS] bvid=BV1y7XhBdEAT 已成功抓取全部所需数据。
[2026-04-04 04:16:29] [INFO] 当前 batch_crawl 已完成，所有视频均已成功抓取。
[2026-04-04 04:16:29] 子任务结束时间：2026-04-04T04:16:29.540727
[TIMESTAMP][END] 2026-04-04T04:16:29
