[TIMESTAMP][BEGIN] 2026-04-04T03:55:44
[2026-04-04 03:55:46] 开始执行 CSV 批量抓取子任务 part_29。
[2026-04-04 03:55:46] 子任务开始时间：2026-04-04T03:55:44.056964
[2026-04-04 03:55:46] 输入文件：batch_input_29.csv
[2026-04-04 03:55:46] 输入唯一 bvid 数量：100
[2026-04-04 03:55:46] 为严格按 CSV 顺序判断连续失败阈值，本次任务自动将并发度从 2 调整为 1。
[2026-04-04 03:55:53] [SUCCESS] bvid=BV1UVXYBTEcn 已成功抓取全部所需数据。
[2026-04-04 03:55:59] [SUCCESS] bvid=BV1QNXYBkEXX 已成功抓取全部所需数据。
[2026-04-04 03:56:05] [SUCCESS] bvid=BV1UVXYBTEHR 已成功抓取全部所需数据。
[2026-04-04 03:56:12] [SUCCESS] bvid=BV12VXYBTEr6 已成功抓取全部所需数据。
[2026-04-04 03:56:18] [SUCCESS] bvid=BV1mVXYBTEP6 已成功抓取全部所需数据。
[2026-04-04 03:56:25] [SUCCESS] bvid=BV1K5XYBqELi 已成功抓取全部所需数据。
[2026-04-04 03:56:34] [SUCCESS] bvid=BV1MgXYBgErX 已成功抓取全部所需数据。
[2026-04-04 03:56:42] [SUCCESS] bvid=BV1bgXYBgEzM 已成功抓取全部所需数据。
[2026-04-04 03:56:48] [SUCCESS] bvid=BV1UgXYBuE7m 已成功抓取全部所需数据。
[2026-04-04 03:56:56] [SUCCESS] bvid=BV1ggXYBgEgB 已成功抓取全部所需数据。
[2026-04-04 03:57:02] [SUCCESS] bvid=BV1DgXYBuEKc 已成功抓取全部所需数据。
[2026-04-04 03:57:09] [SUCCESS] bvid=BV1S3XYBBEAw 已成功抓取全部所需数据。
[2026-04-04 03:57:17] [SUCCESS] bvid=BV1SgXYBuE8U 已成功抓取全部所需数据。
[2026-04-04 03:57:25] [SUCCESS] bvid=BV1YkXYB7Eg2 已成功抓取全部所需数据。
[2026-04-04 03:57:32] [SUCCESS] bvid=BV1S3XYBBEHJ 已成功抓取全部所需数据。
[2026-04-04 03:57:39] [SUCCESS] bvid=BV1aCXYB2E9m 已成功抓取全部所需数据。
[2026-04-04 03:57:46] [SUCCESS] bvid=BV1eCXYB2EMg 已成功抓取全部所需数据。
[2026-04-04 03:57:53] [SUCCESS] bvid=BV1SaXoBGEjz 已成功抓取全部所需数据。
[2026-04-04 03:58:00] [SUCCESS] bvid=BV1e6XYBUEHM 已成功抓取全部所需数据。
[2026-04-04 03:58:08] [SUCCESS] bvid=BV1e6XYBUEu2 已成功抓取全部所需数据。
[2026-04-04 03:58:15] [SUCCESS] bvid=BV1e6XYBUEdM 已成功抓取全部所需数据。
[2026-04-04 03:58:22] [SUCCESS] bvid=BV1SSXYBkEJG 已成功抓取全部所需数据。
[2026-04-04 03:58:29] [SUCCESS] bvid=BV1ekXYB7ECA 已成功抓取全部所需数据。
[2026-04-04 03:58:36] [SUCCESS] bvid=BV15kXYBEEHG 已成功抓取全部所需数据。
[2026-04-04 03:58:43] [SUCCESS] bvid=BV1RkXYB7Eto 已成功抓取全部所需数据。
[2026-04-04 03:58:50] [SUCCESS] bvid=BV1DSXYBkEjo 已成功抓取全部所需数据。
[2026-04-04 03:58:57] [SUCCESS] bvid=BV1wTXVB6EkY 已成功抓取全部所需数据。
[2026-04-04 03:59:03] [SUCCESS] bvid=BV18QXYB3EkB 已成功抓取全部所需数据。
[2026-04-04 03:59:10] [SUCCESS] bvid=BV18QXYB3EFP 已成功抓取全部所需数据。
[2026-04-04 03:59:17] [SUCCESS] bvid=BV1qYXYBWEzm 已成功抓取全部所需数据。
[2026-04-04 03:59:23] [SUCCESS] bvid=BV18QXYB3ECR 已成功抓取全部所需数据。
[2026-04-04 03:59:30] [SUCCESS] bvid=BV1iaXhBjEHN 已成功抓取全部所需数据。
[2026-04-04 03:59:36] [SUCCESS] bvid=BV18QXYB3EKQ 已成功抓取全部所需数据。
[2026-04-04 03:59:41] [SUCCESS] bvid=BV18QXYB3EAV 已成功抓取全部所需数据。
[2026-04-04 03:59:47] [SUCCESS] bvid=BV1gQXYBGEcV 已成功抓取全部所需数据。
[2026-04-04 03:59:53] [SUCCESS] bvid=BV1y7XhBdEaQ 已成功抓取全部所需数据。
[2026-04-04 04:00:00] [SUCCESS] bvid=BV1D2XYByEkJ 已成功抓取全部所需数据。
[2026-04-04 04:00:07] [SUCCESS] bvid=BV1a2XYByErN 已成功抓取全部所需数据。
[2026-04-04 04:00:13] [SUCCESS] bvid=BV1hUXYBVExw 已成功抓取全部所需数据。
[2026-04-04 04:00:20] [SUCCESS] bvid=BV182XYByE9A 已成功抓取全部所需数据。
[2026-04-04 04:00:26] [SUCCESS] bvid=BV1h2XYByEwg 已成功抓取全部所需数据。
[2026-04-04 04:00:32] [SUCCESS] bvid=BV1D2XYByEym 已成功抓取全部所需数据。
[2026-04-04 04:00:39] [SUCCESS] bvid=BV1hUXYBVE8a 已成功抓取全部所需数据。
[2026-04-04 04:00:45] [SUCCESS] bvid=BV1hUXYBVEZ8 已成功抓取全部所需数据。
[2026-04-04 04:00:51] [SUCCESS] bvid=BV18UXYBVE2K 已成功抓取全部所需数据。
[2026-04-04 04:00:57] [SUCCESS] bvid=BV1zhXYBREyR 已成功抓取全部所需数据。
[2026-04-04 04:01:02] [SUCCESS] bvid=BV1BhXYBRE6c 已成功抓取全部所需数据。
[2026-04-04 04:01:08] [SUCCESS] bvid=BV1BhXYBRExh 已成功抓取全部所需数据。
[2026-04-04 04:01:13] [SUCCESS] bvid=BV1YjQ2BUEMj 已成功抓取全部所需数据。
[2026-04-04 04:01:19] [SUCCESS] bvid=BV1XEQ2B7Egt 已成功抓取全部所需数据。
[2026-04-04 04:01:25] [SUCCESS] bvid=BV1aEQ2B7Eo2 已成功抓取全部所需数据。
[2026-04-04 04:01:31] [SUCCESS] bvid=BV1aEQ2BEEfp 已成功抓取全部所需数据。
[2026-04-04 04:01:37] [SUCCESS] bvid=BV1XEQ2B7Ept 已成功抓取全部所需数据。
[2026-04-04 04:01:43] [SUCCESS] bvid=BV1XEQ2B7EzZ 已成功抓取全部所需数据。
[2026-04-04 04:01:48] [SUCCESS] bvid=BV1aEQ2B7EDi 已成功抓取全部所需数据。
[2026-04-04 04:01:54] [SUCCESS] bvid=BV1aEQ2B7EzZ 已成功抓取全部所需数据。
[2026-04-04 04:02:00] [SUCCESS] bvid=BV1xvXaBPEsG 已成功抓取全部所需数据。
[2026-04-04 04:02:05] [SUCCESS] bvid=BV1zWXhBQE2h 已成功抓取全部所需数据。
[2026-04-04 04:02:11] [SUCCESS] bvid=BV1UdAczyE1c 已成功抓取全部所需数据。
[2026-04-04 04:02:16] [SUCCESS] bvid=BV1uyXQBfEBc 已成功抓取全部所需数据。
[2026-04-04 04:02:22] [SUCCESS] bvid=BV1F3XoBoEXH 已成功抓取全部所需数据。
[2026-04-04 04:02:28] [SUCCESS] bvid=BV1o9XXBrETo 已成功抓取全部所需数据。
[2026-04-04 04:02:33] [SUCCESS] bvid=BV1qYXYBWEGo 已成功抓取全部所需数据。
[2026-04-04 04:02:39] [SUCCESS] bvid=BV1JhXYBdEkq 已成功抓取全部所需数据。
[2026-04-04 04:02:45] [SUCCESS] bvid=BV1FhXYBdEP8 已成功抓取全部所需数据。
[2026-04-04 04:02:50] [SUCCESS] bvid=BV1zhXYBREpo 已成功抓取全部所需数据。
[2026-04-04 04:02:56] [SUCCESS] bvid=BV1zhXYBRE4Z 已成功抓取全部所需数据。
[2026-04-04 04:03:02] [SUCCESS] bvid=BV1qYXYBWE9d 已成功抓取全部所需数据。
[2026-04-04 04:03:08] [SUCCESS] bvid=BV1c8XYB4ENU 已成功抓取全部所需数据。
[2026-04-04 04:03:14] [SUCCESS] bvid=BV1DcXhBqELi 已成功抓取全部所需数据。
[2026-04-04 04:03:20] [SUCCESS] bvid=BV168XYBxEJa 已成功抓取全部所需数据。
[2026-04-04 04:03:25] [SUCCESS] bvid=BV1vqXYBDELs 已成功抓取全部所需数据。
[2026-04-04 04:03:31] [SUCCESS] bvid=BV1F8XYB4E2f 已成功抓取全部所需数据。
[2026-04-04 04:03:37] [SUCCESS] bvid=BV1J8XYB4ERJ 已成功抓取全部所需数据。
[2026-04-04 04:03:42] [SUCCESS] bvid=BV1vzXYBJEfP 已成功抓取全部所需数据。
[2026-04-04 04:03:48] [SUCCESS] bvid=BV1LqXYBQEkT 已成功抓取全部所需数据。
[2026-04-04 04:03:53] [SUCCESS] bvid=BV1ezXYBJEJw 已成功抓取全部所需数据。
[2026-04-04 04:04:00] [SUCCESS] bvid=BV1jeXYB9E62 已成功抓取全部所需数据。
[2026-04-04 04:04:06] [SUCCESS] bvid=BV1qeXYBXE3J 已成功抓取全部所需数据。
[2026-04-04 04:04:12] [SUCCESS] bvid=BV1diXYBHEZu 已成功抓取全部所需数据。
[2026-04-04 04:04:17] [SUCCESS] bvid=BV1oiXYBHEz4 已成功抓取全部所需数据。
[2026-04-04 04:04:23] [SUCCESS] bvid=BV1qiXYBHEFZ 已成功抓取全部所需数据。
[2026-04-04 04:04:29] [SUCCESS] bvid=BV1iiXYBHEGP 已成功抓取全部所需数据。
[2026-04-04 04:04:35] [SUCCESS] bvid=BV1GdQyB5Ezv 已成功抓取全部所需数据。
[2026-04-04 04:04:40] [SUCCESS] bvid=BV15DQyBmEnC 已成功抓取全部所需数据。
[2026-04-04 04:04:46] [SUCCESS] bvid=BV1ayXhBMEuu 已成功抓取全部所需数据。
[2026-04-04 04:04:52] [SUCCESS] bvid=BV1zbQmB8EAw 已成功抓取全部所需数据。
[2026-04-04 04:04:59] [SUCCESS] bvid=BV1nTXeBcEQr 已成功抓取全部所需数据。
[2026-04-04 04:05:07] [SUCCESS] bvid=BV1MKXhBNEvr 已成功抓取全部所需数据。
[2026-04-04 04:05:14] [SUCCESS] bvid=BV1iiXYBHENj 已成功抓取全部所需数据。
[2026-04-04 04:05:22] [SUCCESS] bvid=BV1G6XMBkEmr 已成功抓取全部所需数据。
[2026-04-04 04:05:29] [SUCCESS] bvid=BV189XdBuEva 已成功抓取全部所需数据。
[2026-04-04 04:05:38] [SUCCESS] bvid=BV1nuXeBfEsC 已成功抓取全部所需数据。
[2026-04-04 04:05:46] [SUCCESS] bvid=BV1CNXeBaEe8 已成功抓取全部所需数据。
[2026-04-04 04:05:52] [SUCCESS] bvid=BV1HTXeBcEzq 已成功抓取全部所需数据。
[2026-04-04 04:05:59] [SUCCESS] bvid=BV1kNXeBaEjs 已成功抓取全部所需数据。
[2026-04-04 04:06:06] [SUCCESS] bvid=BV1CNXeBaEyr 已成功抓取全部所需数据。
[2026-04-04 04:06:11] [SUCCESS] bvid=BV1ANXeBYEdc 已成功抓取全部所需数据。
[2026-04-04 04:06:17] [SUCCESS] bvid=BV17LXeBRECC 已成功抓取全部所需数据。
[2026-04-04 04:06:23] [SUCCESS] bvid=BV175XeBxEVX 已成功抓取全部所需数据。
[2026-04-04 04:06:23] [INFO] 当前 batch_crawl 已完成，所有视频均已成功抓取。
[2026-04-04 04:06:23] 子任务结束时间：2026-04-04T04:06:23.239979
[TIMESTAMP][END] 2026-04-04T04:06:23
