[TIMESTAMP][BEGIN] 2026-04-04T03:44:56
[2026-04-04 03:44:58] 开始执行 CSV 批量抓取子任务 part_28。
[2026-04-04 03:44:58] 子任务开始时间：2026-04-04T03:44:56.237409
[2026-04-04 03:44:58] 输入文件：batch_input_28.csv
[2026-04-04 03:44:58] 输入唯一 bvid 数量：100
[2026-04-04 03:44:58] 为严格按 CSV 顺序判断连续失败阈值，本次任务自动将并发度从 2 调整为 1。
[2026-04-04 03:45:04] [SUCCESS] bvid=BV16hXvBYEuN 已成功抓取全部所需数据。
[2026-04-04 03:45:10] [SUCCESS] bvid=BV1cYXvBAEBq 已成功抓取全部所需数据。
[2026-04-04 03:45:16] [SUCCESS] bvid=BV1rYXvBwE7w 已成功抓取全部所需数据。
[2026-04-04 03:45:22] [SUCCESS] bvid=BV1q6XvB4E6v 已成功抓取全部所需数据。
[2026-04-04 03:45:28] [SUCCESS] bvid=BV1i6XvB4EQe 已成功抓取全部所需数据。
[2026-04-04 03:45:34] [SUCCESS] bvid=BV1orXvBdEEk 已成功抓取全部所需数据。
[2026-04-04 03:45:40] [SUCCESS] bvid=BV1BqXvBbEEA 已成功抓取全部所需数据。
[2026-04-04 03:45:45] [SUCCESS] bvid=BV1irXvBdEkb 已成功抓取全部所需数据。
[2026-04-04 03:45:51] [SUCCESS] bvid=BV1qqXvBbE53 已成功抓取全部所需数据。
[2026-04-04 03:45:56] [SUCCESS] bvid=BV17QXaBpEYT 已成功抓取全部所需数据。
[2026-04-04 03:46:02] [SUCCESS] bvid=BV1nMXeB8Ecu 已成功抓取全部所需数据。
[2026-04-04 03:46:07] [SUCCESS] bvid=BV14pQ6BnEuV 已成功抓取全部所需数据。
[2026-04-04 03:46:14] [SUCCESS] bvid=BV1iBXvBZE1R 已成功抓取全部所需数据。
[2026-04-04 03:46:20] [SUCCESS] bvid=BV1RdXaBUECe 已成功抓取全部所需数据。
[2026-04-04 03:46:25] [SUCCESS] bvid=BV1dRXaBJEg9 已成功抓取全部所需数据。
[2026-04-04 03:46:31] [SUCCESS] bvid=BV17RXaBnEEZ 已成功抓取全部所需数据。
[2026-04-04 03:46:37] [SUCCESS] bvid=BV1ZQXaBpEvf 已成功抓取全部所需数据。
[2026-04-04 03:46:43] [SUCCESS] bvid=BV1zQXaBpEgZ 已成功抓取全部所需数据。
[2026-04-04 03:46:48] [SUCCESS] bvid=BV1BQXaBpEVs 已成功抓取全部所需数据。
[2026-04-04 03:46:54] [SUCCESS] bvid=BV17QXaBpEvJ 已成功抓取全部所需数据。
[2026-04-04 03:47:00] [SUCCESS] bvid=BV1EQXaBpES6 已成功抓取全部所需数据。
[2026-04-04 03:47:06] [SUCCESS] bvid=BV1fQXaBHEnM 已成功抓取全部所需数据。
[2026-04-04 03:47:12] [SUCCESS] bvid=BV15wXYB1Ec7 已成功抓取全部所需数据。
[2026-04-04 03:47:18] [SUCCESS] bvid=BV1ZXXaBDE7q 已成功抓取全部所需数据。
[2026-04-04 03:47:24] [SUCCESS] bvid=BV1oXXaBDEKX 已成功抓取全部所需数据。
[2026-04-04 03:47:30] [SUCCESS] bvid=BV1ZXXaBDEQ1 已成功抓取全部所需数据。
[2026-04-04 03:47:36] [SUCCESS] bvid=BV1B3XeBtEZi 已成功抓取全部所需数据。
[2026-04-04 03:47:42] [SUCCESS] bvid=BV15cXYBjEyK 已成功抓取全部所需数据。
[2026-04-04 03:47:47] [SUCCESS] bvid=BV1gTXYBGEWe 已成功抓取全部所需数据。
[2026-04-04 03:47:53] [SUCCESS] bvid=BV19wXYByEHw 已成功抓取全部所需数据。
[2026-04-04 03:48:00] [SUCCESS] bvid=BV1VwXYB1EfY 已成功抓取全部所需数据。
[2026-04-04 03:48:07] [SUCCESS] bvid=BV1awXYB1E8U 已成功抓取全部所需数据。
[2026-04-04 03:48:15] [SUCCESS] bvid=BV19wXYByEGk 已成功抓取全部所需数据。
[2026-04-04 03:48:22] [SUCCESS] bvid=BV15ZXaBEEBU 已成功抓取全部所需数据。
[2026-04-04 03:48:27] [SUCCESS] bvid=BV1DPXYBVEoC 已成功抓取全部所需数据。
[2026-04-04 03:48:34] [SUCCESS] bvid=BV1wCXaBZEtw 已成功抓取全部所需数据。
[2026-04-04 03:48:40] [SUCCESS] bvid=BV12jXYBNEqx 已成功抓取全部所需数据。
[2026-04-04 03:48:47] [SUCCESS] bvid=BV1AkXaBbEuJ 已成功抓取全部所需数据。
[2026-04-04 03:48:54] [SUCCESS] bvid=BV1pkXaBbEBj 已成功抓取全部所需数据。
[2026-04-04 03:49:01] [SUCCESS] bvid=BV1AkXaBbEH6 已成功抓取全部所需数据。
[2026-04-04 03:49:08] [SUCCESS] bvid=BV1wkXaBbEpv 已成功抓取全部所需数据。
[2026-04-04 03:49:15] [SUCCESS] bvid=BV1wCXaBoEXg 已成功抓取全部所需数据。
[2026-04-04 03:49:22] [SUCCESS] bvid=BV1CCXaBZEKK 已成功抓取全部所需数据。
[2026-04-04 03:49:30] [SUCCESS] bvid=BV1PzXaBhEDD 已成功抓取全部所需数据。
[2026-04-04 03:49:37] [SUCCESS] bvid=BV1nUXaBsEi6 已成功抓取全部所需数据。
[2026-04-04 03:49:44] [SUCCESS] bvid=BV1EUXaBsEhY 已成功抓取全部所需数据。
[2026-04-04 03:49:50] [SUCCESS] bvid=BV1pwXeBeEmt 已成功抓取全部所需数据。
[2026-04-04 03:49:57] [SUCCESS] bvid=BV1RjXaBjEY3 已成功抓取全部所需数据。
[2026-04-04 03:50:03] [SUCCESS] bvid=BV123XMBaEsu 已成功抓取全部所需数据。
[2026-04-04 03:50:10] [SUCCESS] bvid=BV1fSXaBXEyo 已成功抓取全部所需数据。
[2026-04-04 03:50:17] [SUCCESS] bvid=BV1n1XaB4E5A 已成功抓取全部所需数据。
[2026-04-04 03:50:23] [SUCCESS] bvid=BV1fSXaBXEwQ 已成功抓取全部所需数据。
[2026-04-04 03:50:29] [SUCCESS] bvid=BV1c1XaB4Ekr 已成功抓取全部所需数据。
[2026-04-04 03:50:36] [SUCCESS] bvid=BV1F1XaB4E6d 已成功抓取全部所需数据。
[2026-04-04 03:50:42] [SUCCESS] bvid=BV1F2XaBdEV2 已成功抓取全部所需数据。
[2026-04-04 03:50:49] [SUCCESS] bvid=BV127XYBeEA1 已成功抓取全部所需数据。
[2026-04-04 03:50:55] [SUCCESS] bvid=BV1CnXYBaEiW 已成功抓取全部所需数据。
[2026-04-04 03:51:02] [SUCCESS] bvid=BV1rWXYB8EZt 已成功抓取全部所需数据。
[2026-04-04 03:51:09] [SUCCESS] bvid=BV11jXYBNEEY 已成功抓取全部所需数据。
[2026-04-04 03:51:15] [SUCCESS] bvid=BV11nXYBaENo 已成功抓取全部所需数据。
[2026-04-04 03:51:22] [SUCCESS] bvid=BV1CnXYBaEBS 已成功抓取全部所需数据。
[2026-04-04 03:51:28] [SUCCESS] bvid=BV12jXYBNE88 已成功抓取全部所需数据。
[2026-04-04 03:51:34] [SUCCESS] bvid=BV127XYBeEcv 已成功抓取全部所需数据。
[2026-04-04 03:51:40] [SUCCESS] bvid=BV1mjXYBNEKn 已成功抓取全部所需数据。
[2026-04-04 03:51:47] [SUCCESS] bvid=BV1ksXYBfEAU 已成功抓取全部所需数据。
[2026-04-04 03:51:53] [SUCCESS] bvid=BV1ZbXhBEETB 已成功抓取全部所需数据。
[2026-04-04 03:51:59] [SUCCESS] bvid=BV1o3XaBSE5w 已成功抓取全部所需数据。
[2026-04-04 03:52:06] [SUCCESS] bvid=BV115XhBZEht 已成功抓取全部所需数据。
[2026-04-04 03:52:12] [SUCCESS] bvid=BV1CJXhBsEUf 已成功抓取全部所需数据。
[2026-04-04 03:52:18] [SUCCESS] bvid=BV1PTXSBjEfh 已成功抓取全部所需数据。
[2026-04-04 03:52:24] [SUCCESS] bvid=BV1TuXhBAEGN 已成功抓取全部所需数据。
[2026-04-04 03:52:30] [SUCCESS] bvid=BV1qJXoBnEMA 已成功抓取全部所需数据。
[2026-04-04 03:52:37] [SUCCESS] bvid=BV1z5XoB9EVq 已成功抓取全部所需数据。
[2026-04-04 03:52:44] [SUCCESS] bvid=BV1hRXNBvEf6 已成功抓取全部所需数据。
[2026-04-04 03:52:51] [SUCCESS] bvid=BV1cgXeBFEqP 已成功抓取全部所需数据。
[2026-04-04 03:52:57] [SUCCESS] bvid=BV163XeBtE4D 已成功抓取全部所需数据。
[2026-04-04 03:53:03] [SUCCESS] bvid=BV1bmXhBKE4U 已成功抓取全部所需数据。
[2026-04-04 03:53:10] [SUCCESS] bvid=BV1xQXhBYEeC 已成功抓取全部所需数据。
[2026-04-04 03:53:16] [SUCCESS] bvid=BV1zbXhBEEAM 已成功抓取全部所需数据。
[2026-04-04 03:53:24] [SUCCESS] bvid=BV1SSXYBkE4y 已成功抓取全部所需数据。
[2026-04-04 03:53:30] [SUCCESS] bvid=BV1ksXYBfEoT 已成功抓取全部所需数据。
[2026-04-04 03:53:37] [SUCCESS] bvid=BV1AxXYBFEAT 已成功抓取全部所需数据。
[2026-04-04 03:53:45] [SUCCESS] bvid=BV1ypXYBcEJi 已成功抓取全部所需数据。
[2026-04-04 03:53:52] [SUCCESS] bvid=BV1rWXYB8EoH 已成功抓取全部所需数据。
[2026-04-04 03:54:01] [SUCCESS] bvid=BV1LzXYBnEah 已成功抓取全部所需数据。
[2026-04-04 03:54:07] [SUCCESS] bvid=BV1SMXYB6EFf 已成功抓取全部所需数据。
[2026-04-04 03:54:15] [SUCCESS] bvid=BV1DTXYB3ESo 已成功抓取全部所需数据。
[2026-04-04 03:54:23] [SUCCESS] bvid=BV1STXYB3EZs 已成功抓取全部所需数据。
[2026-04-04 03:54:30] [SUCCESS] bvid=BV1yoXhBFEbu 已成功抓取全部所需数据。
[2026-04-04 03:54:38] [SUCCESS] bvid=BV1gMXYBrEqs 已成功抓取全部所需数据。
[2026-04-04 03:54:44] [SUCCESS] bvid=BV13PXYB5EZH 已成功抓取全部所需数据。
[2026-04-04 03:54:51] [SUCCESS] bvid=BV1ZjXoBpEiv 已成功抓取全部所需数据。
[2026-04-04 03:54:58] [SUCCESS] bvid=BV1sfXYBiE4a 已成功抓取全部所需数据。
[2026-04-04 03:55:05] [SUCCESS] bvid=BV1EXXoBZEBy 已成功抓取全部所需数据。
[2026-04-04 03:55:11] [SUCCESS] bvid=BV1HaQ6B5EuG 已成功抓取全部所需数据。
[2026-04-04 03:55:17] [SUCCESS] bvid=BV1hrXbBaE4b 已成功抓取全部所需数据。
[2026-04-04 03:55:23] [SUCCESS] bvid=BV1YXXjBiEbn 已成功抓取全部所需数据。
[2026-04-04 03:55:30] [SUCCESS] bvid=BV1azXhBrEik 已成功抓取全部所需数据。
[2026-04-04 03:55:37] [SUCCESS] bvid=BV1GNXYBCEFZ 已成功抓取全部所需数据。
[2026-04-04 03:55:43] [SUCCESS] bvid=BV13NXYBCEjB 已成功抓取全部所需数据。
[2026-04-04 03:55:43] [INFO] 当前 batch_crawl 已完成，所有视频均已成功抓取。
[2026-04-04 03:55:43] 子任务结束时间：2026-04-04T03:55:43.849571
[TIMESTAMP][END] 2026-04-04T03:55:43
