[TIMESTAMP][BEGIN] 2026-04-04T06:36:43
[2026-04-04 06:36:46] 开始执行 CSV 批量抓取子任务 part_43。
[2026-04-04 06:36:46] 子任务开始时间：2026-04-04T06:36:43.812025
[2026-04-04 06:36:46] 输入文件：batch_input_43.csv
[2026-04-04 06:36:46] 输入唯一 bvid 数量：100
[2026-04-04 06:36:46] 为严格按 CSV 顺序判断连续失败阈值，本次任务自动将并发度从 2 调整为 1。
[2026-04-04 06:36:52] [SUCCESS] bvid=BV13RXjBNECj 已成功抓取全部所需数据。
[2026-04-04 06:36:57] [SUCCESS] bvid=BV18nXjBtEwf 已成功抓取全部所需数据。
[2026-04-04 06:37:03] [SUCCESS] bvid=BV1stXjBXELM 已成功抓取全部所需数据。
[2026-04-04 06:37:09] [SUCCESS] bvid=BV11tXjBXEPv 已成功抓取全部所需数据。
[2026-04-04 06:37:15] [SUCCESS] bvid=BV1W8XjBHEb8 已成功抓取全部所需数据。
[2026-04-04 06:37:20] [SUCCESS] bvid=BV1P8XjBpEsw 已成功抓取全部所需数据。
[2026-04-04 06:37:26] [SUCCESS] bvid=BV118XjBHEF3 已成功抓取全部所需数据。
[2026-04-04 06:37:31] [SUCCESS] bvid=BV118XjBHEWy 已成功抓取全部所需数据。
[2026-04-04 06:37:37] [SUCCESS] bvid=BV124XjBWES6 已成功抓取全部所需数据。
[2026-04-04 06:37:43] [SUCCESS] bvid=BV1vgXjBNEcD 已成功抓取全部所需数据。
[2026-04-04 06:37:48] [SUCCESS] bvid=BV1eMXjBiEmS 已成功抓取全部所需数据。
[2026-04-04 06:37:54] [SUCCESS] bvid=BV1oTXjBTEij 已成功抓取全部所需数据。
[2026-04-04 06:37:59] [SUCCESS] bvid=BV1xxX5BjEwu 已成功抓取全部所需数据。
[2026-04-04 06:38:05] [SUCCESS] bvid=BV193XjBeEK9 已成功抓取全部所需数据。
[2026-04-04 06:38:10] [SUCCESS] bvid=BV1iMXjBiEFH 已成功抓取全部所需数据。
[2026-04-04 06:38:16] [SUCCESS] bvid=BV1DjXjBcEsq 已成功抓取全部所需数据。
[2026-04-04 06:38:22] [SUCCESS] bvid=BV15MXjBqE4L 已成功抓取全部所需数据。
[2026-04-04 06:38:27] [SUCCESS] bvid=BV1h7XjB8Ept 已成功抓取全部所需数据。
[2026-04-04 06:38:32] [SUCCESS] bvid=BV19VXjBAELs 已成功抓取全部所需数据。
[2026-04-04 06:38:38] [SUCCESS] bvid=BV1a7XjB8ENX 已成功抓取全部所需数据。
[2026-04-04 06:38:43] [SUCCESS] bvid=BV1a5XjBaE6m 已成功抓取全部所需数据。
[2026-04-04 06:38:49] [SUCCESS] bvid=BV1VVXjBPEBJ 已成功抓取全部所需数据。
[2026-04-04 06:38:54] [SUCCESS] bvid=BV1Y5XjBaEH4 已成功抓取全部所需数据。
[2026-04-04 06:39:00] [SUCCESS] bvid=BV1wUXVBkETj 已成功抓取全部所需数据。
[2026-04-04 06:39:06] [SUCCESS] bvid=BV1a5XjBaEKV 已成功抓取全部所需数据。
[2026-04-04 06:39:11] [SUCCESS] bvid=BV1a5XjBaECK 已成功抓取全部所需数据。
[2026-04-04 06:39:17] [SUCCESS] bvid=BV1i2XjB6EEx 已成功抓取全部所需数据。
[2026-04-04 06:39:22] [SUCCESS] bvid=BV1jUXjBuE5x 已成功抓取全部所需数据。
[2026-04-04 06:39:28] [SUCCESS] bvid=BV1zCXjBkEpa 已成功抓取全部所需数据。
[2026-04-04 06:39:34] [SUCCESS] bvid=BV1v2XjB6Efs 已成功抓取全部所需数据。
[2026-04-04 06:39:40] [SUCCESS] bvid=BV1ECXjBkExE 已成功抓取全部所需数据。
[2026-04-04 06:39:45] [SUCCESS] bvid=BV1zCXjBkEwT 已成功抓取全部所需数据。
[2026-04-04 06:39:51] [SUCCESS] bvid=BV1RQXjBTEfY 已成功抓取全部所需数据。
[2026-04-04 06:39:57] [SUCCESS] bvid=BV171XjB3E1d 已成功抓取全部所需数据。
[2026-04-04 06:40:02] [SUCCESS] bvid=BV1GXXjBiEBz 已成功抓取全部所需数据。
[2026-04-04 06:40:07] [SUCCESS] bvid=BV13RXjBNEkn 已成功抓取全部所需数据。
[2026-04-04 06:40:13] [SUCCESS] bvid=BV1eXXjBiErQ 已成功抓取全部所需数据。
[2026-04-04 06:40:19] [SUCCESS] bvid=BV1GRXjBNEWT 已成功抓取全部所需数据。
[2026-04-04 06:40:24] [SUCCESS] bvid=BV1McXPB9EBt 已成功抓取全部所需数据。
[2026-04-04 06:40:29] [SUCCESS] bvid=BV1dSXjBBEzF 已成功抓取全部所需数据。
[2026-04-04 06:42:36] [SUCCESS] bvid=BV1aRXjBNErL 已成功抓取全部所需数据。
[2026-04-04 06:42:41] [SUCCESS] bvid=BV15SXjBBEiS 已成功抓取全部所需数据。
[2026-04-04 06:42:47] [SUCCESS] bvid=BV15SXjBBEKX 已成功抓取全部所需数据。
[2026-04-04 06:42:53] [SUCCESS] bvid=BV1vSXjBBEr5 已成功抓取全部所需数据。
[2026-04-04 06:42:58] [SUCCESS] bvid=BV1LSXjBBE9A 已成功抓取全部所需数据。
[2026-04-04 06:43:04] [SUCCESS] bvid=BV15QXjBME9o 已成功抓取全部所需数据。
[2026-04-04 06:43:10] [SUCCESS] bvid=BV15QXjBTErG 已成功抓取全部所需数据。
[2026-04-04 06:43:15] [SUCCESS] bvid=BV15QXjBTEQF 已成功抓取全部所需数据。
[2026-04-04 06:43:21] [SUCCESS] bvid=BV1J6XjByEiW 已成功抓取全部所需数据。
[2026-04-04 06:43:27] [SUCCESS] bvid=BV1HiXjB7EFV 已成功抓取全部所需数据。
[2026-04-04 06:43:33] [SUCCESS] bvid=BV1kiXjB7EUJ 已成功抓取全部所需数据。
[2026-04-04 06:43:38] [SUCCESS] bvid=BV1niXjB7EBm 已成功抓取全部所需数据。
[2026-04-04 06:43:44] [SUCCESS] bvid=BV1shXjBDEV8 已成功抓取全部所需数据。
[2026-04-04 06:43:53] [SUCCESS] bvid=BV1yhXjBDEbR 已成功抓取全部所需数据。
[2026-04-04 06:43:59] [SUCCESS] bvid=BV1WYXjBJEyR 已成功抓取全部所需数据。
[2026-04-04 06:44:04] [SUCCESS] bvid=BV1shXjBDEjY 已成功抓取全部所需数据。
[2026-04-04 06:44:10] [SUCCESS] bvid=BV1CYXjBJEyx 已成功抓取全部所需数据。
[2026-04-04 06:44:16] [SUCCESS] bvid=BV1WYXjBJEvQ 已成功抓取全部所需数据。
[2026-04-04 06:44:21] [SUCCESS] bvid=BV1pYXjBJEJF 已成功抓取全部所需数据。
[2026-04-04 06:44:26] [SUCCESS] bvid=BV1J6XjByEdL 已成功抓取全部所需数据。
[2026-04-04 06:44:32] [SUCCESS] bvid=BV1zkXjBVEGS 已成功抓取全部所需数据。
[2026-04-04 06:44:37] [SUCCESS] bvid=BV1EkXjBVE52 已成功抓取全部所需数据。
[2026-04-04 06:44:43] [SUCCESS] bvid=BV1MBXPBtE4C 已成功抓取全部所需数据。
[2026-04-04 06:44:49] [SUCCESS] bvid=BV1ZkXjBVEXr 已成功抓取全部所需数据。
[2026-04-04 06:44:54] [SUCCESS] bvid=BV1rqXjB2Eeo 已成功抓取全部所需数据。
[2026-04-04 06:45:00] [SUCCESS] bvid=BV1sJXWBGER9 已成功抓取全部所需数据。
[2026-04-04 06:45:06] [SUCCESS] bvid=BV1jyX5BPE4v 已成功抓取全部所需数据。
[2026-04-04 06:45:12] [SUCCESS] bvid=BV1pDXVB3E6g 已成功抓取全部所需数据。
[2026-04-04 06:45:18] [SUCCESS] bvid=BV1pmXVBVE7c 已成功抓取全部所需数据。
[2026-04-04 06:45:24] [SUCCESS] bvid=BV1auXGBJEwU 已成功抓取全部所需数据。
[2026-04-04 06:45:29] [SUCCESS] bvid=BV1ZEA3zSELe 已成功抓取全部所需数据。
[2026-04-04 06:45:35] [SUCCESS] bvid=BV1cGXVBTEpP 已成功抓取全部所需数据。
[2026-04-04 06:45:41] [SUCCESS] bvid=BV1KTXLBEEuC 已成功抓取全部所需数据。
[2026-04-04 06:45:47] [SUCCESS] bvid=BV18ZX5BsEdp 已成功抓取全部所需数据。
[2026-04-04 06:45:52] [SUCCESS] bvid=BV1JkXjBVEcU 已成功抓取全部所需数据。
[2026-04-04 06:45:58] [SUCCESS] bvid=BV1pqXjBmEww 已成功抓取全部所需数据。
[2026-04-04 06:46:04] [SUCCESS] bvid=BV1HqXjB2EPK 已成功抓取全部所需数据。
[2026-04-04 06:46:10] [SUCCESS] bvid=BV16zXjBLE9m 已成功抓取全部所需数据。
[2026-04-04 06:46:16] [SUCCESS] bvid=BV1nzXjBLECo 已成功抓取全部所需数据。
[2026-04-04 06:46:22] [SUCCESS] bvid=BV1zoXVBKEXG 已成功抓取全部所需数据。
[2026-04-04 06:46:28] [SUCCESS] bvid=BV16RXVBqEj9 已成功抓取全部所需数据。
[2026-04-04 06:46:33] [SUCCESS] bvid=BV16RXVBqEPA 已成功抓取全部所需数据。
[2026-04-04 06:46:40] [SUCCESS] bvid=BV1zRXVBqEs2 已成功抓取全部所需数据。
[2026-04-04 06:46:45] [SUCCESS] bvid=BV16oXVBKEAT 已成功抓取全部所需数据。
[2026-04-04 06:46:51] [SUCCESS] bvid=BV1BcwQzhEcJ 已成功抓取全部所需数据。
[2026-04-04 06:46:57] [SUCCESS] bvid=BV17FX5BNEEU 已成功抓取全部所需数据。
[2026-04-04 06:47:03] [SUCCESS] bvid=BV1rQXVBzEym 已成功抓取全部所需数据。
[2026-04-04 06:47:08] [SUCCESS] bvid=BV169XVBMEFp 已成功抓取全部所需数据。
[2026-04-04 06:47:14] [SUCCESS] bvid=BV1z9XVBMEUu 已成功抓取全部所需数据。
[2026-04-04 06:47:20] [SUCCESS] bvid=BV1dcX5BYEBZ 已成功抓取全部所需数据。
[2026-04-04 06:47:26] [SUCCESS] bvid=BV1b5X5B9EXB 已成功抓取全部所需数据。
[2026-04-04 06:47:32] [SUCCESS] bvid=BV1b5X5B9ECU 已成功抓取全部所需数据。
[2026-04-04 06:47:38] [SUCCESS] bvid=BV1VQX5BbEgA 已成功抓取全部所需数据。
[2026-04-04 06:47:43] [SUCCESS] bvid=BV1vAX5BwE76 已成功抓取全部所需数据。
[2026-04-04 06:47:49] [SUCCESS] bvid=BV1iAX5BwEi2 已成功抓取全部所需数据。
[2026-04-04 06:47:54] [SUCCESS] bvid=BV1qZXVBvEaz 已成功抓取全部所需数据。
[2026-04-04 06:48:00] [SUCCESS] bvid=BV1qZXVBvEnG 已成功抓取全部所需数据。
[2026-04-04 06:48:05] [SUCCESS] bvid=BV1ZZXVBvEeg 已成功抓取全部所需数据。
[2026-04-04 06:48:11] [SUCCESS] bvid=BV1qFX5BPEHC 已成功抓取全部所需数据。
[2026-04-04 06:48:16] [SUCCESS] bvid=BV1qFX5BPEWc 已成功抓取全部所需数据。
[2026-04-04 06:48:16] [INFO] 当前 batch_crawl 已完成，所有视频均已成功抓取。
[2026-04-04 06:48:16] 子任务结束时间：2026-04-04T06:48:16.898811
[TIMESTAMP][END] 2026-04-04T06:48:16
