[TIMESTAMP][BEGIN] 2026-04-04T06:25:19
[2026-04-04 06:25:21] 开始执行 CSV 批量抓取子任务 part_42。
[2026-04-04 06:25:21] 子任务开始时间：2026-04-04T06:25:19.237945
[2026-04-04 06:25:21] 输入文件：batch_input_42.csv
[2026-04-04 06:25:21] 输入唯一 bvid 数量：100
[2026-04-04 06:25:21] 为严格按 CSV 顺序判断连续失败阈值，本次任务自动将并发度从 2 调整为 1。
[2026-04-04 06:25:27] [SUCCESS] bvid=BV1RJX1BDET6 已成功抓取全部所需数据。
[2026-04-04 06:25:32] [SUCCESS] bvid=BV1RJX1BDEjs 已成功抓取全部所需数据。
[2026-04-04 06:25:38] [SUCCESS] bvid=BV19HX1BJEvM 已成功抓取全部所需数据。
[2026-04-04 06:25:44] [SUCCESS] bvid=BV19HX1BJEXf 已成功抓取全部所需数据。
[2026-04-04 06:25:49] [SUCCESS] bvid=BV1DbX1ByEwN 已成功抓取全部所需数据。
[2026-04-04 06:25:55] [SUCCESS] bvid=BV1XeXLBfEwB 已成功抓取全部所需数据。
[2026-04-04 06:26:00] [SUCCESS] bvid=BV1gvXLBFEDK 已成功抓取全部所需数据。
[2026-04-04 06:26:06] [SUCCESS] bvid=BV1DzXLBxEci 已成功抓取全部所需数据。
[2026-04-04 06:26:12] [SUCCESS] bvid=BV1LkX5BvERv 已成功抓取全部所需数据。
[2026-04-04 06:26:17] [SUCCESS] bvid=BV1V9Q9BqEHF 已成功抓取全部所需数据。
[2026-04-04 06:26:22] [SUCCESS] bvid=BV1U6XLBREtR 已成功抓取全部所需数据。
[2026-04-04 06:26:28] [SUCCESS] bvid=BV1DqXLBoEHX 已成功抓取全部所需数据。
[2026-04-04 06:26:34] [SUCCESS] bvid=BV1DqXLBoEbW 已成功抓取全部所需数据。
[2026-04-04 06:26:39] [SUCCESS] bvid=BV17nXLBzEnR 已成功抓取全部所需数据。
[2026-04-04 06:28:46] [SUCCESS] bvid=BV1opXLBTEJn 已成功抓取全部所需数据。
[2026-04-04 06:28:52] [SUCCESS] bvid=BV1EpXLBME4C 已成功抓取全部所需数据。
[2026-04-04 06:28:57] [SUCCESS] bvid=BV1n7XLBrEsS 已成功抓取全部所需数据。
[2026-04-04 06:29:02] [SUCCESS] bvid=BV15bXLBPEuY 已成功抓取全部所需数据。
[2026-04-04 06:29:08] [SUCCESS] bvid=BV1ZJXLBuEof 已成功抓取全部所需数据。
[2026-04-04 06:29:14] [SUCCESS] bvid=BV1dbXLBAEKG 已成功抓取全部所需数据。
[2026-04-04 06:29:19] [SUCCESS] bvid=BV1oWXLBiEie 已成功抓取全部所需数据。
[2026-04-04 06:29:24] [SUCCESS] bvid=BV1dxXLBNEX2 已成功抓取全部所需数据。
[2026-04-04 06:29:30] [SUCCESS] bvid=BV1oWXLBiEXE 已成功抓取全部所需数据。
[2026-04-04 06:29:36] [SUCCESS] bvid=BV1dWXLBiEL5 已成功抓取全部所需数据。
[2026-04-04 06:29:41] [SUCCESS] bvid=BV16ZXLBVECu 已成功抓取全部所需数据。
[2026-04-04 06:29:47] [SUCCESS] bvid=BV1rZXLBVE5D 已成功抓取全部所需数据。
[2026-04-04 06:29:52] [SUCCESS] bvid=BV16ZXLBVEfV 已成功抓取全部所需数据。
[2026-04-04 06:29:58] [SUCCESS] bvid=BV1BfXLBkEYs 已成功抓取全部所需数据。
[2026-04-04 06:30:04] [SUCCESS] bvid=BV1kRXLBLEG6 已成功抓取全部所需数据。
[2026-04-04 06:30:10] [SUCCESS] bvid=BV1kRXLBLEcu 已成功抓取全部所需数据。
[2026-04-04 06:30:15] [SUCCESS] bvid=BV1kRXLBLEeq 已成功抓取全部所需数据。
[2026-04-04 06:30:21] [SUCCESS] bvid=BV1kRXLBLEvY 已成功抓取全部所需数据。
[2026-04-04 06:30:26] [SUCCESS] bvid=BV1pYXjBJEVN 已成功抓取全部所需数据。
[2026-04-04 06:30:32] [SUCCESS] bvid=BV1cdXLB1EUR 已成功抓取全部所需数据。
[2026-04-04 06:30:37] [SUCCESS] bvid=BV1cdXLB1Ej2 已成功抓取全部所需数据。
[2026-04-04 06:30:43] [SUCCESS] bvid=BV1oPXjBuETx 已成功抓取全部所需数据。
[2026-04-04 06:30:48] [SUCCESS] bvid=BV1jPXjBgEYu 已成功抓取全部所需数据。
[2026-04-04 06:30:54] [SUCCESS] bvid=BV1qwXjB6EQT 已成功抓取全部所需数据。
[2026-04-04 06:30:59] [SUCCESS] bvid=BV1iNXjBBEwJ 已成功抓取全部所需数据。
[2026-04-04 06:31:04] [SUCCESS] bvid=BV1BcXjB3EMW 已成功抓取全部所需数据。
[2026-04-04 06:31:09] [SUCCESS] bvid=BV1ZcXjB3EfU 已成功抓取全部所需数据。
[2026-04-04 06:31:15] [SUCCESS] bvid=BV1BcXjB3Evn 已成功抓取全部所需数据。
[2026-04-04 06:31:21] [SUCCESS] bvid=BV1EcXjBGEe9 已成功抓取全部所需数据。
[2026-04-04 06:31:26] [SUCCESS] bvid=BV1EcXjBGEnN 已成功抓取全部所需数据。
[2026-04-04 06:31:32] [SUCCESS] bvid=BV1BcXjB3EEG 已成功抓取全部所需数据。
[2026-04-04 06:31:38] [SUCCESS] bvid=BV1K1XLBpELn 已成功抓取全部所需数据。
[2026-04-04 06:31:43] [SUCCESS] bvid=BV1BcXjB3ETt 已成功抓取全部所需数据。
[2026-04-04 06:31:49] [SUCCESS] bvid=BV1ZcXjB3EvX 已成功抓取全部所需数据。
[2026-04-04 06:31:54] [SUCCESS] bvid=BV1qwXjB6Enb 已成功抓取全部所需数据。
[2026-04-04 06:32:00] [SUCCESS] bvid=BV1qwXjB6EeJ 已成功抓取全部所需数据。
[2026-04-04 06:32:05] [SUCCESS] bvid=BV1qwXjB6E9e 已成功抓取全部所需数据。
[2026-04-04 06:32:10] [SUCCESS] bvid=BV1ZwXjB6E7W 已成功抓取全部所需数据。
[2026-04-04 06:32:16] [SUCCESS] bvid=BV1ZwXjB6EWY 已成功抓取全部所需数据。
[2026-04-04 06:32:21] [SUCCESS] bvid=BV1qwXjB6E6i 已成功抓取全部所需数据。
[2026-04-04 06:32:27] [SUCCESS] bvid=BV1qwXjB6ERf 已成功抓取全部所需数据。
[2026-04-04 06:32:32] [SUCCESS] bvid=BV1N2XLBQENP 已成功抓取全部所需数据。
[2026-04-04 06:32:38] [SUCCESS] bvid=BV17wXjBrExE 已成功抓取全部所需数据。
[2026-04-04 06:32:43] [SUCCESS] bvid=BV111XLBHE2R 已成功抓取全部所需数据。
[2026-04-04 06:32:48] [SUCCESS] bvid=BV1N1XLBpEyq 已成功抓取全部所需数据。
[2026-04-04 06:32:54] [SUCCESS] bvid=BV1K1XLBpEjQ 已成功抓取全部所需数据。
[2026-04-04 06:32:59] [SUCCESS] bvid=BV1K1XLBpE7h 已成功抓取全部所需数据。
[2026-04-04 06:33:06] [SUCCESS] bvid=BV111XLBHEmJ 已成功抓取全部所需数据。
[2026-04-04 06:33:11] [SUCCESS] bvid=BV1K1XLBpE71 已成功抓取全部所需数据。
[2026-04-04 06:33:17] [SUCCESS] bvid=BV111XLBHEi4 已成功抓取全部所需数据。
[2026-04-04 06:33:23] [SUCCESS] bvid=BV12kXLBWEdF 已成功抓取全部所需数据。
[2026-04-04 06:33:29] [SUCCESS] bvid=BV1x1XLBpEYQ 已成功抓取全部所需数据。
[2026-04-04 06:33:35] [SUCCESS] bvid=BV1y2XLBDEi7 已成功抓取全部所需数据。
[2026-04-04 06:33:41] [SUCCESS] bvid=BV1mkXLBWELG 已成功抓取全部所需数据。
[2026-04-04 06:33:46] [SUCCESS] bvid=BV1y2XLBDE4A 已成功抓取全部所需数据。
[2026-04-04 06:33:52] [SUCCESS] bvid=BV1y2XLBDEqr 已成功抓取全部所需数据。
[2026-04-04 06:33:58] [SUCCESS] bvid=BV1KCXLB9Ed7 已成功抓取全部所需数据。
[2026-04-04 06:34:03] [SUCCESS] bvid=BV1y2XLBDEDn 已成功抓取全部所需数据。
[2026-04-04 06:34:09] [SUCCESS] bvid=BV1y2XLBDEXg 已成功抓取全部所需数据。
[2026-04-04 06:34:14] [SUCCESS] bvid=BV1P2XLBQEZp 已成功抓取全部所需数据。
[2026-04-04 06:34:20] [SUCCESS] bvid=BV1s2XLBQEqU 已成功抓取全部所需数据。
[2026-04-04 06:34:25] [SUCCESS] bvid=BV1y2XLBDEXq 已成功抓取全部所需数据。
[2026-04-04 06:34:31] [SUCCESS] bvid=BV14kXLBsEBD 已成功抓取全部所需数据。
[2026-04-04 06:34:36] [SUCCESS] bvid=BV1mkXLBWEG8 已成功抓取全部所需数据。
[2026-04-04 06:34:42] [SUCCESS] bvid=BV12kXLBWEqQ 已成功抓取全部所需数据。
[2026-04-04 06:34:47] [SUCCESS] bvid=BV1mkXLBWEF7 已成功抓取全部所需数据。
[2026-04-04 06:34:53] [SUCCESS] bvid=BV12kXLBWEbL 已成功抓取全部所需数据。
[2026-04-04 06:34:58] [SUCCESS] bvid=BV1TkXLBsEho 已成功抓取全部所需数据。
[2026-04-04 06:35:04] [SUCCESS] bvid=BV1sQXLBEELk 已成功抓取全部所需数据。
[2026-04-04 06:35:10] [SUCCESS] bvid=BV1CQXLB7EXQ 已成功抓取全部所需数据。
[2026-04-04 06:35:15] [SUCCESS] bvid=BV1mCXLBXEy8 已成功抓取全部所需数据。
[2026-04-04 06:35:21] [SUCCESS] bvid=BV1CQXLB7Ek7 已成功抓取全部所需数据。
[2026-04-04 06:35:27] [SUCCESS] bvid=BV1TCXLB9EmF 已成功抓取全部所需数据。
[2026-04-04 06:35:33] [SUCCESS] bvid=BV1kXXLB2EfN 已成功抓取全部所需数据。
[2026-04-04 06:35:39] [SUCCESS] bvid=BV1HXXLBmEBx 已成功抓取全部所需数据。
[2026-04-04 06:35:45] [SUCCESS] bvid=BV1CXXLB2EYE 已成功抓取全部所需数据。
[2026-04-04 06:35:52] [SUCCESS] bvid=BV1bHXjBoE1h 已成功抓取全部所需数据。
[2026-04-04 06:35:57] [SUCCESS] bvid=BV1KUXLBnE5P 已成功抓取全部所需数据。
[2026-04-04 06:36:03] [SUCCESS] bvid=BV1uHXjBZEbD 已成功抓取全部所需数据。
[2026-04-04 06:36:08] [SUCCESS] bvid=BV1uHXjBZE29 已成功抓取全部所需数据。
[2026-04-04 06:36:15] [SUCCESS] bvid=BV1mWXjBxEcW 已成功抓取全部所需数据。
[2026-04-04 06:36:20] [SUCCESS] bvid=BV1ZoXVBKESa 已成功抓取全部所需数据。
[2026-04-04 06:36:26] [SUCCESS] bvid=BV1ZEA3zSE7u 已成功抓取全部所需数据。
[2026-04-04 06:36:31] [SUCCESS] bvid=BV1tWXjBxEDW 已成功抓取全部所需数据。
[2026-04-04 06:36:37] [SUCCESS] bvid=BV1SnXjBtE8t 已成功抓取全部所需数据。
[2026-04-04 06:36:43] [SUCCESS] bvid=BV18EXjBfEfB 已成功抓取全部所需数据。
[2026-04-04 06:36:43] [INFO] 当前 batch_crawl 已完成，所有视频均已成功抓取。
[2026-04-04 06:36:43] 子任务结束时间：2026-04-04T06:36:43.612032
[TIMESTAMP][END] 2026-04-04T06:36:43
