[TIMESTAMP][BEGIN] 2026-04-04T01:33:16
[2026-04-04 01:33:20] 开始执行 CSV 批量抓取子任务 part_18。
[2026-04-04 01:33:20] 子任务开始时间：2026-04-04T01:33:16.939263
[2026-04-04 01:33:20] 输入文件：batch_input_18.csv
[2026-04-04 01:33:20] 输入唯一 bvid 数量：100
[2026-04-04 01:33:20] 为严格按 CSV 顺序判断连续失败阈值，本次任务自动将并发度从 2 调整为 1。
[2026-04-04 01:33:26] [SUCCESS] bvid=BV1Fc9VBBEGo 已成功抓取全部所需数据。
[2026-04-04 01:33:33] [SUCCESS] bvid=BV1ju9VBAEZH 已成功抓取全部所需数据。
[2026-04-04 01:33:39] [SUCCESS] bvid=BV1ou9VBwEci 已成功抓取全部所需数据。
[2026-04-04 01:33:47] [SUCCESS] bvid=BV12xXzBpExQ 已成功抓取全部所需数据。
[2026-04-04 01:33:55] [SUCCESS] bvid=BV1c2XCBxEcs 已成功抓取全部所需数据。
[2026-04-04 01:34:03] [SUCCESS] bvid=BV1wCXCBtECD 已成功抓取全部所需数据。
[2026-04-04 01:34:10] [SUCCESS] bvid=BV164XkBJECX 已成功抓取全部所需数据。
[2026-04-04 01:34:18] [SUCCESS] bvid=BV1CyQUBMENq 已成功抓取全部所需数据。
[2026-04-04 01:34:26] [SUCCESS] bvid=BV1ViX6BvEmo 已成功抓取全部所需数据。
[2026-04-04 01:34:33] [SUCCESS] bvid=BV1eU93BoEQU 已成功抓取全部所需数据。
[2026-04-04 01:34:41] [SUCCESS] bvid=BV1c6XrBQEka 已成功抓取全部所需数据。
[2026-04-04 01:34:49] [SUCCESS] bvid=BV1C6XCBbEpF 已成功抓取全部所需数据。
[2026-04-04 01:34:57] [SUCCESS] bvid=BV1Hj9GBBEBL 已成功抓取全部所需数据。
[2026-04-04 01:35:04] [SUCCESS] bvid=BV1pZX6BnExp 已成功抓取全部所需数据。
[2026-04-04 01:35:12] [SUCCESS] bvid=BV1BDXCBQE5w 已成功抓取全部所需数据。
[2026-04-04 01:35:18] [SUCCESS] bvid=BV1PXX6B9Ewn 已成功抓取全部所需数据。
[2026-04-04 01:35:26] [SUCCESS] bvid=BV1rvXqBBESL 已成功抓取全部所需数据。
[2026-04-04 01:35:33] [SUCCESS] bvid=BV1Qj9VB4ETS 已成功抓取全部所需数据。
[2026-04-04 01:35:40] [SUCCESS] bvid=BV1Q79VBdE71 已成功抓取全部所需数据。
[2026-04-04 01:35:47] [SUCCESS] bvid=BV1D79VBdExQ 已成功抓取全部所需数据。
[2026-04-04 01:35:55] [SUCCESS] bvid=BV1Pj95B7E2w 已成功抓取全部所需数据。
[2026-04-04 01:36:02] [SUCCESS] bvid=BV19V9VBbEJp 已成功抓取全部所需数据。
[2026-04-04 01:36:10] [SUCCESS] bvid=BV1959VBZEJB 已成功抓取全部所需数据。
[2026-04-04 01:36:17] [SUCCESS] bvid=BV1cF9VBuECY 已成功抓取全部所需数据。
[2026-04-04 01:36:24] [SUCCESS] bvid=BV1WR9GBkEbp 已成功抓取全部所需数据。
[2026-04-04 01:36:32] [SUCCESS] bvid=BV1Ao9GB3ErQ 已成功抓取全部所需数据。
[2026-04-04 01:36:40] [SUCCESS] bvid=BV1FA9VBTE2i 已成功抓取全部所需数据。
[2026-04-04 01:36:48] [SUCCESS] bvid=BV1JA9VBTEej 已成功抓取全部所需数据。
[2026-04-04 01:36:55] [SUCCESS] bvid=BV1Wv9VBLE7m 已成功抓取全部所需数据。
[2026-04-04 01:37:03] [SUCCESS] bvid=BV1yv9VB5E56 已成功抓取全部所需数据。
[2026-04-04 01:37:11] [SUCCESS] bvid=BV11a9VBjEV7 已成功抓取全部所需数据。
[2026-04-04 01:37:18] [SUCCESS] bvid=BV1ki9VBCE6d 已成功抓取全部所需数据。
[2026-04-04 01:37:26] [SUCCESS] bvid=BV11a9VBjEyP 已成功抓取全部所需数据。
[2026-04-04 01:37:33] [SUCCESS] bvid=BV1VZXrBgEWm 已成功抓取全部所需数据。
[2026-04-04 01:37:40] [SUCCESS] bvid=BV1Ka9VB7EbY 已成功抓取全部所需数据。
[2026-04-04 01:37:48] [SUCCESS] bvid=BV1Ci9VBCEKr 已成功抓取全部所需数据。
[2026-04-04 01:37:55] [SUCCESS] bvid=BV1M19GBUEpp 已成功抓取全部所需数据。
[2026-04-04 01:38:03] [SUCCESS] bvid=BV1FwXrBUEgk 已成功抓取全部所需数据。
[2026-04-04 01:38:11] [SUCCESS] bvid=BV1JEXBBuETP 已成功抓取全部所需数据。
[2026-04-04 01:38:19] [SUCCESS] bvid=BV1My9GBJEKu 已成功抓取全部所需数据。
[2026-04-04 01:38:26] [SUCCESS] bvid=BV1Ty9GBJE61 已成功抓取全部所需数据。
[2026-04-04 01:38:34] [SUCCESS] bvid=BV11a9VBjE1E 已成功抓取全部所需数据。
[2026-04-04 01:38:41] [SUCCESS] bvid=BV1yY9VB1EYr 已成功抓取全部所需数据。
[2026-04-04 01:38:48] [SUCCESS] bvid=BV1yY9VB1EbU 已成功抓取全部所需数据。
[2026-04-04 01:38:55] [SUCCESS] bvid=BV1yY9VB1ERt 已成功抓取全部所需数据。
[2026-04-04 01:39:02] [SUCCESS] bvid=BV1rr9VBgEWM 已成功抓取全部所需数据。
[2026-04-04 01:39:10] [SUCCESS] bvid=BV1CY9VB1EmP 已成功抓取全部所需数据。
[2026-04-04 01:39:17] [SUCCESS] bvid=BV16k9VBzEx8 已成功抓取全部所需数据。
[2026-04-04 01:39:25] [SUCCESS] bvid=BV1ck9VB6EMp 已成功抓取全部所需数据。
[2026-04-04 01:39:32] [SUCCESS] bvid=BV16k9VBzEVP 已成功抓取全部所需数据。
[2026-04-04 01:39:39] [SUCCESS] bvid=BV1kz9VBrEeC 已成功抓取全部所需数据。
[2026-04-04 01:39:46] [SUCCESS] bvid=BV1wz9VBkEBA 已成功抓取全部所需数据。
[2026-04-04 01:39:53] [SUCCESS] bvid=BV1Dp9VBpEbz 已成功抓取全部所需数据。
[2026-04-04 01:40:01] [SUCCESS] bvid=BV1iQ9VBYEuR 已成功抓取全部所需数据。
[2026-04-04 01:40:08] [SUCCESS] bvid=BV1pPXoBaEWf 已成功抓取全部所需数据。
[2026-04-04 01:40:15] [SUCCESS] bvid=BV1XJXrBNEB1 已成功抓取全部所需数据。
[2026-04-04 01:40:23] [SUCCESS] bvid=BV1eZXrBuEiT 已成功抓取全部所需数据。
[2026-04-04 01:40:30] [SUCCESS] bvid=BV1SW9VBQExH 已成功抓取全部所需数据。
[2026-04-04 01:40:37] [SUCCESS] bvid=BV1DJ9VBsEuM 已成功抓取全部所需数据。
[2026-04-04 01:40:44] [SUCCESS] bvid=BV1Dn9VB9ECH 已成功抓取全部所需数据。
[2026-04-04 01:40:52] [SUCCESS] bvid=BV12b9VBEEr3 已成功抓取全部所需数据。
[2026-04-04 01:41:00] [SUCCESS] bvid=BV1K89VBUEsD 已成功抓取全部所需数据。
[2026-04-04 01:41:07] [SUCCESS] bvid=BV1YyXdBLEck 已成功抓取全部所需数据。
[2026-04-04 01:41:14] [SUCCESS] bvid=BV1QyXdB5EdW 已成功抓取全部所需数据。
[2026-04-04 01:41:22] [SUCCESS] bvid=BV1QyXdB5Efp 已成功抓取全部所需数据。
[2026-04-04 01:41:29] [SUCCESS] bvid=BV1QyXdB5E2C 已成功抓取全部所需数据。
[2026-04-04 01:41:36] [SUCCESS] bvid=BV1XyXdB5Enz 已成功抓取全部所需数据。
[2026-04-04 01:41:44] [SUCCESS] bvid=BV1zr93BaEah 已成功抓取全部所需数据。
[2026-04-04 01:41:50] [SUCCESS] bvid=BV1249VBSEYH 已成功抓取全部所需数据。
[2026-04-04 01:41:57] [SUCCESS] bvid=BV1m49VBSEqZ 已成功抓取全部所需数据。
[2026-04-04 01:42:04] [SUCCESS] bvid=BV1pHXkBXEG7 已成功抓取全部所需数据。
[2026-04-04 01:42:12] [SUCCESS] bvid=BV1ThXrBZEpH 已成功抓取全部所需数据。
[2026-04-04 01:42:20] [SUCCESS] bvid=BV11KXBB7Ecv 已成功抓取全部所需数据。
[2026-04-04 01:42:27] [SUCCESS] bvid=BV1M19GBUEcC 已成功抓取全部所需数据。
[2026-04-04 01:42:34] [SUCCESS] bvid=BV1WyQUBMEFf 已成功抓取全部所需数据。
[2026-04-04 01:42:41] [SUCCESS] bvid=BV1WqXrB9EfQ 已成功抓取全部所需数据。
[2026-04-04 01:42:48] [SUCCESS] bvid=BV1XwXyB5EDY 已成功抓取全部所需数据。
[2026-04-04 01:42:55] [SUCCESS] bvid=BV19Z9VBbEW7 已成功抓取全部所需数据。
[2026-04-04 01:43:02] [SUCCESS] bvid=BV1aZ9VBbE77 已成功抓取全部所需数据。
[2026-04-04 01:43:09] [SUCCESS] bvid=BV1o3XrB6EV9 已成功抓取全部所需数据。
[2026-04-04 01:43:16] [SUCCESS] bvid=BV17x9GBaEpP 已成功抓取全部所需数据。
[2026-04-04 01:43:24] [SUCCESS] bvid=BV1iU9VBvEdV 已成功抓取全部所需数据。
[2026-04-04 01:43:31] [SUCCESS] bvid=BV1q19VBqEo2 已成功抓取全部所需数据。
[2026-04-04 01:43:38] [SUCCESS] bvid=BV1By9VBMEfq 已成功抓取全部所需数据。
[2026-04-04 01:43:46] [SUCCESS] bvid=BV1v99VBwEYk 已成功抓取全部所需数据。
[2026-04-04 01:43:53] [SUCCESS] bvid=BV1eR9VBhE5M 已成功抓取全部所需数据。
[2026-04-04 01:44:00] [SUCCESS] bvid=BV1e99VBwErY 已成功抓取全部所需数据。
[2026-04-04 01:44:07] [SUCCESS] bvid=BV1iQ9VBYEM3 已成功抓取全部所需数据。
[2026-04-04 01:44:14] [SUCCESS] bvid=BV1Jx95BgEvo 已成功抓取全部所需数据。
[2026-04-04 01:44:21] [SUCCESS] bvid=BV1sV95BEEsD 已成功抓取全部所需数据。
[2026-04-04 01:44:28] [SUCCESS] bvid=BV1xM95BQEkP 已成功抓取全部所需数据。
[2026-04-04 01:44:35] [SUCCESS] bvid=BV14M95BQEJf 已成功抓取全部所需数据。
[2026-04-04 01:44:43] [SUCCESS] bvid=BV1HE9GBTEz6 已成功抓取全部所需数据。
[2026-04-04 01:44:50] [SUCCESS] bvid=BV15b9GB8EUD 已成功抓取全部所需数据。
[2026-04-04 01:44:56] [SUCCESS] bvid=BV1pJ95B5E4J 已成功抓取全部所需数据。
[2026-04-04 01:45:03] [SUCCESS] bvid=BV1pj95BjE9X 已成功抓取全部所需数据。
[2026-04-04 01:45:09] [SUCCESS] bvid=BV1Cj95BjEtH 已成功抓取全部所需数据。
[2026-04-04 01:45:15] [SUCCESS] bvid=BV1wv93BqEJK 已成功抓取全部所需数据。
[2026-04-04 01:45:22] [SUCCESS] bvid=BV1uE93BEErM 已成功抓取全部所需数据。
[2026-04-04 01:45:29] [SUCCESS] bvid=BV1tc9GBUEZu 已成功抓取全部所需数据。
[2026-04-04 01:45:29] [INFO] 当前 batch_crawl 已完成，所有视频均已成功抓取。
[2026-04-04 01:45:29] 子任务结束时间：2026-04-04T01:45:29.425855
[TIMESTAMP][END] 2026-04-04T01:45:29
