[TIMESTAMP][BEGIN] 2026-04-03T21:35:14
[2026-04-03 21:35:17] 开始执行 CSV 批量抓取子任务 part_2。
[2026-04-03 21:35:17] 子任务开始时间：2026-04-03T21:35:14.515535
[2026-04-03 21:35:17] 输入文件：batch_input_2.csv
[2026-04-03 21:35:17] 输入唯一 bvid 数量：100
[2026-04-03 21:35:17] 为严格按 CSV 顺序判断连续失败阈值，本次任务自动将并发度从 2 调整为 1。
[2026-04-03 21:35:18] [ERROR] bvid=BV11j9NBsEiT 抓取失败：stat: 接口返回错误代码：62002，信息：稿件不可见。
{'code': 62002, 'message': '稿件不可见', 'ttl': 1} | comment: 接口返回错误代码：62002，信息：稿件不可见。
{'code': 62002, 'message': '稿件不可见', 'ttl': 1}
[2026-04-03 21:35:25] [SUCCESS] bvid=BV1ZQ9PBrE7o 已成功抓取全部所需数据。
[2026-04-03 21:35:33] [SUCCESS] bvid=BV16W9NBSEEs 已成功抓取全部所需数据。
[2026-04-03 21:35:41] [SUCCESS] bvid=BV1pn9NBDE2a 已成功抓取全部所需数据。
[2026-04-03 21:35:48] [SUCCESS] bvid=BV16x9NBEExe 已成功抓取全部所需数据。
[2026-04-03 21:35:55] [SUCCESS] bvid=BV1Cn9NBQEPT 已成功抓取全部所需数据。
[2026-04-03 21:36:02] [SUCCESS] bvid=BV16x9NBEEV5 已成功抓取全部所需数据。
[2026-04-03 21:36:09] [SUCCESS] bvid=BV1819NBvEmG 已成功抓取全部所需数据。
[2026-04-03 21:36:16] [SUCCESS] bvid=BV1m29WB2EtQ 已成功抓取全部所需数据。
[2026-04-03 21:36:22] [SUCCESS] bvid=BV1Cn9NBQEmw 已成功抓取全部所需数据。
[2026-04-03 21:36:29] [SUCCESS] bvid=BV1kn9NBQESu 已成功抓取全部所需数据。
[2026-04-03 21:36:37] [SUCCESS] bvid=BV1pNXeBYEVu 已成功抓取全部所需数据。
[2026-04-03 21:36:44] [SUCCESS] bvid=BV1rwXaBdE5u 已成功抓取全部所需数据。
[2026-04-03 21:36:51] [SUCCESS] bvid=BV1HwXaBdEPc 已成功抓取全部所需数据。
[2026-04-03 21:36:58] [SUCCESS] bvid=BV1XSXZBUEgk 已成功抓取全部所需数据。
[2026-04-03 21:37:06] [SUCCESS] bvid=BV1qs9cBYEsX 已成功抓取全部所需数据。
[2026-04-03 21:37:13] [SUCCESS] bvid=BV1k297BpEik 已成功抓取全部所需数据。
[2026-04-03 21:37:20] [SUCCESS] bvid=BV12S9cBjETP 已成功抓取全部所需数据。
[2026-04-03 21:37:27] [SUCCESS] bvid=BV12FXoBPEKE 已成功抓取全部所需数据。
[2026-04-03 21:37:34] [SUCCESS] bvid=BV1RtXfBXENx 已成功抓取全部所需数据。
[2026-04-03 21:37:42] [SUCCESS] bvid=BV12kXfBVEQd 已成功抓取全部所需数据。
[2026-04-03 21:37:49] [SUCCESS] bvid=BV1Gp9PBaEKE 已成功抓取全部所需数据。
[2026-04-03 21:37:56] [SUCCESS] bvid=BV1kp9NBnEy4 已成功抓取全部所需数据。
[2026-04-03 21:38:03] [SUCCESS] bvid=BV1z89NB2Egw 已成功抓取全部所需数据。
[2026-04-03 21:38:10] [SUCCESS] bvid=BV1z89NB1EhN 已成功抓取全部所需数据。
[2026-04-03 21:38:17] [SUCCESS] bvid=BV1ia9NB5EkS 已成功抓取全部所需数据。
[2026-04-03 21:38:25] [SUCCESS] bvid=BV1f89NB1E8w 已成功抓取全部所需数据。
[2026-04-03 21:38:32] [SUCCESS] bvid=BV1z89NB1EaS 已成功抓取全部所需数据。
[2026-04-03 21:38:38] [SUCCESS] bvid=BV1zb9NBjEyA 已成功抓取全部所需数据。
[2026-04-03 21:38:46] [SUCCESS] bvid=BV1E49NBUEXy 已成功抓取全部所需数据。
[2026-04-03 21:38:53] [SUCCESS] bvid=BV1fb9NBjEkr 已成功抓取全部所需数据。
[2026-04-03 21:38:59] [SUCCESS] bvid=BV16b9NBjEVH 已成功抓取全部所需数据。
[2026-04-03 21:39:06] [SUCCESS] bvid=BV1239NBZEPq 已成功抓取全部所需数据。
[2026-04-03 21:39:13] [SUCCESS] bvid=BV1239NBZEN3 已成功抓取全部所需数据。
[2026-04-03 21:39:21] [SUCCESS] bvid=BV12V9NB4E5U 已成功抓取全部所需数据。
[2026-04-03 21:39:28] [SUCCESS] bvid=BV1mV9NB4Ep2 已成功抓取全部所需数据。
[2026-04-03 21:39:35] [SUCCESS] bvid=BV1uu9NBcEAK 已成功抓取全部所需数据。
[2026-04-03 21:39:43] [SUCCESS] bvid=BV1EfXfBaEgr 已成功抓取全部所需数据。
[2026-04-03 21:39:50] [SUCCESS] bvid=BV1Uu9NBFE7T 已成功抓取全部所需数据。
[2026-04-03 21:39:57] [SUCCESS] bvid=BV18u9NBcEpX 已成功抓取全部所需数据。
[2026-04-03 21:40:04] [SUCCESS] bvid=BV1mg9NBbEi5 已成功抓取全部所需数据。
[2026-04-03 21:40:11] [SUCCESS] bvid=BV1Ug9NBbEeK 已成功抓取全部所需数据。
[2026-04-03 21:40:19] [SUCCESS] bvid=BV1Ug9NBbEtT 已成功抓取全部所需数据。
[2026-04-03 21:40:26] [SUCCESS] bvid=BV1P79NBREeN 已成功抓取全部所需数据。
[2026-04-03 21:40:32] [SUCCESS] bvid=BV1C79NB9EyK 已成功抓取全部所需数据。
[2026-04-03 21:40:39] [SUCCESS] bvid=BV1P79NBREyV 已成功抓取全部所需数据。
[2026-04-03 21:40:45] [SUCCESS] bvid=BV1H69wBGEWu 已成功抓取全部所需数据。
[2026-04-03 21:40:52] [SUCCESS] bvid=BV1159NBdEaf 已成功抓取全部所需数据。
[2026-04-03 21:40:59] [SUCCESS] bvid=BV1159NBdEPr 已成功抓取全部所需数据。
[2026-04-03 21:41:05] [SUCCESS] bvid=BV1259NBdEEu 已成功抓取全部所需数据。
[2026-04-03 21:41:12] [SUCCESS] bvid=BV1CJ9NBpExq 已成功抓取全部所需数据。
[2026-04-03 21:41:18] [SUCCESS] bvid=BV1K59NBoE2y 已成功抓取全部所需数据。
[2026-04-03 21:41:25] [SUCCESS] bvid=BV1N59NBoEM1 已成功抓取全部所需数据。
[2026-04-03 21:41:32] [SUCCESS] bvid=BV1Nd9NBfEQN 已成功抓取全部所需数据。
[2026-04-03 21:51:39] [SUCCESS] bvid=BV1bD9NBwE1C 已成功抓取全部所需数据。
[2026-04-03 21:51:47] [SUCCESS] bvid=BV1ft9jB2ESe 已成功抓取全部所需数据。
[2026-04-03 21:51:54] [SUCCESS] bvid=BV1NX95BQE46 已成功抓取全部所需数据。
[2026-04-03 21:52:02] [SUCCESS] bvid=BV1Zm9wBiEi6 已成功抓取全部所需数据。
[2026-04-03 21:52:09] [SUCCESS] bvid=BV1JiXZBbEzy 已成功抓取全部所需数据。
[2026-04-03 21:52:17] [SUCCESS] bvid=BV1KPXfBgEqq 已成功抓取全部所需数据。
[2026-04-03 21:52:23] [SUCCESS] bvid=BV1DEXjBfEs6 已成功抓取全部所需数据。
[2026-04-03 21:52:30] [SUCCESS] bvid=BV18N9jBaETD 已成功抓取全部所需数据。
[2026-04-03 21:52:38] [SUCCESS] bvid=BV1uc9WBEEFj 已成功抓取全部所需数据。
[2026-04-03 21:52:46] [SUCCESS] bvid=BV1DqXfB2EFE 已成功抓取全部所需数据。
[2026-04-03 21:52:52] [SUCCESS] bvid=BV1up9wB9ERQ 已成功抓取全部所需数据。
[2026-04-03 21:52:59] [SUCCESS] bvid=BV1a19NBvE3c 已成功抓取全部所需数据。
[2026-04-03 21:53:05] [SUCCESS] bvid=BV1Dm9NBPEaA 已成功抓取全部所需数据。
[2026-04-03 21:53:12] [SUCCESS] bvid=BV1hm9NBPEys 已成功抓取全部所需数据。
[2026-04-03 21:53:19] [SUCCESS] bvid=BV1tx9wBQESq 已成功抓取全部所需数据。
[2026-04-03 21:53:26] [SUCCESS] bvid=BV1bp9wB9ESk 已成功抓取全部所需数据。
[2026-04-03 21:53:32] [SUCCESS] bvid=BV1Ss9wBpEH3 已成功抓取全部所需数据。
[2026-04-03 21:53:39] [SUCCESS] bvid=BV1TQ9NBaEo6 已成功抓取全部所需数据。
[2026-04-03 21:53:46] [SUCCESS] bvid=BV1Ms9wBpEQz 已成功抓取全部所需数据。
[2026-04-03 21:53:53] [SUCCESS] bvid=BV1R99wBaEFk 已成功抓取全部所需数据。
[2026-04-03 21:53:59] [SUCCESS] bvid=BV1Av9wB1ESs 已成功抓取全部所需数据。
[2026-04-03 21:54:06] [SUCCESS] bvid=BV1YB9NBgEDH 已成功抓取全部所需数据。
[2026-04-03 21:54:14] [SUCCESS] bvid=BV1Xy9NBKEat 已成功抓取全部所需数据。
[2026-04-03 21:54:21] [SUCCESS] bvid=BV1439jBtEDb 已成功抓取全部所需数据。
[2026-04-03 21:54:27] [SUCCESS] bvid=BV1Yz9NBzEqo 已成功抓取全部所需数据。
[2026-04-03 21:54:35] [SUCCESS] bvid=BV17M9wBPEEC 已成功抓取全部所需数据。
[2026-04-03 21:54:42] [SUCCESS] bvid=BV1j59KB1EPg 已成功抓取全部所需数据。
[2026-04-03 21:54:49] [SUCCESS] bvid=BV1vX9wBPEE1 已成功抓取全部所需数据。
[2026-04-03 21:54:56] [SUCCESS] bvid=BV17w9FB8Emb 已成功抓取全部所需数据。
[2026-04-03 21:55:03] [SUCCESS] bvid=BV1ZHXBBTEeu 已成功抓取全部所需数据。
[2026-04-03 21:55:10] [SUCCESS] bvid=BV17GXeBoErP 已成功抓取全部所需数据。
[2026-04-03 21:55:18] [SUCCESS] bvid=BV1vsXfBRERV 已成功抓取全部所需数据。
[2026-04-03 21:55:25] [SUCCESS] bvid=BV1tx9wBQEm3 已成功抓取全部所需数据。
[2026-04-03 21:55:32] [SUCCESS] bvid=BV1qV9KBjELL 已成功抓取全部所需数据。
[2026-04-03 21:55:39] [SUCCESS] bvid=BV15r9NBuEJg 已成功抓取全部所需数据。
[2026-04-03 21:55:46] [SUCCESS] bvid=BV1BV9KBjEiU 已成功抓取全部所需数据。
[2026-04-03 21:55:53] [SUCCESS] bvid=BV1B59KB1Eue 已成功抓取全部所需数据。
[2026-04-03 21:56:00] [SUCCESS] bvid=BV1E39KBmEUg 已成功抓取全部所需数据。
[2026-04-03 21:56:06] [SUCCESS] bvid=BV1E39KBmEoe 已成功抓取全部所需数据。
[2026-04-03 21:56:14] [SUCCESS] bvid=BV1Jg9KBEEqL 已成功抓取全部所需数据。
[2026-04-03 21:56:21] [SUCCESS] bvid=BV1Jg9KBEE8w 已成功抓取全部所需数据。
[2026-04-03 21:56:27] [SUCCESS] bvid=BV1LJ9KBGE61 已成功抓取全部所需数据。
[2026-04-03 21:56:35] [SUCCESS] bvid=BV1pg9HBeEaY 已成功抓取全部所需数据。
[2026-04-03 21:56:41] [SUCCESS] bvid=BV1L79KBCE9Z 已成功抓取全部所需数据。
[2026-04-03 21:56:49] [SUCCESS] bvid=BV1Ac9KBxEax 已成功抓取全部所需数据。
[2026-04-03 21:56:55] [SUCCESS] bvid=BV1GyXdBLEEY 已成功抓取全部所需数据。
[2026-04-03 21:56:55] [WARN] 当前子任务已结束，但仍有未成功抓取的视频，已导出 remaining CSV 供继续执行。
[2026-04-03 21:56:55] [INFO] 已导出剔除成功条目后的剩余 CSV：D:\Schoolworks\Thesis\Bilibili-Datahub\outputs\video_data\manual_crawls\manual_crawl_stat_comment_20260403_212256\remaining_bvids_part_2.csv
[2026-04-03 21:56:55] 子任务结束时间：2026-04-03T21:56:55.671384
[TIMESTAMP][END] 2026-04-03T21:56:55
