[TIMESTAMP][BEGIN] 2026-04-04T05:56:15
[2026-04-04 05:56:18] 开始执行 CSV 批量抓取子任务 part_39。
[2026-04-04 05:56:18] 子任务开始时间：2026-04-04T05:56:15.528086
[2026-04-04 05:56:18] 输入文件：batch_input_39.csv
[2026-04-04 05:56:18] 输入唯一 bvid 数量：100
[2026-04-04 05:56:18] 为严格按 CSV 顺序判断连续失败阈值，本次任务自动将并发度从 2 调整为 1。
[2026-04-04 05:56:25] [SUCCESS] bvid=BV1kqXDByE58 已成功抓取全部所需数据。
[2026-04-04 05:56:32] [SUCCESS] bvid=BV1WYXDB7EEJ 已成功抓取全部所需数据。
[2026-04-04 05:56:39] [SUCCESS] bvid=BV1WYXDB7EKk 已成功抓取全部所需数据。
[2026-04-04 05:56:46] [SUCCESS] bvid=BV1peXDB2E6V 已成功抓取全部所需数据。
[2026-04-04 05:56:53] [SUCCESS] bvid=BV1seXDB2EcX 已成功抓取全部所需数据。
[2026-04-04 05:57:00] [SUCCESS] bvid=BV187XDBtE14 已成功抓取全部所需数据。
[2026-04-04 05:57:08] [SUCCESS] bvid=BV1hEXDBoEmj 已成功抓取全部所需数据。
[2026-04-04 05:57:14] [SUCCESS] bvid=BV18EXDBoEAe 已成功抓取全部所需数据。
[2026-04-04 05:57:21] [SUCCESS] bvid=BV1hEXDBoEDG 已成功抓取全部所需数据。
[2026-04-04 05:57:28] [SUCCESS] bvid=BV1hLXDBfEUH 已成功抓取全部所需数据。
[2026-04-04 05:57:35] [SUCCESS] bvid=BV1DLXDBfEfk 已成功抓取全部所需数据。
[2026-04-04 05:57:42] [SUCCESS] bvid=BV1aLXDBfEoM 已成功抓取全部所需数据。
[2026-04-04 05:57:48] [SUCCESS] bvid=BV1aLXDBfEjX 已成功抓取全部所需数据。
[2026-04-04 05:57:54] [SUCCESS] bvid=BV1UsXDBXEzP 已成功抓取全部所需数据。
[2026-04-04 05:58:00] [SUCCESS] bvid=BV1tWXDBWEzF 已成功抓取全部所需数据。
[2026-04-04 05:58:07] [SUCCESS] bvid=BV1bWXDBWEiW 已成功抓取全部所需数据。
[2026-04-04 05:58:13] [SUCCESS] bvid=BV1UsXDBXE7Z 已成功抓取全部所需数据。
[2026-04-04 05:58:18] [SUCCESS] bvid=BV1hnXDBxEPt 已成功抓取全部所需数据。
[2026-04-04 05:58:24] [SUCCESS] bvid=BV1UHXDBREVV 已成功抓取全部所需数据。
[2026-04-04 05:58:30] [SUCCESS] bvid=BV18HXDBREs3 已成功抓取全部所需数据。
[2026-04-04 05:58:36] [SUCCESS] bvid=BV1bHXDBRELZ 已成功抓取全部所需数据。
[2026-04-04 05:58:42] [SUCCESS] bvid=BV186XbBAE8p 已成功抓取全部所需数据。
[2026-04-04 05:58:47] [SUCCESS] bvid=BV1uBXmB7EHd 已成功抓取全部所需数据。
[2026-04-04 05:58:53] [SUCCESS] bvid=BV1tBXmB7EWT 已成功抓取全部所需数据。
[2026-04-04 05:58:58] [SUCCESS] bvid=BV1ZbQoBnEax 已成功抓取全部所需数据。
[2026-04-04 05:59:04] [SUCCESS] bvid=BV1amXyBCEx4 已成功抓取全部所需数据。
[2026-04-04 05:59:09] [SUCCESS] bvid=BV1SBXmBjE4J 已成功抓取全部所需数据。
[2026-04-04 05:59:15] [SUCCESS] bvid=BV1UzXmB1EQu 已成功抓取全部所需数据。
[2026-04-04 05:59:20] [SUCCESS] bvid=BV1uBXmB7E88 已成功抓取全部所需数据。
[2026-04-04 05:59:26] [SUCCESS] bvid=BV1TzXmB2E4j 已成功抓取全部所需数据。
[2026-04-04 05:59:31] [SUCCESS] bvid=BV1UzXmB1Ear 已成功抓取全部所需数据。
[2026-04-04 05:59:37] [SUCCESS] bvid=BV1bzXmB2EHs 已成功抓取全部所需数据。
[2026-04-04 05:59:42] [SUCCESS] bvid=BV12zXmB1ERk 已成功抓取全部所需数据。
[2026-04-04 05:59:48] [SUCCESS] bvid=BV1mrXmB5Ebi 已成功抓取全部所需数据。
[2026-04-04 05:59:53] [SUCCESS] bvid=BV1SiXmBmEdV 已成功抓取全部所需数据。
[2026-04-04 05:59:59] [SUCCESS] bvid=BV12yXmBGEJ5 已成功抓取全部所需数据。
[2026-04-04 06:00:05] [SUCCESS] bvid=BV1uiXmBUETX 已成功抓取全部所需数据。
[2026-04-04 06:00:10] [SUCCESS] bvid=BV11yXmBGETM 已成功抓取全部所需数据。
[2026-04-04 06:00:16] [SUCCESS] bvid=BV1s1XmBkEhC 已成功抓取全部所需数据。
[2026-04-04 06:00:22] [SUCCESS] bvid=BV1TrXmBLE5j 已成功抓取全部所需数据。
[2026-04-04 06:00:28] [SUCCESS] bvid=BV12kXmBCEDi 已成功抓取全部所需数据。
[2026-04-04 06:00:35] [SUCCESS] bvid=BV11kXmBCEQt 已成功抓取全部所需数据。
[2026-04-04 06:00:41] [SUCCESS] bvid=BV1TkXmByEER 已成功抓取全部所需数据。
[2026-04-04 06:00:47] [SUCCESS] bvid=BV1exXmBxEui 已成功抓取全部所需数据。
[2026-04-04 06:00:53] [SUCCESS] bvid=BV15WXmBoE92 已成功抓取全部所需数据。
[2026-04-04 06:00:58] [SUCCESS] bvid=BV1jpXmBtEqM 已成功抓取全部所需数据。
[2026-04-04 06:01:04] [SUCCESS] bvid=BV1dWXmBdEzh 已成功抓取全部所需数据。
[2026-04-04 06:01:10] [SUCCESS] bvid=BV1dWXmBdEqs 已成功抓取全部所需数据。
[2026-04-04 06:01:16] [SUCCESS] bvid=BV1XaXmBnEAQ 已成功抓取全部所需数据。
[2026-04-04 06:01:22] [SUCCESS] bvid=BV13aXmBHEpR 已成功抓取全部所需数据。
[2026-04-04 06:01:27] [SUCCESS] bvid=BV1XaXmBnEF2 已成功抓取全部所需数据。
[2026-04-04 06:01:32] [SUCCESS] bvid=BV1QaXmBnEmz 已成功抓取全部所需数据。
[2026-04-04 06:01:38] [SUCCESS] bvid=BV1QYXmBSEE8 已成功抓取全部所需数据。
[2026-04-04 06:01:43] [SUCCESS] bvid=BV1FZXLB5EeA 已成功抓取全部所需数据。
[2026-04-04 06:01:49] [SUCCESS] bvid=BV1Q2XgBjEQG 已成功抓取全部所需数据。
[2026-04-04 06:01:55] [SUCCESS] bvid=BV19bXmBpEha 已成功抓取全部所需数据。
[2026-04-04 06:02:00] [SUCCESS] bvid=BV19bXmBpEyn 已成功抓取全部所需数据。
[2026-04-04 06:02:06] [SUCCESS] bvid=BV1Q8XmBQENN 已成功抓取全部所需数据。
[2026-04-04 06:02:11] [SUCCESS] bvid=BV1Q8XmBQE5B 已成功抓取全部所需数据。
[2026-04-04 06:02:16] [SUCCESS] bvid=BV1qAXUBFEtg 已成功抓取全部所需数据。
[2026-04-04 06:02:21] [SUCCESS] bvid=BV1vPXUBbE5N 已成功抓取全部所需数据。
[2026-04-04 06:02:27] [SUCCESS] bvid=BV1qPXUBbEFj 已成功抓取全部所需数据。
[2026-04-04 06:02:32] [SUCCESS] bvid=BV1zFXUBwELG 已成功抓取全部所需数据。
[2026-04-04 06:02:38] [SUCCESS] bvid=BV1BFXUBwE96 已成功抓取全部所需数据。
[2026-04-04 06:02:44] [SUCCESS] bvid=BV1qcXUBhELk 已成功抓取全部所需数据。
[2026-04-04 06:02:49] [SUCCESS] bvid=BV1BFXUBwErP 已成功抓取全部所需数据。
[2026-04-04 06:02:55] [SUCCESS] bvid=BV1nGXVBTEQh 已成功抓取全部所需数据。
[2026-04-04 06:03:01] [SUCCESS] bvid=BV1BcXUBhEga 已成功抓取全部所需数据。
[2026-04-04 06:03:06] [SUCCESS] bvid=BV1icXUBhEdP 已成功抓取全部所需数据。
[2026-04-04 06:03:12] [SUCCESS] bvid=BV1EcXUBaEbX 已成功抓取全部所需数据。
[2026-04-04 06:03:18] [SUCCESS] bvid=BV1BcXUBhESW 已成功抓取全部所需数据。
[2026-04-04 06:03:23] [SUCCESS] bvid=BV1YMXUBdEat 已成功抓取全部所需数据。
[2026-04-04 06:03:29] [SUCCESS] bvid=BV15MXUBoEHb 已成功抓取全部所需数据。
[2026-04-04 06:03:34] [SUCCESS] bvid=BV1vMXUBdE55 已成功抓取全部所需数据。
[2026-04-04 06:03:40] [SUCCESS] bvid=BV1RMXUBdE4L 已成功抓取全部所需数据。
[2026-04-04 06:03:45] [SUCCESS] bvid=BV1agXUBsEro 已成功抓取全部所需数据。
[2026-04-04 06:03:50] [SUCCESS] bvid=BV1egXUBsEVG 已成功抓取全部所需数据。
[2026-04-04 06:03:56] [SUCCESS] bvid=BV1iNXUBZEAx 已成功抓取全部所需数据。
[2026-04-04 06:04:02] [SUCCESS] bvid=BV1RNXUBZEFd 已成功抓取全部所需数据。
[2026-04-04 06:04:07] [SUCCESS] bvid=BV1WDXmBuEmW 已成功抓取全部所需数据。
[2026-04-04 06:04:13] [SUCCESS] bvid=BV1rQXmBqEuH 已成功抓取全部所需数据。
[2026-04-04 06:04:18] [SUCCESS] bvid=BV1YTXUB4EQK 已成功抓取全部所需数据。
[2026-04-04 06:04:23] [SUCCESS] bvid=BV1iNXUBZEYA 已成功抓取全部所需数据。
[2026-04-04 06:04:29] [SUCCESS] bvid=BV1vTXUB4ERU 已成功抓取全部所需数据。
[2026-04-04 06:04:35] [SUCCESS] bvid=BV19TXUB4ED8 已成功抓取全部所需数据。
[2026-04-04 06:04:42] [SUCCESS] bvid=BV1YTXUB4Ef7 已成功抓取全部所需数据。
[2026-04-04 06:04:48] [SUCCESS] bvid=BV1rQXmBqETf 已成功抓取全部所需数据。
[2026-04-04 06:04:55] [SUCCESS] bvid=BV1CDXmBMEUr 已成功抓取全部所需数据。
[2026-04-04 06:05:01] [SUCCESS] bvid=BV1kQXmBqEfV 已成功抓取全部所需数据。
[2026-04-04 06:05:07] [SUCCESS] bvid=BV1rQXmBqEu4 已成功抓取全部所需数据。
[2026-04-04 06:05:13] [SUCCESS] bvid=BV1kDXmBMEjX 已成功抓取全部所需数据。
[2026-04-04 06:05:20] [SUCCESS] bvid=BV1CDXmBMEjs 已成功抓取全部所需数据。
[2026-04-04 06:05:26] [SUCCESS] bvid=BV16HXMBREyg 已成功抓取全部所需数据。
[2026-04-04 06:05:32] [SUCCESS] bvid=BV1kQXmBqELv 已成功抓取全部所需数据。
[2026-04-04 06:05:38] [SUCCESS] bvid=BV1rQXmBqE6j 已成功抓取全部所需数据。
[2026-04-04 06:05:44] [SUCCESS] bvid=BV1NUXmB6Ec7 已成功抓取全部所需数据。
[2026-04-04 06:05:51] [SUCCESS] bvid=BV1rQXmBqEkW 已成功抓取全部所需数据。
[2026-04-04 06:05:57] [SUCCESS] bvid=BV1qrXUBPEtb 已成功抓取全部所需数据。
[2026-04-04 06:06:03] [SUCCESS] bvid=BV1nHXMBREpc 已成功抓取全部所需数据。
[2026-04-04 06:06:09] [SUCCESS] bvid=BV1FJXLBgEwJ 已成功抓取全部所需数据。
[2026-04-04 06:06:09] [INFO] 当前 batch_crawl 已完成，所有视频均已成功抓取。
[2026-04-04 06:06:09] 子任务结束时间：2026-04-04T06:06:09.200170
[TIMESTAMP][END] 2026-04-04T06:06:09
