[TIMESTAMP][BEGIN] 2026-04-04T01:57:11
[2026-04-04 01:57:14] 开始执行 CSV 批量抓取子任务 part_20。
[2026-04-04 01:57:14] 子任务开始时间：2026-04-04T01:57:11.840250
[2026-04-04 01:57:14] 输入文件：batch_input_20.csv
[2026-04-04 01:57:14] 输入唯一 bvid 数量：100
[2026-04-04 01:57:14] 为严格按 CSV 顺序判断连续失败阈值，本次任务自动将并发度从 2 调整为 1。
[2026-04-04 01:57:21] [SUCCESS] bvid=BV1odXCBEE9b 已成功抓取全部所需数据。
[2026-04-04 01:57:29] [SUCCESS] bvid=BV1DsXCBzE27 已成功抓取全部所需数据。
[2026-04-04 01:57:36] [SUCCESS] bvid=BV1QsXCBzEbe 已成功抓取全部所需数据。
[2026-04-04 01:57:43] [SUCCESS] bvid=BV1ioXCBmEsw 已成功抓取全部所需数据。
[2026-04-04 01:57:50] [SUCCESS] bvid=BV1eoXCBmEQr 已成功抓取全部所需数据。
[2026-04-04 01:57:57] [SUCCESS] bvid=BV1voXCBmEoL 已成功抓取全部所需数据。
[2026-04-04 01:58:04] [SUCCESS] bvid=BV1B9XCBSEVG 已成功抓取全部所需数据。
[2026-04-04 01:58:11] [SUCCESS] bvid=BV1eAXyBCEKK 已成功抓取全部所需数据。
[2026-04-04 01:58:18] [SUCCESS] bvid=BV1VAXyByEac 已成功抓取全部所需数据。
[2026-04-04 01:58:25] [SUCCESS] bvid=BV1ddXCBEEf7 已成功抓取全部所需数据。
[2026-04-04 01:58:32] [SUCCESS] bvid=BV1M8XrBbEhy 已成功抓取全部所需数据。
[2026-04-04 01:58:39] [SUCCESS] bvid=BV1CvXzBjEzf 已成功抓取全部所需数据。
[2026-04-04 01:58:47] [SUCCESS] bvid=BV1YAXyBCE1p 已成功抓取全部所需数据。
[2026-04-04 01:58:54] [SUCCESS] bvid=BV1aAXyBCEQn 已成功抓取全部所需数据。
[2026-04-04 01:59:01] [SUCCESS] bvid=BV1aNXyBGEvB 已成功抓取全部所需数据。
[2026-04-04 01:59:08] [SUCCESS] bvid=BV1BDXCBQEUy 已成功抓取全部所需数据。
[2026-04-04 01:59:15] [SUCCESS] bvid=BV1CrXCBZEKf 已成功抓取全部所需数据。
[2026-04-04 01:59:21] [SUCCESS] bvid=BV1vFXyB1Ep9 已成功抓取全部所需数据。
[2026-04-04 01:59:28] [SUCCESS] bvid=BV1cyXCBoEMe 已成功抓取全部所需数据。
[2026-04-04 01:59:35] [SUCCESS] bvid=BV1kyXCBdE4z 已成功抓取全部所需数据。
[2026-04-04 01:59:42] [SUCCESS] bvid=BV1cyXCBoEK1 已成功抓取全部所需数据。
[2026-04-04 01:59:49] [SUCCESS] bvid=BV1wyXCBoEHD 已成功抓取全部所需数据。
[2026-04-04 01:59:56] [SUCCESS] bvid=BV1ryXCBdEsp 已成功抓取全部所需数据。
[2026-04-04 02:00:02] [SUCCESS] bvid=BV1kyXCBdEuv 已成功抓取全部所需数据。
[2026-04-04 02:00:09] [SUCCESS] bvid=BV1wyXCBoEo8 已成功抓取全部所需数据。
[2026-04-04 02:00:15] [SUCCESS] bvid=BV1CrXCBZEHt 已成功抓取全部所需数据。
[2026-04-04 02:00:22] [SUCCESS] bvid=BV13nXrBvE5Z 已成功抓取全部所需数据。
[2026-04-04 02:00:29] [SUCCESS] bvid=BV1yrXCBZEKB 已成功抓取全部所需数据。
[2026-04-04 02:00:36] [SUCCESS] bvid=BV1CrXCBZEQK 已成功抓取全部所需数据。
[2026-04-04 02:00:43] [SUCCESS] bvid=BV1ArXCBfEwe 已成功抓取全部所需数据。
[2026-04-04 02:00:50] [SUCCESS] bvid=BV1eaXBB8EK7 已成功抓取全部所需数据。
[2026-04-04 02:00:57] [SUCCESS] bvid=BV1rkXrBJEyA 已成功抓取全部所需数据。
[2026-04-04 02:01:04] [SUCCESS] bvid=BV1hoXzBwESP 已成功抓取全部所需数据。
[2026-04-04 02:01:10] [SUCCESS] bvid=BV1edXrB6ENo 已成功抓取全部所需数据。
[2026-04-04 02:01:17] [SUCCESS] bvid=BV1csXkBQEr3 已成功抓取全部所需数据。
[2026-04-04 02:01:23] [SUCCESS] bvid=BV1hiiWBkEHF 已成功抓取全部所需数据。
[2026-04-04 02:01:30] [SUCCESS] bvid=BV1x5XkBtErk 已成功抓取全部所需数据。
[2026-04-04 02:01:37] [SUCCESS] bvid=BV1fDXCBQEN1 已成功抓取全部所需数据。
[2026-04-04 02:01:44] [SUCCESS] bvid=BV1BDXCBQEU9 已成功抓取全部所需数据。
[2026-04-04 02:01:52] [SUCCESS] bvid=BV1zXXCBnEG9 已成功抓取全部所需数据。
[2026-04-04 02:01:59] [SUCCESS] bvid=BV1BDXCBQEzW 已成功抓取全部所需数据。
[2026-04-04 02:02:06] [SUCCESS] bvid=BV1BXXCBnEkv 已成功抓取全部所需数据。
[2026-04-04 02:02:12] [SUCCESS] bvid=BV1ZDXCBQE2d 已成功抓取全部所需数据。
[2026-04-04 02:02:19] [SUCCESS] bvid=BV1fDXCBQEuB 已成功抓取全部所需数据。
[2026-04-04 02:02:26] [SUCCESS] bvid=BV1fXXCBnEY5 已成功抓取全部所需数据。
[2026-04-04 02:02:33] [SUCCESS] bvid=BV1qXXCBnEPK 已成功抓取全部所需数据。
[2026-04-04 02:02:40] [SUCCESS] bvid=BV1fXXCBnEGP 已成功抓取全部所需数据。
[2026-04-04 02:02:47] [SUCCESS] bvid=BV1BXXCBnEHN 已成功抓取全部所需数据。
[2026-04-04 02:02:54] [SUCCESS] bvid=BV16mXCB9Erz 已成功抓取全部所需数据。
[2026-04-04 02:03:01] [SUCCESS] bvid=BV1qXXCBnE66 已成功抓取全部所需数据。
[2026-04-04 02:03:08] [SUCCESS] bvid=BV16mXCB9Edz 已成功抓取全部所需数据。
[2026-04-04 02:03:15] [SUCCESS] bvid=BV1rmXCB9E5B 已成功抓取全部所需数据。
[2026-04-04 02:03:22] [SUCCESS] bvid=BV16mXCBREdy 已成功抓取全部所需数据。
[2026-04-04 02:03:29] [SUCCESS] bvid=BV1fmXCB9EkG 已成功抓取全部所需数据。
[2026-04-04 02:03:37] [SUCCESS] bvid=BV1fNXrByEXG 已成功抓取全部所需数据。
[2026-04-04 02:03:44] [SUCCESS] bvid=BV1nSXCBWEG5 已成功抓取全部所需数据。
[2026-04-04 02:03:51] [SUCCESS] bvid=BV1JTXrB5EKv 已成功抓取全部所需数据。
[2026-04-04 02:03:58] [SUCCESS] bvid=BV1zNXrB1EKG 已成功抓取全部所需数据。
[2026-04-04 02:04:05] [SUCCESS] bvid=BV1FwXrBmErZ 已成功抓取全部所需数据。
[2026-04-04 02:04:11] [SUCCESS] bvid=BV1JNXrB1ETF 已成功抓取全部所需数据。
[2026-04-04 02:04:18] [SUCCESS] bvid=BV1FNXrB1EKk 已成功抓取全部所需数据。
[2026-04-04 02:04:25] [SUCCESS] bvid=BV1ZNXrB1E2L 已成功抓取全部所需数据。
[2026-04-04 02:04:32] [SUCCESS] bvid=BV1ZTXrBVEkT 已成功抓取全部所需数据。
[2026-04-04 02:04:40] [SUCCESS] bvid=BV1q3XrBrEih 已成功抓取全部所需数据。
[2026-04-04 02:04:47] [SUCCESS] bvid=BV1fTXrBVEB8 已成功抓取全部所需数据。
[2026-04-04 02:04:55] [SUCCESS] bvid=BV1fTXrBVEMM 已成功抓取全部所需数据。
[2026-04-04 02:05:04] [SUCCESS] bvid=BV1JTXrB5Ece 已成功抓取全部所需数据。
[2026-04-04 02:05:11] [SUCCESS] bvid=BV1cwXrBmEez 已成功抓取全部所需数据。
[2026-04-04 02:05:18] [SUCCESS] bvid=BV1dVXrBuEbk 已成功抓取全部所需数据。
[2026-04-04 02:05:25] [SUCCESS] bvid=BV1nPXrBjEJq 已成功抓取全部所需数据。
[2026-04-04 02:05:25] [ERROR] bvid=BV1fPXrBLEin 抓取失败：stat: 接口返回错误代码：-404，信息：啥都木有。
{'code': -404, 'message': '啥都木有', 'ttl': 1} | comment: 接口返回错误代码：-404，信息：啥都木有。
{'code': -404, 'message': '啥都木有', 'ttl': 1}
[2026-04-04 02:05:32] [SUCCESS] bvid=BV19dXrB6EzN 已成功抓取全部所需数据。
[2026-04-04 02:05:39] [SUCCESS] bvid=BV1FPXrBjEUB 已成功抓取全部所需数据。
[2026-04-04 02:05:47] [SUCCESS] bvid=BV1L3XrBrE1F 已成功抓取全部所需数据。
[2026-04-04 02:05:54] [SUCCESS] bvid=BV1ZMXrBkEi7 已成功抓取全部所需数据。
[2026-04-04 02:06:01] [SUCCESS] bvid=BV1o3XrB6Ez9 已成功抓取全部所需数据。
[2026-04-04 02:06:08] [SUCCESS] bvid=BV1HcXrBEEA6 已成功抓取全部所需数据。
[2026-04-04 02:06:16] [SUCCESS] bvid=BV1RVXrBuEYP 已成功抓取全部所需数据。
[2026-04-04 02:06:24] [SUCCESS] bvid=BV1YZXrBuESR 已成功抓取全部所需数据。
[2026-04-04 02:06:31] [SUCCESS] bvid=BV1dMXrBkEDR 已成功抓取全部所需数据。
[2026-04-04 02:06:38] [SUCCESS] bvid=BV1ZMXrBkEu5 已成功抓取全部所需数据。
[2026-04-04 02:06:45] [SUCCESS] bvid=BV1ZgXrB3EHz 已成功抓取全部所需数据。
[2026-04-04 02:06:52] [SUCCESS] bvid=BV1ZgXrB3Ecd 已成功抓取全部所需数据。
[2026-04-04 02:06:59] [SUCCESS] bvid=BV16vXqBBELD 已成功抓取全部所需数据。
[2026-04-04 02:07:06] [SUCCESS] bvid=BV16MXeB8ExQ 已成功抓取全部所需数据。
[2026-04-04 02:07:13] [SUCCESS] bvid=BV1nMXeBhEeC 已成功抓取全部所需数据。
[2026-04-04 02:07:20] [SUCCESS] bvid=BV16MXeB8ES1 已成功抓取全部所需数据。
[2026-04-04 02:07:27] [SUCCESS] bvid=BV1diXYBHEoM 已成功抓取全部所需数据。
[2026-04-04 02:07:34] [SUCCESS] bvid=BV16MXeB8Eif 已成功抓取全部所需数据。
[2026-04-04 02:07:41] [SUCCESS] bvid=BV16MXeB8EpD 已成功抓取全部所需数据。
[2026-04-04 02:07:48] [SUCCESS] bvid=BV16MXeB8ERY 已成功抓取全部所需数据。
[2026-04-04 02:09:57] [SUCCESS] bvid=BV1FMXeBhEoz 已成功抓取全部所需数据。
[2026-04-04 02:10:04] [SUCCESS] bvid=BV16MXeB8Ejv 已成功抓取全部所需数据。
[2026-04-04 02:10:11] [SUCCESS] bvid=BV1diXYBHELL 已成功抓取全部所需数据。
[2026-04-04 02:10:19] [SUCCESS] bvid=BV1JMXeB8EUT 已成功抓取全部所需数据。
[2026-04-04 02:10:26] [SUCCESS] bvid=BV16MXeB8E9V 已成功抓取全部所需数据。
[2026-04-04 02:10:33] [SUCCESS] bvid=BV1FMXeBhEqw 已成功抓取全部所需数据。
[2026-04-04 02:10:41] [SUCCESS] bvid=BV1JMXeB8EQt 已成功抓取全部所需数据。
[2026-04-04 02:10:48] [SUCCESS] bvid=BV1NXX6B9Eix 已成功抓取全部所需数据。
[2026-04-04 02:10:56] [SUCCESS] bvid=BV1nMXeB8E3x 已成功抓取全部所需数据。
[2026-04-04 02:10:56] [WARN] 当前子任务已结束，但仍有未成功抓取的视频，已导出 remaining CSV 供继续执行。
[2026-04-04 02:10:56] [INFO] 已导出剔除成功条目后的剩余 CSV：D:\Schoolworks\Thesis\Bilibili-Datahub\outputs\video_data\manual_crawls\manual_crawl_stat_comment_20260403_212256\remaining_bvids_part_20.csv
[2026-04-04 02:10:56] 子任务结束时间：2026-04-04T02:10:56.192828
[TIMESTAMP][END] 2026-04-04T02:10:56
