[TIMESTAMP][BEGIN] 2026-04-04T01:45:29
[2026-04-04 01:45:32] 开始执行 CSV 批量抓取子任务 part_19。
[2026-04-04 01:45:32] 子任务开始时间：2026-04-04T01:45:29.638756
[2026-04-04 01:45:32] 输入文件：batch_input_19.csv
[2026-04-04 01:45:32] 输入唯一 bvid 数量：100
[2026-04-04 01:45:32] 为严格按 CSV 顺序判断连续失败阈值，本次任务自动将并发度从 2 调整为 1。
[2026-04-04 01:45:39] [SUCCESS] bvid=BV1JE9GBTEf1 已成功抓取全部所需数据。
[2026-04-04 01:45:46] [SUCCESS] bvid=BV1eb9GB8EDU 已成功抓取全部所需数据。
[2026-04-04 01:45:52] [SUCCESS] bvid=BV1Lb9GB8EFK 已成功抓取全部所需数据。
[2026-04-04 01:45:59] [SUCCESS] bvid=BV1xU9GB2Eub 已成功抓取全部所需数据。
[2026-04-04 01:46:07] [SUCCESS] bvid=BV1G6XkB6EJ7 已成功抓取全部所需数据。
[2026-04-04 01:46:14] [SUCCESS] bvid=BV1akXkBuENd 已成功抓取全部所需数据。
[2026-04-04 01:46:21] [SUCCESS] bvid=BV1uSXkBeEMC 已成功抓取全部所需数据。
[2026-04-04 01:46:29] [SUCCESS] bvid=BV1MQXkBAEe2 已成功抓取全部所需数据。
[2026-04-04 01:46:37] [SUCCESS] bvid=BV1SUXkBNEZu 已成功抓取全部所需数据。
[2026-04-04 01:46:45] [SUCCESS] bvid=BV1u2XkBiEQe 已成功抓取全部所需数据。
[2026-04-04 01:46:52] [SUCCESS] bvid=BV17hXkB2Ei2 已成功抓取全部所需数据。
[2026-04-04 01:47:00] [SUCCESS] bvid=BV1qYXkBLEsn 已成功抓取全部所需数据。
[2026-04-04 01:47:07] [SUCCESS] bvid=BV1JtXkBUEWo 已成功抓取全部所需数据。
[2026-04-04 01:47:15] [SUCCESS] bvid=BV1dqXkBkELf 已成功抓取全部所需数据。
[2026-04-04 01:47:22] [SUCCESS] bvid=BV1ezXkB3EYH 已成功抓取全部所需数据。
[2026-04-04 01:47:29] [SUCCESS] bvid=BV1xgX6BpEbQ 已成功抓取全部所需数据。
[2026-04-04 01:47:37] [SUCCESS] bvid=BV15eXkByEB1 已成功抓取全部所需数据。
[2026-04-04 01:47:44] [SUCCESS] bvid=BV1QzXkBuEqb 已成功抓取全部所需数据。
[2026-04-04 01:47:52] [SUCCESS] bvid=BV15iXkBVE4m 已成功抓取全部所需数据。
[2026-04-04 01:48:00] [SUCCESS] bvid=BV1tTX6BsEN9 已成功抓取全部所需数据。
[2026-04-04 01:48:07] [SUCCESS] bvid=BV1q9XCBSEpR 已成功抓取全部所需数据。
[2026-04-04 01:48:15] [SUCCESS] bvid=BV15iXkBVEvp 已成功抓取全部所需数据。
[2026-04-04 01:48:23] [SUCCESS] bvid=BV1EMXCBHE9c 已成功抓取全部所需数据。
[2026-04-04 01:48:30] [SUCCESS] bvid=BV1JMXCBHEQ5 已成功抓取全部所需数据。
[2026-04-04 01:48:37] [SUCCESS] bvid=BV1fuXCBSEzv 已成功抓取全部所需数据。
[2026-04-04 01:48:43] [SUCCESS] bvid=BV1kvXzBjEsU 已成功抓取全部所需数据。
[2026-04-04 01:48:51] [SUCCESS] bvid=BV1B9QUBwE6c 已成功抓取全部所需数据。
[2026-04-04 01:48:58] [SUCCESS] bvid=BV1B9XCBSEMn 已成功抓取全部所需数据。
[2026-04-04 01:49:07] [SUCCESS] bvid=BV1uhXCBiEzB 已成功抓取全部所需数据。
[2026-04-04 01:49:13] [SUCCESS] bvid=BV1W7XkBxEcR 已成功抓取全部所需数据。
[2026-04-04 01:49:20] [SUCCESS] bvid=BV1mEXvBrEvg 已成功抓取全部所需数据。
[2026-04-04 01:49:27] [SUCCESS] bvid=BV1FNXCBWEm2 已成功抓取全部所需数据。
[2026-04-04 01:49:34] [SUCCESS] bvid=BV1ZuXCBSE1S 已成功抓取全部所需数据。
[2026-04-04 01:49:42] [SUCCESS] bvid=BV1wNXCBWEgq 已成功抓取全部所需数据。
[2026-04-04 01:49:50] [SUCCESS] bvid=BV1FNXCBWEn3 已成功抓取全部所需数据。
[2026-04-04 01:49:57] [SUCCESS] bvid=BV1FKXCBXE3F 已成功抓取全部所需数据。
[2026-04-04 01:50:04] [SUCCESS] bvid=BV1rKXCBXEJE 已成功抓取全部所需数据。
[2026-04-04 01:50:11] [SUCCESS] bvid=BV1q5XCB7E8K 已成功抓取全部所需数据。
[2026-04-04 01:50:19] [SUCCESS] bvid=BV1PoXkBfEbs 已成功抓取全部所需数据。
[2026-04-04 01:50:27] [SUCCESS] bvid=BV12dXkB8ENn 已成功抓取全部所需数据。
[2026-04-04 01:50:34] [SUCCESS] bvid=BV1soXkBfExn 已成功抓取全部所需数据。
[2026-04-04 01:50:40] [SUCCESS] bvid=BV1WoXkBfEQ1 已成功抓取全部所需数据。
[2026-04-04 01:50:48] [SUCCESS] bvid=BV1NoXkBfE4s 已成功抓取全部所需数据。
[2026-04-04 01:50:56] [SUCCESS] bvid=BV1TXXkBaEdL 已成功抓取全部所需数据。
[2026-04-04 01:51:02] [SUCCESS] bvid=BV1mXXkBaEye 已成功抓取全部所需数据。
[2026-04-04 01:51:09] [SUCCESS] bvid=BV1KRXkBcEMq 已成功抓取全部所需数据。
[2026-04-04 01:51:17] [SUCCESS] bvid=BV1KXXkBaEqJ 已成功抓取全部所需数据。
[2026-04-04 01:51:24] [SUCCESS] bvid=BV1TRXkBcEAm 已成功抓取全部所需数据。
[2026-04-04 01:51:30] [SUCCESS] bvid=BV1HwXCBxE3J 已成功抓取全部所需数据。
[2026-04-04 01:51:37] [SUCCESS] bvid=BV1AwXCBxEY6 已成功抓取全部所需数据。
[2026-04-04 01:51:44] [SUCCESS] bvid=BV1pAXCBREng 已成功抓取全部所需数据。
[2026-04-04 01:51:51] [SUCCESS] bvid=BV1rAXCBREmN 已成功抓取全部所需数据。
[2026-04-04 01:51:57] [SUCCESS] bvid=BV1AAXCBREPB 已成功抓取全部所需数据。
[2026-04-04 01:52:04] [SUCCESS] bvid=BV1wAXCBREYW 已成功抓取全部所需数据。
[2026-04-04 01:52:11] [SUCCESS] bvid=BV1cAXCBREQy 已成功抓取全部所需数据。
[2026-04-04 01:52:17] [SUCCESS] bvid=BV1cAXCBREwX 已成功抓取全部所需数据。
[2026-04-04 01:52:23] [SUCCESS] bvid=BV1NfXkBtEcs 已成功抓取全部所需数据。
[2026-04-04 01:52:30] [SUCCESS] bvid=BV1wFXCBoEXm 已成功抓取全部所需数据。
[2026-04-04 01:52:37] [SUCCESS] bvid=BV1AFXCBoEFk 已成功抓取全部所需数据。
[2026-04-04 01:52:43] [SUCCESS] bvid=BV1M8XCBTE7M 已成功抓取全部所需数据。
[2026-04-04 01:52:49] [SUCCESS] bvid=BV1g4XCBuEtc 已成功抓取全部所需数据。
[2026-04-04 01:52:56] [SUCCESS] bvid=BV1TYXCBNERP 已成功抓取全部所需数据。
[2026-04-04 01:53:02] [SUCCESS] bvid=BV1TYXCBNEnM 已成功抓取全部所需数据。
[2026-04-04 01:53:09] [SUCCESS] bvid=BV1meXCBYEnf 已成功抓取全部所需数据。
[2026-04-04 01:53:15] [SUCCESS] bvid=BV1TeXCBeEgi 已成功抓取全部所需数据。
[2026-04-04 01:53:21] [SUCCESS] bvid=BV1g8XCBTEcG 已成功抓取全部所需数据。
[2026-04-04 01:53:28] [SUCCESS] bvid=BV1D8XCBTEgz 已成功抓取全部所需数据。
[2026-04-04 01:53:34] [SUCCESS] bvid=BV1uhXCBiEit 已成功抓取全部所需数据。
[2026-04-04 01:53:40] [SUCCESS] bvid=BV1ShXCBvEgP 已成功抓取全部所需数据。
[2026-04-04 01:53:45] [SUCCESS] bvid=BV1UhXCBvEmn 已成功抓取全部所需数据。
[2026-04-04 01:53:52] [SUCCESS] bvid=BV1C6XCBbEhV 已成功抓取全部所需数据。
[2026-04-04 01:53:59] [SUCCESS] bvid=BV11zXCBFEMo 已成功抓取全部所需数据。
[2026-04-04 01:54:04] [SUCCESS] bvid=BV1thXCBiEr5 已成功抓取全部所需数据。
[2026-04-04 01:54:11] [SUCCESS] bvid=BV1yzXCBFEY1 已成功抓取全部所需数据。
[2026-04-04 01:54:16] [SUCCESS] bvid=BV1TiXCBAEEy 已成功抓取全部所需数据。
[2026-04-04 01:54:22] [SUCCESS] bvid=BV11iXCBwESg 已成功抓取全部所需数据。
[2026-04-04 01:54:28] [SUCCESS] bvid=BV1KqXCBaEdY 已成功抓取全部所需数据。
[2026-04-04 01:54:35] [SUCCESS] bvid=BV1XnXCBGETX 已成功抓取全部所需数据。
[2026-04-04 01:54:42] [SUCCESS] bvid=BV1yqXCBhEVk 已成功抓取全部所需数据。
[2026-04-04 01:54:49] [SUCCESS] bvid=BV1XnXCBGEeM 已成功抓取全部所需数据。
[2026-04-04 01:54:57] [SUCCESS] bvid=BV15HXCBkEKY 已成功抓取全部所需数据。
[2026-04-04 01:55:04] [SUCCESS] bvid=BV19HXCBkEng 已成功抓取全部所需数据。
[2026-04-04 01:55:11] [SUCCESS] bvid=BV1R7XCB5EiM 已成功抓取全部所需数据。
[2026-04-04 01:55:18] [SUCCESS] bvid=BV1d7XCB5EpC 已成功抓取全部所需数据。
[2026-04-04 01:55:26] [SUCCESS] bvid=BV157XCBLEbt 已成功抓取全部所需数据。
[2026-04-04 01:55:33] [SUCCESS] bvid=BV1ujXqBQEvK 已成功抓取全部所需数据。
[2026-04-04 01:55:40] [SUCCESS] bvid=BV1R7XCB5EJW 已成功抓取全部所需数据。
[2026-04-04 01:55:47] [SUCCESS] bvid=BV1Q4XCBMEM4 已成功抓取全部所需数据。
[2026-04-04 01:55:54] [SUCCESS] bvid=BV1S4XCBMEV7 已成功抓取全部所需数据。
[2026-04-04 01:56:00] [SUCCESS] bvid=BV15rXdB7EwS 已成功抓取全部所需数据。
[2026-04-04 01:56:07] [SUCCESS] bvid=BV1mvQUB5E9r 已成功抓取全部所需数据。
[2026-04-04 01:56:14] [SUCCESS] bvid=BV1DjXzBbEEU 已成功抓取全部所需数据。
[2026-04-04 01:56:21] [SUCCESS] bvid=BV1DtXCBqECg 已成功抓取全部所需数据。
[2026-04-04 01:56:28] [SUCCESS] bvid=BV1VWXCB3ENv 已成功抓取全部所需数据。
[2026-04-04 01:56:35] [SUCCESS] bvid=BV1gtXCBBEmS 已成功抓取全部所需数据。
[2026-04-04 01:56:42] [SUCCESS] bvid=BV1XWXCBgEbK 已成功抓取全部所需数据。
[2026-04-04 01:56:50] [SUCCESS] bvid=BV1gtXCBBEK1 已成功抓取全部所需数据。
[2026-04-04 01:56:57] [SUCCESS] bvid=BV13WXCB3EvY 已成功抓取全部所需数据。
[2026-04-04 01:57:03] [SUCCESS] bvid=BV1aWXCB3E7p 已成功抓取全部所需数据。
[2026-04-04 01:57:11] [SUCCESS] bvid=BV1B9XCBSEcL 已成功抓取全部所需数据。
[2026-04-04 01:57:11] [INFO] 当前 batch_crawl 已完成，所有视频均已成功抓取。
[2026-04-04 01:57:11] 子任务结束时间：2026-04-04T01:57:11.633688
[TIMESTAMP][END] 2026-04-04T01:57:11
