[TIMESTAMP][BEGIN] 2026-04-04T05:14:16
[2026-04-04 05:14:18] 开始执行 CSV 批量抓取子任务 part_36。
[2026-04-04 05:14:18] 子任务开始时间：2026-04-04T05:14:16.533693
[2026-04-04 05:14:18] 输入文件：batch_input_36.csv
[2026-04-04 05:14:18] 输入唯一 bvid 数量：100
[2026-04-04 05:14:18] 为严格按 CSV 顺序判断连续失败阈值，本次任务自动将并发度从 2 调整为 1。
[2026-04-04 05:14:24] [SUCCESS] bvid=BV1P5XQBJEho 已成功抓取全部所需数据。
[2026-04-04 05:14:30] [SUCCESS] bvid=BV1KuXQBXE6G 已成功抓取全部所需数据。
[2026-04-04 05:14:36] [SUCCESS] bvid=BV1N3XQBpEm3 已成功抓取全部所需数据。
[2026-04-04 05:14:42] [SUCCESS] bvid=BV1N3XQBHEge 已成功抓取全部所需数据。
[2026-04-04 05:14:49] [SUCCESS] bvid=BV1N3XQBHE36 已成功抓取全部所需数据。
[2026-04-04 05:14:55] [SUCCESS] bvid=BV1uCXQB8EkJ 已成功抓取全部所需数据。
[2026-04-04 05:15:00] [SUCCESS] bvid=BV1DCXQBbENi 已成功抓取全部所需数据。
[2026-04-04 05:15:06] [SUCCESS] bvid=BV1DCXQBbErz 已成功抓取全部所需数据。
[2026-04-04 05:15:12] [SUCCESS] bvid=BV1UCXQBbEUA 已成功抓取全部所需数据。
[2026-04-04 05:15:18] [SUCCESS] bvid=BV1MyXQBfEvx 已成功抓取全部所需数据。
[2026-04-04 05:15:23] [SUCCESS] bvid=BV1uyXQBfEAm 已成功抓取全部所需数据。
[2026-04-04 05:15:29] [SUCCESS] bvid=BV1Q6XQBhEaL 已成功抓取全部所需数据。
[2026-04-04 05:15:35] [SUCCESS] bvid=BV1Q6XQBhEWZ 已成功抓取全部所需数据。
[2026-04-04 05:15:41] [SUCCESS] bvid=BV1DkXQBFEZJ 已成功抓取全部所需数据。
[2026-04-04 05:15:46] [SUCCESS] bvid=BV1SkXQBFECi 已成功抓取全部所需数据。
[2026-04-04 05:15:52] [SUCCESS] bvid=BV1yMXSB1EjU 已成功抓取全部所需数据。
[2026-04-04 05:15:58] [SUCCESS] bvid=BV11SXQBsEmd 已成功抓取全部所需数据。
[2026-04-04 05:16:04] [SUCCESS] bvid=BV11SXQBsEDS 已成功抓取全部所需数据。
[2026-04-04 05:16:10] [SUCCESS] bvid=BV1TSXQBxECK 已成功抓取全部所需数据。
[2026-04-04 05:16:15] [SUCCESS] bvid=BV1TDXQBREF4 已成功抓取全部所需数据。
[2026-04-04 05:16:21] [SUCCESS] bvid=BV12DXQB9EzJ 已成功抓取全部所需数据。
[2026-04-04 05:16:26] [SUCCESS] bvid=BV12DXQB9EL6 已成功抓取全部所需数据。
[2026-04-04 05:16:32] [SUCCESS] bvid=BV1U2XQB4EeN 已成功抓取全部所需数据。
[2026-04-04 05:16:37] [SUCCESS] bvid=BV1m2XQB4EY6 已成功抓取全部所需数据。
[2026-04-04 05:16:43] [SUCCESS] bvid=BV1t2XQBtEEP 已成功抓取全部所需数据。
[2026-04-04 05:16:49] [SUCCESS] bvid=BV1mmXQBdEoJ 已成功抓取全部所需数据。
[2026-04-04 05:16:54] [SUCCESS] bvid=BV1jkX5BvE2b 已成功抓取全部所需数据。
[2026-04-04 05:16:59] [SUCCESS] bvid=BV1LhXQBBE7F 已成功抓取全部所需数据。
[2026-04-04 05:17:05] [SUCCESS] bvid=BV1vhXQBBEWQ 已成功抓取全部所需数据。
[2026-04-04 05:17:10] [SUCCESS] bvid=BV1RYXQBKEEd 已成功抓取全部所需数据。
[2026-04-04 05:17:16] [SUCCESS] bvid=BV1dYXQBKEv2 已成功抓取全部所需数据。
[2026-04-04 05:17:23] [SUCCESS] bvid=BV1ZtXQBzEV2 已成功抓取全部所需数据。
[2026-04-04 05:17:29] [SUCCESS] bvid=BV1o8XQBMEDN 已成功抓取全部所需数据。
[2026-04-04 05:17:36] [SUCCESS] bvid=BV1j8XQBuEFv 已成功抓取全部所需数据。
[2026-04-04 05:17:42] [SUCCESS] bvid=BV1E4QoBXEdB 已成功抓取全部所需数据。
[2026-04-04 05:17:49] [SUCCESS] bvid=BV1vcXGBREka 已成功抓取全部所需数据。
[2026-04-04 05:17:55] [SUCCESS] bvid=BV1QqXQBYEf8 已成功抓取全部所需数据。
[2026-04-04 05:18:02] [SUCCESS] bvid=BV1VzXQBAEwb 已成功抓取全部所需数据。
[2026-04-04 05:18:09] [SUCCESS] bvid=BV17MXXBVEu4 已成功抓取全部所需数据。
[2026-04-04 05:18:15] [SUCCESS] bvid=BV1XzXQBwE4M 已成功抓取全部所需数据。
[2026-04-04 05:18:22] [SUCCESS] bvid=BV1QzXQBwEjA 已成功抓取全部所需数据。
[2026-04-04 05:18:29] [SUCCESS] bvid=BV1XeXQBvEXK 已成功抓取全部所需数据。
[2026-04-04 05:18:35] [SUCCESS] bvid=BV1BMXXBGEJH 已成功抓取全部所需数据。
[2026-04-04 05:18:42] [SUCCESS] bvid=BV19iXQBNELR 已成功抓取全部所需数据。
[2026-04-04 05:18:49] [SUCCESS] bvid=BV1GiXQBNEm7 已成功抓取全部所需数据。
[2026-04-04 05:18:55] [SUCCESS] bvid=BV1BMXXBGEbF 已成功抓取全部所需数据。
[2026-04-04 05:19:02] [SUCCESS] bvid=BV1juXXBkEeA 已成功抓取全部所需数据。
[2026-04-04 05:19:09] [SUCCESS] bvid=BV1iuXXBrEEU 已成功抓取全部所需数据。
[2026-04-04 05:19:16] [SUCCESS] bvid=BV1BuXXBrEEt 已成功抓取全部所需数据。
[2026-04-04 05:19:23] [SUCCESS] bvid=BV15aXSBFEhn 已成功抓取全部所需数据。
[2026-04-04 05:19:29] [SUCCESS] bvid=BV1iuXXBrEvo 已成功抓取全部所需数据。
[2026-04-04 05:19:36] [SUCCESS] bvid=BV1fNXXB5Eba 已成功抓取全部所需数据。
[2026-04-04 05:19:43] [SUCCESS] bvid=BV1zKXXBCEAi 已成功抓取全部所需数据。
[2026-04-04 05:19:50] [SUCCESS] bvid=BV1BKXXBCE5y 已成功抓取全部所需数据。
[2026-04-04 05:19:56] [SUCCESS] bvid=BV1v5XXBMEXp 已成功抓取全部所需数据。
[2026-04-04 05:20:03] [SUCCESS] bvid=BV1qKXXBCEZx 已成功抓取全部所需数据。
[2026-04-04 05:20:10] [SUCCESS] bvid=BV1LLXXBBELs 已成功抓取全部所需数据。
[2026-04-04 05:20:17] [SUCCESS] bvid=BV18VX2ByE44 已成功抓取全部所需数据。
[2026-04-04 05:20:23] [SUCCESS] bvid=BV1RLXXBqEie 已成功抓取全部所需数据。
[2026-04-04 05:20:30] [SUCCESS] bvid=BV1e5XXBMEBy 已成功抓取全部所需数据。
[2026-04-04 05:20:37] [SUCCESS] bvid=BV1SW6MBgEjM 已成功抓取全部所需数据。
[2026-04-04 05:20:43] [SUCCESS] bvid=BV1PdXQBHEv9 已成功抓取全部所需数据。
[2026-04-04 05:20:50] [SUCCESS] bvid=BV1RLXXBqEG2 已成功抓取全部所需数据。
[2026-04-04 05:20:57] [SUCCESS] bvid=BV1vLXXBqEsd 已成功抓取全部所需数据。
[2026-04-04 05:21:03] [SUCCESS] bvid=BV1kdXSBkEqs 已成功抓取全部所需数据。
[2026-04-04 05:21:10] [SUCCESS] bvid=BV1q3XXBgETh 已成功抓取全部所需数据。
[2026-04-04 05:21:17] [SUCCESS] bvid=BV1v3XXBgEiJ 已成功抓取全部所需数据。
[2026-04-04 05:21:24] [SUCCESS] bvid=BV1q3XXBgEme 已成功抓取全部所需数据。
[2026-04-04 05:21:30] [SUCCESS] bvid=BV1i3XXBgER4 已成功抓取全部所需数据。
[2026-04-04 05:21:37] [SUCCESS] bvid=BV1H8X5BCE1o 已成功抓取全部所需数据。
[2026-04-04 05:21:44] [SUCCESS] bvid=BV1CdXQBnEa4 已成功抓取全部所需数据。
[2026-04-04 05:21:50] [SUCCESS] bvid=BV1vGXXBzE64 已成功抓取全部所需数据。
[2026-04-04 05:21:57] [SUCCESS] bvid=BV1PoXQBDEP5 已成功抓取全部所需数据。
[2026-04-04 05:22:04] [SUCCESS] bvid=BV1CdXQBnENG 已成功抓取全部所需数据。
[2026-04-04 05:22:11] [SUCCESS] bvid=BV1WdXQBHE3o 已成功抓取全部所需数据。
[2026-04-04 05:22:18] [SUCCESS] bvid=BV1WdXQBHEjF 已成功抓取全部所需数据。
[2026-04-04 05:22:25] [SUCCESS] bvid=BV1CdXQBnENf 已成功抓取全部所需数据。
[2026-04-04 05:22:32] [SUCCESS] bvid=BV1CdXQBnEjF 已成功抓取全部所需数据。
[2026-04-04 05:22:39] [SUCCESS] bvid=BV1LbXSBwEo2 已成功抓取全部所需数据。
[2026-04-04 05:22:46] [SUCCESS] bvid=BV1hrXKBPEGc 已成功抓取全部所需数据。
[2026-04-04 05:22:53] [SUCCESS] bvid=BV1koXQBSEDn 已成功抓取全部所需数据。
[2026-04-04 05:22:59] [SUCCESS] bvid=BV1koXQBSEVX 已成功抓取全部所需数据。
[2026-04-04 05:23:06] [SUCCESS] bvid=BV1CoXQBSEqL 已成功抓取全部所需数据。
[2026-04-04 05:23:13] [SUCCESS] bvid=BV1HDXVB3EMf 已成功抓取全部所需数据。
[2026-04-04 05:23:20] [SUCCESS] bvid=BV1zfXSB6EDN 已成功抓取全部所需数据。
[2026-04-04 05:23:27] [SUCCESS] bvid=BV1nYXUBzEUD 已成功抓取全部所需数据。
[2026-04-04 05:23:34] [SUCCESS] bvid=BV1xEXGBVEY7 已成功抓取全部所需数据。
[2026-04-04 05:23:40] [SUCCESS] bvid=BV17xXSBPE3a 已成功抓取全部所需数据。
[2026-04-04 05:23:47] [SUCCESS] bvid=BV1sXXQBWEBD 已成功抓取全部所需数据。
[2026-04-04 05:23:54] [SUCCESS] bvid=BV1KXXQBWEHv 已成功抓取全部所需数据。
[2026-04-04 05:24:01] [SUCCESS] bvid=BV1KXXQBWEtD 已成功抓取全部所需数据。
[2026-04-04 05:24:08] [SUCCESS] bvid=BV1y9XQBQEjk 已成功抓取全部所需数据。
[2026-04-04 05:24:15] [SUCCESS] bvid=BV11XXQBpEaM 已成功抓取全部所需数据。
[2026-04-04 05:24:22] [SUCCESS] bvid=BV12XXQBpEWj 已成功抓取全部所需数据。
[2026-04-04 05:24:29] [SUCCESS] bvid=BV1W9XQBDEQv 已成功抓取全部所需数据。
[2026-04-04 05:24:35] [SUCCESS] bvid=BV1rwXXBjE1n 已成功抓取全部所需数据。
[2026-04-04 05:24:42] [SUCCESS] bvid=BV1rwXXBjEqV 已成功抓取全部所需数据。
[2026-04-04 05:24:49] [SUCCESS] bvid=BV1cAXXB2E5j 已成功抓取全部所需数据。
[2026-04-04 05:24:56] [SUCCESS] bvid=BV1cAXXB2EaP 已成功抓取全部所需数据。
[2026-04-04 05:25:03] [SUCCESS] bvid=BV1cAXXB2EgV 已成功抓取全部所需数据。
[2026-04-04 05:25:03] [INFO] 当前 batch_crawl 已完成，所有视频均已成功抓取。
[2026-04-04 05:25:03] 子任务结束时间：2026-04-04T05:25:03.112043
[TIMESTAMP][END] 2026-04-04T05:25:03
