[TIMESTAMP][BEGIN] 2026-04-04T03:13:46
[2026-04-04 03:13:49] 开始执行 CSV 批量抓取子任务 part_25。
[2026-04-04 03:13:49] 子任务开始时间：2026-04-04T03:13:46.696996
[2026-04-04 03:13:49] 输入文件：batch_input_25.csv
[2026-04-04 03:13:49] 输入唯一 bvid 数量：100
[2026-04-04 03:13:49] 为严格按 CSV 顺序判断连续失败阈值，本次任务自动将并发度从 2 调整为 1。
[2026-04-04 03:13:56] [SUCCESS] bvid=BV1CVX6BnEzf 已成功抓取全部所需数据。
[2026-04-04 03:14:03] [SUCCESS] bvid=BV1CVX6BnEbi 已成功抓取全部所需数据。
[2026-04-04 03:14:10] [SUCCESS] bvid=BV1W5X6BSEvL 已成功抓取全部所需数据。
[2026-04-04 03:14:17] [SUCCESS] bvid=BV1y5X6BSEGc 已成功抓取全部所需数据。
[2026-04-04 03:14:24] [SUCCESS] bvid=BV1zpX6B5ENo 已成功抓取全部所需数据。
[2026-04-04 03:14:32] [SUCCESS] bvid=BV1BWX6BCEHo 已成功抓取全部所需数据。
[2026-04-04 03:14:40] [SUCCESS] bvid=BV1nnX6B1E4Q 已成功抓取全部所需数据。
[2026-04-04 03:14:48] [SUCCESS] bvid=BV1cJX6B7E87 已成功抓取全部所需数据。
[2026-04-04 03:14:55] [SUCCESS] bvid=BV1nnX6B1Emb 已成功抓取全部所需数据。
[2026-04-04 03:15:02] [SUCCESS] bvid=BV1JnX6B1EdZ 已成功抓取全部所需数据。
[2026-04-04 03:15:09] [SUCCESS] bvid=BV1MNX6BoEDS 已成功抓取全部所需数据。
[2026-04-04 03:15:17] [SUCCESS] bvid=BV1WuXBBLEHk 已成功抓取全部所需数据。
[2026-04-04 03:15:24] [SUCCESS] bvid=BV1QcX6BbEP9 已成功抓取全部所需数据。
[2026-04-04 03:15:31] [SUCCESS] bvid=BV1twX6BZEyc 已成功抓取全部所需数据。
[2026-04-04 03:15:39] [SUCCESS] bvid=BV1TKXBBEETg 已成功抓取全部所需数据。
[2026-04-04 03:15:46] [SUCCESS] bvid=BV1GaXiBQEFb 已成功抓取全部所需数据。
[2026-04-04 03:15:52] [SUCCESS] bvid=BV1xgX6BpESu 已成功抓取全部所需数据。
[2026-04-04 03:15:59] [SUCCESS] bvid=BV1MUX6B4EFi 已成功抓取全部所需数据。
[2026-04-04 03:16:07] [SUCCESS] bvid=BV1xgX6BpE6t 已成功抓取全部所需数据。
[2026-04-04 03:16:15] [SUCCESS] bvid=BV18wX6BZERv 已成功抓取全部所需数据。
[2026-04-04 03:16:21] [SUCCESS] bvid=BV18wX6BZE2Y 已成功抓取全部所需数据。
[2026-04-04 03:16:28] [SUCCESS] bvid=BV14TX6BsEX3 已成功抓取全部所需数据。
[2026-04-04 03:16:35] [SUCCESS] bvid=BV1ygX6BpEQJ 已成功抓取全部所需数据。
[2026-04-04 03:16:42] [SUCCESS] bvid=BV1xgX6BpEzN 已成功抓取全部所需数据。
[2026-04-04 03:16:49] [SUCCESS] bvid=BV1tTX6BsEAK 已成功抓取全部所需数据。
[2026-04-04 03:16:57] [SUCCESS] bvid=BV14MX6B9EQX 已成功抓取全部所需数据。
[2026-04-04 03:17:04] [SUCCESS] bvid=BV11MX6B9EWF 已成功抓取全部所需数据。
[2026-04-04 03:17:10] [SUCCESS] bvid=BV12MX6B9ENq 已成功抓取全部所需数据。
[2026-04-04 03:17:18] [SUCCESS] bvid=BV1arX6BwETU 已成功抓取全部所需数据。
[2026-04-04 03:17:25] [SUCCESS] bvid=BV1ukX6BhEWW 已成功抓取全部所需数据。
[2026-04-04 03:17:32] [SUCCESS] bvid=BV13kX6BhELA 已成功抓取全部所需数据。
[2026-04-04 03:17:40] [SUCCESS] bvid=BV1gkX6BhEdw 已成功抓取全部所需数据。
[2026-04-04 03:17:47] [SUCCESS] bvid=BV1DkX6BhEpu 已成功抓取全部所需数据。
[2026-04-04 03:17:54] [SUCCESS] bvid=BV1XBX6BPEQc 已成功抓取全部所需数据。
[2026-04-04 03:18:02] [SUCCESS] bvid=BV1ukX6BhEvb 已成功抓取全部所需数据。
[2026-04-04 03:18:10] [SUCCESS] bvid=BV1VBX6BPEGe 已成功抓取全部所需数据。
[2026-04-04 03:18:16] [SUCCESS] bvid=BV1GzX6BYEc6 已成功抓取全部所需数据。
[2026-04-04 03:18:24] [SUCCESS] bvid=BV1VBX6BPEKM 已成功抓取全部所需数据。
[2026-04-04 03:18:31] [SUCCESS] bvid=BV1GzX6BYEAG 已成功抓取全部所需数据。
[2026-04-04 03:18:38] [SUCCESS] bvid=BV1VBX6BPEKt 已成功抓取全部所需数据。
[2026-04-04 03:18:45] [SUCCESS] bvid=BV13zX6BYEGA 已成功抓取全部所需数据。
[2026-04-04 03:18:53] [SUCCESS] bvid=BV15cXYBjE5Z 已成功抓取全部所需数据。
[2026-04-04 03:19:00] [SUCCESS] bvid=BV13zX6BYEF7 已成功抓取全部所需数据。
[2026-04-04 03:19:08] [SUCCESS] bvid=BV14JXGBkE45 已成功抓取全部所需数据。
[2026-04-04 03:19:14] [SUCCESS] bvid=BV1K2X6BZEZL 已成功抓取全部所需数据。
[2026-04-04 03:19:22] [SUCCESS] bvid=BV1T2X6BZEBX 已成功抓取全部所需数据。
[2026-04-04 03:19:29] [SUCCESS] bvid=BV1xUX6B4E6d 已成功抓取全部所需数据。
[2026-04-04 03:19:36] [SUCCESS] bvid=BV1byX6BFE7M 已成功抓取全部所需数据。
[2026-04-04 03:19:43] [SUCCESS] bvid=BV1gyX6BFEcR 已成功抓取全部所需数据。
[2026-04-04 03:19:50] [SUCCESS] bvid=BV1MyX6BFEeR 已成功抓取全部所需数据。
[2026-04-04 03:19:58] [SUCCESS] bvid=BV1MyX6BFE6k 已成功抓取全部所需数据。
[2026-04-04 03:20:06] [SUCCESS] bvid=BV18yX6BFEH8 已成功抓取全部所需数据。
[2026-04-04 03:20:13] [SUCCESS] bvid=BV1MyX6BFEWL 已成功抓取全部所需数据。
[2026-04-04 03:20:20] [SUCCESS] bvid=BV1u1X6BbEEv 已成功抓取全部所需数据。
[2026-04-04 03:20:27] [SUCCESS] bvid=BV1LbX6BgESn 已成功抓取全部所需数据。
[2026-04-04 03:20:34] [SUCCESS] bvid=BV1bZXqBXEPm 已成功抓取全部所需数据。
[2026-04-04 03:20:41] [SUCCESS] bvid=BV1tBXoBMEMp 已成功抓取全部所需数据。
[2026-04-04 03:20:48] [SUCCESS] bvid=BV1L8X6BzEv9 已成功抓取全部所需数据。
[2026-04-04 03:20:55] [SUCCESS] bvid=BV17bX6BgEsK 已成功抓取全部所需数据。
[2026-04-04 03:21:02] [SUCCESS] bvid=BV1CkXpBqEoA 已成功抓取全部所需数据。
[2026-04-04 03:21:10] [SUCCESS] bvid=BV1pkXpBqEkB 已成功抓取全部所需数据。
[2026-04-04 03:21:17] [SUCCESS] bvid=BV1WkXpBqEL6 已成功抓取全部所需数据。
[2026-04-04 03:21:25] [SUCCESS] bvid=BV14XXYB6EQC 已成功抓取全部所需数据。
[2026-04-04 03:21:32] [SUCCESS] bvid=BV1AkXpBBE6z 已成功抓取全部所需数据。
[2026-04-04 03:21:39] [SUCCESS] bvid=BV1CkXpBqECw 已成功抓取全部所需数据。
[2026-04-04 03:21:46] [SUCCESS] bvid=BV1pkXpBqEdA 已成功抓取全部所需数据。
[2026-04-04 03:21:53] [SUCCESS] bvid=BV1pkXpBqEdp 已成功抓取全部所需数据。
[2026-04-04 03:22:00] [SUCCESS] bvid=BV1WkXpBqEbo 已成功抓取全部所需数据。
[2026-04-04 03:22:08] [SUCCESS] bvid=BV1vCXvBsEeJ 已成功抓取全部所需数据。
[2026-04-04 03:22:15] [SUCCESS] bvid=BV1c2XeBeErv 已成功抓取全部所需数据。
[2026-04-04 03:22:22] [SUCCESS] bvid=BV1NmXiBrEN2 已成功抓取全部所需数据。
[2026-04-04 03:22:29] [SUCCESS] bvid=BV1zYXYBsE2h 已成功抓取全部所需数据。
[2026-04-04 03:22:36] [SUCCESS] bvid=BV1TiQUByEvP 已成功抓取全部所需数据。
[2026-04-04 03:22:42] [SUCCESS] bvid=BV119Q1BeEYx 已成功抓取全部所需数据。
[2026-04-04 03:22:48] [SUCCESS] bvid=BV1tXXYB6EPK 已成功抓取全部所需数据。
[2026-04-04 03:22:55] [SUCCESS] bvid=BV1bFXBBHEFR 已成功抓取全部所需数据。
[2026-04-04 03:23:02] [SUCCESS] bvid=BV1z6XqBNEaT 已成功抓取全部所需数据。
[2026-04-04 03:23:08] [SUCCESS] bvid=BV1XNXvBnEDF 已成功抓取全部所需数据。
[2026-04-04 03:23:15] [SUCCESS] bvid=BV1J4XMBHEuo 已成功抓取全部所需数据。
[2026-04-04 03:23:22] [SUCCESS] bvid=BV1bmXhBKE5A 已成功抓取全部所需数据。
[2026-04-04 03:23:28] [SUCCESS] bvid=BV1yzXaBhE2t 已成功抓取全部所需数据。
[2026-04-04 03:23:34] [SUCCESS] bvid=BV1L8X6BzEMj 已成功抓取全部所需数据。
[2026-04-04 03:23:41] [SUCCESS] bvid=BV1ExX6BGELs 已成功抓取全部所需数据。
[2026-04-04 03:23:46] [SUCCESS] bvid=BV1Z4X6BrE9N 已成功抓取全部所需数据。
[2026-04-04 03:23:52] [SUCCESS] bvid=BV17xX6BGEui 已成功抓取全部所需数据。
[2026-04-04 03:23:57] [SUCCESS] bvid=BV1ViX6BvEBU 已成功抓取全部所需数据。
[2026-04-04 03:24:03] [SUCCESS] bvid=BV1qxX6BGE8d 已成功抓取全部所需数据。
[2026-04-04 03:24:09] [SUCCESS] bvid=BV174X6BrEA4 已成功抓取全部所需数据。
[2026-04-04 03:24:14] [SUCCESS] bvid=BV174X6BrEC1 已成功抓取全部所需数据。
[2026-04-04 03:24:20] [SUCCESS] bvid=BV15ZXaBEEuy 已成功抓取全部所需数据。
[2026-04-04 03:24:25] [SUCCESS] bvid=BV1j4X6BrEEz 已成功抓取全部所需数据。
[2026-04-04 03:24:31] [SUCCESS] bvid=BV174X6BrEia 已成功抓取全部所需数据。
[2026-04-04 03:24:36] [SUCCESS] bvid=BV1vvX6BKEFr 已成功抓取全部所需数据。
[2026-04-04 03:24:43] [SUCCESS] bvid=BV1GvX6BKEQB 已成功抓取全部所需数据。
[2026-04-04 03:24:49] [SUCCESS] bvid=BV1YiX6BvEkf 已成功抓取全部所需数据。
[2026-04-04 03:24:54] [SUCCESS] bvid=BV1jaX6BMEP6 已成功抓取全部所需数据。
[2026-04-04 03:25:00] [SUCCESS] bvid=BV1iaX6BMEiT 已成功抓取全部所需数据。
[2026-04-04 03:25:05] [SUCCESS] bvid=BV15YX6BqE6u 已成功抓取全部所需数据。
[2026-04-04 03:25:10] [SUCCESS] bvid=BV1VYX6BqEaD 已成功抓取全部所需数据。
[2026-04-04 03:25:16] [SUCCESS] bvid=BV1vYX6BqEs6 已成功抓取全部所需数据。
[2026-04-04 03:25:16] [INFO] 当前 batch_crawl 已完成，所有视频均已成功抓取。
[2026-04-04 03:25:16] 子任务结束时间：2026-04-04T03:25:16.212508
[TIMESTAMP][END] 2026-04-04T03:25:16
