[TIMESTAMP][BEGIN] 2026-04-04T02:40:38
[2026-04-04 02:40:40] 开始执行 CSV 批量抓取子任务 part_23。
[2026-04-04 02:40:40] 子任务开始时间：2026-04-04T02:40:38.003606
[2026-04-04 02:40:40] 输入文件：batch_input_23.csv
[2026-04-04 02:40:40] 输入唯一 bvid 数量：100
[2026-04-04 02:40:40] 为严格按 CSV 顺序判断连续失败阈值，本次任务自动将并发度从 2 调整为 1。
[2026-04-04 02:40:47] [SUCCESS] bvid=BV1rkXrBJEvZ 已成功抓取全部所需数据。
[2026-04-04 02:40:54] [SUCCESS] bvid=BV16kXrBJEka 已成功抓取全部所需数据。
[2026-04-04 02:41:01] [SUCCESS] bvid=BV1HnXkBWE6g 已成功抓取全部所需数据。
[2026-04-04 02:41:07] [SUCCESS] bvid=BV1FCXrBSEyD 已成功抓取全部所需数据。
[2026-04-04 02:41:15] [SUCCESS] bvid=BV1zCXrBUEUy 已成功抓取全部所需数据。
[2026-04-04 02:41:21] [SUCCESS] bvid=BV1cCXrBSEys 已成功抓取全部所需数据。
[2026-04-04 02:41:28] [SUCCESS] bvid=BV16CXrBUEMj 已成功抓取全部所需数据。
[2026-04-04 02:41:35] [SUCCESS] bvid=BV1rCXrBUEPB 已成功抓取全部所需数据。
[2026-04-04 02:41:42] [SUCCESS] bvid=BV1AzXrBpEew 已成功抓取全部所需数据。
[2026-04-04 02:41:49] [SUCCESS] bvid=BV1k6XrBDEfK 已成功抓取全部所需数据。
[2026-04-04 02:41:56] [SUCCESS] bvid=BV1r6XrBDExx 已成功抓取全部所需数据。
[2026-04-04 02:42:03] [SUCCESS] bvid=BV1zUXrBLE5s 已成功抓取全部所需数据。
[2026-04-04 02:42:10] [SUCCESS] bvid=BV166XrBDED7 已成功抓取全部所需数据。
[2026-04-04 02:42:17] [SUCCESS] bvid=BV1k6XrBDETS 已成功抓取全部所需数据。
[2026-04-04 02:42:24] [SUCCESS] bvid=BV1crXzBVEw9 已成功抓取全部所需数据。
[2026-04-04 02:42:31] [SUCCESS] bvid=BV1joXeBoEWw 已成功抓取全部所需数据。
[2026-04-04 02:42:38] [SUCCESS] bvid=BV114XzBQE2o 已成功抓取全部所需数据。
[2026-04-04 02:42:46] [SUCCESS] bvid=BV1YoXzBwEmF 已成功抓取全部所需数据。
[2026-04-04 02:42:52] [SUCCESS] bvid=BV1vDXzBKEmh 已成功抓取全部所需数据。
[2026-04-04 02:42:59] [SUCCESS] bvid=BV1VcXHB2Emr 已成功抓取全部所需数据。
[2026-04-04 02:43:06] [SUCCESS] bvid=BV1fUXrBLEkZ 已成功抓取全部所需数据。
[2026-04-04 02:43:13] [SUCCESS] bvid=BV1fUXrBLEnU 已成功抓取全部所需数据。
[2026-04-04 02:43:20] [SUCCESS] bvid=BV1BUXrBLE7b 已成功抓取全部所需数据。
[2026-04-04 02:43:27] [SUCCESS] bvid=BV1fUXrBLEFS 已成功抓取全部所需数据。
[2026-04-04 02:43:33] [SUCCESS] bvid=BV1qUXrBLELc 已成功抓取全部所需数据。
[2026-04-04 02:43:41] [SUCCESS] bvid=BV1qSXrByEHg 已成功抓取全部所需数据。
[2026-04-04 02:43:48] [SUCCESS] bvid=BV1z2XrB2EW5 已成功抓取全部所需数据。
[2026-04-04 02:43:55] [SUCCESS] bvid=BV161XrB7E4b 已成功抓取全部所需数据。
[2026-04-04 02:44:02] [SUCCESS] bvid=BV1BSXrBCEMA 已成功抓取全部所需数据。
[2026-04-04 02:44:08] [SUCCESS] bvid=BV1nWXkBHEbp 已成功抓取全部所需数据。
[2026-04-04 02:44:15] [SUCCESS] bvid=BV1rWXkBHEFY 已成功抓取全部所需数据。
[2026-04-04 02:44:21] [SUCCESS] bvid=BV1x8XzBDE2X 已成功抓取全部所需数据。
[2026-04-04 02:44:28] [SUCCESS] bvid=BV1DwX6BZEsP 已成功抓取全部所需数据。
[2026-04-04 02:44:35] [SUCCESS] bvid=BV1CaXzBEEEx 已成功抓取全部所需数据。
[2026-04-04 02:54:40] [ERROR] bvid=BV1GLXzBcEVa 抓取失败：stat: Timeout of 600.0s exceeded, last exception: HTTPSConnectionPool(host='bigquery.googleapis.com', port=443): Max retries exceeded with url: /bigquery/v2/projects/bilibili-m2s2vp-research/datasets/bili_video_stream_data_test_2?prettyPrint=false (Caused by ProxyError('Unable to connect to proxy', RemoteDisconnected('Remote end closed connection without response')))
[2026-04-04 02:54:47] [SUCCESS] bvid=BV1z1XrB7EvJ 已成功抓取全部所需数据。
[2026-04-04 02:54:53] [SUCCESS] bvid=BV1q1XzBzEnm 已成功抓取全部所需数据。
[2026-04-04 02:54:58] [SUCCESS] bvid=BV1WEXkBREC1 已成功抓取全部所需数据。
[2026-04-04 02:55:04] [SUCCESS] bvid=BV1wpXHBaEeZ 已成功抓取全部所需数据。
[2026-04-04 02:55:10] [SUCCESS] bvid=BV18wX6BZEyE 已成功抓取全部所需数据。
[2026-04-04 02:55:15] [SUCCESS] bvid=BV1CnXkBWE4a 已成功抓取全部所需数据。
[2026-04-04 02:55:21] [SUCCESS] bvid=BV1pEXkBREBY 已成功抓取全部所需数据。
[2026-04-04 02:55:26] [SUCCESS] bvid=BV1AEXkBdEzJ 已成功抓取全部所需数据。
[2026-04-04 02:55:32] [SUCCESS] bvid=BV1YjXzB8ELf 已成功抓取全部所需数据。
[2026-04-04 02:55:38] [SUCCESS] bvid=BV1PEXkBdEHN 已成功抓取全部所需数据。
[2026-04-04 02:55:44] [SUCCESS] bvid=BV1WnXkBWEcQ 已成功抓取全部所需数据。
[2026-04-04 02:55:52] [SUCCESS] bvid=BV1wnXkBsEKC 已成功抓取全部所需数据。
[2026-04-04 02:55:58] [SUCCESS] bvid=BV1rHXkBXEf5 已成功抓取全部所需数据。
[2026-04-04 02:56:05] [SUCCESS] bvid=BV1nLXBB3EnB 已成功抓取全部所需数据。
[2026-04-04 02:56:12] [SUCCESS] bvid=BV1zkXzBrEx6 已成功抓取全部所需数据。
[2026-04-04 02:56:18] [SUCCESS] bvid=BV1gTXkBPEYW 已成功抓取全部所需数据。
[2026-04-04 02:56:24] [SUCCESS] bvid=BV1WLXkBoEUa 已成功抓取全部所需数据。
[2026-04-04 02:56:30] [SUCCESS] bvid=BV11LXkBoERR 已成功抓取全部所需数据。
[2026-04-04 02:56:36] [SUCCESS] bvid=BV1WLXkBoEUn 已成功抓取全部所需数据。
[2026-04-04 02:56:42] [SUCCESS] bvid=BV1yLXkBoEWY 已成功抓取全部所需数据。
[2026-04-04 02:56:48] [SUCCESS] bvid=BV1W7XkBxE8v 已成功抓取全部所需数据。
[2026-04-04 02:56:53] [SUCCESS] bvid=BV164XkBJELF 已成功抓取全部所需数据。
[2026-04-04 02:56:59] [SUCCESS] bvid=BV1hFX6BFECi 已成功抓取全部所需数据。
[2026-04-04 02:57:04] [SUCCESS] bvid=BV1nuXeBfE55 已成功抓取全部所需数据。
[2026-04-04 02:57:10] [SUCCESS] bvid=BV1LrXvBoEvM 已成功抓取全部所需数据。
[2026-04-04 02:57:16] [SUCCESS] bvid=BV1AiXzB2ELe 已成功抓取全部所需数据。
[2026-04-04 02:57:16] [ERROR] bvid=BV1vQXzBiEmW 抓取失败：stat: 接口返回错误代码：62012，信息：62012。
{'code': 62012, 'message': '62012', 'ttl': 1} | comment: 接口返回错误代码：62012，信息：62012。
{'code': 62012, 'message': '62012', 'ttl': 1}
[2026-04-04 02:57:22] [SUCCESS] bvid=BV1tvXoBgEP5 已成功抓取全部所需数据。
[2026-04-04 02:57:28] [SUCCESS] bvid=BV1YBX6BPEMB 已成功抓取全部所需数据。
[2026-04-04 02:57:34] [SUCCESS] bvid=BV14NX6BdEbG 已成功抓取全部所需数据。
[2026-04-04 02:57:41] [SUCCESS] bvid=BV1ysXvBqEqK 已成功抓取全部所需数据。
[2026-04-04 02:57:48] [SUCCESS] bvid=BV1JWwRzVEzQ 已成功抓取全部所需数据。
[2026-04-04 02:57:55] [SUCCESS] bvid=BV1WPXeBAESW 已成功抓取全部所需数据。
[2026-04-04 02:58:02] [SUCCESS] bvid=BV1VoXzBAETL 已成功抓取全部所需数据。
[2026-04-04 02:58:08] [SUCCESS] bvid=BV1DZXzBhEZH 已成功抓取全部所需数据。
[2026-04-04 02:58:16] [SUCCESS] bvid=BV1ScX6BbExS 已成功抓取全部所需数据。
[2026-04-04 02:58:22] [SUCCESS] bvid=BV13LXzBcEkU 已成功抓取全部所需数据。
[2026-04-04 02:58:29] [SUCCESS] bvid=BV1W5X6BSEU6 已成功抓取全部所需数据。
[2026-04-04 02:58:36] [SUCCESS] bvid=BV1H7X6BmE7j 已成功抓取全部所需数据。
[2026-04-04 02:58:43] [SUCCESS] bvid=BV1rvXzBjEdg 已成功抓取全部所需数据。
[2026-04-04 02:58:50] [SUCCESS] bvid=BV1wBXzBLEXh 已成功抓取全部所需数据。
[2026-04-04 02:58:57] [SUCCESS] bvid=BV1i8XhBmESv 已成功抓取全部所需数据。
[2026-04-04 02:59:03] [SUCCESS] bvid=BV1qbX6BgEro 已成功抓取全部所需数据。
[2026-04-04 02:59:10] [SUCCESS] bvid=BV1c7X6BUE6w 已成功抓取全部所需数据。
[2026-04-04 02:59:17] [SUCCESS] bvid=BV1s7XkBxEV3 已成功抓取全部所需数据。
[2026-04-04 02:59:24] [SUCCESS] bvid=BV1DFX6BFEZo 已成功抓取全部所需数据。
[2026-04-04 02:59:31] [SUCCESS] bvid=BV16sXkBDEfZ 已成功抓取全部所需数据。
[2026-04-04 02:59:38] [SUCCESS] bvid=BV164XkBJEXh 已成功抓取全部所需数据。
[2026-04-04 02:59:45] [SUCCESS] bvid=BV1bTXkBPE9q 已成功抓取全部所需数据。
[2026-04-04 02:59:52] [SUCCESS] bvid=BV1tMXkBaES3 已成功抓取全部所需数据。
[2026-04-04 02:59:59] [SUCCESS] bvid=BV1z4XkBJEzk 已成功抓取全部所需数据。
[2026-04-04 03:00:05] [SUCCESS] bvid=BV1HHXkBXE68 已成功抓取全部所需数据。
[2026-04-04 03:00:12] [SUCCESS] bvid=BV1kHXkBXEit 已成功抓取全部所需数据。
[2026-04-04 03:00:18] [SUCCESS] bvid=BV1rWXkBHEoQ 已成功抓取全部所需数据。
[2026-04-04 03:00:25] [SUCCESS] bvid=BV1mUX6B4Ezr 已成功抓取全部所需数据。
[2026-04-04 03:00:32] [SUCCESS] bvid=BV1nWXkBHE3H 已成功抓取全部所需数据。
[2026-04-04 03:00:39] [SUCCESS] bvid=BV18TXkBAEFX 已成功抓取全部所需数据。
[2026-04-04 03:00:46] [SUCCESS] bvid=BV1nWXkBHE3j 已成功抓取全部所需数据。
[2026-04-04 03:00:52] [SUCCESS] bvid=BV1uTXkBPEJy 已成功抓取全部所需数据。
[2026-04-04 03:00:59] [SUCCESS] bvid=BV1UTXkBAERb 已成功抓取全部所需数据。
[2026-04-04 03:01:06] [SUCCESS] bvid=BV1UMXkBaELq 已成功抓取全部所需数据。
[2026-04-04 03:01:13] [SUCCESS] bvid=BV1tMXkBaEb2 已成功抓取全部所需数据。
[2026-04-04 03:01:24] [SUCCESS] bvid=BV1QPXkBNEiR 已成功抓取全部所需数据。
[2026-04-04 03:01:30] [SUCCESS] bvid=BV1hNXkBeEM4 已成功抓取全部所需数据。
[2026-04-04 03:01:41] [SUCCESS] bvid=BV18NXkBeEgd 已成功抓取全部所需数据。
[2026-04-04 03:01:41] [WARN] 当前子任务已结束，但仍有未成功抓取的视频，已导出 remaining CSV 供继续执行。
[2026-04-04 03:01:41] [INFO] 已导出剔除成功条目后的剩余 CSV：D:\Schoolworks\Thesis\Bilibili-Datahub\outputs\video_data\manual_crawls\manual_crawl_stat_comment_20260403_212256\remaining_bvids_part_23.csv
[2026-04-04 03:01:41] 子任务结束时间：2026-04-04T03:01:41.289323
[TIMESTAMP][END] 2026-04-04T03:01:41
