[TIMESTAMP][BEGIN] 2026-04-03T23:17:04
[2026-04-03 23:17:07] 开始执行 CSV 批量抓取子任务 part_10。
[2026-04-03 23:17:07] 子任务开始时间：2026-04-03T23:17:04.457061
[2026-04-03 23:17:07] 输入文件：batch_input_10.csv
[2026-04-03 23:17:07] 输入唯一 bvid 数量：100
[2026-04-03 23:17:07] 为严格按 CSV 顺序判断连续失败阈值，本次任务自动将并发度从 2 调整为 1。
[2026-04-03 23:17:14] [SUCCESS] bvid=BV1TH9nBMEzD 已成功抓取全部所需数据。
[2026-04-03 23:17:22] [SUCCESS] bvid=BV1pF97BREyi 已成功抓取全部所需数据。
[2026-04-03 23:17:28] [SUCCESS] bvid=BV1ro9HBwEGv 已成功抓取全部所需数据。
[2026-04-03 23:17:35] [SUCCESS] bvid=BV1Wa9pBMEAr 已成功抓取全部所需数据。
[2026-04-03 23:17:42] [SUCCESS] bvid=BV1bp9pB5E85 已成功抓取全部所需数据。
[2026-04-03 23:17:49] [SUCCESS] bvid=BV1Sv9JBBEj6 已成功抓取全部所需数据。
[2026-04-03 23:17:56] [SUCCESS] bvid=BV18L9nB3ETM 已成功抓取全部所需数据。
[2026-04-03 23:18:03] [SUCCESS] bvid=BV16Q9JBoEWC 已成功抓取全部所需数据。
[2026-04-03 23:18:10] [SUCCESS] bvid=BV14J9nBBEZ9 已成功抓取全部所需数据。
[2026-04-03 23:18:17] [SUCCESS] bvid=BV12J9nBBES9 已成功抓取全部所需数据。
[2026-04-03 23:18:24] [SUCCESS] bvid=BV18j9nB6ELi 已成功抓取全部所需数据。
[2026-04-03 23:18:30] [SUCCESS] bvid=BV1sx9nBeEJ8 已成功抓取全部所需数据。
[2026-04-03 23:18:37] [SUCCESS] bvid=BV1xp9nBiE2E 已成功抓取全部所需数据。
[2026-04-03 23:18:44] [SUCCESS] bvid=BV1So9nBVEgX 已成功抓取全部所需数据。
[2026-04-03 23:18:52] [SUCCESS] bvid=BV14p9nBiEkb 已成功抓取全部所需数据。
[2026-04-03 23:18:59] [SUCCESS] bvid=BV1go9nBVE9S 已成功抓取全部所需数据。
[2026-04-03 23:19:06] [SUCCESS] bvid=BV1h99nBLEtX 已成功抓取全部所需数据。
[2026-04-03 23:19:12] [SUCCESS] bvid=BV1a99nBLE7p 已成功抓取全部所需数据。
[2026-04-03 23:19:19] [SUCCESS] bvid=BV1uF9HB3EsB 已成功抓取全部所需数据。
[2026-04-03 23:19:26] [SUCCESS] bvid=BV1Kc9HB6EoQ 已成功抓取全部所需数据。
[2026-04-03 23:19:33] [SUCCESS] bvid=BV1jy9nBHE75 已成功抓取全部所需数据。
[2026-04-03 23:19:40] [SUCCESS] bvid=BV1Br9nBWEws 已成功抓取全部所需数据。
[2026-04-03 23:19:46] [SUCCESS] bvid=BV1VD9nB7EpU 已成功抓取全部所需数据。
[2026-04-03 23:19:53] [SUCCESS] bvid=BV1VD9nB7EpL 已成功抓取全部所需数据。
[2026-04-03 23:20:00] [SUCCESS] bvid=BV1aD9nB7Ewr 已成功抓取全部所需数据。
[2026-04-03 23:20:07] [SUCCESS] bvid=BV1Lm9nBnELF 已成功抓取全部所需数据。
[2026-04-03 23:20:14] [SUCCESS] bvid=BV1VU9nBUEfR 已成功抓取全部所需数据。
[2026-04-03 23:20:21] [SUCCESS] bvid=BV1Rp9JB2E7q 已成功抓取全部所需数据。
[2026-04-03 23:20:28] [SUCCESS] bvid=BV1c8XWBvErC 已成功抓取全部所需数据。
[2026-04-03 23:20:35] [SUCCESS] bvid=BV1VU9nBUENP 已成功抓取全部所需数据。
[2026-04-03 23:20:42] [SUCCESS] bvid=BV1VU9nBUEcm 已成功抓取全部所需数据。
[2026-04-03 23:20:48] [SUCCESS] bvid=BV1GU9nBUEj1 已成功抓取全部所需数据。
[2026-04-03 23:20:55] [SUCCESS] bvid=BV1QK9EBzE4u 已成功抓取全部所需数据。
[2026-04-03 23:21:02] [SUCCESS] bvid=BV1eN9EBgEw3 已成功抓取全部所需数据。
[2026-04-03 23:21:08] [SUCCESS] bvid=BV1YK9EBzELV 已成功抓取全部所需数据。
[2026-04-03 23:21:16] [SUCCESS] bvid=BV1YA9EBrEkf 已成功抓取全部所需数据。
[2026-04-03 23:21:22] [SUCCESS] bvid=BV1S39EBKEMp 已成功抓取全部所需数据。
[2026-04-03 23:21:29] [SUCCESS] bvid=BV18G9EBvECj 已成功抓取全部所需数据。
[2026-04-03 23:21:36] [SUCCESS] bvid=BV1Du9EBqErh 已成功抓取全部所需数据。
[2026-04-03 23:21:43] [SUCCESS] bvid=BV1hu9EBqEby 已成功抓取全部所需数据。
[2026-04-03 23:21:50] [SUCCESS] bvid=BV1fX97BEESx 已成功抓取全部所需数据。
[2026-04-03 23:21:56] [SUCCESS] bvid=BV1fX97BEEBS 已成功抓取全部所需数据。
[2026-04-03 23:22:03] [SUCCESS] bvid=BV13kXkBuES7 已成功抓取全部所需数据。
[2026-04-03 23:22:09] [SUCCESS] bvid=BV1q997BmEvE 已成功抓取全部所需数据。
[2026-04-03 23:22:16] [SUCCESS] bvid=BV1f997BmET4 已成功抓取全部所需数据。
[2026-04-03 23:22:22] [SUCCESS] bvid=BV1HS97BHENh 已成功抓取全部所需数据。
[2026-04-03 23:22:29] [SUCCESS] bvid=BV1zD97BSEgi 已成功抓取全部所需数据。
[2026-04-03 23:22:36] [SUCCESS] bvid=BV16D97BSE2c 已成功抓取全部所需数据。
[2026-04-03 23:22:43] [SUCCESS] bvid=BV1qf97B5Ew6 已成功抓取全部所需数据。
[2026-04-03 23:22:50] [SUCCESS] bvid=BV1if97B5Ey5 已成功抓取全部所需数据。
[2026-04-03 23:22:57] [SUCCESS] bvid=BV1969jBBEwj 已成功抓取全部所需数据。
[2026-04-03 23:23:03] [SUCCESS] bvid=BV1qd97BjErB 已成功抓取全部所需数据。
[2026-04-03 23:23:10] [SUCCESS] bvid=BV1qd97BjEZ3 已成功抓取全部所需数据。
[2026-04-03 23:23:16] [SUCCESS] bvid=BV1qd97BjEAC 已成功抓取全部所需数据。
[2026-04-03 23:23:23] [SUCCESS] bvid=BV1do97B1ESw 已成功抓取全部所需数据。
[2026-04-03 23:23:29] [SUCCESS] bvid=BV17o97B2EQg 已成功抓取全部所需数据。
[2026-04-03 23:23:36] [SUCCESS] bvid=BV1Jh9EBpEB2 已成功抓取全部所需数据。
[2026-04-03 23:23:42] [SUCCESS] bvid=BV1qo97B1E9W 已成功抓取全部所需数据。
[2026-04-03 23:23:49] [SUCCESS] bvid=BV1Jb9EB9Eqc 已成功抓取全部所需数据。
[2026-04-03 23:23:56] [SUCCESS] bvid=BV1wb9EBREtq 已成功抓取全部所需数据。
[2026-04-03 23:24:02] [SUCCESS] bvid=BV1nh9EBpExt 已成功抓取全部所需数据。
[2026-04-03 23:24:09] [SUCCESS] bvid=BV1rx9EBdEeH 已成功抓取全部所需数据。
[2026-04-03 23:24:16] [SUCCESS] bvid=BV1Hh9EBWET3 已成功抓取全部所需数据。
[2026-04-03 23:24:23] [SUCCESS] bvid=BV1Ev9EBSE2M 已成功抓取全部所需数据。
[2026-04-03 23:24:29] [SUCCESS] bvid=BV1px9EBdEZ3 已成功抓取全部所需数据。
[2026-04-03 23:24:36] [SUCCESS] bvid=BV1px9EBdEps 已成功抓取全部所需数据。
[2026-04-03 23:24:43] [SUCCESS] bvid=BV1iq9EBEEo4 已成功抓取全部所需数据。
[2026-04-03 23:24:50] [SUCCESS] bvid=BV17q9EBEEah 已成功抓取全部所需数据。
[2026-04-03 23:24:56] [SUCCESS] bvid=BV1za9EBQEYY 已成功抓取全部所需数据。
[2026-04-03 23:25:03] [SUCCESS] bvid=BV17q9EBEEJj 已成功抓取全部所需数据。
[2026-04-03 23:25:10] [SUCCESS] bvid=BV1Je9EBnE3i 已成功抓取全部所需数据。
[2026-04-03 23:25:16] [SUCCESS] bvid=BV1Ee9EBnEG7 已成功抓取全部所需数据。
[2026-04-03 23:25:22] [SUCCESS] bvid=BV1t79EBwEK5 已成功抓取全部所需数据。
[2026-04-03 23:25:29] [SUCCESS] bvid=BV1479EBwETZ 已成功抓取全部所需数据。
[2026-04-03 23:25:35] [SUCCESS] bvid=BV1TE9EBaETW 已成功抓取全部所需数据。
[2026-04-03 23:25:42] [SUCCESS] bvid=BV1UL9EBYEAT 已成功抓取全部所需数据。
[2026-04-03 23:25:48] [SUCCESS] bvid=BV1tL9EBYEXj 已成功抓取全部所需数据。
[2026-04-03 23:25:55] [SUCCESS] bvid=BV1h29jBeELH 已成功抓取全部所需数据。
[2026-04-03 23:26:02] [SUCCESS] bvid=BV1w8XWBvELz 已成功抓取全部所需数据。
[2026-04-03 23:26:09] [SUCCESS] bvid=BV18U9jBAELX 已成功抓取全部所需数据。
[2026-04-03 23:26:16] [SUCCESS] bvid=BV1bM9jB8Eh1 已成功抓取全部所需数据。
[2026-04-03 23:26:23] [SUCCESS] bvid=BV1mL9EBYEWW 已成功抓取全部所需数据。
[2026-04-03 23:26:30] [SUCCESS] bvid=BV1mL9EBYEXs 已成功抓取全部所需数据。
[2026-04-03 23:26:36] [SUCCESS] bvid=BV1Np9EBfEH1 已成功抓取全部所需数据。
[2026-04-03 23:26:43] [SUCCESS] bvid=BV1sp9EBZErR 已成功抓取全部所需数据。
[2026-04-03 23:26:50] [SUCCESS] bvid=BV1yp9EBZEwm 已成功抓取全部所需数据。
[2026-04-03 23:26:56] [SUCCESS] bvid=BV11n9EBFE9n 已成功抓取全部所需数据。
[2026-04-03 23:27:02] [SUCCESS] bvid=BV1Ps9EBtE2f 已成功抓取全部所需数据。
[2026-04-03 23:27:08] [SUCCESS] bvid=BV1xn9EBFE52 已成功抓取全部所需数据。
[2026-04-03 23:27:14] [SUCCESS] bvid=BV1M99EBqEfn 已成功抓取全部所需数据。
[2026-04-03 23:27:20] [SUCCESS] bvid=BV1yH9EBbEZw 已成功抓取全部所需数据。
[2026-04-03 23:27:26] [SUCCESS] bvid=BV1Nn9EBcEsK 已成功抓取全部所需数据。
[2026-04-03 23:27:33] [SUCCESS] bvid=BV1899EBqEnL 已成功抓取全部所需数据。
[2026-04-03 23:27:40] [SUCCESS] bvid=BV1u99EBqEQZ 已成功抓取全部所需数据。
[2026-04-03 23:27:47] [SUCCESS] bvid=BV1899EBqEEW 已成功抓取全部所需数据。
[2026-04-03 23:27:53] [SUCCESS] bvid=BV1b99EBqE91 已成功抓取全部所需数据。
[2026-04-03 23:28:00] [SUCCESS] bvid=BV1bd9EBKEkm 已成功抓取全部所需数据。
[2026-04-03 23:28:08] [SUCCESS] bvid=BV1hX9EBMEc4 已成功抓取全部所需数据。
[2026-04-03 23:28:14] [SUCCESS] bvid=BV1DD9EBzEJF 已成功抓取全部所需数据。
[2026-04-03 23:28:21] [SUCCESS] bvid=BV13X9EBMEAL 已成功抓取全部所需数据。
[2026-04-03 23:28:21] [INFO] 当前 batch_crawl 已完成，所有视频均已成功抓取。
[2026-04-03 23:28:21] 子任务结束时间：2026-04-03T23:28:21.836044
[TIMESTAMP][END] 2026-04-03T23:28:21
