[TIMESTAMP][BEGIN] 2026-04-04T01:20:29
[2026-04-04 01:20:33] 开始执行 CSV 批量抓取子任务 part_17。
[2026-04-04 01:20:33] 子任务开始时间：2026-04-04T01:20:29.790245
[2026-04-04 01:20:33] 输入文件：batch_input_17.csv
[2026-04-04 01:20:33] 输入唯一 bvid 数量：100
[2026-04-04 01:20:33] 为严格按 CSV 顺序判断连续失败阈值，本次任务自动将并发度从 2 调整为 1。
[2026-04-04 01:20:41] [SUCCESS] bvid=BV1Qp9LBcEhh 已成功抓取全部所需数据。
[2026-04-04 01:20:49] [SUCCESS] bvid=BV1Qp9LBcENw 已成功抓取全部所需数据。
[2026-04-04 01:20:57] [SUCCESS] bvid=BV1Mh9LBdEiz 已成功抓取全部所需数据。
[2026-04-04 01:21:04] [SUCCESS] bvid=BV16U9LBVEAg 已成功抓取全部所需数据。
[2026-04-04 01:21:12] [SUCCESS] bvid=BV1hWXEBPEwM 已成功抓取全部所需数据。
[2026-04-04 01:21:20] [SUCCESS] bvid=BV1hT9jBcE5E 已成功抓取全部所需数据。
[2026-04-04 01:21:28] [SUCCESS] bvid=BV1p5X6BSEvB 已成功抓取全部所需数据。
[2026-04-04 01:21:36] [SUCCESS] bvid=BV1KY9LBsETh 已成功抓取全部所需数据。
[2026-04-04 01:21:44] [SUCCESS] bvid=BV1TY9LBsExD 已成功抓取全部所需数据。
[2026-04-04 01:21:52] [SUCCESS] bvid=BV14Y9LBsEjN 已成功抓取全部所需数据。
[2026-04-04 01:22:01] [SUCCESS] bvid=BV1gB9GBWENQ 已成功抓取全部所需数据。
[2026-04-04 01:22:09] [SUCCESS] bvid=BV1TY9LBsE2M 已成功抓取全部所需数据。
[2026-04-04 01:22:17] [SUCCESS] bvid=BV1tt9LBZEE1 已成功抓取全部所需数据。
[2026-04-04 01:22:25] [SUCCESS] bvid=BV1St9LBoEAo 已成功抓取全部所需数据。
[2026-04-04 01:22:33] [SUCCESS] bvid=BV1M89LB4E6i 已成功抓取全部所需数据。
[2026-04-04 01:22:41] [SUCCESS] bvid=BV11x93BkEnq 已成功抓取全部所需数据。
[2026-04-04 01:22:48] [SUCCESS] bvid=BV1KSX6BdEU3 已成功抓取全部所需数据。
[2026-04-04 01:22:56] [SUCCESS] bvid=BV1GY9GBoEDH 已成功抓取全部所需数据。
[2026-04-04 01:23:04] [SUCCESS] bvid=BV1Ex95BgE1b 已成功抓取全部所需数据。
[2026-04-04 01:23:13] [SUCCESS] bvid=BV1dVXrBuE49 已成功抓取全部所需数据。
[2026-04-04 01:23:21] [SUCCESS] bvid=BV1Cv9VB5EFA 已成功抓取全部所需数据。
[2026-04-04 01:23:29] [SUCCESS] bvid=BV11YXrBxEkm 已成功抓取全部所需数据。
[2026-04-04 01:23:37] [SUCCESS] bvid=BV1M89LB4Epq 已成功抓取全部所需数据。
[2026-04-04 01:23:44] [SUCCESS] bvid=BV1U89LBxEbF 已成功抓取全部所需数据。
[2026-04-04 01:23:51] [SUCCESS] bvid=BV1m89LBxEbi 已成功抓取全部所需数据。
[2026-04-04 01:24:00] [SUCCESS] bvid=BV1ifXCBjEFd 已成功抓取全部所需数据。
[2026-04-04 01:24:07] [SUCCESS] bvid=BV1ew9jBvEPm 已成功抓取全部所需数据。
[2026-04-04 01:24:15] [SUCCESS] bvid=BV1Yw9jBeE5d 已成功抓取全部所需数据。
[2026-04-04 01:24:23] [SUCCESS] bvid=BV1aP9jBAEHe 已成功抓取全部所需数据。
[2026-04-04 01:24:31] [SUCCESS] bvid=BV1Bm9VBKEjo 已成功抓取全部所需数据。
[2026-04-04 01:24:39] [SUCCESS] bvid=BV1hP9jBAER9 已成功抓取全部所需数据。
[2026-04-04 01:24:46] [SUCCESS] bvid=BV1hP9jBAEmA 已成功抓取全部所需数据。
[2026-04-04 01:24:54] [SUCCESS] bvid=BV1ef9LBiE6H 已成功抓取全部所需数据。
[2026-04-04 01:25:02] [SUCCESS] bvid=BV1ef9LBiEkK 已成功抓取全部所需数据。
[2026-04-04 01:25:10] [SUCCESS] bvid=BV1Vf9LBqEhp 已成功抓取全部所需数据。
[2026-04-04 01:25:17] [SUCCESS] bvid=BV1ac9jBNEjW 已成功抓取全部所需数据。
[2026-04-04 01:25:25] [SUCCESS] bvid=BV1ST9jBcEpM 已成功抓取全部所需数据。
[2026-04-04 01:25:32] [SUCCESS] bvid=BV1meXCBYEpg 已成功抓取全部所需数据。
[2026-04-04 01:25:40] [SUCCESS] bvid=BV1ec9jBNEhP 已成功抓取全部所需数据。
[2026-04-04 01:25:47] [SUCCESS] bvid=BV1bM9jB8Eo9 已成功抓取全部所需数据。
[2026-04-04 01:25:56] [SUCCESS] bvid=BV1bM9jB8EVE 已成功抓取全部所需数据。
[2026-04-04 01:26:04] [SUCCESS] bvid=BV18M9jB8EHv 已成功抓取全部所需数据。
[2026-04-04 01:26:11] [SUCCESS] bvid=BV18M9jB8Et1 已成功抓取全部所需数据。
[2026-04-04 01:26:20] [SUCCESS] bvid=BV1Ho9GB3E49 已成功抓取全部所需数据。
[2026-04-04 01:26:27] [SUCCESS] bvid=BV1VqXkBkEDY 已成功抓取全部所需数据。
[2026-04-04 01:26:35] [SUCCESS] bvid=BV1mu9jBfExb 已成功抓取全部所需数据。
[2026-04-04 01:26:43] [SUCCESS] bvid=BV18u9jBfEwD 已成功抓取全部所需数据。
[2026-04-04 01:26:50] [SUCCESS] bvid=BV1Su9jBfEha 已成功抓取全部所需数据。
[2026-04-04 01:26:58] [SUCCESS] bvid=BV1bu9jBfEh9 已成功抓取全部所需数据。
[2026-04-04 01:27:05] [SUCCESS] bvid=BV18N9jBaEDQ 已成功抓取全部所需数据。
[2026-04-04 01:27:13] [SUCCESS] bvid=BV1gN9jBYEZU 已成功抓取全部所需数据。
[2026-04-04 01:27:20] [SUCCESS] bvid=BV14gXkBcEUP 已成功抓取全部所需数据。
[2026-04-04 01:27:28] [SUCCESS] bvid=BV1REXCBCEHB 已成功抓取全部所需数据。
[2026-04-04 01:27:36] [SUCCESS] bvid=BV1gp9VBWE8o 已成功抓取全部所需数据。
[2026-04-04 01:27:45] [SUCCESS] bvid=BV1YcXkBTEcM 已成功抓取全部所需数据。
[2026-04-04 01:27:53] [SUCCESS] bvid=BV1uNX9BPEkL 已成功抓取全部所需数据。
[2026-04-04 01:28:00] [SUCCESS] bvid=BV1DN9jBaEBE 已成功抓取全部所需数据。
[2026-04-04 01:28:07] [SUCCESS] bvid=BV1aN9jBaEcQ 已成功抓取全部所需数据。
[2026-04-04 01:28:15] [SUCCESS] bvid=BV1QN9jBaETX 已成功抓取全部所需数据。
[2026-04-04 01:28:22] [SUCCESS] bvid=BV1DN9jBaELw 已成功抓取全部所需数据。
[2026-04-04 01:28:29] [SUCCESS] bvid=BV1hT9jBcEx3 已成功抓取全部所需数据。
[2026-04-04 01:28:37] [SUCCESS] bvid=BV18T9jBcEcL 已成功抓取全部所需数据。
[2026-04-04 01:28:44] [SUCCESS] bvid=BV1hT9jBcEui 已成功抓取全部所需数据。
[2026-04-04 01:28:51] [SUCCESS] bvid=BV1hT9jBcEMy 已成功抓取全部所需数据。
[2026-04-04 01:28:58] [SUCCESS] bvid=BV1bT9jBcERf 已成功抓取全部所需数据。
[2026-04-04 01:29:06] [SUCCESS] bvid=BV1zS9LBkEnM 已成功抓取全部所需数据。
[2026-04-04 01:29:13] [SUCCESS] bvid=BV1zS9LBkEJm 已成功抓取全部所需数据。
[2026-04-04 01:29:20] [SUCCESS] bvid=BV1ZS9LBkEBx 已成功抓取全部所需数据。
[2026-04-04 01:29:27] [SUCCESS] bvid=BV1BS9LBkEMo 已成功抓取全部所需数据。
[2026-04-04 01:29:35] [SUCCESS] bvid=BV1jQ9LBGEYG 已成功抓取全部所需数据。
[2026-04-04 01:29:42] [SUCCESS] bvid=BV1EQ9LBGEAy 已成功抓取全部所需数据。
[2026-04-04 01:29:50] [SUCCESS] bvid=BV1iQ9LB3EqE 已成功抓取全部所需数据。
[2026-04-04 01:29:58] [SUCCESS] bvid=BV1629LByEYp 已成功抓取全部所需数据。
[2026-04-04 01:30:06] [SUCCESS] bvid=BV1F29LB1E9T 已成功抓取全部所需数据。
[2026-04-04 01:30:13] [SUCCESS] bvid=BV1629LByEip 已成功抓取全部所需数据。
[2026-04-04 01:30:21] [SUCCESS] bvid=BV1fU9LBVEYA 已成功抓取全部所需数据。
[2026-04-04 01:30:28] [SUCCESS] bvid=BV1zU9LBVEQ3 已成功抓取全部所需数据。
[2026-04-04 01:30:36] [SUCCESS] bvid=BV1id9LBBEPX 已成功抓取全部所需数据。
[2026-04-04 01:30:43] [SUCCESS] bvid=BV1Rd9LBBEQY 已成功抓取全部所需数据。
[2026-04-04 01:30:50] [SUCCESS] bvid=BV1id9LBBEMo 已成功抓取全部所需数据。
[2026-04-04 01:30:58] [SUCCESS] bvid=BV1Rd9LBBEpz 已成功抓取全部所需数据。
[2026-04-04 01:31:05] [SUCCESS] bvid=BV1KLXkBZENH 已成功抓取全部所需数据。
[2026-04-04 01:31:12] [SUCCESS] bvid=BV1sG9GB3Egh 已成功抓取全部所需数据。
[2026-04-04 01:31:19] [SUCCESS] bvid=BV1K4XzBXEYc 已成功抓取全部所需数据。
[2026-04-04 01:31:26] [SUCCESS] bvid=BV1k6XrBDE7U 已成功抓取全部所需数据。
[2026-04-04 01:31:33] [SUCCESS] bvid=BV1eZ9LBTEUA 已成功抓取全部所需数据。
[2026-04-04 01:31:40] [SUCCESS] bvid=BV1qX9LB6EH2 已成功抓取全部所需数据。
[2026-04-04 01:31:47] [SUCCESS] bvid=BV1ZX9LB6EpK 已成功抓取全部所需数据。
[2026-04-04 01:31:54] [SUCCESS] bvid=BV1LR9LBgECn 已成功抓取全部所需数据。
[2026-04-04 01:32:01] [SUCCESS] bvid=BV1dg9VBhEXf 已成功抓取全部所需数据。
[2026-04-04 01:32:09] [SUCCESS] bvid=BV1LG9VBcE8W 已成功抓取全部所需数据。
[2026-04-04 01:32:16] [SUCCESS] bvid=BV1RG9VBFEKY 已成功抓取全部所需数据。
[2026-04-04 01:32:23] [SUCCESS] bvid=BV1rjXBB6ETM 已成功抓取全部所需数据。
[2026-04-04 01:32:31] [SUCCESS] bvid=BV1bx9VBHEsy 已成功抓取全部所需数据。
[2026-04-04 01:32:38] [SUCCESS] bvid=BV1dT9VBYEQz 已成功抓取全部所需数据。
[2026-04-04 01:32:46] [SUCCESS] bvid=BV1VnXCBVE8F 已成功抓取全部所需数据。
[2026-04-04 01:32:54] [SUCCESS] bvid=BV1ZT9VBYEJ4 已成功抓取全部所需数据。
[2026-04-04 01:33:01] [SUCCESS] bvid=BV1oT9VBYEoU 已成功抓取全部所需数据。
[2026-04-04 01:33:09] [SUCCESS] bvid=BV1ZT9VBYEjw 已成功抓取全部所需数据。
[2026-04-04 01:33:16] [SUCCESS] bvid=BV17T9VBeEcp 已成功抓取全部所需数据。
[2026-04-04 01:33:16] [INFO] 当前 batch_crawl 已完成，所有视频均已成功抓取。
[2026-04-04 01:33:16] 子任务结束时间：2026-04-04T01:33:16.732596
[TIMESTAMP][END] 2026-04-04T01:33:16
