[TIMESTAMP][BEGIN] 2026-04-04T04:46:05
[2026-04-04 04:46:07] 开始执行 CSV 批量抓取子任务 part_33。
[2026-04-04 04:46:07] 子任务开始时间：2026-04-04T04:46:05.571445
[2026-04-04 04:46:07] 输入文件：batch_input_33.csv
[2026-04-04 04:46:07] 输入唯一 bvid 数量：100
[2026-04-04 04:46:07] 为严格按 CSV 顺序判断连续失败阈值，本次任务自动将并发度从 2 调整为 1。
[2026-04-04 04:46:13] [SUCCESS] bvid=BV1sWX5BmEUv 已成功抓取全部所需数据。
[2026-04-04 04:46:19] [SUCCESS] bvid=BV15zXdBUEs9 已成功抓取全部所需数据。
[2026-04-04 04:46:25] [SUCCESS] bvid=BV1ZvXdBnEsX 已成功抓取全部所需数据。
[2026-04-04 04:46:30] [SUCCESS] bvid=BV1VkXdB2EhG 已成功抓取全部所需数据。
[2026-04-04 04:46:36] [SUCCESS] bvid=BV1VkXdB2E7P 已成功抓取全部所需数据。
[2026-04-04 04:46:41] [SUCCESS] bvid=BV15kXdB2Erk 已成功抓取全部所需数据。
[2026-04-04 04:46:47] [SUCCESS] bvid=BV1hfXTB6ESX 已成功抓取全部所需数据。
[2026-04-04 04:46:53] [SUCCESS] bvid=BV1dzXdBmE4Y 已成功抓取全部所需数据。
[2026-04-04 04:46:59] [SUCCESS] bvid=BV1ozXdBmEPo 已成功抓取全部所需数据。
[2026-04-04 04:47:05] [SUCCESS] bvid=BV1XiXQBPEUE 已成功抓取全部所需数据。
[2026-04-04 04:47:10] [SUCCESS] bvid=BV1RzXdBmEys 已成功抓取全部所需数据。
[2026-04-04 04:47:16] [SUCCESS] bvid=BV19rXdBjEHg 已成功抓取全部所需数据。
[2026-04-04 04:47:21] [SUCCESS] bvid=BV1irXdB7EJu 已成功抓取全部所需数据。
[2026-04-04 04:47:27] [SUCCESS] bvid=BV1BVXoBsETJ 已成功抓取全部所需数据。
[2026-04-04 04:47:32] [SUCCESS] bvid=BV1FJXPBrEwj 已成功抓取全部所需数据。
[2026-04-04 04:47:38] [SUCCESS] bvid=BV1zVXoBsEUU 已成功抓取全部所需数据。
[2026-04-04 04:47:43] [SUCCESS] bvid=BV1zVXoBsEe7 已成功抓取全部所需数据。
[2026-04-04 04:47:49] [SUCCESS] bvid=BV16gXoB4ED8 已成功抓取全部所需数据。
[2026-04-04 04:47:55] [SUCCESS] bvid=BV1mZXdBvE3Q 已成功抓取全部所需数据。
[2026-04-04 04:48:00] [SUCCESS] bvid=BV1VdXDBaEMg 已成功抓取全部所需数据。
[2026-04-04 04:48:05] [SUCCESS] bvid=BV1zTXRBDEyM 已成功抓取全部所需数据。
[2026-04-04 04:48:11] [SUCCESS] bvid=BV1CeXTBoEag 已成功抓取全部所需数据。
[2026-04-04 04:48:16] [SUCCESS] bvid=BV1R1AWzSEFR 已成功抓取全部所需数据。
[2026-04-04 04:48:22] [SUCCESS] bvid=BV1YWXoBmERo 已成功抓取全部所需数据。
[2026-04-04 04:48:27] [SUCCESS] bvid=BV1cgXoBtEYA 已成功抓取全部所需数据。
[2026-04-04 04:48:33] [SUCCESS] bvid=BV16gXoB4EE4 已成功抓取全部所需数据。
[2026-04-04 04:48:39] [SUCCESS] bvid=BV1vJXoBnEdv 已成功抓取全部所需数据。
[2026-04-04 04:48:45] [SUCCESS] bvid=BV1n3XoBoEYD 已成功抓取全部所需数据。
[2026-04-04 04:48:51] [SUCCESS] bvid=BV1fbX9B2EUU 已成功抓取全部所需数据。
[2026-04-04 04:48:57] [SUCCESS] bvid=BV1z3XoBdEF4 已成功抓取全部所需数据。
[2026-04-04 04:49:03] [SUCCESS] bvid=BV1z3XoBdEzD 已成功抓取全部所需数据。
[2026-04-04 04:49:10] [SUCCESS] bvid=BV1z3XoBdExm 已成功抓取全部所需数据。
[2026-04-04 04:49:15] [SUCCESS] bvid=BV1jJXoBHEaT 已成功抓取全部所需数据。
[2026-04-04 04:49:21] [SUCCESS] bvid=BV17JXoBHEGp 已成功抓取全部所需数据。
[2026-04-04 04:49:28] [SUCCESS] bvid=BV1enXoBSEei 已成功抓取全部所需数据。
[2026-04-04 04:49:33] [SUCCESS] bvid=BV1inXoBSEGq 已成功抓取全部所需数据。
[2026-04-04 04:49:39] [SUCCESS] bvid=BV1ZjXoBpEQM 已成功抓取全部所需数据。
[2026-04-04 04:49:45] [SUCCESS] bvid=BV1q7XoBQE2n 已成功抓取全部所需数据。
[2026-04-04 04:49:51] [SUCCESS] bvid=BV11ZXdBvEqF 已成功抓取全部所需数据。
[2026-04-04 04:49:57] [SUCCESS] bvid=BV1VPXZBnEys 已成功抓取全部所需数据。
[2026-04-04 04:50:03] [SUCCESS] bvid=BV1s3XMBaEin 已成功抓取全部所需数据。
[2026-04-04 04:50:09] [SUCCESS] bvid=BV11cXoBYEsp 已成功抓取全部所需数据。
[2026-04-04 04:50:15] [SUCCESS] bvid=BV1PcXoBeEe2 已成功抓取全部所需数据。
[2026-04-04 04:50:21] [SUCCESS] bvid=BV1ycXoBYEwP 已成功抓取全部所需数据。
[2026-04-04 04:50:27] [SUCCESS] bvid=BV1NcXoBeEQW 已成功抓取全部所需数据。
[2026-04-04 04:50:32] [SUCCESS] bvid=BV1nNQqBKEM9 已成功抓取全部所需数据。
[2026-04-04 04:50:38] [SUCCESS] bvid=BV1nNQqBKE6X 已成功抓取全部所需数据。
[2026-04-04 04:50:44] [SUCCESS] bvid=BV12ZXWBLE6a 已成功抓取全部所需数据。
[2026-04-04 04:50:50] [SUCCESS] bvid=BV1DzXQBwECd 已成功抓取全部所需数据。
[2026-04-04 04:50:56] [SUCCESS] bvid=BV1WzXRBfEGs 已成功抓取全部所需数据。
[2026-04-04 04:51:02] [SUCCESS] bvid=BV158XSBhEmV 已成功抓取全部所需数据。
[2026-04-04 04:51:08] [SUCCESS] bvid=BV1skXoBvEuD 已成功抓取全部所需数据。
[2026-04-04 04:51:14] [SUCCESS] bvid=BV1LUXDBTE9k 已成功抓取全部所需数据。
[2026-04-04 04:51:20] [SUCCESS] bvid=BV1yFXoBPERC 已成功抓取全部所需数据。
[2026-04-04 04:51:26] [SUCCESS] bvid=BV12FXoBPELx 已成功抓取全部所需数据。
[2026-04-04 04:51:32] [SUCCESS] bvid=BV1PEX9BsESx 已成功抓取全部所需数据。
[2026-04-04 04:51:38] [SUCCESS] bvid=BV14FXoBNEsa 已成功抓取全部所需数据。
[2026-04-04 04:51:44] [SUCCESS] bvid=BV1WKXoBcEpQ 已成功抓取全部所需数据。
[2026-04-04 04:51:50] [SUCCESS] bvid=BV12FXoBPEpZ 已成功抓取全部所需数据。
[2026-04-04 04:51:56] [SUCCESS] bvid=BV1ATXoB8EHM 已成功抓取全部所需数据。
[2026-04-04 04:52:02] [SUCCESS] bvid=BV1HTXoB8Eb9 已成功抓取全部所需数据。
[2026-04-04 04:52:08] [SUCCESS] bvid=BV16MXoBZEZz 已成功抓取全部所需数据。
[2026-04-04 04:52:14] [SUCCESS] bvid=BV1pMXoBfEWN 已成功抓取全部所需数据。
[2026-04-04 04:52:20] [SUCCESS] bvid=BV1APXoBaE8f 已成功抓取全部所需数据。
[2026-04-04 04:52:26] [SUCCESS] bvid=BV1wKXoBcEZs 已成功抓取全部所需数据。
[2026-04-04 04:52:31] [SUCCESS] bvid=BV1NPXoBaEKX 已成功抓取全部所需数据。
[2026-04-04 04:52:37] [SUCCESS] bvid=BV1rKXoBFEZR 已成功抓取全部所需数据。
[2026-04-04 04:52:43] [SUCCESS] bvid=BV1kKXoBcEXu 已成功抓取全部所需数据。
[2026-04-04 04:52:48] [SUCCESS] bvid=BV1CKXoBFEk6 已成功抓取全部所需数据。
[2026-04-04 04:52:54] [SUCCESS] bvid=BV1W3XSBCEXc 已成功抓取全部所需数据。
[2026-04-04 04:53:00] [SUCCESS] bvid=BV12pX5BEEAr 已成功抓取全部所需数据。
[2026-04-04 04:53:05] [SUCCESS] bvid=BV1LuX8BVE9Y 已成功抓取全部所需数据。
[2026-04-04 04:53:11] [SUCCESS] bvid=BV1mzXoBqEYy 已成功抓取全部所需数据。
[2026-04-04 04:53:16] [SUCCESS] bvid=BV14zXoBqExZ 已成功抓取全部所需数据。
[2026-04-04 04:53:22] [SUCCESS] bvid=BV1xzXoBqEVM 已成功抓取全部所需数据。
[2026-04-04 04:53:27] [SUCCESS] bvid=BV1bvXoBgEhs 已成功抓取全部所需数据。
[2026-04-04 04:53:32] [SUCCESS] bvid=BV1tvXoBgEpp 已成功抓取全部所需数据。
[2026-04-04 04:53:37] [SUCCESS] bvid=BV14iXoBzE82 已成功抓取全部所需数据。
[2026-04-04 04:53:42] [SUCCESS] bvid=BV1tiXoBzE69 已成功抓取全部所需数据。
[2026-04-04 04:53:48] [SUCCESS] bvid=BV1syXoBPEaA 已成功抓取全部所需数据。
[2026-04-04 04:53:53] [SUCCESS] bvid=BV1NyXoBNEke 已成功抓取全部所需数据。
[2026-04-04 04:53:59] [SUCCESS] bvid=BV1syXoBPEJo 已成功抓取全部所需数据。
[2026-04-04 04:54:04] [SUCCESS] bvid=BV1p1XoBYEjA 已成功抓取全部所需数据。
[2026-04-04 04:54:09] [SUCCESS] bvid=BV1W1XoBYEaM 已成功抓取全部所需数据。
[2026-04-04 04:54:15] [SUCCESS] bvid=BV1syXoBPE8g 已成功抓取全部所需数据。
[2026-04-04 04:54:21] [SUCCESS] bvid=BV1C1XoBYEK7 已成功抓取全部所需数据。
[2026-04-04 04:54:26] [SUCCESS] bvid=BV1xrXoBKE9C 已成功抓取全部所需数据。
[2026-04-04 04:54:31] [SUCCESS] bvid=BV1dcXZBpEgY 已成功抓取全部所需数据。
[2026-04-04 04:54:37] [SUCCESS] bvid=BV1HxXdBtEvc 已成功抓取全部所需数据。
[2026-04-04 04:54:42] [SUCCESS] bvid=BV1xrXoBKEF4 已成功抓取全部所需数据。
[2026-04-04 04:54:48] [SUCCESS] bvid=BV1PJX9B9ENZ 已成功抓取全部所需数据。
[2026-04-04 04:54:53] [SUCCESS] bvid=BV1mrXmB5Eez 已成功抓取全部所需数据。
[2026-04-04 04:54:59] [SUCCESS] bvid=BV1j5XXBuETi 已成功抓取全部所需数据。
[2026-04-04 04:55:04] [SUCCESS] bvid=BV1nKQqBvEfA 已成功抓取全部所需数据。
[2026-04-04 04:55:10] [SUCCESS] bvid=BV1JEAwzfEsj 已成功抓取全部所需数据。
[2026-04-04 04:55:15] [SUCCESS] bvid=BV1j9XRBJEDM 已成功抓取全部所需数据。
[2026-04-04 04:55:21] [SUCCESS] bvid=BV1buX9BhE8r 已成功抓取全部所需数据。
[2026-04-04 04:55:27] [SUCCESS] bvid=BV1mWXjBxENL 已成功抓取全部所需数据。
[2026-04-04 04:55:32] [SUCCESS] bvid=BV1WYXDBEEvv 已成功抓取全部所需数据。
[2026-04-04 04:55:38] [SUCCESS] bvid=BV1KSXQBxEkY 已成功抓取全部所需数据。
[2026-04-04 04:55:38] [INFO] 当前 batch_crawl 已完成，所有视频均已成功抓取。
[2026-04-04 04:55:38] 子任务结束时间：2026-04-04T04:55:38.188959
[TIMESTAMP][END] 2026-04-04T04:55:38
