[TIMESTAMP][BEGIN] 2026-04-07T04:36:14
[2026-04-07 04:36:16] 开始执行 CSV 批量抓取子任务 part_28。
[2026-04-07 04:36:16] 子任务开始时间：2026-04-07T04:36:14.110786
[2026-04-07 04:36:16] 输入文件：batch_input_28.csv
[2026-04-07 04:36:16] 输入唯一 bvid 数量：100
[2026-04-07 04:36:16] 为严格按 CSV 顺序判断连续失败阈值，本次任务自动将并发度从 2 调整为 1。
[2026-04-07 04:36:21] [SUCCESS] bvid=BV1go9FBXESn 已成功抓取全部所需数据。
[2026-04-07 04:36:26] [SUCCESS] bvid=BV1Uw9cBEE9C 已成功抓取全部所需数据。
[2026-04-07 04:36:31] [SUCCESS] bvid=BV1Qo9FBQEgH 已成功抓取全部所需数据。
[2026-04-07 04:36:36] [SUCCESS] bvid=BV1js9cBeEmy 已成功抓取全部所需数据。
[2026-04-07 04:36:41] [SUCCESS] bvid=BV1rL9cBzEif 已成功抓取全部所需数据。
[2026-04-07 04:36:45] [SUCCESS] bvid=BV1qN9sBeEXN 已成功抓取全部所需数据。
[2026-04-07 04:36:50] [SUCCESS] bvid=BV1HHXMBRECr 已成功抓取全部所需数据。
[2026-04-07 04:36:55] [SUCCESS] bvid=BV1YU9nBUEBo 已成功抓取全部所需数据。
[2026-04-07 04:37:00] [SUCCESS] bvid=BV1Qo9FBQEE6 已成功抓取全部所需数据。
[2026-04-07 04:37:05] [SUCCESS] bvid=BV1Qo9FBQEPa 已成功抓取全部所需数据。
[2026-04-07 04:37:10] [SUCCESS] bvid=BV1go9FBXEet 已成功抓取全部所需数据。
[2026-04-07 04:37:15] [SUCCESS] bvid=BV18o9FBXEU1 已成功抓取全部所需数据。
[2026-04-07 04:37:19] [SUCCESS] bvid=BV1go9FBXEjG 已成功抓取全部所需数据。
[2026-04-07 04:37:24] [SUCCESS] bvid=BV1Zk9FBwEpX 已成功抓取全部所需数据。
[2026-04-07 04:37:29] [SUCCESS] bvid=BV1Df9FBnEi5 已成功抓取全部所需数据。
[2026-04-07 04:37:34] [SUCCESS] bvid=BV1Rm9FBZEwD 已成功抓取全部所需数据。
[2026-04-07 04:37:39] [SUCCESS] bvid=BV1Df9FBnEhx 已成功抓取全部所需数据。
[2026-04-07 04:37:44] [SUCCESS] bvid=BV1fk9FBwEMM 已成功抓取全部所需数据。
[2026-04-07 04:37:49] [SUCCESS] bvid=BV17k9FBAE9h 已成功抓取全部所需数据。
[2026-04-07 04:37:54] [SUCCESS] bvid=BV1ok9FBwEbv 已成功抓取全部所需数据。
[2026-04-07 04:37:59] [SUCCESS] bvid=BV1Zk9FBwEwj 已成功抓取全部所需数据。
[2026-04-07 04:38:05] [SUCCESS] bvid=BV1oC9FBhELE 已成功抓取全部所需数据。
[2026-04-07 04:38:09] [SUCCESS] bvid=BV1BC9FBaE2e 已成功抓取全部所需数据。
[2026-04-07 04:38:14] [SUCCESS] bvid=BV1ZC9FBhE7S 已成功抓取全部所需数据。
[2026-04-07 04:38:19] [SUCCESS] bvid=BV17C9FBaEnt 已成功抓取全部所需数据。
[2026-04-07 04:38:24] [SUCCESS] bvid=BV1oC9FBhEDd 已成功抓取全部所需数据。
[2026-04-07 04:38:29] [SUCCESS] bvid=BV1Fz9FBNEvF 已成功抓取全部所需数据。
[2026-04-07 04:38:34] [SUCCESS] bvid=BV1nz9FBNEst 已成功抓取全部所需数据。
[2026-04-07 04:38:39] [SUCCESS] bvid=BV1Rm9FBZEu7 已成功抓取全部所需数据。
[2026-04-07 04:38:44] [SUCCESS] bvid=BV1669FBeEH7 已成功抓取全部所需数据。
[2026-04-07 04:38:49] [SUCCESS] bvid=BV1E69FBeEG5 已成功抓取全部所需数据。
[2026-04-07 04:38:54] [SUCCESS] bvid=BV1f69FBYELB 已成功抓取全部所需数据。
[2026-04-07 04:38:59] [SUCCESS] bvid=BV1Rm9FBZEKJ 已成功抓取全部所需数据。
[2026-04-07 04:39:04] [SUCCESS] bvid=BV1im9FBfEpC 已成功抓取全部所需数据。
[2026-04-07 04:39:09] [SUCCESS] bvid=BV19m9FBZEvy 已成功抓取全部所需数据。
[2026-04-07 04:39:14] [SUCCESS] bvid=BV1Rm9FBZEku 已成功抓取全部所需数据。
[2026-04-07 04:39:19] [SUCCESS] bvid=BV1HPQZBtEBA 已成功抓取全部所需数据。
[2026-04-07 04:39:24] [SUCCESS] bvid=BV19S9FB4EEp 已成功抓取全部所需数据。
[2026-04-07 04:39:29] [SUCCESS] bvid=BV1yUXfBuEZL 已成功抓取全部所需数据。
[2026-04-07 04:39:34] [SUCCESS] bvid=BV15S9FBtEWR 已成功抓取全部所需数据。
[2026-04-07 04:39:39] [SUCCESS] bvid=BV1RS9FB4Edf 已成功抓取全部所需数据。
[2026-04-07 04:39:44] [SUCCESS] bvid=BV1RS9FB4Edv 已成功抓取全部所需数据。
[2026-04-07 04:39:48] [SUCCESS] bvid=BV1RS9FB4Emk 已成功抓取全部所需数据。
[2026-04-07 04:39:53] [SUCCESS] bvid=BV1j29FB8EtY 已成功抓取全部所需数据。
[2026-04-07 04:39:58] [SUCCESS] bvid=BV1j19FBcELa 已成功抓取全部所需数据。
[2026-04-07 04:40:04] [SUCCESS] bvid=BV1j19FBcEHP 已成功抓取全部所需数据。
[2026-04-07 04:40:09] [SUCCESS] bvid=BV1j19FBcEPU 已成功抓取全部所需数据。
[2026-04-07 04:40:14] [SUCCESS] bvid=BV1j19FBcENj 已成功抓取全部所需数据。
[2026-04-07 04:40:19] [SUCCESS] bvid=BV1o29FBbEPm 已成功抓取全部所需数据。
[2026-04-07 04:40:24] [SUCCESS] bvid=BV1JE9cBBErE 已成功抓取全部所需数据。
[2026-04-07 04:40:29] [SUCCESS] bvid=BV1Jn9cBTEss 已成功抓取全部所需数据。
[2026-04-07 04:40:34] [SUCCESS] bvid=BV1zn9cBKEcE 已成功抓取全部所需数据。
[2026-04-07 04:40:39] [SUCCESS] bvid=BV1Jn9cBTEYo 已成功抓取全部所需数据。
[2026-04-07 04:40:44] [SUCCESS] bvid=BV1cn9cBTENz 已成功抓取全部所需数据。
[2026-04-07 04:40:49] [SUCCESS] bvid=BV1Fn9cBTEYo 已成功抓取全部所需数据。
[2026-04-07 04:40:54] [SUCCESS] bvid=BV1zn9cBKEEm 已成功抓取全部所需数据。
[2026-04-07 04:40:59] [SUCCESS] bvid=BV1cn9cBTE5E 已成功抓取全部所需数据。
[2026-04-07 04:41:03] [SUCCESS] bvid=BV1AL9cB6EwD 已成功抓取全部所需数据。
[2026-04-07 04:41:08] [SUCCESS] bvid=BV1rL9cBzEys 已成功抓取全部所需数据。
[2026-04-07 04:41:13] [SUCCESS] bvid=BV1rL9cBzE8d 已成功抓取全部所需数据。
[2026-04-07 04:41:18] [SUCCESS] bvid=BV1kL9cBzEtJ 已成功抓取全部所需数据。
[2026-04-07 04:41:23] [SUCCESS] bvid=BV1FJ9WBKEEQ 已成功抓取全部所需数据。
[2026-04-07 04:41:28] [SUCCESS] bvid=BV1BnXfBtENX 已成功抓取全部所需数据。
[2026-04-07 04:41:33] [SUCCESS] bvid=BV1kL9cBzEtc 已成功抓取全部所需数据。
[2026-04-07 04:41:38] [SUCCESS] bvid=BV1r79cBMESF 已成功抓取全部所需数据。
[2026-04-07 04:41:43] [SUCCESS] bvid=BV1w79cBuEHe 已成功抓取全部所需数据。
[2026-04-07 04:41:48] [SUCCESS] bvid=BV1EH9cBiEz9 已成功抓取全部所需数据。
[2026-04-07 04:41:53] [SUCCESS] bvid=BV1kTXoBbEkB 已成功抓取全部所需数据。
[2026-04-07 04:41:58] [SUCCESS] bvid=BV1uVXZB5Eqw 已成功抓取全部所需数据。
[2026-04-07 04:42:03] [SUCCESS] bvid=BV1uc9WBEEYQ 已成功抓取全部所需数据。
[2026-04-07 04:42:08] [SUCCESS] bvid=BV1UC9WBUEVQ 已成功抓取全部所需数据。
[2026-04-07 04:42:13] [SUCCESS] bvid=BV13QXZBEE4G 已成功抓取全部所需数据。
[2026-04-07 04:42:18] [SUCCESS] bvid=BV1v4XfBWEuD 已成功抓取全部所需数据。
[2026-04-07 04:42:23] [SUCCESS] bvid=BV1ZyXzBgEJY 已成功抓取全部所需数据。
[2026-04-07 04:42:28] [SUCCESS] bvid=BV1PG9cBkE2B 已成功抓取全部所需数据。
[2026-04-07 04:42:33] [SUCCESS] bvid=BV1cm97BXEen 已成功抓取全部所需数据。
[2026-04-07 04:42:38] [SUCCESS] bvid=BV1fiXZBbEjX 已成功抓取全部所需数据。
[2026-04-07 04:42:43] [SUCCESS] bvid=BV1qs9cBYEqU 已成功抓取全部所需数据。
[2026-04-07 04:42:48] [SUCCESS] bvid=BV1is9cBYEoJ 已成功抓取全部所需数据。
[2026-04-07 04:42:53] [SUCCESS] bvid=BV1i49cBwEyj 已成功抓取全部所需数据。
[2026-04-07 04:42:58] [SUCCESS] bvid=BV1zH9cBvEJQ 已成功抓取全部所需数据。
[2026-04-07 04:43:03] [SUCCESS] bvid=BV11K9cB1Eec 已成功抓取全部所需数据。
[2026-04-07 04:43:08] [SUCCESS] bvid=BV1VSXZBSEND 已成功抓取全部所需数据。
[2026-04-07 04:43:13] [SUCCESS] bvid=BV1XSXZBUEDu 已成功抓取全部所需数据。
[2026-04-07 04:43:18] [SUCCESS] bvid=BV1VSXZBSEtm 已成功抓取全部所需数据。
[2026-04-07 04:43:23] [SUCCESS] bvid=BV1GSXZBSEd9 已成功抓取全部所需数据。
[2026-04-07 04:43:28] [SUCCESS] bvid=BV1VSXZBSEEf 已成功抓取全部所需数据。
[2026-04-07 04:43:33] [SUCCESS] bvid=BV1a3XZB1EMC 已成功抓取全部所需数据。
[2026-04-07 04:43:38] [SUCCESS] bvid=BV1h3XZB1EiD 已成功抓取全部所需数据。
[2026-04-07 04:43:43] [SUCCESS] bvid=BV133XZB1EvW 已成功抓取全部所需数据。
[2026-04-07 04:43:48] [SUCCESS] bvid=BV133XZB1EHu 已成功抓取全部所需数据。
[2026-04-07 04:43:53] [SUCCESS] bvid=BV1EW9cBNERE 已成功抓取全部所需数据。
[2026-04-07 04:43:58] [SUCCESS] bvid=BV1qW9cBPEri 已成功抓取全部所需数据。
[2026-04-07 04:44:03] [SUCCESS] bvid=BV1zW9cBPEg2 已成功抓取全部所需数据。
[2026-04-07 04:44:10] [SUCCESS] bvid=BV17W9cBAEDd 已成功抓取全部所需数据。
[2026-04-07 04:44:15] [SUCCESS] bvid=BV1MA9cBUEmx 已成功抓取全部所需数据。
[2026-04-07 04:44:20] [SUCCESS] bvid=BV11K9cB1EBA 已成功抓取全部所需数据。
[2026-04-07 04:44:25] [SUCCESS] bvid=BV16TXpBhErX 已成功抓取全部所需数据。
[2026-04-07 04:44:30] [SUCCESS] bvid=BV1NM9cBLEYn 已成功抓取全部所需数据。
[2026-04-07 04:44:36] [SUCCESS] bvid=BV11M9cB5ENR 已成功抓取全部所需数据。
[2026-04-07 04:44:36] [INFO] 当前 batch_crawl 已完成，所有视频均已成功抓取。
[2026-04-07 04:44:36] 子任务结束时间：2026-04-07T04:44:36.070334
[TIMESTAMP][END] 2026-04-07T04:44:36
