[TIMESTAMP][BEGIN] 2026-04-07T02:03:24
[2026-04-07 02:03:27] 开始执行 CSV 批量抓取子任务 part_16。
[2026-04-07 02:03:27] 子任务开始时间：2026-04-07T02:03:24.920878
[2026-04-07 02:03:27] 输入文件：batch_input_16.csv
[2026-04-07 02:03:27] 输入唯一 bvid 数量：100
[2026-04-07 02:03:27] 为严格按 CSV 顺序判断连续失败阈值，本次任务自动将并发度从 2 调整为 1。
[2026-04-07 02:03:32] [SUCCESS] bvid=BV1wD9gBqEdM 已成功抓取全部所需数据。
[2026-04-07 02:03:38] [SUCCESS] bvid=BV1kY9uBFEAd 已成功抓取全部所需数据。
[2026-04-07 02:03:43] [SUCCESS] bvid=BV1eMDwBpED2 已成功抓取全部所需数据。
[2026-04-07 02:03:48] [SUCCESS] bvid=BV1CX9gBKETq 已成功抓取全部所需数据。
[2026-04-07 02:03:53] [SUCCESS] bvid=BV13h9MBkEvK 已成功抓取全部所需数据。
[2026-04-07 02:03:58] [SUCCESS] bvid=BV1eVDPBoEF6 已成功抓取全部所需数据。
[2026-04-07 02:04:03] [SUCCESS] bvid=BV1eGDPBtEad 已成功抓取全部所需数据。
[2026-04-07 02:04:09] [SUCCESS] bvid=BV1RXDPBcEsW 已成功抓取全部所需数据。
[2026-04-07 02:04:14] [SUCCESS] bvid=BV1B2DPBNEpc 已成功抓取全部所需数据。
[2026-04-07 02:04:19] [SUCCESS] bvid=BV1j2DPBNE41 已成功抓取全部所需数据。
[2026-04-07 02:04:24] [SUCCESS] bvid=BV1B2DPBNEax 已成功抓取全部所需数据。
[2026-04-07 02:04:29] [SUCCESS] bvid=BV1qyDPBiEmP 已成功抓取全部所需数据。
[2026-04-07 02:04:34] [SUCCESS] bvid=BV1Hu9MBoEEY 已成功抓取全部所需数据。
[2026-04-07 02:04:39] [SUCCESS] bvid=BV15XDPBcEgR 已成功抓取全部所需数据。
[2026-04-07 02:04:44] [SUCCESS] bvid=BV1NNDAB5EWa 已成功抓取全部所需数据。
[2026-04-07 02:04:50] [SUCCESS] bvid=BV15XDPBcES4 已成功抓取全部所需数据。
[2026-04-07 02:04:55] [SUCCESS] bvid=BV1PGDNB7EnN 已成功抓取全部所需数据。
[2026-04-07 02:05:01] [SUCCESS] bvid=BV1e9DPB8E2o 已成功抓取全部所需数据。
[2026-04-07 02:05:06] [SUCCESS] bvid=BV1Y9DPB8ECc 已成功抓取全部所需数据。
[2026-04-07 02:05:11] [SUCCESS] bvid=BV159DPB8ETf 已成功抓取全部所需数据。
[2026-04-07 02:05:16] [SUCCESS] bvid=BV1jSDPBAEU3 已成功抓取全部所需数据。
[2026-04-07 02:05:21] [SUCCESS] bvid=BV1seDPBVEFu 已成功抓取全部所需数据。
[2026-04-07 02:05:27] [SUCCESS] bvid=BV1pvDPBkEvn 已成功抓取全部所需数据。
[2026-04-07 02:05:32] [SUCCESS] bvid=BV1shDPBLEF5 已成功抓取全部所需数据。
[2026-04-07 02:05:37] [SUCCESS] bvid=BV1qa9NB5ELE 已成功抓取全部所需数据。
[2026-04-07 02:05:43] [SUCCESS] bvid=BV1MYXeBVEXz 已成功抓取全部所需数据。
[2026-04-07 02:05:49] [SUCCESS] bvid=BV1Lf9KB1EiB 已成功抓取全部所需数据。
[2026-04-07 02:05:54] [SUCCESS] bvid=BV1499NBFEV8 已成功抓取全部所需数据。
[2026-04-07 02:05:59] [SUCCESS] bvid=BV1QsXCBzEDn 已成功抓取全部所需数据。
[2026-04-07 02:06:04] [SUCCESS] bvid=BV1P3DABgEHJ 已成功抓取全部所需数据。
[2026-04-07 02:06:10] [SUCCESS] bvid=BV1Cp9NBnEKz 已成功抓取全部所需数据。
[2026-04-07 02:06:15] [SUCCESS] bvid=BV1AC9KBdEbk 已成功抓取全部所需数据。
[2026-04-07 02:06:21] [SUCCESS] bvid=BV1PS9gBME1H 已成功抓取全部所需数据。
[2026-04-07 02:06:26] [SUCCESS] bvid=BV1JrDPBBEcD 已成功抓取全部所需数据。
[2026-04-07 02:06:31] [SUCCESS] bvid=BV1PgDNBUEeK 已成功抓取全部所需数据。
[2026-04-07 02:06:36] [SUCCESS] bvid=BV1xGDNB7EtW 已成功抓取全部所需数据。
[2026-04-07 02:06:42] [SUCCESS] bvid=BV1KTDNBDE2s 已成功抓取全部所需数据。
[2026-04-07 02:06:47] [SUCCESS] bvid=BV1GZDPBoEbt 已成功抓取全部所需数据。
[2026-04-07 02:06:52] [SUCCESS] bvid=BV1DP9NBYE8Q 已成功抓取全部所需数据。
[2026-04-07 02:06:58] [SUCCESS] bvid=BV1tKDNBHEFU 已成功抓取全部所需数据。
[2026-04-07 02:07:03] [SUCCESS] bvid=BV1TKDNBHEba 已成功抓取全部所需数据。
[2026-04-07 02:07:08] [SUCCESS] bvid=BV1bnDwB5Egn 已成功抓取全部所需数据。
[2026-04-07 02:07:14] [SUCCESS] bvid=BV1tHDwBCEsS 已成功抓取全部所需数据。
[2026-04-07 02:07:19] [SUCCESS] bvid=BV1wLDABqE3p 已成功抓取全部所需数据。
[2026-04-07 02:07:25] [SUCCESS] bvid=BV1KKDABCEnY 已成功抓取全部所需数据。
[2026-04-07 02:07:30] [SUCCESS] bvid=BV1G9DwBQE3j 已成功抓取全部所需数据。
[2026-04-07 02:07:35] [SUCCESS] bvid=BV1S6DABJEmm 已成功抓取全部所需数据。
[2026-04-07 02:07:41] [SUCCESS] bvid=BV1DqDABHE4g 已成功抓取全部所需数据。
[2026-04-07 02:07:46] [SUCCESS] bvid=BV1BHDABYEPm 已成功抓取全部所需数据。
[2026-04-07 02:07:52] [SUCCESS] bvid=BV17sDABhEyS 已成功抓取全部所需数据。
[2026-04-07 02:07:57] [SUCCESS] bvid=BV1Hu9MBoE4Z 已成功抓取全部所需数据。
[2026-04-07 02:08:02] [SUCCESS] bvid=BV1iC9uBpE1w 已成功抓取全部所需数据。
[2026-04-07 02:08:08] [SUCCESS] bvid=BV1em9uBSE9G 已成功抓取全部所需数据。
[2026-04-07 02:08:13] [SUCCESS] bvid=BV1em9uBSENU 已成功抓取全部所需数据。
[2026-04-07 02:08:19] [SUCCESS] bvid=BV1Ry9uBQEJ6 已成功抓取全部所需数据。
[2026-04-07 02:08:24] [SUCCESS] bvid=BV1YS9uBEEUw 已成功抓取全部所需数据。
[2026-04-07 02:08:29] [SUCCESS] bvid=BV1fE9gBbEbg 已成功抓取全部所需数据。
[2026-04-07 02:08:35] [SUCCESS] bvid=BV1sK9gBqEdx 已成功抓取全部所需数据。
[2026-04-07 02:08:40] [SUCCESS] bvid=BV1xA9gBzEGi 已成功抓取全部所需数据。
[2026-04-07 02:08:45] [SUCCESS] bvid=BV1f99MBdE8W 已成功抓取全部所需数据。
[2026-04-07 02:08:51] [SUCCESS] bvid=BV1VZXDBcEK1 已成功抓取全部所需数据。
[2026-04-07 02:08:56] [SUCCESS] bvid=BV1r59gBwERK 已成功抓取全部所需数据。
[2026-04-07 02:09:01] [SUCCESS] bvid=BV1pu9gBvEji 已成功抓取全部所需数据。
[2026-04-07 02:09:06] [SUCCESS] bvid=BV1r39gBPEbY 已成功抓取全部所需数据。
[2026-04-07 02:09:11] [SUCCESS] bvid=BV1C39gBPEei 已成功抓取全部所需数据。
[2026-04-07 02:09:17] [SUCCESS] bvid=BV1Ky9gBrEAu 已成功抓取全部所需数据。
[2026-04-07 02:09:22] [SUCCESS] bvid=BV1xy9gBrEuZ 已成功抓取全部所需数据。
[2026-04-07 02:09:27] [SUCCESS] bvid=BV1xy9gBrEuG 已成功抓取全部所需数据。
[2026-04-07 02:09:33] [SUCCESS] bvid=BV1Ky9gBrEcW 已成功抓取全部所需数据。
[2026-04-07 02:09:38] [SUCCESS] bvid=BV1Ky9gBrEN7 已成功抓取全部所需数据。
[2026-04-07 02:09:43] [SUCCESS] bvid=BV1M69gB5EKS 已成功抓取全部所需数据。
[2026-04-07 02:09:48] [SUCCESS] bvid=BV1T69gB5ERs 已成功抓取全部所需数据。
[2026-04-07 02:09:53] [SUCCESS] bvid=BV1M69gB5E4o 已成功抓取全部所需数据。
[2026-04-07 02:09:59] [SUCCESS] bvid=BV1Tr9gBCEuS 已成功抓取全部所需数据。
[2026-04-07 02:10:04] [SUCCESS] bvid=BV1tr9gBCEAQ 已成功抓取全部所需数据。
[2026-04-07 02:10:09] [SUCCESS] bvid=BV1Tr9gBCEjD 已成功抓取全部所需数据。
[2026-04-07 02:10:14] [SUCCESS] bvid=BV1sS9gBMExa 已成功抓取全部所需数据。
[2026-04-07 02:10:20] [SUCCESS] bvid=BV1AD9gBqEKJ 已成功抓取全部所需数据。
[2026-04-07 02:10:25] [SUCCESS] bvid=BV1WS9gBMEDy 已成功抓取全部所需数据。
[2026-04-07 02:10:30] [SUCCESS] bvid=BV1PD9gBqEu5 已成功抓取全部所需数据。
[2026-04-07 02:10:35] [SUCCESS] bvid=BV1wD9gBqER5 已成功抓取全部所需数据。
[2026-04-07 02:10:40] [SUCCESS] bvid=BV1K29gBgELV 已成功抓取全部所需数据。
[2026-04-07 02:10:45] [SUCCESS] bvid=BV1sm9gBzEeg 已成功抓取全部所需数据。
[2026-04-07 02:10:50] [SUCCESS] bvid=BV1Nm9gBzEi2 已成功抓取全部所需数据。
[2026-04-07 02:10:56] [SUCCESS] bvid=BV1K29gBgEG1 已成功抓取全部所需数据。
[2026-04-07 02:11:01] [SUCCESS] bvid=BV1Wm9gBzESJ 已成功抓取全部所需数据。
[2026-04-07 02:11:06] [SUCCESS] bvid=BV1Pm9gBzEHg 已成功抓取全部所需数据。
[2026-04-07 02:11:11] [SUCCESS] bvid=BV1Vh9gBnE4S 已成功抓取全部所需数据。
[2026-04-07 02:11:16] [SUCCESS] bvid=BV1Gh9gBnEgi 已成功抓取全部所需数据。
[2026-04-07 02:11:22] [SUCCESS] bvid=BV15b9gBQEG1 已成功抓取全部所需数据。
[2026-04-07 02:11:27] [SUCCESS] bvid=BV1Qa9gBSExx 已成功抓取全部所需数据。
[2026-04-07 02:11:32] [SUCCESS] bvid=BV1Zc93BfEGw 已成功抓取全部所需数据。
[2026-04-07 02:11:37] [SUCCESS] bvid=BV1Rt9gBpEfE 已成功抓取全部所需数据。
[2026-04-07 02:11:42] [SUCCESS] bvid=BV15t9gBpESR 已成功抓取全部所需数据。
[2026-04-07 02:11:47] [SUCCESS] bvid=BV1nT9KBnEjQ 已成功抓取全部所需数据。
[2026-04-07 02:11:52] [SUCCESS] bvid=BV1u89KBvEgk 已成功抓取全部所需数据。
[2026-04-07 02:11:58] [SUCCESS] bvid=BV1uq9gBjEiu 已成功抓取全部所需数据。
[2026-04-07 02:12:03] [SUCCESS] bvid=BV1SB9gB1EXc 已成功抓取全部所需数据。
[2026-04-07 02:12:08] [SUCCESS] bvid=BV1MB9gB1Ek6 已成功抓取全部所需数据。
[2026-04-07 02:12:13] [SUCCESS] bvid=BV1Ge9gBEETk 已成功抓取全部所需数据。
[2026-04-07 02:12:13] [INFO] 当前 batch_crawl 已完成，所有视频均已成功抓取。
[2026-04-07 02:12:13] 子任务结束时间：2026-04-07T02:12:13.531072
[TIMESTAMP][END] 2026-04-07T02:12:13
