[TIMESTAMP][BEGIN] 2026-04-06T23:10:23
[2026-04-06 23:10:26] 开始执行 CSV 批量抓取子任务 part_3。
[2026-04-06 23:10:26] 子任务开始时间：2026-04-06T23:10:23.716203
[2026-04-06 23:10:26] 输入文件：batch_input_3.csv
[2026-04-06 23:10:26] 输入唯一 bvid 数量：100
[2026-04-06 23:10:26] 为严格按 CSV 顺序判断连续失败阈值，本次任务自动将并发度从 2 调整为 1。
[2026-04-06 23:10:33] [SUCCESS] bvid=BV1eXSXBhEj3 已成功抓取全部所需数据。
[2026-04-06 23:10:40] [SUCCESS] bvid=BV1bwS9BsEg9 已成功抓取全部所需数据。
[2026-04-06 23:10:47] [SUCCESS] bvid=BV15hS9BvEmG 已成功抓取全部所需数据。
[2026-04-06 23:10:54] [SUCCESS] bvid=BV1gzS9BFEX9 已成功抓取全部所需数据。
[2026-04-06 23:11:00] [SUCCESS] bvid=BV1JHS9BrESn 已成功抓取全部所需数据。
[2026-04-06 23:11:07] [SUCCESS] bvid=BV1HdSQB6EnZ 已成功抓取全部所需数据。
[2026-04-06 23:11:13] [SUCCESS] bvid=BV1CYSXB5EUK 已成功抓取全部所需数据。
[2026-04-06 23:11:20] [SUCCESS] bvid=BV1CYSXB5EeR 已成功抓取全部所需数据。
[2026-04-06 23:11:26] [SUCCESS] bvid=BV1yYSXB5EKC 已成功抓取全部所需数据。
[2026-04-06 23:11:33] [SUCCESS] bvid=BV1CYSXB5EZN 已成功抓取全部所需数据。
[2026-04-06 23:11:39] [SUCCESS] bvid=BV1CYSXB5EU7 已成功抓取全部所需数据。
[2026-04-06 23:11:46] [SUCCESS] bvid=BV1PYSXBLE7M 已成功抓取全部所需数据。
[2026-04-06 23:11:52] [SUCCESS] bvid=BV1MCSQBUEVY 已成功抓取全部所需数据。
[2026-04-06 23:11:59] [SUCCESS] bvid=BV1CYSXB5EZV 已成功抓取全部所需数据。
[2026-04-06 23:12:05] [SUCCESS] bvid=BV1PYSXBLEZZ 已成功抓取全部所需数据。
[2026-04-06 23:12:12] [SUCCESS] bvid=BV1CYSXB5EZ3 已成功抓取全部所需数据。
[2026-04-06 23:12:18] [SUCCESS] bvid=BV1yYSXB5ETG 已成功抓取全部所需数据。
[2026-04-06 23:12:26] [SUCCESS] bvid=BV19GSXBZEGu 已成功抓取全部所需数据。
[2026-04-06 23:12:32] [SUCCESS] bvid=BV1X5SXB4EwT 已成功抓取全部所需数据。
[2026-04-06 23:12:40] [SUCCESS] bvid=BV1R3SXBbEeE 已成功抓取全部所需数据。
[2026-04-06 23:12:46] [SUCCESS] bvid=BV166SXBzEjV 已成功抓取全部所需数据。
[2026-04-06 23:12:53] [SUCCESS] bvid=BV1vQSXBwEWe 已成功抓取全部所需数据。
[2026-04-06 23:13:00] [SUCCESS] bvid=BV1vUSXBPE6S 已成功抓取全部所需数据。
[2026-04-06 23:13:07] [SUCCESS] bvid=BV16jD5BvEsY 已成功抓取全部所需数据。
[2026-04-06 23:13:13] [SUCCESS] bvid=BV1Ee9EBnECD 已成功抓取全部所需数据。
[2026-04-06 23:13:20] [SUCCESS] bvid=BV1yASSBMEo7 已成功抓取全部所需数据。
[2026-04-06 23:13:27] [SUCCESS] bvid=BV16zSXBgEb6 已成功抓取全部所需数据。
[2026-04-06 23:13:33] [SUCCESS] bvid=BV16zSXBgEbA 已成功抓取全部所需数据。
[2026-04-06 23:13:40] [SUCCESS] bvid=BV1rzSXBgEug 已成功抓取全部所需数据。
[2026-04-06 23:13:46] [SUCCESS] bvid=BV1weSXByE6B 已成功抓取全部所需数据。
[2026-04-06 23:13:53] [SUCCESS] bvid=BV1CeSXBCEHv 已成功抓取全部所需数据。
[2026-04-06 23:13:59] [SUCCESS] bvid=BV1n9SSBPEfP 已成功抓取全部所需数据。
[2026-04-06 23:14:06] [SUCCESS] bvid=BV1c9SSBPEYc 已成功抓取全部所需数据。
[2026-04-06 23:14:13] [SUCCESS] bvid=BV1wDSSBKEAU 已成功抓取全部所需数据。
[2026-04-06 23:14:20] [SUCCESS] bvid=BV1ADSSBKEMB 已成功抓取全部所需数据。
[2026-04-06 23:14:26] [SUCCESS] bvid=BV1qFSDBFER4 已成功抓取全部所需数据。
[2026-04-06 23:14:33] [SUCCESS] bvid=BV1ofSSBfEyM 已成功抓取全部所需数据。
[2026-04-06 23:14:40] [SUCCESS] bvid=BV1ZfSSBfEcd 已成功抓取全部所需数据。
[2026-04-06 23:14:52] [SUCCESS] bvid=BV17FSDBFEMm 已成功抓取全部所需数据。
[2026-04-06 23:14:58] [SUCCESS] bvid=BV1FRSSBYEYK 已成功抓取全部所需数据。
[2026-04-06 23:15:05] [SUCCESS] bvid=BV1FRSSBYEZs 已成功抓取全部所需数据。
[2026-04-06 23:15:11] [SUCCESS] bvid=BV1fRSSBaE2x 已成功抓取全部所需数据。
[2026-04-06 23:15:18] [SUCCESS] bvid=BV1QgSDBHEeY 已成功抓取全部所需数据。
[2026-04-06 23:15:25] [SUCCESS] bvid=BV1JoSSBwEHU 已成功抓取全部所需数据。
[2026-04-06 23:15:31] [SUCCESS] bvid=BV1mzSSBCECw 已成功抓取全部所需数据。
[2026-04-06 23:15:38] [SUCCESS] bvid=BV14rSSBGEZx 已成功抓取全部所需数据。
[2026-04-06 23:15:45] [SUCCESS] bvid=BV1giSSB1EKr 已成功抓取全部所需数据。
[2026-04-06 23:15:51] [SUCCESS] bvid=BV1biSSB1E9v 已成功抓取全部所需数据。
[2026-04-06 23:15:58] [SUCCESS] bvid=BV1TBSSB5ESL 已成功抓取全部所需数据。
[2026-04-06 23:16:05] [SUCCESS] bvid=BV1NkSSBrE9f 已成功抓取全部所需数据。
[2026-04-06 23:16:11] [SUCCESS] bvid=BV1smSSBMExL 已成功抓取全部所需数据。
[2026-04-06 23:16:18] [SUCCESS] bvid=BV1pmSSBMEDE 已成功抓取全部所需数据。
[2026-04-06 23:16:25] [SUCCESS] bvid=BV1wmSSBMEX6 已成功抓取全部所需数据。
[2026-04-06 23:16:32] [SUCCESS] bvid=BV1KkSSBrEUS 已成功抓取全部所需数据。
[2026-04-06 23:16:39] [SUCCESS] bvid=BV1UjSDB7Ezb 已成功抓取全部所需数据。
[2026-04-06 23:16:46] [SUCCESS] bvid=BV1sySSBgEsr 已成功抓取全部所需数据。
[2026-04-06 23:16:52] [SUCCESS] bvid=BV1DjSDB7ELB 已成功抓取全部所需数据。
[2026-04-06 23:16:59] [SUCCESS] bvid=BV1PySSBgEo4 已成功抓取全部所需数据。
[2026-04-06 23:17:04] [SUCCESS] bvid=BV1yySSBMEtF 已成功抓取全部所需数据。
[2026-04-06 23:17:09] [SUCCESS] bvid=BV1gjSDBEEF5 已成功抓取全部所需数据。
[2026-04-06 23:17:15] [SUCCESS] bvid=BV1U7SDB2Ecs 已成功抓取全部所需数据。
[2026-04-06 23:17:20] [SUCCESS] bvid=BV1gVSDBnECb 已成功抓取全部所需数据。
[2026-04-06 23:17:26] [SUCCESS] bvid=BV1u5SDBSE99 已成功抓取全部所需数据。
[2026-04-06 23:17:32] [SUCCESS] bvid=BV1S7SDB2Eey 已成功抓取全部所需数据。
[2026-04-06 23:17:37] [SUCCESS] bvid=BV1U7SDB2EmE 已成功抓取全部所需数据。
[2026-04-06 23:17:43] [SUCCESS] bvid=BV1u7SDBmEPP 已成功抓取全部所需数据。
[2026-04-06 23:17:49] [SUCCESS] bvid=BV1U5SDBUEZj 已成功抓取全部所需数据。
[2026-04-06 23:17:54] [SUCCESS] bvid=BV1hVSDBnEti 已成功抓取全部所需数据。
[2026-04-06 23:18:00] [SUCCESS] bvid=BV11pSDBVEUA 已成功抓取全部所需数据。
[2026-04-06 23:18:05] [SUCCESS] bvid=BV12pSDBVEGF 已成功抓取全部所需数据。
[2026-04-06 23:18:11] [SUCCESS] bvid=BV1Q5SDBUE3W 已成功抓取全部所需数据。
[2026-04-06 23:18:16] [SUCCESS] bvid=BV11WSDBkEYK 已成功抓取全部所需数据。
[2026-04-06 23:18:22] [SUCCESS] bvid=BV1eTSDBsE7j 已成功抓取全部所需数据。
[2026-04-06 23:18:28] [SUCCESS] bvid=BV1na9EBQEKU 已成功抓取全部所需数据。
[2026-04-06 23:18:33] [SUCCESS] bvid=BV1bdSDBDEaC 已成功抓取全部所需数据。
[2026-04-06 23:18:38] [SUCCESS] bvid=BV1bJSDBjEPS 已成功抓取全部所需数据。
[2026-04-06 23:18:44] [SUCCESS] bvid=BV1bnSDB1EG8 已成功抓取全部所需数据。
[2026-04-06 23:18:50] [SUCCESS] bvid=BV1mnSDByEDr 已成功抓取全部所需数据。
[2026-04-06 23:18:55] [SUCCESS] bvid=BV1jPSDB4ENo 已成功抓取全部所需数据。
[2026-04-06 23:19:00] [SUCCESS] bvid=BV1mnSDByEcE 已成功抓取全部所需数据。
[2026-04-06 23:19:05] [SUCCESS] bvid=BV1RPSDBxEbi 已成功抓取全部所需数据。
[2026-04-06 23:19:11] [SUCCESS] bvid=BV1RPSDBxEDX 已成功抓取全部所需数据。
[2026-04-06 23:19:16] [SUCCESS] bvid=BV1oPSDBxEwH 已成功抓取全部所需数据。
[2026-04-06 23:19:22] [SUCCESS] bvid=BV1iPSDB4Emg 已成功抓取全部所需数据。
[2026-04-06 23:19:27] [SUCCESS] bvid=BV1dcSDBtEpZ 已成功抓取全部所需数据。
[2026-04-06 23:19:33] [SUCCESS] bvid=BV17cSDBbEGd 已成功抓取全部所需数据。
[2026-04-06 23:19:38] [SUCCESS] bvid=BV1ZcSDBtETj 已成功抓取全部所需数据。
[2026-04-06 23:19:44] [SUCCESS] bvid=BV19gSDBHEM3 已成功抓取全部所需数据。
[2026-04-06 23:19:49] [SUCCESS] bvid=BV19gSDBHEMq 已成功抓取全部所需数据。
[2026-04-06 23:19:55] [SUCCESS] bvid=BV1xTSQBVEkC 已成功抓取全部所需数据。
[2026-04-06 23:20:00] [SUCCESS] bvid=BV1X3SDBDE4R 已成功抓取全部所需数据。
[2026-04-06 23:20:06] [SUCCESS] bvid=BV1G3SDBQEdD 已成功抓取全部所需数据。
[2026-04-06 23:20:11] [SUCCESS] bvid=BV1G3SDBQEsm 已成功抓取全部所需数据。
[2026-04-06 23:20:16] [SUCCESS] bvid=BV1VMSDB9Ee1 已成功抓取全部所需数据。
[2026-04-06 23:20:22] [SUCCESS] bvid=BV15MSDB9EcY 已成功抓取全部所需数据。
[2026-04-06 23:20:27] [SUCCESS] bvid=BV1XMSDBXEpV 已成功抓取全部所需数据。
[2026-04-06 23:20:33] [SUCCESS] bvid=BV1VMSDB9EgK 已成功抓取全部所需数据。
[2026-04-06 23:20:38] [SUCCESS] bvid=BV1orSDBcESP 已成功抓取全部所需数据。
[2026-04-06 23:20:43] [SUCCESS] bvid=BV1qrSDBcEGM 已成功抓取全部所需数据。
[2026-04-06 23:20:49] [SUCCESS] bvid=BV1frSDBcEM9 已成功抓取全部所需数据。
[2026-04-06 23:20:49] [INFO] 当前 batch_crawl 已完成，所有视频均已成功抓取。
[2026-04-06 23:20:49] 子任务结束时间：2026-04-06T23:20:49.152482
[TIMESTAMP][END] 2026-04-06T23:20:49
