[TIMESTAMP][BEGIN] 2026-04-07T06:46:03
[2026-04-07 06:46:06] 开始执行 CSV 批量抓取子任务 part_43。
[2026-04-07 06:46:06] 子任务开始时间：2026-04-07T06:46:03.757121
[2026-04-07 06:46:06] 输入文件：batch_input_43.csv
[2026-04-07 06:46:06] 输入唯一 bvid 数量：100
[2026-04-07 06:46:06] 为严格按 CSV 顺序判断连续失败阈值，本次任务自动将并发度从 2 调整为 1。
[2026-04-07 06:46:11] [SUCCESS] bvid=BV1wCXCBtECD 已成功抓取全部所需数据。
[2026-04-07 06:46:16] [SUCCESS] bvid=BV164XkBJECX 已成功抓取全部所需数据。
[2026-04-07 06:46:21] [SUCCESS] bvid=BV1CyQUBMENq 已成功抓取全部所需数据。
[2026-04-07 06:46:26] [SUCCESS] bvid=BV1GkXkBuEFK 已成功抓取全部所需数据。
[2026-04-07 06:46:31] [SUCCESS] bvid=BV1C6XCBbEpF 已成功抓取全部所需数据。
[2026-04-07 06:46:36] [SUCCESS] bvid=BV1c6XrBQEka 已成功抓取全部所需数据。
[2026-04-07 06:46:41] [SUCCESS] bvid=BV1ViX6BvEmo 已成功抓取全部所需数据。
[2026-04-07 06:46:46] [SUCCESS] bvid=BV1eU93BoEQU 已成功抓取全部所需数据。
[2026-04-07 06:46:51] [SUCCESS] bvid=BV1Hj9GBBEBL 已成功抓取全部所需数据。
[2026-04-07 06:46:57] [SUCCESS] bvid=BV1pZX6BnExp 已成功抓取全部所需数据。
[2026-04-07 06:47:02] [SUCCESS] bvid=BV1BDXCBQE5w 已成功抓取全部所需数据。
[2026-04-07 06:47:07] [SUCCESS] bvid=BV1PXX6B9Ewn 已成功抓取全部所需数据。
[2026-04-07 06:47:12] [SUCCESS] bvid=BV1rvXqBBESL 已成功抓取全部所需数据。
[2026-04-07 06:47:17] [SUCCESS] bvid=BV19j9VB4EuG 已成功抓取全部所需数据。
[2026-04-07 06:47:22] [SUCCESS] bvid=BV1Qj9VB4ETS 已成功抓取全部所需数据。
[2026-04-07 06:47:27] [SUCCESS] bvid=BV1Q79VBdE71 已成功抓取全部所需数据。
[2026-04-07 06:47:32] [SUCCESS] bvid=BV1D79VBdExQ 已成功抓取全部所需数据。
[2026-04-07 06:47:37] [SUCCESS] bvid=BV1Pj95B7E2w 已成功抓取全部所需数据。
[2026-04-07 06:47:42] [SUCCESS] bvid=BV19V9VBbEJp 已成功抓取全部所需数据。
[2026-04-07 06:47:47] [SUCCESS] bvid=BV1959VBZEJB 已成功抓取全部所需数据。
[2026-04-07 06:47:52] [SUCCESS] bvid=BV1cF9VBuECY 已成功抓取全部所需数据。
[2026-04-07 06:47:57] [SUCCESS] bvid=BV1WR9GBkEbp 已成功抓取全部所需数据。
[2026-04-07 06:48:02] [SUCCESS] bvid=BV1cF9VBuErU 已成功抓取全部所需数据。
[2026-04-07 06:48:07] [SUCCESS] bvid=BV1Ao9GB3ErQ 已成功抓取全部所需数据。
[2026-04-07 06:48:12] [SUCCESS] bvid=BV1FA9VBTE2i 已成功抓取全部所需数据。
[2026-04-07 06:48:17] [SUCCESS] bvid=BV1JA9VBTEej 已成功抓取全部所需数据。
[2026-04-07 06:48:21] [SUCCESS] bvid=BV1Wv9VBLE7m 已成功抓取全部所需数据。
[2026-04-07 06:48:27] [SUCCESS] bvid=BV1yv9VB5E56 已成功抓取全部所需数据。
[2026-04-07 06:48:32] [SUCCESS] bvid=BV11a9VBjEV7 已成功抓取全部所需数据。
[2026-04-07 06:48:36] [SUCCESS] bvid=BV1ki9VBCE6d 已成功抓取全部所需数据。
[2026-04-07 06:48:41] [SUCCESS] bvid=BV11a9VBjEyP 已成功抓取全部所需数据。
[2026-04-07 06:48:46] [SUCCESS] bvid=BV1VZXrBgEWm 已成功抓取全部所需数据。
[2026-04-07 06:48:51] [SUCCESS] bvid=BV1Ka9VB7EbY 已成功抓取全部所需数据。
[2026-04-07 06:48:57] [SUCCESS] bvid=BV1Ci9VBCEKr 已成功抓取全部所需数据。
[2026-04-07 06:49:02] [SUCCESS] bvid=BV1M19GBUEpp 已成功抓取全部所需数据。
[2026-04-07 06:49:07] [SUCCESS] bvid=BV1FwXrBUEgk 已成功抓取全部所需数据。
[2026-04-07 06:49:12] [SUCCESS] bvid=BV1JEXBBuETP 已成功抓取全部所需数据。
[2026-04-07 06:49:17] [SUCCESS] bvid=BV1My9GBJEKu 已成功抓取全部所需数据。
[2026-04-07 06:49:22] [SUCCESS] bvid=BV1Ty9GBJE61 已成功抓取全部所需数据。
[2026-04-07 06:49:27] [SUCCESS] bvid=BV11a9VBjE1E 已成功抓取全部所需数据。
[2026-04-07 06:49:32] [SUCCESS] bvid=BV1yY9VB1EYr 已成功抓取全部所需数据。
[2026-04-07 06:49:36] [SUCCESS] bvid=BV1yY9VB1EbU 已成功抓取全部所需数据。
[2026-04-07 06:49:41] [SUCCESS] bvid=BV1yY9VB1ERt 已成功抓取全部所需数据。
[2026-04-07 06:49:46] [SUCCESS] bvid=BV1rr9VBgEWM 已成功抓取全部所需数据。
[2026-04-07 06:49:51] [SUCCESS] bvid=BV1CY9VB1EmP 已成功抓取全部所需数据。
[2026-04-07 06:49:56] [SUCCESS] bvid=BV16k9VBzEx8 已成功抓取全部所需数据。
[2026-04-07 06:50:01] [SUCCESS] bvid=BV1ck9VB6EMp 已成功抓取全部所需数据。
[2026-04-07 06:50:06] [SUCCESS] bvid=BV16k9VBzEVP 已成功抓取全部所需数据。
[2026-04-07 06:50:11] [SUCCESS] bvid=BV1kz9VBrEeC 已成功抓取全部所需数据。
[2026-04-07 06:50:16] [SUCCESS] bvid=BV1wz9VBkEBA 已成功抓取全部所需数据。
[2026-04-07 06:50:21] [SUCCESS] bvid=BV1Dp9VBpEbz 已成功抓取全部所需数据。
[2026-04-07 07:00:26] [SUCCESS] bvid=BV1iQ9VBYEuR 已成功抓取全部所需数据。
[2026-04-07 07:00:32] [SUCCESS] bvid=BV1pPXoBaEWf 已成功抓取全部所需数据。
[2026-04-07 07:00:38] [SUCCESS] bvid=BV1XJXrBNEB1 已成功抓取全部所需数据。
[2026-04-07 07:00:43] [SUCCESS] bvid=BV1eZXrBuEiT 已成功抓取全部所需数据。
[2026-04-07 07:00:49] [SUCCESS] bvid=BV1SW9VBQExH 已成功抓取全部所需数据。
[2026-04-07 07:00:54] [SUCCESS] bvid=BV1DJ9VBsEuM 已成功抓取全部所需数据。
[2026-04-07 07:00:59] [SUCCESS] bvid=BV1Dn9VB9ECH 已成功抓取全部所需数据。
[2026-04-07 07:01:05] [SUCCESS] bvid=BV1Sn9VB9E44 已成功抓取全部所需数据。
[2026-04-07 07:01:10] [SUCCESS] bvid=BV12b9VBEEr3 已成功抓取全部所需数据。
[2026-04-07 07:01:15] [SUCCESS] bvid=BV1K89VBUEsD 已成功抓取全部所需数据。
[2026-04-07 07:01:20] [SUCCESS] bvid=BV1YyXdBLEck 已成功抓取全部所需数据。
[2026-04-07 07:01:25] [SUCCESS] bvid=BV1QyXdB5EdW 已成功抓取全部所需数据。
[2026-04-07 07:01:31] [SUCCESS] bvid=BV1QyXdB5Efp 已成功抓取全部所需数据。
[2026-04-07 07:01:36] [SUCCESS] bvid=BV1QyXdB5E2C 已成功抓取全部所需数据。
[2026-04-07 07:01:41] [SUCCESS] bvid=BV1XyXdB5Enz 已成功抓取全部所需数据。
[2026-04-07 07:01:46] [SUCCESS] bvid=BV1zr93BaEah 已成功抓取全部所需数据。
[2026-04-07 07:01:51] [SUCCESS] bvid=BV1249VBSEYH 已成功抓取全部所需数据。
[2026-04-07 07:01:57] [SUCCESS] bvid=BV1m49VBSEqZ 已成功抓取全部所需数据。
[2026-04-07 07:02:02] [SUCCESS] bvid=BV1pHXkBXEG7 已成功抓取全部所需数据。
[2026-04-07 07:02:08] [SUCCESS] bvid=BV1ThXrBZEpH 已成功抓取全部所需数据。
[2026-04-07 07:02:12] [SUCCESS] bvid=BV11KXBB7Ecv 已成功抓取全部所需数据。
[2026-04-07 07:02:17] [SUCCESS] bvid=BV1M19GBUEcC 已成功抓取全部所需数据。
[2026-04-07 07:02:23] [SUCCESS] bvid=BV1WyQUBMEFf 已成功抓取全部所需数据。
[2026-04-07 07:02:28] [SUCCESS] bvid=BV1WqXrB9EfQ 已成功抓取全部所需数据。
[2026-04-07 07:02:33] [SUCCESS] bvid=BV1R7XCB5EHA 已成功抓取全部所需数据。
[2026-04-07 07:02:38] [SUCCESS] bvid=BV1XwXyB5EDY 已成功抓取全部所需数据。
[2026-04-07 07:02:44] [SUCCESS] bvid=BV19Z9VBbEW7 已成功抓取全部所需数据。
[2026-04-07 07:02:49] [SUCCESS] bvid=BV1aZ9VBbE77 已成功抓取全部所需数据。
[2026-04-07 07:02:54] [SUCCESS] bvid=BV1o3XrB6EV9 已成功抓取全部所需数据。
[2026-04-07 07:02:59] [SUCCESS] bvid=BV17x9GBaEpP 已成功抓取全部所需数据。
[2026-04-07 07:03:05] [SUCCESS] bvid=BV1iU9VBvEdV 已成功抓取全部所需数据。
[2026-04-07 07:03:10] [SUCCESS] bvid=BV1q19VBqEo2 已成功抓取全部所需数据。
[2026-04-07 07:03:15] [SUCCESS] bvid=BV1By9VBMEfq 已成功抓取全部所需数据。
[2026-04-07 07:03:21] [SUCCESS] bvid=BV1v99VBwEYk 已成功抓取全部所需数据。
[2026-04-07 07:03:26] [SUCCESS] bvid=BV1eR9VBhE5M 已成功抓取全部所需数据。
[2026-04-07 07:03:31] [SUCCESS] bvid=BV1e99VBwErY 已成功抓取全部所需数据。
[2026-04-07 07:03:37] [SUCCESS] bvid=BV1eR9VBhESy 已成功抓取全部所需数据。
[2026-04-07 07:03:42] [SUCCESS] bvid=BV1iQ9VBYEM3 已成功抓取全部所需数据。
[2026-04-07 07:03:48] [SUCCESS] bvid=BV1Jx95BgEvo 已成功抓取全部所需数据。
[2026-04-07 07:03:53] [SUCCESS] bvid=BV1sV95BEEsD 已成功抓取全部所需数据。
[2026-04-07 07:03:58] [SUCCESS] bvid=BV1xM95BQEkP 已成功抓取全部所需数据。
[2026-04-07 07:04:03] [SUCCESS] bvid=BV14M95BQEJf 已成功抓取全部所需数据。
[2026-04-07 07:04:08] [SUCCESS] bvid=BV1HE9GBTEz6 已成功抓取全部所需数据。
[2026-04-07 07:04:13] [SUCCESS] bvid=BV15b9GB8EUD 已成功抓取全部所需数据。
[2026-04-07 07:04:19] [SUCCESS] bvid=BV1pJ95B5E4J 已成功抓取全部所需数据。
[2026-04-07 07:04:24] [SUCCESS] bvid=BV1pj95BjE9X 已成功抓取全部所需数据。
[2026-04-07 07:04:29] [SUCCESS] bvid=BV1Cj95BjEtH 已成功抓取全部所需数据。
[2026-04-07 07:04:34] [SUCCESS] bvid=BV1wv93BqEJK 已成功抓取全部所需数据。
[2026-04-07 07:04:39] [SUCCESS] bvid=BV1uE93BEErM 已成功抓取全部所需数据。
[2026-04-07 07:04:39] [INFO] 当前 batch_crawl 已完成，所有视频均已成功抓取。
[2026-04-07 07:04:39] 子任务结束时间：2026-04-07T07:04:39.906954
[TIMESTAMP][END] 2026-04-07T07:04:39
