[TIMESTAMP][BEGIN] 2026-04-07T06:36:56
[2026-04-07 06:36:58] 开始执行 CSV 批量抓取子任务 part_42。
[2026-04-07 06:36:58] 子任务开始时间：2026-04-07T06:36:56.292693
[2026-04-07 06:36:58] 输入文件：batch_input_42.csv
[2026-04-07 06:36:58] 输入唯一 bvid 数量：100
[2026-04-07 06:36:58] 为严格按 CSV 顺序判断连续失败阈值，本次任务自动将并发度从 2 调整为 1。
[2026-04-07 06:37:05] [SUCCESS] bvid=BV1TY9LBsE2M 已成功抓取全部所需数据。
[2026-04-07 06:37:11] [SUCCESS] bvid=BV1tt9LBZEE1 已成功抓取全部所需数据。
[2026-04-07 06:37:17] [SUCCESS] bvid=BV1St9LBoEAo 已成功抓取全部所需数据。
[2026-04-07 06:37:24] [SUCCESS] bvid=BV1M89LB4E6i 已成功抓取全部所需数据。
[2026-04-07 06:37:30] [SUCCESS] bvid=BV11x93BkEnq 已成功抓取全部所需数据。
[2026-04-07 06:37:37] [SUCCESS] bvid=BV1KSX6BdEU3 已成功抓取全部所需数据。
[2026-04-07 06:37:43] [SUCCESS] bvid=BV1Ex95BgE1b 已成功抓取全部所需数据。
[2026-04-07 06:37:49] [SUCCESS] bvid=BV1GY9GBoEDH 已成功抓取全部所需数据。
[2026-04-07 06:37:56] [SUCCESS] bvid=BV1dVXrBuE49 已成功抓取全部所需数据。
[2026-04-07 06:38:02] [SUCCESS] bvid=BV1Cv9VB5EFA 已成功抓取全部所需数据。
[2026-04-07 06:38:08] [SUCCESS] bvid=BV11YXrBxEkm 已成功抓取全部所需数据。
[2026-04-07 06:38:15] [SUCCESS] bvid=BV1M89LB4Epq 已成功抓取全部所需数据。
[2026-04-07 06:38:21] [SUCCESS] bvid=BV1M89LB4Ex2 已成功抓取全部所需数据。
[2026-04-07 06:38:27] [SUCCESS] bvid=BV1U89LBxEbF 已成功抓取全部所需数据。
[2026-04-07 06:38:33] [SUCCESS] bvid=BV1m89LBxEbi 已成功抓取全部所需数据。
[2026-04-07 06:38:39] [SUCCESS] bvid=BV1ifXCBjEFd 已成功抓取全部所需数据。
[2026-04-07 06:38:45] [SUCCESS] bvid=BV1ew9jBvEPm 已成功抓取全部所需数据。
[2026-04-07 06:38:51] [SUCCESS] bvid=BV1Yw9jBeE5d 已成功抓取全部所需数据。
[2026-04-07 06:38:57] [SUCCESS] bvid=BV1aP9jBAEHe 已成功抓取全部所需数据。
[2026-04-07 06:39:04] [SUCCESS] bvid=BV1Bm9VBKEjo 已成功抓取全部所需数据。
[2026-04-07 06:39:10] [SUCCESS] bvid=BV1hP9jBAER9 已成功抓取全部所需数据。
[2026-04-07 06:39:16] [SUCCESS] bvid=BV1hP9jBAEmA 已成功抓取全部所需数据。
[2026-04-07 06:39:22] [SUCCESS] bvid=BV1ef9LBiE6H 已成功抓取全部所需数据。
[2026-04-07 06:39:29] [SUCCESS] bvid=BV1ef9LBiEkK 已成功抓取全部所需数据。
[2026-04-07 06:39:35] [SUCCESS] bvid=BV1Vf9LBqEhp 已成功抓取全部所需数据。
[2026-04-07 06:39:40] [SUCCESS] bvid=BV1ac9jBNEDD 已成功抓取全部所需数据。
[2026-04-07 06:39:45] [SUCCESS] bvid=BV1ac9jBNEjW 已成功抓取全部所需数据。
[2026-04-07 06:39:51] [SUCCESS] bvid=BV1Xc9jBNEYZ 已成功抓取全部所需数据。
[2026-04-07 06:39:56] [SUCCESS] bvid=BV1ST9jBcEpM 已成功抓取全部所需数据。
[2026-04-07 06:40:01] [SUCCESS] bvid=BV1meXCBYEpg 已成功抓取全部所需数据。
[2026-04-07 06:40:06] [SUCCESS] bvid=BV1ec9jBNEhP 已成功抓取全部所需数据。
[2026-04-07 06:40:11] [SUCCESS] bvid=BV1bM9jB8Eo9 已成功抓取全部所需数据。
[2026-04-07 06:40:17] [SUCCESS] bvid=BV1bM9jB8EVE 已成功抓取全部所需数据。
[2026-04-07 06:40:22] [SUCCESS] bvid=BV18M9jB8EHv 已成功抓取全部所需数据。
[2026-04-07 06:40:27] [SUCCESS] bvid=BV18M9jB8Et1 已成功抓取全部所需数据。
[2026-04-07 06:40:32] [SUCCESS] bvid=BV1Ho9GB3E49 已成功抓取全部所需数据。
[2026-04-07 06:40:38] [SUCCESS] bvid=BV1VqXkBkEDY 已成功抓取全部所需数据。
[2026-04-07 06:40:43] [SUCCESS] bvid=BV18M9jB8E27 已成功抓取全部所需数据。
[2026-04-07 06:40:49] [SUCCESS] bvid=BV1mu9jBfExb 已成功抓取全部所需数据。
[2026-04-07 06:40:54] [SUCCESS] bvid=BV18u9jBfEwD 已成功抓取全部所需数据。
[2026-04-07 06:40:59] [SUCCESS] bvid=BV1Su9jBfEha 已成功抓取全部所需数据。
[2026-04-07 06:41:05] [SUCCESS] bvid=BV1bu9jBfEh9 已成功抓取全部所需数据。
[2026-04-07 06:41:10] [SUCCESS] bvid=BV18N9jBaEDQ 已成功抓取全部所需数据。
[2026-04-07 06:41:15] [SUCCESS] bvid=BV1gN9jBYEZU 已成功抓取全部所需数据。
[2026-04-07 06:41:20] [SUCCESS] bvid=BV14gXkBcEUP 已成功抓取全部所需数据。
[2026-04-07 06:41:26] [SUCCESS] bvid=BV1REXCBCEHB 已成功抓取全部所需数据。
[2026-04-07 06:41:31] [SUCCESS] bvid=BV1gp9VBWE8o 已成功抓取全部所需数据。
[2026-04-07 06:41:36] [SUCCESS] bvid=BV1YcXkBTEcM 已成功抓取全部所需数据。
[2026-04-07 06:41:41] [SUCCESS] bvid=BV1uNX9BPEkL 已成功抓取全部所需数据。
[2026-04-07 06:41:46] [SUCCESS] bvid=BV1DN9jBaEBE 已成功抓取全部所需数据。
[2026-04-07 06:41:51] [SUCCESS] bvid=BV1aN9jBaEcQ 已成功抓取全部所需数据。
[2026-04-07 06:41:56] [SUCCESS] bvid=BV1QN9jBaETX 已成功抓取全部所需数据。
[2026-04-07 06:42:02] [SUCCESS] bvid=BV1iQ9LB3EqT 已成功抓取全部所需数据。
[2026-04-07 06:42:07] [SUCCESS] bvid=BV1DN9jBaELw 已成功抓取全部所需数据。
[2026-04-07 06:42:12] [SUCCESS] bvid=BV1hT9jBcEx3 已成功抓取全部所需数据。
[2026-04-07 06:42:18] [SUCCESS] bvid=BV18T9jBcEcL 已成功抓取全部所需数据。
[2026-04-07 06:42:23] [SUCCESS] bvid=BV1hT9jBcEui 已成功抓取全部所需数据。
[2026-04-07 06:42:29] [SUCCESS] bvid=BV1hT9jBcEMy 已成功抓取全部所需数据。
[2026-04-07 06:42:34] [SUCCESS] bvid=BV1bT9jBcERf 已成功抓取全部所需数据。
[2026-04-07 06:42:39] [SUCCESS] bvid=BV1zS9LBkEnM 已成功抓取全部所需数据。
[2026-04-07 06:42:45] [SUCCESS] bvid=BV1zS9LBkEJm 已成功抓取全部所需数据。
[2026-04-07 06:42:49] [SUCCESS] bvid=BV1ZS9LBkEBx 已成功抓取全部所需数据。
[2026-04-07 06:42:54] [SUCCESS] bvid=BV1BS9LBkEMo 已成功抓取全部所需数据。
[2026-04-07 06:43:00] [SUCCESS] bvid=BV1jQ9LBGEYG 已成功抓取全部所需数据。
[2026-04-07 06:43:05] [SUCCESS] bvid=BV1EQ9LBGEAy 已成功抓取全部所需数据。
[2026-04-07 06:43:10] [SUCCESS] bvid=BV1iQ9LB3EqE 已成功抓取全部所需数据。
[2026-04-07 06:43:15] [SUCCESS] bvid=BV1629LByEYp 已成功抓取全部所需数据。
[2026-04-07 06:43:20] [SUCCESS] bvid=BV1F29LB1E9T 已成功抓取全部所需数据。
[2026-04-07 06:43:25] [SUCCESS] bvid=BV1629LByEip 已成功抓取全部所需数据。
[2026-04-07 06:43:30] [SUCCESS] bvid=BV1fU9LBVEYA 已成功抓取全部所需数据。
[2026-04-07 06:43:35] [SUCCESS] bvid=BV1zU9LBVEQ3 已成功抓取全部所需数据。
[2026-04-07 06:43:40] [SUCCESS] bvid=BV1LG9VBcEDV 已成功抓取全部所需数据。
[2026-04-07 06:43:45] [SUCCESS] bvid=BV1id9LBBEPX 已成功抓取全部所需数据。
[2026-04-07 06:43:50] [SUCCESS] bvid=BV1Rd9LBBEQY 已成功抓取全部所需数据。
[2026-04-07 06:43:55] [SUCCESS] bvid=BV1id9LBBEMo 已成功抓取全部所需数据。
[2026-04-07 06:44:00] [SUCCESS] bvid=BV1Rd9LBBEpz 已成功抓取全部所需数据。
[2026-04-07 06:44:05] [SUCCESS] bvid=BV1K4XzBXEYc 已成功抓取全部所需数据。
[2026-04-07 06:44:10] [SUCCESS] bvid=BV1sG9GB3Egh 已成功抓取全部所需数据。
[2026-04-07 06:44:16] [SUCCESS] bvid=BV1KLXkBZENH 已成功抓取全部所需数据。
[2026-04-07 06:44:21] [SUCCESS] bvid=BV1k6XrBDE7U 已成功抓取全部所需数据。
[2026-04-07 06:44:25] [SUCCESS] bvid=BV1eZ9LBTEUA 已成功抓取全部所需数据。
[2026-04-07 06:44:30] [SUCCESS] bvid=BV1qX9LB6EH2 已成功抓取全部所需数据。
[2026-04-07 06:44:36] [SUCCESS] bvid=BV1ZX9LB6EpK 已成功抓取全部所需数据。
[2026-04-07 06:44:40] [SUCCESS] bvid=BV1LR9LBgECn 已成功抓取全部所需数据。
[2026-04-07 06:44:45] [SUCCESS] bvid=BV1dg9VBhEXf 已成功抓取全部所需数据。
[2026-04-07 06:44:50] [SUCCESS] bvid=BV1LG9VBcE8W 已成功抓取全部所需数据。
[2026-04-07 06:44:55] [SUCCESS] bvid=BV1RG9VBFEKY 已成功抓取全部所需数据。
[2026-04-07 06:45:00] [SUCCESS] bvid=BV1rjXBB6ETM 已成功抓取全部所需数据。
[2026-04-07 06:45:05] [SUCCESS] bvid=BV1bx9VBHEsy 已成功抓取全部所需数据。
[2026-04-07 06:45:11] [SUCCESS] bvid=BV1dT9VBYEQz 已成功抓取全部所需数据。
[2026-04-07 06:45:16] [SUCCESS] bvid=BV1VnXCBVE8F 已成功抓取全部所需数据。
[2026-04-07 06:45:21] [SUCCESS] bvid=BV1ZT9VBYEJ4 已成功抓取全部所需数据。
[2026-04-07 06:45:26] [SUCCESS] bvid=BV1oT9VBYEoU 已成功抓取全部所需数据。
[2026-04-07 06:45:31] [SUCCESS] bvid=BV1ZT9VBYEjw 已成功抓取全部所需数据。
[2026-04-07 06:45:37] [SUCCESS] bvid=BV17T9VBeEcp 已成功抓取全部所需数据。
[2026-04-07 06:45:42] [SUCCESS] bvid=BV1Fc9VBBEGo 已成功抓取全部所需数据。
[2026-04-07 06:45:47] [SUCCESS] bvid=BV1ju9VBAEZH 已成功抓取全部所需数据。
[2026-04-07 06:45:53] [SUCCESS] bvid=BV1ou9VBwEci 已成功抓取全部所需数据。
[2026-04-07 06:45:58] [SUCCESS] bvid=BV12xXzBpExQ 已成功抓取全部所需数据。
[2026-04-07 06:46:03] [SUCCESS] bvid=BV1c2XCBxEcs 已成功抓取全部所需数据。
[2026-04-07 06:46:03] [INFO] 当前 batch_crawl 已完成，所有视频均已成功抓取。
[2026-04-07 06:46:03] 子任务结束时间：2026-04-07T06:46:03.528185
[TIMESTAMP][END] 2026-04-07T06:46:03
