[TIMESTAMP][BEGIN] 2026-04-07T05:55:32
[2026-04-07 05:55:34] 开始执行 CSV 批量抓取子任务 part_37。
[2026-04-07 05:55:34] 子任务开始时间：2026-04-07T05:55:32.319795
[2026-04-07 05:55:34] 输入文件：batch_input_37.csv
[2026-04-07 05:55:34] 输入唯一 bvid 数量：100
[2026-04-07 05:55:34] 为严格按 CSV 顺序判断连续失败阈值，本次任务自动将并发度从 2 调整为 1。
[2026-04-07 05:55:39] [SUCCESS] bvid=BV1wW9jBnEAU 已成功抓取全部所需数据。
[2026-04-07 05:55:44] [SUCCESS] bvid=BV1HW9jBJEYL 已成功抓取全部所需数据。
[2026-04-07 05:55:49] [SUCCESS] bvid=BV1ns9jBUErS 已成功抓取全部所需数据。
[2026-04-07 05:55:54] [SUCCESS] bvid=BV1AW9jBnEME 已成功抓取全部所需数据。
[2026-04-07 05:55:59] [SUCCESS] bvid=BV1CW9jBJENV 已成功抓取全部所需数据。
[2026-04-07 05:56:03] [SUCCESS] bvid=BV1pW9jBJEvh 已成功抓取全部所需数据。
[2026-04-07 05:56:08] [SUCCESS] bvid=BV1Hs9jBUEhq 已成功抓取全部所需数据。
[2026-04-07 05:56:13] [SUCCESS] bvid=BV1rs9jBUEJa 已成功抓取全部所需数据。
[2026-04-07 05:56:18] [SUCCESS] bvid=BV1Hs9jBUEDx 已成功抓取全部所需数据。
[2026-04-07 05:56:23] [SUCCESS] bvid=BV1BY9jBVEYe 已成功抓取全部所需数据。
[2026-04-07 05:56:28] [SUCCESS] bvid=BV1EY9jBVEPx 已成功抓取全部所需数据。
[2026-04-07 05:56:33] [SUCCESS] bvid=BV1z29LByE3D 已成功抓取全部所需数据。
[2026-04-07 05:56:38] [SUCCESS] bvid=BV17Y9jBVEAi 已成功抓取全部所需数据。
[2026-04-07 05:56:43] [SUCCESS] bvid=BV17e9jBkEMs 已成功抓取全部所需数据。
[2026-04-07 05:56:48] [SUCCESS] bvid=BV1D49LBtEcn 已成功抓取全部所需数据。
[2026-04-07 05:56:53] [SUCCESS] bvid=BV1L797BVEsy 已成功抓取全部所需数据。
[2026-04-07 05:56:58] [SUCCESS] bvid=BV1Ac9LBjEgA 已成功抓取全部所需数据。
[2026-04-07 05:57:04] [SUCCESS] bvid=BV1ap9LBwELE 已成功抓取全部所需数据。
[2026-04-07 05:57:09] [SUCCESS] bvid=BV1B1Q2BfERE 已成功抓取全部所需数据。
[2026-04-07 05:57:14] [SUCCESS] bvid=BV1D897BPEEj 已成功抓取全部所需数据。
[2026-04-07 05:57:19] [SUCCESS] bvid=BV1RE97BrEhk 已成功抓取全部所需数据。
[2026-04-07 05:57:24] [SUCCESS] bvid=BV1sn9jBHEw3 已成功抓取全部所需数据。
[2026-04-07 05:57:29] [SUCCESS] bvid=BV1zqXqBTEEW 已成功抓取全部所需数据。
[2026-04-07 05:57:34] [SUCCESS] bvid=BV1NPXVBkEWx 已成功抓取全部所需数据。
[2026-04-07 05:57:39] [SUCCESS] bvid=BV1Fu97BUEL7 已成功抓取全部所需数据。
[2026-04-07 05:57:44] [SUCCESS] bvid=BV1kaXqB6EoG 已成功抓取全部所需数据。
[2026-04-07 05:57:49] [SUCCESS] bvid=BV17e9jBCE4a 已成功抓取全部所需数据。
[2026-04-07 05:57:54] [SUCCESS] bvid=BV1je9jBkEs8 已成功抓取全部所需数据。
[2026-04-07 05:57:58] [SUCCESS] bvid=BV1qe9jBkEjW 已成功抓取全部所需数据。
[2026-04-07 05:57:59] [ERROR] bvid=BV1K59jB4EEu 抓取失败：stat: 接口返回错误代码：62002，信息：稿件不可见。
{'code': 62002, 'message': '稿件不可见', 'ttl': 1} | comment: 接口返回错误代码：62002，信息：稿件不可见。
{'code': 62002, 'message': '稿件不可见', 'ttl': 1}
[2026-04-07 05:58:04] [SUCCESS] bvid=BV1689jBLEFi 已成功抓取全部所需数据。
[2026-04-07 05:58:08] [SUCCESS] bvid=BV1Zh9jByEE2 已成功抓取全部所需数据。
[2026-04-07 05:58:14] [SUCCESS] bvid=BV1zh9jByE3y 已成功抓取全部所需数据。
[2026-04-07 05:58:19] [SUCCESS] bvid=BV1Eh9jBCEFD 已成功抓取全部所需数据。
[2026-04-07 05:58:24] [SUCCESS] bvid=BV17h9jByED7 已成功抓取全部所需数据。
[2026-04-07 05:58:28] [SUCCESS] bvid=BV1459jBxEiS 已成功抓取全部所需数据。
[2026-04-07 05:58:33] [SUCCESS] bvid=BV1459jBxEDJ 已成功抓取全部所需数据。
[2026-04-07 05:58:39] [SUCCESS] bvid=BV1459jBxEt3 已成功抓取全部所需数据。
[2026-04-07 05:58:39] [ERROR] bvid=BV1sL9jBRES3 抓取失败：stat: 接口返回错误代码：62002，信息：稿件不可见。
{'code': 62002, 'message': '稿件不可见', 'ttl': 1} | comment: 接口返回错误代码：62002，信息：稿件不可见。
{'code': 62002, 'message': '稿件不可见', 'ttl': 1}
[2026-04-07 05:58:44] [SUCCESS] bvid=BV1kH9jBDEJP 已成功抓取全部所需数据。
[2026-04-07 05:58:49] [SUCCESS] bvid=BV1459jBxEH7 已成功抓取全部所需数据。
[2026-04-07 05:58:54] [SUCCESS] bvid=BV11L9jBREKt 已成功抓取全部所需数据。
[2026-04-07 05:58:59] [SUCCESS] bvid=BV1b39jBtENk 已成功抓取全部所需数据。
[2026-04-07 05:59:04] [SUCCESS] bvid=BV1u39jBbE5F 已成功抓取全部所需数据。
[2026-04-07 05:59:09] [SUCCESS] bvid=BV1b39jBtEcd 已成功抓取全部所需数据。
[2026-04-07 05:59:14] [SUCCESS] bvid=BV1tG9jBoELe 已成功抓取全部所需数据。
[2026-04-07 05:59:19] [SUCCESS] bvid=BV1tG9jBoExs 已成功抓取全部所需数据。
[2026-04-07 05:59:24] [SUCCESS] bvid=BV1Cn9jBHEbL 已成功抓取全部所需数据。
[2026-04-07 05:59:29] [SUCCESS] bvid=BV1kn9jBHEDk 已成功抓取全部所需数据。
[2026-04-07 05:59:34] [SUCCESS] bvid=BV1yn9jBHEbo 已成功抓取全部所需数据。
[2026-04-07 05:59:39] [SUCCESS] bvid=BV1mG9jBoERd 已成功抓取全部所需数据。
[2026-04-07 05:59:44] [SUCCESS] bvid=BV1pn9jBHEfw 已成功抓取全部所需数据。
[2026-04-07 05:59:49] [SUCCESS] bvid=BV1Hn9jBHEfc 已成功抓取全部所需数据。
[2026-04-07 05:59:54] [SUCCESS] bvid=BV1pH9jBDEKk 已成功抓取全部所需数据。
[2026-04-07 05:59:59] [SUCCESS] bvid=BV1Pn9jBpEmU 已成功抓取全部所需数据。
[2026-04-07 06:00:04] [SUCCESS] bvid=BV19V9VBbEnY 已成功抓取全部所需数据。
[2026-04-07 06:00:09] [SUCCESS] bvid=BV1wH9jBQEdT 已成功抓取全部所需数据。
[2026-04-07 06:00:14] [SUCCESS] bvid=BV1pH9jBDECb 已成功抓取全部所需数据。
[2026-04-07 06:00:19] [SUCCESS] bvid=BV1Wn9jBHEkX 已成功抓取全部所需数据。
[2026-04-07 06:00:25] [SUCCESS] bvid=BV1pH9jBDEMW 已成功抓取全部所需数据。
[2026-04-07 06:00:30] [SUCCESS] bvid=BV1pH9jBDEuT 已成功抓取全部所需数据。
[2026-04-07 06:00:35] [SUCCESS] bvid=BV1ed9LBBEsK 已成功抓取全部所需数据。
[2026-04-07 06:00:40] [SUCCESS] bvid=BV1W79jBWEnU 已成功抓取全部所需数据。
[2026-04-07 06:00:45] [SUCCESS] bvid=BV1W79jBWEDM 已成功抓取全部所需数据。
[2026-04-07 06:00:50] [SUCCESS] bvid=BV1299jBfEzU 已成功抓取全部所需数据。
[2026-04-07 06:00:55] [SUCCESS] bvid=BV1ZdXeB4ENv 已成功抓取全部所需数据。
[2026-04-07 06:01:00] [SUCCESS] bvid=BV1NE9jB9E7o 已成功抓取全部所需数据。
[2026-04-07 06:01:05] [SUCCESS] bvid=BV1PE9jB9Edt 已成功抓取全部所需数据。
[2026-04-07 06:01:10] [SUCCESS] bvid=BV1sE9jBXEhq 已成功抓取全部所需数据。
[2026-04-07 06:01:15] [SUCCESS] bvid=BV1QW97BMEby 已成功抓取全部所需数据。
[2026-04-07 06:01:20] [SUCCESS] bvid=BV1WE9jBXE1U 已成功抓取全部所需数据。
[2026-04-07 06:01:25] [SUCCESS] bvid=BV1uQ9jBcEt5 已成功抓取全部所需数据。
[2026-04-07 06:01:30] [SUCCESS] bvid=BV1uQ9jBcEpy 已成功抓取全部所需数据。
[2026-04-07 06:01:35] [SUCCESS] bvid=BV1WE9jBXEVG 已成功抓取全部所需数据。
[2026-04-07 06:01:39] [SUCCESS] bvid=BV1tX9jB8Eq3 已成功抓取全部所需数据。
[2026-04-07 06:01:44] [SUCCESS] bvid=BV1uQ9jBcEzq 已成功抓取全部所需数据。
[2026-04-07 06:01:49] [SUCCESS] bvid=BV1UX9jB8Eka 已成功抓取全部所需数据。
[2026-04-07 06:01:54] [SUCCESS] bvid=BV1tX9jB8EVH 已成功抓取全部所需数据。
[2026-04-07 06:01:59] [SUCCESS] bvid=BV1MX9jB8E93 已成功抓取全部所需数据。
[2026-04-07 06:02:04] [SUCCESS] bvid=BV14X9jB8EnW 已成功抓取全部所需数据。
[2026-04-07 06:02:09] [SUCCESS] bvid=BV1gU9jBAECR 已成功抓取全部所需数据。
[2026-04-07 06:02:14] [SUCCESS] bvid=BV1Vk9jBTEo8 已成功抓取全部所需数据。
[2026-04-07 06:02:19] [SUCCESS] bvid=BV1SX9jB8EwP 已成功抓取全部所需数据。
[2026-04-07 06:02:24] [SUCCESS] bvid=BV1E397B7E3z 已成功抓取全部所需数据。
[2026-04-07 06:02:30] [SUCCESS] bvid=BV1Cy97B9EJv 已成功抓取全部所需数据。
[2026-04-07 06:02:35] [SUCCESS] bvid=BV1MX9jB8Eug 已成功抓取全部所需数据。
[2026-04-07 06:02:40] [SUCCESS] bvid=BV1MX9jB8E2c 已成功抓取全部所需数据。
[2026-04-07 06:02:45] [SUCCESS] bvid=BV1UX9jB8Eik 已成功抓取全部所需数据。
[2026-04-07 06:02:50] [SUCCESS] bvid=BV1iR9LBuEcx 已成功抓取全部所需数据。
[2026-04-07 06:02:55] [SUCCESS] bvid=BV1QwXkBiEjV 已成功抓取全部所需数据。
[2026-04-07 06:03:00] [SUCCESS] bvid=BV1qi9jB3EFx 已成功抓取全部所需数据。
[2026-04-07 06:03:05] [SUCCESS] bvid=BV1uU9jBAEaa 已成功抓取全部所需数据。
[2026-04-07 06:03:10] [SUCCESS] bvid=BV1MS9jBaEUi 已成功抓取全部所需数据。
[2026-04-07 06:03:14] [SUCCESS] bvid=BV1gS9jBaE8z 已成功抓取全部所需数据。
[2026-04-07 06:03:19] [SUCCESS] bvid=BV1Rn97BgEUi 已成功抓取全部所需数据。
[2026-04-07 06:03:25] [SUCCESS] bvid=BV1xo9jBoEti 已成功抓取全部所需数据。
[2026-04-07 06:03:30] [SUCCESS] bvid=BV1bU9jBAEfb 已成功抓取全部所需数据。
[2026-04-07 06:03:35] [SUCCESS] bvid=BV1uS9jBaEmP 已成功抓取全部所需数据。
[2026-04-07 06:03:40] [SUCCESS] bvid=BV1MS9jBaESh 已成功抓取全部所需数据。
[2026-04-07 06:03:45] [SUCCESS] bvid=BV1uY97BAEDn 已成功抓取全部所需数据。
[2026-04-07 06:03:45] [WARN] 当前子任务已结束，但仍有未成功抓取的视频，已导出 remaining CSV 供继续执行。
[2026-04-07 06:03:45] [INFO] 已导出剔除成功条目后的剩余 CSV：D:\Schoolworks\Thesis\Bilibili-Datahub\outputs\video_data\manual_crawls\manual_crawl_stat_comment_20260406_223825\remaining_bvids_part_37.csv
[2026-04-07 06:03:45] 子任务结束时间：2026-04-07T06:03:45.155625
[TIMESTAMP][END] 2026-04-07T06:03:45
