[TIMESTAMP][BEGIN] 2026-04-07T05:30:31
[2026-04-07 05:30:33] 开始执行 CSV 批量抓取子任务 part_34。
[2026-04-07 05:30:33] 子任务开始时间：2026-04-07T05:30:31.756923
[2026-04-07 05:30:33] 输入文件：batch_input_34.csv
[2026-04-07 05:30:33] 输入唯一 bvid 数量：100
[2026-04-07 05:30:33] 为严格按 CSV 顺序判断连续失败阈值，本次任务自动将并发度从 2 调整为 1。
[2026-04-07 05:30:38] [SUCCESS] bvid=BV1Rp9JBmEpb 已成功抓取全部所需数据。
[2026-04-07 05:30:43] [SUCCESS] bvid=BV1op9HBsEND 已成功抓取全部所需数据。
[2026-04-07 05:30:48] [SUCCESS] bvid=BV1J79HBfEvs 已成功抓取全部所需数据。
[2026-04-07 05:30:53] [SUCCESS] bvid=BV1d49HBQEar 已成功抓取全部所需数据。
[2026-04-07 05:30:58] [SUCCESS] bvid=BV19b9HBnEAQ 已成功抓取全部所需数据。
[2026-04-07 05:31:03] [SUCCESS] bvid=BV1dW9HBREmr 已成功抓取全部所需数据。
[2026-04-07 05:31:08] [SUCCESS] bvid=BV1Ca9VBjEoe 已成功抓取全部所需数据。
[2026-04-07 05:31:12] [SUCCESS] bvid=BV1hu9EBqE1z 已成功抓取全部所需数据。
[2026-04-07 05:31:17] [SUCCESS] bvid=BV1Pu9HBNEfQ 已成功抓取全部所需数据。
[2026-04-07 05:31:22] [SUCCESS] bvid=BV1Ag9HBeECZ 已成功抓取全部所需数据。
[2026-04-07 05:31:27] [SUCCESS] bvid=BV1KK9HBTEMm 已成功抓取全部所需数据。
[2026-04-07 05:31:31] [SUCCESS] bvid=BV1ayXdBLE24 已成功抓取全部所需数据。
[2026-04-07 05:31:36] [SUCCESS] bvid=BV1GyXdBLEmd 已成功抓取全部所需数据。
[2026-04-07 05:31:41] [SUCCESS] bvid=BV1QyXdB5ERy 已成功抓取全部所需数据。
[2026-04-07 05:31:46] [SUCCESS] bvid=BV1QyXdB5EZG 已成功抓取全部所需数据。
[2026-04-07 05:31:51] [SUCCESS] bvid=BV1XyXdB5EJC 已成功抓取全部所需数据。
[2026-04-07 05:31:56] [SUCCESS] bvid=BV1Fj9HB8Eqq 已成功抓取全部所需数据。
[2026-04-07 05:32:01] [SUCCESS] bvid=BV1Y19jBNET1 已成功抓取全部所需数据。
[2026-04-07 05:32:06] [SUCCESS] bvid=BV1eA9EBrEE9 已成功抓取全部所需数据。
[2026-04-07 05:32:10] [SUCCESS] bvid=BV1Dp9LBcECa 已成功抓取全部所需数据。
[2026-04-07 05:32:15] [SUCCESS] bvid=BV1pbXWBKE3F 已成功抓取全部所需数据。
[2026-04-07 05:32:20] [SUCCESS] bvid=BV1xf9jBxEFf 已成功抓取全部所需数据。
[2026-04-07 05:32:25] [SUCCESS] bvid=BV1Cr97BdEnw 已成功抓取全部所需数据。
[2026-04-07 05:32:31] [SUCCESS] bvid=BV18mwezKEGw 已成功抓取全部所需数据。
[2026-04-07 05:32:36] [SUCCESS] bvid=BV1UB9HB5EEu 已成功抓取全部所需数据。
[2026-04-07 05:32:41] [SUCCESS] bvid=BV1Mk9HBkEU2 已成功抓取全部所需数据。
[2026-04-07 05:32:45] [SUCCESS] bvid=BV12k9HBrE6j 已成功抓取全部所需数据。
[2026-04-07 05:32:53] [SUCCESS] bvid=BV1kQ9HBvE6c 已成功抓取全部所需数据。
[2026-04-07 05:32:58] [SUCCESS] bvid=BV1xs9nBNEck 已成功抓取全部所需数据。
[2026-04-07 05:33:03] [SUCCESS] bvid=BV1CU9HBqE1S 已成功抓取全部所需数据。
[2026-04-07 05:33:07] [SUCCESS] bvid=BV1QY9HBmEFQ 已成功抓取全部所需数据。
[2026-04-07 05:33:12] [SUCCESS] bvid=BV1G89HBDEQw 已成功抓取全部所需数据。
[2026-04-07 05:33:17] [SUCCESS] bvid=BV1Qv9HBjE2k 已成功抓取全部所需数据。
[2026-04-07 05:33:22] [SUCCESS] bvid=BV1R89HBSEND 已成功抓取全部所需数据。
[2026-04-07 05:33:27] [SUCCESS] bvid=BV1mz9HBCEYC 已成功抓取全部所需数据。
[2026-04-07 05:33:32] [SUCCESS] bvid=BV1Uz9HBCEHy 已成功抓取全部所需数据。
[2026-04-07 05:33:37] [SUCCESS] bvid=BV1uB9HBLEnk 已成功抓取全部所需数据。
[2026-04-07 05:33:42] [SUCCESS] bvid=BV1Yg9pBpE2r 已成功抓取全部所需数据。
[2026-04-07 05:33:46] [SUCCESS] bvid=BV1TH9nBMEzD 已成功抓取全部所需数据。
[2026-04-07 05:33:51] [SUCCESS] bvid=BV1pF97BREyi 已成功抓取全部所需数据。
[2026-04-07 05:33:56] [SUCCESS] bvid=BV1ro9HBwEGv 已成功抓取全部所需数据。
[2026-04-07 05:34:01] [SUCCESS] bvid=BV1Wa9pBMEAr 已成功抓取全部所需数据。
[2026-04-07 05:34:06] [SUCCESS] bvid=BV1bp9pB5E85 已成功抓取全部所需数据。
[2026-04-07 05:34:11] [SUCCESS] bvid=BV1W89pBzEEU 已成功抓取全部所需数据。
[2026-04-07 05:34:16] [SUCCESS] bvid=BV1Sv9JBBEj6 已成功抓取全部所需数据。
[2026-04-07 05:34:21] [SUCCESS] bvid=BV18L9nB3ETM 已成功抓取全部所需数据。
[2026-04-07 05:34:26] [SUCCESS] bvid=BV16Q9JBoEWC 已成功抓取全部所需数据。
[2026-04-07 05:34:31] [SUCCESS] bvid=BV14J9nBBEZ9 已成功抓取全部所需数据。
[2026-04-07 05:34:36] [SUCCESS] bvid=BV12J9nBBES9 已成功抓取全部所需数据。
[2026-04-07 05:34:40] [SUCCESS] bvid=BV18j9nB6ELi 已成功抓取全部所需数据。
[2026-04-07 05:34:46] [SUCCESS] bvid=BV1sx9nBeEJ8 已成功抓取全部所需数据。
[2026-04-07 05:34:51] [SUCCESS] bvid=BV1xp9nBiE2E 已成功抓取全部所需数据。
[2026-04-07 05:34:57] [SUCCESS] bvid=BV1So9nBVEgX 已成功抓取全部所需数据。
[2026-04-07 05:35:03] [SUCCESS] bvid=BV14p9nBiEkb 已成功抓取全部所需数据。
[2026-04-07 05:35:08] [SUCCESS] bvid=BV1go9nBVE9S 已成功抓取全部所需数据。
[2026-04-07 05:35:13] [SUCCESS] bvid=BV1h99nBLEtX 已成功抓取全部所需数据。
[2026-04-07 05:35:18] [SUCCESS] bvid=BV1a99nBLE7p 已成功抓取全部所需数据。
[2026-04-07 05:35:23] [SUCCESS] bvid=BV1uF9HB3EsB 已成功抓取全部所需数据。
[2026-04-07 05:35:28] [SUCCESS] bvid=BV1Kc9HB6EoQ 已成功抓取全部所需数据。
[2026-04-07 05:35:28] [ERROR] bvid=BV1jy9nBHE75 抓取失败：stat: 接口返回错误代码：-404，信息：啥都木有。
{'code': -404, 'message': '啥都木有', 'ttl': 1} | comment: 接口返回错误代码：-404，信息：啥都木有。
{'code': -404, 'message': '啥都木有', 'ttl': 1}
[2026-04-07 05:35:34] [SUCCESS] bvid=BV1d19nBDEYs 已成功抓取全部所需数据。
[2026-04-07 05:35:38] [SUCCESS] bvid=BV1Br9nBWEws 已成功抓取全部所需数据。
[2026-04-07 05:35:43] [SUCCESS] bvid=BV1VD9nB7EwP 已成功抓取全部所需数据。
[2026-04-07 05:35:48] [SUCCESS] bvid=BV1VD9nB7EpU 已成功抓取全部所需数据。
[2026-04-07 05:35:53] [SUCCESS] bvid=BV1VD9nB7EpL 已成功抓取全部所需数据。
[2026-04-07 05:35:58] [SUCCESS] bvid=BV1aD9nB7Ewr 已成功抓取全部所需数据。
[2026-04-07 05:36:04] [SUCCESS] bvid=BV1Lm9nBnELF 已成功抓取全部所需数据。
[2026-04-07 05:36:09] [SUCCESS] bvid=BV1eU9nBUEed 已成功抓取全部所需数据。
[2026-04-07 05:36:14] [SUCCESS] bvid=BV1GU9nBUED5 已成功抓取全部所需数据。
[2026-04-07 05:36:19] [SUCCESS] bvid=BV1VU9nBUEfR 已成功抓取全部所需数据。
[2026-04-07 05:36:24] [SUCCESS] bvid=BV1Rp9JB2E7q 已成功抓取全部所需数据。
[2026-04-07 05:36:29] [SUCCESS] bvid=BV1c8XWBvErC 已成功抓取全部所需数据。
[2026-04-07 05:36:34] [SUCCESS] bvid=BV1VU9nBUENP 已成功抓取全部所需数据。
[2026-04-07 05:36:39] [SUCCESS] bvid=BV1VU9nBUEcm 已成功抓取全部所需数据。
[2026-04-07 05:36:44] [SUCCESS] bvid=BV1GU9nBUEj1 已成功抓取全部所需数据。
[2026-04-07 05:36:49] [SUCCESS] bvid=BV1QK9EBzE4u 已成功抓取全部所需数据。
[2026-04-07 05:36:54] [SUCCESS] bvid=BV1eN9EBgEw3 已成功抓取全部所需数据。
[2026-04-07 05:36:59] [SUCCESS] bvid=BV1YK9EBzELV 已成功抓取全部所需数据。
[2026-04-07 05:37:04] [SUCCESS] bvid=BV1YA9EBrEkf 已成功抓取全部所需数据。
[2026-04-07 05:37:09] [SUCCESS] bvid=BV1S39EBKEMp 已成功抓取全部所需数据。
[2026-04-07 05:37:14] [SUCCESS] bvid=BV18G9EBvECj 已成功抓取全部所需数据。
[2026-04-07 05:37:19] [SUCCESS] bvid=BV1Du9EBqErh 已成功抓取全部所需数据。
[2026-04-07 05:37:24] [SUCCESS] bvid=BV18u9EBqEpU 已成功抓取全部所需数据。
[2026-04-07 05:37:29] [SUCCESS] bvid=BV1hu9EBqEV3 已成功抓取全部所需数据。
[2026-04-07 05:37:34] [SUCCESS] bvid=BV1hu9EBqEby 已成功抓取全部所需数据。
[2026-04-07 05:37:39] [SUCCESS] bvid=BV1fX97BEESx 已成功抓取全部所需数据。
[2026-04-07 05:37:44] [SUCCESS] bvid=BV1fX97BEEBS 已成功抓取全部所需数据。
[2026-04-07 05:37:49] [SUCCESS] bvid=BV13kXkBuES7 已成功抓取全部所需数据。
[2026-04-07 05:37:54] [SUCCESS] bvid=BV1q997BmEvE 已成功抓取全部所需数据。
[2026-04-07 05:37:59] [SUCCESS] bvid=BV1f997BmET4 已成功抓取全部所需数据。
[2026-04-07 05:38:04] [SUCCESS] bvid=BV1HS97BHENh 已成功抓取全部所需数据。
[2026-04-07 05:38:09] [SUCCESS] bvid=BV16S97BnEVr 已成功抓取全部所需数据。
[2026-04-07 05:38:14] [SUCCESS] bvid=BV1zD97BSEgi 已成功抓取全部所需数据。
[2026-04-07 05:38:19] [SUCCESS] bvid=BV16D97BSE2c 已成功抓取全部所需数据。
[2026-04-07 05:38:24] [SUCCESS] bvid=BV1qf97B5Ew6 已成功抓取全部所需数据。
[2026-04-07 05:38:29] [SUCCESS] bvid=BV1if97B5Ey5 已成功抓取全部所需数据。
[2026-04-07 05:38:33] [SUCCESS] bvid=BV1969jBBEwj 已成功抓取全部所需数据。
[2026-04-07 05:38:38] [SUCCESS] bvid=BV1iF9EBCEGF 已成功抓取全部所需数据。
[2026-04-07 05:38:44] [SUCCESS] bvid=BV1cb9EBREb6 已成功抓取全部所需数据。
[2026-04-07 05:38:48] [SUCCESS] bvid=BV1qd97BjErB 已成功抓取全部所需数据。
[2026-04-07 05:38:48] [WARN] 当前子任务已结束，但仍有未成功抓取的视频，已导出 remaining CSV 供继续执行。
[2026-04-07 05:38:48] [INFO] 已导出剔除成功条目后的剩余 CSV：D:\Schoolworks\Thesis\Bilibili-Datahub\outputs\video_data\manual_crawls\manual_crawl_stat_comment_20260406_223825\remaining_bvids_part_34.csv
[2026-04-07 05:38:48] 子任务结束时间：2026-04-07T05:38:48.953061
[TIMESTAMP][END] 2026-04-07T05:38:48
