[TIMESTAMP][BEGIN] 2026-04-06T23:30:24
[2026-04-06 23:30:27] 开始执行 CSV 批量抓取子任务 part_5。
[2026-04-06 23:30:27] 子任务开始时间：2026-04-06T23:30:24.507365
[2026-04-06 23:30:27] 输入文件：batch_input_5.csv
[2026-04-06 23:30:27] 输入唯一 bvid 数量：100
[2026-04-06 23:30:27] 为严格按 CSV 顺序判断连续失败阈值，本次任务自动将并发度从 2 调整为 1。
[2026-04-06 23:30:33] [SUCCESS] bvid=BV1DuSUB5EXi 已成功抓取全部所需数据。
[2026-04-06 23:30:38] [SUCCESS] bvid=BV1QuSUB5EBe 已成功抓取全部所需数据。
[2026-04-06 23:30:44] [SUCCESS] bvid=BV1DuSUB5Ej7 已成功抓取全部所需数据。
[2026-04-06 23:30:50] [SUCCESS] bvid=BV1DuSUB5E7h 已成功抓取全部所需数据。
[2026-04-06 23:30:56] [SUCCESS] bvid=BV1mgcjzCENA 已成功抓取全部所需数据。
[2026-04-06 23:31:02] [SUCCESS] bvid=BV1mgcjzCELA 已成功抓取全部所需数据。
[2026-04-06 23:31:08] [SUCCESS] bvid=BV1HNXeBaEKG 已成功抓取全部所需数据。
[2026-04-06 23:31:14] [SUCCESS] bvid=BV1puSSBPEtd 已成功抓取全部所需数据。
[2026-04-06 23:31:20] [SUCCESS] bvid=BV1wWDuBxE6G 已成功抓取全部所需数据。
[2026-04-06 23:31:26] [SUCCESS] bvid=BV1j4D5BfEXw 已成功抓取全部所需数据。
[2026-04-06 23:31:31] [SUCCESS] bvid=BV1y6DMBREjP 已成功抓取全部所需数据。
[2026-04-06 23:31:37] [SUCCESS] bvid=BV1HZD5BqEaz 已成功抓取全部所需数据。
[2026-04-06 23:31:43] [SUCCESS] bvid=BV1P9D5B3EUT 已成功抓取全部所需数据。
[2026-04-06 23:31:49] [SUCCESS] bvid=BV1859EBPEFo 已成功抓取全部所需数据。
[2026-04-06 23:31:55] [SUCCESS] bvid=BV1MfXZBCECh 已成功抓取全部所需数据。
[2026-04-06 23:32:00] [SUCCESS] bvid=BV1tkD5BmETq 已成功抓取全部所需数据。
[2026-04-06 23:32:06] [SUCCESS] bvid=BV1AWDuBxEQ9 已成功抓取全部所需数据。
[2026-04-06 23:32:12] [SUCCESS] bvid=BV1ze9uBbECb 已成功抓取全部所需数据。
[2026-04-06 23:32:18] [SUCCESS] bvid=BV1uQDuBTEJZ 已成功抓取全部所需数据。
[2026-04-06 23:32:24] [SUCCESS] bvid=BV1Jd9MBxE9k 已成功抓取全部所需数据。
[2026-04-06 23:32:30] [SUCCESS] bvid=BV1QuSUBLETk 已成功抓取全部所需数据。
[2026-04-06 23:32:36] [SUCCESS] bvid=BV1XPSUBmECT 已成功抓取全部所需数据。
[2026-04-06 23:32:42] [SUCCESS] bvid=BV1XPSUBmEqq 已成功抓取全部所需数据。
[2026-04-06 23:32:47] [SUCCESS] bvid=BV19KSUBjE39 已成功抓取全部所需数据。
[2026-04-06 23:32:53] [SUCCESS] bvid=BV1VKSUB7EbA 已成功抓取全部所需数据。
[2026-04-06 23:32:58] [SUCCESS] bvid=BV1qBSUBsEFq 已成功抓取全部所需数据。
[2026-04-06 23:33:04] [SUCCESS] bvid=BV1UfXZBkE56 已成功抓取全部所需数据。
[2026-04-06 23:33:09] [SUCCESS] bvid=BV1iBSUBsEqC 已成功抓取全部所需数据。
[2026-04-06 23:33:15] [SUCCESS] bvid=BV1oBSUBsEZz 已成功抓取全部所需数据。
[2026-04-06 23:33:20] [SUCCESS] bvid=BV13gX5BtEzf 已成功抓取全部所需数据。
[2026-04-06 23:33:25] [SUCCESS] bvid=BV1ozSUB9ELo 已成功抓取全部所需数据。
[2026-04-06 23:33:31] [SUCCESS] bvid=BV1qzSUB9Ekd 已成功抓取全部所需数据。
[2026-04-06 23:33:37] [SUCCESS] bvid=BV1fvSUB4Egm 已成功抓取全部所需数据。
[2026-04-06 23:33:42] [SUCCESS] bvid=BV1qiSUBdEmp 已成功抓取全部所需数据。
[2026-04-06 23:33:48] [SUCCESS] bvid=BV1FvSUBtEFx 已成功抓取全部所需数据。
[2026-04-06 23:33:54] [SUCCESS] bvid=BV1heDGBLE9K 已成功抓取全部所需数据。
[2026-04-06 23:34:00] [SUCCESS] bvid=BV1BvSUB4Epp 已成功抓取全部所需数据。
[2026-04-06 23:34:05] [SUCCESS] bvid=BV1BvSUB4ExV 已成功抓取全部所需数据。
[2026-04-06 23:34:11] [SUCCESS] bvid=BV1ZiSUBdEdy 已成功抓取全部所需数据。
[2026-04-06 23:34:17] [SUCCESS] bvid=BV1BiSUBdEGr 已成功抓取全部所需数据。
[2026-04-06 23:34:23] [SUCCESS] bvid=BV1fiSUBdEtM 已成功抓取全部所需数据。
[2026-04-06 23:34:28] [SUCCESS] bvid=BV1f99MBdEHe 已成功抓取全部所需数据。
[2026-04-06 23:34:34] [SUCCESS] bvid=BV1vySUBnE55 已成功抓取全部所需数据。
[2026-04-06 23:34:39] [SUCCESS] bvid=BV1Y1SUBSEMA 已成功抓取全部所需数据。
[2026-04-06 23:34:45] [SUCCESS] bvid=BV1rbSUBhExV 已成功抓取全部所需数据。
[2026-04-06 23:34:50] [SUCCESS] bvid=BV1e1SUBSE4F 已成功抓取全部所需数据。
[2026-04-06 23:34:56] [SUCCESS] bvid=BV1DDSUBjEZv 已成功抓取全部所需数据。
[2026-04-06 23:35:01] [SUCCESS] bvid=BV1a1SUBSEqS 已成功抓取全部所需数据。
[2026-04-06 23:35:06] [SUCCESS] bvid=BV1vrSUBpEHc 已成功抓取全部所需数据。
[2026-04-06 23:35:12] [SUCCESS] bvid=BV1CxSUBYEG2 已成功抓取全部所需数据。
[2026-04-06 23:35:17] [SUCCESS] bvid=BV1ZjSSBbEq4 已成功抓取全部所需数据。
[2026-04-06 23:35:23] [SUCCESS] bvid=BV1AtSUBAEsd 已成功抓取全部所需数据。
[2026-04-06 23:35:28] [SUCCESS] bvid=BV1CtSUBwEcv 已成功抓取全部所需数据。
[2026-04-06 23:35:34] [SUCCESS] bvid=BV1AtSUBAEyn 已成功抓取全部所需数据。
[2026-04-06 23:35:39] [SUCCESS] bvid=BV1AtSUBAELx 已成功抓取全部所需数据。
[2026-04-06 23:35:44] [SUCCESS] bvid=BV1NpSUBiEB5 已成功抓取全部所需数据。
[2026-04-06 23:35:50] [SUCCESS] bvid=BV1CpSUBvEoj 已成功抓取全部所需数据。
[2026-04-06 23:35:55] [SUCCESS] bvid=BV11pSUBvEva 已成功抓取全部所需数据。
[2026-04-06 23:36:01] [SUCCESS] bvid=BV1ypSUBvE9r 已成功抓取全部所需数据。
[2026-04-06 23:36:07] [SUCCESS] bvid=BV1CsSUBPEoW 已成功抓取全部所需数据。
[2026-04-06 23:36:12] [SUCCESS] bvid=BV19ZDKBvE7V 已成功抓取全部所需数据。
[2026-04-06 23:36:18] [SUCCESS] bvid=BV16aSUBbEoJ 已成功抓取全部所需数据。
[2026-04-06 23:36:23] [SUCCESS] bvid=BV1yTD5BrEMy 已成功抓取全部所需数据。
[2026-04-06 23:36:29] [SUCCESS] bvid=BV11PSSBqEKd 已成功抓取全部所需数据。
[2026-04-06 23:36:34] [SUCCESS] bvid=BV1ZR9KB7Ew6 已成功抓取全部所需数据。
[2026-04-06 23:36:40] [SUCCESS] bvid=BV17bDTB5EWE 已成功抓取全部所需数据。
[2026-04-06 23:36:45] [SUCCESS] bvid=BV1eaDNBaEEk 已成功抓取全部所需数据。
[2026-04-06 23:36:51] [SUCCESS] bvid=BV1UoSUBGEYR 已成功抓取全部所需数据。
[2026-04-06 23:36:56] [SUCCESS] bvid=BV1GJDKBaEPo 已成功抓取全部所需数据。
[2026-04-06 23:37:06] [SUCCESS] bvid=BV1exDGBDEJM 已成功抓取全部所需数据。
[2026-04-06 23:37:14] [SUCCESS] bvid=BV11uD5BgE3S 已成功抓取全部所需数据。
[2026-04-06 23:37:26] [SUCCESS] bvid=BV1caSUB8Ewy 已成功抓取全部所需数据。
[2026-04-06 23:37:37] [SUCCESS] bvid=BV1zYSUBZEMq 已成功抓取全部所需数据。
[2026-04-06 23:37:47] [SUCCESS] bvid=BV16hSUBcEV3 已成功抓取全部所需数据。
[2026-04-06 23:37:53] [SUCCESS] bvid=BV1rbSUBhEL5 已成功抓取全部所需数据。
[2026-04-06 23:37:58] [SUCCESS] bvid=BV1rbSUBhESh 已成功抓取全部所需数据。
[2026-04-06 23:38:04] [SUCCESS] bvid=BV1pbSUBaErR 已成功抓取全部所需数据。
[2026-04-06 23:38:09] [SUCCESS] bvid=BV1sASSBMEVz 已成功抓取全部所需数据。
[2026-04-06 23:38:15] [SUCCESS] bvid=BV1xASSBME5s 已成功抓取全部所需数据。
[2026-04-06 23:38:20] [SUCCESS] bvid=BV11ASSBMEbe 已成功抓取全部所需数据。
[2026-04-06 23:38:26] [SUCCESS] bvid=BV1mFSSBgEsk 已成功抓取全部所需数据。
[2026-04-06 23:38:31] [SUCCESS] bvid=BV1WxXZBKEpG 已成功抓取全部所需数据。
[2026-04-06 23:38:37] [SUCCESS] bvid=BV1tFSSBgEA5 已成功抓取全部所需数据。
[2026-04-06 23:38:43] [SUCCESS] bvid=BV12FSSBgEb5 已成功抓取全部所需数据。
[2026-04-06 23:38:48] [SUCCESS] bvid=BV14cSSBzE79 已成功抓取全部所需数据。
[2026-04-06 23:38:53] [SUCCESS] bvid=BV11cSSBzE1T 已成功抓取全部所需数据。
[2026-04-06 23:38:59] [SUCCESS] bvid=BV11cSSBzEHp 已成功抓取全部所需数据。
[2026-04-06 23:39:04] [SUCCESS] bvid=BV12cSSBzEz4 已成功抓取全部所需数据。
[2026-04-06 23:39:09] [SUCCESS] bvid=BV1scSSBzERj 已成功抓取全部所需数据。
[2026-04-06 23:39:15] [SUCCESS] bvid=BV1ycSSBzEdG 已成功抓取全部所需数据。
[2026-04-06 23:39:20] [SUCCESS] bvid=BV1CuSSBPEKR 已成功抓取全部所需数据。
[2026-04-06 23:39:26] [SUCCESS] bvid=BV1HuSSBPEvM 已成功抓取全部所需数据。
[2026-04-06 23:39:31] [SUCCESS] bvid=BV1rgSSBYE8t 已成功抓取全部所需数据。
[2026-04-06 23:39:36] [SUCCESS] bvid=BV1pgSSBYE7m 已成功抓取全部所需数据。
[2026-04-06 23:39:42] [SUCCESS] bvid=BV18QSUB1E7J 已成功抓取全部所需数据。
[2026-04-06 23:39:47] [SUCCESS] bvid=BV1pgSSBYEwr 已成功抓取全部所需数据。
[2026-04-06 23:39:53] [SUCCESS] bvid=BV1sKSSBKEEg 已成功抓取全部所需数据。
[2026-04-06 23:39:58] [SUCCESS] bvid=BV1sKSSBKEwz 已成功抓取全部所需数据。
[2026-04-06 23:40:04] [SUCCESS] bvid=BV1kTSSBvEdK 已成功抓取全部所需数据。
[2026-04-06 23:40:10] [SUCCESS] bvid=BV1CTSSBvEJ8 已成功抓取全部所需数据。
[2026-04-06 23:40:10] [INFO] 当前 batch_crawl 已完成，所有视频均已成功抓取。
[2026-04-06 23:40:10] 子任务结束时间：2026-04-06T23:40:10.104876
[TIMESTAMP][END] 2026-04-06T23:40:10
