[TIMESTAMP][BEGIN] 2026-04-07T02:29:43
[2026-04-07 02:29:45] 开始执行 CSV 批量抓取子任务 part_19。
[2026-04-07 02:29:45] 子任务开始时间：2026-04-07T02:29:43.000121
[2026-04-07 02:29:45] 输入文件：batch_input_19.csv
[2026-04-07 02:29:45] 输入唯一 bvid 数量：100
[2026-04-07 02:29:45] 为严格按 CSV 顺序判断连续失败阈值，本次任务自动将并发度从 2 调整为 1。
[2026-04-07 02:29:50] [SUCCESS] bvid=BV1jw9uBHECY 已成功抓取全部所需数据。
[2026-04-07 02:29:55] [SUCCESS] bvid=BV1U39TBiEBU 已成功抓取全部所需数据。
[2026-04-07 02:30:00] [SUCCESS] bvid=BV1SL9uBrErU 已成功抓取全部所需数据。
[2026-04-07 02:30:05] [SUCCESS] bvid=BV1iw9uBHEV3 已成功抓取全部所需数据。
[2026-04-07 02:30:11] [SUCCESS] bvid=BV18Q9TBuEXo 已成功抓取全部所需数据。
[2026-04-07 02:30:16] [SUCCESS] bvid=BV13x9KBuEqP 已成功抓取全部所需数据。
[2026-04-07 02:30:21] [SUCCESS] bvid=BV1BU9PByEjo 已成功抓取全部所需数据。
[2026-04-07 02:30:27] [SUCCESS] bvid=BV1Ki9KBhEnA 已成功抓取全部所需数据。
[2026-04-07 02:30:32] [SUCCESS] bvid=BV1m79TBaEpd 已成功抓取全部所需数据。
[2026-04-07 02:30:37] [SUCCESS] bvid=BV1CH9TBfEDq 已成功抓取全部所需数据。
[2026-04-07 02:30:43] [SUCCESS] bvid=BV15w9TBCEQB 已成功抓取全部所需数据。
[2026-04-07 02:30:48] [SUCCESS] bvid=BV1349KBqEMB 已成功抓取全部所需数据。
[2026-04-07 02:30:53] [SUCCESS] bvid=BV1j6XZBdEZv 已成功抓取全部所需数据。
[2026-04-07 02:30:59] [SUCCESS] bvid=BV11J9TBcEct 已成功抓取全部所需数据。
[2026-04-07 02:31:04] [SUCCESS] bvid=BV1m59TBvEAu 已成功抓取全部所需数据。
[2026-04-07 02:31:09] [SUCCESS] bvid=BV1D49KBvEr2 已成功抓取全部所需数据。
[2026-04-07 02:31:14] [SUCCESS] bvid=BV1u5XZBCEoT 已成功抓取全部所需数据。
[2026-04-07 02:31:19] [SUCCESS] bvid=BV1ub9KBKEk7 已成功抓取全部所需数据。
[2026-04-07 02:31:25] [SUCCESS] bvid=BV1ZC9FBhEiQ 已成功抓取全部所需数据。
[2026-04-07 02:31:30] [SUCCESS] bvid=BV1Lw9uBHEne 已成功抓取全部所需数据。
[2026-04-07 02:31:35] [SUCCESS] bvid=BV1dw9uBnEWC 已成功抓取全部所需数据。
[2026-04-07 02:31:40] [SUCCESS] bvid=BV1LA9uBDEDH 已成功抓取全部所需数据。
[2026-04-07 02:31:45] [SUCCESS] bvid=BV1D39uB5EBk 已成功抓取全部所需数据。
[2026-04-07 02:31:50] [SUCCESS] bvid=BV19M9uBjE7r 已成功抓取全部所需数据。
[2026-04-07 02:31:55] [SUCCESS] bvid=BV1iA9uBDEp2 已成功抓取全部所需数据。
[2026-04-07 02:32:01] [SUCCESS] bvid=BV1dA9uBSEEB 已成功抓取全部所需数据。
[2026-04-07 02:32:06] [SUCCESS] bvid=BV1LA9uBDEu6 已成功抓取全部所需数据。
[2026-04-07 02:32:12] [SUCCESS] bvid=BV1RA9uBSE5L 已成功抓取全部所需数据。
[2026-04-07 02:32:17] [SUCCESS] bvid=BV1cS9MB8Ez9 已成功抓取全部所需数据。
[2026-04-07 02:32:22] [SUCCESS] bvid=BV1uU95BsETh 已成功抓取全部所需数据。
[2026-04-07 02:32:27] [SUCCESS] bvid=BV1X39uB5E5g 已成功抓取全部所需数据。
[2026-04-07 02:32:32] [SUCCESS] bvid=BV1339uBLESQ 已成功抓取全部所需数据。
[2026-04-07 02:32:38] [SUCCESS] bvid=BV13x9KBMEWw 已成功抓取全部所需数据。
[2026-04-07 02:32:43] [SUCCESS] bvid=BV1DG9uBCE53 已成功抓取全部所需数据。
[2026-04-07 02:32:48] [SUCCESS] bvid=BV1DG9uBCEMK 已成功抓取全部所需数据。
[2026-04-07 02:32:53] [SUCCESS] bvid=BV1SG9uBCESh 已成功抓取全部所需数据。
[2026-04-07 02:32:58] [SUCCESS] bvid=BV13G9uByEhq 已成功抓取全部所需数据。
[2026-04-07 02:33:03] [SUCCESS] bvid=BV1DG9uBCEsP 已成功抓取全部所需数据。
[2026-04-07 02:33:08] [SUCCESS] bvid=BV1cx9NBJE2Y 已成功抓取全部所需数据。
[2026-04-07 02:33:14] [SUCCESS] bvid=BV13u9uB2E69 已成功抓取全部所需数据。
[2026-04-07 02:33:19] [SUCCESS] bvid=BV1JX9MBtECc 已成功抓取全部所需数据。
[2026-04-07 02:33:24] [SUCCESS] bvid=BV1mb9wBSEsT 已成功抓取全部所需数据。
[2026-04-07 02:33:29] [SUCCESS] bvid=BV13b9KBKEAB 已成功抓取全部所需数据。
[2026-04-07 02:33:34] [SUCCESS] bvid=BV1EX9KBSErc 已成功抓取全部所需数据。
[2026-04-07 02:33:39] [SUCCESS] bvid=BV1Qu9uB1Eps 已成功抓取全部所需数据。
[2026-04-07 02:33:44] [SUCCESS] bvid=BV1Gu9uB2EKM 已成功抓取全部所需数据。
[2026-04-07 02:33:49] [SUCCESS] bvid=BV1c99MBoEch 已成功抓取全部所需数据。
[2026-04-07 02:33:55] [SUCCESS] bvid=BV1of9MBpEhB 已成功抓取全部所需数据。
[2026-04-07 02:34:00] [SUCCESS] bvid=BV1FX9MBtE43 已成功抓取全部所需数据。
[2026-04-07 02:34:05] [SUCCESS] bvid=BV1FX9MBtETt 已成功抓取全部所需数据。
[2026-04-07 02:34:10] [SUCCESS] bvid=BV1cX9MBbEsB 已成功抓取全部所需数据。
[2026-04-07 02:34:15] [SUCCESS] bvid=BV1rD9MBfExc 已成功抓取全部所需数据。
[2026-04-07 02:34:20] [SUCCESS] bvid=BV1F99MBoEU5 已成功抓取全部所需数据。
[2026-04-07 02:34:25] [SUCCESS] bvid=BV1E99MBoEox 已成功抓取全部所需数据。
[2026-04-07 02:34:30] [SUCCESS] bvid=BV1699MBoEfd 已成功抓取全部所需数据。
[2026-04-07 02:34:36] [SUCCESS] bvid=BV1gV9TBKEc8 已成功抓取全部所需数据。
[2026-04-07 02:34:41] [SUCCESS] bvid=BV1u49KBqE9i 已成功抓取全部所需数据。
[2026-04-07 02:34:46] [SUCCESS] bvid=BV1Zd9KB2EKx 已成功抓取全部所需数据。
[2026-04-07 02:34:52] [SUCCESS] bvid=BV1An9NBXEyu 已成功抓取全部所需数据。
[2026-04-07 02:34:57] [SUCCESS] bvid=BV18L9uBkEyN 已成功抓取全部所需数据。
[2026-04-07 02:35:02] [SUCCESS] bvid=BV1F99MBoEcu 已成功抓取全部所需数据。
[2026-04-07 02:35:08] [SUCCESS] bvid=BV1n99MBoEHL 已成功抓取全部所需数据。
[2026-04-07 02:35:13] [SUCCESS] bvid=BV1of9MBpEpb 已成功抓取全部所需数据。
[2026-04-07 02:35:18] [SUCCESS] bvid=BV1cD9MBfEsM 已成功抓取全部所需数据。
[2026-04-07 02:35:23] [SUCCESS] bvid=BV1c19PB2Eun 已成功抓取全部所需数据。
[2026-04-07 02:35:28] [SUCCESS] bvid=BV1KB9KBFEX1 已成功抓取全部所需数据。
[2026-04-07 02:35:33] [SUCCESS] bvid=BV1FD9MBfEn5 已成功抓取全部所需数据。
[2026-04-07 02:35:38] [SUCCESS] bvid=BV1FD9MBfEZA 已成功抓取全部所需数据。
[2026-04-07 02:35:43] [SUCCESS] bvid=BV1nD9MBfExT 已成功抓取全部所需数据。
[2026-04-07 02:35:49] [SUCCESS] bvid=BV1jF9uBXEga 已成功抓取全部所需数据。
[2026-04-07 02:35:54] [SUCCESS] bvid=BV1of9MBpEiM 已成功抓取全部所需数据。
[2026-04-07 02:35:59] [SUCCESS] bvid=BV1FD9MBfEdo 已成功抓取全部所需数据。
[2026-04-07 02:36:04] [SUCCESS] bvid=BV1cD9MBfEcM 已成功抓取全部所需数据。
[2026-04-07 02:36:09] [SUCCESS] bvid=BV1SP9ABREvt 已成功抓取全部所需数据。
[2026-04-07 02:36:14] [SUCCESS] bvid=BV1Zf9MBpEvD 已成功抓取全部所需数据。
[2026-04-07 02:36:20] [SUCCESS] bvid=BV1Ef9MBWEFh 已成功抓取全部所需数据。
[2026-04-07 02:36:25] [SUCCESS] bvid=BV17f9MBWE3q 已成功抓取全部所需数据。
[2026-04-07 02:36:30] [SUCCESS] bvid=BV17F9uBXELn 已成功抓取全部所需数据。
[2026-04-07 02:36:35] [SUCCESS] bvid=BV1jF9uBXEvj 已成功抓取全部所需数据。
[2026-04-07 02:36:40] [SUCCESS] bvid=BV1oF9uBQE9m 已成功抓取全部所需数据。
[2026-04-07 02:36:46] [SUCCESS] bvid=BV1SM9TBBEZG 已成功抓取全部所需数据。
[2026-04-07 02:36:51] [SUCCESS] bvid=BV14B9KBFEGr 已成功抓取全部所需数据。
[2026-04-07 02:36:56] [SUCCESS] bvid=BV17F9uBXE53 已成功抓取全部所需数据。
[2026-04-07 02:37:01] [SUCCESS] bvid=BV1dF9uBQEUy 已成功抓取全部所需数据。
[2026-04-07 02:37:07] [SUCCESS] bvid=BV1dF9uBQEYV 已成功抓取全部所需数据。
[2026-04-07 02:37:12] [SUCCESS] bvid=BV1fd9MBsEu9 已成功抓取全部所需数据。
[2026-04-07 02:37:17] [SUCCESS] bvid=BV1Bd9MBxEmj 已成功抓取全部所需数据。
[2026-04-07 02:37:22] [SUCCESS] bvid=BV1C49uBPEWa 已成功抓取全部所需数据。
[2026-04-07 02:37:27] [SUCCESS] bvid=BV1Fd9MBxEju 已成功抓取全部所需数据。
[2026-04-07 02:37:33] [SUCCESS] bvid=BV1fd9MBsE1m 已成功抓取全部所需数据。
[2026-04-07 02:37:38] [SUCCESS] bvid=BV1fd9MBsEMd 已成功抓取全部所需数据。
[2026-04-07 02:37:43] [SUCCESS] bvid=BV1wh9uBaEtq 已成功抓取全部所需数据。
[2026-04-07 02:37:48] [SUCCESS] bvid=BV1Bo9MBXE4z 已成功抓取全部所需数据。
[2026-04-07 02:37:54] [SUCCESS] bvid=BV1C49uBPEWS 已成功抓取全部所需数据。
[2026-04-07 02:37:59] [SUCCESS] bvid=BV1vw9TBCEws 已成功抓取全部所需数据。
[2026-04-07 02:38:05] [SUCCESS] bvid=BV1wXXfBqE8F 已成功抓取全部所需数据。
[2026-04-07 02:38:10] [SUCCESS] bvid=BV1CJ9NBpEA8 已成功抓取全部所需数据。
[2026-04-07 02:38:15] [SUCCESS] bvid=BV1A39cBVEdN 已成功抓取全部所需数据。
[2026-04-07 02:38:20] [SUCCESS] bvid=BV1mZXZBVEyR 已成功抓取全部所需数据。
[2026-04-07 02:38:25] [SUCCESS] bvid=BV1kh9uBhEss 已成功抓取全部所需数据。
[2026-04-07 02:38:25] [INFO] 当前 batch_crawl 已完成，所有视频均已成功抓取。
[2026-04-07 02:38:25] 子任务结束时间：2026-04-07T02:38:25.731119
[TIMESTAMP][END] 2026-04-07T02:38:25
