[TIMESTAMP][BEGIN] 2026-04-06T23:20:49
[2026-04-06 23:20:51] 开始执行 CSV 批量抓取子任务 part_4。
[2026-04-06 23:20:51] 子任务开始时间：2026-04-06T23:20:49.340067
[2026-04-06 23:20:51] 输入文件：batch_input_4.csv
[2026-04-06 23:20:51] 输入唯一 bvid 数量：100
[2026-04-06 23:20:51] 为严格按 CSV 顺序判断连续失败阈值，本次任务自动将并发度从 2 调整为 1。
[2026-04-06 23:20:57] [SUCCESS] bvid=BV1ZkSDB8ECY 已成功抓取全部所需数据。
[2026-04-06 23:21:02] [SUCCESS] bvid=BV1qrSDBcESh 已成功抓取全部所需数据。
[2026-04-06 23:21:08] [SUCCESS] bvid=BV1waSDBMEHE 已成功抓取全部所需数据。
[2026-04-06 23:21:14] [SUCCESS] bvid=BV1sKSSBKEK8 已成功抓取全部所需数据。
[2026-04-06 23:21:19] [SUCCESS] bvid=BV1R2SDBoEKj 已成功抓取全部所需数据。
[2026-04-06 23:21:25] [SUCCESS] bvid=BV1R2SDBoEqz 已成功抓取全部所需数据。
[2026-04-06 23:21:30] [SUCCESS] bvid=BV192SDBoEHr 已成功抓取全部所需数据。
[2026-04-06 23:21:36] [SUCCESS] bvid=BV1eUSDBxE3b 已成功抓取全部所需数据。
[2026-04-06 23:21:42] [SUCCESS] bvid=BV1eUSDBxEPW 已成功抓取全部所需数据。
[2026-04-06 23:21:47] [SUCCESS] bvid=BV18Q9TBuEr6 已成功抓取全部所需数据。
[2026-04-06 23:21:53] [SUCCESS] bvid=BV15USDB4EQU 已成功抓取全部所需数据。
[2026-04-06 23:21:59] [SUCCESS] bvid=BV11xSDB3Ekc 已成功抓取全部所需数据。
[2026-04-06 23:22:04] [SUCCESS] bvid=BV1U5X5B9ERD 已成功抓取全部所需数据。
[2026-04-06 23:22:09] [SUCCESS] bvid=BV1CbSDBuEGe 已成功抓取全部所需数据。
[2026-04-06 23:22:15] [SUCCESS] bvid=BV1AbSDBgEse 已成功抓取全部所需数据。
[2026-04-06 23:22:20] [SUCCESS] bvid=BV12xSDB3EuT 已成功抓取全部所需数据。
[2026-04-06 23:22:26] [SUCCESS] bvid=BV1yxSDB3EaW 已成功抓取全部所需数据。
[2026-04-06 23:22:31] [SUCCESS] bvid=BV11xSDB3EBf 已成功抓取全部所需数据。
[2026-04-06 23:22:37] [SUCCESS] bvid=BV1NxSDBGEGL 已成功抓取全部所需数据。
[2026-04-06 23:22:42] [SUCCESS] bvid=BV19SSDBREmo 已成功抓取全部所需数据。
[2026-04-06 23:22:48] [SUCCESS] bvid=BV1N4SDBrEVM 已成功抓取全部所需数据。
[2026-04-06 23:22:53] [SUCCESS] bvid=BV1rvSDBNEYF 已成功抓取全部所需数据。
[2026-04-06 23:22:59] [SUCCESS] bvid=BV1pVSQBuEnn 已成功抓取全部所需数据。
[2026-04-06 23:23:04] [SUCCESS] bvid=BV1waSDBMEm1 已成功抓取全部所需数据。
[2026-04-06 23:23:09] [SUCCESS] bvid=BV1waSDBMExD 已成功抓取全部所需数据。
[2026-04-06 23:23:15] [SUCCESS] bvid=BV1CaSDBTEKf 已成功抓取全部所需数据。
[2026-04-06 23:23:20] [SUCCESS] bvid=BV1rYSDBiESp 已成功抓取全部所需数据。
[2026-04-06 23:23:26] [SUCCESS] bvid=BV14NSQByEAj 已成功抓取全部所需数据。
[2026-04-06 23:23:32] [SUCCESS] bvid=BV12NSQByE5p 已成功抓取全部所需数据。
[2026-04-06 23:23:37] [SUCCESS] bvid=BV1xNSQByEap 已成功抓取全部所需数据。
[2026-04-06 23:23:43] [SUCCESS] bvid=BV1k3SQB6Ets 已成功抓取全部所需数据。
[2026-04-06 23:23:49] [SUCCESS] bvid=BV1CDDABkExG 已成功抓取全部所需数据。
[2026-04-06 23:23:54] [SUCCESS] bvid=BV13TDuBTEQH 已成功抓取全部所需数据。
[2026-04-06 23:24:00] [SUCCESS] bvid=BV1b59EBPEan 已成功抓取全部所需数据。
[2026-04-06 23:24:06] [SUCCESS] bvid=BV1xqDMBoEJL 已成功抓取全部所需数据。
[2026-04-06 23:24:12] [SUCCESS] bvid=BV1C3SQB6E2G 已成功抓取全部所需数据。
[2026-04-06 23:24:17] [SUCCESS] bvid=BV14PSQBLEyH 已成功抓取全部所需数据。
[2026-04-06 23:24:23] [SUCCESS] bvid=BV1kVSQBuERT 已成功抓取全部所需数据。
[2026-04-06 23:24:29] [SUCCESS] bvid=BV1ygSQB3E16 已成功抓取全部所需数据。
[2026-04-06 23:24:35] [SUCCESS] bvid=BV1kgSQB3Ev3 已成功抓取全部所需数据。
[2026-04-06 23:24:40] [SUCCESS] bvid=BV1aXSDBXECP 已成功抓取全部所需数据。
[2026-04-06 23:24:46] [SUCCESS] bvid=BV1WgSQB3Es3 已成功抓取全部所需数据。
[2026-04-06 23:24:52] [SUCCESS] bvid=BV1hRSDBHE3K 已成功抓取全部所需数据。
[2026-04-06 23:24:57] [SUCCESS] bvid=BV1UVSUBrEJb 已成功抓取全部所需数据。
[2026-04-06 23:25:03] [SUCCESS] bvid=BV1YQSDBsEXn 已成功抓取全部所需数据。
[2026-04-06 23:25:09] [SUCCESS] bvid=BV1SRSDBHEC1 已成功抓取全部所需数据。
[2026-04-06 23:25:15] [SUCCESS] bvid=BV13XSDBQE9y 已成功抓取全部所需数据。
[2026-04-06 23:25:20] [SUCCESS] bvid=BV1QXSDBXEsN 已成功抓取全部所需数据。
[2026-04-06 23:25:26] [SUCCESS] bvid=BV1hRSDBHEgL 已成功抓取全部所需数据。
[2026-04-06 23:25:32] [SUCCESS] bvid=BV1hRSDBHEP3 已成功抓取全部所需数据。
[2026-04-06 23:25:38] [SUCCESS] bvid=BV1DRSDBHEER 已成功抓取全部所需数据。
[2026-04-06 23:25:43] [SUCCESS] bvid=BV18RSDBHE9R 已成功抓取全部所需数据。
[2026-04-06 23:25:49] [SUCCESS] bvid=BV1eSSDBREgj 已成功抓取全部所需数据。
[2026-04-06 23:25:55] [SUCCESS] bvid=BV1YSSDBRE7Q 已成功抓取全部所需数据。
[2026-04-06 23:26:01] [SUCCESS] bvid=BV1QSSDBRE9g 已成功抓取全部所需数据。
[2026-04-06 23:26:07] [SUCCESS] bvid=BV19jXrBTENi 已成功抓取全部所需数据。
[2026-04-06 23:26:12] [SUCCESS] bvid=BV1tfSDBUEXC 已成功抓取全部所需数据。
[2026-04-06 23:26:19] [SUCCESS] bvid=BV1bfSDBUEqn 已成功抓取全部所需数据。
[2026-04-06 23:26:25] [SUCCESS] bvid=BV1UfSDBUEGH 已成功抓取全部所需数据。
[2026-04-06 23:26:31] [SUCCESS] bvid=BV1MfSDBSEot 已成功抓取全部所需数据。
[2026-04-06 23:26:37] [SUCCESS] bvid=BV1uVXZB5EXx 已成功抓取全部所需数据。
[2026-04-06 23:26:42] [SUCCESS] bvid=BV1mcSQB7EHu 已成功抓取全部所需数据。
[2026-04-06 23:26:48] [SUCCESS] bvid=BV1tcSQB7EbR 已成功抓取全部所需数据。
[2026-04-06 23:26:54] [SUCCESS] bvid=BV1TcSQBEEdJ 已成功抓取全部所需数据。
[2026-04-06 23:27:00] [SUCCESS] bvid=BV18dSDBDEts 已成功抓取全部所需数据。
[2026-04-06 23:27:06] [SUCCESS] bvid=BV1SdSDBDEvv 已成功抓取全部所需数据。
[2026-04-06 23:27:12] [SUCCESS] bvid=BV1gdSDBQEu3 已成功抓取全部所需数据。
[2026-04-06 23:27:17] [SUCCESS] bvid=BV1hdSDBDEt5 已成功抓取全部所需数据。
[2026-04-06 23:27:23] [SUCCESS] bvid=BV1nZD5BqEGy 已成功抓取全部所需数据。
[2026-04-06 23:27:29] [SUCCESS] bvid=BV1CKSSBKE7u 已成功抓取全部所需数据。
[2026-04-06 23:27:35] [SUCCESS] bvid=BV1spSUBiEz7 已成功抓取全部所需数据。
[2026-04-06 23:27:40] [SUCCESS] bvid=BV1bZSDBJER9 已成功抓取全部所需数据。
[2026-04-06 23:27:46] [SUCCESS] bvid=BV1mVSUBrEz5 已成功抓取全部所需数据。
[2026-04-06 23:27:52] [SUCCESS] bvid=BV1NHSUBTEPv 已成功抓取全部所需数据。
[2026-04-06 23:27:57] [SUCCESS] bvid=BV1tLSUB3Ehs 已成功抓取全部所需数据。
[2026-04-06 23:28:03] [SUCCESS] bvid=BV1DgSUByE74 已成功抓取全部所需数据。
[2026-04-06 23:28:09] [SUCCESS] bvid=BV1DgSUBCEfm 已成功抓取全部所需数据。
[2026-04-06 23:28:15] [SUCCESS] bvid=BV1UGSUBGEdc 已成功抓取全部所需数据。
[2026-04-06 23:28:21] [SUCCESS] bvid=BV11JSUBqEQq 已成功抓取全部所需数据。
[2026-04-06 23:28:27] [SUCCESS] bvid=BV1MFSSB3EMm 已成功抓取全部所需数据。
[2026-04-06 23:28:33] [SUCCESS] bvid=BV11HSUBKEQF 已成功抓取全部所需数据。
[2026-04-06 23:28:39] [SUCCESS] bvid=BV1UjSUBzEw8 已成功抓取全部所需数据。
[2026-04-06 23:28:45] [SUCCESS] bvid=BV1mjSUBzEFh 已成功抓取全部所需数据。
[2026-04-06 23:28:50] [SUCCESS] bvid=BV1mjSUBzE8f 已成功抓取全部所需数据。
[2026-04-06 23:28:56] [SUCCESS] bvid=BV1moSUBGE9u 已成功抓取全部所需数据。
[2026-04-06 23:29:02] [SUCCESS] bvid=BV1mjSUBzEaZ 已成功抓取全部所需数据。
[2026-04-06 23:29:08] [SUCCESS] bvid=BV1mESUBMEWN 已成功抓取全部所需数据。
[2026-04-06 23:29:13] [SUCCESS] bvid=BV1dZSmBQECg 已成功抓取全部所需数据。
[2026-04-06 23:29:19] [SUCCESS] bvid=BV1QJXrBNEzu 已成功抓取全部所需数据。
[2026-04-06 23:29:25] [SUCCESS] bvid=BV1oZSmBQEM6 已成功抓取全部所需数据。
[2026-04-06 23:29:30] [SUCCESS] bvid=BV1jFSUBHEMA 已成功抓取全部所需数据。
[2026-04-06 23:29:36] [SUCCESS] bvid=BV1iFSUBHEg2 已成功抓取全部所需数据。
[2026-04-06 23:29:41] [SUCCESS] bvid=BV1RFSUBnERz 已成功抓取全部所需数据。
[2026-04-06 23:29:47] [SUCCESS] bvid=BV1jFSUBHEbt 已成功抓取全部所需数据。
[2026-04-06 23:29:53] [SUCCESS] bvid=BV1XTSUB1ExD 已成功抓取全部所需数据。
[2026-04-06 23:29:58] [SUCCESS] bvid=BV1XDDVBpEdt 已成功抓取全部所需数据。
[2026-04-06 23:30:04] [SUCCESS] bvid=BV1DTSUB1Evb 已成功抓取全部所需数据。
[2026-04-06 23:30:10] [SUCCESS] bvid=BV1QTSUB1ESS 已成功抓取全部所需数据。
[2026-04-06 23:30:17] [SUCCESS] bvid=BV1ZvSUB4E6X 已成功抓取全部所需数据。
[2026-04-06 23:30:24] [SUCCESS] bvid=BV1GuSUBLETB 已成功抓取全部所需数据。
[2026-04-06 23:30:24] [INFO] 当前 batch_crawl 已完成，所有视频均已成功抓取。
[2026-04-06 23:30:24] 子任务结束时间：2026-04-06T23:30:24.272286
[TIMESTAMP][END] 2026-04-06T23:30:24
