[TIMESTAMP][BEGIN] 2026-04-07T06:03:45
[2026-04-07 06:03:47] 开始执行 CSV 批量抓取子任务 part_38。
[2026-04-07 06:03:47] 子任务开始时间：2026-04-07T06:03:45.310603
[2026-04-07 06:03:47] 输入文件：batch_input_38.csv
[2026-04-07 06:03:47] 输入唯一 bvid 数量：100
[2026-04-07 06:03:47] 为严格按 CSV 顺序判断连续失败阈值，本次任务自动将并发度从 2 调整为 1。
[2026-04-07 06:03:52] [SUCCESS] bvid=BV1idXCBEEMA 已成功抓取全部所需数据。
[2026-04-07 06:03:57] [SUCCESS] bvid=BV1xo6FB1ES5 已成功抓取全部所需数据。
[2026-04-07 06:04:02] [SUCCESS] bvid=BV1aoXzBwET8 已成功抓取全部所需数据。
[2026-04-07 06:04:07] [SUCCESS] bvid=BV1Vn97B3EfP 已成功抓取全部所需数据。
[2026-04-07 06:04:12] [SUCCESS] bvid=BV12q97BbEkr 已成功抓取全部所需数据。
[2026-04-07 06:04:17] [SUCCESS] bvid=BV1ky97B9Efn 已成功抓取全部所需数据。
[2026-04-07 06:04:22] [SUCCESS] bvid=BV1dyXqBaEE5 已成功抓取全部所需数据。
[2026-04-07 06:04:27] [SUCCESS] bvid=BV1ZqXWBfEKN 已成功抓取全部所需数据。
[2026-04-07 06:04:32] [SUCCESS] bvid=BV1WNA3z8EoP 已成功抓取全部所需数据。
[2026-04-07 06:04:37] [SUCCESS] bvid=BV1tU95BsEuu 已成功抓取全部所需数据。
[2026-04-07 06:04:42] [SUCCESS] bvid=BV1Fu97BUEV7 已成功抓取全部所需数据。
[2026-04-07 06:04:48] [SUCCESS] bvid=BV1BSXrByEY5 已成功抓取全部所需数据。
[2026-04-07 06:04:52] [SUCCESS] bvid=BV1FP9LB5Eig 已成功抓取全部所需数据。
[2026-04-07 06:04:58] [SUCCESS] bvid=BV1h2XkBiEP2 已成功抓取全部所需数据。
[2026-04-07 06:05:03] [SUCCESS] bvid=BV1J397B7EYM 已成功抓取全部所需数据。
[2026-04-07 06:05:08] [SUCCESS] bvid=BV1CzXCBFE8P 已成功抓取全部所需数据。
[2026-04-07 06:05:13] [SUCCESS] bvid=BV1sXX6B9ESb 已成功抓取全部所需数据。
[2026-04-07 06:05:18] [SUCCESS] bvid=BV1hv9GBxEfC 已成功抓取全部所需数据。
[2026-04-07 06:05:23] [SUCCESS] bvid=BV1iX9LB6Eyb 已成功抓取全部所需数据。
[2026-04-07 06:05:28] [SUCCESS] bvid=BV1iX9LB6EtK 已成功抓取全部所需数据。
[2026-04-07 06:05:33] [SUCCESS] bvid=BV1PC97BxE3Y 已成功抓取全部所需数据。
[2026-04-07 06:05:39] [SUCCESS] bvid=BV1gnXzBoEUc 已成功抓取全部所需数据。
[2026-04-07 06:05:44] [SUCCESS] bvid=BV1Ko9jBoE3Z 已成功抓取全部所需数据。
[2026-04-07 06:05:49] [SUCCESS] bvid=BV1Ko9jBoEhB 已成功抓取全部所需数据。
[2026-04-07 06:05:54] [SUCCESS] bvid=BV1yo9jBoEzn 已成功抓取全部所需数据。
[2026-04-07 06:05:59] [SUCCESS] bvid=BV1ez9jBuEJF 已成功抓取全部所需数据。
[2026-04-07 06:06:04] [SUCCESS] bvid=BV1xo9jBoEr1 已成功抓取全部所需数据。
[2026-04-07 06:06:09] [SUCCESS] bvid=BV1Ko9jBoEoj 已成功抓取全部所需数据。
[2026-04-07 06:06:14] [SUCCESS] bvid=BV1Ko9jBoEB6 已成功抓取全部所需数据。
[2026-04-07 06:06:19] [SUCCESS] bvid=BV1Nf9jBxELz 已成功抓取全部所需数据。
[2026-04-07 06:06:24] [SUCCESS] bvid=BV1Kf9jBxEcz 已成功抓取全部所需数据。
[2026-04-07 06:06:29] [SUCCESS] bvid=BV1Kf9jBxEAj 已成功抓取全部所需数据。
[2026-04-07 06:06:34] [SUCCESS] bvid=BV1Nf9jBxE2P 已成功抓取全部所需数据。
[2026-04-07 06:06:39] [SUCCESS] bvid=BV1Td9jBtE3o 已成功抓取全部所需数据。
[2026-04-07 06:06:44] [SUCCESS] bvid=BV1Nd9jBtEZJ 已成功抓取全部所需数据。
[2026-04-07 06:06:49] [SUCCESS] bvid=BV1Kd9jBtERd 已成功抓取全部所需数据。
[2026-04-07 06:06:54] [SUCCESS] bvid=BV14d9jBtEBu 已成功抓取全部所需数据。
[2026-04-07 06:06:59] [SUCCESS] bvid=BV1Td9jBtEHe 已成功抓取全部所需数据。
[2026-04-07 06:07:04] [SUCCESS] bvid=BV1X69jBBEvN 已成功抓取全部所需数据。
[2026-04-07 06:07:08] [SUCCESS] bvid=BV1Vz9jBuESC 已成功抓取全部所需数据。
[2026-04-07 06:07:13] [SUCCESS] bvid=BV1ez9jBuEkz 已成功抓取全部所需数据。
[2026-04-07 06:07:18] [SUCCESS] bvid=BV1Lz9jBuEWa 已成功抓取全部所需数据。
[2026-04-07 06:07:23] [SUCCESS] bvid=BV1Lz9jBuEpk 已成功抓取全部所需数据。
[2026-04-07 06:07:29] [SUCCESS] bvid=BV1h19jBNEDS 已成功抓取全部所需数据。
[2026-04-07 06:07:33] [SUCCESS] bvid=BV1v69jBBEFe 已成功抓取全部所需数据。
[2026-04-07 06:07:39] [SUCCESS] bvid=BV1e69jBBEBR 已成功抓取全部所需数据。
[2026-04-07 06:07:44] [SUCCESS] bvid=BV1569jBBEpC 已成功抓取全部所需数据。
[2026-04-07 06:07:49] [SUCCESS] bvid=BV1ji9jB3E87 已成功抓取全部所需数据。
[2026-04-07 06:07:54] [SUCCESS] bvid=BV1ii9jB3E2f 已成功抓取全部所需数据。
[2026-04-07 06:07:59] [SUCCESS] bvid=BV17L97ByEBd 已成功抓取全部所需数据。
[2026-04-07 06:08:04] [SUCCESS] bvid=BV1Li9jB3EHc 已成功抓取全部所需数据。
[2026-04-07 06:08:09] [SUCCESS] bvid=BV1ji9jB3E7t 已成功抓取全部所需数据。
[2026-04-07 06:08:15] [SUCCESS] bvid=BV1rtXYBoEnX 已成功抓取全部所需数据。
[2026-04-07 06:08:20] [SUCCESS] bvid=BV1RZXrBuEcy 已成功抓取全部所需数据。
[2026-04-07 06:08:25] [SUCCESS] bvid=BV1t195B4Edg 已成功抓取全部所需数据。
[2026-04-07 06:08:30] [SUCCESS] bvid=BV1mgXkBcEbP 已成功抓取全部所需数据。
[2026-04-07 06:08:35] [SUCCESS] bvid=BV1Ay97BREV5 已成功抓取全部所需数据。
[2026-04-07 06:08:40] [SUCCESS] bvid=BV1K697BtEKe 已成功抓取全部所需数据。
[2026-04-07 06:08:46] [SUCCESS] bvid=BV15q9jB6E2a 已成功抓取全部所需数据。
[2026-04-07 06:08:51] [SUCCESS] bvid=BV1319jBNELD 已成功抓取全部所需数据。
[2026-04-07 06:08:56] [SUCCESS] bvid=BV15q9jB6EdQ 已成功抓取全部所需数据。
[2026-04-07 06:09:01] [SUCCESS] bvid=BV1vq9jB6EMg 已成功抓取全部所需数据。
[2026-04-07 06:09:06] [SUCCESS] bvid=BV15q9jB6Eei 已成功抓取全部所需数据。
[2026-04-07 06:09:11] [SUCCESS] bvid=BV1vq9jB6Exm 已成功抓取全部所需数据。
[2026-04-07 06:09:16] [SUCCESS] bvid=BV15q9jB6Eon 已成功抓取全部所需数据。
[2026-04-07 06:09:21] [SUCCESS] bvid=BV15q9jB6Erp 已成功抓取全部所需数据。
[2026-04-07 06:09:26] [SUCCESS] bvid=BV1dq9jB6Edq 已成功抓取全部所需数据。
[2026-04-07 06:09:31] [SUCCESS] bvid=BV1hw95BdE5p 已成功抓取全部所需数据。
[2026-04-07 06:09:36] [SUCCESS] bvid=BV1oAXUBFETd 已成功抓取全部所需数据。
[2026-04-07 06:09:41] [SUCCESS] bvid=BV1559LBqEDx 已成功抓取全部所需数据。
[2026-04-07 06:09:46] [SUCCESS] bvid=BV1h29jBeEXz 已成功抓取全部所需数据。
[2026-04-07 06:09:51] [SUCCESS] bvid=BV1329jBeEqs 已成功抓取全部所需数据。
[2026-04-07 06:09:56] [SUCCESS] bvid=BV13C9jBiEkz 已成功抓取全部所需数据。
[2026-04-07 06:10:01] [SUCCESS] bvid=BV1829jBeErD 已成功抓取全部所需数据。
[2026-04-07 06:10:06] [SUCCESS] bvid=BV1g29jBeEHy 已成功抓取全部所需数据。
[2026-04-07 06:10:11] [SUCCESS] bvid=BV1a29jBeE7h 已成功抓取全部所需数据。
[2026-04-07 06:10:16] [SUCCESS] bvid=BV1g29jBeEiG 已成功抓取全部所需数据。
[2026-04-07 06:10:21] [SUCCESS] bvid=BV1QC9jBiE9L 已成功抓取全部所需数据。
[2026-04-07 06:10:26] [SUCCESS] bvid=BV1Vk9jBKEuX 已成功抓取全部所需数据。
[2026-04-07 06:10:31] [SUCCESS] bvid=BV1ek9jBTEYo 已成功抓取全部所需数据。
[2026-04-07 06:10:35] [SUCCESS] bvid=BV1Xk9jBTEbJ 已成功抓取全部所需数据。
[2026-04-07 06:10:40] [SUCCESS] bvid=BV15k9jBMENx 已成功抓取全部所需数据。
[2026-04-07 06:10:45] [SUCCESS] bvid=BV1Vk9jBTEzU 已成功抓取全部所需数据。
[2026-04-07 06:10:50] [SUCCESS] bvid=BV1jL97ByEAr 已成功抓取全部所需数据。
[2026-04-07 06:10:55] [SUCCESS] bvid=BV1GC9jBiExQ 已成功抓取全部所需数据。
[2026-04-07 06:11:00] [SUCCESS] bvid=BV1YC9jBiEbK 已成功抓取全部所需数据。
[2026-04-07 06:11:05] [SUCCESS] bvid=BV1aC9jBiEtc 已成功抓取全部所需数据。
[2026-04-07 06:11:10] [SUCCESS] bvid=BV1bS95B9Ew9 已成功抓取全部所需数据。
[2026-04-07 06:11:14] [SUCCESS] bvid=BV13C9jBiE6F 已成功抓取全部所需数据。
[2026-04-07 06:11:19] [SUCCESS] bvid=BV1oL97BCEUh 已成功抓取全部所需数据。
[2026-04-07 06:11:24] [SUCCESS] bvid=BV1ZL97BCETV 已成功抓取全部所需数据。
[2026-04-07 06:11:29] [SUCCESS] bvid=BV1VC9jBiELM 已成功抓取全部所需数据。
[2026-04-07 06:11:33] [SUCCESS] bvid=BV1oL97ByEwD 已成功抓取全部所需数据。
[2026-04-07 06:11:38] [SUCCESS] bvid=BV1dL97BCEPg 已成功抓取全部所需数据。
[2026-04-07 06:11:43] [SUCCESS] bvid=BV1R797BGEmD 已成功抓取全部所需数据。
[2026-04-07 06:11:48] [SUCCESS] bvid=BV1BU9LBVE2d 已成功抓取全部所需数据。
[2026-04-07 06:11:53] [SUCCESS] bvid=BV1619LBLEsM 已成功抓取全部所需数据。
[2026-04-07 06:11:58] [SUCCESS] bvid=BV1Ac9LBjE3W 已成功抓取全部所需数据。
[2026-04-07 06:12:03] [SUCCESS] bvid=BV1ZL97BCE7f 已成功抓取全部所需数据。
[2026-04-07 06:12:08] [SUCCESS] bvid=BV1j797BVE8x 已成功抓取全部所需数据。
[2026-04-07 06:12:08] [INFO] 当前 batch_crawl 已完成，所有视频均已成功抓取。
[2026-04-07 06:12:08] 子任务结束时间：2026-04-07T06:12:08.776883
[TIMESTAMP][END] 2026-04-07T06:12:08
