[TIMESTAMP][BEGIN] 2026-04-07T01:44:45
[2026-04-07 01:44:48] 开始执行 CSV 批量抓取子任务 part_15。
[2026-04-07 01:44:48] 子任务开始时间：2026-04-07T01:44:45.879842
[2026-04-07 01:44:48] 输入文件：batch_input_15.csv
[2026-04-07 01:44:48] 输入唯一 bvid 数量：100
[2026-04-07 01:44:48] 为严格按 CSV 顺序判断连续失败阈值，本次任务自动将并发度从 2 调整为 1。
[2026-04-07 01:44:53] [SUCCESS] bvid=BV1pM9gBKEZY 已成功抓取全部所需数据。
[2026-04-07 01:44:58] [SUCCESS] bvid=BV1U2cUzuEDe 已成功抓取全部所需数据。
[2026-04-07 01:45:04] [SUCCESS] bvid=BV1zjXfBcEfx 已成功抓取全部所需数据。
[2026-04-07 01:45:09] [SUCCESS] bvid=BV15b9gBQEE2 已成功抓取全部所需数据。
[2026-04-07 01:45:14] [SUCCESS] bvid=BV14CXfBkExs 已成功抓取全部所需数据。
[2026-04-07 01:45:20] [SUCCESS] bvid=BV1nEDABvEHk 已成功抓取全部所需数据。
[2026-04-07 01:45:26] [SUCCESS] bvid=BV1Ui9MBuEYb 已成功抓取全部所需数据。
[2026-04-07 01:45:31] [SUCCESS] bvid=BV1rY9uBFEXS 已成功抓取全部所需数据。
[2026-04-07 01:45:36] [SUCCESS] bvid=BV11W9uBKET7 已成功抓取全部所需数据。
[2026-04-07 01:45:41] [SUCCESS] bvid=BV1hZ9wBZEVW 已成功抓取全部所需数据。
[2026-04-07 01:45:47] [SUCCESS] bvid=BV19aDABREFm 已成功抓取全部所需数据。
[2026-04-07 01:45:52] [SUCCESS] bvid=BV1yW9uBKERf 已成功抓取全部所需数据。
[2026-04-07 01:45:57] [SUCCESS] bvid=BV1gG9uByEJr 已成功抓取全部所需数据。
[2026-04-07 01:46:03] [SUCCESS] bvid=BV1XG93BHEim 已成功抓取全部所需数据。
[2026-04-07 01:46:08] [SUCCESS] bvid=BV1G8XfBpE2N 已成功抓取全部所需数据。
[2026-04-07 01:46:14] [SUCCESS] bvid=BV1Kc9MBPE1Q 已成功抓取全部所需数据。
[2026-04-07 01:46:19] [SUCCESS] bvid=BV1ub9KBKEd2 已成功抓取全部所需数据。
[2026-04-07 01:46:25] [SUCCESS] bvid=BV1nkXrBnEBu 已成功抓取全部所需数据。
[2026-04-07 01:46:30] [SUCCESS] bvid=BV13A9NBNExw 已成功抓取全部所需数据。
[2026-04-07 01:56:34] [ERROR] bvid=BV16fDABTENV 抓取失败：stat: Timeout of 600.0s exceeded, last exception: HTTPSConnectionPool(host='bigquery.googleapis.com', port=443): Max retries exceeded with url: /bigquery/v2/projects/bilibili-m2s2vp-research/datasets/bili_video_stream_data_test_2/tables?prettyPrint=false (Caused by ProxyError('Unable to connect to proxy', RemoteDisconnected('Remote end closed connection without response')))
[2026-04-07 01:56:40] [SUCCESS] bvid=BV1A9DABrEfc 已成功抓取全部所需数据。
[2026-04-07 01:56:46] [SUCCESS] bvid=BV1qADPBeEox 已成功抓取全部所需数据。
[2026-04-07 01:56:51] [SUCCESS] bvid=BV1qADPBeEvp 已成功抓取全部所需数据。
[2026-04-07 01:56:57] [SUCCESS] bvid=BV1ZNDPBAERe 已成功抓取全部所需数据。
[2026-04-07 01:57:02] [SUCCESS] bvid=BV1ZNDPBAEd9 已成功抓取全部所需数据。
[2026-04-07 01:57:07] [SUCCESS] bvid=BV1iNDPBAEZr 已成功抓取全部所需数据。
[2026-04-07 01:57:14] [SUCCESS] bvid=BV1SrDABUEpE 已成功抓取全部所需数据。
[2026-04-07 01:57:19] [SUCCESS] bvid=BV1iNDPBAEx6 已成功抓取全部所需数据。
[2026-04-07 01:57:24] [SUCCESS] bvid=BV1zFDPBiEDd 已成功抓取全部所需数据。
[2026-04-07 01:57:30] [SUCCESS] bvid=BV16FDPBiE7Q 已成功抓取全部所需数据。
[2026-04-07 01:57:35] [SUCCESS] bvid=BV1zFDPBiEMV 已成功抓取全部所需数据。
[2026-04-07 01:57:40] [SUCCESS] bvid=BV16wDPBNEAx 已成功抓取全部所需数据。
[2026-04-07 01:57:46] [SUCCESS] bvid=BV1BwDPBNEJg 已成功抓取全部所需数据。
[2026-04-07 01:57:51] [SUCCESS] bvid=BV11DDABkEPF 已成功抓取全部所需数据。
[2026-04-07 01:57:51] [ERROR] bvid=BV12yDAB2EVb 抓取失败：stat: 接口返回错误代码：62002，信息：稿件不可见。
{'code': 62002, 'message': '稿件不可见', 'ttl': 1} | comment: 接口返回错误代码：62002，信息：稿件不可见。
{'code': 62002, 'message': '稿件不可见', 'ttl': 1}
[2026-04-07 01:57:57] [SUCCESS] bvid=BV1k89uBwEuQ 已成功抓取全部所需数据。
[2026-04-07 01:58:03] [SUCCESS] bvid=BV1pu9gBvEvc 已成功抓取全部所需数据。
[2026-04-07 01:58:08] [SUCCESS] bvid=BV1Cs9uBvEed 已成功抓取全部所需数据。
[2026-04-07 01:58:14] [SUCCESS] bvid=BV122DABLENS 已成功抓取全部所需数据。
[2026-04-07 01:58:19] [SUCCESS] bvid=BV1K2DABjETz 已成功抓取全部所需数据。
[2026-04-07 01:58:24] [SUCCESS] bvid=BV1JE9gBbEEX 已成功抓取全部所需数据。
[2026-04-07 01:58:30] [SUCCESS] bvid=BV1RGDPBtEKt 已成功抓取全部所需数据。
[2026-04-07 01:58:35] [SUCCESS] bvid=BV1mrDABUERn 已成功抓取全部所需数据。
[2026-04-07 01:58:41] [SUCCESS] bvid=BV1brDABSEBs 已成功抓取全部所需数据。
[2026-04-07 01:58:46] [SUCCESS] bvid=BV1brDABSEPF 已成功抓取全部所需数据。
[2026-04-07 01:58:51] [SUCCESS] bvid=BV1mrDABUEUN 已成功抓取全部所需数据。
[2026-04-07 01:58:56] [SUCCESS] bvid=BV1SrDABUETG 已成功抓取全部所需数据。
[2026-04-07 01:59:02] [SUCCESS] bvid=BV1mCDAB7EfG 已成功抓取全部所需数据。
[2026-04-07 01:59:07] [SUCCESS] bvid=BV1mCDAB7EVM 已成功抓取全部所需数据。
[2026-04-07 01:59:12] [SUCCESS] bvid=BV1AXDABGERW 已成功抓取全部所需数据。
[2026-04-07 01:59:17] [SUCCESS] bvid=BV1yDDABkEMk 已成功抓取全部所需数据。
[2026-04-07 01:59:23] [SUCCESS] bvid=BV1PDDABCE68 已成功抓取全部所需数据。
[2026-04-07 01:59:28] [SUCCESS] bvid=BV1hd9uB5Ej4 已成功抓取全部所需数据。
[2026-04-07 01:59:33] [SUCCESS] bvid=BV1fL9JBHEKL 已成功抓取全部所需数据。
[2026-04-07 01:59:38] [SUCCESS] bvid=BV1ZL9JBHEos 已成功抓取全部所需数据。
[2026-04-07 01:59:44] [SUCCESS] bvid=BV1Ru93BWExG 已成功抓取全部所需数据。
[2026-04-07 01:59:49] [SUCCESS] bvid=BV1aM9TBzETC 已成功抓取全部所需数据。
[2026-04-07 01:59:55] [SUCCESS] bvid=BV1YcXkBTEH5 已成功抓取全部所需数据。
[2026-04-07 02:00:00] [SUCCESS] bvid=BV1Kh9wBEEnS 已成功抓取全部所需数据。
[2026-04-07 02:00:05] [SUCCESS] bvid=BV1XP9TB3Eoe 已成功抓取全部所需数据。
[2026-04-07 02:00:10] [SUCCESS] bvid=BV16G9MBRESr 已成功抓取全部所需数据。
[2026-04-07 02:00:16] [SUCCESS] bvid=BV1Ln9MBnErk 已成功抓取全部所需数据。
[2026-04-07 02:00:21] [SUCCESS] bvid=BV1XWXCBgEYF 已成功抓取全部所需数据。
[2026-04-07 02:00:26] [SUCCESS] bvid=BV1neDwBvE7p 已成功抓取全部所需数据。
[2026-04-07 02:00:32] [SUCCESS] bvid=BV1jWDABwECE 已成功抓取全部所需数据。
[2026-04-07 02:00:37] [SUCCESS] bvid=BV1XM9uBjE5N 已成功抓取全部所需数据。
[2026-04-07 02:00:42] [SUCCESS] bvid=BV149XhBwEko 已成功抓取全部所需数据。
[2026-04-07 02:00:48] [SUCCESS] bvid=BV19N9TB6EM7 已成功抓取全部所需数据。
[2026-04-07 02:00:53] [SUCCESS] bvid=BV1PSDAB5EeN 已成功抓取全部所需数据。
[2026-04-07 02:00:53] [ERROR] bvid=BV1PSDAB5EQY 抓取失败：stat: 接口返回错误代码：-404，信息：啥都木有。
{'code': -404, 'message': '啥都木有', 'ttl': 1} | comment: 接口返回错误代码：-404，信息：啥都木有。
{'code': -404, 'message': '啥都木有', 'ttl': 1}
[2026-04-07 02:00:58] [SUCCESS] bvid=BV1SpDPBDEEN 已成功抓取全部所需数据。
[2026-04-07 02:01:04] [SUCCESS] bvid=BV1bpDPBDE8d 已成功抓取全部所需数据。
[2026-04-07 02:01:09] [SUCCESS] bvid=BV1bpDPBDEhg 已成功抓取全部所需数据。
[2026-04-07 02:01:14] [SUCCESS] bvid=BV1bpDPBDEbC 已成功抓取全部所需数据。
[2026-04-07 02:01:19] [SUCCESS] bvid=BV1SpDPBDEG8 已成功抓取全部所需数据。
[2026-04-07 02:01:24] [SUCCESS] bvid=BV1aEDPBWEMo 已成功抓取全部所需数据。
[2026-04-07 02:01:30] [SUCCESS] bvid=BV18EDPBWEvG 已成功抓取全部所需数据。
[2026-04-07 02:01:35] [SUCCESS] bvid=BV1UJDPBXErG 已成功抓取全部所需数据。
[2026-04-07 02:01:40] [SUCCESS] bvid=BV18JDPBXEKD 已成功抓取全部所需数据。
[2026-04-07 02:01:46] [SUCCESS] bvid=BV18JDPBXEZN 已成功抓取全部所需数据。
[2026-04-07 02:01:51] [SUCCESS] bvid=BV1LeXMB2Ep3 已成功抓取全部所需数据。
[2026-04-07 02:01:56] [SUCCESS] bvid=BV11bDPB2EGt 已成功抓取全部所需数据。
[2026-04-07 02:02:01] [SUCCESS] bvid=BV12sDPBJEYs 已成功抓取全部所需数据。
[2026-04-07 02:02:07] [SUCCESS] bvid=BV13RDPBfE62 已成功抓取全部所需数据。
[2026-04-07 02:02:12] [SUCCESS] bvid=BV1xxDPBUEme 已成功抓取全部所需数据。
[2026-04-07 02:02:17] [SUCCESS] bvid=BV1u69gB5EGY 已成功抓取全部所需数据。
[2026-04-07 02:02:22] [SUCCESS] bvid=BV19uDPB8ECV 已成功抓取全部所需数据。
[2026-04-07 02:02:28] [SUCCESS] bvid=BV1duDPB8EYJ 已成功抓取全部所需数据。
[2026-04-07 02:02:33] [SUCCESS] bvid=BV1dKDPBaE1g 已成功抓取全部所需数据。
[2026-04-07 02:02:33] [ERROR] bvid=BV17KDPBYECU 抓取失败：stat: 接口返回错误代码：62002，信息：稿件不可见。
{'code': 62002, 'message': '稿件不可见', 'ttl': 1} | comment: 接口返回错误代码：62002，信息：稿件不可见。
{'code': 62002, 'message': '稿件不可见', 'ttl': 1}
[2026-04-07 02:02:38] [SUCCESS] bvid=BV1aLDPBsErZ 已成功抓取全部所需数据。
[2026-04-07 02:02:43] [SUCCESS] bvid=BV1iMDPBcE27 已成功抓取全部所需数据。
[2026-04-07 02:02:48] [SUCCESS] bvid=BV1YLDPBxELu 已成功抓取全部所需数据。
[2026-04-07 02:02:53] [SUCCESS] bvid=BV1hjDPBREZ1 已成功抓取全部所需数据。
[2026-04-07 02:02:58] [SUCCESS] bvid=BV1nW9NBUEgf 已成功抓取全部所需数据。
[2026-04-07 02:03:03] [SUCCESS] bvid=BV1uRXZBjEUh 已成功抓取全部所需数据。
[2026-04-07 02:03:09] [SUCCESS] bvid=BV1ALDNBLELW 已成功抓取全部所需数据。
[2026-04-07 02:03:14] [SUCCESS] bvid=BV1qEXfBfEmi 已成功抓取全部所需数据。
[2026-04-07 02:03:19] [SUCCESS] bvid=BV1snXWBrELA 已成功抓取全部所需数据。
[2026-04-07 02:03:24] [SUCCESS] bvid=BV1iADwBdESW 已成功抓取全部所需数据。
[2026-04-07 02:03:24] [WARN] 当前子任务已结束，但仍有未成功抓取的视频，已导出 remaining CSV 供继续执行。
[2026-04-07 02:03:24] [INFO] 已导出剔除成功条目后的剩余 CSV：D:\Schoolworks\Thesis\Bilibili-Datahub\outputs\video_data\manual_crawls\manual_crawl_stat_comment_20260406_223825\remaining_bvids_part_15.csv
[2026-04-07 02:03:24] 子任务结束时间：2026-04-07T02:03:24.733545
[TIMESTAMP][END] 2026-04-07T02:03:24
