[TIMESTAMP][BEGIN] 2026-04-07T05:47:13
[2026-04-07 05:47:15] 开始执行 CSV 批量抓取子任务 part_36。
[2026-04-07 05:47:15] 子任务开始时间：2026-04-07T05:47:13.083350
[2026-04-07 05:47:15] 输入文件：batch_input_36.csv
[2026-04-07 05:47:15] 输入唯一 bvid 数量：100
[2026-04-07 05:47:15] 为严格按 CSV 顺序判断连续失败阈值，本次任务自动将并发度从 2 调整为 1。
[2026-04-07 05:47:19] [SUCCESS] bvid=BV15y9EBCE6M 已成功抓取全部所需数据。
[2026-04-07 05:47:25] [SUCCESS] bvid=BV1929EBGE3R 已成功抓取全部所需数据。
[2026-04-07 05:47:29] [SUCCESS] bvid=BV1j597BLERH 已成功抓取全部所需数据。
[2026-04-07 05:47:34] [SUCCESS] bvid=BV1wg9JBdEKo 已成功抓取全部所需数据。
[2026-04-07 05:47:39] [SUCCESS] bvid=BV1BE9JBnEmh 已成功抓取全部所需数据。
[2026-04-07 05:47:44] [SUCCESS] bvid=BV1FL9JBpEFN 已成功抓取全部所需数据。
[2026-04-07 05:47:49] [SUCCESS] bvid=BV1FL9JBpEua 已成功抓取全部所需数据。
[2026-04-07 05:47:54] [SUCCESS] bvid=BV1NR95BnEUo 已成功抓取全部所需数据。
[2026-04-07 05:47:59] [SUCCESS] bvid=BV1xdXkB8Esx 已成功抓取全部所需数据。
[2026-04-07 05:48:04] [SUCCESS] bvid=BV1ZL9JBHEYn 已成功抓取全部所需数据。
[2026-04-07 05:48:09] [SUCCESS] bvid=BV1oj9JBDEmc 已成功抓取全部所需数据。
[2026-04-07 05:48:14] [SUCCESS] bvid=BV1Zj9JBDEsz 已成功抓取全部所需数据。
[2026-04-07 05:48:19] [SUCCESS] bvid=BV1fj9JBDExo 已成功抓取全部所需数据。
[2026-04-07 05:48:24] [SUCCESS] bvid=BV19s9JBLEns 已成功抓取全部所需数据。
[2026-04-07 05:48:28] [SUCCESS] bvid=BV1Rs9JBLEWY 已成功抓取全部所需数据。
[2026-04-07 05:48:33] [SUCCESS] bvid=BV15s9JBjEZK 已成功抓取全部所需数据。
[2026-04-07 05:48:38] [SUCCESS] bvid=BV15s9JBjE2t 已成功抓取全部所需数据。
[2026-04-07 05:48:43] [SUCCESS] bvid=BV19s9JBLE7f 已成功抓取全部所需数据。
[2026-04-07 05:48:48] [SUCCESS] bvid=BV1vs9JBjE2r 已成功抓取全部所需数据。
[2026-04-07 05:48:53] [SUCCESS] bvid=BV1Rs9JBLENK 已成功抓取全部所需数据。
[2026-04-07 05:48:58] [SUCCESS] bvid=BV15x9JB1EwF 已成功抓取全部所需数据。
[2026-04-07 05:49:03] [SUCCESS] bvid=BV19x9JByErS 已成功抓取全部所需数据。
[2026-04-07 05:49:08] [SUCCESS] bvid=BV1Xx9JByEqf 已成功抓取全部所需数据。
[2026-04-07 05:49:12] [SUCCESS] bvid=BV1Xx9JByEoa 已成功抓取全部所需数据。
[2026-04-07 05:49:18] [SUCCESS] bvid=BV19x9JB1ENp 已成功抓取全部所需数据。
[2026-04-07 05:49:22] [SUCCESS] bvid=BV1oH9JB7E5q 已成功抓取全部所需数据。
[2026-04-07 05:49:27] [SUCCESS] bvid=BV19x9JByEXu 已成功抓取全部所需数据。
[2026-04-07 05:49:32] [SUCCESS] bvid=BV1LH9JBEEeV 已成功抓取全部所需数据。
[2026-04-07 05:49:37] [SUCCESS] bvid=BV1dH9JB7EKi 已成功抓取全部所需数据。
[2026-04-07 05:49:42] [SUCCESS] bvid=BV1Cr97BdE1c 已成功抓取全部所需数据。
[2026-04-07 05:49:47] [SUCCESS] bvid=BV1RH9JB7EGU 已成功抓取全部所需数据。
[2026-04-07 05:49:52] [SUCCESS] bvid=BV1LH9JBEEVP 已成功抓取全部所需数据。
[2026-04-07 05:49:57] [SUCCESS] bvid=BV1Rp9JB2EY2 已成功抓取全部所需数据。
[2026-04-07 05:50:02] [SUCCESS] bvid=BV1HN97BHETL 已成功抓取全部所需数据。
[2026-04-07 05:50:07] [SUCCESS] bvid=BV1yiXrBsEbB 已成功抓取全部所需数据。
[2026-04-07 05:50:12] [SUCCESS] bvid=BV1UY97BwEZu 已成功抓取全部所需数据。
[2026-04-07 05:50:17] [SUCCESS] bvid=BV1LV9LBMEF8 已成功抓取全部所需数据。
[2026-04-07 05:50:22] [SUCCESS] bvid=BV1Pd95BSEwN 已成功抓取全部所需数据。
[2026-04-07 05:50:28] [SUCCESS] bvid=BV1nu9JB4ER8 已成功抓取全部所需数据。
[2026-04-07 05:50:33] [SUCCESS] bvid=BV1UcXBBDExV 已成功抓取全部所需数据。
[2026-04-07 05:50:38] [SUCCESS] bvid=BV1ky97B9Ewp 已成功抓取全部所需数据。
[2026-04-07 05:50:42] [SUCCESS] bvid=BV1dp9JBmEir 已成功抓取全部所需数据。
[2026-04-07 05:50:47] [SUCCESS] bvid=BV1PK9JBbEKb 已成功抓取全部所需数据。
[2026-04-07 05:50:52] [SUCCESS] bvid=BV1PN9JBFEFU 已成功抓取全部所需数据。
[2026-04-07 05:50:57] [SUCCESS] bvid=BV1AK9JBbErv 已成功抓取全部所需数据。
[2026-04-07 05:51:02] [SUCCESS] bvid=BV1WK9JBbEra 已成功抓取全部所需数据。
[2026-04-07 05:51:07] [SUCCESS] bvid=BV1PK9JBbEuT 已成功抓取全部所需数据。
[2026-04-07 05:51:12] [SUCCESS] bvid=BV1AT9JBZEXa 已成功抓取全部所需数据。
[2026-04-07 05:51:17] [SUCCESS] bvid=BV1AT9JBZEC6 已成功抓取全部所需数据。
[2026-04-07 05:51:22] [SUCCESS] bvid=BV1WT9JBZEcu 已成功抓取全部所需数据。
[2026-04-07 05:51:27] [SUCCESS] bvid=BV1pT9JBZErd 已成功抓取全部所需数据。
[2026-04-07 05:51:31] [SUCCESS] bvid=BV1HT9JBZEdK 已成功抓取全部所需数据。
[2026-04-07 05:51:36] [SUCCESS] bvid=BV1pT9JBZEdc 已成功抓取全部所需数据。
[2026-04-07 05:51:41] [SUCCESS] bvid=BV1AA9JBhEmq 已成功抓取全部所需数据。
[2026-04-07 05:51:46] [SUCCESS] bvid=BV1NA9JBhEXB 已成功抓取全部所需数据。
[2026-04-07 05:51:51] [SUCCESS] bvid=BV1sA9JBhETq 已成功抓取全部所需数据。
[2026-04-07 05:51:56] [SUCCESS] bvid=BV1NA9JBhEHH 已成功抓取全部所需数据。
[2026-04-07 05:52:01] [SUCCESS] bvid=BV1PN9JBFEDB 已成功抓取全部所需数据。
[2026-04-07 05:52:05] [SUCCESS] bvid=BV1NN9JBFE72 已成功抓取全部所需数据。
[2026-04-07 05:52:10] [SUCCESS] bvid=BV1PN9JBFERK 已成功抓取全部所需数据。
[2026-04-07 05:52:16] [SUCCESS] bvid=BV1NN9JBFEwM 已成功抓取全部所需数据。
[2026-04-07 05:52:21] [SUCCESS] bvid=BV1WN9JBFEzf 已成功抓取全部所需数据。
[2026-04-07 05:52:26] [SUCCESS] bvid=BV1cG9JBsELG 已成功抓取全部所需数据。
[2026-04-07 05:52:31] [SUCCESS] bvid=BV1PN9JBFEUw 已成功抓取全部所需数据。
[2026-04-07 05:52:36] [SUCCESS] bvid=BV1WN9JBFE9p 已成功抓取全部所需数据。
[2026-04-07 05:52:41] [SUCCESS] bvid=BV1FG9JBsENm 已成功抓取全部所需数据。
[2026-04-07 05:52:45] [SUCCESS] bvid=BV19H97BzE7A 已成功抓取全部所需数据。
[2026-04-07 05:52:50] [SUCCESS] bvid=BV1FG9JBsEsr 已成功抓取全部所需数据。
[2026-04-07 05:52:56] [SUCCESS] bvid=BV1FG9JBsEMC 已成功抓取全部所需数据。
[2026-04-07 05:53:01] [SUCCESS] bvid=BV1nG9JBsEj9 已成功抓取全部所需数据。
[2026-04-07 05:53:06] [SUCCESS] bvid=BV1rG9JBsEeN 已成功抓取全部所需数据。
[2026-04-07 05:53:11] [SUCCESS] bvid=BV1Zg9LBuE92 已成功抓取全部所需数据。
[2026-04-07 05:53:16] [SUCCESS] bvid=BV1FV9JBRE1U 已成功抓取全部所需数据。
[2026-04-07 05:53:21] [SUCCESS] bvid=BV1ku9JB4E4p 已成功抓取全部所需数据。
[2026-04-07 05:53:26] [SUCCESS] bvid=BV1ru9JB4Esj 已成功抓取全部所需数据。
[2026-04-07 05:53:31] [SUCCESS] bvid=BV1wu9JB4EF1 已成功抓取全部所需数据。
[2026-04-07 05:53:36] [SUCCESS] bvid=BV1cu9JB4Emi 已成功抓取全部所需数据。
[2026-04-07 05:53:41] [SUCCESS] bvid=BV15n97B3E4a 已成功抓取全部所需数据。
[2026-04-07 05:53:46] [SUCCESS] bvid=BV1fs9jB2EDP 已成功抓取全部所需数据。
[2026-04-07 05:53:51] [SUCCESS] bvid=BV1wu9JB4E1b 已成功抓取全部所需数据。
[2026-04-07 05:53:56] [SUCCESS] bvid=BV1ru9JB4EhU 已成功抓取全部所需数据。
[2026-04-07 05:54:01] [SUCCESS] bvid=BV1wu9JB4ELn 已成功抓取全部所需数据。
[2026-04-07 05:54:06] [SUCCESS] bvid=BV1ng9JBdEyV 已成功抓取全部所需数据。
[2026-04-07 05:54:11] [SUCCESS] bvid=BV1cg9JBdEfc 已成功抓取全部所需数据。
[2026-04-07 05:54:16] [SUCCESS] bvid=BV1n49jB7Ep5 已成功抓取全部所需数据。
[2026-04-07 05:54:21] [SUCCESS] bvid=BV1cg9JBdEwB 已成功抓取全部所需数据。
[2026-04-07 05:54:26] [SUCCESS] bvid=BV1cg9JBdEJ3 已成功抓取全部所需数据。
[2026-04-07 05:54:31] [SUCCESS] bvid=BV1n49jB7Emu 已成功抓取全部所需数据。
[2026-04-07 05:54:36] [SUCCESS] bvid=BV1Hg9JBdEtc 已成功抓取全部所需数据。
[2026-04-07 05:54:41] [SUCCESS] bvid=BV1n49jB7EC5 已成功抓取全部所需数据。
[2026-04-07 05:54:46] [SUCCESS] bvid=BV1Et9jB2EJ5 已成功抓取全部所需数据。
[2026-04-07 05:54:51] [SUCCESS] bvid=BV1649jB7EbQ 已成功抓取全部所需数据。
[2026-04-07 05:54:56] [SUCCESS] bvid=BV1F49jBEEPB 已成功抓取全部所需数据。
[2026-04-07 05:55:01] [SUCCESS] bvid=BV1kW9jBJE9o 已成功抓取全部所需数据。
[2026-04-07 05:55:06] [SUCCESS] bvid=BV1n49jB7EMr 已成功抓取全部所需数据。
[2026-04-07 05:55:11] [SUCCESS] bvid=BV1otXQBzEaK 已成功抓取全部所需数据。
[2026-04-07 05:55:16] [SUCCESS] bvid=BV1ws9jBSE5r 已成功抓取全部所需数据。
[2026-04-07 05:55:22] [SUCCESS] bvid=BV1nt9jB2EcX 已成功抓取全部所需数据。
[2026-04-07 05:55:27] [SUCCESS] bvid=BV1Gk9jBTEJz 已成功抓取全部所需数据。
[2026-04-07 05:55:32] [SUCCESS] bvid=BV12G9jBoEeM 已成功抓取全部所需数据。
[2026-04-07 05:55:32] [INFO] 当前 batch_crawl 已完成，所有视频均已成功抓取。
[2026-04-07 05:55:32] 子任务结束时间：2026-04-07T05:55:32.119480
[TIMESTAMP][END] 2026-04-07T05:55:32
