[TIMESTAMP][BEGIN] 2026-04-07T07:51:18
[2026-04-07 07:51:21] 开始执行 CSV 批量抓取子任务 part_49。
[2026-04-07 07:51:21] 子任务开始时间：2026-04-07T07:51:18.823151
[2026-04-07 07:51:21] 输入文件：batch_input_49.csv
[2026-04-07 07:51:21] 输入唯一 bvid 数量：100
[2026-04-07 07:51:21] 为严格按 CSV 顺序判断连续失败阈值，本次任务自动将并发度从 2 调整为 1。
[2026-04-07 07:51:26] [SUCCESS] bvid=BV1z4XkBJEzk 已成功抓取全部所需数据。
[2026-04-07 07:51:32] [SUCCESS] bvid=BV1HHXkBXE68 已成功抓取全部所需数据。
[2026-04-07 07:51:37] [SUCCESS] bvid=BV1kHXkBXEit 已成功抓取全部所需数据。
[2026-04-07 07:51:42] [SUCCESS] bvid=BV1rWXkBHEoQ 已成功抓取全部所需数据。
[2026-04-07 07:51:48] [SUCCESS] bvid=BV1mUX6B4Ezr 已成功抓取全部所需数据。
[2026-04-07 07:51:53] [SUCCESS] bvid=BV1nWXkBHE3H 已成功抓取全部所需数据。
[2026-04-07 07:51:58] [SUCCESS] bvid=BV18TXkBAEFX 已成功抓取全部所需数据。
[2026-04-07 07:52:03] [SUCCESS] bvid=BV16WXkBHEkZ 已成功抓取全部所需数据。
[2026-04-07 07:52:08] [SUCCESS] bvid=BV1nWXkBHE3j 已成功抓取全部所需数据。
[2026-04-07 07:52:13] [SUCCESS] bvid=BV1uTXkBPEJy 已成功抓取全部所需数据。
[2026-04-07 07:52:19] [SUCCESS] bvid=BV1UTXkBAERb 已成功抓取全部所需数据。
[2026-04-07 07:52:24] [SUCCESS] bvid=BV1UMXkBaELq 已成功抓取全部所需数据。
[2026-04-07 07:52:29] [SUCCESS] bvid=BV1tMXkBaEb2 已成功抓取全部所需数据。
[2026-04-07 07:52:34] [SUCCESS] bvid=BV1QPXkBNEiR 已成功抓取全部所需数据。
[2026-04-07 07:52:39] [SUCCESS] bvid=BV1hNXkBeEM4 已成功抓取全部所需数据。
[2026-04-07 07:52:44] [SUCCESS] bvid=BV18NXkBeEgd 已成功抓取全部所需数据。
[2026-04-07 07:52:49] [SUCCESS] bvid=BV11GXkBfEke 已成功抓取全部所需数据。
[2026-04-07 07:52:54] [SUCCESS] bvid=BV14GXkBfEja 已成功抓取全部所需数据。
[2026-04-07 07:53:00] [SUCCESS] bvid=BV125XkBtE77 已成功抓取全部所需数据。
[2026-04-07 07:53:05] [SUCCESS] bvid=BV1tgXkBcEeq 已成功抓取全部所需数据。
[2026-04-07 07:53:10] [SUCCESS] bvid=BV1y5XkBtEfF 已成功抓取全部所需数据。
[2026-04-07 07:53:15] [SUCCESS] bvid=BV1mgXkBcE64 已成功抓取全部所需数据。
[2026-04-07 07:53:20] [SUCCESS] bvid=BV14gXkBcEqo 已成功抓取全部所需数据。
[2026-04-07 07:53:25] [SUCCESS] bvid=BV1mgXkBcEyY 已成功抓取全部所需数据。
[2026-04-07 07:53:30] [SUCCESS] bvid=BV1m3XkB8E3h 已成功抓取全部所需数据。
[2026-04-07 07:53:35] [SUCCESS] bvid=BV1M3XkBhEhx 已成功抓取全部所需数据。
[2026-04-07 07:53:40] [SUCCESS] bvid=BV1x3XkB8ERg 已成功抓取全部所需数据。
[2026-04-07 07:53:45] [SUCCESS] bvid=BV143XkB8EZJ 已成功抓取全部所需数据。
[2026-04-07 07:53:51] [SUCCESS] bvid=BV114XzBQEb5 已成功抓取全部所需数据。
[2026-04-07 08:03:57] [SUCCESS] bvid=BV1TWXzBREQ6 已成功抓取全部所需数据。
[2026-04-07 08:04:04] [SUCCESS] bvid=BV1qHXBBTERe 已成功抓取全部所需数据。
[2026-04-07 08:04:10] [SUCCESS] bvid=BV123XkB8EgB 已成功抓取全部所需数据。
[2026-04-07 08:04:17] [SUCCESS] bvid=BV1UWXzBREZ4 已成功抓取全部所需数据。
[2026-04-07 08:04:23] [SUCCESS] bvid=BV1yaXzBEEQR 已成功抓取全部所需数据。
[2026-04-07 08:04:30] [SUCCESS] bvid=BV124XzBQEFT 已成功抓取全部所需数据。
[2026-04-07 08:04:36] [SUCCESS] bvid=BV15GXzBAEmH 已成功抓取全部所需数据。
[2026-04-07 08:04:43] [SUCCESS] bvid=BV1tvQUB5EE9 已成功抓取全部所需数据。
[2026-04-07 08:04:49] [SUCCESS] bvid=BV14iQUBCEQY 已成功抓取全部所需数据。
[2026-04-07 08:04:55] [SUCCESS] bvid=BV1wkXaBbEAF 已成功抓取全部所需数据。
[2026-04-07 08:05:02] [SUCCESS] bvid=BV12bXzBnEaC 已成功抓取全部所需数据。
[2026-04-07 08:05:08] [SUCCESS] bvid=BV11bXzBnEA5 已成功抓取全部所需数据。
[2026-04-07 08:05:15] [SUCCESS] bvid=BV1ybXzBnESL 已成功抓取全部所需数据。
[2026-04-07 08:05:21] [SUCCESS] bvid=BV1UWXzB9Ekf 已成功抓取全部所需数据。
[2026-04-07 08:05:28] [SUCCESS] bvid=BV1mWXzB9EAR 已成功抓取全部所需数据。
[2026-04-07 08:05:34] [SUCCESS] bvid=BV1MxXzBWE5Z 已成功抓取全部所需数据。
[2026-04-07 08:05:41] [SUCCESS] bvid=BV1pvXzB7EM8 已成功抓取全部所需数据。
[2026-04-07 08:05:47] [SUCCESS] bvid=BV1mxXzBpErD 已成功抓取全部所需数据。
[2026-04-07 08:05:54] [SUCCESS] bvid=BV1sYXzBUEJS 已成功抓取全部所需数据。
[2026-04-07 08:06:00] [SUCCESS] bvid=BV1kYXzBmEp1 已成功抓取全部所需数据。
[2026-04-07 08:06:06] [SUCCESS] bvid=BV1WvXzB7E4t 已成功抓取全部所需数据。
[2026-04-07 08:06:13] [SUCCESS] bvid=BV1rvXzBjEZq 已成功抓取全部所需数据。
[2026-04-07 08:06:19] [SUCCESS] bvid=BV1ZdXeB4EU1 已成功抓取全部所需数据。
[2026-04-07 08:06:25] [SUCCESS] bvid=BV1y8XzBSEgA 已成功抓取全部所需数据。
[2026-04-07 08:06:32] [SUCCESS] bvid=BV1CaXzBEE4q 已成功抓取全部所需数据。
[2026-04-07 08:06:38] [SUCCESS] bvid=BV19GXzBwEc9 已成功抓取全部所需数据。
[2026-04-07 08:06:45] [SUCCESS] bvid=BV1CaXzBEEra 已成功抓取全部所需数据。
[2026-04-07 08:06:51] [SUCCESS] bvid=BV1CaXzBEEDw 已成功抓取全部所需数据。
[2026-04-07 08:06:57] [SUCCESS] bvid=BV1YLXzBcEhX 已成功抓取全部所需数据。
[2026-04-07 08:07:02] [SUCCESS] bvid=BV1QLXzBFEuf 已成功抓取全部所需数据。
[2026-04-07 08:07:08] [SUCCESS] bvid=BV1QLXzBFE8g 已成功抓取全部所需数据。
[2026-04-07 08:07:13] [SUCCESS] bvid=BV1GLXzBcEZM 已成功抓取全部所需数据。
[2026-04-07 08:07:19] [SUCCESS] bvid=BV1QjXzBbEvW 已成功抓取全部所需数据。
[2026-04-07 08:07:25] [SUCCESS] bvid=BV1hbApzkEm4 已成功抓取全部所需数据。
[2026-04-07 08:07:30] [SUCCESS] bvid=BV1DjXzBbES9 已成功抓取全部所需数据。
[2026-04-07 08:07:36] [SUCCESS] bvid=BV18jXzBtEeP 已成功抓取全部所需数据。
[2026-04-07 08:07:42] [SUCCESS] bvid=BV15GXzBAE6r 已成功抓取全部所需数据。
[2026-04-07 08:07:47] [SUCCESS] bvid=BV1XGXzBwE84 已成功抓取全部所需数据。
[2026-04-07 08:07:53] [SUCCESS] bvid=BV1QVXzBhE9J 已成功抓取全部所需数据。
[2026-04-07 08:07:58] [SUCCESS] bvid=BV1MnXzBoEDX 已成功抓取全部所需数据。
[2026-04-07 08:08:04] [SUCCESS] bvid=BV1GyXdBLEbR 已成功抓取全部所需数据。
[2026-04-07 08:08:09] [SUCCESS] bvid=BV1GyXdBLEiH 已成功抓取全部所需数据。
[2026-04-07 08:08:15] [SUCCESS] bvid=BV1XyXdB5EMj 已成功抓取全部所需数据。
[2026-04-07 08:08:20] [SUCCESS] bvid=BV1XRXzBYEah 已成功抓取全部所需数据。
[2026-04-07 08:08:25] [SUCCESS] bvid=BV1a7XzBfE6c 已成功抓取全部所需数据。
[2026-04-07 08:08:31] [SUCCESS] bvid=BV1UpXzBsEFU 已成功抓取全部所需数据。
[2026-04-07 08:08:37] [SUCCESS] bvid=BV1QGXqBWEyZ 已成功抓取全部所需数据。
[2026-04-07 08:08:42] [SUCCESS] bvid=BV1zEXBBuEHK 已成功抓取全部所需数据。
[2026-04-07 08:08:48] [SUCCESS] bvid=BV1gJXzBtEqB 已成功抓取全部所需数据。
[2026-04-07 08:08:53] [SUCCESS] bvid=BV14gX6BpEch 已成功抓取全部所需数据。
[2026-04-07 08:08:58] [SUCCESS] bvid=BV1VPXYB5EAw 已成功抓取全部所需数据。
[2026-04-07 08:09:04] [SUCCESS] bvid=BV1b1X6BbEXG 已成功抓取全部所需数据。
[2026-04-07 08:09:10] [SUCCESS] bvid=BV1L8X6BzEgz 已成功抓取全部所需数据。
[2026-04-07 08:09:15] [SUCCESS] bvid=BV1LbX6BgE2o 已成功抓取全部所需数据。
[2026-04-07 08:09:20] [SUCCESS] bvid=BV1HFX8BJEjX 已成功抓取全部所需数据。
[2026-04-07 08:09:25] [SUCCESS] bvid=BV1eQXzBvEK5 已成功抓取全部所需数据。
[2026-04-07 08:09:31] [SUCCESS] bvid=BV1RQXzBvEd1 已成功抓取全部所需数据。
[2026-04-07 08:09:36] [SUCCESS] bvid=BV1vUXzBqE8e 已成功抓取全部所需数据。
[2026-04-07 08:09:42] [SUCCESS] bvid=BV1iUXzBqEdu 已成功抓取全部所需数据。
[2026-04-07 08:09:47] [SUCCESS] bvid=BV1RDXzBKELd 已成功抓取全部所需数据。
[2026-04-07 08:09:53] [SUCCESS] bvid=BV1vDXzBKEwQ 已成功抓取全部所需数据。
[2026-04-07 08:09:58] [SUCCESS] bvid=BV1vDXzBKE71 已成功抓取全部所需数据。
[2026-04-07 08:10:03] [SUCCESS] bvid=BV1aZXzBhEpz 已成功抓取全部所需数据。
[2026-04-07 08:10:09] [SUCCESS] bvid=BV1DFX6BFE4g 已成功抓取全部所需数据。
[2026-04-07 08:10:14] [SUCCESS] bvid=BV1hFX6BFE1C 已成功抓取全部所需数据。
[2026-04-07 08:10:20] [SUCCESS] bvid=BV1aRXzBYEhc 已成功抓取全部所需数据。
[2026-04-07 08:10:25] [SUCCESS] bvid=BV1aoXzBwExP 已成功抓取全部所需数据。
[2026-04-07 08:10:30] [SUCCESS] bvid=BV1QoXzBwEMA 已成功抓取全部所需数据。
[2026-04-07 08:10:35] [SUCCESS] bvid=BV16zXzBCE5N 已成功抓取全部所需数据。
[2026-04-07 08:10:40] [SUCCESS] bvid=BV1zrXzBGEiU 已成功抓取全部所需数据。
[2026-04-07 08:10:46] [SUCCESS] bvid=BV16rXzBGEHr 已成功抓取全部所需数据。
[2026-04-07 08:10:46] [INFO] 当前 batch_crawl 已完成，所有视频均已成功抓取。
[2026-04-07 08:10:46] 子任务结束时间：2026-04-07T08:10:46.292413
[TIMESTAMP][END] 2026-04-07T08:10:46
