[TIMESTAMP][BEGIN] 2026-04-07T05:10:20
[2026-04-07 05:10:22] 开始执行 CSV 批量抓取子任务 part_32。
[2026-04-07 05:10:22] 子任务开始时间：2026-04-07T05:10:20.622218
[2026-04-07 05:10:22] 输入文件：batch_input_32.csv
[2026-04-07 05:10:22] 输入唯一 bvid 数量：100
[2026-04-07 05:10:22] 为严格按 CSV 顺序判断连续失败阈值，本次任务自动将并发度从 2 调整为 1。
[2026-04-07 05:10:27] [SUCCESS] bvid=BV1q997BmETc 已成功抓取全部所需数据。
[2026-04-07 05:10:32] [SUCCESS] bvid=BV1Mw9WBmEix 已成功抓取全部所需数据。
[2026-04-07 05:10:37] [SUCCESS] bvid=BV1uw9WBmEbr 已成功抓取全部所需数据。
[2026-04-07 05:10:42] [SUCCESS] bvid=BV1e39sB8EZh 已成功抓取全部所需数据。
[2026-04-07 05:10:47] [SUCCESS] bvid=BV14P9WBjEYi 已成功抓取全部所需数据。
[2026-04-07 05:10:51] [SUCCESS] bvid=BV1j29pBZEws 已成功抓取全部所需数据。
[2026-04-07 05:10:56] [SUCCESS] bvid=BV1L29pBZEmv 已成功抓取全部所需数据。
[2026-04-07 05:11:01] [SUCCESS] bvid=BV1Ee9EBnE8N 已成功抓取全部所需数据。
[2026-04-07 05:11:06] [SUCCESS] bvid=BV1j29pBZEXh 已成功抓取全部所需数据。
[2026-04-07 05:11:11] [SUCCESS] bvid=BV1iU9pB4E4g 已成功抓取全部所需数据。
[2026-04-07 05:11:16] [SUCCESS] bvid=BV15U9pB4E14 已成功抓取全部所需数据。
[2026-04-07 05:11:21] [SUCCESS] bvid=BV15U9pB4E12 已成功抓取全部所需数据。
[2026-04-07 05:11:26] [SUCCESS] bvid=BV1Ey9pBFEvS 已成功抓取全部所需数据。
[2026-04-07 05:11:31] [SUCCESS] bvid=BV1j19pBbE3w 已成功抓取全部所需数据。
[2026-04-07 05:11:36] [SUCCESS] bvid=BV1VX9pB9EXx 已成功抓取全部所需数据。
[2026-04-07 05:11:41] [SUCCESS] bvid=BV19X9pB9EC7 已成功抓取全部所需数据。
[2026-04-07 05:11:46] [SUCCESS] bvid=BV1eX9pB9ET1 已成功抓取全部所需数据。
[2026-04-07 05:11:50] [SUCCESS] bvid=BV1GR9pBWEHJ 已成功抓取全部所需数据。
[2026-04-07 05:11:55] [SUCCESS] bvid=BV1GR9pBpE7K 已成功抓取全部所需数据。
[2026-04-07 05:12:00] [SUCCESS] bvid=BV1eS9pBdEUJ 已成功抓取全部所需数据。
[2026-04-07 05:12:05] [SUCCESS] bvid=BV1LS9pBdEJo 已成功抓取全部所需数据。
[2026-04-07 05:12:10] [SUCCESS] bvid=BV1LS9pBdEvp 已成功抓取全部所需数据。
[2026-04-07 05:12:15] [SUCCESS] bvid=BV1VQ9pBsEqi 已成功抓取全部所需数据。
[2026-04-07 05:12:20] [SUCCESS] bvid=BV1vQ9pBsETW 已成功抓取全部所需数据。
[2026-04-07 05:12:25] [SUCCESS] bvid=BV1vQ9pBsEuF 已成功抓取全部所需数据。
[2026-04-07 05:12:30] [SUCCESS] bvid=BV1kD9HBKEhy 已成功抓取全部所需数据。
[2026-04-07 05:12:35] [SUCCESS] bvid=BV1fW9WBaELt 已成功抓取全部所需数据。
[2026-04-07 05:12:39] [SUCCESS] bvid=BV1Zx9WBcEzH 已成功抓取全部所需数据。
[2026-04-07 05:12:44] [SUCCESS] bvid=BV1ox9WBcEYy 已成功抓取全部所需数据。
[2026-04-07 05:12:49] [SUCCESS] bvid=BV1Zx9WBcERB 已成功抓取全部所需数据。
[2026-04-07 05:12:55] [SUCCESS] bvid=BV1v89WBbE9n 已成功抓取全部所需数据。
[2026-04-07 05:13:07] [SUCCESS] bvid=BV1Fn9WBvEmm 已成功抓取全部所需数据。
[2026-04-07 05:13:26] [SUCCESS] bvid=BV1Fn9WBvEXp 已成功抓取全部所需数据。
[2026-04-07 05:13:44] [SUCCESS] bvid=BV1Fn9WBvExQ 已成功抓取全部所需数据。
[2026-04-07 05:14:02] [SUCCESS] bvid=BV1fp9WBAEE8 已成功抓取全部所需数据。
[2026-04-07 05:14:22] [SUCCESS] bvid=BV1R89WBtEdT 已成功抓取全部所需数据。
[2026-04-07 05:14:40] [SUCCESS] bvid=BV1d89WBtE6g 已成功抓取全部所需数据。
[2026-04-07 05:14:58] [SUCCESS] bvid=BV1fp9WBAEjE 已成功抓取全部所需数据。
[2026-04-07 05:15:16] [SUCCESS] bvid=BV1Fp9WBPEKj 已成功抓取全部所需数据。
[2026-04-07 05:15:33] [SUCCESS] bvid=BV1Jp9WBPESX 已成功抓取全部所需数据。
[2026-04-07 05:15:51] [SUCCESS] bvid=BV1d89WBtEpN 已成功抓取全部所需数据。
[2026-04-07 05:16:10] [SUCCESS] bvid=BV1989WBtESN 已成功抓取全部所需数据。
[2026-04-07 05:16:28] [SUCCESS] bvid=BV1hn9sBWE3i 已成功抓取全部所需数据。
[2026-04-07 05:16:46] [SUCCESS] bvid=BV1o49WB8EJq 已成功抓取全部所需数据。
[2026-04-07 05:16:46] [ERROR] bvid=BV1o49WB8E3e 抓取失败：stat: 接口返回错误代码：-404，信息：啥都木有。
{'code': -404, 'message': '啥都木有', 'ttl': 1} | comment: 接口返回错误代码：-404，信息：啥都木有。
{'code': -404, 'message': '啥都木有', 'ttl': 1}
[2026-04-07 05:17:05] [SUCCESS] bvid=BV1o49WB8Eu8 已成功抓取全部所需数据。
[2026-04-07 05:17:10] [SUCCESS] bvid=BV1pt9nBAEQv 已成功抓取全部所需数据。
[2026-04-07 05:17:15] [SUCCESS] bvid=BV1dt9WBfENn 已成功抓取全部所需数据。
[2026-04-07 05:17:20] [SUCCESS] bvid=BV1d49WB8EXP 已成功抓取全部所需数据。
[2026-04-07 05:17:26] [SUCCESS] bvid=BV1749WBhEdR 已成功抓取全部所需数据。
[2026-04-07 05:17:31] [SUCCESS] bvid=BV1uk9WBnEBf 已成功抓取全部所需数据。
[2026-04-07 05:17:36] [SUCCESS] bvid=BV1wj9WBMEgG 已成功抓取全部所需数据。
[2026-04-07 05:17:41] [SUCCESS] bvid=BV1DTXkBAEVi 已成功抓取全部所需数据。
[2026-04-07 05:17:46] [SUCCESS] bvid=BV11p9nBiEQu 已成功抓取全部所需数据。
[2026-04-07 05:17:51] [SUCCESS] bvid=BV1D897BPEgF 已成功抓取全部所需数据。
[2026-04-07 05:17:56] [SUCCESS] bvid=BV1TC9WBSED8 已成功抓取全部所需数据。
[2026-04-07 05:18:01] [SUCCESS] bvid=BV14Q95BpEHq 已成功抓取全部所需数据。
[2026-04-07 05:18:06] [SUCCESS] bvid=BV1FsXbB5EcF 已成功抓取全部所需数据。
[2026-04-07 05:18:12] [SUCCESS] bvid=BV1ni9nBoE3L 已成功抓取全部所需数据。
[2026-04-07 05:18:17] [SUCCESS] bvid=BV1g7XzBfE1b 已成功抓取全部所需数据。
[2026-04-07 05:18:22] [SUCCESS] bvid=BV1H4XWBqEJw 已成功抓取全部所需数据。
[2026-04-07 05:18:27] [SUCCESS] bvid=BV11U9WBLEVn 已成功抓取全部所需数据。
[2026-04-07 05:18:32] [SUCCESS] bvid=BV1G19jBNEhx 已成功抓取全部所需数据。
[2026-04-07 05:18:38] [SUCCESS] bvid=BV1fD97BSEbd 已成功抓取全部所需数据。
[2026-04-07 05:18:43] [SUCCESS] bvid=BV18o9nBVEUq 已成功抓取全部所需数据。
[2026-04-07 05:18:48] [SUCCESS] bvid=BV1bS9jBaEes 已成功抓取全部所需数据。
[2026-04-07 05:18:52] [SUCCESS] bvid=BV1gZ9nBkEuo 已成功抓取全部所需数据。
[2026-04-07 05:18:58] [SUCCESS] bvid=BV1sQX6BsErW 已成功抓取全部所需数据。
[2026-04-07 05:19:04] [SUCCESS] bvid=BV1go9nBVEeW 已成功抓取全部所需数据。
[2026-04-07 05:19:10] [SUCCESS] bvid=BV1NA9JBhE9C 已成功抓取全部所需数据。
[2026-04-07 05:19:16] [SUCCESS] bvid=BV1Z49WB8EMD 已成功抓取全部所需数据。
[2026-04-07 05:19:23] [SUCCESS] bvid=BV1dt9WBfEqD 已成功抓取全部所需数据。
[2026-04-07 05:19:29] [SUCCESS] bvid=BV1Z49WBhESF 已成功抓取全部所需数据。
[2026-04-07 05:19:35] [SUCCESS] bvid=BV1dt9WBfEKM 已成功抓取全部所需数据。
[2026-04-07 05:19:41] [SUCCESS] bvid=BV1ot9WBfETQ 已成功抓取全部所需数据。
[2026-04-07 05:19:46] [SUCCESS] bvid=BV1ot9WBfEzG 已成功抓取全部所需数据。
[2026-04-07 05:19:51] [SUCCESS] bvid=BV1N39WBrE8e 已成功抓取全部所需数据。
[2026-04-07 05:19:56] [SUCCESS] bvid=BV1P39WBrEh7 已成功抓取全部所需数据。
[2026-04-07 05:20:01] [SUCCESS] bvid=BV1N39WBrEJn 已成功抓取全部所需数据。
[2026-04-07 05:20:06] [SUCCESS] bvid=BV1N39WBrEEr 已成功抓取全部所需数据。
[2026-04-07 05:20:11] [SUCCESS] bvid=BV1LiXkBVE57 已成功抓取全部所需数据。
[2026-04-07 05:20:16] [SUCCESS] bvid=BV1Dz9WBHEqc 已成功抓取全部所需数据。
[2026-04-07 05:20:21] [SUCCESS] bvid=BV1qQ9LB3E9v 已成功抓取全部所需数据。
[2026-04-07 05:20:26] [SUCCESS] bvid=BV14M9WBCEVU 已成功抓取全部所需数据。
[2026-04-07 05:20:31] [SUCCESS] bvid=BV1xg9WBGEb8 已成功抓取全部所需数据。
[2026-04-07 05:20:36] [SUCCESS] bvid=BV1xg9WBGEW1 已成功抓取全部所需数据。
[2026-04-07 05:20:41] [SUCCESS] bvid=BV1Pg9WBGEqK 已成功抓取全部所需数据。
[2026-04-07 05:20:46] [SUCCESS] bvid=BV1Kg9WBGEWi 已成功抓取全部所需数据。
[2026-04-07 05:20:51] [SUCCESS] bvid=BV1c79WBqEQp 已成功抓取全部所需数据。
[2026-04-07 05:20:56] [SUCCESS] bvid=BV1cJ9WBKEpL 已成功抓取全部所需数据。
[2026-04-07 05:21:01] [SUCCESS] bvid=BV1HJ9WBKE5H 已成功抓取全部所需数据。
[2026-04-07 05:21:05] [SUCCESS] bvid=BV1Fh9EBWEdA 已成功抓取全部所需数据。
[2026-04-07 05:21:10] [SUCCESS] bvid=BV1v39sB8EV1 已成功抓取全部所需数据。
[2026-04-07 05:21:15] [SUCCESS] bvid=BV1wN97BHExw 已成功抓取全部所需数据。
[2026-04-07 05:21:20] [SUCCESS] bvid=BV191AWzSEow 已成功抓取全部所需数据。
[2026-04-07 05:21:25] [SUCCESS] bvid=BV1Qi9WBWE1K 已成功抓取全部所需数据。
[2026-04-07 05:21:29] [SUCCESS] bvid=BV1P59WBzENJ 已成功抓取全部所需数据。
[2026-04-07 05:21:34] [SUCCESS] bvid=BV1w59WBzEQh 已成功抓取全部所需数据。
[2026-04-07 05:21:39] [SUCCESS] bvid=BV1Mc9HB6EgC 已成功抓取全部所需数据。
[2026-04-07 05:21:44] [SUCCESS] bvid=BV1A59WBzEeZ 已成功抓取全部所需数据。
[2026-04-07 05:21:44] [WARN] 当前子任务已结束，但仍有未成功抓取的视频，已导出 remaining CSV 供继续执行。
[2026-04-07 05:21:44] [INFO] 已导出剔除成功条目后的剩余 CSV：D:\Schoolworks\Thesis\Bilibili-Datahub\outputs\video_data\manual_crawls\manual_crawl_stat_comment_20260406_223825\remaining_bvids_part_32.csv
[2026-04-07 05:21:44] 子任务结束时间：2026-04-07T05:21:44.465654
[TIMESTAMP][END] 2026-04-07T05:21:44
