[TIMESTAMP][BEGIN] 2026-04-07T01:35:24
[2026-04-07 01:35:26] 开始执行 CSV 批量抓取子任务 part_14。
[2026-04-07 01:35:26] 子任务开始时间：2026-04-07T01:35:24.653850
[2026-04-07 01:35:26] 输入文件：batch_input_14.csv
[2026-04-07 01:35:26] 输入唯一 bvid 数量：100
[2026-04-07 01:35:26] 为严格按 CSV 顺序判断连续失败阈值，本次任务自动将并发度从 2 调整为 1。
[2026-04-07 01:35:32] [SUCCESS] bvid=BV1QJDKBhEtc 已成功抓取全部所需数据。
[2026-04-07 01:35:37] [SUCCESS] bvid=BV1WX9gBKEnC 已成功抓取全部所需数据。
[2026-04-07 01:35:43] [SUCCESS] bvid=BV1DJDKBhEku 已成功抓取全部所需数据。
[2026-04-07 01:35:48] [SUCCESS] bvid=BV19LDKBPEyS 已成功抓取全部所需数据。
[2026-04-07 01:35:53] [SUCCESS] bvid=BV1ejDKBYEDA 已成功抓取全部所需数据。
[2026-04-07 01:35:59] [SUCCESS] bvid=BV1YjDKBYEyQ 已成功抓取全部所需数据。
[2026-04-07 01:36:04] [SUCCESS] bvid=BV1NDDABCEFz 已成功抓取全部所需数据。
[2026-04-07 01:36:09] [SUCCESS] bvid=BV17UDKBrEMk 已成功抓取全部所需数据。
[2026-04-07 01:36:14] [SUCCESS] bvid=BV17UDKBrEuw 已成功抓取全部所需数据。
[2026-04-07 01:36:20] [SUCCESS] bvid=BV1n1DKBCEG7 已成功抓取全部所需数据。
[2026-04-07 01:36:25] [SUCCESS] bvid=BV1jDDKBgE1v 已成功抓取全部所需数据。
[2026-04-07 01:36:31] [SUCCESS] bvid=BV1E1DKBCEyx 已成功抓取全部所需数据。
[2026-04-07 01:36:36] [SUCCESS] bvid=BV1LDDKBgEXw 已成功抓取全部所需数据。
[2026-04-07 01:36:41] [SUCCESS] bvid=BV171DKBCEf5 已成功抓取全部所需数据。
[2026-04-07 01:36:47] [SUCCESS] bvid=BV17mDKBGELa 已成功抓取全部所需数据。
[2026-04-07 01:36:52] [SUCCESS] bvid=BV1A4XZBvEum 已成功抓取全部所需数据。
[2026-04-07 01:36:58] [SUCCESS] bvid=BV1J1DKBCEa6 已成功抓取全部所需数据。
[2026-04-07 01:37:03] [SUCCESS] bvid=BV1EmDKBGEKw 已成功抓取全部所需数据。
[2026-04-07 01:37:09] [SUCCESS] bvid=BV17mDKBGEkd 已成功抓取全部所需数据。
[2026-04-07 01:37:14] [SUCCESS] bvid=BV1HK9MBfEoi 已成功抓取全部所需数据。
[2026-04-07 01:37:19] [SUCCESS] bvid=BV18e9MB6Eer 已成功抓取全部所需数据。
[2026-04-07 01:37:25] [SUCCESS] bvid=BV1n59gBwEAC 已成功抓取全部所需数据。
[2026-04-07 01:37:31] [SUCCESS] bvid=BV1xi9KBhEXt 已成功抓取全部所需数据。
[2026-04-07 01:37:36] [SUCCESS] bvid=BV1QEDPBWENg 已成功抓取全部所需数据。
[2026-04-07 01:37:41] [SUCCESS] bvid=BV1QWXCBgEZj 已成功抓取全部所需数据。
[2026-04-07 01:37:47] [SUCCESS] bvid=BV1Yb9gBQECz 已成功抓取全部所需数据。
[2026-04-07 01:37:52] [SUCCESS] bvid=BV1saDPByEkF 已成功抓取全部所需数据。
[2026-04-07 01:37:58] [SUCCESS] bvid=BV1TwXfBrEtg 已成功抓取全部所需数据。
[2026-04-07 01:38:04] [SUCCESS] bvid=BV1c7DABKEGQ 已成功抓取全部所需数据。
[2026-04-07 01:38:09] [SUCCESS] bvid=BV1stDPB7Ezs 已成功抓取全部所需数据。
[2026-04-07 01:38:14] [SUCCESS] bvid=BV1fX9MB4E6V 已成功抓取全部所需数据。
[2026-04-07 01:38:20] [SUCCESS] bvid=BV1EzDwBwEsD 已成功抓取全部所需数据。
[2026-04-07 01:38:26] [SUCCESS] bvid=BV1h59uBVEbX 已成功抓取全部所需数据。
[2026-04-07 01:38:31] [SUCCESS] bvid=BV1SL9uBrEWC 已成功抓取全部所需数据。
[2026-04-07 01:38:37] [SUCCESS] bvid=BV1cX9MBtEvf 已成功抓取全部所需数据。
[2026-04-07 01:38:42] [SUCCESS] bvid=BV1mV9TBNE1D 已成功抓取全部所需数据。
[2026-04-07 01:38:48] [SUCCESS] bvid=BV1GM9uB7Eeb 已成功抓取全部所需数据。
[2026-04-07 01:38:53] [SUCCESS] bvid=BV1voDKBKE38 已成功抓取全部所需数据。
[2026-04-07 01:38:58] [SUCCESS] bvid=BV1bi9MBuE9t 已成功抓取全部所需数据。
[2026-04-07 01:39:04] [SUCCESS] bvid=BV1tpDPBDEXT 已成功抓取全部所需数据。
[2026-04-07 01:39:09] [SUCCESS] bvid=BV1YoDKBKEso 已成功抓取全部所需数据。
[2026-04-07 01:39:15] [SUCCESS] bvid=BV15hDAB4EaS 已成功抓取全部所需数据。
[2026-04-07 01:39:21] [SUCCESS] bvid=BV1iQDKBzEar 已成功抓取全部所需数据。
[2026-04-07 01:39:26] [SUCCESS] bvid=BV17QDKBzEcj 已成功抓取全部所需数据。
[2026-04-07 01:39:31] [SUCCESS] bvid=BV17QDKBzEAT 已成功抓取全部所需数据。
[2026-04-07 01:39:37] [SUCCESS] bvid=BV1jQDKBzEVZ 已成功抓取全部所需数据。
[2026-04-07 01:39:42] [SUCCESS] bvid=BV159DKBMEZB 已成功抓取全部所需数据。
[2026-04-07 01:39:48] [SUCCESS] bvid=BV1dQDKBzEyA 已成功抓取全部所需数据。
[2026-04-07 01:39:53] [SUCCESS] bvid=BV1QN9TB6Ep8 已成功抓取全部所需数据。
[2026-04-07 01:39:58] [SUCCESS] bvid=BV1AuDABrEmf 已成功抓取全部所需数据。
[2026-04-07 01:40:05] [SUCCESS] bvid=BV1LQDKBzEuk 已成功抓取全部所需数据。
[2026-04-07 01:40:11] [SUCCESS] bvid=BV1L9DKBMEgP 已成功抓取全部所需数据。
[2026-04-07 01:40:18] [SUCCESS] bvid=BV1e9DKBME9i 已成功抓取全部所需数据。
[2026-04-07 01:40:25] [SUCCESS] bvid=BV1v9DKBME6B 已成功抓取全部所需数据。
[2026-04-07 01:40:32] [SUCCESS] bvid=BV1WiDKBSEAT 已成功抓取全部所需数据。
[2026-04-07 01:40:38] [SUCCESS] bvid=BV1i9DKBMEUS 已成功抓取全部所需数据。
[2026-04-07 01:40:38] [ERROR] bvid=BV1qw93BFEQK 抓取失败：stat: 接口返回错误代码：-404，信息：啥都木有。
{'code': -404, 'message': '啥都木有', 'ttl': 1} | comment: 接口返回错误代码：-404，信息：啥都木有。
{'code': -404, 'message': '啥都木有', 'ttl': 1}
[2026-04-07 01:40:45] [SUCCESS] bvid=BV1pBDKBEEXg 已成功抓取全部所需数据。
[2026-04-07 01:40:51] [SUCCESS] bvid=BV1PiDKBDEHH 已成功抓取全部所需数据。
[2026-04-07 01:40:57] [SUCCESS] bvid=BV1WiDKBSEgt 已成功抓取全部所需数据。
[2026-04-07 01:41:04] [SUCCESS] bvid=BV1kzDKBmETT 已成功抓取全部所需数据。
[2026-04-07 01:41:10] [SUCCESS] bvid=BV1WBDKBEEpD 已成功抓取全部所需数据。
[2026-04-07 01:41:16] [SUCCESS] bvid=BV1ABDKBJESf 已成功抓取全部所需数据。
[2026-04-07 01:41:23] [SUCCESS] bvid=BV1xYDKBQEdi 已成功抓取全部所需数据。
[2026-04-07 01:41:29] [SUCCESS] bvid=BV1wzXrBpEmT 已成功抓取全部所需数据。
[2026-04-07 01:41:36] [SUCCESS] bvid=BV1xw9MBaE4W 已成功抓取全部所需数据。
[2026-04-07 01:41:42] [SUCCESS] bvid=BV1ECDPBTEnX 已成功抓取全部所需数据。
[2026-04-07 01:41:49] [SUCCESS] bvid=BV1RK93BxERE 已成功抓取全部所需数据。
[2026-04-07 01:41:56] [SUCCESS] bvid=BV1dc9TB5EGH 已成功抓取全部所需数据。
[2026-04-07 01:42:02] [SUCCESS] bvid=BV1Zf9gBcEyT 已成功抓取全部所需数据。
[2026-04-07 01:42:09] [SUCCESS] bvid=BV1GG93BpEvv 已成功抓取全部所需数据。
[2026-04-07 01:42:16] [SUCCESS] bvid=BV1Ln9MBJEUb 已成功抓取全部所需数据。
[2026-04-07 01:42:21] [SUCCESS] bvid=BV1NYDKBXEEK 已成功抓取全部所需数据。
[2026-04-07 01:42:27] [SUCCESS] bvid=BV11YDKBQEdB 已成功抓取全部所需数据。
[2026-04-07 01:42:32] [SUCCESS] bvid=BV1XhDABxESF 已成功抓取全部所需数据。
[2026-04-07 01:42:37] [SUCCESS] bvid=BV11vDKBnE3U 已成功抓取全部所需数据。
[2026-04-07 01:42:43] [SUCCESS] bvid=BV1nkDKB1EA7 已成功抓取全部所需数据。
[2026-04-07 01:42:48] [SUCCESS] bvid=BV1rkDKB1Exc 已成功抓取全部所需数据。
[2026-04-07 01:42:53] [SUCCESS] bvid=BV1HkDKB1Ett 已成功抓取全部所需数据。
[2026-04-07 01:42:58] [SUCCESS] bvid=BV1HkDKB1EiZ 已成功抓取全部所需数据。
[2026-04-07 01:43:03] [SUCCESS] bvid=BV1nyDKB5ERo 已成功抓取全部所需数据。
[2026-04-07 01:43:08] [SUCCESS] bvid=BV1nyDKB5E8S 已成功抓取全部所需数据。
[2026-04-07 01:43:13] [SUCCESS] bvid=BV1nyDKB5E5p 已成功抓取全部所需数据。
[2026-04-07 01:43:18] [SUCCESS] bvid=BV1pzDKBmEaq 已成功抓取全部所需数据。
[2026-04-07 01:43:23] [SUCCESS] bvid=BV16yDKB5EXa 已成功抓取全部所需数据。
[2026-04-07 01:43:29] [SUCCESS] bvid=BV1nyDKB5Ecp 已成功抓取全部所需数据。
[2026-04-07 01:43:34] [SUCCESS] bvid=BV1JyDKB5Eeg 已成功抓取全部所需数据。
[2026-04-07 01:43:39] [SUCCESS] bvid=BV1qEXfBfEk1 已成功抓取全部所需数据。
[2026-04-07 01:43:45] [SUCCESS] bvid=BV1jx9gB9EAS 已成功抓取全部所需数据。
[2026-04-07 01:43:50] [SUCCESS] bvid=BV16yDKB5Eug 已成功抓取全部所需数据。
[2026-04-07 01:43:55] [SUCCESS] bvid=BV1HzDKBmEtu 已成功抓取全部所需数据。
[2026-04-07 01:44:01] [SUCCESS] bvid=BV1CzDKBmETq 已成功抓取全部所需数据。
[2026-04-07 01:44:06] [SUCCESS] bvid=BV1prDKBjEPa 已成功抓取全部所需数据。
[2026-04-07 01:44:12] [SUCCESS] bvid=BV1pzDKBmECX 已成功抓取全部所需数据。
[2026-04-07 01:44:17] [SUCCESS] bvid=BV1nrDKBjEqj 已成功抓取全部所需数据。
[2026-04-07 01:44:23] [SUCCESS] bvid=BV16oDABBECU 已成功抓取全部所需数据。
[2026-04-07 01:44:29] [SUCCESS] bvid=BV19G93BHE3m 已成功抓取全部所需数据。
[2026-04-07 01:44:34] [SUCCESS] bvid=BV1QqDABpEaY 已成功抓取全部所需数据。
[2026-04-07 01:44:40] [SUCCESS] bvid=BV1iSXDBiESE 已成功抓取全部所需数据。
[2026-04-07 01:44:45] [SUCCESS] bvid=BV16fDABTEgv 已成功抓取全部所需数据。
[2026-04-07 01:44:45] [WARN] 当前子任务已结束，但仍有未成功抓取的视频，已导出 remaining CSV 供继续执行。
[2026-04-07 01:44:45] [INFO] 已导出剔除成功条目后的剩余 CSV：D:\Schoolworks\Thesis\Bilibili-Datahub\outputs\video_data\manual_crawls\manual_crawl_stat_comment_20260406_223825\remaining_bvids_part_14.csv
[2026-04-07 01:44:45] 子任务结束时间：2026-04-07T01:44:45.755979
[TIMESTAMP][END] 2026-04-07T01:44:45
