[TIMESTAMP][BEGIN] 2026-04-07T00:27:05
[2026-04-07 00:27:08] 开始执行 CSV 批量抓取子任务 part_10。
[2026-04-07 00:27:08] 子任务开始时间：2026-04-07T00:27:05.986232
[2026-04-07 00:27:08] 输入文件：batch_input_10.csv
[2026-04-07 00:27:08] 输入唯一 bvid 数量：100
[2026-04-07 00:27:08] 为严格按 CSV 顺序判断连续失败阈值，本次任务自动将并发度从 2 调整为 1。
[2026-04-07 00:27:13] [SUCCESS] bvid=BV1bXDuBiERN 已成功抓取全部所需数据。
[2026-04-07 00:27:19] [SUCCESS] bvid=BV1bRDuBNEDZ 已成功抓取全部所需数据。
[2026-04-07 00:27:24] [SUCCESS] bvid=BV1bRDuBNErv 已成功抓取全部所需数据。
[2026-04-07 00:27:29] [SUCCESS] bvid=BV1DSDuBqEJT 已成功抓取全部所需数据。
[2026-04-07 00:27:35] [SUCCESS] bvid=BV1DSDuBqEXa 已成功抓取全部所需数据。
[2026-04-07 00:27:40] [SUCCESS] bvid=BV1DSDuBqEqT 已成功抓取全部所需数据。
[2026-04-07 00:27:46] [SUCCESS] bvid=BV1gQDuBTEBb 已成功抓取全部所需数据。
[2026-04-07 00:27:51] [SUCCESS] bvid=BV1DSDuBqEXN 已成功抓取全部所需数据。
[2026-04-07 00:27:56] [SUCCESS] bvid=BV1hSDuBBE6W 已成功抓取全部所需数据。
[2026-04-07 00:28:01] [SUCCESS] bvid=BV13SDuBBEFm 已成功抓取全部所需数据。
[2026-04-07 00:28:07] [SUCCESS] bvid=BV1USDuBqEQg 已成功抓取全部所需数据。
[2026-04-07 00:28:12] [SUCCESS] bvid=BV1UQDuBKEot 已成功抓取全部所需数据。
[2026-04-07 00:28:17] [SUCCESS] bvid=BV1uQDuBTErM 已成功抓取全部所需数据。
[2026-04-07 00:28:23] [SUCCESS] bvid=BV1NcDgBcE2h 已成功抓取全部所需数据。
[2026-04-07 00:28:28] [SUCCESS] bvid=BV1uPDTBhEHX 已成功抓取全部所需数据。
[2026-04-07 00:28:34] [SUCCESS] bvid=BV1yfDuBhE8W 已成功抓取全部所需数据。
[2026-04-07 00:28:39] [SUCCESS] bvid=BV12ZDuBwEY7 已成功抓取全部所需数据。
[2026-04-07 00:28:45] [SUCCESS] bvid=BV12fDuBhEG4 已成功抓取全部所需数据。
[2026-04-07 00:28:50] [SUCCESS] bvid=BV1NcDgBcEHM 已成功抓取全部所需数据。
[2026-04-07 00:28:56] [SUCCESS] bvid=BV1mdDuBYEFS 已成功抓取全部所需数据。
[2026-04-07 00:29:01] [SUCCESS] bvid=BV12dDuBYEUt 已成功抓取全部所需数据。
[2026-04-07 00:29:07] [SUCCESS] bvid=BV11dDuBYEZ6 已成功抓取全部所需数据。
[2026-04-07 00:29:12] [SUCCESS] bvid=BV1mZDuBwExE 已成功抓取全部所需数据。
[2026-04-07 00:29:17] [SUCCESS] bvid=BV1EmDKBGEH9 已成功抓取全部所需数据。
[2026-04-07 00:29:23] [SUCCESS] bvid=BV1rFDKB5E4U 已成功抓取全部所需数据。
[2026-04-07 00:29:28] [SUCCESS] bvid=BV1KZDuBAEa7 已成功抓取全部所需数据。
[2026-04-07 00:29:33] [SUCCESS] bvid=BV1KVDTBsETH 已成功抓取全部所需数据。
[2026-04-07 00:29:39] [SUCCESS] bvid=BV1NVDTBsEZx 已成功抓取全部所需数据。
[2026-04-07 00:29:44] [SUCCESS] bvid=BV14VDTBsEeS 已成功抓取全部所需数据。
[2026-04-07 00:29:49] [SUCCESS] bvid=BV1KVDTBsEq4 已成功抓取全部所需数据。
[2026-04-07 00:29:55] [SUCCESS] bvid=BV1f4DTByEuz 已成功抓取全部所需数据。
[2026-04-07 00:30:00] [SUCCESS] bvid=BV1x5DTB9EBz 已成功抓取全部所需数据。
[2026-04-07 00:30:05] [SUCCESS] bvid=BV1KVDTBsEWe 已成功抓取全部所需数据。
[2026-04-07 00:30:10] [SUCCESS] bvid=BV1x5DTB9Ev3 已成功抓取全部所需数据。
[2026-04-07 00:30:16] [SUCCESS] bvid=BV1MgDTB4Eav 已成功抓取全部所需数据。
[2026-04-07 00:30:22] [SUCCESS] bvid=BV1fbDTBVESh 已成功抓取全部所需数据。
[2026-04-07 00:30:27] [SUCCESS] bvid=BV1K5DTB9E77 已成功抓取全部所需数据。
[2026-04-07 00:30:32] [SUCCESS] bvid=BV1Ki9KBhEFY 已成功抓取全部所需数据。
[2026-04-07 00:30:38] [SUCCESS] bvid=BV1z49NBmE4x 已成功抓取全部所需数据。
[2026-04-07 00:30:43] [SUCCESS] bvid=BV1cwDMBQEY2 已成功抓取全部所需数据。
[2026-04-07 00:30:48] [SUCCESS] bvid=BV1HnDTBSEsF 已成功抓取全部所需数据。
[2026-04-07 00:30:54] [SUCCESS] bvid=BV1bL9uBkE1T 已成功抓取全部所需数据。
[2026-04-07 00:30:59] [SUCCESS] bvid=BV1NzXCBcE5m 已成功抓取全部所需数据。
[2026-04-07 00:31:04] [SUCCESS] bvid=BV1tgDTB4EYb 已成功抓取全部所需数据。
[2026-04-07 00:31:10] [SUCCESS] bvid=BV1T3DTBdEAd 已成功抓取全部所需数据。
[2026-04-07 00:31:15] [SUCCESS] bvid=BV143DTBdEY2 已成功抓取全部所需数据。
[2026-04-07 00:31:21] [SUCCESS] bvid=BV1T3DTBdE8v 已成功抓取全部所需数据。
[2026-04-07 00:31:26] [SUCCESS] bvid=BV1m3DTBdEDh 已成功抓取全部所需数据。
[2026-04-07 00:31:32] [SUCCESS] bvid=BV1C7DTBQEsk 已成功抓取全部所需数据。
[2026-04-07 00:31:37] [SUCCESS] bvid=BV1T3DTBdEBS 已成功抓取全部所需数据。
[2026-04-07 00:31:42] [SUCCESS] bvid=BV1PJDTBnEsb 已成功抓取全部所需数据。
[2026-04-07 00:31:47] [SUCCESS] bvid=BV1uDDTBFEFg 已成功抓取全部所需数据。
[2026-04-07 00:31:53] [SUCCESS] bvid=BV1wnDTBSEmx 已成功抓取全部所需数据。
[2026-04-07 00:31:58] [SUCCESS] bvid=BV1WjDTBpEKw 已成功抓取全部所需数据。
[2026-04-07 00:32:04] [SUCCESS] bvid=BV1GFDTBPEbN 已成功抓取全部所需数据。
[2026-04-07 00:32:09] [SUCCESS] bvid=BV1BMDMB2EfP 已成功抓取全部所需数据。
[2026-04-07 00:32:14] [SUCCESS] bvid=BV1gADTBwEev 已成功抓取全部所需数据。
[2026-04-07 00:32:20] [SUCCESS] bvid=BV1PjDTBpELw 已成功抓取全部所需数据。
[2026-04-07 00:32:25] [SUCCESS] bvid=BV1W7DTBQEdp 已成功抓取全部所需数据。
[2026-04-07 00:32:31] [SUCCESS] bvid=BV1p7DTBQEoD 已成功抓取全部所需数据。
[2026-04-07 00:32:36] [SUCCESS] bvid=BV1GcDTBYEtU 已成功抓取全部所需数据。
[2026-04-07 00:32:41] [SUCCESS] bvid=BV1gcDTBYEDj 已成功抓取全部所需数据。
[2026-04-07 00:32:46] [SUCCESS] bvid=BV13cDTBYEi3 已成功抓取全部所需数据。
[2026-04-07 00:32:52] [SUCCESS] bvid=BV1GcDTBYEBm 已成功抓取全部所需数据。
[2026-04-07 00:32:57] [SUCCESS] bvid=BV13cDTBYER6 已成功抓取全部所需数据。
[2026-04-07 00:33:02] [SUCCESS] bvid=BV1MQDTBbET5 已成功抓取全部所需数据。
[2026-04-07 00:33:08] [SUCCESS] bvid=BV13cDTBYEpx 已成功抓取全部所需数据。
[2026-04-07 00:33:13] [SUCCESS] bvid=BV1gADTBwEea 已成功抓取全部所需数据。
[2026-04-07 00:33:18] [SUCCESS] bvid=BV1GADTBwEud 已成功抓取全部所需数据。
[2026-04-07 00:33:24] [SUCCESS] bvid=BV17CDwBbEut 已成功抓取全部所需数据。
[2026-04-07 00:33:29] [SUCCESS] bvid=BV1CfDTBXEMS 已成功抓取全部所需数据。
[2026-04-07 00:33:34] [SUCCESS] bvid=BV1kcDMBHEJx 已成功抓取全部所需数据。
[2026-04-07 00:33:40] [SUCCESS] bvid=BV1LvDTBgEvG 已成功抓取全部所需数据。
[2026-04-07 00:33:45] [SUCCESS] bvid=BV1YZDKBvEHH 已成功抓取全部所需数据。
[2026-04-07 00:33:50] [SUCCESS] bvid=BV13ADTBwEoq 已成功抓取全部所需数据。
[2026-04-07 00:33:56] [SUCCESS] bvid=BV1uTDTBbEmP 已成功抓取全部所需数据。
[2026-04-07 00:34:02] [SUCCESS] bvid=BV1GFDTBPEHv 已成功抓取全部所需数据。
[2026-04-07 00:34:07] [SUCCESS] bvid=BV1GADTBAEqQ 已成功抓取全部所需数据。
[2026-04-07 00:34:13] [SUCCESS] bvid=BV1YZDKBvEu9 已成功抓取全部所需数据。
[2026-04-07 00:34:18] [SUCCESS] bvid=BV1VZDKBvEo7 已成功抓取全部所需数据。
[2026-04-07 00:34:24] [SUCCESS] bvid=BV1VFDTBPEAx 已成功抓取全部所需数据。
[2026-04-07 00:34:29] [SUCCESS] bvid=BV1GFDTBPETd 已成功抓取全部所需数据。
[2026-04-07 00:34:34] [SUCCESS] bvid=BV1GFDTBPEcM 已成功抓取全部所需数据。
[2026-04-07 00:34:39] [SUCCESS] bvid=BV1GFDTBPEgv 已成功抓取全部所需数据。
[2026-04-07 00:34:44] [SUCCESS] bvid=BV1tTDTBbE9E 已成功抓取全部所需数据。
[2026-04-07 00:34:49] [SUCCESS] bvid=BV1bTDTBbELp 已成功抓取全部所需数据。
[2026-04-07 00:34:55] [SUCCESS] bvid=BV1tTDTBbEZh 已成功抓取全部所需数据。
[2026-04-07 00:35:00] [SUCCESS] bvid=BV1uTDTBbE8u 已成功抓取全部所需数据。
[2026-04-07 00:35:06] [SUCCESS] bvid=BV1uTDTBbEq1 已成功抓取全部所需数据。
[2026-04-07 00:35:11] [SUCCESS] bvid=BV1tTDTBbEtc 已成功抓取全部所需数据。
[2026-04-07 00:35:16] [SUCCESS] bvid=BV1uMDTBZEsH 已成功抓取全部所需数据。
[2026-04-07 00:35:22] [SUCCESS] bvid=BV1MMDTBZEyZ 已成功抓取全部所需数据。
[2026-04-07 00:35:27] [SUCCESS] bvid=BV1YRXzBeENN 已成功抓取全部所需数据。
[2026-04-07 00:35:32] [SUCCESS] bvid=BV1SPDTBhEEX 已成功抓取全部所需数据。
[2026-04-07 00:35:38] [SUCCESS] bvid=BV1gPDTBhErw 已成功抓取全部所需数据。
[2026-04-07 00:35:43] [SUCCESS] bvid=BV1uPDTBhEWL 已成功抓取全部所需数据。
[2026-04-07 00:35:48] [SUCCESS] bvid=BV18KDTBFExo 已成功抓取全部所需数据。
[2026-04-07 00:35:54] [SUCCESS] bvid=BV18KDTBFEUM 已成功抓取全部所需数据。
[2026-04-07 00:35:59] [SUCCESS] bvid=BV1gKDTBFEJa 已成功抓取全部所需数据。
[2026-04-07 00:36:04] [SUCCESS] bvid=BV1YzDTBqECj 已成功抓取全部所需数据。
[2026-04-07 00:36:04] [INFO] 当前 batch_crawl 已完成，所有视频均已成功抓取。
[2026-04-07 00:36:04] 子任务结束时间：2026-04-07T00:36:04.984511
[TIMESTAMP][END] 2026-04-07T00:36:04
