[TIMESTAMP][BEGIN] 2026-04-07T05:38:49
[2026-04-07 05:38:51] 开始执行 CSV 批量抓取子任务 part_35。
[2026-04-07 05:38:51] 子任务开始时间：2026-04-07T05:38:49.118075
[2026-04-07 05:38:51] 输入文件：batch_input_35.csv
[2026-04-07 05:38:51] 输入唯一 bvid 数量：100
[2026-04-07 05:38:51] 为严格按 CSV 顺序判断连续失败阈值，本次任务自动将并发度从 2 调整为 1。
[2026-04-07 05:38:56] [SUCCESS] bvid=BV1Bd97BjEPS 已成功抓取全部所需数据。
[2026-04-07 05:39:01] [SUCCESS] bvid=BV1qd97BjEZ3 已成功抓取全部所需数据。
[2026-04-07 05:39:06] [SUCCESS] bvid=BV1qd97BjEAC 已成功抓取全部所需数据。
[2026-04-07 05:39:11] [SUCCESS] bvid=BV1do97B1ESw 已成功抓取全部所需数据。
[2026-04-07 05:39:15] [SUCCESS] bvid=BV17o97B2EQg 已成功抓取全部所需数据。
[2026-04-07 05:39:21] [SUCCESS] bvid=BV1Jh9EBpEB2 已成功抓取全部所需数据。
[2026-04-07 05:39:26] [SUCCESS] bvid=BV1qo97B1E9W 已成功抓取全部所需数据。
[2026-04-07 05:39:31] [SUCCESS] bvid=BV1Jb9EB9Eqc 已成功抓取全部所需数据。
[2026-04-07 05:39:36] [SUCCESS] bvid=BV1jo97B2EEw 已成功抓取全部所需数据。
[2026-04-07 05:39:41] [SUCCESS] bvid=BV1io97B1EBn 已成功抓取全部所需数据。
[2026-04-07 05:39:46] [SUCCESS] bvid=BV1wb9EBREtq 已成功抓取全部所需数据。
[2026-04-07 05:39:51] [SUCCESS] bvid=BV1nh9EBpExt 已成功抓取全部所需数据。
[2026-04-07 05:39:56] [SUCCESS] bvid=BV1rx9EBdEeH 已成功抓取全部所需数据。
[2026-04-07 05:40:01] [SUCCESS] bvid=BV1Hh9EBWET3 已成功抓取全部所需数据。
[2026-04-07 05:40:06] [SUCCESS] bvid=BV1Ev9EBSE2M 已成功抓取全部所需数据。
[2026-04-07 05:40:11] [SUCCESS] bvid=BV1px9EBdEZ3 已成功抓取全部所需数据。
[2026-04-07 05:40:16] [SUCCESS] bvid=BV1px9EBdEps 已成功抓取全部所需数据。
[2026-04-07 05:40:20] [SUCCESS] bvid=BV1iq9EBEEo4 已成功抓取全部所需数据。
[2026-04-07 05:40:26] [SUCCESS] bvid=BV17q9EBEEah 已成功抓取全部所需数据。
[2026-04-07 05:40:30] [SUCCESS] bvid=BV1za9EBQEYY 已成功抓取全部所需数据。
[2026-04-07 05:40:35] [SUCCESS] bvid=BV17q9EBEEJj 已成功抓取全部所需数据。
[2026-04-07 05:40:40] [SUCCESS] bvid=BV1Je9EBnE3i 已成功抓取全部所需数据。
[2026-04-07 05:40:45] [SUCCESS] bvid=BV1Ee9EBnEG7 已成功抓取全部所需数据。
[2026-04-07 05:40:49] [SUCCESS] bvid=BV1t79EBwEK5 已成功抓取全部所需数据。
[2026-04-07 05:40:54] [SUCCESS] bvid=BV1479EBwETZ 已成功抓取全部所需数据。
[2026-04-07 05:40:59] [SUCCESS] bvid=BV1mE9EBhEF8 已成功抓取全部所需数据。
[2026-04-07 05:41:04] [SUCCESS] bvid=BV1TE9EBaETW 已成功抓取全部所需数据。
[2026-04-07 05:41:09] [SUCCESS] bvid=BV1UL9EBYEAT 已成功抓取全部所需数据。
[2026-04-07 05:41:14] [SUCCESS] bvid=BV1tL9EBYEXj 已成功抓取全部所需数据。
[2026-04-07 05:41:19] [SUCCESS] bvid=BV1h29jBeELH 已成功抓取全部所需数据。
[2026-04-07 05:41:24] [SUCCESS] bvid=BV1w8XWBvELz 已成功抓取全部所需数据。
[2026-04-07 05:41:29] [SUCCESS] bvid=BV18U9jBAELX 已成功抓取全部所需数据。
[2026-04-07 05:41:35] [SUCCESS] bvid=BV1bM9jB8Eh1 已成功抓取全部所需数据。
[2026-04-07 05:41:40] [SUCCESS] bvid=BV1mL9EBYEWW 已成功抓取全部所需数据。
[2026-04-07 05:41:44] [SUCCESS] bvid=BV1mL9EBYEXs 已成功抓取全部所需数据。
[2026-04-07 05:41:50] [SUCCESS] bvid=BV1Np9EBfEH1 已成功抓取全部所需数据。
[2026-04-07 05:41:55] [SUCCESS] bvid=BV1sp9EBZErR 已成功抓取全部所需数据。
[2026-04-07 05:42:00] [SUCCESS] bvid=BV1yp9EBZEwm 已成功抓取全部所需数据。
[2026-04-07 05:42:04] [SUCCESS] bvid=BV11n9EBFE9n 已成功抓取全部所需数据。
[2026-04-07 05:42:10] [SUCCESS] bvid=BV1Ps9EBtE2f 已成功抓取全部所需数据。
[2026-04-07 05:42:15] [SUCCESS] bvid=BV1xn9EBFE52 已成功抓取全部所需数据。
[2026-04-07 05:42:20] [SUCCESS] bvid=BV1M99EBqEfn 已成功抓取全部所需数据。
[2026-04-07 05:42:25] [SUCCESS] bvid=BV1yH9EBbEZw 已成功抓取全部所需数据。
[2026-04-07 05:42:31] [SUCCESS] bvid=BV1Nn9EBcEsK 已成功抓取全部所需数据。
[2026-04-07 05:42:36] [SUCCESS] bvid=BV1899EBqEnL 已成功抓取全部所需数据。
[2026-04-07 05:42:41] [SUCCESS] bvid=BV1u99EBqEQZ 已成功抓取全部所需数据。
[2026-04-07 05:42:46] [SUCCESS] bvid=BV1899EBqEEW 已成功抓取全部所需数据。
[2026-04-07 05:42:51] [SUCCESS] bvid=BV1b99EBqE91 已成功抓取全部所需数据。
[2026-04-07 05:42:56] [SUCCESS] bvid=BV1ud9EBKEuL 已成功抓取全部所需数据。
[2026-04-07 05:43:01] [SUCCESS] bvid=BV1bd9EBKEkm 已成功抓取全部所需数据。
[2026-04-07 05:43:07] [SUCCESS] bvid=BV1Md9EBKEkX 已成功抓取全部所需数据。
[2026-04-07 05:43:12] [SUCCESS] bvid=BV1hX9EBMEc4 已成功抓取全部所需数据。
[2026-04-07 05:43:17] [SUCCESS] bvid=BV1DD9EBzEJF 已成功抓取全部所需数据。
[2026-04-07 05:43:22] [SUCCESS] bvid=BV13X9EBMEAL 已成功抓取全部所需数据。
[2026-04-07 05:43:28] [SUCCESS] bvid=BV1DX9EBMEH7 已成功抓取全部所需数据。
[2026-04-07 05:43:33] [SUCCESS] bvid=BV1gX9EBMEeU 已成功抓取全部所需数据。
[2026-04-07 05:43:38] [SUCCESS] bvid=BV1KF9JBYEPS 已成功抓取全部所需数据。
[2026-04-07 05:43:43] [SUCCESS] bvid=BV1bX9EBMEm2 已成功抓取全部所需数据。
[2026-04-07 05:43:48] [SUCCESS] bvid=BV1NF9JBYEVo 已成功抓取全部所需数据。
[2026-04-07 05:43:53] [SUCCESS] bvid=BV1Kw9JBwEna 已成功抓取全部所需数据。
[2026-04-07 05:43:58] [SUCCESS] bvid=BV1TF9JBYEF8 已成功抓取全部所需数据。
[2026-04-07 05:44:03] [SUCCESS] bvid=BV12F9JBYEZ5 已成功抓取全部所需数据。
[2026-04-07 05:44:08] [SUCCESS] bvid=BV14F9JBYEBe 已成功抓取全部所需数据。
[2026-04-07 05:44:13] [SUCCESS] bvid=BV1NF9JBYECN 已成功抓取全部所需数据。
[2026-04-07 05:44:18] [SUCCESS] bvid=BV1bo9EBvEcu 已成功抓取全部所需数据。
[2026-04-07 05:44:23] [SUCCESS] bvid=BV1Kw9JBAECn 已成功抓取全部所需数据。
[2026-04-07 05:44:28] [SUCCESS] bvid=BV1Kw9JBwEqs 已成功抓取全部所需数据。
[2026-04-07 05:44:33] [SUCCESS] bvid=BV1sw9JBwE18 已成功抓取全部所需数据。
[2026-04-07 05:44:38] [SUCCESS] bvid=BV12w9JBwEyW 已成功抓取全部所需数据。
[2026-04-07 05:44:43] [SUCCESS] bvid=BV14w9JBwENz 已成功抓取全部所需数据。
[2026-04-07 05:44:48] [SUCCESS] bvid=BV1xw9JBwEe7 已成功抓取全部所需数据。
[2026-04-07 05:44:53] [SUCCESS] bvid=BV1mo9EBYEDr 已成功抓取全部所需数据。
[2026-04-07 05:44:58] [SUCCESS] bvid=BV1To9EBvETZ 已成功抓取全部所需数据。
[2026-04-07 05:45:03] [SUCCESS] bvid=BV1to9EBvEVH 已成功抓取全部所需数据。
[2026-04-07 05:45:08] [SUCCESS] bvid=BV1Mo9EBvEhy 已成功抓取全部所需数据。
[2026-04-07 05:45:13] [SUCCESS] bvid=BV1bo9EBvENC 已成功抓取全部所需数据。
[2026-04-07 05:45:18] [SUCCESS] bvid=BV1Tf9EBPEUe 已成功抓取全部所需数据。
[2026-04-07 05:45:23] [SUCCESS] bvid=BV1tf9EBPEpP 已成功抓取全部所需数据。
[2026-04-07 05:45:28] [SUCCESS] bvid=BV1dr9EB1EHS 已成功抓取全部所需数据。
[2026-04-07 05:45:33] [SUCCESS] bvid=BV1VC9EB5EZR 已成功抓取全部所需数据。
[2026-04-07 05:45:38] [SUCCESS] bvid=BV1ZG97B1E4V 已成功抓取全部所需数据。
[2026-04-07 05:45:43] [SUCCESS] bvid=BV1jTXjBME2e 已成功抓取全部所需数据。
[2026-04-07 05:45:48] [SUCCESS] bvid=BV1gU9jBAEai 已成功抓取全部所需数据。
[2026-04-07 05:45:53] [SUCCESS] bvid=BV15C9EB5ES8 已成功抓取全部所需数据。
[2026-04-07 05:45:58] [SUCCESS] bvid=BV1iB9EBmEny 已成功抓取全部所需数据。
[2026-04-07 05:46:03] [SUCCESS] bvid=BV1ZB9EBmEAU 已成功抓取全部所需数据。
[2026-04-07 05:46:09] [SUCCESS] bvid=BV1qB9EBmEJE 已成功抓取全部所需数据。
[2026-04-07 05:46:14] [SUCCESS] bvid=BV1qB9EBmEnn 已成功抓取全部所需数据。
[2026-04-07 05:46:19] [SUCCESS] bvid=BV1Zj9JBDEKn 已成功抓取全部所需数据。
[2026-04-07 05:46:23] [SUCCESS] bvid=BV1i69EBjERA 已成功抓取全部所需数据。
[2026-04-07 05:46:28] [SUCCESS] bvid=BV1Xm9EBrEtF 已成功抓取全部所需数据。
[2026-04-07 05:46:34] [SUCCESS] bvid=BV1v69EBjEoV 已成功抓取全部所需数据。
[2026-04-07 05:46:38] [SUCCESS] bvid=BV1Gm9EBrEdB 已成功抓取全部所需数据。
[2026-04-07 05:46:43] [SUCCESS] bvid=BV13S9EBgEY4 已成功抓取全部所需数据。
[2026-04-07 05:46:48] [SUCCESS] bvid=BV13S9EBgE3x 已成功抓取全部所需数据。
[2026-04-07 05:46:53] [SUCCESS] bvid=BV1QS9EBgEe8 已成功抓取全部所需数据。
[2026-04-07 05:46:58] [SUCCESS] bvid=BV15y9EBCENz 已成功抓取全部所需数据。
[2026-04-07 05:47:03] [SUCCESS] bvid=BV1Yy9EBCE6a 已成功抓取全部所需数据。
[2026-04-07 05:47:08] [SUCCESS] bvid=BV1Vy9EBCEZB 已成功抓取全部所需数据。
[2026-04-07 05:47:12] [SUCCESS] bvid=BV1D3X5BdEYy 已成功抓取全部所需数据。
[2026-04-07 05:47:12] [INFO] 当前 batch_crawl 已完成，所有视频均已成功抓取。
[2026-04-07 05:47:12] 子任务结束时间：2026-04-07T05:47:12.950084
[TIMESTAMP][END] 2026-04-07T05:47:12
