[TIMESTAMP][BEGIN] 2026-04-07T02:20:55
[2026-04-07 02:20:58] 开始执行 CSV 批量抓取子任务 part_18。
[2026-04-07 02:20:58] 子任务开始时间：2026-04-07T02:20:55.816029
[2026-04-07 02:20:58] 输入文件：batch_input_18.csv
[2026-04-07 02:20:58] 输入唯一 bvid 数量：100
[2026-04-07 02:20:58] 为严格按 CSV 顺序判断连续失败阈值，本次任务自动将并发度从 2 调整为 1。
[2026-04-07 02:21:03] [SUCCESS] bvid=BV1T69MBiEBC 已成功抓取全部所需数据。
[2026-04-07 02:21:08] [SUCCESS] bvid=BV1Tq9MBBEpy 已成功抓取全部所需数据。
[2026-04-07 02:21:13] [SUCCESS] bvid=BV1Nk9MBNEvD 已成功抓取全部所需数据。
[2026-04-07 02:21:18] [SUCCESS] bvid=BV14k9MBNEAJ 已成功抓取全部所需数据。
[2026-04-07 02:21:24] [SUCCESS] bvid=BV1Nk9MBNEGT 已成功抓取全部所需数据。
[2026-04-07 02:21:29] [SUCCESS] bvid=BV14k9MBNENV 已成功抓取全部所需数据。
[2026-04-07 02:21:34] [SUCCESS] bvid=BV1Kk9MBNEcJ 已成功抓取全部所需数据。
[2026-04-07 02:21:39] [SUCCESS] bvid=BV1Kq9MBBEDz 已成功抓取全部所需数据。
[2026-04-07 02:21:44] [SUCCESS] bvid=BV1tq9MBBEPZ 已成功抓取全部所需数据。
[2026-04-07 02:21:49] [SUCCESS] bvid=BV1mz9MBTEoS 已成功抓取全部所需数据。
[2026-04-07 02:21:55] [SUCCESS] bvid=BV1Mq9MBBEhy 已成功抓取全部所需数据。
[2026-04-07 02:22:00] [SUCCESS] bvid=BV1gh9MBkE71 已成功抓取全部所需数据。
[2026-04-07 02:22:05] [SUCCESS] bvid=BV1iY9NBCEFQ 已成功抓取全部所需数据。
[2026-04-07 02:22:10] [SUCCESS] bvid=BV1Kz9MBTEZx 已成功抓取全部所需数据。
[2026-04-07 02:22:16] [SUCCESS] bvid=BV1dA9uBSEUY 已成功抓取全部所需数据。
[2026-04-07 02:22:21] [SUCCESS] bvid=BV1hh9MBkEPo 已成功抓取全部所需数据。
[2026-04-07 02:22:26] [SUCCESS] bvid=BV1A19MBAEjE 已成功抓取全部所需数据。
[2026-04-07 02:22:32] [SUCCESS] bvid=BV1Tz9MBTEs9 已成功抓取全部所需数据。
[2026-04-07 02:22:37] [SUCCESS] bvid=BV1gh9MBkEtA 已成功抓取全部所需数据。
[2026-04-07 02:22:42] [SUCCESS] bvid=BV1XK9uBmEg4 已成功抓取全部所需数据。
[2026-04-07 02:22:47] [SUCCESS] bvid=BV1w29MBaE8b 已成功抓取全部所需数据。
[2026-04-07 02:22:53] [SUCCESS] bvid=BV1zdXfBeEo3 已成功抓取全部所需数据。
[2026-04-07 02:22:58] [SUCCESS] bvid=BV1rL9cBzE4b 已成功抓取全部所需数据。
[2026-04-07 02:23:04] [SUCCESS] bvid=BV1P79NBRE3x 已成功抓取全部所需数据。
[2026-04-07 02:23:09] [SUCCESS] bvid=BV1C79NB9ECM 已成功抓取全部所需数据。
[2026-04-07 02:23:15] [SUCCESS] bvid=BV1Y8XfBHEco 已成功抓取全部所需数据。
[2026-04-07 02:23:20] [SUCCESS] bvid=BV1k89uBwEhb 已成功抓取全部所需数据。
[2026-04-07 02:23:25] [SUCCESS] bvid=BV1Kh9wBEE76 已成功抓取全部所需数据。
[2026-04-07 02:23:30] [SUCCESS] bvid=BV1Me9MB6EEA 已成功抓取全部所需数据。
[2026-04-07 02:23:35] [SUCCESS] bvid=BV191XZBHEBt 已成功抓取全部所需数据。
[2026-04-07 02:23:40] [SUCCESS] bvid=BV1E1XDBuEe5 已成功抓取全部所需数据。
[2026-04-07 02:23:45] [SUCCESS] bvid=BV1UpXNB4Eji 已成功抓取全部所需数据。
[2026-04-07 02:23:51] [SUCCESS] bvid=BV1Zd9KB2EPf 已成功抓取全部所需数据。
[2026-04-07 02:23:56] [SUCCESS] bvid=BV1kQXfBTECs 已成功抓取全部所需数据。
[2026-04-07 02:24:01] [SUCCESS] bvid=BV1o29wBTESE 已成功抓取全部所需数据。
[2026-04-07 02:24:06] [SUCCESS] bvid=BV16h9TB9ER2 已成功抓取全部所需数据。
[2026-04-07 02:24:12] [SUCCESS] bvid=BV1KT9WB5Ehz 已成功抓取全部所需数据。
[2026-04-07 02:24:17] [SUCCESS] bvid=BV1A29MBaESz 已成功抓取全部所需数据。
[2026-04-07 02:24:22] [SUCCESS] bvid=BV1A29MBaEut 已成功抓取全部所需数据。
[2026-04-07 02:24:28] [SUCCESS] bvid=BV1HU9MBcE2k 已成功抓取全部所需数据。
[2026-04-07 02:24:33] [SUCCESS] bvid=BV1wU9MBcEpG 已成功抓取全部所需数据。
[2026-04-07 02:24:38] [SUCCESS] bvid=BV1CU9MBcEKw 已成功抓取全部所需数据。
[2026-04-07 02:24:44] [SUCCESS] bvid=BV1wU9MBcE6i 已成功抓取全部所需数据。
[2026-04-07 02:24:49] [SUCCESS] bvid=BV11C9MBeEr6 已成功抓取全部所需数据。
[2026-04-07 02:24:54] [SUCCESS] bvid=BV1NC9MBeE97 已成功抓取全部所需数据。
[2026-04-07 02:24:59] [SUCCESS] bvid=BV1p19MBAErd 已成功抓取全部所需数据。
[2026-04-07 02:25:04] [SUCCESS] bvid=BV1P19MBAEuX 已成功抓取全部所需数据。
[2026-04-07 02:25:10] [SUCCESS] bvid=BV1Gt9MByEN5 已成功抓取全部所需数据。
[2026-04-07 02:25:15] [SUCCESS] bvid=BV1G89MBVEi1 已成功抓取全部所需数据。
[2026-04-07 02:25:20] [SUCCESS] bvid=BV12o9jBoEJX 已成功抓取全部所需数据。
[2026-04-07 02:25:25] [SUCCESS] bvid=BV1G89MBVEzP 已成功抓取全部所需数据。
[2026-04-07 02:25:31] [SUCCESS] bvid=BV1389MBVEGB 已成功抓取全部所需数据。
[2026-04-07 02:25:36] [SUCCESS] bvid=BV1Rs9MB2E3j 已成功抓取全部所需数据。
[2026-04-07 02:25:41] [SUCCESS] bvid=BV1es9MB2Eew 已成功抓取全部所需数据。
[2026-04-07 02:25:47] [SUCCESS] bvid=BV1Gs9MB2Eii 已成功抓取全部所需数据。
[2026-04-07 02:25:52] [SUCCESS] bvid=BV1be9MB6Eh4 已成功抓取全部所需数据。
[2026-04-07 02:25:57] [SUCCESS] bvid=BV18e9MB6EZ1 已成功抓取全部所需数据。
[2026-04-07 02:26:02] [SUCCESS] bvid=BV1V49MBLEvy 已成功抓取全部所需数据。
[2026-04-07 02:26:07] [SUCCESS] bvid=BV1Df9FBnE1u 已成功抓取全部所需数据。
[2026-04-07 02:26:12] [SUCCESS] bvid=BV1jR9PB6EJv 已成功抓取全部所需数据。
[2026-04-07 02:26:17] [SUCCESS] bvid=BV1X49MBLE14 已成功抓取全部所需数据。
[2026-04-07 02:26:22] [SUCCESS] bvid=BV1De9MB6ETH 已成功抓取全部所需数据。
[2026-04-07 02:26:28] [SUCCESS] bvid=BV18e9MB6E7k 已成功抓取全部所需数据。
[2026-04-07 02:26:33] [SUCCESS] bvid=BV1ue9MB6E3F 已成功抓取全部所需数据。
[2026-04-07 02:26:38] [SUCCESS] bvid=BV1ui9MBuE8c 已成功抓取全部所需数据。
[2026-04-07 02:26:44] [SUCCESS] bvid=BV1te9MB6E1X 已成功抓取全部所需数据。
[2026-04-07 02:26:49] [SUCCESS] bvid=BV18h9MBkECz 已成功抓取全部所需数据。
[2026-04-07 02:26:54] [SUCCESS] bvid=BV1Me9MB6EUS 已成功抓取全部所需数据。
[2026-04-07 02:26:59] [SUCCESS] bvid=BV18i9MBuEVN 已成功抓取全部所需数据。
[2026-04-07 02:27:04] [SUCCESS] bvid=BV1be9MB6EYT 已成功抓取全部所需数据。
[2026-04-07 02:27:09] [SUCCESS] bvid=BV1gY9MB3E65 已成功抓取全部所需数据。
[2026-04-07 02:27:15] [SUCCESS] bvid=BV1Mi9MBuEqD 已成功抓取全部所需数据。
[2026-04-07 02:27:20] [SUCCESS] bvid=BV1gh9MBkEGt 已成功抓取全部所需数据。
[2026-04-07 02:27:26] [SUCCESS] bvid=BV1hh9MBkECQ 已成功抓取全部所需数据。
[2026-04-07 02:27:31] [SUCCESS] bvid=BV1hY9MB3E3q 已成功抓取全部所需数据。
[2026-04-07 02:27:36] [SUCCESS] bvid=BV1gh9MBkEqr 已成功抓取全部所需数据。
[2026-04-07 02:27:42] [SUCCESS] bvid=BV13h9MBkEcU 已成功抓取全部所需数据。
[2026-04-07 02:27:47] [SUCCESS] bvid=BV1gY9MB3E7z 已成功抓取全部所需数据。
[2026-04-07 02:27:53] [SUCCESS] bvid=BV13h9MBkEmJ 已成功抓取全部所需数据。
[2026-04-07 02:27:58] [SUCCESS] bvid=BV1uY9MB3EvQ 已成功抓取全部所需数据。
[2026-04-07 02:28:03] [SUCCESS] bvid=BV1gY9MB3EXU 已成功抓取全部所需数据。
[2026-04-07 02:28:08] [SUCCESS] bvid=BV1uY9MB3EyK 已成功抓取全部所需数据。
[2026-04-07 02:28:14] [SUCCESS] bvid=BV1gY9MB3ED4 已成功抓取全部所需数据。
[2026-04-07 02:28:19] [SUCCESS] bvid=BV1RN9uBEEZu 已成功抓取全部所需数据。
[2026-04-07 02:28:24] [SUCCESS] bvid=BV1s5XkBtEdR 已成功抓取全部所需数据。
[2026-04-07 02:28:29] [SUCCESS] bvid=BV1HU9KBpENq 已成功抓取全部所需数据。
[2026-04-07 02:28:35] [SUCCESS] bvid=BV1VN9uBJEZ3 已成功抓取全部所需数据。
[2026-04-07 02:28:40] [SUCCESS] bvid=BV1eK9uBUEBi 已成功抓取全部所需数据。
[2026-04-07 02:28:45] [SUCCESS] bvid=BV19N9uBEEmY 已成功抓取全部所需数据。
[2026-04-07 02:28:51] [SUCCESS] bvid=BV1Q39uB5ES7 已成功抓取全部所需数据。
[2026-04-07 02:28:56] [SUCCESS] bvid=BV19K9uBmEFF 已成功抓取全部所需数据。
[2026-04-07 02:29:01] [SUCCESS] bvid=BV1vN9uBJEqo 已成功抓取全部所需数据。
[2026-04-07 02:29:06] [SUCCESS] bvid=BV1RK9uBmEHy 已成功抓取全部所需数据。
[2026-04-07 02:29:11] [SUCCESS] bvid=BV1YK9uBUE63 已成功抓取全部所需数据。
[2026-04-07 02:29:16] [SUCCESS] bvid=BV1RK9uBUEpk 已成功抓取全部所需数据。
[2026-04-07 02:29:22] [SUCCESS] bvid=BV1J49NBUEEw 已成功抓取全部所需数据。
[2026-04-07 02:29:27] [SUCCESS] bvid=BV1ZqXZBoEgJ 已成功抓取全部所需数据。
[2026-04-07 02:29:32] [SUCCESS] bvid=BV1YK9uBUERL 已成功抓取全部所需数据。
[2026-04-07 02:29:37] [SUCCESS] bvid=BV1XK9uBmEkt 已成功抓取全部所需数据。
[2026-04-07 02:29:42] [SUCCESS] bvid=BV1Rw9uBnEQQ 已成功抓取全部所需数据。
[2026-04-07 02:29:42] [INFO] 当前 batch_crawl 已完成，所有视频均已成功抓取。
[2026-04-07 02:29:42] 子任务结束时间：2026-04-07T02:29:42.866732
[TIMESTAMP][END] 2026-04-07T02:29:42
