[TIMESTAMP][BEGIN] 2026-04-06T23:59:40
[2026-04-06 23:59:43] 开始执行 CSV 批量抓取子任务 part_7。
[2026-04-06 23:59:43] 子任务开始时间：2026-04-06T23:59:40.814359
[2026-04-06 23:59:43] 输入文件：batch_input_7.csv
[2026-04-06 23:59:43] 输入唯一 bvid 数量：100
[2026-04-06 23:59:43] 为严格按 CSV 顺序判断连续失败阈值，本次任务自动将并发度从 2 调整为 1。
[2026-04-06 23:59:48] [SUCCESS] bvid=BV1aiD5BQEW2 已成功抓取全部所需数据。
[2026-04-06 23:59:53] [SUCCESS] bvid=BV1hiD5BQExN 已成功抓取全部所需数据。
[2026-04-06 23:59:59] [SUCCESS] bvid=BV1J39MBxEhC 已成功抓取全部所需数据。
[2026-04-07 00:00:05] [SUCCESS] bvid=BV1aiD5BQEjq 已成功抓取全部所需数据。
[2026-04-07 00:00:11] [SUCCESS] bvid=BV1HK9MBfEoA 已成功抓取全部所需数据。
[2026-04-07 00:00:16] [SUCCESS] bvid=BV1Du9uB1E1R 已成功抓取全部所需数据。
[2026-04-07 00:00:22] [SUCCESS] bvid=BV1dHDGBWEGv 已成功抓取全部所需数据。
[2026-04-07 00:00:28] [SUCCESS] bvid=BV1XvDABXEKQ 已成功抓取全部所需数据。
[2026-04-07 00:00:33] [SUCCESS] bvid=BV1fGDgBQEpD 已成功抓取全部所需数据。
[2026-04-07 00:00:39] [SUCCESS] bvid=BV1GDD3B1EjX 已成功抓取全部所需数据。
[2026-04-07 00:00:45] [SUCCESS] bvid=BV1XSD3BLEXw 已成功抓取全部所需数据。
[2026-04-07 00:00:51] [SUCCESS] bvid=BV1fqD3BWEKt 已成功抓取全部所需数据。
[2026-04-07 00:00:56] [SUCCESS] bvid=BV1LfDMBkEre 已成功抓取全部所需数据。
[2026-04-07 00:01:02] [SUCCESS] bvid=BV1UL9EBYEH2 已成功抓取全部所需数据。
[2026-04-07 00:01:07] [SUCCESS] bvid=BV1koD5BMEtS 已成功抓取全部所需数据。
[2026-04-07 00:01:13] [SUCCESS] bvid=BV1caD3BZEdS 已成功抓取全部所需数据。
[2026-04-07 00:01:18] [SUCCESS] bvid=BV1nzDKBmEXZ 已成功抓取全部所需数据。
[2026-04-07 00:01:24] [SUCCESS] bvid=BV1H1DMBHEEa 已成功抓取全部所需数据。
[2026-04-07 00:01:29] [SUCCESS] bvid=BV1RaD5BsEPv 已成功抓取全部所需数据。
[2026-04-07 00:01:35] [SUCCESS] bvid=BV1YaD5BsEip 已成功抓取全部所需数据。
[2026-04-07 00:01:40] [SUCCESS] bvid=BV1eYD5B9Eci 已成功抓取全部所需数据。
[2026-04-07 00:01:46] [SUCCESS] bvid=BV1bkD5BmEpm 已成功抓取全部所需数据。
[2026-04-07 00:01:51] [SUCCESS] bvid=BV1brD5BEEG9 已成功抓取全部所需数据。
[2026-04-07 00:01:57] [SUCCESS] bvid=BV1aDD3B1Ea4 已成功抓取全部所需数据。
[2026-04-07 00:02:02] [SUCCESS] bvid=BV1UrD5BEEmH 已成功抓取全部所需数据。
[2026-04-07 00:02:08] [SUCCESS] bvid=BV1SrD5BEEWy 已成功抓取全部所需数据。
[2026-04-07 00:02:13] [SUCCESS] bvid=BV1tkD5BmEe4 已成功抓取全部所需数据。
[2026-04-07 00:02:19] [SUCCESS] bvid=BV1bkD5BmEkH 已成功抓取全部所需数据。
[2026-04-07 00:02:25] [SUCCESS] bvid=BV1hBD5BnEEn 已成功抓取全部所需数据。
[2026-04-07 00:02:30] [SUCCESS] bvid=BV1PS9gBMEqh 已成功抓取全部所需数据。
[2026-04-07 00:02:36] [SUCCESS] bvid=BV1BpD5BhEXX 已成功抓取全部所需数据。
[2026-04-07 00:02:41] [SUCCESS] bvid=BV1qpD5BhERh 已成功抓取全部所需数据。
[2026-04-07 00:02:47] [SUCCESS] bvid=BV1uY9MB3Eq2 已成功抓取全部所需数据。
[2026-04-07 00:02:52] [SUCCESS] bvid=BV1qoDgBQE8E 已成功抓取全部所需数据。
[2026-04-07 00:02:57] [SUCCESS] bvid=BV1xkDgBwEGh 已成功抓取全部所需数据。
[2026-04-07 00:03:03] [SUCCESS] bvid=BV1abDGBUEez 已成功抓取全部所需数据。
[2026-04-07 00:03:09] [SUCCESS] bvid=BV1ZBAWzsEv4 已成功抓取全部所需数据。
[2026-04-07 00:03:14] [SUCCESS] bvid=BV12W9uBKEN2 已成功抓取全部所需数据。
[2026-04-07 00:03:20] [SUCCESS] bvid=BV1mBDGBkEJA 已成功抓取全部所需数据。
[2026-04-07 00:03:25] [SUCCESS] bvid=BV1isD5BFEfy 已成功抓取全部所需数据。
[2026-04-07 00:03:31] [SUCCESS] bvid=BV1osD5BFEeZ 已成功抓取全部所需数据。
[2026-04-07 00:03:36] [SUCCESS] bvid=BV1osD5BFEhr 已成功抓取全部所需数据。
[2026-04-07 00:03:42] [SUCCESS] bvid=BV1qsD5BFEnE 已成功抓取全部所需数据。
[2026-04-07 00:03:48] [SUCCESS] bvid=BV1BJD5BYEWT 已成功抓取全部所需数据。
[2026-04-07 00:03:53] [SUCCESS] bvid=BV1zJD5BYEy8 已成功抓取全部所需数据。
[2026-04-07 00:03:59] [SUCCESS] bvid=BV1BJD5BYE4d 已成功抓取全部所需数据。
[2026-04-07 00:04:04] [SUCCESS] bvid=BV1vbD5B4EZk 已成功抓取全部所需数据。
[2026-04-07 00:04:09] [SUCCESS] bvid=BV1v8D5BdEPn 已成功抓取全部所需数据。
[2026-04-07 00:04:15] [SUCCESS] bvid=BV1RbD5B4E9W 已成功抓取全部所需数据。
[2026-04-07 00:04:21] [SUCCESS] bvid=BV1ebD5B4EdC 已成功抓取全部所需数据。
[2026-04-07 00:04:26] [SUCCESS] bvid=BV1R8D5BdE6X 已成功抓取全部所需数据。
[2026-04-07 00:04:32] [SUCCESS] bvid=BV1nZD5BqEcJ 已成功抓取全部所需数据。
[2026-04-07 00:04:37] [SUCCESS] bvid=BV1qxD5BbEnN 已成功抓取全部所需数据。
[2026-04-07 00:04:44] [SUCCESS] bvid=BV1ZxD5BbENc 已成功抓取全部所需数据。
[2026-04-07 00:04:49] [SUCCESS] bvid=BV1ZxD5BbEVW 已成功抓取全部所需数据。
[2026-04-07 00:04:55] [SUCCESS] bvid=BV13ADTBwEXS 已成功抓取全部所需数据。
[2026-04-07 00:05:01] [SUCCESS] bvid=BV1xzDgBPEEn 已成功抓取全部所需数据。
[2026-04-07 00:05:06] [SUCCESS] bvid=BV1o4D5BZEPi 已成功抓取全部所需数据。
[2026-04-07 00:05:06] [ERROR] bvid=BV1rFDLBKENR 抓取失败：stat: 接口返回错误代码：62002，信息：稿件不可见。
{'code': 62002, 'message': '稿件不可见', 'ttl': 1} | comment: 接口返回错误代码：62002，信息：稿件不可见。
{'code': 62002, 'message': '稿件不可见', 'ttl': 1}
[2026-04-07 00:05:12] [SUCCESS] bvid=BV1L4D5BfEvi 已成功抓取全部所需数据。
[2026-04-07 00:05:17] [SUCCESS] bvid=BV1HGXBBVEm9 已成功抓取全部所需数据。
[2026-04-07 00:05:22] [SUCCESS] bvid=BV1EJXBBBEYL 已成功抓取全部所需数据。
[2026-04-07 00:05:28] [SUCCESS] bvid=BV1KjDuBcEA9 已成功抓取全部所需数据。
[2026-04-07 00:05:33] [SUCCESS] bvid=BV1KaDKBWEjE 已成功抓取全部所需数据。
[2026-04-07 00:05:39] [SUCCESS] bvid=BV1saDKBpE41 已成功抓取全部所需数据。
[2026-04-07 00:05:44] [SUCCESS] bvid=BV1T5DuBaEDf 已成功抓取全部所需数据。
[2026-04-07 00:05:50] [SUCCESS] bvid=BV1EqD3BsEHL 已成功抓取全部所需数据。
[2026-04-07 00:05:55] [SUCCESS] bvid=BV1VPDuBuEKc 已成功抓取全部所需数据。
[2026-04-07 00:06:01] [SUCCESS] bvid=BV1hgDuBNEwD 已成功抓取全部所需数据。
[2026-04-07 00:06:06] [SUCCESS] bvid=BV1haDGB2EgL 已成功抓取全部所需数据。
[2026-04-07 00:06:12] [SUCCESS] bvid=BV1GGDVBJE9o 已成功抓取全部所需数据。
[2026-04-07 00:06:18] [SUCCESS] bvid=BV1rFDLBKExJ 已成功抓取全部所需数据。
[2026-04-07 00:06:24] [SUCCESS] bvid=BV1EcDLBvEQc 已成功抓取全部所需数据。
[2026-04-07 00:06:29] [SUCCESS] bvid=BV1EcDLBvEAc 已成功抓取全部所需数据。
[2026-04-07 00:06:34] [SUCCESS] bvid=BV1ncDLBvEVp 已成功抓取全部所需数据。
[2026-04-07 00:06:40] [SUCCESS] bvid=BV1qKDLBwETj 已成功抓取全部所需数据。
[2026-04-07 00:06:46] [SUCCESS] bvid=BV1jTDLBhEZc 已成功抓取全部所需数据。
[2026-04-07 00:06:52] [SUCCESS] bvid=BV1EADLBPEig 已成功抓取全部所需数据。
[2026-04-07 00:06:57] [SUCCESS] bvid=BV1E79MBHE5y 已成功抓取全部所需数据。
[2026-04-07 00:07:03] [SUCCESS] bvid=BV1EPDLBYE8m 已成功抓取全部所需数据。
[2026-04-07 00:07:08] [SUCCESS] bvid=BV14mD5B5Era 已成功抓取全部所需数据。
[2026-04-07 00:07:14] [SUCCESS] bvid=BV14mD5B5EFj 已成功抓取全部所需数据。
[2026-04-07 00:07:19] [SUCCESS] bvid=BV14mD5B5EwH 已成功抓取全部所需数据。
[2026-04-07 00:07:25] [SUCCESS] bvid=BV1sUD5BCEjF 已成功抓取全部所需数据。
[2026-04-07 00:07:30] [SUCCESS] bvid=BV1WUD5BCEyv 已成功抓取全部所需数据。
[2026-04-07 00:07:36] [SUCCESS] bvid=BV1qfDgBnEwK 已成功抓取全部所需数据。
[2026-04-07 00:07:41] [SUCCESS] bvid=BV1sUD5BCEkt 已成功抓取全部所需数据。
[2026-04-07 00:07:47] [SUCCESS] bvid=BV11UD5BCEvV 已成功抓取全部所需数据。
[2026-04-07 00:07:52] [SUCCESS] bvid=BV1P6DMBdERk 已成功抓取全部所需数据。
[2026-04-07 00:07:58] [SUCCESS] bvid=BV1p9D5BgE6i 已成功抓取全部所需数据。
[2026-04-07 00:08:03] [SUCCESS] bvid=BV1W9D5BgEJE 已成功抓取全部所需数据。
[2026-04-07 00:08:09] [SUCCESS] bvid=BV1sDD5BGEmw 已成功抓取全部所需数据。
[2026-04-07 00:08:14] [SUCCESS] bvid=BV1TfD3BgExd 已成功抓取全部所需数据。
[2026-04-07 00:08:20] [SUCCESS] bvid=BV1mfD3BuEsa 已成功抓取全部所需数据。
[2026-04-07 00:08:26] [SUCCESS] bvid=BV1uyDNBxEAF 已成功抓取全部所需数据。
[2026-04-07 00:08:32] [SUCCESS] bvid=BV1SK9NBwEpS 已成功抓取全部所需数据。
[2026-04-07 00:08:38] [SUCCESS] bvid=BV1yoDNBjEAG 已成功抓取全部所需数据。
[2026-04-07 00:08:43] [SUCCESS] bvid=BV1mL9EBYEDC 已成功抓取全部所需数据。
[2026-04-07 00:08:49] [SUCCESS] bvid=BV1diDTBBEWP 已成功抓取全部所需数据。
[2026-04-07 00:08:54] [SUCCESS] bvid=BV1puDGBYEnr 已成功抓取全部所需数据。
[2026-04-07 00:08:54] [WARN] 当前子任务已结束，但仍有未成功抓取的视频，已导出 remaining CSV 供继续执行。
[2026-04-07 00:08:54] [INFO] 已导出剔除成功条目后的剩余 CSV：D:\Schoolworks\Thesis\Bilibili-Datahub\outputs\video_data\manual_crawls\manual_crawl_stat_comment_20260406_223825\remaining_bvids_part_7.csv
[2026-04-07 00:08:54] 子任务结束时间：2026-04-07T00:08:54.888312
[TIMESTAMP][END] 2026-04-07T00:08:54
