[TIMESTAMP][BEGIN] 2026-04-07T04:14:00
[2026-04-07 04:14:02] 开始执行 CSV 批量抓取子任务 part_26。
[2026-04-07 04:14:02] 子任务开始时间：2026-04-07T04:14:00.730270
[2026-04-07 04:14:02] 输入文件：batch_input_26.csv
[2026-04-07 04:14:02] 输入唯一 bvid 数量：100
[2026-04-07 04:14:02] 为严格按 CSV 顺序判断连续失败阈值，本次任务自动将并发度从 2 调整为 1。
[2026-04-07 04:14:07] [SUCCESS] bvid=BV1iV9PBBETV 已成功抓取全部所需数据。
[2026-04-07 04:14:12] [SUCCESS] bvid=BV1HP9KBpETh 已成功抓取全部所需数据。
[2026-04-07 04:14:17] [SUCCESS] bvid=BV16H9ABVEH6 已成功抓取全部所需数据。
[2026-04-07 04:14:22] [SUCCESS] bvid=BV1Df9FBnEPK 已成功抓取全部所需数据。
[2026-04-07 04:14:27] [SUCCESS] bvid=BV1kJ9AByEhr 已成功抓取全部所需数据。
[2026-04-07 04:14:32] [SUCCESS] bvid=BV1JP9PByEZh 已成功抓取全部所需数据。
[2026-04-07 04:14:37] [SUCCESS] bvid=BV1Df9FBnE1J 已成功抓取全部所需数据。
[2026-04-07 04:14:42] [SUCCESS] bvid=BV1WMXfBqEff 已成功抓取全部所需数据。
[2026-04-07 04:14:47] [SUCCESS] bvid=BV1Df9FBnEtd 已成功抓取全部所需数据。
[2026-04-07 04:14:52] [SUCCESS] bvid=BV1UT9ABXEuu 已成功抓取全部所需数据。
[2026-04-07 04:14:57] [SUCCESS] bvid=BV1bm9ABxE2g 已成功抓取全部所需数据。
[2026-04-07 04:15:02] [SUCCESS] bvid=BV1Df9FBnEbG 已成功抓取全部所需数据。
[2026-04-07 04:15:07] [SUCCESS] bvid=BV1ju9wBYEiE 已成功抓取全部所需数据。
[2026-04-07 04:15:11] [SUCCESS] bvid=BV1Df9FBnEE6 已成功抓取全部所需数据。
[2026-04-07 04:15:17] [SUCCESS] bvid=BV1xD9ABWERJ 已成功抓取全部所需数据。
[2026-04-07 04:15:21] [SUCCESS] bvid=BV1Df9FBnEWL 已成功抓取全部所需数据。
[2026-04-07 04:15:26] [SUCCESS] bvid=BV1ia9ABiEsK 已成功抓取全部所需数据。
[2026-04-07 04:15:31] [SUCCESS] bvid=BV1ea9ABiEmY 已成功抓取全部所需数据。
[2026-04-07 04:15:36] [SUCCESS] bvid=BV1a69ABcEUW 已成功抓取全部所需数据。
[2026-04-07 04:15:41] [SUCCESS] bvid=BV1Y69ABcEVa 已成功抓取全部所需数据。
[2026-04-07 04:15:46] [SUCCESS] bvid=BV1ar9AB8E8g 已成功抓取全部所需数据。
[2026-04-07 04:15:51] [SUCCESS] bvid=BV1jg9PB6EE1 已成功抓取全部所需数据。
[2026-04-07 04:15:55] [SUCCESS] bvid=BV1Df9FBnEsU 已成功抓取全部所需数据。
[2026-04-07 04:16:01] [SUCCESS] bvid=BV1eq9ABAEtJ 已成功抓取全部所需数据。
[2026-04-07 04:16:05] [SUCCESS] bvid=BV1YB9ABaEsm 已成功抓取全部所需数据。
[2026-04-07 04:16:10] [SUCCESS] bvid=BV1Eg9PB6EwM 已成功抓取全部所需数据。
[2026-04-07 04:16:15] [SUCCESS] bvid=BV1Df9FBnEbW 已成功抓取全部所需数据。
[2026-04-07 04:16:20] [SUCCESS] bvid=BV1zu9PB3E3x 已成功抓取全部所需数据。
[2026-04-07 04:16:25] [SUCCESS] bvid=BV1eE9PBNExc 已成功抓取全部所需数据。
[2026-04-07 04:16:31] [SUCCESS] bvid=BV1gf9FBHEHt 已成功抓取全部所需数据。
[2026-04-07 04:16:36] [SUCCESS] bvid=BV1Nv9PBWENE 已成功抓取全部所需数据。
[2026-04-07 04:16:41] [SUCCESS] bvid=BV1t89PBoEr9 已成功抓取全部所需数据。
[2026-04-07 04:16:46] [SUCCESS] bvid=BV1GG9FBXEDb 已成功抓取全部所需数据。
[2026-04-07 04:16:51] [SUCCESS] bvid=BV1EN9wBKEyo 已成功抓取全部所需数据。
[2026-04-07 04:16:56] [SUCCESS] bvid=BV1jK9wBvERW 已成功抓取全部所需数据。
[2026-04-07 04:17:01] [SUCCESS] bvid=BV1Y59wBFE1A 已成功抓取全部所需数据。
[2026-04-07 04:17:06] [SUCCESS] bvid=BV15G9wBhE9i 已成功抓取全部所需数据。
[2026-04-07 04:17:11] [SUCCESS] bvid=BV1LG9wBhEJE 已成功抓取全部所需数据。
[2026-04-07 04:17:17] [SUCCESS] bvid=BV1Ho9cBrENU 已成功抓取全部所需数据。
[2026-04-07 04:17:22] [SUCCESS] bvid=BV1po9cBrENk 已成功抓取全部所需数据。
[2026-04-07 04:17:26] [SUCCESS] bvid=BV1iD9wBvEsa 已成功抓取全部所需数据。
[2026-04-07 04:17:31] [SUCCESS] bvid=BV1C99cBCEhA 已成功抓取全部所需数据。
[2026-04-07 04:17:36] [SUCCESS] bvid=BV1rF9wBzEA9 已成功抓取全部所需数据。
[2026-04-07 04:17:41] [SUCCESS] bvid=BV1Pe9wBjEQh 已成功抓取全部所需数据。
[2026-04-07 04:17:46] [SUCCESS] bvid=BV11e9wBjENE 已成功抓取全部所需数据。
[2026-04-07 04:17:51] [SUCCESS] bvid=BV1c69wBGEbr 已成功抓取全部所需数据。
[2026-04-07 04:17:56] [SUCCESS] bvid=BV1yv9wB1EKh 已成功抓取全部所需数据。
[2026-04-07 04:18:01] [SUCCESS] bvid=BV1Aq9wB5EJk 已成功抓取全部所需数据。
[2026-04-07 04:18:06] [SUCCESS] bvid=BV1Aq9wB5Erp 已成功抓取全部所需数据。
[2026-04-07 04:18:06] [ERROR] bvid=BV1Gj9wBZE85 抓取失败：stat: 接口返回错误代码：-404，信息：啥都木有。
{'code': -404, 'message': '啥都木有', 'ttl': 1} | comment: 接口返回错误代码：-404，信息：啥都木有。
{'code': -404, 'message': '啥都木有', 'ttl': 1}
[2026-04-07 04:18:11] [SUCCESS] bvid=BV1Gj9wBZEiJ 已成功抓取全部所需数据。
[2026-04-07 04:18:16] [SUCCESS] bvid=BV13j9wBZE6d 已成功抓取全部所需数据。
[2026-04-07 04:18:21] [SUCCESS] bvid=BV1aE9wB4Eif 已成功抓取全部所需数据。
[2026-04-07 04:18:26] [SUCCESS] bvid=BV13E9wB4Ea3 已成功抓取全部所需数据。
[2026-04-07 04:18:31] [SUCCESS] bvid=BV1Tt9wBnEve 已成功抓取全部所需数据。
[2026-04-07 04:18:36] [SUCCESS] bvid=BV18p9wB9EiF 已成功抓取全部所需数据。
[2026-04-07 04:18:41] [SUCCESS] bvid=BV183XZB1EfE 已成功抓取全部所需数据。
[2026-04-07 04:18:46] [SUCCESS] bvid=BV18nXjBtEaa 已成功抓取全部所需数据。
[2026-04-07 04:18:51] [SUCCESS] bvid=BV1V99wBYEqB 已成功抓取全部所需数据。
[2026-04-07 04:18:56] [SUCCESS] bvid=BV1Xo9wB8EpW 已成功抓取全部所需数据。
[2026-04-07 04:19:01] [SUCCESS] bvid=BV1QZ9wBfEPj 已成功抓取全部所需数据。
[2026-04-07 04:19:06] [SUCCESS] bvid=BV1Gf9wBFEHX 已成功抓取全部所需数据。
[2026-04-07 04:19:11] [SUCCESS] bvid=BV1Yf9wBFEjC 已成功抓取全部所需数据。
[2026-04-07 04:19:16] [SUCCESS] bvid=BV1R99wBaEhM 已成功抓取全部所需数据。
[2026-04-07 04:19:21] [SUCCESS] bvid=BV19d9wBcEhb 已成功抓取全部所需数据。
[2026-04-07 04:19:25] [SUCCESS] bvid=BV1DA9ABxE7E 已成功抓取全部所需数据。
[2026-04-07 04:19:30] [SUCCESS] bvid=BV1DF9ABtEXd 已成功抓取全部所需数据。
[2026-04-07 04:19:35] [SUCCESS] bvid=BV1SP9ABREaF 已成功抓取全部所需数据。
[2026-04-07 04:19:41] [SUCCESS] bvid=BV1DF9ABtEiB 已成功抓取全部所需数据。
[2026-04-07 04:19:46] [SUCCESS] bvid=BV1GF9ABbEGy 已成功抓取全部所需数据。
[2026-04-07 04:19:51] [SUCCESS] bvid=BV1QF9ABbEVf 已成功抓取全部所需数据。
[2026-04-07 04:19:56] [SUCCESS] bvid=BV1Zy9wBBEdN 已成功抓取全部所需数据。
[2026-04-07 04:20:01] [SUCCESS] bvid=BV1729wBMEWe 已成功抓取全部所需数据。
[2026-04-07 04:20:06] [SUCCESS] bvid=BV1Z29wBTEUE 已成功抓取全部所需数据。
[2026-04-07 04:20:24] [SUCCESS] bvid=BV1Fr9wBrEy7 已成功抓取全部所需数据。
[2026-04-07 04:20:42] [SUCCESS] bvid=BV1zC9wBgE1e 已成功抓取全部所需数据。
[2026-04-07 04:21:01] [SUCCESS] bvid=BV1mw9cBEEeb 已成功抓取全部所需数据。
[2026-04-07 04:21:20] [SUCCESS] bvid=BV1LD9wBvE5x 已成功抓取全部所需数据。
[2026-04-07 04:21:39] [SUCCESS] bvid=BV1oD9wBeEAE 已成功抓取全部所需数据。
[2026-04-07 04:21:58] [SUCCESS] bvid=BV1XD9FBdEko 已成功抓取全部所需数据。
[2026-04-07 04:22:17] [SUCCESS] bvid=BV15X9wBPE1p 已成功抓取全部所需数据。
[2026-04-07 04:22:36] [SUCCESS] bvid=BV1Zm9wBiEHi 已成功抓取全部所需数据。
[2026-04-07 04:22:55] [SUCCESS] bvid=BV1LK9FBoELX 已成功抓取全部所需数据。
[2026-04-07 04:23:14] [SUCCESS] bvid=BV1dK9FBoE8E 已成功抓取全部所需数据。
[2026-04-07 04:23:20] [SUCCESS] bvid=BV1LK9FBoE8G 已成功抓取全部所需数据。
[2026-04-07 04:23:26] [SUCCESS] bvid=BV15K9FBoEDF 已成功抓取全部所需数据。
[2026-04-07 04:23:32] [SUCCESS] bvid=BV1Ew9FB8EV7 已成功抓取全部所需数据。
[2026-04-07 04:23:38] [SUCCESS] bvid=BV1jA9FBfEht 已成功抓取全部所需数据。
[2026-04-07 04:23:44] [SUCCESS] bvid=BV1Bw9FB8EeY 已成功抓取全部所需数据。
[2026-04-07 04:23:50] [SUCCESS] bvid=BV17w9FB8EdL 已成功抓取全部所需数据。
[2026-04-07 04:23:56] [SUCCESS] bvid=BV1LA9FBfEoA 已成功抓取全部所需数据。
[2026-04-07 04:24:02] [SUCCESS] bvid=BV17A9FBfEM6 已成功抓取全部所需数据。
[2026-04-07 04:24:08] [SUCCESS] bvid=BV1YG9FBXExX 已成功抓取全部所需数据。
[2026-04-07 04:24:14] [SUCCESS] bvid=BV1e39FBWELg 已成功抓取全部所需数据。
[2026-04-07 04:24:20] [SUCCESS] bvid=BV1YG9FBXE2y 已成功抓取全部所需数据。
[2026-04-07 04:24:26] [SUCCESS] bvid=BV1LM9FBxEPN 已成功抓取全部所需数据。
[2026-04-07 04:24:32] [SUCCESS] bvid=BV1Vu9FBREtP 已成功抓取全部所需数据。
[2026-04-07 04:24:37] [SUCCESS] bvid=BV15u9FBRE5F 已成功抓取全部所需数据。
[2026-04-07 04:24:42] [SUCCESS] bvid=BV1Vu9FBREpk 已成功抓取全部所需数据。
[2026-04-07 04:24:47] [SUCCESS] bvid=BV15u9FBREJV 已成功抓取全部所需数据。
[2026-04-07 04:24:47] [WARN] 当前子任务已结束，但仍有未成功抓取的视频，已导出 remaining CSV 供继续执行。
[2026-04-07 04:24:47] [INFO] 已导出剔除成功条目后的剩余 CSV：D:\Schoolworks\Thesis\Bilibili-Datahub\outputs\video_data\manual_crawls\manual_crawl_stat_comment_20260406_223825\remaining_bvids_part_26.csv
[2026-04-07 04:24:47] 子任务结束时间：2026-04-07T04:24:47.511528
[TIMESTAMP][END] 2026-04-07T04:24:47
