[TIMESTAMP][BEGIN] 2026-04-07T06:20:23
[2026-04-07 06:20:25] 开始执行 CSV 批量抓取子任务 part_40。
[2026-04-07 06:20:25] 子任务开始时间：2026-04-07T06:20:23.661982
[2026-04-07 06:20:25] 输入文件：batch_input_40.csv
[2026-04-07 06:20:25] 输入唯一 bvid 数量：100
[2026-04-07 06:20:25] 为严格按 CSV 顺序判断连续失败阈值，本次任务自动将并发度从 2 调整为 1。
[2026-04-07 06:20:30] [SUCCESS] bvid=BV1Q497BKE9x 已成功抓取全部所需数据。
[2026-04-07 06:20:35] [SUCCESS] bvid=BV1Me97BaEDF 已成功抓取全部所需数据。
[2026-04-07 06:20:40] [SUCCESS] bvid=BV1Ue97BhEHu 已成功抓取全部所需数据。
[2026-04-07 06:20:45] [SUCCESS] bvid=BV1Qj9VB4EMX 已成功抓取全部所需数据。
[2026-04-07 06:20:50] [SUCCESS] bvid=BV1mi97BFEwk 已成功抓取全部所需数据。
[2026-04-07 06:20:55] [SUCCESS] bvid=BV1Me97BaEz5 已成功抓取全部所需数据。
[2026-04-07 06:21:00] [SUCCESS] bvid=BV1Lj9LBKEpU 已成功抓取全部所需数据。
[2026-04-07 06:21:05] [SUCCESS] bvid=BV1Ti97BcEeP 已成功抓取全部所需数据。
[2026-04-07 06:21:05] [ERROR] bvid=BV1FT9LBGEVy 抓取失败：stat: 接口返回错误代码：62012，信息：62012。
{'code': 62012, 'message': '62012', 'ttl': 1} | comment: 接口返回错误代码：62012，信息：62012。
{'code': 62012, 'message': '62012', 'ttl': 1}
[2026-04-07 06:21:10] [SUCCESS] bvid=BV1Sh97BYE3m 已成功抓取全部所需数据。
[2026-04-07 06:21:15] [SUCCESS] bvid=BV1TU95BsEQG 已成功抓取全部所需数据。
[2026-04-07 06:21:19] [SUCCESS] bvid=BV1UY97BwESU 已成功抓取全部所需数据。
[2026-04-07 06:21:25] [SUCCESS] bvid=BV1uY97BAE4E 已成功抓取全部所需数据。
[2026-04-07 06:21:30] [SUCCESS] bvid=BV1UY97BwEdf 已成功抓取全部所需数据。
[2026-04-07 06:21:35] [SUCCESS] bvid=BV1MU95BsEPX 已成功抓取全部所需数据。
[2026-04-07 06:21:40] [SUCCESS] bvid=BV1tS95B9Eij 已成功抓取全部所需数据。
[2026-04-07 06:21:47] [SUCCESS] bvid=BV14S95B9EVJ 已成功抓取全部所需数据。
[2026-04-07 06:21:52] [SUCCESS] bvid=BV1MU95BsEUW 已成功抓取全部所需数据。
[2026-04-07 06:21:57] [SUCCESS] bvid=BV14U95BsEah 已成功抓取全部所需数据。
[2026-04-07 06:22:02] [SUCCESS] bvid=BV1uU95BsEjn 已成功抓取全部所需数据。
[2026-04-07 06:22:07] [SUCCESS] bvid=BV1MS95B9EKQ 已成功抓取全部所需数据。
[2026-04-07 06:22:12] [SUCCESS] bvid=BV1tS95B9Et5 已成功抓取全部所需数据。
[2026-04-07 06:22:17] [SUCCESS] bvid=BV1Ds9LBfEfX 已成功抓取全部所需数据。
[2026-04-07 06:22:22] [SUCCESS] bvid=BV1g195B4ETr 已成功抓取全部所需数据。
[2026-04-07 06:22:27] [SUCCESS] bvid=BV1g195B4EYn 已成功抓取全部所需数据。
[2026-04-07 06:22:32] [SUCCESS] bvid=BV12S95B9E1B 已成功抓取全部所需数据。
[2026-04-07 06:22:36] [SUCCESS] bvid=BV1tS95B9En8 已成功抓取全部所需数据。
[2026-04-07 06:22:41] [SUCCESS] bvid=BV1b195B4EX3 已成功抓取全部所需数据。
[2026-04-07 06:22:46] [SUCCESS] bvid=BV1g195B4Erp 已成功抓取全部所需数据。
[2026-04-07 06:22:51] [SUCCESS] bvid=BV1u295BdEde 已成功抓取全部所需数据。
[2026-04-07 06:22:56] [SUCCESS] bvid=BV1M295BdEJP 已成功抓取全部所需数据。
[2026-04-07 06:23:01] [SUCCESS] bvid=BV1u295BdErA 已成功抓取全部所需数据。
[2026-04-07 06:23:06] [SUCCESS] bvid=BV1u295BdEaK 已成功抓取全部所需数据。
[2026-04-07 06:23:11] [SUCCESS] bvid=BV1NR95BnE3o 已成功抓取全部所需数据。
[2026-04-07 06:23:16] [SUCCESS] bvid=BV1Nd95BSEuq 已成功抓取全部所需数据。
[2026-04-07 06:23:21] [SUCCESS] bvid=BV1KQ95BpEbH 已成功抓取全部所需数据。
[2026-04-07 06:23:26] [SUCCESS] bvid=BV1KQ95BpE6Z 已成功抓取全部所需数据。
[2026-04-07 06:23:31] [SUCCESS] bvid=BV1tQ95BpEEd 已成功抓取全部所需数据。
[2026-04-07 06:23:36] [SUCCESS] bvid=BV1xX95BQEx8 已成功抓取全部所需数据。
[2026-04-07 06:23:41] [SUCCESS] bvid=BV1ei95BYE9B 已成功抓取全部所需数据。
[2026-04-07 06:23:45] [SUCCESS] bvid=BV1NX95BQE2Q 已成功抓取全部所需数据。
[2026-04-07 06:23:50] [SUCCESS] bvid=BV1NX95BQEsR 已成功抓取全部所需数据。
[2026-04-07 06:23:55] [SUCCESS] bvid=BV1KX95BQEzJ 已成功抓取全部所需数据。
[2026-04-07 06:24:00] [SUCCESS] bvid=BV1ei95BYEZP 已成功抓取全部所需数据。
[2026-04-07 06:24:05] [SUCCESS] bvid=BV15i95BYEv5 已成功抓取全部所需数据。
[2026-04-07 06:24:10] [SUCCESS] bvid=BV1XB95BwE2L 已成功抓取全部所需数据。
[2026-04-07 06:24:15] [SUCCESS] bvid=BV1Vi95BYEvT 已成功抓取全部所需数据。
[2026-04-07 06:24:20] [SUCCESS] bvid=BV15Y95BvE3X 已成功抓取全部所需数据。
[2026-04-07 06:24:24] [SUCCESS] bvid=BV1vY95BvEMA 已成功抓取全部所需数据。
[2026-04-07 06:24:29] [SUCCESS] bvid=BV1D79VBdEZS 已成功抓取全部所需数据。
[2026-04-07 06:24:34] [SUCCESS] bvid=BV1aN9jBYEEt 已成功抓取全部所需数据。
[2026-04-07 06:24:39] [SUCCESS] bvid=BV1LY95BvEfc 已成功抓取全部所需数据。
[2026-04-07 06:24:44] [SUCCESS] bvid=BV1jY95BvExb 已成功抓取全部所需数据。
[2026-04-07 06:24:49] [SUCCESS] bvid=BV1gC95BZEDc 已成功抓取全部所需数据。
[2026-04-07 06:24:54] [SUCCESS] bvid=BV1wiXzB2E3F 已成功抓取全部所需数据。
[2026-04-07 06:24:59] [SUCCESS] bvid=BV1ZqXWBfE6e 已成功抓取全部所需数据。
[2026-04-07 06:25:04] [SUCCESS] bvid=BV1SgXYBuEVk 已成功抓取全部所需数据。
[2026-04-07 06:25:09] [SUCCESS] bvid=BV1Gk95BbETK 已成功抓取全部所需数据。
[2026-04-07 06:25:14] [SUCCESS] bvid=BV13k95BbEor 已成功抓取全部所需数据。
[2026-04-07 06:25:19] [SUCCESS] bvid=BV1uC95BZEoq 已成功抓取全部所需数据。
[2026-04-07 06:25:24] [SUCCESS] bvid=BV1Vz95BhEYn 已成功抓取全部所需数据。
[2026-04-07 06:25:28] [SUCCESS] bvid=BV1Yz95BhEbh 已成功抓取全部所需数据。
[2026-04-07 06:25:33] [SUCCESS] bvid=BV1Gr95BFEjd 已成功抓取全部所需数据。
[2026-04-07 06:25:38] [SUCCESS] bvid=BV1Gr95BFEeK 已成功抓取全部所需数据。
[2026-04-07 06:25:43] [SUCCESS] bvid=BV1j39LBzE51 已成功抓取全部所需数据。
[2026-04-07 06:25:48] [SUCCESS] bvid=BV1d59LBiEed 已成功抓取全部所需数据。
[2026-04-07 06:25:53] [SUCCESS] bvid=BV1d59LBiE6e 已成功抓取全部所需数据。
[2026-04-07 06:25:58] [SUCCESS] bvid=BV1fg9LBuEuv 已成功抓取全部所需数据。
[2026-04-07 06:26:03] [SUCCESS] bvid=BV1Zg9LBuE5s 已成功抓取全部所需数据。
[2026-04-07 06:26:08] [SUCCESS] bvid=BV1Eg9LBgEnC 已成功抓取全部所需数据。
[2026-04-07 06:26:13] [SUCCESS] bvid=BV1Z39LBBEJR 已成功抓取全部所需数据。
[2026-04-07 06:26:18] [SUCCESS] bvid=BV1j39LBzEhg 已成功抓取全部所需数据。
[2026-04-07 06:26:23] [SUCCESS] bvid=BV1Vn9LBYE7n 已成功抓取全部所需数据。
[2026-04-07 06:26:28] [SUCCESS] bvid=BV1QJ9LBAErs 已成功抓取全部所需数据。
[2026-04-07 06:26:33] [SUCCESS] bvid=BV19J9LBAERg 已成功抓取全部所需数据。
[2026-04-07 06:26:38] [SUCCESS] bvid=BV19n9LBaEFC 已成功抓取全部所需数据。
[2026-04-07 06:26:43] [SUCCESS] bvid=BV1fwXDBBECa 已成功抓取全部所需数据。
[2026-04-07 06:26:48] [SUCCESS] bvid=BV1Gn9LBYEE8 已成功抓取全部所需数据。
[2026-04-07 06:26:53] [SUCCESS] bvid=BV15j9LBKENB 已成功抓取全部所需数据。
[2026-04-07 06:26:58] [SUCCESS] bvid=BV1R79LBeEKB 已成功抓取全部所需数据。
[2026-04-07 06:27:03] [SUCCESS] bvid=BV1dj9LBNEJy 已成功抓取全部所需数据。
[2026-04-07 06:27:08] [SUCCESS] bvid=BV1dj9LBNEcq 已成功抓取全部所需数据。
[2026-04-07 06:27:13] [SUCCESS] bvid=BV1V79LBvER7 已成功抓取全部所需数据。
[2026-04-07 06:27:18] [SUCCESS] bvid=BV1Hw9LB1Eyi 已成功抓取全部所需数据。
[2026-04-07 06:27:23] [SUCCESS] bvid=BV1979LBeEw8 已成功抓取全部所需数据。
[2026-04-07 06:27:28] [SUCCESS] bvid=BV1cc9LBjEyz 已成功抓取全部所需数据。
[2026-04-07 06:27:33] [SUCCESS] bvid=BV1Ac9LBjEun 已成功抓取全部所需数据。
[2026-04-07 06:27:38] [SUCCESS] bvid=BV1PZ95BEEFi 已成功抓取全部所需数据。
[2026-04-07 06:27:43] [SUCCESS] bvid=BV19V9VBbEiK 已成功抓取全部所需数据。
[2026-04-07 06:27:48] [SUCCESS] bvid=BV1ww9LB1EJm 已成功抓取全部所需数据。
[2026-04-07 06:27:53] [SUCCESS] bvid=BV1Cc9LBjEwA 已成功抓取全部所需数据。
[2026-04-07 06:27:58] [SUCCESS] bvid=BV1ww9LB1EtL 已成功抓取全部所需数据。
[2026-04-07 06:28:03] [SUCCESS] bvid=BV1Hw9LB1EHB 已成功抓取全部所需数据。
[2026-04-07 06:28:08] [SUCCESS] bvid=BV1ec9jBNEPc 已成功抓取全部所需数据。
[2026-04-07 06:28:13] [SUCCESS] bvid=BV1AZ95BEEYb 已成功抓取全部所需数据。
[2026-04-07 06:28:18] [SUCCESS] bvid=BV1yZ95BEEFh 已成功抓取全部所需数据。
[2026-04-07 06:28:23] [SUCCESS] bvid=BV1zT9LBGEgd 已成功抓取全部所需数据。
[2026-04-07 06:28:28] [SUCCESS] bvid=BV1fT9LB3E5Q 已成功抓取全部所需数据。
[2026-04-07 06:28:33] [SUCCESS] bvid=BV1ND9GBLEi4 已成功抓取全部所需数据。
[2026-04-07 06:28:38] [SUCCESS] bvid=BV1fT9LB3EAW 已成功抓取全部所需数据。
[2026-04-07 06:28:38] [WARN] 当前子任务已结束，但仍有未成功抓取的视频，已导出 remaining CSV 供继续执行。
[2026-04-07 06:28:38] [INFO] 已导出剔除成功条目后的剩余 CSV：D:\Schoolworks\Thesis\Bilibili-Datahub\outputs\video_data\manual_crawls\manual_crawl_stat_comment_20260406_223825\remaining_bvids_part_40.csv
[2026-04-07 06:28:38] 子任务结束时间：2026-04-07T06:28:38.649093
[TIMESTAMP][END] 2026-04-07T06:28:38
