[TIMESTAMP][BEGIN] 2026-04-07T00:36:05
[2026-04-07 00:36:07] 开始执行 CSV 批量抓取子任务 part_11。
[2026-04-07 00:36:07] 子任务开始时间：2026-04-07T00:36:05.102079
[2026-04-07 00:36:07] 输入文件：batch_input_11.csv
[2026-04-07 00:36:07] 输入唯一 bvid 数量：100
[2026-04-07 00:36:07] 为严格按 CSV 顺序判断连续失败阈值，本次任务自动将并发度从 2 调整为 1。
[2026-04-07 00:36:12] [SUCCESS] bvid=BV1uKDTBFE4y 已成功抓取全部所需数据。
[2026-04-07 00:36:18] [SUCCESS] bvid=BV15BDTBMEQo 已成功抓取全部所需数据。
[2026-04-07 00:36:23] [SUCCESS] bvid=BV19BDTBTE8V 已成功抓取全部所需数据。
[2026-04-07 00:36:29] [SUCCESS] bvid=BV19BDTBTEhx 已成功抓取全部所需数据。
[2026-04-07 00:36:34] [SUCCESS] bvid=BV1wTXoB8E2A 已成功抓取全部所需数据。
[2026-04-07 00:36:39] [SUCCESS] bvid=BV1ZADPBeEto 已成功抓取全部所需数据。
[2026-04-07 00:36:45] [SUCCESS] bvid=BV1qgDMB5EAk 已成功抓取全部所需数据。
[2026-04-07 00:36:50] [SUCCESS] bvid=BV1oYDTB6ESv 已成功抓取全部所需数据。
[2026-04-07 00:36:55] [SUCCESS] bvid=BV184DMBeEbi 已成功抓取全部所需数据。
[2026-04-07 00:37:01] [SUCCESS] bvid=BV1Z3DMByEwn 已成功抓取全部所需数据。
[2026-04-07 00:37:06] [SUCCESS] bvid=BV1ivDTBgE2r 已成功抓取全部所需数据。
[2026-04-07 00:37:11] [SUCCESS] bvid=BV19zDTBiEqX 已成功抓取全部所需数据。
[2026-04-07 00:37:16] [SUCCESS] bvid=BV15zDTBqE3n 已成功抓取全部所需数据。
[2026-04-07 00:37:22] [SUCCESS] bvid=BV1dvDTBuE7o 已成功抓取全部所需数据。
[2026-04-07 00:37:27] [SUCCESS] bvid=BV1LvDTBgE7N 已成功抓取全部所需数据。
[2026-04-07 00:37:32] [SUCCESS] bvid=BV15iDTBzEiH 已成功抓取全部所需数据。
[2026-04-07 00:37:37] [SUCCESS] bvid=BV1RiDTBBEmr 已成功抓取全部所需数据。
[2026-04-07 00:37:43] [SUCCESS] bvid=BV1eiDTBzE2s 已成功抓取全部所需数据。
[2026-04-07 00:37:48] [SUCCESS] bvid=BV1eiDTBzEDb 已成功抓取全部所需数据。
[2026-04-07 00:37:53] [SUCCESS] bvid=BV15iDTBzEeZ 已成功抓取全部所需数据。
[2026-04-07 00:37:59] [SUCCESS] bvid=BV1hyDTBPELM 已成功抓取全部所需数据。
[2026-04-07 00:38:04] [SUCCESS] bvid=BV12n9uBMEUK 已成功抓取全部所需数据。
[2026-04-07 00:38:10] [SUCCESS] bvid=BV1QyDTBAEdx 已成功抓取全部所需数据。
[2026-04-07 00:38:16] [SUCCESS] bvid=BV1VkDTBvET7 已成功抓取全部所需数据。
[2026-04-07 00:38:21] [SUCCESS] bvid=BV181DTBYEeV 已成功抓取全部所需数据。
[2026-04-07 00:38:26] [SUCCESS] bvid=BV1AcDMBpEYq 已成功抓取全部所需数据。
[2026-04-07 00:38:32] [SUCCESS] bvid=BV19rDTBNEJb 已成功抓取全部所需数据。
[2026-04-07 00:38:37] [SUCCESS] bvid=BV1QrDTBNECv 已成功抓取全部所需数据。
[2026-04-07 00:38:43] [SUCCESS] bvid=BV1QrDTBNE2x 已成功抓取全部所需数据。
[2026-04-07 00:38:48] [SUCCESS] bvid=BV1XrDTBNErG 已成功抓取全部所需数据。
[2026-04-07 00:38:53] [SUCCESS] bvid=BV19rDTBNENw 已成功抓取全部所需数据。
[2026-04-07 00:38:59] [SUCCESS] bvid=BV13kDTBvExc 已成功抓取全部所需数据。
[2026-04-07 00:39:04] [SUCCESS] bvid=BV1XkDTBeEV3 已成功抓取全部所需数据。
[2026-04-07 00:39:10] [SUCCESS] bvid=BV13kDTBvECZ 已成功抓取全部所需数据。
[2026-04-07 00:39:15] [SUCCESS] bvid=BV1QkDTBeEoR 已成功抓取全部所需数据。
[2026-04-07 00:39:21] [SUCCESS] bvid=BV1LjDMBGE4G 已成功抓取全部所需数据。
[2026-04-07 00:39:26] [SUCCESS] bvid=BV1VoDKBKE2u 已成功抓取全部所需数据。
[2026-04-07 00:39:32] [SUCCESS] bvid=BV1cpDTBEEvM 已成功抓取全部所需数据。
[2026-04-07 00:39:37] [SUCCESS] bvid=BV1E4DTB1EDb 已成功抓取全部所需数据。
[2026-04-07 00:39:42] [SUCCESS] bvid=BV1HWDTBmEGA 已成功抓取全部所需数据。
[2026-04-07 00:39:48] [SUCCESS] bvid=BV1cpDTBEEjq 已成功抓取全部所需数据。
[2026-04-07 00:39:53] [SUCCESS] bvid=BV1cpDTBEEjz 已成功抓取全部所需数据。
[2026-04-07 00:39:59] [SUCCESS] bvid=BV1tsDPBJER5 已成功抓取全部所需数据。
[2026-04-07 00:40:04] [SUCCESS] bvid=BV1cpDTBEEVB 已成功抓取全部所需数据。
[2026-04-07 00:40:10] [SUCCESS] bvid=BV1FWDTBmEcf 已成功抓取全部所需数据。
[2026-04-07 00:40:15] [SUCCESS] bvid=BV1FWDTBmEUn 已成功抓取全部所需数据。
[2026-04-07 00:40:21] [SUCCESS] bvid=BV1daDTB3Eo2 已成功抓取全部所需数据。
[2026-04-07 00:40:27] [SUCCESS] bvid=BV1daDTB3EoT 已成功抓取全部所需数据。
[2026-04-07 00:40:32] [SUCCESS] bvid=BV1oYDTB6EUE 已成功抓取全部所需数据。
[2026-04-07 00:40:37] [SUCCESS] bvid=BV1Nk9MBNExg 已成功抓取全部所需数据。
[2026-04-07 00:40:43] [SUCCESS] bvid=BV1RYDTB6Eyx 已成功抓取全部所需数据。
[2026-04-07 00:40:48] [SUCCESS] bvid=BV1dF9uBQE8p 已成功抓取全部所需数据。
[2026-04-07 00:40:54] [SUCCESS] bvid=BV1E89NB2EFh 已成功抓取全部所需数据。
[2026-04-07 00:40:59] [SUCCESS] bvid=BV1XvDNBhEQN 已成功抓取全部所需数据。
[2026-04-07 00:41:05] [SUCCESS] bvid=BV17bDTB5ERd 已成功抓取全部所需数据。
[2026-04-07 00:41:11] [SUCCESS] bvid=BV1obDTBVERH 已成功抓取全部所需数据。
[2026-04-07 00:41:16] [SUCCESS] bvid=BV1dhDNBPEDq 已成功抓取全部所需数据。
[2026-04-07 00:41:21] [SUCCESS] bvid=BV1cw9LB1EAm 已成功抓取全部所需数据。
[2026-04-07 00:41:26] [SUCCESS] bvid=BV12UDNBQEMS 已成功抓取全部所需数据。
[2026-04-07 00:41:32] [SUCCESS] bvid=BV15r9EB1EpE 已成功抓取全部所需数据。
[2026-04-07 00:41:37] [SUCCESS] bvid=BV1i5DMBkEs5 已成功抓取全部所需数据。
[2026-04-07 00:41:43] [SUCCESS] bvid=BV1yRDNBmEYs 已成功抓取全部所需数据。
[2026-04-07 00:41:49] [SUCCESS] bvid=BV1sF9JBYE18 已成功抓取全部所需数据。
[2026-04-07 00:41:54] [SUCCESS] bvid=BV1SWDKBZEJX 已成功抓取全部所需数据。
[2026-04-07 00:41:59] [SUCCESS] bvid=BV1KzXCBcE3T 已成功抓取全部所需数据。
[2026-04-07 00:42:05] [SUCCESS] bvid=BV17A93BbEgQ 已成功抓取全部所需数据。
[2026-04-07 00:42:11] [SUCCESS] bvid=BV1v7DMB6EfR 已成功抓取全部所需数据。
[2026-04-07 00:42:16] [SUCCESS] bvid=BV1d99PBgE2g 已成功抓取全部所需数据。
[2026-04-07 00:42:21] [SUCCESS] bvid=BV1p99cBCEbx 已成功抓取全部所需数据。
[2026-04-07 00:42:27] [SUCCESS] bvid=BV1rfDABTEKf 已成功抓取全部所需数据。
[2026-04-07 00:42:32] [SUCCESS] bvid=BV1Ga9gBSEAo 已成功抓取全部所需数据。
[2026-04-07 00:42:38] [SUCCESS] bvid=BV1jn9MBJEVo 已成功抓取全部所需数据。
[2026-04-07 00:42:43] [SUCCESS] bvid=BV1h19NBvEP4 已成功抓取全部所需数据。
[2026-04-07 00:42:49] [SUCCESS] bvid=BV1B3DMByEDP 已成功抓取全部所需数据。
[2026-04-07 00:42:54] [SUCCESS] bvid=BV1dw9uBnEMM 已成功抓取全部所需数据。
[2026-04-07 00:43:00] [SUCCESS] bvid=BV1fHDNBgEh7 已成功抓取全部所需数据。
[2026-04-07 00:43:05] [SUCCESS] bvid=BV1xxXZBKEN8 已成功抓取全部所需数据。
[2026-04-07 00:43:10] [SUCCESS] bvid=BV1U4DKBdEoc 已成功抓取全部所需数据。
[2026-04-07 00:43:16] [SUCCESS] bvid=BV1Z8DTBkEr8 已成功抓取全部所需数据。
[2026-04-07 00:43:21] [SUCCESS] bvid=BV1pwDMBQEDv 已成功抓取全部所需数据。
[2026-04-07 00:43:27] [SUCCESS] bvid=BV1kwDMBDE2d 已成功抓取全部所需数据。
[2026-04-07 00:43:33] [SUCCESS] bvid=BV1Y3DwBnEWP 已成功抓取全部所需数据。
[2026-04-07 00:43:38] [SUCCESS] bvid=BV18t9LBZEKM 已成功抓取全部所需数据。
[2026-04-07 00:43:43] [SUCCESS] bvid=BV1CwDMBDEE2 已成功抓取全部所需数据。
[2026-04-07 00:43:49] [SUCCESS] bvid=BV1wPDMBnEhw 已成功抓取全部所需数据。
[2026-04-07 00:43:54] [SUCCESS] bvid=BV1wPDMBnE6X 已成功抓取全部所需数据。
[2026-04-07 00:43:59] [SUCCESS] bvid=BV1rPDMBJERi 已成功抓取全部所需数据。
[2026-04-07 00:44:05] [SUCCESS] bvid=BV1wPDMBnEYW 已成功抓取全部所需数据。
[2026-04-07 00:44:10] [SUCCESS] bvid=BV1QeDABWE7w 已成功抓取全部所需数据。
[2026-04-07 00:44:16] [SUCCESS] bvid=BV1yfDTBXEp8 已成功抓取全部所需数据。
[2026-04-07 00:44:21] [SUCCESS] bvid=BV1yfDTBXEL7 已成功抓取全部所需数据。
[2026-04-07 00:44:27] [SUCCESS] bvid=BV1kfDTBXEht 已成功抓取全部所需数据。
[2026-04-07 00:44:33] [SUCCESS] bvid=BV1CfDTBXEpR 已成功抓取全部所需数据。
[2026-04-07 00:44:38] [SUCCESS] bvid=BV1kcDMBHE6b 已成功抓取全部所需数据。
[2026-04-07 00:44:44] [SUCCESS] bvid=BV1QgX5B4Ee8 已成功抓取全部所需数据。
[2026-04-07 00:44:49] [SUCCESS] bvid=BV1AcDMBpESG 已成功抓取全部所需数据。
[2026-04-07 00:44:54] [SUCCESS] bvid=BV1CcDMBHEbm 已成功抓取全部所需数据。
[2026-04-07 00:45:00] [SUCCESS] bvid=BV1389MBVEhH 已成功抓取全部所需数据。
[2026-04-07 00:45:05] [SUCCESS] bvid=BV16MDMB2Ejx 已成功抓取全部所需数据。
[2026-04-07 00:45:11] [SUCCESS] bvid=BV1FMDMBmE9o 已成功抓取全部所需数据。
[2026-04-07 00:45:11] [INFO] 当前 batch_crawl 已完成，所有视频均已成功抓取。
[2026-04-07 00:45:11] 子任务结束时间：2026-04-07T00:45:11.067059
[TIMESTAMP][END] 2026-04-07T00:45:11
