[TIMESTAMP][BEGIN] 2026-04-07T04:01:35
[2026-04-07 04:01:37] 开始执行 CSV 批量抓取子任务 part_25。
[2026-04-07 04:01:37] 子任务开始时间：2026-04-07T04:01:35.438433
[2026-04-07 04:01:37] 输入文件：batch_input_25.csv
[2026-04-07 04:01:37] 输入唯一 bvid 数量：100
[2026-04-07 04:01:37] 为严格按 CSV 顺序判断连续失败阈值，本次任务自动将并发度从 2 调整为 1。
[2026-04-07 04:01:55] [SUCCESS] bvid=BV1Uu9NBFE7T 已成功抓取全部所需数据。
[2026-04-07 04:02:14] [SUCCESS] bvid=BV18u9NBcEpX 已成功抓取全部所需数据。
[2026-04-07 04:02:31] [SUCCESS] bvid=BV1mg9NBbEi5 已成功抓取全部所需数据。
[2026-04-07 04:02:49] [SUCCESS] bvid=BV1mg9NBbEaH 已成功抓取全部所需数据。
[2026-04-07 04:03:06] [SUCCESS] bvid=BV1Ug9NBbEeK 已成功抓取全部所需数据。
[2026-04-07 04:03:25] [SUCCESS] bvid=BV1Ug9NBbEtT 已成功抓取全部所需数据。
[2026-04-07 04:03:42] [SUCCESS] bvid=BV1P79NBREeN 已成功抓取全部所需数据。
[2026-04-07 04:04:00] [SUCCESS] bvid=BV1C79NB9EyK 已成功抓取全部所需数据。
[2026-04-07 04:04:18] [SUCCESS] bvid=BV1P79NBREyV 已成功抓取全部所需数据。
[2026-04-07 04:04:36] [SUCCESS] bvid=BV1H69wBGEWu 已成功抓取全部所需数据。
[2026-04-07 04:04:53] [SUCCESS] bvid=BV1159NBdEaf 已成功抓取全部所需数据。
[2026-04-07 04:05:11] [SUCCESS] bvid=BV1uU9NBeEE3 已成功抓取全部所需数据。
[2026-04-07 04:05:29] [SUCCESS] bvid=BV1159NBdEPr 已成功抓取全部所需数据。
[2026-04-07 04:05:47] [SUCCESS] bvid=BV1259NBdEEu 已成功抓取全部所需数据。
[2026-04-07 04:06:05] [SUCCESS] bvid=BV1CJ9NBpExq 已成功抓取全部所需数据。
[2026-04-07 04:06:22] [SUCCESS] bvid=BV1K59NBoE2y 已成功抓取全部所需数据。
[2026-04-07 04:06:39] [SUCCESS] bvid=BV1N59NBoEM1 已成功抓取全部所需数据。
[2026-04-07 04:06:51] [SUCCESS] bvid=BV1Nd9NBfEQN 已成功抓取全部所需数据。
[2026-04-07 04:06:56] [SUCCESS] bvid=BV1bD9NBwE1C 已成功抓取全部所需数据。
[2026-04-07 04:07:02] [SUCCESS] bvid=BV1ft9jB2ESe 已成功抓取全部所需数据。
[2026-04-07 04:07:07] [SUCCESS] bvid=BV1NX95BQE46 已成功抓取全部所需数据。
[2026-04-07 04:07:13] [SUCCESS] bvid=BV1Zm9wBiEi6 已成功抓取全部所需数据。
[2026-04-07 04:07:18] [SUCCESS] bvid=BV1JiXZBbEzy 已成功抓取全部所需数据。
[2026-04-07 04:07:23] [SUCCESS] bvid=BV1KPXfBgEqq 已成功抓取全部所需数据。
[2026-04-07 04:07:28] [SUCCESS] bvid=BV1DEXjBfEs6 已成功抓取全部所需数据。
[2026-04-07 04:07:33] [SUCCESS] bvid=BV1YR9pBpE2x 已成功抓取全部所需数据。
[2026-04-07 04:07:38] [SUCCESS] bvid=BV18N9jBaETD 已成功抓取全部所需数据。
[2026-04-07 04:07:44] [SUCCESS] bvid=BV19d9wBcEkq 已成功抓取全部所需数据。
[2026-04-07 04:07:49] [SUCCESS] bvid=BV1uc9WBEEFj 已成功抓取全部所需数据。
[2026-04-07 04:07:54] [SUCCESS] bvid=BV1KM9cBLEfo 已成功抓取全部所需数据。
[2026-04-07 04:07:59] [SUCCESS] bvid=BV1DqXfB2EFE 已成功抓取全部所需数据。
[2026-04-07 04:08:04] [SUCCESS] bvid=BV1f29wBTEcq 已成功抓取全部所需数据。
[2026-04-07 04:08:09] [SUCCESS] bvid=BV1up9wB9ERQ 已成功抓取全部所需数据。
[2026-04-07 04:08:14] [SUCCESS] bvid=BV1a19NBvE3c 已成功抓取全部所需数据。
[2026-04-07 04:08:19] [SUCCESS] bvid=BV1a19NBvEK2 已成功抓取全部所需数据。
[2026-04-07 04:08:24] [SUCCESS] bvid=BV1Dm9NBPEaA 已成功抓取全部所需数据。
[2026-04-07 04:08:29] [SUCCESS] bvid=BV1hm9NBPEys 已成功抓取全部所需数据。
[2026-04-07 04:08:34] [SUCCESS] bvid=BV1tx9wBQESq 已成功抓取全部所需数据。
[2026-04-07 04:08:39] [SUCCESS] bvid=BV12R9NBbECZ 已成功抓取全部所需数据。
[2026-04-07 04:08:44] [SUCCESS] bvid=BV14R9NBbEDm 已成功抓取全部所需数据。
[2026-04-07 04:08:49] [SUCCESS] bvid=BV1bp9wB9ESk 已成功抓取全部所需数据。
[2026-04-07 04:08:55] [SUCCESS] bvid=BV1sd9NBZEmN 已成功抓取全部所需数据。
[2026-04-07 04:09:00] [SUCCESS] bvid=BV1Ss9wBpEH3 已成功抓取全部所需数据。
[2026-04-07 04:09:05] [SUCCESS] bvid=BV1TQ9NBaEo6 已成功抓取全部所需数据。
[2026-04-07 04:09:10] [SUCCESS] bvid=BV1tQ9NBhEgN 已成功抓取全部所需数据。
[2026-04-07 04:09:15] [SUCCESS] bvid=BV1Ms9wBpEQz 已成功抓取全部所需数据。
[2026-04-07 04:09:20] [SUCCESS] bvid=BV1499NBFE7m 已成功抓取全部所需数据。
[2026-04-07 04:09:25] [SUCCESS] bvid=BV1R99wBaEFk 已成功抓取全部所需数据。
[2026-04-07 04:09:30] [SUCCESS] bvid=BV1Av9wB1ESs 已成功抓取全部所需数据。
[2026-04-07 04:09:35] [SUCCESS] bvid=BV1Lj9KB5E1y 已成功抓取全部所需数据。
[2026-04-07 04:09:40] [SUCCESS] bvid=BV18MXyBgEFF 已成功抓取全部所需数据。
[2026-04-07 04:09:44] [SUCCESS] bvid=BV1YB9NBgEDH 已成功抓取全部所需数据。
[2026-04-07 04:09:49] [SUCCESS] bvid=BV1hr9AB8ELT 已成功抓取全部所需数据。
[2026-04-07 04:09:54] [SUCCESS] bvid=BV1vv9NBGE1m 已成功抓取全部所需数据。
[2026-04-07 04:09:59] [SUCCESS] bvid=BV1Vk9NBBExv 已成功抓取全部所需数据。
[2026-04-07 04:10:04] [SUCCESS] bvid=BV1Xy9NBKEat 已成功抓取全部所需数据。
[2026-04-07 04:10:09] [SUCCESS] bvid=BV1439jBtEDb 已成功抓取全部所需数据。
[2026-04-07 04:10:14] [SUCCESS] bvid=BV1Qy9NBKEKb 已成功抓取全部所需数据。
[2026-04-07 04:10:19] [SUCCESS] bvid=BV19r9NBMEkk 已成功抓取全部所需数据。
[2026-04-07 04:10:24] [SUCCESS] bvid=BV1Yz9NBzEqo 已成功抓取全部所需数据。
[2026-04-07 04:10:28] [SUCCESS] bvid=BV1nF9wBzEd5 已成功抓取全部所需数据。
[2026-04-07 04:10:34] [SUCCESS] bvid=BV17M9wBPEEC 已成功抓取全部所需数据。
[2026-04-07 04:10:39] [SUCCESS] bvid=BV1j59KB1EPg 已成功抓取全部所需数据。
[2026-04-07 04:10:44] [SUCCESS] bvid=BV1vX9wBPEE1 已成功抓取全部所需数据。
[2026-04-07 04:10:49] [SUCCESS] bvid=BV17w9FB8Emb 已成功抓取全部所需数据。
[2026-04-07 04:10:54] [SUCCESS] bvid=BV1ZHXBBTEeu 已成功抓取全部所需数据。
[2026-04-07 04:10:59] [SUCCESS] bvid=BV17GXeBoErP 已成功抓取全部所需数据。
[2026-04-07 04:11:05] [SUCCESS] bvid=BV1vsXfBRERV 已成功抓取全部所需数据。
[2026-04-07 04:11:10] [SUCCESS] bvid=BV1Hi9FBTEuF 已成功抓取全部所需数据。
[2026-04-07 04:11:15] [SUCCESS] bvid=BV1tx9wBQEm3 已成功抓取全部所需数据。
[2026-04-07 04:11:20] [SUCCESS] bvid=BV1Cc9KBsEBK 已成功抓取全部所需数据。
[2026-04-07 04:11:25] [SUCCESS] bvid=BV17V9KBjEB4 已成功抓取全部所需数据。
[2026-04-07 04:11:31] [SUCCESS] bvid=BV1qV9KBjELL 已成功抓取全部所需数据。
[2026-04-07 04:11:35] [SUCCESS] bvid=BV15r9NBuEJg 已成功抓取全部所需数据。
[2026-04-07 04:11:40] [SUCCESS] bvid=BV1BV9KBjEiU 已成功抓取全部所需数据。
[2026-04-07 04:11:45] [SUCCESS] bvid=BV1B59KB1Eue 已成功抓取全部所需数据。
[2026-04-07 04:11:50] [SUCCESS] bvid=BV1E39KBmEUg 已成功抓取全部所需数据。
[2026-04-07 04:11:55] [SUCCESS] bvid=BV1E39KBmEoe 已成功抓取全部所需数据。
[2026-04-07 04:12:00] [SUCCESS] bvid=BV1ux9PB8EHy 已成功抓取全部所需数据。
[2026-04-07 04:12:05] [SUCCESS] bvid=BV1Jg9KBEEqL 已成功抓取全部所需数据。
[2026-04-07 04:12:10] [SUCCESS] bvid=BV1Jg9KBEE8w 已成功抓取全部所需数据。
[2026-04-07 04:12:16] [SUCCESS] bvid=BV1LJ9KBGE61 已成功抓取全部所需数据。
[2026-04-07 04:12:21] [SUCCESS] bvid=BV1pg9HBeEaY 已成功抓取全部所需数据。
[2026-04-07 04:12:25] [SUCCESS] bvid=BV1L79KBCE9Z 已成功抓取全部所需数据。
[2026-04-07 04:12:30] [SUCCESS] bvid=BV1Ac9KBxEax 已成功抓取全部所需数据。
[2026-04-07 04:12:36] [SUCCESS] bvid=BV1dh9cBbEFx 已成功抓取全部所需数据。
[2026-04-07 04:12:41] [SUCCESS] bvid=BV1GyXdBLEEY 已成功抓取全部所需数据。
[2026-04-07 04:12:45] [SUCCESS] bvid=BV1QyXdB5Eod 已成功抓取全部所需数据。
[2026-04-07 04:12:50] [SUCCESS] bvid=BV1XyXdB5E5m 已成功抓取全部所需数据。
[2026-04-07 04:13:11] [SUCCESS] bvid=BV1XyXdB5EY4 已成功抓取全部所需数据。
[2026-04-07 04:13:16] [SUCCESS] bvid=BV1sf9NBdEJW 已成功抓取全部所需数据。
[2026-04-07 04:13:21] [SUCCESS] bvid=BV1HT9KBnEKA 已成功抓取全部所需数据。
[2026-04-07 04:13:26] [SUCCESS] bvid=BV11NXfBBEWv 已成功抓取全部所需数据。
[2026-04-07 04:13:31] [SUCCESS] bvid=BV12K9cB1ELs 已成功抓取全部所需数据。
[2026-04-07 04:13:36] [SUCCESS] bvid=BV11U9WBLEm7 已成功抓取全部所需数据。
[2026-04-07 04:13:40] [SUCCESS] bvid=BV18nXjBtEJ5 已成功抓取全部所需数据。
[2026-04-07 04:13:45] [SUCCESS] bvid=BV1Df9FBnEVm 已成功抓取全部所需数据。
[2026-04-07 04:13:50] [SUCCESS] bvid=BV1ux9PB8EsD 已成功抓取全部所需数据。
[2026-04-07 04:13:55] [SUCCESS] bvid=BV1AB9PBHE1q 已成功抓取全部所需数据。
[2026-04-07 04:14:00] [SUCCESS] bvid=BV1nRXfBNEBD 已成功抓取全部所需数据。
[2026-04-07 04:14:00] [INFO] 当前 batch_crawl 已完成，所有视频均已成功抓取。
[2026-04-07 04:14:00] 子任务结束时间：2026-04-07T04:14:00.536517
[TIMESTAMP][END] 2026-04-07T04:14:00
