[TIMESTAMP][BEGIN] 2026-04-06T22:38:39
[2026-04-06 22:38:42] 开始执行 CSV 批量抓取子任务 part_1。
[2026-04-06 22:38:42] 子任务开始时间：2026-04-06T22:38:39.133631
[2026-04-06 22:38:42] 输入文件：batch_input_1.csv
[2026-04-06 22:38:42] 输入唯一 bvid 数量：100
[2026-04-06 22:38:42] 为严格按 CSV 顺序判断连续失败阈值，本次任务自动将并发度从 2 调整为 1。
[2026-04-06 22:38:50] [SUCCESS] bvid=BV1dRSoB1EXK 已成功抓取全部所需数据。
[2026-04-06 22:38:57] [SUCCESS] bvid=BV17w9FB8Eb7 已成功抓取全部所需数据。
[2026-04-06 22:49:08] [ERROR] bvid=BV1yBSoB4EGh 抓取失败：stat: Timeout of 600.0s exceeded, last exception: HTTPSConnectionPool(host='bigquery.googleapis.com', port=443): Max retries exceeded with url: /bigquery/v2/projects/bilibili-m2s2vp-research/datasets/bili_video_stream_data_test_2?prettyPrint=false (Caused by ProxyError('Unable to connect to proxy', RemoteDisconnected('Remote end closed connection without response')))
[2026-04-06 22:49:28] [SUCCESS] bvid=BV12eSoBFEsK 已成功抓取全部所需数据。
[2026-04-06 22:49:47] [SUCCESS] bvid=BV1kkSoB9Eo2 已成功抓取全部所需数据。
[2026-04-06 22:50:01] [SUCCESS] bvid=BV1szSoBoExa 已成功抓取全部所需数据。
[2026-04-06 22:50:07] [SUCCESS] bvid=BV1CzSoBdE4J 已成功抓取全部所需数据。
[2026-04-06 22:50:14] [SUCCESS] bvid=BV1PrSoBxEGr 已成功抓取全部所需数据。
[2026-04-06 22:50:20] [SUCCESS] bvid=BV1ArSoBxEkU 已成功抓取全部所需数据。
[2026-04-06 22:50:26] [SUCCESS] bvid=BV1PrSoBxEuw 已成功抓取全部所需数据。
[2026-04-06 22:50:32] [SUCCESS] bvid=BV1bVSZBYEAH 已成功抓取全部所需数据。
[2026-04-06 22:50:33] [ERROR] bvid=BV12LSZBwEpg 抓取失败：stat: 接口返回错误代码：62002，信息：稿件不可见。
{'code': 62002, 'message': '稿件不可见', 'ttl': 1} | comment: 接口返回错误代码：62002，信息：稿件不可见。
{'code': 62002, 'message': '稿件不可见', 'ttl': 1}
[2026-04-06 22:50:39] [SUCCESS] bvid=BV1tLSZBwEg9 已成功抓取全部所需数据。
[2026-04-06 22:50:45] [SUCCESS] bvid=BV14LSZBwEZP 已成功抓取全部所需数据。
[2026-04-06 22:50:51] [SUCCESS] bvid=BV1bgSZBvEHx 已成功抓取全部所需数据。
[2026-04-06 22:50:57] [SUCCESS] bvid=BV1UGSZBPEMk 已成功抓取全部所需数据。
[2026-04-06 22:51:02] [SUCCESS] bvid=BV1xJSZBbENM 已成功抓取全部所需数据。
[2026-04-06 22:51:08] [SUCCESS] bvid=BV1WJSZBbEDe 已成功抓取全部所需数据。
[2026-04-06 22:51:14] [SUCCESS] bvid=BV1snSZBZENV 已成功抓取全部所需数据。
[2026-04-06 22:51:20] [SUCCESS] bvid=BV1C3SQB6EC8 已成功抓取全部所需数据。
[2026-04-06 22:51:27] [SUCCESS] bvid=BV1eZSoBCEqG 已成功抓取全部所需数据。
[2026-04-06 22:51:32] [SUCCESS] bvid=BV1aASZBgEhu 已成功抓取全部所需数据。
[2026-04-06 22:51:38] [SUCCESS] bvid=BV1iZSoBCE7g 已成功抓取全部所需数据。
[2026-04-06 22:51:44] [SUCCESS] bvid=BV1vZSoBCEeE 已成功抓取全部所需数据。
[2026-04-06 22:51:50] [SUCCESS] bvid=BV1eFSZBGExB 已成功抓取全部所需数据。
[2026-04-06 22:51:56] [SUCCESS] bvid=BV1QTSZBqEKW 已成功抓取全部所需数据。
[2026-04-06 22:52:02] [SUCCESS] bvid=BV1xVSdBREvw 已成功抓取全部所需数据。
[2026-04-06 22:52:09] [SUCCESS] bvid=BV1QPSZBzEfs 已成功抓取全部所需数据。
[2026-04-06 22:52:15] [SUCCESS] bvid=BV1YPSZBzEs2 已成功抓取全部所需数据。
[2026-04-06 22:52:22] [SUCCESS] bvid=BV1aKSZBMELE 已成功抓取全部所需数据。
[2026-04-06 22:52:29] [SUCCESS] bvid=BV1LBSZBjEt1 已成功抓取全部所需数据。
[2026-04-06 22:52:35] [SUCCESS] bvid=BV1VySZBGEGc 已成功抓取全部所需数据。
[2026-04-06 22:52:41] [SUCCESS] bvid=BV131SZBrEjT 已成功抓取全部所需数据。
[2026-04-06 22:52:48] [SUCCESS] bvid=BV1iiSZBmED1 已成功抓取全部所需数据。
[2026-04-06 22:52:53] [SUCCESS] bvid=BV17iSZBmEnb 已成功抓取全部所需数据。
[2026-04-06 22:52:59] [SUCCESS] bvid=BV1eySZBGEPV 已成功抓取全部所需数据。
[2026-04-06 22:53:06] [SUCCESS] bvid=BV16HDNB3EnS 已成功抓取全部所需数据。
[2026-04-06 22:53:11] [SUCCESS] bvid=BV1Bw9FB8EQb 已成功抓取全部所需数据。
[2026-04-06 22:53:18] [SUCCESS] bvid=BV1Q1SZBrEBR 已成功抓取全部所需数据。
[2026-04-06 22:53:24] [SUCCESS] bvid=BV131SZBrELC 已成功抓取全部所需数据。
[2026-04-06 22:53:30] [SUCCESS] bvid=BV1vrSZB5EJi 已成功抓取全部所需数据。
[2026-04-06 22:53:36] [SUCCESS] bvid=BV1vrSZB5E6Y 已成功抓取全部所需数据。
[2026-04-06 22:53:42] [SUCCESS] bvid=BV1i9SRBBE4J 已成功抓取全部所需数据。
[2026-04-06 22:53:48] [SUCCESS] bvid=BV1erSZB5EFA 已成功抓取全部所需数据。
[2026-04-06 22:53:53] [SUCCESS] bvid=BV1LrSZB5Ewu 已成功抓取全部所需数据。
[2026-04-06 22:53:59] [SUCCESS] bvid=BV15kSZBCEtY 已成功抓取全部所需数据。
[2026-04-06 22:54:05] [SUCCESS] bvid=BV1nxSZBsEQH 已成功抓取全部所需数据。
[2026-04-06 22:54:11] [SUCCESS] bvid=BV1HxSZBxEb8 已成功抓取全部所需数据。
[2026-04-06 22:54:17] [SUCCESS] bvid=BV1nxSZBsE6N 已成功抓取全部所需数据。
[2026-04-06 22:54:23] [SUCCESS] bvid=BV1cxSZBxEq4 已成功抓取全部所需数据。
[2026-04-06 22:54:29] [SUCCESS] bvid=BV1nxSZBsEi6 已成功抓取全部所需数据。
[2026-04-06 22:54:35] [SUCCESS] bvid=BV1nxSZBsEvm 已成功抓取全部所需数据。
[2026-04-06 22:54:41] [SUCCESS] bvid=BV1rxSZBsErs 已成功抓取全部所需数据。
[2026-04-06 22:54:47] [SUCCESS] bvid=BV1n4SZB9Eue 已成功抓取全部所需数据。
[2026-04-06 22:54:52] [SUCCESS] bvid=BV1F4SZBREfB 已成功抓取全部所需数据。
[2026-04-06 22:54:58] [SUCCESS] bvid=BV1J4SZB9EWk 已成功抓取全部所需数据。
[2026-04-06 22:55:04] [SUCCESS] bvid=BV164SZB9ESs 已成功抓取全部所需数据。
[2026-04-06 22:55:09] [SUCCESS] bvid=BV1n4SZB9Egm 已成功抓取全部所需数据。
[2026-04-06 22:55:16] [SUCCESS] bvid=BV1J4SZB9ExP 已成功抓取全部所需数据。
[2026-04-06 22:55:22] [SUCCESS] bvid=BV1n4SZB9EGS 已成功抓取全部所需数据。
[2026-04-06 22:55:28] [SUCCESS] bvid=BV1ppSZB4Eph 已成功抓取全部所需数据。
[2026-04-06 22:55:34] [SUCCESS] bvid=BV1ppSZB4Etx 已成功抓取全部所需数据。
[2026-04-06 22:55:40] [SUCCESS] bvid=BV1ppSZB4EuN 已成功抓取全部所需数据。
[2026-04-06 22:55:46] [SUCCESS] bvid=BV1ppSZBtEcP 已成功抓取全部所需数据。
[2026-04-06 22:56:05] [SUCCESS] bvid=BV1ppSZB4EcP 已成功抓取全部所需数据。
[2026-04-06 22:56:23] [SUCCESS] bvid=BV1ppSZB4En7 已成功抓取全部所需数据。
[2026-04-06 22:56:42] [SUCCESS] bvid=BV1CpSZB4ETm 已成功抓取全部所需数据。
[2026-04-06 22:57:00] [SUCCESS] bvid=BV1ppSZB4E8C 已成功抓取全部所需数据。
[2026-04-06 22:57:18] [SUCCESS] bvid=BV1HWSZBdEvh 已成功抓取全部所需数据。
[2026-04-06 22:57:31] [SUCCESS] bvid=BV1nWSZBdEUy 已成功抓取全部所需数据。
[2026-04-06 22:57:37] [SUCCESS] bvid=BV1HWSZBdErM 已成功抓取全部所需数据。
[2026-04-06 22:57:43] [SUCCESS] bvid=BV1pWSZBdEq8 已成功抓取全部所需数据。
[2026-04-06 22:57:48] [SUCCESS] bvid=BV1HWSZBdE7D 已成功抓取全部所需数据。
[2026-04-06 22:57:55] [SUCCESS] bvid=BV1HWSZBdEke 已成功抓取全部所需数据。
[2026-04-06 22:58:01] [SUCCESS] bvid=BV1cWSZBRE2R 已成功抓取全部所需数据。
[2026-04-06 22:58:07] [SUCCESS] bvid=BV17aSZBnErC 已成功抓取全部所需数据。
[2026-04-06 22:58:14] [SUCCESS] bvid=BV1cCSRBjEY7 已成功抓取全部所需数据。
[2026-04-06 22:58:21] [SUCCESS] bvid=BV1rCSRBLEto 已成功抓取全部所需数据。
[2026-04-06 22:58:27] [SUCCESS] bvid=BV1mnSDByECV 已成功抓取全部所需数据。
[2026-04-06 22:58:34] [SUCCESS] bvid=BV1cySRB1ENq 已成功抓取全部所需数据。
[2026-04-06 22:58:40] [SUCCESS] bvid=BV1jXSRBgEdz 已成功抓取全部所需数据。
[2026-04-06 22:58:46] [SUCCESS] bvid=BV1iDSRB6EYU 已成功抓取全部所需数据。
[2026-04-06 22:58:52] [SUCCESS] bvid=BV1qDSRB6Epn 已成功抓取全部所需数据。
[2026-04-06 22:58:58] [SUCCESS] bvid=BV12aSRBXEKA 已成功抓取全部所需数据。
[2026-04-06 22:59:05] [SUCCESS] bvid=BV1yvSRBDEae 已成功抓取全部所需数据。
[2026-04-06 22:59:11] [SUCCESS] bvid=BV1CvSRBDEbC 已成功抓取全部所需数据。
[2026-04-06 22:59:17] [SUCCESS] bvid=BV1yvSRBDEoV 已成功抓取全部所需数据。
[2026-04-06 22:59:23] [SUCCESS] bvid=BV11hSRBWESF 已成功抓取全部所需数据。
[2026-04-06 22:59:29] [SUCCESS] bvid=BV12aSRBXEws 已成功抓取全部所需数据。
[2026-04-06 22:59:35] [SUCCESS] bvid=BV1KaSRB9EKA 已成功抓取全部所需数据。
[2026-04-06 22:59:41] [SUCCESS] bvid=BV1r6SRB7Eio 已成功抓取全部所需数据。
[2026-04-06 22:59:47] [SUCCESS] bvid=BV1rrSRB2ESD 已成功抓取全部所需数据。
[2026-04-06 22:59:53] [SUCCESS] bvid=BV1YoSRBiE4J 已成功抓取全部所需数据。
[2026-04-06 22:59:59] [SUCCESS] bvid=BV1CBSRBUE7m 已成功抓取全部所需数据。
[2026-04-06 23:00:06] [SUCCESS] bvid=BV1zpDNB6EE6 已成功抓取全部所需数据。
[2026-04-06 23:00:12] [SUCCESS] bvid=BV1kBSRBUEJw 已成功抓取全部所需数据。
[2026-04-06 23:00:19] [SUCCESS] bvid=BV1ABSRBSEWK 已成功抓取全部所需数据。
[2026-04-06 23:00:25] [SUCCESS] bvid=BV1WBSRBSEVi 已成功抓取全部所需数据。
[2026-04-06 23:00:31] [SUCCESS] bvid=BV1KgSdBZELv 已成功抓取全部所需数据。
[2026-04-06 23:00:37] [SUCCESS] bvid=BV1tgSdBoEnZ 已成功抓取全部所需数据。
[2026-04-06 23:00:37] [WARN] 当前子任务已结束，但仍有未成功抓取的视频，已导出 remaining CSV 供继续执行。
[2026-04-06 23:00:37] [INFO] 已导出剔除成功条目后的剩余 CSV：D:\Schoolworks\Thesis\Bilibili-Datahub\outputs\video_data\manual_crawls\manual_crawl_stat_comment_20260406_223825\remaining_bvids_part_1.csv
[2026-04-06 23:00:37] 子任务结束时间：2026-04-06T23:00:37.938128
[TIMESTAMP][END] 2026-04-06T23:00:37
