[TIMESTAMP][BEGIN] 2026-04-07T01:04:24
[2026-04-07 01:04:26] 开始执行 CSV 批量抓取子任务 part_13。
[2026-04-07 01:04:26] 子任务开始时间：2026-04-07T01:04:24.233167
[2026-04-07 01:04:26] 输入文件：batch_input_13.csv
[2026-04-07 01:04:26] 输入唯一 bvid 数量：100
[2026-04-07 01:04:26] 为严格按 CSV 顺序判断连续失败阈值，本次任务自动将并发度从 2 调整为 1。
[2026-04-07 01:04:32] [SUCCESS] bvid=BV1RJDMBuE1R 已成功抓取全部所需数据。
[2026-04-07 01:04:37] [SUCCESS] bvid=BV1XvDNBhEiH 已成功抓取全部所需数据。
[2026-04-07 01:04:43] [SUCCESS] bvid=BV19qDNBFE8H 已成功抓取全部所需数据。
[2026-04-07 01:04:49] [SUCCESS] bvid=BV1XqDNBFEue 已成功抓取全部所需数据。
[2026-04-07 01:04:54] [SUCCESS] bvid=BV1VqDNBcEqE 已成功抓取全部所需数据。
[2026-04-07 01:05:00] [SUCCESS] bvid=BV1YqDNBcEH9 已成功抓取全部所需数据。
[2026-04-07 01:05:05] [SUCCESS] bvid=BV1gq9gBjEao 已成功抓取全部所需数据。
[2026-04-07 01:05:10] [SUCCESS] bvid=BV19aDNBYE8K 已成功抓取全部所需数据。
[2026-04-07 01:05:16] [SUCCESS] bvid=BV1RaDNBYETP 已成功抓取全部所需数据。
[2026-04-07 01:05:21] [SUCCESS] bvid=BV1XeDNBwE2w 已成功抓取全部所需数据。
[2026-04-07 01:05:26] [SUCCESS] bvid=BV1SrDNB4EqN 已成功抓取全部所需数据。
[2026-04-07 01:05:32] [SUCCESS] bvid=BV1ReDNBwErN 已成功抓取全部所需数据。
[2026-04-07 01:05:37] [SUCCESS] bvid=BV1ukDNBoEHK 已成功抓取全部所需数据。
[2026-04-07 01:05:42] [SUCCESS] bvid=BV1QBDNBbEsX 已成功抓取全部所需数据。
[2026-04-07 01:05:48] [SUCCESS] bvid=BV1GBDNB8EXZ 已成功抓取全部所需数据。
[2026-04-07 01:05:54] [SUCCESS] bvid=BV1QzDNBZE43 已成功抓取全部所需数据。
[2026-04-07 01:06:00] [SUCCESS] bvid=BV1VBDNB8EjH 已成功抓取全部所需数据。
[2026-04-07 01:06:06] [SUCCESS] bvid=BV1DBDNBbEv6 已成功抓取全部所需数据。
[2026-04-07 01:06:11] [SUCCESS] bvid=BV1VBDNB8ETf 已成功抓取全部所需数据。
[2026-04-07 01:06:17] [SUCCESS] bvid=BV1YBDNB8ELk 已成功抓取全部所需数据。
[2026-04-07 01:06:22] [SUCCESS] bvid=BV1QzDNBZERh 已成功抓取全部所需数据。
[2026-04-07 01:06:28] [SUCCESS] bvid=BV1cJDNBkENv 已成功抓取全部所需数据。
[2026-04-07 01:06:34] [SUCCESS] bvid=BV1kn9NBQEH4 已成功抓取全部所需数据。
[2026-04-07 01:06:39] [SUCCESS] bvid=BV1ks9TBoE6X 已成功抓取全部所需数据。
[2026-04-07 01:06:45] [SUCCESS] bvid=BV1FpDNB6EQm 已成功抓取全部所需数据。
[2026-04-07 01:06:51] [SUCCESS] bvid=BV17sDNBuEaF 已成功抓取全部所需数据。
[2026-04-07 01:06:57] [SUCCESS] bvid=BV1m2DABLEVQ 已成功抓取全部所需数据。
[2026-04-07 01:07:02] [SUCCESS] bvid=BV1XjDKBYEqU 已成功抓取全部所需数据。
[2026-04-07 01:07:08] [SUCCESS] bvid=BV1fsDNBMETL 已成功抓取全部所需数据。
[2026-04-07 01:17:14] [SUCCESS] bvid=BV1rJDNBkEPm 已成功抓取全部所需数据。
[2026-04-07 01:17:20] [SUCCESS] bvid=BV1wJDNBkELd 已成功抓取全部所需数据。
[2026-04-07 01:17:26] [SUCCESS] bvid=BV1apDKBbEF3 已成功抓取全部所需数据。
[2026-04-07 01:17:32] [SUCCESS] bvid=BV1RhDNBPEBu 已成功抓取全部所需数据。
[2026-04-07 01:17:37] [SUCCESS] bvid=BV1tbDKBsEsQ 已成功抓取全部所需数据。
[2026-04-07 01:17:43] [SUCCESS] bvid=BV1ExDNBBEBg 已成功抓取全部所需数据。
[2026-04-07 01:17:48] [SUCCESS] bvid=BV1jxDNBBEUi 已成功抓取全部所需数据。
[2026-04-07 01:17:54] [SUCCESS] bvid=BV1rFDKB5EjB 已成功抓取全部所需数据。
[2026-04-07 01:17:59] [SUCCESS] bvid=BV1kZDNB1Eou 已成功抓取全部所需数据。
[2026-04-07 01:18:05] [SUCCESS] bvid=BV1qKDKBgErz 已成功抓取全部所需数据。
[2026-04-07 01:18:10] [SUCCESS] bvid=BV1wZDNB2EYT 已成功抓取全部所需数据。
[2026-04-07 01:18:10] [ERROR] bvid=BV1EKDKB3EbE 抓取失败：stat: 接口返回错误代码：62002，信息：稿件不可见。
{'code': 62002, 'message': '稿件不可见', 'ttl': 1} | comment: 接口返回错误代码：62002，信息：稿件不可见。
{'code': 62002, 'message': '稿件不可见', 'ttl': 1}
[2026-04-07 01:18:16] [SUCCESS] bvid=BV1fTDKBzENQ 已成功抓取全部所需数据。
[2026-04-07 01:18:21] [SUCCESS] bvid=BV1qTDKBzEi8 已成功抓取全部所需数据。
[2026-04-07 01:18:26] [SUCCESS] bvid=BV1FADKBVEQH 已成功抓取全部所需数据。
[2026-04-07 01:18:32] [SUCCESS] bvid=BV1Kr9gBCE67 已成功抓取全部所需数据。
[2026-04-07 01:18:38] [SUCCESS] bvid=BV1zADKBGE6V 已成功抓取全部所需数据。
[2026-04-07 01:18:43] [SUCCESS] bvid=BV1zPDKBkEjb 已成功抓取全部所需数据。
[2026-04-07 01:18:49] [SUCCESS] bvid=BV1hP9NBeEC1 已成功抓取全部所需数据。
[2026-04-07 01:18:54] [SUCCESS] bvid=BV13tXCBBE3D 已成功抓取全部所需数据。
[2026-04-07 01:18:59] [SUCCESS] bvid=BV1myDAB2Es5 已成功抓取全部所需数据。
[2026-04-07 01:19:05] [SUCCESS] bvid=BV1zPDKBrEcJ 已成功抓取全部所需数据。
[2026-04-07 01:19:10] [SUCCESS] bvid=BV1fPDKBrEHB 已成功抓取全部所需数据。
[2026-04-07 01:19:15] [SUCCESS] bvid=BV1mmDNBpEmG 已成功抓取全部所需数据。
[2026-04-07 01:19:21] [SUCCESS] bvid=BV1mmDNBpEpY 已成功抓取全部所需数据。
[2026-04-07 01:19:27] [SUCCESS] bvid=BV12UDNBXE1z 已成功抓取全部所需数据。
[2026-04-07 01:19:32] [SUCCESS] bvid=BV1uyDNBxEZK 已成功抓取全部所需数据。
[2026-04-07 01:19:38] [SUCCESS] bvid=BV1UyDNBsEts 已成功抓取全部所需数据。
[2026-04-07 01:19:43] [SUCCESS] bvid=BV1gyDNBxEF9 已成功抓取全部所需数据。
[2026-04-07 01:19:49] [SUCCESS] bvid=BV1SyDNBsELT 已成功抓取全部所需数据。
[2026-04-07 01:19:55] [SUCCESS] bvid=BV1u1DNBREcm 已成功抓取全部所需数据。
[2026-04-07 01:20:00] [SUCCESS] bvid=BV1b4DKBdEUx 已成功抓取全部所需数据。
[2026-04-07 01:20:05] [SUCCESS] bvid=BV1y9DNBEEhj 已成功抓取全部所需数据。
[2026-04-07 01:20:10] [SUCCESS] bvid=BV1WRDNBUEsT 已成功抓取全部所需数据。
[2026-04-07 01:20:16] [SUCCESS] bvid=BV1CRDNBmE4B 已成功抓取全部所需数据。
[2026-04-07 01:20:21] [SUCCESS] bvid=BV1bWDKBZEzP 已成功抓取全部所需数据。
[2026-04-07 01:20:27] [SUCCESS] bvid=BV1DWDKBZEPP 已成功抓取全部所需数据。
[2026-04-07 01:20:32] [SUCCESS] bvid=BV1mxDKB4Emh 已成功抓取全部所需数据。
[2026-04-07 01:20:37] [SUCCESS] bvid=BV1txDKB4EEm 已成功抓取全部所需数据。
[2026-04-07 01:20:42] [SUCCESS] bvid=BV18xDKB4EMv 已成功抓取全部所需数据。
[2026-04-07 01:20:47] [SUCCESS] bvid=BV17QDKBzEnZ 已成功抓取全部所需数据。
[2026-04-07 01:20:52] [SUCCESS] bvid=BV1hpDKBbESX 已成功抓取全部所需数据。
[2026-04-07 01:20:58] [SUCCESS] bvid=BV1XHDKBFEGG 已成功抓取全部所需数据。
[2026-04-07 01:23:04] [SUCCESS] bvid=BV1x8DKB9EC7 已成功抓取全部所需数据。
[2026-04-07 01:23:10] [SUCCESS] bvid=BV1hpDKBbEbT 已成功抓取全部所需数据。
[2026-04-07 01:23:15] [SUCCESS] bvid=BV1x8DKB9ECm 已成功抓取全部所需数据。
[2026-04-07 01:23:20] [SUCCESS] bvid=BV1m8DKB9E8J 已成功抓取全部所需数据。
[2026-04-07 01:23:26] [SUCCESS] bvid=BV148DKB9ECZ 已成功抓取全部所需数据。
[2026-04-07 01:23:31] [SUCCESS] bvid=BV1t4DKBdETS 已成功抓取全部所需数据。
[2026-04-07 01:23:36] [SUCCESS] bvid=BV14aDKBpEpN 已成功抓取全部所需数据。
[2026-04-07 01:23:41] [SUCCESS] bvid=BV1H99gBvEGz 已成功抓取全部所需数据。
[2026-04-07 01:23:46] [SUCCESS] bvid=BV1z1DKBCEYC 已成功抓取全部所需数据。
[2026-04-07 01:23:52] [SUCCESS] bvid=BV1saDKBpEtV 已成功抓取全部所需数据。
[2026-04-07 01:23:57] [SUCCESS] bvid=BV14bDKBsExQ 已成功抓取全部所需数据。
[2026-04-07 01:24:02] [SUCCESS] bvid=BV1bbDKBsETo 已成功抓取全部所需数据。
[2026-04-07 01:34:08] [SUCCESS] bvid=BV1YSDwBsEPF 已成功抓取全部所需数据。
[2026-04-07 01:34:13] [SUCCESS] bvid=BV1oGDKBKEnU 已成功抓取全部所需数据。
[2026-04-07 01:34:19] [SUCCESS] bvid=BV1LVDKBiEKN 已成功抓取全部所需数据。
[2026-04-07 01:34:24] [SUCCESS] bvid=BV1XjDKBYEo6 已成功抓取全部所需数据。
[2026-04-07 01:34:30] [SUCCESS] bvid=BV1BuDKBMEJE 已成功抓取全部所需数据。
[2026-04-07 01:34:35] [SUCCESS] bvid=BV1ZuDKBMEYd 已成功抓取全部所需数据。
[2026-04-07 01:34:36] [ERROR] bvid=BV1igDKBqEcB 抓取失败：stat: 接口返回错误代码：62002，信息：稿件不可见。
{'code': 62002, 'message': '稿件不可见', 'ttl': 1} | comment: 接口返回错误代码：62002，信息：稿件不可见。
{'code': 62002, 'message': '稿件不可见', 'ttl': 1}
[2026-04-07 01:34:41] [SUCCESS] bvid=BV1iuDKBME5C 已成功抓取全部所需数据。
[2026-04-07 01:34:47] [SUCCESS] bvid=BV1hJDKBhEon 已成功抓取全部所需数据。
[2026-04-07 01:34:52] [SUCCESS] bvid=BV1vgDKBqEYd 已成功抓取全部所需数据。
[2026-04-07 01:34:57] [SUCCESS] bvid=BV1igDKBqEUM 已成功抓取全部所需数据。
[2026-04-07 01:35:02] [SUCCESS] bvid=BV1qgDKBqEvj 已成功抓取全部所需数据。
[2026-04-07 01:35:08] [SUCCESS] bvid=BV1igDKBqEDD 已成功抓取全部所需数据。
[2026-04-07 01:35:13] [SUCCESS] bvid=BV1YEDKBwEzH 已成功抓取全部所需数据。
[2026-04-07 01:35:18] [SUCCESS] bvid=BV1aEDKBwEWK 已成功抓取全部所需数据。
[2026-04-07 01:35:24] [SUCCESS] bvid=BV1XJDKBhEiN 已成功抓取全部所需数据。
[2026-04-07 01:35:24] [WARN] 当前子任务已结束，但仍有未成功抓取的视频，已导出 remaining CSV 供继续执行。
[2026-04-07 01:35:24] [INFO] 已导出剔除成功条目后的剩余 CSV：D:\Schoolworks\Thesis\Bilibili-Datahub\outputs\video_data\manual_crawls\manual_crawl_stat_comment_20260406_223825\remaining_bvids_part_13.csv
[2026-04-07 01:35:24] 子任务结束时间：2026-04-07T01:35:24.448322
[TIMESTAMP][END] 2026-04-07T01:35:24
