[TIMESTAMP][BEGIN] 2026-04-07T07:42:42
[2026-04-07 07:42:45] 开始执行 CSV 批量抓取子任务 part_48。
[2026-04-07 07:42:45] 子任务开始时间：2026-04-07T07:42:42.878027
[2026-04-07 07:42:45] 输入文件：batch_input_48.csv
[2026-04-07 07:42:45] 输入唯一 bvid 数量：100
[2026-04-07 07:42:45] 为严格按 CSV 顺序判断连续失败阈值，本次任务自动将并发度从 2 调整为 1。
[2026-04-07 07:42:50] [SUCCESS] bvid=BV1VGXzBAEpj 已成功抓取全部所需数据。
[2026-04-07 07:42:55] [SUCCESS] bvid=BV1YZXrBuEz1 已成功抓取全部所需数据。
[2026-04-07 07:43:00] [SUCCESS] bvid=BV1RZXrBuETh 已成功抓取全部所需数据。
[2026-04-07 07:43:05] [SUCCESS] bvid=BV1YfXrBBEGd 已成功抓取全部所需数据。
[2026-04-07 07:43:10] [SUCCESS] bvid=BV1k6XrBDEEz 已成功抓取全部所需数据。
[2026-04-07 07:43:15] [SUCCESS] bvid=BV1rkXrBJESU 已成功抓取全部所需数据。
[2026-04-07 07:43:21] [SUCCESS] bvid=BV1YfXrBBEhF 已成功抓取全部所需数据。
[2026-04-07 07:43:26] [SUCCESS] bvid=BV16kXrBJEq7 已成功抓取全部所需数据。
[2026-04-07 07:43:31] [SUCCESS] bvid=BV1rkXrBJEva 已成功抓取全部所需数据。
[2026-04-07 07:43:36] [SUCCESS] bvid=BV16kXrBJEAi 已成功抓取全部所需数据。
[2026-04-07 07:43:41] [SUCCESS] bvid=BV1wzXrBpEbA 已成功抓取全部所需数据。
[2026-04-07 07:43:46] [SUCCESS] bvid=BV1rkXrBJEvZ 已成功抓取全部所需数据。
[2026-04-07 07:43:51] [SUCCESS] bvid=BV16kXrBJEka 已成功抓取全部所需数据。
[2026-04-07 07:43:57] [SUCCESS] bvid=BV1HnXkBWE6g 已成功抓取全部所需数据。
[2026-04-07 07:44:02] [SUCCESS] bvid=BV1FCXrBSEyD 已成功抓取全部所需数据。
[2026-04-07 07:44:07] [SUCCESS] bvid=BV1zCXrBUEUy 已成功抓取全部所需数据。
[2026-04-07 07:44:13] [SUCCESS] bvid=BV16CXrBUEMj 已成功抓取全部所需数据。
[2026-04-07 07:44:18] [SUCCESS] bvid=BV1cCXrBSEys 已成功抓取全部所需数据。
[2026-04-07 07:44:23] [SUCCESS] bvid=BV1rCXrBUEPB 已成功抓取全部所需数据。
[2026-04-07 07:44:28] [SUCCESS] bvid=BV1CzXrBHEgz 已成功抓取全部所需数据。
[2026-04-07 07:44:33] [SUCCESS] bvid=BV1AzXrBpEew 已成功抓取全部所需数据。
[2026-04-07 07:44:39] [SUCCESS] bvid=BV1k6XrBDEfK 已成功抓取全部所需数据。
[2026-04-07 07:44:44] [SUCCESS] bvid=BV1f1XrB7EY9 已成功抓取全部所需数据。
[2026-04-07 07:44:49] [SUCCESS] bvid=BV1r6XrBDExx 已成功抓取全部所需数据。
[2026-04-07 07:44:54] [SUCCESS] bvid=BV1zUXrBLE5s 已成功抓取全部所需数据。
[2026-04-07 07:44:59] [SUCCESS] bvid=BV166XrBDED7 已成功抓取全部所需数据。
[2026-04-07 07:45:04] [SUCCESS] bvid=BV1k6XrBDETS 已成功抓取全部所需数据。
[2026-04-07 07:45:10] [SUCCESS] bvid=BV1joXeBoEWw 已成功抓取全部所需数据。
[2026-04-07 07:45:15] [SUCCESS] bvid=BV1crXzBVEw9 已成功抓取全部所需数据。
[2026-04-07 07:45:20] [SUCCESS] bvid=BV1vDXzBKEmh 已成功抓取全部所需数据。
[2026-04-07 07:45:25] [SUCCESS] bvid=BV1VcXHB2Emr 已成功抓取全部所需数据。
[2026-04-07 07:45:30] [SUCCESS] bvid=BV114XzBQE2o 已成功抓取全部所需数据。
[2026-04-07 07:45:36] [SUCCESS] bvid=BV1YoXzBwEmF 已成功抓取全部所需数据。
[2026-04-07 07:45:41] [SUCCESS] bvid=BV1fUXrBLEkZ 已成功抓取全部所需数据。
[2026-04-07 07:45:46] [SUCCESS] bvid=BV1fUXrBLEnU 已成功抓取全部所需数据。
[2026-04-07 07:45:51] [SUCCESS] bvid=BV1BUXrBLE7b 已成功抓取全部所需数据。
[2026-04-07 07:45:56] [SUCCESS] bvid=BV1fUXrBLEFS 已成功抓取全部所需数据。
[2026-04-07 07:46:01] [SUCCESS] bvid=BV1qUXrBLELc 已成功抓取全部所需数据。
[2026-04-07 07:46:07] [SUCCESS] bvid=BV1qSXrByEHg 已成功抓取全部所需数据。
[2026-04-07 07:46:12] [SUCCESS] bvid=BV1z2XrB2EW5 已成功抓取全部所需数据。
[2026-04-07 07:46:17] [SUCCESS] bvid=BV161XrB7E4b 已成功抓取全部所需数据。
[2026-04-07 07:46:22] [SUCCESS] bvid=BV1BSXrBCEMA 已成功抓取全部所需数据。
[2026-04-07 07:46:27] [SUCCESS] bvid=BV1nWXkBHEbp 已成功抓取全部所需数据。
[2026-04-07 07:46:32] [SUCCESS] bvid=BV1rWXkBHEFY 已成功抓取全部所需数据。
[2026-04-07 07:46:37] [SUCCESS] bvid=BV1x8XzBDE2X 已成功抓取全部所需数据。
[2026-04-07 07:46:42] [SUCCESS] bvid=BV1DwX6BZEsP 已成功抓取全部所需数据。
[2026-04-07 07:46:48] [SUCCESS] bvid=BV1CaXzBEEEx 已成功抓取全部所需数据。
[2026-04-07 07:46:53] [SUCCESS] bvid=BV1GLXzBcEVa 已成功抓取全部所需数据。
[2026-04-07 07:46:58] [SUCCESS] bvid=BV1z1XrB7EvJ 已成功抓取全部所需数据。
[2026-04-07 07:47:03] [SUCCESS] bvid=BV1E2XrBmE29 已成功抓取全部所需数据。
[2026-04-07 07:47:08] [SUCCESS] bvid=BV1q1XzBzEnm 已成功抓取全部所需数据。
[2026-04-07 07:47:13] [SUCCESS] bvid=BV1WEXkBREC1 已成功抓取全部所需数据。
[2026-04-07 07:47:18] [SUCCESS] bvid=BV1wpXHBaEeZ 已成功抓取全部所需数据。
[2026-04-07 07:47:23] [SUCCESS] bvid=BV18wX6BZEyE 已成功抓取全部所需数据。
[2026-04-07 07:47:28] [SUCCESS] bvid=BV1CnXkBWE4a 已成功抓取全部所需数据。
[2026-04-07 07:47:33] [SUCCESS] bvid=BV1pEXkBREBY 已成功抓取全部所需数据。
[2026-04-07 07:47:38] [SUCCESS] bvid=BV1AEXkBdEzJ 已成功抓取全部所需数据。
[2026-04-07 07:47:43] [SUCCESS] bvid=BV1YjXzB8ELf 已成功抓取全部所需数据。
[2026-04-07 07:47:49] [SUCCESS] bvid=BV1PEXkBdEHN 已成功抓取全部所需数据。
[2026-04-07 07:47:54] [SUCCESS] bvid=BV1WnXkBWEcQ 已成功抓取全部所需数据。
[2026-04-07 07:47:59] [SUCCESS] bvid=BV1wnXkBsEKC 已成功抓取全部所需数据。
[2026-04-07 07:48:04] [SUCCESS] bvid=BV1rHXkBXEf5 已成功抓取全部所需数据。
[2026-04-07 07:48:09] [SUCCESS] bvid=BV1nLXBB3EnB 已成功抓取全部所需数据。
[2026-04-07 07:48:14] [SUCCESS] bvid=BV1zkXzBrEx6 已成功抓取全部所需数据。
[2026-04-07 07:48:20] [SUCCESS] bvid=BV1gTXkBPEYW 已成功抓取全部所需数据。
[2026-04-07 07:48:25] [SUCCESS] bvid=BV1WLXkBoEUa 已成功抓取全部所需数据。
[2026-04-07 07:48:30] [SUCCESS] bvid=BV11LXkBoERR 已成功抓取全部所需数据。
[2026-04-07 07:48:35] [SUCCESS] bvid=BV1WLXkBoEUn 已成功抓取全部所需数据。
[2026-04-07 07:48:40] [SUCCESS] bvid=BV1yLXkBoEWY 已成功抓取全部所需数据。
[2026-04-07 07:48:46] [SUCCESS] bvid=BV1W7XkBxE8v 已成功抓取全部所需数据。
[2026-04-07 07:48:51] [SUCCESS] bvid=BV164XkBJELF 已成功抓取全部所需数据。
[2026-04-07 07:48:56] [SUCCESS] bvid=BV1hFX6BFECi 已成功抓取全部所需数据。
[2026-04-07 07:49:01] [SUCCESS] bvid=BV1nuXeBfE55 已成功抓取全部所需数据。
[2026-04-07 07:49:06] [SUCCESS] bvid=BV1LrXvBoEvM 已成功抓取全部所需数据。
[2026-04-07 07:49:12] [SUCCESS] bvid=BV1AiXzB2ELe 已成功抓取全部所需数据。
[2026-04-07 07:49:12] [ERROR] bvid=BV1vQXzBiEmW 抓取失败：stat: 接口返回错误代码：62012，信息：62012。
{'code': 62012, 'message': '62012', 'ttl': 1} | comment: 接口返回错误代码：62012，信息：62012。
{'code': 62012, 'message': '62012', 'ttl': 1}
[2026-04-07 07:49:17] [SUCCESS] bvid=BV1tvXoBgEP5 已成功抓取全部所需数据。
[2026-04-07 07:49:22] [SUCCESS] bvid=BV1YBX6BPEMB 已成功抓取全部所需数据。
[2026-04-07 07:49:28] [SUCCESS] bvid=BV1i8XhBmESv 已成功抓取全部所需数据。
[2026-04-07 07:49:33] [SUCCESS] bvid=BV1JWwRzVEzQ 已成功抓取全部所需数据。
[2026-04-07 07:49:38] [SUCCESS] bvid=BV1ggXYBgEWW 已成功抓取全部所需数据。
[2026-04-07 07:49:43] [SUCCESS] bvid=BV14NX6BdEbG 已成功抓取全部所需数据。
[2026-04-07 07:49:49] [SUCCESS] bvid=BV1ScX6BbExS 已成功抓取全部所需数据。
[2026-04-07 07:49:54] [SUCCESS] bvid=BV1ysXvBqEqK 已成功抓取全部所需数据。
[2026-04-07 07:49:59] [SUCCESS] bvid=BV1WPXeBAESW 已成功抓取全部所需数据。
[2026-04-07 07:50:05] [SUCCESS] bvid=BV1VoXzBAETL 已成功抓取全部所需数据。
[2026-04-07 07:50:10] [SUCCESS] bvid=BV1DZXzBhEZH 已成功抓取全部所需数据。
[2026-04-07 07:50:15] [SUCCESS] bvid=BV13LXzBcEkU 已成功抓取全部所需数据。
[2026-04-07 07:50:20] [SUCCESS] bvid=BV1W5X6BSEU6 已成功抓取全部所需数据。
[2026-04-07 07:50:25] [SUCCESS] bvid=BV1H7X6BmE7j 已成功抓取全部所需数据。
[2026-04-07 07:50:31] [SUCCESS] bvid=BV1rvXzBjEdg 已成功抓取全部所需数据。
[2026-04-07 07:50:36] [SUCCESS] bvid=BV1wBXzBLEXh 已成功抓取全部所需数据。
[2026-04-07 07:50:41] [SUCCESS] bvid=BV1qbX6BgEro 已成功抓取全部所需数据。
[2026-04-07 07:50:46] [SUCCESS] bvid=BV1c7X6BUE6w 已成功抓取全部所需数据。
[2026-04-07 07:50:51] [SUCCESS] bvid=BV1s7XkBxEV3 已成功抓取全部所需数据。
[2026-04-07 07:50:57] [SUCCESS] bvid=BV1DFX6BFEZo 已成功抓取全部所需数据。
[2026-04-07 07:51:02] [SUCCESS] bvid=BV16sXkBDEfZ 已成功抓取全部所需数据。
[2026-04-07 07:51:07] [SUCCESS] bvid=BV164XkBJEXh 已成功抓取全部所需数据。
[2026-04-07 07:51:12] [SUCCESS] bvid=BV1bTXkBPE9q 已成功抓取全部所需数据。
[2026-04-07 07:51:18] [SUCCESS] bvid=BV1tMXkBaES3 已成功抓取全部所需数据。
[2026-04-07 07:51:18] [WARN] 当前子任务已结束，但仍有未成功抓取的视频，已导出 remaining CSV 供继续执行。
[2026-04-07 07:51:18] [INFO] 已导出剔除成功条目后的剩余 CSV：D:\Schoolworks\Thesis\Bilibili-Datahub\outputs\video_data\manual_crawls\manual_crawl_stat_comment_20260406_223825\remaining_bvids_part_48.csv
[2026-04-07 07:51:18] 子任务结束时间：2026-04-07T07:51:18.614921
[TIMESTAMP][END] 2026-04-07T07:51:18
