[TIMESTAMP][BEGIN] 2026-04-07T07:04:40
[2026-04-07 07:04:42] 开始执行 CSV 批量抓取子任务 part_44。
[2026-04-07 07:04:42] 子任务开始时间：2026-04-07T07:04:40.100205
[2026-04-07 07:04:42] 输入文件：batch_input_44.csv
[2026-04-07 07:04:42] 输入唯一 bvid 数量：100
[2026-04-07 07:04:42] 为严格按 CSV 顺序判断连续失败阈值，本次任务自动将并发度从 2 调整为 1。
[2026-04-07 07:04:47] [SUCCESS] bvid=BV1tc9GBUEZu 已成功抓取全部所需数据。
[2026-04-07 07:04:52] [SUCCESS] bvid=BV1qy93B8Edt 已成功抓取全部所需数据。
[2026-04-07 07:04:57] [SUCCESS] bvid=BV1FH9GBKEzJ 已成功抓取全部所需数据。
[2026-04-07 07:05:02] [SUCCESS] bvid=BV1JE9GBTEf1 已成功抓取全部所需数据。
[2026-04-07 07:05:07] [SUCCESS] bvid=BV1eb9GB8EDU 已成功抓取全部所需数据。
[2026-04-07 07:05:12] [SUCCESS] bvid=BV1Lb9GB8EFK 已成功抓取全部所需数据。
[2026-04-07 07:05:18] [SUCCESS] bvid=BV1T19GBUEcE 已成功抓取全部所需数据。
[2026-04-07 07:05:23] [SUCCESS] bvid=BV1xU9GB2Eub 已成功抓取全部所需数据。
[2026-04-07 07:05:28] [SUCCESS] bvid=BV1G6XkB6EJ7 已成功抓取全部所需数据。
[2026-04-07 07:05:33] [SUCCESS] bvid=BV1akXkBuENd 已成功抓取全部所需数据。
[2026-04-07 07:05:38] [SUCCESS] bvid=BV1uSXkBeEMC 已成功抓取全部所需数据。
[2026-04-07 07:05:43] [SUCCESS] bvid=BV1MQXkBAEe2 已成功抓取全部所需数据。
[2026-04-07 07:05:48] [SUCCESS] bvid=BV1SUXkBNEZu 已成功抓取全部所需数据。
[2026-04-07 07:05:53] [SUCCESS] bvid=BV1u2XkBiEQe 已成功抓取全部所需数据。
[2026-04-07 07:05:58] [SUCCESS] bvid=BV17hXkB2Ei2 已成功抓取全部所需数据。
[2026-04-07 07:06:03] [SUCCESS] bvid=BV1qYXkBLEsn 已成功抓取全部所需数据。
[2026-04-07 07:06:08] [SUCCESS] bvid=BV1JtXkBUEWo 已成功抓取全部所需数据。
[2026-04-07 07:06:13] [SUCCESS] bvid=BV1dqXkBkELf 已成功抓取全部所需数据。
[2026-04-07 07:06:18] [SUCCESS] bvid=BV1ezXkB3EYH 已成功抓取全部所需数据。
[2026-04-07 07:06:23] [SUCCESS] bvid=BV1xgX6BpEbQ 已成功抓取全部所需数据。
[2026-04-07 07:06:28] [SUCCESS] bvid=BV15eXkByEB1 已成功抓取全部所需数据。
[2026-04-07 07:06:33] [SUCCESS] bvid=BV1QzXkBuEqb 已成功抓取全部所需数据。
[2026-04-07 07:06:38] [SUCCESS] bvid=BV15iXkBVE4m 已成功抓取全部所需数据。
[2026-04-07 07:06:43] [SUCCESS] bvid=BV1tTX6BsEN9 已成功抓取全部所需数据。
[2026-04-07 07:06:48] [SUCCESS] bvid=BV1q9XCBSEpR 已成功抓取全部所需数据。
[2026-04-07 07:06:53] [SUCCESS] bvid=BV15iXkBVEvp 已成功抓取全部所需数据。
[2026-04-07 07:06:59] [SUCCESS] bvid=BV1EMXCBHE9c 已成功抓取全部所需数据。
[2026-04-07 07:07:04] [SUCCESS] bvid=BV1JMXCBHEQ5 已成功抓取全部所需数据。
[2026-04-07 07:07:09] [SUCCESS] bvid=BV1fuXCBSEzv 已成功抓取全部所需数据。
[2026-04-07 07:07:14] [SUCCESS] bvid=BV1kvXzBjEsU 已成功抓取全部所需数据。
[2026-04-07 07:07:19] [SUCCESS] bvid=BV1B9QUBwE6c 已成功抓取全部所需数据。
[2026-04-07 07:07:24] [SUCCESS] bvid=BV1B9XCBSEMn 已成功抓取全部所需数据。
[2026-04-07 07:07:30] [SUCCESS] bvid=BV1W7XkBxEcR 已成功抓取全部所需数据。
[2026-04-07 07:07:35] [SUCCESS] bvid=BV1uhXCBiEzB 已成功抓取全部所需数据。
[2026-04-07 07:07:40] [SUCCESS] bvid=BV1mEXvBrEvg 已成功抓取全部所需数据。
[2026-04-07 07:07:45] [SUCCESS] bvid=BV1FNXCBWEm2 已成功抓取全部所需数据。
[2026-04-07 07:07:50] [SUCCESS] bvid=BV1ZuXCBSE1S 已成功抓取全部所需数据。
[2026-04-07 07:07:55] [SUCCESS] bvid=BV1wNXCBWEgq 已成功抓取全部所需数据。
[2026-04-07 07:08:01] [SUCCESS] bvid=BV1FNXCBWEn3 已成功抓取全部所需数据。
[2026-04-07 07:08:06] [SUCCESS] bvid=BV1FKXCBXE3F 已成功抓取全部所需数据。
[2026-04-07 07:08:11] [SUCCESS] bvid=BV1rKXCBXEJE 已成功抓取全部所需数据。
[2026-04-07 07:08:16] [SUCCESS] bvid=BV1q5XCB7E8K 已成功抓取全部所需数据。
[2026-04-07 07:08:21] [SUCCESS] bvid=BV1PoXkBfEbs 已成功抓取全部所需数据。
[2026-04-07 07:08:27] [SUCCESS] bvid=BV12dXkB8ENn 已成功抓取全部所需数据。
[2026-04-07 07:08:32] [SUCCESS] bvid=BV1soXkBfExn 已成功抓取全部所需数据。
[2026-04-07 07:08:37] [SUCCESS] bvid=BV1WoXkBfEQ1 已成功抓取全部所需数据。
[2026-04-07 07:08:42] [SUCCESS] bvid=BV1NoXkBfE4s 已成功抓取全部所需数据。
[2026-04-07 07:08:47] [SUCCESS] bvid=BV1TXXkBaEdL 已成功抓取全部所需数据。
[2026-04-07 07:08:52] [SUCCESS] bvid=BV1mXXkBaEye 已成功抓取全部所需数据。
[2026-04-07 07:08:58] [SUCCESS] bvid=BV1KRXkBcEMq 已成功抓取全部所需数据。
[2026-04-07 07:09:03] [SUCCESS] bvid=BV1KXXkBaEqJ 已成功抓取全部所需数据。
[2026-04-07 07:09:08] [SUCCESS] bvid=BV1TRXkBcEAm 已成功抓取全部所需数据。
[2026-04-07 07:09:13] [SUCCESS] bvid=BV1HwXCBxE3J 已成功抓取全部所需数据。
[2026-04-07 07:09:18] [SUCCESS] bvid=BV1AwXCBxEY6 已成功抓取全部所需数据。
[2026-04-07 07:09:24] [SUCCESS] bvid=BV1pAXCBREng 已成功抓取全部所需数据。
[2026-04-07 07:09:29] [SUCCESS] bvid=BV1rAXCBREmN 已成功抓取全部所需数据。
[2026-04-07 07:09:35] [SUCCESS] bvid=BV1AAXCBREPB 已成功抓取全部所需数据。
[2026-04-07 07:09:40] [SUCCESS] bvid=BV1wAXCBREYW 已成功抓取全部所需数据。
[2026-04-07 07:09:45] [SUCCESS] bvid=BV1cAXCBREQy 已成功抓取全部所需数据。
[2026-04-07 07:09:51] [SUCCESS] bvid=BV1cAXCBREwX 已成功抓取全部所需数据。
[2026-04-07 07:09:56] [SUCCESS] bvid=BV1NfXkBtEcs 已成功抓取全部所需数据。
[2026-04-07 07:10:01] [SUCCESS] bvid=BV1wFXCBoEXm 已成功抓取全部所需数据。
[2026-04-07 07:10:07] [SUCCESS] bvid=BV1AFXCBoEFk 已成功抓取全部所需数据。
[2026-04-07 07:10:12] [SUCCESS] bvid=BV1M8XCBTE7M 已成功抓取全部所需数据。
[2026-04-07 07:10:17] [SUCCESS] bvid=BV1g4XCBuEtc 已成功抓取全部所需数据。
[2026-04-07 07:10:22] [SUCCESS] bvid=BV1TYXCBNERP 已成功抓取全部所需数据。
[2026-04-07 07:10:27] [SUCCESS] bvid=BV1TYXCBNEnM 已成功抓取全部所需数据。
[2026-04-07 07:10:33] [SUCCESS] bvid=BV1meXCBYEnf 已成功抓取全部所需数据。
[2026-04-07 07:10:38] [SUCCESS] bvid=BV1TeXCBeEgi 已成功抓取全部所需数据。
[2026-04-07 07:10:43] [SUCCESS] bvid=BV1g8XCBTEcG 已成功抓取全部所需数据。
[2026-04-07 07:10:48] [SUCCESS] bvid=BV1D8XCBTEgz 已成功抓取全部所需数据。
[2026-04-07 07:10:53] [SUCCESS] bvid=BV1uhXCBiEit 已成功抓取全部所需数据。
[2026-04-07 07:10:59] [SUCCESS] bvid=BV1ShXCBvEgP 已成功抓取全部所需数据。
[2026-04-07 07:11:04] [SUCCESS] bvid=BV1UhXCBvEmn 已成功抓取全部所需数据。
[2026-04-07 07:11:09] [SUCCESS] bvid=BV1C6XCBbEhV 已成功抓取全部所需数据。
[2026-04-07 07:11:14] [SUCCESS] bvid=BV11zXCBFEMo 已成功抓取全部所需数据。
[2026-04-07 07:11:19] [SUCCESS] bvid=BV1thXCBiEr5 已成功抓取全部所需数据。
[2026-04-07 07:11:24] [SUCCESS] bvid=BV1yzXCBFEY1 已成功抓取全部所需数据。
[2026-04-07 07:11:29] [SUCCESS] bvid=BV1TiXCBAEEy 已成功抓取全部所需数据。
[2026-04-07 07:11:34] [SUCCESS] bvid=BV11iXCBwESg 已成功抓取全部所需数据。
[2026-04-07 07:11:40] [SUCCESS] bvid=BV1yqXCBhEVP 已成功抓取全部所需数据。
[2026-04-07 07:11:45] [SUCCESS] bvid=BV1KqXCBaEdY 已成功抓取全部所需数据。
[2026-04-07 07:11:50] [SUCCESS] bvid=BV1XnXCBGETX 已成功抓取全部所需数据。
[2026-04-07 07:11:55] [SUCCESS] bvid=BV1yqXCBhEVk 已成功抓取全部所需数据。
[2026-04-07 07:12:00] [SUCCESS] bvid=BV1XnXCBGEeM 已成功抓取全部所需数据。
[2026-04-07 07:12:06] [SUCCESS] bvid=BV15HXCBkEKY 已成功抓取全部所需数据。
[2026-04-07 07:12:11] [SUCCESS] bvid=BV19HXCBkEng 已成功抓取全部所需数据。
[2026-04-07 07:12:16] [SUCCESS] bvid=BV1R7XCB5EiM 已成功抓取全部所需数据。
[2026-04-07 07:12:21] [SUCCESS] bvid=BV1d7XCB5EpC 已成功抓取全部所需数据。
[2026-04-07 07:12:26] [SUCCESS] bvid=BV157XCBLEbt 已成功抓取全部所需数据。
[2026-04-07 07:12:32] [SUCCESS] bvid=BV1ujXqBQEvK 已成功抓取全部所需数据。
[2026-04-07 07:12:36] [SUCCESS] bvid=BV1R7XCB5EJW 已成功抓取全部所需数据。
[2026-04-07 07:12:42] [SUCCESS] bvid=BV1Q4XCBMEM4 已成功抓取全部所需数据。
[2026-04-07 07:12:47] [SUCCESS] bvid=BV1S4XCBMEV7 已成功抓取全部所需数据。
[2026-04-07 07:12:52] [SUCCESS] bvid=BV15rXdB7EwS 已成功抓取全部所需数据。
[2026-04-07 07:12:57] [SUCCESS] bvid=BV1mvQUB5E9r 已成功抓取全部所需数据。
[2026-04-07 07:13:02] [SUCCESS] bvid=BV1DjXzBbEEU 已成功抓取全部所需数据。
[2026-04-07 07:13:07] [SUCCESS] bvid=BV1DtXCBqECg 已成功抓取全部所需数据。
[2026-04-07 07:13:12] [SUCCESS] bvid=BV1VWXCB3ENv 已成功抓取全部所需数据。
[2026-04-07 07:13:17] [SUCCESS] bvid=BV1gtXCBBEmS 已成功抓取全部所需数据。
[2026-04-07 07:13:17] [INFO] 当前 batch_crawl 已完成，所有视频均已成功抓取。
[2026-04-07 07:13:17] 子任务结束时间：2026-04-07T07:13:17.665810
[TIMESTAMP][END] 2026-04-07T07:13:17
