[TIMESTAMP][BEGIN] 2026-04-07T02:12:13
[2026-04-07 02:12:15] 开始执行 CSV 批量抓取子任务 part_17。
[2026-04-07 02:12:15] 子任务开始时间：2026-04-07T02:12:13.695184
[2026-04-07 02:12:15] 输入文件：batch_input_17.csv
[2026-04-07 02:12:15] 输入唯一 bvid 数量：100
[2026-04-07 02:12:15] 为严格按 CSV 顺序判断连续失败阈值，本次任务自动将并发度从 2 调整为 1。
[2026-04-07 02:12:21] [SUCCESS] bvid=BV13e9gBEEvN 已成功抓取全部所需数据。
[2026-04-07 02:12:26] [SUCCESS] bvid=BV18v9gBmEcT 已成功抓取全部所需数据。
[2026-04-07 02:12:31] [SUCCESS] bvid=BV1dT93BRE3T 已成功抓取全部所需数据。
[2026-04-07 02:12:36] [SUCCESS] bvid=BV19T93BREZB 已成功抓取全部所需数据。
[2026-04-07 02:12:41] [SUCCESS] bvid=BV1RT93BRE1o 已成功抓取全部所需数据。
[2026-04-07 02:12:46] [SUCCESS] bvid=BV1LT93BdE26 已成功抓取全部所需数据。
[2026-04-07 02:12:52] [SUCCESS] bvid=BV19T93BREt9 已成功抓取全部所需数据。
[2026-04-07 02:12:57] [SUCCESS] bvid=BV1Ru93BWExj 已成功抓取全部所需数据。
[2026-04-07 02:13:02] [SUCCESS] bvid=BV1jP93BZEjB 已成功抓取全部所需数据。
[2026-04-07 02:13:07] [SUCCESS] bvid=BV1jP93BZExk 已成功抓取全部所需数据。
[2026-04-07 02:13:12] [SUCCESS] bvid=BV1oP93BoEmW 已成功抓取全部所需数据。
[2026-04-07 02:13:17] [SUCCESS] bvid=BV1dP93BoEB1 已成功抓取全部所需数据。
[2026-04-07 02:13:22] [SUCCESS] bvid=BV1dK93BxE9H 已成功抓取全部所需数据。
[2026-04-07 02:13:27] [SUCCESS] bvid=BV1DV93BDEeU 已成功抓取全部所需数据。
[2026-04-07 02:13:32] [SUCCESS] bvid=BV1QL93BJE1V 已成功抓取全部所需数据。
[2026-04-07 02:13:37] [SUCCESS] bvid=BV1aV93BQEKt 已成功抓取全部所需数据。
[2026-04-07 02:13:42] [SUCCESS] bvid=BV1XV93BDEHX 已成功抓取全部所需数据。
[2026-04-07 02:13:47] [SUCCESS] bvid=BV1Rg93BXEwR 已成功抓取全部所需数据。
[2026-04-07 02:13:53] [SUCCESS] bvid=BV1XL93BnEnd 已成功抓取全部所需数据。
[2026-04-07 02:13:58] [SUCCESS] bvid=BV1Hd9gBPE1e 已成功抓取全部所需数据。
[2026-04-07 02:14:03] [SUCCESS] bvid=BV1XG93BHE3D 已成功抓取全部所需数据。
[2026-04-07 02:14:08] [SUCCESS] bvid=BV1GG93BpEeV 已成功抓取全部所需数据。
[2026-04-07 02:14:14] [SUCCESS] bvid=BV1Fo9gBYEHc 已成功抓取全部所需数据。
[2026-04-07 02:14:18] [SUCCESS] bvid=BV1j79MBHE3F 已成功抓取全部所需数据。
[2026-04-07 02:14:23] [SUCCESS] bvid=BV1GfXDB8E3E 已成功抓取全部所需数据。
[2026-04-07 02:14:28] [SUCCESS] bvid=BV1cd9gBPE9N 已成功抓取全部所需数据。
[2026-04-07 02:14:33] [SUCCESS] bvid=BV15H9MBUEeM 已成功抓取全部所需数据。
[2026-04-07 02:14:38] [SUCCESS] bvid=BV1wX9gBKE6s 已成功抓取全部所需数据。
[2026-04-07 02:14:43] [SUCCESS] bvid=BV1n99gBvEpj 已成功抓取全部所需数据。
[2026-04-07 02:14:48] [SUCCESS] bvid=BV1H99gBvEVZ 已成功抓取全部所需数据。
[2026-04-07 02:14:53] [SUCCESS] bvid=BV1F99gBvEou 已成功抓取全部所需数据。
[2026-04-07 02:14:58] [SUCCESS] bvid=BV1F99gBvEoo 已成功抓取全部所需数据。
[2026-04-07 02:15:04] [SUCCESS] bvid=BV1w99gBvE1k 已成功抓取全部所需数据。
[2026-04-07 02:15:09] [SUCCESS] bvid=BV1H99gBvE88 已成功抓取全部所需数据。
[2026-04-07 02:15:14] [SUCCESS] bvid=BV1Zc93BfEH5 已成功抓取全部所需数据。
[2026-04-07 02:15:19] [SUCCESS] bvid=BV1fc93BfEwN 已成功抓取全部所需数据。
[2026-04-07 02:15:25] [SUCCESS] bvid=BV1ff9gBcEzU 已成功抓取全部所需数据。
[2026-04-07 02:15:30] [SUCCESS] bvid=BV1EA93BbETh 已成功抓取全部所需数据。
[2026-04-07 02:15:35] [SUCCESS] bvid=BV1ZA93BtEu2 已成功抓取全部所需数据。
[2026-04-07 02:15:41] [SUCCESS] bvid=BV11w9MBaEv4 已成功抓取全部所需数据。
[2026-04-07 02:15:46] [SUCCESS] bvid=BV1fL9MBXEBT 已成功抓取全部所需数据。
[2026-04-07 02:15:51] [SUCCESS] bvid=BV1ff9gBcEBx 已成功抓取全部所需数据。
[2026-04-07 02:15:57] [SUCCESS] bvid=BV1EF93BhEKG 已成功抓取全部所需数据。
[2026-04-07 02:16:02] [SUCCESS] bvid=BV1Ff9gBwEY4 已成功抓取全部所需数据。
[2026-04-07 02:16:07] [SUCCESS] bvid=BV1zF93BhEzF 已成功抓取全部所需数据。
[2026-04-07 02:16:12] [SUCCESS] bvid=BV1eL9sBoEKa 已成功抓取全部所需数据。
[2026-04-07 02:16:17] [SUCCESS] bvid=BV1EF93BhEp1 已成功抓取全部所需数据。
[2026-04-07 02:16:22] [SUCCESS] bvid=BV1zL9MBXEN8 已成功抓取全部所需数据。
[2026-04-07 02:16:27] [SUCCESS] bvid=BV1j79MBHE9v 已成功抓取全部所需数据。
[2026-04-07 02:16:33] [SUCCESS] bvid=BV1B79MBHEuN 已成功抓取全部所需数据。
[2026-04-07 02:16:38] [SUCCESS] bvid=BV1779MBHE4Y 已成功抓取全部所需数据。
[2026-04-07 02:16:43] [SUCCESS] bvid=BV16G9MBREJy 已成功抓取全部所需数据。
[2026-04-07 02:16:48] [SUCCESS] bvid=BV1q79MBHE3m 已成功抓取全部所需数据。
[2026-04-07 02:16:53] [SUCCESS] bvid=BV1E59MBWEhg 已成功抓取全部所需数据。
[2026-04-07 02:16:58] [SUCCESS] bvid=BV1J59MBWEmn 已成功抓取全部所需数据。
[2026-04-07 02:17:04] [SUCCESS] bvid=BV1B59MBWEBG 已成功抓取全部所需数据。
[2026-04-07 02:17:09] [SUCCESS] bvid=BV1J59MBWEDN 已成功抓取全部所需数据。
[2026-04-07 02:17:14] [SUCCESS] bvid=BV1f59MBWEHT 已成功抓取全部所需数据。
[2026-04-07 02:17:20] [SUCCESS] bvid=BV1LH9MBUEn4 已成功抓取全部所需数据。
[2026-04-07 02:17:25] [SUCCESS] bvid=BV1jH9MBUE5c 已成功抓取全部所需数据。
[2026-04-07 02:17:30] [SUCCESS] bvid=BV15H9MBUE6N 已成功抓取全部所需数据。
[2026-04-07 02:17:35] [SUCCESS] bvid=BV1VW9MB7E2S 已成功抓取全部所需数据。
[2026-04-07 02:17:41] [SUCCESS] bvid=BV1p29MBaEbv 已成功抓取全部所需数据。
[2026-04-07 02:17:46] [SUCCESS] bvid=BV1GW9KBzEfM 已成功抓取全部所需数据。
[2026-04-07 02:17:51] [SUCCESS] bvid=BV1qn9MBJEF4 已成功抓取全部所需数据。
[2026-04-07 02:17:56] [SUCCESS] bvid=BV1in9MBJEaj 已成功抓取全部所需数据。
[2026-04-07 02:18:02] [SUCCESS] bvid=BV1WP9MBcEGk 已成功抓取全部所需数据。
[2026-04-07 02:18:07] [SUCCESS] bvid=BV1WN9MB8EBW 已成功抓取全部所需数据。
[2026-04-07 02:18:12] [SUCCESS] bvid=BV1sP9MBcEYF 已成功抓取全部所需数据。
[2026-04-07 02:18:17] [SUCCESS] bvid=BV1kN9MB8ERK 已成功抓取全部所需数据。
[2026-04-07 02:18:23] [SUCCESS] bvid=BV1pN9MB8E15 已成功抓取全部所需数据。
[2026-04-07 02:18:28] [SUCCESS] bvid=BV1AN9MBhE1D 已成功抓取全部所需数据。
[2026-04-07 02:18:33] [SUCCESS] bvid=BV1Hu9MBoEvR 已成功抓取全部所需数据。
[2026-04-07 02:18:38] [SUCCESS] bvid=BV1sN9MB8Euc 已成功抓取全部所需数据。
[2026-04-07 02:18:44] [SUCCESS] bvid=BV1WN9MB8E2E 已成功抓取全部所需数据。
[2026-04-07 02:18:49] [SUCCESS] bvid=BV1hgX5B4EyA 已成功抓取全部所需数据。
[2026-04-07 02:18:54] [SUCCESS] bvid=BV1QM9TBBE6m 已成功抓取全部所需数据。
[2026-04-07 02:18:59] [SUCCESS] bvid=BV1xw9MBaEux 已成功抓取全部所需数据。
[2026-04-07 02:19:04] [SUCCESS] bvid=BV1Kc9MBPE94 已成功抓取全部所需数据。
[2026-04-07 02:19:09] [SUCCESS] bvid=BV1Tc9MBPETx 已成功抓取全部所需数据。
[2026-04-07 02:19:15] [SUCCESS] bvid=BV1yw9MBaEvi 已成功抓取全部所需数据。
[2026-04-07 02:19:20] [SUCCESS] bvid=BV1xw9MBYEJu 已成功抓取全部所需数据。
[2026-04-07 02:19:26] [SUCCESS] bvid=BV1KC9MBeE3C 已成功抓取全部所需数据。
[2026-04-07 02:19:31] [SUCCESS] bvid=BV1Vs9MB2EhS 已成功抓取全部所需数据。
[2026-04-07 02:19:36] [SUCCESS] bvid=BV1Tz9MBTEGQ 已成功抓取全部所需数据。
[2026-04-07 02:19:41] [SUCCESS] bvid=BV1639MBxEN4 已成功抓取全部所需数据。
[2026-04-07 02:19:46] [SUCCESS] bvid=BV1Hf9cBgEKN 已成功抓取全部所需数据。
[2026-04-07 02:19:52] [SUCCESS] bvid=BV1J39MBxEAL 已成功抓取全部所需数据。
[2026-04-07 02:19:57] [SUCCESS] bvid=BV1H39MBxET2 已成功抓取全部所需数据。
[2026-04-07 02:20:03] [SUCCESS] bvid=BV1HK9MBfEUY 已成功抓取全部所需数据。
[2026-04-07 02:20:08] [SUCCESS] bvid=BV1AM9MBbEGR 已成功抓取全部所需数据。
[2026-04-07 02:20:13] [SUCCESS] bvid=BV1Mv9KBwEVB 已成功抓取全部所需数据。
[2026-04-07 02:20:19] [SUCCESS] bvid=BV1K69MBiE6D 已成功抓取全部所需数据。
[2026-04-07 02:20:24] [SUCCESS] bvid=BV1HM9MBtEHg 已成功抓取全部所需数据。
[2026-04-07 02:20:29] [SUCCESS] bvid=BV12k9MBNEtN 已成功抓取全部所需数据。
[2026-04-07 02:20:34] [SUCCESS] bvid=BV1K69MBiEu6 已成功抓取全部所需数据。
[2026-04-07 02:20:39] [SUCCESS] bvid=BV1469MBiECw 已成功抓取全部所需数据。
[2026-04-07 02:20:45] [SUCCESS] bvid=BV1469MBiEzF 已成功抓取全部所需数据。
[2026-04-07 02:20:50] [SUCCESS] bvid=BV1M69MBqEwS 已成功抓取全部所需数据。
[2026-04-07 02:20:55] [SUCCESS] bvid=BV11k9MBNECU 已成功抓取全部所需数据。
[2026-04-07 02:20:55] [INFO] 当前 batch_crawl 已完成，所有视频均已成功抓取。
[2026-04-07 02:20:55] 子任务结束时间：2026-04-07T02:20:55.609975
[TIMESTAMP][END] 2026-04-07T02:20:55
