[TIMESTAMP][BEGIN] 2026-04-07T08:19:31
[2026-04-07 08:19:33] 开始执行 CSV 批量抓取子任务 part_51。
[2026-04-07 08:19:33] 子任务开始时间：2026-04-07T08:19:31.800013
[2026-04-07 08:19:33] 输入文件：batch_input_51.csv
[2026-04-07 08:19:33] 输入唯一 bvid 数量：100
[2026-04-07 08:19:33] 为严格按 CSV 顺序判断连续失败阈值，本次任务自动将并发度从 2 调整为 1。
[2026-04-07 08:19:39] [SUCCESS] bvid=BV1L8X6BzEMj 已成功抓取全部所需数据。
[2026-04-07 08:19:44] [SUCCESS] bvid=BV1ExX6BGELs 已成功抓取全部所需数据。
[2026-04-07 08:19:49] [SUCCESS] bvid=BV1Z4X6BrE9N 已成功抓取全部所需数据。
[2026-04-07 08:19:54] [SUCCESS] bvid=BV17xX6BGEui 已成功抓取全部所需数据。
[2026-04-07 08:19:59] [SUCCESS] bvid=BV1ViX6BvEBU 已成功抓取全部所需数据。
[2026-04-07 08:20:04] [SUCCESS] bvid=BV1qxX6BGE8d 已成功抓取全部所需数据。
[2026-04-07 08:20:09] [SUCCESS] bvid=BV174X6BrEA4 已成功抓取全部所需数据。
[2026-04-07 08:20:14] [SUCCESS] bvid=BV174X6BrEC1 已成功抓取全部所需数据。
[2026-04-07 08:20:19] [SUCCESS] bvid=BV15ZXaBEEuy 已成功抓取全部所需数据。
[2026-04-07 08:20:24] [SUCCESS] bvid=BV1j4X6BrEEz 已成功抓取全部所需数据。
[2026-04-07 08:20:29] [SUCCESS] bvid=BV174X6BrEia 已成功抓取全部所需数据。
[2026-04-07 08:20:34] [SUCCESS] bvid=BV1vvX6BKEFr 已成功抓取全部所需数据。
[2026-04-07 08:20:39] [SUCCESS] bvid=BV1GvX6BKEQB 已成功抓取全部所需数据。
[2026-04-07 08:20:44] [SUCCESS] bvid=BV1YiX6BvEkf 已成功抓取全部所需数据。
[2026-04-07 08:20:50] [SUCCESS] bvid=BV1jaX6BMEP6 已成功抓取全部所需数据。
[2026-04-07 08:20:55] [SUCCESS] bvid=BV1iaX6BMEiT 已成功抓取全部所需数据。
[2026-04-07 08:21:00] [SUCCESS] bvid=BV15YX6BqE6u 已成功抓取全部所需数据。
[2026-04-07 08:21:05] [SUCCESS] bvid=BV1VYX6BqEaD 已成功抓取全部所需数据。
[2026-04-07 08:21:11] [SUCCESS] bvid=BV1vYX6BqEs6 已成功抓取全部所需数据。
[2026-04-07 08:21:17] [SUCCESS] bvid=BV1VSXqBFEtT 已成功抓取全部所需数据。
[2026-04-07 08:21:24] [SUCCESS] bvid=BV1VbXiB9EpY 已成功抓取全部所需数据。
[2026-04-07 08:21:30] [SUCCESS] bvid=BV1NzXeBuECC 已成功抓取全部所需数据。
[2026-04-07 08:21:36] [SUCCESS] bvid=BV1TzXeBuE7g 已成功抓取全部所需数据。
[2026-04-07 08:21:43] [SUCCESS] bvid=BV1mVXYBTEUA 已成功抓取全部所需数据。
[2026-04-07 08:21:49] [SUCCESS] bvid=BV1gYXeBVEFe 已成功抓取全部所需数据。
[2026-04-07 08:21:55] [SUCCESS] bvid=BV1KjXYBKEAX 已成功抓取全部所需数据。
[2026-04-07 08:22:02] [SUCCESS] bvid=BV1RAXqB8EdZ 已成功抓取全部所需数据。
[2026-04-07 08:22:08] [SUCCESS] bvid=BV1cLXBBGEVw 已成功抓取全部所需数据。
[2026-04-07 08:22:13] [SUCCESS] bvid=BV1tcXBBQExu 已成功抓取全部所需数据。
[2026-04-07 08:22:18] [SUCCESS] bvid=BV1YDXqBtEw1 已成功抓取全部所需数据。
[2026-04-07 08:22:23] [SUCCESS] bvid=BV1aDXqBtECB 已成功抓取全部所需数据。
[2026-04-07 08:22:28] [SUCCESS] bvid=BV1eWXeBJE2u 已成功抓取全部所需数据。
[2026-04-07 08:22:34] [SUCCESS] bvid=BV1aDXqBtE2S 已成功抓取全部所需数据。
[2026-04-07 08:22:39] [SUCCESS] bvid=BV1i2XqBcEWu 已成功抓取全部所需数据。
[2026-04-07 08:22:44] [SUCCESS] bvid=BV1hRXqBREr9 已成功抓取全部所需数据。
[2026-04-07 08:22:49] [SUCCESS] bvid=BV1suXBBLEee 已成功抓取全部所需数据。
[2026-04-07 08:22:53] [SUCCESS] bvid=BV1uoXqBsE1Z 已成功抓取全部所需数据。
[2026-04-07 08:22:58] [SUCCESS] bvid=BV1QQXqBoEvM 已成功抓取全部所需数据。
[2026-04-07 08:23:03] [SUCCESS] bvid=BV1hoXqBWETu 已成功抓取全部所需数据。
[2026-04-07 08:23:08] [SUCCESS] bvid=BV1YQXqBoEe1 已成功抓取全部所需数据。
[2026-04-07 08:23:13] [SUCCESS] bvid=BV1YQXqBoEVb 已成功抓取全部所需数据。
[2026-04-07 08:23:18] [SUCCESS] bvid=BV1S3XYBBEKE 已成功抓取全部所需数据。
[2026-04-07 08:23:23] [SUCCESS] bvid=BV1nLXBB3Ew6 已成功抓取全部所需数据。
[2026-04-07 08:23:28] [SUCCESS] bvid=BV1cpQmBeEzG 已成功抓取全部所需数据。
[2026-04-07 08:23:33] [SUCCESS] bvid=BV1eJXpBpEvj 已成功抓取全部所需数据。
[2026-04-07 08:23:39] [SUCCESS] bvid=BV1eJXpBpEtA 已成功抓取全部所需数据。
[2026-04-07 08:23:43] [SUCCESS] bvid=BV168XYBxEqe 已成功抓取全部所需数据。
[2026-04-07 08:23:48] [SUCCESS] bvid=BV1J5XiBPEj5 已成功抓取全部所需数据。
[2026-04-07 08:23:53] [SUCCESS] bvid=BV1gMXYBrEbx 已成功抓取全部所需数据。
[2026-04-07 08:23:59] [SUCCESS] bvid=BV1HVXBBkE3D 已成功抓取全部所需数据。
[2026-04-07 08:24:04] [SUCCESS] bvid=BV1pCXaBZEu8 已成功抓取全部所需数据。
[2026-04-07 08:24:09] [SUCCESS] bvid=BV1X9XqBxExz 已成功抓取全部所需数据。
[2026-04-07 08:24:14] [SUCCESS] bvid=BV1Y9XqBxENX 已成功抓取全部所需数据。
[2026-04-07 08:24:20] [SUCCESS] bvid=BV1Q9XqBxEXY 已成功抓取全部所需数据。
[2026-04-07 08:24:25] [SUCCESS] bvid=BV1h9XqBxEe1 已成功抓取全部所需数据。
[2026-04-07 08:24:30] [SUCCESS] bvid=BV1rqXqBMEWp 已成功抓取全部所需数据。
[2026-04-07 08:24:35] [SUCCESS] bvid=BV1BqXqBTEZM 已成功抓取全部所需数据。
[2026-04-07 08:24:40] [SUCCESS] bvid=BV16qXqBTEfU 已成功抓取全部所需数据。
[2026-04-07 08:24:45] [SUCCESS] bvid=BV1zqXqBTEcy 已成功抓取全部所需数据。
[2026-04-07 08:24:50] [SUCCESS] bvid=BV1zqXqBTEFb 已成功抓取全部所需数据。
[2026-04-07 08:24:55] [SUCCESS] bvid=BV1cqXqBMEbz 已成功抓取全部所需数据。
[2026-04-07 08:25:00] [SUCCESS] bvid=BV16BXqBiE7V 已成功抓取全部所需数据。
[2026-04-07 08:25:05] [SUCCESS] bvid=BV15WXeBJEnt 已成功抓取全部所需数据。
[2026-04-07 08:25:11] [SUCCESS] bvid=BV1zvXqBBEdk 已成功抓取全部所需数据。
[2026-04-07 08:25:15] [SUCCESS] bvid=BV1qCXqBAEZB 已成功抓取全部所需数据。
[2026-04-07 08:25:20] [SUCCESS] bvid=BV1iCXqBAENt 已成功抓取全部所需数据。
[2026-04-07 08:25:25] [SUCCESS] bvid=BV1BCXqBAE59 已成功抓取全部所需数据。
[2026-04-07 08:25:31] [SUCCESS] bvid=BV1vyXqBaEBA 已成功抓取全部所需数据。
[2026-04-07 08:25:36] [SUCCESS] bvid=BV1f6XqBNEbP 已成功抓取全部所需数据。
[2026-04-07 08:25:42] [SUCCESS] bvid=BV1z6XqBNE5Y 已成功抓取全部所需数据。
[2026-04-07 08:25:48] [SUCCESS] bvid=BV1frXqBeE7c 已成功抓取全部所需数据。
[2026-04-07 08:25:55] [SUCCESS] bvid=BV1kVXBBkEFL 已成功抓取全部所需数据。
[2026-04-07 08:26:01] [SUCCESS] bvid=BV1CVXBBkE5d 已成功抓取全部所需数据。
[2026-04-07 08:26:07] [SUCCESS] bvid=BV1pVXBBkEim 已成功抓取全部所需数据。
[2026-04-07 08:26:13] [SUCCESS] bvid=BV1HLXBB3EXb 已成功抓取全部所需数据。
[2026-04-07 08:26:19] [SUCCESS] bvid=BV1rLXBB3EFC 已成功抓取全部所需数据。
[2026-04-07 08:26:26] [SUCCESS] bvid=BV1pGXBBVEVs 已成功抓取全部所需数据。
[2026-04-07 08:26:32] [SUCCESS] bvid=BV1WgXBByEtU 已成功抓取全部所需数据。
[2026-04-07 08:36:38] [SUCCESS] bvid=BV1CgXBByEx5 已成功抓取全部所需数据。
[2026-04-07 08:36:44] [SUCCESS] bvid=BV1ygXBByED5 已成功抓取全部所需数据。
[2026-04-07 08:36:49] [SUCCESS] bvid=BV17HXBBTEEo 已成功抓取全部所需数据。
[2026-04-07 08:36:55] [SUCCESS] bvid=BV1pGXBBVEg6 已成功抓取全部所需数据。
[2026-04-07 08:37:00] [SUCCESS] bvid=BV1kGXBBVE6u 已成功抓取全部所需数据。
[2026-04-07 08:37:06] [SUCCESS] bvid=BV1xKXBB7ETq 已成功抓取全部所需数据。
[2026-04-07 08:37:11] [SUCCESS] bvid=BV1EJXBBBEHU 已成功抓取全部所需数据。
[2026-04-07 08:37:17] [SUCCESS] bvid=BV1SyXhBMErp 已成功抓取全部所需数据。
[2026-04-07 08:37:22] [SUCCESS] bvid=BV1VsXeBUELm 已成功抓取全部所需数据。
[2026-04-07 08:37:27] [SUCCESS] bvid=BV1fbXhBEEBw 已成功抓取全部所需数据。
[2026-04-07 08:37:33] [SUCCESS] bvid=BV1baQUBjEkC 已成功抓取全部所需数据。
[2026-04-07 08:37:38] [SUCCESS] bvid=BV11EXvBrEms 已成功抓取全部所需数据。
[2026-04-07 08:37:44] [SUCCESS] bvid=BV1PWXvBuE3K 已成功抓取全部所需数据。
[2026-04-07 08:37:49] [SUCCESS] bvid=BV1GtXeB2E7R 已成功抓取全部所需数据。
[2026-04-07 08:37:55] [SUCCESS] bvid=BV1xRXhBhEfL 已成功抓取全部所需数据。
[2026-04-07 08:38:01] [SUCCESS] bvid=BV1tYXaBvEUy 已成功抓取全部所需数据。
[2026-04-07 08:38:06] [SUCCESS] bvid=BV1njXBB6E26 已成功抓取全部所需数据。
[2026-04-07 08:38:11] [SUCCESS] bvid=BV16EXBBuESv 已成功抓取全部所需数据。
[2026-04-07 08:38:17] [SUCCESS] bvid=BV1mcXBBDEko 已成功抓取全部所需数据。
[2026-04-07 08:38:22] [SUCCESS] bvid=BV1zEXBBuEHe 已成功抓取全部所需数据。
[2026-04-07 08:38:27] [SUCCESS] bvid=BV1tAXBBJEjW 已成功抓取全部所需数据。
[2026-04-07 08:38:32] [SUCCESS] bvid=BV18ZXqBXERk 已成功抓取全部所需数据。
[2026-04-07 08:38:32] [INFO] 当前 batch_crawl 已完成，所有视频均已成功抓取。
[2026-04-07 08:38:32] 子任务结束时间：2026-04-07T08:38:32.284143
[TIMESTAMP][END] 2026-04-07T08:38:32
