[TIMESTAMP][BEGIN] 2026-04-11T21:06:46
[2026-04-11 21:06:48] 开始执行 CSV 批量抓取子任务 part_1。
[2026-04-11 21:06:48] 子任务开始时间：2026-04-11T21:06:46.105362
[2026-04-11 21:06:48] 输入文件：batch_input_1.csv
[2026-04-11 21:06:48] 输入唯一 bvid 数量：100
[2026-04-11 21:06:48] 为严格按 CSV 顺序判断连续失败阈值，本次任务自动将并发度从 2 调整为 1。
[2026-04-11 21:06:49] [ERROR] bvid=BV11DXbBxENF 抓取失败：meta: 接口返回错误代码：62002，信息：稿件不可见。
{'code': 62002, 'message': '稿件不可见', 'ttl': 1}
[2026-04-11 21:06:49] [ERROR] bvid=BV11PXPBDEgb 抓取失败：meta: 接口返回错误代码：62002，信息：稿件不可见。
{'code': 62002, 'message': '稿件不可见', 'ttl': 1}
[2026-04-11 21:06:49] [ERROR] bvid=BV11VDjBLEto 抓取失败：meta: 接口返回错误代码：62002，信息：稿件不可见。
{'code': 62002, 'message': '稿件不可见', 'ttl': 1}
[2026-04-11 21:06:49] [ERROR] bvid=BV11bXNBpEhM 抓取失败：meta: 接口返回错误代码：62002，信息：稿件不可见。
{'code': 62002, 'message': '稿件不可见', 'ttl': 1}
[2026-04-11 21:06:49] [ERROR] bvid=BV11pSDBVEUA 抓取失败：meta: 接口返回错误代码：-404，信息：啥都木有。
{'code': -404, 'message': '啥都木有', 'ttl': 1}
[2026-04-11 21:06:50] [ERROR] bvid=BV1239NBZEN3 抓取失败：meta: 接口返回错误代码：62002，信息：稿件不可见。
{'code': 62002, 'message': '稿件不可见', 'ttl': 1}
[2026-04-11 21:06:50] [ERROR] bvid=BV12WXjBxEm9 抓取失败：meta: 接口返回错误代码：62002，信息：稿件不可见。
{'code': 62002, 'message': '稿件不可见', 'ttl': 1}
[2026-04-11 21:06:50] [ERROR] bvid=BV12e9LBXELR 抓取失败：meta: 接口返回错误代码：-404，信息：啥都木有。
{'code': -404, 'message': '啥都木有', 'ttl': 1}
[2026-04-11 21:06:50] [ERROR] bvid=BV12pDsB3E2x 抓取失败：meta: 接口返回错误代码：62012，信息：62012。
{'code': 62012, 'message': '62012', 'ttl': 1}
[2026-04-11 21:06:50] [ERROR] bvid=BV12yDAB2EVb 抓取失败：meta: 接口返回错误代码：62002，信息：稿件不可见。
{'code': 62002, 'message': '稿件不可见', 'ttl': 1}
[2026-04-11 21:06:50] [STOP] 检测到连续 10 条视频抓取失败，已按阈值 10 暂停当前 CSV 批量抓取流程。
[2026-04-11 21:06:50] [INFO] 已导出剔除成功条目后的剩余 CSV：outputs\video_data\manual_crawls\manual_crawl_meta_mode_A_20260411_210646\remaining_bvids_part_1.csv
[2026-04-11 21:06:50] 子任务结束时间：2026-04-11T21:06:50.842100
[TIMESTAMP][END] 2026-04-11T21:06:50
