[TIMESTAMP][BEGIN] 2026-04-11T21:06:51
[2026-04-11 21:06:53] 开始执行 CSV 批量抓取子任务 part_2。
[2026-04-11 21:06:53] 子任务开始时间：2026-04-11T21:06:51.128963
[2026-04-11 21:06:53] 输入文件：batch_input_2.csv
[2026-04-11 21:06:53] 输入唯一 bvid 数量：100
[2026-04-11 21:06:53] 为严格按 CSV 顺序判断连续失败阈值，本次任务自动将并发度从 2 调整为 1。
[2026-04-11 21:06:53] [ERROR] bvid=BV1Gj9wBZE85 抓取失败：meta: 接口返回错误代码：-404，信息：啥都木有。
{'code': -404, 'message': '啥都木有', 'ttl': 1}
[2026-04-11 21:06:53] [ERROR] bvid=BV1GyXgBUEzU 抓取失败：meta: 接口返回错误代码：62002，信息：稿件不可见。
{'code': 62002, 'message': '稿件不可见', 'ttl': 1}
[2026-04-11 21:06:54] [ERROR] bvid=BV1H4XgBFEeh 抓取失败：meta: 接口返回错误代码：62002，信息：稿件不可见。
{'code': 62002, 'message': '稿件不可见', 'ttl': 1}
[2026-04-11 21:06:54] [ERROR] bvid=BV1H5XLBCEiL 抓取失败：meta: 接口返回错误代码：62002，信息：稿件不可见。
{'code': 62002, 'message': '稿件不可见', 'ttl': 1}
[2026-04-11 21:06:54] [ERROR] bvid=BV1HBDLBgEfj 抓取失败：meta: 接口返回错误代码：62012，信息：62012。
{'code': 62012, 'message': '62012', 'ttl': 1}
[2026-04-11 21:06:54] [ERROR] bvid=BV1HRXPB2Eev 抓取失败：meta: 接口返回错误代码：-404，信息：啥都木有。
{'code': -404, 'message': '啥都木有', 'ttl': 1}
[2026-04-11 21:06:54] [ERROR] bvid=BV1HZXSBGEe5 抓取失败：meta: 接口返回错误代码：62002，信息：稿件不可见。
{'code': 62002, 'message': '稿件不可见', 'ttl': 1}
[2026-04-11 21:06:54] [ERROR] bvid=BV1HcXaB4EZB 抓取失败：meta: 接口返回错误代码：62002，信息：稿件不可见。
{'code': 62002, 'message': '稿件不可见', 'ttl': 1}
[2026-04-11 21:06:54] [ERROR] bvid=BV1HnXMBxEcY 抓取失败：meta: 接口返回错误代码：-404，信息：啥都木有。
{'code': -404, 'message': '啥都木有', 'ttl': 1}
[2026-04-11 21:06:55] [ERROR] bvid=BV1HqXDByEQ6 抓取失败：meta: 接口返回错误代码：-404，信息：啥都木有。
{'code': -404, 'message': '啥都木有', 'ttl': 1}
[2026-04-11 21:06:55] [STOP] 检测到连续 10 条视频抓取失败，已按阈值 10 暂停当前 CSV 批量抓取流程。
[2026-04-11 21:06:55] [INFO] 已导出剔除成功条目后的剩余 CSV：outputs\video_data\manual_crawls\manual_crawl_meta_mode_A_20260411_210646\remaining_bvids_part_2.csv
[2026-04-11 21:06:55] 子任务结束时间：2026-04-11T21:06:55.124882
[TIMESTAMP][END] 2026-04-11T21:06:55
