[TIMESTAMP][BEGIN] 2026-04-11T21:06:55
[2026-04-11 21:06:57] 开始执行 CSV 批量抓取子任务 part_3。
[2026-04-11 21:06:57] 子任务开始时间：2026-04-11T21:06:55.219002
[2026-04-11 21:06:57] 输入文件：batch_input_3.csv
[2026-04-11 21:06:57] 输入唯一 bvid 数量：100
[2026-04-11 21:06:57] 为严格按 CSV 顺序判断连续失败阈值，本次任务自动将并发度从 2 调整为 1。
[2026-04-11 21:06:57] [ERROR] bvid=BV1ajXjBcEbF 抓取失败：meta: 接口返回错误代码：62002，信息：稿件不可见。
{'code': 62002, 'message': '稿件不可见', 'ttl': 1}
[2026-04-11 21:06:57] [ERROR] bvid=BV1avXbBiErn 抓取失败：meta: 接口返回错误代码：62002，信息：稿件不可见。
{'code': 62002, 'message': '稿件不可见', 'ttl': 1}
[2026-04-11 21:06:58] [ERROR] bvid=BV1awXgBjEGf 抓取失败：meta: 接口返回错误代码：62002，信息：稿件不可见。
{'code': 62002, 'message': '稿件不可见', 'ttl': 1}
[2026-04-11 21:06:58] [ERROR] bvid=BV1axX1BmEhS 抓取失败：meta: 接口返回错误代码：-404，信息：啥都木有。
{'code': -404, 'message': '啥都木有', 'ttl': 1}
[2026-04-11 21:06:58] [ERROR] bvid=BV1b1XKBhEJk 抓取失败：meta: 接口返回错误代码：-404，信息：啥都木有。
{'code': -404, 'message': '啥都木有', 'ttl': 1}
[2026-04-11 21:06:58] [ERROR] bvid=BV1bHXjBoEhd 抓取失败：meta: 接口返回错误代码：62002，信息：稿件不可见。
{'code': 62002, 'message': '稿件不可见', 'ttl': 1}
[2026-04-11 21:06:58] [ERROR] bvid=BV1bjXUBnE14 抓取失败：meta: 接口返回错误代码：62002，信息：稿件不可见。
{'code': 62002, 'message': '稿件不可见', 'ttl': 1}
[2026-04-11 21:06:59] [ERROR] bvid=BV1bjXUBnEYP 抓取失败：meta: 接口返回错误代码：62002，信息：稿件不可见。
{'code': 62002, 'message': '稿件不可见', 'ttl': 1}
[2026-04-11 21:06:59] [ERROR] bvid=BV1bjXUBnEbX 抓取失败：meta: 接口返回错误代码：62002，信息：稿件不可见。
{'code': 62002, 'message': '稿件不可见', 'ttl': 1}
[2026-04-11 21:06:59] [ERROR] bvid=BV1brXbBaEqN 抓取失败：meta: 接口返回错误代码：62002，信息：稿件不可见。
{'code': 62002, 'message': '稿件不可见', 'ttl': 1}
[2026-04-11 21:06:59] [STOP] 检测到连续 10 条视频抓取失败，已按阈值 10 暂停当前 CSV 批量抓取流程。
[2026-04-11 21:06:59] [INFO] 已导出剔除成功条目后的剩余 CSV：outputs\video_data\manual_crawls\manual_crawl_meta_mode_A_20260411_210646\remaining_bvids_part_3.csv
[2026-04-11 21:06:59] 子任务结束时间：2026-04-11T21:06:59.416410
[TIMESTAMP][END] 2026-04-11T21:06:59
