[TIMESTAMP][BEGIN] 2026-04-03T03:26:33
[2026-04-03 03:26:35] 开始执行 CSV 批量抓取子任务 part_14。
[2026-04-03 03:26:35] 子任务开始时间：2026-04-03T03:26:33.625283
[2026-04-03 03:26:35] 输入文件：batch_input_14.csv
[2026-04-03 03:26:35] 输入唯一 bvid 数量：100
[2026-04-03 03:26:35] 为严格按 CSV 顺序判断连续失败阈值，本次任务自动将并发度从 2 调整为 1。
[2026-04-03 03:26:40] [SUCCESS] bvid=BV1WdX6BQE3H 已成功抓取全部所需数据。
[2026-04-03 03:26:45] [SUCCESS] bvid=BV1AdX6BQEjT 已成功抓取全部所需数据。
[2026-04-03 03:26:49] [SUCCESS] bvid=BV1AdX6BQETH 已成功抓取全部所需数据。
[2026-04-03 03:26:54] [SUCCESS] bvid=BV1AdX6BQEef 已成功抓取全部所需数据。
[2026-04-03 03:26:59] [SUCCESS] bvid=BV1AdX6BQEL9 已成功抓取全部所需数据。
[2026-04-03 03:27:04] [SUCCESS] bvid=BV1PdX6BQEWR 已成功抓取全部所需数据。
[2026-04-03 03:27:09] [SUCCESS] bvid=BV1AdX6BQEsb 已成功抓取全部所需数据。
[2026-04-03 03:27:13] [SUCCESS] bvid=BV1AdX6BQEsa 已成功抓取全部所需数据。
[2026-04-03 03:27:18] [SUCCESS] bvid=BV1AdX6BQETG 已成功抓取全部所需数据。
[2026-04-03 03:27:23] [SUCCESS] bvid=BV1PZX6BnEKt 已成功抓取全部所需数据。
[2026-04-03 03:27:28] [SUCCESS] bvid=BV1M4XrBhEgo 已成功抓取全部所需数据。
[2026-04-03 03:27:33] [SUCCESS] bvid=BV1iXXrBkE2y 已成功抓取全部所需数据。
[2026-04-03 03:27:38] [SUCCESS] bvid=BV1m8XrBtEky 已成功抓取全部所需数据。
[2026-04-03 03:27:43] [SUCCESS] bvid=BV128XrBtEtX 已成功抓取全部所需数据。
[2026-04-03 03:27:48] [SUCCESS] bvid=BV1mhXrBoEnw 已成功抓取全部所需数据。
[2026-04-03 03:27:53] [SUCCESS] bvid=BV1ThXrBZEES 已成功抓取全部所需数据。
[2026-04-03 03:27:58] [SUCCESS] bvid=BV1mhXrBoEAe 已成功抓取全部所需数据。
[2026-04-03 03:28:03] [SUCCESS] bvid=BV11hXrBoEXo 已成功抓取全部所需数据。
[2026-04-03 03:28:07] [SUCCESS] bvid=BV12hXrBoE9v 已成功抓取全部所需数据。
[2026-04-03 03:28:12] [SUCCESS] bvid=BV1KhXrBZE3v 已成功抓取全部所需数据。
[2026-04-03 03:28:17] [SUCCESS] bvid=BV11hXrBoEQJ 已成功抓取全部所需数据。
[2026-04-03 03:28:22] [SUCCESS] bvid=BV1U4XrB8EJ8 已成功抓取全部所需数据。
[2026-04-03 03:28:27] [SUCCESS] bvid=BV1S4XrB8EE7 已成功抓取全部所需数据。
[2026-04-03 03:28:31] [SUCCESS] bvid=BV1U4XrB8EnC 已成功抓取全部所需数据。
[2026-04-03 03:28:36] [SUCCESS] bvid=BV1MbXrBFE1L 已成功抓取全部所需数据。
[2026-04-03 03:28:41] [SUCCESS] bvid=BV1MbXrBFErv 已成功抓取全部所需数据。
[2026-04-03 03:28:46] [SUCCESS] bvid=BV12YXrBxExM 已成功抓取全部所需数据。
[2026-04-03 03:28:51] [SUCCESS] bvid=BV1PiXrBsELy 已成功抓取全部所需数据。
[2026-04-03 03:28:56] [SUCCESS] bvid=BV1kiXrBWEfx 已成功抓取全部所需数据。
[2026-04-03 03:29:01] [SUCCESS] bvid=BV1kYXzBmEDZ 已成功抓取全部所需数据。
[2026-04-03 03:29:06] [SUCCESS] bvid=BV1kiXrBWEZn 已成功抓取全部所需数据。
[2026-04-03 03:29:11] [SUCCESS] bvid=BV1CiXrBWEmZ 已成功抓取全部所需数据。
[2026-04-03 03:29:15] [SUCCESS] bvid=BV1CiXrBWExQ 已成功抓取全部所需数据。
[2026-04-03 03:29:20] [SUCCESS] bvid=BV1yqXrBXEL6 已成功抓取全部所需数据。
[2026-04-03 03:29:25] [SUCCESS] bvid=BV1GoXzBAERR 已成功抓取全部所需数据。
[2026-04-03 03:29:30] [SUCCESS] bvid=BV1kqXrBXEmC 已成功抓取全部所需数据。
[2026-04-03 03:29:34] [SUCCESS] bvid=BV12YXrBxE4j 已成功抓取全部所需数据。
[2026-04-03 03:29:39] [SUCCESS] bvid=BV1ejXrBMEGG 已成功抓取全部所需数据。
[2026-04-03 03:29:44] [SUCCESS] bvid=BV1RvPZzEEJW 已成功抓取全部所需数据。
[2026-04-03 03:29:49] [SUCCESS] bvid=BV1rMXoBZEUM 已成功抓取全部所需数据。
[2026-04-03 03:29:55] [SUCCESS] bvid=BV1h9XqBxEQB 已成功抓取全部所需数据。
[2026-04-03 03:29:59] [SUCCESS] bvid=BV1q5XeBxEWe 已成功抓取全部所需数据。
[2026-04-03 03:30:04] [SUCCESS] bvid=BV1T8XaBqEZf 已成功抓取全部所需数据。
[2026-04-03 03:30:09] [SUCCESS] bvid=BV13nXrBvENd 已成功抓取全部所需数据。
[2026-04-03 03:30:14] [SUCCESS] bvid=BV1XGXzBwEke 已成功抓取全部所需数据。
[2026-04-03 03:30:19] [SUCCESS] bvid=BV1ckXrBnEKb 已成功抓取全部所需数据。
[2026-04-03 03:30:24] [SUCCESS] bvid=BV1t3XkB8E3d 已成功抓取全部所需数据。
[2026-04-03 03:30:28] [SUCCESS] bvid=BV1EJXBBBEpw 已成功抓取全部所需数据。
[2026-04-03 03:30:34] [SUCCESS] bvid=BV1sVX6BnEjD 已成功抓取全部所需数据。
[2026-04-03 03:30:39] [SUCCESS] bvid=BV1yeXrBRELk 已成功抓取全部所需数据。
[2026-04-03 03:30:44] [SUCCESS] bvid=BV157XrBqELk 已成功抓取全部所需数据。
[2026-04-03 03:30:49] [SUCCESS] bvid=BV1QJXrBNERd 已成功抓取全部所需数据。
[2026-04-03 03:30:54] [SUCCESS] bvid=BV197XrBiEpK 已成功抓取全部所需数据。
[2026-04-03 03:30:59] [SUCCESS] bvid=BV1e7XrBqEGf 已成功抓取全部所需数据。
[2026-04-03 03:31:04] [SUCCESS] bvid=BV1X7XrBiEqC 已成功抓取全部所需数据。
[2026-04-03 03:31:08] [SUCCESS] bvid=BV1X7XrBiEs2 已成功抓取全部所需数据。
[2026-04-03 03:31:13] [SUCCESS] bvid=BV1Q7XrBiEqK 已成功抓取全部所需数据。
[2026-04-03 03:31:18] [SUCCESS] bvid=BV1X7XrBiE91 已成功抓取全部所需数据。
[2026-04-03 03:31:23] [SUCCESS] bvid=BV1QJXrBNEvy 已成功抓取全部所需数据。
[2026-04-03 03:31:28] [SUCCESS] bvid=BV1VJXrBKEAN 已成功抓取全部所需数据。
[2026-04-03 03:31:33] [SUCCESS] bvid=BV1QJXrBNEnu 已成功抓取全部所需数据。
[2026-04-03 03:31:38] [SUCCESS] bvid=BV155XrBzEYA 已成功抓取全部所需数据。
[2026-04-03 03:31:44] [SUCCESS] bvid=BV1R5XrBBEDH 已成功抓取全部所需数据。
[2026-04-03 03:31:49] [SUCCESS] bvid=BV15jXrBMEoY 已成功抓取全部所需数据。
[2026-04-03 03:31:54] [SUCCESS] bvid=BV19jXrBTEe1 已成功抓取全部所需数据。
[2026-04-03 03:31:58] [SUCCESS] bvid=BV19jXrBTEw2 已成功抓取全部所需数据。
[2026-04-03 03:32:03] [SUCCESS] bvid=BV19jXrBTE5J 已成功抓取全部所需数据。
[2026-04-03 03:32:08] [SUCCESS] bvid=BV1SWXrBaEGZ 已成功抓取全部所需数据。
[2026-04-03 03:32:13] [SUCCESS] bvid=BV1SWXrBaEuH 已成功抓取全部所需数据。
[2026-04-03 03:32:17] [SUCCESS] bvid=BV1ejXrBMEmK 已成功抓取全部所需数据。
[2026-04-03 03:32:22] [SUCCESS] bvid=BV1DWXrBaEX9 已成功抓取全部所需数据。
[2026-04-03 03:32:27] [SUCCESS] bvid=BV1DWXrBaECe 已成功抓取全部所需数据。
[2026-04-03 03:32:32] [SUCCESS] bvid=BV13WXrBYEwg 已成功抓取全部所需数据。
[2026-04-03 03:32:36] [SUCCESS] bvid=BV1SxXrBwErX 已成功抓取全部所需数据。
[2026-04-03 03:32:41] [SUCCESS] bvid=BV1DnXrBeEde 已成功抓取全部所需数据。
[2026-04-03 03:32:46] [SUCCESS] bvid=BV15dXrBrEgM 已成功抓取全部所需数据。
[2026-04-03 03:32:51] [SUCCESS] bvid=BV1GnXrBvEbm 已成功抓取全部所需数据。
[2026-04-03 03:32:56] [SUCCESS] bvid=BV1MxXrBwEdk 已成功抓取全部所需数据。
[2026-04-03 03:33:00] [SUCCESS] bvid=BV1TaA8z9E5a 已成功抓取全部所需数据。
[2026-04-03 03:33:05] [SUCCESS] bvid=BV1iXXrBkEnB 已成功抓取全部所需数据。
[2026-04-03 03:33:10] [SUCCESS] bvid=BV1DnXrBeEo6 已成功抓取全部所需数据。
[2026-04-03 03:33:15] [SUCCESS] bvid=BV1UxXrBcEtj 已成功抓取全部所需数据。
[2026-04-03 03:33:20] [SUCCESS] bvid=BV14aA8z9EBm 已成功抓取全部所需数据。
[2026-04-03 03:33:25] [SUCCESS] bvid=BV1rCXrBUEKw 已成功抓取全部所需数据。
[2026-04-03 03:33:30] [SUCCESS] bvid=BV1mHAAz1EnZ 已成功抓取全部所需数据。
[2026-04-03 03:33:35] [SUCCESS] bvid=BV1ddXrB6EF8 已成功抓取全部所需数据。
[2026-04-03 03:33:39] [SUCCESS] bvid=BV1rWXkBHEZp 已成功抓取全部所需数据。
[2026-04-03 03:33:44] [SUCCESS] bvid=BV1JuXeBfE3Q 已成功抓取全部所需数据。
[2026-04-03 03:33:49] [SUCCESS] bvid=BV1dRXrB3EkK 已成功抓取全部所需数据。
[2026-04-03 03:33:54] [SUCCESS] bvid=BV1vRXrB3EGv 已成功抓取全部所需数据。
[2026-04-03 03:33:59] [SUCCESS] bvid=BV1vRXrB3E9B 已成功抓取全部所需数据。
[2026-04-03 03:34:03] [SUCCESS] bvid=BV1YdXrB6Ezn 已成功抓取全部所需数据。
[2026-04-03 03:34:08] [SUCCESS] bvid=BV1oXXaBDEMw 已成功抓取全部所需数据。
[2026-04-03 03:34:13] [SUCCESS] bvid=BV1RdXrB6EXA 已成功抓取全部所需数据。
[2026-04-03 03:34:18] [SUCCESS] bvid=BV1DgXYBuETt 已成功抓取全部所需数据。
[2026-04-03 03:34:22] [SUCCESS] bvid=BV1qQXrBVEPT 已成功抓取全部所需数据。
[2026-04-03 03:34:27] [SUCCESS] bvid=BV1aPXkBNEug 已成功抓取全部所需数据。
[2026-04-03 03:34:32] [SUCCESS] bvid=BV1PNA3z8Epr 已成功抓取全部所需数据。
[2026-04-03 03:34:36] [SUCCESS] bvid=BV1qQXrBVEJW 已成功抓取全部所需数据。
[2026-04-03 03:34:41] [SUCCESS] bvid=BV1iXXrBkEYB 已成功抓取全部所需数据。
[2026-04-03 03:34:41] [INFO] 当前 batch_crawl 已完成，所有视频均已成功抓取。
[2026-04-03 03:34:41] 子任务结束时间：2026-04-03T03:34:41.726484
[TIMESTAMP][END] 2026-04-03T03:34:41
