[TIMESTAMP][BEGIN] 2026-04-03T03:10:18
[2026-04-03 03:10:20] 开始执行 CSV 批量抓取子任务 part_12。
[2026-04-03 03:10:20] 子任务开始时间：2026-04-03T03:10:18.730455
[2026-04-03 03:10:20] 输入文件：batch_input_12.csv
[2026-04-03 03:10:20] 输入唯一 bvid 数量：100
[2026-04-03 03:10:20] 为严格按 CSV 顺序判断连续失败阈值，本次任务自动将并发度从 2 调整为 1。
[2026-04-03 03:10:26] [SUCCESS] bvid=BV15iXkBVE4m 已成功抓取全部所需数据。
[2026-04-03 03:10:31] [SUCCESS] bvid=BV1tTX6BsEN9 已成功抓取全部所需数据。
[2026-04-03 03:10:36] [SUCCESS] bvid=BV1q9XCBSEpR 已成功抓取全部所需数据。
[2026-04-03 03:10:41] [SUCCESS] bvid=BV15iXkBVEvp 已成功抓取全部所需数据。
[2026-04-03 03:10:46] [SUCCESS] bvid=BV1JMXCBHEQ5 已成功抓取全部所需数据。
[2026-04-03 03:10:50] [SUCCESS] bvid=BV1fuXCBSEzv 已成功抓取全部所需数据。
[2026-04-03 03:10:55] [SUCCESS] bvid=BV1kvXzBjEsU 已成功抓取全部所需数据。
[2026-04-03 03:11:00] [SUCCESS] bvid=BV1B9QUBwE6c 已成功抓取全部所需数据。
[2026-04-03 03:11:05] [SUCCESS] bvid=BV1B9XCBSEMn 已成功抓取全部所需数据。
[2026-04-03 03:11:10] [SUCCESS] bvid=BV1uhXCBiEzB 已成功抓取全部所需数据。
[2026-04-03 03:11:15] [SUCCESS] bvid=BV1W7XkBxEcR 已成功抓取全部所需数据。
[2026-04-03 03:11:20] [SUCCESS] bvid=BV1mEXvBrEvg 已成功抓取全部所需数据。
[2026-04-03 03:11:24] [SUCCESS] bvid=BV1FNXCBWEm2 已成功抓取全部所需数据。
[2026-04-03 03:11:29] [SUCCESS] bvid=BV1ZuXCBSE1S 已成功抓取全部所需数据。
[2026-04-03 03:11:34] [SUCCESS] bvid=BV1wNXCBWEgq 已成功抓取全部所需数据。
[2026-04-03 03:11:39] [SUCCESS] bvid=BV1FKXCBXE3F 已成功抓取全部所需数据。
[2026-04-03 03:11:44] [SUCCESS] bvid=BV1rKXCBXEJE 已成功抓取全部所需数据。
[2026-04-03 03:11:49] [SUCCESS] bvid=BV1q5XCB7E8K 已成功抓取全部所需数据。
[2026-04-03 03:11:54] [SUCCESS] bvid=BV1PoXkBfEbs 已成功抓取全部所需数据。
[2026-04-03 03:11:59] [SUCCESS] bvid=BV12dXkB8ENn 已成功抓取全部所需数据。
[2026-04-03 03:12:04] [SUCCESS] bvid=BV1soXkBfExn 已成功抓取全部所需数据。
[2026-04-03 03:12:08] [SUCCESS] bvid=BV1WoXkBfEQ1 已成功抓取全部所需数据。
[2026-04-03 03:12:13] [SUCCESS] bvid=BV1NoXkBfE4s 已成功抓取全部所需数据。
[2026-04-03 03:12:19] [SUCCESS] bvid=BV1TXXkBaEdL 已成功抓取全部所需数据。
[2026-04-03 03:12:24] [SUCCESS] bvid=BV1mXXkBaEye 已成功抓取全部所需数据。
[2026-04-03 03:12:29] [SUCCESS] bvid=BV1KRXkBcEMq 已成功抓取全部所需数据。
[2026-04-03 03:12:34] [SUCCESS] bvid=BV1KXXkBaEqJ 已成功抓取全部所需数据。
[2026-04-03 03:12:39] [SUCCESS] bvid=BV1TRXkBcEAm 已成功抓取全部所需数据。
[2026-04-03 03:12:44] [SUCCESS] bvid=BV1HwXCBxE3J 已成功抓取全部所需数据。
[2026-04-03 03:12:48] [SUCCESS] bvid=BV1AwXCBxEY6 已成功抓取全部所需数据。
[2026-04-03 03:12:54] [SUCCESS] bvid=BV1pAXCBREng 已成功抓取全部所需数据。
[2026-04-03 03:12:59] [SUCCESS] bvid=BV1rAXCBREmN 已成功抓取全部所需数据。
[2026-04-03 03:13:04] [SUCCESS] bvid=BV1AAXCBREPB 已成功抓取全部所需数据。
[2026-04-03 03:13:09] [SUCCESS] bvid=BV1wAXCBREYW 已成功抓取全部所需数据。
[2026-04-03 03:13:14] [SUCCESS] bvid=BV1cAXCBREQy 已成功抓取全部所需数据。
[2026-04-03 03:13:19] [SUCCESS] bvid=BV1cAXCBREwX 已成功抓取全部所需数据。
[2026-04-03 03:13:24] [SUCCESS] bvid=BV1NfXkBtEcs 已成功抓取全部所需数据。
[2026-04-03 03:13:29] [SUCCESS] bvid=BV1wFXCBoEXm 已成功抓取全部所需数据。
[2026-04-03 03:13:34] [SUCCESS] bvid=BV1AFXCBoEFk 已成功抓取全部所需数据。
[2026-04-03 03:13:39] [SUCCESS] bvid=BV1M8XCBTE7M 已成功抓取全部所需数据。
[2026-04-03 03:13:44] [SUCCESS] bvid=BV1g4XCBuEtc 已成功抓取全部所需数据。
[2026-04-03 03:13:48] [SUCCESS] bvid=BV1TYXCBNERP 已成功抓取全部所需数据。
[2026-04-03 03:13:53] [SUCCESS] bvid=BV1TYXCBNEnM 已成功抓取全部所需数据。
[2026-04-03 03:13:58] [SUCCESS] bvid=BV1meXCBYEnf 已成功抓取全部所需数据。
[2026-04-03 03:14:03] [SUCCESS] bvid=BV1TeXCBeEgi 已成功抓取全部所需数据。
[2026-04-03 03:14:07] [SUCCESS] bvid=BV1g8XCBTEcG 已成功抓取全部所需数据。
[2026-04-03 03:14:12] [SUCCESS] bvid=BV1D8XCBTEgz 已成功抓取全部所需数据。
[2026-04-03 03:14:17] [SUCCESS] bvid=BV1uhXCBiEit 已成功抓取全部所需数据。
[2026-04-03 03:14:22] [SUCCESS] bvid=BV1ShXCBvEgP 已成功抓取全部所需数据。
[2026-04-03 03:14:27] [SUCCESS] bvid=BV1UhXCBvEmn 已成功抓取全部所需数据。
[2026-04-03 03:14:32] [SUCCESS] bvid=BV1C6XCBbEhV 已成功抓取全部所需数据。
[2026-04-03 03:14:36] [SUCCESS] bvid=BV11zXCBFEMo 已成功抓取全部所需数据。
[2026-04-03 03:14:41] [SUCCESS] bvid=BV1thXCBiEr5 已成功抓取全部所需数据。
[2026-04-03 03:14:46] [SUCCESS] bvid=BV1yzXCBFEY1 已成功抓取全部所需数据。
[2026-04-03 03:14:51] [SUCCESS] bvid=BV1TiXCBAEEy 已成功抓取全部所需数据。
[2026-04-03 03:14:56] [SUCCESS] bvid=BV11iXCBwESg 已成功抓取全部所需数据。
[2026-04-03 03:15:00] [SUCCESS] bvid=BV1KqXCBaEdY 已成功抓取全部所需数据。
[2026-04-03 03:15:05] [SUCCESS] bvid=BV1XnXCBGETX 已成功抓取全部所需数据。
[2026-04-03 03:15:11] [SUCCESS] bvid=BV1yqXCBhEVk 已成功抓取全部所需数据。
[2026-04-03 03:15:15] [SUCCESS] bvid=BV1XnXCBGEeM 已成功抓取全部所需数据。
[2026-04-03 03:15:20] [SUCCESS] bvid=BV15HXCBkEKY 已成功抓取全部所需数据。
[2026-04-03 03:15:25] [SUCCESS] bvid=BV19HXCBkEng 已成功抓取全部所需数据。
[2026-04-03 03:15:30] [SUCCESS] bvid=BV1R7XCB5EiM 已成功抓取全部所需数据。
[2026-04-03 03:15:35] [SUCCESS] bvid=BV1d7XCB5EpC 已成功抓取全部所需数据。
[2026-04-03 03:15:40] [SUCCESS] bvid=BV157XCBLEbt 已成功抓取全部所需数据。
[2026-04-03 03:15:45] [SUCCESS] bvid=BV1ujXqBQEvK 已成功抓取全部所需数据。
[2026-04-03 03:15:50] [SUCCESS] bvid=BV1R7XCB5EJW 已成功抓取全部所需数据。
[2026-04-03 03:15:55] [SUCCESS] bvid=BV1Q4XCBMEM4 已成功抓取全部所需数据。
[2026-04-03 03:16:00] [SUCCESS] bvid=BV1S4XCBMEV7 已成功抓取全部所需数据。
[2026-04-03 03:16:05] [SUCCESS] bvid=BV15rXdB7EwS 已成功抓取全部所需数据。
[2026-04-03 03:16:10] [SUCCESS] bvid=BV1mvQUB5E9r 已成功抓取全部所需数据。
[2026-04-03 03:16:15] [SUCCESS] bvid=BV1DjXzBbEEU 已成功抓取全部所需数据。
[2026-04-03 03:16:20] [SUCCESS] bvid=BV1DtXCBqECg 已成功抓取全部所需数据。
[2026-04-03 03:16:24] [SUCCESS] bvid=BV1VWXCB3ENv 已成功抓取全部所需数据。
[2026-04-03 03:16:29] [SUCCESS] bvid=BV1gtXCBBEmS 已成功抓取全部所需数据。
[2026-04-03 03:16:34] [SUCCESS] bvid=BV1XWXCBgEbK 已成功抓取全部所需数据。
[2026-04-03 03:16:39] [SUCCESS] bvid=BV1gtXCBBEK1 已成功抓取全部所需数据。
[2026-04-03 03:16:44] [SUCCESS] bvid=BV13WXCB3EvY 已成功抓取全部所需数据。
[2026-04-03 03:16:49] [SUCCESS] bvid=BV1aWXCB3E7p 已成功抓取全部所需数据。
[2026-04-03 03:16:53] [SUCCESS] bvid=BV1B9XCBSEcL 已成功抓取全部所需数据。
[2026-04-03 03:16:58] [SUCCESS] bvid=BV1odXCBEE9b 已成功抓取全部所需数据。
[2026-04-03 03:17:03] [SUCCESS] bvid=BV1DsXCBzE27 已成功抓取全部所需数据。
[2026-04-03 03:17:07] [SUCCESS] bvid=BV1ioXCBmEsw 已成功抓取全部所需数据。
[2026-04-03 03:17:12] [SUCCESS] bvid=BV1eoXCBmEQr 已成功抓取全部所需数据。
[2026-04-03 03:17:17] [SUCCESS] bvid=BV1voXCBmEoL 已成功抓取全部所需数据。
[2026-04-03 03:17:22] [SUCCESS] bvid=BV1B9XCBSEVG 已成功抓取全部所需数据。
[2026-04-03 03:17:27] [SUCCESS] bvid=BV1eAXyBCEKK 已成功抓取全部所需数据。
[2026-04-03 03:17:31] [SUCCESS] bvid=BV1VAXyByEac 已成功抓取全部所需数据。
[2026-04-03 03:17:36] [SUCCESS] bvid=BV1ddXCBEEf7 已成功抓取全部所需数据。
[2026-04-03 03:17:41] [SUCCESS] bvid=BV1M8XrBbEhy 已成功抓取全部所需数据。
[2026-04-03 03:17:46] [SUCCESS] bvid=BV1YAXyBCE1p 已成功抓取全部所需数据。
[2026-04-03 03:17:50] [SUCCESS] bvid=BV1aAXyBCEQn 已成功抓取全部所需数据。
[2026-04-03 03:17:55] [SUCCESS] bvid=BV1aNXyBGEvB 已成功抓取全部所需数据。
[2026-04-03 03:18:00] [SUCCESS] bvid=BV1BDXCBQEUy 已成功抓取全部所需数据。
[2026-04-03 03:18:05] [SUCCESS] bvid=BV1CrXCBZEKf 已成功抓取全部所需数据。
[2026-04-03 03:18:10] [SUCCESS] bvid=BV1vFXyB1Ep9 已成功抓取全部所需数据。
[2026-04-03 03:18:15] [SUCCESS] bvid=BV1cyXCBoEMe 已成功抓取全部所需数据。
[2026-04-03 03:18:20] [SUCCESS] bvid=BV1kyXCBdE4z 已成功抓取全部所需数据。
[2026-04-03 03:18:25] [SUCCESS] bvid=BV1cyXCBoEK1 已成功抓取全部所需数据。
[2026-04-03 03:18:29] [SUCCESS] bvid=BV1ryXCBdEsp 已成功抓取全部所需数据。
[2026-04-03 03:18:29] [INFO] 当前 batch_crawl 已完成，所有视频均已成功抓取。
[2026-04-03 03:18:29] 子任务结束时间：2026-04-03T03:18:29.794429
[TIMESTAMP][END] 2026-04-03T03:18:29
