[TIMESTAMP][BEGIN] 2026-04-03T07:14:58
[2026-04-03 07:15:01] 开始执行 CSV 批量抓取子任务 part_40。
[2026-04-03 07:15:01] 子任务开始时间：2026-04-03T07:14:58.934796
[2026-04-03 07:15:01] 输入文件：batch_input_40.csv
[2026-04-03 07:15:01] 输入唯一 bvid 数量：100
[2026-04-03 07:15:01] 为严格按 CSV 顺序判断连续失败阈值，本次任务自动将并发度从 2 调整为 1。
[2026-04-03 07:15:08] [SUCCESS] bvid=BV1oJXVBhEUG 已成功抓取全部所需数据。
[2026-04-03 07:15:14] [SUCCESS] bvid=BV1dJXVBhEhe 已成功抓取全部所需数据。
[2026-04-03 07:15:19] [SUCCESS] bvid=BV1FLXVBNEha 已成功抓取全部所需数据。
[2026-04-03 07:15:25] [SUCCESS] bvid=BV1CqXuBYEvi 已成功抓取全部所需数据。
[2026-04-03 07:15:32] [SUCCESS] bvid=BV1EpXbB1E2C 已成功抓取全部所需数据。
[2026-04-03 07:15:38] [SUCCESS] bvid=BV1awXgBjEKs 已成功抓取全部所需数据。
[2026-04-03 07:15:44] [SUCCESS] bvid=BV1dpXVBbEH5 已成功抓取全部所需数据。
[2026-04-03 07:15:50] [SUCCESS] bvid=BV1YZXTB3E91 已成功抓取全部所需数据。
[2026-04-03 07:15:56] [SUCCESS] bvid=BV1ojXVBYERb 已成功抓取全部所需数据。
[2026-04-03 07:16:03] [SUCCESS] bvid=BV1fjXVBYE6S 已成功抓取全部所需数据。
[2026-04-03 07:16:09] [SUCCESS] bvid=BV1fjXVBYEao 已成功抓取全部所需数据。
[2026-04-03 07:16:15] [SUCCESS] bvid=BV1ZjXVBYEtR 已成功抓取全部所需数据。
[2026-04-03 07:16:21] [SUCCESS] bvid=BV1SpXTBNE7B 已成功抓取全部所需数据。
[2026-04-03 07:16:26] [SUCCESS] bvid=BV12QQmBCE2N 已成功抓取全部所需数据。
[2026-04-03 07:16:32] [SUCCESS] bvid=BV1U2cUzuED6 已成功抓取全部所需数据。
[2026-04-03 07:16:38] [SUCCESS] bvid=BV19DXNBMEQm 已成功抓取全部所需数据。
[2026-04-03 07:16:44] [SUCCESS] bvid=BV1BJXsBcEK8 已成功抓取全部所需数据。
[2026-04-03 07:16:50] [SUCCESS] bvid=BV1SNXMBiEmg 已成功抓取全部所需数据。
[2026-04-03 07:16:56] [SUCCESS] bvid=BV1MPXKB8Ehd 已成功抓取全部所需数据。
[2026-04-03 07:17:02] [SUCCESS] bvid=BV1UxXTBAErG 已成功抓取全部所需数据。
[2026-04-03 07:17:08] [SUCCESS] bvid=BV1h9XABtEei 已成功抓取全部所需数据。
[2026-04-03 07:17:14] [SUCCESS] bvid=BV1rXXsBBEWe 已成功抓取全部所需数据。
[2026-04-03 07:17:20] [SUCCESS] bvid=BV1GYXKBzEQe 已成功抓取全部所需数据。
[2026-04-03 07:17:26] [SUCCESS] bvid=BV1gBXPBtEve 已成功抓取全部所需数据。
[2026-04-03 07:17:32] [SUCCESS] bvid=BV1JhXgB4EVa 已成功抓取全部所需数据。
[2026-04-03 07:17:38] [SUCCESS] bvid=BV1iWXVBfEww 已成功抓取全部所需数据。
[2026-04-03 07:17:44] [SUCCESS] bvid=BV19WXVBZEXz 已成功抓取全部所需数据。
[2026-04-03 07:17:50] [SUCCESS] bvid=BV1oHXVBFEH5 已成功抓取全部所需数据。
[2026-04-03 07:17:56] [SUCCESS] bvid=BV1oHXVBFE6n 已成功抓取全部所需数据。
[2026-04-03 07:18:01] [SUCCESS] bvid=BV1oHXVBFE7U 已成功抓取全部所需数据。
[2026-04-03 07:18:13] [SUCCESS] bvid=BV1oHXVBFENu 已成功抓取全部所需数据。
[2026-04-03 07:18:18] [SUCCESS] bvid=BV1XCXgBEELj 已成功抓取全部所需数据。
[2026-04-03 07:18:23] [SUCCESS] bvid=BV1eBXgBQE9Y 已成功抓取全部所需数据。
[2026-04-03 07:18:27] [SUCCESS] bvid=BV1v6XgBnENv 已成功抓取全部所需数据。
[2026-04-03 07:18:39] [SUCCESS] bvid=BV1ivXgB9EL7 已成功抓取全部所需数据。
[2026-04-03 07:18:44] [SUCCESS] bvid=BV156XgBnEzF 已成功抓取全部所需数据。
[2026-04-03 07:18:50] [SUCCESS] bvid=BV156XgBnE6x 已成功抓取全部所需数据。
[2026-04-03 07:18:55] [SUCCESS] bvid=BV1v6XgBnEMj 已成功抓取全部所需数据。
[2026-04-03 07:19:00] [SUCCESS] bvid=BV1jvXgB9EsL 已成功抓取全部所需数据。
[2026-04-03 07:19:05] [SUCCESS] bvid=BV1jvXgB9EeR 已成功抓取全部所需数据。
[2026-04-03 07:19:10] [SUCCESS] bvid=BV1vvXgB9EqF 已成功抓取全部所需数据。
[2026-04-03 07:19:14] [SUCCESS] bvid=BV1ivXgB9EHW 已成功抓取全部所需数据。
[2026-04-03 07:19:19] [SUCCESS] bvid=BV1jvXgB9Ee8 已成功抓取全部所需数据。
[2026-04-03 07:19:24] [SUCCESS] bvid=BV1GyXgBUEzU 已成功抓取全部所需数据。
[2026-04-03 07:19:29] [SUCCESS] bvid=BV17WXKB1ENN 已成功抓取全部所需数据。
[2026-04-03 07:19:35] [SUCCESS] bvid=BV1GCXgBEEfu 已成功抓取全部所需数据。
[2026-04-03 07:19:39] [SUCCESS] bvid=BV1GyXgBmE5e 已成功抓取全部所需数据。
[2026-04-03 07:19:44] [SUCCESS] bvid=BV1iqXgBpE9s 已成功抓取全部所需数据。
[2026-04-03 07:19:49] [SUCCESS] bvid=BV1iqXgBpEyw 已成功抓取全部所需数据。
[2026-04-03 07:19:54] [SUCCESS] bvid=BV1jqXgBpEeE 已成功抓取全部所需数据。
[2026-04-03 07:19:59] [SUCCESS] bvid=BV13yXgBmENw 已成功抓取全部所需数据。
[2026-04-03 07:20:04] [SUCCESS] bvid=BV1GyXgBmEEE 已成功抓取全部所需数据。
[2026-04-03 07:20:09] [SUCCESS] bvid=BV1jqXgBWEEQ 已成功抓取全部所需数据。
[2026-04-03 07:20:14] [SUCCESS] bvid=BV1ayXgBmECu 已成功抓取全部所需数据。
[2026-04-03 07:20:19] [SUCCESS] bvid=BV1DyXgBmECf 已成功抓取全部所需数据。
[2026-04-03 07:20:24] [SUCCESS] bvid=BV1gyXgBmESV 已成功抓取全部所需数据。
[2026-04-03 07:20:29] [SUCCESS] bvid=BV1g2XgBjEjD 已成功抓取全部所需数据。
[2026-04-03 07:20:34] [SUCCESS] bvid=BV1G2XgBjEA2 已成功抓取全部所需数据。
[2026-04-03 07:20:38] [SUCCESS] bvid=BV1G2XgBjEVv 已成功抓取全部所需数据。
[2026-04-03 07:20:43] [SUCCESS] bvid=BV1VrXgBSEYj 已成功抓取全部所需数据。
[2026-04-03 07:20:48] [SUCCESS] bvid=BV1n4XgBFEDS 已成功抓取全部所需数据。
[2026-04-03 07:20:53] [SUCCESS] bvid=BV1erXgBSEx8 已成功抓取全部所需数据。
[2026-04-03 07:20:57] [SUCCESS] bvid=BV1VrXgBSEak 已成功抓取全部所需数据。
[2026-04-03 07:21:02] [SUCCESS] bvid=BV1QCXgBEEid 已成功抓取全部所需数据。
[2026-04-03 07:21:07] [SUCCESS] bvid=BV1H4XgBFEpb 已成功抓取全部所需数据。
[2026-04-03 07:21:12] [SUCCESS] bvid=BV1r4XgBFEsq 已成功抓取全部所需数据。
[2026-04-03 07:21:17] [SUCCESS] bvid=BV1GCXgBEEFE 已成功抓取全部所需数据。
[2026-04-03 07:21:21] [SUCCESS] bvid=BV1GCXgBEEfj 已成功抓取全部所需数据。
[2026-04-03 07:21:27] [SUCCESS] bvid=BV1GCXgBEE5S 已成功抓取全部所需数据。
[2026-04-03 07:21:31] [SUCCESS] bvid=BV1H4XgBFEYJ 已成功抓取全部所需数据。
[2026-04-03 07:21:36] [SUCCESS] bvid=BV1YFXHB7EvW 已成功抓取全部所需数据。
[2026-04-03 07:21:41] [SUCCESS] bvid=BV1ntXgBbEg4 已成功抓取全部所需数据。
[2026-04-03 07:21:46] [SUCCESS] bvid=BV1pWXgBwEnm 已成功抓取全部所需数据。
[2026-04-03 07:21:51] [SUCCESS] bvid=BV1rWXgBwE2v 已成功抓取全部所需数据。
[2026-04-03 07:21:55] [SUCCESS] bvid=BV1ntXgBbEwp 已成功抓取全部所需数据。
[2026-04-03 07:22:00] [SUCCESS] bvid=BV1JtXgBbEsd 已成功抓取全部所需数据。
[2026-04-03 07:22:06] [SUCCESS] bvid=BV1nbQSBMEEH 已成功抓取全部所需数据。
[2026-04-03 07:22:11] [SUCCESS] bvid=BV1FbQSBMEvd 已成功抓取全部所需数据。
[2026-04-03 07:22:22] [SUCCESS] bvid=BV1STXMBNEKo 已成功抓取全部所需数据。
[2026-04-03 07:22:27] [SUCCESS] bvid=BV14yXPBWEXf 已成功抓取全部所需数据。
[2026-04-03 07:22:33] [SUCCESS] bvid=BV13QAgzuE5X 已成功抓取全部所需数据。
[2026-04-03 07:22:38] [SUCCESS] bvid=BV1buAMzFEZ7 已成功抓取全部所需数据。
[2026-04-03 07:22:43] [SUCCESS] bvid=BV1ksXgBhEyA 已成功抓取全部所需数据。
[2026-04-03 07:22:48] [SUCCESS] bvid=BV14NXKBZEUB 已成功抓取全部所需数据。
[2026-04-03 07:22:53] [SUCCESS] bvid=BV1EaXgBdEH4 已成功抓取全部所需数据。
[2026-04-03 07:22:59] [SUCCESS] bvid=BV1qeXgBsEU9 已成功抓取全部所需数据。
[2026-04-03 07:23:04] [SUCCESS] bvid=BV1zbXgBZE9y 已成功抓取全部所需数据。
[2026-04-03 07:23:21] [SUCCESS] bvid=BV17eXgBsE6Q 已成功抓取全部所需数据。
[2026-04-03 07:23:39] [SUCCESS] bvid=BV1JhXgB4EF5 已成功抓取全部所需数据。
[2026-04-03 07:23:57] [SUCCESS] bvid=BV1JbXgBZE2j 已成功抓取全部所需数据。
[2026-04-03 07:24:15] [SUCCESS] bvid=BV1JhXgB4EpQ 已成功抓取全部所需数据。
[2026-04-03 07:24:33] [SUCCESS] bvid=BV1zhXgB4ExS 已成功抓取全部所需数据。
[2026-04-03 07:24:51] [SUCCESS] bvid=BV1JhXgB4Ec9 已成功抓取全部所需数据。
[2026-04-03 07:25:10] [SUCCESS] bvid=BV1PAX3BvEAe 已成功抓取全部所需数据。
[2026-04-03 07:25:27] [SUCCESS] bvid=BV1cNX3BPEyY 已成功抓取全部所需数据。
[2026-04-03 07:25:45] [SUCCESS] bvid=BV1cNX3BPEyv 已成功抓取全部所需数据。
[2026-04-03 07:25:57] [SUCCESS] bvid=BV1wNX3BPE9r 已成功抓取全部所需数据。
[2026-04-03 07:26:02] [SUCCESS] bvid=BV1HNX3BPEgv 已成功抓取全部所需数据。
[2026-04-03 07:26:07] [SUCCESS] bvid=BV1PFX3BqEub 已成功抓取全部所需数据。
[2026-04-03 07:26:13] [SUCCESS] bvid=BV1FuX3BhENK 已成功抓取全部所需数据。
[2026-04-03 07:26:13] [INFO] 当前 batch_crawl 已完成，所有视频均已成功抓取。
[2026-04-03 07:26:13] 子任务结束时间：2026-04-03T07:26:13.043906
[TIMESTAMP][END] 2026-04-03T07:26:13
