[TIMESTAMP][BEGIN] 2026-04-03T03:50:34
[2026-04-03 03:50:36] 开始执行 CSV 批量抓取子任务 part_17。
[2026-04-03 03:50:36] 子任务开始时间：2026-04-03T03:50:34.661877
[2026-04-03 03:50:36] 输入文件：batch_input_17.csv
[2026-04-03 03:50:36] 输入唯一 bvid 数量：100
[2026-04-03 03:50:36] 为严格按 CSV 顺序判断连续失败阈值，本次任务自动将并发度从 2 调整为 1。
[2026-04-03 03:50:41] [SUCCESS] bvid=BV1CaXzBEEDw 已成功抓取全部所需数据。
[2026-04-03 03:50:46] [SUCCESS] bvid=BV1YLXzBcEhX 已成功抓取全部所需数据。
[2026-04-03 03:50:51] [SUCCESS] bvid=BV1QLXzBFEuf 已成功抓取全部所需数据。
[2026-04-03 03:50:56] [SUCCESS] bvid=BV1QLXzBFE8g 已成功抓取全部所需数据。
[2026-04-03 03:51:01] [SUCCESS] bvid=BV1GLXzBcEZM 已成功抓取全部所需数据。
[2026-04-03 03:51:06] [SUCCESS] bvid=BV1QjXzBbEvW 已成功抓取全部所需数据。
[2026-04-03 03:51:11] [SUCCESS] bvid=BV1hbApzkEm4 已成功抓取全部所需数据。
[2026-04-03 03:51:15] [SUCCESS] bvid=BV1DjXzBbES9 已成功抓取全部所需数据。
[2026-04-03 03:51:20] [SUCCESS] bvid=BV18jXzBtEeP 已成功抓取全部所需数据。
[2026-04-03 03:51:25] [SUCCESS] bvid=BV15GXzBAE6r 已成功抓取全部所需数据。
[2026-04-03 03:51:31] [SUCCESS] bvid=BV1XGXzBwE84 已成功抓取全部所需数据。
[2026-04-03 03:51:36] [SUCCESS] bvid=BV1QVXzBhE9J 已成功抓取全部所需数据。
[2026-04-03 03:51:40] [SUCCESS] bvid=BV1MnXzBoEDX 已成功抓取全部所需数据。
[2026-04-03 03:51:45] [SUCCESS] bvid=BV1GyXdBLEbR 已成功抓取全部所需数据。
[2026-04-03 03:51:50] [SUCCESS] bvid=BV1GyXdBLEiH 已成功抓取全部所需数据。
[2026-04-03 03:51:55] [SUCCESS] bvid=BV1XyXdB5EMj 已成功抓取全部所需数据。
[2026-04-03 03:52:00] [SUCCESS] bvid=BV1XRXzBYEah 已成功抓取全部所需数据。
[2026-04-03 03:52:05] [SUCCESS] bvid=BV1a7XzBfE6c 已成功抓取全部所需数据。
[2026-04-03 03:52:10] [SUCCESS] bvid=BV1UpXzBsEFU 已成功抓取全部所需数据。
[2026-04-03 03:52:15] [SUCCESS] bvid=BV1QGXqBWEyZ 已成功抓取全部所需数据。
[2026-04-03 03:52:20] [SUCCESS] bvid=BV1zEXBBuEHK 已成功抓取全部所需数据。
[2026-04-03 03:52:25] [SUCCESS] bvid=BV1gJXzBtEqB 已成功抓取全部所需数据。
[2026-04-03 03:52:30] [SUCCESS] bvid=BV14gX6BpEch 已成功抓取全部所需数据。
[2026-04-03 03:52:34] [SUCCESS] bvid=BV1VPXYB5EAw 已成功抓取全部所需数据。
[2026-04-03 03:52:39] [SUCCESS] bvid=BV1b1X6BbEXG 已成功抓取全部所需数据。
[2026-04-03 03:52:44] [SUCCESS] bvid=BV1L8X6BzEgz 已成功抓取全部所需数据。
[2026-04-03 03:52:49] [SUCCESS] bvid=BV1LbX6BgE2o 已成功抓取全部所需数据。
[2026-04-03 03:52:54] [SUCCESS] bvid=BV1HFX8BJEjX 已成功抓取全部所需数据。
[2026-04-03 03:52:59] [SUCCESS] bvid=BV1eQXzBvEK5 已成功抓取全部所需数据。
[2026-04-03 03:53:03] [SUCCESS] bvid=BV1RQXzBvEd1 已成功抓取全部所需数据。
[2026-04-03 03:53:08] [SUCCESS] bvid=BV1vUXzBqE8e 已成功抓取全部所需数据。
[2026-04-03 03:53:13] [SUCCESS] bvid=BV1iUXzBqEdu 已成功抓取全部所需数据。
[2026-04-03 03:53:18] [SUCCESS] bvid=BV1RDXzBKELd 已成功抓取全部所需数据。
[2026-04-03 03:53:23] [SUCCESS] bvid=BV1vDXzBKEwQ 已成功抓取全部所需数据。
[2026-04-03 03:53:28] [SUCCESS] bvid=BV1vDXzBKE71 已成功抓取全部所需数据。
[2026-04-03 03:53:32] [SUCCESS] bvid=BV1DFX6BFE4g 已成功抓取全部所需数据。
[2026-04-03 03:53:37] [SUCCESS] bvid=BV1hFX6BFE1C 已成功抓取全部所需数据。
[2026-04-03 03:53:42] [SUCCESS] bvid=BV1aRXzBYEhc 已成功抓取全部所需数据。
[2026-04-03 03:53:46] [SUCCESS] bvid=BV1aoXzBwExP 已成功抓取全部所需数据。
[2026-04-03 03:53:51] [SUCCESS] bvid=BV1QoXzBwEMA 已成功抓取全部所需数据。
[2026-04-03 03:53:56] [SUCCESS] bvid=BV16zXzBCE5N 已成功抓取全部所需数据。
[2026-04-03 03:54:01] [SUCCESS] bvid=BV1zrXzBGEiU 已成功抓取全部所需数据。
[2026-04-03 03:54:05] [SUCCESS] bvid=BV16rXzBGEHr 已成功抓取全部所需数据。
[2026-04-03 03:54:10] [SUCCESS] bvid=BV1WiXzB2ENt 已成功抓取全部所需数据。
[2026-04-03 03:54:15] [SUCCESS] bvid=BV1rBXzB5Ekw 已成功抓取全部所需数据。
[2026-04-03 03:54:19] [SUCCESS] bvid=BV16BXzB5Ept 已成功抓取全部所需数据。
[2026-04-03 03:54:24] [SUCCESS] bvid=BV1kBXzB5EcN 已成功抓取全部所需数据。
[2026-04-03 03:54:29] [SUCCESS] bvid=BV1zJXBBBET1 已成功抓取全部所需数据。
[2026-04-03 03:54:33] [SUCCESS] bvid=BV1q1XzBzEnW 已成功抓取全部所需数据。
[2026-04-03 03:54:38] [SUCCESS] bvid=BV1KdXYBzEeJ 已成功抓取全部所需数据。
[2026-04-03 03:54:43] [SUCCESS] bvid=BV14iQUBCEyY 已成功抓取全部所需数据。
[2026-04-03 03:54:48] [SUCCESS] bvid=BV13ZXDBcEnc 已成功抓取全部所需数据。
[2026-04-03 03:54:53] [SUCCESS] bvid=BV1imXzBuEaT 已成功抓取全部所需数据。
[2026-04-03 03:54:58] [SUCCESS] bvid=BV1dmXzBMERD 已成功抓取全部所需数据。
[2026-04-03 03:55:03] [SUCCESS] bvid=BV1zkXzBrEYr 已成功抓取全部所需数据。
[2026-04-03 03:55:07] [SUCCESS] bvid=BV1zkXzBrEZh 已成功抓取全部所需数据。
[2026-04-03 03:55:12] [SUCCESS] bvid=BV1fyXzBgEr5 已成功抓取全部所需数据。
[2026-04-03 03:55:17] [SUCCESS] bvid=BV1p5X6BSEYD 已成功抓取全部所需数据。
[2026-04-03 03:55:22] [SUCCESS] bvid=BV1H7X6BmEjC 已成功抓取全部所需数据。
[2026-04-03 03:55:27] [SUCCESS] bvid=BV1KUX6B4EZY 已成功抓取全部所需数据。
[2026-04-03 03:55:31] [SUCCESS] bvid=BV1CVX6BnEzf 已成功抓取全部所需数据。
[2026-04-03 03:55:36] [SUCCESS] bvid=BV1CVX6BnEbi 已成功抓取全部所需数据。
[2026-04-03 03:55:41] [SUCCESS] bvid=BV1W5X6BSEvL 已成功抓取全部所需数据。
[2026-04-03 03:55:46] [SUCCESS] bvid=BV1y5X6BSEGc 已成功抓取全部所需数据。
[2026-04-03 03:55:50] [SUCCESS] bvid=BV1zpX6B5ENo 已成功抓取全部所需数据。
[2026-04-03 03:55:55] [SUCCESS] bvid=BV1BWX6BCEHo 已成功抓取全部所需数据。
[2026-04-03 03:56:00] [SUCCESS] bvid=BV1cJX6B7E87 已成功抓取全部所需数据。
[2026-04-03 03:56:05] [SUCCESS] bvid=BV1nnX6B1Emb 已成功抓取全部所需数据。
[2026-04-03 03:56:10] [SUCCESS] bvid=BV1JnX6B1EdZ 已成功抓取全部所需数据。
[2026-04-03 03:56:15] [SUCCESS] bvid=BV1MNX6BoEDS 已成功抓取全部所需数据。
[2026-04-03 03:56:19] [SUCCESS] bvid=BV1WuXBBLEHk 已成功抓取全部所需数据。
[2026-04-03 03:56:24] [SUCCESS] bvid=BV1QcX6BbEP9 已成功抓取全部所需数据。
[2026-04-03 03:56:29] [SUCCESS] bvid=BV1twX6BZEyc 已成功抓取全部所需数据。
[2026-04-03 03:56:34] [SUCCESS] bvid=BV1TKXBBEETg 已成功抓取全部所需数据。
[2026-04-03 03:56:39] [SUCCESS] bvid=BV1GaXiBQEFb 已成功抓取全部所需数据。
[2026-04-03 03:56:43] [SUCCESS] bvid=BV1xgX6BpESu 已成功抓取全部所需数据。
[2026-04-03 03:56:48] [SUCCESS] bvid=BV1MUX6B4EFi 已成功抓取全部所需数据。
[2026-04-03 03:56:53] [SUCCESS] bvid=BV1xgX6BpE6t 已成功抓取全部所需数据。
[2026-04-03 03:56:58] [SUCCESS] bvid=BV18wX6BZERv 已成功抓取全部所需数据。
[2026-04-03 03:57:03] [SUCCESS] bvid=BV18wX6BZE2Y 已成功抓取全部所需数据。
[2026-04-03 03:57:08] [SUCCESS] bvid=BV14TX6BsEX3 已成功抓取全部所需数据。
[2026-04-03 03:57:13] [SUCCESS] bvid=BV1ygX6BpEQJ 已成功抓取全部所需数据。
[2026-04-03 03:57:18] [SUCCESS] bvid=BV1xgX6BpEzN 已成功抓取全部所需数据。
[2026-04-03 03:57:23] [SUCCESS] bvid=BV1tTX6BsEAK 已成功抓取全部所需数据。
[2026-04-03 03:57:27] [SUCCESS] bvid=BV14MX6B9EQX 已成功抓取全部所需数据。
[2026-04-03 03:57:32] [SUCCESS] bvid=BV11MX6B9EWF 已成功抓取全部所需数据。
[2026-04-03 03:57:37] [SUCCESS] bvid=BV12MX6B9ENq 已成功抓取全部所需数据。
[2026-04-03 03:57:42] [SUCCESS] bvid=BV1arX6BwETU 已成功抓取全部所需数据。
[2026-04-03 03:57:47] [SUCCESS] bvid=BV1ukX6BhEWW 已成功抓取全部所需数据。
[2026-04-03 03:57:51] [SUCCESS] bvid=BV13kX6BhELA 已成功抓取全部所需数据。
[2026-04-03 03:57:56] [SUCCESS] bvid=BV1gkX6BhEdw 已成功抓取全部所需数据。
[2026-04-03 03:58:00] [SUCCESS] bvid=BV1DkX6BhEpu 已成功抓取全部所需数据。
[2026-04-03 03:58:05] [SUCCESS] bvid=BV1XBX6BPEQc 已成功抓取全部所需数据。
[2026-04-03 03:58:10] [SUCCESS] bvid=BV1ukX6BhEvb 已成功抓取全部所需数据。
[2026-04-03 03:58:15] [SUCCESS] bvid=BV1VBX6BPEGe 已成功抓取全部所需数据。
[2026-04-03 03:58:20] [SUCCESS] bvid=BV1GzX6BYEc6 已成功抓取全部所需数据。
[2026-04-03 03:58:25] [SUCCESS] bvid=BV1VBX6BPEKM 已成功抓取全部所需数据。
[2026-04-03 03:58:30] [SUCCESS] bvid=BV1GzX6BYEAG 已成功抓取全部所需数据。
[2026-04-03 03:58:35] [SUCCESS] bvid=BV1VBX6BPEKt 已成功抓取全部所需数据。
[2026-04-03 03:58:40] [SUCCESS] bvid=BV13zX6BYEGA 已成功抓取全部所需数据。
[2026-04-03 03:58:40] [INFO] 当前 batch_crawl 已完成，所有视频均已成功抓取。
[2026-04-03 03:58:40] 子任务结束时间：2026-04-03T03:58:40.045641
[TIMESTAMP][END] 2026-04-03T03:58:40
