[TIMESTAMP][BEGIN] 2026-04-03T06:20:01
[2026-04-03 06:20:03] 开始执行 CSV 批量抓取子任务 part_35。
[2026-04-03 06:20:03] 子任务开始时间：2026-04-03T06:20:01.056147
[2026-04-03 06:20:03] 输入文件：batch_input_35.csv
[2026-04-03 06:20:03] 输入唯一 bvid 数量：100
[2026-04-03 06:20:03] 为严格按 CSV 顺序判断连续失败阈值，本次任务自动将并发度从 2 调整为 1。
[2026-04-03 06:20:07] [SUCCESS] bvid=BV1qwXjB6EeJ 已成功抓取全部所需数据。
[2026-04-03 06:20:12] [SUCCESS] bvid=BV1qwXjB6E9e 已成功抓取全部所需数据。
[2026-04-03 06:20:17] [SUCCESS] bvid=BV1ZwXjB6E7W 已成功抓取全部所需数据。
[2026-04-03 06:20:21] [SUCCESS] bvid=BV1ZwXjB6EWY 已成功抓取全部所需数据。
[2026-04-03 06:20:26] [SUCCESS] bvid=BV1qwXjB6E6i 已成功抓取全部所需数据。
[2026-04-03 06:20:31] [SUCCESS] bvid=BV1qwXjB6ERf 已成功抓取全部所需数据。
[2026-04-03 06:20:36] [SUCCESS] bvid=BV1N2XLBQENP 已成功抓取全部所需数据。
[2026-04-03 06:20:40] [SUCCESS] bvid=BV17wXjBrExE 已成功抓取全部所需数据。
[2026-04-03 06:20:45] [SUCCESS] bvid=BV111XLBHE2R 已成功抓取全部所需数据。
[2026-04-03 06:20:50] [SUCCESS] bvid=BV1N1XLBpEyq 已成功抓取全部所需数据。
[2026-04-03 06:20:55] [SUCCESS] bvid=BV1K1XLBpEjQ 已成功抓取全部所需数据。
[2026-04-03 06:21:00] [SUCCESS] bvid=BV1K1XLBpE7h 已成功抓取全部所需数据。
[2026-04-03 06:21:05] [SUCCESS] bvid=BV111XLBHEmJ 已成功抓取全部所需数据。
[2026-04-03 06:21:09] [SUCCESS] bvid=BV1K1XLBpE71 已成功抓取全部所需数据。
[2026-04-03 06:21:14] [SUCCESS] bvid=BV111XLBHEi4 已成功抓取全部所需数据。
[2026-04-03 06:21:19] [SUCCESS] bvid=BV12kXLBWEdF 已成功抓取全部所需数据。
[2026-04-03 06:21:24] [SUCCESS] bvid=BV1x1XLBpEYQ 已成功抓取全部所需数据。
[2026-04-03 06:21:28] [SUCCESS] bvid=BV1y2XLBDEi7 已成功抓取全部所需数据。
[2026-04-03 06:21:33] [SUCCESS] bvid=BV1mkXLBWELG 已成功抓取全部所需数据。
[2026-04-03 06:21:38] [SUCCESS] bvid=BV1y2XLBDE4A 已成功抓取全部所需数据。
[2026-04-03 06:21:42] [SUCCESS] bvid=BV1y2XLBDEqr 已成功抓取全部所需数据。
[2026-04-03 06:21:48] [SUCCESS] bvid=BV1KCXLB9Ed7 已成功抓取全部所需数据。
[2026-04-03 06:21:52] [SUCCESS] bvid=BV1y2XLBDEDn 已成功抓取全部所需数据。
[2026-04-03 06:21:57] [SUCCESS] bvid=BV1y2XLBDEXg 已成功抓取全部所需数据。
[2026-04-03 06:22:02] [SUCCESS] bvid=BV1P2XLBQEZp 已成功抓取全部所需数据。
[2026-04-03 06:22:06] [SUCCESS] bvid=BV1s2XLBQEqU 已成功抓取全部所需数据。
[2026-04-03 06:22:11] [SUCCESS] bvid=BV1y2XLBDEXq 已成功抓取全部所需数据。
[2026-04-03 06:22:16] [SUCCESS] bvid=BV14kXLBsEBD 已成功抓取全部所需数据。
[2026-04-03 06:22:20] [SUCCESS] bvid=BV1mkXLBWEG8 已成功抓取全部所需数据。
[2026-04-03 06:22:25] [SUCCESS] bvid=BV12kXLBWEqQ 已成功抓取全部所需数据。
[2026-04-03 06:22:30] [SUCCESS] bvid=BV1mkXLBWEF7 已成功抓取全部所需数据。
[2026-04-03 06:22:34] [SUCCESS] bvid=BV12kXLBWEbL 已成功抓取全部所需数据。
[2026-04-03 06:22:39] [SUCCESS] bvid=BV1TkXLBsEho 已成功抓取全部所需数据。
[2026-04-03 06:22:44] [SUCCESS] bvid=BV1sQXLBEELk 已成功抓取全部所需数据。
[2026-04-03 06:22:48] [SUCCESS] bvid=BV1CQXLB7EXQ 已成功抓取全部所需数据。
[2026-04-03 06:22:53] [SUCCESS] bvid=BV1mCXLBXEy8 已成功抓取全部所需数据。
[2026-04-03 06:22:58] [SUCCESS] bvid=BV1CQXLB7Ek7 已成功抓取全部所需数据。
[2026-04-03 06:23:02] [SUCCESS] bvid=BV1kXXLB2EfN 已成功抓取全部所需数据。
[2026-04-03 06:23:07] [SUCCESS] bvid=BV1HXXLBmEBx 已成功抓取全部所需数据。
[2026-04-03 06:23:12] [SUCCESS] bvid=BV1CXXLB2EYE 已成功抓取全部所需数据。
[2026-04-03 06:23:17] [SUCCESS] bvid=BV1bHXjBoE1h 已成功抓取全部所需数据。
[2026-04-03 06:23:22] [SUCCESS] bvid=BV1KUXLBnE5P 已成功抓取全部所需数据。
[2026-04-03 06:23:26] [SUCCESS] bvid=BV1uHXjBZEbD 已成功抓取全部所需数据。
[2026-04-03 06:23:31] [SUCCESS] bvid=BV1uHXjBZE29 已成功抓取全部所需数据。
[2026-04-03 06:23:36] [SUCCESS] bvid=BV1mWXjBxEcW 已成功抓取全部所需数据。
[2026-04-03 06:23:41] [SUCCESS] bvid=BV1ZoXVBKESa 已成功抓取全部所需数据。
[2026-04-03 06:23:45] [SUCCESS] bvid=BV1ZEA3zSE7u 已成功抓取全部所需数据。
[2026-04-03 06:23:50] [SUCCESS] bvid=BV1tWXjBxEDW 已成功抓取全部所需数据。
[2026-04-03 06:23:55] [SUCCESS] bvid=BV1SnXjBtE8t 已成功抓取全部所需数据。
[2026-04-03 06:24:00] [SUCCESS] bvid=BV18EXjBfEfB 已成功抓取全部所需数据。
[2026-04-03 06:24:05] [SUCCESS] bvid=BV13RXjBNECj 已成功抓取全部所需数据。
[2026-04-03 06:24:09] [SUCCESS] bvid=BV18nXjBtEwf 已成功抓取全部所需数据。
[2026-04-03 06:24:14] [SUCCESS] bvid=BV1stXjBXELM 已成功抓取全部所需数据。
[2026-04-03 06:24:18] [SUCCESS] bvid=BV11tXjBXEPv 已成功抓取全部所需数据。
[2026-04-03 06:24:23] [SUCCESS] bvid=BV1W8XjBHEb8 已成功抓取全部所需数据。
[2026-04-03 06:24:28] [SUCCESS] bvid=BV1P8XjBpEsw 已成功抓取全部所需数据。
[2026-04-03 06:24:33] [SUCCESS] bvid=BV118XjBHEF3 已成功抓取全部所需数据。
[2026-04-03 06:24:39] [SUCCESS] bvid=BV118XjBHEWy 已成功抓取全部所需数据。
[2026-04-03 06:24:44] [SUCCESS] bvid=BV124XjBWES6 已成功抓取全部所需数据。
[2026-04-03 06:24:49] [SUCCESS] bvid=BV1vgXjBNEcD 已成功抓取全部所需数据。
[2026-04-03 06:24:53] [SUCCESS] bvid=BV1eMXjBiEmS 已成功抓取全部所需数据。
[2026-04-03 06:24:58] [SUCCESS] bvid=BV1oTXjBTEij 已成功抓取全部所需数据。
[2026-04-03 06:25:03] [SUCCESS] bvid=BV1xxX5BjEwu 已成功抓取全部所需数据。
[2026-04-03 06:25:08] [SUCCESS] bvid=BV193XjBeEK9 已成功抓取全部所需数据。
[2026-04-03 06:25:13] [SUCCESS] bvid=BV1iMXjBiEFH 已成功抓取全部所需数据。
[2026-04-03 06:25:18] [SUCCESS] bvid=BV1DjXjBcEsq 已成功抓取全部所需数据。
[2026-04-03 06:25:23] [SUCCESS] bvid=BV15MXjBqE4L 已成功抓取全部所需数据。
[2026-04-03 06:25:27] [SUCCESS] bvid=BV1h7XjB8Ept 已成功抓取全部所需数据。
[2026-04-03 06:25:32] [SUCCESS] bvid=BV19VXjBAELs 已成功抓取全部所需数据。
[2026-04-03 06:25:37] [SUCCESS] bvid=BV1a7XjB8ENX 已成功抓取全部所需数据。
[2026-04-03 06:25:42] [SUCCESS] bvid=BV1a5XjBaE6m 已成功抓取全部所需数据。
[2026-04-03 06:25:47] [SUCCESS] bvid=BV1VVXjBPEBJ 已成功抓取全部所需数据。
[2026-04-03 06:25:52] [SUCCESS] bvid=BV1Y5XjBaEH4 已成功抓取全部所需数据。
[2026-04-03 06:25:57] [SUCCESS] bvid=BV1wUXVBkETj 已成功抓取全部所需数据。
[2026-04-03 06:26:01] [SUCCESS] bvid=BV1a5XjBaEKV 已成功抓取全部所需数据。
[2026-04-03 06:26:06] [SUCCESS] bvid=BV1a5XjBaECK 已成功抓取全部所需数据。
[2026-04-03 06:26:11] [SUCCESS] bvid=BV1i2XjB6EEx 已成功抓取全部所需数据。
[2026-04-03 06:26:16] [SUCCESS] bvid=BV1jUXjBuE5x 已成功抓取全部所需数据。
[2026-04-03 06:26:21] [SUCCESS] bvid=BV1zCXjBkEpa 已成功抓取全部所需数据。
[2026-04-03 06:26:26] [SUCCESS] bvid=BV1v2XjB6Efs 已成功抓取全部所需数据。
[2026-04-03 06:26:31] [SUCCESS] bvid=BV1ECXjBkExE 已成功抓取全部所需数据。
[2026-04-03 06:26:36] [SUCCESS] bvid=BV1zCXjBkEwT 已成功抓取全部所需数据。
[2026-04-03 06:26:40] [SUCCESS] bvid=BV1RQXjBTEfY 已成功抓取全部所需数据。
[2026-04-03 06:26:45] [SUCCESS] bvid=BV171XjB3E1d 已成功抓取全部所需数据。
[2026-04-03 06:26:50] [SUCCESS] bvid=BV1GXXjBiEBz 已成功抓取全部所需数据。
[2026-04-03 06:26:55] [SUCCESS] bvid=BV13RXjBNEkn 已成功抓取全部所需数据。
[2026-04-03 06:27:00] [SUCCESS] bvid=BV1eXXjBiErQ 已成功抓取全部所需数据。
[2026-04-03 06:27:05] [SUCCESS] bvid=BV1GRXjBNEWT 已成功抓取全部所需数据。
[2026-04-03 06:27:10] [SUCCESS] bvid=BV1McXPB9EBt 已成功抓取全部所需数据。
[2026-04-03 06:27:15] [SUCCESS] bvid=BV1dSXjBBEzF 已成功抓取全部所需数据。
[2026-04-03 06:27:20] [SUCCESS] bvid=BV1aRXjBNErL 已成功抓取全部所需数据。
[2026-04-03 06:27:24] [SUCCESS] bvid=BV15SXjBBEiS 已成功抓取全部所需数据。
[2026-04-03 06:27:30] [SUCCESS] bvid=BV15SXjBBEKX 已成功抓取全部所需数据。
[2026-04-03 06:27:35] [SUCCESS] bvid=BV1vSXjBBEr5 已成功抓取全部所需数据。
[2026-04-03 06:27:40] [SUCCESS] bvid=BV1LSXjBBE9A 已成功抓取全部所需数据。
[2026-04-03 06:27:45] [SUCCESS] bvid=BV15QXjBME9o 已成功抓取全部所需数据。
[2026-04-03 06:27:50] [SUCCESS] bvid=BV15QXjBTErG 已成功抓取全部所需数据。
[2026-04-03 06:27:55] [SUCCESS] bvid=BV15QXjBTEQF 已成功抓取全部所需数据。
[2026-04-03 06:28:00] [SUCCESS] bvid=BV1J6XjByEiW 已成功抓取全部所需数据。
[2026-04-03 06:28:05] [SUCCESS] bvid=BV1HiXjB7EFV 已成功抓取全部所需数据。
[2026-04-03 06:28:05] [INFO] 当前 batch_crawl 已完成，所有视频均已成功抓取。
[2026-04-03 06:28:05] 子任务结束时间：2026-04-03T06:28:05.739471
[TIMESTAMP][END] 2026-04-03T06:28:05
