[TIMESTAMP][BEGIN] 2026-04-03T04:25:16
[2026-04-03 04:25:18] 开始执行 CSV 批量抓取子任务 part_21。
[2026-04-03 04:25:18] 子任务开始时间：2026-04-03T04:25:16.547369
[2026-04-03 04:25:18] 输入文件：batch_input_21.csv
[2026-04-03 04:25:18] 输入唯一 bvid 数量：100
[2026-04-03 04:25:18] 为严格按 CSV 顺序判断连续失败阈值，本次任务自动将并发度从 2 调整为 1。
[2026-04-03 04:25:23] [SUCCESS] bvid=BV1EUXaBsEhY 已成功抓取全部所需数据。
[2026-04-03 04:25:28] [SUCCESS] bvid=BV1pwXeBeEmt 已成功抓取全部所需数据。
[2026-04-03 04:25:33] [SUCCESS] bvid=BV1RjXaBjEY3 已成功抓取全部所需数据。
[2026-04-03 04:25:38] [SUCCESS] bvid=BV123XMBaEsu 已成功抓取全部所需数据。
[2026-04-03 04:25:43] [SUCCESS] bvid=BV1fSXaBXEyo 已成功抓取全部所需数据。
[2026-04-03 04:25:47] [SUCCESS] bvid=BV1n1XaB4E5A 已成功抓取全部所需数据。
[2026-04-03 04:25:52] [SUCCESS] bvid=BV1fSXaBXEwQ 已成功抓取全部所需数据。
[2026-04-03 04:25:57] [SUCCESS] bvid=BV1c1XaB4Ekr 已成功抓取全部所需数据。
[2026-04-03 04:26:02] [SUCCESS] bvid=BV1F1XaB4E6d 已成功抓取全部所需数据。
[2026-04-03 04:26:07] [SUCCESS] bvid=BV1F2XaBdEV2 已成功抓取全部所需数据。
[2026-04-03 04:26:12] [SUCCESS] bvid=BV127XYBeEA1 已成功抓取全部所需数据。
[2026-04-03 04:26:16] [SUCCESS] bvid=BV1CnXYBaEiW 已成功抓取全部所需数据。
[2026-04-03 04:26:21] [SUCCESS] bvid=BV1rWXYB8EZt 已成功抓取全部所需数据。
[2026-04-03 04:26:26] [SUCCESS] bvid=BV11jXYBNEEY 已成功抓取全部所需数据。
[2026-04-03 04:26:31] [SUCCESS] bvid=BV11nXYBaENo 已成功抓取全部所需数据。
[2026-04-03 04:26:36] [SUCCESS] bvid=BV1CnXYBaEBS 已成功抓取全部所需数据。
[2026-04-03 04:26:40] [SUCCESS] bvid=BV12jXYBNE88 已成功抓取全部所需数据。
[2026-04-03 04:26:45] [SUCCESS] bvid=BV127XYBeEcv 已成功抓取全部所需数据。
[2026-04-03 04:26:50] [SUCCESS] bvid=BV1mjXYBNEKn 已成功抓取全部所需数据。
[2026-04-03 04:26:55] [SUCCESS] bvid=BV1ksXYBfEAU 已成功抓取全部所需数据。
[2026-04-03 04:27:00] [SUCCESS] bvid=BV1ZbXhBEETB 已成功抓取全部所需数据。
[2026-04-03 04:27:05] [SUCCESS] bvid=BV1o3XaBSE5w 已成功抓取全部所需数据。
[2026-04-03 04:27:10] [SUCCESS] bvid=BV115XhBZEht 已成功抓取全部所需数据。
[2026-04-03 04:27:15] [SUCCESS] bvid=BV1CJXhBsEUf 已成功抓取全部所需数据。
[2026-04-03 04:27:19] [SUCCESS] bvid=BV1PTXSBjEfh 已成功抓取全部所需数据。
[2026-04-03 04:27:24] [SUCCESS] bvid=BV1qJXoBnEMA 已成功抓取全部所需数据。
[2026-04-03 04:27:29] [SUCCESS] bvid=BV1z5XoB9EVq 已成功抓取全部所需数据。
[2026-04-03 04:27:34] [SUCCESS] bvid=BV1TuXhBAEGN 已成功抓取全部所需数据。
[2026-04-03 04:27:39] [SUCCESS] bvid=BV1hRXNBvEf6 已成功抓取全部所需数据。
[2026-04-03 04:27:44] [SUCCESS] bvid=BV1cgXeBFEqP 已成功抓取全部所需数据。
[2026-04-03 04:27:49] [SUCCESS] bvid=BV163XeBtE4D 已成功抓取全部所需数据。
[2026-04-03 04:27:54] [SUCCESS] bvid=BV1bmXhBKE4U 已成功抓取全部所需数据。
[2026-04-03 04:27:59] [SUCCESS] bvid=BV1xQXhBYEeC 已成功抓取全部所需数据。
[2026-04-03 04:28:03] [SUCCESS] bvid=BV1zbXhBEEAM 已成功抓取全部所需数据。
[2026-04-03 04:28:08] [SUCCESS] bvid=BV1SSXYBkE4y 已成功抓取全部所需数据。
[2026-04-03 04:28:13] [SUCCESS] bvid=BV1ksXYBfEoT 已成功抓取全部所需数据。
[2026-04-03 04:28:18] [SUCCESS] bvid=BV1AxXYBFEAT 已成功抓取全部所需数据。
[2026-04-03 04:28:23] [SUCCESS] bvid=BV1ypXYBcEJi 已成功抓取全部所需数据。
[2026-04-03 04:28:28] [SUCCESS] bvid=BV1rWXYB8EoH 已成功抓取全部所需数据。
[2026-04-03 04:28:33] [SUCCESS] bvid=BV1LzXYBnEah 已成功抓取全部所需数据。
[2026-04-03 04:28:37] [SUCCESS] bvid=BV1SMXYB6EFf 已成功抓取全部所需数据。
[2026-04-03 04:28:42] [SUCCESS] bvid=BV1DTXYB3ESo 已成功抓取全部所需数据。
[2026-04-03 04:28:47] [SUCCESS] bvid=BV1STXYB3EZs 已成功抓取全部所需数据。
[2026-04-03 04:28:52] [SUCCESS] bvid=BV1yoXhBFEbu 已成功抓取全部所需数据。
[2026-04-03 04:28:56] [SUCCESS] bvid=BV1gMXYBrEqs 已成功抓取全部所需数据。
[2026-04-03 04:29:01] [SUCCESS] bvid=BV13PXYB5EZH 已成功抓取全部所需数据。
[2026-04-03 04:29:06] [SUCCESS] bvid=BV1ZjXoBpEiv 已成功抓取全部所需数据。
[2026-04-03 04:29:11] [SUCCESS] bvid=BV1sfXYBiE4a 已成功抓取全部所需数据。
[2026-04-03 04:29:16] [SUCCESS] bvid=BV1EXXoBZEBy 已成功抓取全部所需数据。
[2026-04-03 04:29:20] [SUCCESS] bvid=BV1HaQ6B5EuG 已成功抓取全部所需数据。
[2026-04-03 04:29:25] [SUCCESS] bvid=BV1YXXjBiEbn 已成功抓取全部所需数据。
[2026-04-03 04:29:30] [SUCCESS] bvid=BV1hrXbBaE4b 已成功抓取全部所需数据。
[2026-04-03 04:29:35] [SUCCESS] bvid=BV1azXhBrEik 已成功抓取全部所需数据。
[2026-04-03 04:29:40] [SUCCESS] bvid=BV1GNXYBCEFZ 已成功抓取全部所需数据。
[2026-04-03 04:29:45] [SUCCESS] bvid=BV13NXYBCEjB 已成功抓取全部所需数据。
[2026-04-03 04:29:50] [SUCCESS] bvid=BV1UVXYBTEcn 已成功抓取全部所需数据。
[2026-04-03 04:29:55] [SUCCESS] bvid=BV1QNXYBkEXX 已成功抓取全部所需数据。
[2026-04-03 04:30:00] [SUCCESS] bvid=BV1UVXYBTEHR 已成功抓取全部所需数据。
[2026-04-03 04:30:05] [SUCCESS] bvid=BV12VXYBTEr6 已成功抓取全部所需数据。
[2026-04-03 04:30:10] [SUCCESS] bvid=BV1mVXYBTEP6 已成功抓取全部所需数据。
[2026-04-03 04:30:14] [SUCCESS] bvid=BV1K5XYBqELi 已成功抓取全部所需数据。
[2026-04-03 04:30:20] [SUCCESS] bvid=BV1MgXYBgErX 已成功抓取全部所需数据。
[2026-04-03 04:30:24] [SUCCESS] bvid=BV1bgXYBgEzM 已成功抓取全部所需数据。
[2026-04-03 04:30:29] [SUCCESS] bvid=BV1UgXYBuE7m 已成功抓取全部所需数据。
[2026-04-03 04:30:34] [SUCCESS] bvid=BV1ggXYBgEgB 已成功抓取全部所需数据。
[2026-04-03 04:30:39] [SUCCESS] bvid=BV1DgXYBuEKc 已成功抓取全部所需数据。
[2026-04-03 04:30:44] [SUCCESS] bvid=BV1S3XYBBEAw 已成功抓取全部所需数据。
[2026-04-03 04:30:49] [SUCCESS] bvid=BV1SgXYBuE8U 已成功抓取全部所需数据。
[2026-04-03 04:30:54] [SUCCESS] bvid=BV1YkXYB7Eg2 已成功抓取全部所需数据。
[2026-04-03 04:30:59] [SUCCESS] bvid=BV1S3XYBBEHJ 已成功抓取全部所需数据。
[2026-04-03 04:31:04] [SUCCESS] bvid=BV1aCXYB2E9m 已成功抓取全部所需数据。
[2026-04-03 04:31:08] [SUCCESS] bvid=BV1eCXYB2EMg 已成功抓取全部所需数据。
[2026-04-03 04:31:13] [SUCCESS] bvid=BV1SaXoBGEjz 已成功抓取全部所需数据。
[2026-04-03 04:31:18] [SUCCESS] bvid=BV1e6XYBUEHM 已成功抓取全部所需数据。
[2026-04-03 04:31:23] [SUCCESS] bvid=BV1e6XYBUEu2 已成功抓取全部所需数据。
[2026-04-03 04:31:28] [SUCCESS] bvid=BV1e6XYBUEdM 已成功抓取全部所需数据。
[2026-04-03 04:31:33] [SUCCESS] bvid=BV1SSXYBkEJG 已成功抓取全部所需数据。
[2026-04-03 04:31:38] [SUCCESS] bvid=BV1ekXYB7ECA 已成功抓取全部所需数据。
[2026-04-03 04:31:43] [SUCCESS] bvid=BV1RkXYB7Eto 已成功抓取全部所需数据。
[2026-04-03 04:31:48] [SUCCESS] bvid=BV1DSXYBkEjo 已成功抓取全部所需数据。
[2026-04-03 04:31:52] [SUCCESS] bvid=BV1wTXVB6EkY 已成功抓取全部所需数据。
[2026-04-03 04:31:57] [SUCCESS] bvid=BV18QXYB3EkB 已成功抓取全部所需数据。
[2026-04-03 04:32:02] [SUCCESS] bvid=BV18QXYB3EFP 已成功抓取全部所需数据。
[2026-04-03 04:32:07] [SUCCESS] bvid=BV1qYXYBWEzm 已成功抓取全部所需数据。
[2026-04-03 04:32:11] [SUCCESS] bvid=BV18QXYB3ECR 已成功抓取全部所需数据。
[2026-04-03 04:32:16] [SUCCESS] bvid=BV1iaXhBjEHN 已成功抓取全部所需数据。
[2026-04-03 04:32:21] [SUCCESS] bvid=BV18QXYB3EKQ 已成功抓取全部所需数据。
[2026-04-03 04:32:26] [SUCCESS] bvid=BV18QXYB3EAV 已成功抓取全部所需数据。
[2026-04-03 04:32:31] [SUCCESS] bvid=BV1gQXYBGEcV 已成功抓取全部所需数据。
[2026-04-03 04:32:35] [SUCCESS] bvid=BV1y7XhBdEaQ 已成功抓取全部所需数据。
[2026-04-03 04:32:41] [SUCCESS] bvid=BV1D2XYByEkJ 已成功抓取全部所需数据。
[2026-04-03 04:32:45] [SUCCESS] bvid=BV1a2XYByErN 已成功抓取全部所需数据。
[2026-04-03 04:32:50] [SUCCESS] bvid=BV1hUXYBVExw 已成功抓取全部所需数据。
[2026-04-03 04:32:55] [SUCCESS] bvid=BV182XYByE9A 已成功抓取全部所需数据。
[2026-04-03 04:33:00] [SUCCESS] bvid=BV1h2XYByEwg 已成功抓取全部所需数据。
[2026-04-03 04:33:18] [SUCCESS] bvid=BV1D2XYByEym 已成功抓取全部所需数据。
[2026-04-03 04:33:36] [SUCCESS] bvid=BV1hUXYBVE8a 已成功抓取全部所需数据。
[2026-04-03 04:33:54] [SUCCESS] bvid=BV1hUXYBVEZ8 已成功抓取全部所需数据。
[2026-04-03 04:34:12] [SUCCESS] bvid=BV18UXYBVE2K 已成功抓取全部所需数据。
[2026-04-03 04:34:30] [SUCCESS] bvid=BV1zhXYBREyR 已成功抓取全部所需数据。
[2026-04-03 04:34:30] [INFO] 当前 batch_crawl 已完成，所有视频均已成功抓取。
[2026-04-03 04:34:30] 子任务结束时间：2026-04-03T04:34:30.587983
[TIMESTAMP][END] 2026-04-03T04:34:30
