[TIMESTAMP][BEGIN] 2026-04-03T06:52:56
[2026-04-03 06:52:58] 开始执行 CSV 批量抓取子任务 part_39。
[2026-04-03 06:52:58] 子任务开始时间：2026-04-03T06:52:56.692455
[2026-04-03 06:52:58] 输入文件：batch_input_39.csv
[2026-04-03 06:52:58] 输入唯一 bvid 数量：100
[2026-04-03 06:52:58] 为严格按 CSV 顺序判断连续失败阈值，本次任务自动将并发度从 2 调整为 1。
[2026-04-03 06:53:03] [SUCCESS] bvid=BV1jzXGBfEtj 已成功抓取全部所需数据。
[2026-04-03 06:53:08] [SUCCESS] bvid=BV1jzXGBfEmV 已成功抓取全部所需数据。
[2026-04-03 06:53:13] [SUCCESS] bvid=BV1amXGBWEAv 已成功抓取全部所需数据。
[2026-04-03 06:53:18] [SUCCESS] bvid=BV13UXGBXEd5 已成功抓取全部所需数据。
[2026-04-03 06:53:23] [SUCCESS] bvid=BV1GUXGBXEKY 已成功抓取全部所需数据。
[2026-04-03 06:53:28] [SUCCESS] bvid=BV1G1XGBRE7D 已成功抓取全部所需数据。
[2026-04-03 06:53:33] [SUCCESS] bvid=BV1JhXGBNEZi 已成功抓取全部所需数据。
[2026-04-03 06:53:39] [SUCCESS] bvid=BV1HbXGBiEhV 已成功抓取全部所需数据。
[2026-04-03 06:53:44] [SUCCESS] bvid=BV1nbXGBiExe 已成功抓取全部所需数据。
[2026-04-03 06:53:49] [SUCCESS] bvid=BV16hXGBNExJ 已成功抓取全部所需数据。
[2026-04-03 06:53:54] [SUCCESS] bvid=BV1HhXGBNEsi 已成功抓取全部所需数据。
[2026-04-03 06:53:58] [SUCCESS] bvid=BV1rhXGBNEj9 已成功抓取全部所需数据。
[2026-04-03 06:54:04] [SUCCESS] bvid=BV1PxXGBzEaT 已成功抓取全部所需数据。
[2026-04-03 06:54:09] [SUCCESS] bvid=BV17vXGBaEm9 已成功抓取全部所需数据。
[2026-04-03 06:54:14] [SUCCESS] bvid=BV17qXGBcEPZ 已成功抓取全部所需数据。
[2026-04-03 06:54:19] [SUCCESS] bvid=BV1naXGBeEPc 已成功抓取全部所需数据。
[2026-04-03 06:54:25] [SUCCESS] bvid=BV1JeXGBAE4Q 已成功抓取全部所需数据。
[2026-04-03 06:54:30] [SUCCESS] bvid=BV1itXbB3EKp 已成功抓取全部所需数据。
[2026-04-03 06:54:34] [SUCCESS] bvid=BV1PKXVB3EFC 已成功抓取全部所需数据。
[2026-04-03 06:54:40] [SUCCESS] bvid=BV1AKXVB3EtL 已成功抓取全部所需数据。
[2026-04-03 06:54:44] [SUCCESS] bvid=BV1eUXNBzEoi 已成功抓取全部所需数据。
[2026-04-03 06:54:49] [SUCCESS] bvid=BV1MbXTBwEHk 已成功抓取全部所需数据。
[2026-04-03 06:54:54] [SUCCESS] bvid=BV12WXNBdEBa 已成功抓取全部所需数据。
[2026-04-03 06:54:59] [SUCCESS] bvid=BV1ATXVB6E2f 已成功抓取全部所需数据。
[2026-04-03 06:55:04] [SUCCESS] bvid=BV1wTXVB6EcT 已成功抓取全部所需数据。
[2026-04-03 06:55:09] [SUCCESS] bvid=BV1HTXVB6E8p 已成功抓取全部所需数据。
[2026-04-03 06:55:14] [SUCCESS] bvid=BV1HTXVB6EZc 已成功抓取全部所需数据。
[2026-04-03 06:55:19] [SUCCESS] bvid=BV1NAXVBVE9K 已成功抓取全部所需数据。
[2026-04-03 06:55:24] [SUCCESS] bvid=BV1PAXVBVEgh 已成功抓取全部所需数据。
[2026-04-03 06:55:30] [SUCCESS] bvid=BV1fVXVBvE76 已成功抓取全部所需数据。
[2026-04-03 06:55:35] [SUCCESS] bvid=BV1FVXVBiEru 已成功抓取全部所需数据。
[2026-04-03 06:55:40] [SUCCESS] bvid=BV1FVXVBiEdg 已成功抓取全部所需数据。
[2026-04-03 06:55:45] [SUCCESS] bvid=BV1AuXVBuEKL 已成功抓取全部所需数据。
[2026-04-03 06:55:50] [SUCCESS] bvid=BV1puXVBuEib 已成功抓取全部所需数据。
[2026-04-03 06:55:55] [SUCCESS] bvid=BV1iqXgBpEGs 已成功抓取全部所需数据。
[2026-04-03 06:56:00] [SUCCESS] bvid=BV19jXTBuEMS 已成功抓取全部所需数据。
[2026-04-03 06:56:05] [SUCCESS] bvid=BV1pgXVBBEge 已成功抓取全部所需数据。
[2026-04-03 06:56:10] [SUCCESS] bvid=BV189XGBJECY 已成功抓取全部所需数据。
[2026-04-03 06:56:15] [SUCCESS] bvid=BV1uRXGBUE9Q 已成功抓取全部所需数据。
[2026-04-03 07:06:20] [SUCCESS] bvid=BV14FXVBLEdH 已成功抓取全部所需数据。
[2026-04-03 07:06:26] [SUCCESS] bvid=BV1gDXGBHEnr 已成功抓取全部所需数据。
[2026-04-03 07:06:31] [SUCCESS] bvid=BV13DXGBHEQr 已成功抓取全部所需数据。
[2026-04-03 07:06:36] [SUCCESS] bvid=BV1GDXGBHEco 已成功抓取全部所需数据。
[2026-04-03 07:06:42] [SUCCESS] bvid=BV1wNX3BPEZ2 已成功抓取全部所需数据。
[2026-04-03 07:06:48] [SUCCESS] bvid=BV1NFX3BqEed 已成功抓取全部所需数据。
[2026-04-03 07:06:53] [SUCCESS] bvid=BV1tFXVBLE5a 已成功抓取全部所需数据。
[2026-04-03 07:06:58] [SUCCESS] bvid=BV1TFXVBLEe3 已成功抓取全部所需数据。
[2026-04-03 07:07:03] [SUCCESS] bvid=BV1VtXPBNE1S 已成功抓取全部所需数据。
[2026-04-03 07:07:08] [SUCCESS] bvid=BV1geXPBcEyu 已成功抓取全部所需数据。
[2026-04-03 07:07:13] [SUCCESS] bvid=BV1TFXVBLE4k 已成功抓取全部所需数据。
[2026-04-03 07:07:18] [SUCCESS] bvid=BV1ToXGB7E7X 已成功抓取全部所需数据。
[2026-04-03 07:07:24] [SUCCESS] bvid=BV1ToXGB7ErD 已成功抓取全部所需数据。
[2026-04-03 07:07:29] [SUCCESS] bvid=BV12bXTBcEuv 已成功抓取全部所需数据。
[2026-04-03 07:07:34] [SUCCESS] bvid=BV11FX3BqETt 已成功抓取全部所需数据。
[2026-04-03 07:07:39] [SUCCESS] bvid=BV1pjXKBnE7x 已成功抓取全部所需数据。
[2026-04-03 07:07:44] [SUCCESS] bvid=BV1Y9XNBKEeh 已成功抓取全部所需数据。
[2026-04-03 07:07:49] [SUCCESS] bvid=BV1j4XKBCEFR 已成功抓取全部所需数据。
[2026-04-03 07:07:54] [SUCCESS] bvid=BV1DTAMzhEvS 已成功抓取全部所需数据。
[2026-04-03 07:07:59] [SUCCESS] bvid=BV1LeXgBsEQw 已成功抓取全部所需数据。
[2026-04-03 07:08:04] [SUCCESS] bvid=BV1EvXWBwELd 已成功抓取全部所需数据。
[2026-04-03 07:08:09] [SUCCESS] bvid=BV1zfX4BGELr 已成功抓取全部所需数据。
[2026-04-03 07:08:14] [SUCCESS] bvid=BV1JLXPBVEH4 已成功抓取全部所需数据。
[2026-04-03 07:08:19] [SUCCESS] bvid=BV1b3XgBgEMr 已成功抓取全部所需数据。
[2026-04-03 07:08:24] [SUCCESS] bvid=BV1rGX4BCE1g 已成功抓取全部所需数据。
[2026-04-03 07:08:46] [SUCCESS] bvid=BV1GhXsB9EMN 已成功抓取全部所需数据。
[2026-04-03 07:08:50] [SUCCESS] bvid=BV1toXGB7E22 已成功抓取全部所需数据。
[2026-04-03 07:08:55] [SUCCESS] bvid=BV1ToXGB7E7R 已成功抓取全部所需数据。
[2026-04-03 07:09:00] [SUCCESS] bvid=BV1TZXGB2E2M 已成功抓取全部所需数据。
[2026-04-03 07:09:05] [SUCCESS] bvid=BV1xZXGB2ESn 已成功抓取全部所需数据。
[2026-04-03 07:09:17] [SUCCESS] bvid=BV1Q8XVB9ERq 已成功抓取全部所需数据。
[2026-04-03 07:09:22] [SUCCESS] bvid=BV1DvXVBnEGC 已成功抓取全部所需数据。
[2026-04-03 07:09:27] [SUCCESS] bvid=BV1uaXVBWEft 已成功抓取全部所需数据。
[2026-04-03 07:09:32] [SUCCESS] bvid=BV1Q8XVB9Emp 已成功抓取全部所需数据。
[2026-04-03 07:09:37] [SUCCESS] bvid=BV1QbXVBsE5D 已成功抓取全部所需数据。
[2026-04-03 07:09:42] [SUCCESS] bvid=BV1DaXVBpE3n 已成功抓取全部所需数据。
[2026-04-03 07:09:47] [SUCCESS] bvid=BV1XbXVBsEVa 已成功抓取全部所需数据。
[2026-04-03 07:09:52] [SUCCESS] bvid=BV194XVBdEnV 已成功抓取全部所需数据。
[2026-04-03 07:09:58] [SUCCESS] bvid=BV1zsXMBXEoM 已成功抓取全部所需数据。
[2026-04-03 07:10:03] [SUCCESS] bvid=BV1swX3BKEP7 已成功抓取全部所需数据。
[2026-04-03 07:10:07] [SUCCESS] bvid=BV1SaXVBpEYe 已成功抓取全部所需数据。
[2026-04-03 07:10:12] [SUCCESS] bvid=BV1MiXVBDEHu 已成功抓取全部所需数据。
[2026-04-03 07:10:17] [SUCCESS] bvid=BV1e4XVBoEik 已成功抓取全部所需数据。
[2026-04-03 07:10:22] [SUCCESS] bvid=BV1XbXVBsE1u 已成功抓取全部所需数据。
[2026-04-03 07:10:34] [SUCCESS] bvid=BV1umXgB1Ezz 已成功抓取全部所需数据。
[2026-04-03 07:10:52] [SUCCESS] bvid=BV1miXVBSEJD 已成功抓取全部所需数据。
[2026-04-03 07:11:10] [SUCCESS] bvid=BV1PXXKBdEez 已成功抓取全部所需数据。
[2026-04-03 07:11:28] [SUCCESS] bvid=BV1miXVBSEvM 已成功抓取全部所需数据。
[2026-04-03 07:11:46] [SUCCESS] bvid=BV1SiXVBSEuo 已成功抓取全部所需数据。
[2026-04-03 07:12:04] [SUCCESS] bvid=BV1fLXVBPEG7 已成功抓取全部所需数据。
[2026-04-03 07:12:22] [SUCCESS] bvid=BV1JhXgB4ELK 已成功抓取全部所需数据。
[2026-04-03 07:12:40] [SUCCESS] bvid=BV13zXKBvEba 已成功抓取全部所需数据。
[2026-04-03 07:12:58] [SUCCESS] bvid=BV1SWXTBeEJw 已成功抓取全部所需数据。
[2026-04-03 07:13:16] [SUCCESS] bvid=BV1GvXKBMEAb 已成功抓取全部所需数据。
[2026-04-03 07:13:34] [SUCCESS] bvid=BV1UBXVBEEUW 已成功抓取全部所需数据。
[2026-04-03 07:13:51] [SUCCESS] bvid=BV1DYXVBQEzX 已成功抓取全部所需数据。
[2026-04-03 07:14:08] [SUCCESS] bvid=BV1uYXVBXEbc 已成功抓取全部所需数据。
[2026-04-03 07:14:27] [SUCCESS] bvid=BV1SvXVBnESd 已成功抓取全部所需数据。
[2026-04-03 07:14:46] [SUCCESS] bvid=BV1UvXVBnEq9 已成功抓取全部所需数据。
[2026-04-03 07:14:52] [SUCCESS] bvid=BV1oEXVBwExH 已成功抓取全部所需数据。
[2026-04-03 07:14:58] [SUCCESS] bvid=BV1ZEXVBwELS 已成功抓取全部所需数据。
[2026-04-03 07:14:58] [INFO] 当前 batch_crawl 已完成，所有视频均已成功抓取。
[2026-04-03 07:14:58] 子任务结束时间：2026-04-03T07:14:58.764156
[TIMESTAMP][END] 2026-04-03T07:14:58
