[TIMESTAMP][BEGIN] 2026-04-03T05:55:31
[2026-04-03 05:55:33] 开始执行 CSV 批量抓取子任务 part_32。
[2026-04-03 05:55:33] 子任务开始时间：2026-04-03T05:55:31.995011
[2026-04-03 05:55:33] 输入文件：batch_input_32.csv
[2026-04-03 05:55:33] 输入唯一 bvid 数量：100
[2026-04-03 05:55:33] 为严格按 CSV 顺序判断连续失败阈值，本次任务自动将并发度从 2 调整为 1。
[2026-04-03 05:55:38] [SUCCESS] bvid=BV13aXmBHEpR 已成功抓取全部所需数据。
[2026-04-03 05:55:43] [SUCCESS] bvid=BV1XaXmBnEF2 已成功抓取全部所需数据。
[2026-04-03 05:55:47] [SUCCESS] bvid=BV1QaXmBnEmz 已成功抓取全部所需数据。
[2026-04-03 05:55:52] [SUCCESS] bvid=BV1QYXmBSEE8 已成功抓取全部所需数据。
[2026-04-03 05:55:57] [SUCCESS] bvid=BV1FZXLB5EeA 已成功抓取全部所需数据。
[2026-04-03 05:56:02] [SUCCESS] bvid=BV1Q2XgBjEQG 已成功抓取全部所需数据。
[2026-04-03 05:56:06] [SUCCESS] bvid=BV19bXmBpEha 已成功抓取全部所需数据。
[2026-04-03 05:56:11] [SUCCESS] bvid=BV19bXmBpEyn 已成功抓取全部所需数据。
[2026-04-03 05:56:16] [SUCCESS] bvid=BV1Q8XmBQENN 已成功抓取全部所需数据。
[2026-04-03 05:56:21] [SUCCESS] bvid=BV1Q8XmBQE5B 已成功抓取全部所需数据。
[2026-04-03 05:56:26] [SUCCESS] bvid=BV1qAXUBFEtg 已成功抓取全部所需数据。
[2026-04-03 05:56:30] [SUCCESS] bvid=BV1vPXUBbE5N 已成功抓取全部所需数据。
[2026-04-03 05:56:35] [SUCCESS] bvid=BV1qPXUBbEFj 已成功抓取全部所需数据。
[2026-04-03 05:56:40] [SUCCESS] bvid=BV1zFXUBwELG 已成功抓取全部所需数据。
[2026-04-03 05:56:45] [SUCCESS] bvid=BV1BFXUBwE96 已成功抓取全部所需数据。
[2026-04-03 05:56:50] [SUCCESS] bvid=BV1qcXUBhELk 已成功抓取全部所需数据。
[2026-04-03 05:56:55] [SUCCESS] bvid=BV1BFXUBwErP 已成功抓取全部所需数据。
[2026-04-03 05:57:00] [SUCCESS] bvid=BV1nGXVBTEQh 已成功抓取全部所需数据。
[2026-04-03 05:57:05] [SUCCESS] bvid=BV1BcXUBhEga 已成功抓取全部所需数据。
[2026-04-03 05:57:10] [SUCCESS] bvid=BV1icXUBhEdP 已成功抓取全部所需数据。
[2026-04-03 05:57:15] [SUCCESS] bvid=BV1EcXUBaEbX 已成功抓取全部所需数据。
[2026-04-03 05:57:20] [SUCCESS] bvid=BV1BcXUBhESW 已成功抓取全部所需数据。
[2026-04-03 05:57:25] [SUCCESS] bvid=BV1YMXUBdEat 已成功抓取全部所需数据。
[2026-04-03 05:57:30] [SUCCESS] bvid=BV15MXUBoEHb 已成功抓取全部所需数据。
[2026-04-03 05:57:34] [SUCCESS] bvid=BV1vMXUBdE55 已成功抓取全部所需数据。
[2026-04-03 05:57:39] [SUCCESS] bvid=BV1RMXUBdE4L 已成功抓取全部所需数据。
[2026-04-03 05:57:46] [SUCCESS] bvid=BV1agXUBsEro 已成功抓取全部所需数据。
[2026-04-03 05:57:51] [SUCCESS] bvid=BV1egXUBsEVG 已成功抓取全部所需数据。
[2026-04-03 05:57:56] [SUCCESS] bvid=BV1iNXUBZEAx 已成功抓取全部所需数据。
[2026-04-03 05:58:01] [SUCCESS] bvid=BV1RNXUBZEFd 已成功抓取全部所需数据。
[2026-04-03 05:58:06] [SUCCESS] bvid=BV1WDXmBuEmW 已成功抓取全部所需数据。
[2026-04-03 05:58:11] [SUCCESS] bvid=BV1rQXmBqEuH 已成功抓取全部所需数据。
[2026-04-03 05:58:15] [SUCCESS] bvid=BV1YTXUB4EQK 已成功抓取全部所需数据。
[2026-04-03 05:58:20] [SUCCESS] bvid=BV1iNXUBZEYA 已成功抓取全部所需数据。
[2026-04-03 05:58:24] [SUCCESS] bvid=BV1vTXUB4ERU 已成功抓取全部所需数据。
[2026-04-03 05:58:29] [SUCCESS] bvid=BV19TXUB4ED8 已成功抓取全部所需数据。
[2026-04-03 05:58:34] [SUCCESS] bvid=BV1YTXUB4Ef7 已成功抓取全部所需数据。
[2026-04-03 05:58:38] [SUCCESS] bvid=BV1rQXmBqETf 已成功抓取全部所需数据。
[2026-04-03 05:58:43] [SUCCESS] bvid=BV1CDXmBMEUr 已成功抓取全部所需数据。
[2026-04-03 05:58:48] [SUCCESS] bvid=BV1kQXmBqEfV 已成功抓取全部所需数据。
[2026-04-03 05:58:53] [SUCCESS] bvid=BV1rQXmBqEu4 已成功抓取全部所需数据。
[2026-04-03 05:58:58] [SUCCESS] bvid=BV1kDXmBMEjX 已成功抓取全部所需数据。
[2026-04-03 05:59:02] [SUCCESS] bvid=BV1CDXmBMEjs 已成功抓取全部所需数据。
[2026-04-03 05:59:07] [SUCCESS] bvid=BV16HXMBREyg 已成功抓取全部所需数据。
[2026-04-03 05:59:12] [SUCCESS] bvid=BV1kQXmBqELv 已成功抓取全部所需数据。
[2026-04-03 05:59:17] [SUCCESS] bvid=BV1rQXmBqE6j 已成功抓取全部所需数据。
[2026-04-03 05:59:21] [SUCCESS] bvid=BV1NUXmB6Ec7 已成功抓取全部所需数据。
[2026-04-03 05:59:26] [SUCCESS] bvid=BV1rQXmBqEkW 已成功抓取全部所需数据。
[2026-04-03 05:59:31] [SUCCESS] bvid=BV1qrXUBPEtb 已成功抓取全部所需数据。
[2026-04-03 05:59:35] [SUCCESS] bvid=BV1nHXMBREpc 已成功抓取全部所需数据。
[2026-04-03 05:59:40] [SUCCESS] bvid=BV1FJXLBgEwJ 已成功抓取全部所需数据。
[2026-04-03 05:59:45] [SUCCESS] bvid=BV1CmXmBgEDj 已成功抓取全部所需数据。
[2026-04-03 05:59:50] [SUCCESS] bvid=BV1yUXmBzEVw 已成功抓取全部所需数据。
[2026-04-03 05:59:55] [SUCCESS] bvid=BV1AUXmB6EHH 已成功抓取全部所需数据。
[2026-04-03 06:00:00] [SUCCESS] bvid=BV1nnXMBxEnu 已成功抓取全部所需数据。
[2026-04-03 06:00:05] [SUCCESS] bvid=BV1q5XpBoENa 已成功抓取全部所需数据。
[2026-04-03 06:00:10] [SUCCESS] bvid=BV1y2XLBDEbe 已成功抓取全部所需数据。
[2026-04-03 06:00:15] [SUCCESS] bvid=BV1PUXmB6Evf 已成功抓取全部所需数据。
[2026-04-03 06:00:20] [SUCCESS] bvid=BV1j8XMBJEMW 已成功抓取全部所需数据。
[2026-04-03 06:00:25] [SUCCESS] bvid=BV1CQXLBEEw8 已成功抓取全部所需数据。
[2026-04-03 06:00:30] [SUCCESS] bvid=BV1FoXmBNE2E 已成功抓取全部所需数据。
[2026-04-03 06:00:35] [SUCCESS] bvid=BV1noXmBNE2K 已成功抓取全部所需数据。
[2026-04-03 06:00:40] [SUCCESS] bvid=BV1tHXjBoEPq 已成功抓取全部所需数据。
[2026-04-03 06:00:45] [SUCCESS] bvid=BV16dXLByE2M 已成功抓取全部所需数据。
[2026-04-03 06:00:50] [SUCCESS] bvid=BV13UX2BDEeN 已成功抓取全部所需数据。
[2026-04-03 06:00:55] [SUCCESS] bvid=BV1Y3XjBvEsw 已成功抓取全部所需数据。
[2026-04-03 06:01:00] [SUCCESS] bvid=BV17ZXVBiEeh 已成功抓取全部所需数据。
[2026-04-03 06:01:05] [SUCCESS] bvid=BV1qbQoBnEDV 已成功抓取全部所需数据。
[2026-04-03 06:01:09] [SUCCESS] bvid=BV1egXjBNEEE 已成功抓取全部所需数据。
[2026-04-03 06:01:14] [SUCCESS] bvid=BV1vkXGBoE1w 已成功抓取全部所需数据。
[2026-04-03 06:01:19] [SUCCESS] bvid=BV1LyXUBwEUQ 已成功抓取全部所需数据。
[2026-04-03 06:01:24] [SUCCESS] bvid=BV1gkXMB3ERa 已成功抓取全部所需数据。
[2026-04-03 06:01:29] [SUCCESS] bvid=BV13QX5BbEqi 已成功抓取全部所需数据。
[2026-04-03 06:01:34] [SUCCESS] bvid=BV1nVXPByExq 已成功抓取全部所需数据。
[2026-04-03 06:01:39] [SUCCESS] bvid=BV1LbXKBGExS 已成功抓取全部所需数据。
[2026-04-03 06:01:44] [SUCCESS] bvid=BV1VXXUBdEsU 已成功抓取全部所需数据。
[2026-04-03 06:01:49] [SUCCESS] bvid=BV1bjX5BpEg7 已成功抓取全部所需数据。
[2026-04-03 06:01:54] [SUCCESS] bvid=BV1wxXGBzEmt 已成功抓取全部所需数据。
[2026-04-03 06:01:59] [SUCCESS] bvid=BV1okXxBPEHe 已成功抓取全部所需数据。
[2026-04-03 06:02:04] [SUCCESS] bvid=BV1WbX5B5EtZ 已成功抓取全部所需数据。
[2026-04-03 06:02:09] [SUCCESS] bvid=BV1cRXLBjEWN 已成功抓取全部所需数据。
[2026-04-03 06:02:14] [SUCCESS] bvid=BV1RJQzBYErZ 已成功抓取全部所需数据。
[2026-04-03 06:02:18] [SUCCESS] bvid=BV1HbXGBiEtz 已成功抓取全部所需数据。
[2026-04-03 06:02:24] [SUCCESS] bvid=BV1VVXNBeE5W 已成功抓取全部所需数据。
[2026-04-03 06:02:28] [SUCCESS] bvid=BV1EZXmBeEL6 已成功抓取全部所需数据。
[2026-04-03 06:02:33] [SUCCESS] bvid=BV1r9XmBKEDN 已成功抓取全部所需数据。
[2026-04-03 06:02:38] [SUCCESS] bvid=BV1rRXmBvEjz 已成功抓取全部所需数据。
[2026-04-03 06:02:43] [SUCCESS] bvid=BV1zRXmBvEvj 已成功抓取全部所需数据。
[2026-04-03 06:02:48] [SUCCESS] bvid=BV114XUBCEbs 已成功抓取全部所需数据。
[2026-04-03 06:02:52] [SUCCESS] bvid=BV1bnXUBmEtv 已成功抓取全部所需数据。
[2026-04-03 06:02:57] [SUCCESS] bvid=BV1s4XUByEVV 已成功抓取全部所需数据。
[2026-04-03 06:03:02] [SUCCESS] bvid=BV1x4XUBCEVn 已成功抓取全部所需数据。
[2026-04-03 06:03:07] [SUCCESS] bvid=BV1NbXUBVE4b 已成功抓取全部所需数据。
[2026-04-03 06:03:12] [SUCCESS] bvid=BV1sbXUBGEvR 已成功抓取全部所需数据。
[2026-04-03 06:03:17] [SUCCESS] bvid=BV1NbXUBVErr 已成功抓取全部所需数据。
[2026-04-03 06:03:21] [SUCCESS] bvid=BV1mWXUB1E5y 已成功抓取全部所需数据。
[2026-04-03 06:03:26] [SUCCESS] bvid=BV14WXUB1Enk 已成功抓取全部所需数据。
[2026-04-03 06:03:31] [SUCCESS] bvid=BV1mWXUB1EW4 已成功抓取全部所需数据。
[2026-04-03 06:03:36] [SUCCESS] bvid=BV1ToXyBqEqy 已成功抓取全部所需数据。
[2026-04-03 06:03:41] [SUCCESS] bvid=BV1tjX2BkE5f 已成功抓取全部所需数据。
[2026-04-03 06:03:41] [INFO] 当前 batch_crawl 已完成，所有视频均已成功抓取。
[2026-04-03 06:03:41] 子任务结束时间：2026-04-03T06:03:41.924609
[TIMESTAMP][END] 2026-04-03T06:03:41
