[TIMESTAMP][BEGIN] 2026-04-03T07:44:55
[2026-04-03 07:44:57] 开始执行 CSV 批量抓取子任务 part_43。
[2026-04-03 07:44:57] 子任务开始时间：2026-04-03T07:44:55.840373
[2026-04-03 07:44:57] 输入文件：batch_input_43.csv
[2026-04-03 07:44:57] 输入唯一 bvid 数量：100
[2026-04-03 07:44:57] 为严格按 CSV 顺序判断连续失败阈值，本次任务自动将并发度从 2 调整为 1。
[2026-04-03 07:45:02] [SUCCESS] bvid=BV1CVXKBpEM4 已成功抓取全部所需数据。
[2026-04-03 07:45:07] [SUCCESS] bvid=BV1yVXKBpEPo 已成功抓取全部所需数据。
[2026-04-03 07:45:12] [SUCCESS] bvid=BV1pVXKBpENc 已成功抓取全部所需数据。
[2026-04-03 07:45:17] [SUCCESS] bvid=BV1WVXKBpEWR 已成功抓取全部所需数据。
[2026-04-03 07:45:22] [SUCCESS] bvid=BV1PVXKBWEn1 已成功抓取全部所需数据。
[2026-04-03 07:45:26] [SUCCESS] bvid=BV1pVXKBpE5H 已成功抓取全部所需数据。
[2026-04-03 07:45:31] [SUCCESS] bvid=BV18oXNBPEDU 已成功抓取全部所需数据。
[2026-04-03 07:45:36] [SUCCESS] bvid=BV1hoXNBPEKw 已成功抓取全部所需数据。
[2026-04-03 07:45:41] [SUCCESS] bvid=BV18ZXNBYE55 已成功抓取全部所需数据。
[2026-04-03 07:45:46] [SUCCESS] bvid=BV18ZXNBYEE8 已成功抓取全部所需数据。
[2026-04-03 07:45:51] [SUCCESS] bvid=BV1SZXNBYEdh 已成功抓取全部所需数据。
[2026-04-03 07:45:56] [SUCCESS] bvid=BV18ZXNBYEYD 已成功抓取全部所需数据。
[2026-04-03 07:46:00] [SUCCESS] bvid=BV1gZXNBeEGJ 已成功抓取全部所需数据。
[2026-04-03 07:46:05] [SUCCESS] bvid=BV18ZXNBYE6B 已成功抓取全部所需数据。
[2026-04-03 07:46:10] [SUCCESS] bvid=BV1aRXNBvE5o 已成功抓取全部所需数据。
[2026-04-03 07:46:15] [SUCCESS] bvid=BV1urXKBPEyH 已成功抓取全部所需数据。
[2026-04-03 07:46:20] [SUCCESS] bvid=BV1a9XNBKEZE 已成功抓取全部所需数据。
[2026-04-03 07:46:25] [SUCCESS] bvid=BV1YsQzBcEtC 已成功抓取全部所需数据。
[2026-04-03 07:46:30] [SUCCESS] bvid=BV1L7XpBREJn 已成功抓取全部所需数据。
[2026-04-03 07:46:35] [SUCCESS] bvid=BV1YRXNBvEJ2 已成功抓取全部所需数据。
[2026-04-03 07:46:40] [SUCCESS] bvid=BV1mpXNB4EPp 已成功抓取全部所需数据。
[2026-04-03 07:46:45] [SUCCESS] bvid=BV1uAXKBcEGm 已成功抓取全部所需数据。
[2026-04-03 07:46:49] [SUCCESS] bvid=BV1mAXKBFE6S 已成功抓取全部所需数据。
[2026-04-03 07:46:54] [SUCCESS] bvid=BV1UAXKBFEZV 已成功抓取全部所需数据。
[2026-04-03 07:46:59] [SUCCESS] bvid=BV14PXKB8EXr 已成功抓取全部所需数据。
[2026-04-03 07:47:04] [SUCCESS] bvid=BV1hFXKBwEho 已成功抓取全部所需数据。
[2026-04-03 07:47:09] [SUCCESS] bvid=BV15aXKBgEQG 已成功抓取全部所需数据。
[2026-04-03 07:47:14] [SUCCESS] bvid=BV1tmXKBFEK8 已成功抓取全部所需数据。
[2026-04-03 07:47:19] [SUCCESS] bvid=BV1boXABxET3 已成功抓取全部所需数据。
[2026-04-03 07:47:24] [SUCCESS] bvid=BV1JAX8B7Ewh 已成功抓取全部所需数据。
[2026-04-03 07:47:29] [SUCCESS] bvid=BV1XrXHBEExn 已成功抓取全部所需数据。
[2026-04-03 07:47:34] [SUCCESS] bvid=BV1xAXPBHETy 已成功抓取全部所需数据。
[2026-04-03 07:47:39] [SUCCESS] bvid=BV1mPXKBbE3B 已成功抓取全部所需数据。
[2026-04-03 07:47:44] [SUCCESS] bvid=BV1bFXKBwEzS 已成功抓取全部所需数据。
[2026-04-03 07:47:48] [SUCCESS] bvid=BV1SFXKBwEWr 已成功抓取全部所需数据。
[2026-04-03 07:47:53] [SUCCESS] bvid=BV1uFXKBAEvJ 已成功抓取全部所需数据。
[2026-04-03 07:47:58] [SUCCESS] bvid=BV1SFXKBwEGQ 已成功抓取全部所需数据。
[2026-04-03 07:48:03] [SUCCESS] bvid=BV1bFXKBwEkV 已成功抓取全部所需数据。
[2026-04-03 07:48:08] [SUCCESS] bvid=BV1oNXTB2ECv 已成功抓取全部所需数据。
[2026-04-03 07:48:13] [SUCCESS] bvid=BV1McXKBaEBn 已成功抓取全部所需数据。
[2026-04-03 07:48:18] [SUCCESS] bvid=BV1VYXKBzEJR 已成功抓取全部所需数据。
[2026-04-03 07:48:23] [SUCCESS] bvid=BV1VYXKBzEpz 已成功抓取全部所需数据。
[2026-04-03 07:48:28] [SUCCESS] bvid=BV14HQkBfE1E 已成功抓取全部所需数据。
[2026-04-03 07:48:32] [SUCCESS] bvid=BV1ttQ2B3EqV 已成功抓取全部所需数据。
[2026-04-03 07:48:37] [SUCCESS] bvid=BV15aXKBgEBV 已成功抓取全部所需数据。
[2026-04-03 07:48:42] [SUCCESS] bvid=BV1UtQ2B3EVR 已成功抓取全部所需数据。
[2026-04-03 07:48:47] [SUCCESS] bvid=BV1ttQ2B3E5Y 已成功抓取全部所需数据。
[2026-04-03 07:48:51] [SUCCESS] bvid=BV1UtQ2B3EJj 已成功抓取全部所需数据。
[2026-04-03 07:48:56] [SUCCESS] bvid=BV1ttQ2B3Eqs 已成功抓取全部所需数据。
[2026-04-03 07:49:01] [SUCCESS] bvid=BV1xKXPBJEab 已成功抓取全部所需数据。
[2026-04-03 07:49:06] [SUCCESS] bvid=BV1ttQ2B3EJL 已成功抓取全部所需数据。
[2026-04-03 07:49:11] [SUCCESS] bvid=BV1vaXKBgE1x 已成功抓取全部所需数据。
[2026-04-03 07:49:16] [SUCCESS] bvid=BV1brXKBPErF 已成功抓取全部所需数据。
[2026-04-03 07:49:21] [SUCCESS] bvid=BV1mtQ2B3EUA 已成功抓取全部所需数据。
[2026-04-03 07:49:26] [SUCCESS] bvid=BV1mtQ2B3EDZ 已成功抓取全部所需数据。
[2026-04-03 07:49:31] [SUCCESS] bvid=BV1ttQ2B3EJG 已成功抓取全部所需数据。
[2026-04-03 07:49:36] [SUCCESS] bvid=BV1ttQ2B3Eq7 已成功抓取全部所需数据。
[2026-04-03 07:49:41] [SUCCESS] bvid=BV1urXKBPE23 已成功抓取全部所需数据。
[2026-04-03 07:49:46] [SUCCESS] bvid=BV1khAAzzEvc 已成功抓取全部所需数据。
[2026-04-03 07:49:51] [SUCCESS] bvid=BV1BsXbBVEm8 已成功抓取全部所需数据。
[2026-04-03 07:49:56] [SUCCESS] bvid=BV1QiXKBqELq 已成功抓取全部所需数据。
[2026-04-03 07:50:01] [SUCCESS] bvid=BV1hiXKBqESY 已成功抓取全部所需数据。
[2026-04-03 07:50:06] [SUCCESS] bvid=BV1aiXKBqEgV 已成功抓取全部所需数据。
[2026-04-03 07:50:11] [SUCCESS] bvid=BV19iXKBqE5R 已成功抓取全部所需数据。
[2026-04-03 07:50:16] [SUCCESS] bvid=BV13BXKBKEy5 已成功抓取全部所需数据。
[2026-04-03 07:50:21] [SUCCESS] bvid=BV13BXKBKEfS 已成功抓取全部所需数据。
[2026-04-03 07:50:26] [SUCCESS] bvid=BV1zLXPBVEQc 已成功抓取全部所需数据。
[2026-04-03 07:50:31] [SUCCESS] bvid=BV1nnXKBmEje 已成功抓取全部所需数据。
[2026-04-03 07:50:36] [SUCCESS] bvid=BV1cnXKBUEFE 已成功抓取全部所需数据。
[2026-04-03 07:50:41] [SUCCESS] bvid=BV1i7XpBREMy 已成功抓取全部所需数据。
[2026-04-03 07:50:45] [SUCCESS] bvid=BV151AgzVELL 已成功抓取全部所需数据。
[2026-04-03 07:50:50] [SUCCESS] bvid=BV1HGXPBLEpB 已成功抓取全部所需数据。
[2026-04-03 07:50:55] [SUCCESS] bvid=BV15xXPBiEgZ 已成功抓取全部所需数据。
[2026-04-03 07:51:00] [SUCCESS] bvid=BV1pDX4BmEb4 已成功抓取全部所需数据。
[2026-04-03 07:51:05] [SUCCESS] bvid=BV1w7XKBDELz 已成功抓取全部所需数据。
[2026-04-03 07:51:10] [SUCCESS] bvid=BV1rJXKBEEb7 已成功抓取全部所需数据。
[2026-04-03 07:51:15] [SUCCESS] bvid=BV17VXpBtEtM 已成功抓取全部所需数据。
[2026-04-03 07:51:20] [SUCCESS] bvid=BV1YEXnBLEZR 已成功抓取全部所需数据。
[2026-04-03 07:51:25] [SUCCESS] bvid=BV19CQSBoEXt 已成功抓取全部所需数据。
[2026-04-03 07:51:30] [SUCCESS] bvid=BV1hDXAB8EQG 已成功抓取全部所需数据。
[2026-04-03 07:51:35] [SUCCESS] bvid=BV12WXNBdExW 已成功抓取全部所需数据。
[2026-04-03 07:51:40] [SUCCESS] bvid=BV1AQXPBUEmA 已成功抓取全部所需数据。
[2026-04-03 07:51:46] [SUCCESS] bvid=BV1NiQZBvE4E 已成功抓取全部所需数据。
[2026-04-03 07:51:50] [SUCCESS] bvid=BV1WgXPB2EHV 已成功抓取全部所需数据。
[2026-04-03 07:51:56] [SUCCESS] bvid=BV15xXPBiERN 已成功抓取全部所需数据。
[2026-04-03 07:52:01] [SUCCESS] bvid=BV15hXPBAEuJ 已成功抓取全部所需数据。
[2026-04-03 07:52:06] [SUCCESS] bvid=BV11zXpBzE9L 已成功抓取全部所需数据。
[2026-04-03 07:52:11] [SUCCESS] bvid=BV1wFX8BnEkq 已成功抓取全部所需数据。
[2026-04-03 07:52:16] [SUCCESS] bvid=BV1WUXPBDExt 已成功抓取全部所需数据。
[2026-04-03 07:52:21] [SUCCESS] bvid=BV1hfAAznEei 已成功抓取全部所需数据。
[2026-04-03 07:52:26] [SUCCESS] bvid=BV191AgzVE14 已成功抓取全部所需数据。
[2026-04-03 07:52:31] [SUCCESS] bvid=BV16qQ9BEEVX 已成功抓取全部所需数据。
[2026-04-03 07:52:36] [SUCCESS] bvid=BV1YhX4BhE5V 已成功抓取全部所需数据。
[2026-04-03 07:52:41] [SUCCESS] bvid=BV1KkXPBREt9 已成功抓取全部所需数据。
[2026-04-03 07:52:46] [SUCCESS] bvid=BV1t1XKBhEzc 已成功抓取全部所需数据。
[2026-04-03 07:52:51] [SUCCESS] bvid=BV189XABtEtm 已成功抓取全部所需数据。
[2026-04-03 07:52:56] [SUCCESS] bvid=BV1heXPBcEso 已成功抓取全部所需数据。
[2026-04-03 07:53:01] [SUCCESS] bvid=BV1AQXPBUEEd 已成功抓取全部所需数据。
[2026-04-03 08:03:06] [SUCCESS] bvid=BV1jbXKBGEF6 已成功抓取全部所需数据。
[2026-04-03 08:03:12] [SUCCESS] bvid=BV1vbXKBGE9V 已成功抓取全部所需数据。
[2026-04-03 08:03:12] [INFO] 当前 batch_crawl 已完成，所有视频均已成功抓取。
[2026-04-03 08:03:12] 子任务结束时间：2026-04-03T08:03:12.327837
[TIMESTAMP][END] 2026-04-03T08:03:12
