[TIMESTAMP][BEGIN] 2026-04-03T04:16:57
[2026-04-03 04:16:59] 开始执行 CSV 批量抓取子任务 part_20。
[2026-04-03 04:16:59] 子任务开始时间：2026-04-03T04:16:57.692964
[2026-04-03 04:16:59] 输入文件：batch_input_20.csv
[2026-04-03 04:16:59] 输入唯一 bvid 数量：100
[2026-04-03 04:16:59] 为严格按 CSV 顺序判断连续失败阈值，本次任务自动将并发度从 2 调整为 1。
[2026-04-03 04:17:04] [SUCCESS] bvid=BV134XeB7Eat 已成功抓取全部所需数据。
[2026-04-03 04:17:09] [SUCCESS] bvid=BV1f9XeBZE9s 已成功抓取全部所需数据。
[2026-04-03 04:17:15] [SUCCESS] bvid=BV1jFXvBRELx 已成功抓取全部所需数据。
[2026-04-03 04:17:20] [SUCCESS] bvid=BV19wXvBpECq 已成功抓取全部所需数据。
[2026-04-03 04:17:25] [SUCCESS] bvid=BV1W2XeBeE7d 已成功抓取全部所需数据。
[2026-04-03 04:17:30] [SUCCESS] bvid=BV1A2XeBeE6S 已成功抓取全部所需数据。
[2026-04-03 04:17:35] [SUCCESS] bvid=BV1NkXeBTE6s 已成功抓取全部所需数据。
[2026-04-03 04:17:40] [SUCCESS] bvid=BV1sCXeBiETb 已成功抓取全部所需数据。
[2026-04-03 04:17:45] [SUCCESS] bvid=BV1ACXeBiEMr 已成功抓取全部所需数据。
[2026-04-03 04:17:50] [SUCCESS] bvid=BV1nXXeB8Etv 已成功抓取全部所需数据。
[2026-04-03 04:17:55] [SUCCESS] bvid=BV1fXXeBbEu7 已成功抓取全部所需数据。
[2026-04-03 04:18:00] [SUCCESS] bvid=BV1NWXvBuEhe 已成功抓取全部所需数据。
[2026-04-03 04:18:05] [SUCCESS] bvid=BV11nXvBgEsZ 已成功抓取全部所需数据。
[2026-04-03 04:18:10] [SUCCESS] bvid=BV1C5XhBZEop 已成功抓取全部所需数据。
[2026-04-03 04:18:15] [SUCCESS] bvid=BV1xpQ6BnESo 已成功抓取全部所需数据。
[2026-04-03 04:18:20] [SUCCESS] bvid=BV1XcXYBLE18 已成功抓取全部所需数据。
[2026-04-03 04:18:25] [SUCCESS] bvid=BV1KEXvBkEEh 已成功抓取全部所需数据。
[2026-04-03 04:18:29] [SUCCESS] bvid=BV11nXvBgEMa 已成功抓取全部所需数据。
[2026-04-03 04:18:34] [SUCCESS] bvid=BV12nXvBgEV5 已成功抓取全部所需数据。
[2026-04-03 04:18:39] [SUCCESS] bvid=BV1CtXvBvExb 已成功抓取全部所需数据。
[2026-04-03 04:18:44] [SUCCESS] bvid=BV1ctXvBiEdW 已成功抓取全部所需数据。
[2026-04-03 04:18:49] [SUCCESS] bvid=BV1ktXvBvEco 已成功抓取全部所需数据。
[2026-04-03 04:18:54] [SUCCESS] bvid=BV1k8XvBPEsS 已成功抓取全部所需数据。
[2026-04-03 04:18:59] [SUCCESS] bvid=BV1w4XvBTEzu 已成功抓取全部所需数据。
[2026-04-03 04:19:04] [SUCCESS] bvid=BV1A4XvBTELG 已成功抓取全部所需数据。
[2026-04-03 04:19:09] [SUCCESS] bvid=BV1guXvBUEeP 已成功抓取全部所需数据。
[2026-04-03 04:19:14] [SUCCESS] bvid=BV1S3XvBjEki 已成功抓取全部所需数据。
[2026-04-03 04:19:25] [SUCCESS] bvid=BV1XMXvBEEqF 已成功抓取全部所需数据。
[2026-04-03 04:19:29] [SUCCESS] bvid=BV1VKXvBDE74 已成功抓取全部所需数据。
[2026-04-03 04:19:34] [SUCCESS] bvid=BV1GMXvBJE4J 已成功抓取全部所需数据。
[2026-04-03 04:19:39] [SUCCESS] bvid=BV1uLXvByEzP 已成功抓取全部所需数据。
[2026-04-03 04:19:44] [SUCCESS] bvid=BV16pXhBpE5D 已成功抓取全部所需数据。
[2026-04-03 04:19:49] [SUCCESS] bvid=BV1bLXvByE8Y 已成功抓取全部所需数据。
[2026-04-03 04:19:53] [SUCCESS] bvid=BV1ULXvBCEhR 已成功抓取全部所需数据。
[2026-04-03 04:19:58] [SUCCESS] bvid=BV1gGXvB2EdW 已成功抓取全部所需数据。
[2026-04-03 04:20:03] [SUCCESS] bvid=BV1S5XvB5E1b 已成功抓取全部所需数据。
[2026-04-03 04:20:08] [SUCCESS] bvid=BV1u5XvBLEfQ 已成功抓取全部所需数据。
[2026-04-03 04:20:13] [SUCCESS] bvid=BV1vqXYBDEve 已成功抓取全部所需数据。
[2026-04-03 04:20:18] [SUCCESS] bvid=BV1a2XvBpEfE 已成功抓取全部所需数据。
[2026-04-03 04:20:23] [SUCCESS] bvid=BV1R2XvBpEJS 已成功抓取全部所需数据。
[2026-04-03 04:20:28] [SUCCESS] bvid=BV1QmXvBQE2v 已成功抓取全部所需数据。
[2026-04-03 04:20:32] [SUCCESS] bvid=BV19mXvBQEsr 已成功抓取全部所需数据。
[2026-04-03 04:20:37] [SUCCESS] bvid=BV1XSXWBQEjy 已成功抓取全部所需数据。
[2026-04-03 04:20:42] [SUCCESS] bvid=BV1eCXvBsEp1 已成功抓取全部所需数据。
[2026-04-03 04:20:47] [SUCCESS] bvid=BV1eCXvBsErx 已成功抓取全部所需数据。
[2026-04-03 04:20:52] [SUCCESS] bvid=BV1hXXvBEEjJ 已成功抓取全部所需数据。
[2026-04-03 04:20:57] [SUCCESS] bvid=BV1LyXvBREAc 已成功抓取全部所需数据。
[2026-04-03 04:21:02] [SUCCESS] bvid=BV1DXXvBEEv5 已成功抓取全部所需数据。
[2026-04-03 04:21:07] [SUCCESS] bvid=BV1YSXvBnENG 已成功抓取全部所需数据。
[2026-04-03 04:21:12] [SUCCESS] bvid=BV1hSXvBnEo7 已成功抓取全部所需数据。
[2026-04-03 04:21:17] [SUCCESS] bvid=BV1zeXvBhE2S 已成功抓取全部所需数据。
[2026-04-03 04:21:22] [SUCCESS] bvid=BV18DXvBSEeD 已成功抓取全部所需数据。
[2026-04-03 04:21:26] [SUCCESS] bvid=BV16eXvBhEeB 已成功抓取全部所需数据。
[2026-04-03 04:21:31] [SUCCESS] bvid=BV1ziXvBFEWX 已成功抓取全部所需数据。
[2026-04-03 04:21:36] [SUCCESS] bvid=BV1ZiXvBFEYy 已成功抓取全部所需数据。
[2026-04-03 04:21:41] [SUCCESS] bvid=BV16hXvBYEuN 已成功抓取全部所需数据。
[2026-04-03 04:21:46] [SUCCESS] bvid=BV1cYXvBAEBq 已成功抓取全部所需数据。
[2026-04-03 04:21:51] [SUCCESS] bvid=BV1rYXvBwE7w 已成功抓取全部所需数据。
[2026-04-03 04:21:56] [SUCCESS] bvid=BV1q6XvB4E6v 已成功抓取全部所需数据。
[2026-04-03 04:22:01] [SUCCESS] bvid=BV1i6XvB4EQe 已成功抓取全部所需数据。
[2026-04-03 04:22:06] [SUCCESS] bvid=BV1orXvBdEEk 已成功抓取全部所需数据。
[2026-04-03 04:22:11] [SUCCESS] bvid=BV1BqXvBbEEA 已成功抓取全部所需数据。
[2026-04-03 04:22:16] [SUCCESS] bvid=BV1irXvBdEkb 已成功抓取全部所需数据。
[2026-04-03 04:22:20] [SUCCESS] bvid=BV1qqXvBbE53 已成功抓取全部所需数据。
[2026-04-03 04:22:25] [SUCCESS] bvid=BV17QXaBpEYT 已成功抓取全部所需数据。
[2026-04-03 04:22:30] [SUCCESS] bvid=BV1nMXeB8Ecu 已成功抓取全部所需数据。
[2026-04-03 04:22:35] [SUCCESS] bvid=BV14pQ6BnEuV 已成功抓取全部所需数据。
[2026-04-03 04:22:40] [SUCCESS] bvid=BV1iBXvBZE1R 已成功抓取全部所需数据。
[2026-04-03 04:22:45] [SUCCESS] bvid=BV1RdXaBUECe 已成功抓取全部所需数据。
[2026-04-03 04:22:50] [SUCCESS] bvid=BV1dRXaBJEg9 已成功抓取全部所需数据。
[2026-04-03 04:22:55] [SUCCESS] bvid=BV17RXaBnEEZ 已成功抓取全部所需数据。
[2026-04-03 04:23:00] [SUCCESS] bvid=BV1ZQXaBpEvf 已成功抓取全部所需数据。
[2026-04-03 04:23:05] [SUCCESS] bvid=BV1zQXaBpEgZ 已成功抓取全部所需数据。
[2026-04-03 04:23:10] [SUCCESS] bvid=BV1BQXaBpEVs 已成功抓取全部所需数据。
[2026-04-03 04:23:15] [SUCCESS] bvid=BV17QXaBpEvJ 已成功抓取全部所需数据。
[2026-04-03 04:23:20] [SUCCESS] bvid=BV1EQXaBpES6 已成功抓取全部所需数据。
[2026-04-03 04:23:25] [SUCCESS] bvid=BV1fQXaBHEnM 已成功抓取全部所需数据。
[2026-04-03 04:23:29] [SUCCESS] bvid=BV15wXYB1Ec7 已成功抓取全部所需数据。
[2026-04-03 04:23:34] [SUCCESS] bvid=BV1ZXXaBDE7q 已成功抓取全部所需数据。
[2026-04-03 04:23:39] [SUCCESS] bvid=BV1oXXaBDEKX 已成功抓取全部所需数据。
[2026-04-03 04:23:44] [SUCCESS] bvid=BV1ZXXaBDEQ1 已成功抓取全部所需数据。
[2026-04-03 04:23:49] [SUCCESS] bvid=BV1B3XeBtEZi 已成功抓取全部所需数据。
[2026-04-03 04:23:53] [SUCCESS] bvid=BV15cXYBjEyK 已成功抓取全部所需数据。
[2026-04-03 04:23:58] [SUCCESS] bvid=BV1gTXYBGEWe 已成功抓取全部所需数据。
[2026-04-03 04:24:03] [SUCCESS] bvid=BV19wXYByEHw 已成功抓取全部所需数据。
[2026-04-03 04:24:07] [SUCCESS] bvid=BV1VwXYB1EfY 已成功抓取全部所需数据。
[2026-04-03 04:24:12] [SUCCESS] bvid=BV1awXYB1E8U 已成功抓取全部所需数据。
[2026-04-03 04:24:17] [SUCCESS] bvid=BV19wXYByEGk 已成功抓取全部所需数据。
[2026-04-03 04:24:22] [SUCCESS] bvid=BV15ZXaBEEBU 已成功抓取全部所需数据。
[2026-04-03 04:24:27] [SUCCESS] bvid=BV1DPXYBVEoC 已成功抓取全部所需数据。
[2026-04-03 04:24:32] [SUCCESS] bvid=BV1wCXaBZEtw 已成功抓取全部所需数据。
[2026-04-03 04:24:36] [SUCCESS] bvid=BV12jXYBNEqx 已成功抓取全部所需数据。
[2026-04-03 04:24:41] [SUCCESS] bvid=BV1AkXaBbEuJ 已成功抓取全部所需数据。
[2026-04-03 04:24:46] [SUCCESS] bvid=BV1pkXaBbEBj 已成功抓取全部所需数据。
[2026-04-03 04:24:51] [SUCCESS] bvid=BV1AkXaBbEH6 已成功抓取全部所需数据。
[2026-04-03 04:24:56] [SUCCESS] bvid=BV1wkXaBbEpv 已成功抓取全部所需数据。
[2026-04-03 04:25:01] [SUCCESS] bvid=BV1wCXaBoEXg 已成功抓取全部所需数据。
[2026-04-03 04:25:06] [SUCCESS] bvid=BV1CCXaBZEKK 已成功抓取全部所需数据。
[2026-04-03 04:25:11] [SUCCESS] bvid=BV1PzXaBhEDD 已成功抓取全部所需数据。
[2026-04-03 04:25:16] [SUCCESS] bvid=BV1nUXaBsEi6 已成功抓取全部所需数据。
[2026-04-03 04:25:16] [INFO] 当前 batch_crawl 已完成，所有视频均已成功抓取。
[2026-04-03 04:25:16] 子任务结束时间：2026-04-03T04:25:16.374131
[TIMESTAMP][END] 2026-04-03T04:25:16
