[TIMESTAMP][BEGIN] 2026-04-03T01:59:38
[2026-04-03 01:59:41] 开始执行 CSV 批量抓取子任务 part_6。
[2026-04-03 01:59:41] 子任务开始时间：2026-04-03T01:59:38.995084
[2026-04-03 01:59:41] 输入文件：batch_input_6.csv
[2026-04-03 01:59:41] 输入唯一 bvid 数量：100
[2026-04-03 01:59:41] 为严格按 CSV 顺序判断连续失败阈值，本次任务自动将并发度从 2 调整为 1。
[2026-04-03 01:59:45] [SUCCESS] bvid=BV1mG9jBoERd 已成功抓取全部所需数据。
[2026-04-03 01:59:51] [SUCCESS] bvid=BV1pn9jBHEfw 已成功抓取全部所需数据。
[2026-04-03 01:59:56] [SUCCESS] bvid=BV1Hn9jBHEfc 已成功抓取全部所需数据。
[2026-04-03 02:00:01] [SUCCESS] bvid=BV1Pn9jBpEmU 已成功抓取全部所需数据。
[2026-04-03 02:00:06] [SUCCESS] bvid=BV19V9VBbEnY 已成功抓取全部所需数据。
[2026-04-03 02:00:11] [SUCCESS] bvid=BV1wH9jBQEdT 已成功抓取全部所需数据。
[2026-04-03 02:00:16] [SUCCESS] bvid=BV1pH9jBDECb 已成功抓取全部所需数据。
[2026-04-03 02:00:21] [SUCCESS] bvid=BV1Wn9jBHEkX 已成功抓取全部所需数据。
[2026-04-03 02:00:26] [SUCCESS] bvid=BV1pH9jBDEMW 已成功抓取全部所需数据。
[2026-04-03 02:00:31] [SUCCESS] bvid=BV1pH9jBDEuT 已成功抓取全部所需数据。
[2026-04-03 02:00:36] [SUCCESS] bvid=BV1W79jBWEnU 已成功抓取全部所需数据。
[2026-04-03 02:00:41] [SUCCESS] bvid=BV1W79jBWEDM 已成功抓取全部所需数据。
[2026-04-03 02:00:46] [SUCCESS] bvid=BV1299jBfEzU 已成功抓取全部所需数据。
[2026-04-03 02:00:51] [SUCCESS] bvid=BV1ZdXeB4ENv 已成功抓取全部所需数据。
[2026-04-03 02:00:56] [SUCCESS] bvid=BV1PE9jB9Edt 已成功抓取全部所需数据。
[2026-04-03 02:01:00] [SUCCESS] bvid=BV1sE9jBXEhq 已成功抓取全部所需数据。
[2026-04-03 02:01:05] [SUCCESS] bvid=BV1QW97BMEby 已成功抓取全部所需数据。
[2026-04-03 02:01:10] [SUCCESS] bvid=BV1uQ9jBcEt5 已成功抓取全部所需数据。
[2026-04-03 02:01:15] [SUCCESS] bvid=BV1uQ9jBcEpy 已成功抓取全部所需数据。
[2026-04-03 02:01:20] [SUCCESS] bvid=BV1WE9jBXEVG 已成功抓取全部所需数据。
[2026-04-03 02:01:25] [SUCCESS] bvid=BV1tX9jB8Eq3 已成功抓取全部所需数据。
[2026-04-03 02:01:30] [SUCCESS] bvid=BV1uQ9jBcEzq 已成功抓取全部所需数据。
[2026-04-03 02:01:35] [SUCCESS] bvid=BV1UX9jB8Eka 已成功抓取全部所需数据。
[2026-04-03 02:11:38] [ERROR] bvid=BV1MX9jB8E93 抓取失败：comment: Timeout of 600.0s exceeded, last exception: HTTPSConnectionPool(host='bigquery.googleapis.com', port=443): Max retries exceeded with url: /bigquery/v2/projects/bilibili-m2s2vp-research/datasets/bili_video_stream_data_test_2/tables?prettyPrint=false (Caused by ProxyError('Unable to connect to proxy', RemoteDisconnected('Remote end closed connection without response')))
[2026-04-03 02:11:44] [SUCCESS] bvid=BV14X9jB8EnW 已成功抓取全部所需数据。
[2026-04-03 02:11:49] [SUCCESS] bvid=BV1gU9jBAECR 已成功抓取全部所需数据。
[2026-04-03 02:11:54] [SUCCESS] bvid=BV1Vk9jBTEo8 已成功抓取全部所需数据。
[2026-04-03 02:11:59] [SUCCESS] bvid=BV1SX9jB8EwP 已成功抓取全部所需数据。
[2026-04-03 02:12:04] [SUCCESS] bvid=BV1E397B7E3z 已成功抓取全部所需数据。
[2026-04-03 02:12:10] [SUCCESS] bvid=BV1Cy97B9EJv 已成功抓取全部所需数据。
[2026-04-03 02:12:15] [SUCCESS] bvid=BV1MX9jB8E2c 已成功抓取全部所需数据。
[2026-04-03 02:12:21] [SUCCESS] bvid=BV1UX9jB8Eik 已成功抓取全部所需数据。
[2026-04-03 02:12:26] [SUCCESS] bvid=BV1iR9LBuEcx 已成功抓取全部所需数据。
[2026-04-03 02:12:31] [SUCCESS] bvid=BV1qi9jB3EFx 已成功抓取全部所需数据。
[2026-04-03 02:12:36] [SUCCESS] bvid=BV1QwXkBiEjV 已成功抓取全部所需数据。
[2026-04-03 02:12:41] [SUCCESS] bvid=BV1uU9jBAEaa 已成功抓取全部所需数据。
[2026-04-03 02:12:47] [SUCCESS] bvid=BV1MS9jBaEUi 已成功抓取全部所需数据。
[2026-04-03 02:12:52] [SUCCESS] bvid=BV1gS9jBaE8z 已成功抓取全部所需数据。
[2026-04-03 02:12:57] [SUCCESS] bvid=BV1Rn97BgEUi 已成功抓取全部所需数据。
[2026-04-03 02:13:02] [SUCCESS] bvid=BV1xo9jBoEti 已成功抓取全部所需数据。
[2026-04-03 02:13:08] [SUCCESS] bvid=BV1bU9jBAEfb 已成功抓取全部所需数据。
[2026-04-03 02:13:13] [SUCCESS] bvid=BV1MS9jBaESh 已成功抓取全部所需数据。
[2026-04-03 02:13:18] [SUCCESS] bvid=BV1uY97BAEDn 已成功抓取全部所需数据。
[2026-04-03 02:13:24] [SUCCESS] bvid=BV1idXCBEEMA 已成功抓取全部所需数据。
[2026-04-03 02:13:29] [SUCCESS] bvid=BV1xo6FB1ES5 已成功抓取全部所需数据。
[2026-04-03 02:13:34] [SUCCESS] bvid=BV1aoXzBwET8 已成功抓取全部所需数据。
[2026-04-03 02:13:39] [SUCCESS] bvid=BV1Vn97B3EfP 已成功抓取全部所需数据。
[2026-04-03 02:13:44] [SUCCESS] bvid=BV12q97BbEkr 已成功抓取全部所需数据。
[2026-04-03 02:13:49] [SUCCESS] bvid=BV1ky97B9Efn 已成功抓取全部所需数据。
[2026-04-03 02:13:53] [SUCCESS] bvid=BV1dyXqBaEE5 已成功抓取全部所需数据。
[2026-04-03 02:13:58] [SUCCESS] bvid=BV1ZqXWBfEKN 已成功抓取全部所需数据。
[2026-04-03 02:14:03] [SUCCESS] bvid=BV1WNA3z8EoP 已成功抓取全部所需数据。
[2026-04-03 02:14:08] [SUCCESS] bvid=BV1tU95BsEuu 已成功抓取全部所需数据。
[2026-04-03 02:14:12] [SUCCESS] bvid=BV1Fu97BUEV7 已成功抓取全部所需数据。
[2026-04-03 02:14:17] [SUCCESS] bvid=BV1FP9LB5Eig 已成功抓取全部所需数据。
[2026-04-03 02:14:22] [SUCCESS] bvid=BV1iX9LB6Eyb 已成功抓取全部所需数据。
[2026-04-03 02:14:27] [SUCCESS] bvid=BV1h2XkBiEP2 已成功抓取全部所需数据。
[2026-04-03 02:14:32] [SUCCESS] bvid=BV1sXX6B9ESb 已成功抓取全部所需数据。
[2026-04-03 02:14:37] [SUCCESS] bvid=BV1BSXrByEY5 已成功抓取全部所需数据。
[2026-04-03 02:14:42] [SUCCESS] bvid=BV1hv9GBxEfC 已成功抓取全部所需数据。
[2026-04-03 02:14:47] [SUCCESS] bvid=BV1gnXzBoEUc 已成功抓取全部所需数据。
[2026-04-03 02:14:52] [SUCCESS] bvid=BV1Ko9jBoE3Z 已成功抓取全部所需数据。
[2026-04-03 02:14:56] [SUCCESS] bvid=BV1Ko9jBoEhB 已成功抓取全部所需数据。
[2026-04-03 02:15:01] [SUCCESS] bvid=BV1ez9jBuEJF 已成功抓取全部所需数据。
[2026-04-03 02:15:06] [SUCCESS] bvid=BV1Ko9jBoEoj 已成功抓取全部所需数据。
[2026-04-03 02:15:11] [SUCCESS] bvid=BV1Ko9jBoEB6 已成功抓取全部所需数据。
[2026-04-03 02:15:17] [SUCCESS] bvid=BV1Nf9jBxELz 已成功抓取全部所需数据。
[2026-04-03 02:15:22] [SUCCESS] bvid=BV1Kf9jBxEAj 已成功抓取全部所需数据。
[2026-04-03 02:15:27] [SUCCESS] bvid=BV1Nf9jBxE2P 已成功抓取全部所需数据。
[2026-04-03 02:15:32] [SUCCESS] bvid=BV1Td9jBtE3o 已成功抓取全部所需数据。
[2026-04-03 02:15:37] [SUCCESS] bvid=BV1Nd9jBtEZJ 已成功抓取全部所需数据。
[2026-04-03 02:15:42] [SUCCESS] bvid=BV1Kd9jBtERd 已成功抓取全部所需数据。
[2026-04-03 02:15:47] [SUCCESS] bvid=BV14d9jBtEBu 已成功抓取全部所需数据。
[2026-04-03 02:15:52] [SUCCESS] bvid=BV1Td9jBtEHe 已成功抓取全部所需数据。
[2026-04-03 02:15:57] [SUCCESS] bvid=BV1X69jBBEvN 已成功抓取全部所需数据。
[2026-04-03 02:16:02] [SUCCESS] bvid=BV1Vz9jBuESC 已成功抓取全部所需数据。
[2026-04-03 02:16:07] [SUCCESS] bvid=BV1ez9jBuEkz 已成功抓取全部所需数据。
[2026-04-03 02:16:12] [SUCCESS] bvid=BV1Lz9jBuEWa 已成功抓取全部所需数据。
[2026-04-03 02:16:17] [SUCCESS] bvid=BV1h19jBNEDS 已成功抓取全部所需数据。
[2026-04-03 02:16:21] [SUCCESS] bvid=BV1v69jBBEFe 已成功抓取全部所需数据。
[2026-04-03 02:16:26] [SUCCESS] bvid=BV1e69jBBEBR 已成功抓取全部所需数据。
[2026-04-03 02:16:31] [SUCCESS] bvid=BV1569jBBEpC 已成功抓取全部所需数据。
[2026-04-03 02:16:36] [SUCCESS] bvid=BV1ji9jB3E87 已成功抓取全部所需数据。
[2026-04-03 02:16:41] [SUCCESS] bvid=BV1ii9jB3E2f 已成功抓取全部所需数据。
[2026-04-03 02:16:46] [SUCCESS] bvid=BV1Li9jB3EHc 已成功抓取全部所需数据。
[2026-04-03 02:16:51] [SUCCESS] bvid=BV1rtXYBoEnX 已成功抓取全部所需数据。
[2026-04-03 02:16:56] [SUCCESS] bvid=BV1RZXrBuEcy 已成功抓取全部所需数据。
[2026-04-03 02:17:01] [SUCCESS] bvid=BV1t195B4Edg 已成功抓取全部所需数据。
[2026-04-03 02:17:06] [SUCCESS] bvid=BV1K697BtEKe 已成功抓取全部所需数据。
[2026-04-03 02:17:11] [SUCCESS] bvid=BV1Ay97BREV5 已成功抓取全部所需数据。
[2026-04-03 02:17:15] [SUCCESS] bvid=BV1mgXkBcEbP 已成功抓取全部所需数据。
[2026-04-03 02:17:20] [SUCCESS] bvid=BV15q9jB6E2a 已成功抓取全部所需数据。
[2026-04-03 02:17:25] [SUCCESS] bvid=BV15q9jB6Eei 已成功抓取全部所需数据。
[2026-04-03 02:17:30] [SUCCESS] bvid=BV1vq9jB6Exm 已成功抓取全部所需数据。
[2026-04-03 02:17:35] [SUCCESS] bvid=BV15q9jB6Eon 已成功抓取全部所需数据。
[2026-04-03 02:17:40] [SUCCESS] bvid=BV15q9jB6Erp 已成功抓取全部所需数据。
[2026-04-03 02:17:45] [SUCCESS] bvid=BV1dq9jB6Edq 已成功抓取全部所需数据。
[2026-04-03 02:18:02] [SUCCESS] bvid=BV1hw95BdE5p 已成功抓取全部所需数据。
[2026-04-03 02:18:14] [SUCCESS] bvid=BV1oAXUBFETd 已成功抓取全部所需数据。
[2026-04-03 02:18:19] [SUCCESS] bvid=BV1559LBqEDx 已成功抓取全部所需数据。
[2026-04-03 02:18:19] [WARN] 当前子任务已结束，但仍有未成功抓取的视频，已导出 remaining CSV 供继续执行。
[2026-04-03 02:18:19] [INFO] 已导出剔除成功条目后的剩余 CSV：D:\Schoolworks\Thesis\Bilibili-Datahub\outputs\video_data\manual_crawls\manual_crawl_stat_comment_20260403_011717\remaining_bvids_part_6.csv
[2026-04-03 02:18:19] 子任务结束时间：2026-04-03T02:18:19.522273
[TIMESTAMP][END] 2026-04-03T02:18:19
