[TIMESTAMP][BEGIN] 2026-04-03T06:11:49
[2026-04-03 06:11:51] 开始执行 CSV 批量抓取子任务 part_34。
[2026-04-03 06:11:51] 子任务开始时间：2026-04-03T06:11:49.104987
[2026-04-03 06:11:51] 输入文件：batch_input_34.csv
[2026-04-03 06:11:51] 输入唯一 bvid 数量：100
[2026-04-03 06:11:51] 为严格按 CSV 顺序判断连续失败阈值，本次任务自动将并发度从 2 调整为 1。
[2026-04-03 06:11:56] [SUCCESS] bvid=BV1t1XbBfEgQ 已成功抓取全部所需数据。
[2026-04-03 06:12:01] [SUCCESS] bvid=BV1KBX1BzEB6 已成功抓取全部所需数据。
[2026-04-03 06:12:06] [SUCCESS] bvid=BV1u6XLBdErM 已成功抓取全部所需数据。
[2026-04-03 06:12:11] [SUCCESS] bvid=BV1ZJXLBuEy4 已成功抓取全部所需数据。
[2026-04-03 06:12:16] [SUCCESS] bvid=BV1yyX1BeECX 已成功抓取全部所需数据。
[2026-04-03 06:12:21] [SUCCESS] bvid=BV1kSX1BcE49 已成功抓取全部所需数据。
[2026-04-03 06:12:26] [SUCCESS] bvid=BV1BRX1BoETr 已成功抓取全部所需数据。
[2026-04-03 06:12:31] [SUCCESS] bvid=BV1RUXxBFExt 已成功抓取全部所需数据。
[2026-04-03 06:12:36] [SUCCESS] bvid=BV16QX1BfE6u 已成功抓取全部所需数据。
[2026-04-03 06:12:41] [SUCCESS] bvid=BV1pxX2BiEh5 已成功抓取全部所需数据。
[2026-04-03 06:12:45] [SUCCESS] bvid=BV1WeXTBZE8c 已成功抓取全部所需数据。
[2026-04-03 06:12:50] [SUCCESS] bvid=BV1PeXTBZEch 已成功抓取全部所需数据。
[2026-04-03 06:12:55] [SUCCESS] bvid=BV1CeXTBZECD 已成功抓取全部所需数据。
[2026-04-03 06:13:00] [SUCCESS] bvid=BV1peXTBZEfg 已成功抓取全部所需数据。
[2026-04-03 06:13:04] [SUCCESS] bvid=BV1WeXTBZEJv 已成功抓取全部所需数据。
[2026-04-03 06:13:09] [SUCCESS] bvid=BV1AeXTBZEXT 已成功抓取全部所需数据。
[2026-04-03 06:13:14] [SUCCESS] bvid=BV1keXTBoEXu 已成功抓取全部所需数据。
[2026-04-03 06:13:18] [SUCCESS] bvid=BV1CeXTBoE7S 已成功抓取全部所需数据。
[2026-04-03 06:13:23] [SUCCESS] bvid=BV1CeXTBoEif 已成功抓取全部所需数据。
[2026-04-03 06:13:28] [SUCCESS] bvid=BV11HX2BuEsg 已成功抓取全部所需数据。
[2026-04-03 06:13:33] [SUCCESS] bvid=BV18rXbBaETX 已成功抓取全部所需数据。
[2026-04-03 06:13:38] [SUCCESS] bvid=BV1xpX2BBEhV 已成功抓取全部所需数据。
[2026-04-03 06:13:42] [SUCCESS] bvid=BV1nhX2BAE1Y 已成功抓取全部所需数据。
[2026-04-03 06:13:47] [SUCCESS] bvid=BV1dCQkBkEmM 已成功抓取全部所需数据。
[2026-04-03 06:13:52] [SUCCESS] bvid=BV1KAXVBVEnK 已成功抓取全部所需数据。
[2026-04-03 06:13:57] [SUCCESS] bvid=BV1pMX1BFEux 已成功抓取全部所需数据。
[2026-04-03 06:14:02] [SUCCESS] bvid=BV1cWQoBRE7j 已成功抓取全部所需数据。
[2026-04-03 06:14:06] [SUCCESS] bvid=BV1f7A3znEp1 已成功抓取全部所需数据。
[2026-04-03 06:14:11] [SUCCESS] bvid=BV1hKXyBrEEK 已成功抓取全部所需数据。
[2026-04-03 06:14:16] [SUCCESS] bvid=BV1qqXyBnEVx 已成功抓取全部所需数据。
[2026-04-03 06:14:20] [SUCCESS] bvid=BV1kiXTBxEp2 已成功抓取全部所需数据。
[2026-04-03 06:14:25] [SUCCESS] bvid=BV1ZqwLzFEuy 已成功抓取全部所需数据。
[2026-04-03 06:14:30] [SUCCESS] bvid=BV1jBXyBSEEF 已成功抓取全部所需数据。
[2026-04-03 06:14:34] [SUCCESS] bvid=BV1WtX2BNEA8 已成功抓取全部所需数据。
[2026-04-03 06:14:39] [SUCCESS] bvid=BV1pbX2BeEvs 已成功抓取全部所需数据。
[2026-04-03 06:14:44] [SUCCESS] bvid=BV1pbX2BeELy 已成功抓取全部所需数据。
[2026-04-03 06:14:48] [SUCCESS] bvid=BV18VX2ByEfj 已成功抓取全部所需数据。
[2026-04-03 06:14:53] [SUCCESS] bvid=BV1bVX2ByErR 已成功抓取全部所需数据。
[2026-04-03 06:14:58] [SUCCESS] bvid=BV1tEX2B3EjW 已成功抓取全部所需数据。
[2026-04-03 06:15:02] [SUCCESS] bvid=BV1UjX2BkEhz 已成功抓取全部所需数据。
[2026-04-03 06:15:07] [SUCCESS] bvid=BV151X2BXE3D 已成功抓取全部所需数据。
[2026-04-03 06:15:12] [SUCCESS] bvid=BV1wgXmBiESQ 已成功抓取全部所需数据。
[2026-04-03 06:15:17] [SUCCESS] bvid=BV1ZEXmBFEHH 已成功抓取全部所需数据。
[2026-04-03 06:15:22] [SUCCESS] bvid=BV1pHXyBhEY8 已成功抓取全部所需数据。
[2026-04-03 06:15:27] [SUCCESS] bvid=BV1hMXyBgEUN 已成功抓取全部所需数据。
[2026-04-03 06:15:32] [SUCCESS] bvid=BV1bGXyBqErH 已成功抓取全部所需数据。
[2026-04-03 06:15:36] [SUCCESS] bvid=BV1VyXyB1Eyb 已成功抓取全部所需数据。
[2026-04-03 06:15:41] [SUCCESS] bvid=BV1uSXyBGEr3 已成功抓取全部所需数据。
[2026-04-03 06:15:46] [SUCCESS] bvid=BV1MXXyBgE84 已成功抓取全部所需数据。
[2026-04-03 06:15:51] [SUCCESS] bvid=BV1zaXyB9ED4 已成功抓取全部所需数据。
[2026-04-03 06:15:56] [SUCCESS] bvid=BV1mBX1BBEFS 已成功抓取全部所需数据。
[2026-04-03 06:16:01] [SUCCESS] bvid=BV1RJX1BDET6 已成功抓取全部所需数据。
[2026-04-03 06:16:06] [SUCCESS] bvid=BV1RJX1BDEjs 已成功抓取全部所需数据。
[2026-04-03 06:16:11] [SUCCESS] bvid=BV19HX1BJEvM 已成功抓取全部所需数据。
[2026-04-03 06:16:16] [SUCCESS] bvid=BV19HX1BJEXf 已成功抓取全部所需数据。
[2026-04-03 06:16:21] [SUCCESS] bvid=BV1DbX1ByEwN 已成功抓取全部所需数据。
[2026-04-03 06:16:26] [SUCCESS] bvid=BV1XeXLBfEwB 已成功抓取全部所需数据。
[2026-04-03 06:16:30] [SUCCESS] bvid=BV1gvXLBFEDK 已成功抓取全部所需数据。
[2026-04-03 06:16:42] [SUCCESS] bvid=BV1DzXLBxEci 已成功抓取全部所需数据。
[2026-04-03 06:16:47] [SUCCESS] bvid=BV1LkX5BvERv 已成功抓取全部所需数据。
[2026-04-03 06:16:51] [SUCCESS] bvid=BV1V9Q9BqEHF 已成功抓取全部所需数据。
[2026-04-03 06:16:56] [SUCCESS] bvid=BV1U6XLBREtR 已成功抓取全部所需数据。
[2026-04-03 06:17:01] [SUCCESS] bvid=BV1DqXLBoEHX 已成功抓取全部所需数据。
[2026-04-03 06:17:06] [SUCCESS] bvid=BV1DqXLBoEbW 已成功抓取全部所需数据。
[2026-04-03 06:17:11] [SUCCESS] bvid=BV17nXLBzEnR 已成功抓取全部所需数据。
[2026-04-03 06:17:16] [SUCCESS] bvid=BV1opXLBTEJn 已成功抓取全部所需数据。
[2026-04-03 06:17:20] [SUCCESS] bvid=BV1EpXLBME4C 已成功抓取全部所需数据。
[2026-04-03 06:17:25] [SUCCESS] bvid=BV1n7XLBrEsS 已成功抓取全部所需数据。
[2026-04-03 06:17:30] [SUCCESS] bvid=BV15bXLBPEuY 已成功抓取全部所需数据。
[2026-04-03 06:17:35] [SUCCESS] bvid=BV1ZJXLBuEof 已成功抓取全部所需数据。
[2026-04-03 06:17:39] [SUCCESS] bvid=BV1dbXLBAEKG 已成功抓取全部所需数据。
[2026-04-03 06:17:44] [SUCCESS] bvid=BV1oWXLBiEie 已成功抓取全部所需数据。
[2026-04-03 06:17:49] [SUCCESS] bvid=BV1dxXLBNEX2 已成功抓取全部所需数据。
[2026-04-03 06:17:54] [SUCCESS] bvid=BV1oWXLBiEXE 已成功抓取全部所需数据。
[2026-04-03 06:17:59] [SUCCESS] bvid=BV1dWXLBiEL5 已成功抓取全部所需数据。
[2026-04-03 06:18:04] [SUCCESS] bvid=BV16ZXLBVECu 已成功抓取全部所需数据。
[2026-04-03 06:18:09] [SUCCESS] bvid=BV1rZXLBVE5D 已成功抓取全部所需数据。
[2026-04-03 06:18:14] [SUCCESS] bvid=BV16ZXLBVEfV 已成功抓取全部所需数据。
[2026-04-03 06:18:19] [SUCCESS] bvid=BV1BfXLBkEYs 已成功抓取全部所需数据。
[2026-04-03 06:18:24] [SUCCESS] bvid=BV1kRXLBLEG6 已成功抓取全部所需数据。
[2026-04-03 06:18:29] [SUCCESS] bvid=BV1kRXLBLEcu 已成功抓取全部所需数据。
[2026-04-03 06:18:34] [SUCCESS] bvid=BV1kRXLBLEeq 已成功抓取全部所需数据。
[2026-04-03 06:18:39] [SUCCESS] bvid=BV1kRXLBLEvY 已成功抓取全部所需数据。
[2026-04-03 06:18:43] [SUCCESS] bvid=BV1pYXjBJEVN 已成功抓取全部所需数据。
[2026-04-03 06:18:48] [SUCCESS] bvid=BV1cdXLB1EUR 已成功抓取全部所需数据。
[2026-04-03 06:18:53] [SUCCESS] bvid=BV1cdXLB1Ej2 已成功抓取全部所需数据。
[2026-04-03 06:18:58] [SUCCESS] bvid=BV1oPXjBuETx 已成功抓取全部所需数据。
[2026-04-03 06:19:03] [SUCCESS] bvid=BV1jPXjBgEYu 已成功抓取全部所需数据。
[2026-04-03 06:19:08] [SUCCESS] bvid=BV1qwXjB6EQT 已成功抓取全部所需数据。
[2026-04-03 06:19:13] [SUCCESS] bvid=BV1iNXjBBEwJ 已成功抓取全部所需数据。
[2026-04-03 06:19:18] [SUCCESS] bvid=BV1BcXjB3EMW 已成功抓取全部所需数据。
[2026-04-03 06:19:23] [SUCCESS] bvid=BV1ZcXjB3EfU 已成功抓取全部所需数据。
[2026-04-03 06:19:27] [SUCCESS] bvid=BV1BcXjB3Evn 已成功抓取全部所需数据。
[2026-04-03 06:19:32] [SUCCESS] bvid=BV1EcXjBGEe9 已成功抓取全部所需数据。
[2026-04-03 06:19:37] [SUCCESS] bvid=BV1EcXjBGEnN 已成功抓取全部所需数据。
[2026-04-03 06:19:42] [SUCCESS] bvid=BV1BcXjB3EEG 已成功抓取全部所需数据。
[2026-04-03 06:19:46] [SUCCESS] bvid=BV1K1XLBpELn 已成功抓取全部所需数据。
[2026-04-03 06:19:51] [SUCCESS] bvid=BV1BcXjB3ETt 已成功抓取全部所需数据。
[2026-04-03 06:19:56] [SUCCESS] bvid=BV1ZcXjB3EvX 已成功抓取全部所需数据。
[2026-04-03 06:20:00] [SUCCESS] bvid=BV1qwXjB6Enb 已成功抓取全部所需数据。
[2026-04-03 06:20:00] [INFO] 当前 batch_crawl 已完成，所有视频均已成功抓取。
[2026-04-03 06:20:00] 子任务结束时间：2026-04-03T06:20:00.897447
[TIMESTAMP][END] 2026-04-03T06:20:00
