[TIMESTAMP][BEGIN] 2026-04-03T02:44:10
[2026-04-03 02:44:12] 开始执行 CSV 批量抓取子任务 part_10。
[2026-04-03 02:44:12] 子任务开始时间：2026-04-03T02:44:10.832568
[2026-04-03 02:44:12] 输入文件：batch_input_10.csv
[2026-04-03 02:44:12] 输入唯一 bvid 数量：100
[2026-04-03 02:44:12] 为严格按 CSV 顺序判断连续失败阈值，本次任务自动将并发度从 2 调整为 1。
[2026-04-03 02:44:17] [SUCCESS] bvid=BV1St9LBoEAo 已成功抓取全部所需数据。
[2026-04-03 02:44:22] [SUCCESS] bvid=BV1M89LB4E6i 已成功抓取全部所需数据。
[2026-04-03 02:44:27] [SUCCESS] bvid=BV11x93BkEnq 已成功抓取全部所需数据。
[2026-04-03 02:44:31] [SUCCESS] bvid=BV1KSX6BdEU3 已成功抓取全部所需数据。
[2026-04-03 02:44:37] [SUCCESS] bvid=BV1GY9GBoEDH 已成功抓取全部所需数据。
[2026-04-03 02:44:41] [SUCCESS] bvid=BV1Ex95BgE1b 已成功抓取全部所需数据。
[2026-04-03 02:44:46] [SUCCESS] bvid=BV1dVXrBuE49 已成功抓取全部所需数据。
[2026-04-03 02:44:51] [SUCCESS] bvid=BV1Cv9VB5EFA 已成功抓取全部所需数据。
[2026-04-03 02:44:56] [SUCCESS] bvid=BV11YXrBxEkm 已成功抓取全部所需数据。
[2026-04-03 02:45:01] [SUCCESS] bvid=BV1M89LB4Epq 已成功抓取全部所需数据。
[2026-04-03 02:45:05] [SUCCESS] bvid=BV1U89LBxEbF 已成功抓取全部所需数据。
[2026-04-03 02:45:10] [SUCCESS] bvid=BV1m89LBxEbi 已成功抓取全部所需数据。
[2026-04-03 02:45:15] [SUCCESS] bvid=BV1ifXCBjEFd 已成功抓取全部所需数据。
[2026-04-03 02:45:20] [SUCCESS] bvid=BV1ew9jBvEPm 已成功抓取全部所需数据。
[2026-04-03 02:45:24] [SUCCESS] bvid=BV1Yw9jBeE5d 已成功抓取全部所需数据。
[2026-04-03 02:45:29] [SUCCESS] bvid=BV1aP9jBAEHe 已成功抓取全部所需数据。
[2026-04-03 02:45:34] [SUCCESS] bvid=BV1Bm9VBKEjo 已成功抓取全部所需数据。
[2026-04-03 02:45:39] [SUCCESS] bvid=BV1hP9jBAER9 已成功抓取全部所需数据。
[2026-04-03 02:45:44] [SUCCESS] bvid=BV1hP9jBAEmA 已成功抓取全部所需数据。
[2026-04-03 02:45:48] [SUCCESS] bvid=BV1ef9LBiE6H 已成功抓取全部所需数据。
[2026-04-03 02:45:53] [SUCCESS] bvid=BV1ef9LBiEkK 已成功抓取全部所需数据。
[2026-04-03 02:45:58] [SUCCESS] bvid=BV1Vf9LBqEhp 已成功抓取全部所需数据。
[2026-04-03 02:46:03] [SUCCESS] bvid=BV1ac9jBNEjW 已成功抓取全部所需数据。
[2026-04-03 02:46:07] [SUCCESS] bvid=BV1ST9jBcEpM 已成功抓取全部所需数据。
[2026-04-03 02:46:12] [SUCCESS] bvid=BV1meXCBYEpg 已成功抓取全部所需数据。
[2026-04-03 02:46:17] [SUCCESS] bvid=BV1ec9jBNEhP 已成功抓取全部所需数据。
[2026-04-03 02:46:21] [SUCCESS] bvid=BV1bM9jB8Eo9 已成功抓取全部所需数据。
[2026-04-03 02:46:26] [SUCCESS] bvid=BV1bM9jB8EVE 已成功抓取全部所需数据。
[2026-04-03 02:46:31] [SUCCESS] bvid=BV18M9jB8EHv 已成功抓取全部所需数据。
[2026-04-03 02:46:36] [SUCCESS] bvid=BV18M9jB8Et1 已成功抓取全部所需数据。
[2026-04-03 02:46:41] [SUCCESS] bvid=BV1Ho9GB3E49 已成功抓取全部所需数据。
[2026-04-03 02:46:46] [SUCCESS] bvid=BV1VqXkBkEDY 已成功抓取全部所需数据。
[2026-04-03 02:46:51] [SUCCESS] bvid=BV1mu9jBfExb 已成功抓取全部所需数据。
[2026-04-03 02:46:56] [SUCCESS] bvid=BV18u9jBfEwD 已成功抓取全部所需数据。
[2026-04-03 02:47:00] [SUCCESS] bvid=BV1Su9jBfEha 已成功抓取全部所需数据。
[2026-04-03 02:47:05] [SUCCESS] bvid=BV1bu9jBfEh9 已成功抓取全部所需数据。
[2026-04-03 02:47:10] [SUCCESS] bvid=BV18N9jBaEDQ 已成功抓取全部所需数据。
[2026-04-03 02:47:15] [SUCCESS] bvid=BV1gN9jBYEZU 已成功抓取全部所需数据。
[2026-04-03 02:47:20] [SUCCESS] bvid=BV14gXkBcEUP 已成功抓取全部所需数据。
[2026-04-03 02:47:24] [SUCCESS] bvid=BV1REXCBCEHB 已成功抓取全部所需数据。
[2026-04-03 02:47:30] [SUCCESS] bvid=BV1gp9VBWE8o 已成功抓取全部所需数据。
[2026-04-03 02:47:35] [SUCCESS] bvid=BV1YcXkBTEcM 已成功抓取全部所需数据。
[2026-04-03 02:47:40] [SUCCESS] bvid=BV1uNX9BPEkL 已成功抓取全部所需数据。
[2026-04-03 02:47:44] [SUCCESS] bvid=BV1DN9jBaEBE 已成功抓取全部所需数据。
[2026-04-03 02:47:49] [SUCCESS] bvid=BV1aN9jBaEcQ 已成功抓取全部所需数据。
[2026-04-03 02:47:54] [SUCCESS] bvid=BV1QN9jBaETX 已成功抓取全部所需数据。
[2026-04-03 02:47:58] [SUCCESS] bvid=BV1DN9jBaELw 已成功抓取全部所需数据。
[2026-04-03 02:48:03] [SUCCESS] bvid=BV1hT9jBcEx3 已成功抓取全部所需数据。
[2026-04-03 02:48:08] [SUCCESS] bvid=BV18T9jBcEcL 已成功抓取全部所需数据。
[2026-04-03 02:48:13] [SUCCESS] bvid=BV1hT9jBcEui 已成功抓取全部所需数据。
[2026-04-03 02:48:18] [SUCCESS] bvid=BV1hT9jBcEMy 已成功抓取全部所需数据。
[2026-04-03 02:48:22] [SUCCESS] bvid=BV1bT9jBcERf 已成功抓取全部所需数据。
[2026-04-03 02:48:27] [SUCCESS] bvid=BV1zS9LBkEnM 已成功抓取全部所需数据。
[2026-04-03 02:48:32] [SUCCESS] bvid=BV1zS9LBkEJm 已成功抓取全部所需数据。
[2026-04-03 02:48:37] [SUCCESS] bvid=BV1ZS9LBkEBx 已成功抓取全部所需数据。
[2026-04-03 02:48:42] [SUCCESS] bvid=BV1BS9LBkEMo 已成功抓取全部所需数据。
[2026-04-03 02:48:46] [SUCCESS] bvid=BV1EQ9LBGEAy 已成功抓取全部所需数据。
[2026-04-03 02:48:51] [SUCCESS] bvid=BV1iQ9LB3EqE 已成功抓取全部所需数据。
[2026-04-03 02:48:56] [SUCCESS] bvid=BV1629LByEYp 已成功抓取全部所需数据。
[2026-04-03 02:49:01] [SUCCESS] bvid=BV1F29LB1E9T 已成功抓取全部所需数据。
[2026-04-03 02:49:06] [SUCCESS] bvid=BV1629LByEip 已成功抓取全部所需数据。
[2026-04-03 02:49:11] [SUCCESS] bvid=BV1zU9LBVEQ3 已成功抓取全部所需数据。
[2026-04-03 02:49:15] [SUCCESS] bvid=BV1id9LBBEPX 已成功抓取全部所需数据。
[2026-04-03 02:49:20] [SUCCESS] bvid=BV1Rd9LBBEQY 已成功抓取全部所需数据。
[2026-04-03 02:49:25] [SUCCESS] bvid=BV1id9LBBEMo 已成功抓取全部所需数据。
[2026-04-03 02:49:30] [SUCCESS] bvid=BV1Rd9LBBEpz 已成功抓取全部所需数据。
[2026-04-03 02:49:34] [SUCCESS] bvid=BV1k6XrBDE7U 已成功抓取全部所需数据。
[2026-04-03 02:49:39] [SUCCESS] bvid=BV1KLXkBZENH 已成功抓取全部所需数据。
[2026-04-03 02:49:44] [SUCCESS] bvid=BV1sG9GB3Egh 已成功抓取全部所需数据。
[2026-04-03 02:49:49] [SUCCESS] bvid=BV1K4XzBXEYc 已成功抓取全部所需数据。
[2026-04-03 02:49:53] [SUCCESS] bvid=BV1eZ9LBTEUA 已成功抓取全部所需数据。
[2026-04-03 02:49:58] [SUCCESS] bvid=BV1qX9LB6EH2 已成功抓取全部所需数据。
[2026-04-03 02:50:02] [SUCCESS] bvid=BV1ZX9LB6EpK 已成功抓取全部所需数据。
[2026-04-03 02:50:07] [SUCCESS] bvid=BV1LR9LBgECn 已成功抓取全部所需数据。
[2026-04-03 02:50:11] [SUCCESS] bvid=BV1dg9VBhEXf 已成功抓取全部所需数据。
[2026-04-03 02:50:16] [SUCCESS] bvid=BV1LG9VBcE8W 已成功抓取全部所需数据。
[2026-04-03 02:50:21] [SUCCESS] bvid=BV1RG9VBFEKY 已成功抓取全部所需数据。
[2026-04-03 02:50:26] [SUCCESS] bvid=BV1rjXBB6ETM 已成功抓取全部所需数据。
[2026-04-03 02:50:30] [SUCCESS] bvid=BV1bx9VBHEsy 已成功抓取全部所需数据。
[2026-04-03 02:50:35] [SUCCESS] bvid=BV1dT9VBYEQz 已成功抓取全部所需数据。
[2026-04-03 02:50:40] [SUCCESS] bvid=BV1VnXCBVE8F 已成功抓取全部所需数据。
[2026-04-03 02:50:44] [SUCCESS] bvid=BV1ZT9VBYEJ4 已成功抓取全部所需数据。
[2026-04-03 02:50:49] [SUCCESS] bvid=BV1oT9VBYEoU 已成功抓取全部所需数据。
[2026-04-03 02:50:53] [SUCCESS] bvid=BV1ZT9VBYEjw 已成功抓取全部所需数据。
[2026-04-03 02:50:58] [SUCCESS] bvid=BV17T9VBeEcp 已成功抓取全部所需数据。
[2026-04-03 02:51:03] [SUCCESS] bvid=BV1Fc9VBBEGo 已成功抓取全部所需数据。
[2026-04-03 02:51:08] [SUCCESS] bvid=BV1ou9VBwEci 已成功抓取全部所需数据。
[2026-04-03 02:51:12] [SUCCESS] bvid=BV12xXzBpExQ 已成功抓取全部所需数据。
[2026-04-03 02:51:17] [SUCCESS] bvid=BV1c2XCBxEcs 已成功抓取全部所需数据。
[2026-04-03 02:51:21] [SUCCESS] bvid=BV1wCXCBtECD 已成功抓取全部所需数据。
[2026-04-03 02:51:26] [SUCCESS] bvid=BV164XkBJECX 已成功抓取全部所需数据。
[2026-04-03 02:51:31] [SUCCESS] bvid=BV1CyQUBMENq 已成功抓取全部所需数据。
[2026-04-03 02:51:35] [SUCCESS] bvid=BV1ViX6BvEmo 已成功抓取全部所需数据。
[2026-04-03 02:51:40] [SUCCESS] bvid=BV1eU93BoEQU 已成功抓取全部所需数据。
[2026-04-03 02:51:45] [SUCCESS] bvid=BV1c6XrBQEka 已成功抓取全部所需数据。
[2026-04-03 02:51:50] [SUCCESS] bvid=BV1C6XCBbEpF 已成功抓取全部所需数据。
[2026-04-03 02:51:54] [SUCCESS] bvid=BV1Hj9GBBEBL 已成功抓取全部所需数据。
[2026-04-03 02:51:59] [SUCCESS] bvid=BV1pZX6BnExp 已成功抓取全部所需数据。
[2026-04-03 02:52:04] [SUCCESS] bvid=BV1BDXCBQE5w 已成功抓取全部所需数据。
[2026-04-03 02:52:09] [SUCCESS] bvid=BV1PXX6B9Ewn 已成功抓取全部所需数据。
[2026-04-03 02:52:09] [INFO] 当前 batch_crawl 已完成，所有视频均已成功抓取。
[2026-04-03 02:52:09] 子任务结束时间：2026-04-03T02:52:09.160023
[TIMESTAMP][END] 2026-04-03T02:52:09
