[TIMESTAMP][BEGIN] 2026-04-03T04:59:24
[2026-04-03 04:59:26] 开始执行 CSV 批量抓取子任务 part_25。
[2026-04-03 04:59:26] 子任务开始时间：2026-04-03T04:59:24.560534
[2026-04-03 04:59:26] 输入文件：batch_input_25.csv
[2026-04-03 04:59:26] 输入唯一 bvid 数量：100
[2026-04-03 04:59:26] 为严格按 CSV 顺序判断连续失败阈值，本次任务自动将并发度从 2 调整为 1。
[2026-04-03 04:59:31] [SUCCESS] bvid=BV1L7XaB1ETf 已成功抓取全部所需数据。
[2026-04-03 04:59:36] [SUCCESS] bvid=BV1e7XaB1EAW 已成功抓取全部所需数据。
[2026-04-03 04:59:41] [SUCCESS] bvid=BV1YJXaB5EEz 已成功抓取全部所需数据。
[2026-04-03 04:59:45] [SUCCESS] bvid=BV1j5XaBmEq7 已成功抓取全部所需数据。
[2026-04-03 04:59:50] [SUCCESS] bvid=BV155XaBmEZ1 已成功抓取全部所需数据。
[2026-04-03 04:59:55] [SUCCESS] bvid=BV1wHX9BpEJN 已成功抓取全部所需数据。
[2026-04-03 05:00:00] [SUCCESS] bvid=BV1q7XoBQEDt 已成功抓取全部所需数据。
[2026-04-03 05:00:05] [SUCCESS] bvid=BV188XoBCE1j 已成功抓取全部所需数据。
[2026-04-03 05:00:10] [SUCCESS] bvid=BV15jXaBjEeS 已成功抓取全部所需数据。
[2026-04-03 05:00:14] [SUCCESS] bvid=BV13xXaBgERa 已成功抓取全部所需数据。
[2026-04-03 05:00:19] [SUCCESS] bvid=BV13nXaBCEoK 已成功抓取全部所需数据。
[2026-04-03 05:00:24] [SUCCESS] bvid=BV1VpXaBGEnu 已成功抓取全部所需数据。
[2026-04-03 05:00:28] [SUCCESS] bvid=BV1GpXaBGErV 已成功抓取全部所需数据。
[2026-04-03 05:00:33] [SUCCESS] bvid=BV1GpXaBGEcv 已成功抓取全部所需数据。
[2026-04-03 05:00:38] [SUCCESS] bvid=BV1YpXaBGEt1 已成功抓取全部所需数据。
[2026-04-03 05:00:42] [SUCCESS] bvid=BV13UXdBkESu 已成功抓取全部所需数据。
[2026-04-03 05:00:47] [SUCCESS] bvid=BV1aUXdBkEEx 已成功抓取全部所需数据。
[2026-04-03 05:00:52] [SUCCESS] bvid=BV1GUXdBkE7A 已成功抓取全部所需数据。
[2026-04-03 05:00:56] [SUCCESS] bvid=BV1SDXdBgEsE 已成功抓取全部所需数据。
[2026-04-03 05:01:01] [SUCCESS] bvid=BV1DDXdBgEkx 已成功抓取全部所需数据。
[2026-04-03 05:01:06] [SUCCESS] bvid=BV131XdByECh 已成功抓取全部所需数据。
[2026-04-03 05:01:11] [SUCCESS] bvid=BV1Q1XdBCEEV 已成功抓取全部所需数据。
[2026-04-03 05:01:15] [SUCCESS] bvid=BV1QmXdBGE2C 已成功抓取全部所需数据。
[2026-04-03 05:01:20] [SUCCESS] bvid=BV1XmXdBGEhA 已成功抓取全部所需数据。
[2026-04-03 05:01:25] [SUCCESS] bvid=BV13mXdBVEs4 已成功抓取全部所需数据。
[2026-04-03 05:01:31] [SUCCESS] bvid=BV1AHX9BpExL 已成功抓取全部所需数据。
[2026-04-03 05:01:36] [SUCCESS] bvid=BV1tBXoBMEPk 已成功抓取全部所需数据。
[2026-04-03 05:01:40] [SUCCESS] bvid=BV1YmXdBVEgk 已成功抓取全部所需数据。
[2026-04-03 05:01:45] [SUCCESS] bvid=BV1URXdBqEYZ 已成功抓取全部所需数据。
[2026-04-03 05:01:50] [SUCCESS] bvid=BV1mRXdBqEav 已成功抓取全部所需数据。
[2026-04-03 05:01:55] [SUCCESS] bvid=BV1moXdBKE2f 已成功抓取全部所需数据。
[2026-04-03 05:01:59] [SUCCESS] bvid=BV1uQXdB6EnT 已成功抓取全部所需数据。
[2026-04-03 05:02:04] [SUCCESS] bvid=BV1SQXdBzEXe 已成功抓取全部所需数据。
[2026-04-03 05:02:09] [SUCCESS] bvid=BV1UQXdBzEB7 已成功抓取全部所需数据。
[2026-04-03 05:02:14] [SUCCESS] bvid=BV1MQXdB6ESQ 已成功抓取全部所需数据。
[2026-04-03 05:02:19] [SUCCESS] bvid=BV1MQXdB6EkG 已成功抓取全部所需数据。
[2026-04-03 05:02:24] [SUCCESS] bvid=BV1m9XdBMEBD 已成功抓取全部所需数据。
[2026-04-03 05:02:29] [SUCCESS] bvid=BV1jiXdBDEBF 已成功抓取全部所需数据。
[2026-04-03 05:02:33] [SUCCESS] bvid=BV198XLBaEf7 已成功抓取全部所需数据。
[2026-04-03 05:02:38] [SUCCESS] bvid=BV1dYXQBKELQ 已成功抓取全部所需数据。
[2026-04-03 05:02:43] [SUCCESS] bvid=BV1diXdBSEBQ 已成功抓取全部所需数据。
[2026-04-03 05:02:48] [SUCCESS] bvid=BV1jBXdBJExS 已成功抓取全部所需数据。
[2026-04-03 05:02:52] [SUCCESS] bvid=BV1dBXdBEEGp 已成功抓取全部所需数据。
[2026-04-03 05:02:57] [SUCCESS] bvid=BV1EPX8B2EWb 已成功抓取全部所需数据。
[2026-04-03 05:03:02] [SUCCESS] bvid=BV1HqXDByEGV 已成功抓取全部所需数据。
[2026-04-03 05:03:06] [SUCCESS] bvid=BV1jBXdBJEBj 已成功抓取全部所需数据。
[2026-04-03 05:03:11] [SUCCESS] bvid=BV14YXpBCEf4 已成功抓取全部所需数据。
[2026-04-03 05:03:16] [SUCCESS] bvid=BV11ZXHBqENP 已成功抓取全部所需数据。
[2026-04-03 05:03:21] [SUCCESS] bvid=BV1aTXGBDE6j 已成功抓取全部所需数据。
[2026-04-03 05:03:26] [SUCCESS] bvid=BV12wQrB9ECk 已成功抓取全部所需数据。
[2026-04-03 05:03:31] [SUCCESS] bvid=BV1JRXoB4E95 已成功抓取全部所需数据。
[2026-04-03 05:03:35] [SUCCESS] bvid=BV1EZXoBsEFS 已成功抓取全部所需数据。
[2026-04-03 05:03:40] [SUCCESS] bvid=BV17AXNB3EKX 已成功抓取全部所需数据。
[2026-04-03 05:03:46] [SUCCESS] bvid=BV1sWX5BmEUv 已成功抓取全部所需数据。
[2026-04-03 05:03:51] [SUCCESS] bvid=BV15zXdBUEs9 已成功抓取全部所需数据。
[2026-04-03 05:03:55] [SUCCESS] bvid=BV1ZvXdBnEsX 已成功抓取全部所需数据。
[2026-04-03 05:04:00] [SUCCESS] bvid=BV1VkXdB2EhG 已成功抓取全部所需数据。
[2026-04-03 05:04:05] [SUCCESS] bvid=BV1VkXdB2E7P 已成功抓取全部所需数据。
[2026-04-03 05:04:10] [SUCCESS] bvid=BV15kXdB2Erk 已成功抓取全部所需数据。
[2026-04-03 05:04:15] [SUCCESS] bvid=BV1hfXTB6ESX 已成功抓取全部所需数据。
[2026-04-03 05:04:20] [SUCCESS] bvid=BV1dzXdBmE4Y 已成功抓取全部所需数据。
[2026-04-03 05:04:25] [SUCCESS] bvid=BV1ozXdBmEPo 已成功抓取全部所需数据。
[2026-04-03 05:04:30] [SUCCESS] bvid=BV1XiXQBPEUE 已成功抓取全部所需数据。
[2026-04-03 05:04:34] [SUCCESS] bvid=BV1RzXdBmEys 已成功抓取全部所需数据。
[2026-04-03 05:04:39] [SUCCESS] bvid=BV19rXdBjEHg 已成功抓取全部所需数据。
[2026-04-03 05:04:44] [SUCCESS] bvid=BV1irXdB7EJu 已成功抓取全部所需数据。
[2026-04-03 05:04:49] [SUCCESS] bvid=BV1BVXoBsETJ 已成功抓取全部所需数据。
[2026-04-03 05:04:54] [SUCCESS] bvid=BV1FJXPBrEwj 已成功抓取全部所需数据。
[2026-04-03 05:04:58] [SUCCESS] bvid=BV1zVXoBsEUU 已成功抓取全部所需数据。
[2026-04-03 05:05:03] [SUCCESS] bvid=BV1zVXoBsEe7 已成功抓取全部所需数据。
[2026-04-03 05:05:08] [SUCCESS] bvid=BV16gXoB4ED8 已成功抓取全部所需数据。
[2026-04-03 05:05:13] [SUCCESS] bvid=BV1mZXdBvE3Q 已成功抓取全部所需数据。
[2026-04-03 05:05:18] [SUCCESS] bvid=BV1VdXDBaEMg 已成功抓取全部所需数据。
[2026-04-03 05:05:22] [SUCCESS] bvid=BV1zTXRBDEyM 已成功抓取全部所需数据。
[2026-04-03 05:05:27] [SUCCESS] bvid=BV1CeXTBoEag 已成功抓取全部所需数据。
[2026-04-03 05:05:32] [SUCCESS] bvid=BV1R1AWzSEFR 已成功抓取全部所需数据。
[2026-04-03 05:05:37] [SUCCESS] bvid=BV1YWXoBmERo 已成功抓取全部所需数据。
[2026-04-03 05:05:41] [SUCCESS] bvid=BV1cgXoBtEYA 已成功抓取全部所需数据。
[2026-04-03 05:05:46] [SUCCESS] bvid=BV16gXoB4EE4 已成功抓取全部所需数据。
[2026-04-03 05:05:51] [SUCCESS] bvid=BV1vJXoBnEdv 已成功抓取全部所需数据。
[2026-04-03 05:05:56] [SUCCESS] bvid=BV1n3XoBoEYD 已成功抓取全部所需数据。
[2026-04-03 05:06:01] [SUCCESS] bvid=BV1fbX9B2EUU 已成功抓取全部所需数据。
[2026-04-03 05:06:05] [SUCCESS] bvid=BV1z3XoBdEF4 已成功抓取全部所需数据。
[2026-04-03 05:06:10] [SUCCESS] bvid=BV1z3XoBdEzD 已成功抓取全部所需数据。
[2026-04-03 05:06:15] [SUCCESS] bvid=BV1z3XoBdExm 已成功抓取全部所需数据。
[2026-04-03 05:06:20] [SUCCESS] bvid=BV1jJXoBHEaT 已成功抓取全部所需数据。
[2026-04-03 05:06:25] [SUCCESS] bvid=BV17JXoBHEGp 已成功抓取全部所需数据。
[2026-04-03 05:06:30] [SUCCESS] bvid=BV1enXoBSEei 已成功抓取全部所需数据。
[2026-04-03 05:06:34] [SUCCESS] bvid=BV1inXoBSEGq 已成功抓取全部所需数据。
[2026-04-03 05:06:39] [SUCCESS] bvid=BV1ZjXoBpEQM 已成功抓取全部所需数据。
[2026-04-03 05:06:44] [SUCCESS] bvid=BV1q7XoBQE2n 已成功抓取全部所需数据。
[2026-04-03 05:06:49] [SUCCESS] bvid=BV11ZXdBvEqF 已成功抓取全部所需数据。
[2026-04-03 05:06:53] [SUCCESS] bvid=BV1VPXZBnEys 已成功抓取全部所需数据。
[2026-04-03 05:06:58] [SUCCESS] bvid=BV1s3XMBaEin 已成功抓取全部所需数据。
[2026-04-03 05:07:03] [SUCCESS] bvid=BV11cXoBYEsp 已成功抓取全部所需数据。
[2026-04-03 05:07:08] [SUCCESS] bvid=BV1PcXoBeEe2 已成功抓取全部所需数据。
[2026-04-03 05:07:12] [SUCCESS] bvid=BV1ycXoBYEwP 已成功抓取全部所需数据。
[2026-04-03 05:07:17] [SUCCESS] bvid=BV1NcXoBeEQW 已成功抓取全部所需数据。
[2026-04-03 05:07:21] [SUCCESS] bvid=BV1nNQqBKEM9 已成功抓取全部所需数据。
[2026-04-03 05:07:26] [SUCCESS] bvid=BV1nNQqBKE6X 已成功抓取全部所需数据。
[2026-04-03 05:07:26] [INFO] 当前 batch_crawl 已完成，所有视频均已成功抓取。
[2026-04-03 05:07:26] 子任务结束时间：2026-04-03T05:07:26.143966
[TIMESTAMP][END] 2026-04-03T05:07:26
