[TIMESTAMP][BEGIN] 2026-04-03T04:34:30
[2026-04-03 04:34:38] 开始执行 CSV 批量抓取子任务 part_22。
[2026-04-03 04:34:38] 子任务开始时间：2026-04-03T04:34:30.778282
[2026-04-03 04:34:38] 输入文件：batch_input_22.csv
[2026-04-03 04:34:38] 输入唯一 bvid 数量：100
[2026-04-03 04:34:38] 为严格按 CSV 顺序判断连续失败阈值，本次任务自动将并发度从 2 调整为 1。
[2026-04-03 04:34:56] [SUCCESS] bvid=BV1BhXYBRE6c 已成功抓取全部所需数据。
[2026-04-03 04:35:02] [SUCCESS] bvid=BV1BhXYBRExh 已成功抓取全部所需数据。
[2026-04-03 04:35:07] [SUCCESS] bvid=BV1YjQ2BUEMj 已成功抓取全部所需数据。
[2026-04-03 04:35:12] [SUCCESS] bvid=BV1XEQ2B7Egt 已成功抓取全部所需数据。
[2026-04-03 04:35:17] [SUCCESS] bvid=BV1aEQ2B7Eo2 已成功抓取全部所需数据。
[2026-04-03 04:35:22] [SUCCESS] bvid=BV1aEQ2BEEfp 已成功抓取全部所需数据。
[2026-04-03 04:35:27] [SUCCESS] bvid=BV1XEQ2B7Ept 已成功抓取全部所需数据。
[2026-04-03 04:35:32] [SUCCESS] bvid=BV1XEQ2B7EzZ 已成功抓取全部所需数据。
[2026-04-03 04:35:37] [SUCCESS] bvid=BV1aEQ2B7EDi 已成功抓取全部所需数据。
[2026-04-03 04:35:42] [SUCCESS] bvid=BV1aEQ2B7EzZ 已成功抓取全部所需数据。
[2026-04-03 04:35:47] [SUCCESS] bvid=BV1xvXaBPEsG 已成功抓取全部所需数据。
[2026-04-03 04:35:52] [SUCCESS] bvid=BV1zWXhBQE2h 已成功抓取全部所需数据。
[2026-04-03 04:35:58] [SUCCESS] bvid=BV1o9XXBrETo 已成功抓取全部所需数据。
[2026-04-03 04:36:03] [SUCCESS] bvid=BV1UdAczyE1c 已成功抓取全部所需数据。
[2026-04-03 04:36:09] [SUCCESS] bvid=BV1uyXQBfEBc 已成功抓取全部所需数据。
[2026-04-03 04:36:14] [SUCCESS] bvid=BV1F3XoBoEXH 已成功抓取全部所需数据。
[2026-04-03 04:36:19] [SUCCESS] bvid=BV1qYXYBWEGo 已成功抓取全部所需数据。
[2026-04-03 04:36:25] [SUCCESS] bvid=BV1JhXYBdEkq 已成功抓取全部所需数据。
[2026-04-03 04:36:29] [SUCCESS] bvid=BV1FhXYBdEP8 已成功抓取全部所需数据。
[2026-04-03 04:36:34] [SUCCESS] bvid=BV1zhXYBREpo 已成功抓取全部所需数据。
[2026-04-03 04:36:39] [SUCCESS] bvid=BV1zhXYBRE4Z 已成功抓取全部所需数据。
[2026-04-03 04:36:45] [SUCCESS] bvid=BV1qYXYBWE9d 已成功抓取全部所需数据。
[2026-04-03 04:36:50] [SUCCESS] bvid=BV1c8XYB4ENU 已成功抓取全部所需数据。
[2026-04-03 04:36:55] [SUCCESS] bvid=BV1DcXhBqELi 已成功抓取全部所需数据。
[2026-04-03 04:37:00] [SUCCESS] bvid=BV168XYBxEJa 已成功抓取全部所需数据。
[2026-04-03 04:37:05] [SUCCESS] bvid=BV1vqXYBDELs 已成功抓取全部所需数据。
[2026-04-03 04:37:10] [SUCCESS] bvid=BV1F8XYB4E2f 已成功抓取全部所需数据。
[2026-04-03 04:37:15] [SUCCESS] bvid=BV1J8XYB4ERJ 已成功抓取全部所需数据。
[2026-04-03 04:37:20] [SUCCESS] bvid=BV1vzXYBJEfP 已成功抓取全部所需数据。
[2026-04-03 04:37:26] [SUCCESS] bvid=BV1LqXYBQEkT 已成功抓取全部所需数据。
[2026-04-03 04:37:30] [SUCCESS] bvid=BV1ezXYBJEJw 已成功抓取全部所需数据。
[2026-04-03 04:37:36] [SUCCESS] bvid=BV1jeXYB9E62 已成功抓取全部所需数据。
[2026-04-03 04:37:41] [SUCCESS] bvid=BV1qeXYBXE3J 已成功抓取全部所需数据。
[2026-04-03 04:37:46] [SUCCESS] bvid=BV1diXYBHEZu 已成功抓取全部所需数据。
[2026-04-03 04:37:51] [SUCCESS] bvid=BV1oiXYBHEz4 已成功抓取全部所需数据。
[2026-04-03 04:37:56] [SUCCESS] bvid=BV1qiXYBHEFZ 已成功抓取全部所需数据。
[2026-04-03 04:38:01] [SUCCESS] bvid=BV1iiXYBHEGP 已成功抓取全部所需数据。
[2026-04-03 04:38:06] [SUCCESS] bvid=BV1GdQyB5Ezv 已成功抓取全部所需数据。
[2026-04-03 04:38:11] [SUCCESS] bvid=BV15DQyBmEnC 已成功抓取全部所需数据。
[2026-04-03 04:38:16] [SUCCESS] bvid=BV1ayXhBMEuu 已成功抓取全部所需数据。
[2026-04-03 04:38:21] [SUCCESS] bvid=BV1zbQmB8EAw 已成功抓取全部所需数据。
[2026-04-03 04:38:26] [SUCCESS] bvid=BV1nTXeBcEQr 已成功抓取全部所需数据。
[2026-04-03 04:38:31] [SUCCESS] bvid=BV1MKXhBNEvr 已成功抓取全部所需数据。
[2026-04-03 04:38:36] [SUCCESS] bvid=BV1iiXYBHENj 已成功抓取全部所需数据。
[2026-04-03 04:38:41] [SUCCESS] bvid=BV1G6XMBkEmr 已成功抓取全部所需数据。
[2026-04-03 04:38:46] [SUCCESS] bvid=BV189XdBuEva 已成功抓取全部所需数据。
[2026-04-03 04:38:51] [SUCCESS] bvid=BV1nuXeBfEsC 已成功抓取全部所需数据。
[2026-04-03 04:38:57] [SUCCESS] bvid=BV1CNXeBaEe8 已成功抓取全部所需数据。
[2026-04-03 04:39:02] [SUCCESS] bvid=BV1HTXeBcEzq 已成功抓取全部所需数据。
[2026-04-03 04:39:07] [SUCCESS] bvid=BV1kNXeBaEjs 已成功抓取全部所需数据。
[2026-04-03 04:39:12] [SUCCESS] bvid=BV1CNXeBaEyr 已成功抓取全部所需数据。
[2026-04-03 04:39:17] [SUCCESS] bvid=BV1ANXeBYEdc 已成功抓取全部所需数据。
[2026-04-03 04:39:23] [SUCCESS] bvid=BV17LXeBRECC 已成功抓取全部所需数据。
[2026-04-03 04:39:28] [SUCCESS] bvid=BV175XeBxEVX 已成功抓取全部所需数据。
[2026-04-03 04:39:33] [SUCCESS] bvid=BV1f5XeBxEeK 已成功抓取全部所需数据。
[2026-04-03 04:39:38] [SUCCESS] bvid=BV1E5XeBxE7o 已成功抓取全部所需数据。
[2026-04-03 04:39:43] [SUCCESS] bvid=BV1RjQqBoENU 已成功抓取全部所需数据。
[2026-04-03 04:39:49] [SUCCESS] bvid=BV1SUXdBrEQr 已成功抓取全部所需数据。
[2026-04-03 04:39:54] [SUCCESS] bvid=BV1E5XeBxETd 已成功抓取全部所需数据。
[2026-04-03 04:39:59] [SUCCESS] bvid=BV17LXeBREeQ 已成功抓取全部所需数据。
[2026-04-03 04:40:04] [SUCCESS] bvid=BV1dvXhB5EpY 已成功抓取全部所需数据。
[2026-04-03 04:40:10] [SUCCESS] bvid=BV175XeBxEMn 已成功抓取全部所需数据。
[2026-04-03 04:40:15] [SUCCESS] bvid=BV1BLXeBRE3f 已成功抓取全部所需数据。
[2026-04-03 04:40:20] [SUCCESS] bvid=BV1oWXSBeEWb 已成功抓取全部所需数据。
[2026-04-03 04:40:25] [SUCCESS] bvid=BV17LXeBREi5 已成功抓取全部所需数据。
[2026-04-03 04:40:30] [SUCCESS] bvid=BV1iLXeBRE29 已成功抓取全部所需数据。
[2026-04-03 04:40:35] [SUCCESS] bvid=BV17LXeBdEZG 已成功抓取全部所需数据。
[2026-04-03 04:40:40] [SUCCESS] bvid=BV1NFXoBNEXD 已成功抓取全部所需数据。
[2026-04-03 04:40:45] [SUCCESS] bvid=BV1h1XhBqEKB 已成功抓取全部所需数据。
[2026-04-03 04:40:50] [SUCCESS] bvid=BV1KwA3zaEeN 已成功抓取全部所需数据。
[2026-04-03 04:40:55] [SUCCESS] bvid=BV1bbXaBMEpb 已成功抓取全部所需数据。
[2026-04-03 04:41:01] [SUCCESS] bvid=BV1CfXhBZEoa 已成功抓取全部所需数据。
[2026-04-03 04:41:06] [SUCCESS] bvid=BV17LXeBRERo 已成功抓取全部所需数据。
[2026-04-03 04:41:11] [SUCCESS] bvid=BV1jLXeBREW9 已成功抓取全部所需数据。
[2026-04-03 04:41:17] [SUCCESS] bvid=BV1J3XeBtEzx 已成功抓取全部所需数据。
[2026-04-03 04:41:22] [SUCCESS] bvid=BV1E3XeBtEyi 已成功抓取全部所需数据。
[2026-04-03 04:41:27] [SUCCESS] bvid=BV1B3XeBtEfh 已成功抓取全部所需数据。
[2026-04-03 04:41:33] [SUCCESS] bvid=BV1bXXYB6E79 已成功抓取全部所需数据。
[2026-04-03 04:41:38] [SUCCESS] bvid=BV1n3XeBtE5P 已成功抓取全部所需数据。
[2026-04-03 04:41:43] [SUCCESS] bvid=BV1q8XhBmEuF 已成功抓取全部所需数据。
[2026-04-03 04:41:48] [SUCCESS] bvid=BV1eBXhBGE1M 已成功抓取全部所需数据。
[2026-04-03 04:41:54] [SUCCESS] bvid=BV1nTXaBpEW2 已成功抓取全部所需数据。
[2026-04-03 04:41:59] [SUCCESS] bvid=BV1tdXYBBEHE 已成功抓取全部所需数据。
[2026-04-03 04:42:05] [SUCCESS] bvid=BV14vXaBPE1T 已成功抓取全部所需数据。
[2026-04-03 04:42:10] [SUCCESS] bvid=BV1kJQoB4Eqm 已成功抓取全部所需数据。
[2026-04-03 04:42:15] [SUCCESS] bvid=BV1AcXaBtEdN 已成功抓取全部所需数据。
[2026-04-03 04:42:20] [SUCCESS] bvid=BV1h8XoBCEm8 已成功抓取全部所需数据。
[2026-04-03 04:42:25] [SUCCESS] bvid=BV1pfXhBZEMr 已成功抓取全部所需数据。
[2026-04-03 04:42:30] [SUCCESS] bvid=BV1pbQ6BjE9a 已成功抓取全部所需数据。
[2026-04-03 04:42:35] [SUCCESS] bvid=BV1KwA3zaEKW 已成功抓取全部所需数据。
[2026-04-03 04:42:41] [SUCCESS] bvid=BV1qaXhBjE5d 已成功抓取全部所需数据。
[2026-04-03 04:42:46] [SUCCESS] bvid=BV1PaXNBHE4k 已成功抓取全部所需数据。
[2026-04-03 04:42:51] [SUCCESS] bvid=BV1SDXdBgEqS 已成功抓取全部所需数据。
[2026-04-03 04:42:57] [SUCCESS] bvid=BV1ycXoBYEY1 已成功抓取全部所需数据。
[2026-04-03 04:43:02] [SUCCESS] bvid=BV1qVXaBEEeX 已成功抓取全部所需数据。
[2026-04-03 04:43:07] [SUCCESS] bvid=BV1dpXoBEExo 已成功抓取全部所需数据。
[2026-04-03 04:43:13] [SUCCESS] bvid=BV1B4XhBSE2F 已成功抓取全部所需数据。
[2026-04-03 04:43:18] [SUCCESS] bvid=BV1KoXhBcEV7 已成功抓取全部所需数据。
[2026-04-03 04:43:23] [SUCCESS] bvid=BV1srXoBKEzg 已成功抓取全部所需数据。
[2026-04-03 04:43:28] [SUCCESS] bvid=BV1HwXaBdEXV 已成功抓取全部所需数据。
[2026-04-03 04:43:28] [INFO] 当前 batch_crawl 已完成，所有视频均已成功抓取。
[2026-04-03 04:43:28] 子任务结束时间：2026-04-03T04:43:28.939116
[TIMESTAMP][END] 2026-04-03T04:43:28
