[TIMESTAMP][BEGIN] 2026-04-03T07:35:15
[2026-04-03 07:35:17] 开始执行 CSV 批量抓取子任务 part_42。
[2026-04-03 07:35:17] 子任务开始时间：2026-04-03T07:35:15.278861
[2026-04-03 07:35:17] 输入文件：batch_input_42.csv
[2026-04-03 07:35:17] 输入唯一 bvid 数量：100
[2026-04-03 07:35:17] 为严格按 CSV 顺序判断连续失败阈值，本次任务自动将并发度从 2 调整为 1。
[2026-04-03 07:35:22] [SUCCESS] bvid=BV13CXMB6En4 已成功抓取全部所需数据。
[2026-04-03 07:35:27] [SUCCESS] bvid=BV1DCXMB6E5B 已成功抓取全部所需数据。
[2026-04-03 07:35:32] [SUCCESS] bvid=BV1DCXMB6ESn 已成功抓取全部所需数据。
[2026-04-03 07:35:37] [SUCCESS] bvid=BV1h6XMBkEiv 已成功抓取全部所需数据。
[2026-04-03 07:35:41] [SUCCESS] bvid=BV1xKXPBJEJv 已成功抓取全部所需数据。
[2026-04-03 07:35:46] [SUCCESS] bvid=BV1pnXMBxEjC 已成功抓取全部所需数据。
[2026-04-03 07:35:51] [SUCCESS] bvid=BV1FsXMB9Exs 已成功抓取全部所需数据。
[2026-04-03 07:35:56] [SUCCESS] bvid=BV1Y6XMBkEqw 已成功抓取全部所需数据。
[2026-04-03 07:36:01] [SUCCESS] bvid=BV1JsXMBXExB 已成功抓取全部所需数据。
[2026-04-03 07:36:06] [SUCCESS] bvid=BV1JWXMBWEJT 已成功抓取全部所需数据。
[2026-04-03 07:36:11] [SUCCESS] bvid=BV16sXMBXEu4 已成功抓取全部所需数据。
[2026-04-03 07:36:16] [SUCCESS] bvid=BV1ZyXNBGEY6 已成功抓取全部所需数据。
[2026-04-03 07:36:21] [SUCCESS] bvid=BV1LhXMBUE8w 已成功抓取全部所需数据。
[2026-04-03 07:36:26] [SUCCESS] bvid=BV1knXMBxEYR 已成功抓取全部所需数据。
[2026-04-03 07:36:33] [SUCCESS] bvid=BV1B8XMBJEGF 已成功抓取全部所需数据。
[2026-04-03 07:36:38] [SUCCESS] bvid=BV1jhXMBUEC1 已成功抓取全部所需数据。
[2026-04-03 07:36:44] [SUCCESS] bvid=BV1E8XMBJETe 已成功抓取全部所需数据。
[2026-04-03 07:36:50] [SUCCESS] bvid=BV1LhXMBUEaZ 已成功抓取全部所需数据。
[2026-04-03 07:36:56] [SUCCESS] bvid=BV1EtXMBDEka 已成功抓取全部所需数据。
[2026-04-03 07:37:02] [SUCCESS] bvid=BV1LhXMBUExd 已成功抓取全部所需数据。
[2026-04-03 07:37:08] [SUCCESS] bvid=BV1z4XMBHE5V 已成功抓取全部所需数据。
[2026-04-03 07:37:14] [SUCCESS] bvid=BV14rX4B9Ezy 已成功抓取全部所需数据。
[2026-04-03 07:37:20] [SUCCESS] bvid=BV1hZXNBYEWT 已成功抓取全部所需数据。
[2026-04-03 07:37:26] [SUCCESS] bvid=BV1zzXNB1E34 已成功抓取全部所需数据。
[2026-04-03 07:37:32] [SUCCESS] bvid=BV1giXPBfEUz 已成功抓取全部所需数据。
[2026-04-03 07:37:39] [SUCCESS] bvid=BV1cZXKBpENC 已成功抓取全部所需数据。
[2026-04-03 07:37:45] [SUCCESS] bvid=BV1q1XNBrE8b 已成功抓取全部所需数据。
[2026-04-03 07:37:51] [SUCCESS] bvid=BV1HRQRBREiJ 已成功抓取全部所需数据。
[2026-04-03 07:37:57] [SUCCESS] bvid=BV1i1XNBrEJQ 已成功抓取全部所需数据。
[2026-04-03 07:38:03] [SUCCESS] bvid=BV1BDQ2BxE1Q 已成功抓取全部所需数据。
[2026-04-03 07:38:09] [SUCCESS] bvid=BV1YQXNBqExt 已成功抓取全部所需数据。
[2026-04-03 07:38:14] [SUCCESS] bvid=BV1YQXNBqEbk 已成功抓取全部所需数据。
[2026-04-03 07:38:21] [SUCCESS] bvid=BV1LmXNB3Ea5 已成功抓取全部所需数据。
[2026-04-03 07:38:27] [SUCCESS] bvid=BV1qmXNBgEKk 已成功抓取全部所需数据。
[2026-04-03 07:38:33] [SUCCESS] bvid=BV1omXNBgEW5 已成功抓取全部所需数据。
[2026-04-03 07:38:39] [SUCCESS] bvid=BV1AaXNBHEtX 已成功抓取全部所需数据。
[2026-04-03 07:38:45] [SUCCESS] bvid=BV1AaXNBHEjn 已成功抓取全部所需数据。
[2026-04-03 07:38:51] [SUCCESS] bvid=BV1CaXNBnENK 已成功抓取全部所需数据。
[2026-04-03 07:38:57] [SUCCESS] bvid=BV1CYXNBSE1K 已成功抓取全部所需数据。
[2026-04-03 07:39:03] [SUCCESS] bvid=BV1CYXNBSEuq 已成功抓取全部所需数据。
[2026-04-03 07:39:10] [SUCCESS] bvid=BV1kYXNBSEWt 已成功抓取全部所需数据。
[2026-04-03 07:39:16] [SUCCESS] bvid=BV1TpXtBdEkX 已成功抓取全部所需数据。
[2026-04-03 07:39:22] [SUCCESS] bvid=BV118XNBQEuP 已成功抓取全部所需数据。
[2026-04-03 07:39:28] [SUCCESS] bvid=BV1AXXKBdELu 已成功抓取全部所需数据。
[2026-04-03 07:39:34] [SUCCESS] bvid=BV1s8XNBXEEP 已成功抓取全部所需数据。
[2026-04-03 07:39:40] [SUCCESS] bvid=BV1zBXNBjEt3 已成功抓取全部所需数据。
[2026-04-03 07:39:46] [SUCCESS] bvid=BV16zXNB1EXc 已成功抓取全部所需数据。
[2026-04-03 07:39:52] [SUCCESS] bvid=BV1HvXNB7Ei1 已成功抓取全部所需数据。
[2026-04-03 07:39:58] [SUCCESS] bvid=BV1qNXTBmEb8 已成功抓取全部所需数据。
[2026-04-03 07:40:04] [SUCCESS] bvid=BV1fpXKBjEnb 已成功抓取全部所需数据。
[2026-04-03 07:40:10] [SUCCESS] bvid=BV1rvXNBEETL 已成功抓取全部所需数据。
[2026-04-03 07:40:15] [SUCCESS] bvid=BV1kvXNBEEX4 已成功抓取全部所需数据。
[2026-04-03 07:40:20] [SUCCESS] bvid=BV1EpXKBjETc 已成功抓取全部所需数据。
[2026-04-03 07:40:25] [SUCCESS] bvid=BV1riXNBmECP 已成功抓取全部所需数据。
[2026-04-03 07:40:30] [SUCCESS] bvid=BV167XKBSERn 已成功抓取全部所需数据。
[2026-04-03 07:40:36] [SUCCESS] bvid=BV1rvXNBEEiV 已成功抓取全部所需数据。
[2026-04-03 07:40:41] [SUCCESS] bvid=BV1NSXKBZEcT 已成功抓取全部所需数据。
[2026-04-03 07:40:46] [SUCCESS] bvid=BV1NZXHBBEbS 已成功抓取全部所需数据。
[2026-04-03 07:40:51] [SUCCESS] bvid=BV15gX8BkEZL 已成功抓取全部所需数据。
[2026-04-03 07:40:56] [SUCCESS] bvid=BV1LgX8BkEB6 已成功抓取全部所需数据。
[2026-04-03 07:41:01] [SUCCESS] bvid=BV1t8QUBmEq8 已成功抓取全部所需数据。
[2026-04-03 07:41:06] [SUCCESS] bvid=BV1QoXNBPENR 已成功抓取全部所需数据。
[2026-04-03 07:41:11] [SUCCESS] bvid=BV1uAAPzUEgU 已成功抓取全部所需数据。
[2026-04-03 07:41:17] [SUCCESS] bvid=BV1kJQ1BZEp3 已成功抓取全部所需数据。
[2026-04-03 07:41:22] [SUCCESS] bvid=BV1bwQ1BgEou 已成功抓取全部所需数据。
[2026-04-03 07:41:27] [SUCCESS] bvid=BV1qbXKBGEVk 已成功抓取全部所需数据。
[2026-04-03 07:41:32] [SUCCESS] bvid=BV16iXNBmE32 已成功抓取全部所需数据。
[2026-04-03 07:41:37] [SUCCESS] bvid=BV16iXNBmEkW 已成功抓取全部所需数据。
[2026-04-03 07:41:42] [SUCCESS] bvid=BV1ygXKBsEjf 已成功抓取全部所需数据。
[2026-04-03 07:41:47] [SUCCESS] bvid=BV1yMXKBdEUb 已成功抓取全部所需数据。
[2026-04-03 07:41:51] [SUCCESS] bvid=BV1WgXKBsEXX 已成功抓取全部所需数据。
[2026-04-03 07:41:56] [SUCCESS] bvid=BV14MXKBdEVq 已成功抓取全部所需数据。
[2026-04-03 07:42:01] [SUCCESS] bvid=BV14MXKBdE5G 已成功抓取全部所需数据。
[2026-04-03 07:42:06] [SUCCESS] bvid=BV1xgXKBsEMV 已成功抓取全部所需数据。
[2026-04-03 07:42:11] [SUCCESS] bvid=BV1xgXKBsEaH 已成功抓取全部所需数据。
[2026-04-03 07:42:17] [SUCCESS] bvid=BV11gXKBsE71 已成功抓取全部所需数据。
[2026-04-03 07:42:23] [SUCCESS] bvid=BV1xgXKBsEnz 已成功抓取全部所需数据。
[2026-04-03 07:42:29] [SUCCESS] bvid=BV1xgXKBsEM6 已成功抓取全部所需数据。
[2026-04-03 07:42:35] [SUCCESS] bvid=BV12gXKBsEc3 已成功抓取全部所需数据。
[2026-04-03 07:42:41] [SUCCESS] bvid=BV14NXKBZEfM 已成功抓取全部所需数据。
[2026-04-03 07:42:47] [SUCCESS] bvid=BV14TXKB4E1s 已成功抓取全部所需数据。
[2026-04-03 07:42:53] [SUCCESS] bvid=BV14TXKB4ERd 已成功抓取全部所需数据。
[2026-04-03 07:42:59] [SUCCESS] bvid=BV1r5XKBQEQh 已成功抓取全部所需数据。
[2026-04-03 07:43:05] [SUCCESS] bvid=BV1rjXKBnEys 已成功抓取全部所需数据。
[2026-04-03 07:43:11] [SUCCESS] bvid=BV1p5XKBQEZS 已成功抓取全部所需数据。
[2026-04-03 07:43:17] [SUCCESS] bvid=BV1p5XKBQE1q 已成功抓取全部所需数据。
[2026-04-03 07:43:24] [SUCCESS] bvid=BV1W3XKB9Euv 已成功抓取全部所需数据。
[2026-04-03 07:43:29] [SUCCESS] bvid=BV1W3XKB9EWx 已成功抓取全部所需数据。
[2026-04-03 07:43:35] [SUCCESS] bvid=BV1eTQQBcEk4 已成功抓取全部所需数据。
[2026-04-03 07:43:48] [SUCCESS] bvid=BV1C5XKBQEV7 已成功抓取全部所需数据。
[2026-04-03 07:44:05] [SUCCESS] bvid=BV1pjXKBnEqt 已成功抓取全部所需数据。
[2026-04-03 07:44:17] [SUCCESS] bvid=BV1pVXKBpEzp 已成功抓取全部所需数据。
[2026-04-03 07:44:21] [SUCCESS] bvid=BV1HjXKBnEmx 已成功抓取全部所需数据。
[2026-04-03 07:44:27] [SUCCESS] bvid=BV1FJXKBJEHJ 已成功抓取全部所需数据。
[2026-04-03 07:44:32] [SUCCESS] bvid=BV1C3XKB9EQT 已成功抓取全部所需数据。
[2026-04-03 07:44:36] [SUCCESS] bvid=BV1kVXKBpExA 已成功抓取全部所需数据。
[2026-04-03 07:44:41] [SUCCESS] bvid=BV1W3XKB9EK9 已成功抓取全部所需数据。
[2026-04-03 07:44:46] [SUCCESS] bvid=BV1y3XKB9ES2 已成功抓取全部所需数据。
[2026-04-03 07:44:50] [SUCCESS] bvid=BV1aoXNBPEMp 已成功抓取全部所需数据。
[2026-04-03 07:44:55] [SUCCESS] bvid=BV1DoXNBPExs 已成功抓取全部所需数据。
[2026-04-03 07:44:55] [INFO] 当前 batch_crawl 已完成，所有视频均已成功抓取。
[2026-04-03 07:44:55] 子任务结束时间：2026-04-03T07:44:55.733866
[TIMESTAMP][END] 2026-04-03T07:44:55
