[TIMESTAMP][BEGIN] 2026-04-03T04:43:29
[2026-04-03 04:43:31] 开始执行 CSV 批量抓取子任务 part_23。
[2026-04-03 04:43:31] 子任务开始时间：2026-04-03T04:43:29.484445
[2026-04-03 04:43:31] 输入文件：batch_input_23.csv
[2026-04-03 04:43:31] 输入唯一 bvid 数量：100
[2026-04-03 04:43:31] 为严格按 CSV 顺序判断连续失败阈值，本次任务自动将并发度从 2 调整为 1。
[2026-04-03 04:43:36] [SUCCESS] bvid=BV1ezXhBkEL8 已成功抓取全部所需数据。
[2026-04-03 04:43:41] [SUCCESS] bvid=BV1wnXhBREuZ 已成功抓取全部所需数据。
[2026-04-03 04:43:46] [SUCCESS] bvid=BV1vvXhB5EZu 已成功抓取全部所需数据。
[2026-04-03 04:43:51] [SUCCESS] bvid=BV1zPXDBTEHq 已成功抓取全部所需数据。
[2026-04-03 04:43:56] [SUCCESS] bvid=BV1tRXYBuEQL 已成功抓取全部所需数据。
[2026-04-03 04:44:01] [SUCCESS] bvid=BV1pZXhBbEfm 已成功抓取全部所需数据。
[2026-04-03 04:44:06] [SUCCESS] bvid=BV18mXhBKEDk 已成功抓取全部所需数据。
[2026-04-03 04:44:11] [SUCCESS] bvid=BV1ecXGBREqr 已成功抓取全部所需数据。
[2026-04-03 04:44:16] [SUCCESS] bvid=BV1LSXjBBED1 已成功抓取全部所需数据。
[2026-04-03 04:44:20] [SUCCESS] bvid=BV1JGXeBoE3t 已成功抓取全部所需数据。
[2026-04-03 04:44:25] [SUCCESS] bvid=BV12gXhBhE6X 已成功抓取全部所需数据。
[2026-04-03 04:44:30] [SUCCESS] bvid=BV1STXhBYE3M 已成功抓取全部所需数据。
[2026-04-03 04:44:35] [SUCCESS] bvid=BV1xZXYBTEb2 已成功抓取全部所需数据。
[2026-04-03 04:44:40] [SUCCESS] bvid=BV1SXXYB6EAV 已成功抓取全部所需数据。
[2026-04-03 04:44:45] [SUCCESS] bvid=BV1URXYBuEty 已成功抓取全部所需数据。
[2026-04-03 04:44:50] [SUCCESS] bvid=BV12dXYBBEPZ 已成功抓取全部所需数据。
[2026-04-03 04:44:54] [SUCCESS] bvid=BV14ZXYBTExt 已成功抓取全部所需数据。
[2026-04-03 04:44:59] [SUCCESS] bvid=BV1tXXYB6EAi 已成功抓取全部所需数据。
[2026-04-03 04:45:04] [SUCCESS] bvid=BV1bXXYB6EZw 已成功抓取全部所需数据。
[2026-04-03 04:45:09] [SUCCESS] bvid=BV1GcXhBBE8R 已成功抓取全部所需数据。
[2026-04-03 04:45:14] [SUCCESS] bvid=BV1pcXaB4EiY 已成功抓取全部所需数据。
[2026-04-03 04:45:19] [SUCCESS] bvid=BV1mXXYB6EeM 已成功抓取全部所需数据。
[2026-04-03 04:45:24] [SUCCESS] bvid=BV1tRXYBuEso 已成功抓取全部所需数据。
[2026-04-03 04:45:29] [SUCCESS] bvid=BV1pwXeBeEUS 已成功抓取全部所需数据。
[2026-04-03 04:45:34] [SUCCESS] bvid=BV1WPXeBAEBY 已成功抓取全部所需数据。
[2026-04-03 04:45:39] [SUCCESS] bvid=BV1tRXYBuEfs 已成功抓取全部所需数据。
[2026-04-03 04:45:44] [SUCCESS] bvid=BV12fXYBiEv1 已成功抓取全部所需数据。
[2026-04-03 04:45:48] [SUCCESS] bvid=BV1swXeBeE3w 已成功抓取全部所需数据。
[2026-04-03 04:45:53] [SUCCESS] bvid=BV1ywXeBeEX9 已成功抓取全部所需数据。
[2026-04-03 04:45:58] [SUCCESS] bvid=BV1CwXeBeEhh 已成功抓取全部所需数据。
[2026-04-03 04:46:02] [SUCCESS] bvid=BV1sPXeBPEVM 已成功抓取全部所需数据。
[2026-04-03 04:46:07] [SUCCESS] bvid=BV1yPXeBAEFg 已成功抓取全部所需数据。
[2026-04-03 04:46:12] [SUCCESS] bvid=BV1pPXeBAEFP 已成功抓取全部所需数据。
[2026-04-03 04:46:17] [SUCCESS] bvid=BV1pPXeBAEFB 已成功抓取全部所需数据。
[2026-04-03 04:46:22] [SUCCESS] bvid=BV1dvXhB5ELx 已成功抓取全部所需数据。
[2026-04-03 04:46:26] [SUCCESS] bvid=BV1YWXoBmEW2 已成功抓取全部所需数据。
[2026-04-03 04:46:31] [SUCCESS] bvid=BV1JMXaBQE8W 已成功抓取全部所需数据。
[2026-04-03 04:46:36] [SUCCESS] bvid=BV1pfXhBZEYi 已成功抓取全部所需数据。
[2026-04-03 04:46:41] [SUCCESS] bvid=BV1VdXDBaEbg 已成功抓取全部所需数据。
[2026-04-03 04:46:46] [SUCCESS] bvid=BV11fXYBiEGb 已成功抓取全部所需数据。
[2026-04-03 04:46:50] [SUCCESS] bvid=BV1xfXYBiEWv 已成功抓取全部所需数据。
[2026-04-03 04:46:57] [SUCCESS] bvid=BV1sfXYBiEER 已成功抓取全部所需数据。
[2026-04-03 04:47:01] [SUCCESS] bvid=BV1sfXYBiEF4 已成功抓取全部所需数据。
[2026-04-03 04:47:06] [SUCCESS] bvid=BV1NfXYBqE5y 已成功抓取全部所需数据。
[2026-04-03 04:47:11] [SUCCESS] bvid=BV1WcXeBNEV8 已成功抓取全部所需数据。
[2026-04-03 04:47:15] [SUCCESS] bvid=BV1ycXeBNEA9 已成功抓取全部所需数据。
[2026-04-03 04:47:20] [SUCCESS] bvid=BV1WjXhBtEhW 已成功抓取全部所需数据。
[2026-04-03 04:47:25] [SUCCESS] bvid=BV1NjXhBtEru 已成功抓取全部所需数据。
[2026-04-03 04:47:29] [SUCCESS] bvid=BV18yXhBME6k 已成功抓取全部所需数据。
[2026-04-03 04:47:34] [SUCCESS] bvid=BV134XaBzEwq 已成功抓取全部所需数据。
[2026-04-03 04:47:39] [SUCCESS] bvid=BV1PjXhBtEwZ 已成功抓取全部所需数据。
[2026-04-03 04:47:44] [SUCCESS] bvid=BV1CjXhB4EX4 已成功抓取全部所需数据。
[2026-04-03 04:47:49] [SUCCESS] bvid=BV1k7XhBdEUh 已成功抓取全部所需数据。
[2026-04-03 04:47:54] [SUCCESS] bvid=BV1y7XhBdEAT 已成功抓取全部所需数据。
[2026-04-03 04:47:59] [SUCCESS] bvid=BV1k7XhBdEdu 已成功抓取全部所需数据。
[2026-04-03 04:48:03] [SUCCESS] bvid=BV1KVXhB8Ek3 已成功抓取全部所需数据。
[2026-04-03 04:48:08] [SUCCESS] bvid=BV12VXhBbEcE 已成功抓取全部所需数据。
[2026-04-03 04:48:13] [SUCCESS] bvid=BV1GcXhBBEbN 已成功抓取全部所需数据。
[2026-04-03 04:48:17] [SUCCESS] bvid=BV115XhBZEBL 已成功抓取全部所需数据。
[2026-04-03 04:48:22] [SUCCESS] bvid=BV1SnXDBxEe8 已成功抓取全部所需数据。
[2026-04-03 04:48:27] [SUCCESS] bvid=BV1p1XoBYEjT 已成功抓取全部所需数据。
[2026-04-03 04:48:32] [SUCCESS] bvid=BV1N5XhBfEBG 已成功抓取全部所需数据。
[2026-04-03 04:48:36] [SUCCESS] bvid=BV115XhBZEac 已成功抓取全部所需数据。
[2026-04-03 04:48:41] [SUCCESS] bvid=BV1rJXhBsEB6 已成功抓取全部所需数据。
[2026-04-03 04:48:46] [SUCCESS] bvid=BV1AzQZBeEsy 已成功抓取全部所需数据。
[2026-04-03 04:48:50] [SUCCESS] bvid=BV1rpXhBpEfA 已成功抓取全部所需数据。
[2026-04-03 04:48:55] [SUCCESS] bvid=BV1L7XaB1E8K 已成功抓取全部所需数据。
[2026-04-03 04:49:00] [SUCCESS] bvid=BV1vjXRByEE3 已成功抓取全部所需数据。
[2026-04-03 04:49:05] [SUCCESS] bvid=BV1rfXQBEEqH 已成功抓取全部所需数据。
[2026-04-03 04:49:10] [SUCCESS] bvid=BV1NAXoBAE8q 已成功抓取全部所需数据。
[2026-04-03 04:49:15] [SUCCESS] bvid=BV1eJXRBkEy7 已成功抓取全部所需数据。
[2026-04-03 04:49:20] [SUCCESS] bvid=BV1hAXhBTE5x 已成功抓取全部所需数据。
[2026-04-03 04:49:24] [SUCCESS] bvid=BV1HgXoBtEBf 已成功抓取全部所需数据。
[2026-04-03 04:49:29] [SUCCESS] bvid=BV1f5XoB9EJH 已成功抓取全部所需数据。
[2026-04-03 04:49:34] [SUCCESS] bvid=BV1kwXaBdE8y 已成功抓取全部所需数据。
[2026-04-03 04:49:39] [SUCCESS] bvid=BV1WrXpBMEpq 已成功抓取全部所需数据。
[2026-04-03 04:49:44] [SUCCESS] bvid=BV1wWXhBXEc5 已成功抓取全部所需数据。
[2026-04-03 04:49:49] [SUCCESS] bvid=BV1kJXhBsEg2 已成功抓取全部所需数据。
[2026-04-03 04:49:53] [SUCCESS] bvid=BV1AJXhBxE92 已成功抓取全部所需数据。
[2026-04-03 04:49:58] [SUCCESS] bvid=BV1rJXhBsEDA 已成功抓取全部所需数据。
[2026-04-03 04:50:03] [SUCCESS] bvid=BV1wJXhBxEW8 已成功抓取全部所需数据。
[2026-04-03 04:50:08] [SUCCESS] bvid=BV1rJXhBsEfj 已成功抓取全部所需数据。
[2026-04-03 04:50:13] [SUCCESS] bvid=BV1HnXhBREnB 已成功抓取全部所需数据。
[2026-04-03 04:50:18] [SUCCESS] bvid=BV1rnXhB9Eip 已成功抓取全部所需数据。
[2026-04-03 04:50:23] [SUCCESS] bvid=BV1SPXhBvEBb 已成功抓取全部所需数据。
[2026-04-03 04:50:27] [SUCCESS] bvid=BV1AnXhBREMf 已成功抓取全部所需数据。
[2026-04-03 04:50:32] [SUCCESS] bvid=BV1uPXhBiEt2 已成功抓取全部所需数据。
[2026-04-03 04:50:37] [SUCCESS] bvid=BV1DPXhBvEhh 已成功抓取全部所需数据。
[2026-04-03 04:50:42] [SUCCESS] bvid=BV1UKXhBPEL8 已成功抓取全部所需数据。
[2026-04-03 04:50:46] [SUCCESS] bvid=BV1UKXhBPEBv 已成功抓取全部所需数据。
[2026-04-03 04:50:51] [SUCCESS] bvid=BV1bKXhBAEFr 已成功抓取全部所需数据。
[2026-04-03 04:50:56] [SUCCESS] bvid=BV1UKXhBPEqL 已成功抓取全部所需数据。
[2026-04-03 04:51:00] [SUCCESS] bvid=BV1SAXhBKEXP 已成功抓取全部所需数据。
[2026-04-03 04:51:05] [SUCCESS] bvid=BV1wpX9BQEEC 已成功抓取全部所需数据。
[2026-04-03 04:51:10] [SUCCESS] bvid=BV1aWQUBXE6U 已成功抓取全部所需数据。
[2026-04-03 04:51:15] [SUCCESS] bvid=BV1MaXaBKER4 已成功抓取全部所需数据。
[2026-04-03 04:51:20] [SUCCESS] bvid=BV12GXhBFE26 已成功抓取全部所需数据。
[2026-04-03 04:51:24] [SUCCESS] bvid=BV12GXhBFEyW 已成功抓取全部所需数据。
[2026-04-03 04:51:29] [SUCCESS] bvid=BV1YrXhBgECn 已成功抓取全部所需数据。
[2026-04-03 04:51:34] [SUCCESS] bvid=BV11GXhBFEix 已成功抓取全部所需数据。
[2026-04-03 04:51:34] [INFO] 当前 batch_crawl 已完成，所有视频均已成功抓取。
[2026-04-03 04:51:34] 子任务结束时间：2026-04-03T04:51:34.035011
[TIMESTAMP][END] 2026-04-03T04:51:34
