[TIMESTAMP][BEGIN] 2026-04-03T02:52:09
[2026-04-03 02:52:11] 开始执行 CSV 批量抓取子任务 part_11。
[2026-04-03 02:52:11] 子任务开始时间：2026-04-03T02:52:09.323690
[2026-04-03 02:52:11] 输入文件：batch_input_11.csv
[2026-04-03 02:52:11] 输入唯一 bvid 数量：100
[2026-04-03 02:52:11] 为严格按 CSV 顺序判断连续失败阈值，本次任务自动将并发度从 2 调整为 1。
[2026-04-03 02:52:16] [SUCCESS] bvid=BV1rvXqBBESL 已成功抓取全部所需数据。
[2026-04-03 02:52:20] [SUCCESS] bvid=BV1Qj9VB4ETS 已成功抓取全部所需数据。
[2026-04-03 02:52:25] [SUCCESS] bvid=BV1Q79VBdE71 已成功抓取全部所需数据。
[2026-04-03 02:52:29] [SUCCESS] bvid=BV1D79VBdExQ 已成功抓取全部所需数据。
[2026-04-03 02:52:34] [SUCCESS] bvid=BV1Pj95B7E2w 已成功抓取全部所需数据。
[2026-04-03 02:52:39] [SUCCESS] bvid=BV19V9VBbEJp 已成功抓取全部所需数据。
[2026-04-03 02:52:44] [SUCCESS] bvid=BV1959VBZEJB 已成功抓取全部所需数据。
[2026-04-03 02:52:48] [SUCCESS] bvid=BV1cF9VBuECY 已成功抓取全部所需数据。
[2026-04-03 02:52:53] [SUCCESS] bvid=BV1WR9GBkEbp 已成功抓取全部所需数据。
[2026-04-03 02:52:57] [SUCCESS] bvid=BV1Ao9GB3ErQ 已成功抓取全部所需数据。
[2026-04-03 02:53:02] [SUCCESS] bvid=BV1FA9VBTE2i 已成功抓取全部所需数据。
[2026-04-03 02:53:06] [SUCCESS] bvid=BV1JA9VBTEej 已成功抓取全部所需数据。
[2026-04-03 02:53:11] [SUCCESS] bvid=BV1Wv9VBLE7m 已成功抓取全部所需数据。
[2026-04-03 02:53:17] [SUCCESS] bvid=BV1yv9VB5E56 已成功抓取全部所需数据。
[2026-04-03 02:53:21] [SUCCESS] bvid=BV11a9VBjEV7 已成功抓取全部所需数据。
[2026-04-03 02:53:26] [SUCCESS] bvid=BV1ki9VBCE6d 已成功抓取全部所需数据。
[2026-04-03 02:53:30] [SUCCESS] bvid=BV11a9VBjEyP 已成功抓取全部所需数据。
[2026-04-03 02:53:35] [SUCCESS] bvid=BV1VZXrBgEWm 已成功抓取全部所需数据。
[2026-04-03 02:53:40] [SUCCESS] bvid=BV1Ka9VB7EbY 已成功抓取全部所需数据。
[2026-04-03 02:53:44] [SUCCESS] bvid=BV1Ci9VBCEKr 已成功抓取全部所需数据。
[2026-04-03 02:53:50] [SUCCESS] bvid=BV1M19GBUEpp 已成功抓取全部所需数据。
[2026-04-03 02:53:55] [SUCCESS] bvid=BV1FwXrBUEgk 已成功抓取全部所需数据。
[2026-04-03 02:53:59] [SUCCESS] bvid=BV1JEXBBuETP 已成功抓取全部所需数据。
[2026-04-03 02:54:04] [SUCCESS] bvid=BV1Ty9GBJE61 已成功抓取全部所需数据。
[2026-04-03 02:54:09] [SUCCESS] bvid=BV1My9GBJEKu 已成功抓取全部所需数据。
[2026-04-03 02:54:14] [SUCCESS] bvid=BV11a9VBjE1E 已成功抓取全部所需数据。
[2026-04-03 02:54:18] [SUCCESS] bvid=BV1yY9VB1EYr 已成功抓取全部所需数据。
[2026-04-03 02:54:23] [SUCCESS] bvid=BV1yY9VB1EbU 已成功抓取全部所需数据。
[2026-04-03 02:54:28] [SUCCESS] bvid=BV1yY9VB1ERt 已成功抓取全部所需数据。
[2026-04-03 02:54:32] [SUCCESS] bvid=BV1rr9VBgEWM 已成功抓取全部所需数据。
[2026-04-03 02:54:37] [SUCCESS] bvid=BV1CY9VB1EmP 已成功抓取全部所需数据。
[2026-04-03 02:54:42] [SUCCESS] bvid=BV16k9VBzEx8 已成功抓取全部所需数据。
[2026-04-03 02:54:47] [SUCCESS] bvid=BV1ck9VB6EMp 已成功抓取全部所需数据。
[2026-04-03 02:54:51] [SUCCESS] bvid=BV16k9VBzEVP 已成功抓取全部所需数据。
[2026-04-03 02:54:56] [SUCCESS] bvid=BV1kz9VBrEeC 已成功抓取全部所需数据。
[2026-04-03 02:55:01] [SUCCESS] bvid=BV1wz9VBkEBA 已成功抓取全部所需数据。
[2026-04-03 02:55:09] [SUCCESS] bvid=BV1Dp9VBpEbz 已成功抓取全部所需数据。
[2026-04-03 02:55:14] [SUCCESS] bvid=BV1iQ9VBYEuR 已成功抓取全部所需数据。
[2026-04-03 02:55:20] [SUCCESS] bvid=BV1pPXoBaEWf 已成功抓取全部所需数据。
[2026-04-03 02:55:25] [SUCCESS] bvid=BV1XJXrBNEB1 已成功抓取全部所需数据。
[2026-04-03 02:55:30] [SUCCESS] bvid=BV1eZXrBuEiT 已成功抓取全部所需数据。
[2026-04-03 02:55:35] [SUCCESS] bvid=BV1SW9VBQExH 已成功抓取全部所需数据。
[2026-04-03 02:55:39] [SUCCESS] bvid=BV1DJ9VBsEuM 已成功抓取全部所需数据。
[2026-04-03 02:55:44] [SUCCESS] bvid=BV1Dn9VB9ECH 已成功抓取全部所需数据。
[2026-04-03 02:55:49] [SUCCESS] bvid=BV12b9VBEEr3 已成功抓取全部所需数据。
[2026-04-03 02:55:54] [SUCCESS] bvid=BV1K89VBUEsD 已成功抓取全部所需数据。
[2026-04-03 02:55:59] [SUCCESS] bvid=BV1YyXdBLEck 已成功抓取全部所需数据。
[2026-04-03 02:56:03] [SUCCESS] bvid=BV1QyXdB5EdW 已成功抓取全部所需数据。
[2026-04-03 02:56:08] [SUCCESS] bvid=BV1QyXdB5Efp 已成功抓取全部所需数据。
[2026-04-03 02:56:13] [SUCCESS] bvid=BV1QyXdB5E2C 已成功抓取全部所需数据。
[2026-04-03 02:56:18] [SUCCESS] bvid=BV1XyXdB5Enz 已成功抓取全部所需数据。
[2026-04-03 02:56:22] [SUCCESS] bvid=BV1zr93BaEah 已成功抓取全部所需数据。
[2026-04-03 02:56:27] [SUCCESS] bvid=BV1249VBSEYH 已成功抓取全部所需数据。
[2026-04-03 02:56:32] [SUCCESS] bvid=BV1m49VBSEqZ 已成功抓取全部所需数据。
[2026-04-03 02:56:37] [SUCCESS] bvid=BV1pHXkBXEG7 已成功抓取全部所需数据。
[2026-04-03 02:56:42] [SUCCESS] bvid=BV1ThXrBZEpH 已成功抓取全部所需数据。
[2026-04-03 02:56:46] [SUCCESS] bvid=BV11KXBB7Ecv 已成功抓取全部所需数据。
[2026-04-03 02:56:51] [SUCCESS] bvid=BV1M19GBUEcC 已成功抓取全部所需数据。
[2026-04-03 02:56:56] [SUCCESS] bvid=BV1WyQUBMEFf 已成功抓取全部所需数据。
[2026-04-03 02:57:00] [SUCCESS] bvid=BV1WqXrB9EfQ 已成功抓取全部所需数据。
[2026-04-03 02:57:05] [SUCCESS] bvid=BV1XwXyB5EDY 已成功抓取全部所需数据。
[2026-04-03 02:57:10] [SUCCESS] bvid=BV19Z9VBbEW7 已成功抓取全部所需数据。
[2026-04-03 02:57:15] [SUCCESS] bvid=BV1aZ9VBbE77 已成功抓取全部所需数据。
[2026-04-03 02:57:19] [SUCCESS] bvid=BV1o3XrB6EV9 已成功抓取全部所需数据。
[2026-04-03 02:57:24] [SUCCESS] bvid=BV17x9GBaEpP 已成功抓取全部所需数据。
[2026-04-03 02:57:29] [SUCCESS] bvid=BV1iU9VBvEdV 已成功抓取全部所需数据。
[2026-04-03 02:57:34] [SUCCESS] bvid=BV1q19VBqEo2 已成功抓取全部所需数据。
[2026-04-03 02:57:39] [SUCCESS] bvid=BV1By9VBMEfq 已成功抓取全部所需数据。
[2026-04-03 02:57:44] [SUCCESS] bvid=BV1v99VBwEYk 已成功抓取全部所需数据。
[2026-04-03 02:57:49] [SUCCESS] bvid=BV1eR9VBhE5M 已成功抓取全部所需数据。
[2026-04-03 02:57:54] [SUCCESS] bvid=BV1e99VBwErY 已成功抓取全部所需数据。
[2026-04-03 02:57:59] [SUCCESS] bvid=BV1iQ9VBYEM3 已成功抓取全部所需数据。
[2026-04-03 02:58:04] [SUCCESS] bvid=BV1Jx95BgEvo 已成功抓取全部所需数据。
[2026-04-03 02:58:09] [SUCCESS] bvid=BV1sV95BEEsD 已成功抓取全部所需数据。
[2026-04-03 02:58:14] [SUCCESS] bvid=BV1xM95BQEkP 已成功抓取全部所需数据。
[2026-04-03 02:58:19] [SUCCESS] bvid=BV14M95BQEJf 已成功抓取全部所需数据。
[2026-04-03 02:58:24] [SUCCESS] bvid=BV15b9GB8EUD 已成功抓取全部所需数据。
[2026-04-03 02:58:29] [SUCCESS] bvid=BV1pJ95B5E4J 已成功抓取全部所需数据。
[2026-04-03 02:58:34] [SUCCESS] bvid=BV1pj95BjE9X 已成功抓取全部所需数据。
[2026-04-03 02:58:39] [SUCCESS] bvid=BV1Cj95BjEtH 已成功抓取全部所需数据。
[2026-04-03 03:08:43] [ERROR] bvid=BV1wv93BqEJK 抓取失败：stat: Timeout of 600.0s exceeded, last exception: HTTPSConnectionPool(host='bigquery.googleapis.com', port=443): Max retries exceeded with url: /bigquery/v2/projects/bilibili-m2s2vp-research/datasets?prettyPrint=false (Caused by ProxyError('Unable to connect to proxy', RemoteDisconnected('Remote end closed connection without response')))
[2026-04-03 03:08:48] [SUCCESS] bvid=BV1uE93BEErM 已成功抓取全部所需数据。
[2026-04-03 03:08:53] [SUCCESS] bvid=BV1JE9GBTEf1 已成功抓取全部所需数据。
[2026-04-03 03:08:58] [SUCCESS] bvid=BV1eb9GB8EDU 已成功抓取全部所需数据。
[2026-04-03 03:09:04] [SUCCESS] bvid=BV1Lb9GB8EFK 已成功抓取全部所需数据。
[2026-04-03 03:09:09] [SUCCESS] bvid=BV1xU9GB2Eub 已成功抓取全部所需数据。
[2026-04-03 03:09:14] [SUCCESS] bvid=BV1G6XkB6EJ7 已成功抓取全部所需数据。
[2026-04-03 03:09:19] [SUCCESS] bvid=BV1akXkBuENd 已成功抓取全部所需数据。
[2026-04-03 03:09:24] [SUCCESS] bvid=BV1uSXkBeEMC 已成功抓取全部所需数据。
[2026-04-03 03:09:29] [SUCCESS] bvid=BV1MQXkBAEe2 已成功抓取全部所需数据。
[2026-04-03 03:09:34] [SUCCESS] bvid=BV1SUXkBNEZu 已成功抓取全部所需数据。
[2026-04-03 03:09:39] [SUCCESS] bvid=BV1u2XkBiEQe 已成功抓取全部所需数据。
[2026-04-03 03:09:44] [SUCCESS] bvid=BV17hXkB2Ei2 已成功抓取全部所需数据。
[2026-04-03 03:09:49] [SUCCESS] bvid=BV1qYXkBLEsn 已成功抓取全部所需数据。
[2026-04-03 03:09:54] [SUCCESS] bvid=BV1JtXkBUEWo 已成功抓取全部所需数据。
[2026-04-03 03:09:59] [SUCCESS] bvid=BV1dqXkBkELf 已成功抓取全部所需数据。
[2026-04-03 03:10:03] [SUCCESS] bvid=BV1ezXkB3EYH 已成功抓取全部所需数据。
[2026-04-03 03:10:08] [SUCCESS] bvid=BV1xgX6BpEbQ 已成功抓取全部所需数据。
[2026-04-03 03:10:13] [SUCCESS] bvid=BV15eXkByEB1 已成功抓取全部所需数据。
[2026-04-03 03:10:18] [SUCCESS] bvid=BV1QzXkBuEqb 已成功抓取全部所需数据。
[2026-04-03 03:10:18] [WARN] 当前子任务已结束，但仍有未成功抓取的视频，已导出 remaining CSV 供继续执行。
[2026-04-03 03:10:18] [INFO] 已导出剔除成功条目后的剩余 CSV：D:\Schoolworks\Thesis\Bilibili-Datahub\outputs\video_data\manual_crawls\manual_crawl_stat_comment_20260403_011717\remaining_bvids_part_11.csv
[2026-04-03 03:10:18] 子任务结束时间：2026-04-03T03:10:18.567586
[TIMESTAMP][END] 2026-04-03T03:10:18
