[TIMESTAMP][BEGIN] 2026-04-03T01:34:36
[2026-04-03 01:34:38] 开始执行 CSV 批量抓取子任务 part_3。
[2026-04-03 01:34:38] 子任务开始时间：2026-04-03T01:34:36.369809
[2026-04-03 01:34:38] 输入文件：batch_input_3.csv
[2026-04-03 01:34:38] 输入唯一 bvid 数量：100
[2026-04-03 01:34:38] 为严格按 CSV 顺序判断连续失败阈值，本次任务自动将并发度从 2 调整为 1。
[2026-04-03 01:34:43] [SUCCESS] bvid=BV1yt9nBAEbD 已成功抓取全部所需数据。
[2026-04-03 01:34:48] [SUCCESS] bvid=BV1v19nBDEDx 已成功抓取全部所需数据。
[2026-04-03 01:34:53] [SUCCESS] bvid=BV1kZ9WBuEmn 已成功抓取全部所需数据。
[2026-04-03 01:34:58] [SUCCESS] bvid=BV1st9nBAEgP 已成功抓取全部所需数据。
[2026-04-03 01:35:03] [SUCCESS] bvid=BV1rZ9WBuEXT 已成功抓取全部所需数据。
[2026-04-03 01:35:08] [SUCCESS] bvid=BV1rf9WBBEfv 已成功抓取全部所需数据。
[2026-04-03 01:35:13] [SUCCESS] bvid=BV1xp9nBiEZf 已成功抓取全部所需数据。
[2026-04-03 01:35:18] [SUCCESS] bvid=BV1xs9nBNE2S 已成功抓取全部所需数据。
[2026-04-03 01:35:23] [SUCCESS] bvid=BV1iM9sBaEzG 已成功抓取全部所需数据。
[2026-04-03 01:35:28] [SUCCESS] bvid=BV1FP9sBKEkd 已成功抓取全部所需数据。
[2026-04-03 01:35:32] [SUCCESS] bvid=BV1iM9sBaE6y 已成功抓取全部所需数据。
[2026-04-03 01:35:37] [SUCCESS] bvid=BV1go9nBVEJa 已成功抓取全部所需数据。
[2026-04-03 01:35:43] [SUCCESS] bvid=BV1Wt9nBAEpN 已成功抓取全部所需数据。
[2026-04-03 01:35:48] [SUCCESS] bvid=BV1Ys97BBEW3 已成功抓取全部所需数据。
[2026-04-03 01:35:53] [SUCCESS] bvid=BV1uZ9nBkEt8 已成功抓取全部所需数据。
[2026-04-03 01:35:58] [SUCCESS] bvid=BV1iXXrBCE5d 已成功抓取全部所需数据。
[2026-04-03 01:36:03] [SUCCESS] bvid=BV1Zn9HBdEUS 已成功抓取全部所需数据。
[2026-04-03 01:36:08] [SUCCESS] bvid=BV1Z5XoB9EKE 已成功抓取全部所需数据。
[2026-04-03 01:36:12] [SUCCESS] bvid=BV1Z5XoB9ErL 已成功抓取全部所需数据。
[2026-04-03 01:36:18] [SUCCESS] bvid=BV1De9JBuEBa 已成功抓取全部所需数据。
[2026-04-03 01:36:23] [SUCCESS] bvid=BV1GD9nB7EHo 已成功抓取全部所需数据。
[2026-04-03 01:36:28] [SUCCESS] bvid=BV1uF9HB3Esp 已成功抓取全部所需数据。
[2026-04-03 01:36:33] [SUCCESS] bvid=BV1Rp9JBmEpb 已成功抓取全部所需数据。
[2026-04-03 01:36:38] [SUCCESS] bvid=BV1op9HBsEND 已成功抓取全部所需数据。
[2026-04-03 01:36:43] [SUCCESS] bvid=BV1J79HBfEvs 已成功抓取全部所需数据。
[2026-04-03 01:36:48] [SUCCESS] bvid=BV1d49HBQEar 已成功抓取全部所需数据。
[2026-04-03 01:36:53] [SUCCESS] bvid=BV1dW9HBREmr 已成功抓取全部所需数据。
[2026-04-03 01:36:58] [SUCCESS] bvid=BV1Ca9VBjEoe 已成功抓取全部所需数据。
[2026-04-03 01:37:03] [SUCCESS] bvid=BV1hu9EBqE1z 已成功抓取全部所需数据。
[2026-04-03 01:37:08] [SUCCESS] bvid=BV1Pu9HBNEfQ 已成功抓取全部所需数据。
[2026-04-03 01:37:13] [SUCCESS] bvid=BV1Ag9HBeECZ 已成功抓取全部所需数据。
[2026-04-03 01:37:18] [SUCCESS] bvid=BV1KK9HBTEMm 已成功抓取全部所需数据。
[2026-04-03 01:37:23] [SUCCESS] bvid=BV1ayXdBLE24 已成功抓取全部所需数据。
[2026-04-03 01:37:28] [SUCCESS] bvid=BV1GyXdBLEmd 已成功抓取全部所需数据。
[2026-04-03 01:37:33] [SUCCESS] bvid=BV1QyXdB5ERy 已成功抓取全部所需数据。
[2026-04-03 01:37:38] [SUCCESS] bvid=BV1QyXdB5EZG 已成功抓取全部所需数据。
[2026-04-03 01:37:43] [SUCCESS] bvid=BV1XyXdB5EJC 已成功抓取全部所需数据。
[2026-04-03 01:37:48] [SUCCESS] bvid=BV1Fj9HB8Eqq 已成功抓取全部所需数据。
[2026-04-03 01:37:53] [SUCCESS] bvid=BV1Y19jBNET1 已成功抓取全部所需数据。
[2026-04-03 01:37:58] [SUCCESS] bvid=BV1eA9EBrEE9 已成功抓取全部所需数据。
[2026-04-03 01:38:02] [SUCCESS] bvid=BV1Dp9LBcECa 已成功抓取全部所需数据。
[2026-04-03 01:38:07] [SUCCESS] bvid=BV1pbXWBKE3F 已成功抓取全部所需数据。
[2026-04-03 01:38:12] [SUCCESS] bvid=BV18mwezKEGw 已成功抓取全部所需数据。
[2026-04-03 01:38:17] [SUCCESS] bvid=BV1Mk9HBkEU2 已成功抓取全部所需数据。
[2026-04-03 01:38:22] [SUCCESS] bvid=BV12k9HBrE6j 已成功抓取全部所需数据。
[2026-04-03 01:38:27] [SUCCESS] bvid=BV1kQ9HBvE6c 已成功抓取全部所需数据。
[2026-04-03 01:38:32] [SUCCESS] bvid=BV1CU9HBqE1S 已成功抓取全部所需数据。
[2026-04-03 01:38:37] [SUCCESS] bvid=BV1QY9HBmEFQ 已成功抓取全部所需数据。
[2026-04-03 01:38:42] [SUCCESS] bvid=BV1G89HBDEQw 已成功抓取全部所需数据。
[2026-04-03 01:38:47] [SUCCESS] bvid=BV1Qv9HBjE2k 已成功抓取全部所需数据。
[2026-04-03 01:38:52] [SUCCESS] bvid=BV1R89HBSEND 已成功抓取全部所需数据。
[2026-04-03 01:38:57] [SUCCESS] bvid=BV1mz9HBCEYC 已成功抓取全部所需数据。
[2026-04-03 01:39:02] [SUCCESS] bvid=BV1uB9HBLEnk 已成功抓取全部所需数据。
[2026-04-03 01:39:07] [SUCCESS] bvid=BV1Yg9pBpE2r 已成功抓取全部所需数据。
[2026-04-03 01:39:12] [SUCCESS] bvid=BV1TH9nBMEzD 已成功抓取全部所需数据。
[2026-04-03 01:39:17] [SUCCESS] bvid=BV1pF97BREyi 已成功抓取全部所需数据。
[2026-04-03 01:39:22] [SUCCESS] bvid=BV1ro9HBwEGv 已成功抓取全部所需数据。
[2026-04-03 01:39:27] [SUCCESS] bvid=BV1Wa9pBMEAr 已成功抓取全部所需数据。
[2026-04-03 01:39:32] [SUCCESS] bvid=BV1Sv9JBBEj6 已成功抓取全部所需数据。
[2026-04-03 01:39:37] [SUCCESS] bvid=BV16Q9JBoEWC 已成功抓取全部所需数据。
[2026-04-03 01:39:42] [SUCCESS] bvid=BV14J9nBBEZ9 已成功抓取全部所需数据。
[2026-04-03 01:39:47] [SUCCESS] bvid=BV12J9nBBES9 已成功抓取全部所需数据。
[2026-04-03 01:39:52] [SUCCESS] bvid=BV18j9nB6ELi 已成功抓取全部所需数据。
[2026-04-03 01:39:57] [SUCCESS] bvid=BV1sx9nBeEJ8 已成功抓取全部所需数据。
[2026-04-03 01:40:02] [SUCCESS] bvid=BV1xp9nBiE2E 已成功抓取全部所需数据。
[2026-04-03 01:40:07] [SUCCESS] bvid=BV1So9nBVEgX 已成功抓取全部所需数据。
[2026-04-03 01:40:12] [SUCCESS] bvid=BV14p9nBiEkb 已成功抓取全部所需数据。
[2026-04-03 01:40:18] [SUCCESS] bvid=BV1h99nBLEtX 已成功抓取全部所需数据。
[2026-04-03 01:40:23] [SUCCESS] bvid=BV1a99nBLE7p 已成功抓取全部所需数据。
[2026-04-03 01:40:28] [SUCCESS] bvid=BV1uF9HB3EsB 已成功抓取全部所需数据。
[2026-04-03 01:40:33] [SUCCESS] bvid=BV1Kc9HB6EoQ 已成功抓取全部所需数据。
[2026-04-03 01:40:38] [SUCCESS] bvid=BV1jy9nBHE75 已成功抓取全部所需数据。
[2026-04-03 01:40:43] [SUCCESS] bvid=BV1Br9nBWEws 已成功抓取全部所需数据。
[2026-04-03 01:40:48] [SUCCESS] bvid=BV1VD9nB7EpU 已成功抓取全部所需数据。
[2026-04-03 01:40:53] [SUCCESS] bvid=BV1VD9nB7EpL 已成功抓取全部所需数据。
[2026-04-03 01:40:59] [SUCCESS] bvid=BV1aD9nB7Ewr 已成功抓取全部所需数据。
[2026-04-03 01:41:04] [SUCCESS] bvid=BV1VU9nBUEfR 已成功抓取全部所需数据。
[2026-04-03 01:41:09] [SUCCESS] bvid=BV1Rp9JB2E7q 已成功抓取全部所需数据。
[2026-04-03 01:41:14] [SUCCESS] bvid=BV1c8XWBvErC 已成功抓取全部所需数据。
[2026-04-03 01:41:18] [SUCCESS] bvid=BV1VU9nBUEcm 已成功抓取全部所需数据。
[2026-04-03 01:41:23] [SUCCESS] bvid=BV1GU9nBUEj1 已成功抓取全部所需数据。
[2026-04-03 01:41:28] [SUCCESS] bvid=BV1QK9EBzE4u 已成功抓取全部所需数据。
[2026-04-03 01:41:33] [SUCCESS] bvid=BV1eN9EBgEw3 已成功抓取全部所需数据。
[2026-04-03 01:41:38] [SUCCESS] bvid=BV1YK9EBzELV 已成功抓取全部所需数据。
[2026-04-03 01:41:43] [SUCCESS] bvid=BV1S39EBKEMp 已成功抓取全部所需数据。
[2026-04-03 01:41:48] [SUCCESS] bvid=BV18G9EBvECj 已成功抓取全部所需数据。
[2026-04-03 01:41:53] [SUCCESS] bvid=BV1Du9EBqErh 已成功抓取全部所需数据。
[2026-04-03 01:41:58] [SUCCESS] bvid=BV1hu9EBqEby 已成功抓取全部所需数据。
[2026-04-03 01:42:03] [SUCCESS] bvid=BV1fX97BEESx 已成功抓取全部所需数据。
[2026-04-03 01:42:07] [SUCCESS] bvid=BV1fX97BEEBS 已成功抓取全部所需数据。
[2026-04-03 01:42:12] [SUCCESS] bvid=BV13kXkBuES7 已成功抓取全部所需数据。
[2026-04-03 01:42:17] [SUCCESS] bvid=BV1q997BmEvE 已成功抓取全部所需数据。
[2026-04-03 01:42:22] [SUCCESS] bvid=BV1f997BmET4 已成功抓取全部所需数据。
[2026-04-03 01:42:27] [SUCCESS] bvid=BV1HS97BHENh 已成功抓取全部所需数据。
[2026-04-03 01:42:32] [SUCCESS] bvid=BV1zD97BSEgi 已成功抓取全部所需数据。
[2026-04-03 01:42:37] [SUCCESS] bvid=BV16D97BSE2c 已成功抓取全部所需数据。
[2026-04-03 01:42:42] [SUCCESS] bvid=BV1qf97B5Ew6 已成功抓取全部所需数据。
[2026-04-03 01:42:47] [SUCCESS] bvid=BV1if97B5Ey5 已成功抓取全部所需数据。
[2026-04-03 01:42:52] [SUCCESS] bvid=BV1969jBBEwj 已成功抓取全部所需数据。
[2026-04-03 01:42:57] [SUCCESS] bvid=BV1qd97BjErB 已成功抓取全部所需数据。
[2026-04-03 01:42:57] [INFO] 当前 batch_crawl 已完成，所有视频均已成功抓取。
[2026-04-03 01:42:57] 子任务结束时间：2026-04-03T01:42:57.019305
[TIMESTAMP][END] 2026-04-03T01:42:57
