[TIMESTAMP][BEGIN] 2026-04-03T05:47:30
[2026-04-03 05:47:32] 开始执行 CSV 批量抓取子任务 part_31。
[2026-04-03 05:47:32] 子任务开始时间：2026-04-03T05:47:30.939332
[2026-04-03 05:47:32] 输入文件：batch_input_31.csv
[2026-04-03 05:47:32] 输入唯一 bvid 数量：100
[2026-04-03 05:47:32] 为严格按 CSV 顺序判断连续失败阈值，本次任务自动将并发度从 2 调整为 1。
[2026-04-03 05:47:37] [SUCCESS] bvid=BV1oNXDBiE3u 已成功抓取全部所需数据。
[2026-04-03 05:47:42] [SUCCESS] bvid=BV1BNXDBiEPL 已成功抓取全部所需数据。
[2026-04-03 05:47:47] [SUCCESS] bvid=BV1oTXDBNEeq 已成功抓取全部所需数据。
[2026-04-03 05:47:51] [SUCCESS] bvid=BV1BwXDBBEpe 已成功抓取全部所需数据。
[2026-04-03 05:47:56] [SUCCESS] bvid=BV1ZPXDBTEc1 已成功抓取全部所需数据。
[2026-04-03 05:48:01] [SUCCESS] bvid=BV1qPXDBTE5w 已成功抓取全部所需数据。
[2026-04-03 05:48:06] [SUCCESS] bvid=BV1JrXUBPEcP 已成功抓取全部所需数据。
[2026-04-03 05:48:11] [SUCCESS] bvid=BV1SYXmBSEUW 已成功抓取全部所需数据。
[2026-04-03 05:48:16] [SUCCESS] bvid=BV1e4XmBREgz 已成功抓取全部所需数据。
[2026-04-03 05:48:21] [SUCCESS] bvid=BV1E4QoBXEri 已成功抓取全部所需数据。
[2026-04-03 05:48:26] [SUCCESS] bvid=BV1jeXyBpEQC 已成功抓取全部所需数据。
[2026-04-03 05:48:31] [SUCCESS] bvid=BV1Y3XDBaE2v 已成功抓取全部所需数据。
[2026-04-03 05:48:35] [SUCCESS] bvid=BV1VVXDBwEuy 已成功抓取全部所需数据。
[2026-04-03 05:48:40] [SUCCESS] bvid=BV1YVXDBcEtP 已成功抓取全部所需数据。
[2026-04-03 05:48:45] [SUCCESS] bvid=BV1eVXDBcERP 已成功抓取全部所需数据。
[2026-04-03 05:48:50] [SUCCESS] bvid=BV1eVXDBcEBT 已成功抓取全部所需数据。
[2026-04-03 05:48:54] [SUCCESS] bvid=BV1jMXDBvEJ3 已成功抓取全部所需数据。
[2026-04-03 05:48:59] [SUCCESS] bvid=BV1vMXDBeETV 已成功抓取全部所需数据。
[2026-04-03 05:49:04] [SUCCESS] bvid=BV1CXXSByE1r 已成功抓取全部所需数据。
[2026-04-03 05:49:08] [SUCCESS] bvid=BV1igXDBAE8f 已成功抓取全部所需数据。
[2026-04-03 05:49:13] [SUCCESS] bvid=BV1rRXSBVE6k 已成功抓取全部所需数据。
[2026-04-03 05:49:18] [SUCCESS] bvid=BV1CRXSBVEGP 已成功抓取全部所需数据。
[2026-04-03 05:49:23] [SUCCESS] bvid=BV1AQXSBjExG 已成功抓取全部所需数据。
[2026-04-03 05:49:27] [SUCCESS] bvid=BV1KSXSBmEcP 已成功抓取全部所需数据。
[2026-04-03 05:49:32] [SUCCESS] bvid=BV1FfXSBrEA6 已成功抓取全部所需数据。
[2026-04-03 05:49:37] [SUCCESS] bvid=BV1rfXSB6Eun 已成功抓取全部所需数据。
[2026-04-03 05:49:42] [SUCCESS] bvid=BV1yQXSBLEzM 已成功抓取全部所需数据。
[2026-04-03 05:49:47] [SUCCESS] bvid=BV1AQXSBjEtK 已成功抓取全部所需数据。
[2026-04-03 05:49:52] [SUCCESS] bvid=BV16fXSB6EPu 已成功抓取全部所需数据。
[2026-04-03 05:49:56] [SUCCESS] bvid=BV1ncXDBgEHq 已成功抓取全部所需数据。
[2026-04-03 05:50:01] [SUCCESS] bvid=BV1kdXSBkELV 已成功抓取全部所需数据。
[2026-04-03 05:50:06] [SUCCESS] bvid=BV16ZXSB3EWY 已成功抓取全部所需数据。
[2026-04-03 05:50:10] [SUCCESS] bvid=BV1wZXSBGEMK 已成功抓取全部所需数据。
[2026-04-03 05:50:15] [SUCCESS] bvid=BV1s8XDBJE1x 已成功抓取全部所需数据。
[2026-04-03 05:50:20] [SUCCESS] bvid=BV1K8XDBnEZu 已成功抓取全部所需数据。
[2026-04-03 05:50:24] [SUCCESS] bvid=BV1s8XDBJEc3 已成功抓取全部所需数据。
[2026-04-03 05:50:29] [SUCCESS] bvid=BV1WhXDBUEhK 已成功抓取全部所需数据。
[2026-04-03 05:50:34] [SUCCESS] bvid=BV1tyXbB8EuX 已成功抓取全部所需数据。
[2026-04-03 05:50:39] [SUCCESS] bvid=BV1iAXUBFExh 已成功抓取全部所需数据。
[2026-04-03 05:50:43] [SUCCESS] bvid=BV1WhXDBUEvk 已成功抓取全部所需数据。
[2026-04-03 05:50:48] [SUCCESS] bvid=BV1x4XDBHE6d 已成功抓取全部所需数据。
[2026-04-03 05:50:53] [SUCCESS] bvid=BV1qZX1BRES4 已成功抓取全部所需数据。
[2026-04-03 05:50:58] [SUCCESS] bvid=BV1jjX1B9EAD 已成功抓取全部所需数据。
[2026-04-03 05:51:03] [SUCCESS] bvid=BV144XDBHECr 已成功抓取全部所需数据。
[2026-04-03 05:51:08] [SUCCESS] bvid=BV144XDBHE5C 已成功抓取全部所需数据。
[2026-04-03 05:51:13] [SUCCESS] bvid=BV1xtXDBDE56 已成功抓取全部所需数据。
[2026-04-03 05:51:18] [SUCCESS] bvid=BV14tXDBDE9F 已成功抓取全部所需数据。
[2026-04-03 05:51:23] [SUCCESS] bvid=BV1mtXDBDEAU 已成功抓取全部所需数据。
[2026-04-03 05:51:27] [SUCCESS] bvid=BV1HiXDBLEUv 已成功抓取全部所需数据。
[2026-04-03 05:51:32] [SUCCESS] bvid=BV1piXDBLEin 已成功抓取全部所需数据。
[2026-04-03 05:51:37] [SUCCESS] bvid=BV1pqXDB1Eaa 已成功抓取全部所需数据。
[2026-04-03 05:51:42] [SUCCESS] bvid=BV1wqXDB1Edc 已成功抓取全部所需数据。
[2026-04-03 05:51:47] [SUCCESS] bvid=BV1kqXDByE58 已成功抓取全部所需数据。
[2026-04-03 05:51:52] [SUCCESS] bvid=BV1WYXDB7EEJ 已成功抓取全部所需数据。
[2026-04-03 05:51:57] [SUCCESS] bvid=BV1WYXDB7EKk 已成功抓取全部所需数据。
[2026-04-03 05:52:01] [SUCCESS] bvid=BV1peXDB2E6V 已成功抓取全部所需数据。
[2026-04-03 05:52:06] [SUCCESS] bvid=BV1seXDB2EcX 已成功抓取全部所需数据。
[2026-04-03 05:52:11] [SUCCESS] bvid=BV187XDBtE14 已成功抓取全部所需数据。
[2026-04-03 05:52:16] [SUCCESS] bvid=BV1hEXDBoEmj 已成功抓取全部所需数据。
[2026-04-03 05:52:21] [SUCCESS] bvid=BV18EXDBoEAe 已成功抓取全部所需数据。
[2026-04-03 05:52:25] [SUCCESS] bvid=BV1hEXDBoEDG 已成功抓取全部所需数据。
[2026-04-03 05:52:30] [SUCCESS] bvid=BV1hLXDBfEUH 已成功抓取全部所需数据。
[2026-04-03 05:52:35] [SUCCESS] bvid=BV1DLXDBfEfk 已成功抓取全部所需数据。
[2026-04-03 05:52:40] [SUCCESS] bvid=BV1aLXDBfEoM 已成功抓取全部所需数据。
[2026-04-03 05:52:45] [SUCCESS] bvid=BV1aLXDBfEjX 已成功抓取全部所需数据。
[2026-04-03 05:52:49] [SUCCESS] bvid=BV1UsXDBXEzP 已成功抓取全部所需数据。
[2026-04-03 05:52:54] [SUCCESS] bvid=BV1tWXDBWEzF 已成功抓取全部所需数据。
[2026-04-03 05:52:59] [SUCCESS] bvid=BV1bWXDBWEiW 已成功抓取全部所需数据。
[2026-04-03 05:53:04] [SUCCESS] bvid=BV1UsXDBXE7Z 已成功抓取全部所需数据。
[2026-04-03 05:53:09] [SUCCESS] bvid=BV1hnXDBxEPt 已成功抓取全部所需数据。
[2026-04-03 05:53:13] [SUCCESS] bvid=BV1UHXDBREVV 已成功抓取全部所需数据。
[2026-04-03 05:53:18] [SUCCESS] bvid=BV18HXDBREs3 已成功抓取全部所需数据。
[2026-04-03 05:53:23] [SUCCESS] bvid=BV1bHXDBRELZ 已成功抓取全部所需数据。
[2026-04-03 05:53:28] [SUCCESS] bvid=BV186XbBAE8p 已成功抓取全部所需数据。
[2026-04-03 05:53:33] [SUCCESS] bvid=BV1uBXmB7EHd 已成功抓取全部所需数据。
[2026-04-03 05:53:38] [SUCCESS] bvid=BV1tBXmB7EWT 已成功抓取全部所需数据。
[2026-04-03 05:53:42] [SUCCESS] bvid=BV1ZbQoBnEax 已成功抓取全部所需数据。
[2026-04-03 05:53:47] [SUCCESS] bvid=BV1amXyBCEx4 已成功抓取全部所需数据。
[2026-04-03 05:53:52] [SUCCESS] bvid=BV1SBXmBjE4J 已成功抓取全部所需数据。
[2026-04-03 05:53:56] [SUCCESS] bvid=BV1UzXmB1EQu 已成功抓取全部所需数据。
[2026-04-03 05:54:01] [SUCCESS] bvid=BV1TzXmB2E4j 已成功抓取全部所需数据。
[2026-04-03 05:54:06] [SUCCESS] bvid=BV1UzXmB1Ear 已成功抓取全部所需数据。
[2026-04-03 05:54:11] [SUCCESS] bvid=BV1bzXmB2EHs 已成功抓取全部所需数据。
[2026-04-03 05:54:16] [SUCCESS] bvid=BV12zXmB1ERk 已成功抓取全部所需数据。
[2026-04-03 05:54:21] [SUCCESS] bvid=BV1mrXmB5Ebi 已成功抓取全部所需数据。
[2026-04-03 05:54:25] [SUCCESS] bvid=BV1SiXmBmEdV 已成功抓取全部所需数据。
[2026-04-03 05:54:30] [SUCCESS] bvid=BV12yXmBGEJ5 已成功抓取全部所需数据。
[2026-04-03 05:54:35] [SUCCESS] bvid=BV1uiXmBUETX 已成功抓取全部所需数据。
[2026-04-03 05:54:40] [SUCCESS] bvid=BV11yXmBGETM 已成功抓取全部所需数据。
[2026-04-03 05:54:44] [SUCCESS] bvid=BV1s1XmBkEhC 已成功抓取全部所需数据。
[2026-04-03 05:54:49] [SUCCESS] bvid=BV1TrXmBLE5j 已成功抓取全部所需数据。
[2026-04-03 05:54:54] [SUCCESS] bvid=BV12kXmBCEDi 已成功抓取全部所需数据。
[2026-04-03 05:54:58] [SUCCESS] bvid=BV11kXmBCEQt 已成功抓取全部所需数据。
[2026-04-03 05:55:03] [SUCCESS] bvid=BV1TkXmByEER 已成功抓取全部所需数据。
[2026-04-03 05:55:08] [SUCCESS] bvid=BV1exXmBxEui 已成功抓取全部所需数据。
[2026-04-03 05:55:12] [SUCCESS] bvid=BV15WXmBoE92 已成功抓取全部所需数据。
[2026-04-03 05:55:17] [SUCCESS] bvid=BV1jpXmBtEqM 已成功抓取全部所需数据。
[2026-04-03 05:55:22] [SUCCESS] bvid=BV1dWXmBdEzh 已成功抓取全部所需数据。
[2026-04-03 05:55:27] [SUCCESS] bvid=BV1dWXmBdEqs 已成功抓取全部所需数据。
[2026-04-03 05:55:31] [SUCCESS] bvid=BV1XaXmBnEAQ 已成功抓取全部所需数据。
[2026-04-03 05:55:31] [INFO] 当前 batch_crawl 已完成，所有视频均已成功抓取。
[2026-04-03 05:55:31] 子任务结束时间：2026-04-03T05:55:31.879501
[TIMESTAMP][END] 2026-04-03T05:55:31
