[TIMESTAMP][BEGIN] 2026-04-03T05:07:26
[2026-04-03 05:07:28] 开始执行 CSV 批量抓取子任务 part_26。
[2026-04-03 05:07:28] 子任务开始时间：2026-04-03T05:07:26.310910
[2026-04-03 05:07:28] 输入文件：batch_input_26.csv
[2026-04-03 05:07:28] 输入唯一 bvid 数量：100
[2026-04-03 05:07:28] 为严格按 CSV 顺序判断连续失败阈值，本次任务自动将并发度从 2 调整为 1。
[2026-04-03 05:07:33] [SUCCESS] bvid=BV1DzXQBwECd 已成功抓取全部所需数据。
[2026-04-03 05:07:37] [SUCCESS] bvid=BV1WzXRBfEGs 已成功抓取全部所需数据。
[2026-04-03 05:07:42] [SUCCESS] bvid=BV12ZXWBLE6a 已成功抓取全部所需数据。
[2026-04-03 05:07:47] [SUCCESS] bvid=BV158XSBhEmV 已成功抓取全部所需数据。
[2026-04-03 05:07:52] [SUCCESS] bvid=BV1skXoBvEuD 已成功抓取全部所需数据。
[2026-04-03 05:07:56] [SUCCESS] bvid=BV1LUXDBTE9k 已成功抓取全部所需数据。
[2026-04-03 05:08:01] [SUCCESS] bvid=BV1yFXoBPERC 已成功抓取全部所需数据。
[2026-04-03 05:08:06] [SUCCESS] bvid=BV12FXoBPELx 已成功抓取全部所需数据。
[2026-04-03 05:08:11] [SUCCESS] bvid=BV1PEX9BsESx 已成功抓取全部所需数据。
[2026-04-03 05:08:15] [SUCCESS] bvid=BV14FXoBNEsa 已成功抓取全部所需数据。
[2026-04-03 05:08:20] [SUCCESS] bvid=BV1WKXoBcEpQ 已成功抓取全部所需数据。
[2026-04-03 05:08:25] [SUCCESS] bvid=BV12FXoBPEpZ 已成功抓取全部所需数据。
[2026-04-03 05:08:30] [SUCCESS] bvid=BV1ATXoB8EHM 已成功抓取全部所需数据。
[2026-04-03 05:08:34] [SUCCESS] bvid=BV1HTXoB8Eb9 已成功抓取全部所需数据。
[2026-04-03 05:08:39] [SUCCESS] bvid=BV16MXoBZEZz 已成功抓取全部所需数据。
[2026-04-03 05:08:44] [SUCCESS] bvid=BV1pMXoBfEWN 已成功抓取全部所需数据。
[2026-04-03 05:08:48] [SUCCESS] bvid=BV1APXoBaE8f 已成功抓取全部所需数据。
[2026-04-03 05:08:53] [SUCCESS] bvid=BV1wKXoBcEZs 已成功抓取全部所需数据。
[2026-04-03 05:08:58] [SUCCESS] bvid=BV1NPXoBaEKX 已成功抓取全部所需数据。
[2026-04-03 05:09:02] [SUCCESS] bvid=BV1rKXoBFEZR 已成功抓取全部所需数据。
[2026-04-03 05:09:07] [SUCCESS] bvid=BV1kKXoBcEXu 已成功抓取全部所需数据。
[2026-04-03 05:09:11] [SUCCESS] bvid=BV1CKXoBFEk6 已成功抓取全部所需数据。
[2026-04-03 05:09:16] [SUCCESS] bvid=BV12pX5BEEAr 已成功抓取全部所需数据。
[2026-04-03 05:09:21] [SUCCESS] bvid=BV1LuX8BVE9Y 已成功抓取全部所需数据。
[2026-04-03 05:09:26] [SUCCESS] bvid=BV1W3XSBCEXc 已成功抓取全部所需数据。
[2026-04-03 05:09:30] [SUCCESS] bvid=BV1mzXoBqEYy 已成功抓取全部所需数据。
[2026-04-03 05:09:35] [SUCCESS] bvid=BV14zXoBqExZ 已成功抓取全部所需数据。
[2026-04-03 05:09:40] [SUCCESS] bvid=BV1xzXoBqEVM 已成功抓取全部所需数据。
[2026-04-03 05:09:45] [SUCCESS] bvid=BV1bvXoBgEhs 已成功抓取全部所需数据。
[2026-04-03 05:09:50] [SUCCESS] bvid=BV1tvXoBgEpp 已成功抓取全部所需数据。
[2026-04-03 05:09:55] [SUCCESS] bvid=BV14iXoBzE82 已成功抓取全部所需数据。
[2026-04-03 05:09:59] [SUCCESS] bvid=BV1tiXoBzE69 已成功抓取全部所需数据。
[2026-04-03 05:10:04] [SUCCESS] bvid=BV1syXoBPEaA 已成功抓取全部所需数据。
[2026-04-03 05:10:09] [SUCCESS] bvid=BV1NyXoBNEke 已成功抓取全部所需数据。
[2026-04-03 05:10:14] [SUCCESS] bvid=BV1syXoBPEJo 已成功抓取全部所需数据。
[2026-04-03 05:10:19] [SUCCESS] bvid=BV1p1XoBYEjA 已成功抓取全部所需数据。
[2026-04-03 05:10:24] [SUCCESS] bvid=BV1W1XoBYEaM 已成功抓取全部所需数据。
[2026-04-03 05:10:28] [SUCCESS] bvid=BV1syXoBPE8g 已成功抓取全部所需数据。
[2026-04-03 05:10:33] [SUCCESS] bvid=BV1C1XoBYEK7 已成功抓取全部所需数据。
[2026-04-03 05:10:38] [SUCCESS] bvid=BV1xrXoBKE9C 已成功抓取全部所需数据。
[2026-04-03 05:10:43] [SUCCESS] bvid=BV1dcXZBpEgY 已成功抓取全部所需数据。
[2026-04-03 05:10:47] [SUCCESS] bvid=BV1HxXdBtEvc 已成功抓取全部所需数据。
[2026-04-03 05:10:52] [SUCCESS] bvid=BV1xrXoBKEF4 已成功抓取全部所需数据。
[2026-04-03 05:10:57] [SUCCESS] bvid=BV1PJX9B9ENZ 已成功抓取全部所需数据。
[2026-04-03 05:11:02] [SUCCESS] bvid=BV1mrXmB5Eez 已成功抓取全部所需数据。
[2026-04-03 05:11:06] [SUCCESS] bvid=BV1j5XXBuETi 已成功抓取全部所需数据。
[2026-04-03 05:11:11] [SUCCESS] bvid=BV1nKQqBvEfA 已成功抓取全部所需数据。
[2026-04-03 05:11:16] [SUCCESS] bvid=BV1JEAwzfEsj 已成功抓取全部所需数据。
[2026-04-03 05:11:20] [SUCCESS] bvid=BV1j9XRBJEDM 已成功抓取全部所需数据。
[2026-04-03 05:11:25] [SUCCESS] bvid=BV1buX9BhE8r 已成功抓取全部所需数据。
[2026-04-03 05:11:30] [SUCCESS] bvid=BV1mWXjBxENL 已成功抓取全部所需数据。
[2026-04-03 05:11:35] [SUCCESS] bvid=BV1WYXDBEEvv 已成功抓取全部所需数据。
[2026-04-03 05:11:40] [SUCCESS] bvid=BV1KSXQBxEkY 已成功抓取全部所需数据。
[2026-04-03 05:11:44] [SUCCESS] bvid=BV1ykXoBvELb 已成功抓取全部所需数据。
[2026-04-03 05:11:49] [SUCCESS] bvid=BV1xkXoBvEHH 已成功抓取全部所需数据。
[2026-04-03 05:11:54] [SUCCESS] bvid=BV1exXoBjEg2 已成功抓取全部所需数据。
[2026-04-03 05:11:59] [SUCCESS] bvid=BV1Y4XoB1EBW 已成功抓取全部所需数据。
[2026-04-03 05:12:03] [SUCCESS] bvid=BV19pXoBEE4m 已成功抓取全部所需数据。
[2026-04-03 05:12:08] [SUCCESS] bvid=BV1RWXoBmEsN 已成功抓取全部所需数据。
[2026-04-03 05:12:13] [SUCCESS] bvid=BV1eWXoBmEm5 已成功抓取全部所需数据。
[2026-04-03 05:12:18] [SUCCESS] bvid=BV1eWXoBmEUL 已成功抓取全部所需数据。
[2026-04-03 05:12:23] [SUCCESS] bvid=BV1bYXoBrEYg 已成功抓取全部所需数据。
[2026-04-03 05:12:28] [SUCCESS] bvid=BV18YXoBrEbv 已成功抓取全部所需数据。
[2026-04-03 05:12:32] [SUCCESS] bvid=BV1gYXoBkEtk 已成功抓取全部所需数据。
[2026-04-03 05:12:37] [SUCCESS] bvid=BV1abXoB5Epk 已成功抓取全部所需数据。
[2026-04-03 05:12:41] [SUCCESS] bvid=BV1LwXZBQEUX 已成功抓取全部所需数据。
[2026-04-03 05:12:46] [SUCCESS] bvid=BV1Q8XoBCEyR 已成功抓取全部所需数据。
[2026-04-03 05:12:50] [SUCCESS] bvid=BV1iwXZBQE17 已成功抓取全部所需数据。
[2026-04-03 05:12:55] [SUCCESS] bvid=BV1LPXZBnEjB 已成功抓取全部所需数据。
[2026-04-03 05:13:00] [SUCCESS] bvid=BV1jcXZBpEqf 已成功抓取全部所需数据。
[2026-04-03 05:13:04] [SUCCESS] bvid=BV1ePXZBnE8r 已成功抓取全部所需数据。
[2026-04-03 05:13:09] [SUCCESS] bvid=BV1ifXoB9Eyf 已成功抓取全部所需数据。
[2026-04-03 05:13:14] [SUCCESS] bvid=BV1ifXoB9E12 已成功抓取全部所需数据。
[2026-04-03 05:13:18] [SUCCESS] bvid=BV1UeX1B3EHx 已成功抓取全部所需数据。
[2026-04-03 05:13:23] [SUCCESS] bvid=BV1GgXZBjEVc 已成功抓取全部所需数据。
[2026-04-03 05:13:28] [SUCCESS] bvid=BV11nXWBrE85 已成功抓取全部所需数据。
[2026-04-03 05:13:33] [SUCCESS] bvid=BV1PnXWBrERd 已成功抓取全部所需数据。
[2026-04-03 05:13:37] [SUCCESS] bvid=BV1zCXDB6ESm 已成功抓取全部所需数据。
[2026-04-03 05:13:42] [SUCCESS] bvid=BV1XBX9B6ESj 已成功抓取全部所需数据。
[2026-04-03 05:13:47] [SUCCESS] bvid=BV1aEXXBvEjW 已成功抓取全部所需数据。
[2026-04-03 05:13:52] [SUCCESS] bvid=BV1hWXXBwEQm 已成功抓取全部所需数据。
[2026-04-03 05:13:56] [SUCCESS] bvid=BV1AdXKB9E23 已成功抓取全部所需数据。
[2026-04-03 05:14:01] [SUCCESS] bvid=BV1TuX9BhEvG 已成功抓取全部所需数据。
[2026-04-03 05:14:06] [SUCCESS] bvid=BV1YNXZBSEHk 已成功抓取全部所需数据。
[2026-04-03 05:14:11] [SUCCESS] bvid=BV1VTXZBEE8Y 已成功抓取全部所需数据。
[2026-04-03 05:14:16] [SUCCESS] bvid=BV1NjX9BdEGh 已成功抓取全部所需数据。
[2026-04-03 05:14:21] [SUCCESS] bvid=BV1GTXZBEEjQ 已成功抓取全部所需数据。
[2026-04-03 05:14:26] [SUCCESS] bvid=BV1kUXoBhEaY 已成功抓取全部所需数据。
[2026-04-03 05:14:31] [SUCCESS] bvid=BV1xgXMBAESC 已成功抓取全部所需数据。
[2026-04-03 05:14:35] [SUCCESS] bvid=BV1EdXoBdE9n 已成功抓取全部所需数据。
[2026-04-03 05:14:40] [SUCCESS] bvid=BV1jZXoBsEms 已成功抓取全部所需数据。
[2026-04-03 05:14:45] [SUCCESS] bvid=BV1EXXoBZEZp 已成功抓取全部所需数据。
[2026-04-03 05:14:49] [SUCCESS] bvid=BV1ZgXRBUEqW 已成功抓取全部所需数据。
[2026-04-03 05:14:54] [SUCCESS] bvid=BV1zgXRBUETu 已成功抓取全部所需数据。
[2026-04-03 05:14:59] [SUCCESS] bvid=BV1vQXTBLE44 已成功抓取全部所需数据。
[2026-04-03 05:15:03] [SUCCESS] bvid=BV1CeXTBoEPT 已成功抓取全部所需数据。
[2026-04-03 05:15:08] [SUCCESS] bvid=BV1CeXTBoEHa 已成功抓取全部所需数据。
[2026-04-03 05:15:13] [SUCCESS] bvid=BV1CeXTBoEp2 已成功抓取全部所需数据。
[2026-04-03 05:15:17] [SUCCESS] bvid=BV1CeXTBoEqg 已成功抓取全部所需数据。
[2026-04-03 05:15:22] [SUCCESS] bvid=BV16TXRBDEkH 已成功抓取全部所需数据。
[2026-04-03 05:15:22] [INFO] 当前 batch_crawl 已完成，所有视频均已成功抓取。
[2026-04-03 05:15:22] 子任务结束时间：2026-04-03T05:15:22.633831
[TIMESTAMP][END] 2026-04-03T05:15:22
