[TIMESTAMP][BEGIN] 2026-04-03T01:51:31
[2026-04-03 01:51:33] 开始执行 CSV 批量抓取子任务 part_5。
[2026-04-03 01:51:33] 子任务开始时间：2026-04-03T01:51:31.081493
[2026-04-03 01:51:33] 输入文件：batch_input_5.csv
[2026-04-03 01:51:33] 输入唯一 bvid 数量：100
[2026-04-03 01:51:33] 为严格按 CSV 顺序判断连续失败阈值，本次任务自动将并发度从 2 调整为 1。
[2026-04-03 01:51:37] [SUCCESS] bvid=BV1dH9JB7EKi 已成功抓取全部所需数据。
[2026-04-03 01:51:42] [SUCCESS] bvid=BV1Cr97BdE1c 已成功抓取全部所需数据。
[2026-04-03 01:51:47] [SUCCESS] bvid=BV1RH9JB7EGU 已成功抓取全部所需数据。
[2026-04-03 01:51:52] [SUCCESS] bvid=BV1LH9JBEEVP 已成功抓取全部所需数据。
[2026-04-03 01:51:57] [SUCCESS] bvid=BV1Rp9JB2EY2 已成功抓取全部所需数据。
[2026-04-03 01:52:01] [SUCCESS] bvid=BV1HN97BHETL 已成功抓取全部所需数据。
[2026-04-03 01:52:06] [SUCCESS] bvid=BV1yiXrBsEbB 已成功抓取全部所需数据。
[2026-04-03 01:52:11] [SUCCESS] bvid=BV1UY97BwEZu 已成功抓取全部所需数据。
[2026-04-03 01:52:16] [SUCCESS] bvid=BV1LV9LBMEF8 已成功抓取全部所需数据。
[2026-04-03 01:52:21] [SUCCESS] bvid=BV1UcXBBDExV 已成功抓取全部所需数据。
[2026-04-03 01:52:26] [SUCCESS] bvid=BV1Pd95BSEwN 已成功抓取全部所需数据。
[2026-04-03 01:52:31] [SUCCESS] bvid=BV1ky97B9Ewp 已成功抓取全部所需数据。
[2026-04-03 01:52:36] [SUCCESS] bvid=BV1dp9JBmEir 已成功抓取全部所需数据。
[2026-04-03 01:52:41] [SUCCESS] bvid=BV1PK9JBbEKb 已成功抓取全部所需数据。
[2026-04-03 01:52:45] [SUCCESS] bvid=BV1PN9JBFEFU 已成功抓取全部所需数据。
[2026-04-03 01:52:50] [SUCCESS] bvid=BV1AK9JBbErv 已成功抓取全部所需数据。
[2026-04-03 01:52:55] [SUCCESS] bvid=BV1WK9JBbEra 已成功抓取全部所需数据。
[2026-04-03 01:53:00] [SUCCESS] bvid=BV1PK9JBbEuT 已成功抓取全部所需数据。
[2026-04-03 01:53:05] [SUCCESS] bvid=BV1AT9JBZEXa 已成功抓取全部所需数据。
[2026-04-03 01:53:10] [SUCCESS] bvid=BV1pT9JBZErd 已成功抓取全部所需数据。
[2026-04-03 01:53:15] [SUCCESS] bvid=BV1HT9JBZEdK 已成功抓取全部所需数据。
[2026-04-03 01:53:19] [SUCCESS] bvid=BV1pT9JBZEdc 已成功抓取全部所需数据。
[2026-04-03 01:53:24] [SUCCESS] bvid=BV1AA9JBhEmq 已成功抓取全部所需数据。
[2026-04-03 01:53:29] [SUCCESS] bvid=BV1NA9JBhEXB 已成功抓取全部所需数据。
[2026-04-03 01:53:34] [SUCCESS] bvid=BV1sA9JBhETq 已成功抓取全部所需数据。
[2026-04-03 01:53:39] [SUCCESS] bvid=BV1NA9JBhEHH 已成功抓取全部所需数据。
[2026-04-03 01:53:44] [SUCCESS] bvid=BV1PN9JBFEDB 已成功抓取全部所需数据。
[2026-04-03 01:53:49] [SUCCESS] bvid=BV1NN9JBFE72 已成功抓取全部所需数据。
[2026-04-03 01:53:54] [SUCCESS] bvid=BV1PN9JBFERK 已成功抓取全部所需数据。
[2026-04-03 01:53:59] [SUCCESS] bvid=BV1NN9JBFEwM 已成功抓取全部所需数据。
[2026-04-03 01:54:03] [SUCCESS] bvid=BV1WN9JBFEzf 已成功抓取全部所需数据。
[2026-04-03 01:54:08] [SUCCESS] bvid=BV1cG9JBsELG 已成功抓取全部所需数据。
[2026-04-03 01:54:13] [SUCCESS] bvid=BV1PN9JBFEUw 已成功抓取全部所需数据。
[2026-04-03 01:54:18] [SUCCESS] bvid=BV1WN9JBFE9p 已成功抓取全部所需数据。
[2026-04-03 01:54:23] [SUCCESS] bvid=BV1FG9JBsENm 已成功抓取全部所需数据。
[2026-04-03 01:54:28] [SUCCESS] bvid=BV19H97BzE7A 已成功抓取全部所需数据。
[2026-04-03 01:54:33] [SUCCESS] bvid=BV1nG9JBsEj9 已成功抓取全部所需数据。
[2026-04-03 01:54:38] [SUCCESS] bvid=BV1rG9JBsEeN 已成功抓取全部所需数据。
[2026-04-03 01:54:43] [SUCCESS] bvid=BV1Zg9LBuE92 已成功抓取全部所需数据。
[2026-04-03 01:54:48] [SUCCESS] bvid=BV1FV9JBRE1U 已成功抓取全部所需数据。
[2026-04-03 01:54:53] [SUCCESS] bvid=BV1ku9JB4E4p 已成功抓取全部所需数据。
[2026-04-03 01:54:58] [SUCCESS] bvid=BV1ru9JB4Esj 已成功抓取全部所需数据。
[2026-04-03 01:55:03] [SUCCESS] bvid=BV1cu9JB4Emi 已成功抓取全部所需数据。
[2026-04-03 01:55:07] [SUCCESS] bvid=BV15n97B3E4a 已成功抓取全部所需数据。
[2026-04-03 01:55:12] [SUCCESS] bvid=BV1fs9jB2EDP 已成功抓取全部所需数据。
[2026-04-03 01:55:17] [SUCCESS] bvid=BV1ng9JBdEyV 已成功抓取全部所需数据。
[2026-04-03 01:55:22] [SUCCESS] bvid=BV1n49jB7Ep5 已成功抓取全部所需数据。
[2026-04-03 01:55:26] [SUCCESS] bvid=BV1cg9JBdEJ3 已成功抓取全部所需数据。
[2026-04-03 01:55:31] [SUCCESS] bvid=BV1n49jB7Emu 已成功抓取全部所需数据。
[2026-04-03 01:55:36] [SUCCESS] bvid=BV1n49jB7EC5 已成功抓取全部所需数据。
[2026-04-03 01:55:41] [SUCCESS] bvid=BV1Et9jB2EJ5 已成功抓取全部所需数据。
[2026-04-03 01:55:46] [SUCCESS] bvid=BV1649jB7EbQ 已成功抓取全部所需数据。
[2026-04-03 01:55:51] [SUCCESS] bvid=BV1F49jBEEPB 已成功抓取全部所需数据。
[2026-04-03 01:55:56] [SUCCESS] bvid=BV1kW9jBJE9o 已成功抓取全部所需数据。
[2026-04-03 01:56:00] [SUCCESS] bvid=BV1n49jB7EMr 已成功抓取全部所需数据。
[2026-04-03 01:56:05] [SUCCESS] bvid=BV1otXQBzEaK 已成功抓取全部所需数据。
[2026-04-03 01:56:10] [SUCCESS] bvid=BV1ws9jBSE5r 已成功抓取全部所需数据。
[2026-04-03 01:56:15] [SUCCESS] bvid=BV1nt9jB2EcX 已成功抓取全部所需数据。
[2026-04-03 01:56:19] [SUCCESS] bvid=BV1Gk9jBTEJz 已成功抓取全部所需数据。
[2026-04-03 01:56:24] [SUCCESS] bvid=BV1wW9jBnEAU 已成功抓取全部所需数据。
[2026-04-03 01:56:29] [SUCCESS] bvid=BV1HW9jBJEYL 已成功抓取全部所需数据。
[2026-04-03 01:56:34] [SUCCESS] bvid=BV1ns9jBUErS 已成功抓取全部所需数据。
[2026-04-03 01:56:38] [SUCCESS] bvid=BV1CW9jBJENV 已成功抓取全部所需数据。
[2026-04-03 01:56:43] [SUCCESS] bvid=BV1pW9jBJEvh 已成功抓取全部所需数据。
[2026-04-03 01:56:47] [SUCCESS] bvid=BV1Hs9jBUEhq 已成功抓取全部所需数据。
[2026-04-03 01:56:52] [SUCCESS] bvid=BV1rs9jBUEJa 已成功抓取全部所需数据。
[2026-04-03 01:56:57] [SUCCESS] bvid=BV1Hs9jBUEDx 已成功抓取全部所需数据。
[2026-04-03 01:57:02] [SUCCESS] bvid=BV1BY9jBVEYe 已成功抓取全部所需数据。
[2026-04-03 01:57:07] [SUCCESS] bvid=BV1EY9jBVEPx 已成功抓取全部所需数据。
[2026-04-03 01:57:12] [SUCCESS] bvid=BV1z29LByE3D 已成功抓取全部所需数据。
[2026-04-03 01:57:16] [SUCCESS] bvid=BV17Y9jBVEAi 已成功抓取全部所需数据。
[2026-04-03 01:57:22] [SUCCESS] bvid=BV17e9jBkEMs 已成功抓取全部所需数据。
[2026-04-03 01:57:26] [SUCCESS] bvid=BV1D49LBtEcn 已成功抓取全部所需数据。
[2026-04-03 01:57:31] [SUCCESS] bvid=BV1L797BVEsy 已成功抓取全部所需数据。
[2026-04-03 01:57:36] [SUCCESS] bvid=BV1Ac9LBjEgA 已成功抓取全部所需数据。
[2026-04-03 01:57:41] [SUCCESS] bvid=BV1ap9LBwELE 已成功抓取全部所需数据。
[2026-04-03 01:57:46] [SUCCESS] bvid=BV1sn9jBHEw3 已成功抓取全部所需数据。
[2026-04-03 01:57:51] [SUCCESS] bvid=BV1zqXqBTEEW 已成功抓取全部所需数据。
[2026-04-03 01:57:56] [SUCCESS] bvid=BV1B1Q2BfERE 已成功抓取全部所需数据。
[2026-04-03 01:58:01] [SUCCESS] bvid=BV1NPXVBkEWx 已成功抓取全部所需数据。
[2026-04-03 01:58:06] [SUCCESS] bvid=BV1Fu97BUEL7 已成功抓取全部所需数据。
[2026-04-03 01:58:10] [SUCCESS] bvid=BV1kaXqB6EoG 已成功抓取全部所需数据。
[2026-04-03 01:58:15] [SUCCESS] bvid=BV1je9jBkEs8 已成功抓取全部所需数据。
[2026-04-03 01:58:20] [SUCCESS] bvid=BV1qe9jBkEjW 已成功抓取全部所需数据。
[2026-04-03 01:58:24] [SUCCESS] bvid=BV1K59jB4EEu 已成功抓取全部所需数据。
[2026-04-03 01:58:29] [SUCCESS] bvid=BV1689jBLEFi 已成功抓取全部所需数据。
[2026-04-03 01:58:34] [SUCCESS] bvid=BV1zh9jByE3y 已成功抓取全部所需数据。
[2026-04-03 01:58:39] [SUCCESS] bvid=BV17h9jByED7 已成功抓取全部所需数据。
[2026-04-03 01:58:44] [SUCCESS] bvid=BV1459jBxEiS 已成功抓取全部所需数据。
[2026-04-03 01:58:49] [SUCCESS] bvid=BV1sL9jBRES3 已成功抓取全部所需数据。
[2026-04-03 01:58:53] [SUCCESS] bvid=BV1kH9jBDEJP 已成功抓取全部所需数据。
[2026-04-03 01:58:58] [SUCCESS] bvid=BV1459jBxEH7 已成功抓取全部所需数据。
[2026-04-03 01:59:03] [SUCCESS] bvid=BV11L9jBREKt 已成功抓取全部所需数据。
[2026-04-03 01:59:08] [SUCCESS] bvid=BV1b39jBtENk 已成功抓取全部所需数据。
[2026-04-03 01:59:13] [SUCCESS] bvid=BV1u39jBbE5F 已成功抓取全部所需数据。
[2026-04-03 01:59:18] [SUCCESS] bvid=BV1b39jBtEcd 已成功抓取全部所需数据。
[2026-04-03 01:59:23] [SUCCESS] bvid=BV1tG9jBoELe 已成功抓取全部所需数据。
[2026-04-03 01:59:28] [SUCCESS] bvid=BV1tG9jBoExs 已成功抓取全部所需数据。
[2026-04-03 01:59:33] [SUCCESS] bvid=BV1Cn9jBHEbL 已成功抓取全部所需数据。
[2026-04-03 01:59:38] [SUCCESS] bvid=BV1yn9jBHEbo 已成功抓取全部所需数据。
[2026-04-03 01:59:38] [INFO] 当前 batch_crawl 已完成，所有视频均已成功抓取。
[2026-04-03 01:59:38] 子任务结束时间：2026-04-03T01:59:38.820933
[TIMESTAMP][END] 2026-04-03T01:59:38
