[TIMESTAMP][BEGIN] 2026-04-03T05:31:34
[2026-04-03 05:31:36] 开始执行 CSV 批量抓取子任务 part_29。
[2026-04-03 05:31:36] 子任务开始时间：2026-04-03T05:31:34.221202
[2026-04-03 05:31:36] 输入文件：batch_input_29.csv
[2026-04-03 05:31:36] 输入唯一 bvid 数量：100
[2026-04-03 05:31:36] 为严格按 CSV 顺序判断连续失败阈值，本次任务自动将并发度从 2 调整为 1。
[2026-04-03 05:31:41] [SUCCESS] bvid=BV1iuXXBrEEU 已成功抓取全部所需数据。
[2026-04-03 05:31:45] [SUCCESS] bvid=BV1BuXXBrEEt 已成功抓取全部所需数据。
[2026-04-03 05:31:50] [SUCCESS] bvid=BV15aXSBFEhn 已成功抓取全部所需数据。
[2026-04-03 05:31:55] [SUCCESS] bvid=BV1iuXXBrEvo 已成功抓取全部所需数据。
[2026-04-03 05:32:00] [SUCCESS] bvid=BV1fNXXB5Eba 已成功抓取全部所需数据。
[2026-04-03 05:32:05] [SUCCESS] bvid=BV1zKXXBCEAi 已成功抓取全部所需数据。
[2026-04-03 05:32:10] [SUCCESS] bvid=BV1BKXXBCE5y 已成功抓取全部所需数据。
[2026-04-03 05:32:15] [SUCCESS] bvid=BV1v5XXBMEXp 已成功抓取全部所需数据。
[2026-04-03 05:32:19] [SUCCESS] bvid=BV1qKXXBCEZx 已成功抓取全部所需数据。
[2026-04-03 05:32:24] [SUCCESS] bvid=BV1LLXXBBELs 已成功抓取全部所需数据。
[2026-04-03 05:32:29] [SUCCESS] bvid=BV18VX2ByE44 已成功抓取全部所需数据。
[2026-04-03 05:32:34] [SUCCESS] bvid=BV1RLXXBqEie 已成功抓取全部所需数据。
[2026-04-03 05:32:38] [SUCCESS] bvid=BV1e5XXBMEBy 已成功抓取全部所需数据。
[2026-04-03 05:32:43] [SUCCESS] bvid=BV1SW6MBgEjM 已成功抓取全部所需数据。
[2026-04-03 05:32:48] [SUCCESS] bvid=BV1PdXQBHEv9 已成功抓取全部所需数据。
[2026-04-03 05:32:52] [SUCCESS] bvid=BV1RLXXBqEG2 已成功抓取全部所需数据。
[2026-04-03 05:32:57] [SUCCESS] bvid=BV1vLXXBqEsd 已成功抓取全部所需数据。
[2026-04-03 05:33:02] [SUCCESS] bvid=BV1kdXSBkEqs 已成功抓取全部所需数据。
[2026-04-03 05:33:06] [SUCCESS] bvid=BV1q3XXBgETh 已成功抓取全部所需数据。
[2026-04-03 05:33:11] [SUCCESS] bvid=BV1v3XXBgEiJ 已成功抓取全部所需数据。
[2026-04-03 05:33:16] [SUCCESS] bvid=BV1q3XXBgEme 已成功抓取全部所需数据。
[2026-04-03 05:33:21] [SUCCESS] bvid=BV1i3XXBgER4 已成功抓取全部所需数据。
[2026-04-03 05:33:25] [SUCCESS] bvid=BV1H8X5BCE1o 已成功抓取全部所需数据。
[2026-04-03 05:33:30] [SUCCESS] bvid=BV1CdXQBnEa4 已成功抓取全部所需数据。
[2026-04-03 05:33:35] [SUCCESS] bvid=BV1vGXXBzE64 已成功抓取全部所需数据。
[2026-04-03 05:33:39] [SUCCESS] bvid=BV1PoXQBDEP5 已成功抓取全部所需数据。
[2026-04-03 05:33:44] [SUCCESS] bvid=BV1CdXQBnENG 已成功抓取全部所需数据。
[2026-04-03 05:33:49] [SUCCESS] bvid=BV1WdXQBHE3o 已成功抓取全部所需数据。
[2026-04-03 05:33:53] [SUCCESS] bvid=BV1WdXQBHEjF 已成功抓取全部所需数据。
[2026-04-03 05:33:58] [SUCCESS] bvid=BV1CdXQBnENf 已成功抓取全部所需数据。
[2026-04-03 05:34:02] [SUCCESS] bvid=BV1CdXQBnEjF 已成功抓取全部所需数据。
[2026-04-03 05:34:07] [SUCCESS] bvid=BV1LbXSBwEo2 已成功抓取全部所需数据。
[2026-04-03 05:34:12] [SUCCESS] bvid=BV1hrXKBPEGc 已成功抓取全部所需数据。
[2026-04-03 05:34:17] [SUCCESS] bvid=BV1koXQBSEDn 已成功抓取全部所需数据。
[2026-04-03 05:34:21] [SUCCESS] bvid=BV1koXQBSEVX 已成功抓取全部所需数据。
[2026-04-03 05:34:26] [SUCCESS] bvid=BV1CoXQBSEqL 已成功抓取全部所需数据。
[2026-04-03 05:34:31] [SUCCESS] bvid=BV1HDXVB3EMf 已成功抓取全部所需数据。
[2026-04-03 05:34:36] [SUCCESS] bvid=BV1zfXSB6EDN 已成功抓取全部所需数据。
[2026-04-03 05:34:40] [SUCCESS] bvid=BV1nYXUBzEUD 已成功抓取全部所需数据。
[2026-04-03 05:34:45] [SUCCESS] bvid=BV1xEXGBVEY7 已成功抓取全部所需数据。
[2026-04-03 05:34:50] [SUCCESS] bvid=BV17xXSBPE3a 已成功抓取全部所需数据。
[2026-04-03 05:34:55] [SUCCESS] bvid=BV1sXXQBWEBD 已成功抓取全部所需数据。
[2026-04-03 05:34:59] [SUCCESS] bvid=BV1KXXQBWEHv 已成功抓取全部所需数据。
[2026-04-03 05:35:04] [SUCCESS] bvid=BV1KXXQBWEtD 已成功抓取全部所需数据。
[2026-04-03 05:35:09] [SUCCESS] bvid=BV1y9XQBQEjk 已成功抓取全部所需数据。
[2026-04-03 05:35:14] [SUCCESS] bvid=BV11XXQBpEaM 已成功抓取全部所需数据。
[2026-04-03 05:35:18] [SUCCESS] bvid=BV12XXQBpEWj 已成功抓取全部所需数据。
[2026-04-03 05:35:23] [SUCCESS] bvid=BV1W9XQBDEQv 已成功抓取全部所需数据。
[2026-04-03 05:35:27] [SUCCESS] bvid=BV1rwXXBjE1n 已成功抓取全部所需数据。
[2026-04-03 05:35:32] [SUCCESS] bvid=BV1rwXXBjEqV 已成功抓取全部所需数据。
[2026-04-03 05:35:37] [SUCCESS] bvid=BV1cAXXB2E5j 已成功抓取全部所需数据。
[2026-04-03 05:35:41] [SUCCESS] bvid=BV1cAXXB2EaP 已成功抓取全部所需数据。
[2026-04-03 05:35:46] [SUCCESS] bvid=BV1cAXXB2EgV 已成功抓取全部所需数据。
[2026-04-03 05:35:51] [SUCCESS] bvid=BV1wfXQBJEEF 已成功抓取全部所需数据。
[2026-04-03 05:35:56] [SUCCESS] bvid=BV1rfXQBEEWU 已成功抓取全部所需数据。
[2026-04-03 05:36:00] [SUCCESS] bvid=BV1FjXSBgEdR 已成功抓取全部所需数据。
[2026-04-03 05:36:05] [SUCCESS] bvid=BV1kFXXBmEbC 已成功抓取全部所需数据。
[2026-04-03 05:36:10] [SUCCESS] bvid=BV1rFXXBmEfa 已成功抓取全部所需数据。
[2026-04-03 05:36:15] [SUCCESS] bvid=BV1HjXSBgEj2 已成功抓取全部所需数据。
[2026-04-03 05:36:19] [SUCCESS] bvid=BV167XSBzEWr 已成功抓取全部所需数据。
[2026-04-03 05:36:24] [SUCCESS] bvid=BV1XLXDBfEyK 已成功抓取全部所需数据。
[2026-04-03 05:36:29] [SUCCESS] bvid=BV1F7XSBzE5Y 已成功抓取全部所需数据。
[2026-04-03 05:36:34] [SUCCESS] bvid=BV1r7XSBzECa 已成功抓取全部所需数据。
[2026-04-03 05:36:38] [SUCCESS] bvid=BV1wVXSBGELu 已成功抓取全部所需数据。
[2026-04-03 05:36:43] [SUCCESS] bvid=BV1wVXSBGEVJ 已成功抓取全部所需数据。
[2026-04-03 05:36:48] [SUCCESS] bvid=BV1r5XSBrEJd 已成功抓取全部所需数据。
[2026-04-03 05:36:53] [SUCCESS] bvid=BV1jWXSBvEXE 已成功抓取全部所需数据。
[2026-04-03 05:36:58] [SUCCESS] bvid=BV1A5XSBrEck 已成功抓取全部所需数据。
[2026-04-03 05:37:03] [SUCCESS] bvid=BV1c5XSBrEyP 已成功抓取全部所需数据。
[2026-04-03 05:37:08] [SUCCESS] bvid=BV1c5XSBrErH 已成功抓取全部所需数据。
[2026-04-03 05:37:12] [SUCCESS] bvid=BV1opXSBNERh 已成功抓取全部所需数据。
[2026-04-03 05:37:17] [SUCCESS] bvid=BV1rmX1BaEt2 已成功抓取全部所需数据。
[2026-04-03 05:37:22] [SUCCESS] bvid=BV17WXSBvEXh 已成功抓取全部所需数据。
[2026-04-03 05:37:26] [SUCCESS] bvid=BV1oWXSBeEeV 已成功抓取全部所需数据。
[2026-04-03 05:37:31] [SUCCESS] bvid=BV1FJXSBMEmL 已成功抓取全部所需数据。
[2026-04-03 05:37:36] [SUCCESS] bvid=BV1UzXLBxEH3 已成功抓取全部所需数据。
[2026-04-03 05:37:41] [SUCCESS] bvid=BV1sgXSB5EYC 已成功抓取全部所需数据。
[2026-04-03 05:37:45] [SUCCESS] bvid=BV1CRXSBVEbf 已成功抓取全部所需数据。
[2026-04-03 05:37:50] [SUCCESS] bvid=BV1FnXSBqE4f 已成功抓取全部所需数据。
[2026-04-03 05:37:55] [SUCCESS] bvid=BV1FnXSBqE4v 已成功抓取全部所需数据。
[2026-04-03 05:38:00] [SUCCESS] bvid=BV1JnXSBqE8w 已成功抓取全部所需数据。
[2026-04-03 05:38:05] [SUCCESS] bvid=BV1sTXSBjExp 已成功抓取全部所需数据。
[2026-04-03 05:38:10] [SUCCESS] bvid=BV1KmXKBFEMS 已成功抓取全部所需数据。
[2026-04-03 05:38:15] [SUCCESS] bvid=BV1GhXPBAEpk 已成功抓取全部所需数据。
[2026-04-03 05:38:20] [SUCCESS] bvid=BV1MXXyBgEbk 已成功抓取全部所需数据。
[2026-04-03 05:38:24] [SUCCESS] bvid=BV1qPXDBTEHa 已成功抓取全部所需数据。
[2026-04-03 05:38:29] [SUCCESS] bvid=BV1FnXSBBEdG 已成功抓取全部所需数据。
[2026-04-03 05:38:34] [SUCCESS] bvid=BV1JnXSBqEKf 已成功抓取全部所需数据。
[2026-04-03 05:38:39] [SUCCESS] bvid=BV1znXSBqEmx 已成功抓取全部所需数据。
[2026-04-03 05:38:43] [SUCCESS] bvid=BV1TwXSBSE4E 已成功抓取全部所需数据。
[2026-04-03 05:38:48] [SUCCESS] bvid=BV1KgcjzyEzs 已成功抓取全部所需数据。
[2026-04-03 05:38:53] [SUCCESS] bvid=BV1fnXSBiEMi 已成功抓取全部所需数据。
[2026-04-03 05:38:58] [SUCCESS] bvid=BV1FnXSBqETn 已成功抓取全部所需数据。
[2026-04-03 05:39:03] [SUCCESS] bvid=BV1mgcjzCELu 已成功抓取全部所需数据。
[2026-04-03 05:39:07] [SUCCESS] bvid=BV1BRQzBzExy 已成功抓取全部所需数据。
[2026-04-03 05:39:12] [SUCCESS] bvid=BV1rXXLB2EC4 已成功抓取全部所需数据。
[2026-04-03 05:39:17] [SUCCESS] bvid=BV1YjPpzyEt7 已成功抓取全部所需数据。
[2026-04-03 05:39:22] [SUCCESS] bvid=BV1B4QoBQEfJ 已成功抓取全部所需数据。
[2026-04-03 05:39:26] [SUCCESS] bvid=BV1KwA3zaEue 已成功抓取全部所需数据。
[2026-04-03 05:39:31] [SUCCESS] bvid=BV1NwA3zaEoh 已成功抓取全部所需数据。
[2026-04-03 05:39:31] [INFO] 当前 batch_crawl 已完成，所有视频均已成功抓取。
[2026-04-03 05:39:31] 子任务结束时间：2026-04-03T05:39:31.519671
[TIMESTAMP][END] 2026-04-03T05:39:31
