[TIMESTAMP][BEGIN] 2026-04-03T08:12:24
[2026-04-03 08:12:26] 开始执行 CSV 批量抓取子任务 part_45。
[2026-04-03 08:12:26] 子任务开始时间：2026-04-03T08:12:24.175203
[2026-04-03 08:12:26] 输入文件：batch_input_45.csv
[2026-04-03 08:12:26] 输入唯一 bvid 数量：100
[2026-04-03 08:12:26] 为严格按 CSV 顺序判断连续失败阈值，本次任务自动将并发度从 2 调整为 1。
[2026-04-03 08:12:31] [SUCCESS] bvid=BV1RUXxBFEL5 已成功抓取全部所需数据。
[2026-04-03 08:12:36] [SUCCESS] bvid=BV1z5XsBeE7Y 已成功抓取全部所需数据。
[2026-04-03 08:12:41] [SUCCESS] bvid=BV1tZXABREi7 已成功抓取全部所需数据。
[2026-04-03 08:12:46] [SUCCESS] bvid=BV1GhXPBAEcs 已成功抓取全部所需数据。
[2026-04-03 08:12:50] [SUCCESS] bvid=BV1tZXABRERN 已成功抓取全部所需数据。
[2026-04-03 08:12:55] [SUCCESS] bvid=BV1XaXPBaECg 已成功抓取全部所需数据。
[2026-04-03 08:13:00] [SUCCESS] bvid=BV1GaXPBaEPC 已成功抓取全部所需数据。
[2026-04-03 08:13:05] [SUCCESS] bvid=BV13aXPBaEes 已成功抓取全部所需数据。
[2026-04-03 08:13:10] [SUCCESS] bvid=BV1VaXPBaE48 已成功抓取全部所需数据。
[2026-04-03 08:13:15] [SUCCESS] bvid=BV13aXPBaE82 已成功抓取全部所需数据。
[2026-04-03 08:13:20] [SUCCESS] bvid=BV1SiXPBfEgP 已成功抓取全部所需数据。
[2026-04-03 08:13:25] [SUCCESS] bvid=BV1KbX8B8E8h 已成功抓取全部所需数据。
[2026-04-03 08:13:30] [SUCCESS] bvid=BV1AQXPBUE8n 已成功抓取全部所需数据。
[2026-04-03 08:13:35] [SUCCESS] bvid=BV1uiXPBfExf 已成功抓取全部所需数据。
[2026-04-03 08:13:40] [SUCCESS] bvid=BV1hiXPBfESu 已成功抓取全部所需数据。
[2026-04-03 08:13:45] [SUCCESS] bvid=BV1uiXPBfE3f 已成功抓取全部所需数据。
[2026-04-03 08:13:50] [SUCCESS] bvid=BV1MBXPBtEoo 已成功抓取全部所需数据。
[2026-04-03 08:13:55] [SUCCESS] bvid=BV1hBXPBtEwr 已成功抓取全部所需数据。
[2026-04-03 08:14:01] [SUCCESS] bvid=BV1gBXPBtE5V 已成功抓取全部所需数据。
[2026-04-03 08:14:05] [SUCCESS] bvid=BV1MBXPBtEoL 已成功抓取全部所需数据。
[2026-04-03 08:14:10] [SUCCESS] bvid=BV1heXPBcEV2 已成功抓取全部所需数据。
[2026-04-03 08:14:15] [SUCCESS] bvid=BV13vXPB8EiF 已成功抓取全部所需数据。
[2026-04-03 08:14:20] [SUCCESS] bvid=BV1EEXPB3E7m 已成功抓取全部所需数据。
[2026-04-03 08:14:25] [SUCCESS] bvid=BV1zEXPB3ErC 已成功抓取全部所需数据。
[2026-04-03 08:14:30] [SUCCESS] bvid=BV1JEXPB3E5M 已成功抓取全部所需数据。
[2026-04-03 08:14:35] [SUCCESS] bvid=BV1fJXPB6EEe 已成功抓取全部所需数据。
[2026-04-03 08:14:40] [SUCCESS] bvid=BV1nLXPBGE96 已成功抓取全部所需数据。
[2026-04-03 08:14:45] [SUCCESS] bvid=BV1nLXPBVEfx 已成功抓取全部所需数据。
[2026-04-03 08:14:50] [SUCCESS] bvid=BV1zjXPBkEGL 已成功抓取全部所需数据。
[2026-04-03 08:14:55] [SUCCESS] bvid=BV16LXPBVEbJ 已成功抓取全部所需数据。
[2026-04-03 08:15:00] [SUCCESS] bvid=BV1EjXPBkEBw 已成功抓取全部所需数据。
[2026-04-03 08:15:05] [SUCCESS] bvid=BV1jsXPBTE6D 已成功抓取全部所需数据。
[2026-04-03 08:15:10] [SUCCESS] bvid=BV15xXPBiEGe 已成功抓取全部所需数据。
[2026-04-03 08:15:15] [SUCCESS] bvid=BV1BpXPBBEjY 已成功抓取全部所需数据。
[2026-04-03 08:15:20] [SUCCESS] bvid=BV1pRXPB2Ect 已成功抓取全部所需数据。
[2026-04-03 08:15:24] [SUCCESS] bvid=BV1FRXPB2EXm 已成功抓取全部所需数据。
[2026-04-03 08:15:30] [SUCCESS] bvid=BV1wQXPBUExT 已成功抓取全部所需数据。
[2026-04-03 08:15:35] [SUCCESS] bvid=BV1MsX8BAEke 已成功抓取全部所需数据。
[2026-04-03 08:15:40] [SUCCESS] bvid=BV1HQXPBUEUM 已成功抓取全部所需数据。
[2026-04-03 08:15:44] [SUCCESS] bvid=BV1w9XPBEEux 已成功抓取全部所需数据。
[2026-04-03 08:15:49] [SUCCESS] bvid=BV1R9X8BGEY2 已成功抓取全部所需数据。
[2026-04-03 08:15:54] [SUCCESS] bvid=BV1FYXWBYES2 已成功抓取全部所需数据。
[2026-04-03 08:15:59] [SUCCESS] bvid=BV1LpAFzEE6S 已成功抓取全部所需数据。
[2026-04-03 08:16:04] [SUCCESS] bvid=BV1p9XPB7EwZ 已成功抓取全部所需数据。
[2026-04-03 08:16:09] [SUCCESS] bvid=BV1ZAXNBgEtn 已成功抓取全部所需数据。
[2026-04-03 08:16:14] [SUCCESS] bvid=BV1ZAXNBgE5q 已成功抓取全部所需数据。
[2026-04-03 08:16:19] [SUCCESS] bvid=BV1fZXPBCEKH 已成功抓取全部所需数据。
[2026-04-03 08:16:24] [SUCCESS] bvid=BV17FXNBVEQ9 已成功抓取全部所需数据。
[2026-04-03 08:16:29] [SUCCESS] bvid=BV1MkXPBREwE 已成功抓取全部所需数据。
[2026-04-03 08:16:34] [SUCCESS] bvid=BV1NyXPBWEef 已成功抓取全部所需数据。
[2026-04-03 08:16:39] [SUCCESS] bvid=BV1TyXPBWETg 已成功抓取全部所需数据。
[2026-04-03 08:16:43] [SUCCESS] bvid=BV1TyXPBWEH5 已成功抓取全部所需数据。
[2026-04-03 08:16:48] [SUCCESS] bvid=BV1MrXPBxESb 已成功抓取全部所需数据。
[2026-04-03 08:16:53] [SUCCESS] bvid=BV1WUXPBDEAm 已成功抓取全部所需数据。
[2026-04-03 08:16:58] [SUCCESS] bvid=BV1PUXPBDEVw 已成功抓取全部所需数据。
[2026-04-03 08:17:03] [SUCCESS] bvid=BV1PDXPBJEtB 已成功抓取全部所需数据。
[2026-04-03 08:17:08] [SUCCESS] bvid=BV1s1XPBXEJP 已成功抓取全部所需数据。
[2026-04-03 08:17:13] [SUCCESS] bvid=BV1xmXPBHEps 已成功抓取全部所需数据。
[2026-04-03 08:17:18] [SUCCESS] bvid=BV1KmXPBHEFA 已成功抓取全部所需数据。
[2026-04-03 08:17:23] [SUCCESS] bvid=BV1NmXPBHEva 已成功抓取全部所需数据。
[2026-04-03 08:17:28] [SUCCESS] bvid=BV1PmXPBHEpX 已成功抓取全部所需数据。
[2026-04-03 08:17:33] [SUCCESS] bvid=BV1UJXNBbEwv 已成功抓取全部所需数据。
[2026-04-03 08:17:38] [SUCCESS] bvid=BV1HZXbBDEWe 已成功抓取全部所需数据。
[2026-04-03 08:17:42] [SUCCESS] bvid=BV18JXNB8Evu 已成功抓取全部所需数据。
[2026-04-03 08:17:47] [SUCCESS] bvid=BV1UnXNBZEqt 已成功抓取全部所需数据。
[2026-04-03 08:17:52] [SUCCESS] bvid=BV1SjXNBhE2a 已成功抓取全部所需数据。
[2026-04-03 08:17:57] [SUCCESS] bvid=BV1DEXNBFEek 已成功抓取全部所需数据。
[2026-04-03 08:18:02] [SUCCESS] bvid=BV1SEXNBFEJ2 已成功抓取全部所需数据。
[2026-04-03 08:18:07] [SUCCESS] bvid=BV13EXNBcEW5 已成功抓取全部所需数据。
[2026-04-03 08:18:12] [SUCCESS] bvid=BV1K4XNBREsK 已成功抓取全部所需数据。
[2026-04-03 08:18:17] [SUCCESS] bvid=BV1MpXNBtE2v 已成功抓取全部所需数据。
[2026-04-03 08:18:22] [SUCCESS] bvid=BV1UWXNBdEcK 已成功抓取全部所需数据。
[2026-04-03 08:18:27] [SUCCESS] bvid=BV1LTXNBBEwh 已成功抓取全部所需数据。
[2026-04-03 08:18:32] [SUCCESS] bvid=BV1jTXNBBEKc 已成功抓取全部所需数据。
[2026-04-03 08:18:37] [SUCCESS] bvid=BV1TWXNBoEQH 已成功抓取全部所需数据。
[2026-04-03 08:18:42] [SUCCESS] bvid=BV1iTXNBBExe 已成功抓取全部所需数据。
[2026-04-03 08:18:47] [SUCCESS] bvid=BV1SmQmBjELy 已成功抓取全部所需数据。
[2026-04-03 08:18:52] [SUCCESS] bvid=BV1dTXNBqEod 已成功抓取全部所需数据。
[2026-04-03 08:18:57] [SUCCESS] bvid=BV1jTXNBBEPz 已成功抓取全部所需数据。
[2026-04-03 08:19:02] [SUCCESS] bvid=BV1LPXNB6Ey8 已成功抓取全部所需数据。
[2026-04-03 08:19:07] [SUCCESS] bvid=BV1RKXNBMEfS 已成功抓取全部所需数据。
[2026-04-03 08:19:12] [SUCCESS] bvid=BV1RKXNBMEZp 已成功抓取全部所需数据。
[2026-04-03 08:19:30] [SUCCESS] bvid=BV1dPXNBzEvc 已成功抓取全部所需数据。
[2026-04-03 08:19:48] [SUCCESS] bvid=BV15gXNBiEhZ 已成功抓取全部所需数据。
[2026-04-03 08:20:06] [SUCCESS] bvid=BV1hLXNBAE6T 已成功抓取全部所需数据。
[2026-04-03 08:20:25] [SUCCESS] bvid=BV1XgXNBvEec 已成功抓取全部所需数据。
[2026-04-03 08:20:43] [SUCCESS] bvid=BV1xDXbBxEAN 已成功抓取全部所需数据。
[2026-04-03 08:20:48] [SUCCESS] bvid=BV1RgXNBvEwx 已成功抓取全部所需数据。
[2026-04-03 08:20:53] [SUCCESS] bvid=BV1VgXNBiEYN 已成功抓取全部所需数据。
[2026-04-03 08:20:58] [SUCCESS] bvid=BV1W8wQzrEhg 已成功抓取全部所需数据。
[2026-04-03 08:21:03] [SUCCESS] bvid=BV1uHXtB4EdL 已成功抓取全部所需数据。
[2026-04-03 08:21:08] [SUCCESS] bvid=BV1E7AFzQEFD 已成功抓取全部所需数据。
[2026-04-03 08:21:13] [SUCCESS] bvid=BV1dHXsBfE7N 已成功抓取全部所需数据。
[2026-04-03 08:21:18] [SUCCESS] bvid=BV1AaQ9BQEfo 已成功抓取全部所需数据。
[2026-04-03 08:21:23] [SUCCESS] bvid=BV19GXNBPEWF 已成功抓取全部所需数据。
[2026-04-03 08:21:28] [SUCCESS] bvid=BV1YBXbBeEga 已成功抓取全部所需数据。
[2026-04-03 08:21:33] [SUCCESS] bvid=BV1aBXbBeEH7 已成功抓取全部所需数据。
[2026-04-03 08:21:38] [SUCCESS] bvid=BV1YvXbBiEFa 已成功抓取全部所需数据。
[2026-04-03 08:21:43] [SUCCESS] bvid=BV19vXbBiErt 已成功抓取全部所需数据。
[2026-04-03 08:21:48] [SUCCESS] bvid=BV1YqXbBNE1f 已成功抓取全部所需数据。
[2026-04-03 08:21:48] [INFO] 当前 batch_crawl 已完成，所有视频均已成功抓取。
[2026-04-03 08:21:48] 子任务结束时间：2026-04-03T08:21:48.017857
[TIMESTAMP][END] 2026-04-03T08:21:48
