[TIMESTAMP][BEGIN] 2026-04-03T01:42:57
[2026-04-03 01:42:59] 开始执行 CSV 批量抓取子任务 part_4。
[2026-04-03 01:42:59] 子任务开始时间：2026-04-03T01:42:57.179198
[2026-04-03 01:42:59] 输入文件：batch_input_4.csv
[2026-04-03 01:42:59] 输入唯一 bvid 数量：100
[2026-04-03 01:42:59] 为严格按 CSV 顺序判断连续失败阈值，本次任务自动将并发度从 2 调整为 1。
[2026-04-03 01:43:04] [SUCCESS] bvid=BV1qd97BjEAC 已成功抓取全部所需数据。
[2026-04-03 01:43:09] [SUCCESS] bvid=BV1do97B1ESw 已成功抓取全部所需数据。
[2026-04-03 01:43:14] [SUCCESS] bvid=BV17o97B2EQg 已成功抓取全部所需数据。
[2026-04-03 01:43:19] [SUCCESS] bvid=BV1Jh9EBpEB2 已成功抓取全部所需数据。
[2026-04-03 01:43:24] [SUCCESS] bvid=BV1qo97B1E9W 已成功抓取全部所需数据。
[2026-04-03 01:43:29] [SUCCESS] bvid=BV1Jb9EB9Eqc 已成功抓取全部所需数据。
[2026-04-03 01:43:34] [SUCCESS] bvid=BV1wb9EBREtq 已成功抓取全部所需数据。
[2026-04-03 01:43:38] [SUCCESS] bvid=BV1nh9EBpExt 已成功抓取全部所需数据。
[2026-04-03 01:43:44] [SUCCESS] bvid=BV1rx9EBdEeH 已成功抓取全部所需数据。
[2026-04-03 01:43:49] [SUCCESS] bvid=BV1Hh9EBWET3 已成功抓取全部所需数据。
[2026-04-03 01:43:54] [SUCCESS] bvid=BV1Ev9EBSE2M 已成功抓取全部所需数据。
[2026-04-03 01:43:59] [SUCCESS] bvid=BV1px9EBdEZ3 已成功抓取全部所需数据。
[2026-04-03 01:44:04] [SUCCESS] bvid=BV17q9EBEEah 已成功抓取全部所需数据。
[2026-04-03 01:44:09] [SUCCESS] bvid=BV1za9EBQEYY 已成功抓取全部所需数据。
[2026-04-03 01:44:14] [SUCCESS] bvid=BV17q9EBEEJj 已成功抓取全部所需数据。
[2026-04-03 01:44:19] [SUCCESS] bvid=BV1Je9EBnE3i 已成功抓取全部所需数据。
[2026-04-03 01:44:24] [SUCCESS] bvid=BV1Ee9EBnEG7 已成功抓取全部所需数据。
[2026-04-03 01:44:29] [SUCCESS] bvid=BV1t79EBwEK5 已成功抓取全部所需数据。
[2026-04-03 01:44:34] [SUCCESS] bvid=BV1TE9EBaETW 已成功抓取全部所需数据。
[2026-04-03 01:44:38] [SUCCESS] bvid=BV1UL9EBYEAT 已成功抓取全部所需数据。
[2026-04-03 01:44:43] [SUCCESS] bvid=BV1tL9EBYEXj 已成功抓取全部所需数据。
[2026-04-03 01:44:48] [SUCCESS] bvid=BV1h29jBeELH 已成功抓取全部所需数据。
[2026-04-03 01:44:53] [SUCCESS] bvid=BV1w8XWBvELz 已成功抓取全部所需数据。
[2026-04-03 01:44:58] [SUCCESS] bvid=BV18U9jBAELX 已成功抓取全部所需数据。
[2026-04-03 01:45:03] [SUCCESS] bvid=BV1bM9jB8Eh1 已成功抓取全部所需数据。
[2026-04-03 01:45:08] [SUCCESS] bvid=BV1mL9EBYEWW 已成功抓取全部所需数据。
[2026-04-03 01:45:13] [SUCCESS] bvid=BV1mL9EBYEXs 已成功抓取全部所需数据。
[2026-04-03 01:45:18] [SUCCESS] bvid=BV1sp9EBZErR 已成功抓取全部所需数据。
[2026-04-03 01:45:23] [SUCCESS] bvid=BV1yp9EBZEwm 已成功抓取全部所需数据。
[2026-04-03 01:45:27] [SUCCESS] bvid=BV11n9EBFE9n 已成功抓取全部所需数据。
[2026-04-03 01:45:32] [SUCCESS] bvid=BV1Ps9EBtE2f 已成功抓取全部所需数据。
[2026-04-03 01:45:37] [SUCCESS] bvid=BV1xn9EBFE52 已成功抓取全部所需数据。
[2026-04-03 01:45:42] [SUCCESS] bvid=BV1yH9EBbEZw 已成功抓取全部所需数据。
[2026-04-03 01:45:47] [SUCCESS] bvid=BV1Nn9EBcEsK 已成功抓取全部所需数据。
[2026-04-03 01:45:53] [SUCCESS] bvid=BV1899EBqEnL 已成功抓取全部所需数据。
[2026-04-03 01:45:58] [SUCCESS] bvid=BV1u99EBqEQZ 已成功抓取全部所需数据。
[2026-04-03 01:46:03] [SUCCESS] bvid=BV1899EBqEEW 已成功抓取全部所需数据。
[2026-04-03 01:46:08] [SUCCESS] bvid=BV1b99EBqE91 已成功抓取全部所需数据。
[2026-04-03 01:46:13] [SUCCESS] bvid=BV1bd9EBKEkm 已成功抓取全部所需数据。
[2026-04-03 01:46:19] [SUCCESS] bvid=BV1hX9EBMEc4 已成功抓取全部所需数据。
[2026-04-03 01:46:24] [SUCCESS] bvid=BV1DX9EBMEH7 已成功抓取全部所需数据。
[2026-04-03 01:46:29] [SUCCESS] bvid=BV1gX9EBMEeU 已成功抓取全部所需数据。
[2026-04-03 01:46:34] [SUCCESS] bvid=BV1KF9JBYEPS 已成功抓取全部所需数据。
[2026-04-03 01:46:39] [SUCCESS] bvid=BV1bX9EBMEm2 已成功抓取全部所需数据。
[2026-04-03 01:46:44] [SUCCESS] bvid=BV1Kw9JBwEna 已成功抓取全部所需数据。
[2026-04-03 01:46:49] [SUCCESS] bvid=BV1TF9JBYEF8 已成功抓取全部所需数据。
[2026-04-03 01:46:54] [SUCCESS] bvid=BV12F9JBYEZ5 已成功抓取全部所需数据。
[2026-04-03 01:46:59] [SUCCESS] bvid=BV14F9JBYEBe 已成功抓取全部所需数据。
[2026-04-03 01:47:04] [SUCCESS] bvid=BV1NF9JBYECN 已成功抓取全部所需数据。
[2026-04-03 01:47:09] [SUCCESS] bvid=BV1bo9EBvEcu 已成功抓取全部所需数据。
[2026-04-03 01:47:14] [SUCCESS] bvid=BV1Kw9JBAECn 已成功抓取全部所需数据。
[2026-04-03 01:47:19] [SUCCESS] bvid=BV1Kw9JBwEqs 已成功抓取全部所需数据。
[2026-04-03 01:47:23] [SUCCESS] bvid=BV12w9JBwEyW 已成功抓取全部所需数据。
[2026-04-03 01:47:28] [SUCCESS] bvid=BV14w9JBwENz 已成功抓取全部所需数据。
[2026-04-03 01:47:33] [SUCCESS] bvid=BV1mo9EBYEDr 已成功抓取全部所需数据。
[2026-04-03 01:47:38] [SUCCESS] bvid=BV1to9EBvEVH 已成功抓取全部所需数据。
[2026-04-03 01:47:43] [SUCCESS] bvid=BV1Mo9EBvEhy 已成功抓取全部所需数据。
[2026-04-03 01:47:48] [SUCCESS] bvid=BV1Tf9EBPEUe 已成功抓取全部所需数据。
[2026-04-03 01:47:53] [SUCCESS] bvid=BV1tf9EBPEpP 已成功抓取全部所需数据。
[2026-04-03 01:47:57] [SUCCESS] bvid=BV1dr9EB1EHS 已成功抓取全部所需数据。
[2026-04-03 01:48:03] [SUCCESS] bvid=BV1VC9EB5EZR 已成功抓取全部所需数据。
[2026-04-03 01:48:09] [SUCCESS] bvid=BV1ZG97B1E4V 已成功抓取全部所需数据。
[2026-04-03 01:48:15] [SUCCESS] bvid=BV1jTXjBME2e 已成功抓取全部所需数据。
[2026-04-03 01:48:21] [SUCCESS] bvid=BV15C9EB5ES8 已成功抓取全部所需数据。
[2026-04-03 01:48:27] [SUCCESS] bvid=BV1iB9EBmEny 已成功抓取全部所需数据。
[2026-04-03 01:48:33] [SUCCESS] bvid=BV1ZB9EBmEAU 已成功抓取全部所需数据。
[2026-04-03 01:48:39] [SUCCESS] bvid=BV1qB9EBmEnn 已成功抓取全部所需数据。
[2026-04-03 01:48:46] [SUCCESS] bvid=BV1Zj9JBDEKn 已成功抓取全部所需数据。
[2026-04-03 01:48:51] [SUCCESS] bvid=BV1i69EBjERA 已成功抓取全部所需数据。
[2026-04-03 01:48:58] [SUCCESS] bvid=BV1Xm9EBrEtF 已成功抓取全部所需数据。
[2026-04-03 01:49:04] [SUCCESS] bvid=BV1v69EBjEoV 已成功抓取全部所需数据。
[2026-04-03 01:49:10] [SUCCESS] bvid=BV1Gm9EBrEdB 已成功抓取全部所需数据。
[2026-04-03 01:49:16] [SUCCESS] bvid=BV13S9EBgE3x 已成功抓取全部所需数据。
[2026-04-03 01:49:22] [SUCCESS] bvid=BV1QS9EBgEe8 已成功抓取全部所需数据。
[2026-04-03 01:49:28] [SUCCESS] bvid=BV1Yy9EBCE6a 已成功抓取全部所需数据。
[2026-04-03 01:49:34] [SUCCESS] bvid=BV1D3X5BdEYy 已成功抓取全部所需数据。
[2026-04-03 01:49:39] [SUCCESS] bvid=BV15y9EBCE6M 已成功抓取全部所需数据。
[2026-04-03 01:49:44] [SUCCESS] bvid=BV1929EBGE3R 已成功抓取全部所需数据。
[2026-04-03 01:49:49] [SUCCESS] bvid=BV1j597BLERH 已成功抓取全部所需数据。
[2026-04-03 01:49:54] [SUCCESS] bvid=BV1BE9JBnEmh 已成功抓取全部所需数据。
[2026-04-03 01:49:59] [SUCCESS] bvid=BV1FL9JBpEFN 已成功抓取全部所需数据。
[2026-04-03 01:50:04] [SUCCESS] bvid=BV1FL9JBpEua 已成功抓取全部所需数据。
[2026-04-03 01:50:09] [SUCCESS] bvid=BV1NR95BnEUo 已成功抓取全部所需数据。
[2026-04-03 01:50:14] [SUCCESS] bvid=BV1xdXkB8Esx 已成功抓取全部所需数据。
[2026-04-03 01:50:19] [SUCCESS] bvid=BV1ZL9JBHEYn 已成功抓取全部所需数据。
[2026-04-03 01:50:23] [SUCCESS] bvid=BV1oj9JBDEmc 已成功抓取全部所需数据。
[2026-04-03 01:50:28] [SUCCESS] bvid=BV1Zj9JBDEsz 已成功抓取全部所需数据。
[2026-04-03 01:50:33] [SUCCESS] bvid=BV1fj9JBDExo 已成功抓取全部所需数据。
[2026-04-03 01:50:38] [SUCCESS] bvid=BV19s9JBLEns 已成功抓取全部所需数据。
[2026-04-03 01:50:43] [SUCCESS] bvid=BV1Rs9JBLEWY 已成功抓取全部所需数据。
[2026-04-03 01:50:47] [SUCCESS] bvid=BV15s9JBjEZK 已成功抓取全部所需数据。
[2026-04-03 01:50:52] [SUCCESS] bvid=BV15s9JBjE2t 已成功抓取全部所需数据。
[2026-04-03 01:50:57] [SUCCESS] bvid=BV19s9JBLE7f 已成功抓取全部所需数据。
[2026-04-03 01:51:02] [SUCCESS] bvid=BV1vs9JBjE2r 已成功抓取全部所需数据。
[2026-04-03 01:51:07] [SUCCESS] bvid=BV1Rs9JBLENK 已成功抓取全部所需数据。
[2026-04-03 01:51:12] [SUCCESS] bvid=BV15x9JB1EwF 已成功抓取全部所需数据。
[2026-04-03 01:51:16] [SUCCESS] bvid=BV1Xx9JByEqf 已成功抓取全部所需数据。
[2026-04-03 01:51:21] [SUCCESS] bvid=BV19x9JB1ENp 已成功抓取全部所需数据。
[2026-04-03 01:51:26] [SUCCESS] bvid=BV1oH9JB7E5q 已成功抓取全部所需数据。
[2026-04-03 01:51:30] [SUCCESS] bvid=BV1LH9JBEEeV 已成功抓取全部所需数据。
[2026-04-03 01:51:30] [INFO] 当前 batch_crawl 已完成，所有视频均已成功抓取。
[2026-04-03 01:51:30] 子任务结束时间：2026-04-03T01:51:30.934840
[TIMESTAMP][END] 2026-04-03T01:51:30
