[TIMESTAMP][BEGIN] 2026-04-03T06:28:05
[2026-04-03 06:28:07] 开始执行 CSV 批量抓取子任务 part_36。
[2026-04-03 06:28:07] 子任务开始时间：2026-04-03T06:28:05.829965
[2026-04-03 06:28:07] 输入文件：batch_input_36.csv
[2026-04-03 06:28:07] 输入唯一 bvid 数量：100
[2026-04-03 06:28:07] 为严格按 CSV 顺序判断连续失败阈值，本次任务自动将并发度从 2 调整为 1。
[2026-04-03 06:28:13] [SUCCESS] bvid=BV1kiXjB7EUJ 已成功抓取全部所需数据。
[2026-04-03 06:28:18] [SUCCESS] bvid=BV1niXjB7EBm 已成功抓取全部所需数据。
[2026-04-03 06:28:23] [SUCCESS] bvid=BV1shXjBDEV8 已成功抓取全部所需数据。
[2026-04-03 06:28:28] [SUCCESS] bvid=BV1yhXjBDEbR 已成功抓取全部所需数据。
[2026-04-03 06:28:33] [SUCCESS] bvid=BV1WYXjBJEyR 已成功抓取全部所需数据。
[2026-04-03 06:28:38] [SUCCESS] bvid=BV1shXjBDEjY 已成功抓取全部所需数据。
[2026-04-03 06:28:43] [SUCCESS] bvid=BV1CYXjBJEyx 已成功抓取全部所需数据。
[2026-04-03 06:28:48] [SUCCESS] bvid=BV1WYXjBJEvQ 已成功抓取全部所需数据。
[2026-04-03 06:28:53] [SUCCESS] bvid=BV1pYXjBJEJF 已成功抓取全部所需数据。
[2026-04-03 06:28:58] [SUCCESS] bvid=BV1J6XjByEdL 已成功抓取全部所需数据。
[2026-04-03 06:29:03] [SUCCESS] bvid=BV1zkXjBVEGS 已成功抓取全部所需数据。
[2026-04-03 06:29:07] [SUCCESS] bvid=BV1EkXjBVE52 已成功抓取全部所需数据。
[2026-04-03 06:29:12] [SUCCESS] bvid=BV1MBXPBtE4C 已成功抓取全部所需数据。
[2026-04-03 06:29:17] [SUCCESS] bvid=BV1ZkXjBVEXr 已成功抓取全部所需数据。
[2026-04-03 06:29:22] [SUCCESS] bvid=BV1rqXjB2Eeo 已成功抓取全部所需数据。
[2026-04-03 06:29:27] [SUCCESS] bvid=BV1sJXWBGER9 已成功抓取全部所需数据。
[2026-04-03 06:29:32] [SUCCESS] bvid=BV1jyX5BPE4v 已成功抓取全部所需数据。
[2026-04-03 06:29:37] [SUCCESS] bvid=BV1pDXVB3E6g 已成功抓取全部所需数据。
[2026-04-03 06:29:41] [SUCCESS] bvid=BV1pmXVBVE7c 已成功抓取全部所需数据。
[2026-04-03 06:29:46] [SUCCESS] bvid=BV1auXGBJEwU 已成功抓取全部所需数据。
[2026-04-03 06:29:51] [SUCCESS] bvid=BV1ZEA3zSELe 已成功抓取全部所需数据。
[2026-04-03 06:29:56] [SUCCESS] bvid=BV1cGXVBTEpP 已成功抓取全部所需数据。
[2026-04-03 06:30:01] [SUCCESS] bvid=BV1KTXLBEEuC 已成功抓取全部所需数据。
[2026-04-03 06:30:06] [SUCCESS] bvid=BV18ZX5BsEdp 已成功抓取全部所需数据。
[2026-04-03 06:30:11] [SUCCESS] bvid=BV1JkXjBVEcU 已成功抓取全部所需数据。
[2026-04-03 06:30:16] [SUCCESS] bvid=BV1pqXjBmEww 已成功抓取全部所需数据。
[2026-04-03 06:30:21] [SUCCESS] bvid=BV1HqXjB2EPK 已成功抓取全部所需数据。
[2026-04-03 06:30:26] [SUCCESS] bvid=BV16zXjBLE9m 已成功抓取全部所需数据。
[2026-04-03 06:30:31] [SUCCESS] bvid=BV1nzXjBLECo 已成功抓取全部所需数据。
[2026-04-03 06:30:36] [SUCCESS] bvid=BV1zoXVBKEXG 已成功抓取全部所需数据。
[2026-04-03 06:30:41] [SUCCESS] bvid=BV16RXVBqEj9 已成功抓取全部所需数据。
[2026-04-03 06:30:46] [SUCCESS] bvid=BV16RXVBqEPA 已成功抓取全部所需数据。
[2026-04-03 06:30:51] [SUCCESS] bvid=BV1zRXVBqEs2 已成功抓取全部所需数据。
[2026-04-03 06:30:56] [SUCCESS] bvid=BV16oXVBKEAT 已成功抓取全部所需数据。
[2026-04-03 06:31:01] [SUCCESS] bvid=BV1BcwQzhEcJ 已成功抓取全部所需数据。
[2026-04-03 06:31:05] [SUCCESS] bvid=BV17FX5BNEEU 已成功抓取全部所需数据。
[2026-04-03 06:31:10] [SUCCESS] bvid=BV1rQXVBzEym 已成功抓取全部所需数据。
[2026-04-03 06:31:15] [SUCCESS] bvid=BV169XVBMEFp 已成功抓取全部所需数据。
[2026-04-03 06:31:20] [SUCCESS] bvid=BV1z9XVBMEUu 已成功抓取全部所需数据。
[2026-04-03 06:31:25] [SUCCESS] bvid=BV1dcX5BYEBZ 已成功抓取全部所需数据。
[2026-04-03 06:31:29] [SUCCESS] bvid=BV1b5X5B9EXB 已成功抓取全部所需数据。
[2026-04-03 06:31:34] [SUCCESS] bvid=BV1b5X5B9ECU 已成功抓取全部所需数据。
[2026-04-03 06:31:39] [SUCCESS] bvid=BV1VQX5BbEgA 已成功抓取全部所需数据。
[2026-04-03 06:31:44] [SUCCESS] bvid=BV1vAX5BwE76 已成功抓取全部所需数据。
[2026-04-03 06:31:49] [SUCCESS] bvid=BV1qZXVBvEaz 已成功抓取全部所需数据。
[2026-04-03 06:31:54] [SUCCESS] bvid=BV1qZXVBvEnG 已成功抓取全部所需数据。
[2026-04-03 06:32:00] [SUCCESS] bvid=BV1ZZXVBvEeg 已成功抓取全部所需数据。
[2026-04-03 06:32:05] [SUCCESS] bvid=BV1qFX5BPEHC 已成功抓取全部所需数据。
[2026-04-03 06:32:10] [SUCCESS] bvid=BV1qFX5BPEWc 已成功抓取全部所需数据。
[2026-04-03 06:32:14] [SUCCESS] bvid=BV1xkXVB2EoE 已成功抓取全部所需数据。
[2026-04-03 06:32:20] [SUCCESS] bvid=BV11kXVB1EmY 已成功抓取全部所需数据。
[2026-04-03 06:32:25] [SUCCESS] bvid=BV1yyXVB5EY3 已成功抓取全部所需数据。
[2026-04-03 06:32:30] [SUCCESS] bvid=BV15UXNB6EYB 已成功抓取全部所需数据。
[2026-04-03 06:32:35] [SUCCESS] bvid=BV1yyXVB5ENq 已成功抓取全部所需数据。
[2026-04-03 06:32:40] [SUCCESS] bvid=BV1KyXVBLEjp 已成功抓取全部所需数据。
[2026-04-03 06:32:44] [SUCCESS] bvid=BV12zXVBmETW 已成功抓取全部所需数据。
[2026-04-03 06:32:49] [SUCCESS] bvid=BV1BrXNB5Eni 已成功抓取全部所需数据。
[2026-04-03 06:32:54] [SUCCESS] bvid=BV11rXVBjE1a 已成功抓取全部所需数据。
[2026-04-03 06:32:59] [SUCCESS] bvid=BV11rXVBjE9j 已成功抓取全部所需数据。
[2026-04-03 06:33:04] [SUCCESS] bvid=BV1JDAnzSE99 已成功抓取全部所需数据。
[2026-04-03 06:33:09] [SUCCESS] bvid=BV12pX5BEEDq 已成功抓取全部所需数据。
[2026-04-03 06:33:14] [SUCCESS] bvid=BV1XbXVBsEpD 已成功抓取全部所需数据。
[2026-04-03 06:33:18] [SUCCESS] bvid=BV1erXGBtESQ 已成功抓取全部所需数据。
[2026-04-03 06:33:24] [SUCCESS] bvid=BV1VmX5BwE2b 已成功抓取全部所需数据。
[2026-04-03 06:33:29] [SUCCESS] bvid=BV1kUXVBrE32 已成功抓取全部所需数据。
[2026-04-03 06:33:34] [SUCCESS] bvid=BV1rUXVBrER4 已成功抓取全部所需数据。
[2026-04-03 06:33:39] [SUCCESS] bvid=BV1kUXVBrEsB 已成功抓取全部所需数据。
[2026-04-03 06:33:44] [SUCCESS] bvid=BV1kDXVBgEYt 已成功抓取全部所需数据。
[2026-04-03 06:33:49] [SUCCESS] bvid=BV1ADXVB3EJy 已成功抓取全部所需数据。
[2026-04-03 06:33:54] [SUCCESS] bvid=BV1kmXVBGE2Z 已成功抓取全部所需数据。
[2026-04-03 06:33:58] [SUCCESS] bvid=BV1rDXVBgEq4 已成功抓取全部所需数据。
[2026-04-03 06:34:03] [SUCCESS] bvid=BV1N1XVByEE2 已成功抓取全部所需数据。
[2026-04-03 06:34:08] [SUCCESS] bvid=BV1ymXVBGEEZ 已成功抓取全部所需数据。
[2026-04-03 06:34:13] [SUCCESS] bvid=BV1CmXVBGEBH 已成功抓取全部所需数据。
[2026-04-03 06:34:18] [SUCCESS] bvid=BV1kmXVBGEQp 已成功抓取全部所需数据。
[2026-04-03 06:34:23] [SUCCESS] bvid=BV1CmXVBGEXx 已成功抓取全部所需数据。
[2026-04-03 06:34:28] [SUCCESS] bvid=BV1CmXVBGEKR 已成功抓取全部所需数据。
[2026-04-03 06:34:32] [SUCCESS] bvid=BV1ymXVBGEJd 已成功抓取全部所需数据。
[2026-04-03 06:34:37] [SUCCESS] bvid=BV1wmXVBVESe 已成功抓取全部所需数据。
[2026-04-03 06:34:42] [SUCCESS] bvid=BV1tnX5BSEhL 已成功抓取全部所需数据。
[2026-04-03 06:34:47] [SUCCESS] bvid=BV14JX5BnE2S 已成功抓取全部所需数据。
[2026-04-03 06:34:52] [SUCCESS] bvid=BV1mJX5BnEGE 已成功抓取全部所需数据。
[2026-04-03 06:34:57] [SUCCESS] bvid=BV1mnX5BSEUB 已成功抓取全部所需数据。
[2026-04-03 06:35:02] [SUCCESS] bvid=BV1xnX5BSE2X 已成功抓取全部所需数据。
[2026-04-03 06:35:07] [SUCCESS] bvid=BV1UnX5BSEFA 已成功抓取全部所需数据。
[2026-04-03 06:35:12] [SUCCESS] bvid=BV1mnX5BUEYG 已成功抓取全部所需数据。
[2026-04-03 06:35:17] [SUCCESS] bvid=BV1xWX5BmEZq 已成功抓取全部所需数据。
[2026-04-03 06:35:22] [SUCCESS] bvid=BV17PXNB6EpL 已成功抓取全部所需数据。
[2026-04-03 06:35:27] [SUCCESS] bvid=BV1UjX5BpE8W 已成功抓取全部所需数据。
[2026-04-03 06:35:32] [SUCCESS] bvid=BV18jX5BpEcT 已成功抓取全部所需数据。
[2026-04-03 06:35:36] [SUCCESS] bvid=BV1t7X5BQEk7 已成功抓取全部所需数据。
[2026-04-03 06:35:41] [SUCCESS] bvid=BV1sxX5BjETD 已成功抓取全部所需数据。
[2026-04-03 06:35:46] [SUCCESS] bvid=BV187X5BQETm 已成功抓取全部所需数据。
[2026-04-03 06:35:51] [SUCCESS] bvid=BV11xX5BjEf5 已成功抓取全部所需数据。
[2026-04-03 06:35:56] [SUCCESS] bvid=BV1YgX5B4ETZ 已成功抓取全部所需数据。
[2026-04-03 06:36:01] [SUCCESS] bvid=BV1sWX5BmEMq 已成功抓取全部所需数据。
[2026-04-03 06:36:06] [SUCCESS] bvid=BV1TpX5BJE96 已成功抓取全部所需数据。
[2026-04-03 06:36:11] [SUCCESS] bvid=BV1xpX5BEEE7 已成功抓取全部所需数据。
[2026-04-03 06:36:16] [SUCCESS] bvid=BV1TWX5BUEgS 已成功抓取全部所需数据。
[2026-04-03 06:36:21] [SUCCESS] bvid=BV11WX5BmENq 已成功抓取全部所需数据。
[2026-04-03 06:36:21] [INFO] 当前 batch_crawl 已完成，所有视频均已成功抓取。
[2026-04-03 06:36:21] 子任务结束时间：2026-04-03T06:36:21.417006
[TIMESTAMP][END] 2026-04-03T06:36:21
