[TIMESTAMP][BEGIN] 2026-04-11T21:11:29.520339
Bilibili Video Data Crawler Batch Crawl Summary
session_dir: D:\Schoolworks\Thesis\Bilibili-Datahub\outputs\video_data\manual_crawls\manual_crawl_stat_comment_20260411_211113
session_started_at: 2026-04-11T21:11:29.520339
session_completed_at: 2026-04-12T01:00:08.515634
original_csv_name: batch_input_1.csv
task_mode: realtime_only
original_bvid_count: 100
part_count: 20
interruption_count: 0
completed_all: True

part_1:
  started_at: 2026-04-11T21:11:29.520339
  finished_at: 2026-04-11T21:20:54.303543
  source_csv_name: batch_input_1.csv
  task_mode: realtime_only
  input_bvid_count: 100
  processed_count: 100
  success_count: 100
  failed_count: 0
  remaining_count: 0
  consecutive_failure_limit: 10
  stopped_due_to_consecutive_failures: False
  stop_reason: 当前 batch_crawl 已完成，所有视频均已成功抓取。
  log_file: logs/batch_crawl_part_1_20260411_212054.log
  remaining_file: 

part_2:
  started_at: 2026-04-11T21:20:54.489922
  finished_at: 2026-04-11T21:30:12.032839
  source_csv_name: batch_input_2.csv
  task_mode: realtime_only
  input_bvid_count: 100
  processed_count: 100
  success_count: 100
  failed_count: 0
  remaining_count: 0
  consecutive_failure_limit: 10
  stopped_due_to_consecutive_failures: False
  stop_reason: 当前 batch_crawl 已完成，所有视频均已成功抓取。
  log_file: logs/batch_crawl_part_2_20260411_213012.log
  remaining_file: 

part_3:
  started_at: 2026-04-11T21:30:12.146495
  finished_at: 2026-04-11T21:49:55.937584
  source_csv_name: batch_input_3.csv
  task_mode: realtime_only
  input_bvid_count: 100
  processed_count: 100
  success_count: 99
  failed_count: 1
  remaining_count: 1
  consecutive_failure_limit: 10
  stopped_due_to_consecutive_failures: False
  stop_reason: 当前子任务已结束，但仍有未成功抓取的视频，已导出 remaining CSV 供继续执行。
  log_file: logs/batch_crawl_part_3_20260411_214955.log
  remaining_file: remaining_bvids_part_3.csv

part_4:
  started_at: 2026-04-11T21:49:56.323485
  finished_at: 2026-04-11T21:59:13.466904
  source_csv_name: batch_input_4.csv
  task_mode: realtime_only
  input_bvid_count: 100
  processed_count: 100
  success_count: 100
  failed_count: 0
  remaining_count: 0
  consecutive_failure_limit: 10
  stopped_due_to_consecutive_failures: False
  stop_reason: 当前 batch_crawl 已完成，所有视频均已成功抓取。
  log_file: logs/batch_crawl_part_4_20260411_215913.log
  remaining_file: 

part_5:
  started_at: 2026-04-11T21:59:13.605351
  finished_at: 2026-04-11T22:08:14.851783
  source_csv_name: batch_input_5.csv
  task_mode: realtime_only
  input_bvid_count: 100
  processed_count: 100
  success_count: 97
  failed_count: 3
  remaining_count: 3
  consecutive_failure_limit: 10
  stopped_due_to_consecutive_failures: False
  stop_reason: 当前子任务已结束，但仍有未成功抓取的视频，已导出 remaining CSV 供继续执行。
  log_file: logs/batch_crawl_part_5_20260411_220814.log
  remaining_file: remaining_bvids_part_5.csv

part_6:
  started_at: 2026-04-11T22:08:14.951978
  finished_at: 2026-04-11T22:17:26.297457
  source_csv_name: batch_input_6.csv
  task_mode: realtime_only
  input_bvid_count: 100
  processed_count: 100
  success_count: 100
  failed_count: 0
  remaining_count: 0
  consecutive_failure_limit: 10
  stopped_due_to_consecutive_failures: False
  stop_reason: 当前 batch_crawl 已完成，所有视频均已成功抓取。
  log_file: logs/batch_crawl_part_6_20260411_221726.log
  remaining_file: 

part_7:
  started_at: 2026-04-11T22:17:26.399627
  finished_at: 2026-04-11T22:38:51.288146
  source_csv_name: batch_input_7.csv
  task_mode: realtime_only
  input_bvid_count: 100
  processed_count: 100
  success_count: 100
  failed_count: 0
  remaining_count: 0
  consecutive_failure_limit: 10
  stopped_due_to_consecutive_failures: False
  stop_reason: 当前 batch_crawl 已完成，所有视频均已成功抓取。
  log_file: logs/batch_crawl_part_7_20260411_223851.log
  remaining_file: 

part_8:
  started_at: 2026-04-11T22:38:51.494150
  finished_at: 2026-04-11T22:48:09.953368
  source_csv_name: batch_input_8.csv
  task_mode: realtime_only
  input_bvid_count: 100
  processed_count: 100
  success_count: 99
  failed_count: 1
  remaining_count: 1
  consecutive_failure_limit: 10
  stopped_due_to_consecutive_failures: False
  stop_reason: 当前子任务已结束，但仍有未成功抓取的视频，已导出 remaining CSV 供继续执行。
  log_file: logs/batch_crawl_part_8_20260411_224809.log
  remaining_file: remaining_bvids_part_8.csv

part_9:
  started_at: 2026-04-11T22:48:10.058672
  finished_at: 2026-04-11T22:57:18.289500
  source_csv_name: batch_input_9.csv
  task_mode: realtime_only
  input_bvid_count: 100
  processed_count: 100
  success_count: 99
  failed_count: 1
  remaining_count: 1
  consecutive_failure_limit: 10
  stopped_due_to_consecutive_failures: False
  stop_reason: 当前子任务已结束，但仍有未成功抓取的视频，已导出 remaining CSV 供继续执行。
  log_file: logs/batch_crawl_part_9_20260411_225718.log
  remaining_file: remaining_bvids_part_9.csv

part_10:
  started_at: 2026-04-11T22:57:18.411260
  finished_at: 2026-04-11T23:06:20.118552
  source_csv_name: batch_input_10.csv
  task_mode: realtime_only
  input_bvid_count: 100
  processed_count: 100
  success_count: 100
  failed_count: 0
  remaining_count: 0
  consecutive_failure_limit: 10
  stopped_due_to_consecutive_failures: False
  stop_reason: 当前 batch_crawl 已完成，所有视频均已成功抓取。
  log_file: logs/batch_crawl_part_10_20260411_230620.log
  remaining_file: 

part_11:
  started_at: 2026-04-11T23:06:20.226669
  finished_at: 2026-04-11T23:24:36.286381
  source_csv_name: batch_input_11.csv
  task_mode: realtime_only
  input_bvid_count: 100
  processed_count: 100
  success_count: 100
  failed_count: 0
  remaining_count: 0
  consecutive_failure_limit: 10
  stopped_due_to_consecutive_failures: False
  stop_reason: 当前 batch_crawl 已完成，所有视频均已成功抓取。
  log_file: logs/batch_crawl_part_11_20260411_232436.log
  remaining_file: 

part_12:
  started_at: 2026-04-11T23:24:36.436322
  finished_at: 2026-04-11T23:33:47.307151
  source_csv_name: batch_input_12.csv
  task_mode: realtime_only
  input_bvid_count: 100
  processed_count: 100
  success_count: 98
  failed_count: 2
  remaining_count: 2
  consecutive_failure_limit: 10
  stopped_due_to_consecutive_failures: False
  stop_reason: 当前子任务已结束，但仍有未成功抓取的视频，已导出 remaining CSV 供继续执行。
  log_file: logs/batch_crawl_part_12_20260411_233347.log
  remaining_file: remaining_bvids_part_12.csv

part_13:
  started_at: 2026-04-11T23:33:47.434734
  finished_at: 2026-04-11T23:45:14.385560
  source_csv_name: batch_input_13.csv
  task_mode: realtime_only
  input_bvid_count: 100
  processed_count: 100
  success_count: 99
  failed_count: 1
  remaining_count: 1
  consecutive_failure_limit: 10
  stopped_due_to_consecutive_failures: False
  stop_reason: 当前子任务已结束，但仍有未成功抓取的视频，已导出 remaining CSV 供继续执行。
  log_file: logs/batch_crawl_part_13_20260411_234514.log
  remaining_file: remaining_bvids_part_13.csv

part_14:
  started_at: 2026-04-11T23:45:14.631327
  finished_at: 2026-04-11T23:54:29.417943
  source_csv_name: batch_input_14.csv
  task_mode: realtime_only
  input_bvid_count: 100
  processed_count: 100
  success_count: 99
  failed_count: 1
  remaining_count: 1
  consecutive_failure_limit: 10
  stopped_due_to_consecutive_failures: False
  stop_reason: 当前子任务已结束，但仍有未成功抓取的视频，已导出 remaining CSV 供继续执行。
  log_file: logs/batch_crawl_part_14_20260411_235429.log
  remaining_file: remaining_bvids_part_14.csv

part_15:
  started_at: 2026-04-11T23:54:29.540359
  finished_at: 2026-04-12T00:03:46.744337
  source_csv_name: batch_input_15.csv
  task_mode: realtime_only
  input_bvid_count: 100
  processed_count: 100
  success_count: 100
  failed_count: 0
  remaining_count: 0
  consecutive_failure_limit: 10
  stopped_due_to_consecutive_failures: False
  stop_reason: 当前 batch_crawl 已完成，所有视频均已成功抓取。
  log_file: logs/batch_crawl_part_15_20260412_000346.log
  remaining_file: 

part_16:
  started_at: 2026-04-12T00:03:46.863429
  finished_at: 2026-04-12T00:17:12.309134
  source_csv_name: batch_input_16.csv
  task_mode: realtime_only
  input_bvid_count: 100
  processed_count: 100
  success_count: 97
  failed_count: 3
  remaining_count: 3
  consecutive_failure_limit: 10
  stopped_due_to_consecutive_failures: False
  stop_reason: 当前子任务已结束，但仍有未成功抓取的视频，已导出 remaining CSV 供继续执行。
  log_file: logs/batch_crawl_part_16_20260412_001712.log
  remaining_file: remaining_bvids_part_16.csv

part_17:
  started_at: 2026-04-12T00:17:12.469992
  finished_at: 2026-04-12T00:32:46.124036
  source_csv_name: batch_input_17.csv
  task_mode: realtime_only
  input_bvid_count: 100
  processed_count: 100
  success_count: 99
  failed_count: 1
  remaining_count: 1
  consecutive_failure_limit: 10
  stopped_due_to_consecutive_failures: False
  stop_reason: 当前子任务已结束，但仍有未成功抓取的视频，已导出 remaining CSV 供继续执行。
  log_file: logs/batch_crawl_part_17_20260412_003246.log
  remaining_file: remaining_bvids_part_17.csv

part_18:
  started_at: 2026-04-12T00:32:46.736987
  finished_at: 2026-04-12T00:42:13.511872
  source_csv_name: batch_input_18.csv
  task_mode: realtime_only
  input_bvid_count: 100
  processed_count: 100
  success_count: 98
  failed_count: 2
  remaining_count: 2
  consecutive_failure_limit: 10
  stopped_due_to_consecutive_failures: False
  stop_reason: 当前子任务已结束，但仍有未成功抓取的视频，已导出 remaining CSV 供继续执行。
  log_file: logs/batch_crawl_part_18_20260412_004213.log
  remaining_file: remaining_bvids_part_18.csv

part_19:
  started_at: 2026-04-12T00:42:13.718475
  finished_at: 2026-04-12T00:51:11.581987
  source_csv_name: batch_input_19.csv
  task_mode: realtime_only
  input_bvid_count: 100
  processed_count: 100
  success_count: 99
  failed_count: 1
  remaining_count: 1
  consecutive_failure_limit: 10
  stopped_due_to_consecutive_failures: False
  stop_reason: 当前子任务已结束，但仍有未成功抓取的视频，已导出 remaining CSV 供继续执行。
  log_file: logs/batch_crawl_part_19_20260412_005111.log
  remaining_file: remaining_bvids_part_19.csv

part_20:
  started_at: 2026-04-12T00:51:11.734950
  finished_at: 2026-04-12T01:00:08.515634
  source_csv_name: batch_input_20.csv
  task_mode: realtime_only
  input_bvid_count: 100
  processed_count: 100
  success_count: 100
  failed_count: 0
  remaining_count: 0
  consecutive_failure_limit: 10
  stopped_due_to_consecutive_failures: False
  stop_reason: 当前 batch_crawl 已完成，所有视频均已成功抓取。
  log_file: logs/batch_crawl_part_20_20260412_010008.log
  remaining_file:
[TIMESTAMP][END] 2026-04-12T01:00:08
