[TIMESTAMP][BEGIN] 2026-04-11T21:11:29.520339
Bilibili Video Data Crawler Batch Crawl Summary
session_dir: D:\Schoolworks\Thesis\Bilibili-Datahub\outputs\video_data\manual_crawls\manual_crawl_stat_comment_20260411_211113
session_started_at: 2026-04-11T21:11:29.520339
session_completed_at: 2026-04-11T22:38:51.288146
original_csv_name: batch_input_1.csv
task_mode: realtime_only
original_bvid_count: 100
part_count: 7
interruption_count: 0
completed_all: True

part_1:
  started_at: 2026-04-11T21:11:29.520339
  finished_at: 2026-04-11T21:20:54.303543
  source_csv_name: batch_input_1.csv
  task_mode: realtime_only
  input_bvid_count: 100
  processed_count: 100
  success_count: 100
  failed_count: 0
  remaining_count: 0
  consecutive_failure_limit: 10
  stopped_due_to_consecutive_failures: False
  stop_reason: 当前 batch_crawl 已完成，所有视频均已成功抓取。
  log_file: logs/batch_crawl_part_1_20260411_212054.log
  remaining_file: 

part_2:
  started_at: 2026-04-11T21:20:54.489922
  finished_at: 2026-04-11T21:30:12.032839
  source_csv_name: batch_input_2.csv
  task_mode: realtime_only
  input_bvid_count: 100
  processed_count: 100
  success_count: 100
  failed_count: 0
  remaining_count: 0
  consecutive_failure_limit: 10
  stopped_due_to_consecutive_failures: False
  stop_reason: 当前 batch_crawl 已完成，所有视频均已成功抓取。
  log_file: logs/batch_crawl_part_2_20260411_213012.log
  remaining_file: 

part_3:
  started_at: 2026-04-11T21:30:12.146495
  finished_at: 2026-04-11T21:49:55.937584
  source_csv_name: batch_input_3.csv
  task_mode: realtime_only
  input_bvid_count: 100
  processed_count: 100
  success_count: 99
  failed_count: 1
  remaining_count: 1
  consecutive_failure_limit: 10
  stopped_due_to_consecutive_failures: False
  stop_reason: 当前子任务已结束，但仍有未成功抓取的视频，已导出 remaining CSV 供继续执行。
  log_file: logs/batch_crawl_part_3_20260411_214955.log
  remaining_file: remaining_bvids_part_3.csv

part_4:
  started_at: 2026-04-11T21:49:56.323485
  finished_at: 2026-04-11T21:59:13.466904
  source_csv_name: batch_input_4.csv
  task_mode: realtime_only
  input_bvid_count: 100
  processed_count: 100
  success_count: 100
  failed_count: 0
  remaining_count: 0
  consecutive_failure_limit: 10
  stopped_due_to_consecutive_failures: False
  stop_reason: 当前 batch_crawl 已完成，所有视频均已成功抓取。
  log_file: logs/batch_crawl_part_4_20260411_215913.log
  remaining_file: 

part_5:
  started_at: 2026-04-11T21:59:13.605351
  finished_at: 2026-04-11T22:08:14.851783
  source_csv_name: batch_input_5.csv
  task_mode: realtime_only
  input_bvid_count: 100
  processed_count: 100
  success_count: 97
  failed_count: 3
  remaining_count: 3
  consecutive_failure_limit: 10
  stopped_due_to_consecutive_failures: False
  stop_reason: 当前子任务已结束，但仍有未成功抓取的视频，已导出 remaining CSV 供继续执行。
  log_file: logs/batch_crawl_part_5_20260411_220814.log
  remaining_file: remaining_bvids_part_5.csv

part_6:
  started_at: 2026-04-11T22:08:14.951978
  finished_at: 2026-04-11T22:17:26.297457
  source_csv_name: batch_input_6.csv
  task_mode: realtime_only
  input_bvid_count: 100
  processed_count: 100
  success_count: 100
  failed_count: 0
  remaining_count: 0
  consecutive_failure_limit: 10
  stopped_due_to_consecutive_failures: False
  stop_reason: 当前 batch_crawl 已完成，所有视频均已成功抓取。
  log_file: logs/batch_crawl_part_6_20260411_221726.log
  remaining_file: 

part_7:
  started_at: 2026-04-11T22:17:26.399627
  finished_at: 2026-04-11T22:38:51.288146
  source_csv_name: batch_input_7.csv
  task_mode: realtime_only
  input_bvid_count: 100
  processed_count: 100
  success_count: 100
  failed_count: 0
  remaining_count: 0
  consecutive_failure_limit: 10
  stopped_due_to_consecutive_failures: False
  stop_reason: 当前 batch_crawl 已完成，所有视频均已成功抓取。
  log_file: logs/batch_crawl_part_7_20260411_223851.log
  remaining_file:
[TIMESTAMP][END] 2026-04-11T22:38:51
