[TIMESTAMP][BEGIN] 2026-04-05T23:28:54
[2026-04-05 23:28:57] 开始执行 CSV 批量抓取子任务 part_15。
[2026-04-05 23:28:57] 子任务开始时间：2026-04-05T23:28:54.275783
[2026-04-05 23:28:57] 输入文件：batch_input_15.csv
[2026-04-05 23:28:57] 输入唯一 bvid 数量：100
[2026-04-05 23:28:57] 为严格按 CSV 顺序判断连续失败阈值，本次任务自动将并发度从 2 调整为 1。
[2026-04-05 23:29:02] [SUCCESS] bvid=BV1F89TBsE2d 已成功抓取全部所需数据。
[2026-04-05 23:29:08] [SUCCESS] bvid=BV1c89TBsE5x 已成功抓取全部所需数据。
[2026-04-05 23:29:14] [SUCCESS] bvid=BV1bU9NBYEqY 已成功抓取全部所需数据。
[2026-04-05 23:29:20] [SUCCESS] bvid=BV1mj9TBAEsv 已成功抓取全部所需数据。
[2026-04-05 23:29:25] [SUCCESS] bvid=BV1zh9TBXEgm 已成功抓取全部所需数据。
[2026-04-05 23:29:31] [SUCCESS] bvid=BV1T59TBvEYw 已成功抓取全部所需数据。
[2026-04-05 23:29:37] [SUCCESS] bvid=BV1QhXfBDE9f 已成功抓取全部所需数据。
[2026-04-05 23:29:43] [SUCCESS] bvid=BV1pYXUBzEMy 已成功抓取全部所需数据。
[2026-04-05 23:29:49] [SUCCESS] bvid=BV1us9PBcEd7 已成功抓取全部所需数据。
[2026-04-05 23:29:55] [SUCCESS] bvid=BV1XF9NBKEjz 已成功抓取全部所需数据。
[2026-04-05 23:30:01] [SUCCESS] bvid=BV1U59TBeEk7 已成功抓取全部所需数据。
[2026-04-05 23:30:07] [SUCCESS] bvid=BV1S39TBiEDo 已成功抓取全部所需数据。
[2026-04-05 23:30:12] [SUCCESS] bvid=BV18V9TBKEVH 已成功抓取全部所需数据。
[2026-04-05 23:30:18] [SUCCESS] bvid=BV1Cn9TB8Eyp 已成功抓取全部所需数据。
[2026-04-05 23:30:24] [SUCCESS] bvid=BV1179TBaEfU 已成功抓取全部所需数据。
[2026-04-05 23:30:30] [SUCCESS] bvid=BV1KJ9TBwEf3 已成功抓取全部所需数据。
[2026-04-05 23:30:36] [SUCCESS] bvid=BV1NJ9TBwEmf 已成功抓取全部所需数据。
[2026-04-05 23:30:42] [SUCCESS] bvid=BV1bQ9TBuEo9 已成功抓取全部所需数据。
[2026-04-05 23:30:49] [SUCCESS] bvid=BV1bQ9TBuEZG 已成功抓取全部所需数据。
[2026-04-05 23:30:54] [SUCCESS] bvid=BV1hQ9TBuEjq 已成功抓取全部所需数据。
[2026-04-05 23:31:00] [SUCCESS] bvid=BV1bZ9TBKETZ 已成功抓取全部所需数据。
[2026-04-05 23:31:06] [SUCCESS] bvid=BV18X9TBBEQx 已成功抓取全部所需数据。
[2026-04-05 23:31:12] [SUCCESS] bvid=BV1gX9TBzE4V 已成功抓取全部所需数据。
[2026-04-05 23:31:18] [SUCCESS] bvid=BV1DX9TBBEcc 已成功抓取全部所需数据。
[2026-04-05 23:31:25] [SUCCESS] bvid=BV1bX9TBBE7B 已成功抓取全部所需数据。
[2026-04-05 23:31:31] [SUCCESS] bvid=BV1hU9TB3EWD 已成功抓取全部所需数据。
[2026-04-05 23:31:37] [SUCCESS] bvid=BV1aU9TB3EYs 已成功抓取全部所需数据。
[2026-04-05 23:31:44] [SUCCESS] bvid=BV1aU9TB3EeS 已成功抓取全部所需数据。
[2026-04-05 23:31:50] [SUCCESS] bvid=BV1qq9TBUE2J 已成功抓取全部所需数据。
[2026-04-05 23:31:57] [SUCCESS] bvid=BV1hS9TB6EZQ 已成功抓取全部所需数据。
[2026-04-05 23:32:03] [SUCCESS] bvid=BV1aS9TB6Eu8 已成功抓取全部所需数据。
[2026-04-05 23:32:10] [SUCCESS] bvid=BV14f9TBeEiV 已成功抓取全部所需数据。
[2026-04-05 23:42:17] [SUCCESS] bvid=BV14f9TBeEBu 已成功抓取全部所需数据。
[2026-04-05 23:42:23] [SUCCESS] bvid=BV1SR9TBTEbC 已成功抓取全部所需数据。
[2026-04-05 23:42:29] [SUCCESS] bvid=BV14f9TBeEEP 已成功抓取全部所需数据。
[2026-04-05 23:42:35] [SUCCESS] bvid=BV1xf9TBeEnj 已成功抓取全部所需数据。
[2026-04-05 23:42:41] [SUCCESS] bvid=BV18m9NBPEMj 已成功抓取全部所需数据。
[2026-04-05 23:42:46] [SUCCESS] bvid=BV1xf9TBeEja 已成功抓取全部所需数据。
[2026-04-05 23:42:52] [SUCCESS] bvid=BV1UR9TBTEyL 已成功抓取全部所需数据。
[2026-04-05 23:42:58] [SUCCESS] bvid=BV1bd9TBiEKo 已成功抓取全部所需数据。
[2026-04-05 23:43:04] [SUCCESS] bvid=BV1Ud9TBiE5u 已成功抓取全部所需数据。
[2026-04-05 23:43:10] [SUCCESS] bvid=BV1iz9TB7Eme 已成功抓取全部所需数据。
[2026-04-05 23:43:17] [SUCCESS] bvid=BV1v69TB2EuS 已成功抓取全部所需数据。
[2026-04-05 23:43:24] [SUCCESS] bvid=BV12wXfB6EKQ 已成功抓取全部所需数据。
[2026-04-05 23:43:31] [SUCCESS] bvid=BV1fb9NBjEiz 已成功抓取全部所需数据。
[2026-04-05 23:43:37] [SUCCESS] bvid=BV1Zi9TBJE1u 已成功抓取全部所需数据。
[2026-04-05 23:43:44] [SUCCESS] bvid=BV1oi9TBJERx 已成功抓取全部所需数据。
[2026-04-05 23:43:50] [SUCCESS] bvid=BV1e19TBVEgn 已成功抓取全部所需数据。
[2026-04-05 23:43:57] [SUCCESS] bvid=BV1e19TBVE3s 已成功抓取全部所需数据。
[2026-04-05 23:44:03] [SUCCESS] bvid=BV1e19TBVEtj 已成功抓取全部所需数据。
[2026-04-05 23:44:09] [SUCCESS] bvid=BV1e19TBVEwR 已成功抓取全部所需数据。
[2026-04-05 23:44:16] [SUCCESS] bvid=BV1Y19TBVEJJ 已成功抓取全部所需数据。
[2026-04-05 23:44:24] [SUCCESS] bvid=BV1e19TBVE8n 已成功抓取全部所需数据。
[2026-04-05 23:44:30] [SUCCESS] bvid=BV1Q29TBkEFG 已成功抓取全部所需数据。
[2026-04-05 23:44:36] [SUCCESS] bvid=BV1h29TBkEYY 已成功抓取全部所需数据。
[2026-04-05 23:44:42] [SUCCESS] bvid=BV1a29TBkEQR 已成功抓取全部所需数据。
[2026-04-05 23:44:43] [ERROR] bvid=BV1Dm9NBPETK 抓取失败：stat: 接口返回错误代码：62002，信息：稿件不可见。
{'code': 62002, 'message': '稿件不可见', 'ttl': 1} | comment: 接口返回错误代码：62002，信息：稿件不可见。
{'code': 62002, 'message': '稿件不可见', 'ttl': 1}
[2026-04-05 23:44:49] [SUCCESS] bvid=BV1Rk9TBLExQ 已成功抓取全部所需数据。
[2026-04-05 23:44:55] [SUCCESS] bvid=BV1YC9TByEtX 已成功抓取全部所需数据。
[2026-04-05 23:45:01] [SUCCESS] bvid=BV1eC9TByE64 已成功抓取全部所需数据。
[2026-04-05 23:47:09] [SUCCESS] bvid=BV19F9NBKErW 已成功抓取全部所需数据。
[2026-04-05 23:47:16] [SUCCESS] bvid=BV1pSXfBBEdT 已成功抓取全部所需数据。
[2026-04-05 23:47:22] [SUCCESS] bvid=BV1LK9FBoEPK 已成功抓取全部所需数据。
[2026-04-05 23:47:28] [SUCCESS] bvid=BV1VF9NBTEPJ 已成功抓取全部所需数据。
[2026-04-05 23:47:35] [SUCCESS] bvid=BV1ac9NBiEiY 已成功抓取全部所需数据。
[2026-04-05 23:47:41] [SUCCESS] bvid=BV1VZ9PBBEm8 已成功抓取全部所需数据。
[2026-04-05 23:47:47] [SUCCESS] bvid=BV1Ro9PBMEgW 已成功抓取全部所需数据。
[2026-04-05 23:47:54] [SUCCESS] bvid=BV15o9PBuE5J 已成功抓取全部所需数据。
[2026-04-05 23:48:00] [SUCCESS] bvid=BV1Lo9PBuE89 已成功抓取全部所需数据。
[2026-04-05 23:48:07] [SUCCESS] bvid=BV1r19PB2ETj 已成功抓取全部所需数据。
[2026-04-05 23:48:13] [SUCCESS] bvid=BV1n19PB2EoF 已成功抓取全部所需数据。
[2026-04-05 23:48:19] [SUCCESS] bvid=BV1c19PB2ENF 已成功抓取全部所需数据。
[2026-04-05 23:48:26] [SUCCESS] bvid=BV1n19PB2Em3 已成功抓取全部所需数据。
[2026-04-05 23:48:32] [SUCCESS] bvid=BV1hT9NBaEVS 已成功抓取全部所需数据。
[2026-04-05 23:48:39] [SUCCESS] bvid=BV1vo9PBuEYH 已成功抓取全部所需数据。
[2026-04-05 23:48:45] [SUCCESS] bvid=BV1uK9NBAE9S 已成功抓取全部所需数据。
[2026-04-05 23:48:52] [SUCCESS] bvid=BV15o9PBuEaq 已成功抓取全部所需数据。
[2026-04-05 23:58:57] [SUCCESS] bvid=BV19Z9PBqEtG 已成功抓取全部所需数据。
[2026-04-05 23:59:03] [SUCCESS] bvid=BV1739KBmENV 已成功抓取全部所需数据。
[2026-04-05 23:59:09] [SUCCESS] bvid=BV1UT9NBhEQm 已成功抓取全部所需数据。
[2026-04-05 23:59:15] [SUCCESS] bvid=BV1RZ9PBqE1Z 已成功抓取全部所需数据。
[2026-04-05 23:59:21] [SUCCESS] bvid=BV1gT9NBaE4K 已成功抓取全部所需数据。
[2026-04-05 23:59:27] [SUCCESS] bvid=BV1SK9NBwEtb 已成功抓取全部所需数据。
[2026-04-05 23:59:32] [SUCCESS] bvid=BV1fpXbByEPM 已成功抓取全部所需数据。
[2026-04-05 23:59:38] [SUCCESS] bvid=BV1BpXbByEym 已成功抓取全部所需数据。
[2026-04-05 23:59:45] [SUCCESS] bvid=BV1zpXbByEAK 已成功抓取全部所需数据。
[2026-04-05 23:59:50] [SUCCESS] bvid=BV1o8XhBmEXa 已成功抓取全部所需数据。
[2026-04-05 23:59:56] [SUCCESS] bvid=BV1EpXbB1EaM 已成功抓取全部所需数据。
[2026-04-06 00:00:02] [SUCCESS] bvid=BV1BpXbByELe 已成功抓取全部所需数据。
[2026-04-06 00:00:08] [SUCCESS] bvid=BV1BpXbByEmi 已成功抓取全部所需数据。
[2026-04-06 00:00:14] [SUCCESS] bvid=BV1BpXbByECX 已成功抓取全部所需数据。
[2026-04-06 00:00:20] [SUCCESS] bvid=BV1zpXbByEwk 已成功抓取全部所需数据。
[2026-04-06 00:00:26] [SUCCESS] bvid=BV1nRXfBNEtz 已成功抓取全部所需数据。
[2026-04-06 00:00:32] [SUCCESS] bvid=BV1gH9wBsECS 已成功抓取全部所需数据。
[2026-04-06 00:00:38] [SUCCESS] bvid=BV1tn9FB7ED8 已成功抓取全部所需数据。
[2026-04-06 00:00:44] [SUCCESS] bvid=BV1yo9ABJErG 已成功抓取全部所需数据。
[2026-04-06 00:00:49] [SUCCESS] bvid=BV1d99PBgE8m 已成功抓取全部所需数据。
[2026-04-06 00:00:54] [SUCCESS] bvid=BV1T89LB4EQn 已成功抓取全部所需数据。
[2026-04-06 00:01:00] [SUCCESS] bvid=BV11g9ABDE6E 已成功抓取全部所需数据。
[2026-04-06 00:01:05] [SUCCESS] bvid=BV1kYXUBzEhE 已成功抓取全部所需数据。
[2026-04-06 00:01:05] [WARN] 当前子任务已结束，但仍有未成功抓取的视频，已导出 remaining CSV 供继续执行。
[2026-04-06 00:01:05] [INFO] 已导出剔除成功条目后的剩余 CSV：D:\Schoolworks\Thesis\Bilibili-Datahub\outputs\video_data\manual_crawls\manual_crawl_stat_comment_20260405_160535\remaining_bvids_part_15.csv
[2026-04-06 00:01:05] 子任务结束时间：2026-04-06T00:01:05.723930
[TIMESTAMP][END] 2026-04-06T00:01:05
