[TIMESTAMP][BEGIN] 2026-04-06T04:58:45
[2026-04-06 04:58:47] 开始执行 CSV 批量抓取子任务 part_26。
[2026-04-06 04:58:47] 子任务开始时间：2026-04-06T04:58:45.256263
[2026-04-06 04:58:47] 输入文件：batch_input_26.csv
[2026-04-06 04:58:47] 输入唯一 bvid 数量：100
[2026-04-06 04:58:47] 为严格按 CSV 顺序判断连续失败阈值，本次任务自动将并发度从 2 调整为 1。
[2026-04-06 04:58:53] [SUCCESS] bvid=BV1Rp9JBmEpb 已成功抓取全部所需数据。
[2026-04-06 04:58:59] [SUCCESS] bvid=BV1op9HBsEND 已成功抓取全部所需数据。
[2026-04-06 04:59:05] [SUCCESS] bvid=BV1J79HBfEvs 已成功抓取全部所需数据。
[2026-04-06 04:59:11] [SUCCESS] bvid=BV1d49HBQEar 已成功抓取全部所需数据。
[2026-04-06 04:59:16] [SUCCESS] bvid=BV19b9HBnEAQ 已成功抓取全部所需数据。
[2026-04-06 04:59:22] [SUCCESS] bvid=BV1dW9HBREmr 已成功抓取全部所需数据。
[2026-04-06 04:59:28] [SUCCESS] bvid=BV1Ca9VBjEoe 已成功抓取全部所需数据。
[2026-04-06 04:59:33] [SUCCESS] bvid=BV1hu9EBqE1z 已成功抓取全部所需数据。
[2026-04-06 04:59:39] [SUCCESS] bvid=BV1Pu9HBNEfQ 已成功抓取全部所需数据。
[2026-04-06 04:59:45] [SUCCESS] bvid=BV1Ag9HBeECZ 已成功抓取全部所需数据。
[2026-04-06 04:59:50] [SUCCESS] bvid=BV1KK9HBTEMm 已成功抓取全部所需数据。
[2026-04-06 04:59:56] [SUCCESS] bvid=BV1ayXdBLE24 已成功抓取全部所需数据。
[2026-04-06 05:00:02] [SUCCESS] bvid=BV1GyXdBLEmd 已成功抓取全部所需数据。
[2026-04-06 05:00:07] [SUCCESS] bvid=BV1QyXdB5ERy 已成功抓取全部所需数据。
[2026-04-06 05:00:13] [SUCCESS] bvid=BV1QyXdB5EZG 已成功抓取全部所需数据。
[2026-04-06 05:00:19] [SUCCESS] bvid=BV1XyXdB5EJC 已成功抓取全部所需数据。
[2026-04-06 05:00:25] [SUCCESS] bvid=BV1Fj9HB8Eqq 已成功抓取全部所需数据。
[2026-04-06 05:00:30] [SUCCESS] bvid=BV1Y19jBNET1 已成功抓取全部所需数据。
[2026-04-06 05:00:36] [SUCCESS] bvid=BV1eA9EBrEE9 已成功抓取全部所需数据。
[2026-04-06 05:00:42] [SUCCESS] bvid=BV1Dp9LBcECa 已成功抓取全部所需数据。
[2026-04-06 05:00:47] [SUCCESS] bvid=BV1pbXWBKE3F 已成功抓取全部所需数据。
[2026-04-06 05:00:53] [SUCCESS] bvid=BV1Cr97BdEnw 已成功抓取全部所需数据。
[2026-04-06 05:00:59] [SUCCESS] bvid=BV1xf9jBxEFf 已成功抓取全部所需数据。
[2026-04-06 05:01:05] [SUCCESS] bvid=BV18mwezKEGw 已成功抓取全部所需数据。
[2026-04-06 05:01:11] [SUCCESS] bvid=BV1UB9HB5EEu 已成功抓取全部所需数据。
[2026-04-06 05:01:16] [SUCCESS] bvid=BV1Mk9HBkEU2 已成功抓取全部所需数据。
[2026-04-06 05:01:22] [SUCCESS] bvid=BV12k9HBrE6j 已成功抓取全部所需数据。
[2026-04-06 05:01:28] [SUCCESS] bvid=BV1kQ9HBvE6c 已成功抓取全部所需数据。
[2026-04-06 05:01:34] [SUCCESS] bvid=BV1xs9nBNEck 已成功抓取全部所需数据。
[2026-04-06 05:01:40] [SUCCESS] bvid=BV1CU9HBqE1S 已成功抓取全部所需数据。
[2026-04-06 05:01:46] [SUCCESS] bvid=BV1QY9HBmEFQ 已成功抓取全部所需数据。
[2026-04-06 05:01:51] [SUCCESS] bvid=BV1G89HBDEQw 已成功抓取全部所需数据。
[2026-04-06 05:01:57] [SUCCESS] bvid=BV1Qv9HBjE2k 已成功抓取全部所需数据。
[2026-04-06 05:02:03] [SUCCESS] bvid=BV1R89HBSEND 已成功抓取全部所需数据。
[2026-04-06 05:02:09] [SUCCESS] bvid=BV1mz9HBCEYC 已成功抓取全部所需数据。
[2026-04-06 05:12:13] [ERROR] bvid=BV1Uz9HBCEHy 抓取失败：stat: Timeout of 600.0s exceeded, last exception: HTTPSConnectionPool(host='bigquery.googleapis.com', port=443): Max retries exceeded with url: /bigquery/v2/projects/bilibili-m2s2vp-research/datasets?prettyPrint=false (Caused by SSLError(SSLEOFError(8, 'EOF occurred in violation of protocol (_ssl.c:1017)')))
[2026-04-06 05:12:19] [SUCCESS] bvid=BV1uB9HBLEnk 已成功抓取全部所需数据。
[2026-04-06 05:12:24] [SUCCESS] bvid=BV1Yg9pBpE2r 已成功抓取全部所需数据。
[2026-04-06 05:12:29] [SUCCESS] bvid=BV1TH9nBMEzD 已成功抓取全部所需数据。
[2026-04-06 05:12:34] [SUCCESS] bvid=BV1pF97BREyi 已成功抓取全部所需数据。
[2026-04-06 05:12:40] [SUCCESS] bvid=BV1ro9HBwEGv 已成功抓取全部所需数据。
[2026-04-06 05:12:46] [SUCCESS] bvid=BV1Wa9pBMEAr 已成功抓取全部所需数据。
[2026-04-06 05:12:51] [SUCCESS] bvid=BV1bp9pB5E85 已成功抓取全部所需数据。
[2026-04-06 05:12:56] [SUCCESS] bvid=BV1W89pBzEEU 已成功抓取全部所需数据。
[2026-04-06 05:13:01] [SUCCESS] bvid=BV1Sv9JBBEj6 已成功抓取全部所需数据。
[2026-04-06 05:13:07] [SUCCESS] bvid=BV18L9nB3ETM 已成功抓取全部所需数据。
[2026-04-06 05:13:12] [SUCCESS] bvid=BV16Q9JBoEWC 已成功抓取全部所需数据。
[2026-04-06 05:13:18] [SUCCESS] bvid=BV14J9nBBEZ9 已成功抓取全部所需数据。
[2026-04-06 05:13:23] [SUCCESS] bvid=BV12J9nBBES9 已成功抓取全部所需数据。
[2026-04-06 05:13:28] [SUCCESS] bvid=BV18j9nB6ELi 已成功抓取全部所需数据。
[2026-04-06 05:13:34] [SUCCESS] bvid=BV1sx9nBeEJ8 已成功抓取全部所需数据。
[2026-04-06 05:13:39] [SUCCESS] bvid=BV1xp9nBiE2E 已成功抓取全部所需数据。
[2026-04-06 05:13:45] [SUCCESS] bvid=BV1So9nBVEgX 已成功抓取全部所需数据。
[2026-04-06 05:13:51] [SUCCESS] bvid=BV14p9nBiEkb 已成功抓取全部所需数据。
[2026-04-06 05:23:56] [SUCCESS] bvid=BV1go9nBVE9S 已成功抓取全部所需数据。
[2026-04-06 05:24:02] [SUCCESS] bvid=BV1h99nBLEtX 已成功抓取全部所需数据。
[2026-04-06 05:24:08] [SUCCESS] bvid=BV1a99nBLE7p 已成功抓取全部所需数据。
[2026-04-06 05:24:14] [SUCCESS] bvid=BV1uF9HB3EsB 已成功抓取全部所需数据。
[2026-04-06 05:24:19] [SUCCESS] bvid=BV1Kc9HB6EoQ 已成功抓取全部所需数据。
[2026-04-06 05:24:25] [SUCCESS] bvid=BV1jy9nBHE75 已成功抓取全部所需数据。
[2026-04-06 05:24:31] [SUCCESS] bvid=BV1d19nBDEYs 已成功抓取全部所需数据。
[2026-04-06 05:24:37] [SUCCESS] bvid=BV1Br9nBWEws 已成功抓取全部所需数据。
[2026-04-06 05:24:43] [SUCCESS] bvid=BV1VD9nB7EwP 已成功抓取全部所需数据。
[2026-04-06 05:24:49] [SUCCESS] bvid=BV1VD9nB7EpU 已成功抓取全部所需数据。
[2026-04-06 05:24:54] [SUCCESS] bvid=BV1VD9nB7EpL 已成功抓取全部所需数据。
[2026-04-06 05:25:00] [SUCCESS] bvid=BV1aD9nB7Ewr 已成功抓取全部所需数据。
[2026-04-06 05:25:05] [SUCCESS] bvid=BV1Lm9nBnELF 已成功抓取全部所需数据。
[2026-04-06 05:25:10] [SUCCESS] bvid=BV1eU9nBUEed 已成功抓取全部所需数据。
[2026-04-06 05:25:16] [SUCCESS] bvid=BV1GU9nBUED5 已成功抓取全部所需数据。
[2026-04-06 05:25:21] [SUCCESS] bvid=BV1VU9nBUEfR 已成功抓取全部所需数据。
[2026-04-06 05:25:26] [SUCCESS] bvid=BV1Rp9JB2E7q 已成功抓取全部所需数据。
[2026-04-06 05:25:32] [SUCCESS] bvid=BV1c8XWBvErC 已成功抓取全部所需数据。
[2026-04-06 05:25:37] [SUCCESS] bvid=BV1VU9nBUENP 已成功抓取全部所需数据。
[2026-04-06 05:25:43] [SUCCESS] bvid=BV1VU9nBUEcm 已成功抓取全部所需数据。
[2026-04-06 05:25:48] [SUCCESS] bvid=BV1GU9nBUEj1 已成功抓取全部所需数据。
[2026-04-06 05:25:53] [SUCCESS] bvid=BV1QK9EBzE4u 已成功抓取全部所需数据。
[2026-04-06 05:25:59] [SUCCESS] bvid=BV1eN9EBgEw3 已成功抓取全部所需数据。
[2026-04-06 05:26:04] [SUCCESS] bvid=BV1YK9EBzELV 已成功抓取全部所需数据。
[2026-04-06 05:26:10] [SUCCESS] bvid=BV1YA9EBrEkf 已成功抓取全部所需数据。
[2026-04-06 05:26:16] [SUCCESS] bvid=BV1S39EBKEMp 已成功抓取全部所需数据。
[2026-04-06 05:26:21] [SUCCESS] bvid=BV18G9EBvECj 已成功抓取全部所需数据。
[2026-04-06 05:26:28] [SUCCESS] bvid=BV1Du9EBqErh 已成功抓取全部所需数据。
[2026-04-06 05:26:33] [SUCCESS] bvid=BV18u9EBqEpU 已成功抓取全部所需数据。
[2026-04-06 05:26:38] [SUCCESS] bvid=BV1hu9EBqEV3 已成功抓取全部所需数据。
[2026-04-06 05:26:44] [SUCCESS] bvid=BV1hu9EBqEby 已成功抓取全部所需数据。
[2026-04-06 05:26:49] [SUCCESS] bvid=BV1fX97BEESx 已成功抓取全部所需数据。
[2026-04-06 05:26:54] [SUCCESS] bvid=BV1fX97BEEBS 已成功抓取全部所需数据。
[2026-04-06 05:27:01] [SUCCESS] bvid=BV13kXkBuES7 已成功抓取全部所需数据。
[2026-04-06 05:27:07] [SUCCESS] bvid=BV1q997BmEvE 已成功抓取全部所需数据。
[2026-04-06 05:27:12] [SUCCESS] bvid=BV1f997BmET4 已成功抓取全部所需数据。
[2026-04-06 05:27:17] [SUCCESS] bvid=BV1HS97BHENh 已成功抓取全部所需数据。
[2026-04-06 05:27:23] [SUCCESS] bvid=BV16S97BnEVr 已成功抓取全部所需数据。
[2026-04-06 05:27:28] [SUCCESS] bvid=BV1zD97BSEgi 已成功抓取全部所需数据。
[2026-04-06 05:27:34] [SUCCESS] bvid=BV16D97BSE2c 已成功抓取全部所需数据。
[2026-04-06 05:27:39] [SUCCESS] bvid=BV1qf97B5Ew6 已成功抓取全部所需数据。
[2026-04-06 05:27:45] [SUCCESS] bvid=BV1if97B5Ey5 已成功抓取全部所需数据。
[2026-04-06 05:27:50] [SUCCESS] bvid=BV1969jBBEwj 已成功抓取全部所需数据。
[2026-04-06 05:29:57] [SUCCESS] bvid=BV1iF9EBCEGF 已成功抓取全部所需数据。
[2026-04-06 05:30:03] [SUCCESS] bvid=BV1cb9EBREb6 已成功抓取全部所需数据。
[2026-04-06 05:30:09] [SUCCESS] bvid=BV1qd97BjErB 已成功抓取全部所需数据。
[2026-04-06 05:30:09] [WARN] 当前子任务已结束，但仍有未成功抓取的视频，已导出 remaining CSV 供继续执行。
[2026-04-06 05:30:09] [INFO] 已导出剔除成功条目后的剩余 CSV：D:\Schoolworks\Thesis\Bilibili-Datahub\outputs\video_data\manual_crawls\manual_crawl_stat_comment_20260405_160535\remaining_bvids_part_26.csv
[2026-04-06 05:30:09] 子任务结束时间：2026-04-06T05:30:09.384199
[TIMESTAMP][END] 2026-04-06T05:30:09
