[TIMESTAMP][BEGIN] 2026-04-05T18:07:15
[2026-04-05 18:07:18] 开始执行 CSV 批量抓取子任务 part_4。
[2026-04-05 18:07:18] 子任务开始时间：2026-04-05T18:07:15.203798
[2026-04-05 18:07:18] 输入文件：batch_input_4.csv
[2026-04-05 18:07:18] 输入唯一 bvid 数量：100
[2026-04-05 18:07:18] 为严格按 CSV 顺序判断连续失败阈值，本次任务自动将并发度从 2 调整为 1。
[2026-04-05 18:07:24] [SUCCESS] bvid=BV1NzXCBcE5m 已成功抓取全部所需数据。
[2026-04-05 18:07:30] [SUCCESS] bvid=BV1tgDTB4EYb 已成功抓取全部所需数据。
[2026-04-05 18:07:37] [SUCCESS] bvid=BV1T3DTBdEAd 已成功抓取全部所需数据。
[2026-04-05 18:07:44] [SUCCESS] bvid=BV143DTBdEY2 已成功抓取全部所需数据。
[2026-04-05 18:07:51] [SUCCESS] bvid=BV1T3DTBdE8v 已成功抓取全部所需数据。
[2026-04-05 18:07:57] [SUCCESS] bvid=BV1m3DTBdEDh 已成功抓取全部所需数据。
[2026-04-05 18:08:03] [SUCCESS] bvid=BV1C7DTBQEsk 已成功抓取全部所需数据。
[2026-04-05 18:08:09] [SUCCESS] bvid=BV1T3DTBdEBS 已成功抓取全部所需数据。
[2026-04-05 18:08:16] [SUCCESS] bvid=BV1PJDTBnEsb 已成功抓取全部所需数据。
[2026-04-05 18:08:22] [SUCCESS] bvid=BV1uDDTBFEFg 已成功抓取全部所需数据。
[2026-04-05 18:08:29] [SUCCESS] bvid=BV1wnDTBSEmx 已成功抓取全部所需数据。
[2026-04-05 18:08:37] [SUCCESS] bvid=BV1GFDTBPEbN 已成功抓取全部所需数据。
[2026-04-05 18:08:43] [SUCCESS] bvid=BV1BMDMB2EfP 已成功抓取全部所需数据。
[2026-04-05 18:18:47] [ERROR] bvid=BV1gADTBwEev 抓取失败：stat: Timeout of 600.0s exceeded, last exception: HTTPSConnectionPool(host='bigquery.googleapis.com', port=443): Max retries exceeded with url: /bigquery/v2/projects/bilibili-m2s2vp-research/datasets/bili_video_stream_data_test_2?prettyPrint=false (Caused by ProxyError('Unable to connect to proxy', RemoteDisconnected('Remote end closed connection without response')))
[2026-04-05 18:18:53] [SUCCESS] bvid=BV1PjDTBpELw 已成功抓取全部所需数据。
[2026-04-05 18:18:59] [SUCCESS] bvid=BV1p7DTBQEoD 已成功抓取全部所需数据。
[2026-04-05 18:19:05] [SUCCESS] bvid=BV1GcDTBYEtU 已成功抓取全部所需数据。
[2026-04-05 18:19:11] [SUCCESS] bvid=BV1gcDTBYEDj 已成功抓取全部所需数据。
[2026-04-05 18:19:17] [SUCCESS] bvid=BV13cDTBYEi3 已成功抓取全部所需数据。
[2026-04-05 18:19:22] [SUCCESS] bvid=BV1GcDTBYEBm 已成功抓取全部所需数据。
[2026-04-05 18:19:28] [SUCCESS] bvid=BV1MQDTBbET5 已成功抓取全部所需数据。
[2026-04-05 18:19:34] [SUCCESS] bvid=BV1gADTBwEea 已成功抓取全部所需数据。
[2026-04-05 18:19:40] [SUCCESS] bvid=BV1GADTBwEud 已成功抓取全部所需数据。
[2026-04-05 18:19:45] [SUCCESS] bvid=BV17CDwBbEut 已成功抓取全部所需数据。
[2026-04-05 18:19:51] [SUCCESS] bvid=BV1CfDTBXEMS 已成功抓取全部所需数据。
[2026-04-05 18:19:58] [SUCCESS] bvid=BV1kcDMBHEJx 已成功抓取全部所需数据。
[2026-04-05 18:20:04] [SUCCESS] bvid=BV1LvDTBgEvG 已成功抓取全部所需数据。
[2026-04-05 18:20:11] [SUCCESS] bvid=BV1YZDKBvEHH 已成功抓取全部所需数据。
[2026-04-05 18:20:17] [SUCCESS] bvid=BV1uTDTBbEmP 已成功抓取全部所需数据。
[2026-04-05 18:20:23] [SUCCESS] bvid=BV1GADTBAEqQ 已成功抓取全部所需数据。
[2026-04-05 18:20:30] [SUCCESS] bvid=BV1YZDKBvEu9 已成功抓取全部所需数据。
[2026-04-05 18:20:36] [SUCCESS] bvid=BV1VFDTBPEAx 已成功抓取全部所需数据。
[2026-04-05 18:20:42] [SUCCESS] bvid=BV1GFDTBPETd 已成功抓取全部所需数据。
[2026-04-05 18:20:48] [SUCCESS] bvid=BV1GFDTBPEcM 已成功抓取全部所需数据。
[2026-04-05 18:20:54] [SUCCESS] bvid=BV1GFDTBPEgv 已成功抓取全部所需数据。
[2026-04-05 18:21:00] [SUCCESS] bvid=BV1tTDTBbE9E 已成功抓取全部所需数据。
[2026-04-05 18:21:06] [SUCCESS] bvid=BV1bTDTBbELp 已成功抓取全部所需数据。
[2026-04-05 18:21:11] [SUCCESS] bvid=BV1tTDTBbEZh 已成功抓取全部所需数据。
[2026-04-05 18:21:17] [SUCCESS] bvid=BV1uTDTBbE8u 已成功抓取全部所需数据。
[2026-04-05 18:21:23] [SUCCESS] bvid=BV1uTDTBbEq1 已成功抓取全部所需数据。
[2026-04-05 18:21:29] [SUCCESS] bvid=BV1tTDTBbEtc 已成功抓取全部所需数据。
[2026-04-05 18:21:35] [SUCCESS] bvid=BV1MMDTBZEyZ 已成功抓取全部所需数据。
[2026-04-05 18:21:40] [SUCCESS] bvid=BV1YRXzBeENN 已成功抓取全部所需数据。
[2026-04-05 18:21:46] [SUCCESS] bvid=BV1SPDTBhEEX 已成功抓取全部所需数据。
[2026-04-05 18:21:52] [SUCCESS] bvid=BV1gPDTBhErw 已成功抓取全部所需数据。
[2026-04-05 18:21:58] [SUCCESS] bvid=BV1uPDTBhEWL 已成功抓取全部所需数据。
[2026-04-05 18:22:04] [SUCCESS] bvid=BV18KDTBFExo 已成功抓取全部所需数据。
[2026-04-05 18:22:10] [SUCCESS] bvid=BV18KDTBFEUM 已成功抓取全部所需数据。
[2026-04-05 18:22:17] [SUCCESS] bvid=BV1gKDTBFEJa 已成功抓取全部所需数据。
[2026-04-05 18:22:26] [SUCCESS] bvid=BV1YzDTBqECj 已成功抓取全部所需数据。
[2026-04-05 18:22:33] [SUCCESS] bvid=BV1uKDTBFE4y 已成功抓取全部所需数据。
[2026-04-05 18:22:40] [SUCCESS] bvid=BV15BDTBMEQo 已成功抓取全部所需数据。
[2026-04-05 18:22:48] [SUCCESS] bvid=BV19BDTBTE8V 已成功抓取全部所需数据。
[2026-04-05 18:22:55] [SUCCESS] bvid=BV1wTXoB8E2A 已成功抓取全部所需数据。
[2026-04-05 18:23:01] [SUCCESS] bvid=BV1ZADPBeEto 已成功抓取全部所需数据。
[2026-04-05 18:23:08] [SUCCESS] bvid=BV1qgDMB5EAk 已成功抓取全部所需数据。
[2026-04-05 18:23:14] [SUCCESS] bvid=BV1oYDTB6ESv 已成功抓取全部所需数据。
[2026-04-05 18:23:21] [SUCCESS] bvid=BV1Z3DMByEwn 已成功抓取全部所需数据。
[2026-04-05 18:23:28] [SUCCESS] bvid=BV1ivDTBgE2r 已成功抓取全部所需数据。
[2026-04-05 18:23:35] [SUCCESS] bvid=BV15zDTBqE3n 已成功抓取全部所需数据。
[2026-04-05 18:23:42] [SUCCESS] bvid=BV1dvDTBuE7o 已成功抓取全部所需数据。
[2026-04-05 18:23:48] [SUCCESS] bvid=BV15iDTBzEiH 已成功抓取全部所需数据。
[2026-04-05 18:33:55] [SUCCESS] bvid=BV1RiDTBBEmr 已成功抓取全部所需数据。
[2026-04-05 18:34:01] [SUCCESS] bvid=BV1eiDTBzE2s 已成功抓取全部所需数据。
[2026-04-05 18:34:07] [SUCCESS] bvid=BV1eiDTBzEDb 已成功抓取全部所需数据。
[2026-04-05 18:34:14] [SUCCESS] bvid=BV15iDTBzEeZ 已成功抓取全部所需数据。
[2026-04-05 18:34:20] [SUCCESS] bvid=BV1hyDTBPELM 已成功抓取全部所需数据。
[2026-04-05 18:34:25] [SUCCESS] bvid=BV12n9uBMEUK 已成功抓取全部所需数据。
[2026-04-05 18:34:31] [SUCCESS] bvid=BV1QyDTBAEdx 已成功抓取全部所需数据。
[2026-04-05 18:34:36] [SUCCESS] bvid=BV1VkDTBvET7 已成功抓取全部所需数据。
[2026-04-05 18:34:42] [SUCCESS] bvid=BV181DTBYEeV 已成功抓取全部所需数据。
[2026-04-05 18:34:47] [SUCCESS] bvid=BV1AcDMBpEYq 已成功抓取全部所需数据。
[2026-04-05 18:34:53] [SUCCESS] bvid=BV19rDTBNEJb 已成功抓取全部所需数据。
[2026-04-05 18:34:59] [SUCCESS] bvid=BV1QrDTBNECv 已成功抓取全部所需数据。
[2026-04-05 18:35:04] [SUCCESS] bvid=BV1XrDTBNErG 已成功抓取全部所需数据。
[2026-04-05 18:35:10] [SUCCESS] bvid=BV13kDTBvExc 已成功抓取全部所需数据。
[2026-04-05 18:35:16] [SUCCESS] bvid=BV13kDTBvECZ 已成功抓取全部所需数据。
[2026-04-05 18:35:22] [SUCCESS] bvid=BV1QkDTBeEoR 已成功抓取全部所需数据。
[2026-04-05 18:35:28] [SUCCESS] bvid=BV1VoDKBKE2u 已成功抓取全部所需数据。
[2026-04-05 18:35:34] [SUCCESS] bvid=BV1E4DTB1EDb 已成功抓取全部所需数据。
[2026-04-05 18:35:40] [SUCCESS] bvid=BV1cpDTBEEjq 已成功抓取全部所需数据。
[2026-04-05 18:35:46] [SUCCESS] bvid=BV1cpDTBEEjz 已成功抓取全部所需数据。
[2026-04-05 18:35:52] [SUCCESS] bvid=BV1tsDPBJER5 已成功抓取全部所需数据。
[2026-04-05 18:35:58] [SUCCESS] bvid=BV1FWDTBmEUn 已成功抓取全部所需数据。
[2026-04-05 18:36:04] [SUCCESS] bvid=BV1daDTB3Eo2 已成功抓取全部所需数据。
[2026-04-05 18:36:10] [SUCCESS] bvid=BV1daDTB3EoT 已成功抓取全部所需数据。
[2026-04-05 18:46:16] [SUCCESS] bvid=BV1oYDTB6EUE 已成功抓取全部所需数据。
[2026-04-05 18:46:22] [SUCCESS] bvid=BV1Nk9MBNExg 已成功抓取全部所需数据。
[2026-04-05 18:46:29] [SUCCESS] bvid=BV1RYDTB6Eyx 已成功抓取全部所需数据。
[2026-04-05 18:46:36] [SUCCESS] bvid=BV1dF9uBQE8p 已成功抓取全部所需数据。
[2026-04-05 18:46:42] [SUCCESS] bvid=BV1E89NB2EFh 已成功抓取全部所需数据。
[2026-04-05 18:46:49] [SUCCESS] bvid=BV1XvDNBhEQN 已成功抓取全部所需数据。
[2026-04-05 18:46:55] [SUCCESS] bvid=BV17bDTB5ERd 已成功抓取全部所需数据。
[2026-04-05 18:47:01] [SUCCESS] bvid=BV1obDTBVERH 已成功抓取全部所需数据。
[2026-04-05 18:47:07] [SUCCESS] bvid=BV1dhDNBPEDq 已成功抓取全部所需数据。
[2026-04-05 18:47:13] [SUCCESS] bvid=BV1cw9LB1EAm 已成功抓取全部所需数据。
[2026-04-05 18:47:19] [SUCCESS] bvid=BV12UDNBQEMS 已成功抓取全部所需数据。
[2026-04-05 18:47:25] [SUCCESS] bvid=BV15r9EB1EpE 已成功抓取全部所需数据。
[2026-04-05 18:47:32] [SUCCESS] bvid=BV1i5DMBkEs5 已成功抓取全部所需数据。
[2026-04-05 18:47:38] [SUCCESS] bvid=BV1yRDNBmEYs 已成功抓取全部所需数据。
[2026-04-05 18:47:38] [WARN] 当前子任务已结束，但仍有未成功抓取的视频，已导出 remaining CSV 供继续执行。
[2026-04-05 18:47:38] [INFO] 已导出剔除成功条目后的剩余 CSV：D:\Schoolworks\Thesis\Bilibili-Datahub\outputs\video_data\manual_crawls\manual_crawl_stat_comment_20260405_160535\remaining_bvids_part_4.csv
[2026-04-05 18:47:38] 子任务结束时间：2026-04-05T18:47:38.000623
[TIMESTAMP][END] 2026-04-05T18:47:38
