[TIMESTAMP][BEGIN] 2026-04-06T00:47:21
[2026-04-06 00:47:23] 开始执行 CSV 批量抓取子任务 part_17。
[2026-04-06 00:47:23] 子任务开始时间：2026-04-06T00:47:21.045757
[2026-04-06 00:47:23] 输入文件：batch_input_17.csv
[2026-04-06 00:47:23] 输入唯一 bvid 数量：100
[2026-04-06 00:47:23] 为严格按 CSV 顺序判断连续失败阈值，本次任务自动将并发度从 2 调整为 1。
[2026-04-06 00:47:29] [SUCCESS] bvid=BV1239NBZEPq 已成功抓取全部所需数据。
[2026-04-06 00:47:35] [SUCCESS] bvid=BV1m39NBZESm 已成功抓取全部所需数据。
[2026-04-06 00:47:35] [ERROR] bvid=BV1239NBZEN3 抓取失败：stat: 接口返回错误代码：62002，信息：稿件不可见。
{'code': 62002, 'message': '稿件不可见', 'ttl': 1} | comment: 接口返回错误代码：62002，信息：稿件不可见。
{'code': 62002, 'message': '稿件不可见', 'ttl': 1}
[2026-04-06 00:47:41] [SUCCESS] bvid=BV12V9NB4E5U 已成功抓取全部所需数据。
[2026-04-06 00:47:48] [SUCCESS] bvid=BV1mV9NB4Ep2 已成功抓取全部所需数据。
[2026-04-06 00:47:54] [SUCCESS] bvid=BV1uu9NBcEAK 已成功抓取全部所需数据。
[2026-04-06 00:57:59] [SUCCESS] bvid=BV11V9NB4EXo 已成功抓取全部所需数据。
[2026-04-06 00:58:06] [SUCCESS] bvid=BV1EfXfBaEgr 已成功抓取全部所需数据。
[2026-04-06 00:58:12] [SUCCESS] bvid=BV1Uu9NBFE7T 已成功抓取全部所需数据。
[2026-04-06 00:58:18] [SUCCESS] bvid=BV18u9NBcEpX 已成功抓取全部所需数据。
[2026-04-06 00:58:24] [SUCCESS] bvid=BV1mg9NBbEi5 已成功抓取全部所需数据。
[2026-04-06 00:58:30] [SUCCESS] bvid=BV1mg9NBbEaH 已成功抓取全部所需数据。
[2026-04-06 00:58:35] [SUCCESS] bvid=BV1Ug9NBbEeK 已成功抓取全部所需数据。
[2026-04-06 00:58:41] [SUCCESS] bvid=BV1Ug9NBbEtT 已成功抓取全部所需数据。
[2026-04-06 00:58:47] [SUCCESS] bvid=BV1P79NBREeN 已成功抓取全部所需数据。
[2026-04-06 00:58:52] [SUCCESS] bvid=BV1C79NB9EyK 已成功抓取全部所需数据。
[2026-04-06 00:58:58] [SUCCESS] bvid=BV1P79NBREyV 已成功抓取全部所需数据。
[2026-04-06 00:59:05] [SUCCESS] bvid=BV1H69wBGEWu 已成功抓取全部所需数据。
[2026-04-06 00:59:11] [SUCCESS] bvid=BV1159NBdEaf 已成功抓取全部所需数据。
[2026-04-06 00:59:17] [SUCCESS] bvid=BV1uU9NBeEE3 已成功抓取全部所需数据。
[2026-04-06 00:59:23] [SUCCESS] bvid=BV1159NBdEPr 已成功抓取全部所需数据。
[2026-04-06 00:59:29] [SUCCESS] bvid=BV1259NBdEEu 已成功抓取全部所需数据。
[2026-04-06 00:59:35] [SUCCESS] bvid=BV1CJ9NBpExq 已成功抓取全部所需数据。
[2026-04-06 00:59:41] [SUCCESS] bvid=BV1K59NBoE2y 已成功抓取全部所需数据。
[2026-04-06 00:59:47] [SUCCESS] bvid=BV1N59NBoEM1 已成功抓取全部所需数据。
[2026-04-06 00:59:53] [SUCCESS] bvid=BV1Nd9NBfEQN 已成功抓取全部所需数据。
[2026-04-06 00:59:59] [SUCCESS] bvid=BV1bD9NBwE1C 已成功抓取全部所需数据。
[2026-04-06 01:00:04] [SUCCESS] bvid=BV1ft9jB2ESe 已成功抓取全部所需数据。
[2026-04-06 01:00:11] [SUCCESS] bvid=BV1NX95BQE46 已成功抓取全部所需数据。
[2026-04-06 01:20:16] [ERROR] bvid=BV1Zm9wBiEi6 抓取失败：stat: Timeout of 600.0s exceeded, last exception: HTTPSConnectionPool(host='bigquery.googleapis.com', port=443): Max retries exceeded with url: /bigquery/v2/projects/bilibili-m2s2vp-research/datasets/bili_video_stream_data_test_2/tables/videos?prettyPrint=false (Caused by SSLError(SSLEOFError(8, 'EOF occurred in violation of protocol (_ssl.c:1017)')))
[2026-04-06 01:20:23] [SUCCESS] bvid=BV1JiXZBbEzy 已成功抓取全部所需数据。
[2026-04-06 01:20:30] [SUCCESS] bvid=BV1KPXfBgEqq 已成功抓取全部所需数据。
[2026-04-06 01:20:36] [SUCCESS] bvid=BV1DEXjBfEs6 已成功抓取全部所需数据。
[2026-04-06 01:20:43] [SUCCESS] bvid=BV18N9jBaETD 已成功抓取全部所需数据。
[2026-04-06 01:20:49] [SUCCESS] bvid=BV1YR9pBpE2x 已成功抓取全部所需数据。
[2026-04-06 01:20:55] [SUCCESS] bvid=BV19d9wBcEkq 已成功抓取全部所需数据。
[2026-04-06 01:21:01] [SUCCESS] bvid=BV1uc9WBEEFj 已成功抓取全部所需数据。
[2026-04-06 01:21:08] [SUCCESS] bvid=BV1KM9cBLEfo 已成功抓取全部所需数据。
[2026-04-06 01:21:14] [SUCCESS] bvid=BV1DqXfB2EFE 已成功抓取全部所需数据。
[2026-04-06 01:21:21] [SUCCESS] bvid=BV1f29wBTEcq 已成功抓取全部所需数据。
[2026-04-06 01:21:27] [SUCCESS] bvid=BV1up9wB9ERQ 已成功抓取全部所需数据。
[2026-04-06 01:21:33] [SUCCESS] bvid=BV1a19NBvE3c 已成功抓取全部所需数据。
[2026-04-06 01:21:39] [SUCCESS] bvid=BV1a19NBvEK2 已成功抓取全部所需数据。
[2026-04-06 01:21:45] [SUCCESS] bvid=BV1Dm9NBPEaA 已成功抓取全部所需数据。
[2026-04-06 01:21:51] [SUCCESS] bvid=BV1hm9NBPEys 已成功抓取全部所需数据。
[2026-04-06 01:21:58] [SUCCESS] bvid=BV1tx9wBQESq 已成功抓取全部所需数据。
[2026-04-06 01:22:04] [SUCCESS] bvid=BV12R9NBbECZ 已成功抓取全部所需数据。
[2026-04-06 01:22:09] [SUCCESS] bvid=BV1bp9wB9ESk 已成功抓取全部所需数据。
[2026-04-06 01:22:15] [SUCCESS] bvid=BV1sd9NBZEmN 已成功抓取全部所需数据。
[2026-04-06 01:22:21] [SUCCESS] bvid=BV1Ss9wBpEH3 已成功抓取全部所需数据。
[2026-04-06 01:22:27] [SUCCESS] bvid=BV1TQ9NBaEo6 已成功抓取全部所需数据。
[2026-04-06 01:22:34] [SUCCESS] bvid=BV1tQ9NBhEgN 已成功抓取全部所需数据。
[2026-04-06 01:22:40] [SUCCESS] bvid=BV1Ms9wBpEQz 已成功抓取全部所需数据。
[2026-04-06 01:22:46] [SUCCESS] bvid=BV1499NBFE7m 已成功抓取全部所需数据。
[2026-04-06 01:22:52] [SUCCESS] bvid=BV1R99wBaEFk 已成功抓取全部所需数据。
[2026-04-06 01:22:58] [SUCCESS] bvid=BV1Av9wB1ESs 已成功抓取全部所需数据。
[2026-04-06 01:23:04] [SUCCESS] bvid=BV1Lj9KB5E1y 已成功抓取全部所需数据。
[2026-04-06 01:23:10] [SUCCESS] bvid=BV18MXyBgEFF 已成功抓取全部所需数据。
[2026-04-06 01:23:16] [SUCCESS] bvid=BV1YB9NBgEDH 已成功抓取全部所需数据。
[2026-04-06 01:23:22] [SUCCESS] bvid=BV1vv9NBGE1m 已成功抓取全部所需数据。
[2026-04-06 01:23:28] [SUCCESS] bvid=BV1Vk9NBBExv 已成功抓取全部所需数据。
[2026-04-06 01:23:34] [SUCCESS] bvid=BV1Xy9NBKEat 已成功抓取全部所需数据。
[2026-04-06 01:23:40] [SUCCESS] bvid=BV1439jBtEDb 已成功抓取全部所需数据。
[2026-04-06 01:23:46] [SUCCESS] bvid=BV1Qy9NBKEKb 已成功抓取全部所需数据。
[2026-04-06 01:23:52] [SUCCESS] bvid=BV19r9NBMEkk 已成功抓取全部所需数据。
[2026-04-06 01:23:57] [SUCCESS] bvid=BV1Yz9NBzEqo 已成功抓取全部所需数据。
[2026-04-06 01:24:04] [SUCCESS] bvid=BV1nF9wBzEd5 已成功抓取全部所需数据。
[2026-04-06 01:24:10] [SUCCESS] bvid=BV17M9wBPEEC 已成功抓取全部所需数据。
[2026-04-06 01:24:16] [SUCCESS] bvid=BV1j59KB1EPg 已成功抓取全部所需数据。
[2026-04-06 01:24:22] [SUCCESS] bvid=BV1vX9wBPEE1 已成功抓取全部所需数据。
[2026-04-06 01:24:27] [SUCCESS] bvid=BV17w9FB8Emb 已成功抓取全部所需数据。
[2026-04-06 01:24:33] [SUCCESS] bvid=BV1ZHXBBTEeu 已成功抓取全部所需数据。
[2026-04-06 01:24:39] [SUCCESS] bvid=BV17GXeBoErP 已成功抓取全部所需数据。
[2026-04-06 01:24:44] [SUCCESS] bvid=BV1vsXfBRERV 已成功抓取全部所需数据。
[2026-04-06 01:24:50] [SUCCESS] bvid=BV1Hi9FBTEuF 已成功抓取全部所需数据。
[2026-04-06 01:24:56] [SUCCESS] bvid=BV1tx9wBQEm3 已成功抓取全部所需数据。
[2026-04-06 01:27:20] [SUCCESS] bvid=BV1Cc9KBsEBK 已成功抓取全部所需数据。
[2026-04-06 01:27:26] [SUCCESS] bvid=BV17V9KBjEB4 已成功抓取全部所需数据。
[2026-04-06 01:27:33] [SUCCESS] bvid=BV1qV9KBjELL 已成功抓取全部所需数据。
[2026-04-06 01:27:39] [SUCCESS] bvid=BV15r9NBuEJg 已成功抓取全部所需数据。
[2026-04-06 01:27:45] [SUCCESS] bvid=BV1BV9KBjEiU 已成功抓取全部所需数据。
[2026-04-06 01:27:51] [SUCCESS] bvid=BV1B59KB1Eue 已成功抓取全部所需数据。
[2026-04-06 01:27:56] [SUCCESS] bvid=BV1E39KBmEUg 已成功抓取全部所需数据。
[2026-04-06 01:28:02] [SUCCESS] bvid=BV1E39KBmEoe 已成功抓取全部所需数据。
[2026-04-06 01:28:09] [SUCCESS] bvid=BV1ux9PB8EHy 已成功抓取全部所需数据。
[2026-04-06 01:28:14] [SUCCESS] bvid=BV1Jg9KBEEqL 已成功抓取全部所需数据。
[2026-04-06 01:28:20] [SUCCESS] bvid=BV1Jg9KBEE8w 已成功抓取全部所需数据。
[2026-04-06 01:28:26] [SUCCESS] bvid=BV1LJ9KBGE61 已成功抓取全部所需数据。
[2026-04-06 01:28:32] [SUCCESS] bvid=BV1pg9HBeEaY 已成功抓取全部所需数据。
[2026-04-06 01:28:38] [SUCCESS] bvid=BV1L79KBCE9Z 已成功抓取全部所需数据。
[2026-04-06 01:28:43] [SUCCESS] bvid=BV1Ac9KBxEax 已成功抓取全部所需数据。
[2026-04-06 01:28:49] [SUCCESS] bvid=BV1dh9cBbEFx 已成功抓取全部所需数据。
[2026-04-06 01:38:55] [SUCCESS] bvid=BV1GyXdBLEEY 已成功抓取全部所需数据。
[2026-04-06 01:39:02] [SUCCESS] bvid=BV1QyXdB5Eod 已成功抓取全部所需数据。
[2026-04-06 01:39:07] [SUCCESS] bvid=BV1XyXdB5E5m 已成功抓取全部所需数据。
[2026-04-06 01:39:13] [SUCCESS] bvid=BV1XyXdB5EY4 已成功抓取全部所需数据。
[2026-04-06 01:39:19] [SUCCESS] bvid=BV1sf9NBdEJW 已成功抓取全部所需数据。
[2026-04-06 01:39:25] [SUCCESS] bvid=BV1HT9KBnEKA 已成功抓取全部所需数据。
[2026-04-06 01:39:31] [SUCCESS] bvid=BV11NXfBBEWv 已成功抓取全部所需数据。
[2026-04-06 01:39:37] [SUCCESS] bvid=BV12K9cB1ELs 已成功抓取全部所需数据。
[2026-04-06 01:39:37] [WARN] 当前子任务已结束，但仍有未成功抓取的视频，已导出 remaining CSV 供继续执行。
[2026-04-06 01:39:37] [INFO] 已导出剔除成功条目后的剩余 CSV：D:\Schoolworks\Thesis\Bilibili-Datahub\outputs\video_data\manual_crawls\manual_crawl_stat_comment_20260405_160535\remaining_bvids_part_17.csv
[2026-04-06 01:39:37] 子任务结束时间：2026-04-06T01:39:37.132407
[TIMESTAMP][END] 2026-04-06T01:39:37
