[TIMESTAMP][BEGIN] 2026-04-06T02:09:20
[2026-04-06 02:09:23] 开始执行 CSV 批量抓取子任务 part_19。
[2026-04-06 02:09:23] 子任务开始时间：2026-04-06T02:09:20.968316
[2026-04-06 02:09:23] 输入文件：batch_input_19.csv
[2026-04-06 02:09:23] 输入唯一 bvid 数量：100
[2026-04-06 02:09:23] 为严格按 CSV 顺序判断连续失败阈值，本次任务自动将并发度从 2 调整为 1。
[2026-04-06 02:09:28] [SUCCESS] bvid=BV1Vu9FBREpk 已成功抓取全部所需数据。
[2026-04-06 02:09:33] [SUCCESS] bvid=BV15u9FBREJV 已成功抓取全部所需数据。
[2026-04-06 02:09:39] [SUCCESS] bvid=BV1wXXfBqErW 已成功抓取全部所需数据。
[2026-04-06 02:09:44] [SUCCESS] bvid=BV1HRXfBNE5n 已成功抓取全部所需数据。
[2026-04-06 02:09:49] [SUCCESS] bvid=BV1rRXfBNEcX 已成功抓取全部所需数据。
[2026-04-06 02:09:55] [SUCCESS] bvid=BV1nRXfBNEgt 已成功抓取全部所需数据。
[2026-04-06 02:10:00] [SUCCESS] bvid=BV1HRXfBNEwc 已成功抓取全部所需数据。
[2026-04-06 02:10:06] [SUCCESS] bvid=BV17k9FBAE4P 已成功抓取全部所需数据。
[2026-04-06 02:10:11] [SUCCESS] bvid=BV1JsXMBXEU8 已成功抓取全部所需数据。
[2026-04-06 02:10:16] [SUCCESS] bvid=BV1PSXfBzEu2 已成功抓取全部所需数据。
[2026-04-06 02:10:21] [SUCCESS] bvid=BV1WSXfBBEVa 已成功抓取全部所需数据。
[2026-04-06 02:10:27] [SUCCESS] bvid=BV1EfXfBaEh4 已成功抓取全部所需数据。
[2026-04-06 02:10:32] [SUCCESS] bvid=BV1kQXfBTEsH 已成功抓取全部所需数据。
[2026-04-06 02:10:38] [SUCCESS] bvid=BV1pQXfBTEQF 已成功抓取全部所需数据。
[2026-04-06 02:10:43] [SUCCESS] bvid=BV1ffXfB8E48 已成功抓取全部所需数据。
[2026-04-06 02:10:48] [SUCCESS] bvid=BV1zc9FBcEF9 已成功抓取全部所需数据。
[2026-04-06 02:10:53] [SUCCESS] bvid=BV17c9FBcE2V 已成功抓取全部所需数据。
[2026-04-06 02:10:59] [SUCCESS] bvid=BV1ndXfBvE1x 已成功抓取全部所需数据。
[2026-04-06 02:11:04] [SUCCESS] bvid=BV1rdXfBeEe5 已成功抓取全部所需数据。
[2026-04-06 02:11:10] [SUCCESS] bvid=BV1JZXfBAEsK 已成功抓取全部所需数据。
[2026-04-06 02:11:15] [SUCCESS] bvid=BV1cZXfBPEwN 已成功抓取全部所需数据。
[2026-04-06 02:11:21] [SUCCESS] bvid=BV1A89FB3EUa 已成功抓取全部所需数据。
[2026-04-06 02:11:26] [SUCCESS] bvid=BV1xpXZBMEnb 已成功抓取全部所需数据。
[2026-04-06 02:11:31] [SUCCESS] bvid=BV1189FB3EL1 已成功抓取全部所需数据。
[2026-04-06 02:11:36] [SUCCESS] bvid=BV1G59FBHE3j 已成功抓取全部所需数据。
[2026-04-06 02:11:42] [SUCCESS] bvid=BV1Ah9FB6ENH 已成功抓取全部所需数据。
[2026-04-06 02:11:47] [SUCCESS] bvid=BV1wh9FB6Ef1 已成功抓取全部所需数据。
[2026-04-06 02:11:53] [SUCCESS] bvid=BV1Pt9FBkEW3 已成功抓取全部所需数据。
[2026-04-06 02:11:58] [SUCCESS] bvid=BV1N49FBVEWR 已成功抓取全部所需数据。
[2026-04-06 02:12:03] [SUCCESS] bvid=BV1N49FBVEvJ 已成功抓取全部所需数据。
[2026-04-06 02:12:08] [SUCCESS] bvid=BV1Fi9FBTEm1 已成功抓取全部所需数据。
[2026-04-06 02:12:14] [SUCCESS] bvid=BV1st9FBkE1T 已成功抓取全部所需数据。
[2026-04-06 02:12:19] [SUCCESS] bvid=BV1wi9FBTEWi 已成功抓取全部所需数据。
[2026-04-06 02:12:24] [SUCCESS] bvid=BV1wi9FBTEMk 已成功抓取全部所需数据。
[2026-04-06 02:12:30] [SUCCESS] bvid=BV1ri9FBTES5 已成功抓取全部所需数据。
[2026-04-06 02:12:35] [SUCCESS] bvid=BV1Fq9FBiEh6 已成功抓取全部所需数据。
[2026-04-06 02:12:41] [SUCCESS] bvid=BV1Fi9FBTEHo 已成功抓取全部所需数据。
[2026-04-06 02:12:46] [SUCCESS] bvid=BV1Fq9FBiEtY 已成功抓取全部所需数据。
[2026-04-06 02:12:52] [SUCCESS] bvid=BV1fq9FBvEBQ 已成功抓取全部所需数据。
[2026-04-06 02:12:57] [SUCCESS] bvid=BV1fq9FBvEBt 已成功抓取全部所需数据。
[2026-04-06 02:13:02] [SUCCESS] bvid=BV1He9FBBEvt 已成功抓取全部所需数据。
[2026-04-06 02:13:08] [SUCCESS] bvid=BV1Fq9FBiE5V 已成功抓取全部所需数据。
[2026-04-06 02:13:13] [SUCCESS] bvid=BV1we9FBBEZ1 已成功抓取全部所需数据。
[2026-04-06 02:13:18] [SUCCESS] bvid=BV1cq9FBiE7h 已成功抓取全部所需数据。
[2026-04-06 02:13:24] [SUCCESS] bvid=BV1Fq9FBiECq 已成功抓取全部所需数据。
[2026-04-06 02:13:29] [SUCCESS] bvid=BV1AY9FBuE6g 已成功抓取全部所需数据。
[2026-04-06 02:13:36] [SUCCESS] bvid=BV1pe9FBBEmw 已成功抓取全部所需数据。
[2026-04-06 02:13:41] [SUCCESS] bvid=BV1He9FBBEK7 已成功抓取全部所需数据。
[2026-04-06 02:13:47] [SUCCESS] bvid=BV1QXXZB2Epz 已成功抓取全部所需数据。
[2026-04-06 02:13:53] [SUCCESS] bvid=BV1pe9FBBEjf 已成功抓取全部所需数据。
[2026-04-06 02:13:58] [SUCCESS] bvid=BV1KW9FBLEY3 已成功抓取全部所需数据。
[2026-04-06 02:14:04] [SUCCESS] bvid=BV1rL9cBzEt4 已成功抓取全部所需数据。
[2026-04-06 02:14:09] [SUCCESS] bvid=BV1Rm9FBZErd 已成功抓取全部所需数据。
[2026-04-06 02:14:15] [SUCCESS] bvid=BV15z9jBuESU 已成功抓取全部所需数据。
[2026-04-06 02:14:20] [SUCCESS] bvid=BV1D79FBJEm9 已成功抓取全部所需数据。
[2026-04-06 02:14:26] [SUCCESS] bvid=BV1379FBJEFZ 已成功抓取全部所需数据。
[2026-04-06 02:14:31] [SUCCESS] bvid=BV1u79FBJEqA 已成功抓取全部所需数据。
[2026-04-06 02:14:36] [SUCCESS] bvid=BV1359FBHErJ 已成功抓取全部所需数据。
[2026-04-06 02:14:42] [SUCCESS] bvid=BV1h59FBHE4N 已成功抓取全部所需数据。
[2026-04-06 02:14:47] [SUCCESS] bvid=BV1359FBHEka 已成功抓取全部所需数据。
[2026-04-06 02:14:53] [SUCCESS] bvid=BV1DL9FBDE5e 已成功抓取全部所需数据。
[2026-04-06 02:14:58] [SUCCESS] bvid=BV1SzXfBLEx7 已成功抓取全部所需数据。
[2026-04-06 02:15:04] [SUCCESS] bvid=BV13L9FBDEav 已成功抓取全部所需数据。
[2026-04-06 02:15:09] [SUCCESS] bvid=BV1KW9FBLEaD 已成功抓取全部所需数据。
[2026-04-06 02:15:14] [SUCCESS] bvid=BV1KW9FBLEQA 已成功抓取全部所需数据。
[2026-04-06 02:15:20] [SUCCESS] bvid=BV1C59cBgExW 已成功抓取全部所需数据。
[2026-04-06 02:15:26] [SUCCESS] bvid=BV1hgX5B4ESA 已成功抓取全部所需数据。
[2026-04-06 02:15:31] [SUCCESS] bvid=BV1TH9FB2EDC 已成功抓取全部所需数据。
[2026-04-06 02:15:37] [SUCCESS] bvid=BV1Ns9FByEXn 已成功抓取全部所需数据。
[2026-04-06 02:15:43] [SUCCESS] bvid=BV1Ns9FByEn6 已成功抓取全部所需数据。
[2026-04-06 02:15:49] [SUCCESS] bvid=BV1Ts9FByEKK 已成功抓取全部所需数据。
[2026-04-06 02:15:54] [SUCCESS] bvid=BV1Ks9FByE7T 已成功抓取全部所需数据。
[2026-04-06 02:16:00] [SUCCESS] bvid=BV1Ts9FByEVh 已成功抓取全部所需数据。
[2026-04-06 02:16:05] [SUCCESS] bvid=BV1Mn9FB7EU6 已成功抓取全部所需数据。
[2026-04-06 02:16:11] [SUCCESS] bvid=BV1un9FB7EiJ 已成功抓取全部所需数据。
[2026-04-06 02:16:17] [SUCCESS] bvid=BV1tH9FB2ETx 已成功抓取全部所需数据。
[2026-04-06 02:16:22] [SUCCESS] bvid=BV1bH9FB2EaT 已成功抓取全部所需数据。
[2026-04-06 02:16:29] [SUCCESS] bvid=BV19D9FBdEoj 已成功抓取全部所需数据。
[2026-04-06 02:16:34] [SUCCESS] bvid=BV1Q99FB9E27 已成功抓取全部所需数据。
[2026-04-06 02:16:40] [SUCCESS] bvid=BV1X99FB9ELd 已成功抓取全部所需数据。
[2026-04-06 02:16:46] [SUCCESS] bvid=BV1Gd9FBWEJZ 已成功抓取全部所需数据。
[2026-04-06 02:16:52] [SUCCESS] bvid=BV1Dd9FBpE4i 已成功抓取全部所需数据。
[2026-04-06 02:16:58] [SUCCESS] bvid=BV13d9FBWEYZ 已成功抓取全部所需数据。
[2026-04-06 02:17:04] [SUCCESS] bvid=BV1Dd9FBpEZP 已成功抓取全部所需数据。
[2026-04-06 02:17:10] [SUCCESS] bvid=BV13d9FBWExb 已成功抓取全部所需数据。
[2026-04-06 02:17:15] [SUCCESS] bvid=BV1XD9FBdEgu 已成功抓取全部所需数据。
[2026-04-06 02:17:21] [SUCCESS] bvid=BV1XD9FBdEy9 已成功抓取全部所需数据。
[2026-04-06 02:17:27] [SUCCESS] bvid=BV1YD9FBoEok 已成功抓取全部所需数据。
[2026-04-06 02:17:32] [SUCCESS] bvid=BV1XD9FBdE9z 已成功抓取全部所需数据。
[2026-04-06 02:17:38] [SUCCESS] bvid=BV19D9FBdELt 已成功抓取全部所需数据。
[2026-04-06 02:17:44] [SUCCESS] bvid=BV1XD9FBdEmC 已成功抓取全部所需数据。
[2026-04-06 02:17:50] [SUCCESS] bvid=BV1GX9FBxEy3 已成功抓取全部所需数据。
[2026-04-06 02:17:56] [SUCCESS] bvid=BV1XX9FBsECK 已成功抓取全部所需数据。
[2026-04-06 02:18:01] [SUCCESS] bvid=BV19X9FBsEuh 已成功抓取全部所需数据。
[2026-04-06 02:18:06] [SUCCESS] bvid=BV19X9FBsETq 已成功抓取全部所需数据。
[2026-04-06 02:18:12] [SUCCESS] bvid=BV1VX9FBxECL 已成功抓取全部所需数据。
[2026-04-06 02:18:18] [SUCCESS] bvid=BV19X9FBsEpv 已成功抓取全部所需数据。
[2026-04-06 02:18:24] [SUCCESS] bvid=BV1bF9cBDECp 已成功抓取全部所需数据。
[2026-04-06 02:18:30] [SUCCESS] bvid=BV1uF9cBDEXK 已成功抓取全部所需数据。
[2026-04-06 02:18:36] [SUCCESS] bvid=BV1gF9cBDEx8 已成功抓取全部所需数据。
[2026-04-06 02:18:36] [INFO] 当前 batch_crawl 已完成，所有视频均已成功抓取。
[2026-04-06 02:18:36] 子任务结束时间：2026-04-06T02:18:36.146088
[TIMESTAMP][END] 2026-04-06T02:18:36
