[TIMESTAMP][BEGIN] 2026-04-05T21:54:58
[2026-04-05 21:55:01] 开始执行 CSV 批量抓取子任务 part_10。
[2026-04-05 21:55:01] 子任务开始时间：2026-04-05T21:54:58.603181
[2026-04-05 21:55:01] 输入文件：batch_input_10.csv
[2026-04-05 21:55:01] 输入唯一 bvid 数量：100
[2026-04-05 21:55:01] 为严格按 CSV 顺序判断连续失败阈值，本次任务自动将并发度从 2 调整为 1。
[2026-04-05 22:05:07] [SUCCESS] bvid=BV1ZA93BtEu2 已成功抓取全部所需数据。
[2026-04-05 22:05:13] [SUCCESS] bvid=BV1fL9MBXEBT 已成功抓取全部所需数据。
[2026-04-05 22:05:20] [SUCCESS] bvid=BV1ff9gBcEBx 已成功抓取全部所需数据。
[2026-04-05 22:05:26] [SUCCESS] bvid=BV1EF93BhEKG 已成功抓取全部所需数据。
[2026-04-05 22:05:32] [SUCCESS] bvid=BV1Ff9gBwEY4 已成功抓取全部所需数据。
[2026-04-05 22:05:39] [SUCCESS] bvid=BV1zF93BhEzF 已成功抓取全部所需数据。
[2026-04-05 22:05:45] [SUCCESS] bvid=BV1EF93BhEp1 已成功抓取全部所需数据。
[2026-04-05 22:05:51] [SUCCESS] bvid=BV1zL9MBXEN8 已成功抓取全部所需数据。
[2026-04-05 22:05:58] [SUCCESS] bvid=BV1j79MBHE9v 已成功抓取全部所需数据。
[2026-04-05 22:06:05] [SUCCESS] bvid=BV1B79MBHEuN 已成功抓取全部所需数据。
[2026-04-05 22:06:11] [SUCCESS] bvid=BV1779MBHE4Y 已成功抓取全部所需数据。
[2026-04-05 22:06:18] [SUCCESS] bvid=BV16G9MBREJy 已成功抓取全部所需数据。
[2026-04-05 22:06:24] [SUCCESS] bvid=BV1E59MBWEhg 已成功抓取全部所需数据。
[2026-04-05 22:06:30] [SUCCESS] bvid=BV1B59MBWEBG 已成功抓取全部所需数据。
[2026-04-05 22:06:36] [SUCCESS] bvid=BV1J59MBWEDN 已成功抓取全部所需数据。
[2026-04-05 22:06:42] [SUCCESS] bvid=BV1f59MBWEHT 已成功抓取全部所需数据。
[2026-04-05 22:06:49] [SUCCESS] bvid=BV1LH9MBUEn4 已成功抓取全部所需数据。
[2026-04-05 22:06:55] [SUCCESS] bvid=BV1jH9MBUE5c 已成功抓取全部所需数据。
[2026-04-05 22:07:01] [SUCCESS] bvid=BV1VW9MB7E2S 已成功抓取全部所需数据。
[2026-04-05 22:07:07] [SUCCESS] bvid=BV1p29MBaEbv 已成功抓取全部所需数据。
[2026-04-05 22:17:12] [SUCCESS] bvid=BV1qn9MBJEF4 已成功抓取全部所需数据。
[2026-04-05 22:17:19] [SUCCESS] bvid=BV1in9MBJEaj 已成功抓取全部所需数据。
[2026-04-05 22:17:27] [SUCCESS] bvid=BV1WP9MBcEGk 已成功抓取全部所需数据。
[2026-04-05 22:17:33] [SUCCESS] bvid=BV1WN9MB8EBW 已成功抓取全部所需数据。
[2026-04-05 22:17:40] [SUCCESS] bvid=BV1sP9MBcEYF 已成功抓取全部所需数据。
[2026-04-05 22:17:46] [SUCCESS] bvid=BV1kN9MB8ERK 已成功抓取全部所需数据。
[2026-04-05 22:17:53] [SUCCESS] bvid=BV1pN9MB8E15 已成功抓取全部所需数据。
[2026-04-05 22:18:00] [SUCCESS] bvid=BV1Hu9MBoEvR 已成功抓取全部所需数据。
[2026-04-05 22:18:07] [SUCCESS] bvid=BV1sN9MB8Euc 已成功抓取全部所需数据。
[2026-04-05 22:18:14] [SUCCESS] bvid=BV1WN9MB8E2E 已成功抓取全部所需数据。
[2026-04-05 22:18:20] [SUCCESS] bvid=BV1hgX5B4EyA 已成功抓取全部所需数据。
[2026-04-05 22:18:27] [SUCCESS] bvid=BV1QM9TBBE6m 已成功抓取全部所需数据。
[2026-04-05 22:18:34] [SUCCESS] bvid=BV1xw9MBaEux 已成功抓取全部所需数据。
[2026-04-05 22:18:41] [SUCCESS] bvid=BV1Kc9MBPE94 已成功抓取全部所需数据。
[2026-04-05 22:18:47] [SUCCESS] bvid=BV1Tc9MBPETx 已成功抓取全部所需数据。
[2026-04-05 22:18:54] [SUCCESS] bvid=BV1yw9MBaEvi 已成功抓取全部所需数据。
[2026-04-05 22:19:01] [SUCCESS] bvid=BV1xw9MBYEJu 已成功抓取全部所需数据。
[2026-04-05 22:19:07] [SUCCESS] bvid=BV1KC9MBeE3C 已成功抓取全部所需数据。
[2026-04-05 22:19:13] [SUCCESS] bvid=BV1Vs9MB2EhS 已成功抓取全部所需数据。
[2026-04-05 22:19:20] [SUCCESS] bvid=BV1Tz9MBTEGQ 已成功抓取全部所需数据。
[2026-04-05 22:19:26] [SUCCESS] bvid=BV1639MBxEN4 已成功抓取全部所需数据。
[2026-04-05 22:19:33] [SUCCESS] bvid=BV1J39MBxEAL 已成功抓取全部所需数据。
[2026-04-05 22:19:39] [SUCCESS] bvid=BV1H39MBxET2 已成功抓取全部所需数据。
[2026-04-05 22:19:45] [SUCCESS] bvid=BV1HK9MBfEUY 已成功抓取全部所需数据。
[2026-04-05 22:19:52] [SUCCESS] bvid=BV1AM9MBbEGR 已成功抓取全部所需数据。
[2026-04-05 22:19:58] [SUCCESS] bvid=BV1K69MBiE6D 已成功抓取全部所需数据。
[2026-04-05 22:20:06] [SUCCESS] bvid=BV1HM9MBtEHg 已成功抓取全部所需数据。
[2026-04-05 22:20:13] [SUCCESS] bvid=BV12k9MBNEtN 已成功抓取全部所需数据。
[2026-04-05 22:20:19] [SUCCESS] bvid=BV1K69MBiEu6 已成功抓取全部所需数据。
[2026-04-05 22:20:27] [SUCCESS] bvid=BV1469MBiECw 已成功抓取全部所需数据。
[2026-04-05 22:20:34] [SUCCESS] bvid=BV1469MBiEzF 已成功抓取全部所需数据。
[2026-04-05 22:20:40] [SUCCESS] bvid=BV1M69MBqEwS 已成功抓取全部所需数据。
[2026-04-05 22:20:46] [SUCCESS] bvid=BV11k9MBNECU 已成功抓取全部所需数据。
[2026-04-05 22:20:53] [SUCCESS] bvid=BV1T69MBiEBC 已成功抓取全部所需数据。
[2026-04-05 22:20:59] [SUCCESS] bvid=BV1Tq9MBBEpy 已成功抓取全部所需数据。
[2026-04-05 22:21:06] [SUCCESS] bvid=BV1Nk9MBNEvD 已成功抓取全部所需数据。
[2026-04-05 22:21:12] [SUCCESS] bvid=BV14k9MBNEAJ 已成功抓取全部所需数据。
[2026-04-05 22:21:19] [SUCCESS] bvid=BV1Nk9MBNEGT 已成功抓取全部所需数据。
[2026-04-05 22:21:25] [SUCCESS] bvid=BV1Kk9MBNEcJ 已成功抓取全部所需数据。
[2026-04-05 22:21:32] [SUCCESS] bvid=BV1Kq9MBBEDz 已成功抓取全部所需数据。
[2026-04-05 22:21:38] [SUCCESS] bvid=BV1tq9MBBEPZ 已成功抓取全部所需数据。
[2026-04-05 22:21:44] [SUCCESS] bvid=BV1mz9MBTEoS 已成功抓取全部所需数据。
[2026-04-05 22:21:50] [SUCCESS] bvid=BV1Mq9MBBEhy 已成功抓取全部所需数据。
[2026-04-05 22:21:56] [SUCCESS] bvid=BV1gh9MBkE71 已成功抓取全部所需数据。
[2026-04-05 22:22:02] [SUCCESS] bvid=BV1iY9NBCEFQ 已成功抓取全部所需数据。
[2026-04-05 22:22:09] [SUCCESS] bvid=BV1dA9uBSEUY 已成功抓取全部所需数据。
[2026-04-05 22:22:15] [SUCCESS] bvid=BV1hh9MBkEPo 已成功抓取全部所需数据。
[2026-04-05 22:22:21] [SUCCESS] bvid=BV1A19MBAEjE 已成功抓取全部所需数据。
[2026-04-05 22:22:28] [SUCCESS] bvid=BV1Tz9MBTEs9 已成功抓取全部所需数据。
[2026-04-05 22:22:34] [SUCCESS] bvid=BV1gh9MBkEtA 已成功抓取全部所需数据。
[2026-04-05 22:22:40] [SUCCESS] bvid=BV1XK9uBmEg4 已成功抓取全部所需数据。
[2026-04-05 22:22:47] [SUCCESS] bvid=BV1w29MBaE8b 已成功抓取全部所需数据。
[2026-04-05 22:22:53] [SUCCESS] bvid=BV1zdXfBeEo3 已成功抓取全部所需数据。
[2026-04-05 22:22:58] [SUCCESS] bvid=BV1rL9cBzE4b 已成功抓取全部所需数据。
[2026-04-05 22:23:05] [SUCCESS] bvid=BV1P79NBRE3x 已成功抓取全部所需数据。
[2026-04-05 22:23:11] [SUCCESS] bvid=BV1C79NB9ECM 已成功抓取全部所需数据。
[2026-04-05 22:23:17] [SUCCESS] bvid=BV1Y8XfBHEco 已成功抓取全部所需数据。
[2026-04-05 22:23:23] [SUCCESS] bvid=BV1k89uBwEhb 已成功抓取全部所需数据。
[2026-04-05 22:23:29] [SUCCESS] bvid=BV1Kh9wBEE76 已成功抓取全部所需数据。
[2026-04-05 22:23:35] [SUCCESS] bvid=BV1Me9MB6EEA 已成功抓取全部所需数据。
[2026-04-05 22:23:42] [SUCCESS] bvid=BV191XZBHEBt 已成功抓取全部所需数据。
[2026-04-05 22:23:48] [SUCCESS] bvid=BV1E1XDBuEe5 已成功抓取全部所需数据。
[2026-04-05 22:23:55] [SUCCESS] bvid=BV16h9TB9ER2 已成功抓取全部所需数据。
[2026-04-05 22:24:01] [SUCCESS] bvid=BV1Zd9KB2EPf 已成功抓取全部所需数据。
[2026-04-05 22:24:07] [SUCCESS] bvid=BV1KT9WB5Ehz 已成功抓取全部所需数据。
[2026-04-05 22:24:13] [SUCCESS] bvid=BV1kQXfBTECs 已成功抓取全部所需数据。
[2026-04-05 22:24:19] [SUCCESS] bvid=BV1o29wBTESE 已成功抓取全部所需数据。
[2026-04-05 22:24:26] [SUCCESS] bvid=BV1A29MBaESz 已成功抓取全部所需数据。
[2026-04-05 22:24:32] [SUCCESS] bvid=BV1A29MBaEut 已成功抓取全部所需数据。
[2026-04-05 22:24:38] [SUCCESS] bvid=BV1wU9MBcEpG 已成功抓取全部所需数据。
[2026-04-05 22:24:44] [SUCCESS] bvid=BV1wU9MBcE6i 已成功抓取全部所需数据。
[2026-04-05 22:24:50] [SUCCESS] bvid=BV11C9MBeEr6 已成功抓取全部所需数据。
[2026-04-05 22:24:56] [SUCCESS] bvid=BV1NC9MBeE97 已成功抓取全部所需数据。
[2026-04-05 22:25:03] [SUCCESS] bvid=BV1p19MBAErd 已成功抓取全部所需数据。
[2026-04-05 22:25:11] [SUCCESS] bvid=BV1P19MBAEuX 已成功抓取全部所需数据。
[2026-04-05 22:25:17] [SUCCESS] bvid=BV1Gt9MByEN5 已成功抓取全部所需数据。
[2026-04-05 22:25:23] [SUCCESS] bvid=BV1G89MBVEi1 已成功抓取全部所需数据。
[2026-04-05 22:25:29] [SUCCESS] bvid=BV12o9jBoEJX 已成功抓取全部所需数据。
[2026-04-05 22:25:36] [SUCCESS] bvid=BV1G89MBVEzP 已成功抓取全部所需数据。
[2026-04-05 22:25:42] [SUCCESS] bvid=BV1389MBVEGB 已成功抓取全部所需数据。
[2026-04-05 22:25:42] [INFO] 当前 batch_crawl 已完成，所有视频均已成功抓取。
[2026-04-05 22:25:42] 子任务结束时间：2026-04-05T22:25:42.841854
[TIMESTAMP][END] 2026-04-05T22:25:42
