[TIMESTAMP][BEGIN] 2026-04-06T02:18:36
[2026-04-06 02:18:38] 开始执行 CSV 批量抓取子任务 part_20。
[2026-04-06 02:18:38] 子任务开始时间：2026-04-06T02:18:36.335835
[2026-04-06 02:18:38] 输入文件：batch_input_20.csv
[2026-04-06 02:18:38] 输入唯一 bvid 数量：100
[2026-04-06 02:18:38] 为严格按 CSV 顺序判断连续失败阈值，本次任务自动将并发度从 2 调整为 1。
[2026-04-06 02:18:44] [SUCCESS] bvid=BV1WE9jBXE4u 已成功抓取全部所需数据。
[2026-04-06 02:18:49] [SUCCESS] bvid=BV1UF9cBSEoB 已成功抓取全部所需数据。
[2026-04-06 02:20:56] [SUCCESS] bvid=BV1go9FBXESn 已成功抓取全部所需数据。
[2026-04-06 02:21:02] [SUCCESS] bvid=BV1Uw9cBEE9C 已成功抓取全部所需数据。
[2026-04-06 02:21:07] [SUCCESS] bvid=BV1Qo9FBQEgH 已成功抓取全部所需数据。
[2026-04-06 02:21:12] [SUCCESS] bvid=BV1js9cBeEmy 已成功抓取全部所需数据。
[2026-04-06 02:21:18] [SUCCESS] bvid=BV1rL9cBzEif 已成功抓取全部所需数据。
[2026-04-06 02:21:24] [SUCCESS] bvid=BV1qN9sBeEXN 已成功抓取全部所需数据。
[2026-04-06 02:21:28] [SUCCESS] bvid=BV1HHXMBRECr 已成功抓取全部所需数据。
[2026-04-06 02:21:34] [SUCCESS] bvid=BV1YU9nBUEBo 已成功抓取全部所需数据。
[2026-04-06 02:21:40] [SUCCESS] bvid=BV1Qo9FBQEE6 已成功抓取全部所需数据。
[2026-04-06 02:21:45] [SUCCESS] bvid=BV1Qo9FBQEPa 已成功抓取全部所需数据。
[2026-04-06 02:21:50] [SUCCESS] bvid=BV1go9FBXEet 已成功抓取全部所需数据。
[2026-04-06 02:21:55] [SUCCESS] bvid=BV18o9FBXEU1 已成功抓取全部所需数据。
[2026-04-06 02:22:01] [SUCCESS] bvid=BV1go9FBXEjG 已成功抓取全部所需数据。
[2026-04-06 02:22:07] [SUCCESS] bvid=BV1Zk9FBwEpX 已成功抓取全部所需数据。
[2026-04-06 02:22:12] [SUCCESS] bvid=BV1Df9FBnEi5 已成功抓取全部所需数据。
[2026-04-06 02:22:18] [SUCCESS] bvid=BV1Rm9FBZEwD 已成功抓取全部所需数据。
[2026-04-06 02:22:23] [SUCCESS] bvid=BV1Df9FBnEhx 已成功抓取全部所需数据。
[2026-04-06 02:22:28] [SUCCESS] bvid=BV1fk9FBwEMM 已成功抓取全部所需数据。
[2026-04-06 02:22:33] [SUCCESS] bvid=BV17k9FBAE9h 已成功抓取全部所需数据。
[2026-04-06 02:22:39] [SUCCESS] bvid=BV1ok9FBwEbv 已成功抓取全部所需数据。
[2026-04-06 02:22:44] [SUCCESS] bvid=BV1Zk9FBwEwj 已成功抓取全部所需数据。
[2026-04-06 02:22:49] [SUCCESS] bvid=BV1oC9FBhELE 已成功抓取全部所需数据。
[2026-04-06 02:22:55] [SUCCESS] bvid=BV1BC9FBaE2e 已成功抓取全部所需数据。
[2026-04-06 02:23:01] [SUCCESS] bvid=BV1ZC9FBhE7S 已成功抓取全部所需数据。
[2026-04-06 02:23:06] [SUCCESS] bvid=BV17C9FBaEnt 已成功抓取全部所需数据。
[2026-04-06 02:23:11] [SUCCESS] bvid=BV1oC9FBhEDd 已成功抓取全部所需数据。
[2026-04-06 02:23:17] [SUCCESS] bvid=BV1Fz9FBNEvF 已成功抓取全部所需数据。
[2026-04-06 02:23:22] [SUCCESS] bvid=BV1nz9FBNEst 已成功抓取全部所需数据。
[2026-04-06 02:23:28] [SUCCESS] bvid=BV1Rm9FBZEu7 已成功抓取全部所需数据。
[2026-04-06 02:23:34] [SUCCESS] bvid=BV1669FBeEH7 已成功抓取全部所需数据。
[2026-04-06 02:23:39] [SUCCESS] bvid=BV1E69FBeEG5 已成功抓取全部所需数据。
[2026-04-06 02:23:44] [SUCCESS] bvid=BV1f69FBYELB 已成功抓取全部所需数据。
[2026-04-06 02:23:49] [SUCCESS] bvid=BV1Rm9FBZEKJ 已成功抓取全部所需数据。
[2026-04-06 02:23:55] [SUCCESS] bvid=BV1im9FBfEpC 已成功抓取全部所需数据。
[2026-04-06 02:24:00] [SUCCESS] bvid=BV19m9FBZEvy 已成功抓取全部所需数据。
[2026-04-06 02:24:06] [SUCCESS] bvid=BV1Rm9FBZEku 已成功抓取全部所需数据。
[2026-04-06 02:24:11] [SUCCESS] bvid=BV1HPQZBtEBA 已成功抓取全部所需数据。
[2026-04-06 02:24:17] [SUCCESS] bvid=BV19S9FB4EEp 已成功抓取全部所需数据。
[2026-04-06 02:24:23] [SUCCESS] bvid=BV1yUXfBuEZL 已成功抓取全部所需数据。
[2026-04-06 02:24:28] [SUCCESS] bvid=BV15S9FBtEWR 已成功抓取全部所需数据。
[2026-04-06 02:24:34] [SUCCESS] bvid=BV1RS9FB4Edf 已成功抓取全部所需数据。
[2026-04-06 02:24:40] [SUCCESS] bvid=BV1RS9FB4Edv 已成功抓取全部所需数据。
[2026-04-06 02:24:45] [SUCCESS] bvid=BV1RS9FB4Emk 已成功抓取全部所需数据。
[2026-04-06 02:24:50] [SUCCESS] bvid=BV1j29FB8EtY 已成功抓取全部所需数据。
[2026-04-06 02:24:56] [SUCCESS] bvid=BV1j19FBcELa 已成功抓取全部所需数据。
[2026-04-06 02:25:01] [SUCCESS] bvid=BV1j19FBcEHP 已成功抓取全部所需数据。
[2026-04-06 02:25:06] [SUCCESS] bvid=BV1j19FBcEPU 已成功抓取全部所需数据。
[2026-04-06 02:25:12] [SUCCESS] bvid=BV1j19FBcENj 已成功抓取全部所需数据。
[2026-04-06 02:25:17] [SUCCESS] bvid=BV1o29FBbEPm 已成功抓取全部所需数据。
[2026-04-06 02:25:22] [SUCCESS] bvid=BV1JE9cBBErE 已成功抓取全部所需数据。
[2026-04-06 02:25:28] [SUCCESS] bvid=BV1Jn9cBTEss 已成功抓取全部所需数据。
[2026-04-06 02:25:33] [SUCCESS] bvid=BV1zn9cBKEcE 已成功抓取全部所需数据。
[2026-04-06 02:25:38] [SUCCESS] bvid=BV1Jn9cBTEYo 已成功抓取全部所需数据。
[2026-04-06 02:25:44] [SUCCESS] bvid=BV1cn9cBTENz 已成功抓取全部所需数据。
[2026-04-06 02:25:49] [SUCCESS] bvid=BV1Fn9cBTEYo 已成功抓取全部所需数据。
[2026-04-06 02:25:54] [SUCCESS] bvid=BV1zn9cBKEEm 已成功抓取全部所需数据。
[2026-04-06 02:26:00] [SUCCESS] bvid=BV1cn9cBTE5E 已成功抓取全部所需数据。
[2026-04-06 02:26:06] [SUCCESS] bvid=BV1AL9cB6EwD 已成功抓取全部所需数据。
[2026-04-06 02:26:12] [SUCCESS] bvid=BV1rL9cBzEys 已成功抓取全部所需数据。
[2026-04-06 02:26:18] [SUCCESS] bvid=BV1rL9cBzE8d 已成功抓取全部所需数据。
[2026-04-06 02:26:23] [SUCCESS] bvid=BV1kL9cBzEtJ 已成功抓取全部所需数据。
[2026-04-06 02:26:29] [SUCCESS] bvid=BV1FJ9WBKEEQ 已成功抓取全部所需数据。
[2026-04-06 02:26:35] [SUCCESS] bvid=BV1BnXfBtENX 已成功抓取全部所需数据。
[2026-04-06 02:26:40] [SUCCESS] bvid=BV1kL9cBzEtc 已成功抓取全部所需数据。
[2026-04-06 02:26:46] [SUCCESS] bvid=BV1r79cBMESF 已成功抓取全部所需数据。
[2026-04-06 02:26:51] [SUCCESS] bvid=BV1w79cBuEHe 已成功抓取全部所需数据。
[2026-04-06 02:26:57] [SUCCESS] bvid=BV1EH9cBiEz9 已成功抓取全部所需数据。
[2026-04-06 02:27:02] [SUCCESS] bvid=BV1kTXoBbEkB 已成功抓取全部所需数据。
[2026-04-06 02:27:08] [SUCCESS] bvid=BV1uVXZB5Eqw 已成功抓取全部所需数据。
[2026-04-06 02:27:14] [SUCCESS] bvid=BV1uc9WBEEYQ 已成功抓取全部所需数据。
[2026-04-06 02:27:19] [SUCCESS] bvid=BV1UC9WBUEVQ 已成功抓取全部所需数据。
[2026-04-06 02:27:24] [SUCCESS] bvid=BV13QXZBEE4G 已成功抓取全部所需数据。
[2026-04-06 02:27:30] [SUCCESS] bvid=BV1v4XfBWEuD 已成功抓取全部所需数据。
[2026-04-06 02:27:35] [SUCCESS] bvid=BV1PG9cBkE2B 已成功抓取全部所需数据。
[2026-04-06 02:27:41] [SUCCESS] bvid=BV1ZyXzBgEJY 已成功抓取全部所需数据。
[2026-04-06 02:27:47] [SUCCESS] bvid=BV1cm97BXEen 已成功抓取全部所需数据。
[2026-04-06 02:27:53] [SUCCESS] bvid=BV1fiXZBbEjX 已成功抓取全部所需数据。
[2026-04-06 02:27:59] [SUCCESS] bvid=BV1qs9cBYEqU 已成功抓取全部所需数据。
[2026-04-06 02:28:04] [SUCCESS] bvid=BV1is9cBYEoJ 已成功抓取全部所需数据。
[2026-04-06 02:28:10] [SUCCESS] bvid=BV1i49cBwEyj 已成功抓取全部所需数据。
[2026-04-06 02:28:16] [SUCCESS] bvid=BV1zH9cBvEJQ 已成功抓取全部所需数据。
[2026-04-06 02:28:21] [SUCCESS] bvid=BV11K9cB1Eec 已成功抓取全部所需数据。
[2026-04-06 02:28:26] [SUCCESS] bvid=BV1VSXZBSEND 已成功抓取全部所需数据。
[2026-04-06 02:28:31] [SUCCESS] bvid=BV1XSXZBUEDu 已成功抓取全部所需数据。
[2026-04-06 02:28:36] [SUCCESS] bvid=BV1VSXZBSEtm 已成功抓取全部所需数据。
[2026-04-06 02:28:42] [SUCCESS] bvid=BV1GSXZBSEd9 已成功抓取全部所需数据。
[2026-04-06 02:28:47] [SUCCESS] bvid=BV1VSXZBSEEf 已成功抓取全部所需数据。
[2026-04-06 02:28:53] [SUCCESS] bvid=BV1a3XZB1EMC 已成功抓取全部所需数据。
[2026-04-06 02:28:58] [SUCCESS] bvid=BV1h3XZB1EiD 已成功抓取全部所需数据。
[2026-04-06 02:29:03] [SUCCESS] bvid=BV133XZB1EvW 已成功抓取全部所需数据。
[2026-04-06 02:29:09] [SUCCESS] bvid=BV133XZB1EHu 已成功抓取全部所需数据。
[2026-04-06 02:29:15] [SUCCESS] bvid=BV1EW9cBNERE 已成功抓取全部所需数据。
[2026-04-06 02:29:21] [SUCCESS] bvid=BV1qW9cBPEri 已成功抓取全部所需数据。
[2026-04-06 02:29:28] [SUCCESS] bvid=BV1zW9cBPEg2 已成功抓取全部所需数据。
[2026-04-06 02:29:34] [SUCCESS] bvid=BV17W9cBAEDd 已成功抓取全部所需数据。
[2026-04-06 02:29:40] [SUCCESS] bvid=BV1MA9cBUEmx 已成功抓取全部所需数据。
[2026-04-06 02:29:46] [SUCCESS] bvid=BV11K9cB1EBA 已成功抓取全部所需数据。
[2026-04-06 02:29:52] [SUCCESS] bvid=BV16TXpBhErX 已成功抓取全部所需数据。
[2026-04-06 02:29:52] [INFO] 当前 batch_crawl 已完成，所有视频均已成功抓取。
[2026-04-06 02:29:52] 子任务结束时间：2026-04-06T02:29:52.815205
[TIMESTAMP][END] 2026-04-06T02:29:52
