[TIMESTAMP][BEGIN] 2026-04-05T21:31:25
[2026-04-05 21:31:28] 开始执行 CSV 批量抓取子任务 part_8。
[2026-04-05 21:31:28] 子任务开始时间：2026-04-05T21:31:25.875565
[2026-04-05 21:31:28] 输入文件：batch_input_8.csv
[2026-04-05 21:31:28] 输入唯一 bvid 数量：100
[2026-04-05 21:31:28] 为严格按 CSV 顺序判断连续失败阈值，本次任务自动将并发度从 2 调整为 1。
[2026-04-05 21:31:34] [SUCCESS] bvid=BV1A9DABrEfc 已成功抓取全部所需数据。
[2026-04-05 21:31:40] [SUCCESS] bvid=BV1qADPBeEox 已成功抓取全部所需数据。
[2026-04-05 21:31:46] [SUCCESS] bvid=BV1qADPBeEvp 已成功抓取全部所需数据。
[2026-04-05 21:31:53] [SUCCESS] bvid=BV1ZNDPBAERe 已成功抓取全部所需数据。
[2026-04-05 21:31:59] [SUCCESS] bvid=BV1ZNDPBAEd9 已成功抓取全部所需数据。
[2026-04-05 21:32:05] [SUCCESS] bvid=BV1iNDPBAEZr 已成功抓取全部所需数据。
[2026-04-05 21:32:11] [SUCCESS] bvid=BV1SrDABUEpE 已成功抓取全部所需数据。
[2026-04-05 21:32:18] [SUCCESS] bvid=BV1iNDPBAEx6 已成功抓取全部所需数据。
[2026-04-05 21:32:24] [SUCCESS] bvid=BV1zFDPBiEDd 已成功抓取全部所需数据。
[2026-04-05 21:32:31] [SUCCESS] bvid=BV16FDPBiE7Q 已成功抓取全部所需数据。
[2026-04-05 21:32:38] [SUCCESS] bvid=BV1zFDPBiEMV 已成功抓取全部所需数据。
[2026-04-05 21:32:44] [SUCCESS] bvid=BV16wDPBNEAx 已成功抓取全部所需数据。
[2026-04-05 21:32:49] [SUCCESS] bvid=BV1BwDPBNEJg 已成功抓取全部所需数据。
[2026-04-05 21:32:55] [SUCCESS] bvid=BV11DDABkEPF 已成功抓取全部所需数据。
[2026-04-05 21:32:55] [ERROR] bvid=BV12yDAB2EVb 抓取失败：stat: 接口返回错误代码：62002，信息：稿件不可见。
{'code': 62002, 'message': '稿件不可见', 'ttl': 1} | comment: 接口返回错误代码：62002，信息：稿件不可见。
{'code': 62002, 'message': '稿件不可见', 'ttl': 1}
[2026-04-05 21:33:01] [SUCCESS] bvid=BV1k89uBwEuQ 已成功抓取全部所需数据。
[2026-04-05 21:33:07] [SUCCESS] bvid=BV1Cs9uBvEed 已成功抓取全部所需数据。
[2026-04-05 21:33:13] [SUCCESS] bvid=BV1K2DABjETz 已成功抓取全部所需数据。
[2026-04-05 21:33:19] [SUCCESS] bvid=BV1JE9gBbEEX 已成功抓取全部所需数据。
[2026-04-05 21:33:25] [SUCCESS] bvid=BV1mrDABUERn 已成功抓取全部所需数据。
[2026-04-05 21:33:30] [SUCCESS] bvid=BV1brDABSEPF 已成功抓取全部所需数据。
[2026-04-05 21:33:36] [SUCCESS] bvid=BV1mrDABUEUN 已成功抓取全部所需数据。
[2026-04-05 21:33:42] [SUCCESS] bvid=BV1SrDABUETG 已成功抓取全部所需数据。
[2026-04-05 21:33:48] [SUCCESS] bvid=BV1mCDAB7EfG 已成功抓取全部所需数据。
[2026-04-05 21:33:54] [SUCCESS] bvid=BV1mCDAB7EVM 已成功抓取全部所需数据。
[2026-04-05 21:34:00] [SUCCESS] bvid=BV1AXDABGERW 已成功抓取全部所需数据。
[2026-04-05 21:34:07] [SUCCESS] bvid=BV1yDDABkEMk 已成功抓取全部所需数据。
[2026-04-05 21:34:13] [SUCCESS] bvid=BV1PDDABCE68 已成功抓取全部所需数据。
[2026-04-05 21:34:20] [SUCCESS] bvid=BV1hd9uB5Ej4 已成功抓取全部所需数据。
[2026-04-05 21:34:27] [SUCCESS] bvid=BV1fL9JBHEKL 已成功抓取全部所需数据。
[2026-04-05 21:34:34] [SUCCESS] bvid=BV1ZL9JBHEos 已成功抓取全部所需数据。
[2026-04-05 21:34:40] [SUCCESS] bvid=BV1Ru93BWExG 已成功抓取全部所需数据。
[2026-04-05 21:34:47] [SUCCESS] bvid=BV1aM9TBzETC 已成功抓取全部所需数据。
[2026-04-05 21:34:54] [SUCCESS] bvid=BV1YcXkBTEH5 已成功抓取全部所需数据。
[2026-04-05 21:35:00] [SUCCESS] bvid=BV1Kh9wBEEnS 已成功抓取全部所需数据。
[2026-04-05 21:35:07] [SUCCESS] bvid=BV1XP9TB3Eoe 已成功抓取全部所需数据。
[2026-04-05 21:35:14] [SUCCESS] bvid=BV16G9MBRESr 已成功抓取全部所需数据。
[2026-04-05 21:35:21] [SUCCESS] bvid=BV1Ln9MBnErk 已成功抓取全部所需数据。
[2026-04-05 21:35:27] [SUCCESS] bvid=BV1XWXCBgEYF 已成功抓取全部所需数据。
[2026-04-05 21:35:34] [SUCCESS] bvid=BV1neDwBvE7p 已成功抓取全部所需数据。
[2026-04-05 21:35:40] [SUCCESS] bvid=BV1XM9uBjE5N 已成功抓取全部所需数据。
[2026-04-05 21:35:47] [SUCCESS] bvid=BV149XhBwEko 已成功抓取全部所需数据。
[2026-04-05 21:35:54] [SUCCESS] bvid=BV1jWDABwECE 已成功抓取全部所需数据。
[2026-04-05 21:36:00] [SUCCESS] bvid=BV1PSDAB5EeN 已成功抓取全部所需数据。
[2026-04-05 21:36:01] [ERROR] bvid=BV1PSDAB5EQY 抓取失败：stat: 接口返回错误代码：-404，信息：啥都木有。
{'code': -404, 'message': '啥都木有', 'ttl': 1} | comment: 接口返回错误代码：-404，信息：啥都木有。
{'code': -404, 'message': '啥都木有', 'ttl': 1}
[2026-04-05 21:36:08] [SUCCESS] bvid=BV1SpDPBDEEN 已成功抓取全部所需数据。
[2026-04-05 21:36:15] [SUCCESS] bvid=BV1bpDPBDE8d 已成功抓取全部所需数据。
[2026-04-05 21:36:22] [SUCCESS] bvid=BV1bpDPBDEbC 已成功抓取全部所需数据。
[2026-04-05 21:36:29] [SUCCESS] bvid=BV1aEDPBWEMo 已成功抓取全部所需数据。
[2026-04-05 21:36:36] [SUCCESS] bvid=BV18EDPBWEvG 已成功抓取全部所需数据。
[2026-04-05 21:36:43] [SUCCESS] bvid=BV1UJDPBXErG 已成功抓取全部所需数据。
[2026-04-05 21:36:50] [SUCCESS] bvid=BV18JDPBXEKD 已成功抓取全部所需数据。
[2026-04-05 21:36:56] [SUCCESS] bvid=BV18JDPBXEZN 已成功抓取全部所需数据。
[2026-04-05 21:37:03] [SUCCESS] bvid=BV1LeXMB2Ep3 已成功抓取全部所需数据。
[2026-04-05 21:37:10] [SUCCESS] bvid=BV11bDPB2EGt 已成功抓取全部所需数据。
[2026-04-05 21:37:16] [SUCCESS] bvid=BV12sDPBJEYs 已成功抓取全部所需数据。
[2026-04-05 21:37:23] [SUCCESS] bvid=BV13RDPBfE62 已成功抓取全部所需数据。
[2026-04-05 21:37:29] [SUCCESS] bvid=BV1xxDPBUEme 已成功抓取全部所需数据。
[2026-04-05 21:37:35] [SUCCESS] bvid=BV1u69gB5EGY 已成功抓取全部所需数据。
[2026-04-05 21:37:41] [SUCCESS] bvid=BV19uDPB8ECV 已成功抓取全部所需数据。
[2026-04-05 21:37:48] [SUCCESS] bvid=BV1duDPB8EYJ 已成功抓取全部所需数据。
[2026-04-05 21:37:55] [SUCCESS] bvid=BV1dKDPBaE1g 已成功抓取全部所需数据。
[2026-04-05 21:37:55] [ERROR] bvid=BV17KDPBYECU 抓取失败：stat: 接口返回错误代码：62002，信息：稿件不可见。
{'code': 62002, 'message': '稿件不可见', 'ttl': 1} | comment: 接口返回错误代码：62002，信息：稿件不可见。
{'code': 62002, 'message': '稿件不可见', 'ttl': 1}
[2026-04-05 21:38:01] [SUCCESS] bvid=BV1aLDPBsErZ 已成功抓取全部所需数据。
[2026-04-05 21:38:08] [SUCCESS] bvid=BV1iMDPBcE27 已成功抓取全部所需数据。
[2026-04-05 21:38:14] [SUCCESS] bvid=BV1hjDPBREZ1 已成功抓取全部所需数据。
[2026-04-05 21:38:21] [SUCCESS] bvid=BV1nW9NBUEgf 已成功抓取全部所需数据。
[2026-04-05 21:38:27] [SUCCESS] bvid=BV1uRXZBjEUh 已成功抓取全部所需数据。
[2026-04-05 21:38:34] [SUCCESS] bvid=BV1ALDNBLELW 已成功抓取全部所需数据。
[2026-04-05 21:38:41] [SUCCESS] bvid=BV1qEXfBfEmi 已成功抓取全部所需数据。
[2026-04-05 21:38:47] [SUCCESS] bvid=BV1snXWBrELA 已成功抓取全部所需数据。
[2026-04-05 21:38:54] [SUCCESS] bvid=BV1iADwBdESW 已成功抓取全部所需数据。
[2026-04-05 21:39:00] [SUCCESS] bvid=BV1wD9gBqEdM 已成功抓取全部所需数据。
[2026-04-05 21:39:07] [SUCCESS] bvid=BV1kY9uBFEAd 已成功抓取全部所需数据。
[2026-04-05 21:39:13] [SUCCESS] bvid=BV1eMDwBpED2 已成功抓取全部所需数据。
[2026-04-05 21:39:20] [SUCCESS] bvid=BV1CX9gBKETq 已成功抓取全部所需数据。
[2026-04-05 21:39:26] [SUCCESS] bvid=BV13h9MBkEvK 已成功抓取全部所需数据。
[2026-04-05 21:39:33] [SUCCESS] bvid=BV1eVDPBoEF6 已成功抓取全部所需数据。
[2026-04-05 21:39:40] [SUCCESS] bvid=BV1RXDPBcEsW 已成功抓取全部所需数据。
[2026-04-05 21:39:46] [SUCCESS] bvid=BV1B2DPBNEpc 已成功抓取全部所需数据。
[2026-04-05 21:39:52] [SUCCESS] bvid=BV1j2DPBNE41 已成功抓取全部所需数据。
[2026-04-05 21:40:15] [SUCCESS] bvid=BV1qyDPBiEmP 已成功抓取全部所需数据。
[2026-04-05 21:40:21] [SUCCESS] bvid=BV1Hu9MBoEEY 已成功抓取全部所需数据。
[2026-04-05 21:40:28] [SUCCESS] bvid=BV1NNDAB5EWa 已成功抓取全部所需数据。
[2026-04-05 21:40:35] [SUCCESS] bvid=BV15XDPBcES4 已成功抓取全部所需数据。
[2026-04-05 21:40:41] [SUCCESS] bvid=BV1PGDNB7EnN 已成功抓取全部所需数据。
[2026-04-05 21:40:47] [SUCCESS] bvid=BV1Y9DPB8ECc 已成功抓取全部所需数据。
[2026-04-05 21:40:54] [SUCCESS] bvid=BV159DPB8ETf 已成功抓取全部所需数据。
[2026-04-05 21:41:00] [SUCCESS] bvid=BV1seDPBVEFu 已成功抓取全部所需数据。
[2026-04-05 21:41:07] [SUCCESS] bvid=BV1pvDPBkEvn 已成功抓取全部所需数据。
[2026-04-05 21:41:13] [SUCCESS] bvid=BV1shDPBLEF5 已成功抓取全部所需数据。
[2026-04-05 21:41:19] [SUCCESS] bvid=BV1qa9NB5ELE 已成功抓取全部所需数据。
[2026-04-05 21:41:26] [SUCCESS] bvid=BV1MYXeBVEXz 已成功抓取全部所需数据。
[2026-04-05 21:41:33] [SUCCESS] bvid=BV1Lf9KB1EiB 已成功抓取全部所需数据。
[2026-04-05 21:41:40] [SUCCESS] bvid=BV1499NBFEV8 已成功抓取全部所需数据。
[2026-04-05 21:41:45] [SUCCESS] bvid=BV1QsXCBzEDn 已成功抓取全部所需数据。
[2026-04-05 21:41:52] [SUCCESS] bvid=BV1P3DABgEHJ 已成功抓取全部所需数据。
[2026-04-05 21:41:58] [SUCCESS] bvid=BV1Cp9NBnEKz 已成功抓取全部所需数据。
[2026-04-05 21:42:05] [SUCCESS] bvid=BV1JrDPBBEcD 已成功抓取全部所需数据。
[2026-04-05 21:42:11] [SUCCESS] bvid=BV1PgDNBUEeK 已成功抓取全部所需数据。
[2026-04-05 21:42:11] [WARN] 当前子任务已结束，但仍有未成功抓取的视频，已导出 remaining CSV 供继续执行。
[2026-04-05 21:42:11] [INFO] 已导出剔除成功条目后的剩余 CSV：D:\Schoolworks\Thesis\Bilibili-Datahub\outputs\video_data\manual_crawls\manual_crawl_stat_comment_20260405_160535\remaining_bvids_part_8.csv
[2026-04-05 21:42:11] 子任务结束时间：2026-04-05T21:42:11.645034
[TIMESTAMP][END] 2026-04-05T21:42:11
