[TIMESTAMP][BEGIN] 2026-04-05T22:25:43
[2026-04-05 22:25:45] 开始执行 CSV 批量抓取子任务 part_11。
[2026-04-05 22:25:45] 子任务开始时间：2026-04-05T22:25:43.048569
[2026-04-05 22:25:45] 输入文件：batch_input_11.csv
[2026-04-05 22:25:45] 输入唯一 bvid 数量：100
[2026-04-05 22:25:45] 为严格按 CSV 顺序判断连续失败阈值，本次任务自动将并发度从 2 调整为 1。
[2026-04-05 22:25:51] [SUCCESS] bvid=BV1Rs9MB2E3j 已成功抓取全部所需数据。
[2026-04-05 22:25:57] [SUCCESS] bvid=BV1es9MB2Eew 已成功抓取全部所需数据。
[2026-04-05 22:26:03] [SUCCESS] bvid=BV1Gs9MB2Eii 已成功抓取全部所需数据。
[2026-04-05 22:26:10] [SUCCESS] bvid=BV1be9MB6Eh4 已成功抓取全部所需数据。
[2026-04-05 22:26:16] [SUCCESS] bvid=BV18e9MB6EZ1 已成功抓取全部所需数据。
[2026-04-05 22:26:23] [SUCCESS] bvid=BV1V49MBLEvy 已成功抓取全部所需数据。
[2026-04-05 22:26:30] [SUCCESS] bvid=BV1Df9FBnE1u 已成功抓取全部所需数据。
[2026-04-05 22:26:36] [SUCCESS] bvid=BV1X49MBLE14 已成功抓取全部所需数据。
[2026-04-05 22:26:43] [SUCCESS] bvid=BV1De9MB6ETH 已成功抓取全部所需数据。
[2026-04-05 22:26:49] [SUCCESS] bvid=BV18e9MB6E7k 已成功抓取全部所需数据。
[2026-04-05 22:26:55] [SUCCESS] bvid=BV1ue9MB6E3F 已成功抓取全部所需数据。
[2026-04-05 22:27:02] [SUCCESS] bvid=BV1ui9MBuE8c 已成功抓取全部所需数据。
[2026-04-05 22:27:08] [SUCCESS] bvid=BV1te9MB6E1X 已成功抓取全部所需数据。
[2026-04-05 22:27:15] [SUCCESS] bvid=BV18h9MBkECz 已成功抓取全部所需数据。
[2026-04-05 22:27:21] [SUCCESS] bvid=BV18i9MBuEVN 已成功抓取全部所需数据。
[2026-04-05 22:27:28] [SUCCESS] bvid=BV1be9MB6EYT 已成功抓取全部所需数据。
[2026-04-05 22:27:34] [SUCCESS] bvid=BV1gY9MB3E65 已成功抓取全部所需数据。
[2026-04-05 22:27:41] [SUCCESS] bvid=BV1Mi9MBuEqD 已成功抓取全部所需数据。
[2026-04-05 22:27:47] [SUCCESS] bvid=BV1gh9MBkEGt 已成功抓取全部所需数据。
[2026-04-05 22:27:54] [SUCCESS] bvid=BV1hh9MBkECQ 已成功抓取全部所需数据。
[2026-04-05 22:28:00] [SUCCESS] bvid=BV1hY9MB3E3q 已成功抓取全部所需数据。
[2026-04-05 22:28:07] [SUCCESS] bvid=BV1gh9MBkEqr 已成功抓取全部所需数据。
[2026-04-05 22:28:14] [SUCCESS] bvid=BV13h9MBkEcU 已成功抓取全部所需数据。
[2026-04-05 22:28:20] [SUCCESS] bvid=BV1gY9MB3E7z 已成功抓取全部所需数据。
[2026-04-05 22:28:27] [SUCCESS] bvid=BV13h9MBkEmJ 已成功抓取全部所需数据。
[2026-04-05 22:28:33] [SUCCESS] bvid=BV1uY9MB3EvQ 已成功抓取全部所需数据。
[2026-04-05 22:28:40] [SUCCESS] bvid=BV1gY9MB3EXU 已成功抓取全部所需数据。
[2026-04-05 22:28:46] [SUCCESS] bvid=BV1uY9MB3EyK 已成功抓取全部所需数据。
[2026-04-05 22:28:53] [SUCCESS] bvid=BV1gY9MB3ED4 已成功抓取全部所需数据。
[2026-04-05 22:28:59] [SUCCESS] bvid=BV1RN9uBEEZu 已成功抓取全部所需数据。
[2026-04-05 22:29:06] [SUCCESS] bvid=BV1s5XkBtEdR 已成功抓取全部所需数据。
[2026-04-05 22:29:12] [SUCCESS] bvid=BV1HU9KBpENq 已成功抓取全部所需数据。
[2026-04-05 22:29:19] [SUCCESS] bvid=BV1VN9uBJEZ3 已成功抓取全部所需数据。
[2026-04-05 22:29:25] [SUCCESS] bvid=BV1eK9uBUEBi 已成功抓取全部所需数据。
[2026-04-05 22:29:31] [SUCCESS] bvid=BV19N9uBEEmY 已成功抓取全部所需数据。
[2026-04-05 22:29:37] [SUCCESS] bvid=BV1Q39uB5ES7 已成功抓取全部所需数据。
[2026-04-05 22:29:43] [SUCCESS] bvid=BV1vN9uBJEqo 已成功抓取全部所需数据。
[2026-04-05 22:29:49] [SUCCESS] bvid=BV1YK9uBUE63 已成功抓取全部所需数据。
[2026-04-05 22:29:55] [SUCCESS] bvid=BV1RK9uBUEpk 已成功抓取全部所需数据。
[2026-04-05 22:30:01] [SUCCESS] bvid=BV1J49NBUEEw 已成功抓取全部所需数据。
[2026-04-05 22:30:08] [SUCCESS] bvid=BV1ZqXZBoEgJ 已成功抓取全部所需数据。
[2026-04-05 22:30:14] [SUCCESS] bvid=BV1XK9uBmEkt 已成功抓取全部所需数据。
[2026-04-05 22:30:21] [SUCCESS] bvid=BV1Rw9uBnEQQ 已成功抓取全部所需数据。
[2026-04-05 22:30:27] [SUCCESS] bvid=BV1U39TBiEBU 已成功抓取全部所需数据。
[2026-04-05 22:30:34] [SUCCESS] bvid=BV1SL9uBrErU 已成功抓取全部所需数据。
[2026-04-05 22:30:41] [SUCCESS] bvid=BV1iw9uBHEV3 已成功抓取全部所需数据。
[2026-04-05 22:30:48] [SUCCESS] bvid=BV18Q9TBuEXo 已成功抓取全部所需数据。
[2026-04-05 22:30:54] [SUCCESS] bvid=BV13x9KBuEqP 已成功抓取全部所需数据。
[2026-04-05 22:31:01] [SUCCESS] bvid=BV1BU9PByEjo 已成功抓取全部所需数据。
[2026-04-05 22:31:08] [SUCCESS] bvid=BV1Ki9KBhEnA 已成功抓取全部所需数据。
[2026-04-05 22:31:14] [SUCCESS] bvid=BV1m79TBaEpd 已成功抓取全部所需数据。
[2026-04-05 22:31:21] [SUCCESS] bvid=BV1CH9TBfEDq 已成功抓取全部所需数据。
[2026-04-05 22:31:28] [SUCCESS] bvid=BV15w9TBCEQB 已成功抓取全部所需数据。
[2026-04-05 22:31:34] [SUCCESS] bvid=BV1349KBqEMB 已成功抓取全部所需数据。
[2026-04-05 22:31:41] [SUCCESS] bvid=BV11J9TBcEct 已成功抓取全部所需数据。
[2026-04-05 22:31:48] [SUCCESS] bvid=BV1m59TBvEAu 已成功抓取全部所需数据。
[2026-04-05 22:31:54] [SUCCESS] bvid=BV1u5XZBCEoT 已成功抓取全部所需数据。
[2026-04-05 22:32:01] [SUCCESS] bvid=BV1ub9KBKEk7 已成功抓取全部所需数据。
[2026-04-05 22:32:08] [SUCCESS] bvid=BV1j6XZBdEZv 已成功抓取全部所需数据。
[2026-04-05 22:32:14] [SUCCESS] bvid=BV1Lw9uBHEne 已成功抓取全部所需数据。
[2026-04-05 22:32:21] [SUCCESS] bvid=BV1dw9uBnEWC 已成功抓取全部所需数据。
[2026-04-05 22:32:28] [SUCCESS] bvid=BV1LA9uBDEDH 已成功抓取全部所需数据。
[2026-04-05 22:32:35] [SUCCESS] bvid=BV1D39uB5EBk 已成功抓取全部所需数据。
[2026-04-05 22:32:41] [SUCCESS] bvid=BV19M9uBjE7r 已成功抓取全部所需数据。
[2026-04-05 22:32:47] [SUCCESS] bvid=BV1iA9uBDEp2 已成功抓取全部所需数据。
[2026-04-05 22:32:54] [SUCCESS] bvid=BV1dA9uBSEEB 已成功抓取全部所需数据。
[2026-04-05 22:33:00] [SUCCESS] bvid=BV1LA9uBDEu6 已成功抓取全部所需数据。
[2026-04-05 22:33:07] [SUCCESS] bvid=BV1RA9uBSE5L 已成功抓取全部所需数据。
[2026-04-05 22:33:14] [SUCCESS] bvid=BV1cS9MB8Ez9 已成功抓取全部所需数据。
[2026-04-05 22:33:20] [SUCCESS] bvid=BV1uU95BsETh 已成功抓取全部所需数据。
[2026-04-05 22:33:27] [SUCCESS] bvid=BV13x9KBMEWw 已成功抓取全部所需数据。
[2026-04-05 22:33:33] [SUCCESS] bvid=BV1DG9uBCE53 已成功抓取全部所需数据。
[2026-04-05 22:33:39] [SUCCESS] bvid=BV1DG9uBCEMK 已成功抓取全部所需数据。
[2026-04-05 22:33:46] [SUCCESS] bvid=BV1SG9uBCESh 已成功抓取全部所需数据。
[2026-04-05 22:33:52] [SUCCESS] bvid=BV13G9uByEhq 已成功抓取全部所需数据。
[2026-04-05 22:33:59] [SUCCESS] bvid=BV1DG9uBCEsP 已成功抓取全部所需数据。
[2026-04-05 22:34:05] [SUCCESS] bvid=BV1JX9MBtECc 已成功抓取全部所需数据。
[2026-04-05 22:34:14] [SUCCESS] bvid=BV1mb9wBSEsT 已成功抓取全部所需数据。
[2026-04-05 22:34:20] [SUCCESS] bvid=BV13b9KBKEAB 已成功抓取全部所需数据。
[2026-04-05 22:34:27] [SUCCESS] bvid=BV1EX9KBSErc 已成功抓取全部所需数据。
[2026-04-05 22:34:33] [SUCCESS] bvid=BV1Qu9uB1Eps 已成功抓取全部所需数据。
[2026-04-05 22:34:39] [SUCCESS] bvid=BV1Gu9uB2EKM 已成功抓取全部所需数据。
[2026-04-05 22:36:48] [SUCCESS] bvid=BV1c99MBoEch 已成功抓取全部所需数据。
[2026-04-05 22:36:54] [SUCCESS] bvid=BV1of9MBpEhB 已成功抓取全部所需数据。
[2026-04-05 22:39:04] [SUCCESS] bvid=BV1FX9MBtE43 已成功抓取全部所需数据。
[2026-04-05 22:39:10] [SUCCESS] bvid=BV1FX9MBtETt 已成功抓取全部所需数据。
[2026-04-05 22:39:18] [SUCCESS] bvid=BV1cX9MBbEsB 已成功抓取全部所需数据。
[2026-04-05 22:39:24] [SUCCESS] bvid=BV1rD9MBfExc 已成功抓取全部所需数据。
[2026-04-05 22:39:30] [SUCCESS] bvid=BV1F99MBoEU5 已成功抓取全部所需数据。
[2026-04-05 22:39:36] [SUCCESS] bvid=BV1E99MBoEox 已成功抓取全部所需数据。
[2026-04-05 22:39:42] [SUCCESS] bvid=BV1699MBoEfd 已成功抓取全部所需数据。
[2026-04-05 22:39:48] [SUCCESS] bvid=BV1gV9TBKEc8 已成功抓取全部所需数据。
[2026-04-05 22:41:56] [SUCCESS] bvid=BV1u49KBqE9i 已成功抓取全部所需数据。
[2026-04-05 22:42:03] [SUCCESS] bvid=BV1Zd9KB2EKx 已成功抓取全部所需数据。
[2026-04-05 22:42:17] [SUCCESS] bvid=BV1An9NBXEyu 已成功抓取全部所需数据。
[2026-04-05 22:42:26] [SUCCESS] bvid=BV18L9uBkEyN 已成功抓取全部所需数据。
[2026-04-05 22:42:32] [SUCCESS] bvid=BV1F99MBoEcu 已成功抓取全部所需数据。
[2026-04-05 22:42:40] [SUCCESS] bvid=BV1n99MBoEHL 已成功抓取全部所需数据。
[2026-04-05 22:52:46] [SUCCESS] bvid=BV1of9MBpEpb 已成功抓取全部所需数据。
[2026-04-05 22:52:53] [SUCCESS] bvid=BV1cD9MBfEsM 已成功抓取全部所需数据。
[2026-04-05 22:52:53] [INFO] 当前 batch_crawl 已完成，所有视频均已成功抓取。
[2026-04-05 22:52:53] 子任务结束时间：2026-04-05T22:52:53.556482
[TIMESTAMP][END] 2026-04-05T22:52:53
