[TIMESTAMP][BEGIN] 2026-04-05T23:03:41
[2026-04-05 23:03:44] 开始执行 CSV 批量抓取子任务 part_13。
[2026-04-05 23:03:44] 子任务开始时间：2026-04-05T23:03:41.416696
[2026-04-05 23:03:44] 输入文件：batch_input_13.csv
[2026-04-05 23:03:44] 输入唯一 bvid 数量：100
[2026-04-05 23:03:44] 为严格按 CSV 顺序判断连续失败阈值，本次任务自动将并发度从 2 调整为 1。
[2026-04-05 23:03:50] [SUCCESS] bvid=BV1Pt9uBeErf 已成功抓取全部所需数据。
[2026-04-05 23:03:56] [SUCCESS] bvid=BV1619PB2ERi 已成功抓取全部所需数据。
[2026-04-05 23:04:02] [SUCCESS] bvid=BV1Vw9TBCEXJ 已成功抓取全部所需数据。
[2026-04-05 23:04:09] [SUCCESS] bvid=BV1g49KBqEbE 已成功抓取全部所需数据。
[2026-04-05 23:04:15] [SUCCESS] bvid=BV1cv9uBfENQ 已成功抓取全部所需数据。
[2026-04-05 23:04:22] [SUCCESS] bvid=BV1nv9uBfE4J 已成功抓取全部所需数据。
[2026-04-05 23:04:29] [SUCCESS] bvid=BV1Bq9uB4EeJ 已成功抓取全部所需数据。
[2026-04-05 23:04:35] [SUCCESS] bvid=BV16q9uBtE4M 已成功抓取全部所需数据。
[2026-04-05 23:04:42] [SUCCESS] bvid=BV1uX9EBME99 已成功抓取全部所需数据。
[2026-04-05 23:04:48] [SUCCESS] bvid=BV1Bq9uB4Ev7 已成功抓取全部所需数据。
[2026-04-05 23:04:54] [SUCCESS] bvid=BV1zq9uB4EMV 已成功抓取全部所需数据。
[2026-04-05 23:05:01] [SUCCESS] bvid=BV16Y9uBFEsr 已成功抓取全部所需数据。
[2026-04-05 23:05:07] [SUCCESS] bvid=BV1Eq9uBtEy5 已成功抓取全部所需数据。
[2026-04-05 23:05:12] [SUCCESS] bvid=BV1Fq9uBtENx 已成功抓取全部所需数据。
[2026-04-05 23:05:18] [SUCCESS] bvid=BV1Bq9uB4Eyi 已成功抓取全部所需数据。
[2026-04-05 23:05:25] [SUCCESS] bvid=BV1rY9uBFEz7 已成功抓取全部所需数据。
[2026-04-05 23:05:31] [SUCCESS] bvid=BV1Fq9uBtEYh 已成功抓取全部所需数据。
[2026-04-05 23:05:37] [SUCCESS] bvid=BV16Y9uBFEhK 已成功抓取全部所需数据。
[2026-04-05 23:05:44] [SUCCESS] bvid=BV16e9uBbEd1 已成功抓取全部所需数据。
[2026-04-05 23:05:50] [SUCCESS] bvid=BV1kY9uBFEwG 已成功抓取全部所需数据。
[2026-04-05 23:05:56] [SUCCESS] bvid=BV1ME9FBUE13 已成功抓取全部所需数据。
[2026-04-05 23:06:03] [SUCCESS] bvid=BV16e9uBbEuu 已成功抓取全部所需数据。
[2026-04-05 23:06:09] [SUCCESS] bvid=BV1UE9uBzE55 已成功抓取全部所需数据。
[2026-04-05 23:06:15] [SUCCESS] bvid=BV1ze9uBbE5a 已成功抓取全部所需数据。
[2026-04-05 23:06:21] [SUCCESS] bvid=BV1ze9uBbELZ 已成功抓取全部所需数据。
[2026-04-05 23:06:27] [SUCCESS] bvid=BV1Gp9KBgEhc 已成功抓取全部所需数据。
[2026-04-05 23:06:33] [SUCCESS] bvid=BV1vc9TB5EEY 已成功抓取全部所需数据。
[2026-04-05 23:06:39] [SUCCESS] bvid=BV1CW9TBtEvR 已成功抓取全部所需数据。
[2026-04-05 23:06:46] [SUCCESS] bvid=BV19o9PBME2k 已成功抓取全部所需数据。
[2026-04-05 23:06:52] [SUCCESS] bvid=BV1k49TBxE2N 已成功抓取全部所需数据。
[2026-04-05 23:06:58] [SUCCESS] bvid=BV1Bh9TBXE1J 已成功抓取全部所需数据。
[2026-04-05 23:07:03] [SUCCESS] bvid=BV1Yc9NBiEk6 已成功抓取全部所需数据。
[2026-04-05 23:07:09] [SUCCESS] bvid=BV1tY9KBYEHA 已成功抓取全部所需数据。
[2026-04-05 23:07:15] [SUCCESS] bvid=BV18L9uBkE2j 已成功抓取全部所需数据。
[2026-04-05 23:07:21] [SUCCESS] bvid=BV1qq9TBUEhm 已成功抓取全部所需数据。
[2026-04-05 23:07:27] [SUCCESS] bvid=BV17e9TBQEj7 已成功抓取全部所需数据。
[2026-04-05 23:07:32] [SUCCESS] bvid=BV1SD9NBwE7N 已成功抓取全部所需数据。
[2026-04-05 23:07:38] [SUCCESS] bvid=BV1bY9KBYEEC 已成功抓取全部所需数据。
[2026-04-05 23:07:44] [SUCCESS] bvid=BV16e9uBbEg9 已成功抓取全部所需数据。
[2026-04-05 23:07:50] [SUCCESS] bvid=BV1ze9uBbE9r 已成功抓取全部所需数据。
[2026-04-05 23:07:56] [SUCCESS] bvid=BV1b79uB3Est 已成功抓取全部所需数据。
[2026-04-05 23:08:02] [SUCCESS] bvid=BV1b79uB3Esg 已成功抓取全部所需数据。
[2026-04-05 23:08:08] [SUCCESS] bvid=BV1m79uBgEk1 已成功抓取全部所需数据。
[2026-04-05 23:08:15] [SUCCESS] bvid=BV1w19KBsEHs 已成功抓取全部所需数据。
[2026-04-05 23:08:21] [SUCCESS] bvid=BV1mE9uBzE8o 已成功抓取全部所需数据。
[2026-04-05 23:08:27] [SUCCESS] bvid=BV1Ns9uBiEHo 已成功抓取全部所需数据。
[2026-04-05 23:08:33] [SUCCESS] bvid=BV1UE9uBzE5n 已成功抓取全部所需数据。
[2026-04-05 23:08:39] [SUCCESS] bvid=BV1TE9uB6ESV 已成功抓取全部所需数据。
[2026-04-05 23:08:44] [SUCCESS] bvid=BV1ME9uB6E1R 已成功抓取全部所需数据。
[2026-04-05 23:08:50] [SUCCESS] bvid=BV1ME9uB6ESe 已成功抓取全部所需数据。
[2026-04-05 23:08:56] [SUCCESS] bvid=BV1UE9uBzETs 已成功抓取全部所需数据。
[2026-04-05 23:09:02] [SUCCESS] bvid=BV1D59uBGEuH 已成功抓取全部所需数据。
[2026-04-05 23:09:07] [SUCCESS] bvid=BV1F7XfBhELo 已成功抓取全部所需数据。
[2026-04-05 23:09:13] [SUCCESS] bvid=BV1SM9TBBEb1 已成功抓取全部所需数据。
[2026-04-05 23:09:20] [SUCCESS] bvid=BV12cXfB3Erz 已成功抓取全部所需数据。
[2026-04-05 23:09:26] [SUCCESS] bvid=BV1fU9PBCEM7 已成功抓取全部所需数据。
[2026-04-05 23:09:33] [SUCCESS] bvid=BV18Q9TBuEFq 已成功抓取全部所需数据。
[2026-04-05 23:09:40] [SUCCESS] bvid=BV1jZ9KBjE8z 已成功抓取全部所需数据。
[2026-04-05 23:09:46] [SUCCESS] bvid=BV1Qo9FBQEhs 已成功抓取全部所需数据。
[2026-04-05 23:09:53] [SUCCESS] bvid=BV1n19PB2EPj 已成功抓取全部所需数据。
[2026-04-05 23:10:00] [SUCCESS] bvid=BV1359uBVEKU 已成功抓取全部所需数据。
[2026-04-05 23:10:07] [SUCCESS] bvid=BV1D59uBVEyH 已成功抓取全部所需数据。
[2026-04-05 23:10:14] [SUCCESS] bvid=BV1SL9uBrEqz 已成功抓取全部所需数据。
[2026-04-05 23:10:20] [SUCCESS] bvid=BV1D59uBGE7S 已成功抓取全部所需数据。
[2026-04-05 23:10:27] [SUCCESS] bvid=BV1SL9uBrErG 已成功抓取全部所需数据。
[2026-04-05 23:10:34] [SUCCESS] bvid=BV1yW9uBKEjX 已成功抓取全部所需数据。
[2026-04-05 23:10:41] [SUCCESS] bvid=BV1nU9KBpEpg 已成功抓取全部所需数据。
[2026-04-05 23:10:49] [SUCCESS] bvid=BV1FU9KBpECm 已成功抓取全部所需数据。
[2026-04-05 23:10:56] [SUCCESS] bvid=BV1xs9uBiEeE 已成功抓取全部所需数据。
[2026-04-05 23:11:02] [SUCCESS] bvid=BV1Ns9uBiEQT 已成功抓取全部所需数据。
[2026-04-05 23:11:09] [SUCCESS] bvid=BV1KW9uBTEBb 已成功抓取全部所需数据。
[2026-04-05 23:11:15] [SUCCESS] bvid=BV1P79NBREhH 已成功抓取全部所需数据。
[2026-04-05 23:11:22] [SUCCESS] bvid=BV1Ps9uBiEo2 已成功抓取全部所需数据。
[2026-04-05 23:11:29] [SUCCESS] bvid=BV1Kn9uBuEoL 已成功抓取全部所需数据。
[2026-04-05 23:11:36] [SUCCESS] bvid=BV1Nn9TBhEYR 已成功抓取全部所需数据。
[2026-04-05 23:11:43] [SUCCESS] bvid=BV1Tn9uBuEQV 已成功抓取全部所需数据。
[2026-04-05 23:11:49] [SUCCESS] bvid=BV1Qx9KBMEP2 已成功抓取全部所需数据。
[2026-04-05 23:11:56] [SUCCESS] bvid=BV1C19KBsE77 已成功抓取全部所需数据。
[2026-04-05 23:12:02] [SUCCESS] bvid=BV12n9uBMEqd 已成功抓取全部所需数据。
[2026-04-05 23:12:09] [SUCCESS] bvid=BV1Be9TBDEgF 已成功抓取全部所需数据。
[2026-04-05 23:12:17] [SUCCESS] bvid=BV1b89KBvEQ9 已成功抓取全部所需数据。
[2026-04-05 23:12:24] [SUCCESS] bvid=BV11V9NB4EZJ 已成功抓取全部所需数据。
[2026-04-05 23:12:30] [SUCCESS] bvid=BV1F7XfBhEng 已成功抓取全部所需数据。
[2026-04-05 23:12:36] [SUCCESS] bvid=BV1kt9TBREgY 已成功抓取全部所需数据。
[2026-04-05 23:12:43] [SUCCESS] bvid=BV15F9NBTEa5 已成功抓取全部所需数据。
[2026-04-05 23:12:50] [SUCCESS] bvid=BV1MJXZBgEwH 已成功抓取全部所需数据。
[2026-04-05 23:12:56] [SUCCESS] bvid=BV1CR9ABDEdk 已成功抓取全部所需数据。
[2026-04-05 23:13:03] [SUCCESS] bvid=BV1Fy9wBzENY 已成功抓取全部所需数据。
[2026-04-05 23:13:09] [SUCCESS] bvid=BV1zh9jByE5V 已成功抓取全部所需数据。
[2026-04-05 23:13:16] [SUCCESS] bvid=BV1wn9jBnEie 已成功抓取全部所需数据。
[2026-04-05 23:13:22] [SUCCESS] bvid=BV1mg9NBbEQi 已成功抓取全部所需数据。
[2026-04-05 23:13:29] [SUCCESS] bvid=BV1QA9NBPEdF 已成功抓取全部所需数据。
[2026-04-05 23:13:36] [SUCCESS] bvid=BV1KXX6B9E5b 已成功抓取全部所需数据。
[2026-04-05 23:13:42] [SUCCESS] bvid=BV1nr9wBrE2J 已成功抓取全部所需数据。
[2026-04-05 23:13:49] [SUCCESS] bvid=BV1239NBZEw9 已成功抓取全部所需数据。
[2026-04-05 23:13:55] [SUCCESS] bvid=BV1MV9TBKEXk 已成功抓取全部所需数据。
[2026-04-05 23:14:02] [SUCCESS] bvid=BV1Y9XzBPEid 已成功抓取全部所需数据。
[2026-04-05 23:14:09] [SUCCESS] bvid=BV1c59cB3E9W 已成功抓取全部所需数据。
[2026-04-05 23:14:16] [SUCCESS] bvid=BV1Ma9KBPEmT 已成功抓取全部所需数据。
[2026-04-05 23:14:23] [SUCCESS] bvid=BV1pzQZBYE24 已成功抓取全部所需数据。
[2026-04-05 23:14:23] [INFO] 当前 batch_crawl 已完成，所有视频均已成功抓取。
[2026-04-05 23:14:23] 子任务结束时间：2026-04-05T23:14:23.055480
[TIMESTAMP][END] 2026-04-05T23:14:23
