[TIMESTAMP][BEGIN] 2026-04-06T03:38:10
[2026-04-06 03:38:12] 开始执行 CSV 批量抓取子任务 part_24。
[2026-04-06 03:38:12] 子任务开始时间：2026-04-06T03:38:10.090923
[2026-04-06 03:38:12] 输入文件：batch_input_24.csv
[2026-04-06 03:38:12] 输入唯一 bvid 数量：100
[2026-04-06 03:38:12] 为严格按 CSV 顺序判断连续失败阈值，本次任务自动将并发度从 2 调整为 1。
[2026-04-06 03:38:18] [SUCCESS] bvid=BV1q997BmETc 已成功抓取全部所需数据。
[2026-04-06 03:38:23] [SUCCESS] bvid=BV1Mw9WBmEix 已成功抓取全部所需数据。
[2026-04-06 03:38:29] [SUCCESS] bvid=BV1uw9WBmEbr 已成功抓取全部所需数据。
[2026-04-06 03:38:35] [SUCCESS] bvid=BV1e39sB8EZh 已成功抓取全部所需数据。
[2026-04-06 03:38:41] [SUCCESS] bvid=BV14P9WBjEYi 已成功抓取全部所需数据。
[2026-04-06 03:38:47] [SUCCESS] bvid=BV1j29pBZEws 已成功抓取全部所需数据。
[2026-04-06 03:38:53] [SUCCESS] bvid=BV1L29pBZEmv 已成功抓取全部所需数据。
[2026-04-06 03:38:59] [SUCCESS] bvid=BV1Ee9EBnE8N 已成功抓取全部所需数据。
[2026-04-06 03:39:04] [SUCCESS] bvid=BV1j29pBZEXh 已成功抓取全部所需数据。
[2026-04-06 03:39:10] [SUCCESS] bvid=BV1iU9pB4E4g 已成功抓取全部所需数据。
[2026-04-06 03:39:15] [SUCCESS] bvid=BV15U9pB4E14 已成功抓取全部所需数据。
[2026-04-06 03:39:21] [SUCCESS] bvid=BV15U9pB4E12 已成功抓取全部所需数据。
[2026-04-06 03:39:27] [SUCCESS] bvid=BV1Ey9pBFEvS 已成功抓取全部所需数据。
[2026-04-06 03:39:33] [SUCCESS] bvid=BV1j19pBbE3w 已成功抓取全部所需数据。
[2026-04-06 03:39:38] [SUCCESS] bvid=BV1VX9pB9EXx 已成功抓取全部所需数据。
[2026-04-06 03:39:44] [SUCCESS] bvid=BV19X9pB9EC7 已成功抓取全部所需数据。
[2026-04-06 03:39:49] [SUCCESS] bvid=BV1eX9pB9ET1 已成功抓取全部所需数据。
[2026-04-06 03:39:55] [SUCCESS] bvid=BV1GR9pBWEHJ 已成功抓取全部所需数据。
[2026-04-06 03:40:01] [SUCCESS] bvid=BV1GR9pBpE7K 已成功抓取全部所需数据。
[2026-04-06 03:40:07] [SUCCESS] bvid=BV1eS9pBdEUJ 已成功抓取全部所需数据。
[2026-04-06 03:40:13] [SUCCESS] bvid=BV1LS9pBdEJo 已成功抓取全部所需数据。
[2026-04-06 03:40:19] [SUCCESS] bvid=BV1LS9pBdEvp 已成功抓取全部所需数据。
[2026-04-06 03:40:25] [SUCCESS] bvid=BV1VQ9pBsEqi 已成功抓取全部所需数据。
[2026-04-06 03:40:31] [SUCCESS] bvid=BV1vQ9pBsETW 已成功抓取全部所需数据。
[2026-04-06 03:40:37] [SUCCESS] bvid=BV1vQ9pBsEuF 已成功抓取全部所需数据。
[2026-04-06 03:40:43] [SUCCESS] bvid=BV1kD9HBKEhy 已成功抓取全部所需数据。
[2026-04-06 03:40:48] [SUCCESS] bvid=BV1fW9WBaELt 已成功抓取全部所需数据。
[2026-04-06 03:40:54] [SUCCESS] bvid=BV1Zx9WBcEzH 已成功抓取全部所需数据。
[2026-04-06 03:41:00] [SUCCESS] bvid=BV1ox9WBcEYy 已成功抓取全部所需数据。
[2026-04-06 03:41:08] [SUCCESS] bvid=BV1Zx9WBcERB 已成功抓取全部所需数据。
[2026-04-06 03:41:14] [SUCCESS] bvid=BV1v89WBbE9n 已成功抓取全部所需数据。
[2026-04-06 03:51:19] [SUCCESS] bvid=BV1Fn9WBvEmm 已成功抓取全部所需数据。
[2026-04-06 03:51:25] [SUCCESS] bvid=BV1Fn9WBvEXp 已成功抓取全部所需数据。
[2026-04-06 03:51:30] [SUCCESS] bvid=BV1Fn9WBvExQ 已成功抓取全部所需数据。
[2026-04-06 03:51:36] [SUCCESS] bvid=BV1fp9WBAEE8 已成功抓取全部所需数据。
[2026-04-06 03:51:42] [SUCCESS] bvid=BV1R89WBtEdT 已成功抓取全部所需数据。
[2026-04-06 03:51:47] [SUCCESS] bvid=BV1d89WBtE6g 已成功抓取全部所需数据。
[2026-04-06 03:51:53] [SUCCESS] bvid=BV1fp9WBAEjE 已成功抓取全部所需数据。
[2026-04-06 03:51:59] [SUCCESS] bvid=BV1Fp9WBPEKj 已成功抓取全部所需数据。
[2026-04-06 03:52:04] [SUCCESS] bvid=BV1Jp9WBPESX 已成功抓取全部所需数据。
[2026-04-06 03:52:09] [SUCCESS] bvid=BV1d89WBtEpN 已成功抓取全部所需数据。
[2026-04-06 03:54:15] [SUCCESS] bvid=BV1989WBtESN 已成功抓取全部所需数据。
[2026-04-06 03:54:21] [SUCCESS] bvid=BV1hn9sBWE3i 已成功抓取全部所需数据。
[2026-04-06 03:54:26] [SUCCESS] bvid=BV1o49WB8EJq 已成功抓取全部所需数据。
[2026-04-06 03:54:27] [ERROR] bvid=BV1o49WB8E3e 抓取失败：stat: 接口返回错误代码：-404，信息：啥都木有。
{'code': -404, 'message': '啥都木有', 'ttl': 1} | comment: 接口返回错误代码：-404，信息：啥都木有。
{'code': -404, 'message': '啥都木有', 'ttl': 1}
[2026-04-06 03:54:32] [SUCCESS] bvid=BV1o49WB8Eu8 已成功抓取全部所需数据。
[2026-04-06 03:54:38] [SUCCESS] bvid=BV1pt9nBAEQv 已成功抓取全部所需数据。
[2026-04-06 03:54:43] [SUCCESS] bvid=BV1dt9WBfENn 已成功抓取全部所需数据。
[2026-04-06 03:54:49] [SUCCESS] bvid=BV1d49WB8EXP 已成功抓取全部所需数据。
[2026-04-06 03:54:54] [SUCCESS] bvid=BV1749WBhEdR 已成功抓取全部所需数据。
[2026-04-06 03:55:00] [SUCCESS] bvid=BV1uk9WBnEBf 已成功抓取全部所需数据。
[2026-04-06 03:55:05] [SUCCESS] bvid=BV1wj9WBMEgG 已成功抓取全部所需数据。
[2026-04-06 03:55:11] [SUCCESS] bvid=BV1DTXkBAEVi 已成功抓取全部所需数据。
[2026-04-06 03:55:16] [SUCCESS] bvid=BV11p9nBiEQu 已成功抓取全部所需数据。
[2026-04-06 03:55:21] [SUCCESS] bvid=BV1D897BPEgF 已成功抓取全部所需数据。
[2026-04-06 03:55:26] [SUCCESS] bvid=BV1TC9WBSED8 已成功抓取全部所需数据。
[2026-04-06 03:55:32] [SUCCESS] bvid=BV14Q95BpEHq 已成功抓取全部所需数据。
[2026-04-06 03:55:37] [SUCCESS] bvid=BV1FsXbB5EcF 已成功抓取全部所需数据。
[2026-04-06 03:55:43] [SUCCESS] bvid=BV1g7XzBfE1b 已成功抓取全部所需数据。
[2026-04-06 03:55:48] [SUCCESS] bvid=BV1H4XWBqEJw 已成功抓取全部所需数据。
[2026-04-06 03:55:54] [SUCCESS] bvid=BV11U9WBLEVn 已成功抓取全部所需数据。
[2026-04-06 04:05:57] [ERROR] bvid=BV1G19jBNEhx 抓取失败：comment: Timeout of 600.0s exceeded, last exception: HTTPSConnectionPool(host='bigquery.googleapis.com', port=443): Max retries exceeded with url: /bigquery/v2/projects/bilibili-m2s2vp-research/datasets?prettyPrint=false (Caused by ProxyError('Unable to connect to proxy', RemoteDisconnected('Remote end closed connection without response')))
[2026-04-06 04:06:04] [SUCCESS] bvid=BV1fD97BSEbd 已成功抓取全部所需数据。
[2026-04-06 04:26:08] [ERROR] bvid=BV1bS9jBaEes 抓取失败：comment: Timeout of 600.0s exceeded, last exception: HTTPSConnectionPool(host='bigquery.googleapis.com', port=443): Max retries exceeded with url: /bigquery/v2/projects/bilibili-m2s2vp-research/datasets/bili_video_stream_data_test_2/tables/crawl_run_items?prettyPrint=false (Caused by SSLError(SSLEOFError(8, 'EOF occurred in violation of protocol (_ssl.c:1017)')))
[2026-04-06 04:26:14] [SUCCESS] bvid=BV1gZ9nBkEuo 已成功抓取全部所需数据。
[2026-04-06 04:26:21] [SUCCESS] bvid=BV1ni9nBoE3L 已成功抓取全部所需数据。
[2026-04-06 04:26:26] [SUCCESS] bvid=BV18o9nBVEUq 已成功抓取全部所需数据。
[2026-04-06 04:26:32] [SUCCESS] bvid=BV1sQX6BsErW 已成功抓取全部所需数据。
[2026-04-06 04:26:37] [SUCCESS] bvid=BV1go9nBVEeW 已成功抓取全部所需数据。
[2026-04-06 04:26:42] [SUCCESS] bvid=BV1NA9JBhE9C 已成功抓取全部所需数据。
[2026-04-06 04:26:48] [SUCCESS] bvid=BV1Z49WB8EMD 已成功抓取全部所需数据。
[2026-04-06 04:26:53] [SUCCESS] bvid=BV1dt9WBfEqD 已成功抓取全部所需数据。
[2026-04-06 04:26:59] [SUCCESS] bvid=BV1Z49WBhESF 已成功抓取全部所需数据。
[2026-04-06 04:27:04] [SUCCESS] bvid=BV1dt9WBfEKM 已成功抓取全部所需数据。
[2026-04-06 04:27:09] [SUCCESS] bvid=BV1ot9WBfETQ 已成功抓取全部所需数据。
[2026-04-06 04:27:15] [SUCCESS] bvid=BV1ot9WBfEzG 已成功抓取全部所需数据。
[2026-04-06 04:27:20] [SUCCESS] bvid=BV1N39WBrE8e 已成功抓取全部所需数据。
[2026-04-06 04:27:25] [SUCCESS] bvid=BV1P39WBrEh7 已成功抓取全部所需数据。
[2026-04-06 04:27:31] [SUCCESS] bvid=BV1N39WBrEJn 已成功抓取全部所需数据。
[2026-04-06 04:27:36] [SUCCESS] bvid=BV1N39WBrEEr 已成功抓取全部所需数据。
[2026-04-06 04:27:41] [SUCCESS] bvid=BV1LiXkBVE57 已成功抓取全部所需数据。
[2026-04-06 04:27:46] [SUCCESS] bvid=BV1Dz9WBHEqc 已成功抓取全部所需数据。
[2026-04-06 04:27:52] [SUCCESS] bvid=BV1qQ9LB3E9v 已成功抓取全部所需数据。
[2026-04-06 04:27:57] [SUCCESS] bvid=BV14M9WBCEVU 已成功抓取全部所需数据。
[2026-04-06 04:28:02] [SUCCESS] bvid=BV1xg9WBGEb8 已成功抓取全部所需数据。
[2026-04-06 04:28:08] [SUCCESS] bvid=BV1xg9WBGEW1 已成功抓取全部所需数据。
[2026-04-06 04:28:13] [SUCCESS] bvid=BV1Pg9WBGEqK 已成功抓取全部所需数据。
[2026-04-06 04:28:19] [SUCCESS] bvid=BV1Kg9WBGEWi 已成功抓取全部所需数据。
[2026-04-06 04:28:24] [SUCCESS] bvid=BV1c79WBqEQp 已成功抓取全部所需数据。
[2026-04-06 04:28:29] [SUCCESS] bvid=BV1cJ9WBKEpL 已成功抓取全部所需数据。
[2026-04-06 04:28:35] [SUCCESS] bvid=BV1HJ9WBKE5H 已成功抓取全部所需数据。
[2026-04-06 04:28:40] [SUCCESS] bvid=BV1Fh9EBWEdA 已成功抓取全部所需数据。
[2026-04-06 04:28:46] [SUCCESS] bvid=BV1v39sB8EV1 已成功抓取全部所需数据。
[2026-04-06 04:28:51] [SUCCESS] bvid=BV1wN97BHExw 已成功抓取全部所需数据。
[2026-04-06 04:28:57] [SUCCESS] bvid=BV191AWzSEow 已成功抓取全部所需数据。
[2026-04-06 04:29:02] [SUCCESS] bvid=BV1Qi9WBWE1K 已成功抓取全部所需数据。
[2026-04-06 04:29:07] [SUCCESS] bvid=BV1P59WBzENJ 已成功抓取全部所需数据。
[2026-04-06 04:29:12] [SUCCESS] bvid=BV1w59WBzEQh 已成功抓取全部所需数据。
[2026-04-06 04:29:18] [SUCCESS] bvid=BV1Mc9HB6EgC 已成功抓取全部所需数据。
[2026-04-06 04:29:23] [SUCCESS] bvid=BV1A59WBzEeZ 已成功抓取全部所需数据。
[2026-04-06 04:29:23] [WARN] 当前子任务已结束，但仍有未成功抓取的视频，已导出 remaining CSV 供继续执行。
[2026-04-06 04:29:23] [INFO] 已导出剔除成功条目后的剩余 CSV：D:\Schoolworks\Thesis\Bilibili-Datahub\outputs\video_data\manual_crawls\manual_crawl_stat_comment_20260405_160535\remaining_bvids_part_24.csv
[2026-04-06 04:29:23] 子任务结束时间：2026-04-06T04:29:23.355088
[TIMESTAMP][END] 2026-04-06T04:29:23
