[TIMESTAMP][BEGIN] 2026-04-05T16:05:42
[2026-04-05 16:05:45] 开始执行 CSV 批量抓取子任务 part_1。
[2026-04-05 16:05:45] 子任务开始时间：2026-04-05T16:05:42.161184
[2026-04-05 16:05:45] 输入文件：batch_input_1.csv
[2026-04-05 16:05:45] 输入唯一 bvid 数量：100
[2026-04-05 16:05:45] 为严格按 CSV 顺序判断连续失败阈值，本次任务自动将并发度从 2 调整为 1。
[2026-04-05 16:05:53] [SUCCESS] bvid=BV1dyDVB4Emu 已成功抓取全部所需数据。
[2026-04-05 16:06:00] [SUCCESS] bvid=BV1XQDVBQETG 已成功抓取全部所需数据。
[2026-04-05 16:06:06] [SUCCESS] bvid=BV1S59EBPET1 已成功抓取全部所需数据。
[2026-04-05 16:06:13] [SUCCESS] bvid=BV1ceDVBNEhq 已成功抓取全部所需数据。
[2026-04-05 16:06:20] [SUCCESS] bvid=BV1AhDVBTE3P 已成功抓取全部所需数据。
[2026-04-05 16:06:27] [SUCCESS] bvid=BV1Z6DVBFEhZ 已成功抓取全部所需数据。
[2026-04-05 16:06:32] [SUCCESS] bvid=BV1WaDVBiELw 已成功抓取全部所需数据。
[2026-04-05 16:06:38] [SUCCESS] bvid=BV1jrDVB8E9M 已成功抓取全部所需数据。
[2026-04-05 16:06:44] [SUCCESS] bvid=BV1frDVBbEEs 已成功抓取全部所需数据。
[2026-04-05 16:06:50] [SUCCESS] bvid=BV1fBDVBhEsk 已成功抓取全部所需数据。
[2026-04-05 16:06:56] [SUCCESS] bvid=BV1JBDVBaEng 已成功抓取全部所需数据。
[2026-04-05 16:07:01] [SUCCESS] bvid=BV1AgD5B6ESz 已成功抓取全部所需数据。
[2026-04-05 16:07:07] [SUCCESS] bvid=BV1kGD5BMEXx 已成功抓取全部所需数据。
[2026-04-05 16:07:13] [SUCCESS] bvid=BV1CGD5BMENB 已成功抓取全部所需数据。
[2026-04-05 16:07:19] [SUCCESS] bvid=BV1CuD5BgE47 已成功抓取全部所需数据。
[2026-04-05 16:07:25] [SUCCESS] bvid=BV16jD5BvEtr 已成功抓取全部所需数据。
[2026-04-05 16:07:33] [SUCCESS] bvid=BV16ED5BPEB9 已成功抓取全部所需数据。
[2026-04-05 16:17:39] [SUCCESS] bvid=BV1cED5BNEhr 已成功抓取全部所需数据。
[2026-04-05 16:17:46] [SUCCESS] bvid=BV1kVD5BqEgB 已成功抓取全部所需数据。
[2026-04-05 16:17:53] [SUCCESS] bvid=BV1HLD5BTEi6 已成功抓取全部所需数据。
[2026-04-05 16:18:00] [SUCCESS] bvid=BV1SZDVBmEF1 已成功抓取全部所需数据。
[2026-04-05 16:18:06] [SUCCESS] bvid=BV1cLD5BTEvX 已成功抓取全部所需数据。
[2026-04-05 16:18:13] [SUCCESS] bvid=BV1wLD5BTE1i 已成功抓取全部所需数据。
[2026-04-05 16:18:20] [SUCCESS] bvid=BV1SFD5BjEcK 已成功抓取全部所需数据。
[2026-04-05 16:18:26] [SUCCESS] bvid=BV1DZDVBmEcf 已成功抓取全部所需数据。
[2026-04-05 16:18:33] [SUCCESS] bvid=BV1mFD5BjE1C 已成功抓取全部所需数据。
[2026-04-05 16:18:39] [SUCCESS] bvid=BV1DRDVBSE4B 已成功抓取全部所需数据。
[2026-04-05 16:18:46] [SUCCESS] bvid=BV1SoDVBEEU9 已成功抓取全部所需数据。
[2026-04-05 16:18:52] [SUCCESS] bvid=BV1goDVBJEtv 已成功抓取全部所需数据。
[2026-04-05 16:18:59] [SUCCESS] bvid=BV1mPD5BCEH1 已成功抓取全部所需数据。
[2026-04-05 16:19:05] [SUCCESS] bvid=BV1js9gBsE2c 已成功抓取全部所需数据。
[2026-04-05 16:19:12] [SUCCESS] bvid=BV1UcD5B1E92 已成功抓取全部所需数据。
[2026-04-05 16:19:18] [SUCCESS] bvid=BV1TAD5BLELP 已成功抓取全部所需数据。
[2026-04-05 16:19:25] [SUCCESS] bvid=BV1mAD5B5ESS 已成功抓取全部所需数据。
[2026-04-05 16:19:31] [SUCCESS] bvid=BV1UAD5B5E5C 已成功抓取全部所需数据。
[2026-04-05 16:19:38] [SUCCESS] bvid=BV1uAD5BLEc9 已成功抓取全部所需数据。
[2026-04-05 16:19:44] [SUCCESS] bvid=BV1avD5BpEJE 已成功抓取全部所需数据。
[2026-04-05 16:19:50] [SUCCESS] bvid=BV1avD5BpEmx 已成功抓取全部所需数据。
[2026-04-05 16:19:57] [SUCCESS] bvid=BV1VZDKBvEwQ 已成功抓取全部所需数据。
[2026-04-05 16:20:03] [SUCCESS] bvid=BV1qW9cBPEd7 已成功抓取全部所需数据。
[2026-04-05 16:20:09] [SUCCESS] bvid=BV1aiD5BQEW2 已成功抓取全部所需数据。
[2026-04-05 16:20:16] [SUCCESS] bvid=BV1J39MBxEhC 已成功抓取全部所需数据。
[2026-04-05 16:20:22] [SUCCESS] bvid=BV1HK9MBfEoA 已成功抓取全部所需数据。
[2026-04-05 16:20:29] [SUCCESS] bvid=BV1Du9uB1E1R 已成功抓取全部所需数据。
[2026-04-05 16:20:35] [SUCCESS] bvid=BV1dHDGBWEGv 已成功抓取全部所需数据。
[2026-04-05 16:20:42] [SUCCESS] bvid=BV1XvDABXEKQ 已成功抓取全部所需数据。
[2026-04-05 16:20:48] [SUCCESS] bvid=BV1fGDgBQEpD 已成功抓取全部所需数据。
[2026-04-05 16:20:55] [SUCCESS] bvid=BV1GDD3B1EjX 已成功抓取全部所需数据。
[2026-04-05 16:21:01] [SUCCESS] bvid=BV1XSD3BLEXw 已成功抓取全部所需数据。
[2026-04-05 16:21:08] [SUCCESS] bvid=BV1fqD3BWEKt 已成功抓取全部所需数据。
[2026-04-05 16:21:15] [SUCCESS] bvid=BV1LfDMBkEre 已成功抓取全部所需数据。
[2026-04-05 16:21:21] [SUCCESS] bvid=BV1UL9EBYEH2 已成功抓取全部所需数据。
[2026-04-05 16:21:28] [SUCCESS] bvid=BV1caD3BZEdS 已成功抓取全部所需数据。
[2026-04-05 16:21:34] [SUCCESS] bvid=BV1RaD5BsEPv 已成功抓取全部所需数据。
[2026-04-05 16:21:41] [SUCCESS] bvid=BV1YaD5BsEip 已成功抓取全部所需数据。
[2026-04-05 16:21:47] [SUCCESS] bvid=BV1eYD5B9Eci 已成功抓取全部所需数据。
[2026-04-05 16:21:54] [SUCCESS] bvid=BV1bkD5BmEpm 已成功抓取全部所需数据。
[2026-04-05 16:22:00] [SUCCESS] bvid=BV1UrD5BEEmH 已成功抓取全部所需数据。
[2026-04-05 16:22:07] [SUCCESS] bvid=BV1tkD5BmEe4 已成功抓取全部所需数据。
[2026-04-05 16:22:14] [SUCCESS] bvid=BV1bkD5BmEkH 已成功抓取全部所需数据。
[2026-04-05 16:22:21] [SUCCESS] bvid=BV1hBD5BnEEn 已成功抓取全部所需数据。
[2026-04-05 16:22:27] [SUCCESS] bvid=BV1PS9gBMEqh 已成功抓取全部所需数据。
[2026-04-05 16:22:34] [SUCCESS] bvid=BV1BpD5BhEXX 已成功抓取全部所需数据。
[2026-04-05 16:22:40] [SUCCESS] bvid=BV1uY9MB3Eq2 已成功抓取全部所需数据。
[2026-04-05 16:22:46] [SUCCESS] bvid=BV1qoDgBQE8E 已成功抓取全部所需数据。
[2026-04-05 16:22:53] [SUCCESS] bvid=BV1xkDgBwEGh 已成功抓取全部所需数据。
[2026-04-05 16:22:59] [SUCCESS] bvid=BV1abDGBUEez 已成功抓取全部所需数据。
[2026-04-05 16:23:06] [SUCCESS] bvid=BV1mBDGBkEJA 已成功抓取全部所需数据。
[2026-04-05 16:23:12] [SUCCESS] bvid=BV1osD5BFEhr 已成功抓取全部所需数据。
[2026-04-05 16:23:18] [SUCCESS] bvid=BV1qsD5BFEnE 已成功抓取全部所需数据。
[2026-04-05 16:23:24] [SUCCESS] bvid=BV1BJD5BYEWT 已成功抓取全部所需数据。
[2026-04-05 16:23:31] [SUCCESS] bvid=BV1zJD5BYEy8 已成功抓取全部所需数据。
[2026-04-05 16:23:37] [SUCCESS] bvid=BV1BJD5BYE4d 已成功抓取全部所需数据。
[2026-04-05 16:23:43] [SUCCESS] bvid=BV1vbD5B4EZk 已成功抓取全部所需数据。
[2026-04-05 16:23:50] [SUCCESS] bvid=BV1v8D5BdEPn 已成功抓取全部所需数据。
[2026-04-05 16:23:56] [SUCCESS] bvid=BV1RbD5B4E9W 已成功抓取全部所需数据。
[2026-04-05 16:24:03] [SUCCESS] bvid=BV1R8D5BdE6X 已成功抓取全部所需数据。
[2026-04-05 16:24:10] [SUCCESS] bvid=BV1qxD5BbEnN 已成功抓取全部所需数据。
[2026-04-05 16:24:17] [SUCCESS] bvid=BV1ZxD5BbENc 已成功抓取全部所需数据。
[2026-04-05 16:24:23] [SUCCESS] bvid=BV1ZxD5BbEVW 已成功抓取全部所需数据。
[2026-04-05 16:24:29] [SUCCESS] bvid=BV13ADTBwEXS 已成功抓取全部所需数据。
[2026-04-05 16:24:35] [SUCCESS] bvid=BV1o4D5BZEPi 已成功抓取全部所需数据。
[2026-04-05 16:24:41] [SUCCESS] bvid=BV1rFDLBKENR 已成功抓取全部所需数据。
[2026-04-05 16:24:47] [SUCCESS] bvid=BV1L4D5BfEvi 已成功抓取全部所需数据。
[2026-04-05 16:24:52] [SUCCESS] bvid=BV1HGXBBVEm9 已成功抓取全部所需数据。
[2026-04-05 16:24:58] [SUCCESS] bvid=BV1EJXBBBEYL 已成功抓取全部所需数据。
[2026-04-05 16:25:04] [SUCCESS] bvid=BV1KjDuBcEA9 已成功抓取全部所需数据。
[2026-04-05 16:25:11] [SUCCESS] bvid=BV1KaDKBWEjE 已成功抓取全部所需数据。
[2026-04-05 16:25:16] [SUCCESS] bvid=BV1saDKBpE41 已成功抓取全部所需数据。
[2026-04-05 16:25:23] [SUCCESS] bvid=BV1EqD3BsEHL 已成功抓取全部所需数据。
[2026-04-05 16:25:29] [SUCCESS] bvid=BV1rFDLBKExJ 已成功抓取全部所需数据。
[2026-04-05 16:25:34] [SUCCESS] bvid=BV1EcDLBvEAc 已成功抓取全部所需数据。
[2026-04-05 16:25:40] [SUCCESS] bvid=BV1ncDLBvEVp 已成功抓取全部所需数据。
[2026-04-05 16:25:45] [SUCCESS] bvid=BV1qKDLBwETj 已成功抓取全部所需数据。
[2026-04-05 16:25:51] [SUCCESS] bvid=BV1jTDLBhEZc 已成功抓取全部所需数据。
[2026-04-05 16:25:57] [SUCCESS] bvid=BV14mD5B5Era 已成功抓取全部所需数据。
[2026-04-05 16:26:03] [SUCCESS] bvid=BV14mD5B5EFj 已成功抓取全部所需数据。
[2026-04-05 16:26:09] [SUCCESS] bvid=BV1sUD5BCEjF 已成功抓取全部所需数据。
[2026-04-05 16:26:15] [SUCCESS] bvid=BV1WUD5BCEyv 已成功抓取全部所需数据。
[2026-04-05 16:26:21] [SUCCESS] bvid=BV1qfDgBnEwK 已成功抓取全部所需数据。
[2026-04-05 16:26:21] [INFO] 当前 batch_crawl 已完成，所有视频均已成功抓取。
[2026-04-05 16:26:21] 子任务结束时间：2026-04-05T16:26:21.231737
[TIMESTAMP][END] 2026-04-05T16:26:21
