[TIMESTAMP][BEGIN] 2026-04-01T15:02:09
[2026-04-01 15:06:24] 开始执行 CSV 批量抓取子任务 part_1。
[2026-04-01 15:06:24] 子任务开始时间：2026-04-01T15:02:09.843399
[2026-04-01 15:06:24] 输入文件：filtered_video_list.csv
[2026-04-01 15:06:24] 输入唯一 bvid 数量：2670
[2026-04-01 15:06:24] 为严格按 CSV 顺序判断连续失败阈值，本次任务自动将并发度从 2 调整为 1。
[2026-04-01 15:06:51] [SUCCESS] bvid=BV1MU95BsEPX 已成功抓取全部所需数据。
[2026-04-01 15:07:07] [SUCCESS] bvid=BV14U95BsEah 已成功抓取全部所需数据。
[2026-04-01 15:07:23] [SUCCESS] bvid=BV1xX95BQEx8 已成功抓取全部所需数据。
[2026-04-01 15:07:32] [SUCCESS] bvid=BV1KX95BQEzJ 已成功抓取全部所需数据。
[2026-04-01 15:07:50] [SUCCESS] bvid=BV1Vi95BYEvT 已成功抓取全部所需数据。
[2026-04-01 15:08:09] [SUCCESS] bvid=BV15Y95BvE3X 已成功抓取全部所需数据。
[2026-04-01 15:08:21] [SUCCESS] bvid=BV1LY95BvEfc 已成功抓取全部所需数据。
[2026-04-01 15:08:33] [SUCCESS] bvid=BV1ZqXWBfE6e 已成功抓取全部所需数据。
[2026-04-01 15:08:46] [SUCCESS] bvid=BV1Vz95BhEYn 已成功抓取全部所需数据。
[2026-04-01 15:08:52] [SUCCESS] bvid=BV1Gr95BFEjd 已成功抓取全部所需数据。
[2026-04-01 15:09:11] [SUCCESS] bvid=BV1Gr95BFEeK 已成功抓取全部所需数据。
[2026-04-01 15:09:27] [SUCCESS] bvid=BV1fg9LBuEuv 已成功抓取全部所需数据。
[2026-04-01 15:09:51] [SUCCESS] bvid=BV1Zg9LBuE5s 已成功抓取全部所需数据。
[2026-04-01 15:10:12] [SUCCESS] bvid=BV1QJ9LBAErs 已成功抓取全部所需数据。
[2026-04-01 15:10:26] [SUCCESS] bvid=BV19J9LBAERg 已成功抓取全部所需数据。
[2026-04-01 15:11:00] [SUCCESS] bvid=BV15j9LBKENB 已成功抓取全部所需数据。
[2026-04-01 15:12:02] [SUCCESS] bvid=BV1R79LBeEKB 已成功抓取全部所需数据。
[2026-04-01 15:13:44] [SUCCESS] bvid=BV1cc9LBjEyz 已成功抓取全部所需数据。
[2026-04-01 15:13:44] [ERROR] bvid=BV1Ac9LBjEun 抓取失败：stat: cannot schedule new futures after interpreter shutdown | comment: cannot schedule new futures after interpreter shutdown
[2026-04-01 15:13:44] [ERROR] bvid=BV1PZ95BEEFi 抓取失败：stat: cannot schedule new futures after interpreter shutdown | comment: cannot schedule new futures after interpreter shutdown
[2026-04-01 15:13:44] [ERROR] bvid=BV19V9VBbEiK 抓取失败：stat: cannot schedule new futures after interpreter shutdown | comment: cannot schedule new futures after interpreter shutdown
[2026-04-01 15:13:44] [ERROR] bvid=BV1yZ95BEEFh 抓取失败：stat: cannot schedule new futures after interpreter shutdown | comment: cannot schedule new futures after interpreter shutdown
[2026-04-01 15:13:44] [ERROR] bvid=BV1fT9LB3E5Q 抓取失败：stat: cannot schedule new futures after interpreter shutdown | comment: cannot schedule new futures after interpreter shutdown
[2026-04-01 15:13:45] [ERROR] bvid=BV1fN9LBkEMA 抓取失败：stat: cannot schedule new futures after interpreter shutdown | comment: cannot schedule new futures after interpreter shutdown
[2026-04-01 15:13:45] [ERROR] bvid=BV11q9LBDE5z 抓取失败：stat: cannot schedule new futures after interpreter shutdown | comment: cannot schedule new futures after interpreter shutdown
[2026-04-01 15:13:45] [ERROR] bvid=BV1yz9LBJEpz 抓取失败：stat: cannot schedule new futures after interpreter shutdown | comment: cannot schedule new futures after interpreter shutdown
[2026-04-01 15:13:45] [ERROR] bvid=BV1kz9LBJEJF 抓取失败：stat: cannot schedule new futures after interpreter shutdown | comment: cannot schedule new futures after interpreter shutdown
[2026-04-01 15:13:45] [ERROR] bvid=BV1Ni9LBpERT 抓取失败：stat: cannot schedule new futures after interpreter shutdown | comment: cannot schedule new futures after interpreter shutdown
[2026-04-01 15:13:45] [STOP] 检测到连续 10 条视频抓取失败，已按阈值 10 暂停当前 CSV 批量抓取流程。
[2026-04-01 15:13:45] [INFO] 已导出剔除成功条目后的剩余 CSV：D:\Schoolworks\Thesis\bilibili-data\outputs\video_data\manual_crawls\manual_crawl_stat_comment_20260401_150208\remaining_bvids_part_1.csv
[2026-04-01 15:13:45] 子任务结束时间：2026-04-01T15:13:45.452095
[TIMESTAMP][END] 2026-04-01T15:13:45
