[TIMESTAMP][BEGIN] 2026-04-06T22:38:39.133631
Bilibili Video Data Crawler Batch Crawl Summary
session_dir: D:\Schoolworks\Thesis\Bilibili-Datahub\outputs\video_data\manual_crawls\manual_crawl_stat_comment_20260406_223825
session_started_at: 2026-04-06T22:38:39.133631
session_completed_at: 2026-04-07T02:55:46.356539
original_csv_name: batch_input_1.csv
task_mode: realtime_only
original_bvid_count: 100
part_count: 21
interruption_count: 0
completed_all: True

part_1:
  started_at: 2026-04-06T22:38:39.133631
  finished_at: 2026-04-06T23:00:37.938128
  source_csv_name: batch_input_1.csv
  task_mode: realtime_only
  input_bvid_count: 100
  processed_count: 100
  success_count: 98
  failed_count: 2
  remaining_count: 2
  consecutive_failure_limit: 10
  stopped_due_to_consecutive_failures: False
  stop_reason: 当前子任务已结束，但仍有未成功抓取的视频，已导出 remaining CSV 供继续执行。
  log_file: logs/batch_crawl_part_1_20260406_230037.log
  remaining_file: remaining_bvids_part_1.csv

part_2:
  started_at: 2026-04-06T23:00:38.538104
  finished_at: 2026-04-06T23:10:23.336344
  source_csv_name: batch_input_2.csv
  task_mode: realtime_only
  input_bvid_count: 100
  processed_count: 100
  success_count: 97
  failed_count: 3
  remaining_count: 3
  consecutive_failure_limit: 10
  stopped_due_to_consecutive_failures: False
  stop_reason: 当前子任务已结束，但仍有未成功抓取的视频，已导出 remaining CSV 供继续执行。
  log_file: logs/batch_crawl_part_2_20260406_231023.log
  remaining_file: remaining_bvids_part_2.csv

part_3:
  started_at: 2026-04-06T23:10:23.716203
  finished_at: 2026-04-06T23:20:49.152482
  source_csv_name: batch_input_3.csv
  task_mode: realtime_only
  input_bvid_count: 100
  processed_count: 100
  success_count: 100
  failed_count: 0
  remaining_count: 0
  consecutive_failure_limit: 10
  stopped_due_to_consecutive_failures: False
  stop_reason: 当前 batch_crawl 已完成，所有视频均已成功抓取。
  log_file: logs/batch_crawl_part_3_20260406_232049.log
  remaining_file: 

part_4:
  started_at: 2026-04-06T23:20:49.340067
  finished_at: 2026-04-06T23:30:24.272286
  source_csv_name: batch_input_4.csv
  task_mode: realtime_only
  input_bvid_count: 100
  processed_count: 100
  success_count: 100
  failed_count: 0
  remaining_count: 0
  consecutive_failure_limit: 10
  stopped_due_to_consecutive_failures: False
  stop_reason: 当前 batch_crawl 已完成，所有视频均已成功抓取。
  log_file: logs/batch_crawl_part_4_20260406_233024.log
  remaining_file: 

part_5:
  started_at: 2026-04-06T23:30:24.507365
  finished_at: 2026-04-06T23:40:10.104876
  source_csv_name: batch_input_5.csv
  task_mode: realtime_only
  input_bvid_count: 100
  processed_count: 100
  success_count: 100
  failed_count: 0
  remaining_count: 0
  consecutive_failure_limit: 10
  stopped_due_to_consecutive_failures: False
  stop_reason: 当前 batch_crawl 已完成，所有视频均已成功抓取。
  log_file: logs/batch_crawl_part_5_20260406_234010.log
  remaining_file: 

part_6:
  started_at: 2026-04-06T23:40:10.307482
  finished_at: 2026-04-06T23:59:40.605405
  source_csv_name: batch_input_6.csv
  task_mode: realtime_only
  input_bvid_count: 100
  processed_count: 100
  success_count: 100
  failed_count: 0
  remaining_count: 0
  consecutive_failure_limit: 10
  stopped_due_to_consecutive_failures: False
  stop_reason: 当前 batch_crawl 已完成，所有视频均已成功抓取。
  log_file: logs/batch_crawl_part_6_20260406_235940.log
  remaining_file: 

part_7:
  started_at: 2026-04-06T23:59:40.814359
  finished_at: 2026-04-07T00:08:54.888312
  source_csv_name: batch_input_7.csv
  task_mode: realtime_only
  input_bvid_count: 100
  processed_count: 100
  success_count: 99
  failed_count: 1
  remaining_count: 1
  consecutive_failure_limit: 10
  stopped_due_to_consecutive_failures: False
  stop_reason: 当前子任务已结束，但仍有未成功抓取的视频，已导出 remaining CSV 供继续执行。
  log_file: logs/batch_crawl_part_7_20260407_000854.log
  remaining_file: remaining_bvids_part_7.csv

part_8:
  started_at: 2026-04-07T00:08:55.113691
  finished_at: 2026-04-07T00:18:04.994752
  source_csv_name: batch_input_8.csv
  task_mode: realtime_only
  input_bvid_count: 100
  processed_count: 100
  success_count: 99
  failed_count: 1
  remaining_count: 1
  consecutive_failure_limit: 10
  stopped_due_to_consecutive_failures: False
  stop_reason: 当前子任务已结束，但仍有未成功抓取的视频，已导出 remaining CSV 供继续执行。
  log_file: logs/batch_crawl_part_8_20260407_001804.log
  remaining_file: remaining_bvids_part_8.csv

part_9:
  started_at: 2026-04-07T00:18:05.113485
  finished_at: 2026-04-07T00:27:05.663379
  source_csv_name: batch_input_9.csv
  task_mode: realtime_only
  input_bvid_count: 100
  processed_count: 100
  success_count: 99
  failed_count: 1
  remaining_count: 1
  consecutive_failure_limit: 10
  stopped_due_to_consecutive_failures: False
  stop_reason: 当前子任务已结束，但仍有未成功抓取的视频，已导出 remaining CSV 供继续执行。
  log_file: logs/batch_crawl_part_9_20260407_002705.log
  remaining_file: remaining_bvids_part_9.csv

part_10:
  started_at: 2026-04-07T00:27:05.986232
  finished_at: 2026-04-07T00:36:04.984511
  source_csv_name: batch_input_10.csv
  task_mode: realtime_only
  input_bvid_count: 100
  processed_count: 100
  success_count: 100
  failed_count: 0
  remaining_count: 0
  consecutive_failure_limit: 10
  stopped_due_to_consecutive_failures: False
  stop_reason: 当前 batch_crawl 已完成，所有视频均已成功抓取。
  log_file: logs/batch_crawl_part_10_20260407_003604.log
  remaining_file: 

part_11:
  started_at: 2026-04-07T00:36:05.102079
  finished_at: 2026-04-07T00:45:11.067059
  source_csv_name: batch_input_11.csv
  task_mode: realtime_only
  input_bvid_count: 100
  processed_count: 100
  success_count: 100
  failed_count: 0
  remaining_count: 0
  consecutive_failure_limit: 10
  stopped_due_to_consecutive_failures: False
  stop_reason: 当前 batch_crawl 已完成，所有视频均已成功抓取。
  log_file: logs/batch_crawl_part_11_20260407_004511.log
  remaining_file: 

part_12:
  started_at: 2026-04-07T00:45:11.245048
  finished_at: 2026-04-07T01:04:24.039830
  source_csv_name: batch_input_12.csv
  task_mode: realtime_only
  input_bvid_count: 100
  processed_count: 100
  success_count: 99
  failed_count: 1
  remaining_count: 1
  consecutive_failure_limit: 10
  stopped_due_to_consecutive_failures: False
  stop_reason: 当前子任务已结束，但仍有未成功抓取的视频，已导出 remaining CSV 供继续执行。
  log_file: logs/batch_crawl_part_12_20260407_010424.log
  remaining_file: remaining_bvids_part_12.csv

part_13:
  started_at: 2026-04-07T01:04:24.233167
  finished_at: 2026-04-07T01:35:24.448322
  source_csv_name: batch_input_13.csv
  task_mode: realtime_only
  input_bvid_count: 100
  processed_count: 100
  success_count: 98
  failed_count: 2
  remaining_count: 2
  consecutive_failure_limit: 10
  stopped_due_to_consecutive_failures: False
  stop_reason: 当前子任务已结束，但仍有未成功抓取的视频，已导出 remaining CSV 供继续执行。
  log_file: logs/batch_crawl_part_13_20260407_013524.log
  remaining_file: remaining_bvids_part_13.csv

part_14:
  started_at: 2026-04-07T01:35:24.653850
  finished_at: 2026-04-07T01:44:45.755979
  source_csv_name: batch_input_14.csv
  task_mode: realtime_only
  input_bvid_count: 100
  processed_count: 100
  success_count: 99
  failed_count: 1
  remaining_count: 1
  consecutive_failure_limit: 10
  stopped_due_to_consecutive_failures: False
  stop_reason: 当前子任务已结束，但仍有未成功抓取的视频，已导出 remaining CSV 供继续执行。
  log_file: logs/batch_crawl_part_14_20260407_014445.log
  remaining_file: remaining_bvids_part_14.csv

part_15:
  started_at: 2026-04-07T01:44:45.879842
  finished_at: 2026-04-07T02:03:24.733545
  source_csv_name: batch_input_15.csv
  task_mode: realtime_only
  input_bvid_count: 100
  processed_count: 100
  success_count: 96
  failed_count: 4
  remaining_count: 4
  consecutive_failure_limit: 10
  stopped_due_to_consecutive_failures: False
  stop_reason: 当前子任务已结束，但仍有未成功抓取的视频，已导出 remaining CSV 供继续执行。
  log_file: logs/batch_crawl_part_15_20260407_020324.log
  remaining_file: remaining_bvids_part_15.csv

part_16:
  started_at: 2026-04-07T02:03:24.920878
  finished_at: 2026-04-07T02:12:13.531072
  source_csv_name: batch_input_16.csv
  task_mode: realtime_only
  input_bvid_count: 100
  processed_count: 100
  success_count: 100
  failed_count: 0
  remaining_count: 0
  consecutive_failure_limit: 10
  stopped_due_to_consecutive_failures: False
  stop_reason: 当前 batch_crawl 已完成，所有视频均已成功抓取。
  log_file: logs/batch_crawl_part_16_20260407_021213.log
  remaining_file: 

part_17:
  started_at: 2026-04-07T02:12:13.695184
  finished_at: 2026-04-07T02:20:55.609975
  source_csv_name: batch_input_17.csv
  task_mode: realtime_only
  input_bvid_count: 100
  processed_count: 100
  success_count: 100
  failed_count: 0
  remaining_count: 0
  consecutive_failure_limit: 10
  stopped_due_to_consecutive_failures: False
  stop_reason: 当前 batch_crawl 已完成，所有视频均已成功抓取。
  log_file: logs/batch_crawl_part_17_20260407_022055.log
  remaining_file: 

part_18:
  started_at: 2026-04-07T02:20:55.816029
  finished_at: 2026-04-07T02:29:42.866732
  source_csv_name: batch_input_18.csv
  task_mode: realtime_only
  input_bvid_count: 100
  processed_count: 100
  success_count: 100
  failed_count: 0
  remaining_count: 0
  consecutive_failure_limit: 10
  stopped_due_to_consecutive_failures: False
  stop_reason: 当前 batch_crawl 已完成，所有视频均已成功抓取。
  log_file: logs/batch_crawl_part_18_20260407_022942.log
  remaining_file: 

part_19:
  started_at: 2026-04-07T02:29:43.000121
  finished_at: 2026-04-07T02:38:25.731119
  source_csv_name: batch_input_19.csv
  task_mode: realtime_only
  input_bvid_count: 100
  processed_count: 100
  success_count: 100
  failed_count: 0
  remaining_count: 0
  consecutive_failure_limit: 10
  stopped_due_to_consecutive_failures: False
  stop_reason: 当前 batch_crawl 已完成，所有视频均已成功抓取。
  log_file: logs/batch_crawl_part_19_20260407_023825.log
  remaining_file: 

part_20:
  started_at: 2026-04-07T02:38:25.916683
  finished_at: 2026-04-07T02:47:07.613564
  source_csv_name: batch_input_20.csv
  task_mode: realtime_only
  input_bvid_count: 100
  processed_count: 100
  success_count: 99
  failed_count: 1
  remaining_count: 1
  consecutive_failure_limit: 10
  stopped_due_to_consecutive_failures: False
  stop_reason: 当前子任务已结束，但仍有未成功抓取的视频，已导出 remaining CSV 供继续执行。
  log_file: logs/batch_crawl_part_20_20260407_024707.log
  remaining_file: remaining_bvids_part_20.csv

part_21:
  started_at: 2026-04-07T02:47:07.810891
  finished_at: 2026-04-07T02:55:46.356539
  source_csv_name: batch_input_21.csv
  task_mode: realtime_only
  input_bvid_count: 100
  processed_count: 100
  success_count: 100
  failed_count: 0
  remaining_count: 0
  consecutive_failure_limit: 10
  stopped_due_to_consecutive_failures: False
  stop_reason: 当前 batch_crawl 已完成，所有视频均已成功抓取。
  log_file: logs/batch_crawl_part_21_20260407_025546.log
  remaining_file:
[TIMESTAMP][END] 2026-04-07T02:55:46
