[TIMESTAMP][BEGIN] 2026-04-03T00:54:27
[2026-04-03 00:54:29] 开始执行 CSV 批量抓取子任务 part_4。
[2026-04-03 00:54:29] 子任务开始时间：2026-04-03T00:54:27.330246
[2026-04-03 00:54:29] 输入文件：batch_input_4.csv
[2026-04-03 00:54:29] 输入唯一 bvid 数量：100
[2026-04-03 00:54:29] 为严格按 CSV 顺序判断连续失败阈值，本次任务自动将并发度从 2 调整为 1。
[2026-04-03 00:54:34] [SUCCESS] bvid=BV1qd97BjEAC 已成功抓取全部所需数据。
[2026-04-03 00:54:39] [SUCCESS] bvid=BV1do97B1ESw 已成功抓取全部所需数据。
[2026-04-03 00:54:44] [SUCCESS] bvid=BV17o97B2EQg 已成功抓取全部所需数据。
[2026-04-03 00:54:49] [SUCCESS] bvid=BV1Jh9EBpEB2 已成功抓取全部所需数据。
[2026-04-03 00:54:54] [SUCCESS] bvid=BV1qo97B1E9W 已成功抓取全部所需数据。
[2026-04-03 00:54:58] [SUCCESS] bvid=BV1Jb9EB9Eqc 已成功抓取全部所需数据。
[2026-04-03 00:55:03] [SUCCESS] bvid=BV1wb9EBREtq 已成功抓取全部所需数据。
[2026-04-03 00:55:08] [SUCCESS] bvid=BV1nh9EBpExt 已成功抓取全部所需数据。
[2026-04-03 00:55:14] [SUCCESS] bvid=BV1rx9EBdEeH 已成功抓取全部所需数据。
[2026-04-03 00:55:18] [SUCCESS] bvid=BV1Hh9EBWET3 已成功抓取全部所需数据。
[2026-04-03 00:55:24] [SUCCESS] bvid=BV1Ev9EBSE2M 已成功抓取全部所需数据。
[2026-04-03 00:55:29] [SUCCESS] bvid=BV1px9EBdEZ3 已成功抓取全部所需数据。
[2026-04-03 00:55:34] [SUCCESS] bvid=BV17q9EBEEah 已成功抓取全部所需数据。
[2026-04-03 00:55:38] [SUCCESS] bvid=BV1za9EBQEYY 已成功抓取全部所需数据。
[2026-04-03 00:55:43] [SUCCESS] bvid=BV17q9EBEEJj 已成功抓取全部所需数据。
[2026-04-03 00:55:48] [SUCCESS] bvid=BV1Je9EBnE3i 已成功抓取全部所需数据。
[2026-04-03 00:55:53] [SUCCESS] bvid=BV1Ee9EBnEG7 已成功抓取全部所需数据。
[2026-04-03 00:55:58] [SUCCESS] bvid=BV1t79EBwEK5 已成功抓取全部所需数据。
[2026-04-03 00:56:02] [SUCCESS] bvid=BV1TE9EBaETW 已成功抓取全部所需数据。
[2026-04-03 00:56:07] [SUCCESS] bvid=BV1UL9EBYEAT 已成功抓取全部所需数据。
[2026-04-03 00:56:12] [SUCCESS] bvid=BV1tL9EBYEXj 已成功抓取全部所需数据。
[2026-04-03 00:56:17] [SUCCESS] bvid=BV1h29jBeELH 已成功抓取全部所需数据。
[2026-04-03 00:56:21] [SUCCESS] bvid=BV1w8XWBvELz 已成功抓取全部所需数据。
[2026-04-03 00:56:27] [SUCCESS] bvid=BV18U9jBAELX 已成功抓取全部所需数据。
[2026-04-03 00:56:32] [SUCCESS] bvid=BV1bM9jB8Eh1 已成功抓取全部所需数据。
[2026-04-03 00:56:37] [SUCCESS] bvid=BV1mL9EBYEWW 已成功抓取全部所需数据。
[2026-04-03 00:56:41] [SUCCESS] bvid=BV1mL9EBYEXs 已成功抓取全部所需数据。
[2026-04-03 00:56:46] [SUCCESS] bvid=BV1sp9EBZErR 已成功抓取全部所需数据。
[2026-04-03 00:56:51] [SUCCESS] bvid=BV1yp9EBZEwm 已成功抓取全部所需数据。
[2026-04-03 00:56:56] [SUCCESS] bvid=BV11n9EBFE9n 已成功抓取全部所需数据。
[2026-04-03 00:57:01] [SUCCESS] bvid=BV1Ps9EBtE2f 已成功抓取全部所需数据。
[2026-04-03 00:57:07] [SUCCESS] bvid=BV1xn9EBFE52 已成功抓取全部所需数据。
[2026-04-03 00:57:11] [SUCCESS] bvid=BV1yH9EBbEZw 已成功抓取全部所需数据。
[2026-04-03 00:57:16] [SUCCESS] bvid=BV1Nn9EBcEsK 已成功抓取全部所需数据。
[2026-04-03 00:57:21] [SUCCESS] bvid=BV1899EBqEnL 已成功抓取全部所需数据。
[2026-04-03 00:57:26] [SUCCESS] bvid=BV1u99EBqEQZ 已成功抓取全部所需数据。
[2026-04-03 00:57:31] [SUCCESS] bvid=BV1899EBqEEW 已成功抓取全部所需数据。
[2026-04-03 00:57:36] [SUCCESS] bvid=BV1b99EBqE91 已成功抓取全部所需数据。
[2026-04-03 00:57:41] [SUCCESS] bvid=BV1bd9EBKEkm 已成功抓取全部所需数据。
[2026-04-03 00:57:46] [SUCCESS] bvid=BV1hX9EBMEc4 已成功抓取全部所需数据。
[2026-04-03 00:57:51] [SUCCESS] bvid=BV1DX9EBMEH7 已成功抓取全部所需数据。
[2026-04-03 00:57:56] [SUCCESS] bvid=BV1gX9EBMEeU 已成功抓取全部所需数据。
[2026-04-03 00:58:00] [SUCCESS] bvid=BV1KF9JBYEPS 已成功抓取全部所需数据。
[2026-04-03 00:58:05] [SUCCESS] bvid=BV1bX9EBMEm2 已成功抓取全部所需数据。
[2026-04-03 00:58:11] [SUCCESS] bvid=BV1Kw9JBwEna 已成功抓取全部所需数据。
[2026-04-03 00:58:16] [SUCCESS] bvid=BV1TF9JBYEF8 已成功抓取全部所需数据。
[2026-04-03 00:58:21] [SUCCESS] bvid=BV12F9JBYEZ5 已成功抓取全部所需数据。
[2026-04-03 00:58:26] [SUCCESS] bvid=BV14F9JBYEBe 已成功抓取全部所需数据。
[2026-04-03 00:58:37] [SUCCESS] bvid=BV1NF9JBYECN 已成功抓取全部所需数据。
[2026-04-03 00:58:42] [SUCCESS] bvid=BV1bo9EBvEcu 已成功抓取全部所需数据。
[2026-04-03 00:58:47] [SUCCESS] bvid=BV1Kw9JBAECn 已成功抓取全部所需数据。
[2026-04-03 00:58:52] [SUCCESS] bvid=BV1Kw9JBwEqs 已成功抓取全部所需数据。
[2026-04-03 00:58:57] [SUCCESS] bvid=BV12w9JBwEyW 已成功抓取全部所需数据。
[2026-04-03 00:59:02] [SUCCESS] bvid=BV14w9JBwENz 已成功抓取全部所需数据。
[2026-04-03 00:59:07] [SUCCESS] bvid=BV1mo9EBYEDr 已成功抓取全部所需数据。
[2026-04-03 00:59:12] [SUCCESS] bvid=BV1to9EBvEVH 已成功抓取全部所需数据。
[2026-04-03 00:59:17] [SUCCESS] bvid=BV1Mo9EBvEhy 已成功抓取全部所需数据。
[2026-04-03 00:59:21] [SUCCESS] bvid=BV1Tf9EBPEUe 已成功抓取全部所需数据。
[2026-04-03 00:59:26] [SUCCESS] bvid=BV1tf9EBPEpP 已成功抓取全部所需数据。
[2026-04-03 00:59:32] [SUCCESS] bvid=BV1dr9EB1EHS 已成功抓取全部所需数据。
[2026-04-03 00:59:37] [SUCCESS] bvid=BV1VC9EB5EZR 已成功抓取全部所需数据。
[2026-04-03 00:59:42] [SUCCESS] bvid=BV1ZG97B1E4V 已成功抓取全部所需数据。
[2026-04-03 00:59:47] [SUCCESS] bvid=BV1jTXjBME2e 已成功抓取全部所需数据。
[2026-04-03 00:59:52] [SUCCESS] bvid=BV15C9EB5ES8 已成功抓取全部所需数据。
[2026-04-03 00:59:57] [SUCCESS] bvid=BV1iB9EBmEny 已成功抓取全部所需数据。
[2026-04-03 01:00:02] [SUCCESS] bvid=BV1ZB9EBmEAU 已成功抓取全部所需数据。
[2026-04-03 01:00:07] [SUCCESS] bvid=BV1qB9EBmEnn 已成功抓取全部所需数据。
[2026-04-03 01:00:12] [SUCCESS] bvid=BV1Zj9JBDEKn 已成功抓取全部所需数据。
[2026-04-03 01:00:16] [SUCCESS] bvid=BV1i69EBjERA 已成功抓取全部所需数据。
[2026-04-03 01:00:21] [SUCCESS] bvid=BV1Xm9EBrEtF 已成功抓取全部所需数据。
[2026-04-03 01:00:26] [SUCCESS] bvid=BV1v69EBjEoV 已成功抓取全部所需数据。
[2026-04-03 01:00:31] [SUCCESS] bvid=BV1Gm9EBrEdB 已成功抓取全部所需数据。
[2026-04-03 01:00:36] [SUCCESS] bvid=BV13S9EBgE3x 已成功抓取全部所需数据。
[2026-04-03 01:00:41] [SUCCESS] bvid=BV1QS9EBgEe8 已成功抓取全部所需数据。
[2026-04-03 01:00:46] [SUCCESS] bvid=BV1Yy9EBCE6a 已成功抓取全部所需数据。
[2026-04-03 01:00:50] [SUCCESS] bvid=BV1D3X5BdEYy 已成功抓取全部所需数据。
[2026-04-03 01:00:55] [SUCCESS] bvid=BV15y9EBCE6M 已成功抓取全部所需数据。
[2026-04-03 01:01:00] [SUCCESS] bvid=BV1929EBGE3R 已成功抓取全部所需数据。
[2026-04-03 01:01:05] [SUCCESS] bvid=BV1j597BLERH 已成功抓取全部所需数据。
[2026-04-03 01:01:10] [SUCCESS] bvid=BV1BE9JBnEmh 已成功抓取全部所需数据。
[2026-04-03 01:01:15] [SUCCESS] bvid=BV1FL9JBpEFN 已成功抓取全部所需数据。
[2026-04-03 01:01:20] [SUCCESS] bvid=BV1FL9JBpEua 已成功抓取全部所需数据。
[2026-04-03 01:01:24] [SUCCESS] bvid=BV1NR95BnEUo 已成功抓取全部所需数据。
[2026-04-03 01:01:29] [SUCCESS] bvid=BV1xdXkB8Esx 已成功抓取全部所需数据。
[2026-04-03 01:01:34] [SUCCESS] bvid=BV1ZL9JBHEYn 已成功抓取全部所需数据。
[2026-04-03 01:01:39] [SUCCESS] bvid=BV1oj9JBDEmc 已成功抓取全部所需数据。
[2026-04-03 01:01:43] [SUCCESS] bvid=BV1Zj9JBDEsz 已成功抓取全部所需数据。
[2026-04-03 01:01:48] [SUCCESS] bvid=BV1fj9JBDExo 已成功抓取全部所需数据。
[2026-04-03 01:01:53] [SUCCESS] bvid=BV19s9JBLEns 已成功抓取全部所需数据。
[2026-04-03 01:01:58] [SUCCESS] bvid=BV1Rs9JBLEWY 已成功抓取全部所需数据。
[2026-04-03 01:02:03] [SUCCESS] bvid=BV15s9JBjEZK 已成功抓取全部所需数据。
[2026-04-03 01:02:08] [SUCCESS] bvid=BV15s9JBjE2t 已成功抓取全部所需数据。
[2026-04-03 01:02:13] [SUCCESS] bvid=BV19s9JBLE7f 已成功抓取全部所需数据。
[2026-04-03 01:02:18] [SUCCESS] bvid=BV1vs9JBjE2r 已成功抓取全部所需数据。
[2026-04-03 01:02:23] [SUCCESS] bvid=BV1Rs9JBLENK 已成功抓取全部所需数据。
[2026-04-03 01:02:28] [SUCCESS] bvid=BV15x9JB1EwF 已成功抓取全部所需数据。
[2026-04-03 01:02:33] [SUCCESS] bvid=BV1Xx9JByEqf 已成功抓取全部所需数据。
[2026-04-03 01:02:38] [SUCCESS] bvid=BV19x9JB1ENp 已成功抓取全部所需数据。
[2026-04-03 01:02:43] [SUCCESS] bvid=BV1oH9JB7E5q 已成功抓取全部所需数据。
[2026-04-03 01:02:48] [SUCCESS] bvid=BV1LH9JBEEeV 已成功抓取全部所需数据。
[2026-04-03 01:02:48] [INFO] 当前 batch_crawl 已完成，所有视频均已成功抓取。
[2026-04-03 01:02:48] 子任务结束时间：2026-04-03T01:02:48.541565
[TIMESTAMP][END] 2026-04-03T01:02:48
