[TIMESTAMP][BEGIN] 2026-04-03T00:28:03
[2026-04-03 00:28:05] 开始执行 CSV 批量抓取子任务 part_1。
[2026-04-03 00:28:05] 子任务开始时间：2026-04-03T00:28:03.235283
[2026-04-03 00:28:05] 输入文件：batch_input_1.csv
[2026-04-03 00:28:05] 输入唯一 bvid 数量：100
[2026-04-03 00:28:05] 为严格按 CSV 顺序判断连续失败阈值，本次任务自动将并发度从 2 调整为 1。
[2026-04-03 00:28:12] [SUCCESS] bvid=BV1Uw9cBEE9C 已成功抓取全部所需数据。
[2026-04-03 00:28:18] [SUCCESS] bvid=BV1Qo9FBQEgH 已成功抓取全部所需数据。
[2026-04-03 00:28:24] [SUCCESS] bvid=BV1js9cBeEmy 已成功抓取全部所需数据。
[2026-04-03 00:28:30] [SUCCESS] bvid=BV1Qo9FBQEPa 已成功抓取全部所需数据。
[2026-04-03 00:28:35] [SUCCESS] bvid=BV1Zk9FBwEwj 已成功抓取全部所需数据。
[2026-04-03 00:28:41] [SUCCESS] bvid=BV1669FBeEH7 已成功抓取全部所需数据。
[2026-04-03 00:28:46] [SUCCESS] bvid=BV1v4XfBWEuD 已成功抓取全部所需数据。
[2026-04-03 00:28:51] [SUCCESS] bvid=BV1uVXZB5Eqw 已成功抓取全部所需数据。
[2026-04-03 00:28:57] [SUCCESS] bvid=BV1cm97BXEen 已成功抓取全部所需数据。
[2026-04-03 00:29:03] [SUCCESS] bvid=BV1PG9cBkE2B 已成功抓取全部所需数据。
[2026-04-03 00:29:08] [SUCCESS] bvid=BV11K9cB1Eec 已成功抓取全部所需数据。
[2026-04-03 00:29:14] [SUCCESS] bvid=BV17j9JBQE6f 已成功抓取全部所需数据。
[2026-04-03 00:29:20] [SUCCESS] bvid=BV1dkXZBWEcd 已成功抓取全部所需数据。
[2026-04-03 00:29:25] [SUCCESS] bvid=BV1W4XZBvE93 已成功抓取全部所需数据。
[2026-04-03 00:29:31] [SUCCESS] bvid=BV1C39cBGEs3 已成功抓取全部所需数据。
[2026-04-03 00:29:36] [SUCCESS] bvid=BV1CbXZBPECb 已成功抓取全部所需数据。
[2026-04-03 00:29:42] [SUCCESS] bvid=BV1R1XZBHEJK 已成功抓取全部所需数据。
[2026-04-03 00:29:47] [SUCCESS] bvid=BV1TfXZBCEhf 已成功抓取全部所需数据。
[2026-04-03 00:29:52] [SUCCESS] bvid=BV1rVXfBAEZH 已成功抓取全部所需数据。
[2026-04-03 00:29:58] [SUCCESS] bvid=BV1ZqXZBoEvL 已成功抓取全部所需数据。
[2026-04-03 00:30:04] [SUCCESS] bvid=BV1g3XZB1EzY 已成功抓取全部所需数据。
[2026-04-03 00:30:09] [SUCCESS] bvid=BV1PxXZBKE6x 已成功抓取全部所需数据。
[2026-04-03 00:30:15] [SUCCESS] bvid=BV1hVXZB5EW2 已成功抓取全部所需数据。
[2026-04-03 00:30:20] [SUCCESS] bvid=BV141XfB3E7W 已成功抓取全部所需数据。
[2026-04-03 00:30:26] [SUCCESS] bvid=BV1WgXBByEzK 已成功抓取全部所需数据。
[2026-04-03 00:30:31] [SUCCESS] bvid=BV1Se9JBuEjP 已成功抓取全部所需数据。
[2026-04-03 00:30:36] [SUCCESS] bvid=BV1uVXZB5EXW 已成功抓取全部所需数据。
[2026-04-03 00:30:41] [SUCCESS] bvid=BV1SVXZB5Eei 已成功抓取全部所需数据。
[2026-04-03 00:30:54] [SUCCESS] bvid=BV1KnXZBzEwL 已成功抓取全部所需数据。
[2026-04-03 00:31:05] [SUCCESS] bvid=BV1tJXZBgEdG 已成功抓取全部所需数据。
[2026-04-03 00:31:11] [SUCCESS] bvid=BV165XfBaErz 已成功抓取全部所需数据。
[2026-04-03 00:31:16] [SUCCESS] bvid=BV1vsXfBREJb 已成功抓取全部所需数据。
[2026-04-03 00:31:21] [SUCCESS] bvid=BV1R2XZBQEio 已成功抓取全部所需数据。
[2026-04-03 00:31:27] [SUCCESS] bvid=BV1tkXfBVE5a 已成功抓取全部所需数据。
[2026-04-03 00:31:32] [SUCCESS] bvid=BV1gk9WBnEEP 已成功抓取全部所需数据。
[2026-04-03 00:31:37] [SUCCESS] bvid=BV1QXXZB2ETv 已成功抓取全部所需数据。
[2026-04-03 00:31:42] [SUCCESS] bvid=BV1XSXZBSETr 已成功抓取全部所需数据。
[2026-04-03 00:31:48] [SUCCESS] bvid=BV1QYXfBJEHt 已成功抓取全部所需数据。
[2026-04-03 00:31:53] [SUCCESS] bvid=BV1ZzXZBxErs 已成功抓取全部所需数据。
[2026-04-03 00:31:58] [SUCCESS] bvid=BV1R1XZBHEkj 已成功抓取全部所需数据。
[2026-04-03 00:32:03] [SUCCESS] bvid=BV1X2XZBDE2X 已成功抓取全部所需数据。
[2026-04-03 00:32:08] [SUCCESS] bvid=BV1dkXZBWELT 已成功抓取全部所需数据。
[2026-04-03 00:32:14] [SUCCESS] bvid=BV12cXfB3EhE 已成功抓取全部所需数据。
[2026-04-03 00:32:19] [SUCCESS] bvid=BV1fjezzCEpT 已成功抓取全部所需数据。
[2026-04-03 00:32:25] [SUCCESS] bvid=BV11NXfBBEvt 已成功抓取全部所需数据。
[2026-04-03 00:32:30] [SUCCESS] bvid=BV1tzXfBLEb2 已成功抓取全部所需数据。
[2026-04-03 00:32:35] [SUCCESS] bvid=BV1RtXfBXEqE 已成功抓取全部所需数据。
[2026-04-03 00:32:41] [SUCCESS] bvid=BV1TM9WBCEM1 已成功抓取全部所需数据。
[2026-04-03 00:32:46] [SUCCESS] bvid=BV1Y8XfBHEww 已成功抓取全部所需数据。
[2026-04-03 00:32:51] [SUCCESS] bvid=BV198XfBHELG 已成功抓取全部所需数据。
[2026-04-03 00:32:56] [SUCCESS] bvid=BV1G8XfBpEVr 已成功抓取全部所需数据。
[2026-04-03 00:33:01] [SUCCESS] bvid=BV1a8XfBHEXW 已成功抓取全部所需数据。
[2026-04-03 00:33:06] [SUCCESS] bvid=BV1ei95BYEA4 已成功抓取全部所需数据。
[2026-04-03 00:33:11] [SUCCESS] bvid=BV1E4XMBHEd5 已成功抓取全部所需数据。
[2026-04-03 00:33:16] [SUCCESS] bvid=BV1HFX8BJEro 已成功抓取全部所需数据。
[2026-04-03 00:33:21] [SUCCESS] bvid=BV1nK97BDEn8 已成功抓取全部所需数据。
[2026-04-03 00:33:27] [SUCCESS] bvid=BV1v4XfBWEvW 已成功抓取全部所需数据。
[2026-04-03 00:33:32] [SUCCESS] bvid=BV1QeXfBUEzj 已成功抓取全部所需数据。
[2026-04-03 00:33:37] [SUCCESS] bvid=BV1SiXfB7EQo 已成功抓取全部所需数据。
[2026-04-03 00:33:42] [SUCCESS] bvid=BV19hXfBDEgu 已成功抓取全部所需数据。
[2026-04-03 00:33:47] [SUCCESS] bvid=BV1QhXfBDE8R 已成功抓取全部所需数据。
[2026-04-03 00:33:52] [SUCCESS] bvid=BV1YhXfBDEWc 已成功抓取全部所需数据。
[2026-04-03 00:33:57] [SUCCESS] bvid=BV1QhXfBDEts 已成功抓取全部所需数据。
[2026-04-03 00:34:02] [SUCCESS] bvid=BV1uc9WBEEjE 已成功抓取全部所需数据。
[2026-04-03 00:34:07] [SUCCESS] bvid=BV1uc9WBEELm 已成功抓取全部所需数据。
[2026-04-03 00:34:12] [SUCCESS] bvid=BV1gc9WBEEWU 已成功抓取全部所需数据。
[2026-04-03 00:34:17] [SUCCESS] bvid=BV14T9WB5E3e 已成功抓取全部所需数据。
[2026-04-03 00:34:22] [SUCCESS] bvid=BV1MN9WB1EPU 已成功抓取全部所需数据。
[2026-04-03 00:34:27] [SUCCESS] bvid=BV1KT9WB5EXf 已成功抓取全部所需数据。
[2026-04-03 00:34:32] [SUCCESS] bvid=BV1Mw9WBmEix 已成功抓取全部所需数据。
[2026-04-03 00:34:37] [SUCCESS] bvid=BV1uw9WBmEbr 已成功抓取全部所需数据。
[2026-04-03 00:34:42] [SUCCESS] bvid=BV1e39sB8EZh 已成功抓取全部所需数据。
[2026-04-03 00:34:47] [SUCCESS] bvid=BV14P9WBjEYi 已成功抓取全部所需数据。
[2026-04-03 00:34:52] [SUCCESS] bvid=BV1L29pBZEmv 已成功抓取全部所需数据。
[2026-04-03 00:34:57] [SUCCESS] bvid=BV1j29pBZEXh 已成功抓取全部所需数据。
[2026-04-03 00:35:03] [SUCCESS] bvid=BV15U9pB4E14 已成功抓取全部所需数据。
[2026-04-03 00:35:08] [SUCCESS] bvid=BV1Ey9pBFEvS 已成功抓取全部所需数据。
[2026-04-03 00:35:13] [SUCCESS] bvid=BV1VX9pB9EXx 已成功抓取全部所需数据。
[2026-04-03 00:35:18] [SUCCESS] bvid=BV19X9pB9EC7 已成功抓取全部所需数据。
[2026-04-03 00:35:23] [SUCCESS] bvid=BV1eX9pB9ET1 已成功抓取全部所需数据。
[2026-04-03 00:35:28] [SUCCESS] bvid=BV1GR9pBWEHJ 已成功抓取全部所需数据。
[2026-04-03 00:35:33] [SUCCESS] bvid=BV1eS9pBdEUJ 已成功抓取全部所需数据。
[2026-04-03 00:35:38] [SUCCESS] bvid=BV1VQ9pBsEqi 已成功抓取全部所需数据。
[2026-04-03 00:35:43] [SUCCESS] bvid=BV1vQ9pBsETW 已成功抓取全部所需数据。
[2026-04-03 00:35:48] [SUCCESS] bvid=BV1vQ9pBsEuF 已成功抓取全部所需数据。
[2026-04-03 00:35:54] [SUCCESS] bvid=BV1kD9HBKEhy 已成功抓取全部所需数据。
[2026-04-03 00:35:59] [SUCCESS] bvid=BV1Zx9WBcEzH 已成功抓取全部所需数据。
[2026-04-03 00:36:04] [SUCCESS] bvid=BV1v89WBbE9n 已成功抓取全部所需数据。
[2026-04-03 00:36:09] [SUCCESS] bvid=BV1Fn9WBvEmm 已成功抓取全部所需数据。
[2026-04-03 00:36:14] [SUCCESS] bvid=BV1Fn9WBvEXp 已成功抓取全部所需数据。
[2026-04-03 00:36:19] [SUCCESS] bvid=BV1Fn9WBvExQ 已成功抓取全部所需数据。
[2026-04-03 00:36:23] [SUCCESS] bvid=BV1fp9WBAEE8 已成功抓取全部所需数据。
[2026-04-03 00:36:28] [SUCCESS] bvid=BV1R89WBtEdT 已成功抓取全部所需数据。
[2026-04-03 00:36:34] [SUCCESS] bvid=BV1d89WBtE6g 已成功抓取全部所需数据。
[2026-04-03 00:36:39] [SUCCESS] bvid=BV1fp9WBAEjE 已成功抓取全部所需数据。
[2026-04-03 00:36:44] [SUCCESS] bvid=BV1hn9sBWE3i 已成功抓取全部所需数据。
[2026-04-03 00:36:49] [SUCCESS] bvid=BV1o49WB8EJq 已成功抓取全部所需数据。
[2026-04-03 00:36:54] [SUCCESS] bvid=BV1o49WB8E3e 已成功抓取全部所需数据。
[2026-04-03 00:36:59] [SUCCESS] bvid=BV1o49WB8Eu8 已成功抓取全部所需数据。
[2026-04-03 00:37:04] [SUCCESS] bvid=BV1pt9nBAEQv 已成功抓取全部所需数据。
[2026-04-03 00:37:04] [INFO] 当前 batch_crawl 已完成，所有视频均已成功抓取。
[2026-04-03 00:37:04] 子任务结束时间：2026-04-03T00:37:04.955215
[TIMESTAMP][END] 2026-04-03T00:37:04
