[TIMESTAMP][BEGIN] 2026-04-03T00:45:55
[2026-04-03 00:45:57] 开始执行 CSV 批量抓取子任务 part_3。
[2026-04-03 00:45:57] 子任务开始时间：2026-04-03T00:45:55.674629
[2026-04-03 00:45:57] 输入文件：batch_input_3.csv
[2026-04-03 00:45:57] 输入唯一 bvid 数量：100
[2026-04-03 00:45:57] 为严格按 CSV 顺序判断连续失败阈值，本次任务自动将并发度从 2 调整为 1。
[2026-04-03 00:46:03] [SUCCESS] bvid=BV1yt9nBAEbD 已成功抓取全部所需数据。
[2026-04-03 00:46:08] [SUCCESS] bvid=BV1v19nBDEDx 已成功抓取全部所需数据。
[2026-04-03 00:46:13] [SUCCESS] bvid=BV1kZ9WBuEmn 已成功抓取全部所需数据。
[2026-04-03 00:46:18] [SUCCESS] bvid=BV1st9nBAEgP 已成功抓取全部所需数据。
[2026-04-03 00:46:23] [SUCCESS] bvid=BV1rZ9WBuEXT 已成功抓取全部所需数据。
[2026-04-03 00:46:28] [SUCCESS] bvid=BV1rf9WBBEfv 已成功抓取全部所需数据。
[2026-04-03 00:46:33] [SUCCESS] bvid=BV1xp9nBiEZf 已成功抓取全部所需数据。
[2026-04-03 00:46:38] [SUCCESS] bvid=BV1xs9nBNE2S 已成功抓取全部所需数据。
[2026-04-03 00:46:43] [SUCCESS] bvid=BV1iM9sBaEzG 已成功抓取全部所需数据。
[2026-04-03 00:46:48] [SUCCESS] bvid=BV1FP9sBKEkd 已成功抓取全部所需数据。
[2026-04-03 00:46:53] [SUCCESS] bvid=BV1iM9sBaE6y 已成功抓取全部所需数据。
[2026-04-03 00:46:58] [SUCCESS] bvid=BV1go9nBVEJa 已成功抓取全部所需数据。
[2026-04-03 00:47:04] [SUCCESS] bvid=BV1Wt9nBAEpN 已成功抓取全部所需数据。
[2026-04-03 00:47:09] [SUCCESS] bvid=BV1Ys97BBEW3 已成功抓取全部所需数据。
[2026-04-03 00:47:13] [SUCCESS] bvid=BV1uZ9nBkEt8 已成功抓取全部所需数据。
[2026-04-03 00:47:19] [SUCCESS] bvid=BV1iXXrBCE5d 已成功抓取全部所需数据。
[2026-04-03 00:47:24] [SUCCESS] bvid=BV1Zn9HBdEUS 已成功抓取全部所需数据。
[2026-04-03 00:47:29] [SUCCESS] bvid=BV1Z5XoB9EKE 已成功抓取全部所需数据。
[2026-04-03 00:47:34] [SUCCESS] bvid=BV1Z5XoB9ErL 已成功抓取全部所需数据。
[2026-04-03 00:47:39] [SUCCESS] bvid=BV1De9JBuEBa 已成功抓取全部所需数据。
[2026-04-03 00:47:44] [SUCCESS] bvid=BV1GD9nB7EHo 已成功抓取全部所需数据。
[2026-04-03 00:47:49] [SUCCESS] bvid=BV1uF9HB3Esp 已成功抓取全部所需数据。
[2026-04-03 00:47:54] [SUCCESS] bvid=BV1Rp9JBmEpb 已成功抓取全部所需数据。
[2026-04-03 00:47:59] [SUCCESS] bvid=BV1op9HBsEND 已成功抓取全部所需数据。
[2026-04-03 00:48:05] [SUCCESS] bvid=BV1J79HBfEvs 已成功抓取全部所需数据。
[2026-04-03 00:48:10] [SUCCESS] bvid=BV1d49HBQEar 已成功抓取全部所需数据。
[2026-04-03 00:48:15] [SUCCESS] bvid=BV1dW9HBREmr 已成功抓取全部所需数据。
[2026-04-03 00:48:20] [SUCCESS] bvid=BV1Ca9VBjEoe 已成功抓取全部所需数据。
[2026-04-03 00:48:25] [SUCCESS] bvid=BV1hu9EBqE1z 已成功抓取全部所需数据。
[2026-04-03 00:48:30] [SUCCESS] bvid=BV1Pu9HBNEfQ 已成功抓取全部所需数据。
[2026-04-03 00:48:36] [SUCCESS] bvid=BV1Ag9HBeECZ 已成功抓取全部所需数据。
[2026-04-03 00:48:41] [SUCCESS] bvid=BV1KK9HBTEMm 已成功抓取全部所需数据。
[2026-04-03 00:48:46] [SUCCESS] bvid=BV1ayXdBLE24 已成功抓取全部所需数据。
[2026-04-03 00:48:51] [SUCCESS] bvid=BV1GyXdBLEmd 已成功抓取全部所需数据。
[2026-04-03 00:48:56] [SUCCESS] bvid=BV1QyXdB5ERy 已成功抓取全部所需数据。
[2026-04-03 00:49:01] [SUCCESS] bvid=BV1QyXdB5EZG 已成功抓取全部所需数据。
[2026-04-03 00:49:06] [SUCCESS] bvid=BV1XyXdB5EJC 已成功抓取全部所需数据。
[2026-04-03 00:49:11] [SUCCESS] bvid=BV1Fj9HB8Eqq 已成功抓取全部所需数据。
[2026-04-03 00:49:16] [SUCCESS] bvid=BV1Y19jBNET1 已成功抓取全部所需数据。
[2026-04-03 00:49:22] [SUCCESS] bvid=BV1eA9EBrEE9 已成功抓取全部所需数据。
[2026-04-03 00:49:27] [SUCCESS] bvid=BV1Dp9LBcECa 已成功抓取全部所需数据。
[2026-04-03 00:49:32] [SUCCESS] bvid=BV1pbXWBKE3F 已成功抓取全部所需数据。
[2026-04-03 00:49:38] [SUCCESS] bvid=BV18mwezKEGw 已成功抓取全部所需数据。
[2026-04-03 00:49:43] [SUCCESS] bvid=BV1Mk9HBkEU2 已成功抓取全部所需数据。
[2026-04-03 00:49:47] [SUCCESS] bvid=BV12k9HBrE6j 已成功抓取全部所需数据。
[2026-04-03 00:49:52] [SUCCESS] bvid=BV1kQ9HBvE6c 已成功抓取全部所需数据。
[2026-04-03 00:49:57] [SUCCESS] bvid=BV1CU9HBqE1S 已成功抓取全部所需数据。
[2026-04-03 00:50:02] [SUCCESS] bvid=BV1QY9HBmEFQ 已成功抓取全部所需数据。
[2026-04-03 00:50:07] [SUCCESS] bvid=BV1G89HBDEQw 已成功抓取全部所需数据。
[2026-04-03 00:50:13] [SUCCESS] bvid=BV1Qv9HBjE2k 已成功抓取全部所需数据。
[2026-04-03 00:50:18] [SUCCESS] bvid=BV1R89HBSEND 已成功抓取全部所需数据。
[2026-04-03 00:50:23] [SUCCESS] bvid=BV1mz9HBCEYC 已成功抓取全部所需数据。
[2026-04-03 00:50:28] [SUCCESS] bvid=BV1uB9HBLEnk 已成功抓取全部所需数据。
[2026-04-03 00:50:33] [SUCCESS] bvid=BV1Yg9pBpE2r 已成功抓取全部所需数据。
[2026-04-03 00:50:38] [SUCCESS] bvid=BV1TH9nBMEzD 已成功抓取全部所需数据。
[2026-04-03 00:50:44] [SUCCESS] bvid=BV1pF97BREyi 已成功抓取全部所需数据。
[2026-04-03 00:50:49] [SUCCESS] bvid=BV1ro9HBwEGv 已成功抓取全部所需数据。
[2026-04-03 00:50:54] [SUCCESS] bvid=BV1Wa9pBMEAr 已成功抓取全部所需数据。
[2026-04-03 00:50:59] [SUCCESS] bvid=BV1Sv9JBBEj6 已成功抓取全部所需数据。
[2026-04-03 00:51:04] [SUCCESS] bvid=BV16Q9JBoEWC 已成功抓取全部所需数据。
[2026-04-03 00:51:09] [SUCCESS] bvid=BV14J9nBBEZ9 已成功抓取全部所需数据。
[2026-04-03 00:51:14] [SUCCESS] bvid=BV12J9nBBES9 已成功抓取全部所需数据。
[2026-04-03 00:51:19] [SUCCESS] bvid=BV18j9nB6ELi 已成功抓取全部所需数据。
[2026-04-03 00:51:24] [SUCCESS] bvid=BV1sx9nBeEJ8 已成功抓取全部所需数据。
[2026-04-03 00:51:29] [SUCCESS] bvid=BV1xp9nBiE2E 已成功抓取全部所需数据。
[2026-04-03 00:51:34] [SUCCESS] bvid=BV1So9nBVEgX 已成功抓取全部所需数据。
[2026-04-03 00:51:39] [SUCCESS] bvid=BV14p9nBiEkb 已成功抓取全部所需数据。
[2026-04-03 00:51:45] [SUCCESS] bvid=BV1h99nBLEtX 已成功抓取全部所需数据。
[2026-04-03 00:51:49] [SUCCESS] bvid=BV1a99nBLE7p 已成功抓取全部所需数据。
[2026-04-03 00:51:54] [SUCCESS] bvid=BV1uF9HB3EsB 已成功抓取全部所需数据。
[2026-04-03 00:52:00] [SUCCESS] bvid=BV1Kc9HB6EoQ 已成功抓取全部所需数据。
[2026-04-03 00:52:05] [SUCCESS] bvid=BV1jy9nBHE75 已成功抓取全部所需数据。
[2026-04-03 00:52:10] [SUCCESS] bvid=BV1Br9nBWEws 已成功抓取全部所需数据。
[2026-04-03 00:52:16] [SUCCESS] bvid=BV1VD9nB7EpU 已成功抓取全部所需数据。
[2026-04-03 00:52:21] [SUCCESS] bvid=BV1VD9nB7EpL 已成功抓取全部所需数据。
[2026-04-03 00:52:26] [SUCCESS] bvid=BV1aD9nB7Ewr 已成功抓取全部所需数据。
[2026-04-03 00:52:31] [SUCCESS] bvid=BV1VU9nBUEfR 已成功抓取全部所需数据。
[2026-04-03 00:52:37] [SUCCESS] bvid=BV1Rp9JB2E7q 已成功抓取全部所需数据。
[2026-04-03 00:52:41] [SUCCESS] bvid=BV1c8XWBvErC 已成功抓取全部所需数据。
[2026-04-03 00:52:47] [SUCCESS] bvid=BV1VU9nBUEcm 已成功抓取全部所需数据。
[2026-04-03 00:52:52] [SUCCESS] bvid=BV1GU9nBUEj1 已成功抓取全部所需数据。
[2026-04-03 00:52:57] [SUCCESS] bvid=BV1QK9EBzE4u 已成功抓取全部所需数据。
[2026-04-03 00:53:02] [SUCCESS] bvid=BV1eN9EBgEw3 已成功抓取全部所需数据。
[2026-04-03 00:53:07] [SUCCESS] bvid=BV1YK9EBzELV 已成功抓取全部所需数据。
[2026-04-03 00:53:12] [SUCCESS] bvid=BV1S39EBKEMp 已成功抓取全部所需数据。
[2026-04-03 00:53:17] [SUCCESS] bvid=BV18G9EBvECj 已成功抓取全部所需数据。
[2026-04-03 00:53:22] [SUCCESS] bvid=BV1Du9EBqErh 已成功抓取全部所需数据。
[2026-04-03 00:53:27] [SUCCESS] bvid=BV1hu9EBqEby 已成功抓取全部所需数据。
[2026-04-03 00:53:32] [SUCCESS] bvid=BV1fX97BEESx 已成功抓取全部所需数据。
[2026-04-03 00:53:37] [SUCCESS] bvid=BV1fX97BEEBS 已成功抓取全部所需数据。
[2026-04-03 00:53:42] [SUCCESS] bvid=BV13kXkBuES7 已成功抓取全部所需数据。
[2026-04-03 00:53:47] [SUCCESS] bvid=BV1q997BmEvE 已成功抓取全部所需数据。
[2026-04-03 00:53:52] [SUCCESS] bvid=BV1f997BmET4 已成功抓取全部所需数据。
[2026-04-03 00:53:57] [SUCCESS] bvid=BV1HS97BHENh 已成功抓取全部所需数据。
[2026-04-03 00:54:02] [SUCCESS] bvid=BV1zD97BSEgi 已成功抓取全部所需数据。
[2026-04-03 00:54:07] [SUCCESS] bvid=BV16D97BSE2c 已成功抓取全部所需数据。
[2026-04-03 00:54:12] [SUCCESS] bvid=BV1qf97B5Ew6 已成功抓取全部所需数据。
[2026-04-03 00:54:17] [SUCCESS] bvid=BV1if97B5Ey5 已成功抓取全部所需数据。
[2026-04-03 00:54:22] [SUCCESS] bvid=BV1969jBBEwj 已成功抓取全部所需数据。
[2026-04-03 00:54:27] [SUCCESS] bvid=BV1qd97BjErB 已成功抓取全部所需数据。
[2026-04-03 00:54:27] [INFO] 当前 batch_crawl 已完成，所有视频均已成功抓取。
[2026-04-03 00:54:27] 子任务结束时间：2026-04-03T00:54:27.157078
[TIMESTAMP][END] 2026-04-03T00:54:27
