[TIMESTAMP][BEGIN] 2026-04-11T20:16:57
[2026-04-11 20:17:05] 开始执行 CSV 批量抓取子任务 part_4。
[2026-04-11 20:17:05] 子任务开始时间：2026-04-11T20:16:57.636047
[2026-04-11 20:17:05] 输入文件：batch_input_4.csv
[2026-04-11 20:17:05] 输入唯一 bvid 数量：100
[2026-04-11 20:17:06] [ERROR] bvid=BV1pKXVB3E3N 抓取失败：meta: 接口返回错误代码：-404，信息：啥都木有。
{'code': -404, 'message': '啥都木有', 'ttl': 1}
[2026-04-11 20:17:06] [ERROR] bvid=BV1pVXLB5E2H 抓取失败：meta: 接口返回错误代码：62002，信息：稿件不可见。
{'code': 62002, 'message': '稿件不可见', 'ttl': 1}
[2026-04-11 20:17:07] [ERROR] bvid=BV1pVXLB5Euw 抓取失败：meta: 接口返回错误代码：62002，信息：稿件不可见。
{'code': 62002, 'message': '稿件不可见', 'ttl': 1}
[2026-04-11 20:17:07] [ERROR] bvid=BV1pYXUBzEPv 抓取失败：meta: 接口返回错误代码：62002，信息：稿件不可见。
{'code': 62002, 'message': '稿件不可见', 'ttl': 1}
[2026-04-11 20:17:08] [ERROR] bvid=BV1pcDhBDExk 抓取失败：meta: 接口返回错误代码：62002，信息：稿件不可见。
{'code': 62002, 'message': '稿件不可见', 'ttl': 1}
[2026-04-11 20:17:09] [ERROR] bvid=BV1piXDBLEkm 抓取失败：meta: 接口返回错误代码：-404，信息：啥都木有。
{'code': -404, 'message': '啥都木有', 'ttl': 1}
[2026-04-11 20:17:09] [ERROR] bvid=BV1pqXDByEjn 抓取失败：meta: 接口返回错误代码：-404，信息：啥都木有。
{'code': -404, 'message': '啥都木有', 'ttl': 1}
[2026-04-11 20:17:10] [ERROR] bvid=BV1pqXDByEsP 抓取失败：meta: 接口返回错误代码：-404，信息：啥都木有。
{'code': -404, 'message': '啥都木有', 'ttl': 1}
[2026-04-11 20:17:10] [ERROR] bvid=BV1pzDKBmEaq 抓取失败：meta: 接口返回错误代码：62002，信息：稿件不可见。
{'code': 62002, 'message': '稿件不可见', 'ttl': 1}
[2026-04-11 20:17:11] [ERROR] bvid=BV1qFXUBwEvF 抓取失败：meta: 接口返回错误代码：62012，信息：62012。
{'code': 62012, 'message': '62012', 'ttl': 1}
[2026-04-11 20:17:11] [STOP] 检测到连续 10 条视频抓取失败，已按阈值 10 暂停当前 CSV 批量抓取流程。
[2026-04-11 20:17:11] [INFO] 已导出剔除成功条目后的剩余 CSV：outputs\video_data\manual_crawls\manual_crawl_meta_mode_A_20260411_201600\remaining_bvids_part_4.csv
[2026-04-11 20:17:11] 子任务结束时间：2026-04-11T20:17:11.538635
[TIMESTAMP][END] 2026-04-11T20:17:11
