[TIMESTAMP][BEGIN] 2026-04-11T20:16:28
[2026-04-11 20:16:36] 开始执行 CSV 批量抓取子任务 part_2。
[2026-04-11 20:16:36] 子任务开始时间：2026-04-11T20:16:28.275159
[2026-04-11 20:16:36] 输入文件：batch_input_2.csv
[2026-04-11 20:16:36] 输入唯一 bvid 数量：100
[2026-04-11 20:16:36] [ERROR] bvid=BV1GXX5BZExF 抓取失败：meta: 接口返回错误代码：62002，信息：稿件不可见。
{'code': 62002, 'message': '稿件不可见', 'ttl': 1}
[2026-04-11 20:16:37] [ERROR] bvid=BV1Gj9wBZE85 抓取失败：meta: 接口返回错误代码：-404，信息：啥都木有。
{'code': -404, 'message': '啥都木有', 'ttl': 1}
[2026-04-11 20:16:38] [ERROR] bvid=BV1GyXgBUEzU 抓取失败：meta: 接口返回错误代码：62002，信息：稿件不可见。
{'code': 62002, 'message': '稿件不可见', 'ttl': 1}
[2026-04-11 20:16:38] [ERROR] bvid=BV1H4XgBFEeh 抓取失败：meta: 接口返回错误代码：62002，信息：稿件不可见。
{'code': 62002, 'message': '稿件不可见', 'ttl': 1}
[2026-04-11 20:16:39] [ERROR] bvid=BV1H5XLBCEiL 抓取失败：meta: 接口返回错误代码：62002，信息：稿件不可见。
{'code': 62002, 'message': '稿件不可见', 'ttl': 1}
[2026-04-11 20:16:39] [ERROR] bvid=BV1HBDLBgEfj 抓取失败：meta: 接口返回错误代码：62012，信息：62012。
{'code': 62012, 'message': '62012', 'ttl': 1}
[2026-04-11 20:16:40] [ERROR] bvid=BV1HRXPB2Eev 抓取失败：meta: 接口返回错误代码：-404，信息：啥都木有。
{'code': -404, 'message': '啥都木有', 'ttl': 1}
[2026-04-11 20:16:41] [ERROR] bvid=BV1HZXSBGEe5 抓取失败：meta: 接口返回错误代码：62002，信息：稿件不可见。
{'code': 62002, 'message': '稿件不可见', 'ttl': 1}
[2026-04-11 20:16:41] [ERROR] bvid=BV1HcXaB4EZB 抓取失败：meta: 接口返回错误代码：62002，信息：稿件不可见。
{'code': 62002, 'message': '稿件不可见', 'ttl': 1}
[2026-04-11 20:16:42] [ERROR] bvid=BV1HnXMBxEcY 抓取失败：meta: 接口返回错误代码：-404，信息：啥都木有。
{'code': -404, 'message': '啥都木有', 'ttl': 1}
[2026-04-11 20:16:42] [STOP] 检测到连续 10 条视频抓取失败，已按阈值 10 暂停当前 CSV 批量抓取流程。
[2026-04-11 20:16:42] [INFO] 已导出剔除成功条目后的剩余 CSV：outputs\video_data\manual_crawls\manual_crawl_meta_mode_A_20260411_201600\remaining_bvids_part_2.csv
[2026-04-11 20:16:42] 子任务结束时间：2026-04-11T20:16:42.267880
[TIMESTAMP][END] 2026-04-11T20:16:42
