[TIMESTAMP][BEGIN] 2026-04-11T20:16:00
[2026-04-11 20:16:08] 开始执行 CSV 批量抓取子任务 part_1。
[2026-04-11 20:16:08] 子任务开始时间：2026-04-11T20:16:00.133404
[2026-04-11 20:16:08] 输入文件：batch_input_1.csv
[2026-04-11 20:16:08] 输入唯一 bvid 数量：100
[2026-04-11 20:16:09] [ERROR] bvid=BV11DXbBxENF 抓取失败：meta: 接口返回错误代码：62002，信息：稿件不可见。
{'code': 62002, 'message': '稿件不可见', 'ttl': 1}
[2026-04-11 20:16:09] [ERROR] bvid=BV11PXPBDEgb 抓取失败：meta: 接口返回错误代码：62002，信息：稿件不可见。
{'code': 62002, 'message': '稿件不可见', 'ttl': 1}
[2026-04-11 20:16:10] [ERROR] bvid=BV11VDjBLEto 抓取失败：meta: 接口返回错误代码：62002，信息：稿件不可见。
{'code': 62002, 'message': '稿件不可见', 'ttl': 1}
[2026-04-11 20:16:10] [ERROR] bvid=BV11bXNBpEhM 抓取失败：meta: 接口返回错误代码：62002，信息：稿件不可见。
{'code': 62002, 'message': '稿件不可见', 'ttl': 1}
[2026-04-11 20:16:11] [ERROR] bvid=BV11pSDBVEUA 抓取失败：meta: 接口返回错误代码：-404，信息：啥都木有。
{'code': -404, 'message': '啥都木有', 'ttl': 1}
[2026-04-11 20:16:12] [ERROR] bvid=BV1239NBZEN3 抓取失败：meta: 接口返回错误代码：62002，信息：稿件不可见。
{'code': 62002, 'message': '稿件不可见', 'ttl': 1}
[2026-04-11 20:16:22] [SUCCESS] bvid=BV12SX6BdEWB 已成功抓取全部所需数据。
[2026-04-11 20:16:22] [ERROR] bvid=BV12WXjBxEm9 抓取失败：meta: 接口返回错误代码：62002，信息：稿件不可见。
{'code': 62002, 'message': '稿件不可见', 'ttl': 1}
[2026-04-11 20:16:23] [ERROR] bvid=BV12e9LBXELR 抓取失败：meta: 接口返回错误代码：-404，信息：啥都木有。
{'code': -404, 'message': '啥都木有', 'ttl': 1}
[2026-04-11 20:16:23] [ERROR] bvid=BV12pDsB3E2x 抓取失败：meta: 接口返回错误代码：62012，信息：62012。
{'code': 62012, 'message': '62012', 'ttl': 1}
[2026-04-11 20:16:24] [ERROR] bvid=BV12yDAB2EVb 抓取失败：meta: 接口返回错误代码：62002，信息：稿件不可见。
{'code': 62002, 'message': '稿件不可见', 'ttl': 1}
[2026-04-11 20:16:24] [ERROR] bvid=BV135XjBYEUe 抓取失败：meta: 接口返回错误代码：62002，信息：稿件不可见。
{'code': 62002, 'message': '稿件不可见', 'ttl': 1}
[2026-04-11 20:16:25] [ERROR] bvid=BV13DXGBHEy6 抓取失败：meta: 接口返回错误代码：62002，信息：稿件不可见。
{'code': 62002, 'message': '稿件不可见', 'ttl': 1}
[2026-04-11 20:16:26] [ERROR] bvid=BV13RX5B4E1W 抓取失败：meta: 接口返回错误代码：62002，信息：稿件不可见。
{'code': 62002, 'message': '稿件不可见', 'ttl': 1}
[2026-04-11 20:16:26] [ERROR] bvid=BV13mXGBWEX8 抓取失败：meta: 接口返回错误代码：62002，信息：稿件不可见。
{'code': 62002, 'message': '稿件不可见', 'ttl': 1}
[2026-04-11 20:16:27] [ERROR] bvid=BV13tX1BjEtc 抓取失败：meta: 接口返回错误代码：62002，信息：稿件不可见。
{'code': 62002, 'message': '稿件不可见', 'ttl': 1}
[2026-04-11 20:16:27] [ERROR] bvid=BV13zXMBVEor 抓取失败：meta: 接口返回错误代码：62002，信息：稿件不可见。
{'code': 62002, 'message': '稿件不可见', 'ttl': 1}
[2026-04-11 20:16:27] [STOP] 检测到连续 10 条视频抓取失败，已按阈值 10 暂停当前 CSV 批量抓取流程。
[2026-04-11 20:16:27] [INFO] 已导出剔除成功条目后的剩余 CSV：outputs\video_data\manual_crawls\manual_crawl_meta_mode_A_20260411_201600\remaining_bvids_part_1.csv
[2026-04-11 20:16:27] 子任务结束时间：2026-04-11T20:16:27.669251
[TIMESTAMP][END] 2026-04-11T20:16:27
