[TIMESTAMP][BEGIN] 2026-04-03T21:23:02.232284
Bilibili Video Data Crawler Batch Crawl Summary
session_dir: D:\Schoolworks\Thesis\Bilibili-Datahub\outputs\video_data\manual_crawls\manual_crawl_stat_comment_20260403_212256
session_started_at: 2026-04-03T21:23:02.232284
session_completed_at: 2026-04-03T23:17:04.240849
original_csv_name: batch_input_1.csv
task_mode: realtime_only
original_bvid_count: 100
part_count: 9
interruption_count: 0
completed_all: True

part_1:
  started_at: 2026-04-03T21:23:02.232284
  finished_at: 2026-04-03T21:35:14.092559
  source_csv_name: batch_input_1.csv
  task_mode: realtime_only
  input_bvid_count: 100
  processed_count: 100
  success_count: 100
  failed_count: 0
  remaining_count: 0
  consecutive_failure_limit: 10
  stopped_due_to_consecutive_failures: False
  stop_reason: 当前 batch_crawl 已完成，所有视频均已成功抓取。
  log_file: logs/batch_crawl_part_1_20260403_213514.log
  remaining_file: 

part_2:
  started_at: 2026-04-03T21:35:14.515535
  finished_at: 2026-04-03T21:56:55.671384
  source_csv_name: batch_input_2.csv
  task_mode: realtime_only
  input_bvid_count: 100
  processed_count: 100
  success_count: 99
  failed_count: 1
  remaining_count: 1
  consecutive_failure_limit: 10
  stopped_due_to_consecutive_failures: False
  stop_reason: 当前子任务已结束，但仍有未成功抓取的视频，已导出 remaining CSV 供继续执行。
  log_file: logs/batch_crawl_part_2_20260403_215655.log
  remaining_file: remaining_bvids_part_2.csv

part_3:
  started_at: 2026-04-03T21:56:55.970712
  finished_at: 2026-04-03T22:08:29.326681
  source_csv_name: batch_input_3.csv
  task_mode: realtime_only
  input_bvid_count: 100
  processed_count: 100
  success_count: 100
  failed_count: 0
  remaining_count: 0
  consecutive_failure_limit: 10
  stopped_due_to_consecutive_failures: False
  stop_reason: 当前 batch_crawl 已完成，所有视频均已成功抓取。
  log_file: logs/batch_crawl_part_3_20260403_220829.log
  remaining_file: 

part_4:
  started_at: 2026-04-03T22:08:29.579006
  finished_at: 2026-04-03T22:19:52.037699
  source_csv_name: batch_input_4.csv
  task_mode: realtime_only
  input_bvid_count: 100
  processed_count: 100
  success_count: 100
  failed_count: 0
  remaining_count: 0
  consecutive_failure_limit: 10
  stopped_due_to_consecutive_failures: False
  stop_reason: 当前 batch_crawl 已完成，所有视频均已成功抓取。
  log_file: logs/batch_crawl_part_4_20260403_221952.log
  remaining_file: 

part_5:
  started_at: 2026-04-03T22:19:52.258635
  finished_at: 2026-04-03T22:31:36.495252
  source_csv_name: batch_input_5.csv
  task_mode: realtime_only
  input_bvid_count: 100
  processed_count: 100
  success_count: 100
  failed_count: 0
  remaining_count: 0
  consecutive_failure_limit: 10
  stopped_due_to_consecutive_failures: False
  stop_reason: 当前 batch_crawl 已完成，所有视频均已成功抓取。
  log_file: logs/batch_crawl_part_5_20260403_223136.log
  remaining_file: 

part_6:
  started_at: 2026-04-03T22:31:36.706471
  finished_at: 2026-04-03T22:42:59.104375
  source_csv_name: batch_input_6.csv
  task_mode: realtime_only
  input_bvid_count: 100
  processed_count: 100
  success_count: 98
  failed_count: 2
  remaining_count: 2
  consecutive_failure_limit: 10
  stopped_due_to_consecutive_failures: False
  stop_reason: 当前子任务已结束，但仍有未成功抓取的视频，已导出 remaining CSV 供继续执行。
  log_file: logs/batch_crawl_part_6_20260403_224259.log
  remaining_file: remaining_bvids_part_6.csv

part_7:
  started_at: 2026-04-03T22:42:59.400384
  finished_at: 2026-04-03T22:54:25.353410
  source_csv_name: batch_input_7.csv
  task_mode: realtime_only
  input_bvid_count: 100
  processed_count: 100
  success_count: 100
  failed_count: 0
  remaining_count: 0
  consecutive_failure_limit: 10
  stopped_due_to_consecutive_failures: False
  stop_reason: 当前 batch_crawl 已完成，所有视频均已成功抓取。
  log_file: logs/batch_crawl_part_7_20260403_225425.log
  remaining_file: 

part_8:
  started_at: 2026-04-03T22:54:25.576202
  finished_at: 2026-04-03T23:05:45.341494
  source_csv_name: batch_input_8.csv
  task_mode: realtime_only
  input_bvid_count: 100
  processed_count: 100
  success_count: 99
  failed_count: 1
  remaining_count: 1
  consecutive_failure_limit: 10
  stopped_due_to_consecutive_failures: False
  stop_reason: 当前子任务已结束，但仍有未成功抓取的视频，已导出 remaining CSV 供继续执行。
  log_file: logs/batch_crawl_part_8_20260403_230545.log
  remaining_file: remaining_bvids_part_8.csv

part_9:
  started_at: 2026-04-03T23:05:45.532646
  finished_at: 2026-04-03T23:17:04.240849
  source_csv_name: batch_input_9.csv
  task_mode: realtime_only
  input_bvid_count: 100
  processed_count: 100
  success_count: 100
  failed_count: 0
  remaining_count: 0
  consecutive_failure_limit: 10
  stopped_due_to_consecutive_failures: False
  stop_reason: 当前 batch_crawl 已完成，所有视频均已成功抓取。
  log_file: logs/batch_crawl_part_9_20260403_231704.log
  remaining_file:
[TIMESTAMP][END] 2026-04-03T23:17:04
