[TIMESTAMP][BEGIN] 2026-04-06T14:39:23
uid_expansion 任务总结
session_dir: outputs/video_pool/uid_expansions/uid_expansion_20260404_20260406_143923
requested_window_start_at: 2026-04-04T00:00:00
requested_window_end_at: 2026-04-06T16:55:06
effective_window_start_at: 2026-04-04T00:00:00
effective_window_end_at: 2026-04-06T16:55:06
actual_window_start_at: 2026-04-04T00:00:00+00:00
actual_window_end_at: 2026-04-06T08:17:22+00:00
original_uid_count: 509
history_reused_owner_count: 509
part_count: 2
interruption_count: 1
total_video_count: 987
total_successful_owner_count: 509

parts:
- part_1:
  started_at=2026-04-06T14:39:23
  finished_at=2026-04-06T16:42:16
  input_owner_count=509
  successful_owner_count=496
  failed_owner_count=13
  remaining_owner_count=13
  video_count=964
  effective_window_start_at=2026-04-04T00:00:00
  effective_window_end_at=2026-04-06T14:39:23
  actual_window_start_at=2026-04-04T00:00:00+00:00
  actual_window_end_at=2026-04-06T08:17:22+00:00
  processed_batches=26/26
  stop_reason=completed_all_batches
  stopped_batch_index=None
  video_file=videolist_part_1.csv
  remaining_file=remaining_uids_part_1.csv
  log_file=logs/20260406_164216_208589_uid_expansion_part_1.log
- part_2:
  started_at=2026-04-06T16:55:06
  finished_at=2026-04-06T16:58:04
  input_owner_count=13
  successful_owner_count=13
  failed_owner_count=0
  remaining_owner_count=0
  video_count=23
  effective_window_start_at=2026-04-04T00:00:00
  effective_window_end_at=2026-04-06T16:55:06
  actual_window_start_at=2026-04-04T01:30:49+00:00
  actual_window_end_at=2026-04-06T07:34:05+00:00
  processed_batches=1/1
  stop_reason=completed_all_batches
  stopped_batch_index=None
  video_file=videolist_part_2.csv
  remaining_file=
  log_file=logs/20260406_165804_497278_uid_expansion_part_2.log
[TIMESTAMP][END] 2026-04-06T16:58:04
