[TIMESTAMP][BEGIN] 2026-03-30T16:18:02
[INFO] 已创建新的作者洞察任务目录：outputs/author_refinements/author_refinement_20260330_161802。
[INFO] 已保存本次输入作者列表快照：outputs/author_refinements/author_refinement_20260330_161802/input_authors_part_1.csv
[INFO] 已保存任务原始作者列表：outputs/author_refinements/author_refinement_20260330_161802/original_authors.csv
[1/2970] 正在抓取作者 3670216 的 MetaResult 级作者属性。
[OK] 作者 3670216 抓取完成：粉丝 8505310, 关注 8, 公开视频 2566。
[2/2970] 正在抓取作者 30222764 的 MetaResult 级作者属性。
[OK] 作者 30222764 抓取完成：粉丝 1556734, 关注 520, 公开视频 91。
[3/2970] 正在抓取作者 39627524 的 MetaResult 级作者属性。
[OK] 作者 39627524 抓取完成：粉丝 9177483, 关注 207, 公开视频 604。
[4/2970] 正在抓取作者 14229967 的 MetaResult 级作者属性。
[OK] 作者 14229967 抓取完成：粉丝 23544040, 关注 13, 公开视频 817。
[5/2970] 正在抓取作者 1372433 的 MetaResult 级作者属性。
[OK] 作者 1372433 抓取完成：粉丝 2810428, 关注 429, 公开视频 194。
[6/2970] 正在抓取作者 447317111 的 MetaResult 级作者属性。
[OK] 作者 447317111 抓取完成：粉丝 5316698, 关注 291, 公开视频 330。
[7/2970] 正在抓取作者 63231 的 MetaResult 级作者属性。
[OK] 作者 63231 抓取完成：粉丝 6625242, 关注 541, 公开视频 372。
[8/2970] 正在抓取作者 1958342 的 MetaResult 级作者属性。
[OK] 作者 1958342 抓取完成：粉丝 2713911, 关注 212, 公开视频 244。
[9/2970] 正在抓取作者 23947287 的 MetaResult 级作者属性。
[OK] 作者 23947287 抓取完成：粉丝 10629610, 关注 399, 公开视频 244。
[10/2970] 正在抓取作者 7481602 的 MetaResult 级作者属性。
[OK] 作者 7481602 抓取完成：粉丝 2459063, 关注 180, 公开视频 253。
[11/2970] 正在抓取作者 686127 的 MetaResult 级作者属性。
[OK] 作者 686127 抓取完成：粉丝 5270531, 关注 802, 公开视频 6495。
[12/2970] 正在抓取作者 67141499 的 MetaResult 级作者属性。
[OK] 作者 67141499 抓取完成：粉丝 6520891, 关注 153, 公开视频 564。
[13/2970] 正在抓取作者 1869712375 的 MetaResult 级作者属性。
[OK] 作者 1869712375 抓取完成：粉丝 3812859, 关注 101, 公开视频 196。
[14/2970] 正在抓取作者 2029306 的 MetaResult 级作者属性。
[OK] 作者 2029306 抓取完成：粉丝 1352614, 关注 1, 公开视频 1094。
[15/2970] 正在抓取作者 624052719 的 MetaResult 级作者属性。
[OK] 作者 624052719 抓取完成：粉丝 1773573, 关注 113, 公开视频 120。
[16/2970] 正在抓取作者 326427334 的 MetaResult 级作者属性。
[OK] 作者 326427334 抓取完成：粉丝 5132017, 关注 177, 公开视频 188。
[17/2970] 正在抓取作者 276928941 的 MetaResult 级作者属性。
[OK] 作者 276928941 抓取完成：粉丝 1214471, 关注 511, 公开视频 225。
[18/2970] 正在抓取作者 1724598 的 MetaResult 级作者属性。
[OK] 作者 1724598 抓取完成：粉丝 2471350, 关注 93, 公开视频 388。
[19/2970] 正在抓取作者 10119428 的 MetaResult 级作者属性。
[OK] 作者 10119428 抓取完成：粉丝 7935108, 关注 863, 公开视频 1716。
[20/2970] 正在抓取作者 99157282 的 MetaResult 级作者属性。
[OK] 作者 99157282 抓取完成：粉丝 8330417, 关注 776, 公开视频 668。
[21/2970] 正在抓取作者 7552204 的 MetaResult 级作者属性。
[OK] 作者 7552204 抓取完成：粉丝 4883551, 关注 589, 公开视频 426。
[22/2970] 正在抓取作者 86439234 的 MetaResult 级作者属性。
[OK] 作者 86439234 抓取完成：粉丝 2695675, 关注 755, 公开视频 409。
[23/2970] 正在抓取作者 26240675 的 MetaResult 级作者属性。
[OK] 作者 26240675 抓取完成：粉丝 5284359, 关注 274, 公开视频 1081。
[24/2970] 正在抓取作者 1455861172 的 MetaResult 级作者属性。
[OK] 作者 1455861172 抓取完成：粉丝 2550357, 关注 26, 公开视频 246。
[25/2970] 正在抓取作者 296092268 的 MetaResult 级作者属性。
[OK] 作者 296092268 抓取完成：粉丝 2950073, 关注 105, 公开视频 301。
[26/2970] 正在抓取作者 1027737427 的 MetaResult 级作者属性。
[OK] 作者 1027737427 抓取完成：粉丝 7021259, 关注 6, 公开视频 95。
[27/2970] 正在抓取作者 53737196 的 MetaResult 级作者属性。
[OK] 作者 53737196 抓取完成：粉丝 1860097, 关注 308, 公开视频 160。
[28/2970] 正在抓取作者 1195284234 的 MetaResult 级作者属性。
[OK] 作者 1195284234 抓取完成：粉丝 3578521, 关注 187, 公开视频 155。
[29/2970] 正在抓取作者 326246517 的 MetaResult 级作者属性。
[OK] 作者 326246517 抓取完成：粉丝 2277306, 关注 112, 公开视频 305。
[30/2970] 正在抓取作者 7349 的 MetaResult 级作者属性。
[OK] 作者 7349 抓取完成：粉丝 2537747, 关注 233, 公开视频 1429。
[31/2970] 正在抓取作者 21837784 的 MetaResult 级作者属性。
[OK] 作者 21837784 抓取完成：粉丝 7033082, 关注 74, 公开视频 781。
[32/2970] 正在抓取作者 163637592 的 MetaResult 级作者属性。
[OK] 作者 163637592 抓取完成：粉丝 12690185, 关注 341, 公开视频 91。
[33/2970] 正在抓取作者 1910020454 的 MetaResult 级作者属性。
[OK] 作者 1910020454 抓取完成：粉丝 1312298, 关注 587, 公开视频 274。
[34/2970] 正在抓取作者 474803476 的 MetaResult 级作者属性。
[OK] 作者 474803476 抓取完成：粉丝 2243502, 关注 129, 公开视频 164。
[35/2970] 正在抓取作者 18343098 的 MetaResult 级作者属性。
[OK] 作者 18343098 抓取完成：粉丝 3251937, 关注 354, 公开视频 176。
[36/2970] 正在抓取作者 6272357 的 MetaResult 级作者属性。
[OK] 作者 6272357 抓取完成：粉丝 1510791, 关注 25, 公开视频 303。
[37/2970] 正在抓取作者 34009507 的 MetaResult 级作者属性。
[OK] 作者 34009507 抓取完成：粉丝 2633457, 关注 70, 公开视频 136。
[38/2970] 正在抓取作者 249115678 的 MetaResult 级作者属性。
[OK] 作者 249115678 抓取完成：粉丝 1570816, 关注 92, 公开视频 259。
[39/2970] 正在抓取作者 3546657239075200 的 MetaResult 级作者属性。
[OK] 作者 3546657239075200 抓取完成：粉丝 1941200, 关注 3, 公开视频 389。
[40/2970] 正在抓取作者 8034163 的 MetaResult 级作者属性。
[OK] 作者 8034163 抓取完成：粉丝 1484024, 关注 256, 公开视频 310。
[41/2970] 正在抓取作者 546195 的 MetaResult 级作者属性。
[OK] 作者 546195 抓取完成：粉丝 20164298, 关注 5, 公开视频 650。
[42/2970] 正在抓取作者 3546630773016865 的 MetaResult 级作者属性。
[OK] 作者 3546630773016865 抓取完成：粉丝 4199571, 关注 5, 公开视频 1179。
[43/2970] 正在抓取作者 49442838 的 MetaResult 级作者属性。
[OK] 作者 49442838 抓取完成：粉丝 905553, 关注 6, 公开视频 45。
[44/2970] 正在抓取作者 45107914 的 MetaResult 级作者属性。
[OK] 作者 45107914 抓取完成：粉丝 2851568, 关注 30, 公开视频 153。
[45/2970] 正在抓取作者 628427286 的 MetaResult 级作者属性。
[OK] 作者 628427286 抓取完成：粉丝 705482, 关注 21, 公开视频 48。
[46/2970] 正在抓取作者 3493288665417911 的 MetaResult 级作者属性。
[OK] 作者 3493288665417911 抓取完成：粉丝 850778, 关注 39, 公开视频 536。
[47/2970] 正在抓取作者 532769633 的 MetaResult 级作者属性。
[OK] 作者 532769633 抓取完成：粉丝 885628, 关注 15, 公开视频 326。
[48/2970] 正在抓取作者 946974 的 MetaResult 级作者属性。
[OK] 作者 946974 抓取完成：粉丝 15663270, 关注 672, 公开视频 886。
[49/2970] 正在抓取作者 20457232 的 MetaResult 级作者属性。
[OK] 作者 20457232 抓取完成：粉丝 2671885, 关注 69, 公开视频 332。
[50/2970] 正在抓取作者 6574487 的 MetaResult 级作者属性。
[OK] 作者 6574487 抓取完成：粉丝 4762304, 关注 128, 公开视频 306。
[51/2970] 正在抓取作者 674162415 的 MetaResult 级作者属性。
[OK] 作者 674162415 抓取完成：粉丝 26707, 关注 3, 公开视频 22。
[52/2970] 正在抓取作者 406636263 的 MetaResult 级作者属性。
[OK] 作者 406636263 抓取完成：粉丝 5425325, 关注 212, 公开视频 224。
[53/2970] 正在抓取作者 212345699 的 MetaResult 级作者属性。
[OK] 作者 212345699 抓取完成：粉丝 1465630, 关注 237, 公开视频 247。
[54/2970] 正在抓取作者 39160258 的 MetaResult 级作者属性。
[OK] 作者 39160258 抓取完成：粉丝 543182, 关注 94, 公开视频 1630。
[55/2970] 正在抓取作者 250858633 的 MetaResult 级作者属性。
[OK] 作者 250858633 抓取完成：粉丝 6123773, 关注 36, 公开视频 583。
[56/2970] 正在抓取作者 3546972954823646 的 MetaResult 级作者属性。
[OK] 作者 3546972954823646 抓取完成：粉丝 232818, 关注 1, 公开视频 44。
[57/2970] 正在抓取作者 3493117728656046 的 MetaResult 级作者属性。
[OK] 作者 3493117728656046 抓取完成：粉丝 1938709, 关注 93, 公开视频 413。
[58/2970] 正在抓取作者 102584256 的 MetaResult 级作者属性。
[OK] 作者 102584256 抓取完成：粉丝 1398075, 关注 524, 公开视频 119。
[59/2970] 正在抓取作者 1577804 的 MetaResult 级作者属性。
[OK] 作者 1577804 抓取完成：粉丝 8611674, 关注 318, 公开视频 441。
[60/2970] 正在抓取作者 433351 的 MetaResult 级作者属性。
[OK] 作者 433351 抓取完成：粉丝 3177218, 关注 62, 公开视频 462。
[61/2970] 正在抓取作者 3493263094844195 的 MetaResult 级作者属性。
[OK] 作者 3493263094844195 抓取完成：粉丝 616659, 关注 0, 公开视频 60。
[62/2970] 正在抓取作者 203337614 的 MetaResult 级作者属性。
[OK] 作者 203337614 抓取完成：粉丝 2882384, 关注 34, 公开视频 632。
[63/2970] 正在抓取作者 696115518 的 MetaResult 级作者属性。
[OK] 作者 696115518 抓取完成：粉丝 802581, 关注 18, 公开视频 264。
[64/2970] 正在抓取作者 397432797 的 MetaResult 级作者属性。
[OK] 作者 397432797 抓取完成：粉丝 33730, 关注 59, 公开视频 30。
[65/2970] 正在抓取作者 105502937 的 MetaResult 级作者属性。
[OK] 作者 105502937 抓取完成：粉丝 1023333, 关注 484, 公开视频 329。
[66/2970] 正在抓取作者 6336952 的 MetaResult 级作者属性。
[OK] 作者 6336952 抓取完成：粉丝 2690368, 关注 425, 公开视频 577。
[67/2970] 正在抓取作者 22387588 的 MetaResult 级作者属性。
[OK] 作者 22387588 抓取完成：粉丝 1053184, 关注 107, 公开视频 302。
[68/2970] 正在抓取作者 222103174 的 MetaResult 级作者属性。
[OK] 作者 222103174 抓取完成：粉丝 5769851, 关注 15, 公开视频 25797。
[69/2970] 正在抓取作者 370872189 的 MetaResult 级作者属性。
[OK] 作者 370872189 抓取完成：粉丝 81788, 关注 62, 公开视频 24。
[70/2970] 正在抓取作者 14079696 的 MetaResult 级作者属性。
[OK] 作者 14079696 抓取完成：粉丝 617509, 关注 405, 公开视频 321。
[71/2970] 正在抓取作者 69112541 的 MetaResult 级作者属性。
[OK] 作者 69112541 抓取完成：粉丝 1420064, 关注 850, 公开视频 312。
[72/2970] 正在抓取作者 2175690 的 MetaResult 级作者属性。
[OK] 作者 2175690 抓取完成：粉丝 838613, 关注 1402, 公开视频 193。
[73/2970] 正在抓取作者 654552 的 MetaResult 级作者属性。
[OK] 作者 654552 抓取完成：粉丝 5452414, 关注 1724, 公开视频 662。
[74/2970] 正在抓取作者 65582571 的 MetaResult 级作者属性。
[OK] 作者 65582571 抓取完成：粉丝 335353, 关注 486, 公开视频 162。
[75/2970] 正在抓取作者 21778075 的 MetaResult 级作者属性。
[OK] 作者 21778075 抓取完成：粉丝 2323682, 关注 11, 公开视频 48。
[76/2970] 正在抓取作者 373388923 的 MetaResult 级作者属性。
[OK] 作者 373388923 抓取完成：粉丝 6019017, 关注 35, 公开视频 726。
[77/2970] 正在抓取作者 452606628 的 MetaResult 级作者属性。
[OK] 作者 452606628 抓取完成：粉丝 1818645, 关注 167, 公开视频 494。
[78/2970] 正在抓取作者 3546781006694901 的 MetaResult 级作者属性。
[OK] 作者 3546781006694901 抓取完成：粉丝 1334263, 关注 16, 公开视频 71。
[79/2970] 正在抓取作者 1398957 的 MetaResult 级作者属性。
[OK] 作者 1398957 抓取完成：粉丝 1012844, 关注 422, 公开视频 270。
[80/2970] 正在抓取作者 321422126 的 MetaResult 级作者属性。
[OK] 作者 321422126 抓取完成：粉丝 5528544, 关注 99, 公开视频 752。
[81/2970] 正在抓取作者 785025 的 MetaResult 级作者属性。
[OK] 作者 785025 抓取完成：粉丝 662239, 关注 219, 公开视频 524。
[82/2970] 正在抓取作者 79577853 的 MetaResult 级作者属性。
[OK] 作者 79577853 抓取完成：粉丝 4208960, 关注 375, 公开视频 258。
[83/2970] 正在抓取作者 121225592 的 MetaResult 级作者属性。
[OK] 作者 121225592 抓取完成：粉丝 1904037, 关注 71, 公开视频 46。
[84/2970] 正在抓取作者 245069296 的 MetaResult 级作者属性。
[OK] 作者 245069296 抓取完成：粉丝 1158830, 关注 1069, 公开视频 178。
[85/2970] 正在抓取作者 31852969 的 MetaResult 级作者属性。
[OK] 作者 31852969 抓取完成：粉丝 590114, 关注 35, 公开视频 240。
[86/2970] 正在抓取作者 348989367 的 MetaResult 级作者属性。
[OK] 作者 348989367 抓取完成：粉丝 2689589, 关注 163, 公开视频 927。
[87/2970] 正在抓取作者 327757321 的 MetaResult 级作者属性。
[OK] 作者 327757321 抓取完成：粉丝 2104745, 关注 48, 公开视频 515。
[88/2970] 正在抓取作者 3493118080977520 的 MetaResult 级作者属性。
[OK] 作者 3493118080977520 抓取完成：粉丝 159127, 关注 4, 公开视频 203。
[89/2970] 正在抓取作者 438926406 的 MetaResult 级作者属性。
[OK] 作者 438926406 抓取完成：粉丝 857611, 关注 64, 公开视频 450。
[90/2970] 正在抓取作者 1208823126 的 MetaResult 级作者属性。
[OK] 作者 1208823126 抓取完成：粉丝 1774127, 关注 141, 公开视频 98。
[91/2970] 正在抓取作者 5024187 的 MetaResult 级作者属性。
[OK] 作者 5024187 抓取完成：粉丝 1529073, 关注 35, 公开视频 458。
[92/2970] 正在抓取作者 505634299 的 MetaResult 级作者属性。
[OK] 作者 505634299 抓取完成：粉丝 12869, 关注 44, 公开视频 32。
[93/2970] 正在抓取作者 472229397 的 MetaResult 级作者属性。
[OK] 作者 472229397 抓取完成：粉丝 1209025, 关注 99, 公开视频 104。
[94/2970] 正在抓取作者 8096990 的 MetaResult 级作者属性。
[OK] 作者 8096990 抓取完成：粉丝 3557211, 关注 1343, 公开视频 207。
[95/2970] 正在抓取作者 40006642 的 MetaResult 级作者属性。
[OK] 作者 40006642 抓取完成：粉丝 869753, 关注 567, 公开视频 1258。
[96/2970] 正在抓取作者 36662214 的 MetaResult 级作者属性。
[OK] 作者 36662214 抓取完成：粉丝 56057, 关注 136, 公开视频 44。
[97/2970] 正在抓取作者 1636852855 的 MetaResult 级作者属性。
[OK] 作者 1636852855 抓取完成：粉丝 269964, 关注 1, 公开视频 149。
[98/2970] 正在抓取作者 108532523 的 MetaResult 级作者属性。
[OK] 作者 108532523 抓取完成：粉丝 762934, 关注 53, 公开视频 6881。
[99/2970] 正在抓取作者 406871371 的 MetaResult 级作者属性。
[OK] 作者 406871371 抓取完成：粉丝 1866886, 关注 1162, 公开视频 179。
[100/2970] 正在抓取作者 1986039004 的 MetaResult 级作者属性。
[OK] 作者 1986039004 抓取完成：粉丝 2744489, 关注 89, 公开视频 299。
[101/2970] 正在抓取作者 14273098 的 MetaResult 级作者属性。
[OK] 作者 14273098 抓取完成：粉丝 1453888, 关注 76, 公开视频 520。
[102/2970] 正在抓取作者 508103429 的 MetaResult 级作者属性。
[OK] 作者 508103429 抓取完成：粉丝 3588208, 关注 3, 公开视频 207。
[103/2970] 正在抓取作者 676174563 的 MetaResult 级作者属性。
[OK] 作者 676174563 抓取完成：粉丝 568272, 关注 29, 公开视频 197。
[104/2970] 正在抓取作者 1656463436 的 MetaResult 级作者属性。
[WARN] 作者 1656463436 触发风控相关报错（连续 1/5 次）：接口返回错误代码：-352，信息：风控校验失败。 {'code': -352, 'message': '风控校验失败', 'ttl': 1, 'data': {'v_voucher': 'voucher_c421bfec-6516-4360-9d6b-ad477d48c174'}}
[105/2970] 正在抓取作者 456664753 的 MetaResult 级作者属性。
[WARN] 作者 456664753 触发风控相关报错（连续 2/5 次）：接口返回错误代码：-352，信息：风控校验失败。 {'code': -352, 'message': '风控校验失败', 'ttl': 1, 'data': {'v_voucher': 'voucher_3dfc2e43-f32c-479e-a8ad-649d30e3f8b5'}}
[106/2970] 正在抓取作者 14583962 的 MetaResult 级作者属性。
[WARN] 作者 14583962 触发风控相关报错（连续 3/5 次）：接口返回错误代码：-352，信息：风控校验失败。 {'code': -352, 'message': '风控校验失败', 'ttl': 1, 'data': {'v_voucher': 'voucher_1af99b78-ba71-4341-b865-d7e31403acd8'}}
[107/2970] 正在抓取作者 96639395 的 MetaResult 级作者属性。
[WARN] 作者 96639395 触发风控相关报错（连续 4/5 次）：接口返回错误代码：-352，信息：风控校验失败。 {'code': -352, 'message': '风控校验失败', 'ttl': 1, 'data': {'v_voucher': 'voucher_2e747bbd-5022-48b4-aca5-f0e59ac308cf'}}
[108/2970] 正在抓取作者 488960399 的 MetaResult 级作者属性。
[WARN] 作者 488960399 触发风控相关报错（连续 5/5 次）：接口返回错误代码：-352，信息：风控校验失败。 {'code': -352, 'message': '风控校验失败', 'ttl': 1, 'data': {'v_voucher': 'voucher_dc735c6d-121f-4f36-95e6-9487434d001b'}}
[INFO] 已保存当前累计扩充作者列表：outputs/author_refinements/author_refinement_20260330_161802/expanded_author_list_accumulated.csv
[WARN] 本 part 有 5 条失败记录：outputs/author_refinements/author_refinement_20260330_161802/failed_authors_part_1.csv
[WARN] 已导出剩余待爬作者列表：outputs/author_refinements/author_refinement_20260330_161802/remaining_authors_part_1.csv
[TIMESTAMP][END] 2026-03-30T16:22:30
