[TIMESTAMP][BEGIN] 2026-03-30T18:09:05
[INFO] 识别到已有作者洞察任务：outputs/author_refinements/author_refinement_20260330_161802，本次将续跑为 part_2。
[INFO] 已保存本次输入作者列表快照：outputs/author_refinements/author_refinement_20260330_161802/input_authors_part_2.csv
[1/2863] 正在抓取作者 488960399 的 MetaResult 级作者属性。
[OK] 作者 488960399 抓取完成：粉丝 13195, 关注 192, 公开视频 73。
[2/2863] 正在抓取作者 1368498772 的 MetaResult 级作者属性。
[OK] 作者 1368498772 抓取完成：粉丝 1417518, 关注 8, 公开视频 319。
[3/2863] 正在抓取作者 1340190821 的 MetaResult 级作者属性。
[OK] 作者 1340190821 抓取完成：粉丝 11935213, 关注 19, 公开视频 289。
[4/2863] 正在抓取作者 25109224 的 MetaResult 级作者属性。
[OK] 作者 25109224 抓取完成：粉丝 564393, 关注 4, 公开视频 140。
[5/2863] 正在抓取作者 2083634390 的 MetaResult 级作者属性。
[OK] 作者 2083634390 抓取完成：粉丝 1656957, 关注 236, 公开视频 270。
[6/2863] 正在抓取作者 357261525 的 MetaResult 级作者属性。
[OK] 作者 357261525 抓取完成：粉丝 1665338, 关注 0, 公开视频 1181。
[7/2863] 正在抓取作者 3494377422850175 的 MetaResult 级作者属性。
[OK] 作者 3494377422850175 抓取完成：粉丝 600351, 关注 9, 公开视频 621。
[8/2863] 正在抓取作者 1429419180 的 MetaResult 级作者属性。
[OK] 作者 1429419180 抓取完成：粉丝 687274, 关注 3, 公开视频 126。
[9/2863] 正在抓取作者 7394394 的 MetaResult 级作者属性。
[OK] 作者 7394394 抓取完成：粉丝 1017200, 关注 2, 公开视频 481。
[10/2863] 正在抓取作者 407054668 的 MetaResult 级作者属性。
[OK] 作者 407054668 抓取完成：粉丝 6147969, 关注 58, 公开视频 89。
[11/2863] 正在抓取作者 533654144 的 MetaResult 级作者属性。
[OK] 作者 533654144 抓取完成：粉丝 46359, 关注 186, 公开视频 84。
[12/2863] 正在抓取作者 632887 的 MetaResult 级作者属性。
[OK] 作者 632887 抓取完成：粉丝 2708888, 关注 279, 公开视频 327。
[13/2863] 正在抓取作者 3546939243104552 的 MetaResult 级作者属性。
[OK] 作者 3546939243104552 抓取完成：粉丝 252019, 关注 5, 公开视频 49。
[14/2863] 正在抓取作者 548196587 的 MetaResult 级作者属性。
[OK] 作者 548196587 抓取完成：粉丝 1004996, 关注 50, 公开视频 1218。
[15/2863] 正在抓取作者 1195221374 的 MetaResult 级作者属性。
[OK] 作者 1195221374 抓取完成：粉丝 758987, 关注 7, 公开视频 274。
[16/2863] 正在抓取作者 11022243 的 MetaResult 级作者属性。
[OK] 作者 11022243 抓取完成：粉丝 1260129, 关注 268, 公开视频 970。
[17/2863] 正在抓取作者 688489329 的 MetaResult 级作者属性。
[OK] 作者 688489329 抓取完成：粉丝 810741, 关注 59, 公开视频 111。
[18/2863] 正在抓取作者 84130356 的 MetaResult 级作者属性。
[OK] 作者 84130356 抓取完成：粉丝 1862782, 关注 373, 公开视频 1011。
[19/2863] 正在抓取作者 8263502 的 MetaResult 级作者属性。
[OK] 作者 8263502 抓取完成：粉丝 2375848, 关注 293, 公开视频 817。
[20/2863] 正在抓取作者 198984982 的 MetaResult 级作者属性。
[OK] 作者 198984982 抓取完成：粉丝 636111, 关注 143, 公开视频 335。
[21/2863] 正在抓取作者 10792739 的 MetaResult 级作者属性。
[OK] 作者 10792739 抓取完成：粉丝 64479, 关注 1213, 公开视频 59。
[22/2863] 正在抓取作者 3461576715667734 的 MetaResult 级作者属性。
[OK] 作者 3461576715667734 抓取完成：粉丝 1703185, 关注 3, 公开视频 288。
[23/2863] 正在抓取作者 436368347 的 MetaResult 级作者属性。
[OK] 作者 436368347 抓取完成：粉丝 1029239, 关注 125, 公开视频 668。
[24/2863] 正在抓取作者 229733301 的 MetaResult 级作者属性。
[OK] 作者 229733301 抓取完成：粉丝 8136531, 关注 33, 公开视频 566。
[25/2863] 正在抓取作者 15319615 的 MetaResult 级作者属性。
[OK] 作者 15319615 抓取完成：粉丝 290206, 关注 202, 公开视频 554。
[26/2863] 正在抓取作者 3546786037762485 的 MetaResult 级作者属性。
[OK] 作者 3546786037762485 抓取完成：粉丝 161342, 关注 11, 公开视频 2。
[27/2863] 正在抓取作者 477676711 的 MetaResult 级作者属性。
[OK] 作者 477676711 抓取完成：粉丝 2254343, 关注 17, 公开视频 391。
[28/2863] 正在抓取作者 675088291 的 MetaResult 级作者属性。
[OK] 作者 675088291 抓取完成：粉丝 15376, 关注 306, 公开视频 75。
[29/2863] 正在抓取作者 702528736 的 MetaResult 级作者属性。
[OK] 作者 702528736 抓取完成：粉丝 969654, 关注 23, 公开视频 817。
[30/2863] 正在抓取作者 31261235 的 MetaResult 级作者属性。
[OK] 作者 31261235 抓取完成：粉丝 1430361, 关注 186, 公开视频 321。
[31/2863] 正在抓取作者 470962000 的 MetaResult 级作者属性。
[OK] 作者 470962000 抓取完成：粉丝 2694935, 关注 135, 公开视频 122。
[32/2863] 正在抓取作者 11097284 的 MetaResult 级作者属性。
[OK] 作者 11097284 抓取完成：粉丝 1601607, 关注 746, 公开视频 152。
[33/2863] 正在抓取作者 22089099 的 MetaResult 级作者属性。
[OK] 作者 22089099 抓取完成：粉丝 1622467, 关注 27, 公开视频 666。
[34/2863] 正在抓取作者 72969462 的 MetaResult 级作者属性。
[OK] 作者 72969462 抓取完成：粉丝 1736801, 关注 372, 公开视频 794。
[35/2863] 正在抓取作者 3546888255048212 的 MetaResult 级作者属性。
[OK] 作者 3546888255048212 抓取完成：粉丝 2907213, 关注 9, 公开视频 94。
[36/2863] 正在抓取作者 1031950747 的 MetaResult 级作者属性。
[OK] 作者 1031950747 抓取完成：粉丝 646452, 关注 16, 公开视频 369。
[37/2863] 正在抓取作者 322595106 的 MetaResult 级作者属性。
[OK] 作者 322595106 抓取完成：粉丝 1400251, 关注 298, 公开视频 377。
[38/2863] 正在抓取作者 18758050 的 MetaResult 级作者属性。
[OK] 作者 18758050 抓取完成：粉丝 99362, 关注 12, 公开视频 706。
[39/2863] 正在抓取作者 1636034895 的 MetaResult 级作者属性。
[OK] 作者 1636034895 抓取完成：粉丝 7795855, 关注 16, 公开视频 205。
[40/2863] 正在抓取作者 16993069 的 MetaResult 级作者属性。
[OK] 作者 16993069 抓取完成：粉丝 801827, 关注 248, 公开视频 82。
[41/2863] 正在抓取作者 342168718 的 MetaResult 级作者属性。
[OK] 作者 342168718 抓取完成：粉丝 134750, 关注 13, 公开视频 8。
[42/2863] 正在抓取作者 14615865 的 MetaResult 级作者属性。
[OK] 作者 14615865 抓取完成：粉丝 279463, 关注 116, 公开视频 24。
[43/2863] 正在抓取作者 20546476 的 MetaResult 级作者属性。
[OK] 作者 20546476 抓取完成：粉丝 2145549, 关注 250, 公开视频 380。
[44/2863] 正在抓取作者 1483869441 的 MetaResult 级作者属性。
[OK] 作者 1483869441 抓取完成：粉丝 48286, 关注 0, 公开视频 66。
[45/2863] 正在抓取作者 479820935 的 MetaResult 级作者属性。
[OK] 作者 479820935 抓取完成：粉丝 1316598, 关注 99, 公开视频 218。
[46/2863] 正在抓取作者 296465852 的 MetaResult 级作者属性。
[OK] 作者 296465852 抓取完成：粉丝 1263548, 关注 161, 公开视频 1739。
[47/2863] 正在抓取作者 22335470 的 MetaResult 级作者属性。
[OK] 作者 22335470 抓取完成：粉丝 362898, 关注 181, 公开视频 48。
[48/2863] 正在抓取作者 3546823130089994 的 MetaResult 级作者属性。
[OK] 作者 3546823130089994 抓取完成：粉丝 5858, 关注 37, 公开视频 82。
[49/2863] 正在抓取作者 3546849751337516 的 MetaResult 级作者属性。
[OK] 作者 3546849751337516 抓取完成：粉丝 91939, 关注 43, 公开视频 96。
[50/2863] 正在抓取作者 475443398 的 MetaResult 级作者属性。
[OK] 作者 475443398 抓取完成：粉丝 1068539, 关注 100, 公开视频 260。
[51/2863] 正在抓取作者 23604445 的 MetaResult 级作者属性。
[OK] 作者 23604445 抓取完成：粉丝 2434054, 关注 670, 公开视频 450。
[52/2863] 正在抓取作者 1532165 的 MetaResult 级作者属性。
[OK] 作者 1532165 抓取完成：粉丝 8912197, 关注 48, 公开视频 414。
[53/2863] 正在抓取作者 3493260093819171 的 MetaResult 级作者属性。
[OK] 作者 3493260093819171 抓取完成：粉丝 4062115, 关注 29, 公开视频 114。
[54/2863] 正在抓取作者 1343321779 的 MetaResult 级作者属性。
[OK] 作者 1343321779 抓取完成：粉丝 3829538, 关注 26, 公开视频 1673。
[55/2863] 正在抓取作者 646732586 的 MetaResult 级作者属性。
[OK] 作者 646732586 抓取完成：粉丝 2066875, 关注 208, 公开视频 656。
[56/2863] 正在抓取作者 10465620 的 MetaResult 级作者属性。
[OK] 作者 10465620 抓取完成：粉丝 174080, 关注 239, 公开视频 55。
[57/2863] 正在抓取作者 1841888589 的 MetaResult 级作者属性。
[OK] 作者 1841888589 抓取完成：粉丝 187983, 关注 80, 公开视频 125。
[58/2863] 正在抓取作者 331514361 的 MetaResult 级作者属性。
[OK] 作者 331514361 抓取完成：粉丝 1867913, 关注 55, 公开视频 2078。
[59/2863] 正在抓取作者 506761354 的 MetaResult 级作者属性。
[OK] 作者 506761354 抓取完成：粉丝 903646, 关注 4844, 公开视频 92。
[60/2863] 正在抓取作者 268941858 的 MetaResult 级作者属性。
[OK] 作者 268941858 抓取完成：粉丝 2839616, 关注 16, 公开视频 3060。
[61/2863] 正在抓取作者 160972207 的 MetaResult 级作者属性。
[OK] 作者 160972207 抓取完成：粉丝 1234409, 关注 727, 公开视频 419。
[62/2863] 正在抓取作者 3690995986205106 的 MetaResult 级作者属性。
[OK] 作者 3690995986205106 抓取完成：粉丝 138926, 关注 2, 公开视频 20。
[63/2863] 正在抓取作者 34840587 的 MetaResult 级作者属性。
[OK] 作者 34840587 抓取完成：粉丝 1810295, 关注 815, 公开视频 96。
[64/2863] 正在抓取作者 404987905 的 MetaResult 级作者属性。
[OK] 作者 404987905 抓取完成：粉丝 970059, 关注 1239, 公开视频 306。
[65/2863] 正在抓取作者 8031665 的 MetaResult 级作者属性。
[OK] 作者 8031665 抓取完成：粉丝 121874, 关注 58, 公开视频 390。
[66/2863] 正在抓取作者 441988381 的 MetaResult 级作者属性。
[OK] 作者 441988381 抓取完成：粉丝 178901, 关注 73, 公开视频 7。
[67/2863] 正在抓取作者 404026094 的 MetaResult 级作者属性。
[OK] 作者 404026094 抓取完成：粉丝 42638, 关注 58, 公开视频 86。
[68/2863] 正在抓取作者 3493090379696701 的 MetaResult 级作者属性。
[OK] 作者 3493090379696701 抓取完成：粉丝 144571, 关注 4, 公开视频 82。
[69/2863] 正在抓取作者 1745143606 的 MetaResult 级作者属性。
[OK] 作者 1745143606 抓取完成：粉丝 2170986, 关注 12, 公开视频 1035。
[70/2863] 正在抓取作者 1379165407 的 MetaResult 级作者属性。
[OK] 作者 1379165407 抓取完成：粉丝 3156172, 关注 107, 公开视频 403。
[71/2863] 正在抓取作者 52250 的 MetaResult 级作者属性。
[OK] 作者 52250 抓取完成：粉丝 3076701, 关注 270, 公开视频 405。
[72/2863] 正在抓取作者 1497330079 的 MetaResult 级作者属性。
[OK] 作者 1497330079 抓取完成：粉丝 2470501, 关注 35, 公开视频 557。
[73/2863] 正在抓取作者 71923484 的 MetaResult 级作者属性。
[OK] 作者 71923484 抓取完成：粉丝 73018, 关注 1437, 公开视频 40。
[74/2863] 正在抓取作者 3546869670086736 的 MetaResult 级作者属性。
[OK] 作者 3546869670086736 抓取完成：粉丝 62289, 关注 31, 公开视频 13。
[75/2863] 正在抓取作者 449704680 的 MetaResult 级作者属性。
[OK] 作者 449704680 抓取完成：粉丝 762756, 关注 45, 公开视频 1512。
[76/2863] 正在抓取作者 445534713 的 MetaResult 级作者属性。
[OK] 作者 445534713 抓取完成：粉丝 97094, 关注 46, 公开视频 30。
[77/2863] 正在抓取作者 1845298351 的 MetaResult 级作者属性。
[OK] 作者 1845298351 抓取完成：粉丝 23587, 关注 312, 公开视频 59。
[78/2863] 正在抓取作者 281398234 的 MetaResult 级作者属性。
[OK] 作者 281398234 抓取完成：粉丝 5583, 关注 2033, 公开视频 228。
[79/2863] 正在抓取作者 6632075 的 MetaResult 级作者属性。
[OK] 作者 6632075 抓取完成：粉丝 8543, 关注 444, 公开视频 49。
[80/2863] 正在抓取作者 479783146 的 MetaResult 级作者属性。
[OK] 作者 479783146 抓取完成：粉丝 632795, 关注 86, 公开视频 24。
[81/2863] 正在抓取作者 417298480 的 MetaResult 级作者属性。
[OK] 作者 417298480 抓取完成：粉丝 2920685, 关注 4, 公开视频 346。
[82/2863] 正在抓取作者 19226160 的 MetaResult 级作者属性。
[OK] 作者 19226160 抓取完成：粉丝 773143, 关注 456, 公开视频 167。
[83/2863] 正在抓取作者 499391331 的 MetaResult 级作者属性。
[OK] 作者 499391331 抓取完成：粉丝 250119, 关注 223, 公开视频 80。
[84/2863] 正在抓取作者 2114090017 的 MetaResult 级作者属性。
[OK] 作者 2114090017 抓取完成：粉丝 978388, 关注 65, 公开视频 152。
[85/2863] 正在抓取作者 88082801 的 MetaResult 级作者属性。
[OK] 作者 88082801 抓取完成：粉丝 566786, 关注 1047, 公开视频 206。
[86/2863] 正在抓取作者 11292325 的 MetaResult 级作者属性。
[OK] 作者 11292325 抓取完成：粉丝 1145579, 关注 27, 公开视频 93。
[87/2863] 正在抓取作者 8680974 的 MetaResult 级作者属性。
[OK] 作者 8680974 抓取完成：粉丝 2096636, 关注 43, 公开视频 480。
[88/2863] 正在抓取作者 1218425510 的 MetaResult 级作者属性。
[OK] 作者 1218425510 抓取完成：粉丝 1185, 关注 262, 公开视频 39。
[89/2863] 正在抓取作者 434376696 的 MetaResult 级作者属性。
[OK] 作者 434376696 抓取完成：粉丝 2520597, 关注 417, 公开视频 412。
[90/2863] 正在抓取作者 1487316826 的 MetaResult 级作者属性。
[OK] 作者 1487316826 抓取完成：粉丝 481949, 关注 6, 公开视频 280。
[91/2863] 正在抓取作者 26846937 的 MetaResult 级作者属性。
[OK] 作者 26846937 抓取完成：粉丝 537478, 关注 186, 公开视频 180。
[92/2863] 正在抓取作者 3494366343596867 的 MetaResult 级作者属性。
[OK] 作者 3494366343596867 抓取完成：粉丝 692854, 关注 7, 公开视频 22。
[93/2863] 正在抓取作者 3546741475379844 的 MetaResult 级作者属性。
[OK] 作者 3546741475379844 抓取完成：粉丝 1082817, 关注 8, 公开视频 207。
[94/2863] 正在抓取作者 1288342148 的 MetaResult 级作者属性。
[OK] 作者 1288342148 抓取完成：粉丝 1480836, 关注 105, 公开视频 128。
[95/2863] 正在抓取作者 189841470 的 MetaResult 级作者属性。
[OK] 作者 189841470 抓取完成：粉丝 1078139, 关注 121, 公开视频 250。
[96/2863] 正在抓取作者 253992474 的 MetaResult 级作者属性。
[OK] 作者 253992474 抓取完成：粉丝 865179, 关注 36, 公开视频 194。
[97/2863] 正在抓取作者 450882837 的 MetaResult 级作者属性。
[OK] 作者 450882837 抓取完成：粉丝 2055173, 关注 860, 公开视频 821。
[98/2863] 正在抓取作者 46897637 的 MetaResult 级作者属性。
[OK] 作者 46897637 抓取完成：粉丝 580803, 关注 116, 公开视频 122。
[99/2863] 正在抓取作者 1813797500 的 MetaResult 级作者属性。
[OK] 作者 1813797500 抓取完成：粉丝 1343339, 关注 349, 公开视频 302。
[100/2863] 正在抓取作者 7487399 的 MetaResult 级作者属性。
[OK] 作者 7487399 抓取完成：粉丝 4922744, 关注 1211, 公开视频 720。
[101/2863] 正在抓取作者 17495873 的 MetaResult 级作者属性。
[OK] 作者 17495873 抓取完成：粉丝 2486493, 关注 182, 公开视频 125。
[102/2863] 正在抓取作者 44708078 的 MetaResult 级作者属性。
[OK] 作者 44708078 抓取完成：粉丝 768816, 关注 15, 公开视频 1202。
[103/2863] 正在抓取作者 33739137 的 MetaResult 级作者属性。
[OK] 作者 33739137 抓取完成：粉丝 172993, 关注 47, 公开视频 45。
[104/2863] 正在抓取作者 1138195463 的 MetaResult 级作者属性。
[OK] 作者 1138195463 抓取完成：粉丝 62512, 关注 8, 公开视频 162。
[105/2863] 正在抓取作者 3546567994771856 的 MetaResult 级作者属性。
[OK] 作者 3546567994771856 抓取完成：粉丝 73750, 关注 10, 公开视频 56。
[106/2863] 正在抓取作者 138469539 的 MetaResult 级作者属性。
[OK] 作者 138469539 抓取完成：粉丝 108250, 关注 433, 公开视频 8。
[107/2863] 正在抓取作者 3546756077848946 的 MetaResult 级作者属性。
[OK] 作者 3546756077848946 抓取完成：粉丝 2175430, 关注 7, 公开视频 220。
[108/2863] 正在抓取作者 511373761 的 MetaResult 级作者属性。
[OK] 作者 511373761 抓取完成：粉丝 875687, 关注 98, 公开视频 91。
[109/2863] 正在抓取作者 394609671 的 MetaResult 级作者属性。
[OK] 作者 394609671 抓取完成：粉丝 2472864, 关注 80, 公开视频 161。
[110/2863] 正在抓取作者 21943622 的 MetaResult 级作者属性。
[WARN] 作者 21943622 触发风控相关报错（连续 1/5 次）：接口返回错误代码：-352，信息：风控校验失败。 {'code': -352, 'message': '风控校验失败', 'ttl': 1, 'data': {'v_voucher': 'voucher_8f14bb03-82da-43ce-9005-2d79e45854c5'}}
[111/2863] 正在抓取作者 407275913 的 MetaResult 级作者属性。
[WARN] 作者 407275913 触发风控相关报错（连续 2/5 次）：接口返回错误代码：-352，信息：风控校验失败。 {'code': -352, 'message': '风控校验失败', 'ttl': 1, 'data': {'v_voucher': 'voucher_bf607f11-9f66-4a93-945b-629e9c65d239'}}
[112/2863] 正在抓取作者 3546792949975540 的 MetaResult 级作者属性。
[WARN] 作者 3546792949975540 触发风控相关报错（连续 3/5 次）：接口返回错误代码：-352，信息：风控校验失败。 {'code': -352, 'message': '风控校验失败', 'ttl': 1, 'data': {'v_voucher': 'voucher_8b467566-2bed-4384-b426-dd165aafdb1e'}}
[113/2863] 正在抓取作者 8399798 的 MetaResult 级作者属性。
[WARN] 作者 8399798 触发风控相关报错（连续 4/5 次）：接口返回错误代码：-352，信息：风控校验失败。 {'code': -352, 'message': '风控校验失败', 'ttl': 1, 'data': {'v_voucher': 'voucher_32dbaad3-8586-4396-b4b1-d12afb8becc4'}}
[114/2863] 正在抓取作者 3493105514842808 的 MetaResult 级作者属性。
[WARN] 作者 3493105514842808 触发风控相关报错（连续 5/5 次）：接口返回错误代码：-352，信息：风控校验失败。 {'code': -352, 'message': '风控校验失败', 'ttl': 1, 'data': {'v_voucher': 'voucher_ee49f79c-50fb-4ac9-8500-b2bea815e2be'}}
[INFO] 已保存当前累计扩充作者列表：outputs/author_refinements/author_refinement_20260330_161802/expanded_author_list_accumulated.csv
[WARN] 本 part 有 5 条失败记录：outputs/author_refinements/author_refinement_20260330_161802/failed_authors_part_2.csv
[WARN] 已导出剩余待爬作者列表：outputs/author_refinements/author_refinement_20260330_161802/remaining_authors_part_2.csv
[TIMESTAMP][END] 2026-03-30T18:13:42
