[TIMESTAMP][BEGIN] 2026-03-25T18:57:26
[INFO]: 识别到已有 uid_expansion 会话：outputs/video_pool/uid_expansions/uid_expansion_20250923_20260322_214916，本次将保存为 part_7。
[INFO]: 历史任务增量检查完成：0 个作者命中过往 original_uids，1029 个作者按全局 start_date 抓取；命中历史的作者将从其最近一次任务开始日（含当天）继续抓取。
[INFO]: 去重后共有 1029 个作者待抓取。
[INFO]: 开始执行作者批量抓取任务，start_date=2025-09-23T00:00:00，end_date=2026-03-25T18:57:26。
[INFO]: 本次 uid_expansion 会话目录：outputs/video_pool/uid_expansions/uid_expansion_20250923_20260322_214916，当前 part_7。
[INFO]: 开始处理第 1/52 批作者，共 20 个。
[INFO]: 第 1/52 批完成，新增 3657 条视频，累计 3657 条。
[INFO]: 批次间暂停 8 秒，降低请求频率。
[INFO]: 开始处理第 2/52 批作者，共 20 个。
[INFO]: 第 2/52 批完成，新增 1812 条视频，累计 5469 条。
[INFO]: 批次间暂停 8 秒，降低请求频率。
[INFO]: 开始处理第 3/52 批作者，共 20 个。
[INFO]: 第 3/52 批完成，新增 2149 条视频，累计 7618 条。
[INFO]: 批次间暂停 8 秒，降低请求频率。
[INFO]: 开始处理第 4/52 批作者，共 20 个。
[INFO]: 第 4/52 批完成，新增 2979 条视频，累计 10597 条。
[INFO]: 批次间暂停 8 秒，降低请求频率。
[INFO]: 开始处理第 5/52 批作者，共 20 个。
[INFO]: 第 5/52 批完成，新增 1687 条视频，累计 12284 条。
[INFO]: 批次间暂停 8 秒，降低请求频率。
[INFO]: 开始处理第 6/52 批作者，共 20 个。
[INFO]: 第 6/52 批完成，新增 1841 条视频，累计 14125 条。
[INFO]: 批次间暂停 8 秒，降低请求频率。
[INFO]: 开始处理第 7/52 批作者，共 20 个。
[INFO]: 第 7/52 批完成，新增 1671 条视频，累计 15796 条。
[INFO]: 批次间暂停 8 秒，降低请求频率。
[INFO]: 开始处理第 8/52 批作者，共 20 个。
[INFO]: 第 8/52 批完成，新增 1449 条视频，累计 17245 条。
[INFO]: 批次间暂停 8 秒，降低请求频率。
[INFO]: 开始处理第 9/52 批作者，共 20 个。
[INFO]: 第 9/52 批完成，新增 3000 条视频，累计 20245 条。
[INFO]: 批次间暂停 8 秒，降低请求频率。
[INFO]: 开始处理第 10/52 批作者，共 20 个。
[INFO]: 第 10/52 批完成，新增 2574 条视频，累计 22819 条。
[INFO]: 批次间暂停 8 秒，降低请求频率。
[INFO]: 开始处理第 11/52 批作者，共 20 个。
[INFO]: 第 11/52 批完成，新增 2245 条视频，累计 25064 条。
[INFO]: 批次间暂停 8 秒，降低请求频率。
[INFO]: 开始处理第 12/52 批作者，共 20 个。
[INFO]: 第 12/52 批完成，新增 1936 条视频，累计 27000 条。
[INFO]: 批次间暂停 8 秒，降低请求频率。
[INFO]: 开始处理第 13/52 批作者，共 20 个。
[INFO]: 第 13/52 批完成，新增 2137 条视频，累计 29137 条。
[INFO]: 批次间暂停 8 秒，降低请求频率。
[INFO]: 开始处理第 14/52 批作者，共 20 个。
[WARN]: 作者 1719391457 抓取失败，已跳过。原因：接口返回错误代码：-352，信息：风控校验失败。 {'code': -352, 'message': '风控校验失败', 'ttl': 1, 'data': {'v_voucher': 'voucher_66c7106f-e44d-4da7-87bb-55e123833ac7'}}
[WARN]: 作者 1721055966 抓取失败，已跳过。原因：接口返回错误代码：-352，信息：风控校验失败。 {'code': -352, 'message': '风控校验失败', 'ttl': 1, 'data': {'v_voucher': 'voucher_58bd8be7-3015-441e-b928-d2152d386c74'}}
[WARN]: 作者 1721505402 抓取失败，已跳过。原因：接口返回错误代码：-352，信息：风控校验失败。 {'code': -352, 'message': '风控校验失败', 'ttl': 1, 'data': {'v_voucher': 'voucher_7979273f-7e2e-45c7-a699-a6ca66fe409d'}}
[WARN]: 作者 1722314110 抓取失败，已跳过。原因：接口返回错误代码：-352，信息：风控校验失败。 {'code': -352, 'message': '风控校验失败', 'ttl': 1, 'data': {'v_voucher': 'voucher_0c3ddc22-509a-4b33-b168-a68a072eccbe'}}
[INFO]: 第 14/52 批完成，新增 2217 条视频，累计 31354 条。
[WARN]: 本批有 4 个作者抓取失败。
[INFO]: 批次间暂停 8 秒，降低请求频率。
[INFO]: 开始处理第 15/52 批作者，共 20 个。
[WARN]: 作者 1722904045 抓取失败，已跳过。原因：接口返回错误代码：-352，信息：风控校验失败。 {'code': -352, 'message': '风控校验失败', 'ttl': 1, 'data': {'v_voucher': 'voucher_3b69c00d-7f77-4a35-bc5e-6bdfdf160b22'}}
[WARN]: 作者 1729181759 抓取失败，已跳过。原因：接口返回错误代码：-352，信息：风控校验失败。 {'code': -352, 'message': '风控校验失败', 'ttl': 1, 'data': {'v_voucher': 'voucher_08913ebc-0e74-4e55-a3fc-167619d752c7'}}
[WARN]: 作者 1729427784 抓取失败，已跳过。原因：接口返回错误代码：-352，信息：风控校验失败。 {'code': -352, 'message': '风控校验失败', 'ttl': 1, 'data': {'v_voucher': 'voucher_cf17dc6a-43e4-46c8-bcf5-195a92432515'}}
[WARN]: 作者 1730260849 抓取失败，已跳过。原因：接口返回错误代码：-352，信息：风控校验失败。 {'code': -352, 'message': '风控校验失败', 'ttl': 1, 'data': {'v_voucher': 'voucher_b0e5d24c-8094-4e82-a508-e2bdbb791503'}}
[WARN]: 作者 1732349847 抓取失败，已跳过。原因：接口返回错误代码：-352，信息：风控校验失败。 {'code': -352, 'message': '风控校验失败', 'ttl': 1, 'data': {'v_voucher': 'voucher_4d4214ef-7c1f-4151-9a43-a016801914c3'}}
[WARN]: 作者 1739503103 抓取失败，已跳过。原因：接口返回错误代码：-352，信息：风控校验失败。 {'code': -352, 'message': '风控校验失败', 'ttl': 1, 'data': {'v_voucher': 'voucher_53624c51-7376-46aa-80a2-915395e6a29b'}}
[WARN]: 作者 1741555775 抓取失败，已跳过。原因：接口返回错误代码：-352，信息：风控校验失败。 {'code': -352, 'message': '风控校验失败', 'ttl': 1, 'data': {'v_voucher': 'voucher_576bd874-668e-4b4a-b1d8-05241ca35306'}}
[WARN]: 作者 1742004653 抓取失败，已跳过。原因：接口返回错误代码：-352，信息：风控校验失败。 {'code': -352, 'message': '风控校验失败', 'ttl': 1, 'data': {'v_voucher': 'voucher_62173a77-d863-400d-8c04-d19d4fdfd877'}}
[WARN]: 作者 1745143606 抓取失败，已跳过。原因：接口返回错误代码：-352，信息：风控校验失败。 {'code': -352, 'message': '风控校验失败', 'ttl': 1, 'data': {'v_voucher': 'voucher_b96f68da-2aa3-4633-81d4-88fcdc9dd18a'}}
[WARN]: 作者 1746745880 抓取失败，已跳过。原因：接口返回错误代码：-352，信息：风控校验失败。 {'code': -352, 'message': '风控校验失败', 'ttl': 1, 'data': {'v_voucher': 'voucher_32e08813-bcd9-44ae-bedc-76bce50aaa77'}}
[WARN]: 作者 1749048990 抓取失败，已跳过。原因：接口返回错误代码：-352，信息：风控校验失败。 {'code': -352, 'message': '风控校验失败', 'ttl': 1, 'data': {'v_voucher': 'voucher_f3a752b0-4836-4b1e-b732-049554da513b'}}
[WARN]: 作者 1756547706 抓取失败，已跳过。原因：接口返回错误代码：-352，信息：风控校验失败。 {'code': -352, 'message': '风控校验失败', 'ttl': 1, 'data': {'v_voucher': 'voucher_e7371ed3-41b4-4bee-bfa3-93fd09e96268'}}
[WARN]: 作者 1759413084 抓取失败，已跳过。原因：接口返回错误代码：-352，信息：风控校验失败。 {'code': -352, 'message': '风控校验失败', 'ttl': 1, 'data': {'v_voucher': 'voucher_0d9dae47-9bb8-4171-bade-15c693bc5e77'}}
[WARN]: 作者 1761812300 抓取失败，已跳过。原因：接口返回错误代码：-352，信息：风控校验失败。 {'code': -352, 'message': '风控校验失败', 'ttl': 1, 'data': {'v_voucher': 'voucher_cb177f4e-14ed-497b-8a47-46f2243fccf7'}}
[WARN]: 作者 1764043516 抓取失败，已跳过。原因：接口返回错误代码：-352，信息：风控校验失败。 {'code': -352, 'message': '风控校验失败', 'ttl': 1, 'data': {'v_voucher': 'voucher_73b8bba4-c21d-40b4-b2ad-21aa626e4897'}}
[WARN]: 作者 1772077854 抓取失败，已跳过。原因：接口返回错误代码：-352，信息：风控校验失败。 {'code': -352, 'message': '风控校验失败', 'ttl': 1, 'data': {'v_voucher': 'voucher_ab9fda18-f2d1-41fc-be22-79ff55ec3c4b'}}
[WARN]: 作者 1775124437 抓取失败，已跳过。原因：接口返回错误代码：-352，信息：风控校验失败。 {'code': -352, 'message': '风控校验失败', 'ttl': 1, 'data': {'v_voucher': 'voucher_0c8a2305-777c-4ccb-87cd-0a6a1981eae1'}}
[WARN]: 作者 1775873691 抓取失败，已跳过。原因：接口返回错误代码：-352，信息：风控校验失败。 {'code': -352, 'message': '风控校验失败', 'ttl': 1, 'data': {'v_voucher': 'voucher_ab45c036-eb7d-4028-bbad-4b4dee4d1982'}}
[WARN]: 作者 1781114816 抓取失败，已跳过。原因：接口返回错误代码：-352，信息：风控校验失败。 {'code': -352, 'message': '风控校验失败', 'ttl': 1, 'data': {'v_voucher': 'voucher_b8a758ac-bcb4-46c9-a164-3e403089e97c'}}
[INFO]: 第 15/52 批完成，新增 8 条视频，累计 31362 条。
[WARN]: 本批有 19 个作者抓取失败。
[INFO]: 批次间暂停 8 秒，降低请求频率。
[INFO]: 开始处理第 16/52 批作者，共 20 个。
[WARN]: 作者 1781227735 抓取失败，已跳过。原因：接口返回错误代码：-352，信息：风控校验失败。 {'code': -352, 'message': '风控校验失败', 'ttl': 1, 'data': {'v_voucher': 'voucher_d7488425-6818-4d8a-91d6-35395c36fc24'}}
[WARN]: 作者 1783382954 抓取失败，已跳过。原因：接口返回错误代码：-352，信息：风控校验失败。 {'code': -352, 'message': '风控校验失败', 'ttl': 1, 'data': {'v_voucher': 'voucher_d58510c4-cc33-4b8d-ba7d-8f9e40d7ab75'}}
[WARN]: 作者 1785904383 抓取失败，已跳过。原因：接口返回错误代码：-352，信息：风控校验失败。 {'code': -352, 'message': '风控校验失败', 'ttl': 1, 'data': {'v_voucher': 'voucher_30a435c2-69e5-4a4c-b8b8-88c2455311ad'}}
[WARN]: 作者 1786797104 抓取失败，已跳过。原因：接口返回错误代码：-352，信息：风控校验失败。 {'code': -352, 'message': '风控校验失败', 'ttl': 1, 'data': {'v_voucher': 'voucher_74283126-c1c6-44e7-90ef-55b99f40006f'}}
[WARN]: 作者 1790427191 抓取失败，已跳过。原因：接口返回错误代码：-352，信息：风控校验失败。 {'code': -352, 'message': '风控校验失败', 'ttl': 1, 'data': {'v_voucher': 'voucher_4c32bef2-6aee-46e3-a0ff-02c840a6309d'}}
[WARN]: 作者 1791964699 抓取失败，已跳过。原因：接口返回错误代码：-352，信息：风控校验失败。 {'code': -352, 'message': '风控校验失败', 'ttl': 1, 'data': {'v_voucher': 'voucher_bb35aeb7-088d-4717-b7b6-1bebc1d423ef'}}
[WARN]: 作者 1793229892 抓取失败，已跳过。原因：接口返回错误代码：-352，信息：风控校验失败。 {'code': -352, 'message': '风控校验失败', 'ttl': 1, 'data': {'v_voucher': 'voucher_b40cf685-349d-49ff-95fa-dd6b22b897b9'}}
[WARN]: 作者 1794194767 抓取失败，已跳过。原因：接口返回错误代码：-352，信息：风控校验失败。 {'code': -352, 'message': '风控校验失败', 'ttl': 1, 'data': {'v_voucher': 'voucher_32bbba9d-0d57-4ca4-a3f8-ccc13ae5eef5'}}
[WARN]: 作者 1796627954 抓取失败，已跳过。原因：接口返回错误代码：-352，信息：风控校验失败。 {'code': -352, 'message': '风控校验失败', 'ttl': 1, 'data': {'v_voucher': 'voucher_0e558156-71bb-4c68-8fb6-72fa4bc44817'}}
[WARN]: 作者 1798274521 抓取失败，已跳过。原因：接口返回错误代码：-352，信息：风控校验失败。 {'code': -352, 'message': '风控校验失败', 'ttl': 1, 'data': {'v_voucher': 'voucher_e03fa453-aa74-4bd8-8ec7-670723d751d7'}}
[WARN]: 作者 1799086622 抓取失败，已跳过。原因：接口返回错误代码：-352，信息：风控校验失败。 {'code': -352, 'message': '风控校验失败', 'ttl': 1, 'data': {'v_voucher': 'voucher_1d9bf657-5df3-4aa9-99ae-8b53a3b88a5f'}}
[WARN]: 作者 1809444890 抓取失败，已跳过。原因：接口返回错误代码：-352，信息：风控校验失败。 {'code': -352, 'message': '风控校验失败', 'ttl': 1, 'data': {'v_voucher': 'voucher_174cd83e-c396-4eb5-8467-346dbc0770ae'}}
[WARN]: 作者 1810314989 抓取失败，已跳过。原因：接口返回错误代码：-352，信息：风控校验失败。 {'code': -352, 'message': '风控校验失败', 'ttl': 1, 'data': {'v_voucher': 'voucher_73a25ad1-6daa-42b6-a47c-edcd225f877a'}}
[WARN]: 作者 1812514452 抓取失败，已跳过。原因：接口返回错误代码：-352，信息：风控校验失败。 {'code': -352, 'message': '风控校验失败', 'ttl': 1, 'data': {'v_voucher': 'voucher_953baa77-5f5d-4b14-b66a-562fde813590'}}
[WARN]: 作者 1813797500 抓取失败，已跳过。原因：接口返回错误代码：-352，信息：风控校验失败。 {'code': -352, 'message': '风控校验失败', 'ttl': 1, 'data': {'v_voucher': 'voucher_ce1bcee7-d8ce-4bc5-b395-edd98e44086a'}}
[WARN]: 作者 1816118546 抓取失败，已跳过。原因：接口返回错误代码：-352，信息：风控校验失败。 {'code': -352, 'message': '风控校验失败', 'ttl': 1, 'data': {'v_voucher': 'voucher_ff2893e3-9f2f-47ac-a345-e4d9afbb71f7'}}
[WARN]: 作者 1816654703 抓取失败，已跳过。原因：接口返回错误代码：-352，信息：风控校验失败。 {'code': -352, 'message': '风控校验失败', 'ttl': 1, 'data': {'v_voucher': 'voucher_258d795f-4705-476f-912c-ca3b0cc87b25'}}
[WARN]: 作者 1827331465 抓取失败，已跳过。原因：接口返回错误代码：-352，信息：风控校验失败。 {'code': -352, 'message': '风控校验失败', 'ttl': 1, 'data': {'v_voucher': 'voucher_0b40ccaf-5dc0-4b26-8a8c-65207cb34b1c'}}
[WARN]: 作者 1834862320 抓取失败，已跳过。原因：接口返回错误代码：-352，信息：风控校验失败。 {'code': -352, 'message': '风控校验失败', 'ttl': 1, 'data': {'v_voucher': 'voucher_c31e2e03-6883-4a2b-97a7-572c0a02ebc5'}}
[INFO]: 第 16/52 批完成，新增 5 条视频，累计 31367 条。
[WARN]: 本批有 19 个作者抓取失败。
[INFO]: 批次间暂停 8 秒，降低请求频率。
[INFO]: 开始处理第 17/52 批作者，共 20 个。
[WARN]: 作者 1840640101 抓取失败，已跳过。原因：接口返回错误代码：-352，信息：风控校验失败。 {'code': -352, 'message': '风控校验失败', 'ttl': 1, 'data': {'v_voucher': 'voucher_8688a318-21ec-4b99-a220-9b657a8d1382'}}
[WARN]: 作者 1841682473 抓取失败，已跳过。原因：接口返回错误代码：-352，信息：风控校验失败。 {'code': -352, 'message': '风控校验失败', 'ttl': 1, 'data': {'v_voucher': 'voucher_e2a749cb-2124-44a4-bc0a-eeaadaa5bf37'}}
[WARN]: 作者 1841888589 抓取失败，已跳过。原因：接口返回错误代码：-352，信息：风控校验失败。 {'code': -352, 'message': '风控校验失败', 'ttl': 1, 'data': {'v_voucher': 'voucher_958d3dce-eb3d-4f06-bd84-27be233bf334'}}
[WARN]: 作者 1842784265 抓取失败，已跳过。原因：接口返回错误代码：-352，信息：风控校验失败。 {'code': -352, 'message': '风控校验失败', 'ttl': 1, 'data': {'v_voucher': 'voucher_2c05621d-2baf-44b2-b21a-30c8df5e1f67'}}
[WARN]: 作者 1843504161 抓取失败，已跳过。原因：接口返回错误代码：-352，信息：风控校验失败。 {'code': -352, 'message': '风控校验失败', 'ttl': 1, 'data': {'v_voucher': 'voucher_5163e715-da6d-4d04-8798-56d59308718f'}}
[WARN]: 作者 1844873138 抓取失败，已跳过。原因：接口返回错误代码：-352，信息：风控校验失败。 {'code': -352, 'message': '风控校验失败', 'ttl': 1, 'data': {'v_voucher': 'voucher_9fd671e0-68a4-4cad-ab3f-3d1741146189'}}
[WARN]: 作者 1845298351 抓取失败，已跳过。原因：接口返回错误代码：-352，信息：风控校验失败。 {'code': -352, 'message': '风控校验失败', 'ttl': 1, 'data': {'v_voucher': 'voucher_b5753aec-c19d-416f-b053-00dda04850a7'}}
[WARN]: 作者 1846212775 抓取失败，已跳过。原因：接口返回错误代码：-352，信息：风控校验失败。 {'code': -352, 'message': '风控校验失败', 'ttl': 1, 'data': {'v_voucher': 'voucher_f7d6cdcc-f111-4c70-bc2a-8b12585d216f'}}
[WARN]: 作者 1849143498 抓取失败，已跳过。原因：接口返回错误代码：-352，信息：风控校验失败。 {'code': -352, 'message': '风控校验失败', 'ttl': 1, 'data': {'v_voucher': 'voucher_cb88b9eb-ff7b-4458-8b82-4cf8ea6d02e2'}}
[WARN]: 作者 1849429476 抓取失败，已跳过。原因：接口返回错误代码：-352，信息：风控校验失败。 {'code': -352, 'message': '风控校验失败', 'ttl': 1, 'data': {'v_voucher': 'voucher_3221d6f9-492b-4595-9afa-890ccb43e4de'}}
[WARN]: 作者 1849477790 抓取失败，已跳过。原因：接口返回错误代码：-352，信息：风控校验失败。 {'code': -352, 'message': '风控校验失败', 'ttl': 1, 'data': {'v_voucher': 'voucher_ee684da7-38c4-4ee4-b306-1cd78246157d'}}
[WARN]: 作者 1851394793 抓取失败，已跳过。原因：接口返回错误代码：-352，信息：风控校验失败。 {'code': -352, 'message': '风控校验失败', 'ttl': 1, 'data': {'v_voucher': 'voucher_b86ca6fd-6c7b-4966-8b51-547b7259c04b'}}
[WARN]: 作者 1861182696 抓取失败，已跳过。原因：接口返回错误代码：-352，信息：风控校验失败。 {'code': -352, 'message': '风控校验失败', 'ttl': 1, 'data': {'v_voucher': 'voucher_1e052fe2-45d9-41ab-8b4c-ff40ce022b4f'}}
[WARN]: 作者 1868652536 抓取失败，已跳过。原因：接口返回错误代码：-352，信息：风控校验失败。 {'code': -352, 'message': '风控校验失败', 'ttl': 1, 'data': {'v_voucher': 'voucher_6543baec-be1d-4f2e-878c-22daf57d56f3'}}
[WARN]: 作者 1869712375 抓取失败，已跳过。原因：接口返回错误代码：-352，信息：风控校验失败。 {'code': -352, 'message': '风控校验失败', 'ttl': 1, 'data': {'v_voucher': 'voucher_889424d7-3074-41b8-89a3-0901559e0f57'}}
[WARN]: 作者 1870883193 抓取失败，已跳过。原因：接口返回错误代码：-352，信息：风控校验失败。 {'code': -352, 'message': '风控校验失败', 'ttl': 1, 'data': {'v_voucher': 'voucher_ff665775-4584-4dca-a840-3d31360591dd'}}
[WARN]: 作者 1871445659 抓取失败，已跳过。原因：接口返回错误代码：-352，信息：风控校验失败。 {'code': -352, 'message': '风控校验失败', 'ttl': 1, 'data': {'v_voucher': 'voucher_009c0bb7-3066-4a69-aeb4-984cd49c7a6c'}}
[WARN]: 作者 1877559375 抓取失败，已跳过。原因：接口返回错误代码：-352，信息：风控校验失败。 {'code': -352, 'message': '风控校验失败', 'ttl': 1, 'data': {'v_voucher': 'voucher_5bcb7b86-e6c0-40ee-bb7c-fe2e4bf212dd'}}
[WARN]: 作者 1878526028 抓取失败，已跳过。原因：接口返回错误代码：-352，信息：风控校验失败。 {'code': -352, 'message': '风控校验失败', 'ttl': 1, 'data': {'v_voucher': 'voucher_efce7a2a-8b58-40f7-b674-a9645b65a888'}}
[INFO]: 第 17/52 批完成，新增 4 条视频，累计 31371 条。
[WARN]: 本批有 19 个作者抓取失败。
[INFO]: 批次间暂停 8 秒，降低请求频率。
[INFO]: 开始处理第 18/52 批作者，共 20 个。
[WARN]: 作者 1889253118 抓取失败，已跳过。原因：接口返回错误代码：-352，信息：风控校验失败。 {'code': -352, 'message': '风控校验失败', 'ttl': 1, 'data': {'v_voucher': 'voucher_655e44e1-2e2a-460c-a43f-f423f3c8f5e8'}}
[WARN]: 作者 1905206817 抓取失败，已跳过。原因：接口返回错误代码：-352，信息：风控校验失败。 {'code': -352, 'message': '风控校验失败', 'ttl': 1, 'data': {'v_voucher': 'voucher_77cd4b87-1fe2-4383-9294-80e4d2129c0f'}}
[WARN]: 作者 1911268704 抓取失败，已跳过。原因：接口返回错误代码：-352，信息：风控校验失败。 {'code': -352, 'message': '风控校验失败', 'ttl': 1, 'data': {'v_voucher': 'voucher_0c7c243e-f9c7-45c2-bbec-def27a6c4c83'}}
[WARN]: 作者 1911989056 抓取失败，已跳过。原因：接口返回错误代码：-352，信息：风控校验失败。 {'code': -352, 'message': '风控校验失败', 'ttl': 1, 'data': {'v_voucher': 'voucher_c06d95fb-547a-4aed-95b8-b88c68bd3bf6'}}
[WARN]: 作者 1912196603 抓取失败，已跳过。原因：接口返回错误代码：-352，信息：风控校验失败。 {'code': -352, 'message': '风控校验失败', 'ttl': 1, 'data': {'v_voucher': 'voucher_db8b4047-0e50-4542-b67a-541e26e54d69'}}
[WARN]: 作者 1912249087 抓取失败，已跳过。原因：接口返回错误代码：-352，信息：风控校验失败。 {'code': -352, 'message': '风控校验失败', 'ttl': 1, 'data': {'v_voucher': 'voucher_284e65c3-c84a-40b4-adc2-b912d68d55aa'}}
[WARN]: 作者 1915096019 抓取失败，已跳过。原因：接口返回错误代码：-352，信息：风控校验失败。 {'code': -352, 'message': '风控校验失败', 'ttl': 1, 'data': {'v_voucher': 'voucher_9346fb0f-79c0-44da-ba99-93d4a86a64a4'}}
[WARN]: 作者 1916235121 抓取失败，已跳过。原因：接口返回错误代码：-352，信息：风控校验失败。 {'code': -352, 'message': '风控校验失败', 'ttl': 1, 'data': {'v_voucher': 'voucher_fadbc623-beb8-485a-8187-eaa1f511acfc'}}
[WARN]: 作者 1917550943 抓取失败，已跳过。原因：接口返回错误代码：-352，信息：风控校验失败。 {'code': -352, 'message': '风控校验失败', 'ttl': 1, 'data': {'v_voucher': 'voucher_e9dfd945-b7f0-4105-9303-d0cf7d353fb1'}}
[WARN]: 作者 1920247627 抓取失败，已跳过。原因：接口返回错误代码：-352，信息：风控校验失败。 {'code': -352, 'message': '风控校验失败', 'ttl': 1, 'data': {'v_voucher': 'voucher_a4e5fdf3-8950-4577-a10b-943ac92a1713'}}
[WARN]: 作者 1929162792 抓取失败，已跳过。原因：接口返回错误代码：-352，信息：风控校验失败。 {'code': -352, 'message': '风控校验失败', 'ttl': 1, 'data': {'v_voucher': 'voucher_dc7dc471-e07f-4c95-b722-cb759e24f556'}}
[WARN]: 作者 1930263249 抓取失败，已跳过。原因：接口返回错误代码：-352，信息：风控校验失败。 {'code': -352, 'message': '风控校验失败', 'ttl': 1, 'data': {'v_voucher': 'voucher_196ddb9a-6589-4a07-8555-7e005518683f'}}
[WARN]: 作者 1940438072 抓取失败，已跳过。原因：接口返回错误代码：-352，信息：风控校验失败。 {'code': -352, 'message': '风控校验失败', 'ttl': 1, 'data': {'v_voucher': 'voucher_0800fe80-03f5-48d3-86e8-8843c6ee56eb'}}
[WARN]: 作者 1943569669 抓取失败，已跳过。原因：接口返回错误代码：-352，信息：风控校验失败。 {'code': -352, 'message': '风控校验失败', 'ttl': 1, 'data': {'v_voucher': 'voucher_593065ee-f211-4f4a-b733-5e6e5d70a0d4'}}
[WARN]: 作者 1945288549 抓取失败，已跳过。原因：接口返回错误代码：-352，信息：风控校验失败。 {'code': -352, 'message': '风控校验失败', 'ttl': 1, 'data': {'v_voucher': 'voucher_74836218-882d-4b66-ad97-04f5992fb676'}}
[WARN]: 作者 1954997940 抓取失败，已跳过。原因：接口返回错误代码：-352，信息：风控校验失败。 {'code': -352, 'message': '风控校验失败', 'ttl': 1, 'data': {'v_voucher': 'voucher_c0da2605-dde4-4f54-88c6-40da2df5ee99'}}
[WARN]: 作者 1955655610 抓取失败，已跳过。原因：接口返回错误代码：-352，信息：风控校验失败。 {'code': -352, 'message': '风控校验失败', 'ttl': 1, 'data': {'v_voucher': 'voucher_f864e626-0d37-49ea-b17d-4eb5f096d90a'}}
[WARN]: 作者 1955897084 抓取失败，已跳过。原因：接口返回错误代码：-352，信息：风控校验失败。 {'code': -352, 'message': '风控校验失败', 'ttl': 1, 'data': {'v_voucher': 'voucher_9fb8bd37-0d42-4488-a8ce-9ea9e9db5352'}}
[WARN]: 作者 1956418122 抓取失败，已跳过。原因：接口返回错误代码：-352，信息：风控校验失败。 {'code': -352, 'message': '风控校验失败', 'ttl': 1, 'data': {'v_voucher': 'voucher_1d7859e2-b598-4131-8dca-32df7ffe9eb6'}}
[WARN]: 作者 1957489700 抓取失败，已跳过。原因：接口返回错误代码：-352，信息：风控校验失败。 {'code': -352, 'message': '风控校验失败', 'ttl': 1, 'data': {'v_voucher': 'voucher_2b5ece8f-0b80-4d3c-963a-415422839724'}}
[INFO]: 第 18/52 批完成，新增 0 条视频，累计 31371 条。
[WARN]: 本批有 20 个作者抓取失败。
[WARN]: 检测到当前批次全部作者抓取失败，已提前停止后续批次，并将输出本次已抓取视频列表及剩余作者 UID。
[INFO]: 全局 videolist 去重检查完成：历史任务中已有 173854 个唯一 bvid，本次过滤掉 22 条重复视频。
[INFO]: 已在导出前移除与 `uid_expansions/` 历史 videolist 重复的视频条目，确保全局视频列表保持增量不重。
[INFO]: 视频列表已导出：outputs\video_pool\uid_expansions\uid_expansion_20250923_20260322_214916\videolist_part_7.csv
[INFO]: 剩余作者 UID 已导出：outputs\video_pool\uid_expansions\uid_expansion_20250923_20260322_214916\remaining_uids_part_7.csv
[INFO]: 本次实际抓取到的视频发布日期范围为 2025-09-23T06:36:36 -> 2026-03-25T18:54:26。
[INFO]: 导出完成：outputs\video_pool\uid_expansions\uid_expansion_20250923_20260322_214916\videolist_part_7.csv
[TIMESTAMP][END] 2026-03-25T19:43:56
