[TIMESTAMP][BEGIN] 2026-03-26T18:49:56
[INFO]: 识别到已有 uid_expansion 会话：outputs/video_pool/uid_expansions/uid_expansion_20250923_20260322_214916，本次将保存为 part_10。
[INFO]: 历史任务增量检查完成：0 个作者命中过往 original_uids，278 个作者按全局 start_date 抓取；命中历史的作者将从其最近一次任务开始日（含当天）继续抓取。
[INFO]: 去重后共有 278 个作者待抓取。
[INFO]: 开始执行作者批量抓取任务，start_date=2025-09-23T00:00:00，end_date=2026-03-26T18:49:56。
[INFO]: 本次 uid_expansion 会话目录：outputs/video_pool/uid_expansions/uid_expansion_20250923_20260322_214916，当前 part_10。
[INFO]: 开始处理第 1/14 批作者，共 20 个。
[INFO]: 第 1/14 批完成，新增 2966 条视频，累计 2966 条。
[INFO]: 批次间暂停 8 秒，降低请求频率。
[INFO]: 开始处理第 2/14 批作者，共 20 个。
[WARN]: 作者 3546850047036277 抓取失败，已跳过。原因：接口返回错误代码：-352，信息：风控校验失败。 {'code': -352, 'message': '风控校验失败', 'ttl': 1, 'data': {'v_voucher': 'voucher_b02ae717-8b87-4247-9582-be96ba11077b'}}
[WARN]: 作者 3546850191739708 抓取失败，已跳过。原因：接口返回错误代码：-352，信息：风控校验失败。 {'code': -352, 'message': '风控校验失败', 'ttl': 1, 'data': {'v_voucher': 'voucher_b0ffb229-94b3-4337-af7f-65c66e8f2164'}}
[WARN]: 作者 3546851498264577 抓取失败，已跳过。原因：接口返回错误代码：-352，信息：风控校验失败。 {'code': -352, 'message': '风控校验失败', 'ttl': 1, 'data': {'v_voucher': 'voucher_911e5d9c-60e2-4f28-af55-f8bb7577fcce'}}
[WARN]: 作者 3546852181936438 抓取失败，已跳过。原因：接口返回错误代码：-352，信息：风控校验失败。 {'code': -352, 'message': '风控校验失败', 'ttl': 1, 'data': {'v_voucher': 'voucher_8be29233-0ad4-4052-91fc-9d7dc87339f7'}}
[WARN]: 作者 3546853803034885 抓取失败，已跳过。原因：接口返回错误代码：-352，信息：风控校验失败。 {'code': -352, 'message': '风控校验失败', 'ttl': 1, 'data': {'v_voucher': 'voucher_19e5d61e-d644-4e09-ac7f-07fdcb83d260'}}
[WARN]: 作者 3546856279772012 抓取失败，已跳过。原因：接口返回错误代码：-352，信息：风控校验失败。 {'code': -352, 'message': '风控校验失败', 'ttl': 1, 'data': {'v_voucher': 'voucher_eaaed3a6-164e-42b2-81d0-60730eb7696f'}}
[INFO]: 第 2/14 批完成，新增 1557 条视频，累计 4523 条。
[WARN]: 本批有 6 个作者抓取失败。
[INFO]: 批次间暂停 8 秒，降低请求频率。
[INFO]: 开始处理第 3/14 批作者，共 20 个。
[INFO]: 第 3/14 批完成，新增 2382 条视频，累计 6905 条。
[INFO]: 批次间暂停 8 秒，降低请求频率。
[INFO]: 开始处理第 4/14 批作者，共 20 个。
[INFO]: 第 4/14 批完成，新增 4952 条视频，累计 11857 条。
[INFO]: 批次间暂停 8 秒，降低请求频率。
[INFO]: 开始处理第 5/14 批作者，共 20 个。
[INFO]: 第 5/14 批完成，新增 3263 条视频，累计 15120 条。
[INFO]: 批次间暂停 8 秒，降低请求频率。
[INFO]: 开始处理第 6/14 批作者，共 20 个。
[INFO]: 第 6/14 批完成，新增 3255 条视频，累计 18375 条。
[INFO]: 批次间暂停 8 秒，降低请求频率。
[INFO]: 开始处理第 7/14 批作者，共 20 个。
[INFO]: 第 7/14 批完成，新增 3121 条视频，累计 21496 条。
[INFO]: 批次间暂停 8 秒，降低请求频率。
[INFO]: 开始处理第 8/14 批作者，共 20 个。
[INFO]: 第 8/14 批完成，新增 2557 条视频，累计 24053 条。
[INFO]: 批次间暂停 8 秒，降低请求频率。
[INFO]: 开始处理第 9/14 批作者，共 20 个。
[INFO]: 第 9/14 批完成，新增 2382 条视频，累计 26435 条。
[INFO]: 批次间暂停 8 秒，降低请求频率。
[INFO]: 开始处理第 10/14 批作者，共 20 个。
[INFO]: 第 10/14 批完成，新增 1458 条视频，累计 27893 条。
[INFO]: 批次间暂停 8 秒，降低请求频率。
[INFO]: 开始处理第 11/14 批作者，共 20 个。
[INFO]: 第 11/14 批完成，新增 1595 条视频，累计 29488 条。
[INFO]: 批次间暂停 8 秒，降低请求频率。
[INFO]: 开始处理第 12/14 批作者，共 20 个。
[WARN]: 作者 3690994289609569 抓取失败，已跳过。原因：接口返回错误代码：-352，信息：风控校验失败。 {'code': -352, 'message': '风控校验失败', 'ttl': 1, 'data': {'v_voucher': 'voucher_a67a01ba-24cb-40cc-9f67-752e13366e65'}}
[WARN]: 作者 3690995986205106 抓取失败，已跳过。原因：接口返回错误代码：-352，信息：风控校验失败。 {'code': -352, 'message': '风控校验失败', 'ttl': 1, 'data': {'v_voucher': 'voucher_3acfcaf6-d25f-46d8-bb57-a2f48f94e025'}}
[WARN]: 作者 3690997168999243 抓取失败，已跳过。原因：接口返回错误代码：-352，信息：风控校验失败。 {'code': -352, 'message': '风控校验失败', 'ttl': 1, 'data': {'v_voucher': 'voucher_dffd0f90-08dd-4105-940b-94351c5a6b81'}}
[WARN]: 作者 3690997391297378 抓取失败，已跳过。原因：接口返回错误代码：-352，信息：风控校验失败。 {'code': -352, 'message': '风控校验失败', 'ttl': 1, 'data': {'v_voucher': 'voucher_2cccec6a-ae0e-4f80-af4c-2d60fe9153e1'}}
[WARN]: 作者 3690997846378614 抓取失败，已跳过。原因：接口返回错误代码：-352，信息：风控校验失败。 {'code': -352, 'message': '风控校验失败', 'ttl': 1, 'data': {'v_voucher': 'voucher_f4190a47-45e2-4b45-9fb7-a82a28a6705d'}}
[WARN]: 作者 3690998693627906 抓取失败，已跳过。原因：接口返回错误代码：-352，信息：风控校验失败。 {'code': -352, 'message': '风控校验失败', 'ttl': 1, 'data': {'v_voucher': 'voucher_c65cfd83-e289-4140-92d5-2cd4283a21f1'}}
[WARN]: 作者 3690998840428965 抓取失败，已跳过。原因：接口返回错误代码：-352，信息：风控校验失败。 {'code': -352, 'message': '风控校验失败', 'ttl': 1, 'data': {'v_voucher': 'voucher_eb9a9c8f-9c12-4b52-a40d-2b8e086b9867'}}
[WARN]: 作者 3690998892858152 抓取失败，已跳过。原因：接口返回错误代码：-352，信息：风控校验失败。 {'code': -352, 'message': '风控校验失败', 'ttl': 1, 'data': {'v_voucher': 'voucher_5710a1fa-8d4e-41e9-b8e9-f7eb67724a9c'}}
[WARN]: 作者 3690999498934545 抓取失败，已跳过。原因：接口返回错误代码：-352，信息：风控校验失败。 {'code': -352, 'message': '风控校验失败', 'ttl': 1, 'data': {'v_voucher': 'voucher_d662a1e7-7596-4f5c-98ca-32313eb02409'}}
[WARN]: 作者 3691000050485483 抓取失败，已跳过。原因：接口返回错误代码：-352，信息：风控校验失败。 {'code': -352, 'message': '风控校验失败', 'ttl': 1, 'data': {'v_voucher': 'voucher_9566ffb3-365a-4418-94b1-2b52a220108b'}}
[WARN]: 作者 3691000268589556 抓取失败，已跳过。原因：接口返回错误代码：-352，信息：风控校验失败。 {'code': -352, 'message': '风控校验失败', 'ttl': 1, 'data': {'v_voucher': 'voucher_4b82f8c5-77b6-4288-afdd-660b3926311c'}}
[WARN]: 作者 3691000868375105 抓取失败，已跳过。原因：接口返回错误代码：-352，信息：风控校验失败。 {'code': -352, 'message': '风控校验失败', 'ttl': 1, 'data': {'v_voucher': 'voucher_89dfb275-0a67-4be1-b674-520f69c00d3e'}}
[WARN]: 作者 3691001325553819 抓取失败，已跳过。原因：接口返回错误代码：-352，信息：风控校验失败。 {'code': -352, 'message': '风控校验失败', 'ttl': 1, 'data': {'v_voucher': 'voucher_182d41ea-ecbb-43a5-b7cf-e15c45299678'}}
[WARN]: 作者 3691002418169956 抓取失败，已跳过。原因：接口返回错误代码：-352，信息：风控校验失败。 {'code': -352, 'message': '风控校验失败', 'ttl': 1, 'data': {'v_voucher': 'voucher_9250b6ef-d5ae-4baf-b224-c015b44f6d15'}}
[WARN]: 作者 3691004091697676 抓取失败，已跳过。原因：接口返回错误代码：-352，信息：风控校验失败。 {'code': -352, 'message': '风控校验失败', 'ttl': 1, 'data': {'v_voucher': 'voucher_ca556321-6e61-4d37-9a38-73e72b65d516'}}
[WARN]: 作者 3691005119301672 抓取失败，已跳过。原因：接口返回错误代码：-352，信息：风控校验失败。 {'code': -352, 'message': '风控校验失败', 'ttl': 1, 'data': {'v_voucher': 'voucher_3635fa3f-090f-4330-9852-819a1eee16be'}}
[INFO]: 第 12/14 批完成，新增 131 条视频，累计 29619 条。
[WARN]: 本批有 16 个作者抓取失败。
[INFO]: 批次间暂停 8 秒，降低请求频率。
[INFO]: 开始处理第 13/14 批作者，共 20 个。
[WARN]: 作者 3691005125593467 抓取失败，已跳过。原因：接口返回错误代码：-352，信息：风控校验失败。 {'code': -352, 'message': '风控校验失败', 'ttl': 1, 'data': {'v_voucher': 'voucher_f9f03a58-7845-4eba-9d82-ad2f9f6d88df'}}
[WARN]: 作者 3691005578578655 抓取失败，已跳过。原因：接口返回错误代码：-352，信息：风控校验失败。 {'code': -352, 'message': '风控校验失败', 'ttl': 1, 'data': {'v_voucher': 'voucher_0274dba6-ecae-4ec0-80be-1e8563864e62'}}
[WARN]: 作者 3691005582772947 抓取失败，已跳过。原因：接口返回错误代码：-352，信息：风控校验失败。 {'code': -352, 'message': '风控校验失败', 'ttl': 1, 'data': {'v_voucher': 'voucher_095d4277-e549-405c-8766-2324862610d7'}}
[WARN]: 作者 3691005670853014 抓取失败，已跳过。原因：接口返回错误代码：-352，信息：风控校验失败。 {'code': -352, 'message': '风控校验失败', 'ttl': 1, 'data': {'v_voucher': 'voucher_956c8edc-e696-4646-9d8d-bddd27340a8d'}}
[WARN]: 作者 3691005809264666 抓取失败，已跳过。原因：接口返回错误代码：-352，信息：风控校验失败。 {'code': -352, 'message': '风控校验失败', 'ttl': 1, 'data': {'v_voucher': 'voucher_49c21994-ffbd-44bc-a5c2-6c63bc45e73c'}}
[WARN]: 作者 3691006293706947 抓取失败，已跳过。原因：接口返回错误代码：-352，信息：风控校验失败。 {'code': -352, 'message': '风控校验失败', 'ttl': 1, 'data': {'v_voucher': 'voucher_b86800ba-44f7-4dec-8840-d76e7562308e'}}
[WARN]: 作者 3691009749813915 抓取失败，已跳过。原因：接口返回错误代码：-352，信息：风控校验失败。 {'code': -352, 'message': '风控校验失败', 'ttl': 1, 'data': {'v_voucher': 'voucher_90de2398-576c-4b36-9c37-188d600fc383'}}
[WARN]: 作者 3691010416707942 抓取失败，已跳过。原因：接口返回错误代码：-352，信息：风控校验失败。 {'code': -352, 'message': '风控校验失败', 'ttl': 1, 'data': {'v_voucher': 'voucher_eb0dc80e-cc87-4d4d-9e9b-9627b6c288e9'}}
[WARN]: 作者 3691010542537675 抓取失败，已跳过。原因：接口返回错误代码：-352，信息：风控校验失败。 {'code': -352, 'message': '风控校验失败', 'ttl': 1, 'data': {'v_voucher': 'voucher_60a32e0f-98da-433f-9716-831e8b223020'}}
[WARN]: 作者 3691011509323971 抓取失败，已跳过。原因：接口返回错误代码：-352，信息：风控校验失败。 {'code': -352, 'message': '风控校验失败', 'ttl': 1, 'data': {'v_voucher': 'voucher_0d394035-12f8-4410-919d-6ed6ace5186c'}}
[WARN]: 作者 3691011807119798 抓取失败，已跳过。原因：接口返回错误代码：-352，信息：风控校验失败。 {'code': -352, 'message': '风控校验失败', 'ttl': 1, 'data': {'v_voucher': 'voucher_4d9d7443-de03-4999-a800-abbba32efa39'}}
[WARN]: 作者 3691011953920048 抓取失败，已跳过。原因：接口返回错误代码：-352，信息：风控校验失败。 {'code': -352, 'message': '风控校验失败', 'ttl': 1, 'data': {'v_voucher': 'voucher_ac7baa1c-8f63-4d7d-b2b4-45397cef1859'}}
[WARN]: 作者 3691012159441678 抓取失败，已跳过。原因：接口返回错误代码：-352，信息：风控校验失败。 {'code': -352, 'message': '风控校验失败', 'ttl': 1, 'data': {'v_voucher': 'voucher_b154f3b4-95dd-4ecd-85c9-f2381c57275e'}}
[WARN]: 作者 3706924193286726 抓取失败，已跳过。原因：接口返回错误代码：-352，信息：风控校验失败。 {'code': -352, 'message': '风控校验失败', 'ttl': 1, 'data': {'v_voucher': 'voucher_eb38f4bd-8c97-4eff-8e14-ad06a693d988'}}
[WARN]: 作者 3706924254103921 抓取失败，已跳过。原因：接口返回错误代码：-352，信息：风控校验失败。 {'code': -352, 'message': '风控校验失败', 'ttl': 1, 'data': {'v_voucher': 'voucher_483f58d0-fee7-490d-b6b7-4017d64f0ae3'}}
[WARN]: 作者 3706924572871415 抓取失败，已跳过。原因：接口返回错误代码：-352，信息：风控校验失败。 {'code': -352, 'message': '风控校验失败', 'ttl': 1, 'data': {'v_voucher': 'voucher_41c14747-21df-4ac0-853e-2406b7a0dbf3'}}
[WARN]: 作者 3706924753225878 抓取失败，已跳过。原因：接口返回错误代码：-352，信息：风控校验失败。 {'code': -352, 'message': '风控校验失败', 'ttl': 1, 'data': {'v_voucher': 'voucher_f11371a4-e936-4b7d-99a6-dd25ce26c5b4'}}
[WARN]: 作者 3706928966404874 抓取失败，已跳过。原因：接口返回错误代码：-352，信息：风控校验失败。 {'code': -352, 'message': '风控校验失败', 'ttl': 1, 'data': {'v_voucher': 'voucher_71eba5fd-c37f-4f71-b1fb-133304a2d9cd'}}
[WARN]: 作者 3706930532976695 抓取失败，已跳过。原因：接口返回错误代码：-352，信息：风控校验失败。 {'code': -352, 'message': '风控校验失败', 'ttl': 1, 'data': {'v_voucher': 'voucher_5a5fd95d-73f6-4932-b2e0-2bdaa541bb13'}}
[WARN]: 作者 3706931598330187 抓取失败，已跳过。原因：接口返回错误代码：-352，信息：风控校验失败。 {'code': -352, 'message': '风控校验失败', 'ttl': 1, 'data': {'v_voucher': 'voucher_79dd21eb-3629-4eb9-a407-db934ebfcfb3'}}
[INFO]: 第 13/14 批完成，新增 0 条视频，累计 29619 条。
[WARN]: 本批有 20 个作者抓取失败。
[WARN]: 检测到当前批次全部作者抓取失败，已提前停止后续批次，并将输出本次已抓取视频列表及剩余作者 UID。
[INFO]: 全局 videolist 去重检查完成：历史任务中已有 260920 个唯一 bvid，本次过滤掉 3 条重复视频。
[INFO]: 已在导出前移除与 `uid_expansions/` 历史 videolist 重复的视频条目，确保全局视频列表保持增量不重。
[INFO]: 视频列表已导出：outputs\video_pool\uid_expansions\uid_expansion_20250923_20260322_214916\videolist_part_10.csv
[INFO]: 剩余作者 UID 已导出：outputs\video_pool\uid_expansions\uid_expansion_20250923_20260322_214916\remaining_uids_part_10.csv
[INFO]: 本次实际抓取到的视频发布日期范围为 2025-09-23T01:00:00 -> 2026-03-26T18:41:15。
[INFO]: 导出完成：outputs\video_pool\uid_expansions\uid_expansion_20250923_20260322_214916\videolist_part_10.csv
[TIMESTAMP][END] 2026-03-26T19:34:20
