[INFO]: 识别到已有 uid_expansion 会话：outputs/video_pool/uid_expansions/uid_expansion_180_days_20260322_214916，本次将保存为 part_3。
[INFO]: 去重后共有 2144 个作者待抓取。
[INFO]: 开始执行作者批量抓取任务，lookback_days=180。
[INFO]: 本次 uid_expansion 会话目录：outputs/video_pool/uid_expansions/uid_expansion_180_days_20260322_214916，当前 part_3。
[INFO]: 开始处理第 1/108 批作者，共 20 个。
[INFO]: 第 1/108 批完成，新增 1185 条视频，累计 1185 条。
[INFO]: 批次间暂停 8 秒，降低请求频率。
[INFO]: 开始处理第 2/108 批作者，共 20 个。
[WARN]: 作者 72962968 抓取失败，已跳过。原因：接口返回错误代码：-352，信息：风控校验失败。 {'code': -352, 'message': '风控校验失败', 'ttl': 1, 'data': {'v_voucher': 'voucher_bbadabd3-9fb8-4224-bcbd-186dea81cb57'}}
[WARN]: 作者 72969462 抓取失败，已跳过。原因：接口返回错误代码：-352，信息：风控校验失败。 {'code': -352, 'message': '风控校验失败', 'ttl': 1, 'data': {'v_voucher': 'voucher_8b66e26c-f01c-4be3-9523-49c96b91439e'}}
[INFO]: 第 2/108 批完成，新增 2286 条视频，累计 3471 条。
[WARN]: 本批有 2 个作者抓取失败。
[INFO]: 批次间暂停 8 秒，降低请求频率。
[INFO]: 开始处理第 3/108 批作者，共 20 个。
[INFO]: 第 3/108 批完成，新增 1966 条视频，累计 5437 条。
[INFO]: 批次间暂停 8 秒，降低请求频率。
[INFO]: 开始处理第 4/108 批作者，共 20 个。
[INFO]: 第 4/108 批完成，新增 2597 条视频，累计 8034 条。
[INFO]: 批次间暂停 8 秒，降低请求频率。
[INFO]: 开始处理第 5/108 批作者，共 20 个。
[INFO]: 第 5/108 批完成，新增 1500 条视频，累计 9534 条。
[INFO]: 批次间暂停 8 秒，降低请求频率。
[INFO]: 开始处理第 6/108 批作者，共 20 个。
[INFO]: 第 6/108 批完成，新增 2353 条视频，累计 11887 条。
[INFO]: 批次间暂停 8 秒，降低请求频率。
[INFO]: 开始处理第 7/108 批作者，共 20 个。
[INFO]: 第 7/108 批完成，新增 2100 条视频，累计 13987 条。
[INFO]: 批次间暂停 8 秒，降低请求频率。
[INFO]: 开始处理第 8/108 批作者，共 20 个。
[INFO]: 第 8/108 批完成，新增 2502 条视频，累计 16489 条。
[INFO]: 批次间暂停 8 秒，降低请求频率。
[INFO]: 开始处理第 9/108 批作者，共 20 个。
[INFO]: 第 9/108 批完成，新增 1400 条视频，累计 17889 条。
[INFO]: 批次间暂停 8 秒，降低请求频率。
[INFO]: 开始处理第 10/108 批作者，共 20 个。
[INFO]: 第 10/108 批完成，新增 1362 条视频，累计 19251 条。
[INFO]: 批次间暂停 8 秒，降低请求频率。
[INFO]: 开始处理第 11/108 批作者，共 20 个。
[INFO]: 第 11/108 批完成，新增 2345 条视频，累计 21596 条。
[INFO]: 批次间暂停 8 秒，降低请求频率。
[INFO]: 开始处理第 12/108 批作者，共 20 个。
[INFO]: 第 12/108 批完成，新增 1687 条视频，累计 23283 条。
[INFO]: 批次间暂停 8 秒，降低请求频率。
[INFO]: 开始处理第 13/108 批作者，共 20 个。
[INFO]: 第 13/108 批完成，新增 2165 条视频，累计 25448 条。
[INFO]: 批次间暂停 8 秒，降低请求频率。
[INFO]: 开始处理第 14/108 批作者，共 20 个。
[INFO]: 第 14/108 批完成，新增 2336 条视频，累计 27784 条。
[INFO]: 批次间暂停 8 秒，降低请求频率。
[INFO]: 开始处理第 15/108 批作者，共 20 个。
[INFO]: 第 15/108 批完成，新增 1777 条视频，累计 29561 条。
[INFO]: 批次间暂停 8 秒，降低请求频率。
[INFO]: 开始处理第 16/108 批作者，共 20 个。
[INFO]: 第 16/108 批完成，新增 1368 条视频，累计 30929 条。
[INFO]: 批次间暂停 8 秒，降低请求频率。
[INFO]: 开始处理第 17/108 批作者，共 20 个。
[WARN]: 作者 289792582 抓取失败，已跳过。原因：接口返回错误代码：-352，信息：风控校验失败。 {'code': -352, 'message': '风控校验失败', 'ttl': 1, 'data': {'v_voucher': 'voucher_0ff54051-9cd6-403d-8915-ea826d75c757'}}
[WARN]: 作者 290383661 抓取失败，已跳过。原因：接口返回错误代码：-352，信息：风控校验失败。 {'code': -352, 'message': '风控校验失败', 'ttl': 1, 'data': {'v_voucher': 'voucher_ca80046f-8a09-4371-87ec-3ff5926ededf'}}
[WARN]: 作者 290515290 抓取失败，已跳过。原因：接口返回错误代码：-352，信息：风控校验失败。 {'code': -352, 'message': '风控校验失败', 'ttl': 1, 'data': {'v_voucher': 'voucher_a604b228-6ac5-4dc7-9659-2aa088b8dd0c'}}
[WARN]: 作者 291016149 抓取失败，已跳过。原因：接口返回错误代码：-352，信息：风控校验失败。 {'code': -352, 'message': '风控校验失败', 'ttl': 1, 'data': {'v_voucher': 'voucher_16093ee7-473a-405d-a545-b96c5683e042'}}
[WARN]: 作者 291237026 抓取失败，已跳过。原因：接口返回错误代码：-352，信息：风控校验失败。 {'code': -352, 'message': '风控校验失败', 'ttl': 1, 'data': {'v_voucher': 'voucher_f69b6f3d-6638-4bab-bccf-cea297c1ae0f'}}
[WARN]: 作者 291419768 抓取失败，已跳过。原因：接口返回错误代码：-352，信息：风控校验失败。 {'code': -352, 'message': '风控校验失败', 'ttl': 1, 'data': {'v_voucher': 'voucher_d271050e-8319-4339-9898-f44db2bad164'}}
[WARN]: 作者 291547086 抓取失败，已跳过。原因：接口返回错误代码：-352，信息：风控校验失败。 {'code': -352, 'message': '风控校验失败', 'ttl': 1, 'data': {'v_voucher': 'voucher_58a46197-f15c-4f2e-9ed2-12e46625f718'}}
[WARN]: 作者 293013079 抓取失败，已跳过。原因：接口返回错误代码：-352，信息：风控校验失败。 {'code': -352, 'message': '风控校验失败', 'ttl': 1, 'data': {'v_voucher': 'voucher_120f0f49-3821-4462-a1a0-901a1676e38a'}}
[WARN]: 作者 294675407 抓取失败，已跳过。原因：接口返回错误代码：-352，信息：风控校验失败。 {'code': -352, 'message': '风控校验失败', 'ttl': 1, 'data': {'v_voucher': 'voucher_34c8e707-d526-4ba5-82da-8e1b0f4a0c5b'}}
[WARN]: 作者 294854195 抓取失败，已跳过。原因：接口返回错误代码：-352，信息：风控校验失败。 {'code': -352, 'message': '风控校验失败', 'ttl': 1, 'data': {'v_voucher': 'voucher_56fa2401-f4fc-4518-9e4b-478596c6b081'}}
[WARN]: 作者 295568661 抓取失败，已跳过。原因：接口返回错误代码：-352，信息：风控校验失败。 {'code': -352, 'message': '风控校验失败', 'ttl': 1, 'data': {'v_voucher': 'voucher_108c9f74-5d51-4ab1-94da-131c00d3c14c'}}
[WARN]: 作者 295711424 抓取失败，已跳过。原因：接口返回错误代码：-352，信息：风控校验失败。 {'code': -352, 'message': '风控校验失败', 'ttl': 1, 'data': {'v_voucher': 'voucher_b04d8664-f6e9-4b13-8654-73d930ca0e33'}}
[WARN]: 作者 296465852 抓取失败，已跳过。原因：接口返回错误代码：-352，信息：风控校验失败。 {'code': -352, 'message': '风控校验失败', 'ttl': 1, 'data': {'v_voucher': 'voucher_27dd6688-3f91-4b73-b3b8-baf8558aa4b7'}}
[WARN]: 作者 296842815 抓取失败，已跳过。原因：接口返回错误代码：-352，信息：风控校验失败。 {'code': -352, 'message': '风控校验失败', 'ttl': 1, 'data': {'v_voucher': 'voucher_c00f5bea-82f0-4925-bfbe-8cf173000904'}}
[WARN]: 作者 298054634 抓取失败，已跳过。原因：接口返回错误代码：-352，信息：风控校验失败。 {'code': -352, 'message': '风控校验失败', 'ttl': 1, 'data': {'v_voucher': 'voucher_07cd5347-193c-4ede-bef5-6cb611b3139c'}}
[WARN]: 作者 298515499 抓取失败，已跳过。原因：接口返回错误代码：-352，信息：风控校验失败。 {'code': -352, 'message': '风控校验失败', 'ttl': 1, 'data': {'v_voucher': 'voucher_08f077c8-5167-471c-8bb0-889e163dbb31'}}
[WARN]: 作者 298590209 抓取失败，已跳过。原因：接口返回错误代码：-352，信息：风控校验失败。 {'code': -352, 'message': '风控校验失败', 'ttl': 1, 'data': {'v_voucher': 'voucher_372fdfb4-7e97-4bbf-9037-eca8bc3c6007'}}
[WARN]: 作者 298753342 抓取失败，已跳过。原因：接口返回错误代码：-352，信息：风控校验失败。 {'code': -352, 'message': '风控校验失败', 'ttl': 1, 'data': {'v_voucher': 'voucher_6fd37bb0-c2f8-40ca-bbb1-740b58c06dfc'}}
[INFO]: 第 17/108 批完成，新增 53 条视频，累计 30982 条。
[WARN]: 本批有 18 个作者抓取失败。
[INFO]: 批次间暂停 8 秒，降低请求频率。
[INFO]: 开始处理第 18/108 批作者，共 20 个。
[WARN]: 作者 299083916 抓取失败，已跳过。原因：接口返回错误代码：-352，信息：风控校验失败。 {'code': -352, 'message': '风控校验失败', 'ttl': 1, 'data': {'v_voucher': 'voucher_73acbbe8-2859-407b-9134-b1161874054a'}}
[WARN]: 作者 299565572 抓取失败，已跳过。原因：接口返回错误代码：-352，信息：风控校验失败。 {'code': -352, 'message': '风控校验失败', 'ttl': 1, 'data': {'v_voucher': 'voucher_19401244-bf73-41d2-89ca-a256bd9165f2'}}
[WARN]: 作者 299648054 抓取失败，已跳过。原因：接口返回错误代码：-352，信息：风控校验失败。 {'code': -352, 'message': '风控校验失败', 'ttl': 1, 'data': {'v_voucher': 'voucher_9f9ef52f-ba9f-4ff3-a776-3cf3f4f9cf56'}}
[WARN]: 作者 299681626 抓取失败，已跳过。原因：接口返回错误代码：-352，信息：风控校验失败。 {'code': -352, 'message': '风控校验失败', 'ttl': 1, 'data': {'v_voucher': 'voucher_8ff9785f-c07f-470d-93ee-9f000a46ced6'}}
[WARN]: 作者 300468096 抓取失败，已跳过。原因：接口返回错误代码：-352，信息：风控校验失败。 {'code': -352, 'message': '风控校验失败', 'ttl': 1, 'data': {'v_voucher': 'voucher_cefff6e0-a201-4834-89e8-0aabd706f61d'}}
[WARN]: 作者 301268413 抓取失败，已跳过。原因：接口返回错误代码：-352，信息：风控校验失败。 {'code': -352, 'message': '风控校验失败', 'ttl': 1, 'data': {'v_voucher': 'voucher_8cec1581-d511-4bd8-8364-cc31e3eb8153'}}
[WARN]: 作者 301475970 抓取失败，已跳过。原因：接口返回错误代码：-352，信息：风控校验失败。 {'code': -352, 'message': '风控校验失败', 'ttl': 1, 'data': {'v_voucher': 'voucher_8a52ea2f-c300-4917-8d1f-276a2f62d340'}}
[WARN]: 作者 301870779 抓取失败，已跳过。原因：接口返回错误代码：-352，信息：风控校验失败。 {'code': -352, 'message': '风控校验失败', 'ttl': 1, 'data': {'v_voucher': 'voucher_45c553c2-936d-44e0-a468-5629d92d8c3e'}}
[WARN]: 作者 301930175 抓取失败，已跳过。原因：接口返回错误代码：-352，信息：风控校验失败。 {'code': -352, 'message': '风控校验失败', 'ttl': 1, 'data': {'v_voucher': 'voucher_fc3502de-53e9-4f87-a841-db3a88435624'}}
[WARN]: 作者 302060674 抓取失败，已跳过。原因：接口返回错误代码：-352，信息：风控校验失败。 {'code': -352, 'message': '风控校验失败', 'ttl': 1, 'data': {'v_voucher': 'voucher_83b4a788-1d84-4f39-b262-380625c28fc0'}}
[WARN]: 作者 302478054 抓取失败，已跳过。原因：接口返回错误代码：-352，信息：风控校验失败。 {'code': -352, 'message': '风控校验失败', 'ttl': 1, 'data': {'v_voucher': 'voucher_acb89401-5660-4f24-9105-281a13dc171b'}}
[WARN]: 作者 303794380 抓取失败，已跳过。原因：接口返回错误代码：-352，信息：风控校验失败。 {'code': -352, 'message': '风控校验失败', 'ttl': 1, 'data': {'v_voucher': 'voucher_87873e07-76e3-41d8-898d-9a7f4e51cf0e'}}
[WARN]: 作者 304578055 抓取失败，已跳过。原因：接口返回错误代码：-352，信息：风控校验失败。 {'code': -352, 'message': '风控校验失败', 'ttl': 1, 'data': {'v_voucher': 'voucher_c6a93a78-293a-4094-a149-4b40fe8c0f02'}}
[WARN]: 作者 304735386 抓取失败，已跳过。原因：接口返回错误代码：-352，信息：风控校验失败。 {'code': -352, 'message': '风控校验失败', 'ttl': 1, 'data': {'v_voucher': 'voucher_f62b49ba-4a1e-40ab-aa08-bde4e5597d4b'}}
[WARN]: 作者 305592163 抓取失败，已跳过。原因：接口返回错误代码：-352，信息：风控校验失败。 {'code': -352, 'message': '风控校验失败', 'ttl': 1, 'data': {'v_voucher': 'voucher_a0331909-f040-4f87-92ae-bbedb8c2836d'}}
[WARN]: 作者 305839618 抓取失败，已跳过。原因：接口返回错误代码：-352，信息：风控校验失败。 {'code': -352, 'message': '风控校验失败', 'ttl': 1, 'data': {'v_voucher': 'voucher_6b2a15e5-368c-40bc-aba7-0005043a03b5'}}
[WARN]: 作者 306936843 抓取失败，已跳过。原因：接口返回错误代码：-352，信息：风控校验失败。 {'code': -352, 'message': '风控校验失败', 'ttl': 1, 'data': {'v_voucher': 'voucher_8c170cb1-f2e9-48ff-84c3-1cb4d4bfb0d7'}}
[INFO]: 第 18/108 批完成，新增 52 条视频，累计 31034 条。
[WARN]: 本批有 17 个作者抓取失败。
[INFO]: 批次间暂停 8 秒，降低请求频率。
[INFO]: 开始处理第 19/108 批作者，共 20 个。
[WARN]: 作者 307009947 抓取失败，已跳过。原因：接口返回错误代码：-352，信息：风控校验失败。 {'code': -352, 'message': '风控校验失败', 'ttl': 1, 'data': {'v_voucher': 'voucher_b36fe105-e90a-41f7-959f-5d9472efc37b'}}
