[TIMESTAMP][BEGIN] 2026-03-26T00:19:23
[INFO]: 识别到已有 uid_expansion 会话：outputs/video_pool/uid_expansions/uid_expansion_20250923_20260322_214916，本次将保存为 part_9。
[INFO]: 历史任务增量检查完成：0 个作者命中过往 original_uids，750 个作者按全局 start_date 抓取；命中历史的作者将从其最近一次任务开始日（含当天）继续抓取。
[INFO]: 去重后共有 750 个作者待抓取。
[INFO]: 开始执行作者批量抓取任务，start_date=2025-09-23T00:00:00，end_date=2026-03-26T00:19:23。
[INFO]: 本次 uid_expansion 会话目录：outputs/video_pool/uid_expansions/uid_expansion_20250923_20260322_214916，当前 part_9。
[INFO]: 开始处理第 1/38 批作者，共 20 个。
[INFO]: 第 1/38 批完成，新增 1613 条视频，累计 1613 条。
[INFO]: 批次间暂停 8 秒，降低请求频率。
[INFO]: 开始处理第 2/38 批作者，共 20 个。
[INFO]: 第 2/38 批完成，新增 1521 条视频，累计 3134 条。
[INFO]: 批次间暂停 8 秒，降低请求频率。
[INFO]: 开始处理第 3/38 批作者，共 20 个。
[INFO]: 第 3/38 批完成，新增 1584 条视频，累计 4718 条。
[INFO]: 批次间暂停 8 秒，降低请求频率。
[INFO]: 开始处理第 4/38 批作者，共 20 个。
[INFO]: 第 4/38 批完成，新增 2904 条视频，累计 7622 条。
[INFO]: 批次间暂停 8 秒，降低请求频率。
[INFO]: 开始处理第 5/38 批作者，共 20 个。
[INFO]: 第 5/38 批完成，新增 2434 条视频，累计 10056 条。
[INFO]: 批次间暂停 8 秒，降低请求频率。
[INFO]: 开始处理第 6/38 批作者，共 20 个。
[INFO]: 第 6/38 批完成，新增 2327 条视频，累计 12383 条。
[INFO]: 批次间暂停 8 秒，降低请求频率。
[INFO]: 开始处理第 7/38 批作者，共 20 个。
[INFO]: 第 7/38 批完成，新增 2627 条视频，累计 15010 条。
[INFO]: 批次间暂停 8 秒，降低请求频率。
[INFO]: 开始处理第 8/38 批作者，共 20 个。
[INFO]: 第 8/38 批完成，新增 2843 条视频，累计 17853 条。
[INFO]: 批次间暂停 8 秒，降低请求频率。
[INFO]: 开始处理第 9/38 批作者，共 20 个。
[INFO]: 第 9/38 批完成，新增 3387 条视频，累计 21240 条。
[INFO]: 批次间暂停 8 秒，降低请求频率。
[INFO]: 开始处理第 10/38 批作者，共 20 个。
[INFO]: 第 10/38 批完成，新增 754 条视频，累计 21994 条。
[INFO]: 批次间暂停 8 秒，降低请求频率。
[INFO]: 开始处理第 11/38 批作者，共 20 个。
[INFO]: 第 11/38 批完成，新增 2510 条视频，累计 24504 条。
[INFO]: 批次间暂停 8 秒，降低请求频率。
[INFO]: 开始处理第 12/38 批作者，共 20 个。
[INFO]: 第 12/38 批完成，新增 2527 条视频，累计 27031 条。
[INFO]: 批次间暂停 8 秒，降低请求频率。
[INFO]: 开始处理第 13/38 批作者，共 20 个。
[WARN]: 作者 3493287367281547 抓取失败，已跳过。原因：接口返回错误代码：-352，信息：风控校验失败。 {'code': -352, 'message': '风控校验失败', 'ttl': 1, 'data': {'v_voucher': 'voucher_c9eac06d-1e22-4436-b85e-e4cbc5041ba9'}}
[WARN]: 作者 3493288243890677 抓取失败，已跳过。原因：接口返回错误代码：-352，信息：风控校验失败。 {'code': -352, 'message': '风控校验失败', 'ttl': 1, 'data': {'v_voucher': 'voucher_73145a5d-70b8-4135-9e66-5e4675e497d2'}}
[WARN]: 作者 3493288665417911 抓取失败，已跳过。原因：接口返回错误代码：-352，信息：风控校验失败。 {'code': -352, 'message': '风控校验失败', 'ttl': 1, 'data': {'v_voucher': 'voucher_6fa06a8a-63f5-460e-a730-59790bb454ab'}}
[WARN]: 作者 3493291869866324 抓取失败，已跳过。原因：接口返回错误代码：-352，信息：风控校验失败。 {'code': -352, 'message': '风控校验失败', 'ttl': 1, 'data': {'v_voucher': 'voucher_b6107376-33aa-437a-bdf0-044b0fc2235b'}}
[WARN]: 作者 3493295168686834 抓取失败，已跳过。原因：接口返回错误代码：-352，信息：风控校验失败。 {'code': -352, 'message': '风控校验失败', 'ttl': 1, 'data': {'v_voucher': 'voucher_4b1b0739-b7fc-4ee1-9f5d-c4b34957842f'}}
[WARN]: 作者 3493298427660827 抓取失败，已跳过。原因：接口返回错误代码：-352，信息：风控校验失败。 {'code': -352, 'message': '风控校验失败', 'ttl': 1, 'data': {'v_voucher': 'voucher_35c2f6c9-44d9-452c-a43c-3d25f5d2d305'}}
[WARN]: 作者 3494351560771886 抓取失败，已跳过。原因：接口返回错误代码：-352，信息：风控校验失败。 {'code': -352, 'message': '风控校验失败', 'ttl': 1, 'data': {'v_voucher': 'voucher_a0af6d61-f249-4636-8ee8-cc6aa324c874'}}
[WARN]: 作者 3494354509367479 抓取失败，已跳过。原因：接口返回错误代码：-352，信息：风控校验失败。 {'code': -352, 'message': '风控校验失败', 'ttl': 1, 'data': {'v_voucher': 'voucher_a1039216-f7e5-48ca-a0a0-7cdeaae7822c'}}
[WARN]: 作者 3494354557602361 抓取失败，已跳过。原因：接口返回错误代码：-352，信息：风控校验失败。 {'code': -352, 'message': '风控校验失败', 'ttl': 1, 'data': {'v_voucher': 'voucher_0cb79c69-bb77-4a01-b1ea-5a76d1721e0d'}}
[WARN]: 作者 3494354991713125 抓取失败，已跳过。原因：接口返回错误代码：-352，信息：风控校验失败。 {'code': -352, 'message': '风控校验失败', 'ttl': 1, 'data': {'v_voucher': 'voucher_ac0c0213-abf2-469d-8718-d6040c11683a'}}
[WARN]: 作者 3494356069649346 抓取失败，已跳过。原因：接口返回错误代码：-352，信息：风控校验失败。 {'code': -352, 'message': '风控校验失败', 'ttl': 1, 'data': {'v_voucher': 'voucher_bf4d9bd1-beab-4ea0-ae32-005d96f750dd'}}
[WARN]: 作者 3494357632026776 抓取失败，已跳过。原因：接口返回错误代码：-352，信息：风控校验失败。 {'code': -352, 'message': '风控校验失败', 'ttl': 1, 'data': {'v_voucher': 'voucher_6737de8e-f89d-494d-b2cd-777373ab2df4'}}
[WARN]: 作者 3494361354471657 抓取失败，已跳过。原因：接口返回错误代码：-352，信息：风控校验失败。 {'code': -352, 'message': '风控校验失败', 'ttl': 1, 'data': {'v_voucher': 'voucher_41b25cc8-2069-4e13-82fa-41820c89f28e'}}
[WARN]: 作者 3494361610324321 抓取失败，已跳过。原因：接口返回错误代码：-352，信息：风控校验失败。 {'code': -352, 'message': '风控校验失败', 'ttl': 1, 'data': {'v_voucher': 'voucher_25af421f-3e55-44bd-94d7-3340f67f7d9f'}}
[WARN]: 作者 3494365282437309 抓取失败，已跳过。原因：接口返回错误代码：-352，信息：风控校验失败。 {'code': -352, 'message': '风控校验失败', 'ttl': 1, 'data': {'v_voucher': 'voucher_8f8bede1-39fb-4b58-96c4-a84f52d1a77e'}}
[INFO]: 第 13/38 批完成，新增 327 条视频，累计 27358 条。
[WARN]: 本批有 15 个作者抓取失败。
[INFO]: 批次间暂停 8 秒，降低请求频率。
[INFO]: 开始处理第 14/38 批作者，共 20 个。
[WARN]: 作者 3494365867542553 抓取失败，已跳过。原因：接口返回错误代码：-352，信息：风控校验失败。 {'code': -352, 'message': '风控校验失败', 'ttl': 1, 'data': {'v_voucher': 'voucher_fae6b01a-f0d6-4c5e-905d-095f1f9855c9'}}
[WARN]: 作者 3494366295361642 抓取失败，已跳过。原因：接口返回错误代码：-352，信息：风控校验失败。 {'code': -352, 'message': '风控校验失败', 'ttl': 1, 'data': {'v_voucher': 'voucher_9c45dfe0-b645-4807-bfd2-93b95be8dc4a'}}
[WARN]: 作者 3494367664801943 抓取失败，已跳过。原因：接口返回错误代码：-352，信息：风控校验失败。 {'code': -352, 'message': '风控校验失败', 'ttl': 1, 'data': {'v_voucher': 'voucher_ed7219c3-b7cd-4b73-94b0-10eb5da48338'}}
[WARN]: 作者 3494368486885729 抓取失败，已跳过。原因：接口返回错误代码：-352，信息：风控校验失败。 {'code': -352, 'message': '风控校验失败', 'ttl': 1, 'data': {'v_voucher': 'voucher_a5a16a2f-d4fe-45e0-93c4-2c84a397a78f'}}
[WARN]: 作者 3494368824527377 抓取失败，已跳过。原因：接口返回错误代码：-352，信息：风控校验失败。 {'code': -352, 'message': '风控校验失败', 'ttl': 1, 'data': {'v_voucher': 'voucher_eee972eb-54ed-4873-ad98-18ca6c2dce26'}}
[WARN]: 作者 3494370359642886 抓取失败，已跳过。原因：接口返回错误代码：-352，信息：风控校验失败。 {'code': -352, 'message': '风控校验失败', 'ttl': 1, 'data': {'v_voucher': 'voucher_2eb5374b-fe81-4360-af63-e6da7be83720'}}
[WARN]: 作者 3494371152366508 抓取失败，已跳过。原因：接口返回错误代码：-352，信息：风控校验失败。 {'code': -352, 'message': '风控校验失败', 'ttl': 1, 'data': {'v_voucher': 'voucher_e6eee84c-d990-4eb4-93ff-8a6946b507d8'}}
[WARN]: 作者 3494374864325099 抓取失败，已跳过。原因：接口返回错误代码：-352，信息：风控校验失败。 {'code': -352, 'message': '风控校验失败', 'ttl': 1, 'data': {'v_voucher': 'voucher_ba19ec90-1048-406a-9e6f-71ec25162bcb'}}
[WARN]: 作者 3494376653195916 抓取失败，已跳过。原因：接口返回错误代码：-352，信息：风控校验失败。 {'code': -352, 'message': '风控校验失败', 'ttl': 1, 'data': {'v_voucher': 'voucher_74e16e79-bda6-49f8-9aa4-2dc7643e4d66'}}
[WARN]: 作者 3494376785316125 抓取失败，已跳过。原因：接口返回错误代码：-352，信息：风控校验失败。 {'code': -352, 'message': '风控校验失败', 'ttl': 1, 'data': {'v_voucher': 'voucher_2b553db1-76dc-4d67-b214-e65d55d565bc'}}
[WARN]: 作者 3494377422850175 抓取失败，已跳过。原因：接口返回错误代码：-352，信息：风控校验失败。 {'code': -352, 'message': '风控校验失败', 'ttl': 1, 'data': {'v_voucher': 'voucher_3db426b3-52ce-4b26-af51-c109f672dfca'}}
[WARN]: 作者 3494377586428223 抓取失败，已跳过。原因：接口返回错误代码：-352，信息：风控校验失败。 {'code': -352, 'message': '风控校验失败', 'ttl': 1, 'data': {'v_voucher': 'voucher_0d4b2f08-d89a-4f49-8723-4dc34f4eef6e'}}
[WARN]: 作者 3494377812920345 抓取失败，已跳过。原因：接口返回错误代码：-352，信息：风控校验失败。 {'code': -352, 'message': '风控校验失败', 'ttl': 1, 'data': {'v_voucher': 'voucher_b03b3711-77b6-4df5-a0f1-95125e505ae4'}}
[WARN]: 作者 3494378467232303 抓取失败，已跳过。原因：接口返回错误代码：-352，信息：风控校验失败。 {'code': -352, 'message': '风控校验失败', 'ttl': 1, 'data': {'v_voucher': 'voucher_1268a07e-6278-4ca5-9f92-a13e7b435648'}}
[WARN]: 作者 3494379868129760 抓取失败，已跳过。原因：接口返回错误代码：-352，信息：风控校验失败。 {'code': -352, 'message': '风控校验失败', 'ttl': 1, 'data': {'v_voucher': 'voucher_38e32769-ef38-4bce-b62f-ac9479287e0b'}}
[WARN]: 作者 3494380778293467 抓取失败，已跳过。原因：接口返回错误代码：-352，信息：风控校验失败。 {'code': -352, 'message': '风控校验失败', 'ttl': 1, 'data': {'v_voucher': 'voucher_cde98493-7665-43b5-bb23-68ae052c496c'}}
[WARN]: 作者 3537105588324927 抓取失败，已跳过。原因：接口返回错误代码：-352，信息：风控校验失败。 {'code': -352, 'message': '风控校验失败', 'ttl': 1, 'data': {'v_voucher': 'voucher_d3aa43db-3421-4fcd-bbb4-717fb742be39'}}
[WARN]: 作者 3537106930502012 抓取失败，已跳过。原因：接口返回错误代码：-352，信息：风控校验失败。 {'code': -352, 'message': '风控校验失败', 'ttl': 1, 'data': {'v_voucher': 'voucher_d691b13e-23ad-4add-97a0-89adda8c1b01'}}
[WARN]: 作者 3537107060525249 抓取失败，已跳过。原因：接口返回错误代码：-352，信息：风控校验失败。 {'code': -352, 'message': '风控校验失败', 'ttl': 1, 'data': {'v_voucher': 'voucher_0c8099f0-6058-40e2-b9a2-14327c6b0d46'}}
[WARN]: 作者 3537108222347306 抓取失败，已跳过。原因：接口返回错误代码：-352，信息：风控校验失败。 {'code': -352, 'message': '风控校验失败', 'ttl': 1, 'data': {'v_voucher': 'voucher_94de9a46-977a-4886-b28e-7e900dba9f5a'}}
[INFO]: 第 14/38 批完成，新增 0 条视频，累计 27358 条。
[WARN]: 本批有 20 个作者抓取失败。
[WARN]: 检测到当前批次全部作者抓取失败，已提前停止后续批次，并将输出本次已抓取视频列表及剩余作者 UID。
[INFO]: 全局 videolist 去重检查完成：历史任务中已有 205199 个唯一 bvid，本次过滤掉 15 条重复视频。
[INFO]: 已在导出前移除与 `uid_expansions/` 历史 videolist 重复的视频条目，确保全局视频列表保持增量不重。
[INFO]: 视频列表已导出：outputs\video_pool\uid_expansions\uid_expansion_20250923_20260322_214916\videolist_part_9.csv
[INFO]: 剩余作者 UID 已导出：outputs\video_pool\uid_expansions\uid_expansion_20250923_20260322_214916\remaining_uids_part_9.csv
[INFO]: 本次实际抓取到的视频发布日期范围为 2025-09-23T00:00:38 -> 2026-03-26T00:15:14。
[INFO]: 导出完成：outputs\video_pool\uid_expansions\uid_expansion_20250923_20260322_214916\videolist_part_9.csv
[TIMESTAMP][END] 2026-03-26T00:58:21
