[TIMESTAMP][BEGIN] 2026-04-02T01:07:20
[2026-04-02 01:07:25] 开始执行 CSV 批量抓取子任务 part_2。
[2026-04-02 01:07:25] 子任务开始时间：2026-04-02T01:07:20.271255
[2026-04-02 01:07:25] 输入文件：batch_input_2.csv
[2026-04-02 01:07:25] 输入唯一 bvid 数量：100
[2026-04-02 01:07:25] 为严格按 CSV 顺序判断连续失败阈值，本次任务自动将并发度从 2 调整为 1。
[2026-04-02 01:07:31] [SUCCESS] bvid=BV1Nd9jBtEZJ 已成功抓取全部所需数据。
[2026-04-02 01:07:36] [SUCCESS] bvid=BV1Kd9jBtERd 已成功抓取全部所需数据。
[2026-04-02 01:07:41] [SUCCESS] bvid=BV14d9jBtEBu 已成功抓取全部所需数据。
[2026-04-02 01:07:45] [SUCCESS] bvid=BV1Vz9jBuESC 已成功抓取全部所需数据。
[2026-04-02 01:07:50] [SUCCESS] bvid=BV1ez9jBuEkz 已成功抓取全部所需数据。
[2026-04-02 01:07:55] [SUCCESS] bvid=BV1h19jBNEDS 已成功抓取全部所需数据。
[2026-04-02 01:08:00] [SUCCESS] bvid=BV1ji9jB3E87 已成功抓取全部所需数据。
[2026-04-02 01:08:05] [SUCCESS] bvid=BV1rtXYBoEnX 已成功抓取全部所需数据。
[2026-04-02 01:08:10] [SUCCESS] bvid=BV1RZXrBuEcy 已成功抓取全部所需数据。
[2026-04-02 01:08:15] [SUCCESS] bvid=BV1t195B4Edg 已成功抓取全部所需数据。
[2026-04-02 01:08:20] [SUCCESS] bvid=BV15q9jB6Eon 已成功抓取全部所需数据。
[2026-04-02 01:08:25] [SUCCESS] bvid=BV15q9jB6Erp 已成功抓取全部所需数据。
[2026-04-02 01:08:31] [SUCCESS] bvid=BV1hw95BdE5p 已成功抓取全部所需数据。
[2026-04-02 01:08:36] [SUCCESS] bvid=BV13C9jBiEkz 已成功抓取全部所需数据。
[2026-04-02 01:08:41] [SUCCESS] bvid=BV1829jBeErD 已成功抓取全部所需数据。
[2026-04-02 01:08:46] [SUCCESS] bvid=BV1a29jBeE7h 已成功抓取全部所需数据。
[2026-04-02 01:08:51] [SUCCESS] bvid=BV1QC9jBiE9L 已成功抓取全部所需数据。
[2026-04-02 01:08:55] [SUCCESS] bvid=BV15k9jBMENx 已成功抓取全部所需数据。
[2026-04-02 01:09:00] [SUCCESS] bvid=BV1Vk9jBTEzU 已成功抓取全部所需数据。
[2026-04-02 01:09:05] [SUCCESS] bvid=BV1GC9jBiExQ 已成功抓取全部所需数据。
[2026-04-02 01:09:10] [SUCCESS] bvid=BV1oL97BCEUh 已成功抓取全部所需数据。
[2026-04-02 01:09:15] [SUCCESS] bvid=BV1VC9jBiELM 已成功抓取全部所需数据。
[2026-04-02 01:09:20] [SUCCESS] bvid=BV1oL97ByEwD 已成功抓取全部所需数据。
[2026-04-02 01:09:25] [SUCCESS] bvid=BV1R797BGEmD 已成功抓取全部所需数据。
[2026-04-02 01:09:30] [SUCCESS] bvid=BV1BU9LBVE2d 已成功抓取全部所需数据。
[2026-04-02 01:09:35] [SUCCESS] bvid=BV1ZL97BCE7f 已成功抓取全部所需数据。
[2026-04-02 01:09:40] [SUCCESS] bvid=BV1AzQZBYEw6 已成功抓取全部所需数据。
[2026-04-02 01:09:45] [SUCCESS] bvid=BV1hh97BeEAB 已成功抓取全部所需数据。
[2026-04-02 01:09:50] [SUCCESS] bvid=BV1R797BGEfv 已成功抓取全部所需数据。
[2026-04-02 01:09:55] [SUCCESS] bvid=BV17G97B2EbY 已成功抓取全部所需数据。
[2026-04-02 01:10:00] [SUCCESS] bvid=BV1VH97B6ECo 已成功抓取全部所需数据。
[2026-04-02 01:10:04] [SUCCESS] bvid=BV1Z597B5EQ8 已成功抓取全部所需数据。
[2026-04-02 01:10:09] [SUCCESS] bvid=BV1VH97B6E29 已成功抓取全部所需数据。
[2026-04-02 01:10:14] [SUCCESS] bvid=BV1vE97B6E1L 已成功抓取全部所需数据。
[2026-04-02 01:10:20] [SUCCESS] bvid=BV1RE97BrErS 已成功抓取全部所需数据。
[2026-04-02 01:10:25] [SUCCESS] bvid=BV1dE97BrEno 已成功抓取全部所需数据。
[2026-04-02 01:10:30] [SUCCESS] bvid=BV1PA97BXEwj 已成功抓取全部所需数据。
[2026-04-02 01:10:35] [SUCCESS] bvid=BV1wN97BHEDc 已成功抓取全部所需数据。
[2026-04-02 01:10:40] [SUCCESS] bvid=BV1HN97BHERt 已成功抓取全部所需数据。
[2026-04-02 01:10:45] [SUCCESS] bvid=BV1PF97BREcG 已成功抓取全部所需数据。
[2026-04-02 01:10:49] [SUCCESS] bvid=BV1WF97BRE68 已成功抓取全部所需数据。
[2026-04-02 01:10:54] [SUCCESS] bvid=BV1Cw97BWEHc 已成功抓取全部所需数据。
[2026-04-02 01:10:59] [SUCCESS] bvid=BV1f397BjEfY 已成功抓取全部所需数据。
[2026-04-02 01:11:04] [SUCCESS] bvid=BV1ru97BUETa 已成功抓取全部所需数据。
[2026-04-02 01:11:10] [SUCCESS] bvid=BV1F397BEEbZ 已成功抓取全部所需数据。
[2026-04-02 01:11:15] [SUCCESS] bvid=BV1E397B7EhZ 已成功抓取全部所需数据。
[2026-04-02 01:11:20] [SUCCESS] bvid=BV1f397BjEFh 已成功抓取全部所需数据。
[2026-04-02 01:11:25] [SUCCESS] bvid=BV1ry97B9E4k 已成功抓取全部所需数据。
[2026-04-02 01:11:30] [SUCCESS] bvid=BV1QHXCBrEW9 已成功抓取全部所需数据。
[2026-04-02 01:11:35] [SUCCESS] bvid=BV1Q497BKEeS 已成功抓取全部所需数据。
[2026-04-02 01:11:40] [SUCCESS] bvid=BV1HK97BDEMZ 已成功抓取全部所需数据。
[2026-04-02 01:11:45] [SUCCESS] bvid=BV1iX9LB6ERr 已成功抓取全部所需数据。
[2026-04-02 01:11:49] [SUCCESS] bvid=BV1HK97BDEvH 已成功抓取全部所需数据。
[2026-04-02 01:11:54] [SUCCESS] bvid=BV1cM97BJEgh 已成功抓取全部所需数据。
[2026-04-02 01:11:59] [SUCCESS] bvid=BV1JM97BJE9Y 已成功抓取全部所需数据。
[2026-04-02 01:12:04] [SUCCESS] bvid=BV1cM97BJEeo 已成功抓取全部所需数据。
[2026-04-02 01:12:09] [SUCCESS] bvid=BV1ZRQzBzEst 已成功抓取全部所需数据。
[2026-04-02 01:12:14] [SUCCESS] bvid=BV1LhXQBBETc 已成功抓取全部所需数据。
[2026-04-02 01:12:19] [SUCCESS] bvid=BV1ZqXWBfEuu 已成功抓取全部所需数据。
[2026-04-02 01:12:25] [SUCCESS] bvid=BV1ky97B9EAG 已成功抓取全部所需数据。
[2026-04-02 01:12:30] [SUCCESS] bvid=BV1ak95BbEb7 已成功抓取全部所需数据。
[2026-04-02 01:12:35] [SUCCESS] bvid=BV1yr97BdEdo 已成功抓取全部所需数据。
[2026-04-02 01:12:40] [SUCCESS] bvid=BV1r297BpEau 已成功抓取全部所需数据。
[2026-04-02 01:12:45] [SUCCESS] bvid=BV1k297BpEvC 已成功抓取全部所需数据。
[2026-04-02 01:12:50] [SUCCESS] bvid=BV1xB97BfEV3 已成功抓取全部所需数据。
[2026-04-02 01:12:55] [SUCCESS] bvid=BV1yC97BsEwB 已成功抓取全部所需数据。
[2026-04-02 01:13:01] [SUCCESS] bvid=BV1Dt97BvEqx 已成功抓取全部所需数据。
[2026-04-02 01:13:06] [SUCCESS] bvid=BV1D897BPESj 已成功抓取全部所需数据。
[2026-04-02 01:13:11] [SUCCESS] bvid=BV18897BNEAV 已成功抓取全部所需数据。
[2026-04-02 01:13:16] [SUCCESS] bvid=BV13s97BBEDq 已成功抓取全部所需数据。
[2026-04-02 01:13:21] [SUCCESS] bvid=BV1Xs97BqEAN 已成功抓取全部所需数据。
[2026-04-02 01:13:26] [SUCCESS] bvid=BV1Qj9VB4EMX 已成功抓取全部所需数据。
[2026-04-02 01:13:31] [SUCCESS] bvid=BV1mi97BFEwk 已成功抓取全部所需数据。
[2026-04-02 01:13:36] [SUCCESS] bvid=BV1Me97BaEz5 已成功抓取全部所需数据。
[2026-04-02 01:13:41] [SUCCESS] bvid=BV1FT9LBGEVy 已成功抓取全部所需数据。
[2026-04-02 01:13:46] [SUCCESS] bvid=BV1MU95BsEPX 已成功抓取全部所需数据。
[2026-04-02 01:13:51] [SUCCESS] bvid=BV1tS95B9Eij 已成功抓取全部所需数据。
[2026-04-02 01:13:56] [SUCCESS] bvid=BV14S95B9EVJ 已成功抓取全部所需数据。
[2026-04-02 01:14:01] [SUCCESS] bvid=BV14U95BsEah 已成功抓取全部所需数据。
[2026-04-02 01:14:06] [SUCCESS] bvid=BV1MS95B9EKQ 已成功抓取全部所需数据。
[2026-04-02 01:14:11] [SUCCESS] bvid=BV1tS95B9Et5 已成功抓取全部所需数据。
[2026-04-02 01:14:16] [SUCCESS] bvid=BV1Ds9LBfEfX 已成功抓取全部所需数据。
[2026-04-02 01:14:21] [SUCCESS] bvid=BV1g195B4ETr 已成功抓取全部所需数据。
[2026-04-02 01:14:27] [SUCCESS] bvid=BV1g195B4EYn 已成功抓取全部所需数据。
[2026-04-02 01:14:31] [SUCCESS] bvid=BV1tS95B9En8 已成功抓取全部所需数据。
[2026-04-02 01:14:37] [SUCCESS] bvid=BV1b195B4EX3 已成功抓取全部所需数据。
[2026-04-02 01:14:42] [SUCCESS] bvid=BV1g195B4Erp 已成功抓取全部所需数据。
[2026-04-02 01:14:46] [SUCCESS] bvid=BV1u295BdEde 已成功抓取全部所需数据。
[2026-04-02 01:14:51] [SUCCESS] bvid=BV1M295BdEJP 已成功抓取全部所需数据。
[2026-04-02 01:14:56] [SUCCESS] bvid=BV1u295BdEaK 已成功抓取全部所需数据。
[2026-04-02 01:15:01] [SUCCESS] bvid=BV1NR95BnE3o 已成功抓取全部所需数据。
[2026-04-02 01:15:06] [SUCCESS] bvid=BV1Nd95BSEuq 已成功抓取全部所需数据。
[2026-04-02 01:15:11] [SUCCESS] bvid=BV1KQ95BpE6Z 已成功抓取全部所需数据。
[2026-04-02 01:15:17] [SUCCESS] bvid=BV1tQ95BpEEd 已成功抓取全部所需数据。
[2026-04-02 01:15:22] [SUCCESS] bvid=BV1xX95BQEx8 已成功抓取全部所需数据。
[2026-04-02 01:15:27] [SUCCESS] bvid=BV1ei95BYE9B 已成功抓取全部所需数据。
[2026-04-02 01:15:32] [SUCCESS] bvid=BV1KX95BQEzJ 已成功抓取全部所需数据。
[2026-04-02 01:15:37] [SUCCESS] bvid=BV15i95BYEv5 已成功抓取全部所需数据。
[2026-04-02 01:15:42] [SUCCESS] bvid=BV1Vi95BYEvT 已成功抓取全部所需数据。
[2026-04-02 01:15:47] [SUCCESS] bvid=BV15Y95BvE3X 已成功抓取全部所需数据。
[2026-04-02 01:15:47] [INFO] 当前 batch_crawl 已完成，所有视频均已成功抓取。
[2026-04-02 01:15:47] 子任务结束时间：2026-04-02T01:15:47.178462
[TIMESTAMP][END] 2026-04-02T01:15:47
