[TIMESTAMP][BEGIN] 2026-04-02T00:38:24
[2026-04-02 00:38:29] 开始执行 CSV 批量抓取子任务 part_1。
[2026-04-02 00:38:29] 子任务开始时间：2026-04-02T00:38:24.163133
[2026-04-02 00:38:29] 输入文件：batch_input_1.csv
[2026-04-02 00:38:29] 输入唯一 bvid 数量：100
[2026-04-02 00:38:29] 为严格按 CSV 顺序判断连续失败阈值，本次任务自动将并发度从 2 调整为 1。
[2026-04-02 00:38:35] [SUCCESS] bvid=BV1hX9EBMEc4 已成功抓取全部所需数据。
[2026-04-02 00:38:45] [SUCCESS] bvid=BV1Kw9JBwEna 已成功抓取全部所需数据。
[2026-04-02 00:38:50] [SUCCESS] bvid=BV1bo9EBvEcu 已成功抓取全部所需数据。
[2026-04-02 00:38:55] [SUCCESS] bvid=BV1to9EBvEVH 已成功抓取全部所需数据。
[2026-04-02 00:39:00] [SUCCESS] bvid=BV1Mo9EBvEhy 已成功抓取全部所需数据。
[2026-04-02 00:39:05] [SUCCESS] bvid=BV1Tf9EBPEUe 已成功抓取全部所需数据。
[2026-04-02 00:39:10] [SUCCESS] bvid=BV1tf9EBPEpP 已成功抓取全部所需数据。
[2026-04-02 00:39:15] [SUCCESS] bvid=BV1ZG97B1E4V 已成功抓取全部所需数据。
[2026-04-02 00:39:20] [SUCCESS] bvid=BV1QS9EBgEe8 已成功抓取全部所需数据。
[2026-04-02 00:39:25] [SUCCESS] bvid=BV1D3X5BdEYy 已成功抓取全部所需数据。
[2026-04-02 00:39:30] [SUCCESS] bvid=BV15y9EBCE6M 已成功抓取全部所需数据。
[2026-04-02 00:39:35] [SUCCESS] bvid=BV1j597BLERH 已成功抓取全部所需数据。
[2026-04-02 00:39:40] [SUCCESS] bvid=BV1BE9JBnEmh 已成功抓取全部所需数据。
[2026-04-02 00:39:46] [SUCCESS] bvid=BV1NR95BnEUo 已成功抓取全部所需数据。
[2026-04-02 00:39:51] [SUCCESS] bvid=BV1ZL9JBHEYn 已成功抓取全部所需数据。
[2026-04-02 00:39:56] [SUCCESS] bvid=BV1oj9JBDEmc 已成功抓取全部所需数据。
[2026-04-02 00:40:02] [SUCCESS] bvid=BV1Zj9JBDEsz 已成功抓取全部所需数据。
[2026-04-02 00:40:14] [SUCCESS] bvid=BV1fj9JBDExo 已成功抓取全部所需数据。
[2026-04-02 00:40:20] [SUCCESS] bvid=BV19s9JBLEns 已成功抓取全部所需数据。
[2026-04-02 00:40:26] [SUCCESS] bvid=BV15s9JBjEZK 已成功抓取全部所需数据。
[2026-04-02 00:40:32] [SUCCESS] bvid=BV15s9JBjE2t 已成功抓取全部所需数据。
[2026-04-02 00:40:37] [SUCCESS] bvid=BV1Rs9JBLENK 已成功抓取全部所需数据。
[2026-04-02 00:40:42] [SUCCESS] bvid=BV15x9JB1EwF 已成功抓取全部所需数据。
[2026-04-02 00:40:47] [SUCCESS] bvid=BV1Xx9JByEqf 已成功抓取全部所需数据。
[2026-04-02 00:40:52] [SUCCESS] bvid=BV1LH9JBEEeV 已成功抓取全部所需数据。
[2026-04-02 00:40:57] [SUCCESS] bvid=BV1dH9JB7EKi 已成功抓取全部所需数据。
[2026-04-02 00:41:02] [SUCCESS] bvid=BV1Cr97BdE1c 已成功抓取全部所需数据。
[2026-04-02 00:41:08] [SUCCESS] bvid=BV1HN97BHETL 已成功抓取全部所需数据。
[2026-04-02 00:41:12] [SUCCESS] bvid=BV1yiXrBsEbB 已成功抓取全部所需数据。
[2026-04-02 00:41:17] [SUCCESS] bvid=BV1PN9JBFEFU 已成功抓取全部所需数据。
[2026-04-02 00:41:23] [SUCCESS] bvid=BV1AK9JBbErv 已成功抓取全部所需数据。
[2026-04-02 00:41:28] [SUCCESS] bvid=BV1pT9JBZErd 已成功抓取全部所需数据。
[2026-04-02 00:41:33] [SUCCESS] bvid=BV1HT9JBZEdK 已成功抓取全部所需数据。
[2026-04-02 00:41:37] [SUCCESS] bvid=BV1pT9JBZEdc 已成功抓取全部所需数据。
[2026-04-02 00:41:42] [SUCCESS] bvid=BV1AA9JBhEmq 已成功抓取全部所需数据。
[2026-04-02 00:41:47] [SUCCESS] bvid=BV1sA9JBhETq 已成功抓取全部所需数据。
[2026-04-02 00:41:52] [SUCCESS] bvid=BV1NA9JBhEHH 已成功抓取全部所需数据。
[2026-04-02 00:41:57] [SUCCESS] bvid=BV1PN9JBFEDB 已成功抓取全部所需数据。
[2026-04-02 00:42:02] [SUCCESS] bvid=BV1FG9JBsENm 已成功抓取全部所需数据。
[2026-04-02 00:42:08] [SUCCESS] bvid=BV19H97BzE7A 已成功抓取全部所需数据。
[2026-04-02 00:42:13] [SUCCESS] bvid=BV1nG9JBsEj9 已成功抓取全部所需数据。
[2026-04-02 00:52:18] [SUCCESS] bvid=BV1FV9JBRE1U 已成功抓取全部所需数据。
[2026-04-02 00:52:24] [SUCCESS] bvid=BV1ku9JB4E4p 已成功抓取全部所需数据。
[2026-04-02 00:52:30] [SUCCESS] bvid=BV15n97B3E4a 已成功抓取全部所需数据。
[2026-04-02 00:52:36] [SUCCESS] bvid=BV1ng9JBdEyV 已成功抓取全部所需数据。
[2026-04-02 00:52:41] [SUCCESS] bvid=BV1n49jB7Ep5 已成功抓取全部所需数据。
[2026-04-02 00:52:46] [SUCCESS] bvid=BV1cg9JBdEJ3 已成功抓取全部所需数据。
[2026-04-02 00:52:51] [SUCCESS] bvid=BV1Et9jB2EJ5 已成功抓取全部所需数据。
[2026-04-02 00:52:56] [SUCCESS] bvid=BV1649jB7EbQ 已成功抓取全部所需数据。
[2026-04-02 00:53:01] [SUCCESS] bvid=BV1F49jBEEPB 已成功抓取全部所需数据。
[2026-04-02 00:53:06] [SUCCESS] bvid=BV1kW9jBJE9o 已成功抓取全部所需数据。
[2026-04-02 00:53:12] [SUCCESS] bvid=BV1otXQBzEaK 已成功抓取全部所需数据。
[2026-04-02 00:53:16] [SUCCESS] bvid=BV1ws9jBSE5r 已成功抓取全部所需数据。
[2026-04-02 00:53:21] [SUCCESS] bvid=BV1Gk9jBTEJz 已成功抓取全部所需数据。
[2026-04-02 00:53:26] [SUCCESS] bvid=BV1wW9jBnEAU 已成功抓取全部所需数据。
[2026-04-02 00:53:31] [SUCCESS] bvid=BV1CW9jBJENV 已成功抓取全部所需数据。
[2026-04-02 00:53:36] [SUCCESS] bvid=BV1pW9jBJEvh 已成功抓取全部所需数据。
[2026-04-02 00:53:41] [SUCCESS] bvid=BV1Hs9jBUEhq 已成功抓取全部所需数据。
[2026-04-02 00:53:46] [SUCCESS] bvid=BV1rs9jBUEJa 已成功抓取全部所需数据。
[2026-04-02 00:53:51] [SUCCESS] bvid=BV1z29LByE3D 已成功抓取全部所需数据。
[2026-04-02 00:53:56] [SUCCESS] bvid=BV17Y9jBVEAi 已成功抓取全部所需数据。
[2026-04-02 00:54:01] [SUCCESS] bvid=BV1D49LBtEcn 已成功抓取全部所需数据。
[2026-04-02 00:54:07] [SUCCESS] bvid=BV1L797BVEsy 已成功抓取全部所需数据。
[2026-04-02 00:54:12] [SUCCESS] bvid=BV1Ac9LBjEgA 已成功抓取全部所需数据。
[2026-04-02 00:54:17] [SUCCESS] bvid=BV1je9jBkEs8 已成功抓取全部所需数据。
[2026-04-02 00:54:22] [SUCCESS] bvid=BV1qe9jBkEjW 已成功抓取全部所需数据。
[2026-04-02 00:54:27] [SUCCESS] bvid=BV1K59jB4EEu 已成功抓取全部所需数据。
[2026-04-02 00:54:32] [SUCCESS] bvid=BV1zh9jByE3y 已成功抓取全部所需数据。
[2026-04-02 00:54:37] [SUCCESS] bvid=BV1kH9jBDEJP 已成功抓取全部所需数据。
[2026-04-02 00:54:42] [SUCCESS] bvid=BV1459jBxEH7 已成功抓取全部所需数据。
[2026-04-02 00:54:47] [SUCCESS] bvid=BV11L9jBREKt 已成功抓取全部所需数据。
[2026-04-02 00:54:52] [SUCCESS] bvid=BV1b39jBtENk 已成功抓取全部所需数据。
[2026-04-02 00:54:57] [SUCCESS] bvid=BV1u39jBbE5F 已成功抓取全部所需数据。
[2026-04-02 00:55:02] [SUCCESS] bvid=BV1mG9jBoERd 已成功抓取全部所需数据。
[2026-04-02 00:55:07] [SUCCESS] bvid=BV1pn9jBHEfw 已成功抓取全部所需数据。
[2026-04-02 00:55:12] [SUCCESS] bvid=BV1Hn9jBHEfc 已成功抓取全部所需数据。
[2026-04-02 00:55:17] [SUCCESS] bvid=BV1Pn9jBpEmU 已成功抓取全部所需数据。
[2026-04-02 00:55:23] [SUCCESS] bvid=BV19V9VBbEnY 已成功抓取全部所需数据。
[2026-04-02 00:55:28] [SUCCESS] bvid=BV1Wn9jBHEkX 已成功抓取全部所需数据。
[2026-04-02 00:55:33] [SUCCESS] bvid=BV1299jBfEzU 已成功抓取全部所需数据。
[2026-04-02 00:55:38] [SUCCESS] bvid=BV1QW97BMEby 已成功抓取全部所需数据。
[2026-04-02 00:55:43] [SUCCESS] bvid=BV1UX9jB8Eka 已成功抓取全部所需数据。
[2026-04-02 00:55:48] [SUCCESS] bvid=BV14X9jB8EnW 已成功抓取全部所需数据。
[2026-04-02 00:55:53] [SUCCESS] bvid=BV1iR9LBuEcx 已成功抓取全部所需数据。
[2026-04-02 00:55:58] [SUCCESS] bvid=BV1gS9jBaE8z 已成功抓取全部所需数据。
[2026-04-02 00:56:04] [SUCCESS] bvid=BV1xo9jBoEti 已成功抓取全部所需数据。
[2026-04-02 00:56:09] [SUCCESS] bvid=BV1bU9jBAEfb 已成功抓取全部所需数据。
[2026-04-02 00:56:14] [SUCCESS] bvid=BV1xo6FB1ES5 已成功抓取全部所需数据。
[2026-04-02 00:56:19] [SUCCESS] bvid=BV1aoXzBwET8 已成功抓取全部所需数据。
[2026-04-02 00:56:25] [SUCCESS] bvid=BV1Vn97B3EfP 已成功抓取全部所需数据。
[2026-04-02 00:56:30] [SUCCESS] bvid=BV12q97BbEkr 已成功抓取全部所需数据。
[2026-04-02 00:56:36] [SUCCESS] bvid=BV1ky97B9Efn 已成功抓取全部所需数据。
[2026-04-02 00:56:41] [SUCCESS] bvid=BV1dyXqBaEE5 已成功抓取全部所需数据。
[2026-04-02 00:56:46] [SUCCESS] bvid=BV1ZqXWBfEKN 已成功抓取全部所需数据。
[2026-04-02 00:56:51] [SUCCESS] bvid=BV1WNA3z8EoP 已成功抓取全部所需数据。
[2026-04-02 00:56:56] [SUCCESS] bvid=BV1iX9LB6Eyb 已成功抓取全部所需数据。
[2026-04-02 01:07:01] [SUCCESS] bvid=BV1Ko9jBoE3Z 已成功抓取全部所需数据。
[2026-04-02 01:07:07] [SUCCESS] bvid=BV1Nf9jBxELz 已成功抓取全部所需数据。
[2026-04-02 01:07:12] [SUCCESS] bvid=BV1Kf9jBxEAj 已成功抓取全部所需数据。
[2026-04-02 01:07:17] [SUCCESS] bvid=BV1Nf9jBxE2P 已成功抓取全部所需数据。
[2026-04-02 01:07:17] [INFO] 当前 batch_crawl 已完成，所有视频均已成功抓取。
[2026-04-02 01:07:17] 子任务结束时间：2026-04-02T01:07:17.499162
[TIMESTAMP][END] 2026-04-02T01:07:17
