[TIMESTAMP][BEGIN] 2026-04-03T16:07:45.847342
Bilibili Video Data Crawler Batch Crawl Summary
session_dir: D:\Schoolworks\Thesis\Bilibili-Datahub\outputs\video_data\manual_crawls\manual_crawl_stat_comment_20260403_160741
session_started_at: 2026-04-03T16:07:45.847342
session_completed_at: 2026-04-03T17:21:07.446089
original_csv_name: batch_input_1.csv
task_mode: realtime_only
original_bvid_count: 100
part_count: 4
interruption_count: 0
completed_all: True

part_1:
  started_at: 2026-04-03T16:07:45.847342
  finished_at: 2026-04-03T16:22:30.670425
  source_csv_name: batch_input_1.csv
  task_mode: realtime_only
  input_bvid_count: 100
  processed_count: 100
  success_count: 100
  failed_count: 0
  remaining_count: 0
  consecutive_failure_limit: 10
  stopped_due_to_consecutive_failures: False
  stop_reason: 当前 batch_crawl 已完成，所有视频均已成功抓取。
  log_file: logs/batch_crawl_part_1_20260403_162230.log
  remaining_file: 

part_2:
  started_at: 2026-04-03T16:22:31.022169
  finished_at: 2026-04-03T16:31:57.988106
  source_csv_name: batch_input_2.csv
  task_mode: realtime_only
  input_bvid_count: 100
  processed_count: 100
  success_count: 99
  failed_count: 1
  remaining_count: 1
  consecutive_failure_limit: 10
  stopped_due_to_consecutive_failures: False
  stop_reason: 当前子任务已结束，但仍有未成功抓取的视频，已导出 remaining CSV 供继续执行。
  log_file: logs/batch_crawl_part_2_20260403_163157.log
  remaining_file: remaining_bvids_part_2.csv

part_3:
  started_at: 2026-04-03T16:31:58.185880
  finished_at: 2026-04-03T17:01:12.257336
  source_csv_name: batch_input_3.csv
  task_mode: realtime_only
  input_bvid_count: 100
  processed_count: 100
  success_count: 100
  failed_count: 0
  remaining_count: 0
  consecutive_failure_limit: 10
  stopped_due_to_consecutive_failures: False
  stop_reason: 当前 batch_crawl 已完成，所有视频均已成功抓取。
  log_file: logs/batch_crawl_part_3_20260403_170112.log
  remaining_file: 

part_4:
  started_at: 2026-04-03T17:01:12.436799
  finished_at: 2026-04-03T17:21:07.446089
  source_csv_name: batch_input_4.csv
  task_mode: realtime_only
  input_bvid_count: 100
  processed_count: 100
  success_count: 100
  failed_count: 0
  remaining_count: 0
  consecutive_failure_limit: 10
  stopped_due_to_consecutive_failures: False
  stop_reason: 当前 batch_crawl 已完成，所有视频均已成功抓取。
  log_file: logs/batch_crawl_part_4_20260403_172107.log
  remaining_file:
[TIMESTAMP][END] 2026-04-03T17:21:07
