[TIMESTAMP][BEGIN] 2026-04-05T16:05:42.161184
Bilibili Video Data Crawler Batch Crawl Summary
session_dir: D:\Schoolworks\Thesis\Bilibili-Datahub\outputs\video_data\manual_crawls\manual_crawl_stat_comment_20260405_160535
session_started_at: 2026-04-05T16:05:42.161184
session_completed_at: 2026-04-06T02:29:52.815205
original_csv_name: batch_input_1.csv
task_mode: realtime_only
original_bvid_count: 100
part_count: 20
interruption_count: 0
completed_all: True

part_1:
  started_at: 2026-04-05T16:05:42.161184
  finished_at: 2026-04-05T16:26:21.231737
  source_csv_name: batch_input_1.csv
  task_mode: realtime_only
  input_bvid_count: 100
  processed_count: 100
  success_count: 100
  failed_count: 0
  remaining_count: 0
  consecutive_failure_limit: 10
  stopped_due_to_consecutive_failures: False
  stop_reason: 当前 batch_crawl 已完成，所有视频均已成功抓取。
  log_file: logs/batch_crawl_part_1_20260405_162621.log
  remaining_file: 

part_2:
  started_at: 2026-04-05T16:26:21.609119
  finished_at: 2026-04-05T17:26:38.759727
  source_csv_name: batch_input_2.csv
  task_mode: realtime_only
  input_bvid_count: 100
  processed_count: 100
  success_count: 98
  failed_count: 2
  remaining_count: 2
  consecutive_failure_limit: 10
  stopped_due_to_consecutive_failures: False
  stop_reason: 当前子任务已结束，但仍有未成功抓取的视频，已导出 remaining CSV 供继续执行。
  log_file: logs/batch_crawl_part_2_20260405_172638.log
  remaining_file: remaining_bvids_part_2.csv

part_3:
  started_at: 2026-04-05T17:26:38.987244
  finished_at: 2026-04-05T18:07:14.968774
  source_csv_name: batch_input_3.csv
  task_mode: realtime_only
  input_bvid_count: 100
  processed_count: 100
  success_count: 99
  failed_count: 1
  remaining_count: 1
  consecutive_failure_limit: 10
  stopped_due_to_consecutive_failures: False
  stop_reason: 当前子任务已结束，但仍有未成功抓取的视频，已导出 remaining CSV 供继续执行。
  log_file: logs/batch_crawl_part_3_20260405_180714.log
  remaining_file: remaining_bvids_part_3.csv

part_4:
  started_at: 2026-04-05T18:07:15.203798
  finished_at: 2026-04-05T18:47:38.000623
  source_csv_name: batch_input_4.csv
  task_mode: realtime_only
  input_bvid_count: 100
  processed_count: 100
  success_count: 99
  failed_count: 1
  remaining_count: 1
  consecutive_failure_limit: 10
  stopped_due_to_consecutive_failures: False
  stop_reason: 当前子任务已结束，但仍有未成功抓取的视频，已导出 remaining CSV 供继续执行。
  log_file: logs/batch_crawl_part_4_20260405_184738.log
  remaining_file: remaining_bvids_part_4.csv

part_5:
  started_at: 2026-04-05T18:47:38.216425
  finished_at: 2026-04-05T20:20:15.384415
  source_csv_name: batch_input_5.csv
  task_mode: realtime_only
  input_bvid_count: 100
  processed_count: 100
  success_count: 97
  failed_count: 3
  remaining_count: 3
  consecutive_failure_limit: 10
  stopped_due_to_consecutive_failures: False
  stop_reason: 当前子任务已结束，但仍有未成功抓取的视频，已导出 remaining CSV 供继续执行。
  log_file: logs/batch_crawl_part_5_20260405_202015.log
  remaining_file: remaining_bvids_part_5.csv

part_6:
  started_at: 2026-04-05T20:20:15.839057
  finished_at: 2026-04-05T20:40:52.196676
  source_csv_name: batch_input_6.csv
  task_mode: realtime_only
  input_bvid_count: 100
  processed_count: 100
  success_count: 98
  failed_count: 2
  remaining_count: 2
  consecutive_failure_limit: 10
  stopped_due_to_consecutive_failures: False
  stop_reason: 当前子任务已结束，但仍有未成功抓取的视频，已导出 remaining CSV 供继续执行。
  log_file: logs/batch_crawl_part_6_20260405_204052.log
  remaining_file: remaining_bvids_part_6.csv

part_7:
  started_at: 2026-04-05T20:40:52.465498
  finished_at: 2026-04-05T21:31:25.589382
  source_csv_name: batch_input_7.csv
  task_mode: realtime_only
  input_bvid_count: 100
  processed_count: 100
  success_count: 99
  failed_count: 1
  remaining_count: 1
  consecutive_failure_limit: 10
  stopped_due_to_consecutive_failures: False
  stop_reason: 当前子任务已结束，但仍有未成功抓取的视频，已导出 remaining CSV 供继续执行。
  log_file: logs/batch_crawl_part_7_20260405_213125.log
  remaining_file: remaining_bvids_part_7.csv

part_8:
  started_at: 2026-04-05T21:31:25.875565
  finished_at: 2026-04-05T21:42:11.645034
  source_csv_name: batch_input_8.csv
  task_mode: realtime_only
  input_bvid_count: 100
  processed_count: 100
  success_count: 97
  failed_count: 3
  remaining_count: 3
  consecutive_failure_limit: 10
  stopped_due_to_consecutive_failures: False
  stop_reason: 当前子任务已结束，但仍有未成功抓取的视频，已导出 remaining CSV 供继续执行。
  log_file: logs/batch_crawl_part_8_20260405_214211.log
  remaining_file: remaining_bvids_part_8.csv

part_9:
  started_at: 2026-04-05T21:42:11.850192
  finished_at: 2026-04-05T21:54:58.425710
  source_csv_name: batch_input_9.csv
  task_mode: realtime_only
  input_bvid_count: 100
  processed_count: 100
  success_count: 100
  failed_count: 0
  remaining_count: 0
  consecutive_failure_limit: 10
  stopped_due_to_consecutive_failures: False
  stop_reason: 当前 batch_crawl 已完成，所有视频均已成功抓取。
  log_file: logs/batch_crawl_part_9_20260405_215458.log
  remaining_file: 

part_10:
  started_at: 2026-04-05T21:54:58.603181
  finished_at: 2026-04-05T22:25:42.841854
  source_csv_name: batch_input_10.csv
  task_mode: realtime_only
  input_bvid_count: 100
  processed_count: 100
  success_count: 100
  failed_count: 0
  remaining_count: 0
  consecutive_failure_limit: 10
  stopped_due_to_consecutive_failures: False
  stop_reason: 当前 batch_crawl 已完成，所有视频均已成功抓取。
  log_file: logs/batch_crawl_part_10_20260405_222542.log
  remaining_file: 

part_11:
  started_at: 2026-04-05T22:25:43.048569
  finished_at: 2026-04-05T22:52:53.556482
  source_csv_name: batch_input_11.csv
  task_mode: realtime_only
  input_bvid_count: 100
  processed_count: 100
  success_count: 100
  failed_count: 0
  remaining_count: 0
  consecutive_failure_limit: 10
  stopped_due_to_consecutive_failures: False
  stop_reason: 当前 batch_crawl 已完成，所有视频均已成功抓取。
  log_file: logs/batch_crawl_part_11_20260405_225253.log
  remaining_file: 

part_12:
  started_at: 2026-04-05T22:52:53.773244
  finished_at: 2026-04-05T23:03:41.174063
  source_csv_name: batch_input_12.csv
  task_mode: realtime_only
  input_bvid_count: 100
  processed_count: 100
  success_count: 99
  failed_count: 1
  remaining_count: 1
  consecutive_failure_limit: 10
  stopped_due_to_consecutive_failures: False
  stop_reason: 当前子任务已结束，但仍有未成功抓取的视频，已导出 remaining CSV 供继续执行。
  log_file: logs/batch_crawl_part_12_20260405_230341.log
  remaining_file: remaining_bvids_part_12.csv

part_13:
  started_at: 2026-04-05T23:03:41.416696
  finished_at: 2026-04-05T23:14:23.055480
  source_csv_name: batch_input_13.csv
  task_mode: realtime_only
  input_bvid_count: 100
  processed_count: 100
  success_count: 100
  failed_count: 0
  remaining_count: 0
  consecutive_failure_limit: 10
  stopped_due_to_consecutive_failures: False
  stop_reason: 当前 batch_crawl 已完成，所有视频均已成功抓取。
  log_file: logs/batch_crawl_part_13_20260405_231423.log
  remaining_file: 

part_14:
  started_at: 2026-04-05T23:14:23.324087
  finished_at: 2026-04-05T23:28:54.089705
  source_csv_name: batch_input_14.csv
  task_mode: realtime_only
  input_bvid_count: 100
  processed_count: 100
  success_count: 99
  failed_count: 1
  remaining_count: 1
  consecutive_failure_limit: 10
  stopped_due_to_consecutive_failures: False
  stop_reason: 当前子任务已结束，但仍有未成功抓取的视频，已导出 remaining CSV 供继续执行。
  log_file: logs/batch_crawl_part_14_20260405_232854.log
  remaining_file: remaining_bvids_part_14.csv

part_15:
  started_at: 2026-04-05T23:28:54.275783
  finished_at: 2026-04-06T00:01:05.723930
  source_csv_name: batch_input_15.csv
  task_mode: realtime_only
  input_bvid_count: 100
  processed_count: 100
  success_count: 99
  failed_count: 1
  remaining_count: 1
  consecutive_failure_limit: 10
  stopped_due_to_consecutive_failures: False
  stop_reason: 当前子任务已结束，但仍有未成功抓取的视频，已导出 remaining CSV 供继续执行。
  log_file: logs/batch_crawl_part_15_20260406_000105.log
  remaining_file: remaining_bvids_part_15.csv

part_16:
  started_at: 2026-04-06T00:01:05.936146
  finished_at: 2026-04-06T00:47:20.862130
  source_csv_name: batch_input_16.csv
  task_mode: realtime_only
  input_bvid_count: 100
  processed_count: 100
  success_count: 97
  failed_count: 3
  remaining_count: 3
  consecutive_failure_limit: 10
  stopped_due_to_consecutive_failures: False
  stop_reason: 当前子任务已结束，但仍有未成功抓取的视频，已导出 remaining CSV 供继续执行。
  log_file: logs/batch_crawl_part_16_20260406_004720.log
  remaining_file: remaining_bvids_part_16.csv

part_17:
  started_at: 2026-04-06T00:47:21.045757
  finished_at: 2026-04-06T01:39:37.132407
  source_csv_name: batch_input_17.csv
  task_mode: realtime_only
  input_bvid_count: 100
  processed_count: 100
  success_count: 98
  failed_count: 2
  remaining_count: 2
  consecutive_failure_limit: 10
  stopped_due_to_consecutive_failures: False
  stop_reason: 当前子任务已结束，但仍有未成功抓取的视频，已导出 remaining CSV 供继续执行。
  log_file: logs/batch_crawl_part_17_20260406_013937.log
  remaining_file: remaining_bvids_part_17.csv

part_18:
  started_at: 2026-04-06T01:39:37.374744
  finished_at: 2026-04-06T02:09:20.764377
  source_csv_name: batch_input_18.csv
  task_mode: realtime_only
  input_bvid_count: 100
  processed_count: 100
  success_count: 99
  failed_count: 1
  remaining_count: 1
  consecutive_failure_limit: 10
  stopped_due_to_consecutive_failures: False
  stop_reason: 当前子任务已结束，但仍有未成功抓取的视频，已导出 remaining CSV 供继续执行。
  log_file: logs/batch_crawl_part_18_20260406_020920.log
  remaining_file: remaining_bvids_part_18.csv

part_19:
  started_at: 2026-04-06T02:09:20.968316
  finished_at: 2026-04-06T02:18:36.146088
  source_csv_name: batch_input_19.csv
  task_mode: realtime_only
  input_bvid_count: 100
  processed_count: 100
  success_count: 100
  failed_count: 0
  remaining_count: 0
  consecutive_failure_limit: 10
  stopped_due_to_consecutive_failures: False
  stop_reason: 当前 batch_crawl 已完成，所有视频均已成功抓取。
  log_file: logs/batch_crawl_part_19_20260406_021836.log
  remaining_file: 

part_20:
  started_at: 2026-04-06T02:18:36.335835
  finished_at: 2026-04-06T02:29:52.815205
  source_csv_name: batch_input_20.csv
  task_mode: realtime_only
  input_bvid_count: 100
  processed_count: 100
  success_count: 100
  failed_count: 0
  remaining_count: 0
  consecutive_failure_limit: 10
  stopped_due_to_consecutive_failures: False
  stop_reason: 当前 batch_crawl 已完成，所有视频均已成功抓取。
  log_file: logs/batch_crawl_part_20_20260406_022952.log
  remaining_file:
[TIMESTAMP][END] 2026-04-06T02:29:52
