[TIMESTAMP][BEGIN] 2026-04-12T22:03:34
[2026-04-12 22:03:37] 开始执行 CSV 批量抓取子任务 part_2。
[2026-04-12 22:03:37] 子任务开始时间：2026-04-12T22:03:34.898773
[2026-04-12 22:03:37] 输入文件：batch_input_2.csv
[2026-04-12 22:03:37] 输入唯一 bvid 数量：100
[2026-04-12 22:03:37] 为严格按 CSV 顺序判断连续失败阈值，本次任务自动将并发度从 2 调整为 1。
[2026-04-12 22:03:42] [SUCCESS] bvid=BV1GHDQBoEfu 已成功抓取全部所需数据。
[2026-04-12 22:03:47] [SUCCESS] bvid=BV1StDQBXEzV 已成功抓取全部所需数据。
[2026-04-12 22:03:52] [SUCCESS] bvid=BV1GEDQBfEkj 已成功抓取全部所需数据。
[2026-04-12 22:03:58] [SUCCESS] bvid=BV1VEDQBfEhh 已成功抓取全部所需数据。
[2026-04-12 22:04:03] [SUCCESS] bvid=BV1VEDQBfEaV 已成功抓取全部所需数据。
[2026-04-12 22:04:09] [SUCCESS] bvid=BV1g4DQBWETu 已成功抓取全部所需数据。
[2026-04-12 22:04:14] [SUCCESS] bvid=BV1enDQBtEc4 已成功抓取全部所需数据。
[2026-04-12 22:04:19] [SUCCESS] bvid=BV1anDQBtEUQ 已成功抓取全部所需数据。
[2026-04-12 22:04:24] [SUCCESS] bvid=BV1GnDQBtEU6 已成功抓取全部所需数据。
[2026-04-12 22:04:29] [SUCCESS] bvid=BV1gtDQB9EPS 已成功抓取全部所需数据。
[2026-04-12 22:04:34] [SUCCESS] bvid=BV1MtDQBXE8c 已成功抓取全部所需数据。
[2026-04-12 22:04:40] [SUCCESS] bvid=BV13sDQBRE8i 已成功抓取全部所需数据。
[2026-04-12 22:04:46] [SUCCESS] bvid=BV1sWDeBaEeR 已成功抓取全部所需数据。
[2026-04-12 22:04:52] [SUCCESS] bvid=BV1wBDSBMEQH 已成功抓取全部所需数据。
[2026-04-12 22:04:58] [SUCCESS] bvid=BV1j3D7BiEUQ 已成功抓取全部所需数据。
[2026-04-12 22:05:04] [SUCCESS] bvid=BV1h4DQBWE7V 已成功抓取全部所需数据。
[2026-04-12 22:05:09] [SUCCESS] bvid=BV19fDQBhED4 已成功抓取全部所需数据。
[2026-04-12 22:05:15] [SUCCESS] bvid=BV1ddDQBYEbY 已成功抓取全部所需数据。
[2026-04-12 22:05:20] [SUCCESS] bvid=BV1jdDQBeEGu 已成功抓取全部所需数据。
[2026-04-12 22:05:25] [SUCCESS] bvid=BV1dZDQBwEwG 已成功抓取全部所需数据。
[2026-04-12 22:05:30] [SUCCESS] bvid=BV1hKDXBoEq9 已成功抓取全部所需数据。
[2026-04-12 22:05:35] [SUCCESS] bvid=BV1DKDXBdEx7 已成功抓取全部所需数据。
[2026-04-12 22:05:40] [SUCCESS] bvid=BV1SKDXBdE6J 已成功抓取全部所需数据。
[2026-04-12 22:05:46] [SUCCESS] bvid=BV1XwDXBbEUn 已成功抓取全部所需数据。
[2026-04-12 22:05:51] [SUCCESS] bvid=BV1gKDXBoEkL 已成功抓取全部所需数据。
[2026-04-12 22:05:56] [SUCCESS] bvid=BV1oXDQBvEgm 已成功抓取全部所需数据。
[2026-04-12 22:06:01] [SUCCESS] bvid=BV1XADXBZEi1 已成功抓取全部所需数据。
[2026-04-12 22:06:07] [SUCCESS] bvid=BV1c2DQB6EKF 已成功抓取全部所需数据。
[2026-04-12 22:06:12] [SUCCESS] bvid=BV1FUDQBuEPP 已成功抓取全部所需数据。
[2026-04-12 22:06:17] [SUCCESS] bvid=BV1fUDQBMEsX 已成功抓取全部所需数据。
[2026-04-12 22:06:23] [SUCCESS] bvid=BV1fKDSBFEXK 已成功抓取全部所需数据。
[2026-04-12 22:06:28] [SUCCESS] bvid=BV1sQDUBzE3s 已成功抓取全部所需数据。
[2026-04-12 22:06:34] [SUCCESS] bvid=BV1oXDQBvEJG 已成功抓取全部所需数据。
[2026-04-12 22:06:39] [SUCCESS] bvid=BV1kzDSBqEqG 已成功抓取全部所需数据。
[2026-04-12 22:06:45] [SUCCESS] bvid=BV1w1DQB3EP5 已成功抓取全部所需数据。
[2026-04-12 22:06:57] [SUCCESS] bvid=BV1LWDZBSECm 已成功抓取全部所需数据。
[2026-04-12 22:07:16] [SUCCESS] bvid=BV1pLQwBrESm 已成功抓取全部所需数据。
[2026-04-12 22:07:34] [SUCCESS] bvid=BV12aDSBGEG6 已成功抓取全部所需数据。
[2026-04-12 22:07:53] [SUCCESS] bvid=BV1jTDSBbESa 已成功抓取全部所需数据。
[2026-04-12 22:08:11] [SUCCESS] bvid=BV1jTDSBbEbt 已成功抓取全部所需数据。
[2026-04-12 22:08:28] [SUCCESS] bvid=BV1qMDSBZEaz 已成功抓取全部所需数据。
[2026-04-12 22:08:46] [SUCCESS] bvid=BV15VDSBsExc 已成功抓取全部所需数据。
[2026-04-12 22:09:04] [SUCCESS] bvid=BV1JPDSBhEqh 已成功抓取全部所需数据。
[2026-04-12 22:09:22] [SUCCESS] bvid=BV1JeQMBXEtV 已成功抓取全部所需数据。
[2026-04-12 22:09:40] [SUCCESS] bvid=BV1jKDSBFErL 已成功抓取全部所需数据。
[2026-04-12 22:09:59] [SUCCESS] bvid=BV1vVDSBsEpp 已成功抓取全部所需数据。
[2026-04-12 22:10:17] [SUCCESS] bvid=BV1GKD1BCECL 已成功抓取全部所需数据。
[2026-04-12 22:10:35] [SUCCESS] bvid=BV15VDSBsEDG 已成功抓取全部所需数据。
[2026-04-12 22:20:41] [SUCCESS] bvid=BV1V5DSB9EzF 已成功抓取全部所需数据。
[2026-04-12 22:20:47] [SUCCESS] bvid=BV1Y5DSB9E2g 已成功抓取全部所需数据。
[2026-04-12 22:20:53] [SUCCESS] bvid=BV1Y5DSB9EXf 已成功抓取全部所需数据。
[2026-04-12 22:20:59] [SUCCESS] bvid=BV153DSBdE7g 已成功抓取全部所需数据。
[2026-04-12 22:21:05] [SUCCESS] bvid=BV1wRDUBBEzJ 已成功抓取全部所需数据。
[2026-04-12 22:21:11] [SUCCESS] bvid=BV1WRDUBqEL8 已成功抓取全部所需数据。
[2026-04-12 22:21:17] [SUCCESS] bvid=BV1poDUBKEBV 已成功抓取全部所需数据。
[2026-04-12 22:21:22] [SUCCESS] bvid=BV1poDUBKEQY 已成功抓取全部所需数据。
[2026-04-12 22:21:28] [SUCCESS] bvid=BV1CoDUBKE7s 已成功抓取全部所需数据。
[2026-04-12 22:21:33] [SUCCESS] bvid=BV1CoDUBKEkM 已成功抓取全部所需数据。
[2026-04-12 22:21:39] [SUCCESS] bvid=BV1poDUBKEDe 已成功抓取全部所需数据。
[2026-04-12 22:21:44] [SUCCESS] bvid=BV11QDUBzEMD 已成功抓取全部所需数据。
[2026-04-12 22:21:50] [SUCCESS] bvid=BV1sQDUBzEUx 已成功抓取全部所需数据。
[2026-04-12 22:21:55] [SUCCESS] bvid=BV1MbDSB5EKF 已成功抓取全部所需数据。
[2026-04-12 22:22:00] [SUCCESS] bvid=BV1j3D7BiEUC 已成功抓取全部所需数据。
[2026-04-12 22:22:06] [SUCCESS] bvid=BV1s9DUBMETb 已成功抓取全部所需数据。
[2026-04-12 22:22:12] [SUCCESS] bvid=BV1ncDSBYEK4 已成功抓取全部所需数据。
[2026-04-12 22:22:18] [SUCCESS] bvid=BV16cDSBYEUi 已成功抓取全部所需数据。
[2026-04-12 22:22:23] [SUCCESS] bvid=BV1ncDSBYEgH 已成功抓取全部所需数据。
[2026-04-12 22:22:28] [SUCCESS] bvid=BV1JADSBwE4p 已成功抓取全部所需数据。
[2026-04-12 22:22:34] [SUCCESS] bvid=BV1nZDUBvEyE 已成功抓取全部所需数据。
[2026-04-12 22:22:40] [SUCCESS] bvid=BV1nFDSBPEbM 已成功抓取全部所需数据。
[2026-04-12 22:22:45] [SUCCESS] bvid=BV11aDSBGEkp 已成功抓取全部所需数据。
[2026-04-12 22:22:50] [SUCCESS] bvid=BV1NYDSBrErp 已成功抓取全部所需数据。
[2026-04-12 22:22:56] [SUCCESS] bvid=BV1ABDSBME7j 已成功抓取全部所需数据。
[2026-04-12 22:23:01] [SUCCESS] bvid=BV1ABDSBME4q 已成功抓取全部所需数据。
[2026-04-12 22:23:07] [SUCCESS] bvid=BV1piDSBzEWH 已成功抓取全部所需数据。
[2026-04-12 22:23:12] [SUCCESS] bvid=BV1pzDSBqET4 已成功抓取全部所需数据。
[2026-04-12 22:23:18] [SUCCESS] bvid=BV1svDSBgEnY 已成功抓取全部所需数据。
[2026-04-12 22:23:23] [SUCCESS] bvid=BV1PiDSBzEY2 已成功抓取全部所需数据。
[2026-04-12 22:23:28] [SUCCESS] bvid=BV1aJDSBnEtp 已成功抓取全部所需数据。
[2026-04-12 22:33:34] [SUCCESS] bvid=BV1aJDSBnEq7 已成功抓取全部所需数据。
[2026-04-12 22:33:40] [SUCCESS] bvid=BV13nDSBSE4P 已成功抓取全部所需数据。
[2026-04-12 22:33:47] [SUCCESS] bvid=BV18xDSBjEcA 已成功抓取全部所需数据。
[2026-04-12 22:33:53] [SUCCESS] bvid=BV1uxDSBjEVF 已成功抓取全部所需数据。
[2026-04-12 22:33:58] [SUCCESS] bvid=BV1T4DSB1E9d 已成功抓取全部所需数据。
[2026-04-12 22:34:04] [SUCCESS] bvid=BV1uWDSBmEvU 已成功抓取全部所需数据。
[2026-04-12 22:34:10] [SUCCESS] bvid=BV1XdDSBREs9 已成功抓取全部所需数据。
[2026-04-12 22:34:16] [SUCCESS] bvid=BV19dDSBREXu 已成功抓取全部所需数据。
[2026-04-12 22:34:22] [SUCCESS] bvid=BV19dDSBREmh 已成功抓取全部所需数据。
[2026-04-12 22:34:28] [SUCCESS] bvid=BV15dDSBdEhZ 已成功抓取全部所需数据。
[2026-04-12 22:34:34] [SUCCESS] bvid=BV1XZDSBWEmr 已成功抓取全部所需数据。
[2026-04-12 22:34:40] [SUCCESS] bvid=BV1LXDSBZE6V 已成功抓取全部所需数据。
[2026-04-12 22:34:46] [SUCCESS] bvid=BV1RXDSBoEhn 已成功抓取全部所需数据。
[2026-04-12 22:34:52] [SUCCESS] bvid=BV1RRDSBxEoT 已成功抓取全部所需数据。
[2026-04-12 22:34:58] [SUCCESS] bvid=BV1eRDSB4EiK 已成功抓取全部所需数据。
[2026-04-12 22:35:03] [SUCCESS] bvid=BV1QwDDBDE7T 已成功抓取全部所需数据。
[2026-04-12 22:35:09] [SUCCESS] bvid=BV1DwDDBDE3H 已成功抓取全部所需数据。
[2026-04-12 22:35:15] [SUCCESS] bvid=BV1uPDDBnE6T 已成功抓取全部所需数据。
[2026-04-12 22:35:21] [SUCCESS] bvid=BV1eWDyBGE2C 已成功抓取全部所需数据。
[2026-04-12 22:35:27] [SUCCESS] bvid=BV1HQDWBYEUW 已成功抓取全部所需数据。
[2026-04-12 22:35:34] [SUCCESS] bvid=BV1vXQcB4EPA 已成功抓取全部所需数据。
[2026-04-12 22:35:34] [INFO] 当前 batch_crawl 已完成，所有视频均已成功抓取。
[2026-04-12 22:35:34] 子任务结束时间：2026-04-12T22:35:34.263920
[TIMESTAMP][END] 2026-04-12T22:35:34
