[TIMESTAMP][BEGIN] 2026-04-13T02:12:06
[2026-04-13 02:12:08] 开始执行 CSV 批量抓取子任务 part_18。
[2026-04-13 02:12:08] 子任务开始时间：2026-04-13T02:12:06.426639
[2026-04-13 02:12:08] 输入文件：batch_input_18.csv
[2026-04-13 02:12:08] 输入唯一 bvid 数量：100
[2026-04-13 02:12:08] 为严格按 CSV 顺序判断连续失败阈值，本次任务自动将并发度从 2 调整为 1。
[2026-04-13 02:12:13] [SUCCESS] bvid=BV1vUDfBHE7K 已成功抓取全部所需数据。
[2026-04-13 02:12:17] [SUCCESS] bvid=BV1vUDfBHESM 已成功抓取全部所需数据。
[2026-04-13 02:12:22] [SUCCESS] bvid=BV1vUDfBHESp 已成功抓取全部所需数据。
[2026-04-13 02:12:27] [SUCCESS] bvid=BV1vUDfBHEhY 已成功抓取全部所需数据。
[2026-04-13 02:12:32] [SUCCESS] bvid=BV1vUDfBHEaD 已成功抓取全部所需数据。
[2026-04-13 02:12:37] [SUCCESS] bvid=BV1LUDfBpEHz 已成功抓取全部所需数据。
[2026-04-13 02:12:42] [SUCCESS] bvid=BV1vUDfBHE5R 已成功抓取全部所需数据。
[2026-04-13 02:12:47] [SUCCESS] bvid=BV1JpQFBFEdM 已成功抓取全部所需数据。
[2026-04-13 02:12:51] [SUCCESS] bvid=BV1JHQFBfEDW 已成功抓取全部所需数据。
[2026-04-13 02:12:56] [SUCCESS] bvid=BV1EnQFB8ECc 已成功抓取全部所需数据。
[2026-04-13 02:13:01] [SUCCESS] bvid=BV1RTDfBJEiA 已成功抓取全部所需数据。
[2026-04-13 02:13:06] [SUCCESS] bvid=BV1KQQFBuELh 已成功抓取全部所需数据。
[2026-04-13 02:13:11] [SUCCESS] bvid=BV1nHQFBfEPu 已成功抓取全部所需数据。
[2026-04-13 02:13:16] [SUCCESS] bvid=BV16HQFBfEF6 已成功抓取全部所需数据。
[2026-04-13 02:13:21] [SUCCESS] bvid=BV1p7QFBaEnk 已成功抓取全部所需数据。
[2026-04-13 02:13:26] [SUCCESS] bvid=BV1WNDYBdEUz 已成功抓取全部所需数据。
[2026-04-13 02:13:31] [SUCCESS] bvid=BV1uQDaBvEeq 已成功抓取全部所需数据。
[2026-04-13 02:13:36] [SUCCESS] bvid=BV1tcDZBvEdy 已成功抓取全部所需数据。
[2026-04-13 02:13:40] [SUCCESS] bvid=BV1E7DZB9Eqn 已成功抓取全部所需数据。
[2026-04-13 02:13:45] [SUCCESS] bvid=BV1uCQFByE4G 已成功抓取全部所需数据。
[2026-04-13 02:13:50] [SUCCESS] bvid=BV1R3QcBsExn 已成功抓取全部所需数据。
[2026-04-13 02:13:55] [SUCCESS] bvid=BV1H7QFBaEmE 已成功抓取全部所需数据。
[2026-04-13 02:14:00] [SUCCESS] bvid=BV1rJQFBcEqN 已成功抓取全部所需数据。
[2026-04-13 02:14:05] [SUCCESS] bvid=BV1nJQFBcEG9 已成功抓取全部所需数据。
[2026-04-13 02:14:10] [SUCCESS] bvid=BV16JQFBcEWM 已成功抓取全部所需数据。
[2026-04-13 02:14:14] [SUCCESS] bvid=BV16JQFBcEhx 已成功抓取全部所需数据。
[2026-04-13 02:14:20] [SUCCESS] bvid=BV1wJQFBwEGo 已成功抓取全部所需数据。
[2026-04-13 02:14:25] [SUCCESS] bvid=BV174QFBxEi6 已成功抓取全部所需数据。
[2026-04-13 02:14:30] [SUCCESS] bvid=BV174QFBxEX5 已成功抓取全部所需数据。
[2026-04-13 02:14:34] [SUCCESS] bvid=BV1qtQFBRE8X 已成功抓取全部所需数据。
[2026-04-13 02:14:39] [SUCCESS] bvid=BV1LtQFBREvH 已成功抓取全部所需数据。
[2026-04-13 02:14:44] [SUCCESS] bvid=BV1EWQFBtEdH 已成功抓取全部所需数据。
[2026-04-13 02:14:49] [SUCCESS] bvid=BV12MQFBBEsb 已成功抓取全部所需数据。
[2026-04-13 02:14:54] [SUCCESS] bvid=BV1KSQFB6EHF 已成功抓取全部所需数据。
[2026-04-13 02:14:58] [SUCCESS] bvid=BV1xMQFBBEjB 已成功抓取全部所需数据。
[2026-04-13 02:15:03] [SUCCESS] bvid=BV14MQFBBE6B 已成功抓取全部所需数据。
[2026-04-13 02:15:08] [SUCCESS] bvid=BV1KmDZBPEGM 已成功抓取全部所需数据。
[2026-04-13 02:15:13] [SUCCESS] bvid=BV1xgQFBTE4q 已成功抓取全部所需数据。
[2026-04-13 02:15:18] [SUCCESS] bvid=BV1ygQFBTEUf 已成功抓取全部所需数据。
[2026-04-13 02:15:22] [SUCCESS] bvid=BV14NQFB6Ezw 已成功抓取全部所需数据。
[2026-04-13 02:15:27] [SUCCESS] bvid=BV1xTQFBuE2N 已成功抓取全部所需数据。
[2026-04-13 02:15:32] [SUCCESS] bvid=BV14TQFBuEmo 已成功抓取全部所需数据。
[2026-04-13 02:15:37] [SUCCESS] bvid=BV1p5QFBeEPm 已成功抓取全部所需数据。
[2026-04-13 02:15:42] [SUCCESS] bvid=BV1y5QFBeELR 已成功抓取全部所需数据。
[2026-04-13 02:15:46] [SUCCESS] bvid=BV1W5QFBeEth 已成功抓取全部所需数据。
[2026-04-13 02:15:51] [SUCCESS] bvid=BV1K3QFBqE3K 已成功抓取全部所需数据。
[2026-04-13 02:15:56] [SUCCESS] bvid=BV1y3QFBiEf2 已成功抓取全部所需数据。
[2026-04-13 02:16:01] [SUCCESS] bvid=BV1s3QFBiENM 已成功抓取全部所需数据。
[2026-04-13 02:16:06] [SUCCESS] bvid=BV1s3QFBiEDM 已成功抓取全部所需数据。
[2026-04-13 02:16:11] [SUCCESS] bvid=BV1WVQFBNEdz 已成功抓取全部所需数据。
[2026-04-13 02:16:16] [SUCCESS] bvid=BV1K1DZBvEE9 已成功抓取全部所需数据。
[2026-04-13 02:16:21] [SUCCESS] bvid=BV1MBDWBGEmZ 已成功抓取全部所需数据。
[2026-04-13 02:16:26] [SUCCESS] bvid=BV1sVQFBNE8B 已成功抓取全部所需数据。
[2026-04-13 02:16:31] [SUCCESS] bvid=BV1pVQFBNERL 已成功抓取全部所需数据。
[2026-04-13 02:16:35] [SUCCESS] bvid=BV1E7DZB9Eei 已成功抓取全部所需数据。
[2026-04-13 02:16:40] [SUCCESS] bvid=BV1pRDxBuE7F 已成功抓取全部所需数据。
[2026-04-13 02:16:45] [SUCCESS] bvid=BV1u1QFBVEcL 已成功抓取全部所需数据。
[2026-04-13 02:16:51] [SUCCESS] bvid=BV1cZDZB4EWY 已成功抓取全部所需数据。
[2026-04-13 02:16:56] [SUCCESS] bvid=BV1f1D4BPE6e 已成功抓取全部所需数据。
[2026-04-13 02:17:01] [SUCCESS] bvid=BV1M1QFBVE84 已成功抓取全部所需数据。
[2026-04-13 02:17:06] [SUCCESS] bvid=BV1yhD4BCEtR 已成功抓取全部所需数据。
[2026-04-13 02:17:10] [SUCCESS] bvid=BV1K2QFBkEhM 已成功抓取全部所需数据。
[2026-04-13 02:17:15] [SUCCESS] bvid=BV1UsD4BmEyK 已成功抓取全部所需数据。
[2026-04-13 02:17:20] [SUCCESS] bvid=BV1DkQFBLEzF 已成功抓取全部所需数据。
[2026-04-13 02:17:26] [SUCCESS] bvid=BV1ukQFBLEGo 已成功抓取全部所需数据。
[2026-04-13 02:17:31] [SUCCESS] bvid=BV1bkQFBLEX8 已成功抓取全部所需数据。
[2026-04-13 02:17:35] [SUCCESS] bvid=BV1gkQFBLECT 已成功抓取全部所需数据。
[2026-04-13 02:17:40] [SUCCESS] bvid=BV1gkQFBLEQr 已成功抓取全部所需数据。
[2026-04-13 02:17:45] [SUCCESS] bvid=BV1MCQFByEya 已成功抓取全部所需数据。
[2026-04-13 02:17:50] [SUCCESS] bvid=BV1bCQFByEFt 已成功抓取全部所需数据。
[2026-04-13 02:17:55] [SUCCESS] bvid=BV1gCQFByEFp 已成功抓取全部所需数据。
[2026-04-13 02:18:00] [SUCCESS] bvid=BV1sQQFBuE9y 已成功抓取全部所需数据。
[2026-04-13 02:18:04] [SUCCESS] bvid=BV1PXQFBBE6u 已成功抓取全部所需数据。
[2026-04-13 02:18:09] [SUCCESS] bvid=BV1WXQFBBEhW 已成功抓取全部所需数据。
[2026-04-13 02:18:14] [SUCCESS] bvid=BV14UQFB3Ede 已成功抓取全部所需数据。
[2026-04-13 02:18:19] [SUCCESS] bvid=BV15YQFBHE8C 已成功抓取全部所需数据。
[2026-04-13 02:18:24] [SUCCESS] bvid=BV1VYQFBpEHA 已成功抓取全部所需数据。
[2026-04-13 02:18:29] [SUCCESS] bvid=BV1eYQFBHEde 已成功抓取全部所需数据。
[2026-04-13 02:18:34] [SUCCESS] bvid=BV15YQFBHEQ5 已成功抓取全部所需数据。
[2026-04-13 02:18:39] [SUCCESS] bvid=BV1ReQFBDEcs 已成功抓取全部所需数据。
[2026-04-13 02:18:44] [SUCCESS] bvid=BV1RYQFBHEii 已成功抓取全部所需数据。
[2026-04-13 02:18:49] [SUCCESS] bvid=BV15eQFBDEK9 已成功抓取全部所需数据。
[2026-04-13 02:18:54] [SUCCESS] bvid=BV15eQFBQEEb 已成功抓取全部所需数据。
[2026-04-13 02:18:59] [SUCCESS] bvid=BV1GeQFBDEV6 已成功抓取全部所需数据。
[2026-04-13 02:19:04] [SUCCESS] bvid=BV1j8QFBWELA 已成功抓取全部所需数据。
[2026-04-13 02:19:09] [SUCCESS] bvid=BV1v8QFBWEnS 已成功抓取全部所需数据。
[2026-04-13 02:19:14] [SUCCESS] bvid=BV1ihQFBXEgJ 已成功抓取全部所需数据。
[2026-04-13 02:19:19] [SUCCESS] bvid=BV1g6QFB2ENr 已成功抓取全部所需数据。
[2026-04-13 02:19:24] [SUCCESS] bvid=BV15hQFBXEuv 已成功抓取全部所需数据。
[2026-04-13 02:19:29] [SUCCESS] bvid=BV1GzQFB7E58 已成功抓取全部所需数据。
[2026-04-13 02:19:34] [SUCCESS] bvid=BV1eiQFBJEgq 已成功抓取全部所需数据。
[2026-04-13 02:19:39] [SUCCESS] bvid=BV1RMDfBUEhT 已成功抓取全部所需数据。
[2026-04-13 02:19:43] [SUCCESS] bvid=BV1GiQFBJEn5 已成功抓取全部所需数据。
[2026-04-13 02:19:44] [ERROR] bvid=BV1GiQFBJEK3 抓取失败：stat: 接口返回错误代码：62002，信息：稿件不可见。
{'code': 62002, 'message': '稿件不可见', 'ttl': 1} | comment: 接口返回错误代码：62002，信息：稿件不可见。
{'code': 62002, 'message': '稿件不可见', 'ttl': 1}
[2026-04-13 02:19:49] [SUCCESS] bvid=BV136QFB2EAQ 已成功抓取全部所需数据。
[2026-04-13 02:19:54] [SUCCESS] bvid=BV1GiQFBJENR 已成功抓取全部所需数据。
[2026-04-13 02:19:59] [SUCCESS] bvid=BV1GiQFBJEEh 已成功抓取全部所需数据。
[2026-04-13 02:20:04] [SUCCESS] bvid=BV1WNDYBdE75 已成功抓取全部所需数据。
[2026-04-13 02:20:09] [SUCCESS] bvid=BV1PhD4ByEom 已成功抓取全部所需数据。
[2026-04-13 02:20:14] [SUCCESS] bvid=BV1hqQFBUE7c 已成功抓取全部所需数据。
[2026-04-13 02:20:14] [WARN] 当前子任务已结束，但仍有未成功抓取的视频，已导出 remaining CSV 供继续执行。
[2026-04-13 02:20:14] [INFO] 已导出剔除成功条目后的剩余 CSV：D:\Schoolworks\Thesis\Bilibili-Datahub\outputs\video_data\manual_crawls\manual_crawl_stat_comment_20260412_215415\remaining_bvids_part_18.csv
[2026-04-13 02:20:14] 子任务结束时间：2026-04-13T02:20:14.500897
[TIMESTAMP][END] 2026-04-13T02:20:14
