[TIMESTAMP][BEGIN] 2026-04-12T23:18:04
[2026-04-12 23:18:06] 开始执行 CSV 批量抓取子任务 part_5。
[2026-04-12 23:18:06] 子任务开始时间：2026-04-12T23:18:04.299530
[2026-04-12 23:18:06] 输入文件：batch_input_5.csv
[2026-04-12 23:18:06] 输入唯一 bvid 数量：100
[2026-04-12 23:18:06] 为严格按 CSV 顺序判断连续失败阈值，本次任务自动将并发度从 2 调整为 1。
[2026-04-12 23:18:12] [SUCCESS] bvid=BV1AtD1BbECD 已成功抓取全部所需数据。
[2026-04-12 23:18:17] [SUCCESS] bvid=BV1mWDsB6Epv 已成功抓取全部所需数据。
[2026-04-12 23:18:23] [SUCCESS] bvid=BV1phD1B4EL7 已成功抓取全部所需数据。
[2026-04-12 23:18:28] [SUCCESS] bvid=BV12sD1BhEjk 已成功抓取全部所需数据。
[2026-04-12 23:18:33] [SUCCESS] bvid=BV1JaD1BdEZm 已成功抓取全部所需数据。
[2026-04-12 23:18:40] [SUCCESS] bvid=BV1HaD1BdECt 已成功抓取全部所需数据。
[2026-04-12 23:18:45] [SUCCESS] bvid=BV1caD1BdESP 已成功抓取全部所需数据。
[2026-04-12 23:18:50] [SUCCESS] bvid=BV1caD1BdET1 已成功抓取全部所需数据。
[2026-04-12 23:18:56] [SUCCESS] bvid=BV1reD1BsE45 已成功抓取全部所需数据。
[2026-04-12 23:19:01] [SUCCESS] bvid=BV1onXfBtEeJ 已成功抓取全部所需数据。
[2026-04-12 23:19:06] [SUCCESS] bvid=BV1FeD1BsEQq 已成功抓取全部所需数据。
[2026-04-12 23:19:12] [SUCCESS] bvid=BV1whD1B4E88 已成功抓取全部所需数据。
[2026-04-12 23:19:17] [SUCCESS] bvid=BV1whD1B4EhY 已成功抓取全部所需数据。
[2026-04-12 23:19:22] [SUCCESS] bvid=BV1chD1B4EC7 已成功抓取全部所需数据。
[2026-04-12 23:19:28] [SUCCESS] bvid=BV1g5D1BMEXP 已成功抓取全部所需数据。
[2026-04-12 23:19:33] [SUCCESS] bvid=BV1MLD1BqEWM 已成功抓取全部所需数据。
[2026-04-12 23:19:38] [SUCCESS] bvid=BV18LD1BqEFt 已成功抓取全部所需数据。
[2026-04-12 23:19:44] [SUCCESS] bvid=BV1G3D1BgEEU 已成功抓取全部所需数据。
[2026-04-12 23:19:49] [SUCCESS] bvid=BV17iDCBLEtW 已成功抓取全部所需数据。
[2026-04-12 23:19:55] [SUCCESS] bvid=BV19EQABtEtW 已成功抓取全部所需数据。
[2026-04-12 23:20:00] [SUCCESS] bvid=BV133D1BgEnb 已成功抓取全部所需数据。
[2026-04-12 23:20:05] [SUCCESS] bvid=BV13GD1BzEiN 已成功抓取全部所需数据。
[2026-04-12 23:20:10] [SUCCESS] bvid=BV1THD1BYE3f 已成功抓取全部所需数据。
[2026-04-12 23:20:15] [SUCCESS] bvid=BV1MnD1BNE1m 已成功抓取全部所需数据。
[2026-04-12 23:20:21] [SUCCESS] bvid=BV14eDkBoEW6 已成功抓取全部所需数据。
[2026-04-12 23:20:26] [SUCCESS] bvid=BV1xHD1BYESk 已成功抓取全部所需数据。
[2026-04-12 23:20:32] [SUCCESS] bvid=BV1KHD1BYEFy 已成功抓取全部所需数据。
[2026-04-12 23:20:37] [SUCCESS] bvid=BV1THD1BYEpz 已成功抓取全部所需数据。
[2026-04-12 23:20:42] [SUCCESS] bvid=BV12ED1BvERN 已成功抓取全部所需数据。
[2026-04-12 23:20:47] [SUCCESS] bvid=BV1MED1BvEjL 已成功抓取全部所需数据。
[2026-04-12 23:20:53] [SUCCESS] bvid=BV1MED1BvEmw 已成功抓取全部所需数据。
[2026-04-12 23:20:58] [SUCCESS] bvid=BV1MED1BvE7K 已成功抓取全部所需数据。
[2026-04-12 23:21:03] [SUCCESS] bvid=BV1xiDkBxEfE 已成功抓取全部所需数据。
[2026-04-12 23:21:08] [SUCCESS] bvid=BV1thDkBfErP 已成功抓取全部所需数据。
[2026-04-12 23:21:14] [SUCCESS] bvid=BV14eDkBoEXK 已成功抓取全部所需数据。
[2026-04-12 23:21:18] [SUCCESS] bvid=BV1xeDkBoEUt 已成功抓取全部所需数据。
[2026-04-12 23:21:24] [SUCCESS] bvid=BV1bhDkBfEnK 已成功抓取全部所需数据。
[2026-04-12 23:21:29] [SUCCESS] bvid=BV1bhDkBfEFq 已成功抓取全部所需数据。
[2026-04-12 23:21:34] [SUCCESS] bvid=BV1UhDkBfESU 已成功抓取全部所需数据。
[2026-04-12 23:21:39] [SUCCESS] bvid=BV1tYDkBtEt7 已成功抓取全部所需数据。
[2026-04-12 23:21:51] [SUCCESS] bvid=BV1tYDkBtEgs 已成功抓取全部所需数据。
[2026-04-12 23:22:09] [SUCCESS] bvid=BV1y6DkBXE8E 已成功抓取全部所需数据。
[2026-04-12 23:22:28] [SUCCESS] bvid=BV1xqDkBREFJ 已成功抓取全部所需数据。
[2026-04-12 23:22:45] [SUCCESS] bvid=BV1skDkBHEF8 已成功抓取全部所需数据。
[2026-04-12 23:23:03] [SUCCESS] bvid=BV1KqDkBdEVr 已成功抓取全部所需数据。
[2026-04-12 23:23:22] [SUCCESS] bvid=BV12qDkBREBa 已成功抓取全部所需数据。
[2026-04-12 23:23:40] [SUCCESS] bvid=BV1xqDkBREVy 已成功抓取全部所需数据。
[2026-04-12 23:23:58] [SUCCESS] bvid=BV1xzDkBWEEj 已成功抓取全部所需数据。
[2026-04-12 23:24:15] [SUCCESS] bvid=BV1LtQFBREvK 已成功抓取全部所需数据。
[2026-04-12 23:24:34] [SUCCESS] bvid=BV1RTDfBJERW 已成功抓取全部所需数据。
[2026-04-12 23:24:52] [SUCCESS] bvid=BV1hwQwBnEZk 已成功抓取全部所需数据。
[2026-04-12 23:25:10] [SUCCESS] bvid=BV1hgDCBAEEj 已成功抓取全部所需数据。
[2026-04-12 23:25:28] [SUCCESS] bvid=BV1jrQKBgETB 已成功抓取全部所需数据。
[2026-04-12 23:25:39] [SUCCESS] bvid=BV1HiDiBwEsw 已成功抓取全部所需数据。
[2026-04-12 23:25:44] [SUCCESS] bvid=BV1VWDkBvEre 已成功抓取全部所需数据。
[2026-04-12 23:25:49] [SUCCESS] bvid=BV1eWDkBeEcS 已成功抓取全部所需数据。
[2026-04-12 23:25:55] [SUCCESS] bvid=BV19nDkBiEHN 已成功抓取全部所需数据。
[2026-04-12 23:26:00] [SUCCESS] bvid=BV18bDkBcEZ6 已成功抓取全部所需数据。
[2026-04-12 23:26:06] [SUCCESS] bvid=BV1nUDkBEEB1 已成功抓取全部所需数据。
[2026-04-12 23:26:11] [SUCCESS] bvid=BV1SbDkBcEdh 已成功抓取全部所需数据。
[2026-04-12 23:26:16] [SUCCESS] bvid=BV13xDkBPE94 已成功抓取全部所需数据。
[2026-04-12 23:26:22] [SUCCESS] bvid=BV188DkBbEph 已成功抓取全部所需数据。
[2026-04-12 23:26:27] [SUCCESS] bvid=BV1b8DkB8EcN 已成功抓取全部所需数据。
[2026-04-12 23:26:33] [SUCCESS] bvid=BV1YMQMB6Ex5 已成功抓取全部所需数据。
[2026-04-12 23:26:43] [SUCCESS] bvid=BV1axDkBAEfs 已成功抓取全部所需数据。
[2026-04-12 23:26:49] [SUCCESS] bvid=BV1JWQwBKELp 已成功抓取全部所需数据。
[2026-04-12 23:26:54] [SUCCESS] bvid=BV1g3DCBaE8x 已成功抓取全部所需数据。
[2026-04-12 23:27:03] [SUCCESS] bvid=BV1rtDCBDEjJ 已成功抓取全部所需数据。
[2026-04-12 23:27:08] [SUCCESS] bvid=BV1FtDCBDEk7 已成功抓取全部所需数据。
[2026-04-12 23:27:13] [SUCCESS] bvid=BV1ggDCBAEeM 已成功抓取全部所需数据。
[2026-04-12 23:27:19] [SUCCESS] bvid=BV1D4DkBaE4j 已成功抓取全部所需数据。
[2026-04-12 23:27:24] [SUCCESS] bvid=BV1D4DkBaEZ6 已成功抓取全部所需数据。
[2026-04-12 23:27:29] [SUCCESS] bvid=BV1LfDkB6EGX 已成功抓取全部所需数据。
[2026-04-12 23:27:34] [SUCCESS] bvid=BV1a4DkBaE3H 已成功抓取全部所需数据。
[2026-04-12 23:27:40] [SUCCESS] bvid=BV1HnQwBMEYY 已成功抓取全部所需数据。
[2026-04-12 23:27:45] [SUCCESS] bvid=BV15cDCBuEWM 已成功抓取全部所需数据。
[2026-04-12 23:27:50] [SUCCESS] bvid=BV1ecDCBuEKQ 已成功抓取全部所需数据。
[2026-04-12 23:27:55] [SUCCESS] bvid=BV15cDCBuEg4 已成功抓取全部所需数据。
[2026-04-12 23:28:01] [SUCCESS] bvid=BV1idDkBkE6o 已成功抓取全部所需数据。
[2026-04-12 23:28:06] [SUCCESS] bvid=BV1idDkBkE7M 已成功抓取全部所需数据。
[2026-04-12 23:28:11] [SUCCESS] bvid=BV1jdDkBkE7G 已成功抓取全部所需数据。
[2026-04-12 23:28:17] [SUCCESS] bvid=BV1idDkBkEkD 已成功抓取全部所需数据。
[2026-04-12 23:28:22] [SUCCESS] bvid=BV1LZDkB3EXh 已成功抓取全部所需数据。
[2026-04-12 23:28:27] [SUCCESS] bvid=BV1iZDkB3Evh 已成功抓取全部所需数据。
[2026-04-12 23:28:48] [SUCCESS] bvid=BV1mRDCBwEZY 已成功抓取全部所需数据。
[2026-04-12 23:28:53] [SUCCESS] bvid=BV1jZDkB3Era 已成功抓取全部所需数据。
[2026-04-12 23:28:59] [SUCCESS] bvid=BV17ZDkB3ENq 已成功抓取全部所需数据。
[2026-04-12 23:29:04] [SUCCESS] bvid=BV1LZDkB3Ehk 已成功抓取全部所需数据。
[2026-04-12 23:29:09] [SUCCESS] bvid=BV1GNDCBiEaw 已成功抓取全部所需数据。
[2026-04-12 23:29:15] [SUCCESS] bvid=BV1XTDCBNEVk 已成功抓取全部所需数据。
[2026-04-12 23:29:20] [SUCCESS] bvid=BV1aTDCBNELh 已成功抓取全部所需数据。
[2026-04-12 23:29:26] [SUCCESS] bvid=BV13TDCBNEhe 已成功抓取全部所需数据。
[2026-04-12 23:29:31] [SUCCESS] bvid=BV1YTDCBNE7v 已成功抓取全部所需数据。
[2026-04-12 23:29:36] [SUCCESS] bvid=BV1NnDCBxEHJ 已成功抓取全部所需数据。
[2026-04-12 23:29:41] [SUCCESS] bvid=BV1GTDCBNEin 已成功抓取全部所需数据。
[2026-04-12 23:29:46] [SUCCESS] bvid=BV1H2DkBUEvm 已成功抓取全部所需数据。
[2026-04-12 23:29:52] [SUCCESS] bvid=BV1YTDCBNE4D 已成功抓取全部所需数据。
[2026-04-12 23:29:56] [SUCCESS] bvid=BV1vwDCBBELW 已成功抓取全部所需数据。
[2026-04-12 23:30:02] [SUCCESS] bvid=BV1RJDhBqEhF 已成功抓取全部所需数据。
[2026-04-12 23:30:07] [SUCCESS] bvid=BV1uRQKBhEGq 已成功抓取全部所需数据。
[2026-04-12 23:30:07] [INFO] 当前 batch_crawl 已完成，所有视频均已成功抓取。
[2026-04-12 23:30:07] 子任务结束时间：2026-04-12T23:30:07.686459
[TIMESTAMP][END] 2026-04-12T23:30:07
