[TIMESTAMP][BEGIN] 2026-04-13T08:44:30
[2026-04-13 08:44:33] 开始执行 CSV 批量抓取子任务 part_50。
[2026-04-13 08:44:33] 子任务开始时间：2026-04-13T08:44:30.805304
[2026-04-13 08:44:33] 输入文件：batch_input_50.csv
[2026-04-13 08:44:33] 输入唯一 bvid 数量：100
[2026-04-13 08:44:33] 为严格按 CSV 顺序判断连续失败阈值，本次任务自动将并发度从 2 调整为 1。
[2026-04-13 08:44:38] [SUCCESS] bvid=BV1UvSfBTEkP 已成功抓取全部所需数据。
[2026-04-13 08:44:43] [SUCCESS] bvid=BV1S8SfB6EWU 已成功抓取全部所需数据。
[2026-04-13 08:44:48] [SUCCESS] bvid=BV1D8SfB6Equ 已成功抓取全部所需数据。
[2026-04-13 08:44:53] [SUCCESS] bvid=BV138SfBrELb 已成功抓取全部所需数据。
[2026-04-13 08:44:58] [SUCCESS] bvid=BV1g8SfBrEEY 已成功抓取全部所需数据。
[2026-04-13 08:45:04] [SUCCESS] bvid=BV1DaSfBuExD 已成功抓取全部所需数据。
[2026-04-13 08:45:09] [SUCCESS] bvid=BV1UaSfBuEDo 已成功抓取全部所需数据。
[2026-04-13 08:45:14] [SUCCESS] bvid=BV1gaSfBgEYW 已成功抓取全部所需数据。
[2026-04-13 08:45:19] [SUCCESS] bvid=BV1SaSfBuEeX 已成功抓取全部所需数据。
[2026-04-13 08:45:24] [SUCCESS] bvid=BV175SfBQEzZ 已成功抓取全部所需数据。
[2026-04-13 08:45:29] [SUCCESS] bvid=BV1jjSfBnEx2 已成功抓取全部所需数据。
[2026-04-13 08:45:34] [SUCCESS] bvid=BV1J1SoBDEE6 已成功抓取全部所需数据。
[2026-04-13 08:45:39] [SUCCESS] bvid=BV1ojSfBJEhT 已成功抓取全部所需数据。
[2026-04-13 08:45:45] [SUCCESS] bvid=BV1f3SfBXETn 已成功抓取全部所需数据。
[2026-04-13 08:45:50] [SUCCESS] bvid=BV1fVSfBHEqP 已成功抓取全部所需数据。
[2026-04-13 08:45:55] [SUCCESS] bvid=BV1oVSfBHEQR 已成功抓取全部所需数据。
[2026-04-13 08:46:00] [SUCCESS] bvid=BV1ZVSfBHEkR 已成功抓取全部所需数据。
[2026-04-13 08:46:05] [SUCCESS] bvid=BV1qVSfBpESR 已成功抓取全部所需数据。
[2026-04-13 08:46:11] [SUCCESS] bvid=BV1EVSfBpEGH 已成功抓取全部所需数据。
[2026-04-13 08:46:16] [SUCCESS] bvid=BV1JVSfBpExd 已成功抓取全部所需数据。
[2026-04-13 08:46:21] [SUCCESS] bvid=BV1d7SfBUEym 已成功抓取全部所需数据。
[2026-04-13 08:46:26] [SUCCESS] bvid=BV1R7SfBUEky 已成功抓取全部所需数据。
[2026-04-13 08:46:31] [SUCCESS] bvid=BV1LJSfBEEVa 已成功抓取全部所需数据。
[2026-04-13 08:46:36] [SUCCESS] bvid=BV1iJSfBEEtc 已成功抓取全部所需数据。
[2026-04-13 08:46:41] [SUCCESS] bvid=BV1rSSfBoExo 已成功抓取全部所需数据。
[2026-04-13 08:46:47] [SUCCESS] bvid=BV1jJSfBEEgb 已成功抓取全部所需数据。
[2026-04-13 08:46:52] [SUCCESS] bvid=BV1hS9TB6EfJ 已成功抓取全部所需数据。
[2026-04-13 08:46:57] [SUCCESS] bvid=BV1t6DGB3EGL 已成功抓取全部所需数据。
[2026-04-13 08:47:02] [SUCCESS] bvid=BV1Ew9FB8EnD 已成功抓取全部所需数据。
[2026-04-13 08:47:07] [SUCCESS] bvid=BV1mMS9BnEJ1 已成功抓取全部所需数据。
[2026-04-13 08:47:12] [SUCCESS] bvid=BV1VcSZBkEGm 已成功抓取全部所需数据。
[2026-04-13 08:47:18] [SUCCESS] bvid=BV1AmSfBFEjd 已成功抓取全部所需数据。
[2026-04-13 08:47:23] [SUCCESS] bvid=BV1Ki9KBhEXE 已成功抓取全部所需数据。
[2026-04-13 08:47:28] [SUCCESS] bvid=BV1rQSfBxEN2 已成功抓取全部所需数据。
[2026-04-13 08:47:34] [SUCCESS] bvid=BV1wUSfBbEYa 已成功抓取全部所需数据。
[2026-04-13 08:47:39] [SUCCESS] bvid=BV1FQSfB4Et3 已成功抓取全部所需数据。
[2026-04-13 08:47:44] [SUCCESS] bvid=BV16XSfBREV7 已成功抓取全部所需数据。
[2026-04-13 08:47:50] [SUCCESS] bvid=BV1kUSfBtEPv 已成功抓取全部所需数据。
[2026-04-13 08:47:55] [SUCCESS] bvid=BV16XSfBREwC 已成功抓取全部所需数据。
[2026-04-13 08:48:00] [SUCCESS] bvid=BV1kUSfBtEgy 已成功抓取全部所需数据。
[2026-04-13 08:48:05] [SUCCESS] bvid=BV16USfBtEdH 已成功抓取全部所需数据。
[2026-04-13 08:48:10] [SUCCESS] bvid=BV1kUSfBtEN2 已成功抓取全部所需数据。
[2026-04-13 08:48:15] [SUCCESS] bvid=BV1HUSfBbEQH 已成功抓取全部所需数据。
[2026-04-13 08:48:21] [SUCCESS] bvid=BV1kUSfBtEws 已成功抓取全部所需数据。
[2026-04-13 08:48:26] [SUCCESS] bvid=BV1rSSfBoEhV 已成功抓取全部所需数据。
[2026-04-13 08:48:31] [SUCCESS] bvid=BV16SSfBoELX 已成功抓取全部所需数据。
[2026-04-13 08:48:36] [SUCCESS] bvid=BV16SSfBoEbs 已成功抓取全部所需数据。
[2026-04-13 08:48:41] [SUCCESS] bvid=BV1rSSfBoE4N 已成功抓取全部所需数据。
[2026-04-13 08:48:46] [SUCCESS] bvid=BV16SSfBoEjP 已成功抓取全部所需数据。
[2026-04-13 08:48:52] [SUCCESS] bvid=BV1BZSfBHEju 已成功抓取全部所需数据。
[2026-04-13 08:48:57] [SUCCESS] bvid=BV1dfSfBDEa8 已成功抓取全部所需数据。
[2026-04-13 08:49:02] [SUCCESS] bvid=BV1vfSfBDEoY 已成功抓取全部所需数据。
[2026-04-13 08:49:07] [SUCCESS] bvid=BV1ofSfBDE8r 已成功抓取全部所需数据。
[2026-04-13 08:49:12] [SUCCESS] bvid=BV1ZRSfBWEsv 已成功抓取全部所需数据。
[2026-04-13 08:49:18] [SUCCESS] bvid=BV1CrSoBsEcn 已成功抓取全部所需数据。
[2026-04-13 08:49:23] [SUCCESS] bvid=BV1Q7SXBsEgL 已成功抓取全部所需数据。
[2026-04-13 08:49:28] [SUCCESS] bvid=BV1qdSfBXE3S 已成功抓取全部所需数据。
[2026-04-13 08:49:33] [SUCCESS] bvid=BV1BdSfBXE22 已成功抓取全部所需数据。
[2026-04-13 08:49:38] [SUCCESS] bvid=BV1fdSfBXEM8 已成功抓取全部所需数据。
[2026-04-13 08:49:43] [SUCCESS] bvid=BV1qdSfBXEQK 已成功抓取全部所需数据。
[2026-04-13 08:49:55] [SUCCESS] bvid=BV1BdSfBXErW 已成功抓取全部所需数据。
[2026-04-13 08:50:00] [SUCCESS] bvid=BV11zSfBeEMp 已成功抓取全部所需数据。
[2026-04-13 08:50:05] [SUCCESS] bvid=BV11zSfBeEh2 已成功抓取全部所需数据。
[2026-04-13 08:50:10] [SUCCESS] bvid=BV1oVSoBCEkf 已成功抓取全部所需数据。
[2026-04-13 08:50:15] [SUCCESS] bvid=BV1miSfBiEB5 已成功抓取全部所需数据。
[2026-04-13 08:50:20] [SUCCESS] bvid=BV12iSfBiEyh 已成功抓取全部所需数据。
[2026-04-13 08:50:25] [SUCCESS] bvid=BV1KBSfBKE9o 已成功抓取全部所需数据。
[2026-04-13 08:50:30] [SUCCESS] bvid=BV14JDFBTEwW 已成功抓取全部所需数据。
[2026-04-13 08:50:35] [SUCCESS] bvid=BV12BSfBNE7g 已成功抓取全部所需数据。
[2026-04-13 08:50:40] [SUCCESS] bvid=BV1KBSfBKEWo 已成功抓取全部所需数据。
[2026-04-13 08:50:46] [SUCCESS] bvid=BV1w1SfBhEk5 已成功抓取全部所需数据。
[2026-04-13 08:50:51] [SUCCESS] bvid=BV1k1SfB8Eh5 已成功抓取全部所需数据。
[2026-04-13 08:50:56] [SUCCESS] bvid=BV1r1SfB8E1W 已成功抓取全部所需数据。
[2026-04-13 08:51:01] [SUCCESS] bvid=BV1XTDFBLE1k 已成功抓取全部所需数据。
[2026-04-13 08:51:06] [SUCCESS] bvid=BV1k1SfB8EzT 已成功抓取全部所需数据。
[2026-04-13 08:51:11] [SUCCESS] bvid=BV1k2SfBfEKj 已成功抓取全部所需数据。
[2026-04-13 08:51:16] [SUCCESS] bvid=BV1r2SfBfEZp 已成功抓取全部所需数据。
[2026-04-13 08:51:21] [SUCCESS] bvid=BV1wmSfBFEgn 已成功抓取全部所需数据。
[2026-04-13 08:51:26] [SUCCESS] bvid=BV1jjSoBkEcw 已成功抓取全部所需数据。
[2026-04-13 08:51:31] [SUCCESS] bvid=BV1r2SfBfERY 已成功抓取全部所需数据。
[2026-04-13 08:51:36] [SUCCESS] bvid=BV1k2SfBfEu5 已成功抓取全部所需数据。
[2026-04-13 08:51:41] [SUCCESS] bvid=BV1AmSfBFEBu 已成功抓取全部所需数据。
[2026-04-13 08:51:46] [SUCCESS] bvid=BV1ykSfBaE7N 已成功抓取全部所需数据。
[2026-04-13 08:51:51] [SUCCESS] bvid=BV1VEQ2BEEcR 已成功抓取全部所需数据。
[2026-04-13 08:51:56] [SUCCESS] bvid=BV1YjQ2BUEHJ 已成功抓取全部所需数据。
[2026-04-13 08:52:01] [SUCCESS] bvid=BV1YjQ2BUELC 已成功抓取全部所需数据。
[2026-04-13 08:52:06] [SUCCESS] bvid=BV1YjQ2BUE6e 已成功抓取全部所需数据。
[2026-04-13 08:52:11] [SUCCESS] bvid=BV1VEQ2BEEAE 已成功抓取全部所需数据。
[2026-04-13 08:52:16] [SUCCESS] bvid=BV1XEQ2B7Eqr 已成功抓取全部所需数据。
[2026-04-13 08:52:21] [SUCCESS] bvid=BV1aEQ2B7Esj 已成功抓取全部所需数据。
[2026-04-13 08:52:25] [SUCCESS] bvid=BV1aEQ2B7EkX 已成功抓取全部所需数据。
[2026-04-13 08:52:31] [SUCCESS] bvid=BV1DxSoBvEGv 已成功抓取全部所需数据。
[2026-04-13 08:52:36] [SUCCESS] bvid=BV1djSoBrENo 已成功抓取全部所需数据。
[2026-04-13 08:52:41] [SUCCESS] bvid=BV1XoSRBiE1C 已成功抓取全部所需数据。
[2026-04-13 08:52:46] [SUCCESS] bvid=BV1QNDFB2E9d 已成功抓取全部所需数据。
[2026-04-13 08:52:51] [SUCCESS] bvid=BV1mGSZBPEUn 已成功抓取全部所需数据。
[2026-04-13 08:52:57] [SUCCESS] bvid=BV1UbSoBYEYt 已成功抓取全部所需数据。
[2026-04-13 08:53:02] [SUCCESS] bvid=BV1wcSoBXEzo 已成功抓取全部所需数据。
[2026-04-13 08:53:07] [SUCCESS] bvid=BV1ykSfBaEbs 已成功抓取全部所需数据。
[2026-04-13 08:53:13] [SUCCESS] bvid=BV11kSfBaE4W 已成功抓取全部所需数据。
[2026-04-13 08:53:13] [INFO] 当前 batch_crawl 已完成，所有视频均已成功抓取。
[2026-04-13 08:53:13] 子任务结束时间：2026-04-13T08:53:13.098441
[TIMESTAMP][END] 2026-04-13T08:53:13
