[TIMESTAMP][BEGIN] 2026-04-13T06:28:41
[2026-04-13 06:28:43] 开始执行 CSV 批量抓取子任务 part_36。
[2026-04-13 06:28:43] 子任务开始时间：2026-04-13T06:28:41.174663
[2026-04-13 06:28:43] 输入文件：batch_input_36.csv
[2026-04-13 06:28:43] 输入唯一 bvid 数量：100
[2026-04-13 06:28:43] 为严格按 CSV 顺序判断连续失败阈值，本次任务自动将并发度从 2 调整为 1。
[2026-04-13 06:28:48] [SUCCESS] bvid=BV1SPDjBHEUs 已成功抓取全部所需数据。
[2026-04-13 06:28:54] [SUCCESS] bvid=BV18kDjBxEC3 已成功抓取全部所需数据。
[2026-04-13 06:28:59] [SUCCESS] bvid=BV1UPDjBHEct 已成功抓取全部所需数据。
[2026-04-13 06:29:04] [SUCCESS] bvid=BV1UPDjBHE68 已成功抓取全部所需数据。
[2026-04-13 06:29:09] [SUCCESS] bvid=BV1gPDjBpENs 已成功抓取全部所需数据。
[2026-04-13 06:29:14] [SUCCESS] bvid=BV1mPDjBHEYx 已成功抓取全部所需数据。
[2026-04-13 06:29:19] [SUCCESS] bvid=BV1gPDjBpEFN 已成功抓取全部所需数据。
[2026-04-13 06:29:24] [SUCCESS] bvid=BV1BwDiBsEFm 已成功抓取全部所需数据。
[2026-04-13 06:29:28] [SUCCESS] bvid=BV1uNDjBQEsa 已成功抓取全部所需数据。
[2026-04-13 06:29:33] [SUCCESS] bvid=BV1UNDjBDEpV 已成功抓取全部所需数据。
[2026-04-13 06:29:38] [SUCCESS] bvid=BV1aqDjBfEE5 已成功抓取全部所需数据。
[2026-04-13 06:29:43] [SUCCESS] bvid=BV1aqDjBfEXz 已成功抓取全部所需数据。
[2026-04-13 06:29:48] [SUCCESS] bvid=BV1eqDjBfEFn 已成功抓取全部所需数据。
[2026-04-13 06:29:53] [SUCCESS] bvid=BV1YqDjBfEq1 已成功抓取全部所需数据。
[2026-04-13 06:29:58] [SUCCESS] bvid=BV1azDjBtEXk 已成功抓取全部所需数据。
[2026-04-13 06:30:03] [SUCCESS] bvid=BV19qDjBfE3o 已成功抓取全部所需数据。
[2026-04-13 06:30:08] [SUCCESS] bvid=BV1Q6DjBoEhv 已成功抓取全部所需数据。
[2026-04-13 06:30:13] [SUCCESS] bvid=BV1hzDjBtEaM 已成功抓取全部所需数据。
[2026-04-13 06:30:18] [SUCCESS] bvid=BV1RvDjBcEX6 已成功抓取全部所需数据。
[2026-04-13 06:30:23] [SUCCESS] bvid=BV1vvDjBcEEF 已成功抓取全部所需数据。
[2026-04-13 06:30:28] [SUCCESS] bvid=BV19vDjBcEh7 已成功抓取全部所需数据。
[2026-04-13 06:30:33] [SUCCESS] bvid=BV1YiDjB8EK9 已成功抓取全部所需数据。
[2026-04-13 06:30:38] [SUCCESS] bvid=BV1evDjBcETw 已成功抓取全部所需数据。
[2026-04-13 06:30:43] [SUCCESS] bvid=BV15vDjBwEK2 已成功抓取全部所需数据。
[2026-04-13 06:30:48] [SUCCESS] bvid=BV1RiDjB8Eue 已成功抓取全部所需数据。
[2026-04-13 06:30:53] [SUCCESS] bvid=BV1YvDjBcEDK 已成功抓取全部所需数据。
[2026-04-13 06:30:58] [SUCCESS] bvid=BV1evDjBcEuD 已成功抓取全部所需数据。
[2026-04-13 06:31:03] [SUCCESS] bvid=BV1GiDjBhE4q 已成功抓取全部所需数据。
[2026-04-13 06:31:08] [SUCCESS] bvid=BV1RzDrBeE9M 已成功抓取全部所需数据。
[2026-04-13 06:31:13] [SUCCESS] bvid=BV19iDjB8E28 已成功抓取全部所需数据。
[2026-04-13 06:31:18] [SUCCESS] bvid=BV1eiDjBhE12 已成功抓取全部所需数据。
[2026-04-13 06:31:24] [SUCCESS] bvid=BV1YiDjB8ETv 已成功抓取全部所需数据。
[2026-04-13 06:31:29] [SUCCESS] bvid=BV1YiDjB8ESh 已成功抓取全部所需数据。
[2026-04-13 06:31:34] [SUCCESS] bvid=BV1eiDjB8EAg 已成功抓取全部所需数据。
[2026-04-13 06:31:39] [SUCCESS] bvid=BV1bCDjBREm8 已成功抓取全部所需数据。
[2026-04-13 06:31:45] [SUCCESS] bvid=BV1AcDkBnErE 已成功抓取全部所需数据。
[2026-04-13 06:31:50] [SUCCESS] bvid=BV1bCDjBREya 已成功抓取全部所需数据。
[2026-04-13 06:31:55] [SUCCESS] bvid=BV1bCDjBRECQ 已成功抓取全部所需数据。
[2026-04-13 06:32:01] [SUCCESS] bvid=BV1b1DjBWEdu 已成功抓取全部所需数据。
[2026-04-13 06:32:06] [SUCCESS] bvid=BV1BYDaBmELa 已成功抓取全部所需数据。
[2026-04-13 06:32:11] [SUCCESS] bvid=BV1BYDaBmE6y 已成功抓取全部所需数据。
[2026-04-13 06:32:16] [SUCCESS] bvid=BV1i4DjBiE2Y 已成功抓取全部所需数据。
[2026-04-13 06:32:21] [SUCCESS] bvid=BV1ZiDuBjE8i 已成功抓取全部所需数据。
[2026-04-13 06:32:26] [SUCCESS] bvid=BV1rPDkB7E3H 已成功抓取全部所需数据。
[2026-04-13 06:32:31] [SUCCESS] bvid=BV16xSdB2Eax 已成功抓取全部所需数据。
[2026-04-13 06:32:36] [SUCCESS] bvid=BV1HYDiBPEU6 已成功抓取全部所需数据。
[2026-04-13 06:32:41] [SUCCESS] bvid=BV1cNDkBmEhZ 已成功抓取全部所需数据。
[2026-04-13 06:32:46] [SUCCESS] bvid=BV1t1DjBWEyC 已成功抓取全部所需数据。
[2026-04-13 06:32:51] [SUCCESS] bvid=BV1h6DjBoEGu 已成功抓取全部所需数据。
[2026-04-13 06:32:56] [SUCCESS] bvid=BV1Q6DjBoEit 已成功抓取全部所需数据。
[2026-04-13 06:33:01] [SUCCESS] bvid=BV1hkDjBxE8z 已成功抓取全部所需数据。
[2026-04-13 06:33:06] [SUCCESS] bvid=BV1BxDjBTEwH 已成功抓取全部所需数据。
[2026-04-13 06:33:11] [SUCCESS] bvid=BV13kDjB4ESC 已成功抓取全部所需数据。
[2026-04-13 06:33:16] [SUCCESS] bvid=BV1hkDjBxEJN 已成功抓取全部所需数据。
[2026-04-13 06:33:21] [SUCCESS] bvid=BV1cpDjBgEJY 已成功抓取全部所需数据。
[2026-04-13 06:33:26] [SUCCESS] bvid=BV1BxDjBTExK 已成功抓取全部所需数据。
[2026-04-13 06:33:31] [SUCCESS] bvid=BV1FxDjBME5p 已成功抓取全部所需数据。
[2026-04-13 06:33:37] [SUCCESS] bvid=BV1zpDjBuEXS 已成功抓取全部所需数据。
[2026-04-13 06:33:42] [SUCCESS] bvid=BV1fWDjBBEiV 已成功抓取全部所需数据。
[2026-04-13 06:33:48] [SUCCESS] bvid=BV1z4DjBqEgJ 已成功抓取全部所需数据。
[2026-04-13 06:33:53] [SUCCESS] bvid=BV16pDjBuEqz 已成功抓取全部所需数据。
[2026-04-13 06:33:58] [SUCCESS] bvid=BV1zpDjBuEUY 已成功抓取全部所需数据。
[2026-04-13 06:34:03] [SUCCESS] bvid=BV16pDjBuEw9 已成功抓取全部所需数据。
[2026-04-13 06:34:08] [SUCCESS] bvid=BV1BWDjBBEr2 已成功抓取全部所需数据。
[2026-04-13 06:34:13] [SUCCESS] bvid=BV1eYDjBaEmE 已成功抓取全部所需数据。
[2026-04-13 06:34:19] [SUCCESS] bvid=BV1daDjBAEt7 已成功抓取全部所需数据。
[2026-04-13 06:34:24] [SUCCESS] bvid=BV1FWDjBzEUA 已成功抓取全部所需数据。
[2026-04-13 06:34:29] [SUCCESS] bvid=BV1euDiBSE9V 已成功抓取全部所需数据。
[2026-04-13 06:34:34] [SUCCESS] bvid=BV1c3DgBWExG 已成功抓取全部所需数据。
[2026-04-13 06:34:39] [SUCCESS] bvid=BV1eYDjBaEpx 已成功抓取全部所需数据。
[2026-04-13 06:34:44] [SUCCESS] bvid=BV1vaDjBAEfH 已成功抓取全部所需数据。
[2026-04-13 06:34:50] [SUCCESS] bvid=BV1eYDjBaE64 已成功抓取全部所需数据。
[2026-04-13 06:34:55] [SUCCESS] bvid=BV1eYDjBaEZm 已成功抓取全部所需数据。
[2026-04-13 06:35:00] [SUCCESS] bvid=BV1BbDjBNE7F 已成功抓取全部所需数据。
[2026-04-13 06:35:06] [SUCCESS] bvid=BV1eYDjBaEmg 已成功抓取全部所需数据。
[2026-04-13 06:35:11] [SUCCESS] bvid=BV1q8DjBeEgB 已成功抓取全部所需数据。
[2026-04-13 06:35:16] [SUCCESS] bvid=BV1jbDjBKE9A 已成功抓取全部所需数据。
[2026-04-13 06:35:22] [SUCCESS] bvid=BV1L8DjBvER1 已成功抓取全部所需数据。
[2026-04-13 06:35:27] [SUCCESS] bvid=BV1q8DjBeETM 已成功抓取全部所需数据。
[2026-04-13 06:35:32] [SUCCESS] bvid=BV1eoD6BPELV 已成功抓取全部所需数据。
[2026-04-13 06:35:37] [SUCCESS] bvid=BV1joD6BPEFs 已成功抓取全部所需数据。
[2026-04-13 06:35:42] [SUCCESS] bvid=BV15ZD6BYEUb 已成功抓取全部所需数据。
[2026-04-13 06:35:49] [SUCCESS] bvid=BV1RZD6BYEye 已成功抓取全部所需数据。
[2026-04-13 06:35:56] [SUCCESS] bvid=BV1j9D6BKEJP 已成功抓取全部所需数据。
[2026-04-13 06:36:02] [SUCCESS] bvid=BV1cEDzB3E2B 已成功抓取全部所需数据。
[2026-04-13 06:36:08] [SUCCESS] bvid=BV1q9D6BKEpb 已成功抓取全部所需数据。
[2026-04-13 06:36:14] [SUCCESS] bvid=BV179D6BKEAL 已成功抓取全部所需数据。
[2026-04-13 06:36:20] [SUCCESS] bvid=BV1o9D6BKEkK 已成功抓取全部所需数据。
[2026-04-13 06:36:26] [SUCCESS] bvid=BV1q9D6BKEWq 已成功抓取全部所需数据。
[2026-04-13 06:36:32] [SUCCESS] bvid=BV1jRD6BvEpH 已成功抓取全部所需数据。
[2026-04-13 06:36:39] [SUCCESS] bvid=BV1DEDiBCEwE 已成功抓取全部所需数据。
[2026-04-13 06:36:45] [SUCCESS] bvid=BV1dRD6BvEfE 已成功抓取全部所需数据。
[2026-04-13 06:36:51] [SUCCESS] bvid=BV1LRD6BvEsF 已成功抓取全部所需数据。
[2026-04-13 06:36:57] [SUCCESS] bvid=BV1aADrBFEMw 已成功抓取全部所需数据。
[2026-04-13 06:37:04] [SUCCESS] bvid=BV1GADrBFEFs 已成功抓取全部所需数据。
[2026-04-13 06:37:10] [SUCCESS] bvid=BV1GADrBFEf1 已成功抓取全部所需数据。
[2026-04-13 06:37:16] [SUCCESS] bvid=BV1gPDrBbE1e 已成功抓取全部所需数据。
[2026-04-13 06:37:23] [SUCCESS] bvid=BV13PDrBbEQr 已成功抓取全部所需数据。
[2026-04-13 06:37:29] [SUCCESS] bvid=BV13PDrBbEh5 已成功抓取全部所需数据。
[2026-04-13 06:37:35] [SUCCESS] bvid=BV16yD6BGE29 已成功抓取全部所需数据。
[2026-04-13 06:37:35] [INFO] 当前 batch_crawl 已完成，所有视频均已成功抓取。
[2026-04-13 06:37:35] 子任务结束时间：2026-04-13T06:37:35.975760
[TIMESTAMP][END] 2026-04-13T06:37:35
