[TIMESTAMP][BEGIN] 2026-04-12T22:58:35
[2026-04-12 22:58:37] 开始执行 CSV 批量抓取子任务 part_4。
[2026-04-12 22:58:37] 子任务开始时间：2026-04-12T22:58:35.214849
[2026-04-12 22:58:37] 输入文件：batch_input_4.csv
[2026-04-12 22:58:37] 输入唯一 bvid 数量：100
[2026-04-12 22:58:37] 为严格按 CSV 顺序判断连续失败阈值，本次任务自动将并发度从 2 调整为 1。
[2026-04-12 22:58:43] [SUCCESS] bvid=BV19aD2ByEwg 已成功抓取全部所需数据。
[2026-04-12 22:58:49] [SUCCESS] bvid=BV1QiDUBSExs 已成功抓取全部所需数据。
[2026-04-12 22:58:55] [SUCCESS] bvid=BV1DFDUB5Eii 已成功抓取全部所需数据。
[2026-04-12 22:59:00] [SUCCESS] bvid=BV1DFDUB5E8Z 已成功抓取全部所需数据。
[2026-04-12 22:59:05] [SUCCESS] bvid=BV13ZDmB2ExM 已成功抓取全部所需数据。
[2026-04-12 22:59:11] [SUCCESS] bvid=BV1ToQKBFEQk 已成功抓取全部所需数据。
[2026-04-12 22:59:17] [SUCCESS] bvid=BV1JdDyBnEdT 已成功抓取全部所需数据。
[2026-04-12 22:59:23] [SUCCESS] bvid=BV1ZkDmBoEWD 已成功抓取全部所需数据。
[2026-04-12 22:59:28] [SUCCESS] bvid=BV1cBDmB8E6a 已成功抓取全部所需数据。
[2026-04-12 22:59:33] [SUCCESS] bvid=BV1omDmBpEFe 已成功抓取全部所需数据。
[2026-04-12 22:59:39] [SUCCESS] bvid=BV1qtQFBREnC 已成功抓取全部所需数据。
[2026-04-12 22:59:45] [SUCCESS] bvid=BV1iUDmBXEsK 已成功抓取全部所需数据。
[2026-04-12 22:59:51] [SUCCESS] bvid=BV1WTDZBhEre 已成功抓取全部所需数据。
[2026-04-12 22:59:56] [SUCCESS] bvid=BV1o1DmB9EN2 已成功抓取全部所需数据。
[2026-04-12 23:00:02] [SUCCESS] bvid=BV18FDtB9E2W 已成功抓取全部所需数据。
[2026-04-12 23:00:08] [SUCCESS] bvid=BV1FnQuBHEKk 已成功抓取全部所需数据。
[2026-04-12 23:00:14] [SUCCESS] bvid=BV1iVD7BNEB1 已成功抓取全部所需数据。
[2026-04-12 23:00:20] [SUCCESS] bvid=BV1eTQMB3E5H 已成功抓取全部所需数据。
[2026-04-12 23:00:26] [SUCCESS] bvid=BV1wGD2BbEPS 已成功抓取全部所需数据。
[2026-04-12 23:00:33] [SUCCESS] bvid=BV1obDjBNEp7 已成功抓取全部所需数据。
[2026-04-12 23:00:39] [SUCCESS] bvid=BV1zWQFBtEih 已成功抓取全部所需数据。
[2026-04-12 23:00:45] [SUCCESS] bvid=BV1mTDUBzE38 已成功抓取全部所需数据。
[2026-04-12 23:00:51] [SUCCESS] bvid=BV1SqD2B3Eeq 已成功抓取全部所需数据。
[2026-04-12 23:00:57] [SUCCESS] bvid=BV1yDDUBgERg 已成功抓取全部所需数据。
[2026-04-12 23:01:02] [SUCCESS] bvid=BV19SD1BVEDs 已成功抓取全部所需数据。
[2026-04-12 23:01:08] [SUCCESS] bvid=BV1DdD1BuEYf 已成功抓取全部所需数据。
[2026-04-12 23:01:14] [SUCCESS] bvid=BV1FLD2B4EEy 已成功抓取全部所需数据。
[2026-04-12 23:01:20] [SUCCESS] bvid=BV11ND2BAEgX 已成功抓取全部所需数据。
[2026-04-12 23:01:25] [SUCCESS] bvid=BV12CD2BTEQR 已成功抓取全部所需数据。
[2026-04-12 23:01:31] [SUCCESS] bvid=BV1YeD2BVEcJ 已成功抓取全部所需数据。
[2026-04-12 23:01:36] [SUCCESS] bvid=BV1JFDmBxE76 已成功抓取全部所需数据。
[2026-04-12 23:01:42] [SUCCESS] bvid=BV17FDmBxEve 已成功抓取全部所需数据。
[2026-04-12 23:01:53] [SUCCESS] bvid=BV1pdD2BFEcZ 已成功抓取全部所需数据。
[2026-04-12 23:01:59] [SUCCESS] bvid=BV1noD2BtE17 已成功抓取全部所需数据。
[2026-04-12 23:02:05] [SUCCESS] bvid=BV16GDyBSE1N 已成功抓取全部所需数据。
[2026-04-12 23:02:10] [SUCCESS] bvid=BV1H3DyBHEPm 已成功抓取全部所需数据。
[2026-04-12 23:02:16] [SUCCESS] bvid=BV1qEDyB1E2L 已成功抓取全部所需数据。
[2026-04-12 23:02:22] [SUCCESS] bvid=BV1inDyB5EUt 已成功抓取全部所需数据。
[2026-04-12 23:02:27] [SUCCESS] bvid=BV12FDyBZEbK 已成功抓取全部所需数据。
[2026-04-12 23:02:33] [SUCCESS] bvid=BV1mZDCBFErQ 已成功抓取全部所需数据。
[2026-04-12 23:02:38] [SUCCESS] bvid=BV1kMDyBpEjk 已成功抓取全部所需数据。
[2026-04-12 23:02:44] [SUCCESS] bvid=BV1pMDyBWESW 已成功抓取全部所需数据。
[2026-04-12 23:02:49] [SUCCESS] bvid=BV11ADyBdELh 已成功抓取全部所需数据。
[2026-04-12 23:02:55] [SUCCESS] bvid=BV14qDyBYEDT 已成功抓取全部所需数据。
[2026-04-12 23:03:01] [SUCCESS] bvid=BV1UqDyBYEnH 已成功抓取全部所需数据。
[2026-04-12 23:03:06] [SUCCESS] bvid=BV1RMD1BGEgL 已成功抓取全部所需数据。
[2026-04-12 23:03:12] [SUCCESS] bvid=BV1k8QMBxEb9 已成功抓取全部所需数据。
[2026-04-12 23:03:18] [SUCCESS] bvid=BV1xZDrBnE3G 已成功抓取全部所需数据。
[2026-04-12 23:03:24] [SUCCESS] bvid=BV1UzDyBwEnD 已成功抓取全部所需数据。
[2026-04-12 23:03:29] [SUCCESS] bvid=BV1teDyBvE2A 已成功抓取全部所需数据。
[2026-04-12 23:03:34] [SUCCESS] bvid=BV18eDyBvEKh 已成功抓取全部所需数据。
[2026-04-12 23:03:39] [SUCCESS] bvid=BV1heDyBvEcV 已成功抓取全部所需数据。
[2026-04-12 23:03:45] [SUCCESS] bvid=BV1biDyBPEqx 已成功抓取全部所需数据。
[2026-04-12 23:03:50] [SUCCESS] bvid=BV1m6DyBhEJQ 已成功抓取全部所需数据。
[2026-04-12 23:03:55] [SUCCESS] bvid=BV14kDyBFE5u 已成功抓取全部所需数据。
[2026-04-12 23:04:01] [SUCCESS] bvid=BV1vHDyBCEDW 已成功抓取全部所需数据。
[2026-04-12 23:04:07] [SUCCESS] bvid=BV1pCDkBDEUG 已成功抓取全部所需数据。
[2026-04-12 23:04:12] [SUCCESS] bvid=BV1hYDyBKELY 已成功抓取全部所需数据。
[2026-04-12 23:04:18] [SUCCESS] bvid=BV1GtDyB6EhG 已成功抓取全部所需数据。
[2026-04-12 23:04:23] [SUCCESS] bvid=BV1X8DyBMEJE 已成功抓取全部所需数据。
[2026-04-12 23:04:29] [SUCCESS] bvid=BV13uD1BrEQr 已成功抓取全部所需数据。
[2026-04-12 23:04:34] [SUCCESS] bvid=BV1qfDyBEEvb 已成功抓取全部所需数据。
[2026-04-12 23:04:40] [SUCCESS] bvid=BV1D8DyBMEtY 已成功抓取全部所需数据。
[2026-04-12 23:04:45] [SUCCESS] bvid=BV1LwD1BjE7m 已成功抓取全部所需数据。
[2026-04-12 23:04:51] [SUCCESS] bvid=BV1LAD1B1EZt 已成功抓取全部所需数据。
[2026-04-12 23:04:56] [SUCCESS] bvid=BV17wD1B7EFa 已成功抓取全部所需数据。
[2026-04-12 23:05:02] [SUCCESS] bvid=BV17fDyBEEvE 已成功抓取全部所需数据。
[2026-04-12 23:05:08] [SUCCESS] bvid=BV1qfDyBEEQz 已成功抓取全部所需数据。
[2026-04-12 23:05:14] [SUCCESS] bvid=BV1ZFD1BmEBs 已成功抓取全部所需数据。
[2026-04-12 23:05:19] [SUCCESS] bvid=BV1LND1B5EqR 已成功抓取全部所需数据。
[2026-04-12 23:05:25] [SUCCESS] bvid=BV1pSDyBsEjL 已成功抓取全部所需数据。
[2026-04-12 23:05:30] [SUCCESS] bvid=BV15KD1BCEVe 已成功抓取全部所需数据。
[2026-04-12 23:05:35] [SUCCESS] bvid=BV1HSDyBsEGr 已成功抓取全部所需数据。
[2026-04-12 23:05:41] [SUCCESS] bvid=BV1VKD1BCEfY 已成功抓取全部所需数据。
[2026-04-12 23:05:46] [SUCCESS] bvid=BV15KD1BCEcT 已成功抓取全部所需数据。
[2026-04-12 23:05:51] [SUCCESS] bvid=BV1VKD1BCE8m 已成功抓取全部所需数据。
[2026-04-12 23:05:57] [SUCCESS] bvid=BV1HmDyBdEXm 已成功抓取全部所需数据。
[2026-04-12 23:06:02] [SUCCESS] bvid=BV1p2DyB4EPo 已成功抓取全部所需数据。
[2026-04-12 23:06:08] [SUCCESS] bvid=BV1wSDyBxEpK 已成功抓取全部所需数据。
[2026-04-12 23:06:13] [SUCCESS] bvid=BV1HDDyB9EBQ 已成功抓取全部所需数据。
[2026-04-12 23:06:19] [SUCCESS] bvid=BV1HDDyB9E4T 已成功抓取全部所需数据。
[2026-04-12 23:06:24] [SUCCESS] bvid=BV1C2DyB4ENj 已成功抓取全部所需数据。
[2026-04-12 23:06:30] [SUCCESS] bvid=BV1W2DyB4EnJ 已成功抓取全部所需数据。
[2026-04-12 23:06:36] [SUCCESS] bvid=BV1JoDyBSETM 已成功抓取全部所需数据。
[2026-04-12 23:06:41] [SUCCESS] bvid=BV11ZDrBHECd 已成功抓取全部所需数据。
[2026-04-12 23:06:47] [SUCCESS] bvid=BV1JdDyBnEey 已成功抓取全部所需数据。
[2026-04-12 23:06:53] [SUCCESS] bvid=BV1EoDyBSEYy 已成功抓取全部所需数据。
[2026-04-12 23:06:58] [SUCCESS] bvid=BV1EoDyBSEni 已成功抓取全部所需数据。
[2026-04-12 23:07:04] [SUCCESS] bvid=BV169DyBQErt 已成功抓取全部所需数据。
[2026-04-12 23:07:09] [SUCCESS] bvid=BV1foDyBSEzn 已成功抓取全部所需数据。
[2026-04-12 23:07:15] [SUCCESS] bvid=BV1z9DyBQE4X 已成功抓取全部所需数据。
[2026-04-12 23:07:21] [SUCCESS] bvid=BV1P4D1BFE7i 已成功抓取全部所需数据。
[2026-04-12 23:07:26] [SUCCESS] bvid=BV1J9DyBQEPd 已成功抓取全部所需数据。
[2026-04-12 23:07:32] [SUCCESS] bvid=BV1n9DyBQEG7 已成功抓取全部所需数据。
[2026-04-12 23:07:37] [SUCCESS] bvid=BV1PtD1BbEQw 已成功抓取全部所需数据。
[2026-04-12 23:17:41] [ERROR] bvid=BV1n9DyBQE6w 抓取失败：comment: Timeout of 600.0s exceeded, last exception: HTTPSConnectionPool(host='bigquery.googleapis.com', port=443): Max retries exceeded with url: /bigquery/v2/projects/bilibili-m2s2vp-research/datasets/bili_video_stream_data_test_2?prettyPrint=false (Caused by ProxyError('Unable to connect to proxy', RemoteDisconnected('Remote end closed connection without response')))
[2026-04-12 23:17:47] [SUCCESS] bvid=BV1F9DyBXEnS 已成功抓取全部所需数据。
[2026-04-12 23:17:53] [SUCCESS] bvid=BV1P4D1BFEta 已成功抓取全部所需数据。
[2026-04-12 23:17:58] [SUCCESS] bvid=BV1N4D1BFELY 已成功抓取全部所需数据。
[2026-04-12 23:18:04] [SUCCESS] bvid=BV1N4D1BFEMo 已成功抓取全部所需数据。
[2026-04-12 23:18:04] [WARN] 当前子任务已结束，但仍有未成功抓取的视频，已导出 remaining CSV 供继续执行。
[2026-04-12 23:18:04] [INFO] 已导出剔除成功条目后的剩余 CSV：D:\Schoolworks\Thesis\Bilibili-Datahub\outputs\video_data\manual_crawls\manual_crawl_stat_comment_20260412_215415\remaining_bvids_part_4.csv
[2026-04-12 23:18:04] 子任务结束时间：2026-04-12T23:18:04.044956
[TIMESTAMP][END] 2026-04-12T23:18:04
