[TIMESTAMP][BEGIN] 2026-04-13T05:18:51
[2026-04-13 05:18:53] 开始执行 CSV 批量抓取子任务 part_29。
[2026-04-13 05:18:53] 子任务开始时间：2026-04-13T05:18:51.538387
[2026-04-13 05:18:53] 输入文件：batch_input_29.csv
[2026-04-13 05:18:53] 输入唯一 bvid 数量：100
[2026-04-13 05:18:53] 为严格按 CSV 顺序判断连续失败阈值，本次任务自动将并发度从 2 调整为 1。
[2026-04-13 05:18:58] [SUCCESS] bvid=BV1vkDpBSErD 已成功抓取全部所需数据。
[2026-04-13 05:19:04] [SUCCESS] bvid=BV1jkDpBDE9t 已成功抓取全部所需数据。
[2026-04-13 05:19:08] [SUCCESS] bvid=BV1j9DJB1EdU 已成功抓取全部所需数据。
[2026-04-13 05:19:13] [SUCCESS] bvid=BV1pJDjBGExQ 已成功抓取全部所需数据。
[2026-04-13 05:19:18] [SUCCESS] bvid=BV1jQD7BuEJ2 已成功抓取全部所需数据。
[2026-04-13 05:19:23] [SUCCESS] bvid=BV1aUDpB1Eiy 已成功抓取全部所需数据。
[2026-04-13 05:19:28] [SUCCESS] bvid=BV1oXD7BqEJ4 已成功抓取全部所需数据。
[2026-04-13 05:19:33] [SUCCESS] bvid=BV1xm9cBmEPv 已成功抓取全部所需数据。
[2026-04-13 05:19:38] [SUCCESS] bvid=BV1rTDHBREUA 已成功抓取全部所需数据。
[2026-04-13 05:19:43] [SUCCESS] bvid=BV1vkDpBSEb4 已成功抓取全部所需数据。
[2026-04-13 05:19:48] [SUCCESS] bvid=BV1hQDpBCEAn 已成功抓取全部所需数据。
[2026-04-13 05:19:53] [SUCCESS] bvid=BV1vyDpBEESx 已成功抓取全部所需数据。
[2026-04-13 05:19:58] [SUCCESS] bvid=BV1aQDpBCE3C 已成功抓取全部所需数据。
[2026-04-13 05:20:03] [SUCCESS] bvid=BV1QQDpBCEmM 已成功抓取全部所需数据。
[2026-04-13 05:20:07] [SUCCESS] bvid=BV1h9DpBGEaW 已成功抓取全部所需数据。
[2026-04-13 05:20:12] [SUCCESS] bvid=BV1Q9DpBGEg7 已成功抓取全部所需数据。
[2026-04-13 05:20:17] [SUCCESS] bvid=BV1DHD7BfEHS 已成功抓取全部所需数据。
[2026-04-13 05:20:22] [SUCCESS] bvid=BV1XDDpB5EYH 已成功抓取全部所需数据。
[2026-04-13 05:20:27] [SUCCESS] bvid=BV19wDnBuEmW 已成功抓取全部所需数据。
[2026-04-13 05:20:32] [SUCCESS] bvid=BV1ziDpB9Exq 已成功抓取全部所需数据。
[2026-04-13 05:20:37] [SUCCESS] bvid=BV1XDDpB5E8i 已成功抓取全部所需数据。
[2026-04-13 05:20:42] [SUCCESS] bvid=BV1hDDpB5E9T 已成功抓取全部所需数据。
[2026-04-13 05:20:47] [SUCCESS] bvid=BV1zYDpBdECR 已成功抓取全部所需数据。
[2026-04-13 05:20:52] [SUCCESS] bvid=BV1FYDpBoEos 已成功抓取全部所需数据。
[2026-04-13 05:20:56] [SUCCESS] bvid=BV1cYDpBoEWa 已成功抓取全部所需数据。
[2026-04-13 05:21:01] [SUCCESS] bvid=BV1ksDnBWExo 已成功抓取全部所需数据。
[2026-04-13 05:21:06] [SUCCESS] bvid=BV1P6DJBsEnb 已成功抓取全部所需数据。
[2026-04-13 05:21:11] [SUCCESS] bvid=BV1zvDpBsECB 已成功抓取全部所需数据。
[2026-04-13 05:21:17] [SUCCESS] bvid=BV1ANDYBdEcR 已成功抓取全部所需数据。
[2026-04-13 05:21:22] [SUCCESS] bvid=BV1WaDLB5EXs 已成功抓取全部所需数据。
[2026-04-13 05:21:26] [SUCCESS] bvid=BV1P5DjB1EMx 已成功抓取全部所需数据。
[2026-04-13 05:21:31] [SUCCESS] bvid=BV1ikDFBHEaE 已成功抓取全部所需数据。
[2026-04-13 05:21:36] [SUCCESS] bvid=BV1XdDLBoEr2 已成功抓取全部所需数据。
[2026-04-13 05:21:41] [SUCCESS] bvid=BV1Z1DLBvEdV 已成功抓取全部所需数据。
[2026-04-13 05:21:46] [SUCCESS] bvid=BV1rVDWBbEt8 已成功抓取全部所需数据。
[2026-04-13 05:21:52] [SUCCESS] bvid=BV1BKD6BMEZW 已成功抓取全部所需数据。
[2026-04-13 05:21:57] [SUCCESS] bvid=BV1L1XZBpExb 已成功抓取全部所需数据。
[2026-04-13 05:21:57] [ERROR] bvid=BV1LpDHByET6 抓取失败：stat: 接口返回错误代码：-404，信息：啥都木有。
{'code': -404, 'message': '啥都木有', 'ttl': 1} | comment: 接口返回错误代码：-404，信息：啥都木有。
{'code': -404, 'message': '啥都木有', 'ttl': 1}
[2026-04-13 05:22:02] [SUCCESS] bvid=BV1w8DpBfEZy 已成功抓取全部所需数据。
[2026-04-13 05:22:07] [SUCCESS] bvid=BV1k8DpBZEmd 已成功抓取全部所需数据。
[2026-04-13 05:22:12] [SUCCESS] bvid=BV1r8DpBZEuW 已成功抓取全部所需数据。
[2026-04-13 05:22:17] [SUCCESS] bvid=BV1raDpB4Edv 已成功抓取全部所需数据。
[2026-04-13 05:22:22] [SUCCESS] bvid=BV16aDpB4Ekk 已成功抓取全部所需数据。
[2026-04-13 05:22:27] [SUCCESS] bvid=BV1qzDpBQE2v 已成功抓取全部所需数据。
[2026-04-13 05:22:32] [SUCCESS] bvid=BV1doDJBkErK 已成功抓取全部所需数据。
[2026-04-13 05:22:43] [SUCCESS] bvid=BV1izDpBQESU 已成功抓取全部所需数据。
[2026-04-13 05:22:48] [SUCCESS] bvid=BV1qrDpBnE1F 已成功抓取全部所需数据。
[2026-04-13 05:22:53] [SUCCESS] bvid=BV1vrDpBnEes 已成功抓取全部所需数据。
[2026-04-13 05:22:58] [SUCCESS] bvid=BV1qiDpB9Er6 已成功抓取全部所需数据。
[2026-04-13 05:23:03] [SUCCESS] bvid=BV1oBDpBpEtB 已成功抓取全部所需数据。
[2026-04-13 05:23:08] [SUCCESS] bvid=BV1rgDWBhESU 已成功抓取全部所需数据。
[2026-04-13 05:23:13] [SUCCESS] bvid=BV1oBDpBpEfM 已成功抓取全部所需数据。
[2026-04-13 05:23:18] [SUCCESS] bvid=BV1BBDpBpEeF 已成功抓取全部所需数据。
[2026-04-13 05:23:23] [SUCCESS] bvid=BV1CgDWBhE3f 已成功抓取全部所需数据。
[2026-04-13 05:23:27] [SUCCESS] bvid=BV1HgDWBhEhf 已成功抓取全部所需数据。
[2026-04-13 05:23:32] [SUCCESS] bvid=BV1rGDWBFEas 已成功抓取全部所需数据。
[2026-04-13 05:23:37] [SUCCESS] bvid=BV1vrDnBkEhV 已成功抓取全部所需数据。
[2026-04-13 05:23:43] [SUCCESS] bvid=BV1ACDJBpEBN 已成功抓取全部所需数据。
[2026-04-13 05:23:48] [SUCCESS] bvid=BV19dD7BvEr1 已成功抓取全部所需数据。
[2026-04-13 05:23:53] [SUCCESS] bvid=BV1nGDWBFEZw 已成功抓取全部所需数据。
[2026-04-13 05:23:58] [SUCCESS] bvid=BV1CTDWBYEBn 已成功抓取全部所需数据。
[2026-04-13 05:24:03] [SUCCESS] bvid=BV1yTDWBYEr8 已成功抓取全部所需数据。
[2026-04-13 05:24:08] [SUCCESS] bvid=BV1kuDWBwEXy 已成功抓取全部所需数据。
[2026-04-13 05:24:13] [SUCCESS] bvid=BV1CuDWBwESr 已成功抓取全部所需数据。
[2026-04-13 05:24:18] [SUCCESS] bvid=BV16VDWBbE4A 已成功抓取全部所需数据。
[2026-04-13 05:24:23] [SUCCESS] bvid=BV1f7DWBdEKX 已成功抓取全部所需数据。
[2026-04-13 05:24:28] [SUCCESS] bvid=BV1E7DWBdEzk 已成功抓取全部所需数据。
[2026-04-13 05:24:33] [SUCCESS] bvid=BV1J7DWBdEK9 已成功抓取全部所需数据。
[2026-04-13 05:24:37] [SUCCESS] bvid=BV1HVDWBbEM8 已成功抓取全部所需数据。
[2026-04-13 05:24:42] [SUCCESS] bvid=BV1n5DWBZEQL 已成功抓取全部所需数据。
[2026-04-13 05:24:48] [SUCCESS] bvid=BV1wpDnBdErL 已成功抓取全部所需数据。
[2026-04-13 05:24:52] [SUCCESS] bvid=BV1n5DWBZEas 已成功抓取全部所需数据。
[2026-04-13 05:24:57] [SUCCESS] bvid=BV1SZDpBzEAT 已成功抓取全部所需数据。
[2026-04-13 05:25:02] [SUCCESS] bvid=BV1tqDvB6E1f 已成功抓取全部所需数据。
[2026-04-13 05:25:07] [SUCCESS] bvid=BV1gwDjB9EDS 已成功抓取全部所需数据。
[2026-04-13 05:25:12] [SUCCESS] bvid=BV1wsDuBREDP 已成功抓取全部所需数据。
[2026-04-13 05:25:17] [SUCCESS] bvid=BV17zDeBHENi 已成功抓取全部所需数据。
[2026-04-13 05:25:22] [SUCCESS] bvid=BV19wDnBuEPe 已成功抓取全部所需数据。
[2026-04-13 05:25:28] [SUCCESS] bvid=BV1AvDLBGEyX 已成功抓取全部所需数据。
[2026-04-13 05:25:33] [SUCCESS] bvid=BV1LdD7BiEbS 已成功抓取全部所需数据。
[2026-04-13 05:25:37] [SUCCESS] bvid=BV1RXDLBfEao 已成功抓取全部所需数据。
[2026-04-13 05:25:42] [SUCCESS] bvid=BV1bZDpBzE4u 已成功抓取全部所需数据。
[2026-04-13 05:25:47] [SUCCESS] bvid=BV1tZDpBzExB 已成功抓取全部所需数据。
[2026-04-13 05:25:48] [ERROR] bvid=BV1tFDWBMESo 抓取失败：stat: 接口返回错误代码：62002，信息：稿件不可见。
{'code': 62002, 'message': '稿件不可见', 'ttl': 1} | comment: 接口返回错误代码：62002，信息：稿件不可见。
{'code': 62002, 'message': '稿件不可见', 'ttl': 1}
[2026-04-13 05:25:53] [SUCCESS] bvid=BV14FDWBMEfS 已成功抓取全部所需数据。
[2026-04-13 05:25:53] [ERROR] bvid=BV18RDpBrEvd 抓取失败：stat: 接口返回错误代码：62002，信息：稿件不可见。
{'code': 62002, 'message': '稿件不可见', 'ttl': 1} | comment: 接口返回错误代码：62002，信息：稿件不可见。
{'code': 62002, 'message': '稿件不可见', 'ttl': 1}
[2026-04-13 05:25:58] [SUCCESS] bvid=BV1DRDpBrEVz 已成功抓取全部所需数据。
[2026-04-13 05:26:03] [SUCCESS] bvid=BV13RDpBkELF 已成功抓取全部所需数据。
[2026-04-13 05:26:07] [SUCCESS] bvid=BV1xPDWBvE7t 已成功抓取全部所需数据。
[2026-04-13 05:26:13] [SUCCESS] bvid=BV18RDpBrEZq 已成功抓取全部所需数据。
[2026-04-13 05:26:18] [SUCCESS] bvid=BV1SoDpBgEep 已成功抓取全部所需数据。
[2026-04-13 05:26:23] [SUCCESS] bvid=BV1xPDWBvEY3 已成功抓取全部所需数据。
[2026-04-13 05:26:28] [SUCCESS] bvid=BV1sKDWBPEg6 已成功抓取全部所需数据。
[2026-04-13 05:26:33] [SUCCESS] bvid=BV1xcDWBqEDm 已成功抓取全部所需数据。
[2026-04-13 05:26:33] [ERROR] bvid=BV14cDWBqEKc 抓取失败：stat: 接口返回错误代码：62002，信息：稿件不可见。
{'code': 62002, 'message': '稿件不可见', 'ttl': 1} | comment: 接口返回错误代码：62002，信息：稿件不可见。
{'code': 62002, 'message': '稿件不可见', 'ttl': 1}
[2026-04-13 05:26:38] [SUCCESS] bvid=BV1joDJBCEua 已成功抓取全部所需数据。
[2026-04-13 05:26:43] [SUCCESS] bvid=BV12EDnBtENh 已成功抓取全部所需数据。
[2026-04-13 05:26:47] [SUCCESS] bvid=BV1yEDnBtEUj 已成功抓取全部所需数据。
[2026-04-13 05:26:53] [SUCCESS] bvid=BV11EDnBtEVJ 已成功抓取全部所需数据。
[2026-04-13 05:26:57] [SUCCESS] bvid=BV11JDnBoEuP 已成功抓取全部所需数据。
[2026-04-13 05:26:57] [WARN] 当前子任务已结束，但仍有未成功抓取的视频，已导出 remaining CSV 供继续执行。
[2026-04-13 05:26:57] [INFO] 已导出剔除成功条目后的剩余 CSV：D:\Schoolworks\Thesis\Bilibili-Datahub\outputs\video_data\manual_crawls\manual_crawl_stat_comment_20260412_215415\remaining_bvids_part_29.csv
[2026-04-13 05:26:57] 子任务结束时间：2026-04-13T05:26:57.995395
[TIMESTAMP][END] 2026-04-13T05:26:57
