[TIMESTAMP][BEGIN] 2026-04-12T22:35:34
[2026-04-12 22:35:37] 开始执行 CSV 批量抓取子任务 part_3。
[2026-04-12 22:35:37] 子任务开始时间：2026-04-12T22:35:34.487434
[2026-04-12 22:35:37] 输入文件：batch_input_3.csv
[2026-04-12 22:35:37] 输入唯一 bvid 数量：100
[2026-04-12 22:35:37] 为严格按 CSV 顺序判断连续失败阈值，本次任务自动将并发度从 2 调整为 1。
[2026-04-12 22:35:42] [SUCCESS] bvid=BV18hDyBqErD 已成功抓取全部所需数据。
[2026-04-12 22:35:48] [SUCCESS] bvid=BV18YDyBKEAD 已成功抓取全部所需数据。
[2026-04-12 22:35:54] [SUCCESS] bvid=BV1atDyBzEtE 已成功抓取全部所需数据。
[2026-04-12 22:36:00] [SUCCESS] bvid=BV1GcDDBpE33 已成功抓取全部所需数据。
[2026-04-12 22:36:06] [SUCCESS] bvid=BV1XcDDBHEce 已成功抓取全部所需数据。
[2026-04-12 22:36:13] [SUCCESS] bvid=BV15AD1B1E3i 已成功抓取全部所需数据。
[2026-04-12 22:36:19] [SUCCESS] bvid=BV1bcQFBVEvM 已成功抓取全部所需数据。
[2026-04-12 22:36:26] [SUCCESS] bvid=BV1JWDDBqEaj 已成功抓取全部所需数据。
[2026-04-12 22:36:36] [SUCCESS] bvid=BV1kDD2BaEHy 已成功抓取全部所需数据。
[2026-04-12 22:36:43] [SUCCESS] bvid=BV1veQwBbEfC 已成功抓取全部所需数据。
[2026-04-12 22:36:48] [SUCCESS] bvid=BV1SfD1BTEVR 已成功抓取全部所需数据。
[2026-04-12 22:36:54] [SUCCESS] bvid=BV1J5DyBJEDQ 已成功抓取全部所需数据。
[2026-04-12 22:37:00] [SUCCESS] bvid=BV1nXDyBpE9w 已成功抓取全部所需数据。
[2026-04-12 22:37:06] [SUCCESS] bvid=BV1bBD2B6Eb3 已成功抓取全部所需数据。
[2026-04-12 22:37:12] [SUCCESS] bvid=BV1Zo9MBREm7 已成功抓取全部所需数据。
[2026-04-12 22:37:18] [SUCCESS] bvid=BV1GVDmB2ER2 已成功抓取全部所需数据。
[2026-04-12 22:37:24] [SUCCESS] bvid=BV1fyDSBAEuE 已成功抓取全部所需数据。
[2026-04-12 22:37:37] [SUCCESS] bvid=BV1FyDSBPEzh 已成功抓取全部所需数据。
[2026-04-12 22:37:56] [SUCCESS] bvid=BV16yDSBPEda 已成功抓取全部所需数据。
[2026-04-12 22:38:15] [SUCCESS] bvid=BV1J1DSBYEhL 已成功抓取全部所需数据。
[2026-04-12 22:38:33] [SUCCESS] bvid=BV1E1DSBYEvV 已成功抓取全部所需数据。
[2026-04-12 22:38:52] [SUCCESS] bvid=BV1crDSBKENT 已成功抓取全部所需数据。
[2026-04-12 22:39:10] [SUCCESS] bvid=BV1oSDSBfE1w 已成功抓取全部所需数据。
[2026-04-12 22:39:29] [SUCCESS] bvid=BV1oSDSBfEWY 已成功抓取全部所需数据。
[2026-04-12 22:39:48] [SUCCESS] bvid=BV1LQDSBbECg 已成功抓取全部所需数据。
[2026-04-12 22:40:06] [SUCCESS] bvid=BV1oQDSBtEFV 已成功抓取全部所需数据。
[2026-04-12 22:40:25] [SUCCESS] bvid=BV1ZqD1BHE9V 已成功抓取全部所需数据。
[2026-04-12 22:40:45] [SUCCESS] bvid=BV1xm9cBmEP5 已成功抓取全部所需数据。
[2026-04-12 22:41:05] [SUCCESS] bvid=BV19mD1ByEf3 已成功抓取全部所需数据。
[2026-04-12 22:41:24] [SUCCESS] bvid=BV1omDSBcEJB 已成功抓取全部所需数据。
[2026-04-12 22:41:30] [SUCCESS] bvid=BV1knDDBBEkN 已成功抓取全部所需数据。
[2026-04-12 22:41:35] [SUCCESS] bvid=BV1cnDDBzEYt 已成功抓取全部所需数据。
[2026-04-12 22:41:41] [SUCCESS] bvid=BV1pnDDBzEuj 已成功抓取全部所需数据。
[2026-04-12 22:41:47] [SUCCESS] bvid=BV1FpDDBMESi 已成功抓取全部所需数据。
[2026-04-12 22:41:53] [SUCCESS] bvid=BV1DLDmBLEJk 已成功抓取全部所需数据。
[2026-04-12 22:41:58] [SUCCESS] bvid=BV1A7DDBrEMm 已成功抓取全部所需数据。
[2026-04-12 22:42:04] [SUCCESS] bvid=BV1P7DDBrELG 已成功抓取全部所需数据。
[2026-04-12 22:42:10] [SUCCESS] bvid=BV1w7DDBrEoB 已成功抓取全部所需数据。
[2026-04-12 22:42:16] [SUCCESS] bvid=BV1z4DDBeEn3 已成功抓取全部所需数据。
[2026-04-12 22:42:23] [SUCCESS] bvid=BV1kJDDBuEaZ 已成功抓取全部所需数据。
[2026-04-12 22:42:30] [SUCCESS] bvid=BV1iWDZBSEaR 已成功抓取全部所需数据。
[2026-04-12 22:42:37] [SUCCESS] bvid=BV1fLDvBdE1X 已成功抓取全部所需数据。
[2026-04-12 22:42:44] [SUCCESS] bvid=BV1xUQFB3EjB 已成功抓取全部所需数据。
[2026-04-12 22:42:51] [SUCCESS] bvid=BV1xUQFB3EXr 已成功抓取全部所需数据。
[2026-04-12 22:42:58] [SUCCESS] bvid=BV115DDBkEvD 已成功抓取全部所需数据。
[2026-04-12 22:43:05] [SUCCESS] bvid=BV1K9QwB1EmK 已成功抓取全部所需数据。
[2026-04-12 22:43:11] [SUCCESS] bvid=BV1xgQFBTEh5 已成功抓取全部所需数据。
[2026-04-12 22:43:18] [SUCCESS] bvid=BV1AbD1BZEco 已成功抓取全部所需数据。
[2026-04-12 22:43:24] [SUCCESS] bvid=BV1RXQcB4Eed 已成功抓取全部所需数据。
[2026-04-12 22:43:31] [SUCCESS] bvid=BV1HcQcBAEed 已成功抓取全部所需数据。
[2026-04-12 22:43:38] [SUCCESS] bvid=BV19jQABfEhk 已成功抓取全部所需数据。
[2026-04-12 22:43:45] [SUCCESS] bvid=BV1noD2BtE8m 已成功抓取全部所需数据。
[2026-04-12 22:43:51] [SUCCESS] bvid=BV1yGDUBKErS 已成功抓取全部所需数据。
[2026-04-12 22:43:58] [SUCCESS] bvid=BV16WDDBiETG 已成功抓取全部所需数据。
[2026-04-12 22:44:04] [SUCCESS] bvid=BV16xDDBNEWn 已成功抓取全部所需数据。
[2026-04-12 22:44:11] [SUCCESS] bvid=BV1MMDDBmEiV 已成功抓取全部所需数据。
[2026-04-12 22:44:17] [SUCCESS] bvid=BV1MNDDBSETv 已成功抓取全部所需数据。
[2026-04-12 22:44:24] [SUCCESS] bvid=BV1tgDDBjE7y 已成功抓取全部所需数据。
[2026-04-12 22:44:31] [SUCCESS] bvid=BV1gNDDBSEJ4 已成功抓取全部所需数据。
[2026-04-12 22:44:37] [SUCCESS] bvid=BV1SNDDBUEQM 已成功抓取全部所需数据。
[2026-04-12 22:44:44] [SUCCESS] bvid=BV1SNDDBUEsa 已成功抓取全部所需数据。
[2026-04-12 22:44:51] [SUCCESS] bvid=BV1uNDDBSEd6 已成功抓取全部所需数据。
[2026-04-12 22:44:57] [SUCCESS] bvid=BV1x5DDBCEN2 已成功抓取全部所需数据。
[2026-04-12 22:45:04] [SUCCESS] bvid=BV1NxDmBBEfb 已成功抓取全部所需数据。
[2026-04-12 22:45:11] [SUCCESS] bvid=BV1hFQwBQEdw 已成功抓取全部所需数据。
[2026-04-12 22:45:18] [SUCCESS] bvid=BV1Z6D1BJEbT 已成功抓取全部所需数据。
[2026-04-12 22:45:24] [SUCCESS] bvid=BV1yjDDB3EQn 已成功抓取全部所需数据。
[2026-04-12 22:45:31] [SUCCESS] bvid=BV1WjDDBGE3p 已成功抓取全部所需数据。
[2026-04-12 22:45:38] [SUCCESS] bvid=BV1VVDmB2EcK 已成功抓取全部所需数据。
[2026-04-12 22:45:45] [SUCCESS] bvid=BV1yjDDB3E8V 已成功抓取全部所需数据。
[2026-04-12 22:55:51] [SUCCESS] bvid=BV1x3DDB1E8L 已成功抓取全部所需数据。
[2026-04-12 22:55:57] [SUCCESS] bvid=BV123DDByEqF 已成功抓取全部所需数据。
[2026-04-12 22:56:02] [SUCCESS] bvid=BV1T3DDB1E8E 已成功抓取全部所需数据。
[2026-04-12 22:56:08] [SUCCESS] bvid=BV1NVDDB5EWL 已成功抓取全部所需数据。
[2026-04-12 22:56:14] [SUCCESS] bvid=BV1KVDDB5EPC 已成功抓取全部所需数据。
[2026-04-12 22:56:19] [SUCCESS] bvid=BV1AhDmBNEUC 已成功抓取全部所需数据。
[2026-04-12 22:56:25] [SUCCESS] bvid=BV1TxDmBBEYL 已成功抓取全部所需数据。
[2026-04-12 22:56:31] [SUCCESS] bvid=BV14yDZBKE51 已成功抓取全部所需数据。
[2026-04-12 22:56:37] [SUCCESS] bvid=BV1uFDUBLEXK 已成功抓取全部所需数据。
[2026-04-12 22:56:43] [SUCCESS] bvid=BV1uFDUBLE2B 已成功抓取全部所需数据。
[2026-04-12 22:56:48] [SUCCESS] bvid=BV1fZSSB8E28 已成功抓取全部所需数据。
[2026-04-12 22:56:54] [SUCCESS] bvid=BV1fnQuBnE2D 已成功抓取全部所需数据。
[2026-04-12 22:56:59] [SUCCESS] bvid=BV1iVD7BNEpi 已成功抓取全部所需数据。
[2026-04-12 22:57:05] [SUCCESS] bvid=BV1YbD2B2E18 已成功抓取全部所需数据。
[2026-04-12 22:57:11] [SUCCESS] bvid=BV14nQMBaEta 已成功抓取全部所需数据。
[2026-04-12 22:57:17] [SUCCESS] bvid=BV1wvDmBaEKx 已成功抓取全部所需数据。
[2026-04-12 22:57:22] [SUCCESS] bvid=BV1HqDmBcEuc 已成功抓取全部所需数据。
[2026-04-12 22:57:28] [SUCCESS] bvid=BV1AeDmBAEvZ 已成功抓取全部所需数据。
[2026-04-12 22:57:33] [SUCCESS] bvid=BV1WeDmBAEgN 已成功抓取全部所需数据。
[2026-04-12 22:57:39] [SUCCESS] bvid=BV1gEDmBVEjZ 已成功抓取全部所需数据。
[2026-04-12 22:57:45] [SUCCESS] bvid=BV1GVDmB2EwY 已成功抓取全部所需数据。
[2026-04-12 22:57:50] [SUCCESS] bvid=BV13LDmBLE4M 已成功抓取全部所需数据。
[2026-04-12 22:57:55] [SUCCESS] bvid=BV1bpDmB6EJn 已成功抓取全部所需数据。
[2026-04-12 22:58:01] [SUCCESS] bvid=BV1MsDmBgE3S 已成功抓取全部所需数据。
[2026-04-12 22:58:06] [SUCCESS] bvid=BV14pDmB6ES3 已成功抓取全部所需数据。
[2026-04-12 22:58:12] [SUCCESS] bvid=BV1TsDmBuEmH 已成功抓取全部所需数据。
[2026-04-12 22:58:17] [SUCCESS] bvid=BV1gJDmBkEM7 已成功抓取全部所需数据。
[2026-04-12 22:58:23] [SUCCESS] bvid=BV18JDmBkEeA 已成功抓取全部所需数据。
[2026-04-12 22:58:28] [SUCCESS] bvid=BV1sKDZBwEyT 已成功抓取全部所需数据。
[2026-04-12 22:58:34] [SUCCESS] bvid=BV1aXDfBUEin 已成功抓取全部所需数据。
[2026-04-12 22:58:34] [INFO] 当前 batch_crawl 已完成，所有视频均已成功抓取。
[2026-04-12 22:58:34] 子任务结束时间：2026-04-12T22:58:34.968427
[TIMESTAMP][END] 2026-04-12T22:58:34
