[TIMESTAMP][BEGIN] 2026-04-13T09:22:49
[2026-04-13 09:22:52] 开始执行 CSV 批量抓取子任务 part_54。
[2026-04-13 09:22:52] 子任务开始时间：2026-04-13T09:22:49.918087
[2026-04-13 09:22:52] 输入文件：batch_input_54.csv
[2026-04-13 09:22:52] 输入唯一 bvid 数量：100
[2026-04-13 09:22:52] 为严格按 CSV 顺序判断连续失败阈值，本次任务自动将并发度从 2 调整为 1。
[2026-04-13 09:22:59] [SUCCESS] bvid=BV1YkSZBCE5K 已成功抓取全部所需数据。
[2026-04-13 09:23:05] [SUCCESS] bvid=BV1nxSZBsEQH 已成功抓取全部所需数据。
[2026-04-13 09:23:11] [SUCCESS] bvid=BV1HxSZBxEb8 已成功抓取全部所需数据。
[2026-04-13 09:23:17] [SUCCESS] bvid=BV1nxSZBsE6N 已成功抓取全部所需数据。
[2026-04-13 09:23:23] [SUCCESS] bvid=BV1cxSZBxEq4 已成功抓取全部所需数据。
[2026-04-13 09:23:31] [SUCCESS] bvid=BV1nxSZBsEfj 已成功抓取全部所需数据。
[2026-04-13 09:23:37] [SUCCESS] bvid=BV1nxSZBsEi6 已成功抓取全部所需数据。
[2026-04-13 09:23:43] [SUCCESS] bvid=BV1nxSZBsEvm 已成功抓取全部所需数据。
[2026-04-13 09:23:50] [SUCCESS] bvid=BV1rxSZBsErs 已成功抓取全部所需数据。
[2026-04-13 09:23:56] [SUCCESS] bvid=BV1ppSZB4EWk 已成功抓取全部所需数据。
[2026-04-13 09:24:02] [SUCCESS] bvid=BV1n4SZB9Eue 已成功抓取全部所需数据。
[2026-04-13 09:24:08] [SUCCESS] bvid=BV1F4SZBREfB 已成功抓取全部所需数据。
[2026-04-13 09:24:14] [SUCCESS] bvid=BV1J4SZB9EWk 已成功抓取全部所需数据。
[2026-04-13 09:24:20] [SUCCESS] bvid=BV164SZB9ESs 已成功抓取全部所需数据。
[2026-04-13 09:24:26] [SUCCESS] bvid=BV1n4SZB9Egm 已成功抓取全部所需数据。
[2026-04-13 09:24:32] [SUCCESS] bvid=BV1J4SZB9ExP 已成功抓取全部所需数据。
[2026-04-13 09:24:38] [SUCCESS] bvid=BV1n4SZB9EGS 已成功抓取全部所需数据。
[2026-04-13 09:24:45] [SUCCESS] bvid=BV1ppSZB4Eph 已成功抓取全部所需数据。
[2026-04-13 09:24:51] [SUCCESS] bvid=BV1ppSZB4Etx 已成功抓取全部所需数据。
[2026-04-13 09:24:57] [SUCCESS] bvid=BV1ppSZB4EuN 已成功抓取全部所需数据。
[2026-04-13 09:25:03] [SUCCESS] bvid=BV1ppSZBtEcP 已成功抓取全部所需数据。
[2026-04-13 09:25:09] [SUCCESS] bvid=BV1ppSZB4EcP 已成功抓取全部所需数据。
[2026-04-13 09:25:16] [SUCCESS] bvid=BV1WpSZB4Epa 已成功抓取全部所需数据。
[2026-04-13 09:25:21] [SUCCESS] bvid=BV1ppSZB4En7 已成功抓取全部所需数据。
[2026-04-13 09:25:27] [SUCCESS] bvid=BV1CpSZB4ETm 已成功抓取全部所需数据。
[2026-04-13 09:25:33] [SUCCESS] bvid=BV1ppSZB4E8C 已成功抓取全部所需数据。
[2026-04-13 09:25:39] [SUCCESS] bvid=BV1HWSZBdEvh 已成功抓取全部所需数据。
[2026-04-13 09:25:45] [SUCCESS] bvid=BV1nWSZBdEUy 已成功抓取全部所需数据。
[2026-04-13 09:25:51] [SUCCESS] bvid=BV1HWSZBdErM 已成功抓取全部所需数据。
[2026-04-13 09:25:57] [SUCCESS] bvid=BV1pWSZBdEq8 已成功抓取全部所需数据。
[2026-04-13 09:26:04] [SUCCESS] bvid=BV17aSZBnEDj 已成功抓取全部所需数据。
[2026-04-13 09:26:10] [SUCCESS] bvid=BV1HWSZBdE7D 已成功抓取全部所需数据。
[2026-04-13 09:26:16] [SUCCESS] bvid=BV1HWSZBdEke 已成功抓取全部所需数据。
[2026-04-13 09:26:22] [SUCCESS] bvid=BV1cWSZBRE2R 已成功抓取全部所需数据。
[2026-04-13 09:26:28] [SUCCESS] bvid=BV17aSZBnErC 已成功抓取全部所需数据。
[2026-04-13 09:26:34] [SUCCESS] bvid=BV1rpSdBUECk 已成功抓取全部所需数据。
[2026-04-13 09:26:40] [SUCCESS] bvid=BV1JbSZBpEVZ 已成功抓取全部所需数据。
[2026-04-13 09:26:46] [SUCCESS] bvid=BV1B2SRBVEQ4 已成功抓取全部所需数据。
[2026-04-13 09:26:52] [SUCCESS] bvid=BV1J2SRB5EN4 已成功抓取全部所需数据。
[2026-04-13 09:26:58] [SUCCESS] bvid=BV1z2SRBVEMo 已成功抓取全部所需数据。
[2026-04-13 09:27:04] [SUCCESS] bvid=BV1fmSRBkEzL 已成功抓取全部所需数据。
[2026-04-13 09:27:10] [SUCCESS] bvid=BV1cCSRBjEY7 已成功抓取全部所需数据。
[2026-04-13 09:27:15] [SUCCESS] bvid=BV19dSXBbE5a 已成功抓取全部所需数据。
[2026-04-13 09:27:20] [SUCCESS] bvid=BV1rCSRBLEto 已成功抓取全部所需数据。
[2026-04-13 09:27:25] [SUCCESS] bvid=BV1cCSRBjEfk 已成功抓取全部所需数据。
[2026-04-13 09:27:29] [SUCCESS] bvid=BV1mnSDByECV 已成功抓取全部所需数据。
[2026-04-13 09:27:34] [SUCCESS] bvid=BV16CSRBLEvg 已成功抓取全部所需数据。
[2026-04-13 09:27:39] [SUCCESS] bvid=BV16ySRByEk9 已成功抓取全部所需数据。
[2026-04-13 09:27:44] [SUCCESS] bvid=BV1dXSRBuEGv 已成功抓取全部所需数据。
[2026-04-13 09:27:49] [SUCCESS] bvid=BV1fySRByEST 已成功抓取全部所需数据。
[2026-04-13 09:27:54] [SUCCESS] bvid=BV16ySRByEA2 已成功抓取全部所需数据。
[2026-04-13 09:27:59] [SUCCESS] bvid=BV1cySRB1ENq 已成功抓取全部所需数据。
[2026-04-13 09:28:04] [SUCCESS] bvid=BV1jXSRBgEdz 已成功抓取全部所需数据。
[2026-04-13 09:28:09] [SUCCESS] bvid=BV1BSSRB3EV7 已成功抓取全部所需数据。
[2026-04-13 09:28:14] [SUCCESS] bvid=BV1BDSRBrEGH 已成功抓取全部所需数据。
[2026-04-13 09:28:19] [SUCCESS] bvid=BV1v9SRBBEXh 已成功抓取全部所需数据。
[2026-04-13 09:28:24] [SUCCESS] bvid=BV159SRBzEkL 已成功抓取全部所需数据。
[2026-04-13 09:28:29] [SUCCESS] bvid=BV1iDSRB6EYU 已成功抓取全部所需数据。
[2026-04-13 09:28:34] [SUCCESS] bvid=BV1qDSRB6Epn 已成功抓取全部所需数据。
[2026-04-13 09:28:39] [SUCCESS] bvid=BV1seSRBpEbj 已成功抓取全部所需数据。
[2026-04-13 09:28:47] [SUCCESS] bvid=BV1PvSRBQE5P 已成功抓取全部所需数据。
[2026-04-13 09:28:53] [SUCCESS] bvid=BV12aSRBXEKA 已成功抓取全部所需数据。
[2026-04-13 09:28:58] [SUCCESS] bvid=BV1yvSRBDEae 已成功抓取全部所需数据。
[2026-04-13 09:29:03] [SUCCESS] bvid=BV1CvSRBDEbC 已成功抓取全部所需数据。
[2026-04-13 09:29:08] [SUCCESS] bvid=BV1yvSRBDEoV 已成功抓取全部所需数据。
[2026-04-13 09:29:13] [SUCCESS] bvid=BV11hSRBWESF 已成功抓取全部所需数据。
[2026-04-13 09:29:18] [SUCCESS] bvid=BV1jhSdBVEhf 已成功抓取全部所需数据。
[2026-04-13 09:29:23] [SUCCESS] bvid=BV12hSRBWEhu 已成功抓取全部所需数据。
[2026-04-13 09:29:28] [SUCCESS] bvid=BV12aSRBXEws 已成功抓取全部所需数据。
[2026-04-13 09:29:34] [SUCCESS] bvid=BV1KaSRB9EKA 已成功抓取全部所需数据。
[2026-04-13 09:29:39] [SUCCESS] bvid=BV1r6SRB7Eio 已成功抓取全部所需数据。
[2026-04-13 09:29:44] [SUCCESS] bvid=BV1rrSRB2ESD 已成功抓取全部所需数据。
[2026-04-13 09:29:49] [SUCCESS] bvid=BV1YoSRBiE4J 已成功抓取全部所需数据。
[2026-04-13 09:29:54] [SUCCESS] bvid=BV1AqSRBnEVa 已成功抓取全部所需数据。
[2026-04-13 09:29:59] [SUCCESS] bvid=BV1CBSRBUE7m 已成功抓取全部所需数据。
[2026-04-13 09:30:05] [SUCCESS] bvid=BV1zpDNB6EE6 已成功抓取全部所需数据。
[2026-04-13 09:30:09] [SUCCESS] bvid=BV1kBSRBUEJw 已成功抓取全部所需数据。
[2026-04-13 09:30:15] [SUCCESS] bvid=BV1ABSRBSEWK 已成功抓取全部所需数据。
[2026-04-13 09:30:20] [SUCCESS] bvid=BV1kBSRBUEba 已成功抓取全部所需数据。
[2026-04-13 09:30:25] [SUCCESS] bvid=BV1WBSRBSEVi 已成功抓取全部所需数据。
[2026-04-13 09:30:30] [SUCCESS] bvid=BV1KgSdBZELv 已成功抓取全部所需数据。
[2026-04-13 09:30:35] [SUCCESS] bvid=BV1tgSdBoEnZ 已成功抓取全部所需数据。
[2026-04-13 09:30:40] [SUCCESS] bvid=BV1CBSRBUEzg 已成功抓取全部所需数据。
[2026-04-13 09:30:44] [SUCCESS] bvid=BV1tgSdBoE8Z 已成功抓取全部所需数据。
[2026-04-13 09:30:49] [SUCCESS] bvid=BV1xgSdBoEmK 已成功抓取全部所需数据。
[2026-04-13 09:30:54] [SUCCESS] bvid=BV1CN9MB8E3r 已成功抓取全部所需数据。
[2026-04-13 09:30:59] [SUCCESS] bvid=BV1QG9uBCEcx 已成功抓取全部所需数据。
[2026-04-13 09:31:04] [SUCCESS] bvid=BV1gG9uByEkT 已成功抓取全部所需数据。
[2026-04-13 09:31:09] [SUCCESS] bvid=BV1X3SDBDEiK 已成功抓取全部所需数据。
[2026-04-13 09:31:14] [SUCCESS] bvid=BV1GCSdBNExB 已成功抓取全部所需数据。
[2026-04-13 09:31:20] [SUCCESS] bvid=BV1JSDMBUErh 已成功抓取全部所需数据。
[2026-04-13 09:31:25] [SUCCESS] bvid=BV1qA9FBfEiY 已成功抓取全部所需数据。
[2026-04-13 09:31:30] [SUCCESS] bvid=BV1ZZSSB8EdX 已成功抓取全部所需数据。
[2026-04-13 09:31:35] [SUCCESS] bvid=BV1QnSRBcEUu 已成功抓取全部所需数据。
[2026-04-13 09:31:41] [SUCCESS] bvid=BV1xwXfBrErL 已成功抓取全部所需数据。
[2026-04-13 09:31:46] [SUCCESS] bvid=BV1jWSQBaEZA 已成功抓取全部所需数据。
[2026-04-13 09:31:51] [SUCCESS] bvid=BV1QM9TBBEe3 已成功抓取全部所需数据。
[2026-04-13 09:31:56] [SUCCESS] bvid=BV1bBSSB5ERF 已成功抓取全部所需数据。
[2026-04-13 09:32:01] [SUCCESS] bvid=BV16d9MBxENY 已成功抓取全部所需数据。
[2026-04-13 09:32:07] [SUCCESS] bvid=BV1Zd9MBsEz1 已成功抓取全部所需数据。
[2026-04-13 09:32:07] [INFO] 当前 batch_crawl 已完成，所有视频均已成功抓取。
[2026-04-13 09:32:07] 子任务结束时间：2026-04-13T09:32:07.224722
[TIMESTAMP][END] 2026-04-13T09:32:07
