[TIMESTAMP][BEGIN] 2026-04-13T04:10:09
[2026-04-13 04:10:11] 开始执行 CSV 批量抓取子任务 part_27。
[2026-04-13 04:10:11] 子任务开始时间：2026-04-13T04:10:09.600168
[2026-04-13 04:10:11] 输入文件：batch_input_27.csv
[2026-04-13 04:10:11] 输入唯一 bvid 数量：100
[2026-04-13 04:10:11] 为严格按 CSV 顺序判断连续失败阈值，本次任务自动将并发度从 2 调整为 1。
[2026-04-13 04:10:16] [SUCCESS] bvid=BV1V3DsBSEgC 已成功抓取全部所需数据。
[2026-04-13 04:10:21] [SUCCESS] bvid=BV1gMDnBKE4A 已成功抓取全部所需数据。
[2026-04-13 04:10:27] [SUCCESS] bvid=BV1a3DsBSE12 已成功抓取全部所需数据。
[2026-04-13 04:10:32] [SUCCESS] bvid=BV1GgDsBnEpQ 已成功抓取全部所需数据。
[2026-04-13 04:10:37] [SUCCESS] bvid=BV1X3DsBUEPc 已成功抓取全部所需数据。
[2026-04-13 04:10:42] [SUCCESS] bvid=BV1RMDsBDEDC 已成功抓取全部所需数据。
[2026-04-13 04:10:47] [SUCCESS] bvid=BV15wDnBgEjD 已成功抓取全部所需数据。
[2026-04-13 04:10:52] [SUCCESS] bvid=BV1hcDjBsEtm 已成功抓取全部所需数据。
[2026-04-13 04:10:57] [SUCCESS] bvid=BV1RADpBjEWM 已成功抓取全部所需数据。
[2026-04-13 04:11:02] [SUCCESS] bvid=BV1vMDsBQErN 已成功抓取全部所需数据。
[2026-04-13 04:11:07] [SUCCESS] bvid=BV1GgDsBnEDw 已成功抓取全部所需数据。
[2026-04-13 04:11:12] [SUCCESS] bvid=BV19gDsBJEit 已成功抓取全部所需数据。
[2026-04-13 04:11:17] [SUCCESS] bvid=BV1g7DsB1EYr 已成功抓取全部所需数据。
[2026-04-13 04:11:22] [SUCCESS] bvid=BV1S7DsByEfi 已成功抓取全部所需数据。
[2026-04-13 04:11:27] [SUCCESS] bvid=BV1UJDsBVE9n 已成功抓取全部所需数据。
[2026-04-13 04:11:32] [SUCCESS] bvid=BV1uJDsB5E2g 已成功抓取全部所需数据。
[2026-04-13 04:11:37] [SUCCESS] bvid=BV1UJDsBVEa7 已成功抓取全部所需数据。
[2026-04-13 04:11:42] [SUCCESS] bvid=BV1UJDsBVEdE 已成功抓取全部所需数据。
[2026-04-13 04:11:47] [SUCCESS] bvid=BV1D5DsB2EL1 已成功抓取全部所需数据。
[2026-04-13 04:11:52] [SUCCESS] bvid=BV1Q5DsB2EBb 已成功抓取全部所需数据。
[2026-04-13 04:11:57] [SUCCESS] bvid=BV1vSDsBXEMV 已成功抓取全部所需数据。
[2026-04-13 04:12:02] [SUCCESS] bvid=BV1hjDsBjE9s 已成功抓取全部所需数据。
[2026-04-13 04:12:07] [SUCCESS] bvid=BV1iUDsBWEuX 已成功抓取全部所需数据。
[2026-04-13 04:12:12] [SUCCESS] bvid=BV1SjDsBLEf5 已成功抓取全部所需数据。
[2026-04-13 04:12:17] [SUCCESS] bvid=BV1eUDsBWE2k 已成功抓取全部所需数据。
[2026-04-13 04:12:22] [SUCCESS] bvid=BV1YUDsBWEoT 已成功抓取全部所需数据。
[2026-04-13 04:12:27] [SUCCESS] bvid=BV1URDpBrEqL 已成功抓取全部所需数据。
[2026-04-13 04:12:32] [SUCCESS] bvid=BV1BvDpBsEQh 已成功抓取全部所需数据。
[2026-04-13 04:12:37] [SUCCESS] bvid=BV1YSDsBXErQ 已成功抓取全部所需数据。
[2026-04-13 04:12:42] [SUCCESS] bvid=BV19SDsBXEf1 已成功抓取全部所需数据。
[2026-04-13 04:12:47] [SUCCESS] bvid=BV1AyDJBQELV 已成功抓取全部所需数据。
[2026-04-13 04:12:52] [SUCCESS] bvid=BV1kwDkBUE4r 已成功抓取全部所需数据。
[2026-04-13 04:12:57] [SUCCESS] bvid=BV1kxDnBXELZ 已成功抓取全部所需数据。
[2026-04-13 04:13:02] [SUCCESS] bvid=BV1ECDsBZE7P 已成功抓取全部所需数据。
[2026-04-13 04:13:07] [SUCCESS] bvid=BV1i2DsBREbj 已成功抓取全部所需数据。
[2026-04-13 04:13:12] [SUCCESS] bvid=BV1i2DsBdED9 已成功抓取全部所需数据。
[2026-04-13 04:13:17] [SUCCESS] bvid=BV1v2DsBREZF 已成功抓取全部所需数据。
[2026-04-13 04:13:22] [SUCCESS] bvid=BV1i2DsBREFS 已成功抓取全部所需数据。
[2026-04-13 04:13:27] [SUCCESS] bvid=BV1aXDsBDEn5 已成功抓取全部所需数据。
[2026-04-13 04:13:32] [SUCCESS] bvid=BV1QRDsBJE96 已成功抓取全部所需数据。
[2026-04-13 04:23:37] [SUCCESS] bvid=BV1hdDsBUENo 已成功抓取全部所需数据。
[2026-04-13 04:23:42] [SUCCESS] bvid=BV1XRDsBJEn5 已成功抓取全部所需数据。
[2026-04-13 04:23:48] [SUCCESS] bvid=BV1adDsBUETK 已成功抓取全部所需数据。
[2026-04-13 04:23:53] [SUCCESS] bvid=BV1adDsBUEsh 已成功抓取全部所需数据。
[2026-04-13 04:23:58] [SUCCESS] bvid=BV1adDsBUEgC 已成功抓取全部所需数据。
[2026-04-13 04:24:03] [SUCCESS] bvid=BV18dDsBUERG 已成功抓取全部所需数据。
[2026-04-13 04:34:08] [SUCCESS] bvid=BV1hdDsBUErD 已成功抓取全部所需数据。
[2026-04-13 04:34:13] [SUCCESS] bvid=BV1YQDsBHEKV 已成功抓取全部所需数据。
[2026-04-13 04:34:18] [SUCCESS] bvid=BV1YQDsBHExi 已成功抓取全部所需数据。
[2026-04-13 04:34:22] [SUCCESS] bvid=BV1eQDsBHEng 已成功抓取全部所需数据。
[2026-04-13 04:34:27] [SUCCESS] bvid=BV1eQDsBHEvH 已成功抓取全部所需数据。
[2026-04-13 04:34:32] [SUCCESS] bvid=BV1YXDsBDEqU 已成功抓取全部所需数据。
[2026-04-13 04:34:32] [ERROR] bvid=BV19XDsBDEHP 抓取失败：stat: 接口返回错误代码：62012，信息：62012。
{'code': 62012, 'message': '62012', 'ttl': 1} | comment: 接口返回错误代码：62012，信息：62012。
{'code': 62012, 'message': '62012', 'ttl': 1}
[2026-04-13 04:34:37] [SUCCESS] bvid=BV1FiDsBYEuk 已成功抓取全部所需数据。
[2026-04-13 04:34:42] [SUCCESS] bvid=BV1YXDsBDEMp 已成功抓取全部所需数据。
[2026-04-13 04:34:47] [SUCCESS] bvid=BV1rYDsBeE9a 已成功抓取全部所需数据。
[2026-04-13 04:34:52] [SUCCESS] bvid=BV1cBDsBwEMQ 已成功抓取全部所需数据。
[2026-04-13 04:34:57] [SUCCESS] bvid=BV1kYDsBeEUX 已成功抓取全部所需数据。
[2026-04-13 04:35:02] [SUCCESS] bvid=BV1rYDsBeErG 已成功抓取全部所需数据。
[2026-04-13 04:35:07] [SUCCESS] bvid=BV1rYDsBeErr 已成功抓取全部所需数据。
[2026-04-13 04:35:12] [SUCCESS] bvid=BV1wYDsBvEoe 已成功抓取全部所需数据。
[2026-04-13 04:35:17] [SUCCESS] bvid=BV1wYDsBvEoP 已成功抓取全部所需数据。
[2026-04-13 04:35:22] [SUCCESS] bvid=BV1cvDsBPEY7 已成功抓取全部所需数据。
[2026-04-13 04:35:27] [SUCCESS] bvid=BV1wvDsBPEvv 已成功抓取全部所需数据。
[2026-04-13 04:35:32] [SUCCESS] bvid=BV1wvDsBPErv 已成功抓取全部所需数据。
[2026-04-13 04:35:37] [SUCCESS] bvid=BV1BkDsBtEbs 已成功抓取全部所需数据。
[2026-04-13 04:35:42] [SUCCESS] bvid=BV1fkDsBtEhe 已成功抓取全部所需数据。
[2026-04-13 04:35:47] [SUCCESS] bvid=BV1zzDsB8Efd 已成功抓取全部所需数据。
[2026-04-13 04:35:52] [SUCCESS] bvid=BV1zzDsB8EnC 已成功抓取全部所需数据。
[2026-04-13 04:45:57] [SUCCESS] bvid=BV16zDsB8EFi 已成功抓取全部所需数据。
[2026-04-13 04:46:02] [SUCCESS] bvid=BV1zzDsB8EdB 已成功抓取全部所需数据。
[2026-04-13 04:46:07] [SUCCESS] bvid=BV1zzDsB8E3b 已成功抓取全部所需数据。
[2026-04-13 04:46:12] [SUCCESS] bvid=BV1xADWBKEEz 已成功抓取全部所需数据。
[2026-04-13 04:46:17] [SUCCESS] bvid=BV1zzDsB8EMk 已成功抓取全部所需数据。
[2026-04-13 04:46:21] [SUCCESS] bvid=BV1f6DsBfEkY 已成功抓取全部所需数据。
[2026-04-13 04:46:26] [SUCCESS] bvid=BV1z6DsBfENN 已成功抓取全部所需数据。
[2026-04-13 04:46:31] [SUCCESS] bvid=BV1UJSDBLE8p 已成功抓取全部所需数据。
[2026-04-13 04:46:36] [SUCCESS] bvid=BV1aCDEBYEMR 已成功抓取全部所需数据。
[2026-04-13 04:46:41] [SUCCESS] bvid=BV1oZDHBSE5v 已成功抓取全部所需数据。
[2026-04-13 04:46:46] [SUCCESS] bvid=BV1n9DHBWEgd 已成功抓取全部所需数据。
[2026-04-13 04:46:51] [SUCCESS] bvid=BV1f9DHBpEv1 已成功抓取全部所需数据。
[2026-04-13 04:46:56] [SUCCESS] bvid=BV1RPDpB1EYz 已成功抓取全部所需数据。
[2026-04-13 04:47:01] [SUCCESS] bvid=BV1RADpBjESJ 已成功抓取全部所需数据。
[2026-04-13 04:47:06] [SUCCESS] bvid=BV1RADpBjEmV 已成功抓取全部所需数据。
[2026-04-13 04:47:11] [SUCCESS] bvid=BV1iADpB7E3R 已成功抓取全部所需数据。
[2026-04-13 04:47:16] [SUCCESS] bvid=BV19PDpB1EWu 已成功抓取全部所需数据。
[2026-04-13 04:47:21] [SUCCESS] bvid=BV1dADpBjEij 已成功抓取全部所需数据。
[2026-04-13 04:47:26] [SUCCESS] bvid=BV19PDpB1EDQ 已成功抓取全部所需数据。
[2026-04-13 04:47:31] [SUCCESS] bvid=BV1RPDpB1EHJ 已成功抓取全部所需数据。
[2026-04-13 04:47:36] [SUCCESS] bvid=BV1oFDpBEEUe 已成功抓取全部所需数据。
[2026-04-13 04:47:41] [SUCCESS] bvid=BV1LcDpBUEit 已成功抓取全部所需数据。
[2026-04-13 04:47:47] [SUCCESS] bvid=BV1WyDHB8EuV 已成功抓取全部所需数据。
[2026-04-13 04:47:52] [SUCCESS] bvid=BV1dcDpBmEE4 已成功抓取全部所需数据。
[2026-04-13 04:47:57] [SUCCESS] bvid=BV1jcDpBUEbA 已成功抓取全部所需数据。
[2026-04-13 04:48:02] [SUCCESS] bvid=BV1ocDpBmEbn 已成功抓取全部所需数据。
[2026-04-13 04:48:07] [SUCCESS] bvid=BV1p1DHBfEUN 已成功抓取全部所需数据。
[2026-04-13 04:48:12] [SUCCESS] bvid=BV1P1DHBfENs 已成功抓取全部所需数据。
[2026-04-13 04:48:17] [SUCCESS] bvid=BV1cDDHBxEvR 已成功抓取全部所需数据。
[2026-04-13 04:48:22] [SUCCESS] bvid=BV1KrDHBaELa 已成功抓取全部所需数据。
[2026-04-13 04:48:27] [SUCCESS] bvid=BV1NCDHBcETi 已成功抓取全部所需数据。
[2026-04-13 04:48:27] [WARN] 当前子任务已结束，但仍有未成功抓取的视频，已导出 remaining CSV 供继续执行。
[2026-04-13 04:48:27] [INFO] 已导出剔除成功条目后的剩余 CSV：D:\Schoolworks\Thesis\Bilibili-Datahub\outputs\video_data\manual_crawls\manual_crawl_stat_comment_20260412_215415\remaining_bvids_part_27.csv
[2026-04-13 04:48:27] 子任务结束时间：2026-04-13T04:48:27.244557
[TIMESTAMP][END] 2026-04-13T04:48:27
