[TIMESTAMP][BEGIN] 2026-04-13T05:53:30
[2026-04-13 05:53:32] 开始执行 CSV 批量抓取子任务 part_32。
[2026-04-13 05:53:32] 子任务开始时间：2026-04-13T05:53:30.792751
[2026-04-13 05:53:32] 输入文件：batch_input_32.csv
[2026-04-13 05:53:32] 输入唯一 bvid 数量：100
[2026-04-13 05:53:32] 为严格按 CSV 顺序判断连续失败阈值，本次任务自动将并发度从 2 调整为 1。
[2026-04-13 05:53:37] [SUCCESS] bvid=BV1C7DEBnESJ 已成功抓取全部所需数据。
[2026-04-13 05:53:42] [SUCCESS] bvid=BV1y7DEBnEcj 已成功抓取全部所需数据。
[2026-04-13 05:53:47] [SUCCESS] bvid=BV1N7DEBHEHp 已成功抓取全部所需数据。
[2026-04-13 05:53:52] [SUCCESS] bvid=BV1C7DEBnEyj 已成功抓取全部所需数据。
[2026-04-13 05:53:57] [SUCCESS] bvid=BV1s7DEBHEc3 已成功抓取全部所需数据。
[2026-04-13 05:54:02] [SUCCESS] bvid=BV1NGDEBREkX 已成功抓取全部所需数据。
[2026-04-13 05:54:07] [SUCCESS] bvid=BV11GDEB9E5j 已成功抓取全部所需数据。
[2026-04-13 05:54:12] [SUCCESS] bvid=BV15DDiBQEq6 已成功抓取全部所需数据。
[2026-04-13 05:54:17] [SUCCESS] bvid=BV1TGDEBREY4 已成功抓取全部所需数据。
[2026-04-13 05:54:22] [SUCCESS] bvid=BV12GDEB9EAu 已成功抓取全部所需数据。
[2026-04-13 05:54:27] [SUCCESS] bvid=BV1K5DEBWEEC 已成功抓取全部所需数据。
[2026-04-13 05:54:32] [SUCCESS] bvid=BV1rHDEBmEfU 已成功抓取全部所需数据。
[2026-04-13 05:54:37] [SUCCESS] bvid=BV1N5DEBWE4j 已成功抓取全部所需数据。
[2026-04-13 05:54:42] [SUCCESS] bvid=BV125DEBpEvM 已成功抓取全部所需数据。
[2026-04-13 05:54:47] [SUCCESS] bvid=BV1gNDEB8E5b 已成功抓取全部所需数据。
[2026-04-13 05:54:52] [SUCCESS] bvid=BV1rHDEBmE4z 已成功抓取全部所需数据。
[2026-04-13 05:54:57] [SUCCESS] bvid=BV1kHDEBmEUr 已成功抓取全部所需数据。
[2026-04-13 05:55:02] [SUCCESS] bvid=BV1kHDEBUEM8 已成功抓取全部所需数据。
[2026-04-13 05:55:07] [SUCCESS] bvid=BV1AHDEBUE3G 已成功抓取全部所需数据。
[2026-04-13 05:55:12] [SUCCESS] bvid=BV1kHDEBmEzt 已成功抓取全部所需数据。
[2026-04-13 05:55:17] [SUCCESS] bvid=BV1wWDEB7EL9 已成功抓取全部所需数据。
[2026-04-13 05:55:22] [SUCCESS] bvid=BV1yEDEBSExb 已成功抓取全部所需数据。
[2026-04-13 05:55:27] [SUCCESS] bvid=BV1AEDEBDEqJ 已成功抓取全部所需数据。
[2026-04-13 05:55:32] [SUCCESS] bvid=BV1yEDEBSEVJ 已成功抓取全部所需数据。
[2026-04-13 05:55:37] [SUCCESS] bvid=BV13PDEBcEoc 已成功抓取全部所需数据。
[2026-04-13 05:55:42] [SUCCESS] bvid=BV1knDEBEE71 已成功抓取全部所需数据。
[2026-04-13 05:55:47] [SUCCESS] bvid=BV1DPDEBFEW6 已成功抓取全部所需数据。
[2026-04-13 05:55:52] [SUCCESS] bvid=BV13PDEBcE9p 已成功抓取全部所需数据。
[2026-04-13 05:55:57] [SUCCESS] bvid=BV1gNDEB8EX5 已成功抓取全部所需数据。
[2026-04-13 05:56:02] [SUCCESS] bvid=BV1MuDEBdEhC 已成功抓取全部所需数据。
[2026-04-13 05:56:07] [SUCCESS] bvid=BV1RQDLB8E5A 已成功抓取全部所需数据。
[2026-04-13 05:56:12] [SUCCESS] bvid=BV1UuDEBdEWd 已成功抓取全部所需数据。
[2026-04-13 05:56:17] [SUCCESS] bvid=BV1UuDEBdECY 已成功抓取全部所需数据。
[2026-04-13 05:56:22] [SUCCESS] bvid=BV1muDEBdEuF 已成功抓取全部所需数据。
[2026-04-13 05:56:28] [SUCCESS] bvid=BV1t3DEBxEfA 已成功抓取全部所需数据。
[2026-04-13 05:56:33] [SUCCESS] bvid=BV1UuDEBoExr 已成功抓取全部所需数据。
[2026-04-13 05:56:38] [SUCCESS] bvid=BV123DEBsE8L 已成功抓取全部所需数据。
[2026-04-13 05:56:43] [SUCCESS] bvid=BV123DEBsEYt 已成功抓取全部所需数据。
[2026-04-13 05:56:48] [SUCCESS] bvid=BV1rJDjB3EFX 已成功抓取全部所需数据。
[2026-04-13 05:56:53] [SUCCESS] bvid=BV1LDDLBwEJn 已成功抓取全部所需数据。
[2026-04-13 05:56:58] [SUCCESS] bvid=BV15YDjBYEJZ 已成功抓取全部所需数据。
[2026-04-13 05:57:02] [SUCCESS] bvid=BV1ZeDuBmEDj 已成功抓取全部所需数据。
[2026-04-13 05:57:07] [SUCCESS] bvid=BV1MpDLBnEt7 已成功抓取全部所需数据。
[2026-04-13 05:57:12] [SUCCESS] bvid=BV1cWDrB1Et5 已成功抓取全部所需数据。
[2026-04-13 05:57:17] [SUCCESS] bvid=BV1uKDEBfE4e 已成功抓取全部所需数据。
[2026-04-13 05:57:22] [SUCCESS] bvid=BV1U3DEBsE3N 已成功抓取全部所需数据。
[2026-04-13 05:57:27] [SUCCESS] bvid=BV1UKDEBZEQp 已成功抓取全部所需数据。
[2026-04-13 05:57:32] [SUCCESS] bvid=BV1t3DEBxEkR 已成功抓取全部所需数据。
[2026-04-13 05:57:37] [SUCCESS] bvid=BV1bKDEBfEog 已成功抓取全部所需数据。
[2026-04-13 05:57:42] [SUCCESS] bvid=BV1SKDEBZE94 已成功抓取全部所需数据。
[2026-04-13 05:57:47] [SUCCESS] bvid=BV1uMDEBtEaZ 已成功抓取全部所需数据。
[2026-04-13 05:57:52] [SUCCESS] bvid=BV18MDEBtE7E 已成功抓取全部所需数据。
[2026-04-13 05:57:57] [SUCCESS] bvid=BV1MMDEBtEfH 已成功抓取全部所需数据。
[2026-04-13 05:58:02] [SUCCESS] bvid=BV1uMDEBtEx6 已成功抓取全部所需数据。
[2026-04-13 05:58:07] [SUCCESS] bvid=BV1bWDLBSEBB 已成功抓取全部所需数据。
[2026-04-13 05:58:12] [SUCCESS] bvid=BV1tpDLBnERW 已成功抓取全部所需数据。
[2026-04-13 05:58:17] [SUCCESS] bvid=BV1mxDLBEELD 已成功抓取全部所需数据。
[2026-04-13 05:58:21] [SUCCESS] bvid=BV1MxDLBEE3q 已成功抓取全部所需数据。
[2026-04-13 05:58:26] [SUCCESS] bvid=BV1txDLBEEnp 已成功抓取全部所需数据。
[2026-04-13 05:58:31] [SUCCESS] bvid=BV1upDLBnEUE 已成功抓取全部所需数据。
[2026-04-13 05:58:36] [SUCCESS] bvid=BV1TxDLBEEqv 已成功抓取全部所需数据。
[2026-04-13 05:58:42] [SUCCESS] bvid=BV18nDLBQEfE 已成功抓取全部所需数据。
[2026-04-13 05:58:47] [SUCCESS] bvid=BV13nDLBXEHt 已成功抓取全部所需数据。
[2026-04-13 05:58:52] [SUCCESS] bvid=BV1gnDLBQEiu 已成功抓取全部所需数据。
[2026-04-13 05:58:57] [SUCCESS] bvid=BV1e3DLBZEL9 已成功抓取全部所需数据。
[2026-04-13 05:59:02] [SUCCESS] bvid=BV1KbDLBjEAN 已成功抓取全部所需数据。
[2026-04-13 05:59:07] [SUCCESS] bvid=BV118DLB1EVJ 已成功抓取全部所需数据。
[2026-04-13 05:59:12] [SUCCESS] bvid=BV118DLB1ENA 已成功抓取全部所需数据。
[2026-04-13 05:59:17] [SUCCESS] bvid=BV1T4DLBmEX5 已成功抓取全部所需数据。
[2026-04-13 05:59:22] [SUCCESS] bvid=BV1W8DLB1EQ1 已成功抓取全部所需数据。
[2026-04-13 05:59:27] [SUCCESS] bvid=BV1N8DLB1ETQ 已成功抓取全部所需数据。
[2026-04-13 05:59:32] [SUCCESS] bvid=BV1P8DLB1EQJ 已成功抓取全部所需数据。
[2026-04-13 05:59:37] [SUCCESS] bvid=BV1omDLBAENW 已成功抓取全部所需数据。
[2026-04-13 05:59:42] [SUCCESS] bvid=BV1K8DLB1E57 已成功抓取全部所需数据。
[2026-04-13 05:59:47] [SUCCESS] bvid=BV1KbDLBjEwu 已成功抓取全部所需数据。
[2026-04-13 05:59:52] [SUCCESS] bvid=BV1M4DLBmEFc 已成功抓取全部所需数据。
[2026-04-13 05:59:57] [SUCCESS] bvid=BV1KbDLBjEm5 已成功抓取全部所需数据。
[2026-04-13 06:00:02] [SUCCESS] bvid=BV1xbDLBjEgB 已成功抓取全部所需数据。
[2026-04-13 06:00:07] [SUCCESS] bvid=BV1NbDLBjER1 已成功抓取全部所需数据。
[2026-04-13 06:00:12] [SUCCESS] bvid=BV1KbDLBjEdL 已成功抓取全部所需数据。
[2026-04-13 06:00:17] [SUCCESS] bvid=BV193DLBZE1p 已成功抓取全部所需数据。
[2026-04-13 06:00:22] [SUCCESS] bvid=BV1juDLBFEE6 已成功抓取全部所需数据。
[2026-04-13 06:00:27] [SUCCESS] bvid=BV1L3DLBZEwA 已成功抓取全部所需数据。
[2026-04-13 06:00:32] [SUCCESS] bvid=BV1N5DrBQErW 已成功抓取全部所需数据。
[2026-04-13 06:00:37] [SUCCESS] bvid=BV1TbDLBjEgB 已成功抓取全部所需数据。
[2026-04-13 06:00:42] [SUCCESS] bvid=BV1e3DLBZEFr 已成功抓取全部所需数据。
[2026-04-13 06:00:47] [SUCCESS] bvid=BV1juDLBFEiv 已成功抓取全部所需数据。
[2026-04-13 06:00:52] [SUCCESS] bvid=BV1JeDeBREVz 已成功抓取全部所需数据。
[2026-04-13 06:00:57] [SUCCESS] bvid=BV1VVDLB4EgA 已成功抓取全部所需数据。
[2026-04-13 06:01:02] [SUCCESS] bvid=BV1VgDLBbErW 已成功抓取全部所需数据。
[2026-04-13 06:01:07] [SUCCESS] bvid=BV15VDLB4EJt 已成功抓取全部所需数据。
[2026-04-13 06:01:12] [SUCCESS] bvid=BV1UPDjBHEwv 已成功抓取全部所需数据。
[2026-04-13 06:01:17] [SUCCESS] bvid=BV1qVDkB3E6S 已成功抓取全部所需数据。
[2026-04-13 06:01:22] [SUCCESS] bvid=BV1yjDjB5Enr 已成功抓取全部所需数据。
[2026-04-13 06:01:27] [SUCCESS] bvid=BV1LuDLBFEHc 已成功抓取全部所需数据。
[2026-04-13 06:01:32] [SUCCESS] bvid=BV1juDLBFEbV 已成功抓取全部所需数据。
[2026-04-13 06:01:37] [SUCCESS] bvid=BV1iuDLBFEFA 已成功抓取全部所需数据。
[2026-04-13 06:01:43] [SUCCESS] bvid=BV1LgDLBtE3M 已成功抓取全部所需数据。
[2026-04-13 06:01:48] [SUCCESS] bvid=BV1EUD6BzE5R 已成功抓取全部所需数据。
[2026-04-13 06:01:53] [SUCCESS] bvid=BV1VZDLB4Euf 已成功抓取全部所需数据。
[2026-04-13 06:01:53] [INFO] 当前 batch_crawl 已完成，所有视频均已成功抓取。
[2026-04-13 06:01:53] 子任务结束时间：2026-04-13T06:01:53.596560
[TIMESTAMP][END] 2026-04-13T06:01:53
