[TIMESTAMP][BEGIN] 2026-04-12T21:54:31
[2026-04-12 21:54:34] 开始执行 CSV 批量抓取子任务 part_1。
[2026-04-12 21:54:34] 子任务开始时间：2026-04-12T21:54:31.948898
[2026-04-12 21:54:34] 输入文件：batch_input_1.csv
[2026-04-12 21:54:34] 输入唯一 bvid 数量：100
[2026-04-12 21:54:34] 为严格按 CSV 顺序判断连续失败阈值，本次任务自动将并发度从 2 调整为 1。
[2026-04-12 21:54:41] [SUCCESS] bvid=BV1YUDpB1EBL 已成功抓取全部所需数据。
[2026-04-12 21:54:46] [SUCCESS] bvid=BV1uhD9BbEwD 已成功抓取全部所需数据。
[2026-04-12 21:54:52] [SUCCESS] bvid=BV1VEDQBfEQN 已成功抓取全部所需数据。
[2026-04-12 21:54:57] [SUCCESS] bvid=BV1hkDDBWE1t 已成功抓取全部所需数据。
[2026-04-12 21:55:03] [SUCCESS] bvid=BV1hkDDBWE3u 已成功抓取全部所需数据。
[2026-04-12 21:55:09] [SUCCESS] bvid=BV1wsDCBXEqU 已成功抓取全部所需数据。
[2026-04-12 21:55:14] [SUCCESS] bvid=BV1gCDDB9Eoi 已成功抓取全部所需数据。
[2026-04-12 21:55:19] [SUCCESS] bvid=BV1BqQMBDEoH 已成功抓取全部所需数据。
[2026-04-12 21:55:25] [SUCCESS] bvid=BV18CDDBXEz2 已成功抓取全部所需数据。
[2026-04-12 21:55:30] [SUCCESS] bvid=BV1KQDDBEESu 已成功抓取全部所需数据。
[2026-04-12 21:55:37] [SUCCESS] bvid=BV14QDDB7Es2 已成功抓取全部所需数据。
[2026-04-12 21:55:42] [SUCCESS] bvid=BV1tQDDB7EAn 已成功抓取全部所需数据。
[2026-04-12 21:55:47] [SUCCESS] bvid=BV1tQDDB7En4 已成功抓取全部所需数据。
[2026-04-12 21:55:53] [SUCCESS] bvid=BV1mQDDB7EYs 已成功抓取全部所需数据。
[2026-04-12 21:55:58] [SUCCESS] bvid=BV14QDDB7EUn 已成功抓取全部所需数据。
[2026-04-12 21:56:04] [SUCCESS] bvid=BV1xQDDB7EuB 已成功抓取全部所需数据。
[2026-04-12 21:56:09] [SUCCESS] bvid=BV12gDDBLELS 已成功抓取全部所需数据。
[2026-04-12 21:56:15] [SUCCESS] bvid=BV1TbDSB5E37 已成功抓取全部所需数据。
[2026-04-12 21:56:20] [SUCCESS] bvid=BV14XDDB2Exi 已成功抓取全部所需数据。
[2026-04-12 21:56:25] [SUCCESS] bvid=BV14XDDB2Ebq 已成功抓取全部所需数据。
[2026-04-12 21:56:31] [SUCCESS] bvid=BV14SDDBUE41 已成功抓取全部所需数据。
[2026-04-12 21:56:37] [SUCCESS] bvid=BV1iaDDBcEVY 已成功抓取全部所需数据。
[2026-04-12 21:56:42] [SUCCESS] bvid=BV1eeDDBfEbG 已成功抓取全部所需数据。
[2026-04-12 21:56:47] [SUCCESS] bvid=BV178DDBYEwA 已成功抓取全部所需数据。
[2026-04-12 21:56:53] [SUCCESS] bvid=BV1q8DDBaENK 已成功抓取全部所需数据。
[2026-04-12 21:56:58] [SUCCESS] bvid=BV1Z8DDBaE4u 已成功抓取全部所需数据。
[2026-04-12 21:57:04] [SUCCESS] bvid=BV1iaDDBcEL8 已成功抓取全部所需数据。
[2026-04-12 21:57:09] [SUCCESS] bvid=BV1azDDBxEdp 已成功抓取全部所需数据。
[2026-04-12 21:57:15] [SUCCESS] bvid=BV1iaDDBwEhh 已成功抓取全部所需数据。
[2026-04-12 21:57:20] [SUCCESS] bvid=BV1qaDDBcEYm 已成功抓取全部所需数据。
[2026-04-12 21:57:26] [SUCCESS] bvid=BV16PDQBuE8y 已成功抓取全部所需数据。
[2026-04-12 21:57:31] [SUCCESS] bvid=BV1AjDDBGEZv 已成功抓取全部所需数据。
[2026-04-12 21:57:36] [SUCCESS] bvid=BV1XzDDBxEQp 已成功抓取全部所需数据。
[2026-04-12 21:57:42] [SUCCESS] bvid=BV1X6DDBRETR 已成功抓取全部所需数据。
[2026-04-12 21:57:49] [SUCCESS] bvid=BV1a6DDBREbx 已成功抓取全部所需数据。
[2026-04-12 21:57:55] [SUCCESS] bvid=BV1RZDQBwEPS 已成功抓取全部所需数据。
[2026-04-12 21:58:00] [SUCCESS] bvid=BV1apDkBNEv3 已成功抓取全部所需数据。
[2026-04-12 21:58:06] [SUCCESS] bvid=BV1EgDQBNEAL 已成功抓取全部所需数据。
[2026-04-12 21:58:12] [SUCCESS] bvid=BV1EgDQBNEVx 已成功抓取全部所需数据。
[2026-04-12 21:58:17] [SUCCESS] bvid=BV1EMDQBiEAq 已成功抓取全部所需数据。
[2026-04-12 21:58:22] [SUCCESS] bvid=BV173DQBeEia 已成功抓取全部所需数据。
[2026-04-12 21:58:27] [SUCCESS] bvid=BV1J7DZB9EVs 已成功抓取全部所需数据。
[2026-04-12 21:58:33] [SUCCESS] bvid=BV1tgcjzyEGt 已成功抓取全部所需数据。
[2026-04-12 21:58:38] [SUCCESS] bvid=BV12gcjzCEhB 已成功抓取全部所需数据。
[2026-04-12 21:58:43] [SUCCESS] bvid=BV1phD1B4E2U 已成功抓取全部所需数据。
[2026-04-12 21:58:49] [SUCCESS] bvid=BV184DQBWEFh 已成功抓取全部所需数据。
[2026-04-12 21:58:54] [SUCCESS] bvid=BV1iwQMByED5 已成功抓取全部所需数据。
[2026-04-12 21:58:59] [SUCCESS] bvid=BV1hWDQBxEnQ 已成功抓取全部所需数据。
[2026-04-12 21:59:05] [SUCCESS] bvid=BV1beDkBoEFS 已成功抓取全部所需数据。
[2026-04-12 21:59:10] [SUCCESS] bvid=BV1ckDSBvEh1 已成功抓取全部所需数据。
[2026-04-12 21:59:15] [SUCCESS] bvid=BV1j3D7BiEmU 已成功抓取全部所需数据。
[2026-04-12 21:59:21] [SUCCESS] bvid=BV1gjDmByEtP 已成功抓取全部所需数据。
[2026-04-12 21:59:26] [SUCCESS] bvid=BV1dQDSBtEcJ 已成功抓取全部所需数据。
[2026-04-12 21:59:32] [SUCCESS] bvid=BV17MDQBqEzn 已成功抓取全部所需数据。
[2026-04-12 21:59:37] [SUCCESS] bvid=BV1EMDQBiE7m 已成功抓取全部所需数据。
[2026-04-12 21:59:43] [SUCCESS] bvid=BV1EMDQBiEuL 已成功抓取全部所需数据。
[2026-04-12 21:59:48] [SUCCESS] bvid=BV1LjDQBcE78 已成功抓取全部所需数据。
[2026-04-12 21:59:53] [SUCCESS] bvid=BV1LjDQBcEhT 已成功抓取全部所需数据。
[2026-04-12 21:59:59] [SUCCESS] bvid=BV1GcDXBcE1F 已成功抓取全部所需数据。
[2026-04-12 22:00:04] [SUCCESS] bvid=BV166DfBoEFo 已成功抓取全部所需数据。
[2026-04-12 22:00:10] [SUCCESS] bvid=BV1gWDQBxER4 已成功抓取全部所需数据。
[2026-04-12 22:00:16] [SUCCESS] bvid=BV15jDQBcEx2 已成功抓取全部所需数据。
[2026-04-12 22:00:21] [SUCCESS] bvid=BV1V7DQB8EHA 已成功抓取全部所需数据。
[2026-04-12 22:00:27] [SUCCESS] bvid=BV1G7DQB8EdD 已成功抓取全部所需数据。
[2026-04-12 22:00:32] [SUCCESS] bvid=BV1F6DfBZEQR 已成功抓取全部所需数据。
[2026-04-12 22:00:38] [SUCCESS] bvid=BV197DQB8E2r 已成功抓取全部所需数据。
[2026-04-12 22:00:44] [SUCCESS] bvid=BV1qVDQBAEHE 已成功抓取全部所需数据。
[2026-04-12 22:00:49] [SUCCESS] bvid=BV1jVDQBAEXC 已成功抓取全部所需数据。
[2026-04-12 22:00:54] [SUCCESS] bvid=BV1j5DQBaETZ 已成功抓取全部所需数据。
[2026-04-12 22:00:59] [SUCCESS] bvid=BV1j5DQBaETM 已成功抓取全部所需数据。
[2026-04-12 22:01:05] [SUCCESS] bvid=BV1sZDDBVEtA 已成功抓取全部所需数据。
[2026-04-12 22:01:05] [ERROR] bvid=BV1sRDDBLEGj 抓取失败：stat: 接口返回错误代码：-404，信息：啥都木有。
{'code': -404, 'message': '啥都木有', 'ttl': 1} | comment: 接口返回错误代码：-404，信息：啥都木有。
{'code': -404, 'message': '啥都木有', 'ttl': 1}
[2026-04-12 22:01:10] [SUCCESS] bvid=BV1WfDDBkEwD 已成功抓取全部所需数据。
[2026-04-12 22:01:16] [SUCCESS] bvid=BV1kfDDBkEZw 已成功抓取全部所需数据。
[2026-04-12 22:01:21] [SUCCESS] bvid=BV1kwDQB6EMe 已成功抓取全部所需数据。
[2026-04-12 22:01:27] [SUCCESS] bvid=BV1a8DyBMEiY 已成功抓取全部所需数据。
[2026-04-12 22:01:32] [SUCCESS] bvid=BV1sdDDByEET 已成功抓取全部所需数据。
[2026-04-12 22:01:38] [SUCCESS] bvid=BV1ydDDByE5y 已成功抓取全部所需数据。
[2026-04-12 22:01:43] [SUCCESS] bvid=BV1cPDQBgENc 已成功抓取全部所需数据。
[2026-04-12 22:01:48] [SUCCESS] bvid=BV1JPDQBuEWi 已成功抓取全部所需数据。
[2026-04-12 22:01:53] [SUCCESS] bvid=BV11PXfBuEjJ 已成功抓取全部所需数据。
[2026-04-12 22:01:58] [SUCCESS] bvid=BV1nNDQBBEka 已成功抓取全部所需数据。
[2026-04-12 22:02:03] [SUCCESS] bvid=BV1rPDQBuEB4 已成功抓取全部所需数据。
[2026-04-12 22:02:09] [SUCCESS] bvid=BV1BzQMBJEJH 已成功抓取全部所需数据。
[2026-04-12 22:02:14] [SUCCESS] bvid=BV1nNDQBBEhx 已成功抓取全部所需数据。
[2026-04-12 22:02:19] [SUCCESS] bvid=BV1CcDQB3EKD 已成功抓取全部所需数据。
[2026-04-12 22:02:25] [SUCCESS] bvid=BV1qMDSBZEq9 已成功抓取全部所需数据。
[2026-04-12 22:02:30] [SUCCESS] bvid=BV1NeDQBUEUB 已成功抓取全部所需数据。
[2026-04-12 22:02:35] [SUCCESS] bvid=BV1NeDQBUE2K 已成功抓取全部所需数据。
[2026-04-12 22:02:41] [SUCCESS] bvid=BV1siDQB7E7a 已成功抓取全部所需数据。
[2026-04-12 22:02:46] [SUCCESS] bvid=BV14zDyBwE3G 已成功抓取全部所需数据。
[2026-04-12 22:02:51] [SUCCESS] bvid=BV1fyDSBAELj 已成功抓取全部所需数据。
[2026-04-12 22:02:56] [SUCCESS] bvid=BV1xiDQB7Eqw 已成功抓取全部所需数据。
[2026-04-12 22:03:02] [SUCCESS] bvid=BV14YDQBJE1H 已成功抓取全部所需数据。
[2026-04-12 22:03:07] [SUCCESS] bvid=BV1BSDQBBEaQ 已成功抓取全部所需数据。
[2026-04-12 22:03:12] [SUCCESS] bvid=BV1A6DQByEUj 已成功抓取全部所需数据。
[2026-04-12 22:03:18] [SUCCESS] bvid=BV1AkDQBVE8h 已成功抓取全部所需数据。
[2026-04-12 22:03:23] [SUCCESS] bvid=BV1k6DQByECb 已成功抓取全部所需数据。
[2026-04-12 22:03:29] [SUCCESS] bvid=BV1NqDQB2EsQ 已成功抓取全部所需数据。
[2026-04-12 22:03:34] [SUCCESS] bvid=BV1YQDsBHEEp 已成功抓取全部所需数据。
[2026-04-12 22:03:34] [WARN] 当前子任务已结束，但仍有未成功抓取的视频，已导出 remaining CSV 供继续执行。
[2026-04-12 22:03:34] [INFO] 已导出剔除成功条目后的剩余 CSV：D:\Schoolworks\Thesis\Bilibili-Datahub\outputs\video_data\manual_crawls\manual_crawl_stat_comment_20260412_215415\remaining_bvids_part_1.csv
[2026-04-12 22:03:34] 子任务结束时间：2026-04-12T22:03:34.465556
[TIMESTAMP][END] 2026-04-12T22:03:34
