[TIMESTAMP][BEGIN] 2026-04-13T07:46:21
[2026-04-13 07:46:23] 开始执行 CSV 批量抓取子任务 part_44。
[2026-04-13 07:46:23] 子任务开始时间：2026-04-13T07:46:21.257508
[2026-04-13 07:46:23] 输入文件：batch_input_44.csv
[2026-04-13 07:46:23] 输入唯一 bvid 数量：100
[2026-04-13 07:46:23] 为严格按 CSV 顺序判断连续失败阈值，本次任务自动将并发度从 2 调整为 1。
[2026-04-13 07:46:28] [SUCCESS] bvid=BV1PTDvBAEAt 已成功抓取全部所需数据。
[2026-04-13 07:46:33] [SUCCESS] bvid=BV1MfDeBBE64 已成功抓取全部所需数据。
[2026-04-13 07:46:38] [SUCCESS] bvid=BV1sTDvBAEEg 已成功抓取全部所需数据。
[2026-04-13 07:46:44] [SUCCESS] bvid=BV1UzDvBgEjf 已成功抓取全部所需数据。
[2026-04-13 07:46:49] [SUCCESS] bvid=BV1NTDvBAEnQ 已成功抓取全部所需数据。
[2026-04-13 07:46:54] [SUCCESS] bvid=BV1NTDvBAEEV 已成功抓取全部所需数据。
[2026-04-13 07:47:00] [SUCCESS] bvid=BV1WMDvBaEmi 已成功抓取全部所需数据。
[2026-04-13 07:47:04] [SUCCESS] bvid=BV1UfXZBkEUA 已成功抓取全部所需数据。
[2026-04-13 07:47:10] [SUCCESS] bvid=BV1PMDvBaEBr 已成功抓取全部所需数据。
[2026-04-13 07:47:15] [SUCCESS] bvid=BV1NPDvBNEv3 已成功抓取全部所需数据。
[2026-04-13 07:47:21] [SUCCESS] bvid=BV1WMDvBaEiA 已成功抓取全部所需数据。
[2026-04-13 07:47:28] [SUCCESS] bvid=BV1v4DvBJEwG 已成功抓取全部所需数据。
[2026-04-13 07:47:34] [SUCCESS] bvid=BV1KPDvBNE5C 已成功抓取全部所需数据。
[2026-04-13 07:47:40] [SUCCESS] bvid=BV1PNDvBeEmC 已成功抓取全部所需数据。
[2026-04-13 07:47:46] [SUCCESS] bvid=BV1KPDvBNEj9 已成功抓取全部所需数据。
[2026-04-13 07:47:52] [SUCCESS] bvid=BV1TPDvBNEGu 已成功抓取全部所需数据。
[2026-04-13 07:47:59] [SUCCESS] bvid=BV1NPDvBNESf 已成功抓取全部所需数据。
[2026-04-13 07:48:05] [SUCCESS] bvid=BV1sNDvBeE8q 已成功抓取全部所需数据。
[2026-04-13 07:48:11] [SUCCESS] bvid=BV1SqDvBrE9h 已成功抓取全部所需数据。
[2026-04-13 07:48:18] [SUCCESS] bvid=BV1gqDvBkEpd 已成功抓取全部所需数据。
[2026-04-13 07:48:24] [SUCCESS] bvid=BV1uqDvBkETa 已成功抓取全部所需数据。
[2026-04-13 07:48:30] [SUCCESS] bvid=BV1DqDvBrEPT 已成功抓取全部所需数据。
[2026-04-13 07:48:36] [SUCCESS] bvid=BV1mzDvBgEXZ 已成功抓取全部所需数据。
[2026-04-13 07:48:43] [SUCCESS] bvid=BV1mzDvBgExQ 已成功抓取全部所需数据。
[2026-04-13 07:48:49] [SUCCESS] bvid=BV1SzDvBgEbi 已成功抓取全部所需数据。
[2026-04-13 07:48:55] [SUCCESS] bvid=BV1SzDvBgEBS 已成功抓取全部所需数据。
[2026-04-13 07:49:01] [SUCCESS] bvid=BV1MkDvBuE5e 已成功抓取全部所需数据。
[2026-04-13 07:49:08] [SUCCESS] bvid=BV1VxSfB5ELt 已成功抓取全部所需数据。
[2026-04-13 07:49:14] [SUCCESS] bvid=BV1WNDYBdE7j 已成功抓取全部所需数据。
[2026-04-13 07:49:21] [SUCCESS] bvid=BV1hQDaBvExz 已成功抓取全部所需数据。
[2026-04-13 07:49:27] [SUCCESS] bvid=BV1DiDvBGEmz 已成功抓取全部所需数据。
[2026-04-13 07:49:32] [SUCCESS] bvid=BV18zDvB3ELL 已成功抓取全部所需数据。
[2026-04-13 07:49:37] [SUCCESS] bvid=BV1uzDvB3Ewr 已成功抓取全部所需数据。
[2026-04-13 07:49:42] [SUCCESS] bvid=BV1UzDvBgEcV 已成功抓取全部所需数据。
[2026-04-13 07:49:47] [SUCCESS] bvid=BV14kDvBuE2e 已成功抓取全部所需数据。
[2026-04-13 07:49:52] [SUCCESS] bvid=BV1UzDvBgEWx 已成功抓取全部所需数据。
[2026-04-13 07:49:57] [SUCCESS] bvid=BV1UzDvBgE5b 已成功抓取全部所需数据。
[2026-04-13 07:50:02] [SUCCESS] bvid=BV1QeDvBCEBB 已成功抓取全部所需数据。
[2026-04-13 07:50:07] [SUCCESS] bvid=BV1QeDvBCETH 已成功抓取全部所需数据。
[2026-04-13 07:50:13] [SUCCESS] bvid=BV1geDvByEQ4 已成功抓取全部所需数据。
[2026-04-13 07:50:18] [SUCCESS] bvid=BV1GeDvByEKR 已成功抓取全部所需数据。
[2026-04-13 07:50:24] [SUCCESS] bvid=BV1U6DvBzEA4 已成功抓取全部所需数据。
[2026-04-13 07:50:29] [SUCCESS] bvid=BV13eDvByEqf 已成功抓取全部所需数据。
[2026-04-13 07:50:34] [SUCCESS] bvid=BV1QeDvBCESB 已成功抓取全部所需数据。
[2026-04-13 07:50:39] [SUCCESS] bvid=BV1EiDaB1ETe 已成功抓取全部所需数据。
[2026-04-13 07:50:44] [SUCCESS] bvid=BV13eDvByEsS 已成功抓取全部所需数据。
[2026-04-13 07:50:49] [SUCCESS] bvid=BV1QeDvBCEuq 已成功抓取全部所需数据。
[2026-04-13 07:50:55] [SUCCESS] bvid=BV1SiDvBGEya 已成功抓取全部所需数据。
[2026-04-13 07:50:59] [SUCCESS] bvid=BV13iDvBVELY 已成功抓取全部所需数据。
[2026-04-13 07:51:05] [SUCCESS] bvid=BV1DiDvBGEGV 已成功抓取全部所需数据。
[2026-04-13 07:51:10] [SUCCESS] bvid=BV1o7DYB2Exe 已成功抓取全部所需数据。
[2026-04-13 07:51:15] [SUCCESS] bvid=BV12CDvBqEmn 已成功抓取全部所需数据。
[2026-04-13 07:51:20] [SUCCESS] bvid=BV1TCDvBBErA 已成功抓取全部所需数据。
[2026-04-13 07:51:25] [SUCCESS] bvid=BV1DiDvBGEZk 已成功抓取全部所需数据。
[2026-04-13 07:51:30] [SUCCESS] bvid=BV12CDvBqEAe 已成功抓取全部所需数据。
[2026-04-13 07:51:35] [SUCCESS] bvid=BV1gUSZB6EHz 已成功抓取全部所需数据。
[2026-04-13 07:51:40] [SUCCESS] bvid=BV11CDvBqEEF 已成功抓取全部所需数据。
[2026-04-13 07:51:45] [SUCCESS] bvid=BV1PNXfBzEBt 已成功抓取全部所需数据。
[2026-04-13 07:51:50] [SUCCESS] bvid=BV1KCDvBBEzh 已成功抓取全部所需数据。
[2026-04-13 07:51:55] [SUCCESS] bvid=BV1mCDvBqEFB 已成功抓取全部所需数据。
[2026-04-13 07:52:00] [SUCCESS] bvid=BV1U6DvBzEie 已成功抓取全部所需数据。
[2026-04-13 07:52:06] [SUCCESS] bvid=BV1u6DvB6Es1 已成功抓取全部所需数据。
[2026-04-13 07:52:11] [SUCCESS] bvid=BV1m6DvBzEqG 已成功抓取全部所需数据。
[2026-04-13 07:52:17] [SUCCESS] bvid=BV1U6DvBzE8V 已成功抓取全部所需数据。
[2026-04-13 07:52:22] [SUCCESS] bvid=BV1mkDvBMECW 已成功抓取全部所需数据。
[2026-04-13 07:52:27] [SUCCESS] bvid=BV1U6DvBzEAj 已成功抓取全部所需数据。
[2026-04-13 07:52:32] [SUCCESS] bvid=BV1mkDvBMEaW 已成功抓取全部所需数据。
[2026-04-13 07:52:37] [SUCCESS] bvid=BV1mkDvBMES7 已成功抓取全部所需数据。
[2026-04-13 07:52:42] [SUCCESS] bvid=BV1AzDhBREfL 已成功抓取全部所需数据。
[2026-04-13 07:52:47] [SUCCESS] bvid=BV1LkDaBrEVi 已成功抓取全部所需数据。
[2026-04-13 07:52:52] [SUCCESS] bvid=BV194DvBEES6 已成功抓取全部所需数据。
[2026-04-13 07:52:58] [SUCCESS] bvid=BV1dsDvBSEoL 已成功抓取全部所需数据。
[2026-04-13 07:53:03] [SUCCESS] bvid=BV1od9KB2EmG 已成功抓取全部所需数据。
[2026-04-13 07:53:08] [SUCCESS] bvid=BV1K9D8BxEfC 已成功抓取全部所需数据。
[2026-04-13 07:53:13] [SUCCESS] bvid=BV1EvDaBjEgS 已成功抓取全部所需数据。
[2026-04-13 07:53:18] [SUCCESS] bvid=BV1JTSoBUEJg 已成功抓取全部所需数据。
[2026-04-13 07:53:24] [SUCCESS] bvid=BV1APSfBbEcA 已成功抓取全部所需数据。
[2026-04-13 07:53:29] [SUCCESS] bvid=BV1gDDaBKEwz 已成功抓取全部所需数据。
[2026-04-13 07:53:34] [SUCCESS] bvid=BV13UDaBqEkK 已成功抓取全部所需数据。
[2026-04-13 07:53:39] [SUCCESS] bvid=BV15HDhBTESy 已成功抓取全部所需数据。
[2026-04-13 07:53:45] [SUCCESS] bvid=BV1KcDYBbEq7 已成功抓取全部所需数据。
[2026-04-13 07:53:50] [SUCCESS] bvid=BV1FLDcBfEix 已成功抓取全部所需数据。
[2026-04-13 07:53:55] [SUCCESS] bvid=BV19cSZBrEdx 已成功抓取全部所需数据。
[2026-04-13 07:54:01] [SUCCESS] bvid=BV1PkDYBhE88 已成功抓取全部所需数据。
[2026-04-13 07:54:06] [SUCCESS] bvid=BV1ATDcBNEYn 已成功抓取全部所需数据。
[2026-04-13 07:54:11] [SUCCESS] bvid=BV1osDvBSEMV 已成功抓取全部所需数据。
[2026-04-13 07:54:17] [SUCCESS] bvid=BV1R4DvBEEDS 已成功抓取全部所需数据。
[2026-04-13 07:54:22] [SUCCESS] bvid=BV1d4DvBEELF 已成功抓取全部所需数据。
[2026-04-13 07:54:27] [SUCCESS] bvid=BV194DvBEEZo 已成功抓取全部所需数据。
[2026-04-13 07:54:32] [SUCCESS] bvid=BV1d4DvBEEM8 已成功抓取全部所需数据。
[2026-04-13 07:54:37] [SUCCESS] bvid=BV1BHDvBXEG1 已成功抓取全部所需数据。
[2026-04-13 07:54:41] [SUCCESS] bvid=BV1dHDvBQEXv 已成功抓取全部所需数据。
[2026-04-13 07:54:46] [SUCCESS] bvid=BV1jHDvBXEXd 已成功抓取全部所需数据。
[2026-04-13 07:54:51] [SUCCESS] bvid=BV1dWDvBnEpH 已成功抓取全部所需数据。
[2026-04-13 07:54:56] [SUCCESS] bvid=BV1ZHDvBQEVN 已成功抓取全部所需数据。
[2026-04-13 07:55:01] [SUCCESS] bvid=BV1dWDvBnE9q 已成功抓取全部所需数据。
[2026-04-13 07:55:07] [SUCCESS] bvid=BV1oWDvBnE76 已成功抓取全部所需数据。
[2026-04-13 07:55:12] [SUCCESS] bvid=BV1XhDvB1ED9 已成功抓取全部所需数据。
[2026-04-13 07:55:17] [SUCCESS] bvid=BV1GhDvB2EDN 已成功抓取全部所需数据。
[2026-04-13 07:55:22] [SUCCESS] bvid=BV1XtDvBmEfU 已成功抓取全部所需数据。
[2026-04-13 07:55:22] [INFO] 当前 batch_crawl 已完成，所有视频均已成功抓取。
[2026-04-13 07:55:22] 子任务结束时间：2026-04-13T07:55:22.514775
[TIMESTAMP][END] 2026-04-13T07:55:22
