[TIMESTAMP][BEGIN] 2026-04-13T02:29:44
[2026-04-13 02:29:52] 开始执行 CSV 批量抓取子任务 part_20。
[2026-04-13 02:29:52] 子任务开始时间：2026-04-13T02:29:44.697115
[2026-04-13 02:29:52] 输入文件：batch_input_20.csv
[2026-04-13 02:29:52] 输入唯一 bvid 数量：100
[2026-04-13 02:29:52] 为严格按 CSV 顺序判断连续失败阈值，本次任务自动将并发度从 2 调整为 1。
[2026-04-13 02:30:04] [SUCCESS] bvid=BV1bzDWBrEoK 已成功抓取全部所需数据。
[2026-04-13 02:30:09] [SUCCESS] bvid=BV15ADpB7Eb5 已成功抓取全部所需数据。
[2026-04-13 02:30:15] [SUCCESS] bvid=BV14uDtBmEGf 已成功抓取全部所需数据。
[2026-04-13 02:30:20] [SUCCESS] bvid=BV1v5D7BeEUZ 已成功抓取全部所需数据。
[2026-04-13 02:30:26] [SUCCESS] bvid=BV1PbDsBMEQC 已成功抓取全部所需数据。
[2026-04-13 02:30:31] [SUCCESS] bvid=BV1DwDtBpEtB 已成功抓取全部所需数据。
[2026-04-13 02:30:36] [SUCCESS] bvid=BV1KkDZBqE68 已成功抓取全部所需数据。
[2026-04-13 02:30:42] [SUCCESS] bvid=BV1q1DsBxE7b 已成功抓取全部所需数据。
[2026-04-13 02:30:47] [SUCCESS] bvid=BV1jnDYB1E1g 已成功抓取全部所需数据。
[2026-04-13 02:30:53] [SUCCESS] bvid=BV1MpDsBGEQW 已成功抓取全部所需数据。
[2026-04-13 02:30:58] [SUCCESS] bvid=BV1Y9D4BZEBi 已成功抓取全部所需数据。
[2026-04-13 02:31:03] [SUCCESS] bvid=BV1PyDdBtESA 已成功抓取全部所需数据。
[2026-04-13 02:41:07] [ERROR] bvid=BV1uBDZBgELn 抓取失败：stat: Timeout of 600.0s exceeded, last exception: HTTPSConnectionPool(host='bigquery.googleapis.com', port=443): Max retries exceeded with url: /bigquery/v2/projects/bilibili-m2s2vp-research/datasets?prettyPrint=false (Caused by ProxyError('Unable to connect to proxy', RemoteDisconnected('Remote end closed connection without response')))
[2026-04-13 02:41:12] [SUCCESS] bvid=BV1tADZBPELQ 已成功抓取全部所需数据。
[2026-04-13 02:41:17] [SUCCESS] bvid=BV1mPDZBYEFm 已成功抓取全部所需数据。
[2026-04-13 02:41:22] [SUCCESS] bvid=BV14PDZBeEd3 已成功抓取全部所需数据。
[2026-04-13 02:41:28] [SUCCESS] bvid=BV1v4DZBmEg1 已成功抓取全部所需数据。
[2026-04-13 02:51:31] [ERROR] bvid=BV14PDZBYEEn 抓取失败：comment: Timeout of 600.0s exceeded, last exception: HTTPSConnectionPool(host='bigquery.googleapis.com', port=443): Max retries exceeded with url: /bigquery/v2/projects/bilibili-m2s2vp-research/datasets/bili_video_stream_data_test_2?prettyPrint=false (Caused by ProxyError('Unable to connect to proxy', RemoteDisconnected('Remote end closed connection without response')))
[2026-04-13 02:51:36] [SUCCESS] bvid=BV1p3DZBZEja 已成功抓取全部所需数据。
[2026-04-13 02:51:42] [SUCCESS] bvid=BV1W3DZBZEPw 已成功抓取全部所需数据。
[2026-04-13 02:51:47] [SUCCESS] bvid=BV1HVDZB4ES3 已成功抓取全部所需数据。
[2026-04-13 02:51:52] [SUCCESS] bvid=BV1nVDZB4EUS 已成功抓取全部所需数据。
[2026-04-13 02:51:57] [SUCCESS] bvid=BV1pVDZB4EMv 已成功抓取全部所需数据。
[2026-04-13 02:52:02] [SUCCESS] bvid=BV1AVDZBtEnW 已成功抓取全部所需数据。
[2026-04-13 02:52:07] [SUCCESS] bvid=BV1suDZBFE3o 已成功抓取全部所需数据。
[2026-04-13 02:52:12] [SUCCESS] bvid=BV1yuDZBFEZ6 已成功抓取全部所需数据。
[2026-04-13 02:52:17] [SUCCESS] bvid=BV1suDZBFETe 已成功抓取全部所需数据。
[2026-04-13 02:52:22] [SUCCESS] bvid=BV1WuDZBFEVy 已成功抓取全部所需数据。
[2026-04-13 02:52:27] [SUCCESS] bvid=BV1yuDZBFEDs 已成功抓取全部所需数据。
[2026-04-13 02:52:32] [SUCCESS] bvid=BV1puDZBFEd9 已成功抓取全部所需数据。
[2026-04-13 02:52:37] [SUCCESS] bvid=BV1WuDZBFEsc 已成功抓取全部所需数据。
[2026-04-13 02:52:42] [SUCCESS] bvid=BV1WgDZBbE4c 已成功抓取全部所需数据。
[2026-04-13 02:52:47] [SUCCESS] bvid=BV1AgDZB8E87 已成功抓取全部所需数据。
[2026-04-13 02:52:52] [SUCCESS] bvid=BV1kgDZBbEf1 已成功抓取全部所需数据。
[2026-04-13 02:52:57] [SUCCESS] bvid=BV1mkDZBqEXS 已成功抓取全部所需数据。
[2026-04-13 02:53:02] [SUCCESS] bvid=BV1CqD4BzEuf 已成功抓取全部所需数据。
[2026-04-13 02:53:06] [SUCCESS] bvid=BV1bkDZBqEcy 已成功抓取全部所需数据。
[2026-04-13 02:53:11] [SUCCESS] bvid=BV1TkDZBqEiK 已成功抓取全部所需数据。
[2026-04-13 02:53:16] [SUCCESS] bvid=BV1DzDZBzEKy 已成功抓取全部所需数据。
[2026-04-13 02:53:21] [SUCCESS] bvid=BV1KyDZBKEfR 已成功抓取全部所需数据。
[2026-04-13 02:53:26] [SUCCESS] bvid=BV1TyDZBKEtG 已成功抓取全部所需数据。
[2026-04-13 02:53:31] [SUCCESS] bvid=BV1cdDZBZEw4 已成功抓取全部所需数据。
[2026-04-13 02:53:36] [SUCCESS] bvid=BV1NXS9BnEhA 已成功抓取全部所需数据。
[2026-04-13 02:53:41] [SUCCESS] bvid=BV1B1D4BPE6s 已成功抓取全部所需数据。
[2026-04-13 02:53:46] [SUCCESS] bvid=BV1tyDZBKELL 已成功抓取全部所需数据。
[2026-04-13 02:53:51] [SUCCESS] bvid=BV1TyDZBKEfV 已成功抓取全部所需数据。
[2026-04-13 02:53:56] [SUCCESS] bvid=BV12yDZBPEd8 已成功抓取全部所需数据。
[2026-04-13 02:54:00] [SUCCESS] bvid=BV1TyDZBKECu 已成功抓取全部所需数据。
[2026-04-13 02:54:05] [SUCCESS] bvid=BV1uzDZBzEZc 已成功抓取全部所需数据。
[2026-04-13 02:54:10] [SUCCESS] bvid=BV1SzDZBzEeQ 已成功抓取全部所需数据。
[2026-04-13 02:54:15] [SUCCESS] bvid=BV1bzDZBzEX6 已成功抓取全部所需数据。
[2026-04-13 02:54:20] [SUCCESS] bvid=BV1UzDZBzEXY 已成功抓取全部所需数据。
[2026-04-13 02:54:25] [SUCCESS] bvid=BV1MzDZBzEQy 已成功抓取全部所需数据。
[2026-04-13 02:54:30] [SUCCESS] bvid=BV178DtBPEJP 已成功抓取全部所需数据。
[2026-04-13 02:54:35] [SUCCESS] bvid=BV1trDZBME9r 已成功抓取全部所需数据。
[2026-04-13 02:54:40] [SUCCESS] bvid=BV1uzDZBzEsn 已成功抓取全部所需数据。
[2026-04-13 02:54:45] [SUCCESS] bvid=BV1MrDZBMEQW 已成功抓取全部所需数据。
[2026-04-13 02:54:50] [SUCCESS] bvid=BV1urDZBMELh 已成功抓取全部所需数据。
[2026-04-13 02:54:55] [SUCCESS] bvid=BV1yUDZBYEqS 已成功抓取全部所需数据。
[2026-04-13 02:54:59] [SUCCESS] bvid=BV1GeDxBXELL 已成功抓取全部所需数据。
[2026-04-13 02:55:05] [SUCCESS] bvid=BV1CDDZBwEd3 已成功抓取全部所需数据。
[2026-04-13 02:55:10] [SUCCESS] bvid=BV11UDZBYEi8 已成功抓取全部所需数据。
[2026-04-13 02:55:15] [SUCCESS] bvid=BV1bmDtBQEVq 已成功抓取全部所需数据。
[2026-04-13 02:55:20] [SUCCESS] bvid=BV13vDZBGEci 已成功抓取全部所需数据。
[2026-04-13 02:55:25] [SUCCESS] bvid=BV1NDDZBwELZ 已成功抓取全部所需数据。
[2026-04-13 02:55:30] [SUCCESS] bvid=BV1sDDZBwEnK 已成功抓取全部所需数据。
[2026-04-13 02:55:35] [SUCCESS] bvid=BV1KDDtBSEay 已成功抓取全部所需数据。
[2026-04-13 02:55:40] [SUCCESS] bvid=BV1T1DZBvE5p 已成功抓取全部所需数据。
[2026-04-13 02:55:40] [ERROR] bvid=BV1x1DZBvEMD 抓取失败：stat: 接口返回错误代码：62002，信息：稿件不可见。
{'code': 62002, 'message': '稿件不可见', 'ttl': 1} | comment: 接口返回错误代码：62002，信息：稿件不可见。
{'code': 62002, 'message': '稿件不可见', 'ttl': 1}
[2026-04-13 02:55:45] [SUCCESS] bvid=BV1wQDZBhEU7 已成功抓取全部所需数据。
[2026-04-13 02:55:50] [SUCCESS] bvid=BV154DZBmEss 已成功抓取全部所需数据。
[2026-04-13 02:55:55] [SUCCESS] bvid=BV1G8DZB1EZf 已成功抓取全部所需数据。
[2026-04-13 02:56:00] [SUCCESS] bvid=BV158DZB1ETZ 已成功抓取全部所需数据。
[2026-04-13 02:56:05] [SUCCESS] bvid=BV158DZB1EvT 已成功抓取全部所需数据。
[2026-04-13 02:56:11] [SUCCESS] bvid=BV158DZB1EjU 已成功抓取全部所需数据。
[2026-04-13 02:56:12] [ERROR] bvid=BV1Y8DZB1EsP 抓取失败：stat: 接口返回错误代码：62002，信息：稿件不可见。
{'code': 62002, 'message': '稿件不可见', 'ttl': 1} | comment: 接口返回错误代码：62002，信息：稿件不可见。
{'code': 62002, 'message': '稿件不可见', 'ttl': 1}
[2026-04-13 02:56:17] [SUCCESS] bvid=BV1zvDpBsEPE 已成功抓取全部所需数据。
[2026-04-13 02:56:21] [SUCCESS] bvid=BV1JvDpBxEV9 已成功抓取全部所需数据。
[2026-04-13 02:56:26] [SUCCESS] bvid=BV1BvDpBsExg 已成功抓取全部所需数据。
[2026-04-13 02:56:31] [SUCCESS] bvid=BV1BvDpBsE4S 已成功抓取全部所需数据。
[2026-04-13 02:56:36] [SUCCESS] bvid=BV1zvDpBsEVP 已成功抓取全部所需数据。
[2026-04-13 02:56:41] [SUCCESS] bvid=BV1QDDpB5ELf 已成功抓取全部所需数据。
[2026-04-13 02:56:46] [SUCCESS] bvid=BV1hDDpB5EQ4 已成功抓取全部所需数据。
[2026-04-13 02:56:51] [SUCCESS] bvid=BV1msD4BmEG4 已成功抓取全部所需数据。
[2026-04-13 02:56:57] [SUCCESS] bvid=BV1uJDsB5Eph 已成功抓取全部所需数据。
[2026-04-13 02:57:02] [SUCCESS] bvid=BV1RGDbBeExU 已成功抓取全部所需数据。
[2026-04-13 02:57:07] [SUCCESS] bvid=BV1PRDxBuET9 已成功抓取全部所需数据。
[2026-04-13 02:57:12] [SUCCESS] bvid=BV1T1DxBLE5e 已成功抓取全部所需数据。
[2026-04-13 02:57:17] [SUCCESS] bvid=BV1ZbDzBYEzL 已成功抓取全部所需数据。
[2026-04-13 02:57:22] [SUCCESS] bvid=BV1isDxBfEy2 已成功抓取全部所需数据。
[2026-04-13 02:57:27] [SUCCESS] bvid=BV16dDZBZE1k 已成功抓取全部所需数据。
[2026-04-13 02:57:32] [SUCCESS] bvid=BV1CQDWBYEu1 已成功抓取全部所需数据。
[2026-04-13 02:57:37] [SUCCESS] bvid=BV12TDxB3Ez9 已成功抓取全部所需数据。
[2026-04-13 02:57:42] [SUCCESS] bvid=BV1j4DxBtEyi 已成功抓取全部所需数据。
[2026-04-13 02:57:48] [SUCCESS] bvid=BV1Y8DZB1Ens 已成功抓取全部所需数据。
[2026-04-13 02:57:53] [SUCCESS] bvid=BV1e4DZBmE22 已成功抓取全部所需数据。
[2026-04-13 02:57:58] [SUCCESS] bvid=BV1i4DZBmEhw 已成功抓取全部所需数据。
[2026-04-13 02:58:03] [SUCCESS] bvid=BV1giDZBrESX 已成功抓取全部所需数据。
[2026-04-13 02:58:08] [SUCCESS] bvid=BV13iDZBrEiH 已成功抓取全部所需数据。
[2026-04-13 02:58:13] [SUCCESS] bvid=BV1hiDZBrEJe 已成功抓取全部所需数据。
[2026-04-13 02:58:13] [WARN] 当前子任务已结束，但仍有未成功抓取的视频，已导出 remaining CSV 供继续执行。
[2026-04-13 02:58:13] [INFO] 已导出剔除成功条目后的剩余 CSV：D:\Schoolworks\Thesis\Bilibili-Datahub\outputs\video_data\manual_crawls\manual_crawl_stat_comment_20260412_215415\remaining_bvids_part_20.csv
[2026-04-13 02:58:13] 子任务结束时间：2026-04-13T02:58:13.117258
[TIMESTAMP][END] 2026-04-13T02:58:13
