[TIMESTAMP][BEGIN] 2026-04-13T09:01:51
[2026-04-13 09:01:53] 开始执行 CSV 批量抓取子任务 part_52。
[2026-04-13 09:01:53] 子任务开始时间：2026-04-13T09:01:51.605312
[2026-04-13 09:01:53] 输入文件：batch_input_52.csv
[2026-04-13 09:01:53] 输入唯一 bvid 数量：100
[2026-04-13 09:01:53] 为严格按 CSV 顺序判断连续失败阈值，本次任务自动将并发度从 2 调整为 1。
[2026-04-13 09:01:58] [SUCCESS] bvid=BV1QgDFBVE7x 已成功抓取全部所需数据。
[2026-04-13 09:02:04] [SUCCESS] bvid=BV1agDFBVEn3 已成功抓取全部所需数据。
[2026-04-13 09:02:09] [SUCCESS] bvid=BV18gDFBVEj9 已成功抓取全部所需数据。
[2026-04-13 09:02:14] [SUCCESS] bvid=BV1hgDFBVEiz 已成功抓取全部所需数据。
[2026-04-13 09:02:19] [SUCCESS] bvid=BV1agDFBVEaz 已成功抓取全部所需数据。
[2026-04-13 09:02:25] [SUCCESS] bvid=BV1h3DFBkEsX 已成功抓取全部所需数据。
[2026-04-13 09:02:30] [SUCCESS] bvid=BV1QMDFByETe 已成功抓取全部所需数据。
[2026-04-13 09:02:35] [SUCCESS] bvid=BV1XTDFBLEb1 已成功抓取全部所需数据。
[2026-04-13 09:02:40] [SUCCESS] bvid=BV1h3DFBkEje 已成功抓取全部所需数据。
[2026-04-13 09:02:46] [SUCCESS] bvid=BV1VTDFBjEvJ 已成功抓取全部所需数据。
[2026-04-13 09:02:51] [SUCCESS] bvid=BV1jvSZBEE9Q 已成功抓取全部所需数据。
[2026-04-13 09:02:56] [SUCCESS] bvid=BV1kh9uBaEDv 已成功抓取全部所需数据。
[2026-04-13 09:03:01] [SUCCESS] bvid=BV1bfXZBCEHt 已成功抓取全部所需数据。
[2026-04-13 09:03:06] [SUCCESS] bvid=BV1C3XfBeEPy 已成功抓取全部所需数据。
[2026-04-13 09:03:11] [SUCCESS] bvid=BV1YTDFBLEqv 已成功抓取全部所需数据。
[2026-04-13 09:03:17] [SUCCESS] bvid=BV1DsSoBKE4Z 已成功抓取全部所需数据。
[2026-04-13 09:03:22] [SUCCESS] bvid=BV1aTDFBLEmc 已成功抓取全部所需数据。
[2026-04-13 09:03:27] [SUCCESS] bvid=BV1aTDFBLEba 已成功抓取全部所需数据。
[2026-04-13 09:03:33] [SUCCESS] bvid=BV1hMDFByEbo 已成功抓取全部所需数据。
[2026-04-13 09:03:39] [SUCCESS] bvid=BV1hMDFByEip 已成功抓取全部所需数据。
[2026-04-13 09:03:44] [SUCCESS] bvid=BV1QsSoBKECd 已成功抓取全部所需数据。
[2026-04-13 09:03:50] [SUCCESS] bvid=BV1XMDFByEyP 已成功抓取全部所需数据。
[2026-04-13 09:03:55] [SUCCESS] bvid=BV185X5B9EGh 已成功抓取全部所需数据。
[2026-04-13 09:04:00] [SUCCESS] bvid=BV1SsSoBKESo 已成功抓取全部所需数据。
[2026-04-13 09:04:05] [SUCCESS] bvid=BV1QMDFByEAr 已成功抓取全部所需数据。
[2026-04-13 09:04:11] [SUCCESS] bvid=BV1QsSoBKE6r 已成功抓取全部所需数据。
[2026-04-13 09:04:16] [SUCCESS] bvid=BV1GsSoBTEu2 已成功抓取全部所需数据。
[2026-04-13 09:04:21] [SUCCESS] bvid=BV1DsSoBKEnL 已成功抓取全部所需数据。
[2026-04-13 09:04:27] [SUCCESS] bvid=BV1SxSoBvEz4 已成功抓取全部所需数据。
[2026-04-13 09:04:32] [SUCCESS] bvid=BV1gxSoBiEPt 已成功抓取全部所需数据。
[2026-04-13 09:04:37] [SUCCESS] bvid=BV1QxSoBvEGa 已成功抓取全部所需数据。
[2026-04-13 09:04:42] [SUCCESS] bvid=BV13xSoBiEEQ 已成功抓取全部所需数据。
[2026-04-13 09:04:47] [SUCCESS] bvid=BV1gxSoBiEY6 已成功抓取全部所需数据。
[2026-04-13 09:04:52] [SUCCESS] bvid=BV1VHSoBuEhP 已成功抓取全部所需数据。
[2026-04-13 09:04:58] [SUCCESS] bvid=BV1XHSoBMEZj 已成功抓取全部所需数据。
[2026-04-13 09:05:03] [SUCCESS] bvid=BV1QpSoBqEF8 已成功抓取全部所需数据。
[2026-04-13 09:05:08] [SUCCESS] bvid=BV1GpSoBBEFP 已成功抓取全部所需数据。
[2026-04-13 09:05:13] [SUCCESS] bvid=BV1UbSoBYEfE 已成功抓取全部所需数据。
[2026-04-13 09:05:18] [SUCCESS] bvid=BV15zSZB1EMK 已成功抓取全部所需数据。
[2026-04-13 09:05:24] [SUCCESS] bvid=BV1b7D3BMEv4 已成功抓取全部所需数据。
[2026-04-13 09:05:29] [SUCCESS] bvid=BV1JRSSBYE7P 已成功抓取全部所需数据。
[2026-04-13 09:05:34] [SUCCESS] bvid=BV1rVSQBuEoA 已成功抓取全部所需数据。
[2026-04-13 09:05:39] [SUCCESS] bvid=BV1cRSSBYEnP 已成功抓取全部所需数据。
[2026-04-13 09:05:45] [SUCCESS] bvid=BV14uSdBtE81 已成功抓取全部所需数据。
[2026-04-13 09:05:50] [SUCCESS] bvid=BV1WnSZBZENr 已成功抓取全部所需数据。
[2026-04-13 09:05:55] [SUCCESS] bvid=BV1guSZBTEjw 已成功抓取全部所需数据。
[2026-04-13 09:06:01] [SUCCESS] bvid=BV1SL9uBrEpV 已成功抓取全部所需数据。
[2026-04-13 09:06:06] [SUCCESS] bvid=BV1QpSoBqEwL 已成功抓取全部所需数据。
[2026-04-13 09:06:11] [SUCCESS] bvid=BV1XpSoBqETv 已成功抓取全部所需数据。
[2026-04-13 09:06:16] [SUCCESS] bvid=BV1TaSoBaEY9 已成功抓取全部所需数据。
[2026-04-13 09:06:21] [SUCCESS] bvid=BV1maSoBhEJE 已成功抓取全部所需数据。
[2026-04-13 09:06:26] [SUCCESS] bvid=BV1UaSoBhE3A 已成功抓取全部所需数据。
[2026-04-13 09:06:31] [SUCCESS] bvid=BV1gbSoBeEpD 已成功抓取全部所需数据。
[2026-04-13 09:06:36] [SUCCESS] bvid=BV18tSoBNEEd 已成功抓取全部所需数据。
[2026-04-13 09:06:41] [SUCCESS] bvid=BV1StSoBPE5o 已成功抓取全部所需数据。
[2026-04-13 09:06:46] [SUCCESS] bvid=BV1PMSQBCErh 已成功抓取全部所需数据。
[2026-04-13 09:06:51] [SUCCESS] bvid=BV1DtSoBPEVd 已成功抓取全部所需数据。
[2026-04-13 09:06:56] [SUCCESS] bvid=BV1UtSoBPERx 已成功抓取全部所需数据。
[2026-04-13 09:07:01] [SUCCESS] bvid=BV13tSoBNETv 已成功抓取全部所需数据。
[2026-04-13 09:07:06] [SUCCESS] bvid=BV1ubSoBeEM4 已成功抓取全部所需数据。
[2026-04-13 09:07:12] [SUCCESS] bvid=BV1ZGSoB5Ebq 已成功抓取全部所需数据。
[2026-04-13 09:07:16] [SUCCESS] bvid=BV1UbSoBYEm2 已成功抓取全部所需数据。
[2026-04-13 09:07:21] [SUCCESS] bvid=BV1dVSoBCEqn 已成功抓取全部所需数据。
[2026-04-13 09:07:27] [SUCCESS] bvid=BV1oGSoB5EGS 已成功抓取全部所需数据。
[2026-04-13 09:07:32] [SUCCESS] bvid=BV1oGSoB5EuM 已成功抓取全部所需数据。
[2026-04-13 09:07:37] [SUCCESS] bvid=BV1oGSoB5Erz 已成功抓取全部所需数据。
[2026-04-13 09:07:42] [SUCCESS] bvid=BV1ow9uBnE3i 已成功抓取全部所需数据。
[2026-04-13 09:07:47] [SUCCESS] bvid=BV17VSoByE5M 已成功抓取全部所需数据。
[2026-04-13 09:07:52] [SUCCESS] bvid=BV1dVSoBCEbi 已成功抓取全部所需数据。
[2026-04-13 09:07:57] [SUCCESS] bvid=BV17YSZBSEnL 已成功抓取全部所需数据。
[2026-04-13 09:08:02] [SUCCESS] bvid=BV1KvSoB8ELN 已成功抓取全部所需数据。
[2026-04-13 09:08:23] [SUCCESS] bvid=BV1z59MBWEsn 已成功抓取全部所需数据。
[2026-04-13 09:08:28] [SUCCESS] bvid=BV1r1SoBQEkY 已成功抓取全部所需数据。
[2026-04-13 09:08:33] [SUCCESS] bvid=BV1ZuSoBjEZf 已成功抓取全部所需数据。
[2026-04-13 09:08:38] [SUCCESS] bvid=BV1LESoB3EAf 已成功抓取全部所需数据。
[2026-04-13 09:08:43] [SUCCESS] bvid=BV1ZgSoB1EQ7 已成功抓取全部所需数据。
[2026-04-13 09:08:48] [SUCCESS] bvid=BV1VESoB3EUw 已成功抓取全部所需数据。
[2026-04-13 09:08:53] [SUCCESS] bvid=BV1fgSoB1E5E 已成功抓取全部所需数据。
[2026-04-13 09:08:58] [SUCCESS] bvid=BV1fgSoB1Eaz 已成功抓取全部所需数据。
[2026-04-13 09:09:03] [SUCCESS] bvid=BV1RESoBgERF 已成功抓取全部所需数据。
[2026-04-13 09:09:08] [SUCCESS] bvid=BV1RESoBgEYC 已成功抓取全部所需数据。
[2026-04-13 09:09:13] [SUCCESS] bvid=BV19ESoBgELm 已成功抓取全部所需数据。
[2026-04-13 09:09:13] [ERROR] bvid=BV1RESoBgESp 抓取失败：stat: 接口返回错误代码：62002，信息：稿件不可见。
{'code': 62002, 'message': '稿件不可见', 'ttl': 1} | comment: 接口返回错误代码：62002，信息：稿件不可见。
{'code': 62002, 'message': '稿件不可见', 'ttl': 1}
[2026-04-13 09:09:18] [SUCCESS] bvid=BV1dLSoBVEGv 已成功抓取全部所需数据。
[2026-04-13 09:09:23] [SUCCESS] bvid=BV19JSoBzEND 已成功抓取全部所需数据。
[2026-04-13 09:09:28] [SUCCESS] bvid=BV19JSoBzEkT 已成功抓取全部所需数据。
[2026-04-13 09:09:33] [SUCCESS] bvid=BV1dLSoBGEFa 已成功抓取全部所需数据。
[2026-04-13 09:09:38] [SUCCESS] bvid=BV1LLSoBVEoL 已成功抓取全部所需数据。
[2026-04-13 09:09:43] [SUCCESS] bvid=BV1LjSoBkExn 已成功抓取全部所需数据。
[2026-04-13 09:09:49] [SUCCESS] bvid=BV1djSoBrE7u 已成功抓取全部所需数据。
[2026-04-13 09:09:54] [SUCCESS] bvid=BV1ijSoBkEjL 已成功抓取全部所需数据。
[2026-04-13 09:09:59] [SUCCESS] bvid=BV16USoBDEq8 已成功抓取全部所需数据。
[2026-04-13 09:10:04] [SUCCESS] bvid=BV1zUSoBSEBQ 已成功抓取全部所需数据。
[2026-04-13 09:10:09] [SUCCESS] bvid=BV1fUSoBSE7S 已成功抓取全部所需数据。
[2026-04-13 09:10:14] [SUCCESS] bvid=BV1FUSoBDEBL 已成功抓取全部所需数据。
[2026-04-13 09:10:19] [SUCCESS] bvid=BV1BDSoBEErS 已成功抓取全部所需数据。
[2026-04-13 09:10:24] [SUCCESS] bvid=BV1fDSoBEED9 已成功抓取全部所需数据。
[2026-04-13 09:10:29] [SUCCESS] bvid=BV1FUSoBDEqd 已成功抓取全部所需数据。
[2026-04-13 09:10:34] [SUCCESS] bvid=BV1BDSoBEEdP 已成功抓取全部所需数据。
[2026-04-13 09:10:39] [SUCCESS] bvid=BV1zDSoBEE44 已成功抓取全部所需数据。
[2026-04-13 09:10:39] [WARN] 当前子任务已结束，但仍有未成功抓取的视频，已导出 remaining CSV 供继续执行。
[2026-04-13 09:10:39] [INFO] 已导出剔除成功条目后的剩余 CSV：D:\Schoolworks\Thesis\Bilibili-Datahub\outputs\video_data\manual_crawls\manual_crawl_stat_comment_20260412_215415\remaining_bvids_part_52.csv
[2026-04-13 09:10:39] 子任务结束时间：2026-04-13T09:10:39.784089
[TIMESTAMP][END] 2026-04-13T09:10:39
