[TIMESTAMP][BEGIN] 2026-04-12T23:30:07
[2026-04-12 23:30:10] 开始执行 CSV 批量抓取子任务 part_6。
[2026-04-12 23:30:10] 子任务开始时间：2026-04-12T23:30:07.923157
[2026-04-12 23:30:10] 输入文件：batch_input_6.csv
[2026-04-12 23:30:10] 输入唯一 bvid 数量：100
[2026-04-12 23:30:10] 为严格按 CSV 顺序判断连续失败阈值，本次任务自动将并发度从 2 调整为 1。
[2026-04-12 23:30:15] [SUCCESS] bvid=BV1fWDjBBEqn 已成功抓取全部所需数据。
[2026-04-12 23:30:21] [SUCCESS] bvid=BV1nYDCB7EG8 已成功抓取全部所需数据。
[2026-04-12 23:30:26] [SUCCESS] bvid=BV1VwDCBBEyy 已成功抓取全部所需数据。
[2026-04-12 23:30:31] [SUCCESS] bvid=BV1VwDCBBE6o 已成功抓取全部所需数据。
[2026-04-12 23:30:36] [SUCCESS] bvid=BV1GPDCBTEzN 已成功抓取全部所需数据。
[2026-04-12 23:30:42] [SUCCESS] bvid=BV15PDCBTEFU 已成功抓取全部所需数据。
[2026-04-12 23:30:47] [SUCCESS] bvid=BV1n2DkBUE9P 已成功抓取全部所需数据。
[2026-04-12 23:30:52] [SUCCESS] bvid=BV1c2DkBSEUr 已成功抓取全部所需数据。
[2026-04-12 23:30:57] [SUCCESS] bvid=BV1nUDkB7ETu 已成功抓取全部所需数据。
[2026-04-12 23:31:03] [SUCCESS] bvid=BV1nUDkBEEkv 已成功抓取全部所需数据。
[2026-04-12 23:31:08] [SUCCESS] bvid=BV1JUDkB7E9w 已成功抓取全部所需数据。
[2026-04-12 23:31:13] [SUCCESS] bvid=BV17RDkBVE24 已成功抓取全部所需数据。
[2026-04-12 23:31:19] [SUCCESS] bvid=BV1HUDkB7Eei 已成功抓取全部所需数据。
[2026-04-12 23:31:25] [SUCCESS] bvid=BV1pCDkBDEAL 已成功抓取全部所需数据。
[2026-04-12 23:31:30] [SUCCESS] bvid=BV19kDCBgEz2 已成功抓取全部所需数据。
[2026-04-12 23:31:35] [SUCCESS] bvid=BV1yCDkBDE5a 已成功抓取全部所需数据。
[2026-04-12 23:31:41] [SUCCESS] bvid=BV1PCDkBQEsH 已成功抓取全部所需数据。
[2026-04-12 23:31:46] [SUCCESS] bvid=BV1pCDkBDEEu 已成功抓取全部所需数据。
[2026-04-12 23:31:51] [SUCCESS] bvid=BV1ERDkBVEMK 已成功抓取全部所需数据。
[2026-04-12 23:31:56] [SUCCESS] bvid=BV1FXDkB1EHD 已成功抓取全部所需数据。
[2026-04-12 23:32:02] [SUCCESS] bvid=BV17XDkByE3d 已成功抓取全部所需数据。
[2026-04-12 23:32:07] [SUCCESS] bvid=BV1zXDkByEJ9 已成功抓取全部所需数据。
[2026-04-12 23:32:12] [SUCCESS] bvid=BV1EXDkByEPh 已成功抓取全部所需数据。
[2026-04-12 23:32:18] [SUCCESS] bvid=BV1BXDkByEqX 已成功抓取全部所需数据。
[2026-04-12 23:32:26] [SUCCESS] bvid=BV1jRDkBVEoS 已成功抓取全部所需数据。
[2026-04-12 23:32:35] [SUCCESS] bvid=BV1BRDkBVEQy 已成功抓取全部所需数据。
[2026-04-12 23:32:40] [SUCCESS] bvid=BV1ERDkBVEr5 已成功抓取全部所需数据。
[2026-04-12 23:32:46] [SUCCESS] bvid=BV1YMQMB6EPL 已成功抓取全部所需数据。
[2026-04-12 23:32:51] [SUCCESS] bvid=BV1ZzQMBJEfb 已成功抓取全部所需数据。
[2026-04-12 23:32:56] [SUCCESS] bvid=BV1JYQKB1EbU 已成功抓取全部所需数据。
[2026-04-12 23:33:01] [SUCCESS] bvid=BV1A4DCBHEiL 已成功抓取全部所需数据。
[2026-04-12 23:33:07] [SUCCESS] bvid=BV17RDkBVEsR 已成功抓取全部所需数据。
[2026-04-12 23:33:12] [SUCCESS] bvid=BV1kWDCBWE2s 已成功抓取全部所需数据。
[2026-04-12 23:33:17] [SUCCESS] bvid=BV1nSDkB2Eto 已成功抓取全部所需数据。
[2026-04-12 23:33:22] [SUCCESS] bvid=BV1zQDkBLErK 已成功抓取全部所需数据。
[2026-04-12 23:33:28] [SUCCESS] bvid=BV1FQDkBjESa 已成功抓取全部所需数据。
[2026-04-12 23:33:33] [SUCCESS] bvid=BV1EQDkBLEhb 已成功抓取全部所需数据。
[2026-04-12 23:33:38] [SUCCESS] bvid=BV1nQDkBLEFx 已成功抓取全部所需数据。
[2026-04-12 23:33:43] [SUCCESS] bvid=BV1PWDCBWEvU 已成功抓取全部所需数据。
[2026-04-12 23:33:48] [SUCCESS] bvid=BV1UXDCBYEUs 已成功抓取全部所需数据。
[2026-04-12 23:33:53] [SUCCESS] bvid=BV1PWDCBWEeX 已成功抓取全部所需数据。
[2026-04-12 23:33:58] [SUCCESS] bvid=BV1xHDCBREVD 已成功抓取全部所需数据。
[2026-04-12 23:34:04] [SUCCESS] bvid=BV1WWDCBWEB1 已成功抓取全部所需数据。
[2026-04-12 23:34:09] [SUCCESS] bvid=BV1snDCBxE87 已成功抓取全部所需数据。
[2026-04-12 23:34:21] [SUCCESS] bvid=BV1wsDCBXEzq 已成功抓取全部所需数据。
[2026-04-12 23:34:26] [SUCCESS] bvid=BV1ggDCBAEWx 已成功抓取全部所需数据。
[2026-04-12 23:34:32] [SUCCESS] bvid=BV1wsDCBXEzc 已成功抓取全部所需数据。
[2026-04-12 23:34:38] [SUCCESS] bvid=BV1WnDCBxECZ 已成功抓取全部所需数据。
[2026-04-12 23:34:43] [SUCCESS] bvid=BV1PnDCBxEDd 已成功抓取全部所需数据。
[2026-04-12 23:34:48] [SUCCESS] bvid=BV12nDCBxEjB 已成功抓取全部所需数据。
[2026-04-12 23:34:54] [SUCCESS] bvid=BV1xnDCBxEDH 已成功抓取全部所需数据。
[2026-04-12 23:35:00] [SUCCESS] bvid=BV1rtDCBDEW7 已成功抓取全部所需数据。
[2026-04-12 23:35:05] [SUCCESS] bvid=BV1fEQuBXEqx 已成功抓取全部所需数据。
[2026-04-12 23:35:11] [SUCCESS] bvid=BV1PUDZBYEVw 已成功抓取全部所需数据。
[2026-04-12 23:35:16] [SUCCESS] bvid=BV1vTQMB3EjB 已成功抓取全部所需数据。
[2026-04-12 23:35:21] [SUCCESS] bvid=BV168DCBJEfW 已成功抓取全部所需数据。
[2026-04-12 23:35:26] [SUCCESS] bvid=BV1NHDCBREJE 已成功抓取全部所需数据。
[2026-04-12 23:35:33] [SUCCESS] bvid=BV1c8DCBJEBq 已成功抓取全部所需数据。
[2026-04-12 23:35:39] [SUCCESS] bvid=BV1rhDCBUENZ 已成功抓取全部所需数据。
[2026-04-12 23:35:44] [SUCCESS] bvid=BV1W7DrBSEBX 已成功抓取全部所需数据。
[2026-04-12 23:35:50] [SUCCESS] bvid=BV1tnQMBaEqb 已成功抓取全部所需数据。
[2026-04-12 23:35:55] [SUCCESS] bvid=BV1PuQuBfE1u 已成功抓取全部所需数据。
[2026-04-12 23:36:00] [SUCCESS] bvid=BV1WtQMBoEoB 已成功抓取全部所需数据。
[2026-04-12 23:36:06] [SUCCESS] bvid=BV1LqQwBtExf 已成功抓取全部所需数据。
[2026-04-12 23:36:12] [SUCCESS] bvid=BV143QwB5EjL 已成功抓取全部所需数据。
[2026-04-12 23:36:17] [SUCCESS] bvid=BV191DCBMEAa 已成功抓取全部所需数据。
[2026-04-12 23:36:28] [SUCCESS] bvid=BV1riDiBwE98 已成功抓取全部所需数据。
[2026-04-12 23:36:34] [SUCCESS] bvid=BV1DSDCBvEK8 已成功抓取全部所需数据。
[2026-04-12 23:36:39] [SUCCESS] bvid=BV1bdQMBBE9p 已成功抓取全部所需数据。
[2026-04-12 23:36:46] [SUCCESS] bvid=BV1rQQTBHEQ4 已成功抓取全部所需数据。
[2026-04-12 23:36:52] [SUCCESS] bvid=BV19MQMB6Ez2 已成功抓取全部所需数据。
[2026-04-12 23:36:58] [SUCCESS] bvid=BV1RkDCBgEoo 已成功抓取全部所需数据。
[2026-04-12 23:37:05] [SUCCESS] bvid=BV1vPQMBVEEX 已成功抓取全部所需数据。
[2026-04-12 23:37:11] [SUCCESS] bvid=BV1HrD6B5EkV 已成功抓取全部所需数据。
[2026-04-12 23:37:17] [SUCCESS] bvid=BV1SQDCBPEbS 已成功抓取全部所需数据。
[2026-04-12 23:37:24] [SUCCESS] bvid=BV15CDCB6EBS 已成功抓取全部所需数据。
[2026-04-12 23:37:30] [SUCCESS] bvid=BV1gjQMBKEEq 已成功抓取全部所需数据。
[2026-04-12 23:37:37] [SUCCESS] bvid=BV1TSQwBEEAV 已成功抓取全部所需数据。
[2026-04-12 23:37:43] [SUCCESS] bvid=BV1bdDCBaEhK 已成功抓取全部所需数据。
[2026-04-12 23:37:49] [SUCCESS] bvid=BV1r4DCBHEpb 已成功抓取全部所需数据。
[2026-04-12 23:47:54] [SUCCESS] bvid=BV1c6DfBZEcD 已成功抓取全部所需数据。
[2026-04-12 23:48:00] [SUCCESS] bvid=BV1chDCBUEw3 已成功抓取全部所需数据。
[2026-04-12 23:48:06] [SUCCESS] bvid=BV1chDCBUEbT 已成功抓取全部所需数据。
[2026-04-12 23:48:11] [SUCCESS] bvid=BV1nhDCBUEoa 已成功抓取全部所需数据。
[2026-04-12 23:48:17] [SUCCESS] bvid=BV1FtDCBDEr3 已成功抓取全部所需数据。
[2026-04-12 23:48:23] [SUCCESS] bvid=BV1AFQABrEwN 已成功抓取全部所需数据。
[2026-04-12 23:48:28] [SUCCESS] bvid=BV1c4DCBHES4 已成功抓取全部所需数据。
[2026-04-12 23:48:34] [SUCCESS] bvid=BV1c4DCBHEZW 已成功抓取全部所需数据。
[2026-04-12 23:48:39] [SUCCESS] bvid=BV1p4DCBHEgs 已成功抓取全部所需数据。
[2026-04-12 23:48:45] [SUCCESS] bvid=BV1dWQTB6EEd 已成功抓取全部所需数据。
[2026-04-12 23:48:50] [SUCCESS] bvid=BV1F6DfBZEK6 已成功抓取全部所需数据。
[2026-04-12 23:48:55] [SUCCESS] bvid=BV1YFDrBwEpT 已成功抓取全部所需数据。
[2026-04-12 23:49:01] [SUCCESS] bvid=BV1aMDCBeEpP 已成功抓取全部所需数据。
[2026-04-12 23:49:06] [SUCCESS] bvid=BV1ntDCBDE3E 已成功抓取全部所需数据。
[2026-04-12 23:49:12] [SUCCESS] bvid=BV1g3DCBaEsR 已成功抓取全部所需数据。
[2026-04-12 23:49:17] [SUCCESS] bvid=BV1wtDCBDEqg 已成功抓取全部所需数据。
[2026-04-12 23:49:22] [SUCCESS] bvid=BV1g3DCBaEWw 已成功抓取全部所需数据。
[2026-04-12 23:49:28] [SUCCESS] bvid=BV12EDCBoE17 已成功抓取全部所需数据。
[2026-04-12 23:49:33] [SUCCESS] bvid=BV183DCBaEkC 已成功抓取全部所需数据。
[2026-04-12 23:49:38] [SUCCESS] bvid=BV1u3DCBaEHV 已成功抓取全部所需数据。
[2026-04-12 23:49:38] [INFO] 当前 batch_crawl 已完成，所有视频均已成功抓取。
[2026-04-12 23:49:38] 子任务结束时间：2026-04-12T23:49:38.772586
[TIMESTAMP][END] 2026-04-12T23:49:38
