[TIMESTAMP][BEGIN] 2026-04-13T02:20:14
[2026-04-13 02:20:16] 开始执行 CSV 批量抓取子任务 part_19。
[2026-04-13 02:20:16] 子任务开始时间：2026-04-13T02:20:14.684414
[2026-04-13 02:20:16] 输入文件：batch_input_19.csv
[2026-04-13 02:20:16] 输入唯一 bvid 数量：100
[2026-04-13 02:20:16] 为严格按 CSV 顺序判断连续失败阈值，本次任务自动将并发度从 2 调整为 1。
[2026-04-13 02:20:21] [SUCCESS] bvid=BV1VqQFBSEM9 已成功抓取全部所需数据。
[2026-04-13 02:20:26] [SUCCESS] bvid=BV1JcQcBAEor 已成功抓取全部所需数据。
[2026-04-13 02:20:31] [SUCCESS] bvid=BV1AZQFBNEV5 已成功抓取全部所需数据。
[2026-04-13 02:20:36] [SUCCESS] bvid=BV1G7QcBHEtr 已成功抓取全部所需数据。
[2026-04-13 02:20:41] [SUCCESS] bvid=BV1j3QcBxELp 已成功抓取全部所需数据。
[2026-04-13 02:20:46] [SUCCESS] bvid=BV1EMQcBtEM4 已成功抓取全部所需数据。
[2026-04-13 02:20:51] [SUCCESS] bvid=BV19LQcBQEJq 已成功抓取全部所需数据。
[2026-04-13 02:20:56] [SUCCESS] bvid=BV1AZQFBNEnw 已成功抓取全部所需数据。
[2026-04-13 02:21:02] [SUCCESS] bvid=BV1fNQcBbEBX 已成功抓取全部所需数据。
[2026-04-13 02:21:07] [SUCCESS] bvid=BV19LQcBQE6N 已成功抓取全部所需数据。
[2026-04-13 02:21:13] [SUCCESS] bvid=BV1X3DfB2EZN 已成功抓取全部所需数据。
[2026-04-13 02:21:18] [SUCCESS] bvid=BV197QcBnEcx 已成功抓取全部所需数据。
[2026-04-13 02:21:23] [SUCCESS] bvid=BV1R5QcBpEB7 已成功抓取全部所需数据。
[2026-04-13 02:21:28] [SUCCESS] bvid=BV1EPQcBcEmU 已成功抓取全部所需数据。
[2026-04-13 02:21:33] [SUCCESS] bvid=BV1wfQFBeE1e 已成功抓取全部所需数据。
[2026-04-13 02:21:38] [SUCCESS] bvid=BV1wfQFBeE59 已成功抓取全部所需数据。
[2026-04-13 02:21:43] [SUCCESS] bvid=BV1wfQFBeEZh 已成功抓取全部所需数据。
[2026-04-13 02:21:48] [SUCCESS] bvid=BV1wnDrBmEjo 已成功抓取全部所需数据。
[2026-04-13 02:21:53] [SUCCESS] bvid=BV1WRQFBTE5Q 已成功抓取全部所需数据。
[2026-04-13 02:21:58] [SUCCESS] bvid=BV1sRQFBTEVo 已成功抓取全部所需数据。
[2026-04-13 02:22:03] [SUCCESS] bvid=BV1cRDZBbEUx 已成功抓取全部所需数据。
[2026-04-13 02:22:09] [SUCCESS] bvid=BV1WdQFBiExu 已成功抓取全部所需数据。
[2026-04-13 02:22:14] [SUCCESS] bvid=BV16PQcBcEjE 已成功抓取全部所需数据。
[2026-04-13 02:22:20] [SUCCESS] bvid=BV1fNQcBbEMF 已成功抓取全部所需数据。
[2026-04-13 02:22:25] [SUCCESS] bvid=BV1ZNQcBbEnN 已成功抓取全部所需数据。
[2026-04-13 02:22:30] [SUCCESS] bvid=BV1fNQcBbE8R 已成功抓取全部所需数据。
[2026-04-13 02:22:35] [SUCCESS] bvid=BV1nVDZB4EXb 已成功抓取全部所需数据。
[2026-04-13 02:22:40] [SUCCESS] bvid=BV1ENQcB8E4c 已成功抓取全部所需数据。
[2026-04-13 02:22:45] [SUCCESS] bvid=BV1fNQcBbEsu 已成功抓取全部所需数据。
[2026-04-13 02:22:50] [SUCCESS] bvid=BV1n7DZB9EgZ 已成功抓取全部所需数据。
[2026-04-13 02:22:55] [SUCCESS] bvid=BV1z7DZB9EHR 已成功抓取全部所需数据。
[2026-04-13 02:23:01] [SUCCESS] bvid=BV1cwQcBaEWK 已成功抓取全部所需数据。
[2026-04-13 02:23:06] [SUCCESS] bvid=BV165DZBdENX 已成功抓取全部所需数据。
[2026-04-13 02:23:11] [SUCCESS] bvid=BV1E7DZB9ETf 已成功抓取全部所需数据。
[2026-04-13 02:23:16] [SUCCESS] bvid=BV167DZB9EtL 已成功抓取全部所需数据。
[2026-04-13 02:23:21] [SUCCESS] bvid=BV1JJDZBpEuz 已成功抓取全部所需数据。
[2026-04-13 02:23:26] [SUCCESS] bvid=BV1EJDZBpEHN 已成功抓取全部所需数据。
[2026-04-13 02:23:31] [SUCCESS] bvid=BV1zJDZBpEqV 已成功抓取全部所需数据。
[2026-04-13 02:23:36] [SUCCESS] bvid=BV1n5DZBdEpD 已成功抓取全部所需数据。
[2026-04-13 02:23:41] [SUCCESS] bvid=BV1H5DZBdEsw 已成功抓取全部所需数据。
[2026-04-13 02:23:46] [SUCCESS] bvid=BV1H5DZBdENd 已成功抓取全部所需数据。
[2026-04-13 02:23:51] [SUCCESS] bvid=BV1H5DZBdEUK 已成功抓取全部所需数据。
[2026-04-13 02:23:57] [SUCCESS] bvid=BV12KDZBwEsB 已成功抓取全部所需数据。
[2026-04-13 02:24:02] [SUCCESS] bvid=BV1H5DZBdEj4 已成功抓取全部所需数据。
[2026-04-13 02:24:07] [SUCCESS] bvid=BV1LxDZBEEu6 已成功抓取全部所需数据。
[2026-04-13 02:24:11] [SUCCESS] bvid=BV1cjDZBxEnp 已成功抓取全部所需数据。
[2026-04-13 02:24:16] [SUCCESS] bvid=BV1k5DZBdEFp 已成功抓取全部所需数据。
[2026-04-13 02:24:21] [SUCCESS] bvid=BV1w5DZBoE5e 已成功抓取全部所需数据。
[2026-04-13 02:24:26] [SUCCESS] bvid=BV1JjDZBsEqV 已成功抓取全部所需数据。
[2026-04-13 02:24:31] [SUCCESS] bvid=BV1JjDZBsE1n 已成功抓取全部所需数据。
[2026-04-13 02:24:35] [SUCCESS] bvid=BV1cjDZBxEtY 已成功抓取全部所需数据。
[2026-04-13 02:24:40] [SUCCESS] bvid=BV1JjDZBsEU7 已成功抓取全部所需数据。
[2026-04-13 02:24:45] [SUCCESS] bvid=BV1cjDZBxEuL 已成功抓取全部所需数据。
[2026-04-13 02:24:50] [SUCCESS] bvid=BV1jnDZBQEyC 已成功抓取全部所需数据。
[2026-04-13 02:24:55] [SUCCESS] bvid=BV1jWDZBSEo4 已成功抓取全部所需数据。
[2026-04-13 02:25:00] [SUCCESS] bvid=BV1qWDZBSEDG 已成功抓取全部所需数据。
[2026-04-13 02:25:06] [SUCCESS] bvid=BV1X7D4BpE5h 已成功抓取全部所需数据。
[2026-04-13 02:25:11] [SUCCESS] bvid=BV1ixDZBEEJX 已成功抓取全部所需数据。
[2026-04-13 02:25:16] [SUCCESS] bvid=BV1oxDZBEEix 已成功抓取全部所需数据。
[2026-04-13 02:25:21] [SUCCESS] bvid=BV1EnDZBXEDc 已成功抓取全部所需数据。
[2026-04-13 02:25:26] [SUCCESS] bvid=BV17nDZBQEaF 已成功抓取全部所需数据。
[2026-04-13 02:25:31] [SUCCESS] bvid=BV1BnDZBQET8 已成功抓取全部所需数据。
[2026-04-13 02:25:36] [SUCCESS] bvid=BV1EnDZBQEGf 已成功抓取全部所需数据。
[2026-04-13 02:25:41] [SUCCESS] bvid=BV1H3DZBZEmg 已成功抓取全部所需数据。
[2026-04-13 02:25:46] [SUCCESS] bvid=BV17nDZBQEe8 已成功抓取全部所需数据。
[2026-04-13 02:25:51] [SUCCESS] bvid=BV1BpDZBnEL4 已成功抓取全部所需数据。
[2026-04-13 02:25:56] [SUCCESS] bvid=BV1j8DtBPEtp 已成功抓取全部所需数据。
[2026-04-13 02:26:00] [SUCCESS] bvid=BV17pDZBnE6s 已成功抓取全部所需数据。
[2026-04-13 02:26:05] [SUCCESS] bvid=BV1jpDZBnEb6 已成功抓取全部所需数据。
[2026-04-13 02:26:10] [SUCCESS] bvid=BV19GD4BdEGp 已成功抓取全部所需数据。
[2026-04-13 02:26:15] [SUCCESS] bvid=BV1k3DZBZEaX 已成功抓取全部所需数据。
[2026-04-13 02:26:20] [SUCCESS] bvid=BV1VaDZB5E8M 已成功抓取全部所需数据。
[2026-04-13 02:26:25] [SUCCESS] bvid=BV1MJDsB5EBo 已成功抓取全部所需数据。
[2026-04-13 02:26:30] [SUCCESS] bvid=BV1wXDxB6ESH 已成功抓取全部所需数据。
[2026-04-13 02:26:36] [SUCCESS] bvid=BV1j4DxBtEAo 已成功抓取全部所需数据。
[2026-04-13 02:26:41] [SUCCESS] bvid=BV1YQDoBrEae 已成功抓取全部所需数据。
[2026-04-13 02:26:46] [SUCCESS] bvid=BV1yTDZBhEs1 已成功抓取全部所需数据。
[2026-04-13 02:26:51] [SUCCESS] bvid=BV1KPDZBeEKt 已成功抓取全部所需数据。
[2026-04-13 02:26:56] [SUCCESS] bvid=BV11TDZBhEbi 已成功抓取全部所需数据。
[2026-04-13 02:27:01] [SUCCESS] bvid=BV1NTDZBaEDq 已成功抓取全部所需数据。
[2026-04-13 02:27:06] [SUCCESS] bvid=BV1MADZBNEbw 已成功抓取全部所需数据。
[2026-04-13 02:27:11] [SUCCESS] bvid=BV1xADZBPE1V 已成功抓取全部所需数据。
[2026-04-13 02:27:16] [SUCCESS] bvid=BV1LiDrBqE4Y 已成功抓取全部所需数据。
[2026-04-13 02:27:21] [SUCCESS] bvid=BV1RBDrBNELn 已成功抓取全部所需数据。
[2026-04-13 02:27:26] [SUCCESS] bvid=BV1zgDkBVET1 已成功抓取全部所需数据。
[2026-04-13 02:27:31] [SUCCESS] bvid=BV1MrDZBMEbK 已成功抓取全部所需数据。
[2026-04-13 02:27:36] [SUCCESS] bvid=BV1ZPDfBHEbc 已成功抓取全部所需数据。
[2026-04-13 02:27:41] [SUCCESS] bvid=BV1iTDfBnEd2 已成功抓取全部所需数据。
[2026-04-13 02:27:46] [SUCCESS] bvid=BV1gBDWBGEVG 已成功抓取全部所需数据。
[2026-04-13 02:27:51] [SUCCESS] bvid=BV1dRD7BKETX 已成功抓取全部所需数据。
[2026-04-13 02:27:56] [SUCCESS] bvid=BV1EPDfBpEM4 已成功抓取全部所需数据。
[2026-04-13 02:28:01] [SUCCESS] bvid=BV1PaDfBPEwM 已成功抓取全部所需数据。
[2026-04-13 02:28:06] [SUCCESS] bvid=BV1AoDtB1EXU 已成功抓取全部所需数据。
[2026-04-13 02:28:11] [SUCCESS] bvid=BV1MNDqBGEJL 已成功抓取全部所需数据。
[2026-04-13 02:28:16] [SUCCESS] bvid=BV18fDsB2EiL 已成功抓取全部所需数据。
[2026-04-13 02:28:34] [SUCCESS] bvid=BV1sUDZBYEPZ 已成功抓取全部所需数据。
[2026-04-13 02:28:52] [SUCCESS] bvid=BV1vDDLBwEwD 已成功抓取全部所需数据。
[2026-04-13 02:29:09] [SUCCESS] bvid=BV1nnDtBgEsW 已成功抓取全部所需数据。
[2026-04-13 02:29:27] [SUCCESS] bvid=BV12CDcBzEan 已成功抓取全部所需数据。
[2026-04-13 02:29:44] [SUCCESS] bvid=BV1KMDtBJEeB 已成功抓取全部所需数据。
[2026-04-13 02:29:44] [INFO] 当前 batch_crawl 已完成，所有视频均已成功抓取。
[2026-04-13 02:29:44] 子任务结束时间：2026-04-13T02:29:44.523860
[TIMESTAMP][END] 2026-04-13T02:29:44
