[TIMESTAMP][BEGIN] 2026-04-12T23:49:38
[2026-04-12 23:49:41] 开始执行 CSV 批量抓取子任务 part_7。
[2026-04-12 23:49:41] 子任务开始时间：2026-04-12T23:49:38.924824
[2026-04-12 23:49:41] 输入文件：batch_input_7.csv
[2026-04-12 23:49:41] 输入唯一 bvid 数量：100
[2026-04-12 23:49:41] 为严格按 CSV 顺序判断连续失败阈值，本次任务自动将并发度从 2 调整为 1。
[2026-04-12 23:49:46] [SUCCESS] bvid=BV1u3DCBaEP7 已成功抓取全部所需数据。
[2026-04-12 23:49:51] [SUCCESS] bvid=BV1hMDCBeENd 已成功抓取全部所需数据。
[2026-04-12 23:49:58] [SUCCESS] bvid=BV1uVDCBcEZK 已成功抓取全部所需数据。
[2026-04-12 23:50:03] [SUCCESS] bvid=BV1gMDCBeERP 已成功抓取全部所需数据。
[2026-04-12 23:50:09] [SUCCESS] bvid=BV1nHQwBqE1H 已成功抓取全部所需数据。
[2026-04-12 23:50:14] [SUCCESS] bvid=BV1DMDCBeEFR 已成功抓取全部所需数据。
[2026-04-12 23:50:20] [SUCCESS] bvid=BV1gMDCBeEXb 已成功抓取全部所需数据。
[2026-04-12 23:50:25] [SUCCESS] bvid=BV1K7DCBtE5b 已成功抓取全部所需数据。
[2026-04-12 23:50:31] [SUCCESS] bvid=BV1ggDCBAEHk 已成功抓取全部所需数据。
[2026-04-12 23:50:36] [SUCCESS] bvid=BV1DgDCBAEmk 已成功抓取全部所需数据。
[2026-04-12 23:50:42] [SUCCESS] bvid=BV1BcQMBLEMo 已成功抓取全部所需数据。
[2026-04-12 23:50:47] [SUCCESS] bvid=BV1GgQMBgE2e 已成功抓取全部所需数据。
[2026-04-12 23:50:52] [SUCCESS] bvid=BV1DXDCBYExr 已成功抓取全部所需数据。
[2026-04-12 23:50:57] [SUCCESS] bvid=BV13gDCBAEup 已成功抓取全部所需数据。
[2026-04-12 23:51:02] [SUCCESS] bvid=BV1T7DCBtELh 已成功抓取全部所需数据。
[2026-04-12 23:51:07] [SUCCESS] bvid=BV1K7DCBtEmW 已成功抓取全部所需数据。
[2026-04-12 23:51:12] [SUCCESS] bvid=BV1C7QwBgEKq 已成功抓取全部所需数据。
[2026-04-12 23:51:18] [SUCCESS] bvid=BV1dzDCBGEge 已成功抓取全部所需数据。
[2026-04-12 23:51:23] [SUCCESS] bvid=BV1ZeDCB1ERT 已成功抓取全部所需数据。
[2026-04-12 23:51:28] [SUCCESS] bvid=BV1KEDCBoECS 已成功抓取全部所需数据。
[2026-04-12 23:51:33] [SUCCESS] bvid=BV14EDCBoEwk 已成功抓取全部所需数据。
[2026-04-12 23:51:39] [SUCCESS] bvid=BV1qnXfBtEET 已成功抓取全部所需数据。
[2026-04-12 23:51:44] [SUCCESS] bvid=BV14EDCBoEFC 已成功抓取全部所需数据。
[2026-04-12 23:51:49] [SUCCESS] bvid=BV1KEDCBoEaB 已成功抓取全部所需数据。
[2026-04-12 23:51:54] [SUCCESS] bvid=BV1WVQFBNEZ9 已成功抓取全部所需数据。
[2026-04-12 23:51:59] [SUCCESS] bvid=BV1VCDCB6E8F 已成功抓取全部所需数据。
[2026-04-12 23:52:04] [SUCCESS] bvid=BV1kQQTBHE5G 已成功抓取全部所需数据。
[2026-04-12 23:52:10] [SUCCESS] bvid=BV1t5DCB8Eo1 已成功抓取全部所需数据。
[2026-04-12 23:52:15] [SUCCESS] bvid=BV1TLDCBfEo1 已成功抓取全部所需数据。
[2026-04-12 23:52:20] [SUCCESS] bvid=BV1ULDCBfEgF 已成功抓取全部所需数据。
[2026-04-12 23:52:25] [SUCCESS] bvid=BV1KLDCBfE4t 已成功抓取全部所需数据。
[2026-04-12 23:52:31] [SUCCESS] bvid=BV1aUDCBTEvN 已成功抓取全部所需数据。
[2026-04-12 23:52:36] [SUCCESS] bvid=BV1XUDCBKEpN 已成功抓取全部所需数据。
[2026-04-12 23:52:41] [SUCCESS] bvid=BV13SDCBiEDa 已成功抓取全部所需数据。
[2026-04-12 23:52:47] [SUCCESS] bvid=BV13SDCBiEWf 已成功抓取全部所需数据。
[2026-04-12 23:52:52] [SUCCESS] bvid=BV1XUDCBKEMT 已成功抓取全部所需数据。
[2026-04-12 23:52:57] [SUCCESS] bvid=BV1DSDCBvEMR 已成功抓取全部所需数据。
[2026-04-12 23:53:02] [SUCCESS] bvid=BV13SDCBiEwh 已成功抓取全部所需数据。
[2026-04-12 23:53:08] [SUCCESS] bvid=BV13SDCBiEdv 已成功抓取全部所需数据。
[2026-04-12 23:53:13] [SUCCESS] bvid=BV1DSDCBvE6E 已成功抓取全部所需数据。
[2026-04-12 23:53:18] [SUCCESS] bvid=BV1DSDCBvEaT 已成功抓取全部所需数据。
[2026-04-12 23:53:23] [SUCCESS] bvid=BV1k1QNBmE5A 已成功抓取全部所需数据。
[2026-04-12 23:53:29] [SUCCESS] bvid=BV1R6DCBrE13 已成功抓取全部所需数据。
[2026-04-12 23:53:34] [SUCCESS] bvid=BV156DCBkEDZ 已成功抓取全部所需数据。
[2026-04-12 23:53:39] [SUCCESS] bvid=BV18SDCBiEv7 已成功抓取全部所需数据。
[2026-04-12 23:53:45] [SUCCESS] bvid=BV1e1DCBuE5H 已成功抓取全部所需数据。
[2026-04-12 23:53:50] [SUCCESS] bvid=BV1QSDCBvEuX 已成功抓取全部所需数据。
[2026-04-12 23:53:55] [SUCCESS] bvid=BV1Q1DCBME17 已成功抓取全部所需数据。
[2026-04-12 23:54:00] [SUCCESS] bvid=BV1X1DCBMEz5 已成功抓取全部所需数据。
[2026-04-12 23:54:05] [SUCCESS] bvid=BV1JoDWBFEyP 已成功抓取全部所需数据。
[2026-04-12 23:54:11] [SUCCESS] bvid=BV1MMQwB7EXZ 已成功抓取全部所需数据。
[2026-04-12 23:54:16] [SUCCESS] bvid=BV13QQKBYEbz 已成功抓取全部所需数据。
[2026-04-12 23:54:22] [SUCCESS] bvid=BV187QMBeEsk 已成功抓取全部所需数据。
[2026-04-12 23:54:27] [SUCCESS] bvid=BV1H4QKBSE9M 已成功抓取全部所需数据。
[2026-04-12 23:54:32] [SUCCESS] bvid=BV1GBQwBdEXr 已成功抓取全部所需数据。
[2026-04-12 23:54:37] [SUCCESS] bvid=BV1R6DCBrEfv 已成功抓取全部所需数据。
[2026-04-12 23:54:43] [SUCCESS] bvid=BV124DfBiEe3 已成功抓取全部所需数据。
[2026-04-12 23:54:48] [SUCCESS] bvid=BV1WxQKBnEBV 已成功抓取全部所需数据。
[2026-04-12 23:54:54] [SUCCESS] bvid=BV1E4QwBPEyF 已成功抓取全部所需数据。
[2026-04-12 23:54:59] [SUCCESS] bvid=BV1xsQMBfEwD 已成功抓取全部所需数据。
[2026-04-12 23:55:04] [SUCCESS] bvid=BV1VQQMB3E3w 已成功抓取全部所需数据。
[2026-04-12 23:55:10] [SUCCESS] bvid=BV17zQKBrEGU 已成功抓取全部所需数据。
[2026-04-12 23:55:15] [SUCCESS] bvid=BV1MZQMBTEzv 已成功抓取全部所需数据。
[2026-04-12 23:55:15] [ERROR] bvid=BV1X2DCBqEmh 抓取失败：stat: 接口返回错误代码：62002，信息：稿件不可见。
{'code': 62002, 'message': '稿件不可见', 'ttl': 1} | comment: 接口返回错误代码：62002，信息：稿件不可见。
{'code': 62002, 'message': '稿件不可见', 'ttl': 1}
[2026-04-12 23:55:20] [SUCCESS] bvid=BV191DCBMEnA 已成功抓取全部所需数据。
[2026-04-12 23:55:25] [SUCCESS] bvid=BV1G2DCBBEJP 已成功抓取全部所需数据。
[2026-04-12 23:55:31] [SUCCESS] bvid=BV1uRDCBAEkh 已成功抓取全部所需数据。
[2026-04-12 23:55:36] [SUCCESS] bvid=BV1SRDCBwEp7 已成功抓取全部所需数据。
[2026-04-12 23:55:41] [SUCCESS] bvid=BV1URDCBwEVy 已成功抓取全部所需数据。
[2026-04-12 23:55:46] [SUCCESS] bvid=BV1jWDZBSEwx 已成功抓取全部所需数据。
[2026-04-12 23:55:51] [SUCCESS] bvid=BV1UdDCBaEy8 已成功抓取全部所需数据。
[2026-04-12 23:55:56] [SUCCESS] bvid=BV1eCDCB6Ewn 已成功抓取全部所需数据。
[2026-04-12 23:56:02] [SUCCESS] bvid=BV1aQDCBNEPz 已成功抓取全部所需数据。
[2026-04-12 23:56:07] [SUCCESS] bvid=BV1DQDCBPEe7 已成功抓取全部所需数据。
[2026-04-12 23:56:12] [SUCCESS] bvid=BV1uQDCBNEpZ 已成功抓取全部所需数据。
[2026-04-12 23:56:18] [SUCCESS] bvid=BV1gQDCBNEkP 已成功抓取全部所需数据。
[2026-04-12 23:56:23] [SUCCESS] bvid=BV18QDCBNE2A 已成功抓取全部所需数据。
[2026-04-12 23:56:29] [SUCCESS] bvid=BV1fiDCB5ETR 已成功抓取全部所需数据。
[2026-04-12 23:56:34] [SUCCESS] bvid=BV1qXQABKEqX 已成功抓取全部所需数据。
[2026-04-12 23:56:39] [SUCCESS] bvid=BV1DXDCBYEwU 已成功抓取全部所需数据。
[2026-04-12 23:56:45] [SUCCESS] bvid=BV1ZiDCB5ED7 已成功抓取全部所需数据。
[2026-04-12 23:56:50] [SUCCESS] bvid=BV1fiDCB5Eu3 已成功抓取全部所需数据。
[2026-04-12 23:56:55] [SUCCESS] bvid=BV1ZqDCBCEYi 已成功抓取全部所需数据。
[2026-04-12 23:57:00] [SUCCESS] bvid=BV1jqDCByEtA 已成功抓取全部所需数据。
[2026-04-12 23:57:05] [SUCCESS] bvid=BV1gdQMBBEGF 已成功抓取全部所需数据。
[2026-04-12 23:57:10] [SUCCESS] bvid=BV1FYDCB7E3D 已成功抓取全部所需数据。
[2026-04-12 23:57:15] [SUCCESS] bvid=BV1LkDCB3Eib 已成功抓取全部所需数据。
[2026-04-12 23:57:21] [SUCCESS] bvid=BV1LkDCB3EVS 已成功抓取全部所需数据。
[2026-04-12 23:57:26] [SUCCESS] bvid=BV18RQKBhEtz 已成功抓取全部所需数据。
[2026-04-12 23:57:31] [SUCCESS] bvid=BV1VCDCB6EYx 已成功抓取全部所需数据。
[2026-04-12 23:57:37] [SUCCESS] bvid=BV1dzDCBGEoH 已成功抓取全部所需数据。
[2026-04-12 23:57:42] [SUCCESS] bvid=BV1vTQMB3EYh 已成功抓取全部所需数据。
[2026-04-12 23:57:47] [SUCCESS] bvid=BV1o6DCBrEcT 已成功抓取全部所需数据。
[2026-04-12 23:57:52] [SUCCESS] bvid=BV1wgDvBcERX 已成功抓取全部所需数据。
[2026-04-12 23:57:57] [SUCCESS] bvid=BV1HiDiBwEdZ 已成功抓取全部所需数据。
[2026-04-12 23:58:03] [SUCCESS] bvid=BV1uZQMBTEas 已成功抓取全部所需数据。
[2026-04-12 23:58:09] [SUCCESS] bvid=BV1jWQuBJEpi 已成功抓取全部所需数据。
[2026-04-12 23:58:15] [SUCCESS] bvid=BV1hZDsB7E6n 已成功抓取全部所需数据。
[2026-04-12 23:58:20] [SUCCESS] bvid=BV1pEQwBzE47 已成功抓取全部所需数据。
[2026-04-12 23:58:26] [SUCCESS] bvid=BV1YMQMB6EC6 已成功抓取全部所需数据。
[2026-04-12 23:58:26] [WARN] 当前子任务已结束，但仍有未成功抓取的视频，已导出 remaining CSV 供继续执行。
[2026-04-12 23:58:26] [INFO] 已导出剔除成功条目后的剩余 CSV：D:\Schoolworks\Thesis\Bilibili-Datahub\outputs\video_data\manual_crawls\manual_crawl_stat_comment_20260412_215415\remaining_bvids_part_7.csv
[2026-04-12 23:58:26] 子任务结束时间：2026-04-12T23:58:26.119783
[TIMESTAMP][END] 2026-04-12T23:58:26
