[TIMESTAMP][BEGIN] 2026-04-13T00:18:24
[2026-04-13 00:18:26] 开始执行 CSV 批量抓取子任务 part_10。
[2026-04-13 00:18:26] 子任务开始时间：2026-04-13T00:18:24.576214
[2026-04-13 00:18:26] 输入文件：batch_input_10.csv
[2026-04-13 00:18:26] 输入唯一 bvid 数量：100
[2026-04-13 00:18:26] 为严格按 CSV 顺序判断连续失败阈值，本次任务自动将并发度从 2 调整为 1。
[2026-04-13 00:18:32] [SUCCESS] bvid=BV1raQKBjEuU 已成功抓取全部所需数据。
[2026-04-13 00:18:37] [SUCCESS] bvid=BV1JaQKBjEs8 已成功抓取全部所需数据。
[2026-04-13 00:18:42] [SUCCESS] bvid=BV1JaQKBjEU7 已成功抓取全部所需数据。
[2026-04-13 00:18:48] [SUCCESS] bvid=BV1hcQFBVEGu 已成功抓取全部所需数据。
[2026-04-13 00:18:53] [SUCCESS] bvid=BV1F6DfBZEyi 已成功抓取全部所需数据。
[2026-04-13 00:18:58] [SUCCESS] bvid=BV19pQNBYEw3 已成功抓取全部所需数据。
[2026-04-13 00:19:04] [SUCCESS] bvid=BV1wfDtB5ErV 已成功抓取全部所需数据。
[2026-04-13 00:19:10] [SUCCESS] bvid=BV142QFBkEiV 已成功抓取全部所需数据。
[2026-04-13 00:19:15] [SUCCESS] bvid=BV1W3QFBiEbw 已成功抓取全部所需数据。
[2026-04-13 00:19:21] [SUCCESS] bvid=BV1tMQwBjEwo 已成功抓取全部所需数据。
[2026-04-13 00:19:26] [SUCCESS] bvid=BV1JYQKB1ENz 已成功抓取全部所需数据。
[2026-04-13 00:19:31] [SUCCESS] bvid=BV1b5QKBZE4P 已成功抓取全部所需数据。
[2026-04-13 00:19:36] [SUCCESS] bvid=BV1EYQKB1ECd 已成功抓取全部所需数据。
[2026-04-13 00:19:41] [SUCCESS] bvid=BV1bjQKB4E5o 已成功抓取全部所需数据。
[2026-04-13 00:19:47] [SUCCESS] bvid=BV14jQKB4ERx 已成功抓取全部所需数据。
[2026-04-13 00:19:52] [SUCCESS] bvid=BV1t7QKBdEab 已成功抓取全部所需数据。
[2026-04-13 00:19:57] [SUCCESS] bvid=BV1x7QKBdEok 已成功抓取全部所需数据。
[2026-04-13 00:20:02] [SUCCESS] bvid=BV147QKBdEWr 已成功抓取全部所需数据。
[2026-04-13 00:20:08] [SUCCESS] bvid=BV1SVQKBbEBk 已成功抓取全部所需数据。
[2026-04-13 00:20:13] [SUCCESS] bvid=BV1uVQKB8E3f 已成功抓取全部所需数据。
[2026-04-13 00:20:18] [SUCCESS] bvid=BV1xpQKBpEN7 已成功抓取全部所需数据。
[2026-04-13 00:20:24] [SUCCESS] bvid=BV1qXD7BBEV4 已成功抓取全部所需数据。
[2026-04-13 00:20:29] [SUCCESS] bvid=BV1m5QKBZECS 已成功抓取全部所需数据。
[2026-04-13 00:20:34] [SUCCESS] bvid=BV1ypQKBpELT 已成功抓取全部所需数据。
[2026-04-13 00:20:39] [SUCCESS] bvid=BV1xnQKB9Exi 已成功抓取全部所需数据。
[2026-04-13 00:20:45] [SUCCESS] bvid=BV1pWQKBQE4v 已成功抓取全部所需数据。
[2026-04-13 00:20:50] [SUCCESS] bvid=BV1CWQKBQEeV 已成功抓取全部所需数据。
[2026-04-13 00:20:55] [SUCCESS] bvid=BV11JQKBsEYh 已成功抓取全部所需数据。
[2026-04-13 00:21:00] [SUCCESS] bvid=BV1sWQKBQE31 已成功抓取全部所需数据。
[2026-04-13 00:21:05] [SUCCESS] bvid=BV11WQKBQEFz 已成功抓取全部所需数据。
[2026-04-13 00:21:11] [SUCCESS] bvid=BV1sWQKBQEYJ 已成功抓取全部所需数据。
[2026-04-13 00:21:15] [SUCCESS] bvid=BV1P6QAB5Ei5 已成功抓取全部所需数据。
[2026-04-13 00:21:21] [SUCCESS] bvid=BV14JQKBsEUf 已成功抓取全部所需数据。
[2026-04-13 00:21:26] [SUCCESS] bvid=BV1YAQPBtEKY 已成功抓取全部所需数据。
[2026-04-13 00:21:31] [SUCCESS] bvid=BV15eQwBbEVc 已成功抓取全部所需数据。
[2026-04-13 00:21:36] [SUCCESS] bvid=BV1HnQwBMEvA 已成功抓取全部所需数据。
[2026-04-13 00:21:41] [SUCCESS] bvid=BV12JQKBsE2U 已成功抓取全部所需数据。
[2026-04-13 00:21:46] [SUCCESS] bvid=BV14JQKBsEkp 已成功抓取全部所需数据。
[2026-04-13 00:21:52] [SUCCESS] bvid=BV1xnQKB9E3p 已成功抓取全部所需数据。
[2026-04-13 00:21:57] [SUCCESS] bvid=BV1KPQTBsEcH 已成功抓取全部所需数据。
[2026-04-13 00:22:02] [SUCCESS] bvid=BV1xnQKB9E6X 已成功抓取全部所需数据。
[2026-04-13 00:22:07] [SUCCESS] bvid=BV1snQKB9E4a 已成功抓取全部所需数据。
[2026-04-13 00:22:13] [SUCCESS] bvid=BV14nQKB9EMP 已成功抓取全部所需数据。
[2026-04-13 00:22:18] [SUCCESS] bvid=BV1snQKB9EYL 已成功抓取全部所需数据。
[2026-04-13 00:22:24] [SUCCESS] bvid=BV1u9QKBwEHg 已成功抓取全部所需数据。
[2026-04-13 00:22:29] [SUCCESS] bvid=BV1u9QKBwEsM 已成功抓取全部所需数据。
[2026-04-13 00:22:34] [SUCCESS] bvid=BV1cVQTBEE5j 已成功抓取全部所需数据。
[2026-04-13 00:22:40] [SUCCESS] bvid=BV1h9QKBwEWV 已成功抓取全部所需数据。
[2026-04-13 00:22:45] [SUCCESS] bvid=BV1CqQcBqEtj 已成功抓取全部所需数据。
[2026-04-13 00:22:50] [SUCCESS] bvid=BV16bQPB6EXz 已成功抓取全部所需数据。
[2026-04-13 00:22:55] [SUCCESS] bvid=BV1uRQKBhEmE 已成功抓取全部所需数据。
[2026-04-13 00:23:00] [SUCCESS] bvid=BV1gDQKBPEm6 已成功抓取全部所需数据。
[2026-04-13 00:23:05] [SUCCESS] bvid=BV13DQKBPEYH 已成功抓取全部所需数据。
[2026-04-13 00:23:11] [SUCCESS] bvid=BV1JhQPBuESZ 已成功抓取全部所需数据。
[2026-04-13 00:23:16] [SUCCESS] bvid=BV1aDQKBPEUq 已成功抓取全部所需数据。
[2026-04-13 00:23:21] [SUCCESS] bvid=BV13QQKBYEWE 已成功抓取全部所需数据。
[2026-04-13 00:23:26] [SUCCESS] bvid=BV1gQQKBYE76 已成功抓取全部所需数据。
[2026-04-13 00:23:31] [SUCCESS] bvid=BV1pgDZBbEpG 已成功抓取全部所需数据。
[2026-04-13 00:23:36] [SUCCESS] bvid=BV1tVQPBDEjy 已成功抓取全部所需数据。
[2026-04-13 00:23:41] [SUCCESS] bvid=BV1KfQKBZEY9 已成功抓取全部所需数据。
[2026-04-13 00:23:46] [SUCCESS] bvid=BV1gEFDzVE5L 已成功抓取全部所需数据。
[2026-04-13 00:23:51] [SUCCESS] bvid=BV1gEFDzVEYT 已成功抓取全部所需数据。
[2026-04-13 00:23:56] [SUCCESS] bvid=BV1tfQKBZE6t 已成功抓取全部所需数据。
[2026-04-13 00:24:01] [SUCCESS] bvid=BV1GHQAB4EdF 已成功抓取全部所需数据。
[2026-04-13 00:24:06] [SUCCESS] bvid=BV1ggQPB9EMT 已成功抓取全部所需数据。
[2026-04-13 00:24:12] [SUCCESS] bvid=BV1M2QFBkEYu 已成功抓取全部所需数据。
[2026-04-13 00:24:17] [SUCCESS] bvid=BV1UuQwB1Exc 已成功抓取全部所需数据。
[2026-04-13 00:24:23] [SUCCESS] bvid=BV1r9DWBwEGj 已成功抓取全部所需数据。
[2026-04-13 00:24:28] [SUCCESS] bvid=BV1nqDiBhERx 已成功抓取全部所需数据。
[2026-04-13 00:24:33] [SUCCESS] bvid=BV1nmQABzEX5 已成功抓取全部所需数据。
[2026-04-13 00:24:39] [SUCCESS] bvid=BV16mQABBEqd 已成功抓取全部所需数据。
[2026-04-13 00:24:44] [SUCCESS] bvid=BV1YcQPBfE2K 已成功抓取全部所需数据。
[2026-04-13 00:24:50] [SUCCESS] bvid=BV1yYQcBgE4w 已成功抓取全部所需数据。
[2026-04-13 00:24:55] [SUCCESS] bvid=BV18AQwBSEhj 已成功抓取全部所需数据。
[2026-04-13 00:25:00] [SUCCESS] bvid=BV1uDQPBxEZf 已成功抓取全部所需数据。
[2026-04-13 00:25:06] [SUCCESS] bvid=BV16WDEBjEVo 已成功抓取全部所需数据。
[2026-04-13 00:25:11] [SUCCESS] bvid=BV1CSQTBXExm 已成功抓取全部所需数据。
[2026-04-13 00:25:16] [SUCCESS] bvid=BV14uQwB1Efc 已成功抓取全部所需数据。
[2026-04-13 00:25:22] [SUCCESS] bvid=BV1MiQTBYE6q 已成功抓取全部所需数据。
[2026-04-13 00:25:27] [SUCCESS] bvid=BV1QZDfBLEQw 已成功抓取全部所需数据。
[2026-04-13 00:25:33] [SUCCESS] bvid=BV1MZQKBbEHf 已成功抓取全部所需数据。
[2026-04-13 00:25:38] [SUCCESS] bvid=BV1TZQKBbExT 已成功抓取全部所需数据。
[2026-04-13 00:25:43] [SUCCESS] bvid=BV1zkDfBxEbS 已成功抓取全部所需数据。
[2026-04-13 00:25:48] [SUCCESS] bvid=BV1EBQKBGE3k 已成功抓取全部所需数据。
[2026-04-13 00:25:54] [SUCCESS] bvid=BV1jzQKBrEeo 已成功抓取全部所需数据。
[2026-04-13 00:25:59] [SUCCESS] bvid=BV169QNBGEAS 已成功抓取全部所需数据。
[2026-04-13 00:26:04] [SUCCESS] bvid=BV1GmQKBTEiK 已成功抓取全部所需数据。
[2026-04-13 00:26:10] [SUCCESS] bvid=BV1GmQKBKE4L 已成功抓取全部所需数据。
[2026-04-13 00:26:15] [SUCCESS] bvid=BV1QUQKBvEfq 已成功抓取全部所需数据。
[2026-04-13 00:26:20] [SUCCESS] bvid=BV1aUQKBvE7a 已成功抓取全部所需数据。
[2026-04-13 00:26:26] [SUCCESS] bvid=BV1XUQKBvECS 已成功抓取全部所需数据。
[2026-04-13 00:26:31] [SUCCESS] bvid=BV1E7QTB1EBE 已成功抓取全部所需数据。
[2026-04-13 00:26:36] [SUCCESS] bvid=BV1JjQTBjELe 已成功抓取全部所需数据。
[2026-04-13 00:26:42] [SUCCESS] bvid=BV17nDZBQE4P 已成功抓取全部所需数据。
[2026-04-13 00:26:47] [SUCCESS] bvid=BV1hYDWB1EuM 已成功抓取全部所需数据。
[2026-04-13 00:26:52] [SUCCESS] bvid=BV1qEXfBfEU3 已成功抓取全部所需数据。
[2026-04-13 00:26:57] [SUCCESS] bvid=BV1qEXfBfECF 已成功抓取全部所需数据。
[2026-04-13 00:27:03] [SUCCESS] bvid=BV1QbQNBbEYX 已成功抓取全部所需数据。
[2026-04-13 00:27:09] [SUCCESS] bvid=BV1WJQPB2Egg 已成功抓取全部所需数据。
[2026-04-13 00:27:15] [SUCCESS] bvid=BV1CrQABkEj4 已成功抓取全部所需数据。
[2026-04-13 00:27:15] [INFO] 当前 batch_crawl 已完成，所有视频均已成功抓取。
[2026-04-13 00:27:15] 子任务结束时间：2026-04-13T00:27:15.017316
[TIMESTAMP][END] 2026-04-13T00:27:15
