[TIMESTAMP][BEGIN] 2026-04-13T06:01:53
[2026-04-13 06:01:55] 开始执行 CSV 批量抓取子任务 part_33。
[2026-04-13 06:01:55] 子任务开始时间：2026-04-13T06:01:53.699507
[2026-04-13 06:01:55] 输入文件：batch_input_33.csv
[2026-04-13 06:01:55] 输入唯一 bvid 数量：100
[2026-04-13 06:01:55] 为严格按 CSV 顺序判断连续失败阈值，本次任务自动将并发度从 2 调整为 1。
[2026-04-13 06:02:01] [SUCCESS] bvid=BV1XqDjBfEHL 已成功抓取全部所需数据。
[2026-04-13 06:02:06] [SUCCESS] bvid=BV1GkDrBYEq2 已成功抓取全部所需数据。
[2026-04-13 06:02:11] [SUCCESS] bvid=BV14VDrBpEFE 已成功抓取全部所需数据。
[2026-04-13 06:02:16] [SUCCESS] bvid=BV1BDD6BME9t 已成功抓取全部所需数据。
[2026-04-13 06:02:21] [SUCCESS] bvid=BV1ryD6BGEhh 已成功抓取全部所需数据。
[2026-04-13 06:02:26] [SUCCESS] bvid=BV1AkSoBREsW 已成功抓取全部所需数据。
[2026-04-13 06:02:31] [SUCCESS] bvid=BV1n3DYBQEdi 已成功抓取全部所需数据。
[2026-04-13 06:02:36] [SUCCESS] bvid=BV1jgDLB8Ew4 已成功抓取全部所需数据。
[2026-04-13 06:02:41] [SUCCESS] bvid=BV1vgDLBbEti 已成功抓取全部所需数据。
[2026-04-13 06:02:46] [SUCCESS] bvid=BV1vgDLBbEQ9 已成功抓取全部所需数据。
[2026-04-13 06:02:51] [SUCCESS] bvid=BV1LgDLBbE95 已成功抓取全部所需数据。
[2026-04-13 06:02:56] [SUCCESS] bvid=BV15gDLBbEBk 已成功抓取全部所需数据。
[2026-04-13 06:03:01] [SUCCESS] bvid=BV15gDLBbEGw 已成功抓取全部所需数据。
[2026-04-13 06:03:07] [SUCCESS] bvid=BV1a7DLB9EBY 已成功抓取全部所需数据。
[2026-04-13 06:03:12] [SUCCESS] bvid=BV1a5DLBdEbR 已成功抓取全部所需数据。
[2026-04-13 06:03:18] [SUCCESS] bvid=BV137DLB9EzP 已成功抓取全部所需数据。
[2026-04-13 06:03:23] [SUCCESS] bvid=BV1g7DLB9EXQ 已成功抓取全部所需数据。
[2026-04-13 06:03:28] [SUCCESS] bvid=BV1G7DLB9EJC 已成功抓取全部所需数据。
[2026-04-13 06:03:33] [SUCCESS] bvid=BV1a5DLBdE8B 已成功抓取全部所需数据。
[2026-04-13 06:03:39] [SUCCESS] bvid=BV1Q7DLB9EdC 已成功抓取全部所需数据。
[2026-04-13 06:03:44] [SUCCESS] bvid=BV1a7DLB9EWT 已成功抓取全部所需数据。
[2026-04-13 06:03:49] [SUCCESS] bvid=BV1G5DLBdEHC 已成功抓取全部所需数据。
[2026-04-13 06:03:53] [SUCCESS] bvid=BV1ajDLBsEu9 已成功抓取全部所需数据。
[2026-04-13 06:03:59] [SUCCESS] bvid=BV1G5DLBdEgP 已成功抓取全部所需数据。
[2026-04-13 06:04:04] [SUCCESS] bvid=BV1ajDLBsETv 已成功抓取全部所需数据。
[2026-04-13 06:04:09] [SUCCESS] bvid=BV1G5DLBdEz4 已成功抓取全部所需数据。
[2026-04-13 06:04:14] [SUCCESS] bvid=BV1G5DLBdEER 已成功抓取全部所需数据。
[2026-04-13 06:04:20] [SUCCESS] bvid=BV1G5DLBdEWp 已成功抓取全部所需数据。
[2026-04-13 06:04:25] [SUCCESS] bvid=BV195DLBdEvK 已成功抓取全部所需数据。
[2026-04-13 06:04:30] [SUCCESS] bvid=BV135DLBdEej 已成功抓取全部所需数据。
[2026-04-13 06:04:35] [SUCCESS] bvid=BV1V5DLBoERp 已成功抓取全部所需数据。
[2026-04-13 06:04:40] [SUCCESS] bvid=BV1ajDLBsEgw 已成功抓取全部所需数据。
[2026-04-13 06:04:45] [SUCCESS] bvid=BV13jDLBxEy3 已成功抓取全部所需数据。
[2026-04-13 06:04:50] [SUCCESS] bvid=BV1iUDLBYE2Y 已成功抓取全部所需数据。
[2026-04-13 06:04:55] [SUCCESS] bvid=BV1dUDLBaE35 已成功抓取全部所需数据。
[2026-04-13 06:05:00] [SUCCESS] bvid=BV13jDLBsEdV 已成功抓取全部所需数据。
[2026-04-13 06:05:07] [SUCCESS] bvid=BV1RDDLBcEvD 已成功抓取全部所需数据。
[2026-04-13 06:05:12] [SUCCESS] bvid=BV1QqDjBfESY 已成功抓取全部所需数据。
[2026-04-13 06:05:18] [SUCCESS] bvid=BV1iDDLBwE1d 已成功抓取全部所需数据。
[2026-04-13 06:05:23] [SUCCESS] bvid=BV1jUDLBYEyZ 已成功抓取全部所需数据。
[2026-04-13 06:05:28] [SUCCESS] bvid=BV1oUDLBaE8n 已成功抓取全部所需数据。
[2026-04-13 06:05:33] [SUCCESS] bvid=BV1LUDLBYE5t 已成功抓取全部所需数据。
[2026-04-13 06:05:38] [SUCCESS] bvid=BV1z1DLBvE3k 已成功抓取全部所需数据。
[2026-04-13 06:05:43] [SUCCESS] bvid=BV1jDDLBwEJR 已成功抓取全部所需数据。
[2026-04-13 06:05:48] [SUCCESS] bvid=BV1dDDLBcEQT 已成功抓取全部所需数据。
[2026-04-13 06:05:53] [SUCCESS] bvid=BV1dmDLBAERa 已成功抓取全部所需数据。
[2026-04-13 06:05:58] [SUCCESS] bvid=BV1dmDLBwEYk 已成功抓取全部所需数据。
[2026-04-13 06:06:03] [SUCCESS] bvid=BV1KcDvBTEDo 已成功抓取全部所需数据。
[2026-04-13 06:06:09] [SUCCESS] bvid=BV1i8DjBeEMv 已成功抓取全部所需数据。
[2026-04-13 06:06:14] [SUCCESS] bvid=BV1mmX7BZEkh 已成功抓取全部所需数据。
[2026-04-13 06:06:19] [SUCCESS] bvid=BV1YRDLBbEva 已成功抓取全部所需数据。
[2026-04-13 06:06:24] [SUCCESS] bvid=BV1yvDLBGE5H 已成功抓取全部所需数据。
[2026-04-13 06:06:30] [SUCCESS] bvid=BV12TDjBJE6k 已成功抓取全部所需数据。
[2026-04-13 06:06:35] [SUCCESS] bvid=BV1E1DLBvE43 已成功抓取全部所需数据。
[2026-04-13 06:06:40] [SUCCESS] bvid=BV1E1DLBvEpw 已成功抓取全部所需数据。
[2026-04-13 06:06:45] [SUCCESS] bvid=BV1E1DLBvE3V 已成功抓取全部所需数据。
[2026-04-13 06:06:51] [SUCCESS] bvid=BV1Z1DLBeECa 已成功抓取全部所需数据。
[2026-04-13 06:06:56] [SUCCESS] bvid=BV1dmDLBAEd5 已成功抓取全部所需数据。
[2026-04-13 06:07:02] [SUCCESS] bvid=BV1ZmDLBPExG 已成功抓取全部所需数据。
[2026-04-13 06:07:07] [SUCCESS] bvid=BV17mDLBPEP3 已成功抓取全部所需数据。
[2026-04-13 06:07:12] [SUCCESS] bvid=BV1qmDLBPEob 已成功抓取全部所需数据。
[2026-04-13 06:07:17] [SUCCESS] bvid=BV1XRDLBtEow 已成功抓取全部所需数据。
[2026-04-13 06:07:22] [SUCCESS] bvid=BV15QDLBhEEu 已成功抓取全部所需数据。
[2026-04-13 06:07:27] [SUCCESS] bvid=BV1XdDLBZEog 已成功抓取全部所需数据。
[2026-04-13 06:07:32] [SUCCESS] bvid=BV1jmDLBPEyu 已成功抓取全部所需数据。
[2026-04-13 06:07:37] [SUCCESS] bvid=BV1179jBWERY 已成功抓取全部所需数据。
[2026-04-13 06:07:42] [SUCCESS] bvid=BV1VRDLBbEuS 已成功抓取全部所需数据。
[2026-04-13 06:07:48] [SUCCESS] bvid=BV1vQDLBhEfp 已成功抓取全部所需数据。
[2026-04-13 06:07:53] [SUCCESS] bvid=BV1XRDLBtESs 已成功抓取全部所需数据。
[2026-04-13 06:07:58] [SUCCESS] bvid=BV1XdDLBZEAM 已成功抓取全部所需数据。
[2026-04-13 06:08:03] [SUCCESS] bvid=BV1edDLBZEAg 已成功抓取全部所需数据。
[2026-04-13 06:08:08] [SUCCESS] bvid=BV1XdDLBoEoy 已成功抓取全部所需数据。
[2026-04-13 06:08:14] [SUCCESS] bvid=BV1VRDLBbEu2 已成功抓取全部所需数据。
[2026-04-13 06:08:19] [SUCCESS] bvid=BV1xWDeBaE3h 已成功抓取全部所需数据。
[2026-04-13 06:08:24] [SUCCESS] bvid=BV1XRDLBtEpG 已成功抓取全部所需数据。
[2026-04-13 06:08:29] [SUCCESS] bvid=BV1VRDLBbErc 已成功抓取全部所需数据。
[2026-04-13 06:08:35] [SUCCESS] bvid=BV1GRDLBbEQp 已成功抓取全部所需数据。
[2026-04-13 06:08:40] [SUCCESS] bvid=BV1XdDLBZExL 已成功抓取全部所需数据。
[2026-04-13 06:08:45] [SUCCESS] bvid=BV1GdDLBZEvX 已成功抓取全部所需数据。
[2026-04-13 06:08:50] [SUCCESS] bvid=BV1eRDLBbEie 已成功抓取全部所需数据。
[2026-04-13 06:08:56] [SUCCESS] bvid=BV1VRDLBbEru 已成功抓取全部所需数据。
[2026-04-13 06:09:01] [SUCCESS] bvid=BV19dDLBoE3r 已成功抓取全部所需数据。
[2026-04-13 06:09:06] [SUCCESS] bvid=BV15RDLBbEPU 已成功抓取全部所需数据。
[2026-04-13 06:09:11] [SUCCESS] bvid=BV1GRDLBbEdH 已成功抓取全部所需数据。
[2026-04-13 06:09:16] [SUCCESS] bvid=BV1GdDLBZE7g 已成功抓取全部所需数据。
[2026-04-13 06:09:21] [SUCCESS] bvid=BV1QdDLBoEzG 已成功抓取全部所需数据。
[2026-04-13 06:09:26] [SUCCESS] bvid=BV1GdDLBZEfx 已成功抓取全部所需数据。
[2026-04-13 06:09:31] [SUCCESS] bvid=BV15QDLBhEBx 已成功抓取全部所需数据。
[2026-04-13 06:09:36] [SUCCESS] bvid=BV1iQDLBhE8Q 已成功抓取全部所需数据。
[2026-04-13 06:09:41] [SUCCESS] bvid=BV1adDLBZE6Y 已成功抓取全部所需数据。
[2026-04-13 06:09:46] [SUCCESS] bvid=BV1LQDLBhErG 已成功抓取全部所需数据。
[2026-04-13 06:09:51] [SUCCESS] bvid=BV1dQDLB8ET4 已成功抓取全部所需数据。
[2026-04-13 06:09:56] [SUCCESS] bvid=BV1GdDLBZEZY 已成功抓取全部所需数据。
[2026-04-13 06:10:00] [SUCCESS] bvid=BV1XdDLBoEKe 已成功抓取全部所需数据。
[2026-04-13 06:10:05] [SUCCESS] bvid=BV1QdDLBoE31 已成功抓取全部所需数据。
[2026-04-13 06:10:10] [SUCCESS] bvid=BV1QdDLBoECm 已成功抓取全部所需数据。
[2026-04-13 06:10:15] [SUCCESS] bvid=BV1RQDLB8ENT 已成功抓取全部所需数据。
[2026-04-13 06:10:20] [SUCCESS] bvid=BV15QDLBhEsL 已成功抓取全部所需数据。
[2026-04-13 06:10:25] [SUCCESS] bvid=BV19QDLB8ESs 已成功抓取全部所需数据。
[2026-04-13 06:10:30] [SUCCESS] bvid=BV19QDLB8E1K 已成功抓取全部所需数据。
[2026-04-13 06:10:30] [INFO] 当前 batch_crawl 已完成，所有视频均已成功抓取。
[2026-04-13 06:10:30] 子任务结束时间：2026-04-13T06:10:30.500739
[TIMESTAMP][END] 2026-04-13T06:10:30
