[TIMESTAMP][BEGIN] 2026-04-13T00:36:21
[2026-04-13 00:36:23] 开始执行 CSV 批量抓取子任务 part_12。
[2026-04-13 00:36:23] 子任务开始时间：2026-04-13T00:36:21.354569
[2026-04-13 00:36:23] 输入文件：batch_input_12.csv
[2026-04-13 00:36:23] 输入唯一 bvid 数量：100
[2026-04-13 00:36:23] 为严格按 CSV 顺序判断连续失败阈值，本次任务自动将并发度从 2 调整为 1。
[2026-04-13 00:36:28] [SUCCESS] bvid=BV1mLQPBJEP8 已成功抓取全部所需数据。
[2026-04-13 00:36:34] [SUCCESS] bvid=BV1e9QcBdEko 已成功抓取全部所需数据。
[2026-04-13 00:36:40] [SUCCESS] bvid=BV1UGQPBHEqw 已成功抓取全部所需数据。
[2026-04-13 00:36:45] [SUCCESS] bvid=BV1pHQPBLEpb 已成功抓取全部所需数据。
[2026-04-13 00:36:51] [SUCCESS] bvid=BV1bGQPBHEML 已成功抓取全部所需数据。
[2026-04-13 00:36:57] [SUCCESS] bvid=BV1CHQPBLE4s 已成功抓取全部所需数据。
[2026-04-13 00:37:02] [SUCCESS] bvid=BV1WJQPB2EVd 已成功抓取全部所需数据。
[2026-04-13 00:37:08] [SUCCESS] bvid=BV1UGQPBHEzK 已成功抓取全部所需数据。
[2026-04-13 00:37:13] [SUCCESS] bvid=BV1tGQPBHEmn 已成功抓取全部所需数据。
[2026-04-13 00:37:20] [SUCCESS] bvid=BV1xjQPBUEHs 已成功抓取全部所需数据。
[2026-04-13 00:37:25] [SUCCESS] bvid=BV1WHQPBLEUc 已成功抓取全部所需数据。
[2026-04-13 00:37:30] [SUCCESS] bvid=BV1WHQPBLEGV 已成功抓取全部所需数据。
[2026-04-13 00:37:35] [SUCCESS] bvid=BV1WHQPBLEtw 已成功抓取全部所需数据。
[2026-04-13 00:37:41] [SUCCESS] bvid=BV15WDYBCEfZ 已成功抓取全部所需数据。
[2026-04-13 00:37:46] [SUCCESS] bvid=BV1E4QwBPEn3 已成功抓取全部所需数据。
[2026-04-13 00:37:51] [SUCCESS] bvid=BV1ZUQcBFEdU 已成功抓取全部所需数据。
[2026-04-13 00:37:56] [SUCCESS] bvid=BV1wiQcBuEo9 已成功抓取全部所需数据。
[2026-04-13 00:38:02] [SUCCESS] bvid=BV1K1DZBvEbU 已成功抓取全部所需数据。
[2026-04-13 00:38:02] [ERROR] bvid=BV1xjQPBUEoi 抓取失败：stat: 接口返回错误代码：62002，信息：稿件不可见。
{'code': 62002, 'message': '稿件不可见', 'ttl': 1} | comment: 接口返回错误代码：62002，信息：稿件不可见。
{'code': 62002, 'message': '稿件不可见', 'ttl': 1}
[2026-04-13 00:38:07] [SUCCESS] bvid=BV12jQPBUEjx 已成功抓取全部所需数据。
[2026-04-13 00:38:13] [SUCCESS] bvid=BV1xjQPBUEpD 已成功抓取全部所需数据。
[2026-04-13 00:38:18] [SUCCESS] bvid=BV11eQcBzE5r 已成功抓取全部所需数据。
[2026-04-13 00:38:23] [SUCCESS] bvid=BV1sEQPB7EF9 已成功抓取全部所需数据。
[2026-04-13 00:38:28] [SUCCESS] bvid=BV1yiQcBMEaq 已成功抓取全部所需数据。
[2026-04-13 00:38:33] [SUCCESS] bvid=BV1NeQcB6EVx 已成功抓取全部所需数据。
[2026-04-13 00:38:39] [SUCCESS] bvid=BV11eQcBzExq 已成功抓取全部所需数据。
[2026-04-13 00:38:44] [SUCCESS] bvid=BV1yiQcBMEL7 已成功抓取全部所需数据。
[2026-04-13 00:38:49] [SUCCESS] bvid=BV12hQcBrErH 已成功抓取全部所需数据。
[2026-04-13 00:38:54] [SUCCESS] bvid=BV1shQcBkEiH 已成功抓取全部所需数据。
[2026-04-13 00:38:59] [SUCCESS] bvid=BV1NhQcBkEMe 已成功抓取全部所需数据。
[2026-04-13 00:39:04] [SUCCESS] bvid=BV12YQcBgEMZ 已成功抓取全部所需数据。
[2026-04-13 00:39:09] [SUCCESS] bvid=BV1CYQcBgEoW 已成功抓取全部所需数据。
[2026-04-13 00:39:14] [SUCCESS] bvid=BV1gHQcBUE1z 已成功抓取全部所需数据。
[2026-04-13 00:39:20] [SUCCESS] bvid=BV1r6QcBvED1 已成功抓取全部所需数据。
[2026-04-13 00:39:25] [SUCCESS] bvid=BV1w6QcBiEX1 已成功抓取全部所需数据。
[2026-04-13 00:39:31] [SUCCESS] bvid=BV16kQcBPEY7 已成功抓取全部所需数据。
[2026-04-13 00:39:36] [SUCCESS] bvid=BV1rqQcBqEmk 已成功抓取全部所需数据。
[2026-04-13 00:39:41] [SUCCESS] bvid=BV1gwQwBHE9q 已成功抓取全部所需数据。
[2026-04-13 00:39:46] [SUCCESS] bvid=BV1jnXfBbEf4 已成功抓取全部所需数据。
[2026-04-13 00:39:51] [SUCCESS] bvid=BV1kqQcBqEkF 已成功抓取全部所需数据。
[2026-04-13 00:39:56] [SUCCESS] bvid=BV1wzQcBTEPB 已成功抓取全部所需数据。
[2026-04-13 00:40:02] [SUCCESS] bvid=BV1hwQwBnEAQ 已成功抓取全部所需数据。
[2026-04-13 00:40:07] [SUCCESS] bvid=BV1SHQcBmEsH 已成功抓取全部所需数据。
[2026-04-13 00:40:18] [SUCCESS] bvid=BV1DHQcBmEwy 已成功抓取全部所需数据。
[2026-04-13 00:40:23] [SUCCESS] bvid=BV1uWQcB7E25 已成功抓取全部所需数据。
[2026-04-13 00:40:29] [SUCCESS] bvid=BV1DWQcBjEFh 已成功抓取全部所需数据。
[2026-04-13 00:40:34] [SUCCESS] bvid=BV1SWQcBjEuW 已成功抓取全部所需数据。
[2026-04-13 00:40:39] [SUCCESS] bvid=BV1DWQcBjEb2 已成功抓取全部所需数据。
[2026-04-13 00:40:45] [SUCCESS] bvid=BV1DnQcBEEbZ 已成功抓取全部所需数据。
[2026-04-13 00:40:51] [SUCCESS] bvid=BV1VEQcBDENz 已成功抓取全部所需数据。
[2026-04-13 00:40:57] [SUCCESS] bvid=BV1mtQcByEvT 已成功抓取全部所需数据。
[2026-04-13 00:41:02] [SUCCESS] bvid=BV1QEQcBSECN 已成功抓取全部所需数据。
[2026-04-13 00:41:07] [SUCCESS] bvid=BV1WLQwBrE6e 已成功抓取全部所需数据。
[2026-04-13 00:41:12] [SUCCESS] bvid=BV1UtQcBCEF7 已成功抓取全部所需数据。
[2026-04-13 00:41:17] [SUCCESS] bvid=BV1SsQcB1EnP 已成功抓取全部所需数据。
[2026-04-13 00:41:22] [SUCCESS] bvid=BV12tQcBCENX 已成功抓取全部所需数据。
[2026-04-13 00:41:28] [SUCCESS] bvid=BV1UsQcB1EUD 已成功抓取全部所需数据。
[2026-04-13 00:41:33] [SUCCESS] bvid=BV1sTDZBhEA8 已成功抓取全部所需数据。
[2026-04-13 00:41:39] [SUCCESS] bvid=BV1SsQcB2EmG 已成功抓取全部所需数据。
[2026-04-13 00:41:44] [SUCCESS] bvid=BV1YfQcBpEiZ 已成功抓取全部所需数据。
[2026-04-13 00:41:49] [SUCCESS] bvid=BV1UsQcB1Eq5 已成功抓取全部所需数据。
[2026-04-13 00:41:54] [SUCCESS] bvid=BV1YfQcBpEoh 已成功抓取全部所需数据。
[2026-04-13 00:41:59] [SUCCESS] bvid=BV1t4QcBLEac 已成功抓取全部所需数据。
[2026-04-13 00:42:04] [SUCCESS] bvid=BV1afQcBpEJp 已成功抓取全部所需数据。
[2026-04-13 00:42:09] [SUCCESS] bvid=BV1hFQwBQExt 已成功抓取全部所需数据。
[2026-04-13 00:42:15] [SUCCESS] bvid=BV1aFQwBQEhV 已成功抓取全部所需数据。
[2026-04-13 00:42:20] [SUCCESS] bvid=BV1XfQcBpEoB 已成功抓取全部所需数据。
[2026-04-13 00:42:25] [SUCCESS] bvid=BV19fQcBpEsm 已成功抓取全部所需数据。
[2026-04-13 00:42:30] [SUCCESS] bvid=BV1YXDfBUETP 已成功抓取全部所需数据。
[2026-04-13 00:42:35] [SUCCESS] bvid=BV1GfQcBWEfi 已成功抓取全部所需数据。
[2026-04-13 00:42:35] [ERROR] bvid=BV1vdQcBsE3C 抓取失败：stat: 接口返回错误代码：62002，信息：稿件不可见。
{'code': 62002, 'message': '稿件不可见', 'ttl': 1} | comment: 接口返回错误代码：62002，信息：稿件不可见。
{'code': 62002, 'message': '稿件不可见', 'ttl': 1}
[2026-04-13 00:42:41] [SUCCESS] bvid=BV1aFQwBQEys 已成功抓取全部所需数据。
[2026-04-13 00:42:45] [SUCCESS] bvid=BV1aFQwBXEaJ 已成功抓取全部所需数据。
[2026-04-13 00:42:50] [SUCCESS] bvid=BV1hFQwBQEXW 已成功抓取全部所需数据。
[2026-04-13 00:42:55] [SUCCESS] bvid=BV1aFQwBQENn 已成功抓取全部所需数据。
[2026-04-13 00:43:00] [SUCCESS] bvid=BV1eoQcB9E3S 已成功抓取全部所需数据。
[2026-04-13 00:43:05] [SUCCESS] bvid=BV1edQcBsEZZ 已成功抓取全部所需数据。
[2026-04-13 00:43:11] [SUCCESS] bvid=BV1YoQcB9ELf 已成功抓取全部所需数据。
[2026-04-13 00:43:16] [SUCCESS] bvid=BV1vdQcBsEct 已成功抓取全部所需数据。
[2026-04-13 00:43:21] [SUCCESS] bvid=BV1DNQwBEEuN 已成功抓取全部所需数据。
[2026-04-13 00:43:26] [SUCCESS] bvid=BV1RMDfBUEbk 已成功抓取全部所需数据。
[2026-04-13 00:43:31] [SUCCESS] bvid=BV1uKQwBUEcG 已成功抓取全部所需数据。
[2026-04-13 00:43:36] [SUCCESS] bvid=BV19oQcB9EqP 已成功抓取全部所需数据。
[2026-04-13 00:43:41] [SUCCESS] bvid=BV19oQcB9EBA 已成功抓取全部所需数据。
[2026-04-13 00:43:46] [SUCCESS] bvid=BV18NQwBEEag 已成功抓取全部所需数据。
[2026-04-13 00:43:47] [ERROR] bvid=BV1hwQwBnE2y 抓取失败：stat: 接口返回错误代码：62002，信息：稿件不可见。
{'code': 62002, 'message': '稿件不可见', 'ttl': 1} | comment: 接口返回错误代码：62002，信息：稿件不可见。
{'code': 62002, 'message': '稿件不可见', 'ttl': 1}
[2026-04-13 00:43:52] [SUCCESS] bvid=BV1QwQwBnE82 已成功抓取全部所需数据。
[2026-04-13 00:43:57] [SUCCESS] bvid=BV1bKQwBmEQH 已成功抓取全部所需数据。
[2026-04-13 00:44:02] [SUCCESS] bvid=BV18KQwBmEE2 已成功抓取全部所需数据。
[2026-04-13 00:44:08] [SUCCESS] bvid=BV1tKQwBmEeg 已成功抓取全部所需数据。
[2026-04-13 00:44:13] [SUCCESS] bvid=BV1SKQwBmEm3 已成功抓取全部所需数据。
[2026-04-13 00:44:18] [SUCCESS] bvid=BV1tKQwBmEz5 已成功抓取全部所需数据。
[2026-04-13 00:44:24] [SUCCESS] bvid=BV18KQwBmE3Z 已成功抓取全部所需数据。
[2026-04-13 00:44:29] [SUCCESS] bvid=BV1F1QcBAEeT 已成功抓取全部所需数据。
[2026-04-13 00:44:34] [SUCCESS] bvid=BV13wQwBHEm5 已成功抓取全部所需数据。
[2026-04-13 00:44:39] [SUCCESS] bvid=BV1GwQwBHENb 已成功抓取全部所需数据。
[2026-04-13 00:44:44] [SUCCESS] bvid=BV1iXQcB4ETA 已成功抓取全部所需数据。
[2026-04-13 00:44:49] [SUCCESS] bvid=BV1F2QcBaEcq 已成功抓取全部所需数据。
[2026-04-13 00:44:55] [SUCCESS] bvid=BV1B2QcBhEaW 已成功抓取全部所需数据。
[2026-04-13 00:45:00] [SUCCESS] bvid=BV1B2QcBhETL 已成功抓取全部所需数据。
[2026-04-13 00:45:00] [WARN] 当前子任务已结束，但仍有未成功抓取的视频，已导出 remaining CSV 供继续执行。
[2026-04-13 00:45:00] [INFO] 已导出剔除成功条目后的剩余 CSV：D:\Schoolworks\Thesis\Bilibili-Datahub\outputs\video_data\manual_crawls\manual_crawl_stat_comment_20260412_215415\remaining_bvids_part_12.csv
[2026-04-13 00:45:00] 子任务结束时间：2026-04-13T00:45:00.673267
[TIMESTAMP][END] 2026-04-13T00:45:00
