[TIMESTAMP][BEGIN] 2026-04-13T00:54:28
[2026-04-13 00:54:30] 开始执行 CSV 批量抓取子任务 part_14。
[2026-04-13 00:54:30] 子任务开始时间：2026-04-13T00:54:28.618686
[2026-04-13 00:54:30] 输入文件：batch_input_14.csv
[2026-04-13 00:54:30] 输入唯一 bvid 数量：100
[2026-04-13 00:54:30] 为严格按 CSV 顺序判断连续失败阈值，本次任务自动将并发度从 2 调整为 1。
[2026-04-13 00:54:36] [SUCCESS] bvid=BV1HnQwBMEoe 已成功抓取全部所需数据。
[2026-04-13 00:54:40] [SUCCESS] bvid=BV1HnQwBMEju 已成功抓取全部所需数据。
[2026-04-13 00:54:45] [SUCCESS] bvid=BV1JHQwBqEoU 已成功抓取全部所需数据。
[2026-04-13 00:54:50] [SUCCESS] bvid=BV1nHQwBqE2P 已成功抓取全部所需数据。
[2026-04-13 00:54:55] [SUCCESS] bvid=BV1DzQFB7ESW 已成功抓取全部所需数据。
[2026-04-13 00:55:00] [SUCCESS] bvid=BV1JHQwBqEdP 已成功抓取全部所需数据。
[2026-04-13 00:55:05] [SUCCESS] bvid=BV1rHQwBqEfn 已成功抓取全部所需数据。
[2026-04-13 00:55:10] [SUCCESS] bvid=BV16HQwBqEoC 已成功抓取全部所需数据。
[2026-04-13 00:55:15] [SUCCESS] bvid=BV1nHQwBqE8b 已成功抓取全部所需数据。
[2026-04-13 00:55:20] [SUCCESS] bvid=BV1nHQwBqEem 已成功抓取全部所需数据。
[2026-04-13 00:55:25] [SUCCESS] bvid=BV1nHQwBqEsY 已成功抓取全部所需数据。
[2026-04-13 00:55:30] [SUCCESS] bvid=BV1qhQwBhESj 已成功抓取全部所需数据。
[2026-04-13 00:55:35] [SUCCESS] bvid=BV1jhQwBhE3s 已成功抓取全部所需数据。
[2026-04-13 00:55:40] [SUCCESS] bvid=BV1nHQwBqEhy 已成功抓取全部所需数据。
[2026-04-13 00:55:46] [SUCCESS] bvid=BV17sQFBoExi 已成功抓取全部所需数据。
[2026-04-13 00:55:51] [SUCCESS] bvid=BV1j8QwBwEoe 已成功抓取全部所需数据。
[2026-04-13 00:55:56] [SUCCESS] bvid=BV1cZDxBTEth 已成功抓取全部所需数据。
[2026-04-13 00:56:02] [SUCCESS] bvid=BV1B8QwBwEM2 已成功抓取全部所需数据。
[2026-04-13 00:56:07] [SUCCESS] bvid=BV1jhQwBhE99 已成功抓取全部所需数据。
[2026-04-13 00:56:12] [SUCCESS] bvid=BV174QwBPEUS 已成功抓取全部所需数据。
[2026-04-13 00:56:17] [SUCCESS] bvid=BV1KtD4B2Eer 已成功抓取全部所需数据。
[2026-04-13 00:56:23] [SUCCESS] bvid=BV1YVDLB4EkJ 已成功抓取全部所需数据。
[2026-04-13 00:56:28] [SUCCESS] bvid=BV14MQwBjEZ4 已成功抓取全部所需数据。
[2026-04-13 00:56:33] [SUCCESS] bvid=BV17hQwBhEeE 已成功抓取全部所需数据。
[2026-04-13 00:56:38] [SUCCESS] bvid=BV1EtQwBYEWw 已成功抓取全部所需数据。
[2026-04-13 00:56:44] [SUCCESS] bvid=BV1E4QwBPEB8 已成功抓取全部所需数据。
[2026-04-13 00:56:50] [SUCCESS] bvid=BV164QwBPEJK 已成功抓取全部所需数据。
[2026-04-13 00:56:55] [SUCCESS] bvid=BV1J4QwBPEQs 已成功抓取全部所需数据。
[2026-04-13 00:57:00] [SUCCESS] bvid=BV13YDZBCE9x 已成功抓取全部所需数据。
[2026-04-13 00:57:06] [SUCCESS] bvid=BV1VqDtBbEt8 已成功抓取全部所需数据。
[2026-04-13 00:57:13] [SUCCESS] bvid=BV1ftQwBYEYy 已成功抓取全部所需数据。
[2026-04-13 00:57:19] [SUCCESS] bvid=BV1bMQwBjE31 已成功抓取全部所需数据。
[2026-04-13 00:57:26] [SUCCESS] bvid=BV1sLQwBrEBY 已成功抓取全部所需数据。
[2026-04-13 00:57:32] [SUCCESS] bvid=BV1x3QwB5Eyu 已成功抓取全部所需数据。
[2026-04-13 00:57:38] [SUCCESS] bvid=BV17tQwBYEq7 已成功抓取全部所需数据。
[2026-04-13 00:57:45] [SUCCESS] bvid=BV1BtQwBYE3o 已成功抓取全部所需数据。
[2026-04-13 00:57:51] [SUCCESS] bvid=BV1tuQwB1Esn 已成功抓取全部所需数据。
[2026-04-13 00:57:57] [SUCCESS] bvid=BV1c7QFBYENR 已成功抓取全部所需数据。
[2026-04-13 00:58:04] [SUCCESS] bvid=BV14GQwBCE3r 已成功抓取全部所需数据。
[2026-04-13 00:58:11] [SUCCESS] bvid=BV1GBQwBdEmh 已成功抓取全部所需数据。
[2026-04-13 00:58:17] [SUCCESS] bvid=BV1BkDfBxEKQ 已成功抓取全部所需数据。
[2026-04-13 00:58:24] [SUCCESS] bvid=BV1nK97BDEn6 已成功抓取全部所需数据。
[2026-04-13 00:58:30] [SUCCESS] bvid=BV18zDZBzEJj 已成功抓取全部所需数据。
[2026-04-13 00:58:36] [SUCCESS] bvid=BV1tkDZBqENh 已成功抓取全部所需数据。
[2026-04-13 00:58:43] [SUCCESS] bvid=BV1B1DfBWEj1 已成功抓取全部所需数据。
[2026-04-13 00:58:49] [SUCCESS] bvid=BV1oZDHBSE4y 已成功抓取全部所需数据。
[2026-04-13 00:58:55] [SUCCESS] bvid=BV1q2DfB9E5L 已成功抓取全部所需数据。
[2026-04-13 00:59:00] [SUCCESS] bvid=BV1PXQFBBEaa 已成功抓取全部所需数据。
[2026-04-13 00:59:05] [SUCCESS] bvid=BV1Y6QwBsErp 已成功抓取全部所需数据。
[2026-04-13 00:59:11] [SUCCESS] bvid=BV1jeQwBbEFa 已成功抓取全部所需数据。
[2026-04-13 00:59:15] [SUCCESS] bvid=BV1xGQwBCEPy 已成功抓取全部所需数据。
[2026-04-13 00:59:21] [SUCCESS] bvid=BV1xGQwBCE3M 已成功抓取全部所需数据。
[2026-04-13 00:59:27] [SUCCESS] bvid=BV143QwB5EDz 已成功抓取全部所需数据。
[2026-04-13 00:59:33] [SUCCESS] bvid=BV1KGQwByEL4 已成功抓取全部所需数据。
[2026-04-13 00:59:39] [SUCCESS] bvid=BV1xGQwBCEnR 已成功抓取全部所需数据。
[2026-04-13 00:59:44] [SUCCESS] bvid=BV1x3QwB5EdV 已成功抓取全部所需数据。
[2026-04-13 00:59:49] [SUCCESS] bvid=BV123QwB5EFz 已成功抓取全部所需数据。
[2026-04-13 00:59:54] [SUCCESS] bvid=BV12GQwBCEtQ 已成功抓取全部所需数据。
[2026-04-13 00:59:59] [SUCCESS] bvid=BV1mMQwBjEWB 已成功抓取全部所需数据。
[2026-04-13 01:00:04] [SUCCESS] bvid=BV14GQwBCEEL 已成功抓取全部所需数据。
[2026-04-13 01:00:10] [SUCCESS] bvid=BV1xGQwBCEdr 已成功抓取全部所需数据。
[2026-04-13 01:00:15] [SUCCESS] bvid=BV1xGQwBCEPw 已成功抓取全部所需数据。
[2026-04-13 01:00:20] [SUCCESS] bvid=BV14MQwBjE4J 已成功抓取全部所需数据。
[2026-04-13 01:00:26] [SUCCESS] bvid=BV1xGQwBCEn8 已成功抓取全部所需数据。
[2026-04-13 01:00:31] [SUCCESS] bvid=BV1MMQwB7EGq 已成功抓取全部所需数据。
[2026-04-13 01:00:36] [SUCCESS] bvid=BV1bMQwBjE3A 已成功抓取全部所需数据。
[2026-04-13 01:00:41] [SUCCESS] bvid=BV1uMQwB7Eec 已成功抓取全部所需数据。
[2026-04-13 01:00:47] [SUCCESS] bvid=BV1tMQwBjE8F 已成功抓取全部所需数据。
[2026-04-13 01:00:52] [SUCCESS] bvid=BV14uQwB1EVy 已成功抓取全部所需数据。
[2026-04-13 01:00:57] [SUCCESS] bvid=BV1p7QwBgEa2 已成功抓取全部所需数据。
[2026-04-13 01:01:02] [SUCCESS] bvid=BV14uQwB1EgW 已成功抓取全部所需数据。
[2026-04-13 01:01:07] [SUCCESS] bvid=BV14MQwBjEs9 已成功抓取全部所需数据。
[2026-04-13 01:01:13] [SUCCESS] bvid=BV1xuQwB1Ey3 已成功抓取全部所需数据。
[2026-04-13 01:01:18] [SUCCESS] bvid=BV1tMQwBjEHK 已成功抓取全部所需数据。
[2026-04-13 01:01:24] [SUCCESS] bvid=BV14MQwBjE4h 已成功抓取全部所需数据。
[2026-04-13 01:01:29] [SUCCESS] bvid=BV1MMQwB7EdD 已成功抓取全部所需数据。
[2026-04-13 01:01:35] [SUCCESS] bvid=BV1tMQwBjEy9 已成功抓取全部所需数据。
[2026-04-13 01:01:40] [SUCCESS] bvid=BV14uQwB1EMn 已成功抓取全部所需数据。
[2026-04-13 01:01:46] [SUCCESS] bvid=BV1UuQwB1EPY 已成功抓取全部所需数据。
[2026-04-13 01:01:51] [SUCCESS] bvid=BV1p7QwBgEfD 已成功抓取全部所需数据。
[2026-04-13 01:01:56] [SUCCESS] bvid=BV1C7QwBgEbm 已成功抓取全部所需数据。
[2026-04-13 01:02:02] [SUCCESS] bvid=BV1PEQwB6EPo 已成功抓取全部所需数据。
[2026-04-13 01:02:07] [SUCCESS] bvid=BV1W7QwB3EFV 已成功抓取全部所需数据。
[2026-04-13 01:02:12] [SUCCESS] bvid=BV1C7QwBgE8o 已成功抓取全部所需数据。
[2026-04-13 01:02:17] [SUCCESS] bvid=BV1W7QwBgEgy 已成功抓取全部所需数据。
[2026-04-13 01:02:23] [SUCCESS] bvid=BV1F9DHBWEvK 已成功抓取全部所需数据。
[2026-04-13 01:02:28] [SUCCESS] bvid=BV1AfDrBQEDe 已成功抓取全部所需数据。
[2026-04-13 01:02:33] [SUCCESS] bvid=BV1yfDrBQEj4 已成功抓取全部所需数据。
[2026-04-13 01:02:38] [SUCCESS] bvid=BV1yfDrBDE74 已成功抓取全部所需数据。
[2026-04-13 01:02:43] [SUCCESS] bvid=BV1K5QwBVEGR 已成功抓取全部所需数据。
[2026-04-13 01:02:48] [SUCCESS] bvid=BV1pEQwBzEkm 已成功抓取全部所需数据。
[2026-04-13 01:02:54] [SUCCESS] bvid=BV1kEQwBzE8T 已成功抓取全部所需数据。
[2026-04-13 01:03:00] [SUCCESS] bvid=BV1CEQwBzEdo 已成功抓取全部所需数据。
[2026-04-13 01:03:05] [SUCCESS] bvid=BV1PEQwB6EWx 已成功抓取全部所需数据。
[2026-04-13 01:03:10] [SUCCESS] bvid=BV1HEQwBzERN 已成功抓取全部所需数据。
[2026-04-13 01:03:15] [SUCCESS] bvid=BV1yfDrBDE4A 已成功抓取全部所需数据。
[2026-04-13 01:03:21] [SUCCESS] bvid=BV1WEQwBzE7R 已成功抓取全部所需数据。
[2026-04-13 01:03:26] [SUCCESS] bvid=BV1s5QwBGEur 已成功抓取全部所需数据。
[2026-04-13 01:03:31] [SUCCESS] bvid=BV1yfDrBDEVu 已成功抓取全部所需数据。
[2026-04-13 01:03:36] [SUCCESS] bvid=BV1x5QwBGEyk 已成功抓取全部所需数据。
[2026-04-13 01:03:36] [INFO] 当前 batch_crawl 已完成，所有视频均已成功抓取。
[2026-04-13 01:03:36] 子任务结束时间：2026-04-13T01:03:36.128939
[TIMESTAMP][END] 2026-04-13T01:03:36
