[TIMESTAMP][BEGIN] 2026-04-13T03:24:46
[2026-04-13 03:24:48] 开始执行 CSV 批量抓取子任务 part_23。
[2026-04-13 03:24:48] 子任务开始时间：2026-04-13T03:24:46.785806
[2026-04-13 03:24:48] 输入文件：batch_input_23.csv
[2026-04-13 03:24:48] 输入唯一 bvid 数量：100
[2026-04-13 03:24:48] 为严格按 CSV 顺序判断连续失败阈值，本次任务自动将并发度从 2 调整为 1。
[2026-04-13 03:24:53] [SUCCESS] bvid=BV1R4DxBtEZf 已成功抓取全部所需数据。
[2026-04-13 03:24:58] [SUCCESS] bvid=BV1BWDxB8Ee7 已成功抓取全部所需数据。
[2026-04-13 03:25:03] [SUCCESS] bvid=BV1BpDxBcEsz 已成功抓取全部所需数据。
[2026-04-13 03:25:09] [SUCCESS] bvid=BV1BWDxB8Emm 已成功抓取全部所需数据。
[2026-04-13 03:25:13] [SUCCESS] bvid=BV1BWDxB8EoS 已成功抓取全部所需数据。
[2026-04-13 03:25:18] [SUCCESS] bvid=BV1EWDxB8Eby 已成功抓取全部所需数据。
[2026-04-13 03:25:24] [SUCCESS] bvid=BV1jWDxB8EsP 已成功抓取全部所需数据。
[2026-04-13 03:25:29] [SUCCESS] bvid=BV1zWDxB8ETZ 已成功抓取全部所需数据。
[2026-04-13 03:25:34] [SUCCESS] bvid=BV1EWDxB8EBR 已成功抓取全部所需数据。
[2026-04-13 03:25:39] [SUCCESS] bvid=BV15hDxBRECx 已成功抓取全部所需数据。
[2026-04-13 03:25:44] [SUCCESS] bvid=BV15hDxBREii 已成功抓取全部所需数据。
[2026-04-13 03:25:53] [SUCCESS] bvid=BV1VhDxBREsb 已成功抓取全部所需数据。
[2026-04-13 03:26:05] [SUCCESS] bvid=BV1vhDxBRE3C 已成功抓取全部所需数据。
[2026-04-13 03:26:10] [SUCCESS] bvid=BV1VYDxBWEwk 已成功抓取全部所需数据。
[2026-04-13 03:26:16] [SUCCESS] bvid=BV1FRDWBhEDq 已成功抓取全部所需数据。
[2026-04-13 03:26:21] [SUCCESS] bvid=BV1dQDLBhEDd 已成功抓取全部所需数据。
[2026-04-13 03:26:27] [SUCCESS] bvid=BV1eYDxBWEYE 已成功抓取全部所需数据。
[2026-04-13 03:26:32] [SUCCESS] bvid=BV15tDxBoES7 已成功抓取全部所需数据。
[2026-04-13 03:26:37] [SUCCESS] bvid=BV1L8DxBxEju 已成功抓取全部所需数据。
[2026-04-13 03:26:42] [SUCCESS] bvid=BV1LtDxBoEGL 已成功抓取全部所需数据。
[2026-04-13 03:26:47] [SUCCESS] bvid=BV1v8DxBxEXz 已成功抓取全部所需数据。
[2026-04-13 03:26:52] [SUCCESS] bvid=BV1v8DxBxEnS 已成功抓取全部所需数据。
[2026-04-13 03:26:58] [SUCCESS] bvid=BV1fwD4BYEmH 已成功抓取全部所需数据。
[2026-04-13 03:27:03] [SUCCESS] bvid=BV1ZwD4BYE8o 已成功抓取全部所需数据。
[2026-04-13 03:27:08] [SUCCESS] bvid=BV1cfDxBiEyK 已成功抓取全部所需数据。
[2026-04-13 03:27:13] [SUCCESS] bvid=BV1FfDxBiEhn 已成功抓取全部所需数据。
[2026-04-13 03:27:19] [SUCCESS] bvid=BV1cfDxBiEmk 已成功抓取全部所需数据。
[2026-04-13 03:27:24] [SUCCESS] bvid=BV1FcD4BNECx 已成功抓取全部所需数据。
[2026-04-13 03:27:29] [SUCCESS] bvid=BV1ccD4BNELs 已成功抓取全部所需数据。
[2026-04-13 03:27:34] [SUCCESS] bvid=BV1ncD4BNEhg 已成功抓取全部所需数据。
[2026-04-13 03:27:39] [SUCCESS] bvid=BV1oMD4BbEss 已成功抓取全部所需数据。
[2026-04-13 03:27:44] [SUCCESS] bvid=BV1qMD4B8E7J 已成功抓取全部所需数据。
[2026-04-13 03:27:49] [SUCCESS] bvid=BV1qMD4B8Et1 已成功抓取全部所需数据。
[2026-04-13 03:27:54] [SUCCESS] bvid=BV1jnDWB9ESb 已成功抓取全部所需数据。
[2026-04-13 03:27:59] [SUCCESS] bvid=BV1dMD4BbEdg 已成功抓取全部所需数据。
[2026-04-13 03:28:04] [SUCCESS] bvid=BV1juD4BfEG3 已成功抓取全部所需数据。
[2026-04-13 03:28:09] [SUCCESS] bvid=BV19MDsBDE4X 已成功抓取全部所需数据。
[2026-04-13 03:28:14] [SUCCESS] bvid=BV1juD4BfEqt 已成功抓取全部所需数据。
[2026-04-13 03:28:19] [SUCCESS] bvid=BV1duD4BZExU 已成功抓取全部所需数据。
[2026-04-13 03:28:25] [SUCCESS] bvid=BV1ZND4BhEYp 已成功抓取全部所需数据。
[2026-04-13 03:28:30] [SUCCESS] bvid=BV1mzDvBgEXr 已成功抓取全部所需数据。
[2026-04-13 03:28:34] [SUCCESS] bvid=BV1tzDvB3EsF 已成功抓取全部所需数据。
[2026-04-13 03:28:39] [SUCCESS] bvid=BV1tzDvB3EQ7 已成功抓取全部所需数据。
[2026-04-13 03:28:44] [SUCCESS] bvid=BV1ySDxBkEqx 已成功抓取全部所需数据。
[2026-04-13 03:28:49] [SUCCESS] bvid=BV1UzDvBgEno 已成功抓取全部所需数据。
[2026-04-13 03:28:54] [SUCCESS] bvid=BV1NSDxBkE2T 已成功抓取全部所需数据。
[2026-04-13 03:28:59] [SUCCESS] bvid=BV1NQDxB3Eew 已成功抓取全部所需数据。
[2026-04-13 03:29:04] [SUCCESS] bvid=BV1NQDxB3Es9 已成功抓取全部所需数据。
[2026-04-13 03:29:09] [SUCCESS] bvid=BV1NQDxB3E4H 已成功抓取全部所需数据。
[2026-04-13 03:29:14] [SUCCESS] bvid=BV1BBDsBcEZo 已成功抓取全部所需数据。
[2026-04-13 03:29:19] [SUCCESS] bvid=BV1T2DxByEFP 已成功抓取全部所需数据。
[2026-04-13 03:29:24] [SUCCESS] bvid=BV142DxByEtD 已成功抓取全部所需数据。
[2026-04-13 03:29:29] [SUCCESS] bvid=BV1kY9uBFEG5 已成功抓取全部所需数据。
[2026-04-13 03:29:34] [SUCCESS] bvid=BV1XgDsBJErm 已成功抓取全部所需数据。
[2026-04-13 03:29:39] [SUCCESS] bvid=BV12WSDBkECj 已成功抓取全部所需数据。
[2026-04-13 03:29:44] [SUCCESS] bvid=BV1UWD4BEE7M 已成功抓取全部所需数据。
[2026-04-13 03:29:49] [SUCCESS] bvid=BV1iWDWBQEFe 已成功抓取全部所需数据。
[2026-04-13 03:29:55] [SUCCESS] bvid=BV1J9DHBWEVn 已成功抓取全部所需数据。
[2026-04-13 03:30:00] [SUCCESS] bvid=BV1FZDWBbEJr 已成功抓取全部所需数据。
[2026-04-13 03:30:05] [SUCCESS] bvid=BV1wdDxBBEDB 已成功抓取全部所需数据。
[2026-04-13 03:30:10] [SUCCESS] bvid=BV11UDxBVE6D 已成功抓取全部所需数据。
[2026-04-13 03:30:15] [SUCCESS] bvid=BV1wdDxBBE4B 已成功抓取全部所需数据。
[2026-04-13 03:30:20] [SUCCESS] bvid=BV1T4D4B7EZG 已成功抓取全部所需数据。
[2026-04-13 03:30:25] [SUCCESS] bvid=BV1mtD4B1EPa 已成功抓取全部所需数据。
[2026-04-13 03:30:30] [SUCCESS] bvid=BV1AXDxB6ECp 已成功抓取全部所需数据。
[2026-04-13 03:30:35] [SUCCESS] bvid=BV1wRDxBuEUr 已成功抓取全部所需数据。
[2026-04-13 03:30:40] [SUCCESS] bvid=BV1PXDxB6EQg 已成功抓取全部所需数据。
[2026-04-13 03:30:45] [SUCCESS] bvid=BV1pRDxBuES3 已成功抓取全部所需数据。
[2026-04-13 03:30:50] [SUCCESS] bvid=BV1wRDxBuEeD 已成功抓取全部所需数据。
[2026-04-13 03:30:55] [SUCCESS] bvid=BV1WRDxBuE1K 已成功抓取全部所需数据。
[2026-04-13 03:31:00] [SUCCESS] bvid=BV1v3D4BtE4K 已成功抓取全部所需数据。
[2026-04-13 03:31:05] [SUCCESS] bvid=BV1m4D4BjEmm 已成功抓取全部所需数据。
[2026-04-13 03:31:10] [SUCCESS] bvid=BV1K4D4B7EdW 已成功抓取全部所需数据。
[2026-04-13 03:31:15] [SUCCESS] bvid=BV144D4BLEpn 已成功抓取全部所需数据。
[2026-04-13 03:31:20] [SUCCESS] bvid=BV124D4BjEcX 已成功抓取全部所需数据。
[2026-04-13 03:31:25] [SUCCESS] bvid=BV1mtD4B2EFK 已成功抓取全部所需数据。
[2026-04-13 03:31:30] [SUCCESS] bvid=BV12tD4B1EgX 已成功抓取全部所需数据。
[2026-04-13 03:31:35] [SUCCESS] bvid=BV1RZD7BPE8j 已成功抓取全部所需数据。
[2026-04-13 03:31:40] [SUCCESS] bvid=BV1KtD4B2EU8 已成功抓取全部所需数据。
[2026-04-13 03:31:46] [SUCCESS] bvid=BV1TtD4B2EEu 已成功抓取全部所需数据。
[2026-04-13 03:31:51] [SUCCESS] bvid=BV1KtD4B2ErN 已成功抓取全部所需数据。
[2026-04-13 03:31:56] [SUCCESS] bvid=BV11tD4B1EyJ 已成功抓取全部所需数据。
[2026-04-13 03:32:01] [SUCCESS] bvid=BV1uzDWBrEHm 已成功抓取全部所需数据。
[2026-04-13 03:32:06] [SUCCESS] bvid=BV1MsD4BUE57 已成功抓取全部所需数据。
[2026-04-13 03:32:11] [SUCCESS] bvid=BV1CYD4BGEC9 已成功抓取全部所需数据。
[2026-04-13 03:32:16] [SUCCESS] bvid=BV1UWD4BEEfg 已成功抓取全部所需数据。
[2026-04-13 03:32:21] [SUCCESS] bvid=BV1yeD4BrExC 已成功抓取全部所需数据。
[2026-04-13 03:32:26] [SUCCESS] bvid=BV1BaDnBUEhP 已成功抓取全部所需数据。
[2026-04-13 03:32:31] [SUCCESS] bvid=BV1UsD4BmEi2 已成功抓取全部所需数据。
[2026-04-13 03:32:36] [SUCCESS] bvid=BV1UsD4BmEpP 已成功抓取全部所需数据。
[2026-04-13 03:32:41] [SUCCESS] bvid=BV1peD4BkESK 已成功抓取全部所需数据。
[2026-04-13 03:32:47] [SUCCESS] bvid=BV1CYD4BGECv 已成功抓取全部所需数据。
[2026-04-13 03:32:52] [SUCCESS] bvid=BV1UsD4BmEme 已成功抓取全部所需数据。
[2026-04-13 03:32:57] [SUCCESS] bvid=BV1CeD4BrEFG 已成功抓取全部所需数据。
[2026-04-13 03:33:02] [SUCCESS] bvid=BV153D4BtEYb 已成功抓取全部所需数据。
[2026-04-13 03:33:07] [SUCCESS] bvid=BV1yhD4BCEbT 已成功抓取全部所需数据。
[2026-04-13 03:33:12] [SUCCESS] bvid=BV1ChD4BCESz 已成功抓取全部所需数据。
[2026-04-13 03:33:16] [SUCCESS] bvid=BV1G5D4BxEyy 已成功抓取全部所需数据。
[2026-04-13 03:33:21] [SUCCESS] bvid=BV1yhD4BCEiS 已成功抓取全部所需数据。
[2026-04-13 03:33:26] [SUCCESS] bvid=BV128D4B5E7h 已成功抓取全部所需数据。
[2026-04-13 03:33:26] [INFO] 当前 batch_crawl 已完成，所有视频均已成功抓取。
[2026-04-13 03:33:26] 子任务结束时间：2026-04-13T03:33:26.634868
[TIMESTAMP][END] 2026-04-13T03:33:26
