[TIMESTAMP][BEGIN] 2026-04-13T08:36:03
[2026-04-13 08:36:05] 开始执行 CSV 批量抓取子任务 part_49。
[2026-04-13 08:36:05] 子任务开始时间：2026-04-13T08:36:03.518674
[2026-04-13 08:36:05] 输入文件：batch_input_49.csv
[2026-04-13 08:36:05] 输入唯一 bvid 数量：100
[2026-04-13 08:36:05] 为严格按 CSV 顺序判断连续失败阈值，本次任务自动将并发度从 2 调整为 1。
[2026-04-13 08:36:11] [SUCCESS] bvid=BV1uXDFByEy3 已成功抓取全部所需数据。
[2026-04-13 08:36:16] [SUCCESS] bvid=BV19tDcBSE4E 已成功抓取全部所需数据。
[2026-04-13 08:36:21] [SUCCESS] bvid=BV1VtDcBDErU 已成功抓取全部所需数据。
[2026-04-13 08:36:27] [SUCCESS] bvid=BV1ofSfBDECq 已成功抓取全部所需数据。
[2026-04-13 08:36:32] [SUCCESS] bvid=BV1zUSoBSEsH 已成功抓取全部所需数据。
[2026-04-13 08:36:38] [SUCCESS] bvid=BV1n19PB2Ei9 已成功抓取全部所需数据。
[2026-04-13 08:36:43] [SUCCESS] bvid=BV1f7DcB4Etm 已成功抓取全部所需数据。
[2026-04-13 08:36:48] [SUCCESS] bvid=BV1BEDcBoEQh 已成功抓取全部所需数据。
[2026-04-13 08:36:53] [SUCCESS] bvid=BV1ELDcBfEkQ 已成功抓取全部所需数据。
[2026-04-13 08:36:58] [SUCCESS] bvid=BV1F5DcB8Ezx 已成功抓取全部所需数据。
[2026-04-13 08:37:03] [SUCCESS] bvid=BV1FLDcBfEEv 已成功抓取全部所需数据。
[2026-04-13 08:37:04] [ERROR] bvid=BV1fLDcBZEJL 抓取失败：stat: 接口返回错误代码：-404，信息：啥都木有。
{'code': -404, 'message': '啥都木有', 'ttl': 1} | comment: 接口返回错误代码：-404，信息：啥都木有。
{'code': -404, 'message': '啥都木有', 'ttl': 1}
[2026-04-13 08:37:09] [SUCCESS] bvid=BV19WDcBpESV 已成功抓取全部所需数据。
[2026-04-13 08:37:14] [SUCCESS] bvid=BV17HDcBREA1 已成功抓取全部所需数据。
[2026-04-13 08:37:20] [SUCCESS] bvid=BV1RHDcBREfz 已成功抓取全部所需数据。
[2026-04-13 08:37:25] [SUCCESS] bvid=BV1rRDcBwEn6 已成功抓取全部所需数据。
[2026-04-13 08:37:30] [SUCCESS] bvid=BV1zdDcBhE6n 已成功抓取全部所需数据。
[2026-04-13 08:37:35] [SUCCESS] bvid=BV1kXDcBYEV5 已成功抓取全部所需数据。
[2026-04-13 08:37:41] [SUCCESS] bvid=BV1pXDcBeEP2 已成功抓取全部所需数据。
[2026-04-13 08:37:46] [SUCCESS] bvid=BV1BFDwBZExF 已成功抓取全部所需数据。
[2026-04-13 08:37:51] [SUCCESS] bvid=BV1qFDwBZEAm 已成功抓取全部所需数据。
[2026-04-13 08:37:57] [SUCCESS] bvid=BV1qwDwB4Eu6 已成功抓取全部所需数据。
[2026-04-13 08:38:02] [SUCCESS] bvid=BV16ZDcBFEPS 已成功抓取全部所需数据。
[2026-04-13 08:38:07] [SUCCESS] bvid=BV1zZDcBFED2 已成功抓取全部所需数据。
[2026-04-13 08:38:12] [SUCCESS] bvid=BV11CDcBzEKq 已成功抓取全部所需数据。
[2026-04-13 08:38:17] [SUCCESS] bvid=BV1BZDcBFEB6 已成功抓取全部所需数据。
[2026-04-13 08:38:22] [SUCCESS] bvid=BV18gDFBVEmR 已成功抓取全部所需数据。
[2026-04-13 08:38:27] [SUCCESS] bvid=BV1EZDcBcED2 已成功抓取全部所需数据。
[2026-04-13 08:38:32] [SUCCESS] bvid=BV1ofDcBbE1A 已成功抓取全部所需数据。
[2026-04-13 08:38:37] [SUCCESS] bvid=BV1ffDcBbE4z 已成功抓取全部所需数据。
[2026-04-13 08:38:42] [SUCCESS] bvid=BV1mkDcBgEjU 已成功抓取全部所需数据。
[2026-04-13 08:38:47] [SUCCESS] bvid=BV1KCDcB6E2B 已成功抓取全部所需数据。
[2026-04-13 08:38:52] [SUCCESS] bvid=BV12CDcBzEkn 已成功抓取全部所需数据。
[2026-04-13 08:38:57] [SUCCESS] bvid=BV1UzDcBGEk6 已成功抓取全部所需数据。
[2026-04-13 08:39:02] [SUCCESS] bvid=BV1UzDcBGEbv 已成功抓取全部所需数据。
[2026-04-13 08:39:07] [SUCCESS] bvid=BV1UzDcBGEDU 已成功抓取全部所需数据。
[2026-04-13 08:39:08] [ERROR] bvid=BV1wPSfBbEU4 抓取失败：stat: 接口返回错误代码：62002，信息：稿件不可见。
{'code': 62002, 'message': '稿件不可见', 'ttl': 1} | comment: 接口返回错误代码：62002，信息：稿件不可见。
{'code': 62002, 'message': '稿件不可见', 'ttl': 1}
[2026-04-13 08:39:13] [SUCCESS] bvid=BV1mzDcBGEvy 已成功抓取全部所需数据。
[2026-04-13 08:39:17] [SUCCESS] bvid=BV1M6DcBkEv9 已成功抓取全部所需数据。
[2026-04-13 08:39:23] [SUCCESS] bvid=BV1PUDcBTETL 已成功抓取全部所需数据。
[2026-04-13 08:39:27] [SUCCESS] bvid=BV1kSDcBvEXC 已成功抓取全部所需数据。
[2026-04-13 08:39:32] [SUCCESS] bvid=BV1kSDcBvEtf 已成功抓取全部所需数据。
[2026-04-13 08:39:37] [SUCCESS] bvid=BV1kSDcBvEY5 已成功抓取全部所需数据。
[2026-04-13 08:39:42] [SUCCESS] bvid=BV1N1DcBuEMG 已成功抓取全部所需数据。
[2026-04-13 08:39:48] [SUCCESS] bvid=BV1N1DcBuEEP 已成功抓取全部所需数据。
[2026-04-13 08:39:48] [ERROR] bvid=BV1AASfBFEBp 抓取失败：stat: 接口返回错误代码：62002，信息：稿件不可见。
{'code': 62002, 'message': '稿件不可见', 'ttl': 1} | comment: 接口返回错误代码：62002，信息：稿件不可见。
{'code': 62002, 'message': '稿件不可见', 'ttl': 1}
[2026-04-13 08:39:53] [SUCCESS] bvid=BV1yASfBFE9M 已成功抓取全部所需数据。
[2026-04-13 08:39:57] [SUCCESS] bvid=BV1AASfBFEJP 已成功抓取全部所需数据。
[2026-04-13 08:40:02] [SUCCESS] bvid=BV1kPSfBbEyd 已成功抓取全部所需数据。
[2026-04-13 08:40:07] [SUCCESS] bvid=BV1APSfBbE9W 已成功抓取全部所需数据。
[2026-04-13 08:40:13] [SUCCESS] bvid=BV1APSfBbE6P 已成功抓取全部所需数据。
[2026-04-13 08:40:18] [SUCCESS] bvid=BV1KFSfBwEMy 已成功抓取全部所需数据。
[2026-04-13 08:40:23] [SUCCESS] bvid=BV17w9FB8Es9 已成功抓取全部所需数据。
[2026-04-13 08:40:28] [SUCCESS] bvid=BV1BDSoBEEuZ 已成功抓取全部所需数据。
[2026-04-13 08:40:33] [SUCCESS] bvid=BV1HMSfBdECo 已成功抓取全部所需数据。
[2026-04-13 08:40:39] [SUCCESS] bvid=BV1wNSfBZECz 已成功抓取全部所需数据。
[2026-04-13 08:40:44] [SUCCESS] bvid=BV1FgSfBsEiP 已成功抓取全部所需数据。
[2026-04-13 08:40:49] [SUCCESS] bvid=BV1ngSfBsE7v 已成功抓取全部所需数据。
[2026-04-13 08:40:54] [SUCCESS] bvid=BV1wNSfBZEoD 已成功抓取全部所需数据。
[2026-04-13 08:40:59] [SUCCESS] bvid=BV1pNSfBZEZn 已成功抓取全部所需数据。
[2026-04-13 08:41:04] [SUCCESS] bvid=BV1DmSZBgEPj 已成功抓取全部所需数据。
[2026-04-13 08:41:09] [SUCCESS] bvid=BV1gDSZBMEaa 已成功抓取全部所需数据。
[2026-04-13 08:41:14] [SUCCESS] bvid=BV1gDSZBMEQe 已成功抓取全部所需数据。
[2026-04-13 08:41:19] [SUCCESS] bvid=BV1uQSZBqE3c 已成功抓取全部所需数据。
[2026-04-13 08:41:24] [SUCCESS] bvid=BV1gQSZBqEMy 已成功抓取全部所需数据。
[2026-04-13 08:41:36] [SUCCESS] bvid=BV1GmSZB3Eu9 已成功抓取全部所需数据。
[2026-04-13 08:41:41] [SUCCESS] bvid=BV1gmSZBgEKC 已成功抓取全部所需数据。
[2026-04-13 08:41:46] [SUCCESS] bvid=BV13mSZBgEDd 已成功抓取全部所需数据。
[2026-04-13 08:41:51] [SUCCESS] bvid=BV18USZBzE4i 已成功抓取全部所需数据。
[2026-04-13 08:41:56] [SUCCESS] bvid=BV13USZBzEWZ 已成功抓取全部所需数据。
[2026-04-13 08:42:01] [SUCCESS] bvid=BV14ZSZBYEpw 已成功抓取全部所需数据。
[2026-04-13 08:42:06] [SUCCESS] bvid=BV14oSZBPEwz 已成功抓取全部所需数据。
[2026-04-13 08:42:12] [SUCCESS] bvid=BV1MoSZBPEFn 已成功抓取全部所需数据。
[2026-04-13 08:42:17] [SUCCESS] bvid=BV17YSZBSEBB 已成功抓取全部所需数据。
[2026-04-13 08:42:22] [SUCCESS] bvid=BV1SvSfBTEF9 已成功抓取全部所需数据。
[2026-04-13 08:42:27] [SUCCESS] bvid=BV1KZSZBYE1m 已成功抓取全部所需数据。
[2026-04-13 08:42:32] [SUCCESS] bvid=BV1M9SZBKEQf 已成功抓取全部所需数据。
[2026-04-13 08:42:38] [SUCCESS] bvid=BV1oVSoBCECd 已成功抓取全部所需数据。
[2026-04-13 08:42:42] [SUCCESS] bvid=BV1M9SZBKEhP 已成功抓取全部所需数据。
[2026-04-13 08:42:47] [SUCCESS] bvid=BV1MRSZBvEa4 已成功抓取全部所需数据。
[2026-04-13 08:42:52] [SUCCESS] bvid=BV1TRSZBvEaC 已成功抓取全部所需数据。
[2026-04-13 08:42:57] [SUCCESS] bvid=BV1Y4SfBCEwz 已成功抓取全部所需数据。
[2026-04-13 08:43:02] [SUCCESS] bvid=BV1Q4SfBkEbP 已成功抓取全部所需数据。
[2026-04-13 08:43:08] [SUCCESS] bvid=BV1X4SfBkEio 已成功抓取全部所需数据。
[2026-04-13 08:43:13] [SUCCESS] bvid=BV134SfBCE64 已成功抓取全部所需数据。
[2026-04-13 08:43:18] [SUCCESS] bvid=BV1D4SfBkE9n 已成功抓取全部所需数据。
[2026-04-13 08:43:23] [SUCCESS] bvid=BV1XWSfByEyg 已成功抓取全部所需数据。
[2026-04-13 08:43:28] [SUCCESS] bvid=BV1mBSfBNEV4 已成功抓取全部所需数据。
[2026-04-13 08:43:33] [SUCCESS] bvid=BV15w9TBCEhW 已成功抓取全部所需数据。
[2026-04-13 08:43:39] [SUCCESS] bvid=BV19F9NBKEMA 已成功抓取全部所需数据。
[2026-04-13 08:43:44] [SUCCESS] bvid=BV1VWSfB1EZ4 已成功抓取全部所需数据。
[2026-04-13 08:43:49] [SUCCESS] bvid=BV1XxSfBVEFk 已成功抓取全部所需数据。
[2026-04-13 08:43:54] [SUCCESS] bvid=BV1XxSfBVEDD 已成功抓取全部所需数据。
[2026-04-13 08:43:59] [SUCCESS] bvid=BV1GxSfB5ExL 已成功抓取全部所需数据。
[2026-04-13 08:44:04] [SUCCESS] bvid=BV1MYSfBzEhN 已成功抓取全部所需数据。
[2026-04-13 08:44:10] [SUCCESS] bvid=BV1UYSfBBEMp 已成功抓取全部所需数据。
[2026-04-13 08:44:15] [SUCCESS] bvid=BV1uvSfBMEJ8 已成功抓取全部所需数据。
[2026-04-13 08:44:20] [SUCCESS] bvid=BV12vSfBTEDS 已成功抓取全部所需数据。
[2026-04-13 08:44:25] [SUCCESS] bvid=BV1UvSfBTEqK 已成功抓取全部所需数据。
[2026-04-13 08:44:30] [SUCCESS] bvid=BV1S5X5B9E65 已成功抓取全部所需数据。
[2026-04-13 08:44:30] [WARN] 当前子任务已结束，但仍有未成功抓取的视频，已导出 remaining CSV 供继续执行。
[2026-04-13 08:44:30] [INFO] 已导出剔除成功条目后的剩余 CSV：D:\Schoolworks\Thesis\Bilibili-Datahub\outputs\video_data\manual_crawls\manual_crawl_stat_comment_20260412_215415\remaining_bvids_part_49.csv
[2026-04-13 08:44:30] 子任务结束时间：2026-04-13T08:44:30.628656
[TIMESTAMP][END] 2026-04-13T08:44:30
