[TIMESTAMP][BEGIN] 2026-04-13T03:41:34
[2026-04-13 03:41:37] 开始执行 CSV 批量抓取子任务 part_25。
[2026-04-13 03:41:37] 子任务开始时间：2026-04-13T03:41:34.923217
[2026-04-13 03:41:37] 输入文件：batch_input_25.csv
[2026-04-13 03:41:37] 输入唯一 bvid 数量：100
[2026-04-13 03:41:37] 为严格按 CSV 顺序判断连续失败阈值，本次任务自动将并发度从 2 调整为 1。
[2026-04-13 03:41:41] [SUCCESS] bvid=BV1tkDWBzEFf 已成功抓取全部所需数据。
[2026-04-13 03:41:47] [SUCCESS] bvid=BV1uzDWBrEGt 已成功抓取全部所需数据。
[2026-04-13 03:41:52] [SUCCESS] bvid=BV1KkDWBzE4D 已成功抓取全部所需数据。
[2026-04-13 03:41:56] [SUCCESS] bvid=BV18BDWBGEj9 已成功抓取全部所需数据。
[2026-04-13 03:42:01] [SUCCESS] bvid=BV1xkDWBzEUJ 已成功抓取全部所需数据。
[2026-04-13 03:42:06] [SUCCESS] bvid=BV1uBDWBGEkR 已成功抓取全部所需数据。
[2026-04-13 03:42:11] [SUCCESS] bvid=BV1uBDWBGEbi 已成功抓取全部所需数据。
[2026-04-13 03:42:17] [SUCCESS] bvid=BV1HGDWBFEEc 已成功抓取全部所需数据。
[2026-04-13 03:42:22] [SUCCESS] bvid=BV1XTDpBCExA 已成功抓取全部所需数据。
[2026-04-13 03:42:27] [SUCCESS] bvid=BV1gBDWBGEGF 已成功抓取全部所需数据。
[2026-04-13 03:42:32] [SUCCESS] bvid=BV1bBDWBGE1b 已成功抓取全部所需数据。
[2026-04-13 03:42:37] [SUCCESS] bvid=BV1bBDWBGE13 已成功抓取全部所需数据。
[2026-04-13 03:42:42] [SUCCESS] bvid=BV1SBDWBGE2s 已成功抓取全部所需数据。
[2026-04-13 03:42:47] [SUCCESS] bvid=BV18BDWBGEcg 已成功抓取全部所需数据。
[2026-04-13 03:42:52] [SUCCESS] bvid=BV1tBDWBGEoG 已成功抓取全部所需数据。
[2026-04-13 03:42:57] [SUCCESS] bvid=BV1TzDWBrErd 已成功抓取全部所需数据。
[2026-04-13 03:43:02] [SUCCESS] bvid=BV1ncD7BVEcm 已成功抓取全部所需数据。
[2026-04-13 03:43:07] [SUCCESS] bvid=BV1rcD7BVEA4 已成功抓取全部所需数据。
[2026-04-13 03:43:12] [SUCCESS] bvid=BV1bzDWBrEY4 已成功抓取全部所需数据。
[2026-04-13 03:43:17] [SUCCESS] bvid=BV17MD7BBEbr 已成功抓取全部所需数据。
[2026-04-13 03:43:23] [SUCCESS] bvid=BV1bzDWBrEvV 已成功抓取全部所需数据。
[2026-04-13 03:43:27] [SUCCESS] bvid=BV1dwDeB2EVd 已成功抓取全部所需数据。
[2026-04-13 03:43:32] [SUCCESS] bvid=BV1TzDWBrEDh 已成功抓取全部所需数据。
[2026-04-13 03:43:38] [SUCCESS] bvid=BV1SkPWz1E25 已成功抓取全部所需数据。
[2026-04-13 03:43:43] [SUCCESS] bvid=BV18oDpB3EXV 已成功抓取全部所需数据。
[2026-04-13 03:43:48] [SUCCESS] bvid=BV12WSDBkEb9 已成功抓取全部所需数据。
[2026-04-13 03:43:53] [SUCCESS] bvid=BV16zDsB8E8i 已成功抓取全部所需数据。
[2026-04-13 03:43:58] [SUCCESS] bvid=BV117DEBnEM9 已成功抓取全部所需数据。
[2026-04-13 03:44:03] [SUCCESS] bvid=BV15gDsBnETQ 已成功抓取全部所需数据。
[2026-04-13 03:44:08] [SUCCESS] bvid=BV1QgDpBrEkz 已成功抓取全部所需数据。
[2026-04-13 03:44:13] [SUCCESS] bvid=BV1DdDsBUE4y 已成功抓取全部所需数据。
[2026-04-13 03:44:18] [SUCCESS] bvid=BV1mJDpBvEtC 已成功抓取全部所需数据。
[2026-04-13 03:44:23] [SUCCESS] bvid=BV1tZDaBhEPG 已成功抓取全部所需数据。
[2026-04-13 03:44:28] [SUCCESS] bvid=BV1ikDpBSEpj 已成功抓取全部所需数据。
[2026-04-13 03:44:34] [SUCCESS] bvid=BV1AUDWBvEF3 已成功抓取全部所需数据。
[2026-04-13 03:44:39] [SUCCESS] bvid=BV1ThD7BXEMZ 已成功抓取全部所需数据。
[2026-04-13 03:44:44] [SUCCESS] bvid=BV1Zd9MBsErr 已成功抓取全部所需数据。
[2026-04-13 03:44:49] [SUCCESS] bvid=BV12rDHBaE5m 已成功抓取全部所需数据。
[2026-04-13 03:44:55] [SUCCESS] bvid=BV1zJDWBsEwH 已成功抓取全部所需数据。
[2026-04-13 03:45:00] [SUCCESS] bvid=BV1qkDsBtErz 已成功抓取全部所需数据。
[2026-04-13 03:45:05] [SUCCESS] bvid=BV1ziDpB9Eod 已成功抓取全部所需数据。
[2026-04-13 03:45:10] [SUCCESS] bvid=BV1A6D7B2E8D 已成功抓取全部所需数据。
[2026-04-13 03:45:16] [SUCCESS] bvid=BV1RTDsBHEgt 已成功抓取全部所需数据。
[2026-04-13 03:45:21] [SUCCESS] bvid=BV1XwDEBhEHs 已成功抓取全部所需数据。
[2026-04-13 03:45:26] [SUCCESS] bvid=BV1K4DsBzEeR 已成功抓取全部所需数据。
[2026-04-13 03:45:31] [SUCCESS] bvid=BV1ULDpBMECi 已成功抓取全部所需数据。
[2026-04-13 03:45:36] [SUCCESS] bvid=BV1bzDWBrEq4 已成功抓取全部所需数据。
[2026-04-13 03:45:41] [SUCCESS] bvid=BV1opDWBpEUW 已成功抓取全部所需数据。
[2026-04-13 03:45:46] [SUCCESS] bvid=BV1ipDWBpEd6 已成功抓取全部所需数据。
[2026-04-13 03:45:51] [SUCCESS] bvid=BV1LTDsBpEWw 已成功抓取全部所需数据。
[2026-04-13 03:45:56] [SUCCESS] bvid=BV1VKDpBLEtw 已成功抓取全部所需数据。
[2026-04-13 03:46:01] [SUCCESS] bvid=BV1FQDHBREv5 已成功抓取全部所需数据。
[2026-04-13 03:46:06] [SUCCESS] bvid=BV1qpDWBpEhD 已成功抓取全部所需数据。
[2026-04-13 03:46:11] [SUCCESS] bvid=BV1qpDWBpEH8 已成功抓取全部所需数据。
[2026-04-13 03:46:16] [SUCCESS] bvid=BV1oWDWBQEiF 已成功抓取全部所需数据。
[2026-04-13 03:46:21] [SUCCESS] bvid=BV1iWDWBQEUA 已成功抓取全部所需数据。
[2026-04-13 03:46:26] [SUCCESS] bvid=BV1qWDWBQEFp 已成功抓取全部所需数据。
[2026-04-13 03:46:31] [SUCCESS] bvid=BV1BJDWBsE9W 已成功抓取全部所需数据。
[2026-04-13 03:46:36] [SUCCESS] bvid=BV1LxDWBnELT 已成功抓取全部所需数据。
[2026-04-13 03:46:41] [SUCCESS] bvid=BV1qJDWBsEC1 已成功抓取全部所需数据。
[2026-04-13 03:46:46] [SUCCESS] bvid=BV17nDWB9EB9 已成功抓取全部所需数据。
[2026-04-13 03:46:51] [SUCCESS] bvid=BV17JDWBsECK 已成功抓取全部所需数据。
[2026-04-13 03:46:56] [SUCCESS] bvid=BV17nDWB9EUr 已成功抓取全部所需数据。
[2026-04-13 03:47:01] [SUCCESS] bvid=BV1NmDWBTEAV 已成功抓取全部所需数据。
[2026-04-13 03:47:06] [SUCCESS] bvid=BV1BnDWB9E5T 已成功抓取全部所需数据。
[2026-04-13 03:47:11] [SUCCESS] bvid=BV1jnDWB9EtW 已成功抓取全部所需数据。
[2026-04-13 03:47:16] [SUCCESS] bvid=BV1ZnDWB9EgC 已成功抓取全部所需数据。
[2026-04-13 03:47:21] [SUCCESS] bvid=BV1VbDWBEEor 已成功抓取全部所需数据。
[2026-04-13 03:47:26] [SUCCESS] bvid=BV1RbDWBEENC 已成功抓取全部所需数据。
[2026-04-13 03:47:31] [SUCCESS] bvid=BV1Y8DWBmEmZ 已成功抓取全部所需数据。
[2026-04-13 03:47:35] [SUCCESS] bvid=BV198DWBmE3o 已成功抓取全部所需数据。
[2026-04-13 03:47:40] [SUCCESS] bvid=BV1G8DWBmEH8 已成功抓取全部所需数据。
[2026-04-13 03:47:45] [SUCCESS] bvid=BV1G8DWBmEHk 已成功抓取全部所需数据。
[2026-04-13 03:47:50] [SUCCESS] bvid=BV1LxDWBnEci 已成功抓取全部所需数据。
[2026-04-13 03:47:55] [SUCCESS] bvid=BV154DWBSEvu 已成功抓取全部所需数据。
[2026-04-13 03:48:00] [SUCCESS] bvid=BV15xDWBnEn5 已成功抓取全部所需数据。
[2026-04-13 03:48:05] [SUCCESS] bvid=BV1coDWBFEss 已成功抓取全部所需数据。
[2026-04-13 03:48:11] [SUCCESS] bvid=BV17CDsBZEyp 已成功抓取全部所需数据。
[2026-04-13 03:48:16] [SUCCESS] bvid=BV1GDDpBLEcm 已成功抓取全部所需数据。
[2026-04-13 03:48:21] [SUCCESS] bvid=BV1a5DsBmEWZ 已成功抓取全部所需数据。
[2026-04-13 03:48:26] [SUCCESS] bvid=BV1DNDEBbERR 已成功抓取全部所需数据。
[2026-04-13 03:48:31] [SUCCESS] bvid=BV1e4DWBSENx 已成功抓取全部所需数据。
[2026-04-13 03:48:36] [SUCCESS] bvid=BV15xDWBnEpx 已成功抓取全部所需数据。
[2026-04-13 03:48:40] [SUCCESS] bvid=BV1BcDsB4EbU 已成功抓取全部所需数据。
[2026-04-13 03:48:45] [SUCCESS] bvid=BV1v4DWBSEEe 已成功抓取全部所需数据。
[2026-04-13 03:48:50] [SUCCESS] bvid=BV1v4DWBSEam 已成功抓取全部所需数据。
[2026-04-13 03:48:55] [SUCCESS] bvid=BV1e4DWBSExY 已成功抓取全部所需数据。
[2026-04-13 03:49:00] [SUCCESS] bvid=BV1JoDWBFEv6 已成功抓取全部所需数据。
[2026-04-13 03:49:05] [SUCCESS] bvid=BV1e4DWBSEL7 已成功抓取全部所需数据。
[2026-04-13 03:49:10] [SUCCESS] bvid=BV1FZDWBbEk4 已成功抓取全部所需数据。
[2026-04-13 03:49:15] [SUCCESS] bvid=BV1ffDWBoEZi 已成功抓取全部所需数据。
[2026-04-13 03:49:20] [SUCCESS] bvid=BV1e4DWBSEFx 已成功抓取全部所需数据。
[2026-04-13 03:49:25] [SUCCESS] bvid=BV1coDWBFEWd 已成功抓取全部所需数据。
[2026-04-13 03:49:30] [SUCCESS] bvid=BV1JfDWBZEJZ 已成功抓取全部所需数据。
[2026-04-13 03:49:35] [SUCCESS] bvid=BV1ffDWBoEXa 已成功抓取全部所需数据。
[2026-04-13 03:49:40] [SUCCESS] bvid=BV14xDsBgEhT 已成功抓取全部所需数据。
[2026-04-13 03:49:45] [SUCCESS] bvid=BV1xPDWBvEfn 已成功抓取全部所需数据。
[2026-04-13 03:49:51] [SUCCESS] bvid=BV1ybDsBTEuZ 已成功抓取全部所需数据。
[2026-04-13 03:49:56] [SUCCESS] bvid=BV135DiB7EH4 已成功抓取全部所需数据。
[2026-04-13 03:50:01] [SUCCESS] bvid=BV1fcDsBxEwA 已成功抓取全部所需数据。
[2026-04-13 03:50:01] [INFO] 当前 batch_crawl 已完成，所有视频均已成功抓取。
[2026-04-13 03:50:01] 子任务结束时间：2026-04-13T03:50:01.142347
[TIMESTAMP][END] 2026-04-13T03:50:01
