[TIMESTAMP][BEGIN] 2026-04-13T09:10:39
[2026-04-13 09:10:42] 开始执行 CSV 批量抓取子任务 part_53。
[2026-04-13 09:10:42] 子任务开始时间：2026-04-13T09:10:39.893460
[2026-04-13 09:10:42] 输入文件：batch_input_53.csv
[2026-04-13 09:10:42] 输入唯一 bvid 数量：100
[2026-04-13 09:10:42] 为严格按 CSV 顺序判断连续失败阈值，本次任务自动将并发度从 2 调整为 1。
[2026-04-13 09:10:47] [SUCCESS] bvid=BV1dTXDBNEec 已成功抓取全部所需数据。
[2026-04-13 09:10:52] [SUCCESS] bvid=BV1HVSQBuEku 已成功抓取全部所需数据。
[2026-04-13 09:10:57] [SUCCESS] bvid=BV1bNS9BpEM6 已成功抓取全部所需数据。
[2026-04-13 09:11:02] [SUCCESS] bvid=BV1qDSoBEEqu 已成功抓取全部所需数据。
[2026-04-13 09:11:07] [SUCCESS] bvid=BV1qDSoBEEqM 已成功抓取全部所需数据。
[2026-04-13 09:11:12] [SUCCESS] bvid=BV1qDSoBEEBt 已成功抓取全部所需数据。
[2026-04-13 09:11:17] [SUCCESS] bvid=BV1w1SoBXE8L 已成功抓取全部所需数据。
[2026-04-13 09:11:22] [SUCCESS] bvid=BV1zDSoBEECY 已成功抓取全部所需数据。
[2026-04-13 09:11:27] [SUCCESS] bvid=BV161SoBQEJQ 已成功抓取全部所需数据。
[2026-04-13 09:11:33] [SUCCESS] bvid=BV1zmSoBnESL 已成功抓取全部所需数据。
[2026-04-13 09:11:38] [SUCCESS] bvid=BV1qRSoB1ECF 已成功抓取全部所需数据。
[2026-04-13 09:11:43] [SUCCESS] bvid=BV1dRSoB1EXK 已成功抓取全部所需数据。
[2026-04-13 09:11:48] [SUCCESS] bvid=BV1g1DTBYEZz 已成功抓取全部所需数据。
[2026-04-13 09:11:53] [SUCCESS] bvid=BV1i9SoBjEGh 已成功抓取全部所需数据。
[2026-04-13 09:11:58] [SUCCESS] bvid=BV1bD9NBwEWt 已成功抓取全部所需数据。
[2026-04-13 09:12:04] [SUCCESS] bvid=BV1KiSoBfExw 已成功抓取全部所需数据。
[2026-04-13 09:12:09] [SUCCESS] bvid=BV1yiSoBZENL 已成功抓取全部所需数据。
[2026-04-13 09:12:14] [SUCCESS] bvid=BV17w9FB8Eb7 已成功抓取全部所需数据。
[2026-04-13 09:12:19] [SUCCESS] bvid=BV14X9jB8EJN 已成功抓取全部所需数据。
[2026-04-13 09:12:24] [SUCCESS] bvid=BV1Xu9uB1EmT 已成功抓取全部所需数据。
[2026-04-13 09:12:29] [SUCCESS] bvid=BV1aHDKBFEwo 已成功抓取全部所需数据。
[2026-04-13 09:12:34] [SUCCESS] bvid=BV1yBSoB4EGh 已成功抓取全部所需数据。
[2026-04-13 09:12:39] [SUCCESS] bvid=BV1CBSoB4Eoq 已成功抓取全部所需数据。
[2026-04-13 09:12:44] [SUCCESS] bvid=BV12eSoBFEsK 已成功抓取全部所需数据。
[2026-04-13 09:12:49] [SUCCESS] bvid=BV1rkSoB9E68 已成功抓取全部所需数据。
[2026-04-13 09:12:55] [SUCCESS] bvid=BV12vSoBbEnJ 已成功抓取全部所需数据。
[2026-04-13 09:13:00] [SUCCESS] bvid=BV14vSoB8EqS 已成功抓取全部所需数据。
[2026-04-13 09:13:11] [SUCCESS] bvid=BV1mvSoBbEwR 已成功抓取全部所需数据。
[2026-04-13 09:13:29] [SUCCESS] bvid=BV11vSoBbEpP 已成功抓取全部所需数据。
[2026-04-13 09:13:48] [SUCCESS] bvid=BV1AkSoBREVA 已成功抓取全部所需数据。
[2026-04-13 09:13:48] [ERROR] bvid=BV1WkSoBREsh 抓取失败：stat: 接口返回错误代码：62002，信息：稿件不可见。
{'code': 62002, 'message': '稿件不可见', 'ttl': 1} | comment: 接口返回错误代码：62002，信息：稿件不可见。
{'code': 62002, 'message': '稿件不可见', 'ttl': 1}
[2026-04-13 09:14:07] [SUCCESS] bvid=BV1kkSoB9Eo2 已成功抓取全部所需数据。
[2026-04-13 09:14:26] [SUCCESS] bvid=BV1szSoBoExa 已成功抓取全部所需数据。
[2026-04-13 09:14:44] [SUCCESS] bvid=BV1CzSoBdE4J 已成功抓取全部所需数据。
[2026-04-13 09:15:03] [SUCCESS] bvid=BV1PrSoBxEGr 已成功抓取全部所需数据。
[2026-04-13 09:15:22] [SUCCESS] bvid=BV1ArSoBxEkU 已成功抓取全部所需数据。
[2026-04-13 09:15:41] [SUCCESS] bvid=BV1ArSoBxEnt 已成功抓取全部所需数据。
[2026-04-13 09:16:00] [SUCCESS] bvid=BV1srSoBxEuc 已成功抓取全部所需数据。
[2026-04-13 09:16:19] [SUCCESS] bvid=BV1ArSoBxE7w 已成功抓取全部所需数据。
[2026-04-13 09:16:37] [SUCCESS] bvid=BV1PrSoBxEuw 已成功抓取全部所需数据。
[2026-04-13 09:16:56] [SUCCESS] bvid=BV1bVSZBYEAH 已成功抓取全部所需数据。
[2026-04-13 09:17:15] [SUCCESS] bvid=BV1tVSZBYEuD 已成功抓取全部所需数据。
[2026-04-13 09:17:15] [ERROR] bvid=BV12LSZBwEpg 抓取失败：stat: 接口返回错误代码：62002，信息：稿件不可见。
{'code': 62002, 'message': '稿件不可见', 'ttl': 1} | comment: 接口返回错误代码：62002，信息：稿件不可见。
{'code': 62002, 'message': '稿件不可见', 'ttl': 1}
[2026-04-13 09:17:33] [SUCCESS] bvid=BV1tLSZBwEg9 已成功抓取全部所需数据。
[2026-04-13 09:17:50] [SUCCESS] bvid=BV14LSZBwEZP 已成功抓取全部所需数据。
[2026-04-13 09:18:08] [SUCCESS] bvid=BV1MLSZBAEG7 已成功抓取全部所需数据。
[2026-04-13 09:18:14] [SUCCESS] bvid=BV1bgSZBvEHx 已成功抓取全部所需数据。
[2026-04-13 09:18:19] [SUCCESS] bvid=BV1ugSZBiEcv 已成功抓取全部所需数据。
[2026-04-13 09:18:24] [SUCCESS] bvid=BV1ggSZBiENx 已成功抓取全部所需数据。
[2026-04-13 09:18:29] [SUCCESS] bvid=BV1mGSZBPEUZ 已成功抓取全部所需数据。
[2026-04-13 09:18:34] [SUCCESS] bvid=BV1UGSZBPEMk 已成功抓取全部所需数据。
[2026-04-13 09:18:40] [SUCCESS] bvid=BV1xJSZBbENM 已成功抓取全部所需数据。
[2026-04-13 09:18:44] [SUCCESS] bvid=BV1WJSZBbEDe 已成功抓取全部所需数据。
[2026-04-13 09:18:50] [SUCCESS] bvid=BV1WnSZBZEuX 已成功抓取全部所需数据。
[2026-04-13 09:18:54] [SUCCESS] bvid=BV1snSZBZENV 已成功抓取全部所需数据。
[2026-04-13 09:18:55] [ERROR] bvid=BV1C3SQB6EC8 抓取失败：stat: 接口返回错误代码：62002，信息：稿件不可见。
{'code': 62002, 'message': '稿件不可见', 'ttl': 1} | comment: 接口返回错误代码：62002，信息：稿件不可见。
{'code': 62002, 'message': '稿件不可见', 'ttl': 1}
[2026-04-13 09:19:00] [SUCCESS] bvid=BV1xjSZBhEH8 已成功抓取全部所需数据。
[2026-04-13 09:19:05] [SUCCESS] bvid=BV19cSZBrEWP 已成功抓取全部所需数据。
[2026-04-13 09:19:10] [SUCCESS] bvid=BV1eZSoBCEqG 已成功抓取全部所需数据。
[2026-04-13 09:19:15] [SUCCESS] bvid=BV1aASZBgEhu 已成功抓取全部所需数据。
[2026-04-13 09:19:20] [SUCCESS] bvid=BV1aASZBgEz7 已成功抓取全部所需数据。
[2026-04-13 09:19:25] [SUCCESS] bvid=BV1RZSoBCEvP 已成功抓取全部所需数据。
[2026-04-13 09:19:30] [SUCCESS] bvid=BV1iZSoBCE7g 已成功抓取全部所需数据。
[2026-04-13 09:19:35] [SUCCESS] bvid=BV19ZSoBCEfd 已成功抓取全部所需数据。
[2026-04-13 09:19:40] [SUCCESS] bvid=BV1vZSoBCEeE 已成功抓取全部所需数据。
[2026-04-13 09:19:45] [SUCCESS] bvid=BV1eFSZBGExB 已成功抓取全部所需数据。
[2026-04-13 09:19:50] [SUCCESS] bvid=BV1QTSZBqEKW 已成功抓取全部所需数据。
[2026-04-13 09:19:55] [SUCCESS] bvid=BV1QTSZBqEwH 已成功抓取全部所需数据。
[2026-04-13 09:20:00] [SUCCESS] bvid=BV1hTSZBqE42 已成功抓取全部所需数据。
[2026-04-13 09:20:05] [SUCCESS] bvid=BV1xVSdBREvw 已成功抓取全部所需数据。
[2026-04-13 09:20:10] [SUCCESS] bvid=BV1QPSZBzEfs 已成功抓取全部所需数据。
[2026-04-13 09:20:15] [SUCCESS] bvid=BV1YPSZBzEs2 已成功抓取全部所需数据。
[2026-04-13 09:20:20] [SUCCESS] bvid=BV1QKSZBMEf1 已成功抓取全部所需数据。
[2026-04-13 09:20:25] [SUCCESS] bvid=BV1aKSZBMELE 已成功抓取全部所需数据。
[2026-04-13 09:20:31] [SUCCESS] bvid=BV1LBSZBjEt1 已成功抓取全部所需数据。
[2026-04-13 09:20:36] [SUCCESS] bvid=BV15zSZB1Eyw 已成功抓取全部所需数据。
[2026-04-13 09:20:41] [SUCCESS] bvid=BV1izSZB1EV7 已成功抓取全部所需数据。
[2026-04-13 09:20:47] [SUCCESS] bvid=BV15zSZB1Ehj 已成功抓取全部所需数据。
[2026-04-13 09:20:52] [SUCCESS] bvid=BV1VySZBGEGc 已成功抓取全部所需数据。
[2026-04-13 09:20:57] [SUCCESS] bvid=BV131SZBrEjT 已成功抓取全部所需数据。
[2026-04-13 09:21:02] [SUCCESS] bvid=BV1iiSZBmED1 已成功抓取全部所需数据。
[2026-04-13 09:21:08] [SUCCESS] bvid=BV17iSZBmEwm 已成功抓取全部所需数据。
[2026-04-13 09:21:13] [SUCCESS] bvid=BV17iSZBmEnb 已成功抓取全部所需数据。
[2026-04-13 09:21:18] [SUCCESS] bvid=BV1aySZBGEQG 已成功抓取全部所需数据。
[2026-04-13 09:21:24] [SUCCESS] bvid=BV1eySZBGEPV 已成功抓取全部所需数据。
[2026-04-13 09:21:29] [SUCCESS] bvid=BV16HDNB3EnS 已成功抓取全部所需数据。
[2026-04-13 09:21:34] [SUCCESS] bvid=BV1Bw9FB8EQb 已成功抓取全部所需数据。
[2026-04-13 09:21:39] [SUCCESS] bvid=BV1EaSZBnEMw 已成功抓取全部所需数据。
[2026-04-13 09:21:44] [SUCCESS] bvid=BV1fcSXBKEMX 已成功抓取全部所需数据。
[2026-04-13 09:21:49] [SUCCESS] bvid=BV1Q1SZBrEBR 已成功抓取全部所需数据。
[2026-04-13 09:21:55] [SUCCESS] bvid=BV131SZBrELC 已成功抓取全部所需数据。
[2026-04-13 09:22:00] [SUCCESS] bvid=BV1GySZBGE48 已成功抓取全部所需数据。
[2026-04-13 09:22:05] [SUCCESS] bvid=BV1a1SZBrEnX 已成功抓取全部所需数据。
[2026-04-13 09:22:11] [SUCCESS] bvid=BV1vrSZB5EJi 已成功抓取全部所需数据。
[2026-04-13 09:22:18] [SUCCESS] bvid=BV1vrSZB5E6Y 已成功抓取全部所需数据。
[2026-04-13 09:22:24] [SUCCESS] bvid=BV1i9SRBBE4J 已成功抓取全部所需数据。
[2026-04-13 09:22:31] [SUCCESS] bvid=BV1erSZB5EFA 已成功抓取全部所需数据。
[2026-04-13 09:22:37] [SUCCESS] bvid=BV1LrSZB5Ewu 已成功抓取全部所需数据。
[2026-04-13 09:22:43] [SUCCESS] bvid=BV15kSZBCEtY 已成功抓取全部所需数据。
[2026-04-13 09:22:49] [SUCCESS] bvid=BV1ekSZBCEbJ 已成功抓取全部所需数据。
[2026-04-13 09:22:49] [WARN] 当前子任务已结束，但仍有未成功抓取的视频，已导出 remaining CSV 供继续执行。
[2026-04-13 09:22:49] [INFO] 已导出剔除成功条目后的剩余 CSV：D:\Schoolworks\Thesis\Bilibili-Datahub\outputs\video_data\manual_crawls\manual_crawl_stat_comment_20260412_215415\remaining_bvids_part_53.csv
[2026-04-13 09:22:49] 子任务结束时间：2026-04-13T09:22:49.741444
[TIMESTAMP][END] 2026-04-13T09:22:49
