[TIMESTAMP][BEGIN] 2026-04-13T04:48:27
[2026-04-13 04:48:29] 开始执行 CSV 批量抓取子任务 part_28。
[2026-04-13 04:48:29] 子任务开始时间：2026-04-13T04:48:27.406529
[2026-04-13 04:48:29] 输入文件：batch_input_28.csv
[2026-04-13 04:48:29] 输入唯一 bvid 数量：100
[2026-04-13 04:48:29] 为严格按 CSV 顺序判断连续失败阈值，本次任务自动将并发度从 2 调整为 1。
[2026-04-13 04:48:34] [SUCCESS] bvid=BV1xCDHBcEYn 已成功抓取全部所需数据。
[2026-04-13 04:48:39] [SUCCESS] bvid=BV1PCDHBcEzT 已成功抓取全部所需数据。
[2026-04-13 04:48:44] [SUCCESS] bvid=BV1xCDHBcEjQ 已成功抓取全部所需数据。
[2026-04-13 04:48:49] [SUCCESS] bvid=BV1cDDHBxE2R 已成功抓取全部所需数据。
[2026-04-13 04:48:54] [SUCCESS] bvid=BV1cDDHBxEgT 已成功抓取全部所需数据。
[2026-04-13 04:48:59] [SUCCESS] bvid=BV1puDWBwEgV 已成功抓取全部所需数据。
[2026-04-13 04:49:04] [SUCCESS] bvid=BV1nQDHBREyd 已成功抓取全部所需数据。
[2026-04-13 04:49:09] [SUCCESS] bvid=BV1iDDLBwEmF 已成功抓取全部所需数据。
[2026-04-13 04:49:14] [SUCCESS] bvid=BV1FQDHBREth 已成功抓取全部所需数据。
[2026-04-13 04:49:19] [SUCCESS] bvid=BV1AmDHBbEQE 已成功抓取全部所需数据。
[2026-04-13 04:49:23] [SUCCESS] bvid=BV1AUDHBoEGH 已成功抓取全部所需数据。
[2026-04-13 04:49:28] [SUCCESS] bvid=BV1wUDHBoEy2 已成功抓取全部所需数据。
[2026-04-13 04:49:33] [SUCCESS] bvid=BV12HDpBNEjc 已成功抓取全部所需数据。
[2026-04-13 04:49:38] [SUCCESS] bvid=BV11HDpBPE2Y 已成功抓取全部所需数据。
[2026-04-13 04:49:43] [SUCCESS] bvid=BV12HDpBPEfC 已成功抓取全部所需数据。
[2026-04-13 04:49:48] [SUCCESS] bvid=BV1KpDpBeEH3 已成功抓取全部所需数据。
[2026-04-13 04:49:53] [SUCCESS] bvid=BV12EDpBKE2J 已成功抓取全部所需数据。
[2026-04-13 04:51:58] [SUCCESS] bvid=BV1UEDpBKE3e 已成功抓取全部所需数据。
[2026-04-13 04:52:03] [SUCCESS] bvid=BV1TEDpBTEXe 已成功抓取全部所需数据。
[2026-04-13 04:52:09] [SUCCESS] bvid=BV1UEDpBKEae 已成功抓取全部所需数据。
[2026-04-13 04:52:14] [SUCCESS] bvid=BV1tEDpBTEKM 已成功抓取全部所需数据。
[2026-04-13 04:52:19] [SUCCESS] bvid=BV12JDpBvEYQ 已成功抓取全部所需数据。
[2026-04-13 04:52:24] [SUCCESS] bvid=BV1ktDpBFEtS 已成功抓取全部所需数据。
[2026-04-13 04:52:29] [SUCCESS] bvid=BV1mJDpBvEbh 已成功抓取全部所需数据。
[2026-04-13 04:52:34] [SUCCESS] bvid=BV1ktDpBFEQN 已成功抓取全部所需数据。
[2026-04-13 04:52:39] [SUCCESS] bvid=BV1CtDpBFEE4 已成功抓取全部所需数据。
[2026-04-13 04:52:44] [SUCCESS] bvid=BV1CbDpBbEPd 已成功抓取全部所需数据。
[2026-04-13 04:52:49] [SUCCESS] bvid=BV1ESD7B6EWz 已成功抓取全部所需数据。
[2026-04-13 04:52:54] [SUCCESS] bvid=BV1CtDpBFEoR 已成功抓取全部所需数据。
[2026-04-13 04:52:59] [SUCCESS] bvid=BV1AbDpB8Er8 已成功抓取全部所需数据。
[2026-04-13 04:53:03] [SUCCESS] bvid=BV1CbDpBbEwa 已成功抓取全部所需数据。
[2026-04-13 04:53:08] [SUCCESS] bvid=BV1AbDpB8E6n 已成功抓取全部所需数据。
[2026-04-13 04:53:13] [SUCCESS] bvid=BV1CbDpBbEFB 已成功抓取全部所需数据。
[2026-04-13 04:53:18] [SUCCESS] bvid=BV1PsDpBAEtw 已成功抓取全部所需数据。
[2026-04-13 04:53:23] [SUCCESS] bvid=BV1CsDpBwE4M 已成功抓取全部所需数据。
[2026-04-13 04:53:28] [SUCCESS] bvid=BV1rbDpBbEny 已成功抓取全部所需数据。
[2026-04-13 04:53:32] [SUCCESS] bvid=BV1xsDpBAEHr 已成功抓取全部所需数据。
[2026-04-13 04:53:37] [SUCCESS] bvid=BV1CsDpBwEbB 已成功抓取全部所需数据。
[2026-04-13 04:53:42] [SUCCESS] bvid=BV1BGDJBCEG1 已成功抓取全部所需数据。
[2026-04-13 04:53:47] [SUCCESS] bvid=BV1NxDpBaEL8 已成功抓取全部所需数据。
[2026-04-13 04:53:52] [SUCCESS] bvid=BV1kxDpBhECo 已成功抓取全部所需数据。
[2026-04-13 04:53:57] [SUCCESS] bvid=BV1yxDpBhEDT 已成功抓取全部所需数据。
[2026-04-13 04:54:02] [SUCCESS] bvid=BV1QgDpBrEvJ 已成功抓取全部所需数据。
[2026-04-13 04:54:07] [SUCCESS] bvid=BV1DgDpBrE6s 已成功抓取全部所需数据。
[2026-04-13 04:54:13] [SUCCESS] bvid=BV1DgDpBrEHc 已成功抓取全部所需数据。
[2026-04-13 04:54:18] [SUCCESS] bvid=BV1XKDpB5E91 已成功抓取全部所需数据。
[2026-04-13 04:54:23] [SUCCESS] bvid=BV19KDpB5Eyq 已成功抓取全部所需数据。
[2026-04-13 04:54:28] [SUCCESS] bvid=BV1XKDpB5Eho 已成功抓取全部所需数据。
[2026-04-13 04:54:33] [SUCCESS] bvid=BV1GTDpByE6K 已成功抓取全部所需数据。
[2026-04-13 04:54:38] [SUCCESS] bvid=BV1yEDnBtESe 已成功抓取全部所需数据。
[2026-04-13 04:54:43] [SUCCESS] bvid=BV17vDrBMEb1 已成功抓取全部所需数据。
[2026-04-13 04:54:48] [SUCCESS] bvid=BV1PrDJB9Eux 已成功抓取全部所需数据。
[2026-04-13 04:54:53] [SUCCESS] bvid=BV1YKDpBLESU 已成功抓取全部所需数据。
[2026-04-13 04:54:58] [SUCCESS] bvid=BV13TDpByEDg 已成功抓取全部所需数据。
[2026-04-13 04:55:02] [SUCCESS] bvid=BV1XTDpBCEj6 已成功抓取全部所需数据。
[2026-04-13 04:55:07] [SUCCESS] bvid=BV19TDpBCEVB 已成功抓取全部所需数据。
[2026-04-13 04:55:14] [SUCCESS] bvid=BV1XTDpBCE7g 已成功抓取全部所需数据。
[2026-04-13 04:55:19] [SUCCESS] bvid=BV1VTDpByEqQ 已成功抓取全部所需数据。
[2026-04-13 04:55:24] [SUCCESS] bvid=BV19ZD7BPEfa 已成功抓取全部所需数据。
[2026-04-13 05:05:30] [SUCCESS] bvid=BV1KeD7BDEcd 已成功抓取全部所需数据。
[2026-04-13 05:05:35] [SUCCESS] bvid=BV1YpDHByEzp 已成功抓取全部所需数据。
[2026-04-13 05:05:40] [SUCCESS] bvid=BV1mnSDByE9M 已成功抓取全部所需数据。
[2026-04-13 05:05:45] [SUCCESS] bvid=BV1nMDJBjEvD 已成功抓取全部所需数据。
[2026-04-13 05:05:50] [SUCCESS] bvid=BV1HkD6BCEdd 已成功抓取全部所需数据。
[2026-04-13 05:05:55] [SUCCESS] bvid=BV1qBDpBpE4g 已成功抓取全部所需数据。
[2026-04-13 05:06:00] [SUCCESS] bvid=BV1bDDEBZEp8 已成功抓取全部所需数据。
[2026-04-13 05:16:05] [SUCCESS] bvid=BV1rXDcBYEPD 已成功抓取全部所需数据。
[2026-04-13 05:16:11] [SUCCESS] bvid=BV1qSD7B6EsC 已成功抓取全部所需数据。
[2026-04-13 05:16:16] [SUCCESS] bvid=BV1NyDYBFEfS 已成功抓取全部所需数据。
[2026-04-13 05:16:22] [SUCCESS] bvid=BV11EDnBtEW5 已成功抓取全部所需数据。
[2026-04-13 05:16:27] [SUCCESS] bvid=BV1j3D7BiEUn 已成功抓取全部所需数据。
[2026-04-13 05:16:32] [SUCCESS] bvid=BV1SLDpBMESP 已成功抓取全部所需数据。
[2026-04-13 05:16:37] [SUCCESS] bvid=BV1ULDpBMEzs 已成功抓取全部所需数据。
[2026-04-13 05:16:42] [SUCCESS] bvid=BV1ULDpBMEEp 已成功抓取全部所需数据。
[2026-04-13 05:16:47] [SUCCESS] bvid=BV1mjDpBqEZS 已成功抓取全部所需数据。
[2026-04-13 05:16:52] [SUCCESS] bvid=BV19ZD6BYE8v 已成功抓取全部所需数据。
[2026-04-13 05:16:56] [SUCCESS] bvid=BV19cDEBwEwR 已成功抓取全部所需数据。
[2026-04-13 05:17:01] [SUCCESS] bvid=BV1mjDpBqEbZ 已成功抓取全部所需数据。
[2026-04-13 05:17:06] [SUCCESS] bvid=BV18RDpBrE1h 已成功抓取全部所需数据。
[2026-04-13 05:17:11] [SUCCESS] bvid=BV1DGDpBuEDS 已成功抓取全部所需数据。
[2026-04-13 05:17:16] [SUCCESS] bvid=BV1QGDpBgEPA 已成功抓取全部所需数据。
[2026-04-13 05:17:21] [SUCCESS] bvid=BV1SVDpBzEws 已成功抓取全部所需数据。
[2026-04-13 05:17:26] [SUCCESS] bvid=BV1uVDpB6EiE 已成功抓取全部所需数据。
[2026-04-13 05:17:31] [SUCCESS] bvid=BV1sADHBtEiw 已成功抓取全部所需数据。
[2026-04-13 05:17:36] [SUCCESS] bvid=BV1DVDpBzEyN 已成功抓取全部所需数据。
[2026-04-13 05:17:41] [SUCCESS] bvid=BV1v1DpBmEPj 已成功抓取全部所需数据。
[2026-04-13 05:17:46] [SUCCESS] bvid=BV1v1DpBmEv6 已成功抓取全部所需数据。
[2026-04-13 05:17:51] [SUCCESS] bvid=BV1R1DpBmEgs 已成功抓取全部所需数据。
[2026-04-13 05:17:56] [SUCCESS] bvid=BV1v1DpBmEuj 已成功抓取全部所需数据。
[2026-04-13 05:18:01] [SUCCESS] bvid=BV1XmDpBjE1L 已成功抓取全部所需数据。
[2026-04-13 05:18:06] [SUCCESS] bvid=BV19mDpBjEDV 已成功抓取全部所需数据。
[2026-04-13 05:18:11] [SUCCESS] bvid=BV1emDpBjEsx 已成功抓取全部所需数据。
[2026-04-13 05:18:16] [SUCCESS] bvid=BV1XmDpBjEfx 已成功抓取全部所需数据。
[2026-04-13 05:18:21] [SUCCESS] bvid=BV1emDpBjEnV 已成功抓取全部所需数据。
[2026-04-13 05:18:26] [SUCCESS] bvid=BV1emDpBjE4o 已成功抓取全部所需数据。
[2026-04-13 05:18:31] [SUCCESS] bvid=BV139DpBVEPz 已成功抓取全部所需数据。
[2026-04-13 05:18:36] [SUCCESS] bvid=BV1AvDLBGEhv 已成功抓取全部所需数据。
[2026-04-13 05:18:41] [SUCCESS] bvid=BV1RmDpBjEKJ 已成功抓取全部所需数据。
[2026-04-13 05:18:46] [SUCCESS] bvid=BV189DpBGExA 已成功抓取全部所需数据。
[2026-04-13 05:18:51] [SUCCESS] bvid=BV1dyDpBEE8S 已成功抓取全部所需数据。
[2026-04-13 05:18:51] [INFO] 当前 batch_crawl 已完成，所有视频均已成功抓取。
[2026-04-13 05:18:51] 子任务结束时间：2026-04-13T05:18:51.366383
[TIMESTAMP][END] 2026-04-13T05:18:51
