[TIMESTAMP][BEGIN] 2026-04-13T08:15:36
[2026-04-13 08:15:38] 开始执行 CSV 批量抓取子任务 part_47。
[2026-04-13 08:15:38] 子任务开始时间：2026-04-13T08:15:36.806728
[2026-04-13 08:15:38] 输入文件：batch_input_47.csv
[2026-04-13 08:15:38] 输入唯一 bvid 数量：100
[2026-04-13 08:15:38] 为严格按 CSV 顺序判断连续失败阈值，本次任务自动将并发度从 2 调整为 1。
[2026-04-13 08:15:44] [SUCCESS] bvid=BV1GSDFB2ErU 已成功抓取全部所需数据。
[2026-04-13 08:15:49] [SUCCESS] bvid=BV1V6D8BNEUb 已成功抓取全部所需数据。
[2026-04-13 08:15:54] [SUCCESS] bvid=BV1FZDcBcEPN 已成功抓取全部所需数据。
[2026-04-13 08:15:59] [SUCCESS] bvid=BV1ASDYBdEg7 已成功抓取全部所需数据。
[2026-04-13 08:16:04] [SUCCESS] bvid=BV1Hd9gBPEnZ 已成功抓取全部所需数据。
[2026-04-13 08:16:09] [SUCCESS] bvid=BV1oeXYBXEtz 已成功抓取全部所需数据。
[2026-04-13 08:16:14] [SUCCESS] bvid=BV1spDFBNEs1 已成功抓取全部所需数据。
[2026-04-13 08:16:19] [SUCCESS] bvid=BV19HDhBKE2e 已成功抓取全部所需数据。
[2026-04-13 08:16:24] [SUCCESS] bvid=BV12vDhB4Etg 已成功抓取全部所需数据。
[2026-04-13 08:16:29] [SUCCESS] bvid=BV1y4SDB6ERa 已成功抓取全部所需数据。
[2026-04-13 08:16:34] [SUCCESS] bvid=BV1cKDhB7E2v 已成功抓取全部所需数据。
[2026-04-13 08:16:39] [SUCCESS] bvid=BV1NFSfBwEjy 已成功抓取全部所需数据。
[2026-04-13 08:16:45] [SUCCESS] bvid=BV1239NBZERV 已成功抓取全部所需数据。
[2026-04-13 08:16:50] [SUCCESS] bvid=BV1mQDTBtEVb 已成功抓取全部所需数据。
[2026-04-13 08:16:55] [SUCCESS] bvid=BV1rQDYBWEyC 已成功抓取全部所需数据。
[2026-04-13 08:16:55] [ERROR] bvid=BV1rSDYBRE1Z 抓取失败：stat: 接口返回错误代码：62002，信息：稿件不可见。
{'code': 62002, 'message': '稿件不可见', 'ttl': 1} | comment: 接口返回错误代码：62002，信息：稿件不可见。
{'code': 62002, 'message': '稿件不可见', 'ttl': 1}
[2026-04-13 08:17:00] [SUCCESS] bvid=BV1rQDYBWEGo 已成功抓取全部所需数据。
[2026-04-13 08:17:05] [SUCCESS] bvid=BV1yiDhBdERn 已成功抓取全部所需数据。
[2026-04-13 08:17:10] [SUCCESS] bvid=BV1rQDYBWEWF 已成功抓取全部所需数据。
[2026-04-13 08:17:15] [SUCCESS] bvid=BV1cTDhB2Ebw 已成功抓取全部所需数据。
[2026-04-13 08:17:21] [SUCCESS] bvid=BV1FTDhB2EuG 已成功抓取全部所需数据。
[2026-04-13 08:17:26] [SUCCESS] bvid=BV1cTDhB2Esq 已成功抓取全部所需数据。
[2026-04-13 08:17:31] [SUCCESS] bvid=BV1cTDhB2ExH 已成功抓取全部所需数据。
[2026-04-13 08:17:36] [SUCCESS] bvid=BV1cuDhBLEP2 已成功抓取全部所需数据。
[2026-04-13 08:17:37] [ERROR] bvid=BV1FuDhBLEy2 抓取失败：stat: 接口返回错误代码：62002，信息：稿件不可见。
{'code': 62002, 'message': '稿件不可见', 'ttl': 1} | comment: 接口返回错误代码：62002，信息：稿件不可见。
{'code': 62002, 'message': '稿件不可见', 'ttl': 1}
[2026-04-13 08:17:42] [SUCCESS] bvid=BV1JuDhBLEWZ 已成功抓取全部所需数据。
[2026-04-13 08:17:47] [SUCCESS] bvid=BV1HPDhBUEj2 已成功抓取全部所需数据。
[2026-04-13 08:17:52] [SUCCESS] bvid=BV1pPDhBUEHE 已成功抓取全部所需数据。
[2026-04-13 08:17:57] [SUCCESS] bvid=BV1HPDhBUEpH 已成功抓取全部所需数据。
[2026-04-13 08:18:02] [SUCCESS] bvid=BV1pPDhBUE5T 已成功抓取全部所需数据。
[2026-04-13 08:18:07] [SUCCESS] bvid=BV1awD8BcEmu 已成功抓取全部所需数据。
[2026-04-13 08:18:12] [SUCCESS] bvid=BV1wKDhB7E8w 已成功抓取全部所需数据。
[2026-04-13 08:18:17] [SUCCESS] bvid=BV1cKDhB7EUx 已成功抓取全部所需数据。
[2026-04-13 08:18:22] [SUCCESS] bvid=BV1cKDhB7EDn 已成功抓取全部所需数据。
[2026-04-13 08:18:27] [SUCCESS] bvid=BV1cKDhB7ED5 已成功抓取全部所需数据。
[2026-04-13 08:18:32] [SUCCESS] bvid=BV1BVDhBkErH 已成功抓取全部所需数据。
[2026-04-13 08:18:37] [SUCCESS] bvid=BV1oVDhBrELQ 已成功抓取全部所需数据。
[2026-04-13 08:18:41] [SUCCESS] bvid=BV1ZVDhBrEt5 已成功抓取全部所需数据。
[2026-04-13 08:18:47] [SUCCESS] bvid=BV1oVDhBrEYE 已成功抓取全部所需数据。
[2026-04-13 08:18:52] [SUCCESS] bvid=BV1RLDhBgEfd 已成功抓取全部所需数据。
[2026-04-13 08:18:57] [SUCCESS] bvid=BV12oD8BWEPq 已成功抓取全部所需数据。
[2026-04-13 08:19:02] [SUCCESS] bvid=BV17LDhB3EHZ 已成功抓取全部所需数据。
[2026-04-13 08:19:07] [SUCCESS] bvid=BV1fgDhBCEAp 已成功抓取全部所需数据。
[2026-04-13 08:19:13] [SUCCESS] bvid=BV1pN9MBhEHz 已成功抓取全部所需数据。
[2026-04-13 08:19:18] [SUCCESS] bvid=BV1XpSoBqEJA 已成功抓取全部所需数据。
[2026-04-13 08:19:23] [SUCCESS] bvid=BV13XDFByEVc 已成功抓取全部所需数据。
[2026-04-13 08:19:28] [SUCCESS] bvid=BV1aPDaBqEos 已成功抓取全部所需数据。
[2026-04-13 08:19:34] [SUCCESS] bvid=BV1eKAWz7EtE 已成功抓取全部所需数据。
[2026-04-13 08:19:39] [SUCCESS] bvid=BV1QYDcBjEJV 已成功抓取全部所需数据。
[2026-04-13 08:19:44] [SUCCESS] bvid=BV1SbSoBYEyx 已成功抓取全部所需数据。
[2026-04-13 08:19:44] [ERROR] bvid=BV1fgDhBCEdy 抓取失败：stat: 接口返回错误代码：62002，信息：稿件不可见。
{'code': 62002, 'message': '稿件不可见', 'ttl': 1} | comment: 接口返回错误代码：62002，信息：稿件不可见。
{'code': 62002, 'message': '稿件不可见', 'ttl': 1}
[2026-04-13 08:19:49] [SUCCESS] bvid=BV1fgDhBCEfS 已成功抓取全部所需数据。
[2026-04-13 08:19:55] [SUCCESS] bvid=BV1fGDhBGE7o 已成功抓取全部所需数据。
[2026-04-13 08:20:00] [SUCCESS] bvid=BV1fGDhBGETD 已成功抓取全部所需数据。
[2026-04-13 08:20:05] [SUCCESS] bvid=BV1fGDhBGEba 已成功抓取全部所需数据。
[2026-04-13 08:20:05] [ERROR] bvid=BV1tRD8BREw6 抓取失败：stat: 接口返回错误代码：62002，信息：稿件不可见。
{'code': 62002, 'message': '稿件不可见', 'ttl': 1} | comment: 接口返回错误代码：62002，信息：稿件不可见。
{'code': 62002, 'message': '稿件不可见', 'ttl': 1}
[2026-04-13 08:20:10] [SUCCESS] bvid=BV1KRD8BREXc 已成功抓取全部所需数据。
[2026-04-13 08:20:15] [SUCCESS] bvid=BV14oD8BWEuj 已成功抓取全部所需数据。
[2026-04-13 08:20:20] [SUCCESS] bvid=BV1TQD8BoE5d 已成功抓取全部所需数据。
[2026-04-13 08:20:25] [SUCCESS] bvid=BV1t9D8BxEY5 已成功抓取全部所需数据。
[2026-04-13 08:20:30] [SUCCESS] bvid=BV1K9D8BxEDo 已成功抓取全部所需数据。
[2026-04-13 08:20:35] [SUCCESS] bvid=BV1t9D8BxE3v 已成功抓取全部所需数据。
[2026-04-13 08:20:40] [SUCCESS] bvid=BV1TQD8BoE5x 已成功抓取全部所需数据。
[2026-04-13 08:20:40] [ERROR] bvid=BV1pcDhBDExk 抓取失败：stat: 接口返回错误代码：62002，信息：稿件不可见。
{'code': 62002, 'message': '稿件不可见', 'ttl': 1} | comment: 接口返回错误代码：62002，信息：稿件不可见。
{'code': 62002, 'message': '稿件不可见', 'ttl': 1}
[2026-04-13 08:20:45] [SUCCESS] bvid=BV1ioDhBGEM3 已成功抓取全部所需数据。
[2026-04-13 08:20:50] [SUCCESS] bvid=BV1m6DcBrE4W 已成功抓取全部所需数据。
[2026-04-13 08:20:55] [SUCCESS] bvid=BV1wNXeBYEyV 已成功抓取全部所需数据。
[2026-04-13 08:21:00] [SUCCESS] bvid=BV1feXZBfEPf 已成功抓取全部所需数据。
[2026-04-13 08:21:05] [SUCCESS] bvid=BV1feXZBfEfd 已成功抓取全部所需数据。
[2026-04-13 08:21:10] [SUCCESS] bvid=BV1ATDcBNEzL 已成功抓取全部所需数据。
[2026-04-13 08:21:15] [SUCCESS] bvid=BV1VrSZB5EpA 已成功抓取全部所需数据。
[2026-04-13 08:21:21] [SUCCESS] bvid=BV1hhDcBUEGe 已成功抓取全部所需数据。
[2026-04-13 08:21:26] [SUCCESS] bvid=BV16RDcBwEYg 已成功抓取全部所需数据。
[2026-04-13 08:21:31] [SUCCESS] bvid=BV1AZD8BXEQe 已成功抓取全部所需数据。
[2026-04-13 08:21:36] [SUCCESS] bvid=BV1vZDhBrEoc 已成功抓取全部所需数据。
[2026-04-13 08:21:41] [SUCCESS] bvid=BV1FMSfBdEQC 已成功抓取全部所需数据。
[2026-04-13 08:21:47] [SUCCESS] bvid=BV1AADhBJEq7 已成功抓取全部所需数据。
[2026-04-13 08:21:51] [SUCCESS] bvid=BV1NZD8BXE3B 已成功抓取全部所需数据。
[2026-04-13 08:21:56] [SUCCESS] bvid=BV1WZD8BXEfd 已成功抓取全部所需数据。
[2026-04-13 08:22:02] [SUCCESS] bvid=BV1AFDhBHEum 已成功抓取全部所需数据。
[2026-04-13 08:22:07] [SUCCESS] bvid=BV1gRDFBVE6e 已成功抓取全部所需数据。
[2026-04-13 08:22:12] [SUCCESS] bvid=BV1PFDhBHEo8 已成功抓取全部所需数据。
[2026-04-13 08:22:18] [SUCCESS] bvid=BV179DhBLEdH 已成功抓取全部所需数据。
[2026-04-13 08:22:23] [SUCCESS] bvid=BV1PFDhBHEVs 已成功抓取全部所需数据。
[2026-04-13 08:22:28] [SUCCESS] bvid=BV1maDhBbETa 已成功抓取全部所需数据。
[2026-04-13 08:22:33] [SUCCESS] bvid=BV1maDhBbEDN 已成功抓取全部所需数据。
[2026-04-13 08:22:39] [SUCCESS] bvid=BV1baDhB8EDS 已成功抓取全部所需数据。
[2026-04-13 08:22:44] [SUCCESS] bvid=BV1UaDhBbEWZ 已成功抓取全部所需数据。
[2026-04-13 08:22:49] [SUCCESS] bvid=BV1UYDhBZEcm 已成功抓取全部所需数据。
[2026-04-13 08:22:54] [SUCCESS] bvid=BV1UYDhBZEPo 已成功抓取全部所需数据。
[2026-04-13 08:22:59] [SUCCESS] bvid=BV1mYDhBZEVe 已成功抓取全部所需数据。
[2026-04-13 08:23:04] [SUCCESS] bvid=BV1DbDhBhEs4 已成功抓取全部所需数据。
[2026-04-13 08:23:09] [SUCCESS] bvid=BV1ubDhBaE4u 已成功抓取全部所需数据。
[2026-04-13 08:23:14] [SUCCESS] bvid=BV1QbDhBaEge 已成功抓取全部所需数据。
[2026-04-13 08:23:19] [SUCCESS] bvid=BV13bDhBaE5z 已成功抓取全部所需数据。
[2026-04-13 08:23:25] [SUCCESS] bvid=BV1SbDhBhEN7 已成功抓取全部所需数据。
[2026-04-13 08:23:30] [SUCCESS] bvid=BV1SbDhBhEDy 已成功抓取全部所需数据。
[2026-04-13 08:23:35] [SUCCESS] bvid=BV1gbDhBaEEf 已成功抓取全部所需数据。
[2026-04-13 08:23:40] [SUCCESS] bvid=BV1UhDhBFEes 已成功抓取全部所需数据。
[2026-04-13 08:23:45] [SUCCESS] bvid=BV11BDhBsEKK 已成功抓取全部所需数据。
[2026-04-13 08:23:45] [WARN] 当前子任务已结束，但仍有未成功抓取的视频，已导出 remaining CSV 供继续执行。
[2026-04-13 08:23:45] [INFO] 已导出剔除成功条目后的剩余 CSV：D:\Schoolworks\Thesis\Bilibili-Datahub\outputs\video_data\manual_crawls\manual_crawl_stat_comment_20260412_215415\remaining_bvids_part_47.csv
[2026-04-13 08:23:45] 子任务结束时间：2026-04-13T08:23:45.619894
[TIMESTAMP][END] 2026-04-13T08:23:45
