[TIMESTAMP][BEGIN] 2026-04-02T17:39:24
[2026-04-02 17:39:26] 开始执行 CSV 批量抓取子任务 part_11。
[2026-04-02 17:39:26] 子任务开始时间：2026-04-02T17:39:24.246534
[2026-04-02 17:39:26] 输入文件：batch_input_11.csv
[2026-04-02 17:39:26] 输入唯一 bvid 数量：100
[2026-04-02 17:39:26] 为严格按 CSV 顺序判断连续失败阈值，本次任务自动将并发度从 2 调整为 1。
[2026-04-02 17:39:32] [SUCCESS] bvid=BV1pgXPB2ENN 已成功抓取全部所需数据。
[2026-04-02 17:39:37] [SUCCESS] bvid=BV1acXkBTELz 已成功抓取全部所需数据。
[2026-04-02 17:39:43] [SUCCESS] bvid=BV1HgXPB2E6U 已成功抓取全部所需数据。
[2026-04-02 17:39:48] [SUCCESS] bvid=BV1awXkBiE2Y 已成功抓取全部所需数据。
[2026-04-02 17:39:53] [SUCCESS] bvid=BV1YcXkBTEWt 已成功抓取全部所需数据。
[2026-04-02 17:39:59] [SUCCESS] bvid=BV1tMXkBaEpd 已成功抓取全部所需数据。
[2026-04-02 17:40:04] [SUCCESS] bvid=BV18MXkBaEwY 已成功抓取全部所需数据。
[2026-04-02 17:40:10] [SUCCESS] bvid=BV168XvBPEBW 已成功抓取全部所需数据。
[2026-04-02 17:40:16] [SUCCESS] bvid=BV1yYXzBmEVr 已成功抓取全部所需数据。
[2026-04-02 17:40:21] [SUCCESS] bvid=BV1yjXhB4Edr 已成功抓取全部所需数据。
[2026-04-02 17:40:27] [SUCCESS] bvid=BV1x5XkBtEsB 已成功抓取全部所需数据。
[2026-04-02 17:40:32] [SUCCESS] bvid=BV1RUXzBqEXg 已成功抓取全部所需数据。
[2026-04-02 17:40:37] [SUCCESS] bvid=BV1pFQZBFE8T 已成功抓取全部所需数据。
[2026-04-02 17:40:43] [SUCCESS] bvid=BV1qUXrBLEzS 已成功抓取全部所需数据。
[2026-04-02 17:40:49] [SUCCESS] bvid=BV1hUXYBVEot 已成功抓取全部所需数据。
[2026-04-02 17:40:54] [SUCCESS] bvid=BV1QLXzBFEVE 已成功抓取全部所需数据。
[2026-04-02 17:40:59] [SUCCESS] bvid=BV1PNA3z8E4R 已成功抓取全部所需数据。
[2026-04-02 17:41:04] [SUCCESS] bvid=BV11MX6B9EWA 已成功抓取全部所需数据。
[2026-04-02 17:41:10] [SUCCESS] bvid=BV117XYBeEBt 已成功抓取全部所需数据。
[2026-04-02 17:41:15] [SUCCESS] bvid=BV1nWXkBHE7a 已成功抓取全部所需数据。
[2026-04-02 17:41:21] [SUCCESS] bvid=BV118XzBSEic 已成功抓取全部所需数据。
[2026-04-02 17:41:26] [SUCCESS] bvid=BV1y8XzBSEMR 已成功抓取全部所需数据。
[2026-04-02 17:41:31] [SUCCESS] bvid=BV1KpXqBmErh 已成功抓取全部所需数据。
[2026-04-02 17:41:37] [SUCCESS] bvid=BV1upXzBxE3i 已成功抓取全部所需数据。
[2026-04-02 17:41:42] [SUCCESS] bvid=BV1ESXrB1EL1 已成功抓取全部所需数据。
[2026-04-02 17:41:48] [SUCCESS] bvid=BV1RGXzBwEqg 已成功抓取全部所需数据。
[2026-04-02 17:41:53] [SUCCESS] bvid=BV1qmXzBME27 已成功抓取全部所需数据。
[2026-04-02 17:41:59] [SUCCESS] bvid=BV1vDXzBKEfx 已成功抓取全部所需数据。
[2026-04-02 17:42:05] [SUCCESS] bvid=BV1tyQRBaETt 已成功抓取全部所需数据。
[2026-04-02 17:42:10] [SUCCESS] bvid=BV1z4XkBJEUj 已成功抓取全部所需数据。
[2026-04-02 17:42:16] [SUCCESS] bvid=BV1DwXkBiEV8 已成功抓取全部所需数据。
[2026-04-02 17:42:22] [SUCCESS] bvid=BV18wXkBiE1S 已成功抓取全部所需数据。
[2026-04-02 17:42:27] [SUCCESS] bvid=BV1vZXrBuETv 已成功抓取全部所需数据。
[2026-04-02 17:42:33] [SUCCESS] bvid=BV1ckXrBnEPa 已成功抓取全部所需数据。
[2026-04-02 17:42:39] [SUCCESS] bvid=BV1VGXzBAEpj 已成功抓取全部所需数据。
[2026-04-02 17:42:44] [SUCCESS] bvid=BV1k6XrBDEEz 已成功抓取全部所需数据。
[2026-04-02 17:42:49] [SUCCESS] bvid=BV1YfXrBBEhF 已成功抓取全部所需数据。
[2026-04-02 17:42:55] [SUCCESS] bvid=BV16kXrBJEq7 已成功抓取全部所需数据。
[2026-04-02 17:43:00] [SUCCESS] bvid=BV1rkXrBJEva 已成功抓取全部所需数据。
[2026-04-02 17:43:05] [SUCCESS] bvid=BV1wzXrBpEbA 已成功抓取全部所需数据。
[2026-04-02 17:43:11] [SUCCESS] bvid=BV1rkXrBJEvZ 已成功抓取全部所需数据。
[2026-04-02 17:43:17] [SUCCESS] bvid=BV16kXrBJEka 已成功抓取全部所需数据。
[2026-04-02 17:43:22] [SUCCESS] bvid=BV1HnXkBWE6g 已成功抓取全部所需数据。
[2026-04-02 17:43:28] [SUCCESS] bvid=BV1FCXrBSEyD 已成功抓取全部所需数据。
[2026-04-02 17:53:34] [SUCCESS] bvid=BV1zCXrBUEUy 已成功抓取全部所需数据。
[2026-04-02 17:53:40] [SUCCESS] bvid=BV1AzXrBpEew 已成功抓取全部所需数据。
[2026-04-02 17:53:46] [SUCCESS] bvid=BV1k6XrBDEfK 已成功抓取全部所需数据。
[2026-04-02 17:53:51] [SUCCESS] bvid=BV1r6XrBDExx 已成功抓取全部所需数据。
[2026-04-02 17:53:57] [SUCCESS] bvid=BV1zUXrBLE5s 已成功抓取全部所需数据。
[2026-04-02 17:54:02] [SUCCESS] bvid=BV166XrBDED7 已成功抓取全部所需数据。
[2026-04-02 17:54:08] [SUCCESS] bvid=BV1k6XrBDETS 已成功抓取全部所需数据。
[2026-04-02 17:54:14] [SUCCESS] bvid=BV1crXzBVEw9 已成功抓取全部所需数据。
[2026-04-02 17:54:19] [SUCCESS] bvid=BV1vDXzBKEmh 已成功抓取全部所需数据。
[2026-04-02 17:54:25] [SUCCESS] bvid=BV1VcXHB2Emr 已成功抓取全部所需数据。
[2026-04-02 17:54:30] [SUCCESS] bvid=BV1YoXzBwEmF 已成功抓取全部所需数据。
[2026-04-02 17:54:36] [SUCCESS] bvid=BV1fUXrBLEnU 已成功抓取全部所需数据。
[2026-04-02 17:54:41] [SUCCESS] bvid=BV1BUXrBLE7b 已成功抓取全部所需数据。
[2026-04-02 17:54:47] [SUCCESS] bvid=BV1fUXrBLEFS 已成功抓取全部所需数据。
[2026-04-02 17:54:52] [SUCCESS] bvid=BV1qSXrByEHg 已成功抓取全部所需数据。
[2026-04-02 17:54:58] [SUCCESS] bvid=BV1z2XrB2EW5 已成功抓取全部所需数据。
[2026-04-02 17:55:04] [SUCCESS] bvid=BV161XrB7E4b 已成功抓取全部所需数据。
[2026-04-02 17:55:09] [SUCCESS] bvid=BV1nWXkBHEbp 已成功抓取全部所需数据。
[2026-04-02 17:55:14] [SUCCESS] bvid=BV1rWXkBHEFY 已成功抓取全部所需数据。
[2026-04-02 17:55:20] [SUCCESS] bvid=BV1x8XzBDE2X 已成功抓取全部所需数据。
[2026-04-02 17:55:25] [SUCCESS] bvid=BV1DwX6BZEsP 已成功抓取全部所需数据。
[2026-04-02 17:55:30] [SUCCESS] bvid=BV1CaXzBEEEx 已成功抓取全部所需数据。
[2026-04-02 17:55:36] [SUCCESS] bvid=BV1GLXzBcEVa 已成功抓取全部所需数据。
[2026-04-02 17:55:41] [SUCCESS] bvid=BV1q1XzBzEnm 已成功抓取全部所需数据。
[2026-04-02 17:55:47] [SUCCESS] bvid=BV18wX6BZEyE 已成功抓取全部所需数据。
[2026-04-02 17:55:52] [SUCCESS] bvid=BV1CnXkBWE4a 已成功抓取全部所需数据。
[2026-04-02 17:55:58] [SUCCESS] bvid=BV1pEXkBREBY 已成功抓取全部所需数据。
[2026-04-02 17:56:03] [SUCCESS] bvid=BV1AEXkBdEzJ 已成功抓取全部所需数据。
[2026-04-02 17:56:08] [SUCCESS] bvid=BV1PEXkBdEHN 已成功抓取全部所需数据。
[2026-04-02 17:56:14] [SUCCESS] bvid=BV1wnXkBsEKC 已成功抓取全部所需数据。
[2026-04-02 17:56:19] [SUCCESS] bvid=BV1rHXkBXEf5 已成功抓取全部所需数据。
[2026-04-02 17:56:25] [SUCCESS] bvid=BV1nLXBB3EnB 已成功抓取全部所需数据。
[2026-04-02 17:56:30] [SUCCESS] bvid=BV1gTXkBPEYW 已成功抓取全部所需数据。
[2026-04-02 17:56:35] [SUCCESS] bvid=BV1yLXkBoEWY 已成功抓取全部所需数据。
[2026-04-02 17:56:41] [SUCCESS] bvid=BV1W7XkBxE8v 已成功抓取全部所需数据。
[2026-04-02 17:56:46] [SUCCESS] bvid=BV164XkBJELF 已成功抓取全部所需数据。
[2026-04-02 17:56:51] [SUCCESS] bvid=BV1hFX6BFECi 已成功抓取全部所需数据。
[2026-04-02 17:56:57] [SUCCESS] bvid=BV1nuXeBfE55 已成功抓取全部所需数据。
[2026-04-02 17:57:02] [SUCCESS] bvid=BV1LrXvBoEvM 已成功抓取全部所需数据。
[2026-04-02 17:57:08] [SUCCESS] bvid=BV1AiXzB2ELe 已成功抓取全部所需数据。
[2026-04-02 17:57:13] [SUCCESS] bvid=BV1vQXzBiEmW 已成功抓取全部所需数据。
[2026-04-02 17:57:19] [SUCCESS] bvid=BV1tvXoBgEP5 已成功抓取全部所需数据。
[2026-04-02 17:57:24] [SUCCESS] bvid=BV14NX6BdEbG 已成功抓取全部所需数据。
[2026-04-02 17:57:30] [SUCCESS] bvid=BV1VoXzBAETL 已成功抓取全部所需数据。
[2026-04-02 17:57:35] [SUCCESS] bvid=BV1ScX6BbExS 已成功抓取全部所需数据。
[2026-04-02 17:57:41] [SUCCESS] bvid=BV1YBX6BPEMB 已成功抓取全部所需数据。
[2026-04-02 17:57:46] [SUCCESS] bvid=BV13LXzBcEkU 已成功抓取全部所需数据。
[2026-04-02 17:57:51] [SUCCESS] bvid=BV1W5X6BSEU6 已成功抓取全部所需数据。
[2026-04-02 17:57:57] [SUCCESS] bvid=BV1wBXzBLEXh 已成功抓取全部所需数据。
[2026-04-02 17:58:02] [SUCCESS] bvid=BV1qbX6BgEro 已成功抓取全部所需数据。
[2026-04-02 17:58:08] [SUCCESS] bvid=BV1i8XhBmESv 已成功抓取全部所需数据。
[2026-04-02 17:58:13] [SUCCESS] bvid=BV1c7X6BUE6w 已成功抓取全部所需数据。
[2026-04-02 17:58:18] [SUCCESS] bvid=BV1s7XkBxEV3 已成功抓取全部所需数据。
[2026-04-02 17:58:24] [SUCCESS] bvid=BV1DFX6BFEZo 已成功抓取全部所需数据。
[2026-04-02 17:58:29] [SUCCESS] bvid=BV164XkBJEXh 已成功抓取全部所需数据。
[2026-04-02 17:58:34] [SUCCESS] bvid=BV1bTXkBPE9q 已成功抓取全部所需数据。
[2026-04-02 17:58:34] [INFO] 当前 batch_crawl 已完成，所有视频均已成功抓取。
[2026-04-02 17:58:34] 子任务结束时间：2026-04-02T17:58:34.838675
[TIMESTAMP][END] 2026-04-02T17:58:34
