[TIMESTAMP][BEGIN] 2026-04-02T17:58:35
[2026-04-02 17:58:37] 开始执行 CSV 批量抓取子任务 part_12。
[2026-04-02 17:58:37] 子任务开始时间：2026-04-02T17:58:35.054753
[2026-04-02 17:58:37] 输入文件：batch_input_12.csv
[2026-04-02 17:58:37] 输入唯一 bvid 数量：100
[2026-04-02 17:58:37] 为严格按 CSV 顺序判断连续失败阈值，本次任务自动将并发度从 2 调整为 1。
[2026-04-02 17:58:43] [SUCCESS] bvid=BV1tMXkBaES3 已成功抓取全部所需数据。
[2026-04-02 17:58:48] [SUCCESS] bvid=BV1z4XkBJEzk 已成功抓取全部所需数据。
[2026-04-02 17:58:54] [SUCCESS] bvid=BV1HHXkBXE68 已成功抓取全部所需数据。
[2026-04-02 17:58:59] [SUCCESS] bvid=BV1kHXkBXEit 已成功抓取全部所需数据。
[2026-04-02 17:59:05] [SUCCESS] bvid=BV1rWXkBHEoQ 已成功抓取全部所需数据。
[2026-04-02 17:59:10] [SUCCESS] bvid=BV1mUX6B4Ezr 已成功抓取全部所需数据。
[2026-04-02 17:59:16] [SUCCESS] bvid=BV1nWXkBHE3j 已成功抓取全部所需数据。
[2026-04-02 17:59:21] [SUCCESS] bvid=BV1uTXkBPEJy 已成功抓取全部所需数据。
[2026-04-02 17:59:26] [SUCCESS] bvid=BV1UTXkBAERb 已成功抓取全部所需数据。
[2026-04-02 17:59:32] [SUCCESS] bvid=BV1QPXkBNEiR 已成功抓取全部所需数据。
[2026-04-02 17:59:37] [SUCCESS] bvid=BV1hNXkBeEM4 已成功抓取全部所需数据。
[2026-04-02 17:59:43] [SUCCESS] bvid=BV18NXkBeEgd 已成功抓取全部所需数据。
[2026-04-02 17:59:48] [SUCCESS] bvid=BV11GXkBfEke 已成功抓取全部所需数据。
[2026-04-02 17:59:53] [SUCCESS] bvid=BV14GXkBfEja 已成功抓取全部所需数据。
[2026-04-02 17:59:59] [SUCCESS] bvid=BV1tgXkBcEeq 已成功抓取全部所需数据。
[2026-04-02 18:00:04] [SUCCESS] bvid=BV1y5XkBtEfF 已成功抓取全部所需数据。
[2026-04-02 18:00:09] [SUCCESS] bvid=BV1mgXkBcE64 已成功抓取全部所需数据。
[2026-04-02 18:00:15] [SUCCESS] bvid=BV14gXkBcEqo 已成功抓取全部所需数据。
[2026-04-02 18:00:21] [SUCCESS] bvid=BV1mgXkBcEyY 已成功抓取全部所需数据。
[2026-04-02 18:00:26] [SUCCESS] bvid=BV1m3XkB8E3h 已成功抓取全部所需数据。
[2026-04-02 18:00:32] [SUCCESS] bvid=BV1M3XkBhEhx 已成功抓取全部所需数据。
[2026-04-02 18:00:37] [SUCCESS] bvid=BV1x3XkB8ERg 已成功抓取全部所需数据。
[2026-04-02 18:00:43] [SUCCESS] bvid=BV143XkB8EZJ 已成功抓取全部所需数据。
[2026-04-02 18:00:48] [SUCCESS] bvid=BV114XzBQEb5 已成功抓取全部所需数据。
[2026-04-02 18:00:54] [SUCCESS] bvid=BV1TWXzBREQ6 已成功抓取全部所需数据。
[2026-04-02 18:00:59] [SUCCESS] bvid=BV1qHXBBTERe 已成功抓取全部所需数据。
[2026-04-02 18:01:04] [SUCCESS] bvid=BV123XkB8EgB 已成功抓取全部所需数据。
[2026-04-02 18:01:09] [SUCCESS] bvid=BV1yaXzBEEQR 已成功抓取全部所需数据。
[2026-04-02 18:01:15] [SUCCESS] bvid=BV124XzBQEFT 已成功抓取全部所需数据。
[2026-04-02 18:01:20] [SUCCESS] bvid=BV1tvQUB5EE9 已成功抓取全部所需数据。
[2026-04-02 18:01:25] [SUCCESS] bvid=BV14iQUBCEQY 已成功抓取全部所需数据。
[2026-04-02 18:01:30] [SUCCESS] bvid=BV1wkXaBbEAF 已成功抓取全部所需数据。
[2026-04-02 18:01:35] [SUCCESS] bvid=BV11bXzBnEA5 已成功抓取全部所需数据。
[2026-04-02 18:01:40] [SUCCESS] bvid=BV1ybXzBnESL 已成功抓取全部所需数据。
[2026-04-02 18:01:45] [SUCCESS] bvid=BV1UWXzB9Ekf 已成功抓取全部所需数据。
[2026-04-02 18:01:51] [SUCCESS] bvid=BV1mWXzB9EAR 已成功抓取全部所需数据。
[2026-04-02 18:01:56] [SUCCESS] bvid=BV1MxXzBWE5Z 已成功抓取全部所需数据。
[2026-04-02 18:02:01] [SUCCESS] bvid=BV1pvXzB7EM8 已成功抓取全部所需数据。
[2026-04-02 18:02:06] [SUCCESS] bvid=BV1mxXzBpErD 已成功抓取全部所需数据。
[2026-04-02 18:02:12] [SUCCESS] bvid=BV1sYXzBUEJS 已成功抓取全部所需数据。
[2026-04-02 18:02:17] [SUCCESS] bvid=BV1kYXzBmEp1 已成功抓取全部所需数据。
[2026-04-02 18:02:22] [SUCCESS] bvid=BV1WvXzB7E4t 已成功抓取全部所需数据。
[2026-04-02 18:02:28] [SUCCESS] bvid=BV1rvXzBjEZq 已成功抓取全部所需数据。
[2026-04-02 18:02:33] [SUCCESS] bvid=BV1y8XzBSEgA 已成功抓取全部所需数据。
[2026-04-02 18:02:39] [SUCCESS] bvid=BV1CaXzBEE4q 已成功抓取全部所需数据。
[2026-04-02 18:02:44] [SUCCESS] bvid=BV19GXzBwEc9 已成功抓取全部所需数据。
[2026-04-02 18:02:50] [SUCCESS] bvid=BV1CaXzBEEra 已成功抓取全部所需数据。
[2026-04-02 18:02:55] [SUCCESS] bvid=BV1CaXzBEEDw 已成功抓取全部所需数据。
[2026-04-02 18:03:00] [SUCCESS] bvid=BV1YLXzBcEhX 已成功抓取全部所需数据。
[2026-04-02 18:03:06] [SUCCESS] bvid=BV1QLXzBFEuf 已成功抓取全部所需数据。
[2026-04-02 18:03:12] [SUCCESS] bvid=BV1QLXzBFE8g 已成功抓取全部所需数据。
[2026-04-02 18:03:17] [SUCCESS] bvid=BV1GLXzBcEZM 已成功抓取全部所需数据。
[2026-04-02 18:03:22] [SUCCESS] bvid=BV1QjXzBbEvW 已成功抓取全部所需数据。
[2026-04-02 18:03:28] [SUCCESS] bvid=BV1DjXzBbES9 已成功抓取全部所需数据。
[2026-04-02 18:03:33] [SUCCESS] bvid=BV18jXzBtEeP 已成功抓取全部所需数据。
[2026-04-02 18:03:38] [SUCCESS] bvid=BV15GXzBAE6r 已成功抓取全部所需数据。
[2026-04-02 18:03:44] [SUCCESS] bvid=BV1XGXzBwE84 已成功抓取全部所需数据。
[2026-04-02 18:03:49] [SUCCESS] bvid=BV1QVXzBhE9J 已成功抓取全部所需数据。
[2026-04-02 18:03:55] [SUCCESS] bvid=BV1MnXzBoEDX 已成功抓取全部所需数据。
[2026-04-02 18:04:00] [SUCCESS] bvid=BV1GyXdBLEbR 已成功抓取全部所需数据。
[2026-04-02 18:04:05] [SUCCESS] bvid=BV1GyXdBLEiH 已成功抓取全部所需数据。
[2026-04-02 18:04:11] [SUCCESS] bvid=BV1XyXdB5EMj 已成功抓取全部所需数据。
[2026-04-02 18:04:16] [SUCCESS] bvid=BV1XRXzBYEah 已成功抓取全部所需数据。
[2026-04-02 18:04:21] [SUCCESS] bvid=BV1UpXzBsEFU 已成功抓取全部所需数据。
[2026-04-02 18:04:27] [SUCCESS] bvid=BV1QGXqBWEyZ 已成功抓取全部所需数据。
[2026-04-02 18:04:32] [SUCCESS] bvid=BV1zEXBBuEHK 已成功抓取全部所需数据。
[2026-04-02 18:04:38] [SUCCESS] bvid=BV1gJXzBtEqB 已成功抓取全部所需数据。
[2026-04-02 18:04:43] [SUCCESS] bvid=BV14gX6BpEch 已成功抓取全部所需数据。
[2026-04-02 18:04:48] [SUCCESS] bvid=BV1VPXYB5EAw 已成功抓取全部所需数据。
[2026-04-02 18:04:53] [SUCCESS] bvid=BV1L8X6BzEgz 已成功抓取全部所需数据。
[2026-04-02 18:04:58] [SUCCESS] bvid=BV1HFX8BJEjX 已成功抓取全部所需数据。
[2026-04-02 18:05:03] [SUCCESS] bvid=BV1RQXzBvEd1 已成功抓取全部所需数据。
[2026-04-02 18:05:09] [SUCCESS] bvid=BV1vUXzBqE8e 已成功抓取全部所需数据。
[2026-04-02 18:05:14] [SUCCESS] bvid=BV1iUXzBqEdu 已成功抓取全部所需数据。
[2026-04-02 18:05:19] [SUCCESS] bvid=BV1RDXzBKELd 已成功抓取全部所需数据。
[2026-04-02 18:05:25] [SUCCESS] bvid=BV1vDXzBKEwQ 已成功抓取全部所需数据。
[2026-04-02 18:05:30] [SUCCESS] bvid=BV1vDXzBKE71 已成功抓取全部所需数据。
[2026-04-02 18:05:36] [SUCCESS] bvid=BV1DFX6BFE4g 已成功抓取全部所需数据。
[2026-04-02 18:05:41] [SUCCESS] bvid=BV1aRXzBYEhc 已成功抓取全部所需数据。
[2026-04-02 18:05:46] [SUCCESS] bvid=BV1aoXzBwExP 已成功抓取全部所需数据。
[2026-04-02 18:05:51] [SUCCESS] bvid=BV1QoXzBwEMA 已成功抓取全部所需数据。
[2026-04-02 18:05:56] [SUCCESS] bvid=BV16zXzBCE5N 已成功抓取全部所需数据。
[2026-04-02 18:16:00] [ERROR] bvid=BV1zrXzBGEiU 抓取失败：comment: Timeout of 600.0s exceeded, last exception: HTTPSConnectionPool(host='bigquery.googleapis.com', port=443): Max retries exceeded with url: /bigquery/v2/projects/bilibili-m2s2vp-research/datasets/bili_video_stream_data_test_2/tables?prettyPrint=false (Caused by ProxyError('Unable to connect to proxy', RemoteDisconnected('Remote end closed connection without response')))
[2026-04-02 18:16:06] [SUCCESS] bvid=BV16rXzBGEHr 已成功抓取全部所需数据。
[2026-04-02 18:16:12] [SUCCESS] bvid=BV1WiXzB2ENt 已成功抓取全部所需数据。
[2026-04-02 18:16:17] [SUCCESS] bvid=BV16BXzB5Ept 已成功抓取全部所需数据。
[2026-04-02 18:16:22] [SUCCESS] bvid=BV1zJXBBBET1 已成功抓取全部所需数据。
[2026-04-02 18:16:28] [SUCCESS] bvid=BV1q1XzBzEnW 已成功抓取全部所需数据。
[2026-04-02 18:16:33] [SUCCESS] bvid=BV1KdXYBzEeJ 已成功抓取全部所需数据。
[2026-04-02 18:16:38] [SUCCESS] bvid=BV14iQUBCEyY 已成功抓取全部所需数据。
[2026-04-02 18:16:43] [SUCCESS] bvid=BV1imXzBuEaT 已成功抓取全部所需数据。
[2026-04-02 18:16:49] [SUCCESS] bvid=BV1dmXzBMERD 已成功抓取全部所需数据。
[2026-04-02 18:16:54] [SUCCESS] bvid=BV1zkXzBrEYr 已成功抓取全部所需数据。
[2026-04-02 18:16:59] [SUCCESS] bvid=BV1fyXzBgEr5 已成功抓取全部所需数据。
[2026-04-02 18:17:05] [SUCCESS] bvid=BV1p5X6BSEYD 已成功抓取全部所需数据。
[2026-04-02 18:17:10] [SUCCESS] bvid=BV1H7X6BmEjC 已成功抓取全部所需数据。
[2026-04-02 18:17:15] [SUCCESS] bvid=BV1CVX6BnEbi 已成功抓取全部所需数据。
[2026-04-02 18:17:21] [SUCCESS] bvid=BV1W5X6BSEvL 已成功抓取全部所需数据。
[2026-04-02 18:17:26] [SUCCESS] bvid=BV1y5X6BSEGc 已成功抓取全部所需数据。
[2026-04-02 18:17:31] [SUCCESS] bvid=BV1BWX6BCEHo 已成功抓取全部所需数据。
[2026-04-02 18:17:31] [WARN] 当前子任务已结束，但仍有未成功抓取的视频，已导出 remaining CSV 供继续执行。
[2026-04-02 18:17:31] [INFO] 已导出剔除成功条目后的剩余 CSV：D:\Schoolworks\Thesis\Bilibili-Datahub\outputs\video_data\manual_crawls\manual_crawl_stat_comment_20260402_150939\remaining_bvids_part_12.csv
[2026-04-02 18:17:31] 子任务结束时间：2026-04-02T18:17:31.857116
[TIMESTAMP][END] 2026-04-02T18:17:31
