[TIMESTAMP][BEGIN] 2026-04-02T16:00:42
[2026-04-02 16:00:45] 开始执行 CSV 批量抓取子任务 part_5。
[2026-04-02 16:00:45] 子任务开始时间：2026-04-02T16:00:42.914997
[2026-04-02 16:00:45] 输入文件：batch_input_5.csv
[2026-04-02 16:00:45] 输入唯一 bvid 数量：100
[2026-04-02 16:00:45] 为严格按 CSV 顺序判断连续失败阈值，本次任务自动将并发度从 2 调整为 1。
[2026-04-02 16:00:51] [SUCCESS] bvid=BV1PA97BXEwj 已成功抓取全部所需数据。
[2026-04-02 16:00:56] [SUCCESS] bvid=BV1wN97BHEDc 已成功抓取全部所需数据。
[2026-04-02 16:01:01] [SUCCESS] bvid=BV1HN97BHERt 已成功抓取全部所需数据。
[2026-04-02 16:01:07] [SUCCESS] bvid=BV1PF97BREcG 已成功抓取全部所需数据。
[2026-04-02 16:01:12] [SUCCESS] bvid=BV1WF97BRE68 已成功抓取全部所需数据。
[2026-04-02 16:01:17] [SUCCESS] bvid=BV1Cw97BWEHc 已成功抓取全部所需数据。
[2026-04-02 16:01:22] [SUCCESS] bvid=BV1f397BjEfY 已成功抓取全部所需数据。
[2026-04-02 16:01:23] [ERROR] bvid=BV1ru97BUETa 抓取失败：stat: 接口返回错误代码：62002，信息：稿件不可见。
{'code': 62002, 'message': '稿件不可见', 'ttl': 1} | comment: 接口返回错误代码：62002，信息：稿件不可见。
{'code': 62002, 'message': '稿件不可见', 'ttl': 1}
[2026-04-02 16:01:28] [SUCCESS] bvid=BV1F397BEEbZ 已成功抓取全部所需数据。
[2026-04-02 16:01:33] [SUCCESS] bvid=BV1E397B7EhZ 已成功抓取全部所需数据。
[2026-04-02 16:01:39] [SUCCESS] bvid=BV1f397BjER4 已成功抓取全部所需数据。
[2026-04-02 16:01:44] [SUCCESS] bvid=BV1f397BjEFh 已成功抓取全部所需数据。
[2026-04-02 16:01:49] [SUCCESS] bvid=BV1ry97B9E4k 已成功抓取全部所需数据。
[2026-04-02 16:01:54] [SUCCESS] bvid=BV1QHXCBrEW9 已成功抓取全部所需数据。
[2026-04-02 16:01:59] [SUCCESS] bvid=BV1Q497BKEeS 已成功抓取全部所需数据。
[2026-04-02 16:02:04] [SUCCESS] bvid=BV1J397B7Emy 已成功抓取全部所需数据。
[2026-04-02 16:02:10] [SUCCESS] bvid=BV1HK97BDEMZ 已成功抓取全部所需数据。
[2026-04-02 16:02:15] [SUCCESS] bvid=BV1iX9LB6ERr 已成功抓取全部所需数据。
[2026-04-02 16:02:21] [SUCCESS] bvid=BV1HK97BDEvH 已成功抓取全部所需数据。
[2026-04-02 16:02:26] [SUCCESS] bvid=BV1rK97BDErA 已成功抓取全部所需数据。
[2026-04-02 16:02:32] [SUCCESS] bvid=BV1nM97BJEmX 已成功抓取全部所需数据。
[2026-04-02 16:02:37] [SUCCESS] bvid=BV1cM97BJEgh 已成功抓取全部所需数据。
[2026-04-02 16:12:41] [ERROR] bvid=BV1JM97BJE9Y 抓取失败：stat: Timeout of 600.0s exceeded, last exception: HTTPSConnectionPool(host='bigquery.googleapis.com', port=443): Max retries exceeded with url: /bigquery/v2/projects/bilibili-m2s2vp-research/datasets?prettyPrint=false (Caused by SSLError(SSLEOFError(8, 'EOF occurred in violation of protocol (_ssl.c:1017)')))
[2026-04-02 16:12:47] [SUCCESS] bvid=BV1cM97BJEeo 已成功抓取全部所需数据。
[2026-04-02 16:12:52] [SUCCESS] bvid=BV1ZRQzBzEst 已成功抓取全部所需数据。
[2026-04-02 16:12:58] [SUCCESS] bvid=BV1LhXQBBETc 已成功抓取全部所需数据。
[2026-04-02 16:13:03] [SUCCESS] bvid=BV1ZqXWBfEuu 已成功抓取全部所需数据。
[2026-04-02 16:13:09] [SUCCESS] bvid=BV1ky97B9EAG 已成功抓取全部所需数据。
[2026-04-02 16:13:15] [SUCCESS] bvid=BV1ak95BbEb7 已成功抓取全部所需数据。
[2026-04-02 16:13:20] [SUCCESS] bvid=BV1N697BtEW3 已成功抓取全部所需数据。
[2026-04-02 16:13:25] [SUCCESS] bvid=BV1yr97BdEdo 已成功抓取全部所需数据。
[2026-04-02 16:13:30] [SUCCESS] bvid=BV14q97B8EXZ 已成功抓取全部所需数据。
[2026-04-02 16:13:36] [SUCCESS] bvid=BV1r297BpEau 已成功抓取全部所需数据。
[2026-04-02 16:13:42] [SUCCESS] bvid=BV1k297BpEvC 已成功抓取全部所需数据。
[2026-04-02 16:13:47] [SUCCESS] bvid=BV1xB97BfEV3 已成功抓取全部所需数据。
[2026-04-02 16:13:52] [SUCCESS] bvid=BV1yC97BsEwB 已成功抓取全部所需数据。
[2026-04-02 16:13:58] [SUCCESS] bvid=BV1Dt97BvEqx 已成功抓取全部所需数据。
[2026-04-02 16:14:03] [SUCCESS] bvid=BV1D897BPESj 已成功抓取全部所需数据。
[2026-04-02 16:14:09] [SUCCESS] bvid=BV18897BNEAV 已成功抓取全部所需数据。
[2026-04-02 16:14:14] [SUCCESS] bvid=BV13s97BBEDq 已成功抓取全部所需数据。
[2026-04-02 16:14:19] [SUCCESS] bvid=BV1Xs97BqEAN 已成功抓取全部所需数据。
[2026-04-02 16:14:25] [SUCCESS] bvid=BV1Q497BKE9x 已成功抓取全部所需数据。
[2026-04-02 16:14:30] [SUCCESS] bvid=BV1Me97BaEDF 已成功抓取全部所需数据。
[2026-04-02 16:14:35] [SUCCESS] bvid=BV1Ue97BhEHu 已成功抓取全部所需数据。
[2026-04-02 16:14:41] [SUCCESS] bvid=BV1Qj9VB4EMX 已成功抓取全部所需数据。
[2026-04-02 16:14:46] [SUCCESS] bvid=BV1mi97BFEwk 已成功抓取全部所需数据。
[2026-04-02 16:14:52] [SUCCESS] bvid=BV1Me97BaEz5 已成功抓取全部所需数据。
[2026-04-02 16:14:57] [SUCCESS] bvid=BV1Ti97BcEeP 已成功抓取全部所需数据。
[2026-04-02 16:15:03] [SUCCESS] bvid=BV1FT9LBGEVy 已成功抓取全部所需数据。
[2026-04-02 16:15:08] [SUCCESS] bvid=BV1Sh97BYE3m 已成功抓取全部所需数据。
[2026-04-02 16:15:13] [SUCCESS] bvid=BV1UY97BwESU 已成功抓取全部所需数据。
[2026-04-02 16:15:18] [SUCCESS] bvid=BV1MU95BsEPX 已成功抓取全部所需数据。
[2026-04-02 16:15:24] [SUCCESS] bvid=BV1tS95B9Eij 已成功抓取全部所需数据。
[2026-04-02 16:15:29] [SUCCESS] bvid=BV14S95B9EVJ 已成功抓取全部所需数据。
[2026-04-02 16:15:34] [SUCCESS] bvid=BV1MU95BsEUW 已成功抓取全部所需数据。
[2026-04-02 16:15:40] [SUCCESS] bvid=BV14U95BsEah 已成功抓取全部所需数据。
[2026-04-02 16:15:45] [SUCCESS] bvid=BV1uU95BsEjn 已成功抓取全部所需数据。
[2026-04-02 16:15:51] [SUCCESS] bvid=BV1MS95B9EKQ 已成功抓取全部所需数据。
[2026-04-02 16:15:57] [SUCCESS] bvid=BV1tS95B9Et5 已成功抓取全部所需数据。
[2026-04-02 16:16:02] [SUCCESS] bvid=BV1Ds9LBfEfX 已成功抓取全部所需数据。
[2026-04-02 16:16:08] [SUCCESS] bvid=BV1g195B4ETr 已成功抓取全部所需数据。
[2026-04-02 16:16:14] [SUCCESS] bvid=BV1g195B4EYn 已成功抓取全部所需数据。
[2026-04-02 16:16:19] [SUCCESS] bvid=BV1tS95B9En8 已成功抓取全部所需数据。
[2026-04-02 16:16:25] [SUCCESS] bvid=BV1b195B4EX3 已成功抓取全部所需数据。
[2026-04-02 16:16:30] [SUCCESS] bvid=BV1g195B4Erp 已成功抓取全部所需数据。
[2026-04-02 16:16:36] [SUCCESS] bvid=BV1u295BdEde 已成功抓取全部所需数据。
[2026-04-02 16:16:42] [SUCCESS] bvid=BV1M295BdEJP 已成功抓取全部所需数据。
[2026-04-02 16:16:47] [SUCCESS] bvid=BV1u295BdEaK 已成功抓取全部所需数据。
[2026-04-02 16:16:53] [SUCCESS] bvid=BV1NR95BnE3o 已成功抓取全部所需数据。
[2026-04-02 16:16:58] [SUCCESS] bvid=BV1Nd95BSEuq 已成功抓取全部所需数据。
[2026-04-02 16:17:03] [SUCCESS] bvid=BV1KQ95BpE6Z 已成功抓取全部所需数据。
[2026-04-02 16:17:09] [SUCCESS] bvid=BV1tQ95BpEEd 已成功抓取全部所需数据。
[2026-04-02 16:17:14] [SUCCESS] bvid=BV1xX95BQEx8 已成功抓取全部所需数据。
[2026-04-02 16:17:20] [SUCCESS] bvid=BV1ei95BYE9B 已成功抓取全部所需数据。
[2026-04-02 16:17:25] [SUCCESS] bvid=BV1KX95BQEzJ 已成功抓取全部所需数据。
[2026-04-02 16:17:31] [SUCCESS] bvid=BV15i95BYEv5 已成功抓取全部所需数据。
[2026-04-02 16:17:36] [SUCCESS] bvid=BV1Vi95BYEvT 已成功抓取全部所需数据。
[2026-04-02 16:17:42] [SUCCESS] bvid=BV15Y95BvE3X 已成功抓取全部所需数据。
[2026-04-02 16:17:47] [SUCCESS] bvid=BV1D79VBdEZS 已成功抓取全部所需数据。
[2026-04-02 16:17:52] [SUCCESS] bvid=BV1LY95BvEfc 已成功抓取全部所需数据。
[2026-04-02 16:17:58] [SUCCESS] bvid=BV1wiXzB2E3F 已成功抓取全部所需数据。
[2026-04-02 16:18:03] [SUCCESS] bvid=BV1ZqXWBfE6e 已成功抓取全部所需数据。
[2026-04-02 16:18:09] [SUCCESS] bvid=BV1Gk95BbETK 已成功抓取全部所需数据。
[2026-04-02 16:18:14] [SUCCESS] bvid=BV1Vz95BhEYn 已成功抓取全部所需数据。
[2026-04-02 16:18:19] [SUCCESS] bvid=BV1Gr95BFEjd 已成功抓取全部所需数据。
[2026-04-02 16:18:25] [SUCCESS] bvid=BV1Gr95BFEeK 已成功抓取全部所需数据。
[2026-04-02 16:18:46] [SUCCESS] bvid=BV1fg9LBuEuv 已成功抓取全部所需数据。
[2026-04-02 16:18:52] [SUCCESS] bvid=BV1Zg9LBuE5s 已成功抓取全部所需数据。
[2026-04-02 16:18:57] [SUCCESS] bvid=BV1QJ9LBAErs 已成功抓取全部所需数据。
[2026-04-02 16:19:02] [SUCCESS] bvid=BV19J9LBAERg 已成功抓取全部所需数据。
[2026-04-02 16:19:09] [SUCCESS] bvid=BV1Gn9LBYEE8 已成功抓取全部所需数据。
[2026-04-02 16:19:14] [SUCCESS] bvid=BV15j9LBKENB 已成功抓取全部所需数据。
[2026-04-02 16:19:19] [SUCCESS] bvid=BV1R79LBeEKB 已成功抓取全部所需数据。
[2026-04-02 16:19:25] [SUCCESS] bvid=BV1dj9LBNEJy 已成功抓取全部所需数据。
[2026-04-02 16:19:31] [SUCCESS] bvid=BV1V79LBvER7 已成功抓取全部所需数据。
[2026-04-02 16:19:36] [SUCCESS] bvid=BV1cc9LBjEyz 已成功抓取全部所需数据。
[2026-04-02 16:19:41] [SUCCESS] bvid=BV1Ac9LBjEun 已成功抓取全部所需数据。
[2026-04-02 16:19:53] [SUCCESS] bvid=BV1PZ95BEEFi 已成功抓取全部所需数据。
[2026-04-02 16:19:58] [SUCCESS] bvid=BV19V9VBbEiK 已成功抓取全部所需数据。
[2026-04-02 16:20:03] [SUCCESS] bvid=BV1ww9LB1EJm 已成功抓取全部所需数据。
[2026-04-02 16:20:03] [WARN] 当前子任务已结束，但仍有未成功抓取的视频，已导出 remaining CSV 供继续执行。
[2026-04-02 16:20:03] [INFO] 已导出剔除成功条目后的剩余 CSV：D:\Schoolworks\Thesis\Bilibili-Datahub\outputs\video_data\manual_crawls\manual_crawl_stat_comment_20260402_150939\remaining_bvids_part_5.csv
[2026-04-02 16:20:03] 子任务结束时间：2026-04-02T16:20:03.946454
[TIMESTAMP][END] 2026-04-02T16:20:03
