[TIMESTAMP][BEGIN] 2026-04-02T15:29:27
[2026-04-02 15:29:30] 开始执行 CSV 批量抓取子任务 part_3。
[2026-04-02 15:29:30] 子任务开始时间：2026-04-02T15:29:27.822803
[2026-04-02 15:29:30] 输入文件：batch_input_3.csv
[2026-04-02 15:29:30] 输入唯一 bvid 数量：100
[2026-04-02 15:29:30] 为严格按 CSV 顺序判断连续失败阈值，本次任务自动将并发度从 2 调整为 1。
[2026-04-02 15:29:35] [SUCCESS] bvid=BV17q9EBEEah 已成功抓取全部所需数据。
[2026-04-02 15:29:41] [SUCCESS] bvid=BV1za9EBQEYY 已成功抓取全部所需数据。
[2026-04-02 15:29:46] [SUCCESS] bvid=BV1Je9EBnE3i 已成功抓取全部所需数据。
[2026-04-02 15:29:52] [SUCCESS] bvid=BV1t79EBwEK5 已成功抓取全部所需数据。
[2026-04-02 15:29:57] [SUCCESS] bvid=BV1TE9EBaETW 已成功抓取全部所需数据。
[2026-04-02 15:30:02] [SUCCESS] bvid=BV1UL9EBYEAT 已成功抓取全部所需数据。
[2026-04-02 15:30:07] [SUCCESS] bvid=BV1tL9EBYEXj 已成功抓取全部所需数据。
[2026-04-02 15:30:13] [SUCCESS] bvid=BV1h29jBeELH 已成功抓取全部所需数据。
[2026-04-02 15:30:19] [SUCCESS] bvid=BV1w8XWBvELz 已成功抓取全部所需数据。
[2026-04-02 15:30:24] [SUCCESS] bvid=BV1mL9EBYEWW 已成功抓取全部所需数据。
[2026-04-02 15:30:29] [SUCCESS] bvid=BV1mL9EBYEXs 已成功抓取全部所需数据。
[2026-04-02 15:30:34] [SUCCESS] bvid=BV1sp9EBZErR 已成功抓取全部所需数据。
[2026-04-02 15:30:39] [SUCCESS] bvid=BV1yp9EBZEwm 已成功抓取全部所需数据。
[2026-04-02 15:30:44] [SUCCESS] bvid=BV11n9EBFE9n 已成功抓取全部所需数据。
[2026-04-02 15:30:50] [SUCCESS] bvid=BV1yH9EBbEZw 已成功抓取全部所需数据。
[2026-04-02 15:30:55] [SUCCESS] bvid=BV1Nn9EBcEsK 已成功抓取全部所需数据。
[2026-04-02 15:31:01] [SUCCESS] bvid=BV1899EBqEnL 已成功抓取全部所需数据。
[2026-04-02 15:31:06] [SUCCESS] bvid=BV1u99EBqEQZ 已成功抓取全部所需数据。
[2026-04-02 15:31:12] [SUCCESS] bvid=BV1b99EBqE91 已成功抓取全部所需数据。
[2026-04-02 15:31:17] [SUCCESS] bvid=BV1hX9EBMEc4 已成功抓取全部所需数据。
[2026-04-02 15:31:22] [SUCCESS] bvid=BV1gX9EBMEeU 已成功抓取全部所需数据。
[2026-04-02 15:31:28] [SUCCESS] bvid=BV1KF9JBYEPS 已成功抓取全部所需数据。
[2026-04-02 15:31:33] [SUCCESS] bvid=BV1Kw9JBwEna 已成功抓取全部所需数据。
[2026-04-02 15:31:38] [SUCCESS] bvid=BV1TF9JBYEF8 已成功抓取全部所需数据。
[2026-04-02 15:31:44] [SUCCESS] bvid=BV12F9JBYEZ5 已成功抓取全部所需数据。
[2026-04-02 15:31:49] [SUCCESS] bvid=BV1bo9EBvEcu 已成功抓取全部所需数据。
[2026-04-02 15:31:54] [SUCCESS] bvid=BV1Kw9JBAECn 已成功抓取全部所需数据。
[2026-04-02 15:32:00] [SUCCESS] bvid=BV1Kw9JBwEqs 已成功抓取全部所需数据。
[2026-04-02 15:32:05] [SUCCESS] bvid=BV12w9JBwEyW 已成功抓取全部所需数据。
[2026-04-02 15:32:10] [SUCCESS] bvid=BV14w9JBwENz 已成功抓取全部所需数据。
[2026-04-02 15:32:15] [SUCCESS] bvid=BV1mo9EBYEDr 已成功抓取全部所需数据。
[2026-04-02 15:32:21] [SUCCESS] bvid=BV1to9EBvEVH 已成功抓取全部所需数据。
[2026-04-02 15:32:26] [SUCCESS] bvid=BV1Mo9EBvEhy 已成功抓取全部所需数据。
[2026-04-02 15:32:31] [SUCCESS] bvid=BV1Tf9EBPEUe 已成功抓取全部所需数据。
[2026-04-02 15:32:36] [SUCCESS] bvid=BV1tf9EBPEpP 已成功抓取全部所需数据。
[2026-04-02 15:32:41] [SUCCESS] bvid=BV1dr9EB1EHS 已成功抓取全部所需数据。
[2026-04-02 15:32:46] [SUCCESS] bvid=BV1ZG97B1E4V 已成功抓取全部所需数据。
[2026-04-02 15:32:52] [SUCCESS] bvid=BV1iB9EBmEny 已成功抓取全部所需数据。
[2026-04-02 15:32:57] [SUCCESS] bvid=BV1Zj9JBDEKn 已成功抓取全部所需数据。
[2026-04-02 15:33:02] [SUCCESS] bvid=BV1i69EBjERA 已成功抓取全部所需数据。
[2026-04-02 15:33:08] [SUCCESS] bvid=BV1Xm9EBrEtF 已成功抓取全部所需数据。
[2026-04-02 15:33:13] [SUCCESS] bvid=BV1Gm9EBrEdB 已成功抓取全部所需数据。
[2026-04-02 15:33:25] [SUCCESS] bvid=BV1QS9EBgEe8 已成功抓取全部所需数据。
[2026-04-02 15:33:30] [SUCCESS] bvid=BV1D3X5BdEYy 已成功抓取全部所需数据。
[2026-04-02 15:33:35] [SUCCESS] bvid=BV15y9EBCE6M 已成功抓取全部所需数据。
[2026-04-02 15:33:41] [SUCCESS] bvid=BV1j597BLERH 已成功抓取全部所需数据。
[2026-04-02 15:33:46] [SUCCESS] bvid=BV1BE9JBnEmh 已成功抓取全部所需数据。
[2026-04-02 15:33:51] [SUCCESS] bvid=BV1FL9JBpEFN 已成功抓取全部所需数据。
[2026-04-02 15:33:58] [SUCCESS] bvid=BV1NR95BnEUo 已成功抓取全部所需数据。
[2026-04-02 15:34:03] [SUCCESS] bvid=BV1ZL9JBHEYn 已成功抓取全部所需数据。
[2026-04-02 15:34:08] [SUCCESS] bvid=BV1oj9JBDEmc 已成功抓取全部所需数据。
[2026-04-02 15:34:13] [SUCCESS] bvid=BV1Zj9JBDEsz 已成功抓取全部所需数据。
[2026-04-02 15:34:19] [SUCCESS] bvid=BV1fj9JBDExo 已成功抓取全部所需数据。
[2026-04-02 15:34:24] [SUCCESS] bvid=BV19s9JBLEns 已成功抓取全部所需数据。
[2026-04-02 15:34:29] [SUCCESS] bvid=BV1Rs9JBLEWY 已成功抓取全部所需数据。
[2026-04-02 15:34:35] [SUCCESS] bvid=BV15s9JBjEZK 已成功抓取全部所需数据。
[2026-04-02 15:34:40] [SUCCESS] bvid=BV15s9JBjE2t 已成功抓取全部所需数据。
[2026-04-02 15:34:46] [SUCCESS] bvid=BV1vs9JBjE2r 已成功抓取全部所需数据。
[2026-04-02 15:34:51] [SUCCESS] bvid=BV1Rs9JBLENK 已成功抓取全部所需数据。
[2026-04-02 15:34:56] [SUCCESS] bvid=BV15x9JB1EwF 已成功抓取全部所需数据。
[2026-04-02 15:35:02] [SUCCESS] bvid=BV1Xx9JByEqf 已成功抓取全部所需数据。
[2026-04-02 15:35:08] [SUCCESS] bvid=BV1LH9JBEEeV 已成功抓取全部所需数据。
[2026-04-02 15:35:13] [SUCCESS] bvid=BV1dH9JB7EKi 已成功抓取全部所需数据。
[2026-04-02 15:35:19] [SUCCESS] bvid=BV1Cr97BdE1c 已成功抓取全部所需数据。
[2026-04-02 15:35:24] [SUCCESS] bvid=BV1HN97BHETL 已成功抓取全部所需数据。
[2026-04-02 15:35:29] [SUCCESS] bvid=BV1yiXrBsEbB 已成功抓取全部所需数据。
[2026-04-02 15:35:35] [SUCCESS] bvid=BV1dp9JBmEir 已成功抓取全部所需数据。
[2026-04-02 15:35:40] [SUCCESS] bvid=BV1PN9JBFEFU 已成功抓取全部所需数据。
[2026-04-02 15:35:45] [SUCCESS] bvid=BV1AK9JBbErv 已成功抓取全部所需数据。
[2026-04-02 15:35:51] [SUCCESS] bvid=BV1PK9JBbEuT 已成功抓取全部所需数据。
[2026-04-02 15:35:56] [SUCCESS] bvid=BV1pT9JBZErd 已成功抓取全部所需数据。
[2026-04-02 15:36:01] [SUCCESS] bvid=BV1HT9JBZEdK 已成功抓取全部所需数据。
[2026-04-02 15:36:07] [SUCCESS] bvid=BV1pT9JBZEdc 已成功抓取全部所需数据。
[2026-04-02 15:36:12] [SUCCESS] bvid=BV1AA9JBhEmq 已成功抓取全部所需数据。
[2026-04-02 15:36:17] [SUCCESS] bvid=BV1sA9JBhETq 已成功抓取全部所需数据。
[2026-04-02 15:36:22] [SUCCESS] bvid=BV1NA9JBhEHH 已成功抓取全部所需数据。
[2026-04-02 15:36:28] [SUCCESS] bvid=BV1PN9JBFEDB 已成功抓取全部所需数据。
[2026-04-02 15:36:33] [SUCCESS] bvid=BV1NN9JBFE72 已成功抓取全部所需数据。
[2026-04-02 15:36:39] [SUCCESS] bvid=BV1cG9JBsELG 已成功抓取全部所需数据。
[2026-04-02 15:36:44] [SUCCESS] bvid=BV1PN9JBFEUw 已成功抓取全部所需数据。
[2026-04-02 15:36:50] [SUCCESS] bvid=BV1FG9JBsENm 已成功抓取全部所需数据。
[2026-04-02 15:36:55] [SUCCESS] bvid=BV19H97BzE7A 已成功抓取全部所需数据。
[2026-04-02 15:37:00] [SUCCESS] bvid=BV1nG9JBsEj9 已成功抓取全部所需数据。
[2026-04-02 15:37:05] [SUCCESS] bvid=BV1FV9JBRE1U 已成功抓取全部所需数据。
[2026-04-02 15:37:10] [SUCCESS] bvid=BV1ku9JB4E4p 已成功抓取全部所需数据。
[2026-04-02 15:37:16] [SUCCESS] bvid=BV15n97B3E4a 已成功抓取全部所需数据。
[2026-04-02 15:37:21] [SUCCESS] bvid=BV1ng9JBdEyV 已成功抓取全部所需数据。
[2026-04-02 15:37:26] [SUCCESS] bvid=BV1n49jB7Ep5 已成功抓取全部所需数据。
[2026-04-02 15:37:31] [SUCCESS] bvid=BV1cg9JBdEJ3 已成功抓取全部所需数据。
[2026-04-02 15:37:36] [SUCCESS] bvid=BV1n49jB7Emu 已成功抓取全部所需数据。
[2026-04-02 15:37:42] [SUCCESS] bvid=BV1Et9jB2EJ5 已成功抓取全部所需数据。
[2026-04-02 15:37:47] [SUCCESS] bvid=BV1649jB7EbQ 已成功抓取全部所需数据。
[2026-04-02 15:37:52] [SUCCESS] bvid=BV1F49jBEEPB 已成功抓取全部所需数据。
[2026-04-02 15:37:57] [SUCCESS] bvid=BV1kW9jBJE9o 已成功抓取全部所需数据。
[2026-04-02 15:38:02] [SUCCESS] bvid=BV1otXQBzEaK 已成功抓取全部所需数据。
[2026-04-02 15:38:08] [SUCCESS] bvid=BV1ws9jBSE5r 已成功抓取全部所需数据。
[2026-04-02 15:38:13] [SUCCESS] bvid=BV1Gk9jBTEJz 已成功抓取全部所需数据。
[2026-04-02 15:38:19] [SUCCESS] bvid=BV1wW9jBnEAU 已成功抓取全部所需数据。
[2026-04-02 15:38:24] [SUCCESS] bvid=BV1CW9jBJENV 已成功抓取全部所需数据。
[2026-04-02 15:38:29] [SUCCESS] bvid=BV1pW9jBJEvh 已成功抓取全部所需数据。
[2026-04-02 15:38:29] [INFO] 当前 batch_crawl 已完成，所有视频均已成功抓取。
[2026-04-02 15:38:29] 子任务结束时间：2026-04-02T15:38:29.837136
[TIMESTAMP][END] 2026-04-02T15:38:29
