[TIMESTAMP][BEGIN] 2026-04-02T16:59:06
[2026-04-02 16:59:08] 开始执行 CSV 批量抓取子任务 part_9。
[2026-04-02 16:59:08] 子任务开始时间：2026-04-02T16:59:06.504001
[2026-04-02 16:59:08] 输入文件：batch_input_9.csv
[2026-04-02 16:59:08] 输入唯一 bvid 数量：100
[2026-04-02 16:59:08] 为严格按 CSV 顺序判断连续失败阈值，本次任务自动将并发度从 2 调整为 1。
[2026-04-02 16:59:14] [SUCCESS] bvid=BV1R7XCB5EJW 已成功抓取全部所需数据。
[2026-04-02 16:59:19] [SUCCESS] bvid=BV1Q4XCBMEM4 已成功抓取全部所需数据。
[2026-04-02 16:59:25] [SUCCESS] bvid=BV1S4XCBMEV7 已成功抓取全部所需数据。
[2026-04-02 16:59:30] [SUCCESS] bvid=BV15rXdB7EwS 已成功抓取全部所需数据。
[2026-04-02 16:59:35] [SUCCESS] bvid=BV1mvQUB5E9r 已成功抓取全部所需数据。
[2026-04-02 16:59:41] [SUCCESS] bvid=BV1gtXCBBEmS 已成功抓取全部所需数据。
[2026-04-02 16:59:46] [SUCCESS] bvid=BV13WXCB3EvY 已成功抓取全部所需数据。
[2026-04-02 16:59:52] [SUCCESS] bvid=BV1aWXCB3E7p 已成功抓取全部所需数据。
[2026-04-02 16:59:57] [SUCCESS] bvid=BV1B9XCBSEcL 已成功抓取全部所需数据。
[2026-04-02 17:00:03] [SUCCESS] bvid=BV1DsXCBzE27 已成功抓取全部所需数据。
[2026-04-02 17:00:08] [SUCCESS] bvid=BV1ioXCBmEsw 已成功抓取全部所需数据。
[2026-04-02 17:00:14] [SUCCESS] bvid=BV1eoXCBmEQr 已成功抓取全部所需数据。
[2026-04-02 17:00:19] [SUCCESS] bvid=BV1voXCBmEoL 已成功抓取全部所需数据。
[2026-04-02 17:00:25] [SUCCESS] bvid=BV1B9XCBSEVG 已成功抓取全部所需数据。
[2026-04-02 17:00:30] [SUCCESS] bvid=BV1eAXyBCEKK 已成功抓取全部所需数据。
[2026-04-02 17:00:36] [SUCCESS] bvid=BV1VAXyByEac 已成功抓取全部所需数据。
[2026-04-02 17:00:42] [SUCCESS] bvid=BV1ddXCBEEf7 已成功抓取全部所需数据。
[2026-04-02 17:00:48] [SUCCESS] bvid=BV1M8XrBbEhy 已成功抓取全部所需数据。
[2026-04-02 17:00:54] [SUCCESS] bvid=BV1aAXyBCEQn 已成功抓取全部所需数据。
[2026-04-02 17:00:59] [SUCCESS] bvid=BV1aNXyBGEvB 已成功抓取全部所需数据。
[2026-04-02 17:01:06] [SUCCESS] bvid=BV1BDXCBQEUy 已成功抓取全部所需数据。
[2026-04-02 17:01:12] [SUCCESS] bvid=BV1CrXCBZEKf 已成功抓取全部所需数据。
[2026-04-02 17:01:18] [SUCCESS] bvid=BV1cyXCBoEMe 已成功抓取全部所需数据。
[2026-04-02 17:01:24] [SUCCESS] bvid=BV1kyXCBdE4z 已成功抓取全部所需数据。
[2026-04-02 17:01:30] [SUCCESS] bvid=BV1cyXCBoEK1 已成功抓取全部所需数据。
[2026-04-02 17:01:35] [SUCCESS] bvid=BV1ryXCBdEsp 已成功抓取全部所需数据。
[2026-04-02 17:01:41] [SUCCESS] bvid=BV1wyXCBoEo8 已成功抓取全部所需数据。
[2026-04-02 17:01:46] [SUCCESS] bvid=BV1CrXCBZEHt 已成功抓取全部所需数据。
[2026-04-02 17:01:52] [SUCCESS] bvid=BV13nXrBvE5Z 已成功抓取全部所需数据。
[2026-04-02 17:01:57] [SUCCESS] bvid=BV1CrXCBZEQK 已成功抓取全部所需数据。
[2026-04-02 17:02:03] [SUCCESS] bvid=BV1eaXBB8EK7 已成功抓取全部所需数据。
[2026-04-02 17:02:09] [SUCCESS] bvid=BV1rkXrBJEyA 已成功抓取全部所需数据。
[2026-04-02 17:02:14] [SUCCESS] bvid=BV1hoXzBwESP 已成功抓取全部所需数据。
[2026-04-02 17:02:20] [SUCCESS] bvid=BV1edXrB6ENo 已成功抓取全部所需数据。
[2026-04-02 17:02:25] [SUCCESS] bvid=BV1csXkBQEr3 已成功抓取全部所需数据。
[2026-04-02 17:02:31] [SUCCESS] bvid=BV1x5XkBtErk 已成功抓取全部所需数据。
[2026-04-02 17:02:36] [SUCCESS] bvid=BV1fDXCBQEN1 已成功抓取全部所需数据。
[2026-04-02 17:02:42] [SUCCESS] bvid=BV1BDXCBQEU9 已成功抓取全部所需数据。
[2026-04-02 17:02:47] [SUCCESS] bvid=BV1zXXCBnEG9 已成功抓取全部所需数据。
[2026-04-02 17:02:52] [SUCCESS] bvid=BV1BDXCBQEzW 已成功抓取全部所需数据。
[2026-04-02 17:02:58] [SUCCESS] bvid=BV1BXXCBnEkv 已成功抓取全部所需数据。
[2026-04-02 17:03:03] [SUCCESS] bvid=BV1ZDXCBQE2d 已成功抓取全部所需数据。
[2026-04-02 17:03:08] [SUCCESS] bvid=BV1fDXCBQEuB 已成功抓取全部所需数据。
[2026-04-02 17:03:14] [SUCCESS] bvid=BV1fXXCBnEY5 已成功抓取全部所需数据。
[2026-04-02 17:03:19] [SUCCESS] bvid=BV1qXXCBnEPK 已成功抓取全部所需数据。
[2026-04-02 17:03:24] [SUCCESS] bvid=BV1fXXCBnEGP 已成功抓取全部所需数据。
[2026-04-02 17:03:30] [SUCCESS] bvid=BV1BXXCBnEHN 已成功抓取全部所需数据。
[2026-04-02 17:03:35] [SUCCESS] bvid=BV16mXCB9Erz 已成功抓取全部所需数据。
[2026-04-02 17:03:40] [SUCCESS] bvid=BV1qXXCBnE66 已成功抓取全部所需数据。
[2026-04-02 17:03:45] [SUCCESS] bvid=BV16mXCB9Edz 已成功抓取全部所需数据。
[2026-04-02 17:03:50] [SUCCESS] bvid=BV1rmXCB9E5B 已成功抓取全部所需数据。
[2026-04-02 17:03:55] [SUCCESS] bvid=BV16mXCBREdy 已成功抓取全部所需数据。
[2026-04-02 17:04:01] [SUCCESS] bvid=BV1fmXCB9EkG 已成功抓取全部所需数据。
[2026-04-02 17:04:06] [SUCCESS] bvid=BV1fNXrByEXG 已成功抓取全部所需数据。
[2026-04-02 17:04:11] [SUCCESS] bvid=BV1FwXrBmErZ 已成功抓取全部所需数据。
[2026-04-02 17:04:17] [SUCCESS] bvid=BV1JNXrB1ETF 已成功抓取全部所需数据。
[2026-04-02 17:04:22] [SUCCESS] bvid=BV1FNXrB1EKk 已成功抓取全部所需数据。
[2026-04-02 17:04:27] [SUCCESS] bvid=BV1ZNXrB1E2L 已成功抓取全部所需数据。
[2026-04-02 17:04:32] [SUCCESS] bvid=BV1q3XrBrEih 已成功抓取全部所需数据。
[2026-04-02 17:04:38] [SUCCESS] bvid=BV1fTXrBVEMM 已成功抓取全部所需数据。
[2026-04-02 17:04:43] [SUCCESS] bvid=BV1cwXrBmEez 已成功抓取全部所需数据。
[2026-04-02 17:04:49] [SUCCESS] bvid=BV1dVXrBuEbk 已成功抓取全部所需数据。
[2026-04-02 17:04:54] [SUCCESS] bvid=BV1nPXrBjEJq 已成功抓取全部所需数据。
[2026-04-02 17:04:59] [SUCCESS] bvid=BV1fPXrBLEin 已成功抓取全部所需数据。
[2026-04-02 17:05:05] [SUCCESS] bvid=BV1FPXrBjEUB 已成功抓取全部所需数据。
[2026-04-02 17:05:10] [SUCCESS] bvid=BV1L3XrBrE1F 已成功抓取全部所需数据。
[2026-04-02 17:05:15] [SUCCESS] bvid=BV1o3XrB6Ez9 已成功抓取全部所需数据。
[2026-04-02 17:05:21] [SUCCESS] bvid=BV1YZXrBuESR 已成功抓取全部所需数据。
[2026-04-02 17:05:26] [SUCCESS] bvid=BV1dMXrBkEDR 已成功抓取全部所需数据。
[2026-04-02 17:05:31] [SUCCESS] bvid=BV1ZMXrBkEu5 已成功抓取全部所需数据。
[2026-04-02 17:05:37] [SUCCESS] bvid=BV1ZgXrB3EHz 已成功抓取全部所需数据。
[2026-04-02 17:05:42] [SUCCESS] bvid=BV1ZgXrB3Ecd 已成功抓取全部所需数据。
[2026-04-02 17:05:47] [SUCCESS] bvid=BV16vXqBBELD 已成功抓取全部所需数据。
[2026-04-02 17:05:52] [SUCCESS] bvid=BV16MXeB8ExQ 已成功抓取全部所需数据。
[2026-04-02 17:05:57] [SUCCESS] bvid=BV1nMXeBhEeC 已成功抓取全部所需数据。
[2026-04-02 17:06:02] [SUCCESS] bvid=BV16MXeB8ES1 已成功抓取全部所需数据。
[2026-04-02 17:06:07] [SUCCESS] bvid=BV1diXYBHEoM 已成功抓取全部所需数据。
[2026-04-02 17:06:12] [SUCCESS] bvid=BV16MXeB8Eif 已成功抓取全部所需数据。
[2026-04-02 17:06:18] [SUCCESS] bvid=BV16MXeB8EpD 已成功抓取全部所需数据。
[2026-04-02 17:06:23] [SUCCESS] bvid=BV16MXeB8ERY 已成功抓取全部所需数据。
[2026-04-02 17:06:28] [SUCCESS] bvid=BV1FMXeBhEoz 已成功抓取全部所需数据。
[2026-04-02 17:06:34] [SUCCESS] bvid=BV16MXeB8Ejv 已成功抓取全部所需数据。
[2026-04-02 17:06:39] [SUCCESS] bvid=BV1diXYBHELL 已成功抓取全部所需数据。
[2026-04-02 17:06:44] [SUCCESS] bvid=BV1JMXeB8EUT 已成功抓取全部所需数据。
[2026-04-02 17:06:49] [SUCCESS] bvid=BV16MXeB8E9V 已成功抓取全部所需数据。
[2026-04-02 17:06:54] [SUCCESS] bvid=BV1FMXeBhEqw 已成功抓取全部所需数据。
[2026-04-02 17:07:00] [SUCCESS] bvid=BV1JMXeB8EQt 已成功抓取全部所需数据。
[2026-04-02 17:07:05] [SUCCESS] bvid=BV1NXX6B9Eix 已成功抓取全部所需数据。
[2026-04-02 17:07:11] [SUCCESS] bvid=BV1nMXeB8E3x 已成功抓取全部所需数据。
[2026-04-02 17:07:16] [SUCCESS] bvid=BV16MXeB8ExL 已成功抓取全部所需数据。
[2026-04-02 17:07:22] [SUCCESS] bvid=BV1QSXvBnELZ 已成功抓取全部所需数据。
[2026-04-02 17:07:27] [SUCCESS] bvid=BV1qSXrByEMw 已成功抓取全部所需数据。
[2026-04-02 17:07:32] [SUCCESS] bvid=BV1fSXaBXEPF 已成功抓取全部所需数据。
[2026-04-02 17:07:37] [SUCCESS] bvid=BV1tvQUB5EuZ 已成功抓取全部所需数据。
[2026-04-02 17:07:43] [SUCCESS] bvid=BV1qQXrBVE4d 已成功抓取全部所需数据。
[2026-04-02 17:07:48] [SUCCESS] bvid=BV1NRX6BpE3e 已成功抓取全部所需数据。
[2026-04-02 17:07:53] [SUCCESS] bvid=BV1KSX6BdEmq 已成功抓取全部所需数据。
[2026-04-02 17:07:59] [SUCCESS] bvid=BV1KQX6BsEDX 已成功抓取全部所需数据。
[2026-04-02 17:08:05] [SUCCESS] bvid=BV1KQX6BsECT 已成功抓取全部所需数据。
[2026-04-02 17:08:10] [SUCCESS] bvid=BV1cfX6BSEq6 已成功抓取全部所需数据。
[2026-04-02 17:08:10] [INFO] 当前 batch_crawl 已完成，所有视频均已成功抓取。
[2026-04-02 17:08:10] 子任务结束时间：2026-04-02T17:08:10.815227
[TIMESTAMP][END] 2026-04-02T17:08:10
