[TIMESTAMP][BEGIN] 2026-04-02T18:17:32
[2026-04-02 18:17:34] 开始执行 CSV 批量抓取子任务 part_13。
[2026-04-02 18:17:34] 子任务开始时间：2026-04-02T18:17:32.049659
[2026-04-02 18:17:34] 输入文件：batch_input_13.csv
[2026-04-02 18:17:34] 输入唯一 bvid 数量：100
[2026-04-02 18:17:34] 为严格按 CSV 顺序判断连续失败阈值，本次任务自动将并发度从 2 调整为 1。
[2026-04-02 18:17:39] [SUCCESS] bvid=BV1cJX6B7E87 已成功抓取全部所需数据。
[2026-04-02 18:17:44] [SUCCESS] bvid=BV1nnX6B1Emb 已成功抓取全部所需数据。
[2026-04-02 18:17:49] [SUCCESS] bvid=BV1JnX6B1EdZ 已成功抓取全部所需数据。
[2026-04-02 18:17:55] [SUCCESS] bvid=BV1MNX6BoEDS 已成功抓取全部所需数据。
[2026-04-02 18:18:00] [SUCCESS] bvid=BV1WuXBBLEHk 已成功抓取全部所需数据。
[2026-04-02 18:18:06] [SUCCESS] bvid=BV1QcX6BbEP9 已成功抓取全部所需数据。
[2026-04-02 18:18:12] [SUCCESS] bvid=BV1TKXBBEETg 已成功抓取全部所需数据。
[2026-04-02 18:18:17] [SUCCESS] bvid=BV1xgX6BpESu 已成功抓取全部所需数据。
[2026-04-02 18:18:22] [SUCCESS] bvid=BV1MUX6B4EFi 已成功抓取全部所需数据。
[2026-04-02 18:18:27] [SUCCESS] bvid=BV1xgX6BpE6t 已成功抓取全部所需数据。
[2026-04-02 18:18:33] [SUCCESS] bvid=BV18wX6BZE2Y 已成功抓取全部所需数据。
[2026-04-02 18:18:38] [SUCCESS] bvid=BV14TX6BsEX3 已成功抓取全部所需数据。
[2026-04-02 18:18:44] [SUCCESS] bvid=BV1xgX6BpEzN 已成功抓取全部所需数据。
[2026-04-02 18:18:49] [SUCCESS] bvid=BV1tTX6BsEAK 已成功抓取全部所需数据。
[2026-04-02 18:18:54] [SUCCESS] bvid=BV14MX6B9EQX 已成功抓取全部所需数据。
[2026-04-02 18:18:59] [SUCCESS] bvid=BV1arX6BwETU 已成功抓取全部所需数据。
[2026-04-02 18:19:05] [SUCCESS] bvid=BV1ukX6BhEWW 已成功抓取全部所需数据。
[2026-04-02 18:19:10] [SUCCESS] bvid=BV13kX6BhELA 已成功抓取全部所需数据。
[2026-04-02 18:19:15] [SUCCESS] bvid=BV1gkX6BhEdw 已成功抓取全部所需数据。
[2026-04-02 18:19:20] [SUCCESS] bvid=BV1DkX6BhEpu 已成功抓取全部所需数据。
[2026-04-02 18:19:25] [SUCCESS] bvid=BV1XBX6BPEQc 已成功抓取全部所需数据。
[2026-04-02 18:19:31] [SUCCESS] bvid=BV1ukX6BhEvb 已成功抓取全部所需数据。
[2026-04-02 18:19:36] [SUCCESS] bvid=BV1GzX6BYEc6 已成功抓取全部所需数据。
[2026-04-02 18:19:41] [SUCCESS] bvid=BV1VBX6BPEKt 已成功抓取全部所需数据。
[2026-04-02 18:19:46] [SUCCESS] bvid=BV15cXYBjE5Z 已成功抓取全部所需数据。
[2026-04-02 18:19:51] [SUCCESS] bvid=BV14JXGBkE45 已成功抓取全部所需数据。
[2026-04-02 18:19:57] [SUCCESS] bvid=BV1K2X6BZEZL 已成功抓取全部所需数据。
[2026-04-02 18:20:02] [SUCCESS] bvid=BV1byX6BFE7M 已成功抓取全部所需数据。
[2026-04-02 18:20:07] [SUCCESS] bvid=BV1gyX6BFEcR 已成功抓取全部所需数据。
[2026-04-02 18:20:13] [SUCCESS] bvid=BV1MyX6BFE6k 已成功抓取全部所需数据。
[2026-04-02 18:20:18] [SUCCESS] bvid=BV18yX6BFEH8 已成功抓取全部所需数据。
[2026-04-02 18:20:24] [SUCCESS] bvid=BV1MyX6BFEWL 已成功抓取全部所需数据。
[2026-04-02 18:20:29] [SUCCESS] bvid=BV1u1X6BbEEv 已成功抓取全部所需数据。
[2026-04-02 18:20:34] [SUCCESS] bvid=BV1LbX6BgESn 已成功抓取全部所需数据。
[2026-04-02 18:20:40] [SUCCESS] bvid=BV1bZXqBXEPm 已成功抓取全部所需数据。
[2026-04-02 18:20:45] [SUCCESS] bvid=BV1tBXoBMEMp 已成功抓取全部所需数据。
[2026-04-02 18:20:50] [SUCCESS] bvid=BV1L8X6BzEv9 已成功抓取全部所需数据。
[2026-04-02 18:20:56] [SUCCESS] bvid=BV17bX6BgEsK 已成功抓取全部所需数据。
[2026-04-02 18:21:01] [SUCCESS] bvid=BV1CkXpBqEoA 已成功抓取全部所需数据。
[2026-04-02 18:21:07] [SUCCESS] bvid=BV1pkXpBqEkB 已成功抓取全部所需数据。
[2026-04-02 18:21:12] [SUCCESS] bvid=BV1WkXpBqEL6 已成功抓取全部所需数据。
[2026-04-02 18:21:17] [SUCCESS] bvid=BV14XXYB6EQC 已成功抓取全部所需数据。
[2026-04-02 18:21:22] [SUCCESS] bvid=BV1AkXpBBE6z 已成功抓取全部所需数据。
[2026-04-02 18:21:28] [SUCCESS] bvid=BV1CkXpBqECw 已成功抓取全部所需数据。
[2026-04-02 18:21:33] [SUCCESS] bvid=BV1pkXpBqEdA 已成功抓取全部所需数据。
[2026-04-02 18:21:38] [SUCCESS] bvid=BV1pkXpBqEdp 已成功抓取全部所需数据。
[2026-04-02 18:21:43] [SUCCESS] bvid=BV1WkXpBqEbo 已成功抓取全部所需数据。
[2026-04-02 18:21:48] [SUCCESS] bvid=BV1vCXvBsEeJ 已成功抓取全部所需数据。
[2026-04-02 18:21:53] [SUCCESS] bvid=BV1c2XeBeErv 已成功抓取全部所需数据。
[2026-04-02 18:21:58] [SUCCESS] bvid=BV1NmXiBrEN2 已成功抓取全部所需数据。
[2026-04-02 18:22:04] [SUCCESS] bvid=BV1zYXYBsE2h 已成功抓取全部所需数据。
[2026-04-02 18:22:09] [SUCCESS] bvid=BV1TiQUByEvP 已成功抓取全部所需数据。
[2026-04-02 18:22:15] [SUCCESS] bvid=BV1bFXBBHEFR 已成功抓取全部所需数据。
[2026-04-02 18:22:20] [SUCCESS] bvid=BV1z6XqBNEaT 已成功抓取全部所需数据。
[2026-04-02 18:22:29] [SUCCESS] bvid=BV1XNXvBnEDF 已成功抓取全部所需数据。
[2026-04-02 18:22:35] [SUCCESS] bvid=BV119Q1BeEYx 已成功抓取全部所需数据。
[2026-04-02 18:22:41] [SUCCESS] bvid=BV1J4XMBHEuo 已成功抓取全部所需数据。
[2026-04-02 18:22:47] [SUCCESS] bvid=BV1bmXhBKE5A 已成功抓取全部所需数据。
[2026-04-02 18:22:52] [SUCCESS] bvid=BV1yzXaBhE2t 已成功抓取全部所需数据。
[2026-04-02 18:22:57] [SUCCESS] bvid=BV1L8X6BzEMj 已成功抓取全部所需数据。
[2026-04-02 18:23:03] [SUCCESS] bvid=BV1ExX6BGELs 已成功抓取全部所需数据。
[2026-04-02 18:23:08] [SUCCESS] bvid=BV1Z4X6BrE9N 已成功抓取全部所需数据。
[2026-04-02 18:23:13] [SUCCESS] bvid=BV17xX6BGEui 已成功抓取全部所需数据。
[2026-04-02 18:23:19] [SUCCESS] bvid=BV1ViX6BvEBU 已成功抓取全部所需数据。
[2026-04-02 18:23:24] [SUCCESS] bvid=BV1qxX6BGE8d 已成功抓取全部所需数据。
[2026-04-02 18:23:29] [SUCCESS] bvid=BV174X6BrEA4 已成功抓取全部所需数据。
[2026-04-02 18:23:35] [SUCCESS] bvid=BV174X6BrEC1 已成功抓取全部所需数据。
[2026-04-02 18:23:41] [SUCCESS] bvid=BV15ZXaBEEuy 已成功抓取全部所需数据。
[2026-04-02 18:23:46] [SUCCESS] bvid=BV1j4X6BrEEz 已成功抓取全部所需数据。
[2026-04-02 18:23:51] [SUCCESS] bvid=BV174X6BrEia 已成功抓取全部所需数据。
[2026-04-02 18:23:57] [SUCCESS] bvid=BV1vvX6BKEFr 已成功抓取全部所需数据。
[2026-04-02 18:24:02] [SUCCESS] bvid=BV1GvX6BKEQB 已成功抓取全部所需数据。
[2026-04-02 18:24:08] [SUCCESS] bvid=BV1YiX6BvEkf 已成功抓取全部所需数据。
[2026-04-02 18:24:13] [SUCCESS] bvid=BV1jaX6BMEP6 已成功抓取全部所需数据。
[2026-04-02 18:24:18] [SUCCESS] bvid=BV1iaX6BMEiT 已成功抓取全部所需数据。
[2026-04-02 18:24:24] [SUCCESS] bvid=BV15YX6BqE6u 已成功抓取全部所需数据。
[2026-04-02 18:24:29] [SUCCESS] bvid=BV1VYX6BqEaD 已成功抓取全部所需数据。
[2026-04-02 18:24:34] [SUCCESS] bvid=BV1vYX6BqEs6 已成功抓取全部所需数据。
[2026-04-02 18:24:40] [SUCCESS] bvid=BV1VSXqBFEtT 已成功抓取全部所需数据。
[2026-04-02 18:24:45] [SUCCESS] bvid=BV1VbXiB9EpY 已成功抓取全部所需数据。
[2026-04-02 18:24:50] [SUCCESS] bvid=BV1mVXYBTEUA 已成功抓取全部所需数据。
[2026-04-02 18:24:56] [SUCCESS] bvid=BV1gYXeBVEFe 已成功抓取全部所需数据。
[2026-04-02 18:25:01] [SUCCESS] bvid=BV1TzXeBuE7g 已成功抓取全部所需数据。
[2026-04-02 18:25:07] [SUCCESS] bvid=BV1RAXqB8EdZ 已成功抓取全部所需数据。
[2026-04-02 18:25:12] [SUCCESS] bvid=BV1YDXqBtEw1 已成功抓取全部所需数据。
[2026-04-02 18:25:18] [SUCCESS] bvid=BV1aDXqBtECB 已成功抓取全部所需数据。
[2026-04-02 18:25:23] [SUCCESS] bvid=BV1eWXeBJE2u 已成功抓取全部所需数据。
[2026-04-02 18:25:29] [SUCCESS] bvid=BV1aDXqBtE2S 已成功抓取全部所需数据。
[2026-04-02 18:25:34] [SUCCESS] bvid=BV1hRXqBREr9 已成功抓取全部所需数据。
[2026-04-02 18:25:40] [SUCCESS] bvid=BV1suXBBLEee 已成功抓取全部所需数据。
[2026-04-02 18:25:45] [SUCCESS] bvid=BV1uoXqBsE1Z 已成功抓取全部所需数据。
[2026-04-02 18:25:51] [SUCCESS] bvid=BV1QQXqBoEvM 已成功抓取全部所需数据。
[2026-04-02 18:25:56] [SUCCESS] bvid=BV1YQXqBoEe1 已成功抓取全部所需数据。
[2026-04-02 18:26:02] [SUCCESS] bvid=BV1YQXqBoEVb 已成功抓取全部所需数据。
[2026-04-02 18:26:07] [SUCCESS] bvid=BV1S3XYBBEKE 已成功抓取全部所需数据。
[2026-04-02 18:26:13] [SUCCESS] bvid=BV1nLXBB3Ew6 已成功抓取全部所需数据。
[2026-04-02 18:26:19] [SUCCESS] bvid=BV1cpQmBeEzG 已成功抓取全部所需数据。
[2026-04-02 18:26:24] [SUCCESS] bvid=BV1eJXpBpEvj 已成功抓取全部所需数据。
[2026-04-02 18:26:30] [SUCCESS] bvid=BV1eJXpBpEtA 已成功抓取全部所需数据。
[2026-04-02 18:26:36] [SUCCESS] bvid=BV1gMXYBrEbx 已成功抓取全部所需数据。
[2026-04-02 18:26:36] [INFO] 当前 batch_crawl 已完成，所有视频均已成功抓取。
[2026-04-02 18:26:36] 子任务结束时间：2026-04-02T18:26:36.331039
[TIMESTAMP][END] 2026-04-02T18:26:36
