[TIMESTAMP][BEGIN] 2026-04-02T18:36:49
[2026-04-02 18:36:52] 开始执行 CSV 批量抓取子任务 part_15。
[2026-04-02 18:36:52] 子任务开始时间：2026-04-02T18:36:49.768668
[2026-04-02 18:36:52] 输入文件：batch_input_15.csv
[2026-04-02 18:36:52] 输入唯一 bvid 数量：100
[2026-04-02 18:36:52] 为严格按 CSV 顺序判断连续失败阈值，本次任务自动将并发度从 2 调整为 1。
[2026-04-02 18:36:57] [SUCCESS] bvid=BV13hXiBpEuo 已成功抓取全部所需数据。
[2026-04-02 18:37:02] [SUCCESS] bvid=BV13hXiBpEGX 已成功抓取全部所需数据。
[2026-04-02 18:37:07] [SUCCESS] bvid=BV1VxXiBdE5p 已成功抓取全部所需数据。
[2026-04-02 18:37:12] [SUCCESS] bvid=BV1RTXqBoEga 已成功抓取全部所需数据。
[2026-04-02 18:37:18] [SUCCESS] bvid=BV1QgXqBREZr 已成功抓取全部所需数据。
[2026-04-02 18:37:23] [SUCCESS] bvid=BV177XeBWEtV 已成功抓取全部所需数据。
[2026-04-02 18:37:28] [SUCCESS] bvid=BV1L7XeBWEpg 已成功抓取全部所需数据。
[2026-04-02 18:37:34] [SUCCESS] bvid=BV134XeB7Eat 已成功抓取全部所需数据。
[2026-04-02 18:37:39] [SUCCESS] bvid=BV1f9XeBZE9s 已成功抓取全部所需数据。
[2026-04-02 18:37:44] [SUCCESS] bvid=BV19wXvBpECq 已成功抓取全部所需数据。
[2026-04-02 18:37:50] [SUCCESS] bvid=BV1W2XeBeE7d 已成功抓取全部所需数据。
[2026-04-02 18:37:55] [SUCCESS] bvid=BV1A2XeBeE6S 已成功抓取全部所需数据。
[2026-04-02 18:38:01] [SUCCESS] bvid=BV1NkXeBTE6s 已成功抓取全部所需数据。
[2026-04-02 18:38:07] [SUCCESS] bvid=BV1sCXeBiETb 已成功抓取全部所需数据。
[2026-04-02 18:38:12] [SUCCESS] bvid=BV1ACXeBiEMr 已成功抓取全部所需数据。
[2026-04-02 18:38:18] [SUCCESS] bvid=BV1nXXeB8Etv 已成功抓取全部所需数据。
[2026-04-02 18:38:23] [SUCCESS] bvid=BV1fXXeBbEu7 已成功抓取全部所需数据。
[2026-04-02 18:38:28] [SUCCESS] bvid=BV1NWXvBuEhe 已成功抓取全部所需数据。
[2026-04-02 18:38:34] [SUCCESS] bvid=BV11nXvBgEsZ 已成功抓取全部所需数据。
[2026-04-02 18:38:39] [SUCCESS] bvid=BV1C5XhBZEop 已成功抓取全部所需数据。
[2026-04-02 18:38:44] [SUCCESS] bvid=BV1xpQ6BnESo 已成功抓取全部所需数据。
[2026-04-02 18:38:50] [SUCCESS] bvid=BV1XcXYBLE18 已成功抓取全部所需数据。
[2026-04-02 18:38:55] [SUCCESS] bvid=BV1KEXvBkEEh 已成功抓取全部所需数据。
[2026-04-02 18:39:00] [SUCCESS] bvid=BV11nXvBgEMa 已成功抓取全部所需数据。
[2026-04-02 18:39:05] [SUCCESS] bvid=BV12nXvBgEV5 已成功抓取全部所需数据。
[2026-04-02 18:39:11] [SUCCESS] bvid=BV1CtXvBvExb 已成功抓取全部所需数据。
[2026-04-02 18:39:16] [SUCCESS] bvid=BV1ctXvBiEdW 已成功抓取全部所需数据。
[2026-04-02 18:39:21] [SUCCESS] bvid=BV1ktXvBvEco 已成功抓取全部所需数据。
[2026-04-02 18:39:27] [SUCCESS] bvid=BV1w4XvBTEzu 已成功抓取全部所需数据。
[2026-04-02 18:39:33] [SUCCESS] bvid=BV1A4XvBTELG 已成功抓取全部所需数据。
[2026-04-02 18:39:38] [SUCCESS] bvid=BV1guXvBUEeP 已成功抓取全部所需数据。
[2026-04-02 18:39:43] [SUCCESS] bvid=BV1XMXvBEEqF 已成功抓取全部所需数据。
[2026-04-02 18:39:49] [SUCCESS] bvid=BV1VKXvBDE74 已成功抓取全部所需数据。
[2026-04-02 18:39:54] [SUCCESS] bvid=BV1GMXvBJE4J 已成功抓取全部所需数据。
[2026-04-02 18:40:00] [SUCCESS] bvid=BV16pXhBpE5D 已成功抓取全部所需数据。
[2026-04-02 18:40:05] [SUCCESS] bvid=BV1bLXvByE8Y 已成功抓取全部所需数据。
[2026-04-02 18:40:11] [SUCCESS] bvid=BV1ULXvBCEhR 已成功抓取全部所需数据。
[2026-04-02 18:40:17] [SUCCESS] bvid=BV1gGXvB2EdW 已成功抓取全部所需数据。
[2026-04-02 18:40:22] [SUCCESS] bvid=BV1vqXYBDEve 已成功抓取全部所需数据。
[2026-04-02 18:40:29] [SUCCESS] bvid=BV1a2XvBpEfE 已成功抓取全部所需数据。
[2026-04-02 18:40:41] [SUCCESS] bvid=BV1R2XvBpEJS 已成功抓取全部所需数据。
[2026-04-02 18:40:46] [SUCCESS] bvid=BV1QmXvBQE2v 已成功抓取全部所需数据。
[2026-04-02 18:40:51] [SUCCESS] bvid=BV1XSXWBQEjy 已成功抓取全部所需数据。
[2026-04-02 18:40:57] [SUCCESS] bvid=BV1eCXvBsEp1 已成功抓取全部所需数据。
[2026-04-02 18:41:02] [SUCCESS] bvid=BV1eCXvBsErx 已成功抓取全部所需数据。
[2026-04-02 18:41:08] [SUCCESS] bvid=BV1hXXvBEEjJ 已成功抓取全部所需数据。
[2026-04-02 18:41:14] [SUCCESS] bvid=BV1LyXvBREAc 已成功抓取全部所需数据。
[2026-04-02 18:41:20] [SUCCESS] bvid=BV1DXXvBEEv5 已成功抓取全部所需数据。
[2026-04-02 18:41:26] [SUCCESS] bvid=BV1YSXvBnENG 已成功抓取全部所需数据。
[2026-04-02 18:41:31] [SUCCESS] bvid=BV1zeXvBhE2S 已成功抓取全部所需数据。
[2026-04-02 18:41:37] [SUCCESS] bvid=BV18DXvBSEeD 已成功抓取全部所需数据。
[2026-04-02 18:41:43] [SUCCESS] bvid=BV16eXvBhEeB 已成功抓取全部所需数据。
[2026-04-02 18:41:48] [SUCCESS] bvid=BV1ZiXvBFEYy 已成功抓取全部所需数据。
[2026-04-02 18:41:54] [SUCCESS] bvid=BV16hXvBYEuN 已成功抓取全部所需数据。
[2026-04-02 18:42:00] [SUCCESS] bvid=BV1cYXvBAEBq 已成功抓取全部所需数据。
[2026-04-02 18:42:05] [SUCCESS] bvid=BV1rYXvBwE7w 已成功抓取全部所需数据。
[2026-04-02 18:42:11] [SUCCESS] bvid=BV1q6XvB4E6v 已成功抓取全部所需数据。
[2026-04-02 18:42:17] [SUCCESS] bvid=BV1i6XvB4EQe 已成功抓取全部所需数据。
[2026-04-02 18:42:22] [SUCCESS] bvid=BV1orXvBdEEk 已成功抓取全部所需数据。
[2026-04-02 18:42:29] [SUCCESS] bvid=BV1irXvBdEkb 已成功抓取全部所需数据。
[2026-04-02 18:42:34] [SUCCESS] bvid=BV17QXaBpEYT 已成功抓取全部所需数据。
[2026-04-02 18:42:40] [SUCCESS] bvid=BV1nMXeB8Ecu 已成功抓取全部所需数据。
[2026-04-02 18:42:45] [SUCCESS] bvid=BV14pQ6BnEuV 已成功抓取全部所需数据。
[2026-04-02 18:42:51] [SUCCESS] bvid=BV1iBXvBZE1R 已成功抓取全部所需数据。
[2026-04-02 18:42:57] [SUCCESS] bvid=BV1RdXaBUECe 已成功抓取全部所需数据。
[2026-04-02 18:43:02] [SUCCESS] bvid=BV1dRXaBJEg9 已成功抓取全部所需数据。
[2026-04-02 18:43:08] [SUCCESS] bvid=BV17RXaBnEEZ 已成功抓取全部所需数据。
[2026-04-02 18:43:13] [SUCCESS] bvid=BV1ZQXaBpEvf 已成功抓取全部所需数据。
[2026-04-02 18:43:19] [SUCCESS] bvid=BV1zQXaBpEgZ 已成功抓取全部所需数据。
[2026-04-02 18:43:24] [SUCCESS] bvid=BV1BQXaBpEVs 已成功抓取全部所需数据。
[2026-04-02 18:43:30] [SUCCESS] bvid=BV17QXaBpEvJ 已成功抓取全部所需数据。
[2026-04-02 18:43:35] [SUCCESS] bvid=BV1EQXaBpES6 已成功抓取全部所需数据。
[2026-04-02 18:43:41] [SUCCESS] bvid=BV1fQXaBHEnM 已成功抓取全部所需数据。
[2026-04-02 18:43:46] [SUCCESS] bvid=BV15wXYB1Ec7 已成功抓取全部所需数据。
[2026-04-02 18:43:52] [SUCCESS] bvid=BV1ZXXaBDE7q 已成功抓取全部所需数据。
[2026-04-02 18:43:58] [SUCCESS] bvid=BV1ZXXaBDEQ1 已成功抓取全部所需数据。
[2026-04-02 18:44:03] [SUCCESS] bvid=BV1B3XeBtEZi 已成功抓取全部所需数据。
[2026-04-02 18:44:08] [SUCCESS] bvid=BV15cXYBjEyK 已成功抓取全部所需数据。
[2026-04-02 18:44:14] [SUCCESS] bvid=BV1gTXYBGEWe 已成功抓取全部所需数据。
[2026-04-02 18:44:19] [SUCCESS] bvid=BV19wXYByEHw 已成功抓取全部所需数据。
[2026-04-02 18:44:25] [SUCCESS] bvid=BV1VwXYB1EfY 已成功抓取全部所需数据。
[2026-04-02 18:44:30] [SUCCESS] bvid=BV1awXYB1E8U 已成功抓取全部所需数据。
[2026-04-02 18:44:36] [SUCCESS] bvid=BV19wXYByEGk 已成功抓取全部所需数据。
[2026-04-02 18:44:42] [SUCCESS] bvid=BV15ZXaBEEBU 已成功抓取全部所需数据。
[2026-04-02 18:44:47] [SUCCESS] bvid=BV1DPXYBVEoC 已成功抓取全部所需数据。
[2026-04-02 18:44:52] [SUCCESS] bvid=BV1wCXaBZEtw 已成功抓取全部所需数据。
[2026-04-02 18:44:58] [SUCCESS] bvid=BV12jXYBNEqx 已成功抓取全部所需数据。
[2026-04-02 18:45:03] [SUCCESS] bvid=BV1AkXaBbEuJ 已成功抓取全部所需数据。
[2026-04-02 18:45:09] [SUCCESS] bvid=BV1pkXaBbEBj 已成功抓取全部所需数据。
[2026-04-02 18:45:15] [SUCCESS] bvid=BV1AkXaBbEH6 已成功抓取全部所需数据。
[2026-04-02 18:45:20] [SUCCESS] bvid=BV1wkXaBbEpv 已成功抓取全部所需数据。
[2026-04-02 18:45:26] [SUCCESS] bvid=BV1wCXaBoEXg 已成功抓取全部所需数据。
[2026-04-02 18:45:31] [SUCCESS] bvid=BV1CCXaBZEKK 已成功抓取全部所需数据。
[2026-04-02 18:45:37] [SUCCESS] bvid=BV1PzXaBhEDD 已成功抓取全部所需数据。
[2026-04-02 18:45:43] [SUCCESS] bvid=BV1nUXaBsEi6 已成功抓取全部所需数据。
[2026-04-02 18:45:48] [SUCCESS] bvid=BV1EUXaBsEhY 已成功抓取全部所需数据。
[2026-04-02 18:45:54] [SUCCESS] bvid=BV1pwXeBeEmt 已成功抓取全部所需数据。
[2026-04-02 18:45:59] [SUCCESS] bvid=BV1RjXaBjEY3 已成功抓取全部所需数据。
[2026-04-02 18:46:05] [SUCCESS] bvid=BV123XMBaEsu 已成功抓取全部所需数据。
[2026-04-02 18:46:10] [SUCCESS] bvid=BV1fSXaBXEyo 已成功抓取全部所需数据。
[2026-04-02 18:46:10] [INFO] 当前 batch_crawl 已完成，所有视频均已成功抓取。
[2026-04-02 18:46:10] 子任务结束时间：2026-04-02T18:46:10.969419
[TIMESTAMP][END] 2026-04-02T18:46:10
