[TIMESTAMP][BEGIN] 2026-04-02T16:29:01
[2026-04-02 16:29:03] 开始执行 CSV 批量抓取子任务 part_7。
[2026-04-02 16:29:03] 子任务开始时间：2026-04-02T16:29:01.526068
[2026-04-02 16:29:03] 输入文件：batch_input_7.csv
[2026-04-02 16:29:03] 输入唯一 bvid 数量：100
[2026-04-02 16:29:03] 为严格按 CSV 顺序判断连续失败阈值，本次任务自动将并发度从 2 调整为 1。
[2026-04-02 16:29:09] [SUCCESS] bvid=BV1Ho9GB3E49 已成功抓取全部所需数据。
[2026-04-02 16:29:14] [SUCCESS] bvid=BV1VqXkBkEDY 已成功抓取全部所需数据。
[2026-04-02 16:29:19] [SUCCESS] bvid=BV1mu9jBfExb 已成功抓取全部所需数据。
[2026-04-02 16:29:25] [SUCCESS] bvid=BV18u9jBfEwD 已成功抓取全部所需数据。
[2026-04-02 16:29:30] [SUCCESS] bvid=BV1Su9jBfEha 已成功抓取全部所需数据。
[2026-04-02 16:29:36] [SUCCESS] bvid=BV14gXkBcEUP 已成功抓取全部所需数据。
[2026-04-02 16:29:41] [SUCCESS] bvid=BV1REXCBCEHB 已成功抓取全部所需数据。
[2026-04-02 16:29:47] [SUCCESS] bvid=BV1gp9VBWE8o 已成功抓取全部所需数据。
[2026-04-02 16:29:53] [SUCCESS] bvid=BV1YcXkBTEcM 已成功抓取全部所需数据。
[2026-04-02 16:29:58] [SUCCESS] bvid=BV1DN9jBaEBE 已成功抓取全部所需数据。
[2026-04-02 16:30:03] [SUCCESS] bvid=BV1aN9jBaEcQ 已成功抓取全部所需数据。
[2026-04-02 16:30:09] [SUCCESS] bvid=BV1QN9jBaETX 已成功抓取全部所需数据。
[2026-04-02 16:30:14] [SUCCESS] bvid=BV1DN9jBaELw 已成功抓取全部所需数据。
[2026-04-02 16:30:20] [SUCCESS] bvid=BV1hT9jBcEx3 已成功抓取全部所需数据。
[2026-04-02 16:30:25] [SUCCESS] bvid=BV1hT9jBcEui 已成功抓取全部所需数据。
[2026-04-02 16:30:30] [SUCCESS] bvid=BV1hT9jBcEMy 已成功抓取全部所需数据。
[2026-04-02 16:30:36] [SUCCESS] bvid=BV1bT9jBcERf 已成功抓取全部所需数据。
[2026-04-02 16:30:41] [SUCCESS] bvid=BV1zS9LBkEnM 已成功抓取全部所需数据。
[2026-04-02 16:30:46] [SUCCESS] bvid=BV1zS9LBkEJm 已成功抓取全部所需数据。
[2026-04-02 16:30:52] [SUCCESS] bvid=BV1ZS9LBkEBx 已成功抓取全部所需数据。
[2026-04-02 16:30:57] [SUCCESS] bvid=BV1BS9LBkEMo 已成功抓取全部所需数据。
[2026-04-02 16:31:02] [SUCCESS] bvid=BV1EQ9LBGEAy 已成功抓取全部所需数据。
[2026-04-02 16:31:08] [SUCCESS] bvid=BV1iQ9LB3EqE 已成功抓取全部所需数据。
[2026-04-02 16:31:13] [SUCCESS] bvid=BV1629LByEYp 已成功抓取全部所需数据。
[2026-04-02 16:31:18] [SUCCESS] bvid=BV1F29LB1E9T 已成功抓取全部所需数据。
[2026-04-02 16:31:24] [SUCCESS] bvid=BV1629LByEip 已成功抓取全部所需数据。
[2026-04-02 16:31:29] [SUCCESS] bvid=BV1zU9LBVEQ3 已成功抓取全部所需数据。
[2026-04-02 16:31:34] [SUCCESS] bvid=BV1id9LBBEPX 已成功抓取全部所需数据。
[2026-04-02 16:31:39] [SUCCESS] bvid=BV1Rd9LBBEQY 已成功抓取全部所需数据。
[2026-04-02 16:31:45] [SUCCESS] bvid=BV1id9LBBEMo 已成功抓取全部所需数据。
[2026-04-02 16:31:50] [SUCCESS] bvid=BV1Rd9LBBEpz 已成功抓取全部所需数据。
[2026-04-02 16:31:55] [SUCCESS] bvid=BV1sG9GB3Egh 已成功抓取全部所需数据。
[2026-04-02 16:32:01] [SUCCESS] bvid=BV1k6XrBDE7U 已成功抓取全部所需数据。
[2026-04-02 16:32:06] [SUCCESS] bvid=BV1eZ9LBTEUA 已成功抓取全部所需数据。
[2026-04-02 16:32:12] [SUCCESS] bvid=BV1qX9LB6EH2 已成功抓取全部所需数据。
[2026-04-02 16:32:18] [SUCCESS] bvid=BV1ZX9LB6EpK 已成功抓取全部所需数据。
[2026-04-02 16:32:23] [SUCCESS] bvid=BV1LR9LBgECn 已成功抓取全部所需数据。
[2026-04-02 16:32:29] [SUCCESS] bvid=BV1dg9VBhEXf 已成功抓取全部所需数据。
[2026-04-02 16:32:35] [SUCCESS] bvid=BV1LG9VBcE8W 已成功抓取全部所需数据。
[2026-04-02 16:32:40] [SUCCESS] bvid=BV1RG9VBFEKY 已成功抓取全部所需数据。
[2026-04-02 16:32:46] [SUCCESS] bvid=BV1rjXBB6ETM 已成功抓取全部所需数据。
[2026-04-02 16:32:51] [SUCCESS] bvid=BV1bx9VBHEsy 已成功抓取全部所需数据。
[2026-04-02 16:32:56] [SUCCESS] bvid=BV1VnXCBVE8F 已成功抓取全部所需数据。
[2026-04-02 16:33:02] [SUCCESS] bvid=BV1oT9VBYEoU 已成功抓取全部所需数据。
[2026-04-02 16:33:07] [SUCCESS] bvid=BV1ZT9VBYEjw 已成功抓取全部所需数据。
[2026-04-02 16:33:12] [SUCCESS] bvid=BV17T9VBeEcp 已成功抓取全部所需数据。
[2026-04-02 16:33:18] [SUCCESS] bvid=BV1Fc9VBBEGo 已成功抓取全部所需数据。
[2026-04-02 16:33:23] [SUCCESS] bvid=BV12xXzBpExQ 已成功抓取全部所需数据。
[2026-04-02 16:33:28] [SUCCESS] bvid=BV1c2XCBxEcs 已成功抓取全部所需数据。
[2026-04-02 16:33:33] [SUCCESS] bvid=BV1wCXCBtECD 已成功抓取全部所需数据。
[2026-04-02 16:33:39] [SUCCESS] bvid=BV164XkBJECX 已成功抓取全部所需数据。
[2026-04-02 16:33:44] [SUCCESS] bvid=BV1CyQUBMENq 已成功抓取全部所需数据。
[2026-04-02 16:33:50] [SUCCESS] bvid=BV1pZX6BnExp 已成功抓取全部所需数据。
[2026-04-02 16:33:55] [SUCCESS] bvid=BV1ViX6BvEmo 已成功抓取全部所需数据。
[2026-04-02 16:34:00] [SUCCESS] bvid=BV1BDXCBQE5w 已成功抓取全部所需数据。
[2026-04-02 16:34:12] [SUCCESS] bvid=BV1PXX6B9Ewn 已成功抓取全部所需数据。
[2026-04-02 16:34:18] [SUCCESS] bvid=BV1Hj9GBBEBL 已成功抓取全部所需数据。
[2026-04-02 16:34:24] [SUCCESS] bvid=BV1rvXqBBESL 已成功抓取全部所需数据。
[2026-04-02 16:34:29] [SUCCESS] bvid=BV1eU93BoEQU 已成功抓取全部所需数据。
[2026-04-02 16:34:47] [SUCCESS] bvid=BV1Qj9VB4ETS 已成功抓取全部所需数据。
[2026-04-02 16:35:04] [SUCCESS] bvid=BV1D79VBdExQ 已成功抓取全部所需数据。
[2026-04-02 16:35:22] [SUCCESS] bvid=BV19V9VBbEJp 已成功抓取全部所需数据。
[2026-04-02 16:35:28] [SUCCESS] bvid=BV1959VBZEJB 已成功抓取全部所需数据。
[2026-04-02 16:35:33] [SUCCESS] bvid=BV1cF9VBuECY 已成功抓取全部所需数据。
[2026-04-02 16:35:38] [SUCCESS] bvid=BV1WR9GBkEbp 已成功抓取全部所需数据。
[2026-04-02 16:35:43] [SUCCESS] bvid=BV1Ao9GB3ErQ 已成功抓取全部所需数据。
[2026-04-02 16:35:48] [SUCCESS] bvid=BV1FA9VBTE2i 已成功抓取全部所需数据。
[2026-04-02 16:35:54] [SUCCESS] bvid=BV1JA9VBTEej 已成功抓取全部所需数据。
[2026-04-02 16:36:02] [SUCCESS] bvid=BV1Wv9VBLE7m 已成功抓取全部所需数据。
[2026-04-02 16:36:09] [SUCCESS] bvid=BV1yv9VB5E56 已成功抓取全部所需数据。
[2026-04-02 16:36:15] [SUCCESS] bvid=BV11a9VBjEV7 已成功抓取全部所需数据。
[2026-04-02 16:36:20] [SUCCESS] bvid=BV1ki9VBCE6d 已成功抓取全部所需数据。
[2026-04-02 16:36:27] [SUCCESS] bvid=BV11a9VBjEyP 已成功抓取全部所需数据。
[2026-04-02 16:36:32] [SUCCESS] bvid=BV1VZXrBgEWm 已成功抓取全部所需数据。
[2026-04-02 16:36:38] [SUCCESS] bvid=BV1Ka9VB7EbY 已成功抓取全部所需数据。
[2026-04-02 16:36:44] [SUCCESS] bvid=BV1M19GBUEpp 已成功抓取全部所需数据。
[2026-04-02 16:36:49] [SUCCESS] bvid=BV1FwXrBUEgk 已成功抓取全部所需数据。
[2026-04-02 16:36:54] [SUCCESS] bvid=BV1JEXBBuETP 已成功抓取全部所需数据。
[2026-04-02 16:36:59] [SUCCESS] bvid=BV11a9VBjE1E 已成功抓取全部所需数据。
[2026-04-02 16:37:05] [SUCCESS] bvid=BV1yY9VB1EYr 已成功抓取全部所需数据。
[2026-04-02 16:37:10] [SUCCESS] bvid=BV1yY9VB1EbU 已成功抓取全部所需数据。
[2026-04-02 16:37:15] [SUCCESS] bvid=BV1yY9VB1ERt 已成功抓取全部所需数据。
[2026-04-02 16:37:20] [SUCCESS] bvid=BV1rr9VBgEWM 已成功抓取全部所需数据。
[2026-04-02 16:37:26] [SUCCESS] bvid=BV1CY9VB1EmP 已成功抓取全部所需数据。
[2026-04-02 16:37:32] [SUCCESS] bvid=BV16k9VBzEx8 已成功抓取全部所需数据。
[2026-04-02 16:37:37] [SUCCESS] bvid=BV16k9VBzEVP 已成功抓取全部所需数据。
[2026-04-02 16:37:42] [SUCCESS] bvid=BV1kz9VBrEeC 已成功抓取全部所需数据。
[2026-04-02 16:37:48] [SUCCESS] bvid=BV1wz9VBkEBA 已成功抓取全部所需数据。
[2026-04-02 16:37:53] [SUCCESS] bvid=BV1Dp9VBpEbz 已成功抓取全部所需数据。
[2026-04-02 16:37:59] [SUCCESS] bvid=BV1iQ9VBYEuR 已成功抓取全部所需数据。
[2026-04-02 16:38:05] [SUCCESS] bvid=BV1pPXoBaEWf 已成功抓取全部所需数据。
[2026-04-02 16:38:11] [SUCCESS] bvid=BV1XJXrBNEB1 已成功抓取全部所需数据。
[2026-04-02 16:38:16] [SUCCESS] bvid=BV1eZXrBuEiT 已成功抓取全部所需数据。
[2026-04-02 16:38:22] [SUCCESS] bvid=BV1DJ9VBsEuM 已成功抓取全部所需数据。
[2026-04-02 16:38:28] [SUCCESS] bvid=BV1Dn9VB9ECH 已成功抓取全部所需数据。
[2026-04-02 16:38:33] [SUCCESS] bvid=BV12b9VBEEr3 已成功抓取全部所需数据。
[2026-04-02 16:38:39] [SUCCESS] bvid=BV1K89VBUEsD 已成功抓取全部所需数据。
[2026-04-02 16:38:44] [SUCCESS] bvid=BV1YyXdBLEck 已成功抓取全部所需数据。
[2026-04-02 16:38:49] [SUCCESS] bvid=BV1QyXdB5EdW 已成功抓取全部所需数据。
[2026-04-02 16:38:54] [SUCCESS] bvid=BV1QyXdB5Efp 已成功抓取全部所需数据。
[2026-04-02 16:38:54] [INFO] 当前 batch_crawl 已完成，所有视频均已成功抓取。
[2026-04-02 16:38:54] 子任务结束时间：2026-04-02T16:38:54.793586
[TIMESTAMP][END] 2026-04-02T16:38:54
