[TIMESTAMP][BEGIN] 2026-04-02T17:08:11
[2026-04-02 17:08:13] 开始执行 CSV 批量抓取子任务 part_10。
[2026-04-02 17:08:13] 子任务开始时间：2026-04-02T17:08:11.012103
[2026-04-02 17:08:13] 输入文件：batch_input_10.csv
[2026-04-02 17:08:13] 输入唯一 bvid 数量：100
[2026-04-02 17:08:13] 为严格按 CSV 顺序判断连续失败阈值，本次任务自动将并发度从 2 调整为 1。
[2026-04-02 17:08:19] [SUCCESS] bvid=BV1vXXrBkEBC 已成功抓取全部所需数据。
[2026-04-02 17:08:24] [SUCCESS] bvid=BV128XrBtEjT 已成功抓取全部所需数据。
[2026-04-02 17:08:29] [SUCCESS] bvid=BV128XrBtEEy 已成功抓取全部所需数据。
[2026-04-02 17:08:35] [SUCCESS] bvid=BV1UtXrBfEWQ 已成功抓取全部所需数据。
[2026-04-02 17:08:40] [SUCCESS] bvid=BV1CdX6BQEHp 已成功抓取全部所需数据。
[2026-04-02 17:08:46] [SUCCESS] bvid=BV1AdX6BQEkV 已成功抓取全部所需数据。
[2026-04-02 17:08:51] [SUCCESS] bvid=BV1kdX6BQEix 已成功抓取全部所需数据。
[2026-04-02 17:08:56] [SUCCESS] bvid=BV1WdX6BQE3H 已成功抓取全部所需数据。
[2026-04-02 17:09:01] [SUCCESS] bvid=BV1AdX6BQEjT 已成功抓取全部所需数据。
[2026-04-02 17:09:06] [SUCCESS] bvid=BV1AdX6BQETH 已成功抓取全部所需数据。
[2026-04-02 17:09:12] [SUCCESS] bvid=BV1AdX6BQEef 已成功抓取全部所需数据。
[2026-04-02 17:09:17] [SUCCESS] bvid=BV1AdX6BQEL9 已成功抓取全部所需数据。
[2026-04-02 17:09:22] [SUCCESS] bvid=BV1PdX6BQEWR 已成功抓取全部所需数据。
[2026-04-02 17:09:27] [SUCCESS] bvid=BV1AdX6BQEsb 已成功抓取全部所需数据。
[2026-04-02 17:09:32] [SUCCESS] bvid=BV1AdX6BQEsa 已成功抓取全部所需数据。
[2026-04-02 17:09:37] [SUCCESS] bvid=BV1AdX6BQETG 已成功抓取全部所需数据。
[2026-04-02 17:09:43] [SUCCESS] bvid=BV1PZX6BnEKt 已成功抓取全部所需数据。
[2026-04-02 17:09:48] [SUCCESS] bvid=BV1M4XrBhEgo 已成功抓取全部所需数据。
[2026-04-02 17:09:54] [SUCCESS] bvid=BV128XrBtEtX 已成功抓取全部所需数据。
[2026-04-02 17:09:59] [SUCCESS] bvid=BV1mhXrBoEnw 已成功抓取全部所需数据。
[2026-04-02 17:10:04] [SUCCESS] bvid=BV1mhXrBoEAe 已成功抓取全部所需数据。
[2026-04-02 17:10:10] [SUCCESS] bvid=BV11hXrBoEXo 已成功抓取全部所需数据。
[2026-04-02 17:10:15] [SUCCESS] bvid=BV12hXrBoE9v 已成功抓取全部所需数据。
[2026-04-02 17:10:21] [SUCCESS] bvid=BV1KhXrBZE3v 已成功抓取全部所需数据。
[2026-04-02 17:10:27] [SUCCESS] bvid=BV11hXrBoEQJ 已成功抓取全部所需数据。
[2026-04-02 17:10:33] [SUCCESS] bvid=BV1U4XrB8EJ8 已成功抓取全部所需数据。
[2026-04-02 17:10:38] [SUCCESS] bvid=BV1S4XrB8EE7 已成功抓取全部所需数据。
[2026-04-02 17:10:44] [SUCCESS] bvid=BV1U4XrB8EnC 已成功抓取全部所需数据。
[2026-04-02 17:10:49] [SUCCESS] bvid=BV12YXrBxExM 已成功抓取全部所需数据。
[2026-04-02 17:10:54] [SUCCESS] bvid=BV1kYXzBmEDZ 已成功抓取全部所需数据。
[2026-04-02 17:11:00] [SUCCESS] bvid=BV1CiXrBWEmZ 已成功抓取全部所需数据。
[2026-04-02 17:11:05] [SUCCESS] bvid=BV1CiXrBWExQ 已成功抓取全部所需数据。
[2026-04-02 17:11:10] [SUCCESS] bvid=BV1yqXrBXEL6 已成功抓取全部所需数据。
[2026-04-02 17:11:16] [SUCCESS] bvid=BV1GoXzBAERR 已成功抓取全部所需数据。
[2026-04-02 17:11:21] [SUCCESS] bvid=BV1RvPZzEEJW 已成功抓取全部所需数据。
[2026-04-02 17:11:27] [SUCCESS] bvid=BV1rMXoBZEUM 已成功抓取全部所需数据。
[2026-04-02 17:11:32] [SUCCESS] bvid=BV1h9XqBxEQB 已成功抓取全部所需数据。
[2026-04-02 17:11:37] [SUCCESS] bvid=BV1q5XeBxEWe 已成功抓取全部所需数据。
[2026-04-02 17:11:43] [SUCCESS] bvid=BV1T8XaBqEZf 已成功抓取全部所需数据。
[2026-04-02 17:11:48] [SUCCESS] bvid=BV1t3XkB8E3d 已成功抓取全部所需数据。
[2026-04-02 17:11:54] [SUCCESS] bvid=BV13nXrBvENd 已成功抓取全部所需数据。
[2026-04-02 17:12:00] [SUCCESS] bvid=BV1sVX6BnEjD 已成功抓取全部所需数据。
[2026-04-02 17:12:07] [SUCCESS] bvid=BV1XGXzBwEke 已成功抓取全部所需数据。
[2026-04-02 17:12:13] [SUCCESS] bvid=BV157XrBqELk 已成功抓取全部所需数据。
[2026-04-02 17:12:18] [SUCCESS] bvid=BV1QJXrBNERd 已成功抓取全部所需数据。
[2026-04-02 17:12:24] [SUCCESS] bvid=BV197XrBiEpK 已成功抓取全部所需数据。
[2026-04-02 17:12:29] [SUCCESS] bvid=BV1e7XrBqEGf 已成功抓取全部所需数据。
[2026-04-02 17:12:35] [SUCCESS] bvid=BV1X7XrBiEqC 已成功抓取全部所需数据。
[2026-04-02 17:12:40] [SUCCESS] bvid=BV1X7XrBiEs2 已成功抓取全部所需数据。
[2026-04-02 17:12:46] [SUCCESS] bvid=BV1Q7XrBiEqK 已成功抓取全部所需数据。
[2026-04-02 17:12:51] [SUCCESS] bvid=BV1QJXrBNEvy 已成功抓取全部所需数据。
[2026-04-02 17:12:58] [SUCCESS] bvid=BV1VJXrBKEAN 已成功抓取全部所需数据。
[2026-04-02 17:13:03] [SUCCESS] bvid=BV1QJXrBNEnu 已成功抓取全部所需数据。
[2026-04-02 17:13:09] [SUCCESS] bvid=BV155XrBzEYA 已成功抓取全部所需数据。
[2026-04-02 17:13:15] [SUCCESS] bvid=BV1R5XrBBEDH 已成功抓取全部所需数据。
[2026-04-02 17:13:20] [SUCCESS] bvid=BV15jXrBMEoY 已成功抓取全部所需数据。
[2026-04-02 17:13:25] [SUCCESS] bvid=BV19jXrBTEe1 已成功抓取全部所需数据。
[2026-04-02 17:13:30] [SUCCESS] bvid=BV19jXrBTEw2 已成功抓取全部所需数据。
[2026-04-02 17:13:36] [SUCCESS] bvid=BV19jXrBTE5J 已成功抓取全部所需数据。
[2026-04-02 17:13:41] [SUCCESS] bvid=BV1SWXrBaEuH 已成功抓取全部所需数据。
[2026-04-02 17:13:46] [SUCCESS] bvid=BV1ejXrBMEmK 已成功抓取全部所需数据。
[2026-04-02 17:13:52] [SUCCESS] bvid=BV1DWXrBaEX9 已成功抓取全部所需数据。
[2026-04-02 17:13:57] [SUCCESS] bvid=BV1DWXrBaECe 已成功抓取全部所需数据。
[2026-04-02 17:14:03] [SUCCESS] bvid=BV13WXrBYEwg 已成功抓取全部所需数据。
[2026-04-02 17:14:09] [SUCCESS] bvid=BV1SxXrBwErX 已成功抓取全部所需数据。
[2026-04-02 17:14:14] [SUCCESS] bvid=BV1DnXrBeEde 已成功抓取全部所需数据。
[2026-04-02 17:14:20] [SUCCESS] bvid=BV15dXrBrEgM 已成功抓取全部所需数据。
[2026-04-02 17:14:26] [SUCCESS] bvid=BV1GnXrBvEbm 已成功抓取全部所需数据。
[2026-04-02 17:14:32] [SUCCESS] bvid=BV1MxXrBwEdk 已成功抓取全部所需数据。
[2026-04-02 17:14:37] [SUCCESS] bvid=BV1TaA8z9E5a 已成功抓取全部所需数据。
[2026-04-02 17:14:43] [SUCCESS] bvid=BV1iXXrBkEnB 已成功抓取全部所需数据。
[2026-04-02 17:14:48] [SUCCESS] bvid=BV1UxXrBcEtj 已成功抓取全部所需数据。
[2026-04-02 17:14:53] [SUCCESS] bvid=BV14aA8z9EBm 已成功抓取全部所需数据。
[2026-04-02 17:14:59] [SUCCESS] bvid=BV1rCXrBUEKw 已成功抓取全部所需数据。
[2026-04-02 17:15:04] [SUCCESS] bvid=BV1mHAAz1EnZ 已成功抓取全部所需数据。
[2026-04-02 17:15:11] [SUCCESS] bvid=BV1ddXrB6EF8 已成功抓取全部所需数据。
[2026-04-02 17:15:16] [SUCCESS] bvid=BV1rWXkBHEZp 已成功抓取全部所需数据。
[2026-04-02 17:15:21] [SUCCESS] bvid=BV1vRXrB3EGv 已成功抓取全部所需数据。
[2026-04-02 17:15:27] [SUCCESS] bvid=BV1vRXrB3E9B 已成功抓取全部所需数据。
[2026-04-02 17:15:32] [SUCCESS] bvid=BV1oXXaBDEMw 已成功抓取全部所需数据。
[2026-04-02 17:15:37] [SUCCESS] bvid=BV1qQXrBVEPT 已成功抓取全部所需数据。
[2026-04-02 17:15:43] [SUCCESS] bvid=BV1aPXkBNEug 已成功抓取全部所需数据。
[2026-04-02 17:15:49] [SUCCESS] bvid=BV1PNA3z8Epr 已成功抓取全部所需数据。
[2026-04-02 17:15:55] [SUCCESS] bvid=BV1qQXrBVEJW 已成功抓取全部所需数据。
[2026-04-02 17:16:02] [SUCCESS] bvid=BV1iXXrBkEYB 已成功抓取全部所需数据。
[2026-04-02 17:16:08] [SUCCESS] bvid=BV1oXXrBkECL 已成功抓取全部所需数据。
[2026-04-02 17:16:15] [SUCCESS] bvid=BV1LXXrBCEY8 已成功抓取全部所需数据。
[2026-04-02 17:16:21] [SUCCESS] bvid=BV1oXXrBkExe 已成功抓取全部所需数据。
[2026-04-02 17:16:28] [SUCCESS] bvid=BV1rzXrBHEZi 已成功抓取全部所需数据。
[2026-04-02 17:16:34] [SUCCESS] bvid=BV1vXXrBkEfp 已成功抓取全部所需数据。
[2026-04-02 17:16:40] [SUCCESS] bvid=BV1iXXrBkEMc 已成功抓取全部所需数据。
[2026-04-02 17:16:45] [SUCCESS] bvid=BV1pgXPB2EMi 已成功抓取全部所需数据。
[2026-04-02 17:28:49] [ERROR] bvid=BV1HgXPB2Eq1 抓取失败：stat: Timeout of 600.0s exceeded, last exception: HTTPSConnectionPool(host='bigquery.googleapis.com', port=443): Max retries exceeded with url: /bigquery/v2/projects/bilibili-m2s2vp-research/datasets?prettyPrint=false (Caused by ProxyError('Unable to connect to proxy', RemoteDisconnected('Remote end closed connection without response')))
[2026-04-02 17:38:55] [SUCCESS] bvid=BV1Z6XqBNEGc 已成功抓取全部所需数据。
[2026-04-02 17:39:01] [SUCCESS] bvid=BV1eDXzBKE8V 已成功抓取全部所需数据。
[2026-04-02 17:39:07] [SUCCESS] bvid=BV1HgXPB2EkW 已成功抓取全部所需数据。
[2026-04-02 17:39:12] [SUCCESS] bvid=BV1hcXkBTExS 已成功抓取全部所需数据。
[2026-04-02 17:39:13] [ERROR] bvid=BV1VZXrBgE1c 抓取失败：stat: 接口返回错误代码：-404，信息：啥都木有。
{'code': -404, 'message': '啥都木有', 'ttl': 1} | comment: 接口返回错误代码：-404，信息：啥都木有。
{'code': -404, 'message': '啥都木有', 'ttl': 1}
[2026-04-02 17:39:18] [SUCCESS] bvid=BV1HgXPB2E6r 已成功抓取全部所需数据。
[2026-04-02 17:39:24] [SUCCESS] bvid=BV1pWXYBhELs 已成功抓取全部所需数据。
[2026-04-02 17:39:24] [WARN] 当前子任务已结束，但仍有未成功抓取的视频，已导出 remaining CSV 供继续执行。
[2026-04-02 17:39:24] [INFO] 已导出剔除成功条目后的剩余 CSV：D:\Schoolworks\Thesis\Bilibili-Datahub\outputs\video_data\manual_crawls\manual_crawl_stat_comment_20260402_150939\remaining_bvids_part_10.csv
[2026-04-02 17:39:24] 子任务结束时间：2026-04-02T17:39:24.061686
[TIMESTAMP][END] 2026-04-02T17:39:24
