[TIMESTAMP][BEGIN] 2026-04-02T18:26:36
[2026-04-02 18:26:38] 开始执行 CSV 批量抓取子任务 part_14。
[2026-04-02 18:26:38] 子任务开始时间：2026-04-02T18:26:36.456411
[2026-04-02 18:26:38] 输入文件：batch_input_14.csv
[2026-04-02 18:26:38] 输入唯一 bvid 数量：100
[2026-04-02 18:26:38] 为严格按 CSV 顺序判断连续失败阈值，本次任务自动将并发度从 2 调整为 1。
[2026-04-02 18:26:45] [SUCCESS] bvid=BV1HVXBBkE3D 已成功抓取全部所需数据。
[2026-04-02 18:26:50] [SUCCESS] bvid=BV1pCXaBZEu8 已成功抓取全部所需数据。
[2026-04-02 18:26:56] [SUCCESS] bvid=BV168XYBxEqe 已成功抓取全部所需数据。
[2026-04-02 18:27:02] [SUCCESS] bvid=BV1J5XiBPEj5 已成功抓取全部所需数据。
[2026-04-02 18:27:07] [SUCCESS] bvid=BV1X9XqBxExz 已成功抓取全部所需数据。
[2026-04-02 18:27:13] [SUCCESS] bvid=BV1Y9XqBxENX 已成功抓取全部所需数据。
[2026-04-02 18:27:18] [SUCCESS] bvid=BV1Q9XqBxEXY 已成功抓取全部所需数据。
[2026-04-02 18:27:24] [SUCCESS] bvid=BV1h9XqBxEe1 已成功抓取全部所需数据。
[2026-04-02 18:27:30] [SUCCESS] bvid=BV1rqXqBMEWp 已成功抓取全部所需数据。
[2026-04-02 18:27:36] [SUCCESS] bvid=BV1BqXqBTEZM 已成功抓取全部所需数据。
[2026-04-02 18:27:42] [SUCCESS] bvid=BV16qXqBTEfU 已成功抓取全部所需数据。
[2026-04-02 18:27:47] [SUCCESS] bvid=BV1zqXqBTEcy 已成功抓取全部所需数据。
[2026-04-02 18:27:53] [SUCCESS] bvid=BV1cqXqBMEbz 已成功抓取全部所需数据。
[2026-04-02 18:27:58] [SUCCESS] bvid=BV16BXqBiE7V 已成功抓取全部所需数据。
[2026-04-02 18:28:04] [SUCCESS] bvid=BV15WXeBJEnt 已成功抓取全部所需数据。
[2026-04-02 18:28:10] [SUCCESS] bvid=BV1zvXqBBEdk 已成功抓取全部所需数据。
[2026-04-02 18:28:15] [SUCCESS] bvid=BV1BCXqBAE59 已成功抓取全部所需数据。
[2026-04-02 18:28:21] [SUCCESS] bvid=BV1vyXqBaEBA 已成功抓取全部所需数据。
[2026-04-02 18:28:27] [SUCCESS] bvid=BV1f6XqBNEbP 已成功抓取全部所需数据。
[2026-04-02 18:28:32] [SUCCESS] bvid=BV1z6XqBNE5Y 已成功抓取全部所需数据。
[2026-04-02 18:28:38] [SUCCESS] bvid=BV1frXqBeE7c 已成功抓取全部所需数据。
[2026-04-02 18:28:44] [SUCCESS] bvid=BV1kVXBBkEFL 已成功抓取全部所需数据。
[2026-04-02 18:28:49] [SUCCESS] bvid=BV1CVXBBkE5d 已成功抓取全部所需数据。
[2026-04-02 18:28:55] [SUCCESS] bvid=BV1pVXBBkEim 已成功抓取全部所需数据。
[2026-04-02 18:29:00] [SUCCESS] bvid=BV1HLXBB3EXb 已成功抓取全部所需数据。
[2026-04-02 18:29:05] [SUCCESS] bvid=BV1rLXBB3EFC 已成功抓取全部所需数据。
[2026-04-02 18:29:11] [SUCCESS] bvid=BV1pGXBBVEVs 已成功抓取全部所需数据。
[2026-04-02 18:29:16] [SUCCESS] bvid=BV1WgXBByEtU 已成功抓取全部所需数据。
[2026-04-02 18:29:22] [SUCCESS] bvid=BV1CgXBByEx5 已成功抓取全部所需数据。
[2026-04-02 18:29:28] [SUCCESS] bvid=BV1ygXBByED5 已成功抓取全部所需数据。
[2026-04-02 18:29:33] [SUCCESS] bvid=BV1pGXBBVEg6 已成功抓取全部所需数据。
[2026-04-02 18:29:39] [SUCCESS] bvid=BV1kGXBBVE6u 已成功抓取全部所需数据。
[2026-04-02 18:29:45] [SUCCESS] bvid=BV1xKXBB7ETq 已成功抓取全部所需数据。
[2026-04-02 18:29:50] [SUCCESS] bvid=BV1EJXBBBEHU 已成功抓取全部所需数据。
[2026-04-02 18:29:55] [SUCCESS] bvid=BV1SyXhBMErp 已成功抓取全部所需数据。
[2026-04-02 18:30:00] [SUCCESS] bvid=BV1VsXeBUELm 已成功抓取全部所需数据。
[2026-04-02 18:30:06] [SUCCESS] bvid=BV1fbXhBEEBw 已成功抓取全部所需数据。
[2026-04-02 18:30:12] [SUCCESS] bvid=BV1baQUBjEkC 已成功抓取全部所需数据。
[2026-04-02 18:30:18] [SUCCESS] bvid=BV1PWXvBuE3K 已成功抓取全部所需数据。
[2026-04-02 18:30:24] [SUCCESS] bvid=BV11EXvBrEms 已成功抓取全部所需数据。
[2026-04-02 18:30:30] [SUCCESS] bvid=BV1GtXeB2E7R 已成功抓取全部所需数据。
[2026-04-02 18:30:35] [SUCCESS] bvid=BV1xRXhBhEfL 已成功抓取全部所需数据。
[2026-04-02 18:30:41] [SUCCESS] bvid=BV1tYXaBvEUy 已成功抓取全部所需数据。
[2026-04-02 18:30:47] [SUCCESS] bvid=BV1njXBB6E26 已成功抓取全部所需数据。
[2026-04-02 18:30:52] [SUCCESS] bvid=BV16EXBBuESv 已成功抓取全部所需数据。
[2026-04-02 18:30:58] [SUCCESS] bvid=BV1tAXBBJEjW 已成功抓取全部所需数据。
[2026-04-02 18:31:16] [SUCCESS] bvid=BV18ZXqBXERk 已成功抓取全部所需数据。
[2026-04-02 18:31:22] [SUCCESS] bvid=BV1bcXBBDEPg 已成功抓取全部所需数据。
[2026-04-02 18:31:27] [SUCCESS] bvid=BV1tAXBBJEj8 已成功抓取全部所需数据。
[2026-04-02 18:31:33] [SUCCESS] bvid=BV1bFXBBHEdR 已成功抓取全部所需数据。
[2026-04-02 18:31:38] [SUCCESS] bvid=BV1bFXBBHEz2 已成功抓取全部所需数据。
[2026-04-02 18:31:44] [SUCCESS] bvid=BV1xTXBB2ECX 已成功抓取全部所需数据。
[2026-04-02 18:31:49] [SUCCESS] bvid=BV12TXBB2EAC 已成功抓取全部所需数据。
[2026-04-02 18:31:55] [SUCCESS] bvid=BV1xTXBB2EJr 已成功抓取全部所需数据。
[2026-04-02 18:32:01] [SUCCESS] bvid=BV1NuXBBjECs 已成功抓取全部所需数据。
[2026-04-02 18:32:06] [SUCCESS] bvid=BV12KXBB7EmP 已成功抓取全部所需数据。
[2026-04-02 18:32:12] [SUCCESS] bvid=BV1tPXBBUEGV 已成功抓取全部所需数据。
[2026-04-02 18:32:18] [SUCCESS] bvid=BV1iAXUBFEsX 已成功抓取全部所需数据。
[2026-04-02 18:32:24] [SUCCESS] bvid=BV1TyXBBHESf 已成功抓取全部所需数据。
[2026-04-02 18:32:29] [SUCCESS] bvid=BV1q5XoB9Eqs 已成功抓取全部所需数据。
[2026-04-02 18:32:35] [SUCCESS] bvid=BV1q5XoB9E23 已成功抓取全部所需数据。
[2026-04-02 18:32:46] [SUCCESS] bvid=BV1XMXvBEEGg 已成功抓取全部所需数据。
[2026-04-02 18:32:52] [SUCCESS] bvid=BV1QNXYBkEok 已成功抓取全部所需数据。
[2026-04-02 18:32:58] [SUCCESS] bvid=BV1KyXBBHEve 已成功抓取全部所需数据。
[2026-04-02 18:33:03] [SUCCESS] bvid=BV1K1XBBDEJi 已成功抓取全部所需数据。
[2026-04-02 18:33:09] [SUCCESS] bvid=BV1urXBBWEDF 已成功抓取全部所需数据。
[2026-04-02 18:33:14] [SUCCESS] bvid=BV1LtXBBAEq2 已成功抓取全部所需数据。
[2026-04-02 18:33:27] [SUCCESS] bvid=BV1LxXBBeEVt 已成功抓取全部所需数据。
[2026-04-02 18:33:39] [SUCCESS] bvid=BV1jpXBBiExb 已成功抓取全部所需数据。
[2026-04-02 18:33:44] [SUCCESS] bvid=BV1WkXoBvE6n 已成功抓取全部所需数据。
[2026-04-02 18:33:49] [SUCCESS] bvid=BV1QyXdB5Emw 已成功抓取全部所需数据。
[2026-04-02 18:33:55] [SUCCESS] bvid=BV1XyXdB5EN1 已成功抓取全部所需数据。
[2026-04-02 18:34:00] [SUCCESS] bvid=BV1YhXBBcEQk 已成功抓取全部所需数据。
[2026-04-02 18:34:06] [SUCCESS] bvid=BV1B8XhBmEu9 已成功抓取全部所需数据。
[2026-04-02 18:34:12] [SUCCESS] bvid=BV1ntXYBZEmh 已成功抓取全部所需数据。
[2026-04-02 18:34:17] [SUCCESS] bvid=BV1tUXhBvEkE 已成功抓取全部所需数据。
[2026-04-02 18:34:22] [SUCCESS] bvid=BV1TpQ6BHEPs 已成功抓取全部所需数据。
[2026-04-02 18:34:28] [SUCCESS] bvid=BV1CbXqBkELa 已成功抓取全部所需数据。
[2026-04-02 18:34:33] [SUCCESS] bvid=BV1RgXzBYEkw 已成功抓取全部所需数据。
[2026-04-02 18:34:38] [SUCCESS] bvid=BV1cZXBBkE2D 已成功抓取全部所需数据。
[2026-04-02 18:34:44] [SUCCESS] bvid=BV1FZXBBkEPj 已成功抓取全部所需数据。
[2026-04-02 18:34:56] [SUCCESS] bvid=BV1wRXBByEN4 已成功抓取全部所需数据。
[2026-04-02 18:35:02] [SUCCESS] bvid=BV1ysXqBLE1b 已成功抓取全部所需数据。
[2026-04-02 18:35:07] [SUCCESS] bvid=BV1JGXiBvEyw 已成功抓取全部所需数据。
[2026-04-02 18:35:12] [SUCCESS] bvid=BV1sNXiBgEYU 已成功抓取全部所需数据。
[2026-04-02 18:35:18] [SUCCESS] bvid=BV13aXiBQEvs 已成功抓取全部所需数据。
[2026-04-02 18:35:29] [SUCCESS] bvid=BV13aXiBQEoV 已成功抓取全部所需数据。
[2026-04-02 18:35:47] [SUCCESS] bvid=BV1uBXiBmETg 已成功抓取全部所需数据。
[2026-04-02 18:35:52] [SUCCESS] bvid=BV1MBXiBmEi9 已成功抓取全部所需数据。
[2026-04-02 18:35:57] [SUCCESS] bvid=BV1uBXiBmE7u 已成功抓取全部所需数据。
[2026-04-02 18:36:02] [SUCCESS] bvid=BV1M6XiBjEWU 已成功抓取全部所需数据。
[2026-04-02 18:36:07] [SUCCESS] bvid=BV1M6XiBjEAn 已成功抓取全部所需数据。
[2026-04-02 18:36:12] [SUCCESS] bvid=BV1jpXiBZEu3 已成功抓取全部所需数据。
[2026-04-02 18:36:18] [SUCCESS] bvid=BV1LsXiB4ECC 已成功抓取全部所需数据。
[2026-04-02 18:36:23] [SUCCESS] bvid=BV1LsXiB4ECg 已成功抓取全部所需数据。
[2026-04-02 18:36:28] [SUCCESS] bvid=BV17nXiBFEJm 已成功抓取全部所需数据。
[2026-04-02 18:36:33] [SUCCESS] bvid=BV17nXiBFEGK 已成功抓取全部所需数据。
[2026-04-02 18:36:39] [SUCCESS] bvid=BV1LHXiBbEQ5 已成功抓取全部所需数据。
[2026-04-02 18:36:44] [SUCCESS] bvid=BV1VbXiB9Ekn 已成功抓取全部所需数据。
[2026-04-02 18:36:49] [SUCCESS] bvid=BV1abXiB9EiY 已成功抓取全部所需数据。
[2026-04-02 18:36:49] [INFO] 当前 batch_crawl 已完成，所有视频均已成功抓取。
[2026-04-02 18:36:49] 子任务结束时间：2026-04-02T18:36:49.585889
[TIMESTAMP][END] 2026-04-02T18:36:49
