[TIMESTAMP][BEGIN] 2026-04-02T15:38:30
[2026-04-02 15:38:32] 开始执行 CSV 批量抓取子任务 part_4。
[2026-04-02 15:38:32] 子任务开始时间：2026-04-02T15:38:30.017921
[2026-04-02 15:38:32] 输入文件：batch_input_4.csv
[2026-04-02 15:38:32] 输入唯一 bvid 数量：100
[2026-04-02 15:38:32] 为严格按 CSV 顺序判断连续失败阈值，本次任务自动将并发度从 2 调整为 1。
[2026-04-02 15:38:37] [SUCCESS] bvid=BV1Hs9jBUEhq 已成功抓取全部所需数据。
[2026-04-02 15:38:42] [SUCCESS] bvid=BV1rs9jBUEJa 已成功抓取全部所需数据。
[2026-04-02 15:38:48] [SUCCESS] bvid=BV1Hs9jBUEDx 已成功抓取全部所需数据。
[2026-04-02 15:38:53] [SUCCESS] bvid=BV1z29LByE3D 已成功抓取全部所需数据。
[2026-04-02 15:38:59] [SUCCESS] bvid=BV17Y9jBVEAi 已成功抓取全部所需数据。
[2026-04-02 15:39:04] [SUCCESS] bvid=BV1D49LBtEcn 已成功抓取全部所需数据。
[2026-04-02 15:39:09] [SUCCESS] bvid=BV1L797BVEsy 已成功抓取全部所需数据。
[2026-04-02 15:39:14] [SUCCESS] bvid=BV1Ac9LBjEgA 已成功抓取全部所需数据。
[2026-04-02 15:39:20] [SUCCESS] bvid=BV1je9jBkEs8 已成功抓取全部所需数据。
[2026-04-02 15:39:25] [SUCCESS] bvid=BV1qe9jBkEjW 已成功抓取全部所需数据。
[2026-04-02 15:39:30] [SUCCESS] bvid=BV1K59jB4EEu 已成功抓取全部所需数据。
[2026-04-02 15:39:36] [SUCCESS] bvid=BV1zh9jByE3y 已成功抓取全部所需数据。
[2026-04-02 15:39:41] [SUCCESS] bvid=BV1kH9jBDEJP 已成功抓取全部所需数据。
[2026-04-02 15:39:46] [SUCCESS] bvid=BV1459jBxEH7 已成功抓取全部所需数据。
[2026-04-02 15:39:51] [SUCCESS] bvid=BV11L9jBREKt 已成功抓取全部所需数据。
[2026-04-02 15:39:56] [SUCCESS] bvid=BV1b39jBtENk 已成功抓取全部所需数据。
[2026-04-02 15:40:01] [SUCCESS] bvid=BV1u39jBbE5F 已成功抓取全部所需数据。
[2026-04-02 15:40:06] [SUCCESS] bvid=BV1mG9jBoERd 已成功抓取全部所需数据。
[2026-04-02 15:40:12] [SUCCESS] bvid=BV1pn9jBHEfw 已成功抓取全部所需数据。
[2026-04-02 15:40:17] [SUCCESS] bvid=BV1Hn9jBHEfc 已成功抓取全部所需数据。
[2026-04-02 15:40:22] [SUCCESS] bvid=BV1Pn9jBpEmU 已成功抓取全部所需数据。
[2026-04-02 15:40:27] [SUCCESS] bvid=BV19V9VBbEnY 已成功抓取全部所需数据。
[2026-04-02 15:40:32] [SUCCESS] bvid=BV1pH9jBDECb 已成功抓取全部所需数据。
[2026-04-02 15:40:37] [SUCCESS] bvid=BV1Wn9jBHEkX 已成功抓取全部所需数据。
[2026-04-02 15:40:43] [SUCCESS] bvid=BV1299jBfEzU 已成功抓取全部所需数据。
[2026-04-02 15:40:48] [SUCCESS] bvid=BV1PE9jB9Edt 已成功抓取全部所需数据。
[2026-04-02 15:40:53] [SUCCESS] bvid=BV1QW97BMEby 已成功抓取全部所需数据。
[2026-04-02 15:40:59] [SUCCESS] bvid=BV1uQ9jBcEzq 已成功抓取全部所需数据。
[2026-04-02 15:41:04] [SUCCESS] bvid=BV1UX9jB8Eka 已成功抓取全部所需数据。
[2026-04-02 15:41:09] [SUCCESS] bvid=BV1MX9jB8E93 已成功抓取全部所需数据。
[2026-04-02 15:41:15] [SUCCESS] bvid=BV14X9jB8EnW 已成功抓取全部所需数据。
[2026-04-02 15:41:20] [SUCCESS] bvid=BV1MX9jB8E2c 已成功抓取全部所需数据。
[2026-04-02 15:41:26] [SUCCESS] bvid=BV1iR9LBuEcx 已成功抓取全部所需数据。
[2026-04-02 15:41:31] [SUCCESS] bvid=BV1gS9jBaE8z 已成功抓取全部所需数据。
[2026-04-02 15:41:37] [SUCCESS] bvid=BV1xo9jBoEti 已成功抓取全部所需数据。
[2026-04-02 15:41:42] [SUCCESS] bvid=BV1bU9jBAEfb 已成功抓取全部所需数据。
[2026-04-02 15:41:47] [SUCCESS] bvid=BV1xo6FB1ES5 已成功抓取全部所需数据。
[2026-04-02 15:41:53] [SUCCESS] bvid=BV1aoXzBwET8 已成功抓取全部所需数据。
[2026-04-02 15:41:58] [SUCCESS] bvid=BV1Vn97B3EfP 已成功抓取全部所需数据。
[2026-04-02 15:42:04] [SUCCESS] bvid=BV12q97BbEkr 已成功抓取全部所需数据。
[2026-04-02 15:42:09] [SUCCESS] bvid=BV1ky97B9Efn 已成功抓取全部所需数据。
[2026-04-02 15:42:14] [SUCCESS] bvid=BV1dyXqBaEE5 已成功抓取全部所需数据。
[2026-04-02 15:42:20] [SUCCESS] bvid=BV1ZqXWBfEKN 已成功抓取全部所需数据。
[2026-04-02 15:42:25] [SUCCESS] bvid=BV1WNA3z8EoP 已成功抓取全部所需数据。
[2026-04-02 15:42:30] [SUCCESS] bvid=BV1iX9LB6Eyb 已成功抓取全部所需数据。
[2026-04-02 15:42:36] [SUCCESS] bvid=BV1Ko9jBoE3Z 已成功抓取全部所需数据。
[2026-04-02 15:42:41] [SUCCESS] bvid=BV1Ko9jBoEhB 已成功抓取全部所需数据。
[2026-04-02 15:42:46] [SUCCESS] bvid=BV1Ko9jBoEB6 已成功抓取全部所需数据。
[2026-04-02 15:42:51] [SUCCESS] bvid=BV1Nf9jBxELz 已成功抓取全部所需数据。
[2026-04-02 15:42:56] [SUCCESS] bvid=BV1Kf9jBxEAj 已成功抓取全部所需数据。
[2026-04-02 15:43:02] [SUCCESS] bvid=BV1Nf9jBxE2P 已成功抓取全部所需数据。
[2026-04-02 15:43:07] [SUCCESS] bvid=BV1Nd9jBtEZJ 已成功抓取全部所需数据。
[2026-04-02 15:43:12] [SUCCESS] bvid=BV1Kd9jBtERd 已成功抓取全部所需数据。
[2026-04-02 15:43:18] [SUCCESS] bvid=BV14d9jBtEBu 已成功抓取全部所需数据。
[2026-04-02 15:43:23] [SUCCESS] bvid=BV1Vz9jBuESC 已成功抓取全部所需数据。
[2026-04-02 15:43:28] [SUCCESS] bvid=BV1ez9jBuEkz 已成功抓取全部所需数据。
[2026-04-02 15:43:33] [SUCCESS] bvid=BV1Lz9jBuEWa 已成功抓取全部所需数据。
[2026-04-02 15:43:38] [SUCCESS] bvid=BV1h19jBNEDS 已成功抓取全部所需数据。
[2026-04-02 15:43:43] [SUCCESS] bvid=BV1v69jBBEFe 已成功抓取全部所需数据。
[2026-04-02 15:43:49] [SUCCESS] bvid=BV1e69jBBEBR 已成功抓取全部所需数据。
[2026-04-02 15:44:12] [SUCCESS] bvid=BV1569jBBEpC 已成功抓取全部所需数据。
[2026-04-02 15:44:18] [SUCCESS] bvid=BV1ji9jB3E87 已成功抓取全部所需数据。
[2026-04-02 15:44:23] [SUCCESS] bvid=BV1ii9jB3E2f 已成功抓取全部所需数据。
[2026-04-02 15:44:29] [SUCCESS] bvid=BV1rtXYBoEnX 已成功抓取全部所需数据。
[2026-04-02 15:44:35] [SUCCESS] bvid=BV1RZXrBuEcy 已成功抓取全部所需数据。
[2026-04-02 15:44:40] [SUCCESS] bvid=BV1t195B4Edg 已成功抓取全部所需数据。
[2026-04-02 15:44:45] [SUCCESS] bvid=BV15q9jB6Eon 已成功抓取全部所需数据。
[2026-04-02 15:44:51] [SUCCESS] bvid=BV15q9jB6Erp 已成功抓取全部所需数据。
[2026-04-02 15:44:56] [SUCCESS] bvid=BV1dq9jB6Edq 已成功抓取全部所需数据。
[2026-04-02 15:45:08] [SUCCESS] bvid=BV1hw95BdE5p 已成功抓取全部所需数据。
[2026-04-02 15:45:25] [SUCCESS] bvid=BV1h29jBeEXz 已成功抓取全部所需数据。
[2026-04-02 15:45:31] [SUCCESS] bvid=BV13C9jBiEkz 已成功抓取全部所需数据。
[2026-04-02 15:45:36] [SUCCESS] bvid=BV1829jBeErD 已成功抓取全部所需数据。
[2026-04-02 15:55:48] [ERROR] bvid=BV1a29jBeE7h 抓取失败：stat: Timeout of 600.0s exceeded, last exception: HTTPSConnectionPool(host='bigquery.googleapis.com', port=443): Max retries exceeded with url: /bigquery/v2/projects/bilibili-m2s2vp-research/datasets/bili_video_stream_data_test_2?prettyPrint=false (Caused by ProxyError('Unable to connect to proxy', RemoteDisconnected('Remote end closed connection without response')))
[2026-04-02 15:56:07] [SUCCESS] bvid=BV1QC9jBiE9L 已成功抓取全部所需数据。
[2026-04-02 15:56:26] [SUCCESS] bvid=BV1Vk9jBKEuX 已成功抓取全部所需数据。
[2026-04-02 15:56:45] [SUCCESS] bvid=BV1ek9jBTEYo 已成功抓取全部所需数据。
[2026-04-02 15:57:03] [SUCCESS] bvid=BV15k9jBMENx 已成功抓取全部所需数据。
[2026-04-02 15:57:22] [SUCCESS] bvid=BV1Vk9jBTEzU 已成功抓取全部所需数据。
[2026-04-02 15:57:41] [SUCCESS] bvid=BV1GC9jBiExQ 已成功抓取全部所需数据。
[2026-04-02 15:57:59] [SUCCESS] bvid=BV1YC9jBiEbK 已成功抓取全部所需数据。
[2026-04-02 15:58:16] [SUCCESS] bvid=BV1oL97BCEUh 已成功抓取全部所需数据。
[2026-04-02 15:58:34] [SUCCESS] bvid=BV1ZL97BCETV 已成功抓取全部所需数据。
[2026-04-02 15:58:52] [SUCCESS] bvid=BV1VC9jBiELM 已成功抓取全部所需数据。
[2026-04-02 15:59:10] [SUCCESS] bvid=BV1oL97ByEwD 已成功抓取全部所需数据。
[2026-04-02 15:59:22] [SUCCESS] bvid=BV1R797BGEmD 已成功抓取全部所需数据。
[2026-04-02 15:59:28] [SUCCESS] bvid=BV1BU9LBVE2d 已成功抓取全部所需数据。
[2026-04-02 15:59:33] [SUCCESS] bvid=BV1ZL97BCE7f 已成功抓取全部所需数据。
[2026-04-02 15:59:39] [SUCCESS] bvid=BV1AzQZBYEw6 已成功抓取全部所需数据。
[2026-04-02 15:59:45] [SUCCESS] bvid=BV1hh97BeEAB 已成功抓取全部所需数据。
[2026-04-02 15:59:50] [SUCCESS] bvid=BV1R797BGEfv 已成功抓取全部所需数据。
[2026-04-02 15:59:56] [SUCCESS] bvid=BV17G97B2EbY 已成功抓取全部所需数据。
[2026-04-02 16:00:01] [SUCCESS] bvid=BV1VH97B6ECo 已成功抓取全部所需数据。
[2026-04-02 16:00:08] [SUCCESS] bvid=BV1Z597B5EQ8 已成功抓取全部所需数据。
[2026-04-02 16:00:13] [SUCCESS] bvid=BV1VH97B6E29 已成功抓取全部所需数据。
[2026-04-02 16:00:19] [SUCCESS] bvid=BV19W97BMErC 已成功抓取全部所需数据。
[2026-04-02 16:00:25] [SUCCESS] bvid=BV1vE97B6E1L 已成功抓取全部所需数据。
[2026-04-02 16:00:30] [SUCCESS] bvid=BV1RE97BrErS 已成功抓取全部所需数据。
[2026-04-02 16:00:36] [SUCCESS] bvid=BV1dE97BrEno 已成功抓取全部所需数据。
[2026-04-02 16:00:42] [SUCCESS] bvid=BV1vn97B3EGU 已成功抓取全部所需数据。
[2026-04-02 16:00:42] [WARN] 当前子任务已结束，但仍有未成功抓取的视频，已导出 remaining CSV 供继续执行。
[2026-04-02 16:00:42] [INFO] 已导出剔除成功条目后的剩余 CSV：D:\Schoolworks\Thesis\Bilibili-Datahub\outputs\video_data\manual_crawls\manual_crawl_stat_comment_20260402_150939\remaining_bvids_part_4.csv
[2026-04-02 16:00:42] 子任务结束时间：2026-04-02T16:00:42.346801
[TIMESTAMP][END] 2026-04-02T16:00:42
