[TIMESTAMP][BEGIN] 2026-04-02T15:18:52
[2026-04-02 15:18:55] 开始执行 CSV 批量抓取子任务 part_2。
[2026-04-02 15:18:55] 子任务开始时间：2026-04-02T15:18:52.133562
[2026-04-02 15:18:55] 输入文件：batch_input_2.csv
[2026-04-02 15:18:55] 输入唯一 bvid 数量：100
[2026-04-02 15:18:55] 为严格按 CSV 顺序判断连续失败阈值，本次任务自动将并发度从 2 调整为 1。
[2026-04-02 15:19:01] [SUCCESS] bvid=BV16Z9WBuERq 已成功抓取全部所需数据。
[2026-04-02 15:19:07] [SUCCESS] bvid=BV14H9nBTECu 已成功抓取全部所需数据。
[2026-04-02 15:19:13] [SUCCESS] bvid=BV1e59sBtEQW 已成功抓取全部所需数据。
[2026-04-02 15:19:20] [SUCCESS] bvid=BV1e59sBtECC 已成功抓取全部所需数据。
[2026-04-02 15:19:26] [SUCCESS] bvid=BV1ig9sBcEA9 已成功抓取全部所需数据。
[2026-04-02 15:19:32] [SUCCESS] bvid=BV1Sj9nB6EJG 已成功抓取全部所需数据。
[2026-04-02 15:19:39] [SUCCESS] bvid=BV1jy9nBHEtu 已成功抓取全部所需数据。
[2026-04-02 15:19:46] [SUCCESS] bvid=BV1dq9jB6EoG 已成功抓取全部所需数据。
[2026-04-02 15:19:53] [SUCCESS] bvid=BV1pbXWBKEE6 已成功抓取全部所需数据。
[2026-04-02 15:20:00] [SUCCESS] bvid=BV18j9nB6Ews 已成功抓取全部所需数据。
[2026-04-02 15:20:06] [SUCCESS] bvid=BV1YE9sBRENq 已成功抓取全部所需数据。
[2026-04-02 15:20:13] [SUCCESS] bvid=BV1Sj9nB6EHU 已成功抓取全部所需数据。
[2026-04-02 15:20:19] [SUCCESS] bvid=BV1bE9nBuE7B 已成功抓取全部所需数据。
[2026-04-02 15:20:26] [SUCCESS] bvid=BV11x9nBeE37 已成功抓取全部所需数据。
[2026-04-02 15:20:32] [SUCCESS] bvid=BV1a79sBxE6H 已成功抓取全部所需数据。
[2026-04-02 15:20:44] [SUCCESS] bvid=BV1st9nBAEhE 已成功抓取全部所需数据。
[2026-04-02 15:20:55] [SUCCESS] bvid=BV1yt9nBAEbD 已成功抓取全部所需数据。
[2026-04-02 15:21:01] [SUCCESS] bvid=BV1v19nBDEDx 已成功抓取全部所需数据。
[2026-04-02 15:21:06] [SUCCESS] bvid=BV1kZ9WBuEmn 已成功抓取全部所需数据。
[2026-04-02 15:21:12] [SUCCESS] bvid=BV1st9nBAEgP 已成功抓取全部所需数据。
[2026-04-02 15:21:17] [SUCCESS] bvid=BV1rZ9WBuEXT 已成功抓取全部所需数据。
[2026-04-02 15:21:22] [SUCCESS] bvid=BV1rf9WBBEfv 已成功抓取全部所需数据。
[2026-04-02 15:21:27] [SUCCESS] bvid=BV1xp9nBiEZf 已成功抓取全部所需数据。
[2026-04-02 15:21:32] [SUCCESS] bvid=BV1xs9nBNE2S 已成功抓取全部所需数据。
[2026-04-02 15:21:38] [SUCCESS] bvid=BV1iM9sBaEzG 已成功抓取全部所需数据。
[2026-04-02 15:21:43] [SUCCESS] bvid=BV1FP9sBKEkd 已成功抓取全部所需数据。
[2026-04-02 15:21:48] [SUCCESS] bvid=BV1iM9sBaE6y 已成功抓取全部所需数据。
[2026-04-02 15:21:53] [SUCCESS] bvid=BV1go9nBVEJa 已成功抓取全部所需数据。
[2026-04-02 15:21:59] [SUCCESS] bvid=BV1Wt9nBAEpN 已成功抓取全部所需数据。
[2026-04-02 15:22:04] [SUCCESS] bvid=BV1Ys97BBEW3 已成功抓取全部所需数据。
[2026-04-02 15:22:09] [SUCCESS] bvid=BV1uZ9nBkEt8 已成功抓取全部所需数据。
[2026-04-02 15:22:14] [SUCCESS] bvid=BV1iXXrBCE5d 已成功抓取全部所需数据。
[2026-04-02 15:22:20] [SUCCESS] bvid=BV1Zn9HBdEUS 已成功抓取全部所需数据。
[2026-04-02 15:22:25] [SUCCESS] bvid=BV1Z5XoB9EKE 已成功抓取全部所需数据。
[2026-04-02 15:22:31] [SUCCESS] bvid=BV1Z5XoB9ErL 已成功抓取全部所需数据。
[2026-04-02 15:22:37] [SUCCESS] bvid=BV1De9JBuEBa 已成功抓取全部所需数据。
[2026-04-02 15:22:42] [SUCCESS] bvid=BV1GD9nB7EHo 已成功抓取全部所需数据。
[2026-04-02 15:22:47] [SUCCESS] bvid=BV1uF9HB3Esp 已成功抓取全部所需数据。
[2026-04-02 15:22:53] [SUCCESS] bvid=BV1op9HBsEND 已成功抓取全部所需数据。
[2026-04-02 15:22:58] [SUCCESS] bvid=BV1d49HBQEar 已成功抓取全部所需数据。
[2026-04-02 15:23:03] [SUCCESS] bvid=BV1dW9HBREmr 已成功抓取全部所需数据。
[2026-04-02 15:23:08] [SUCCESS] bvid=BV1Ca9VBjEoe 已成功抓取全部所需数据。
[2026-04-02 15:23:13] [SUCCESS] bvid=BV1hu9EBqE1z 已成功抓取全部所需数据。
[2026-04-02 15:23:18] [SUCCESS] bvid=BV1Pu9HBNEfQ 已成功抓取全部所需数据。
[2026-04-02 15:23:23] [SUCCESS] bvid=BV1Ag9HBeECZ 已成功抓取全部所需数据。
[2026-04-02 15:23:29] [SUCCESS] bvid=BV1KK9HBTEMm 已成功抓取全部所需数据。
[2026-04-02 15:23:34] [SUCCESS] bvid=BV1ayXdBLE24 已成功抓取全部所需数据。
[2026-04-02 15:23:39] [SUCCESS] bvid=BV1GyXdBLEmd 已成功抓取全部所需数据。
[2026-04-02 15:23:44] [SUCCESS] bvid=BV1QyXdB5ERy 已成功抓取全部所需数据。
[2026-04-02 15:23:50] [SUCCESS] bvid=BV1QyXdB5EZG 已成功抓取全部所需数据。
[2026-04-02 15:23:57] [SUCCESS] bvid=BV1XyXdB5EJC 已成功抓取全部所需数据。
[2026-04-02 15:24:03] [SUCCESS] bvid=BV1Fj9HB8Eqq 已成功抓取全部所需数据。
[2026-04-02 15:24:11] [SUCCESS] bvid=BV1Y19jBNET1 已成功抓取全部所需数据。
[2026-04-02 15:24:17] [SUCCESS] bvid=BV1eA9EBrEE9 已成功抓取全部所需数据。
[2026-04-02 15:24:29] [SUCCESS] bvid=BV1Dp9LBcECa 已成功抓取全部所需数据。
[2026-04-02 15:24:48] [SUCCESS] bvid=BV1pbXWBKE3F 已成功抓取全部所需数据。
[2026-04-02 15:25:07] [SUCCESS] bvid=BV12k9HBrE6j 已成功抓取全部所需数据。
[2026-04-02 15:25:25] [SUCCESS] bvid=BV1kQ9HBvE6c 已成功抓取全部所需数据。
[2026-04-02 15:25:32] [SUCCESS] bvid=BV1G89HBDEQw 已成功抓取全部所需数据。
[2026-04-02 15:25:38] [SUCCESS] bvid=BV1R89HBSEND 已成功抓取全部所需数据。
[2026-04-02 15:25:45] [SUCCESS] bvid=BV1uB9HBLEnk 已成功抓取全部所需数据。
[2026-04-02 15:25:51] [SUCCESS] bvid=BV1TH9nBMEzD 已成功抓取全部所需数据。
[2026-04-02 15:25:57] [SUCCESS] bvid=BV1pF97BREyi 已成功抓取全部所需数据。
[2026-04-02 15:26:03] [SUCCESS] bvid=BV14J9nBBEZ9 已成功抓取全部所需数据。
[2026-04-02 15:26:09] [SUCCESS] bvid=BV12J9nBBES9 已成功抓取全部所需数据。
[2026-04-02 15:26:16] [SUCCESS] bvid=BV18j9nB6ELi 已成功抓取全部所需数据。
[2026-04-02 15:26:22] [SUCCESS] bvid=BV1sx9nBeEJ8 已成功抓取全部所需数据。
[2026-04-02 15:26:28] [SUCCESS] bvid=BV1xp9nBiE2E 已成功抓取全部所需数据。
[2026-04-02 15:26:35] [SUCCESS] bvid=BV1a99nBLE7p 已成功抓取全部所需数据。
[2026-04-02 15:26:41] [SUCCESS] bvid=BV1uF9HB3EsB 已成功抓取全部所需数据。
[2026-04-02 15:26:48] [SUCCESS] bvid=BV1jy9nBHE75 已成功抓取全部所需数据。
[2026-04-02 15:26:54] [SUCCESS] bvid=BV1Br9nBWEws 已成功抓取全部所需数据。
[2026-04-02 15:27:00] [SUCCESS] bvid=BV1VD9nB7EpU 已成功抓取全部所需数据。
[2026-04-02 15:27:07] [SUCCESS] bvid=BV1VD9nB7EpL 已成功抓取全部所需数据。
[2026-04-02 15:27:13] [SUCCESS] bvid=BV1VU9nBUEfR 已成功抓取全部所需数据。
[2026-04-02 15:27:20] [SUCCESS] bvid=BV1Rp9JB2E7q 已成功抓取全部所需数据。
[2026-04-02 15:27:25] [SUCCESS] bvid=BV1c8XWBvErC 已成功抓取全部所需数据。
[2026-04-02 15:27:30] [SUCCESS] bvid=BV1QK9EBzE4u 已成功抓取全部所需数据。
[2026-04-02 15:27:36] [SUCCESS] bvid=BV1eN9EBgEw3 已成功抓取全部所需数据。
[2026-04-02 15:27:41] [SUCCESS] bvid=BV1YK9EBzELV 已成功抓取全部所需数据。
[2026-04-02 15:27:46] [SUCCESS] bvid=BV1hu9EBqEby 已成功抓取全部所需数据。
[2026-04-02 15:27:51] [SUCCESS] bvid=BV1fX97BEESx 已成功抓取全部所需数据。
[2026-04-02 15:27:56] [SUCCESS] bvid=BV1fX97BEEBS 已成功抓取全部所需数据。
[2026-04-02 15:28:01] [SUCCESS] bvid=BV13kXkBuES7 已成功抓取全部所需数据。
[2026-04-02 15:28:07] [SUCCESS] bvid=BV1q997BmEvE 已成功抓取全部所需数据。
[2026-04-02 15:28:12] [SUCCESS] bvid=BV1f997BmET4 已成功抓取全部所需数据。
[2026-04-02 15:28:18] [SUCCESS] bvid=BV1HS97BHENh 已成功抓取全部所需数据。
[2026-04-02 15:28:24] [SUCCESS] bvid=BV1zD97BSEgi 已成功抓取全部所需数据。
[2026-04-02 15:28:29] [SUCCESS] bvid=BV1qf97B5Ew6 已成功抓取全部所需数据。
[2026-04-02 15:28:34] [SUCCESS] bvid=BV1if97B5Ey5 已成功抓取全部所需数据。
[2026-04-02 15:28:39] [SUCCESS] bvid=BV1969jBBEwj 已成功抓取全部所需数据。
[2026-04-02 15:28:44] [SUCCESS] bvid=BV1qd97BjErB 已成功抓取全部所需数据。
[2026-04-02 15:28:50] [SUCCESS] bvid=BV1qd97BjEAC 已成功抓取全部所需数据。
[2026-04-02 15:28:55] [SUCCESS] bvid=BV1do97B1ESw 已成功抓取全部所需数据。
[2026-04-02 15:29:00] [SUCCESS] bvid=BV17o97B2EQg 已成功抓取全部所需数据。
[2026-04-02 15:29:05] [SUCCESS] bvid=BV1qo97B1E9W 已成功抓取全部所需数据。
[2026-04-02 15:29:11] [SUCCESS] bvid=BV1wb9EBREtq 已成功抓取全部所需数据。
[2026-04-02 15:29:16] [SUCCESS] bvid=BV1nh9EBpExt 已成功抓取全部所需数据。
[2026-04-02 15:29:22] [SUCCESS] bvid=BV1Hh9EBWET3 已成功抓取全部所需数据。
[2026-04-02 15:29:27] [SUCCESS] bvid=BV1px9EBdEZ3 已成功抓取全部所需数据。
[2026-04-02 15:29:27] [INFO] 当前 batch_crawl 已完成，所有视频均已成功抓取。
[2026-04-02 15:29:27] 子任务结束时间：2026-04-02T15:29:27.634880
[TIMESTAMP][END] 2026-04-02T15:29:27
