[TIMESTAMP][BEGIN] 2026-04-12T18:18:58
[2026-04-12 18:19:01] 开始执行 CSV 批量抓取子任务 part_17。
[2026-04-12 18:19:01] 子任务开始时间：2026-04-12T18:18:58.851251
[2026-04-12 18:19:01] 输入文件：batch_input_17.csv
[2026-04-12 18:19:01] 输入唯一 bvid 数量：100
[2026-04-12 18:19:01] 为严格按 CSV 顺序判断连续失败阈值，本次任务自动将并发度从 2 调整为 1。
[2026-04-12 18:19:09] [SUCCESS] bvid=BV1FzXNB2EhW 已成功抓取全部所需数据。
[2026-04-12 18:19:14] [SUCCESS] bvid=BV1FzXNB2Eke 已成功抓取全部所需数据。
[2026-04-12 18:19:19] [SUCCESS] bvid=BV1FzXNB2Eyj 已成功抓取全部所需数据。
[2026-04-12 18:19:25] [SUCCESS] bvid=BV1FzXNB2Ezs 已成功抓取全部所需数据。
[2026-04-12 18:19:35] [SUCCESS] bvid=BV1G19jBNEhx 已成功抓取全部所需数据。
[2026-04-12 18:19:40] [SUCCESS] bvid=BV1G1DaBzEXb 已成功抓取全部所需数据。
[2026-04-12 18:19:49] [SUCCESS] bvid=BV1G1DaBzEgy 已成功抓取全部所需数据。
[2026-04-12 18:19:54] [SUCCESS] bvid=BV1G1XGBRE7D 已成功抓取全部所需数据。
[2026-04-12 18:19:57] [ERROR] bvid=BV1G1XGBREi7 抓取失败：media: No downloadable media stream found for this bvid.
[2026-04-12 18:20:06] [SUCCESS] bvid=BV1G1XYBjERc 已成功抓取全部所需数据。
[2026-04-12 18:20:12] [SUCCESS] bvid=BV1G2DCBBEJP 已成功抓取全部所需数据。
[2026-04-12 18:20:18] [SUCCESS] bvid=BV1G2DeB2EDo 已成功抓取全部所需数据。
[2026-04-12 18:20:25] [SUCCESS] bvid=BV1G2DeB2EQj 已成功抓取全部所需数据。
[2026-04-12 18:20:31] [SUCCESS] bvid=BV1G2DuB6Ej5 已成功抓取全部所需数据。
[2026-04-12 18:20:39] [SUCCESS] bvid=BV1G2DuB6Etw 已成功抓取全部所需数据。
[2026-04-12 18:20:45] [SUCCESS] bvid=BV1G2XgBjEA2 已成功抓取全部所需数据。
[2026-04-12 18:20:51] [SUCCESS] bvid=BV1G2XgBjEVv 已成功抓取全部所需数据。
[2026-04-12 18:20:59] [SUCCESS] bvid=BV1G3DeBrEgU 已成功抓取全部所需数据。
[2026-04-12 18:21:06] [SUCCESS] bvid=BV1G3DsBSEdR 已成功抓取全部所需数据。
[2026-04-12 18:21:14] [SUCCESS] bvid=BV1G3SDBQEdD 已成功抓取全部所需数据。
[2026-04-12 18:21:20] [SUCCESS] bvid=BV1G3SDBQEsm 已成功抓取全部所需数据。
[2026-04-12 18:21:30] [SUCCESS] bvid=BV1G3X5BoEvt 已成功抓取全部所需数据。
[2026-04-12 18:21:36] [SUCCESS] bvid=BV1G3XDBhEfm 已成功抓取全部所需数据。
[2026-04-12 18:21:43] [SUCCESS] bvid=BV1G4XVBoE33 已成功抓取全部所需数据。
[2026-04-12 18:21:49] [SUCCESS] bvid=BV1G4XVBoE3c 已成功抓取全部所需数据。
[2026-04-12 18:21:56] [SUCCESS] bvid=BV1G4XVBoEBF 已成功抓取全部所需数据。
[2026-04-12 18:22:10] [SUCCESS] bvid=BV1G4XVBoED2 已成功抓取全部所需数据。
[2026-04-12 18:22:22] [SUCCESS] bvid=BV1G4XVBoEDh 已成功抓取全部所需数据。
[2026-04-12 18:22:35] [SUCCESS] bvid=BV1G4XVBoEJv 已成功抓取全部所需数据。
[2026-04-12 18:22:47] [SUCCESS] bvid=BV1G4XVBoERz 已成功抓取全部所需数据。
[2026-04-12 18:23:02] [SUCCESS] bvid=BV1G4XVBoEXw 已成功抓取全部所需数据。
[2026-04-12 18:23:16] [SUCCESS] bvid=BV1G4XVBoEb7 已成功抓取全部所需数据。
[2026-04-12 18:23:32] [SUCCESS] bvid=BV1G4XVBoEiq 已成功抓取全部所需数据。
[2026-04-12 18:23:58] [SUCCESS] bvid=BV1G4XVBoEuK 已成功抓取全部所需数据。
[2026-04-12 18:24:12] [SUCCESS] bvid=BV1G59FBHE3j 已成功抓取全部所需数据。
[2026-04-12 18:24:38] [SUCCESS] bvid=BV1G5D4BxEQ3 已成功抓取全部所需数据。
[2026-04-12 18:24:50] [SUCCESS] bvid=BV1G5D4BxEyy 已成功抓取全部所需数据。
[2026-04-12 18:24:57] [SUCCESS] bvid=BV1G5DLBdEER 已成功抓取全部所需数据。
[2026-04-12 18:25:04] [SUCCESS] bvid=BV1G5DLBdEF3 已成功抓取全部所需数据。
[2026-04-12 18:25:10] [SUCCESS] bvid=BV1G5DLBdEHC 已成功抓取全部所需数据。
[2026-04-12 18:25:17] [SUCCESS] bvid=BV1G5DLBdEWp 已成功抓取全部所需数据。
[2026-04-12 18:25:23] [SUCCESS] bvid=BV1G5DLBdEgP 已成功抓取全部所需数据。
[2026-04-12 18:25:32] [SUCCESS] bvid=BV1G5DLBdEz4 已成功抓取全部所需数据。
[2026-04-12 18:25:38] [SUCCESS] bvid=BV1G5XTBrESG 已成功抓取全部所需数据。
[2026-04-12 18:25:46] [SUCCESS] bvid=BV1G6DtB4EYX 已成功抓取全部所需数据。
[2026-04-12 18:25:52] [SUCCESS] bvid=BV1G6QwBsEBZ 已成功抓取全部所需数据。
[2026-04-12 18:25:59] [SUCCESS] bvid=BV1G6QwBsEDu 已成功抓取全部所需数据。
[2026-04-12 18:26:04] [SUCCESS] bvid=BV1G6QwBsEqE 已成功抓取全部所需数据。
[2026-04-12 18:26:10] [SUCCESS] bvid=BV1G6XMBkE7w 已成功抓取全部所需数据。
[2026-04-12 18:26:17] [SUCCESS] bvid=BV1G6XMBkECL 已成功抓取全部所需数据。
[2026-04-12 18:26:24] [SUCCESS] bvid=BV1G6XMBkEmr 已成功抓取全部所需数据。
[2026-04-12 18:26:31] [SUCCESS] bvid=BV1G6XMBkEzF 已成功抓取全部所需数据。
[2026-04-12 18:26:37] [SUCCESS] bvid=BV1G6XkB6EJ7 已成功抓取全部所需数据。
[2026-04-12 18:26:46] [SUCCESS] bvid=BV1G7D7BaENZ 已成功抓取全部所需数据。
[2026-04-12 18:26:52] [SUCCESS] bvid=BV1G7D7BaEi3 已成功抓取全部所需数据。
[2026-04-12 18:27:06] [SUCCESS] bvid=BV1G7DLB9EJC 已成功抓取全部所需数据。
[2026-04-12 18:27:13] [SUCCESS] bvid=BV1G7QcBHEtr 已成功抓取全部所需数据。
[2026-04-12 18:27:19] [SUCCESS] bvid=BV1G7XDBbECH 已成功抓取全部所需数据。
[2026-04-12 18:27:25] [SUCCESS] bvid=BV1G7XtBFEFP 已成功抓取全部所需数据。
[2026-04-12 18:27:33] [SUCCESS] bvid=BV1G89HBDEQw 已成功抓取全部所需数据。
[2026-04-12 18:27:39] [SUCCESS] bvid=BV1G89MBVEi1 已成功抓取全部所需数据。
[2026-04-12 18:27:47] [SUCCESS] bvid=BV1G89MBVEzP 已成功抓取全部所需数据。
[2026-04-12 18:27:54] [SUCCESS] bvid=BV1G8DWBmEH8 已成功抓取全部所需数据。
[2026-04-12 18:28:00] [SUCCESS] bvid=BV1G8DWBmEHk 已成功抓取全部所需数据。
[2026-04-12 18:28:05] [SUCCESS] bvid=BV1G8DZB1ERv 已成功抓取全部所需数据。
[2026-04-12 18:28:13] [SUCCESS] bvid=BV1G8DZB1EZf 已成功抓取全部所需数据。
[2026-04-12 18:28:16] [ERROR] bvid=BV1G8XLBYEDJ 抓取失败：media: 接口返回错误代码：62002，信息：稿件不可见。
{'code': 62002, 'message': '稿件不可见', 'ttl': 1}
[2026-04-12 18:28:22] [SUCCESS] bvid=BV1G8XLBYErj 已成功抓取全部所需数据。
[2026-04-12 18:28:30] [SUCCESS] bvid=BV1G8XVBREcm 已成功抓取全部所需数据。
[2026-04-12 18:28:38] [SUCCESS] bvid=BV1G8XfBpE2N 已成功抓取全部所需数据。
[2026-04-12 18:28:47] [SUCCESS] bvid=BV1G8XfBpEVr 已成功抓取全部所需数据。
[2026-04-12 18:29:00] [SUCCESS] bvid=BV1G9DwBQE3j 已成功抓取全部所需数据。
[2026-04-12 18:29:08] [SUCCESS] bvid=BV1G9QcBREdh 已成功抓取全部所需数据。
[2026-04-12 18:29:14] [SUCCESS] bvid=BV1G9XABbEAf 已成功抓取全部所需数据。
[2026-04-12 18:29:20] [SUCCESS] bvid=BV1G9XABbEHs 已成功抓取全部所需数据。
[2026-04-12 18:29:24] [SUCCESS] bvid=BV1GADTBAEqQ 已成功抓取全部所需数据。
[2026-04-12 18:29:30] [SUCCESS] bvid=BV1GADTBwEud 已成功抓取全部所需数据。
[2026-04-12 18:29:37] [SUCCESS] bvid=BV1GADrBFEFs 已成功抓取全部所需数据。
[2026-04-12 18:29:42] [SUCCESS] bvid=BV1GADrBFEf1 已成功抓取全部所需数据。
[2026-04-12 18:29:48] [SUCCESS] bvid=BV1GAf4BGEvA 已成功抓取全部所需数据。
[2026-04-12 18:29:54] [SUCCESS] bvid=BV1GBDNB8EXZ 已成功抓取全部所需数据。
[2026-04-12 18:30:02] [SUCCESS] bvid=BV1GBQwBdEXr 已成功抓取全部所需数据。
[2026-04-12 18:30:12] [SUCCESS] bvid=BV1GBQwBdEmh 已成功抓取全部所需数据。
[2026-04-12 18:30:28] [SUCCESS] bvid=BV1GBXKBKEMn 已成功抓取全部所需数据。
[2026-04-12 18:30:48] [SUCCESS] bvid=BV1GBXKBKEjP 已成功抓取全部所需数据。
[2026-04-12 18:30:54] [SUCCESS] bvid=BV1GBXKBKExS 已成功抓取全部所需数据。
[2026-04-12 18:31:00] [SUCCESS] bvid=BV1GBXbBvEfE 已成功抓取全部所需数据。
[2026-04-12 18:31:10] [SUCCESS] bvid=BV1GC9jBiExQ 已成功抓取全部所需数据。
[2026-04-12 18:31:15] [SUCCESS] bvid=BV1GCSdBNExB 已成功抓取全部所需数据。
[2026-04-12 18:31:22] [SUCCESS] bvid=BV1GCSdBNExy 已成功抓取全部所需数据。
[2026-04-12 18:31:29] [SUCCESS] bvid=BV1GCXgBEE5S 已成功抓取全部所需数据。
[2026-04-12 18:31:34] [SUCCESS] bvid=BV1GCXgBEE7b 已成功抓取全部所需数据。
[2026-04-12 18:31:39] [SUCCESS] bvid=BV1GCXgBEEDR 已成功抓取全部所需数据。
[2026-04-12 18:31:45] [SUCCESS] bvid=BV1GCXgBEEFE 已成功抓取全部所需数据。
[2026-04-12 18:31:50] [SUCCESS] bvid=BV1GCXgBEEKF 已成功抓取全部所需数据。
[2026-04-12 18:31:56] [SUCCESS] bvid=BV1GCXgBEEPK 已成功抓取全部所需数据。
[2026-04-12 18:32:01] [SUCCESS] bvid=BV1GCXgBEEVU 已成功抓取全部所需数据。
[2026-04-12 18:32:06] [SUCCESS] bvid=BV1GCXgBEEfj 已成功抓取全部所需数据。
[2026-04-12 18:32:14] [SUCCESS] bvid=BV1GCXgBEEfu 已成功抓取全部所需数据。
[2026-04-12 18:32:20] [SUCCESS] bvid=BV1GD9nB7EHo 已成功抓取全部所需数据。
[2026-04-12 18:32:20] [WARN] 当前子任务已结束，但仍有未成功抓取的视频，已导出 remaining CSV 供继续执行。
[2026-04-12 18:32:20] [INFO] 已导出剔除成功条目后的剩余 CSV：outputs\video_data\manual_crawls\manual_crawl_media_mode_A_20260412_142029\remaining_bvids_part_17.csv
[2026-04-12 18:32:20] 子任务结束时间：2026-04-12T18:32:20.891496
[TIMESTAMP][END] 2026-04-12T18:32:20
