[TIMESTAMP][BEGIN] 2026-04-12T17:55:39
[2026-04-12 17:55:41] 开始执行 CSV 批量抓取子任务 part_15。
[2026-04-12 17:55:41] 子任务开始时间：2026-04-12T17:55:39.533265
[2026-04-12 17:55:41] 输入文件：batch_input_15.csv
[2026-04-12 17:55:41] 输入唯一 bvid 数量：100
[2026-04-12 17:55:41] 为严格按 CSV 顺序判断连续失败阈值，本次任务自动将并发度从 2 调整为 1。
[2026-04-12 17:55:47] [SUCCESS] bvid=BV1FP9LB5EH7 已成功抓取全部所需数据。
[2026-04-12 17:55:54] [SUCCESS] bvid=BV1FP9LB5Eig 已成功抓取全部所需数据。
[2026-04-12 17:56:00] [SUCCESS] bvid=BV1FP9LB5Et3 已成功抓取全部所需数据。
[2026-04-12 17:56:07] [SUCCESS] bvid=BV1FP9sBKEkd 已成功抓取全部所需数据。
[2026-04-12 17:56:15] [SUCCESS] bvid=BV1FPXTBEEN8 已成功抓取全部所需数据。
[2026-04-12 17:56:22] [SUCCESS] bvid=BV1FPXrBjEUB 已成功抓取全部所需数据。
[2026-04-12 17:56:24] [ERROR] bvid=BV1FQ9KBnEKR 抓取失败：media: 接口返回错误代码：-404，信息：啥都木有。
{'code': -404, 'message': '啥都木有', 'ttl': 1}
[2026-04-12 17:56:30] [SUCCESS] bvid=BV1FQ9KBnEgb 已成功抓取全部所需数据。
[2026-04-12 17:56:38] [SUCCESS] bvid=BV1FQDHBREth 已成功抓取全部所需数据。
[2026-04-12 17:56:43] [SUCCESS] bvid=BV1FQDHBREv5 已成功抓取全部所需数据。
[2026-04-12 17:56:49] [SUCCESS] bvid=BV1FQSfB4Et3 已成功抓取全部所需数据。
[2026-04-12 17:56:56] [SUCCESS] bvid=BV1FQXVB6EDr 已成功抓取全部所需数据。
[2026-04-12 17:57:02] [SUCCESS] bvid=BV1FRDWBhEDq 已成功抓取全部所需数据。
[2026-04-12 17:57:08] [SUCCESS] bvid=BV1FRDWBhETx 已成功抓取全部所需数据。
[2026-04-12 17:57:13] [SUCCESS] bvid=BV1FRDYBpESp 已成功抓取全部所需数据。
[2026-04-12 17:57:19] [SUCCESS] bvid=BV1FRSSBYE2R 已成功抓取全部所需数据。
[2026-04-12 17:57:26] [SUCCESS] bvid=BV1FRSSBYEK6 已成功抓取全部所需数据。
[2026-04-12 17:57:33] [SUCCESS] bvid=BV1FRSSBYEYK 已成功抓取全部所需数据。
[2026-04-12 17:57:39] [SUCCESS] bvid=BV1FRSSBYEZs 已成功抓取全部所需数据。
[2026-04-12 17:57:44] [SUCCESS] bvid=BV1FRXPB2EXm 已成功抓取全部所需数据。
[2026-04-12 17:57:50] [SUCCESS] bvid=BV1FRXVBBE2Y 已成功抓取全部所需数据。
[2026-04-12 17:57:55] [SUCCESS] bvid=BV1FRXmBiE1W 已成功抓取全部所需数据。
[2026-04-12 17:58:02] [SUCCESS] bvid=BV1FRXmBiEah 已成功抓取全部所需数据。
[2026-04-12 17:58:07] [SUCCESS] bvid=BV1FRXmBiEnG 已成功抓取全部所需数据。
[2026-04-12 17:58:15] [SUCCESS] bvid=BV1FS9KBQEU8 已成功抓取全部所需数据。
[2026-04-12 17:58:18] [ERROR] bvid=BV1FT9LBGEVy 抓取失败：media: 接口返回错误代码：62012，信息：62012。
{'code': 62012, 'message': '62012', 'ttl': 1}
[2026-04-12 17:58:23] [SUCCESS] bvid=BV1FTDMBEE8M 已成功抓取全部所需数据。
[2026-04-12 17:58:29] [SUCCESS] bvid=BV1FTDhB2EuG 已成功抓取全部所需数据。
[2026-04-12 17:58:35] [SUCCESS] bvid=BV1FTXaBWEdV 已成功抓取全部所需数据。
[2026-04-12 17:58:42] [SUCCESS] bvid=BV1FU9KBpECm 已成功抓取全部所需数据。
[2026-04-12 17:58:55] [SUCCESS] bvid=BV1FUSoBDEBL 已成功抓取全部所需数据。
[2026-04-12 17:59:02] [SUCCESS] bvid=BV1FUSoBDEqd 已成功抓取全部所需数据。
[2026-04-12 17:59:10] [SUCCESS] bvid=BV1FUXaBsEJv 已成功抓取全部所需数据。
[2026-04-12 17:59:19] [SUCCESS] bvid=BV1FV9JB9E7x 已成功抓取全部所需数据。
[2026-04-12 17:59:25] [SUCCESS] bvid=BV1FV9JBRE1U 已成功抓取全部所需数据。
[2026-04-12 17:59:31] [SUCCESS] bvid=BV1FVXVBiEBw 已成功抓取全部所需数据。
[2026-04-12 17:59:35] [SUCCESS] bvid=BV1FVXVBiEdg 已成功抓取全部所需数据。
[2026-04-12 17:59:41] [SUCCESS] bvid=BV1FVXVBiEfh 已成功抓取全部所需数据。
[2026-04-12 17:59:47] [SUCCESS] bvid=BV1FVXVBiEiJ 已成功抓取全部所需数据。
[2026-04-12 17:59:51] [SUCCESS] bvid=BV1FVXVBiEoL 已成功抓取全部所需数据。
[2026-04-12 17:59:58] [SUCCESS] bvid=BV1FVXVBiEru 已成功抓取全部所需数据。
[2026-04-12 18:00:03] [SUCCESS] bvid=BV1FVXVBiEsk 已成功抓取全部所需数据。
[2026-04-12 18:00:11] [SUCCESS] bvid=BV1FWDTBmEUn 已成功抓取全部所需数据。
[2026-04-12 18:00:17] [SUCCESS] bvid=BV1FWDTBmEcf 已成功抓取全部所需数据。
[2026-04-12 18:00:23] [SUCCESS] bvid=BV1FWDjBzEUA 已成功抓取全部所需数据。
[2026-04-12 18:00:30] [SUCCESS] bvid=BV1FWXMBsEv2 已成功抓取全部所需数据。
[2026-04-12 18:00:36] [SUCCESS] bvid=BV1FWXQBVEQq 已成功抓取全部所需数据。
[2026-04-12 18:00:42] [SUCCESS] bvid=BV1FX9MBtE43 已成功抓取全部所需数据。
[2026-04-12 18:00:49] [SUCCESS] bvid=BV1FX9MBtE4f 已成功抓取全部所需数据。
[2026-04-12 18:00:59] [SUCCESS] bvid=BV1FX9MBtETt 已成功抓取全部所需数据。
[2026-04-12 18:01:06] [SUCCESS] bvid=BV1FX9MBtEW4 已成功抓取全部所需数据。
[2026-04-12 18:01:12] [SUCCESS] bvid=BV1FXDkB1EHD 已成功抓取全部所需数据。
[2026-04-12 18:01:18] [SUCCESS] bvid=BV1FXSfBdERQ 已成功抓取全部所需数据。
[2026-04-12 18:01:26] [SUCCESS] bvid=BV1FYDpBoEos 已成功抓取全部所需数据。
[2026-04-12 18:01:32] [SUCCESS] bvid=BV1FYXWBYEQN 已成功抓取全部所需数据。
[2026-04-12 18:01:34] [ERROR] bvid=BV1FYXWBYES2 抓取失败：media: 接口返回错误代码：62012，信息：62012。
{'code': 62012, 'message': '62012', 'ttl': 1}
[2026-04-12 18:01:42] [SUCCESS] bvid=BV1FYXZBhExH 已成功抓取全部所需数据。
[2026-04-12 18:01:48] [SUCCESS] bvid=BV1FZDWBbEk2 已成功抓取全部所需数据。
[2026-04-12 18:01:56] [SUCCESS] bvid=BV1FZDWBbEk4 已成功抓取全部所需数据。
[2026-04-12 18:02:03] [SUCCESS] bvid=BV1FZDcBcEPN 已成功抓取全部所需数据。
[2026-04-12 18:02:09] [SUCCESS] bvid=BV1FZXBBkEPj 已成功抓取全部所需数据。
[2026-04-12 18:02:17] [SUCCESS] bvid=BV1FZXLB5EeA 已成功抓取全部所需数据。
[2026-04-12 18:02:23] [SUCCESS] bvid=BV1FZXPByEUv 已成功抓取全部所需数据。
[2026-04-12 18:02:29] [SUCCESS] bvid=BV1FZXPByEp7 已成功抓取全部所需数据。
[2026-04-12 18:02:35] [SUCCESS] bvid=BV1FZXSBGEiV 已成功抓取全部所需数据。
[2026-04-12 18:02:41] [SUCCESS] bvid=BV1FZXmBeEnE 已成功抓取全部所需数据。
[2026-04-12 18:02:48] [SUCCESS] bvid=BV1FaD3BZEnx 已成功抓取全部所需数据。
[2026-04-12 18:02:54] [SUCCESS] bvid=BV1FaDaBJEXq 已成功抓取全部所需数据。
[2026-04-12 18:03:00] [SUCCESS] bvid=BV1FaDnBSEsx 已成功抓取全部所需数据。
[2026-04-12 18:03:06] [SUCCESS] bvid=BV1FaX2BYEDk 已成功抓取全部所需数据。
[2026-04-12 18:03:12] [SUCCESS] bvid=BV1FaXWBPEVY 已成功抓取全部所需数据。
[2026-04-12 18:03:17] [SUCCESS] bvid=BV1FaXdBWEah 已成功抓取全部所需数据。
[2026-04-12 18:03:22] [SUCCESS] bvid=BV1FbDrBGEW1 已成功抓取全部所需数据。
[2026-04-12 18:03:28] [SUCCESS] bvid=BV1FbQSBMEvd 已成功抓取全部所需数据。
[2026-04-12 18:03:36] [SUCCESS] bvid=BV1Fc9VBBEGo 已成功抓取全部所需数据。
[2026-04-12 18:03:42] [SUCCESS] bvid=BV1FcD4BNECx 已成功抓取全部所需数据。
[2026-04-12 18:03:47] [SUCCESS] bvid=BV1FcX8BSE45 已成功抓取全部所需数据。
[2026-04-12 18:03:54] [SUCCESS] bvid=BV1FcX8BSEbv 已成功抓取全部所需数据。
[2026-04-12 18:04:03] [SUCCESS] bvid=BV1FcXDBgE63 已成功抓取全部所需数据。
[2026-04-12 18:04:08] [SUCCESS] bvid=BV1FcXTBnEWL 已成功抓取全部所需数据。
[2026-04-12 18:04:15] [SUCCESS] bvid=BV1FcXTBnEWh 已成功抓取全部所需数据。
[2026-04-12 18:04:22] [SUCCESS] bvid=BV1FcXTBnExc 已成功抓取全部所需数据。
[2026-04-12 18:04:27] [SUCCESS] bvid=BV1FcXjBGEMD 已成功抓取全部所需数据。
[2026-04-12 18:04:34] [SUCCESS] bvid=BV1Fd9MBxEF9 已成功抓取全部所需数据。
[2026-04-12 18:04:39] [SUCCESS] bvid=BV1Fd9MBxEju 已成功抓取全部所需数据。
[2026-04-12 18:04:44] [SUCCESS] bvid=BV1FdDZBZESA 已成功抓取全部所需数据。
[2026-04-12 18:04:52] [SUCCESS] bvid=BV1FdQTBSE2U 已成功抓取全部所需数据。
[2026-04-12 18:04:59] [SUCCESS] bvid=BV1FeD3B4EcD 已成功抓取全部所需数据。
[2026-04-12 18:05:05] [SUCCESS] bvid=BV1FeXvBaE3q 已成功抓取全部所需数据。
[2026-04-12 18:05:10] [SUCCESS] bvid=BV1Ff9gBwEY4 已成功抓取全部所需数据。
[2026-04-12 18:05:16] [SUCCESS] bvid=BV1FfDxBiEhn 已成功抓取全部所需数据。
[2026-04-12 18:05:26] [SUCCESS] bvid=BV1FfXKBQE92 已成功抓取全部所需数据。
[2026-04-12 18:05:32] [SUCCESS] bvid=BV1FfXKBQE9U 已成功抓取全部所需数据。
[2026-04-12 18:05:38] [SUCCESS] bvid=BV1FfXKBQEdd 已成功抓取全部所需数据。
[2026-04-12 18:05:45] [SUCCESS] bvid=BV1FfXKBQEp2 已成功抓取全部所需数据。
[2026-04-12 18:05:55] [SUCCESS] bvid=BV1FfXKBQEz3 已成功抓取全部所需数据。
[2026-04-12 18:06:01] [SUCCESS] bvid=BV1FfXSBrEA6 已成功抓取全部所需数据。
[2026-04-12 18:06:07] [SUCCESS] bvid=BV1Fg9JBdEyR 已成功抓取全部所需数据。
[2026-04-12 18:06:14] [SUCCESS] bvid=BV1FgDkB5EeE 已成功抓取全部所需数据。
[2026-04-12 18:06:24] [SUCCESS] bvid=BV1FgSfBsEiP 已成功抓取全部所需数据。
[2026-04-12 18:06:24] [WARN] 当前子任务已结束，但仍有未成功抓取的视频，已导出 remaining CSV 供继续执行。
[2026-04-12 18:06:24] [INFO] 已导出剔除成功条目后的剩余 CSV：outputs\video_data\manual_crawls\manual_crawl_media_mode_A_20260412_142029\remaining_bvids_part_15.csv
[2026-04-12 18:06:24] 子任务结束时间：2026-04-12T18:06:24.253808
[TIMESTAMP][END] 2026-04-12T18:06:24
