[TIMESTAMP][BEGIN] 2026-04-12T14:53:37
[2026-04-12 14:53:39] 开始执行 CSV 批量抓取子任务 part_2。
[2026-04-12 14:53:39] 子任务开始时间：2026-04-12T14:53:37.265248
[2026-04-12 14:53:39] 输入文件：batch_input_2.csv
[2026-04-12 14:53:39] 输入唯一 bvid 数量：100
[2026-04-12 14:53:39] 为严格按 CSV 顺序判断连续失败阈值，本次任务自动将并发度从 2 调整为 1。
[2026-04-12 14:53:44] [SUCCESS] bvid=BV13aXPBaE2C 已成功抓取全部所需数据。
[2026-04-12 14:53:51] [SUCCESS] bvid=BV13eDxBXExT 已成功抓取全部所需数据。
[2026-04-12 14:53:59] [SUCCESS] bvid=BV13gDCBAEup 已成功抓取全部所需数据。
[2026-04-12 14:54:06] [SUCCESS] bvid=BV13iDZBrEiH 已成功抓取全部所需数据。
[2026-04-12 14:54:15] [SUCCESS] bvid=BV13jDLBsEdV 已成功抓取全部所需数据。
[2026-04-12 14:54:37] [SUCCESS] bvid=BV13jDfB5EKg 已成功抓取全部所需数据。
[2026-04-12 14:54:41] [ERROR] bvid=BV13mXGBWEX8 抓取失败：media: 接口返回错误代码：62002，信息：稿件不可见。
{'code': 62002, 'message': '稿件不可见', 'ttl': 1}
[2026-04-12 14:54:55] [SUCCESS] bvid=BV13nDLBXEHt 已成功抓取全部所需数据。
[2026-04-12 14:55:01] [SUCCESS] bvid=BV13qDxBDE75 已成功抓取全部所需数据。
[2026-04-12 14:55:08] [SUCCESS] bvid=BV13qDxBDEUm 已成功抓取全部所需数据。
[2026-04-12 14:55:15] [SUCCESS] bvid=BV13sQABsEb1 已成功抓取全部所需数据。
[2026-04-12 14:55:18] [ERROR] bvid=BV13tX1BjEtc 抓取失败：media: 接口返回错误代码：62002，信息：稿件不可见。
{'code': 62002, 'message': '稿件不可见', 'ttl': 1}
[2026-04-12 14:55:27] [SUCCESS] bvid=BV13vDZBGEci 已成功抓取全部所需数据。
[2026-04-12 14:55:34] [SUCCESS] bvid=BV13wQwBHETi 已成功抓取全部所需数据。
[2026-04-12 14:55:40] [SUCCESS] bvid=BV13wQwBHEm5 已成功抓取全部所需数据。
[2026-04-12 14:55:47] [SUCCESS] bvid=BV13zDxBJEwt 已成功抓取全部所需数据。
[2026-04-12 14:55:50] [ERROR] bvid=BV13zXMBVEor 抓取失败：media: 接口返回错误代码：62002，信息：稿件不可见。
{'code': 62002, 'message': '稿件不可见', 'ttl': 1}
[2026-04-12 14:55:54] [ERROR] bvid=BV141XbBfEb7 抓取失败：media: 接口返回错误代码：62002，信息：稿件不可见。
{'code': 62002, 'message': '稿件不可见', 'ttl': 1}
[2026-04-12 14:55:57] [ERROR] bvid=BV141XbBfEmf 抓取失败：media: 接口返回错误代码：62002，信息：稿件不可见。
{'code': 62002, 'message': '稿件不可见', 'ttl': 1}
[2026-04-12 14:56:03] [SUCCESS] bvid=BV142QFBkEFg 已成功抓取全部所需数据。
[2026-04-12 14:56:11] [SUCCESS] bvid=BV142QFBkEiV 已成功抓取全部所需数据。
[2026-04-12 14:56:19] [SUCCESS] bvid=BV143QwB5EDz 已成功抓取全部所需数据。
[2026-04-12 14:56:26] [SUCCESS] bvid=BV143QwB5EjL 已成功抓取全部所需数据。
[2026-04-12 14:56:33] [SUCCESS] bvid=BV147QKBdEWr 已成功抓取全部所需数据。
[2026-04-12 14:56:36] [ERROR] bvid=BV1499NBFEV8 抓取失败：media: 接口返回错误代码：-404，信息：啥都木有。
{'code': -404, 'message': '啥都木有', 'ttl': 1}
[2026-04-12 14:56:43] [SUCCESS] bvid=BV149DEBdEpG 已成功抓取全部所需数据。
[2026-04-12 14:56:53] [SUCCESS] bvid=BV149QwB1Ewq 已成功抓取全部所需数据。
[2026-04-12 14:57:00] [SUCCESS] bvid=BV14FDWBMEfS 已成功抓取全部所需数据。
[2026-04-12 14:57:07] [SUCCESS] bvid=BV14GQwBCE3r 已成功抓取全部所需数据。
[2026-04-12 14:57:25] [SUCCESS] bvid=BV14GQwBCEEL 已成功抓取全部所需数据。
[2026-04-12 14:57:27] [ERROR] bvid=BV14HX2BuEu8 抓取失败：media: 接口返回错误代码：62002，信息：稿件不可见。
{'code': 62002, 'message': '稿件不可见', 'ttl': 1}
[2026-04-12 14:57:30] [ERROR] bvid=BV14HXjBoEoX 抓取失败：media: 接口返回错误代码：-404，信息：啥都木有。
{'code': -404, 'message': '啥都木有', 'ttl': 1}
[2026-04-12 14:57:37] [SUCCESS] bvid=BV14JQKBsEUf 已成功抓取全部所需数据。
[2026-04-12 14:57:44] [SUCCESS] bvid=BV14JQKBsEkp 已成功抓取全部所需数据。
[2026-04-12 14:57:57] [SUCCESS] bvid=BV14MQFBBE6B 已成功抓取全部所需数据。
[2026-04-12 14:58:09] [SUCCESS] bvid=BV14MQwBjE4J 已成功抓取全部所需数据。
[2026-04-12 14:58:21] [SUCCESS] bvid=BV14MQwBjEZ4 已成功抓取全部所需数据。
[2026-04-12 14:58:36] [SUCCESS] bvid=BV14MQwBjEs9 已成功抓取全部所需数据。
[2026-04-12 14:58:49] [SUCCESS] bvid=BV14NDxBkER1 已成功抓取全部所需数据。
[2026-04-12 14:59:01] [SUCCESS] bvid=BV14NDxBkEUu 已成功抓取全部所需数据。
[2026-04-12 14:59:13] [SUCCESS] bvid=BV14NQFB6EWu 已成功抓取全部所需数据。
[2026-04-12 14:59:26] [SUCCESS] bvid=BV14NQFB6Ezw 已成功抓取全部所需数据。
[2026-04-12 14:59:39] [SUCCESS] bvid=BV14PDZBYEEn 已成功抓取全部所需数据。
[2026-04-12 14:59:51] [SUCCESS] bvid=BV14PDZBeEd3 已成功抓取全部所需数据。
[2026-04-12 15:00:03] [SUCCESS] bvid=BV14TQFBuEmo 已成功抓取全部所需数据。
[2026-04-12 15:00:12] [ERROR] bvid=BV14TXKB4E4P 抓取失败：media: 接口返回错误代码：-404，信息：啥都木有。
{'code': -404, 'message': '啥都木有', 'ttl': 1}
[2026-04-12 15:00:20] [ERROR] bvid=BV14TXKB4ETL 抓取失败：media: 接口返回错误代码：62002，信息：稿件不可见。
{'code': 62002, 'message': '稿件不可见', 'ttl': 1}
[2026-04-12 15:00:33] [SUCCESS] bvid=BV14UDjBHEJp 已成功抓取全部所需数据。
[2026-04-12 15:00:47] [SUCCESS] bvid=BV14UQFB3Ede 已成功抓取全部所需数据。
[2026-04-12 15:00:56] [ERROR] bvid=BV14UXKBbEn3 抓取失败：media: 接口返回错误代码：62012，信息：62012。
{'code': 62012, 'message': '62012', 'ttl': 1}
[2026-04-12 15:01:07] [ERROR] bvid=BV14X9jB8EnW 抓取失败：media: No downloadable media stream found for this bvid.
[2026-04-12 15:01:16] [ERROR] bvid=BV14XQwBjEHM 抓取失败：media: 接口返回错误代码：62012，信息：62012。
{'code': 62012, 'message': '62012', 'ttl': 1}
[2026-04-12 15:01:24] [ERROR] bvid=BV14cDWBqEKc 抓取失败：media: 接口返回错误代码：62002，信息：稿件不可见。
{'code': 62002, 'message': '稿件不可见', 'ttl': 1}
[2026-04-12 15:01:38] [SUCCESS] bvid=BV14cQTB4E9o 已成功抓取全部所需数据。
[2026-04-12 15:01:50] [SUCCESS] bvid=BV14dDnBAE1t 已成功抓取全部所需数据。
[2026-04-12 15:02:04] [SUCCESS] bvid=BV14hQcBkEkF 已成功抓取全部所需数据。
[2026-04-12 15:02:12] [ERROR] bvid=BV14iXaBYEpK 抓取失败：media: No downloadable media stream found for this bvid.
[2026-04-12 15:02:26] [SUCCESS] bvid=BV14jDaBbE76 已成功抓取全部所需数据。
[2026-04-12 15:02:39] [SUCCESS] bvid=BV14nQKB9EMP 已成功抓取全部所需数据。
[2026-04-12 15:02:47] [ERROR] bvid=BV14pXUBjEWW 抓取失败：media: 接口返回错误代码：62002，信息：稿件不可见。
{'code': 62002, 'message': '稿件不可见', 'ttl': 1}
[2026-04-12 15:03:00] [SUCCESS] bvid=BV14uDtBmEB6 已成功抓取全部所需数据。
[2026-04-12 15:03:13] [SUCCESS] bvid=BV14uDtBmEGf 已成功抓取全部所需数据。
[2026-04-12 15:03:24] [SUCCESS] bvid=BV14uQwB1EVy 已成功抓取全部所需数据。
[2026-04-12 15:03:35] [SUCCESS] bvid=BV14uQwB1EgW 已成功抓取全部所需数据。
[2026-04-12 15:03:46] [SUCCESS] bvid=BV14zXsB7EH8 已成功抓取全部所需数据。
[2026-04-12 15:13:38] [SUCCESS] bvid=BV153D4BtEYb 已成功抓取全部所需数据。
[2026-04-12 15:13:51] [SUCCESS] bvid=BV153DfBmEau 已成功抓取全部所需数据。
[2026-04-12 15:14:03] [SUCCESS] bvid=BV154DWBSECN 已成功抓取全部所需数据。
[2026-04-12 15:14:10] [SUCCESS] bvid=BV154DZBmEss 已成功抓取全部所需数据。
[2026-04-12 15:14:13] [ERROR] bvid=BV154XVBoEuz 抓取失败：media: 接口返回错误代码：62002，信息：稿件不可见。
{'code': 62002, 'message': '稿件不可见', 'ttl': 1}
[2026-04-12 15:14:20] [SUCCESS] bvid=BV158DZB1ETZ 已成功抓取全部所需数据。
[2026-04-12 15:14:28] [SUCCESS] bvid=BV158DZB1EjU 已成功抓取全部所需数据。
[2026-04-12 15:14:35] [SUCCESS] bvid=BV158DZB1EuV 已成功抓取全部所需数据。
[2026-04-12 15:14:41] [SUCCESS] bvid=BV158DZB1EvT 已成功抓取全部所需数据。
[2026-04-12 15:14:44] [ERROR] bvid=BV158DvB7EgY 抓取失败：media: 接口返回错误代码：62002，信息：稿件不可见。
{'code': 62002, 'message': '稿件不可见', 'ttl': 1}
[2026-04-12 15:14:52] [SUCCESS] bvid=BV15ADpB7Eb5 已成功抓取全部所需数据。
[2026-04-12 15:14:55] [ERROR] bvid=BV15BDzBtEMe 抓取失败：media: 接口返回错误代码：62002，信息：稿件不可见。
{'code': 62002, 'message': '稿件不可见', 'ttl': 1}
[2026-04-12 15:15:01] [SUCCESS] bvid=BV15BQwBdE7L 已成功抓取全部所需数据。
[2026-04-12 15:15:04] [ERROR] bvid=BV15BXyBSEio 抓取失败：media: 接口返回错误代码：62002，信息：稿件不可见。
{'code': 62002, 'message': '稿件不可见', 'ttl': 1}
[2026-04-12 15:15:13] [SUCCESS] bvid=BV15GQcBREHj 已成功抓取全部所需数据。
[2026-04-12 15:15:16] [ERROR] bvid=BV15PDeBjEQp 抓取失败：media: 接口返回错误代码：-404，信息：啥都木有。
{'code': -404, 'message': '啥都木有', 'ttl': 1}
[2026-04-12 15:15:22] [SUCCESS] bvid=BV15QDfBnEgS 已成功抓取全部所需数据。
[2026-04-12 15:15:28] [SUCCESS] bvid=BV15RDLBbEPU 已成功抓取全部所需数据。
[2026-04-12 15:15:31] [ERROR] bvid=BV15RXjBKEE8 抓取失败：media: No downloadable media stream found for this bvid.
[2026-04-12 15:15:39] [SUCCESS] bvid=BV15SQMBkEbG 已成功抓取全部所需数据。
[2026-04-12 15:15:41] [ERROR] bvid=BV15SXjBBExa 抓取失败：media: 接口返回错误代码：62002，信息：稿件不可见。
{'code': 62002, 'message': '稿件不可见', 'ttl': 1}
[2026-04-12 15:15:50] [SUCCESS] bvid=BV15UDfBnEB4 已成功抓取全部所需数据。
[2026-04-12 15:15:56] [SUCCESS] bvid=BV15UQMBVEi9 已成功抓取全部所需数据。
[2026-04-12 15:16:02] [SUCCESS] bvid=BV15UQMBVErK 已成功抓取全部所需数据。
[2026-04-12 15:16:08] [SUCCESS] bvid=BV15WDYBCEfZ 已成功抓取全部所需数据。
[2026-04-12 15:16:18] [SUCCESS] bvid=BV15XDfBSEsF 已成功抓取全部所需数据。
[2026-04-12 15:16:26] [SUCCESS] bvid=BV15YQFBHE8C 已成功抓取全部所需数据。
[2026-04-12 15:16:37] [SUCCESS] bvid=BV15YQFBHEFS 已成功抓取全部所需数据。
[2026-04-12 15:16:43] [SUCCESS] bvid=BV15YQFBHEQ5 已成功抓取全部所需数据。
[2026-04-12 15:16:49] [SUCCESS] bvid=BV15YQFBHEQL 已成功抓取全部所需数据。
[2026-04-12 15:16:52] [ERROR] bvid=BV15YXMB7E2Y 抓取失败：media: 接口返回错误代码：62002，信息：稿件不可见。
{'code': 62002, 'message': '稿件不可见', 'ttl': 1}
[2026-04-12 15:17:01] [SUCCESS] bvid=BV15ZD7BNEfS 已成功抓取全部所需数据。
[2026-04-12 15:17:07] [SUCCESS] bvid=BV15bDWBEEYL 已成功抓取全部所需数据。
[2026-04-12 15:17:14] [SUCCESS] bvid=BV15bDZBjED9 已成功抓取全部所需数据。
[2026-04-12 15:17:19] [SUCCESS] bvid=BV15cDCBuEg4 已成功抓取全部所需数据。
[2026-04-12 15:17:19] [WARN] 当前子任务已结束，但仍有未成功抓取的视频，已导出 remaining CSV 供继续执行。
[2026-04-12 15:17:19] [INFO] 已导出剔除成功条目后的剩余 CSV：outputs\video_data\manual_crawls\manual_crawl_media_mode_A_20260412_142029\remaining_bvids_part_2.csv
[2026-04-12 15:17:19] 子任务结束时间：2026-04-12T15:17:19.654019
[TIMESTAMP][END] 2026-04-12T15:17:19
