[TIMESTAMP][BEGIN] 2026-04-12T15:43:13
[2026-04-12 15:43:15] 开始执行 CSV 批量抓取子任务 part_5。
[2026-04-12 15:43:15] 子任务开始时间：2026-04-12T15:43:13.467403
[2026-04-12 15:43:15] 输入文件：batch_input_5.csv
[2026-04-12 15:43:15] 输入唯一 bvid 数量：100
[2026-04-12 15:43:15] 为严格按 CSV 顺序判断连续失败阈值，本次任务自动将并发度从 2 调整为 1。
[2026-04-12 15:43:23] [SUCCESS] bvid=BV1ACQABGEGq 已成功抓取全部所需数据。
[2026-04-12 15:43:29] [SUCCESS] bvid=BV1AEDEBDEqJ 已成功抓取全部所需数据。
[2026-04-12 15:43:40] [SUCCESS] bvid=BV1AFQABrEwN 已成功抓取全部所需数据。
[2026-04-12 15:43:46] [SUCCESS] bvid=BV1AGQuBoE5u 已成功抓取全部所需数据。
[2026-04-12 15:43:51] [SUCCESS] bvid=BV1AGQuBoEhD 已成功抓取全部所需数据。
[2026-04-12 15:43:56] [SUCCESS] bvid=BV1AHDEBUE3G 已成功抓取全部所需数据。
[2026-04-12 15:44:01] [SUCCESS] bvid=BV1AMDvBaEEh 已成功抓取全部所需数据。
[2026-04-12 15:44:06] [SUCCESS] bvid=BV1AMQTBQE7e 已成功抓取全部所需数据。
[2026-04-12 15:44:09] [ERROR] bvid=BV1AQXLBEE4A 抓取失败：media: 接口返回错误代码：62002，信息：稿件不可见。
{'code': 62002, 'message': '稿件不可见', 'ttl': 1}
[2026-04-12 15:44:11] [ERROR] bvid=BV1AQXmBBEg6 抓取失败：media: 接口返回错误代码：62002，信息：稿件不可见。
{'code': 62002, 'message': '稿件不可见', 'ttl': 1}
[2026-04-12 15:44:18] [SUCCESS] bvid=BV1ARDxBuEc4 已成功抓取全部所需数据。
[2026-04-12 15:44:23] [SUCCESS] bvid=BV1AUDWBvEF3 已成功抓取全部所需数据。
[2026-04-12 15:44:29] [SUCCESS] bvid=BV1AVDZBtEnW 已成功抓取全部所需数据。
[2026-04-12 15:44:31] [ERROR] bvid=BV1AVXLB5E7E 抓取失败：media: 接口返回错误代码：62002，信息：稿件不可见。
{'code': 62002, 'message': '稿件不可见', 'ttl': 1}
[2026-04-12 15:44:33] [ERROR] bvid=BV1AVXLB5E7n 抓取失败：media: 接口返回错误代码：62002，信息：稿件不可见。
{'code': 62002, 'message': '稿件不可见', 'ttl': 1}
[2026-04-12 15:44:40] [SUCCESS] bvid=BV1AXDxB6ECp 已成功抓取全部所需数据。
[2026-04-12 15:44:53] [SUCCESS] bvid=BV1AYDsBvEYZ 已成功抓取全部所需数据。
[2026-04-12 15:45:01] [SUCCESS] bvid=BV1AYDsBvEg7 已成功抓取全部所需数据。
[2026-04-12 15:45:06] [SUCCESS] bvid=BV1AZQFBNEV5 已成功抓取全部所需数据。
[2026-04-12 15:45:11] [SUCCESS] bvid=BV1AZQFBNEnw 已成功抓取全部所需数据。
[2026-04-12 15:45:14] [ERROR] bvid=BV1Ac9LBjEgA 抓取失败：media: 接口返回错误代码：62012，信息：62012。
{'code': 62012, 'message': '62012', 'ttl': 1}
[2026-04-12 15:45:21] [SUCCESS] bvid=BV1AcQNBUEjD 已成功抓取全部所需数据。
[2026-04-12 15:45:27] [SUCCESS] bvid=BV1AfDrBQEDe 已成功抓取全部所需数据。
[2026-04-12 15:45:32] [SUCCESS] bvid=BV1AfDtB5Egc 已成功抓取全部所需数据。
[2026-04-12 15:45:38] [SUCCESS] bvid=BV1AgDZB8E87 已成功抓取全部所需数据。
[2026-04-12 15:45:43] [SUCCESS] bvid=BV1AiDLBrErL 已成功抓取全部所需数据。
[2026-04-12 15:45:56] [SUCCESS] bvid=BV1AjDjB5EQZ 已成功抓取全部所需数据。
[2026-04-12 15:46:01] [SUCCESS] bvid=BV1AkSoBREsW 已成功抓取全部所需数据。
[2026-04-12 15:46:06] [SUCCESS] bvid=BV1AoDtB1EXU 已成功抓取全部所需数据。
[2026-04-12 15:46:11] [SUCCESS] bvid=BV1ArDJB9EWb 已成功抓取全部所需数据。
[2026-04-12 15:46:17] [SUCCESS] bvid=BV1AvDLBGEyX 已成功抓取全部所需数据。
[2026-04-12 15:46:23] [SUCCESS] bvid=BV1B1D4BPE6s 已成功抓取全部所需数据。
[2026-04-12 15:46:28] [SUCCESS] bvid=BV1B1DfBWEj1 已成功抓取全部所需数据。
[2026-04-12 15:46:33] [SUCCESS] bvid=BV1B1QcBwEfb 已成功抓取全部所需数据。
[2026-04-12 15:46:39] [SUCCESS] bvid=BV1B2D4BYEDA 已成功抓取全部所需数据。
[2026-04-12 15:46:44] [SUCCESS] bvid=BV1B2QcBhEGo 已成功抓取全部所需数据。
[2026-04-12 15:46:56] [SUCCESS] bvid=BV1B2QcBhETL 已成功抓取全部所需数据。
[2026-04-12 15:47:01] [SUCCESS] bvid=BV1B2QcBhEaW 已成功抓取全部所需数据。
[2026-04-12 15:47:08] [SUCCESS] bvid=BV1B3DMByEDP 已成功抓取全部所需数据。
[2026-04-12 15:47:14] [SUCCESS] bvid=BV1B3DkBCES8 已成功抓取全部所需数据。
[2026-04-12 15:47:17] [ERROR] bvid=BV1B6XjByEkA 抓取失败：media: 接口返回错误代码：62002，信息：稿件不可见。
{'code': 62002, 'message': '稿件不可见', 'ttl': 1}
[2026-04-12 15:47:22] [SUCCESS] bvid=BV1B8QwBwEM2 已成功抓取全部所需数据。
[2026-04-12 15:47:28] [SUCCESS] bvid=BV1BBDsBcEZo 已成功抓取全部所需数据。
[2026-04-12 15:47:35] [SUCCESS] bvid=BV1BCD4BvEyE 已成功抓取全部所需数据。
[2026-04-12 15:47:41] [SUCCESS] bvid=BV1BCDfBREqa 已成功抓取全部所需数据。
[2026-04-12 15:47:47] [SUCCESS] bvid=BV1BDD6BME9t 已成功抓取全部所需数据。
[2026-04-12 15:47:52] [SUCCESS] bvid=BV1BJDWBsE9W 已成功抓取全部所需数据。
[2026-04-12 15:47:55] [ERROR] bvid=BV1BJXsBcEK8 抓取失败：media: No downloadable media stream found for this bvid.
[2026-04-12 15:48:00] [SUCCESS] bvid=BV1BPDfBpEmz 已成功抓取全部所需数据。
[2026-04-12 15:48:03] [ERROR] bvid=BV1BPX8B2EDX 抓取失败：media: 接口返回错误代码：62002，信息：稿件不可见。
{'code': 62002, 'message': '稿件不可见', 'ttl': 1}
[2026-04-12 15:48:05] [ERROR] bvid=BV1BQDMB7EKV 抓取失败：media: 接口返回错误代码：-404，信息：啥都木有。
{'code': -404, 'message': '啥都木有', 'ttl': 1}
[2026-04-12 15:48:10] [SUCCESS] bvid=BV1BRQNBrEcB 已成功抓取全部所需数据。
[2026-04-12 15:48:17] [SUCCESS] bvid=BV1BRX1BoETr 已成功抓取全部所需数据。
[2026-04-12 15:48:19] [ERROR] bvid=BV1BS9LBkEBh 抓取失败：media: 接口返回错误代码：62002，信息：稿件不可见。
{'code': 62002, 'message': '稿件不可见', 'ttl': 1}
[2026-04-12 15:48:25] [SUCCESS] bvid=BV1BTD7BuEeV 已成功抓取全部所需数据。
[2026-04-12 15:48:31] [SUCCESS] bvid=BV1BUQcBFE7h 已成功抓取全部所需数据。
[2026-04-12 15:48:41] [SUCCESS] bvid=BV1BUQcBFE7x 已成功抓取全部所需数据。
[2026-04-12 15:48:47] [SUCCESS] bvid=BV1BUQcBFEUr 已成功抓取全部所需数据。
[2026-04-12 15:48:52] [SUCCESS] bvid=BV1BWDxB8Ee7 已成功抓取全部所需数据。
[2026-04-12 15:48:57] [SUCCESS] bvid=BV1BWDxB8Emm 已成功抓取全部所需数据。
[2026-04-12 15:49:03] [SUCCESS] bvid=BV1BWDxB8EoS 已成功抓取全部所需数据。
[2026-04-12 15:49:09] [SUCCESS] bvid=BV1BXDkByEqX 已成功抓取全部所需数据。
[2026-04-12 15:49:15] [SUCCESS] bvid=BV1BXQABNEV5 已成功抓取全部所需数据。
[2026-04-12 15:49:17] [ERROR] bvid=BV1BYDaBmE6y 抓取失败：media: 接口返回错误代码：-404，信息：啥都木有。
{'code': -404, 'message': '啥都木有', 'ttl': 1}
[2026-04-12 15:49:20] [ERROR] bvid=BV1BYDaBmELa 抓取失败：media: 接口返回错误代码：-404，信息：啥都木有。
{'code': -404, 'message': '啥都木有', 'ttl': 1}
[2026-04-12 15:49:26] [SUCCESS] bvid=BV1BZDYBJErp 已成功抓取全部所需数据。
[2026-04-12 15:49:33] [SUCCESS] bvid=BV1BaDnBUEhP 已成功抓取全部所需数据。
[2026-04-12 15:49:44] [SUCCESS] bvid=BV1BbDjBNE7F 已成功抓取全部所需数据。
[2026-04-12 15:49:52] [SUCCESS] bvid=BV1BdQTBUERT 已成功抓取全部所需数据。
[2026-04-12 15:49:55] [ERROR] bvid=BV1BeAJzkEug 抓取失败：media: No downloadable media stream found for this bvid.
[2026-04-12 15:50:03] [SUCCESS] bvid=BV1BkDfBxEKQ 已成功抓取全部所需数据。
[2026-04-12 15:50:08] [SUCCESS] bvid=BV1BkDsBtEbs 已成功抓取全部所需数据。
[2026-04-12 15:50:14] [SUCCESS] bvid=BV1BnDZBQET8 已成功抓取全部所需数据。
[2026-04-12 15:50:22] [SUCCESS] bvid=BV1BnDxBaEou 已成功抓取全部所需数据。
[2026-04-12 15:50:25] [ERROR] bvid=BV1BnXLBzESN 抓取失败：media: 接口返回错误代码：-404，信息：啥都木有。
{'code': -404, 'message': '啥都木有', 'ttl': 1}
[2026-04-12 15:50:33] [SUCCESS] bvid=BV1BoDHBJEzP 已成功抓取全部所需数据。
[2026-04-12 15:50:38] [SUCCESS] bvid=BV1BpDZBnEL4 已成功抓取全部所需数据。
[2026-04-12 15:50:44] [SUCCESS] bvid=BV1BpDxBcEsz 已成功抓取全部所需数据。
[2026-04-12 15:50:50] [SUCCESS] bvid=BV1BsDxBfELs 已成功抓取全部所需数据。
[2026-04-12 15:50:56] [SUCCESS] bvid=BV1BtQwBYE3o 已成功抓取全部所需数据。
[2026-04-12 15:51:02] [SUCCESS] bvid=BV1BvDpBsE4S 已成功抓取全部所需数据。
[2026-04-12 15:51:09] [SUCCESS] bvid=BV1BvDpBsExg 已成功抓取全部所需数据。
[2026-04-12 15:51:11] [ERROR] bvid=BV1BzDeBHEvf 抓取失败：media: 接口返回错误代码：62002，信息：稿件不可见。
{'code': 62002, 'message': '稿件不可见', 'ttl': 1}
[2026-04-12 15:51:17] [SUCCESS] bvid=BV1BzDpBQEP8 已成功抓取全部所需数据。
[2026-04-12 15:51:20] [ERROR] bvid=BV1C1XVBCEVu 抓取失败：media: 接口返回错误代码：62002，信息：稿件不可见。
{'code': 62002, 'message': '稿件不可见', 'ttl': 1}
[2026-04-12 15:51:22] [ERROR] bvid=BV1C3SQB6EC8 抓取失败：media: 接口返回错误代码：62002，信息：稿件不可见。
{'code': 62002, 'message': '稿件不可见', 'ttl': 1}
[2026-04-12 15:51:29] [SUCCESS] bvid=BV1C5DjByEnM 已成功抓取全部所需数据。
[2026-04-12 15:51:35] [SUCCESS] bvid=BV1C6QABVEU1 已成功抓取全部所需数据。
[2026-04-12 15:51:37] [ERROR] bvid=BV1C6XCBbEhV 抓取失败：media: No downloadable media stream found for this bvid.
[2026-04-12 15:51:43] [SUCCESS] bvid=BV1C7DEBnESb 已成功抓取全部所需数据。
[2026-04-12 15:51:51] [SUCCESS] bvid=BV1C7DjBCEA2 已成功抓取全部所需数据。
[2026-04-12 15:52:00] [SUCCESS] bvid=BV1C7QwBgE8o 已成功抓取全部所需数据。
[2026-04-12 15:52:07] [SUCCESS] bvid=BV1C7QwBgEKq 已成功抓取全部所需数据。
[2026-04-12 15:52:13] [SUCCESS] bvid=BV1C8DsBiENw 已成功抓取全部所需数据。
[2026-04-12 15:52:19] [SUCCESS] bvid=BV1C8DsBiEgW 已成功抓取全部所需数据。
[2026-04-12 15:52:25] [SUCCESS] bvid=BV1CDDZBwEd3 已成功抓取全部所需数据。
[2026-04-12 15:52:31] [SUCCESS] bvid=BV1CEQwBzEdo 已成功抓取全部所需数据。
[2026-04-12 15:52:37] [SUCCESS] bvid=BV1CHQPBLE4s 已成功抓取全部所需数据。
[2026-04-12 15:52:43] [SUCCESS] bvid=BV1CKDHBxESM 已成功抓取全部所需数据。
[2026-04-12 15:52:51] [SUCCESS] bvid=BV1CLQwBrEjZ 已成功抓取全部所需数据。
[2026-04-12 15:52:51] [WARN] 当前子任务已结束，但仍有未成功抓取的视频，已导出 remaining CSV 供继续执行。
[2026-04-12 15:52:51] [INFO] 已导出剔除成功条目后的剩余 CSV：outputs\video_data\manual_crawls\manual_crawl_media_mode_A_20260412_142029\remaining_bvids_part_5.csv
[2026-04-12 15:52:51] 子任务结束时间：2026-04-12T15:52:51.135351
[TIMESTAMP][END] 2026-04-12T15:52:51
