[TIMESTAMP][BEGIN] 2026-04-07T11:27:12.826710
Bilibili Video Data Crawler Batch Crawl Summary
session_dir: outputs\video_data\manual_crawls\manual_crawl_meta_mode_A_20260407_112712
session_started_at: 2026-04-07T11:27:12.826710
session_completed_at: 2026-04-07T12:15:21.583866
original_csv_name: batch_input_1.csv
task_mode: meta_only
original_bvid_count: 100
part_count: 8
interruption_count: 0
completed_all: True

part_1:
  started_at: 2026-04-07T11:27:12.826710
  finished_at: 2026-04-07T11:32:22.625782
  source_csv_name: batch_input_1.csv
  task_mode: meta_only
  input_bvid_count: 100
  processed_count: 100
  success_count: 73
  failed_count: 27
  remaining_count: 27
  consecutive_failure_limit: 10
  stopped_due_to_consecutive_failures: False
  stop_reason: 当前子任务已结束，但仍有未成功抓取的视频，已导出 remaining CSV 供继续执行。
  log_file: logs/batch_crawl_part_1_20260407_113222.log
  remaining_file: remaining_bvids_part_1.csv

part_2:
  started_at: 2026-04-07T11:32:22.913978
  finished_at: 2026-04-07T11:36:13.941735
  source_csv_name: batch_input_2.csv
  task_mode: meta_only
  input_bvid_count: 100
  processed_count: 100
  success_count: 72
  failed_count: 28
  remaining_count: 28
  consecutive_failure_limit: 10
  stopped_due_to_consecutive_failures: False
  stop_reason: 当前子任务已结束，但仍有未成功抓取的视频，已导出 remaining CSV 供继续执行。
  log_file: logs/batch_crawl_part_2_20260407_113613.log
  remaining_file: remaining_bvids_part_2.csv

part_3:
  started_at: 2026-04-07T11:36:14.140054
  finished_at: 2026-04-07T11:40:20.660079
  source_csv_name: batch_input_3.csv
  task_mode: meta_only
  input_bvid_count: 100
  processed_count: 100
  success_count: 77
  failed_count: 23
  remaining_count: 23
  consecutive_failure_limit: 10
  stopped_due_to_consecutive_failures: False
  stop_reason: 当前子任务已结束，但仍有未成功抓取的视频，已导出 remaining CSV 供继续执行。
  log_file: logs/batch_crawl_part_3_20260407_114020.log
  remaining_file: remaining_bvids_part_3.csv

part_4:
  started_at: 2026-04-07T11:40:20.798552
  finished_at: 2026-04-07T11:56:48.600461
  source_csv_name: batch_input_4.csv
  task_mode: meta_only
  input_bvid_count: 100
  processed_count: 100
  success_count: 69
  failed_count: 31
  remaining_count: 31
  consecutive_failure_limit: 10
  stopped_due_to_consecutive_failures: False
  stop_reason: 当前子任务已结束，但仍有未成功抓取的视频，已导出 remaining CSV 供继续执行。
  log_file: logs/batch_crawl_part_4_20260407_115648.log
  remaining_file: remaining_bvids_part_4.csv

part_5:
  started_at: 2026-04-07T11:56:48.777813
  finished_at: 2026-04-07T12:00:13.296112
  source_csv_name: batch_input_5.csv
  task_mode: meta_only
  input_bvid_count: 100
  processed_count: 100
  success_count: 64
  failed_count: 36
  remaining_count: 36
  consecutive_failure_limit: 10
  stopped_due_to_consecutive_failures: False
  stop_reason: 当前子任务已结束，但仍有未成功抓取的视频，已导出 remaining CSV 供继续执行。
  log_file: logs/batch_crawl_part_5_20260407_120013.log
  remaining_file: remaining_bvids_part_5.csv

part_6:
  started_at: 2026-04-07T12:00:13.407068
  finished_at: 2026-04-07T12:04:26.649703
  source_csv_name: batch_input_6.csv
  task_mode: meta_only
  input_bvid_count: 100
  processed_count: 100
  success_count: 81
  failed_count: 19
  remaining_count: 19
  consecutive_failure_limit: 10
  stopped_due_to_consecutive_failures: False
  stop_reason: 当前子任务已结束，但仍有未成功抓取的视频，已导出 remaining CSV 供继续执行。
  log_file: logs/batch_crawl_part_6_20260407_120426.log
  remaining_file: remaining_bvids_part_6.csv

part_7:
  started_at: 2026-04-07T12:04:26.763580
  finished_at: 2026-04-07T12:10:03.891229
  source_csv_name: batch_input_7.csv
  task_mode: meta_only
  input_bvid_count: 100
  processed_count: 100
  success_count: 99
  failed_count: 1
  remaining_count: 1
  consecutive_failure_limit: 10
  stopped_due_to_consecutive_failures: False
  stop_reason: 当前子任务已结束，但仍有未成功抓取的视频，已导出 remaining CSV 供继续执行。
  log_file: logs/batch_crawl_part_7_20260407_121003.log
  remaining_file: remaining_bvids_part_7.csv

part_8:
  started_at: 2026-04-07T12:10:04.016243
  finished_at: 2026-04-07T12:15:21.583866
  source_csv_name: batch_input_8.csv
  task_mode: meta_only
  input_bvid_count: 100
  processed_count: 100
  success_count: 100
  failed_count: 0
  remaining_count: 0
  consecutive_failure_limit: 10
  stopped_due_to_consecutive_failures: False
  stop_reason: 当前 batch_crawl 已完成，所有视频均已成功抓取。
  log_file: logs/batch_crawl_part_8_20260407_121521.log
  remaining_file:
[TIMESTAMP][END] 2026-04-07T12:15:21
