[TIMESTAMP][BEGIN] 2026-04-05T03:54:31
[2026-04-05 03:54:34] 开始执行 CSV 批量抓取子任务 part_28。
[2026-04-05 03:54:34] 子任务开始时间：2026-04-05T03:54:31.836579
[2026-04-05 03:54:34] 输入文件：batch_input_28.csv
[2026-04-05 03:54:34] 输入唯一 bvid 数量：100
[2026-04-05 03:54:34] 为严格按 CSV 顺序判断连续失败阈值，本次任务自动将并发度从 2 调整为 1。
[2026-04-05 03:54:39] [SUCCESS] bvid=BV1eU93BoEQU 已成功抓取全部所需数据。
[2026-04-05 03:54:45] [SUCCESS] bvid=BV1ViX6BvEmo 已成功抓取全部所需数据。
[2026-04-05 03:54:51] [SUCCESS] bvid=BV1Hj9GBBEBL 已成功抓取全部所需数据。
[2026-04-05 03:54:57] [SUCCESS] bvid=BV1pZX6BnExp 已成功抓取全部所需数据。
[2026-04-05 03:55:02] [SUCCESS] bvid=BV1BDXCBQE5w 已成功抓取全部所需数据。
[2026-04-05 03:55:08] [SUCCESS] bvid=BV1PXX6B9Ewn 已成功抓取全部所需数据。
[2026-04-05 03:55:13] [SUCCESS] bvid=BV1rvXqBBESL 已成功抓取全部所需数据。
[2026-04-05 03:55:19] [SUCCESS] bvid=BV19j9VB4EuG 已成功抓取全部所需数据。
[2026-04-05 03:55:25] [SUCCESS] bvid=BV1Qj9VB4ETS 已成功抓取全部所需数据。
[2026-04-05 03:55:30] [SUCCESS] bvid=BV1Q79VBdE71 已成功抓取全部所需数据。
[2026-04-05 03:55:39] [SUCCESS] bvid=BV1D79VBdExQ 已成功抓取全部所需数据。
[2026-04-05 03:55:44] [SUCCESS] bvid=BV1Pj95B7E2w 已成功抓取全部所需数据。
[2026-04-05 03:55:49] [SUCCESS] bvid=BV19V9VBbEJp 已成功抓取全部所需数据。
[2026-04-05 03:55:55] [SUCCESS] bvid=BV1959VBZEJB 已成功抓取全部所需数据。
[2026-04-05 03:56:00] [SUCCESS] bvid=BV1cF9VBuECY 已成功抓取全部所需数据。
[2026-04-05 03:56:06] [SUCCESS] bvid=BV1WR9GBkEbp 已成功抓取全部所需数据。
[2026-04-05 03:56:11] [SUCCESS] bvid=BV1Ao9GB3ErQ 已成功抓取全部所需数据。
[2026-04-05 03:56:17] [SUCCESS] bvid=BV1FA9VBTE2i 已成功抓取全部所需数据。
[2026-04-05 03:56:22] [SUCCESS] bvid=BV1JA9VBTEej 已成功抓取全部所需数据。
[2026-04-05 03:56:28] [SUCCESS] bvid=BV1Wv9VBLE7m 已成功抓取全部所需数据。
[2026-04-05 03:56:35] [SUCCESS] bvid=BV1yv9VB5E56 已成功抓取全部所需数据。
[2026-04-05 03:56:40] [SUCCESS] bvid=BV11a9VBjEV7 已成功抓取全部所需数据。
[2026-04-05 03:56:46] [SUCCESS] bvid=BV1ki9VBCE6d 已成功抓取全部所需数据。
[2026-04-05 03:56:51] [SUCCESS] bvid=BV11a9VBjEyP 已成功抓取全部所需数据。
[2026-04-05 03:56:56] [SUCCESS] bvid=BV1VZXrBgEWm 已成功抓取全部所需数据。
[2026-04-05 03:57:02] [SUCCESS] bvid=BV1Ka9VB7EbY 已成功抓取全部所需数据。
[2026-04-05 03:57:08] [SUCCESS] bvid=BV1Ci9VBCEKr 已成功抓取全部所需数据。
[2026-04-05 03:57:13] [SUCCESS] bvid=BV1M19GBUEpp 已成功抓取全部所需数据。
[2026-04-05 03:57:19] [SUCCESS] bvid=BV1FwXrBUEgk 已成功抓取全部所需数据。
[2026-04-05 03:57:24] [SUCCESS] bvid=BV1JEXBBuETP 已成功抓取全部所需数据。
[2026-04-05 03:57:30] [SUCCESS] bvid=BV1My9GBJEKu 已成功抓取全部所需数据。
[2026-04-05 03:57:35] [SUCCESS] bvid=BV1Ty9GBJE61 已成功抓取全部所需数据。
[2026-04-05 03:57:40] [SUCCESS] bvid=BV11a9VBjE1E 已成功抓取全部所需数据。
[2026-04-05 03:57:46] [SUCCESS] bvid=BV1yY9VB1EYr 已成功抓取全部所需数据。
[2026-04-05 03:57:51] [SUCCESS] bvid=BV1yY9VB1EbU 已成功抓取全部所需数据。
[2026-04-05 03:57:56] [SUCCESS] bvid=BV1yY9VB1ERt 已成功抓取全部所需数据。
[2026-04-05 03:58:01] [SUCCESS] bvid=BV1rr9VBgEWM 已成功抓取全部所需数据。
[2026-04-05 03:58:07] [SUCCESS] bvid=BV1CY9VB1EmP 已成功抓取全部所需数据。
[2026-04-05 03:58:12] [SUCCESS] bvid=BV16k9VBzEx8 已成功抓取全部所需数据。
[2026-04-05 03:58:17] [SUCCESS] bvid=BV1ck9VB6EMp 已成功抓取全部所需数据。
[2026-04-05 03:58:23] [SUCCESS] bvid=BV16k9VBzEVP 已成功抓取全部所需数据。
[2026-04-05 03:58:28] [SUCCESS] bvid=BV1kz9VBrEeC 已成功抓取全部所需数据。
[2026-04-05 03:58:34] [SUCCESS] bvid=BV1wz9VBkEBA 已成功抓取全部所需数据。
[2026-04-05 03:58:40] [SUCCESS] bvid=BV1Dp9VBpEbz 已成功抓取全部所需数据。
[2026-04-05 03:58:45] [SUCCESS] bvid=BV1iQ9VBYEuR 已成功抓取全部所需数据。
[2026-04-05 03:58:51] [SUCCESS] bvid=BV1pPXoBaEWf 已成功抓取全部所需数据。
[2026-04-05 03:58:57] [SUCCESS] bvid=BV1XJXrBNEB1 已成功抓取全部所需数据。
[2026-04-05 03:59:02] [SUCCESS] bvid=BV1eZXrBuEiT 已成功抓取全部所需数据。
[2026-04-05 03:59:07] [SUCCESS] bvid=BV1SW9VBQExH 已成功抓取全部所需数据。
[2026-04-05 03:59:13] [SUCCESS] bvid=BV1DJ9VBsEuM 已成功抓取全部所需数据。
[2026-04-05 03:59:18] [SUCCESS] bvid=BV1Dn9VB9ECH 已成功抓取全部所需数据。
[2026-04-05 03:59:23] [SUCCESS] bvid=BV1Sn9VB9E44 已成功抓取全部所需数据。
[2026-04-05 03:59:28] [SUCCESS] bvid=BV12b9VBEEr3 已成功抓取全部所需数据。
[2026-04-05 03:59:34] [SUCCESS] bvid=BV1K89VBUEsD 已成功抓取全部所需数据。
[2026-04-05 03:59:39] [SUCCESS] bvid=BV1YyXdBLEck 已成功抓取全部所需数据。
[2026-04-05 03:59:44] [SUCCESS] bvid=BV1QyXdB5EdW 已成功抓取全部所需数据。
[2026-04-05 03:59:50] [SUCCESS] bvid=BV1QyXdB5Efp 已成功抓取全部所需数据。
[2026-04-05 03:59:55] [SUCCESS] bvid=BV1QyXdB5E2C 已成功抓取全部所需数据。
[2026-04-05 04:00:00] [SUCCESS] bvid=BV1XyXdB5Enz 已成功抓取全部所需数据。
[2026-04-05 04:00:05] [SUCCESS] bvid=BV1zr93BaEah 已成功抓取全部所需数据。
[2026-04-05 04:00:11] [SUCCESS] bvid=BV1249VBSEYH 已成功抓取全部所需数据。
[2026-04-05 04:00:17] [SUCCESS] bvid=BV1m49VBSEqZ 已成功抓取全部所需数据。
[2026-04-05 04:00:23] [SUCCESS] bvid=BV1pHXkBXEG7 已成功抓取全部所需数据。
[2026-04-05 04:00:28] [SUCCESS] bvid=BV1ThXrBZEpH 已成功抓取全部所需数据。
[2026-04-05 04:00:34] [SUCCESS] bvid=BV11KXBB7Ecv 已成功抓取全部所需数据。
[2026-04-05 04:00:39] [SUCCESS] bvid=BV1M19GBUEcC 已成功抓取全部所需数据。
[2026-04-05 04:00:44] [SUCCESS] bvid=BV1WyQUBMEFf 已成功抓取全部所需数据。
[2026-04-05 04:00:50] [SUCCESS] bvid=BV1WqXrB9EfQ 已成功抓取全部所需数据。
[2026-04-05 04:00:56] [SUCCESS] bvid=BV1XwXyB5EDY 已成功抓取全部所需数据。
[2026-04-05 04:01:01] [SUCCESS] bvid=BV1R7XCB5EHA 已成功抓取全部所需数据。
[2026-04-05 04:01:07] [SUCCESS] bvid=BV19Z9VBbEW7 已成功抓取全部所需数据。
[2026-04-05 04:01:12] [SUCCESS] bvid=BV1aZ9VBbE77 已成功抓取全部所需数据。
[2026-04-05 04:01:18] [SUCCESS] bvid=BV1o3XrB6EV9 已成功抓取全部所需数据。
[2026-04-05 04:01:24] [SUCCESS] bvid=BV17x9GBaEpP 已成功抓取全部所需数据。
[2026-04-05 04:01:29] [SUCCESS] bvid=BV1iU9VBvEdV 已成功抓取全部所需数据。
[2026-04-05 04:01:35] [SUCCESS] bvid=BV1q19VBqEo2 已成功抓取全部所需数据。
[2026-04-05 04:01:40] [SUCCESS] bvid=BV1By9VBMEfq 已成功抓取全部所需数据。
[2026-04-05 04:01:46] [SUCCESS] bvid=BV1v99VBwEYk 已成功抓取全部所需数据。
[2026-04-05 04:01:51] [SUCCESS] bvid=BV1eR9VBhE5M 已成功抓取全部所需数据。
[2026-04-05 04:01:57] [SUCCESS] bvid=BV1e99VBwErY 已成功抓取全部所需数据。
[2026-04-05 04:02:05] [SUCCESS] bvid=BV1iQ9VBYEM3 已成功抓取全部所需数据。
[2026-04-05 04:02:10] [SUCCESS] bvid=BV1Jx95BgEvo 已成功抓取全部所需数据。
[2026-04-05 04:02:16] [SUCCESS] bvid=BV1sV95BEEsD 已成功抓取全部所需数据。
[2026-04-05 04:02:21] [SUCCESS] bvid=BV1xM95BQEkP 已成功抓取全部所需数据。
[2026-04-05 04:02:26] [SUCCESS] bvid=BV14M95BQEJf 已成功抓取全部所需数据。
[2026-04-05 04:02:32] [SUCCESS] bvid=BV1HE9GBTEz6 已成功抓取全部所需数据。
[2026-04-05 04:02:37] [SUCCESS] bvid=BV15b9GB8EUD 已成功抓取全部所需数据。
[2026-04-05 04:02:43] [SUCCESS] bvid=BV1pJ95B5E4J 已成功抓取全部所需数据。
[2026-04-05 04:02:48] [SUCCESS] bvid=BV1pj95BjE9X 已成功抓取全部所需数据。
[2026-04-05 04:02:54] [SUCCESS] bvid=BV1Cj95BjEtH 已成功抓取全部所需数据。
[2026-04-05 04:02:59] [SUCCESS] bvid=BV1wv93BqEJK 已成功抓取全部所需数据。
[2026-04-05 04:03:05] [SUCCESS] bvid=BV1uE93BEErM 已成功抓取全部所需数据。
[2026-04-05 04:03:10] [SUCCESS] bvid=BV1tc9GBUEZu 已成功抓取全部所需数据。
[2026-04-05 04:03:16] [SUCCESS] bvid=BV1qy93B8Edt 已成功抓取全部所需数据。
[2026-04-05 04:03:22] [SUCCESS] bvid=BV1FH9GBKEzJ 已成功抓取全部所需数据。
[2026-04-05 04:03:27] [SUCCESS] bvid=BV1JE9GBTEf1 已成功抓取全部所需数据。
[2026-04-05 04:03:33] [SUCCESS] bvid=BV1eb9GB8EDU 已成功抓取全部所需数据。
[2026-04-05 04:03:38] [SUCCESS] bvid=BV1Lb9GB8EFK 已成功抓取全部所需数据。
[2026-04-05 04:03:44] [SUCCESS] bvid=BV1T19GBUEcE 已成功抓取全部所需数据。
[2026-04-05 04:03:50] [SUCCESS] bvid=BV1xU9GB2Eub 已成功抓取全部所需数据。
[2026-04-05 04:03:50] [INFO] 当前 batch_crawl 已完成，所有视频均已成功抓取。
[2026-04-05 04:03:50] 子任务结束时间：2026-04-05T04:03:50.409781
[TIMESTAMP][END] 2026-04-05T04:03:50
