[TIMESTAMP][BEGIN] 2026-04-05T01:39:00
[2026-04-05 01:39:03] 开始执行 CSV 批量抓取子任务 part_16。
[2026-04-05 01:39:03] 子任务开始时间：2026-04-05T01:39:00.684591
[2026-04-05 01:39:03] 输入文件：batch_input_16.csv
[2026-04-05 01:39:03] 输入唯一 bvid 数量：100
[2026-04-05 01:39:03] 为严格按 CSV 顺序判断连续失败阈值，本次任务自动将并发度从 2 调整为 1。
[2026-04-05 01:39:09] [SUCCESS] bvid=BV1EiXZBbE7T 已成功抓取全部所需数据。
[2026-04-05 01:39:15] [SUCCESS] bvid=BV1L6XZBdECz 已成功抓取全部所需数据。
[2026-04-05 01:39:22] [SUCCESS] bvid=BV1JiXZBbE6p 已成功抓取全部所需数据。
[2026-04-05 01:39:28] [SUCCESS] bvid=BV1JiXZBbERH 已成功抓取全部所需数据。
[2026-04-05 01:39:34] [SUCCESS] bvid=BV1KwXfBrEGf 已成功抓取全部所需数据。
[2026-04-05 01:39:40] [SUCCESS] bvid=BV1R1XZBHEkj 已成功抓取全部所需数据。
[2026-04-05 01:39:46] [SUCCESS] bvid=BV1R1XZBHEQ4 已成功抓取全部所需数据。
[2026-04-05 01:39:52] [SUCCESS] bvid=BV191XZBHE8a 已成功抓取全部所需数据。
[2026-04-05 01:40:00] [SUCCESS] bvid=BV11S9WByEF7 已成功抓取全部所需数据。
[2026-04-05 01:40:06] [SUCCESS] bvid=BV1FjXfBwEkF 已成功抓取全部所需数据。
[2026-04-05 01:40:12] [SUCCESS] bvid=BV1X2XZBDE2X 已成功抓取全部所需数据。
[2026-04-05 01:40:18] [SUCCESS] bvid=BV1X2XZBDEpb 已成功抓取全部所需数据。
[2026-04-05 01:40:24] [SUCCESS] bvid=BV1dkXZBWELT 已成功抓取全部所需数据。
[2026-04-05 01:40:30] [SUCCESS] bvid=BV192XZBDExj 已成功抓取全部所需数据。
[2026-04-05 01:40:37] [SUCCESS] bvid=BV1VXXDBeE7w 已成功抓取全部所需数据。
[2026-04-05 01:40:43] [SUCCESS] bvid=BV1F4XMBpEGu 已成功抓取全部所需数据。
[2026-04-05 01:40:49] [SUCCESS] bvid=BV1naXWBPEqS 已成功抓取全部所需数据。
[2026-04-05 01:40:55] [SUCCESS] bvid=BV12cXfB3EhE 已成功抓取全部所需数据。
[2026-04-05 01:41:01] [SUCCESS] bvid=BV17kXZBsE3L 已成功抓取全部所需数据。
[2026-04-05 01:41:07] [SUCCESS] bvid=BV1dkXZBWEvR 已成功抓取全部所需数据。
[2026-04-05 01:41:13] [SUCCESS] bvid=BV1dCXZBXExu 已成功抓取全部所需数据。
[2026-04-05 01:41:19] [SUCCESS] bvid=BV1LCXZB9E9S 已成功抓取全部所需数据。
[2026-04-05 01:41:25] [SUCCESS] bvid=BV1dCXZBXEzg 已成功抓取全部所需数据。
[2026-04-05 01:41:31] [SUCCESS] bvid=BV1LCXZB9Evh 已成功抓取全部所需数据。
[2026-04-05 01:41:37] [SUCCESS] bvid=BV1RCXZBXE54 已成功抓取全部所需数据。
[2026-04-05 01:41:43] [SUCCESS] bvid=BV1z7XfB8EQq 已成功抓取全部所需数据。
[2026-04-05 01:41:50] [SUCCESS] bvid=BV1BjXfBcEkJ 已成功抓取全部所需数据。
[2026-04-05 01:41:55] [SUCCESS] bvid=BV1E7XfBhE1s 已成功抓取全部所需数据。
[2026-04-05 01:42:02] [SUCCESS] bvid=BV1B7XfB8EF1 已成功抓取全部所需数据。
[2026-04-05 01:42:08] [SUCCESS] bvid=BV1z7XfB8E1q 已成功抓取全部所需数据。
[2026-04-05 01:42:14] [SUCCESS] bvid=BV167XfB8EGy 已成功抓取全部所需数据。
[2026-04-05 01:42:21] [SUCCESS] bvid=BV1B7XfB8EdG 已成功抓取全部所需数据。
[2026-04-05 01:42:27] [SUCCESS] bvid=BV1fjezzCEpT 已成功抓取全部所需数据。
[2026-04-05 01:42:34] [SUCCESS] bvid=BV1wVXfBPEU8 已成功抓取全部所需数据。
[2026-04-05 01:42:40] [SUCCESS] bvid=BV1rVXfBAEZf 已成功抓取全部所需数据。
[2026-04-05 01:42:46] [SUCCESS] bvid=BV1cVXfBPEV2 已成功抓取全部所需数据。
[2026-04-05 01:42:52] [SUCCESS] bvid=BV1r5XfBaEBp 已成功抓取全部所需数据。
[2026-04-05 01:42:59] [SUCCESS] bvid=BV1qnXfBtEsk 已成功抓取全部所需数据。
[2026-04-05 01:43:05] [SUCCESS] bvid=BV1dHXfBoERU 已成功抓取全部所需数据。
[2026-04-05 01:43:11] [SUCCESS] bvid=BV1iHXfBoEHz 已成功抓取全部所需数据。
[2026-04-05 01:43:17] [SUCCESS] bvid=BV1GtXeB2Egz 已成功抓取全部所需数据。
[2026-04-05 01:43:23] [SUCCESS] bvid=BV1iWXfBxEsB 已成功抓取全部所需数据。
[2026-04-05 01:43:29] [SUCCESS] bvid=BV1BnXfBbEa7 已成功抓取全部所需数据。
[2026-04-05 01:43:35] [SUCCESS] bvid=BV11PXfBuEc6 已成功抓取全部所需数据。
[2026-04-05 01:43:41] [SUCCESS] bvid=BV12PXfBgEdC 已成功抓取全部所需数据。
[2026-04-05 01:43:47] [SUCCESS] bvid=BV11NXfBBEt2 已成功抓取全部所需数据。
[2026-04-05 01:43:53] [SUCCESS] bvid=BV1AgXfBKEX7 已成功抓取全部所需数据。
[2026-04-05 01:43:58] [SUCCESS] bvid=BV1NPXfBgE1D 已成功抓取全部所需数据。
[2026-04-05 01:44:05] [SUCCESS] bvid=BV11NXfBBEvt 已成功抓取全部所需数据。
[2026-04-05 01:44:10] [SUCCESS] bvid=BV1yNXfBBEh2 已成功抓取全部所需数据。
[2026-04-05 01:44:16] [SUCCESS] bvid=BV1UcXfB3EAx 已成功抓取全部所需数据。
[2026-04-05 01:44:23] [SUCCESS] bvid=BV12cXfB3Enw 已成功抓取全部所需数据。
[2026-04-05 01:44:29] [SUCCESS] bvid=BV1tcXfBGEX6 已成功抓取全部所需数据。
[2026-04-05 01:44:35] [SUCCESS] bvid=BV1mcXfB3Emy 已成功抓取全部所需数据。
[2026-04-05 01:44:41] [SUCCESS] bvid=BV1mcXfB3Egb 已成功抓取全部所需数据。
[2026-04-05 01:44:46] [SUCCESS] bvid=BV1kd9WB6EC2 已成功抓取全部所需数据。
[2026-04-05 01:44:52] [SUCCESS] bvid=BV12wXfB6ENm 已成功抓取全部所需数据。
[2026-04-05 01:44:58] [SUCCESS] bvid=BV14wXfBrEZC 已成功抓取全部所需数据。
[2026-04-05 01:45:04] [SUCCESS] bvid=BV1etXfBXEqL 已成功抓取全部所需数据。
[2026-04-05 01:45:11] [SUCCESS] bvid=BV1CgXfBNEL5 已成功抓取全部所需数据。
[2026-04-05 01:45:17] [SUCCESS] bvid=BV1r3XfBeEyz 已成功抓取全部所需数据。
[2026-04-05 01:45:23] [SUCCESS] bvid=BV1C3XfBeEAi 已成功抓取全部所需数据。
[2026-04-05 01:45:30] [SUCCESS] bvid=BV1yTXfBTEyK 已成功抓取全部所需数据。
[2026-04-05 01:45:36] [SUCCESS] bvid=BV1b6XfByEKM 已成功抓取全部所需数据。
[2026-04-05 01:45:42] [SUCCESS] bvid=BV1bzXfBLErC 已成功抓取全部所需数据。
[2026-04-05 01:55:46] [ERROR] bvid=BV18qXfB2ExW 抓取失败：comment: Timeout of 600.0s exceeded, last exception: HTTPSConnectionPool(host='bigquery.googleapis.com', port=443): Max retries exceeded with url: /bigquery/v2/projects/bilibili-m2s2vp-research/datasets?prettyPrint=false (Caused by SSLError(SSLEOFError(8, 'EOF occurred in violation of protocol (_ssl.c:1017)')))
[2026-04-05 01:55:53] [SUCCESS] bvid=BV1tzXfBLEtr 已成功抓取全部所需数据。
[2026-04-05 01:55:59] [SUCCESS] bvid=BV1uzXfBjEo1 已成功抓取全部所需数据。
[2026-04-05 01:56:05] [SUCCESS] bvid=BV1tzXfBLEb2 已成功抓取全部所需数据。
[2026-04-05 01:56:11] [SUCCESS] bvid=BV1SzXfBLEB8 已成功抓取全部所需数据。
[2026-04-05 01:56:17] [SUCCESS] bvid=BV1e8XfBHEuA 已成功抓取全部所需数据。
[2026-04-05 01:56:24] [SUCCESS] bvid=BV14CXfBkEff 已成功抓取全部所需数据。
[2026-04-05 01:56:30] [SUCCESS] bvid=BV1mCXfBkE7e 已成功抓取全部所需数据。
[2026-04-05 01:56:36] [SUCCESS] bvid=BV1xCXfBkEQS 已成功抓取全部所需数据。
[2026-04-05 01:56:42] [SUCCESS] bvid=BV1TCXfBCE6p 已成功抓取全部所需数据。
[2026-04-05 01:56:48] [SUCCESS] bvid=BV1x1XfB3ErU 已成功抓取全部所需数据。
[2026-04-05 01:56:54] [SUCCESS] bvid=BV1x1XfB3EKM 已成功抓取全部所需数据。
[2026-04-05 01:57:00] [SUCCESS] bvid=BV1s1XfBGEbk 已成功抓取全部所需数据。
[2026-04-05 01:57:07] [SUCCESS] bvid=BV1YtXfBXEer 已成功抓取全部所需数据。
[2026-04-05 01:57:13] [SUCCESS] bvid=BV1RtXfBXEqE 已成功抓取全部所需数据。
[2026-04-05 01:57:19] [SUCCESS] bvid=BV1TM9WBCEM1 已成功抓取全部所需数据。
[2026-04-05 01:57:25] [SUCCESS] bvid=BV1eG9sBfEhC 已成功抓取全部所需数据。
[2026-04-05 01:57:31] [SUCCESS] bvid=BV1Y8XfBHEww 已成功抓取全部所需数据。
[2026-04-05 01:57:37] [SUCCESS] bvid=BV198XfBHELG 已成功抓取全部所需数据。
[2026-04-05 01:57:43] [SUCCESS] bvid=BV1Y8XfBHEE1 已成功抓取全部所需数据。
[2026-04-05 01:57:49] [SUCCESS] bvid=BV1G8XfBpEVr 已成功抓取全部所需数据。
[2026-04-05 01:57:55] [SUCCESS] bvid=BV1a8XfBHEXW 已成功抓取全部所需数据。
[2026-04-05 01:58:01] [SUCCESS] bvid=BV1vsXfBRET5 已成功抓取全部所需数据。
[2026-04-05 01:58:07] [SUCCESS] bvid=BV1ei95BYEA4 已成功抓取全部所需数据。
[2026-04-05 01:58:13] [SUCCESS] bvid=BV1E4XMBHEd5 已成功抓取全部所需数据。
[2026-04-05 01:58:19] [SUCCESS] bvid=BV1HFX8BJEro 已成功抓取全部所需数据。
[2026-04-05 01:58:25] [SUCCESS] bvid=BV1nK97BDEn8 已成功抓取全部所需数据。
[2026-04-05 01:58:30] [SUCCESS] bvid=BV1v4XfBWEvW 已成功抓取全部所需数据。
[2026-04-05 01:58:30] [ERROR] bvid=BV1QeXfBUEzj 抓取失败：stat: 接口返回错误代码：62002，信息：稿件不可见。
{'code': 62002, 'message': '稿件不可见', 'ttl': 1} | comment: 接口返回错误代码：62002，信息：稿件不可见。
{'code': 62002, 'message': '稿件不可见', 'ttl': 1}
[2026-04-05 01:58:37] [SUCCESS] bvid=BV1SiXfB7EQo 已成功抓取全部所需数据。
[2026-04-05 01:58:42] [SUCCESS] bvid=BV19hXfBDEgu 已成功抓取全部所需数据。
[2026-04-05 01:58:48] [SUCCESS] bvid=BV1QhXfBDE8R 已成功抓取全部所需数据。
[2026-04-05 01:58:54] [SUCCESS] bvid=BV1YhXfBDEWc 已成功抓取全部所需数据。
[2026-04-05 01:59:00] [SUCCESS] bvid=BV1QhXfBDEts 已成功抓取全部所需数据。
[2026-04-05 01:59:06] [SUCCESS] bvid=BV1uc9WBEEjE 已成功抓取全部所需数据。
[2026-04-05 01:59:06] [WARN] 当前子任务已结束，但仍有未成功抓取的视频，已导出 remaining CSV 供继续执行。
[2026-04-05 01:59:06] [INFO] 已导出剔除成功条目后的剩余 CSV：D:\Schoolworks\Thesis\Bilibili-Datahub\outputs\video_data\manual_crawls\manual_crawl_stat_comment_20260404_194235\remaining_bvids_part_16.csv
[2026-04-05 01:59:06] 子任务结束时间：2026-04-05T01:59:06.682316
[TIMESTAMP][END] 2026-04-05T01:59:06
