[TIMESTAMP][BEGIN] 2026-04-04T23:19:11
[2026-04-04 23:19:14] 开始执行 CSV 批量抓取子任务 part_10。
[2026-04-04 23:19:14] 子任务开始时间：2026-04-04T23:19:11.459418
[2026-04-04 23:19:14] 输入文件：batch_input_10.csv
[2026-04-04 23:19:14] 输入唯一 bvid 数量：100
[2026-04-04 23:19:14] 为严格按 CSV 顺序判断连续失败阈值，本次任务自动将并发度从 2 调整为 1。
[2026-04-04 23:19:21] [SUCCESS] bvid=BV1Cn9NBQEPT 已成功抓取全部所需数据。
[2026-04-04 23:19:27] [SUCCESS] bvid=BV16x9NBEEV5 已成功抓取全部所需数据。
[2026-04-04 23:19:34] [SUCCESS] bvid=BV1819NBvEmG 已成功抓取全部所需数据。
[2026-04-04 23:19:41] [SUCCESS] bvid=BV1m29WB2EtQ 已成功抓取全部所需数据。
[2026-04-04 23:19:48] [SUCCESS] bvid=BV1Cn9NBQEmw 已成功抓取全部所需数据。
[2026-04-04 23:19:54] [SUCCESS] bvid=BV1kn9NBQESu 已成功抓取全部所需数据。
[2026-04-04 23:20:01] [SUCCESS] bvid=BV1pNXeBYEVu 已成功抓取全部所需数据。
[2026-04-04 23:20:09] [SUCCESS] bvid=BV1rwXaBdE5u 已成功抓取全部所需数据。
[2026-04-04 23:20:16] [SUCCESS] bvid=BV1HwXaBdEPc 已成功抓取全部所需数据。
[2026-04-04 23:20:24] [SUCCESS] bvid=BV1XSXZBUEgk 已成功抓取全部所需数据。
[2026-04-04 23:20:31] [SUCCESS] bvid=BV1qs9cBYEsX 已成功抓取全部所需数据。
[2026-04-04 23:20:38] [SUCCESS] bvid=BV1k297BpEik 已成功抓取全部所需数据。
[2026-04-04 23:20:45] [SUCCESS] bvid=BV12S9cBjETP 已成功抓取全部所需数据。
[2026-04-04 23:20:52] [SUCCESS] bvid=BV1okXZBWEvB 已成功抓取全部所需数据。
[2026-04-04 23:20:59] [SUCCESS] bvid=BV12kXfBVEQd 已成功抓取全部所需数据。
[2026-04-04 23:21:06] [SUCCESS] bvid=BV12FXoBPEKE 已成功抓取全部所需数据。
[2026-04-04 23:21:13] [SUCCESS] bvid=BV1Aq9wB5EDR 已成功抓取全部所需数据。
[2026-04-04 23:21:19] [SUCCESS] bvid=BV1fk9FBwEnf 已成功抓取全部所需数据。
[2026-04-04 23:21:26] [SUCCESS] bvid=BV1Dc9ABoEZy 已成功抓取全部所需数据。
[2026-04-04 23:21:32] [SUCCESS] bvid=BV1fy9wBBEnD 已成功抓取全部所需数据。
[2026-04-04 23:21:40] [SUCCESS] bvid=BV1PbXZBNExC 已成功抓取全部所需数据。
[2026-04-04 23:21:47] [SUCCESS] bvid=BV1AY9FBuEqR 已成功抓取全部所需数据。
[2026-04-04 23:21:54] [SUCCESS] bvid=BV1RtXfBXENx 已成功抓取全部所需数据。
[2026-04-04 23:22:02] [SUCCESS] bvid=BV1Gp9PBaEKE 已成功抓取全部所需数据。
[2026-04-04 23:22:09] [SUCCESS] bvid=BV1Cp9NBnEKv 已成功抓取全部所需数据。
[2026-04-04 23:22:17] [SUCCESS] bvid=BV1rp9NBnEfj 已成功抓取全部所需数据。
[2026-04-04 23:22:25] [SUCCESS] bvid=BV1kp9NBnEy4 已成功抓取全部所需数据。
[2026-04-04 23:22:32] [SUCCESS] bvid=BV1z89NB2Egw 已成功抓取全部所需数据。
[2026-04-04 23:22:39] [SUCCESS] bvid=BV1z89NB1EhN 已成功抓取全部所需数据。
[2026-04-04 23:22:47] [SUCCESS] bvid=BV1ia9NB5EkS 已成功抓取全部所需数据。
[2026-04-04 23:22:54] [SUCCESS] bvid=BV1f89NB1E8w 已成功抓取全部所需数据。
[2026-04-04 23:23:01] [SUCCESS] bvid=BV1z89NB1EaS 已成功抓取全部所需数据。
[2026-04-04 23:23:08] [SUCCESS] bvid=BV1Ba9NB5E5M 已成功抓取全部所需数据。
[2026-04-04 23:23:15] [SUCCESS] bvid=BV1zb9NBjEyA 已成功抓取全部所需数据。
[2026-04-04 23:23:23] [SUCCESS] bvid=BV1E49NBUEXy 已成功抓取全部所需数据。
[2026-04-04 23:23:31] [SUCCESS] bvid=BV1fb9NBjEkr 已成功抓取全部所需数据。
[2026-04-04 23:23:38] [SUCCESS] bvid=BV16b9NBjEVH 已成功抓取全部所需数据。
[2026-04-04 23:23:45] [SUCCESS] bvid=BV1239NBZEPq 已成功抓取全部所需数据。
[2026-04-04 23:23:53] [SUCCESS] bvid=BV1m39NBZESm 已成功抓取全部所需数据。
[2026-04-04 23:23:53] [ERROR] bvid=BV1239NBZEN3 抓取失败：stat: 接口返回错误代码：62002，信息：稿件不可见。
{'code': 62002, 'message': '稿件不可见', 'ttl': 1} | comment: 接口返回错误代码：62002，信息：稿件不可见。
{'code': 62002, 'message': '稿件不可见', 'ttl': 1}
[2026-04-04 23:24:00] [SUCCESS] bvid=BV12V9NB4E5U 已成功抓取全部所需数据。
[2026-04-04 23:24:07] [SUCCESS] bvid=BV1mV9NB4Ep2 已成功抓取全部所需数据。
[2026-04-04 23:24:15] [SUCCESS] bvid=BV1uu9NBcEAK 已成功抓取全部所需数据。
[2026-04-04 23:24:23] [SUCCESS] bvid=BV11V9NB4EXo 已成功抓取全部所需数据。
[2026-04-04 23:24:31] [SUCCESS] bvid=BV1EfXfBaEgr 已成功抓取全部所需数据。
[2026-04-04 23:24:37] [SUCCESS] bvid=BV1Uu9NBFE7T 已成功抓取全部所需数据。
[2026-04-04 23:24:44] [SUCCESS] bvid=BV18u9NBcEpX 已成功抓取全部所需数据。
[2026-04-04 23:24:52] [SUCCESS] bvid=BV1mg9NBbEi5 已成功抓取全部所需数据。
[2026-04-04 23:24:59] [SUCCESS] bvid=BV1mg9NBbEaH 已成功抓取全部所需数据。
[2026-04-04 23:25:06] [SUCCESS] bvid=BV1Ug9NBbEeK 已成功抓取全部所需数据。
[2026-04-04 23:25:13] [SUCCESS] bvid=BV1Ug9NBbEtT 已成功抓取全部所需数据。
[2026-04-04 23:25:20] [SUCCESS] bvid=BV1P79NBREeN 已成功抓取全部所需数据。
[2026-04-04 23:25:28] [SUCCESS] bvid=BV1C79NB9EyK 已成功抓取全部所需数据。
[2026-04-04 23:25:35] [SUCCESS] bvid=BV1P79NBREyV 已成功抓取全部所需数据。
[2026-04-04 23:25:42] [SUCCESS] bvid=BV1H69wBGEWu 已成功抓取全部所需数据。
[2026-04-04 23:25:49] [SUCCESS] bvid=BV1159NBdEaf 已成功抓取全部所需数据。
[2026-04-04 23:25:56] [SUCCESS] bvid=BV1uU9NBeEE3 已成功抓取全部所需数据。
[2026-04-04 23:26:03] [SUCCESS] bvid=BV1159NBdEPr 已成功抓取全部所需数据。
[2026-04-04 23:26:12] [SUCCESS] bvid=BV1259NBdEEu 已成功抓取全部所需数据。
[2026-04-04 23:26:18] [SUCCESS] bvid=BV1CJ9NBpExq 已成功抓取全部所需数据。
[2026-04-04 23:26:25] [SUCCESS] bvid=BV1K59NBoE2y 已成功抓取全部所需数据。
[2026-04-04 23:26:32] [SUCCESS] bvid=BV1N59NBoEM1 已成功抓取全部所需数据。
[2026-04-04 23:26:39] [SUCCESS] bvid=BV1Nd9NBfEQN 已成功抓取全部所需数据。
[2026-04-04 23:26:46] [SUCCESS] bvid=BV1bD9NBwE1C 已成功抓取全部所需数据。
[2026-04-04 23:26:53] [SUCCESS] bvid=BV1ft9jB2ESe 已成功抓取全部所需数据。
[2026-04-04 23:27:00] [SUCCESS] bvid=BV1NX95BQE46 已成功抓取全部所需数据。
[2026-04-04 23:27:06] [SUCCESS] bvid=BV1Zm9wBiEi6 已成功抓取全部所需数据。
[2026-04-04 23:27:13] [SUCCESS] bvid=BV1JiXZBbEzy 已成功抓取全部所需数据。
[2026-04-04 23:27:20] [SUCCESS] bvid=BV1KPXfBgEqq 已成功抓取全部所需数据。
[2026-04-04 23:27:28] [SUCCESS] bvid=BV1DEXjBfEs6 已成功抓取全部所需数据。
[2026-04-04 23:27:35] [SUCCESS] bvid=BV18N9jBaETD 已成功抓取全部所需数据。
[2026-04-04 23:27:42] [SUCCESS] bvid=BV1YR9pBpE2x 已成功抓取全部所需数据。
[2026-04-04 23:27:49] [SUCCESS] bvid=BV1uc9WBEEFj 已成功抓取全部所需数据。
[2026-04-04 23:27:55] [SUCCESS] bvid=BV1KM9cBLEfo 已成功抓取全部所需数据。
[2026-04-04 23:28:01] [SUCCESS] bvid=BV1DqXfB2EFE 已成功抓取全部所需数据。
[2026-04-04 23:28:07] [SUCCESS] bvid=BV1up9wB9ERQ 已成功抓取全部所需数据。
[2026-04-04 23:28:13] [SUCCESS] bvid=BV1a19NBvE3c 已成功抓取全部所需数据。
[2026-04-04 23:28:19] [SUCCESS] bvid=BV1a19NBvEK2 已成功抓取全部所需数据。
[2026-04-04 23:28:25] [SUCCESS] bvid=BV1Dm9NBPEaA 已成功抓取全部所需数据。
[2026-04-04 23:28:31] [SUCCESS] bvid=BV1hm9NBPEys 已成功抓取全部所需数据。
[2026-04-04 23:38:35] [ERROR] bvid=BV1tx9wBQESq 抓取失败：comment: Timeout of 600.0s exceeded, last exception: HTTPSConnectionPool(host='bigquery.googleapis.com', port=443): Max retries exceeded with url: /bigquery/v2/projects/bilibili-m2s2vp-research/datasets?prettyPrint=false (Caused by SSLError(SSLEOFError(8, 'EOF occurred in violation of protocol (_ssl.c:1017)')))
[2026-04-04 23:38:42] [SUCCESS] bvid=BV12R9NBbECZ 已成功抓取全部所需数据。
[2026-04-04 23:38:49] [SUCCESS] bvid=BV1bp9wB9ESk 已成功抓取全部所需数据。
[2026-04-04 23:38:55] [SUCCESS] bvid=BV1sd9NBZEmN 已成功抓取全部所需数据。
[2026-04-04 23:39:01] [SUCCESS] bvid=BV1Ss9wBpEH3 已成功抓取全部所需数据。
[2026-04-04 23:39:07] [SUCCESS] bvid=BV1TQ9NBaEo6 已成功抓取全部所需数据。
[2026-04-04 23:39:14] [SUCCESS] bvid=BV1tQ9NBhEgN 已成功抓取全部所需数据。
[2026-04-04 23:39:20] [SUCCESS] bvid=BV1Ms9wBpEQz 已成功抓取全部所需数据。
[2026-04-04 23:39:26] [SUCCESS] bvid=BV1499NBFE7m 已成功抓取全部所需数据。
[2026-04-04 23:39:32] [SUCCESS] bvid=BV1R99wBaEFk 已成功抓取全部所需数据。
[2026-04-04 23:39:38] [SUCCESS] bvid=BV1Av9wB1ESs 已成功抓取全部所需数据。
[2026-04-04 23:39:44] [SUCCESS] bvid=BV1Lj9KB5E1y 已成功抓取全部所需数据。
[2026-04-04 23:39:51] [SUCCESS] bvid=BV18MXyBgEFF 已成功抓取全部所需数据。
[2026-04-04 23:39:57] [SUCCESS] bvid=BV1YB9NBgEDH 已成功抓取全部所需数据。
[2026-04-04 23:40:03] [SUCCESS] bvid=BV1Xy9NBKEat 已成功抓取全部所需数据。
[2026-04-04 23:40:09] [SUCCESS] bvid=BV1439jBtEDb 已成功抓取全部所需数据。
[2026-04-04 23:40:15] [SUCCESS] bvid=BV1Qy9NBKEKb 已成功抓取全部所需数据。
[2026-04-04 23:40:21] [SUCCESS] bvid=BV1Yz9NBzEqo 已成功抓取全部所需数据。
[2026-04-04 23:40:27] [SUCCESS] bvid=BV1nF9wBzEd5 已成功抓取全部所需数据。
[2026-04-04 23:40:34] [SUCCESS] bvid=BV17M9wBPEEC 已成功抓取全部所需数据。
[2026-04-04 23:40:34] [WARN] 当前子任务已结束，但仍有未成功抓取的视频，已导出 remaining CSV 供继续执行。
[2026-04-04 23:40:34] [INFO] 已导出剔除成功条目后的剩余 CSV：D:\Schoolworks\Thesis\Bilibili-Datahub\outputs\video_data\manual_crawls\manual_crawl_stat_comment_20260404_194235\remaining_bvids_part_10.csv
[2026-04-04 23:40:34] 子任务结束时间：2026-04-04T23:40:34.662793
[TIMESTAMP][END] 2026-04-04T23:40:34
