[TIMESTAMP][BEGIN] 2026-04-04T23:40:34
[2026-04-04 23:40:37] 开始执行 CSV 批量抓取子任务 part_11。
[2026-04-04 23:40:37] 子任务开始时间：2026-04-04T23:40:34.909524
[2026-04-04 23:40:37] 输入文件：batch_input_11.csv
[2026-04-04 23:40:37] 输入唯一 bvid 数量：100
[2026-04-04 23:40:37] 为严格按 CSV 顺序判断连续失败阈值，本次任务自动将并发度从 2 调整为 1。
[2026-04-04 23:40:43] [SUCCESS] bvid=BV1j59KB1EPg 已成功抓取全部所需数据。
[2026-04-04 23:40:50] [SUCCESS] bvid=BV1vX9wBPEE1 已成功抓取全部所需数据。
[2026-04-04 23:40:56] [SUCCESS] bvid=BV17w9FB8Emb 已成功抓取全部所需数据。
[2026-04-04 23:41:02] [SUCCESS] bvid=BV1ZHXBBTEeu 已成功抓取全部所需数据。
[2026-04-04 23:41:08] [SUCCESS] bvid=BV17GXeBoErP 已成功抓取全部所需数据。
[2026-04-04 23:41:15] [SUCCESS] bvid=BV1vsXfBRERV 已成功抓取全部所需数据。
[2026-04-04 23:41:20] [SUCCESS] bvid=BV1Hi9FBTEuF 已成功抓取全部所需数据。
[2026-04-04 23:41:27] [SUCCESS] bvid=BV1tx9wBQEm3 已成功抓取全部所需数据。
[2026-04-04 23:41:33] [SUCCESS] bvid=BV1Cc9KBsEBK 已成功抓取全部所需数据。
[2026-04-04 23:41:39] [SUCCESS] bvid=BV17V9KBjEB4 已成功抓取全部所需数据。
[2026-04-04 23:41:45] [SUCCESS] bvid=BV1qV9KBjELL 已成功抓取全部所需数据。
[2026-04-04 23:41:51] [SUCCESS] bvid=BV15r9NBuEJg 已成功抓取全部所需数据。
[2026-04-04 23:41:57] [SUCCESS] bvid=BV1BV9KBjEiU 已成功抓取全部所需数据。
[2026-04-04 23:42:03] [SUCCESS] bvid=BV1B59KB1Eue 已成功抓取全部所需数据。
[2026-04-04 23:42:09] [SUCCESS] bvid=BV1E39KBmEUg 已成功抓取全部所需数据。
[2026-04-04 23:42:15] [SUCCESS] bvid=BV1E39KBmEoe 已成功抓取全部所需数据。
[2026-04-04 23:42:28] [SUCCESS] bvid=BV1ux9PB8EHy 已成功抓取全部所需数据。
[2026-04-04 23:42:34] [SUCCESS] bvid=BV1Jg9KBEEqL 已成功抓取全部所需数据。
[2026-04-04 23:42:40] [SUCCESS] bvid=BV1Jg9KBEE8w 已成功抓取全部所需数据。
[2026-04-04 23:42:46] [SUCCESS] bvid=BV1LJ9KBGE61 已成功抓取全部所需数据。
[2026-04-04 23:42:52] [SUCCESS] bvid=BV1pg9HBeEaY 已成功抓取全部所需数据。
[2026-04-04 23:42:58] [SUCCESS] bvid=BV1L79KBCE9Z 已成功抓取全部所需数据。
[2026-04-04 23:43:04] [SUCCESS] bvid=BV1Ac9KBxEax 已成功抓取全部所需数据。
[2026-04-04 23:43:11] [SUCCESS] bvid=BV1dh9cBbEFx 已成功抓取全部所需数据。
[2026-04-04 23:43:17] [SUCCESS] bvid=BV1GyXdBLEEY 已成功抓取全部所需数据。
[2026-04-04 23:43:24] [SUCCESS] bvid=BV1QyXdB5Eod 已成功抓取全部所需数据。
[2026-04-04 23:43:30] [SUCCESS] bvid=BV1XyXdB5E5m 已成功抓取全部所需数据。
[2026-04-04 23:43:36] [SUCCESS] bvid=BV1XyXdB5EY4 已成功抓取全部所需数据。
[2026-04-04 23:43:42] [SUCCESS] bvid=BV1sf9NBdEJW 已成功抓取全部所需数据。
[2026-04-04 23:43:48] [SUCCESS] bvid=BV1HT9KBnEKA 已成功抓取全部所需数据。
[2026-04-04 23:43:54] [SUCCESS] bvid=BV11NXfBBEWv 已成功抓取全部所需数据。
[2026-04-04 23:44:00] [SUCCESS] bvid=BV12K9cB1ELs 已成功抓取全部所需数据。
[2026-04-04 23:44:06] [SUCCESS] bvid=BV11U9WBLEm7 已成功抓取全部所需数据。
[2026-04-04 23:44:13] [SUCCESS] bvid=BV18nXjBtEJ5 已成功抓取全部所需数据。
[2026-04-04 23:44:19] [SUCCESS] bvid=BV1Df9FBnEVm 已成功抓取全部所需数据。
[2026-04-04 23:44:26] [SUCCESS] bvid=BV1ux9PB8EsD 已成功抓取全部所需数据。
[2026-04-04 23:44:32] [SUCCESS] bvid=BV1iV9PBBETV 已成功抓取全部所需数据。
[2026-04-04 23:44:38] [SUCCESS] bvid=BV1HP9KBpETh 已成功抓取全部所需数据。
[2026-04-04 23:44:45] [SUCCESS] bvid=BV16H9ABVEH6 已成功抓取全部所需数据。
[2026-04-04 23:44:51] [SUCCESS] bvid=BV1Df9FBnEPK 已成功抓取全部所需数据。
[2026-04-04 23:44:57] [SUCCESS] bvid=BV1kJ9AByEhr 已成功抓取全部所需数据。
[2026-04-04 23:45:03] [SUCCESS] bvid=BV1JP9PByEZh 已成功抓取全部所需数据。
[2026-04-04 23:45:09] [SUCCESS] bvid=BV1Df9FBnE1J 已成功抓取全部所需数据。
[2026-04-04 23:45:15] [SUCCESS] bvid=BV1WMXfBqEff 已成功抓取全部所需数据。
[2026-04-04 23:45:21] [SUCCESS] bvid=BV1Df9FBnEtd 已成功抓取全部所需数据。
[2026-04-04 23:45:27] [SUCCESS] bvid=BV1UT9ABXEuu 已成功抓取全部所需数据。
[2026-04-04 23:45:33] [SUCCESS] bvid=BV1bm9ABxE2g 已成功抓取全部所需数据。
[2026-04-04 23:45:39] [SUCCESS] bvid=BV1Df9FBnEbG 已成功抓取全部所需数据。
[2026-04-04 23:45:45] [SUCCESS] bvid=BV1Df9FBnEE6 已成功抓取全部所需数据。
[2026-04-04 23:45:52] [SUCCESS] bvid=BV1xD9ABWERJ 已成功抓取全部所需数据。
[2026-04-04 23:45:58] [SUCCESS] bvid=BV1Df9FBnEWL 已成功抓取全部所需数据。
[2026-04-04 23:56:04] [SUCCESS] bvid=BV1ia9ABiEsK 已成功抓取全部所需数据。
[2026-04-04 23:56:12] [SUCCESS] bvid=BV1ea9ABiEmY 已成功抓取全部所需数据。
[2026-04-04 23:56:19] [SUCCESS] bvid=BV1a69ABcEUW 已成功抓取全部所需数据。
[2026-04-04 23:56:26] [SUCCESS] bvid=BV1Y69ABcEVa 已成功抓取全部所需数据。
[2026-04-04 23:56:33] [SUCCESS] bvid=BV1ar9AB8E8g 已成功抓取全部所需数据。
[2026-04-04 23:56:40] [SUCCESS] bvid=BV1jg9PB6EE1 已成功抓取全部所需数据。
[2026-04-04 23:56:48] [SUCCESS] bvid=BV1Df9FBnEsU 已成功抓取全部所需数据。
[2026-04-04 23:56:55] [SUCCESS] bvid=BV1eq9ABAEtJ 已成功抓取全部所需数据。
[2026-04-04 23:57:02] [SUCCESS] bvid=BV1YB9ABaEsm 已成功抓取全部所需数据。
[2026-04-04 23:57:09] [SUCCESS] bvid=BV1Eg9PB6EwM 已成功抓取全部所需数据。
[2026-04-04 23:57:15] [SUCCESS] bvid=BV1Df9FBnEbW 已成功抓取全部所需数据。
[2026-04-04 23:57:21] [SUCCESS] bvid=BV1zu9PB3E3x 已成功抓取全部所需数据。
[2026-04-04 23:57:28] [SUCCESS] bvid=BV1eE9PBNExc 已成功抓取全部所需数据。
[2026-04-04 23:57:34] [SUCCESS] bvid=BV1gf9FBHEHt 已成功抓取全部所需数据。
[2026-04-04 23:57:41] [SUCCESS] bvid=BV1Nv9PBWENE 已成功抓取全部所需数据。
[2026-04-04 23:57:48] [SUCCESS] bvid=BV1GG9FBXEDb 已成功抓取全部所需数据。
[2026-04-04 23:57:54] [SUCCESS] bvid=BV1EN9wBKEyo 已成功抓取全部所需数据。
[2026-04-04 23:58:01] [SUCCESS] bvid=BV1jK9wBvERW 已成功抓取全部所需数据。
[2026-04-04 23:58:07] [SUCCESS] bvid=BV15G9wBhE9i 已成功抓取全部所需数据。
[2026-04-04 23:58:14] [SUCCESS] bvid=BV1LG9wBhEJE 已成功抓取全部所需数据。
[2026-04-04 23:58:20] [SUCCESS] bvid=BV1Ho9cBrENU 已成功抓取全部所需数据。
[2026-04-04 23:58:27] [SUCCESS] bvid=BV1po9cBrENk 已成功抓取全部所需数据。
[2026-04-04 23:58:34] [SUCCESS] bvid=BV1iD9wBvEsa 已成功抓取全部所需数据。
[2026-04-04 23:58:40] [SUCCESS] bvid=BV1C99cBCEhA 已成功抓取全部所需数据。
[2026-04-04 23:58:47] [SUCCESS] bvid=BV1rF9wBzEA9 已成功抓取全部所需数据。
[2026-04-04 23:58:54] [SUCCESS] bvid=BV1Pe9wBjEQh 已成功抓取全部所需数据。
[2026-04-04 23:59:00] [SUCCESS] bvid=BV11e9wBjENE 已成功抓取全部所需数据。
[2026-04-04 23:59:07] [SUCCESS] bvid=BV1c69wBGEbr 已成功抓取全部所需数据。
[2026-04-05 00:09:11] [ERROR] bvid=BV1yv9wB1EKh 抓取失败：comment: Timeout of 600.0s exceeded, last exception: HTTPSConnectionPool(host='bigquery.googleapis.com', port=443): Max retries exceeded with url: /bigquery/v2/projects/bilibili-m2s2vp-research/datasets?prettyPrint=false (Caused by SSLError(SSLEOFError(8, 'EOF occurred in violation of protocol (_ssl.c:1017)')))
[2026-04-05 00:09:20] [SUCCESS] bvid=BV1Aq9wB5EJk 已成功抓取全部所需数据。
[2026-04-05 00:09:29] [SUCCESS] bvid=BV1Aq9wB5Erp 已成功抓取全部所需数据。
[2026-04-05 00:09:37] [SUCCESS] bvid=BV1Gj9wBZE85 已成功抓取全部所需数据。
[2026-04-05 00:09:45] [SUCCESS] bvid=BV1Gj9wBZEiJ 已成功抓取全部所需数据。
[2026-04-05 00:09:53] [SUCCESS] bvid=BV13j9wBZE6d 已成功抓取全部所需数据。
[2026-04-05 00:10:02] [SUCCESS] bvid=BV1aE9wB4Eif 已成功抓取全部所需数据。
[2026-04-05 00:10:09] [SUCCESS] bvid=BV13E9wB4Ea3 已成功抓取全部所需数据。
[2026-04-05 00:10:18] [SUCCESS] bvid=BV1Tt9wBnEve 已成功抓取全部所需数据。
[2026-04-05 00:10:25] [SUCCESS] bvid=BV18p9wB9EiF 已成功抓取全部所需数据。
[2026-04-05 00:10:34] [SUCCESS] bvid=BV183XZB1EfE 已成功抓取全部所需数据。
[2026-04-05 00:10:41] [SUCCESS] bvid=BV18nXjBtEaa 已成功抓取全部所需数据。
[2026-04-05 00:10:49] [SUCCESS] bvid=BV1V99wBYEqB 已成功抓取全部所需数据。
[2026-04-05 00:10:57] [SUCCESS] bvid=BV1Xo9wB8EpW 已成功抓取全部所需数据。
[2026-04-05 00:11:05] [SUCCESS] bvid=BV1QZ9wBfEPj 已成功抓取全部所需数据。
[2026-04-05 00:11:12] [SUCCESS] bvid=BV1Gf9wBFEHX 已成功抓取全部所需数据。
[2026-04-05 00:11:19] [SUCCESS] bvid=BV1Yf9wBFEjC 已成功抓取全部所需数据。
[2026-04-05 00:11:28] [SUCCESS] bvid=BV1R99wBaEhM 已成功抓取全部所需数据。
[2026-04-05 00:11:36] [SUCCESS] bvid=BV19d9wBcEhb 已成功抓取全部所需数据。
[2026-04-05 00:11:44] [SUCCESS] bvid=BV1DF9ABtEXd 已成功抓取全部所需数据。
[2026-04-05 00:11:52] [SUCCESS] bvid=BV1SP9ABREaF 已成功抓取全部所需数据。
[2026-04-05 00:11:52] [WARN] 当前子任务已结束，但仍有未成功抓取的视频，已导出 remaining CSV 供继续执行。
[2026-04-05 00:11:52] [INFO] 已导出剔除成功条目后的剩余 CSV：D:\Schoolworks\Thesis\Bilibili-Datahub\outputs\video_data\manual_crawls\manual_crawl_stat_comment_20260404_194235\remaining_bvids_part_11.csv
[2026-04-05 00:11:52] 子任务结束时间：2026-04-05T00:11:52.195247
[TIMESTAMP][END] 2026-04-05T00:11:52
