[TIMESTAMP][BEGIN] 2026-04-04T22:09:11
[2026-04-04 22:09:15] 开始执行 CSV 批量抓取子任务 part_7。
[2026-04-04 22:09:15] 子任务开始时间：2026-04-04T22:09:11.414512
[2026-04-04 22:09:15] 输入文件：batch_input_7.csv
[2026-04-04 22:09:15] 输入唯一 bvid 数量：100
[2026-04-04 22:09:15] 为严格按 CSV 顺序判断连续失败阈值，本次任务自动将并发度从 2 调整为 1。
[2026-04-04 22:09:22] [SUCCESS] bvid=BV1Gp9KBgEhc 已成功抓取全部所需数据。
[2026-04-04 22:09:30] [SUCCESS] bvid=BV1vc9TB5EEY 已成功抓取全部所需数据。
[2026-04-04 22:09:39] [SUCCESS] bvid=BV1CW9TBtEvR 已成功抓取全部所需数据。
[2026-04-04 22:09:47] [SUCCESS] bvid=BV19o9PBME2k 已成功抓取全部所需数据。
[2026-04-04 22:09:56] [SUCCESS] bvid=BV1Bh9TBXE1J 已成功抓取全部所需数据。
[2026-04-04 22:10:04] [SUCCESS] bvid=BV1tY9KBYEHA 已成功抓取全部所需数据。
[2026-04-04 22:10:13] [SUCCESS] bvid=BV1k49TBxE2N 已成功抓取全部所需数据。
[2026-04-04 22:10:22] [SUCCESS] bvid=BV18L9uBkE2j 已成功抓取全部所需数据。
[2026-04-04 22:10:30] [SUCCESS] bvid=BV17e9TBQEj7 已成功抓取全部所需数据。
[2026-04-04 22:10:38] [SUCCESS] bvid=BV1SD9NBwE7N 已成功抓取全部所需数据。
[2026-04-04 22:10:47] [SUCCESS] bvid=BV16e9uBbEg9 已成功抓取全部所需数据。
[2026-04-04 22:10:55] [SUCCESS] bvid=BV1b79uB3Est 已成功抓取全部所需数据。
[2026-04-04 22:11:03] [SUCCESS] bvid=BV1b79uB3Esg 已成功抓取全部所需数据。
[2026-04-04 22:11:13] [SUCCESS] bvid=BV1m79uBgEk1 已成功抓取全部所需数据。
[2026-04-04 22:11:21] [SUCCESS] bvid=BV1w19KBsEHs 已成功抓取全部所需数据。
[2026-04-04 22:11:29] [SUCCESS] bvid=BV1mE9uBzE8o 已成功抓取全部所需数据。
[2026-04-04 22:11:37] [SUCCESS] bvid=BV1Ns9uBiEHo 已成功抓取全部所需数据。
[2026-04-04 22:11:46] [SUCCESS] bvid=BV1UE9uBzE5n 已成功抓取全部所需数据。
[2026-04-04 22:11:54] [SUCCESS] bvid=BV1ME9uB6E1R 已成功抓取全部所需数据。
[2026-04-04 22:12:03] [SUCCESS] bvid=BV1UE9uBzETs 已成功抓取全部所需数据。
[2026-04-04 22:12:11] [SUCCESS] bvid=BV1D59uBGEuH 已成功抓取全部所需数据。
[2026-04-04 22:22:44] [ERROR] bvid=BV1F7XfBhELo 抓取失败：stat: Timeout of 600.0s exceeded, last exception: HTTPSConnectionPool(host='bigquery.googleapis.com', port=443): Max retries exceeded with url: /bigquery/v2/projects/bilibili-m2s2vp-research/datasets?prettyPrint=false (Caused by SSLError(SSLEOFError(8, 'EOF occurred in violation of protocol (_ssl.c:1017)')))
[2026-04-04 22:22:53] [SUCCESS] bvid=BV12cXfB3Erz 已成功抓取全部所需数据。
[2026-04-04 22:23:01] [SUCCESS] bvid=BV1SM9TBBEb1 已成功抓取全部所需数据。
[2026-04-04 22:23:09] [SUCCESS] bvid=BV18Q9TBuEFq 已成功抓取全部所需数据。
[2026-04-04 22:23:16] [SUCCESS] bvid=BV1jZ9KBjE8z 已成功抓取全部所需数据。
[2026-04-04 22:23:25] [SUCCESS] bvid=BV1Qo9FBQEhs 已成功抓取全部所需数据。
[2026-04-04 22:23:34] [SUCCESS] bvid=BV1n19PB2EPj 已成功抓取全部所需数据。
[2026-04-04 22:23:41] [SUCCESS] bvid=BV1359uBVEKU 已成功抓取全部所需数据。
[2026-04-04 22:23:49] [SUCCESS] bvid=BV1D59uBVEyH 已成功抓取全部所需数据。
[2026-04-04 22:23:56] [SUCCESS] bvid=BV1SL9uBrEqz 已成功抓取全部所需数据。
[2026-04-04 22:24:04] [SUCCESS] bvid=BV1D59uBGE7S 已成功抓取全部所需数据。
[2026-04-04 22:24:13] [SUCCESS] bvid=BV1SL9uBrErG 已成功抓取全部所需数据。
[2026-04-04 22:24:21] [SUCCESS] bvid=BV1yW9uBKEjX 已成功抓取全部所需数据。
[2026-04-04 22:24:29] [SUCCESS] bvid=BV1nU9KBpEpg 已成功抓取全部所需数据。
[2026-04-04 22:24:38] [SUCCESS] bvid=BV1FU9KBpECm 已成功抓取全部所需数据。
[2026-04-04 22:24:46] [SUCCESS] bvid=BV1xs9uBiEeE 已成功抓取全部所需数据。
[2026-04-04 22:24:54] [SUCCESS] bvid=BV1Ns9uBiEQT 已成功抓取全部所需数据。
[2026-04-04 22:25:03] [SUCCESS] bvid=BV1KW9uBTEBb 已成功抓取全部所需数据。
[2026-04-04 22:25:11] [SUCCESS] bvid=BV1P79NBREhH 已成功抓取全部所需数据。
[2026-04-04 22:25:18] [SUCCESS] bvid=BV1Ps9uBiEo2 已成功抓取全部所需数据。
[2026-04-04 22:25:27] [SUCCESS] bvid=BV1Nn9TBhEYR 已成功抓取全部所需数据。
[2026-04-04 22:25:35] [SUCCESS] bvid=BV1Tn9uBuEQV 已成功抓取全部所需数据。
[2026-04-04 22:25:43] [SUCCESS] bvid=BV1Qx9KBMEP2 已成功抓取全部所需数据。
[2026-04-04 22:25:51] [SUCCESS] bvid=BV1C19KBsE77 已成功抓取全部所需数据。
[2026-04-04 22:26:00] [SUCCESS] bvid=BV12n9uBMEqd 已成功抓取全部所需数据。
[2026-04-04 22:26:09] [SUCCESS] bvid=BV1Be9TBDEgF 已成功抓取全部所需数据。
[2026-04-04 22:26:17] [SUCCESS] bvid=BV1b89KBvEQ9 已成功抓取全部所需数据。
[2026-04-04 22:26:26] [SUCCESS] bvid=BV11V9NB4EZJ 已成功抓取全部所需数据。
[2026-04-04 22:26:35] [SUCCESS] bvid=BV1F7XfBhEng 已成功抓取全部所需数据。
[2026-04-04 22:26:45] [SUCCESS] bvid=BV1kt9TBREgY 已成功抓取全部所需数据。
[2026-04-04 22:26:53] [SUCCESS] bvid=BV15F9NBTEa5 已成功抓取全部所需数据。
[2026-04-04 22:27:01] [SUCCESS] bvid=BV1MJXZBgEwH 已成功抓取全部所需数据。
[2026-04-04 22:27:10] [SUCCESS] bvid=BV1Fy9wBzENY 已成功抓取全部所需数据。
[2026-04-04 22:27:20] [SUCCESS] bvid=BV1wn9jBnEie 已成功抓取全部所需数据。
[2026-04-04 22:27:28] [SUCCESS] bvid=BV1mg9NBbEQi 已成功抓取全部所需数据。
[2026-04-04 22:27:38] [SUCCESS] bvid=BV1QA9NBPEdF 已成功抓取全部所需数据。
[2026-04-04 22:27:49] [SUCCESS] bvid=BV1KXX6B9E5b 已成功抓取全部所需数据。
[2026-04-04 22:27:57] [SUCCESS] bvid=BV1nr9wBrE2J 已成功抓取全部所需数据。
[2026-04-04 22:28:05] [SUCCESS] bvid=BV1239NBZEw9 已成功抓取全部所需数据。
[2026-04-04 22:28:13] [SUCCESS] bvid=BV1Y9XzBPEid 已成功抓取全部所需数据。
[2026-04-04 22:28:22] [SUCCESS] bvid=BV1c59cB3E9W 已成功抓取全部所需数据。
[2026-04-04 22:38:27] [ERROR] bvid=BV1pzQZBYE24 抓取失败：stat: Timeout of 600.0s exceeded, last exception: HTTPSConnectionPool(host='bigquery.googleapis.com', port=443): Max retries exceeded with url: /bigquery/v2/projects/bilibili-m2s2vp-research/datasets?prettyPrint=false (Caused by ProxyError('Unable to connect to proxy', RemoteDisconnected('Remote end closed connection without response')))
[2026-04-04 22:38:34] [SUCCESS] bvid=BV1KH9uBBE1c 已成功抓取全部所需数据。
[2026-04-04 22:38:41] [SUCCESS] bvid=BV1Yc9NBiEoM 已成功抓取全部所需数据。
[2026-04-04 22:38:47] [SUCCESS] bvid=BV1KH9uBBEK3 已成功抓取全部所需数据。
[2026-04-04 22:38:54] [SUCCESS] bvid=BV1KH9uBBEwJ 已成功抓取全部所需数据。
[2026-04-04 22:39:00] [SUCCESS] bvid=BV14B9KBFE3f 已成功抓取全部所需数据。
[2026-04-04 22:39:06] [SUCCESS] bvid=BV1KB9KBFEBk 已成功抓取全部所需数据。
[2026-04-04 22:39:12] [SUCCESS] bvid=BV1Nz9KBbEZT 已成功抓取全部所需数据。
[2026-04-04 22:39:19] [SUCCESS] bvid=BV1xi9KBhEUK 已成功抓取全部所需数据。
[2026-04-04 22:39:26] [SUCCESS] bvid=BV1Nz9KBbES2 已成功抓取全部所需数据。
[2026-04-04 22:39:32] [SUCCESS] bvid=BV1Tv9KBwEJJ 已成功抓取全部所需数据。
[2026-04-04 22:39:39] [SUCCESS] bvid=BV1Tv9KBwEn4 已成功抓取全部所需数据。
[2026-04-04 22:39:44] [SUCCESS] bvid=BV1AC9KBdEzT 已成功抓取全部所需数据。
[2026-04-04 22:39:51] [SUCCESS] bvid=BV1pC9KBdEAW 已成功抓取全部所需数据。
[2026-04-04 22:39:58] [SUCCESS] bvid=BV1Wk9KB4EFj 已成功抓取全部所需数据。
[2026-04-04 22:40:04] [SUCCESS] bvid=BV1AC9KBdEh8 已成功抓取全部所需数据。
[2026-04-04 22:40:11] [SUCCESS] bvid=BV1AC9KBdErd 已成功抓取全部所需数据。
[2026-04-04 22:40:18] [SUCCESS] bvid=BV1A19KBsE7f 已成功抓取全部所需数据。
[2026-04-04 22:40:25] [SUCCESS] bvid=BV1WC9KBdEcX 已成功抓取全部所需数据。
[2026-04-04 22:40:32] [SUCCESS] bvid=BV1P69KBZEC8 已成功抓取全部所需数据。
[2026-04-04 22:40:39] [SUCCESS] bvid=BV1A19KBsEu5 已成功抓取全部所需数据。
[2026-04-04 22:40:45] [SUCCESS] bvid=BV1FQ9KBnEgb 已成功抓取全部所需数据。
[2026-04-04 22:40:52] [SUCCESS] bvid=BV1QP9TB3Ezc 已成功抓取全部所需数据。
[2026-04-04 22:40:58] [SUCCESS] bvid=BV1P69KBZEFb 已成功抓取全部所需数据。
[2026-04-04 22:41:04] [SUCCESS] bvid=BV1P69KBZEtP 已成功抓取全部所需数据。
[2026-04-04 22:41:10] [SUCCESS] bvid=BV1P69KBZErF 已成功抓取全部所需数据。
[2026-04-04 22:41:17] [SUCCESS] bvid=BV1P69KBZEno 已成功抓取全部所需数据。
[2026-04-04 22:41:23] [SUCCESS] bvid=BV1N69KBZEbR 已成功抓取全部所需数据。
[2026-04-04 22:41:29] [SUCCESS] bvid=BV1W69KBZEtB 已成功抓取全部所需数据。
[2026-04-04 22:41:35] [SUCCESS] bvid=BV1Ak9KB4E8R 已成功抓取全部所需数据。
[2026-04-04 22:41:42] [SUCCESS] bvid=BV13x9KBMENB 已成功抓取全部所需数据。
[2026-04-04 22:41:48] [SUCCESS] bvid=BV13x9KBMEuy 已成功抓取全部所需数据。
[2026-04-04 22:41:54] [SUCCESS] bvid=BV1a49KBqEPw 已成功抓取全部所需数据。
[2026-04-04 22:42:02] [SUCCESS] bvid=BV1xV9NBtESS 已成功抓取全部所需数据。
[2026-04-04 22:42:08] [SUCCESS] bvid=BV1YW9KBzET9 已成功抓取全部所需数据。
[2026-04-04 22:42:14] [SUCCESS] bvid=BV1ua9KBPEBQ 已成功抓取全部所需数据。
[2026-04-04 22:42:20] [SUCCESS] bvid=BV1Ta9KBPEk9 已成功抓取全部所需数据。
[2026-04-04 22:42:26] [SUCCESS] bvid=BV1Ma9KBPELE 已成功抓取全部所需数据。
[2026-04-04 22:42:26] [WARN] 当前子任务已结束，但仍有未成功抓取的视频，已导出 remaining CSV 供继续执行。
[2026-04-04 22:42:26] [INFO] 已导出剔除成功条目后的剩余 CSV：D:\Schoolworks\Thesis\Bilibili-Datahub\outputs\video_data\manual_crawls\manual_crawl_stat_comment_20260404_194235\remaining_bvids_part_7.csv
[2026-04-04 22:42:26] 子任务结束时间：2026-04-04T22:42:26.282776
[TIMESTAMP][END] 2026-04-04T22:42:26
