[TIMESTAMP][BEGIN] 2026-04-05T00:11:52
[2026-04-05 00:11:56] 开始执行 CSV 批量抓取子任务 part_12。
[2026-04-05 00:11:56] 子任务开始时间：2026-04-05T00:11:52.393362
[2026-04-05 00:11:56] 输入文件：batch_input_12.csv
[2026-04-05 00:11:56] 输入唯一 bvid 数量：100
[2026-04-05 00:11:56] 为严格按 CSV 顺序判断连续失败阈值，本次任务自动将并发度从 2 调整为 1。
[2026-04-05 00:12:03] [SUCCESS] bvid=BV1DF9ABtEiB 已成功抓取全部所需数据。
[2026-04-05 00:12:11] [SUCCESS] bvid=BV1GF9ABbEGy 已成功抓取全部所需数据。
[2026-04-05 00:12:17] [SUCCESS] bvid=BV1Zy9wBBEdN 已成功抓取全部所需数据。
[2026-04-05 00:12:24] [SUCCESS] bvid=BV1729wBMEWe 已成功抓取全部所需数据。
[2026-04-05 00:12:30] [SUCCESS] bvid=BV1Z29wBTEUE 已成功抓取全部所需数据。
[2026-04-05 00:12:37] [SUCCESS] bvid=BV1Fr9wBrEy7 已成功抓取全部所需数据。
[2026-04-05 00:12:44] [SUCCESS] bvid=BV1mw9cBEEeb 已成功抓取全部所需数据。
[2026-04-05 00:12:51] [SUCCESS] bvid=BV1LD9wBvE5x 已成功抓取全部所需数据。
[2026-04-05 00:12:58] [SUCCESS] bvid=BV1oD9wBeEAE 已成功抓取全部所需数据。
[2026-04-05 00:13:05] [SUCCESS] bvid=BV1XD9FBdEko 已成功抓取全部所需数据。
[2026-04-05 00:13:11] [SUCCESS] bvid=BV15X9wBPE1p 已成功抓取全部所需数据。
[2026-04-05 00:13:17] [SUCCESS] bvid=BV1Zm9wBiEHi 已成功抓取全部所需数据。
[2026-04-05 00:13:23] [SUCCESS] bvid=BV1LK9FBoELX 已成功抓取全部所需数据。
[2026-04-05 00:13:30] [SUCCESS] bvid=BV1dK9FBoE8E 已成功抓取全部所需数据。
[2026-04-05 00:13:37] [SUCCESS] bvid=BV1LK9FBoE8G 已成功抓取全部所需数据。
[2026-04-05 00:13:43] [SUCCESS] bvid=BV15K9FBoEDF 已成功抓取全部所需数据。
[2026-04-05 00:13:50] [SUCCESS] bvid=BV1Ew9FB8EV7 已成功抓取全部所需数据。
[2026-04-05 00:13:57] [SUCCESS] bvid=BV1jA9FBfEht 已成功抓取全部所需数据。
[2026-04-05 00:14:04] [SUCCESS] bvid=BV1Bw9FB8EeY 已成功抓取全部所需数据。
[2026-04-05 00:14:11] [SUCCESS] bvid=BV17w9FB8EdL 已成功抓取全部所需数据。
[2026-04-05 00:14:17] [SUCCESS] bvid=BV1LA9FBfEoA 已成功抓取全部所需数据。
[2026-04-05 00:14:24] [SUCCESS] bvid=BV17A9FBfEM6 已成功抓取全部所需数据。
[2026-04-05 00:14:31] [SUCCESS] bvid=BV1YG9FBXExX 已成功抓取全部所需数据。
[2026-04-05 00:14:38] [SUCCESS] bvid=BV1e39FBWELg 已成功抓取全部所需数据。
[2026-04-05 00:14:44] [SUCCESS] bvid=BV1YG9FBXE2y 已成功抓取全部所需数据。
[2026-04-05 00:14:50] [SUCCESS] bvid=BV1LM9FBxEPN 已成功抓取全部所需数据。
[2026-04-05 00:14:57] [SUCCESS] bvid=BV1Vu9FBREtP 已成功抓取全部所需数据。
[2026-04-05 00:15:03] [SUCCESS] bvid=BV15u9FBRE5F 已成功抓取全部所需数据。
[2026-04-05 00:15:09] [SUCCESS] bvid=BV1Vu9FBREpk 已成功抓取全部所需数据。
[2026-04-05 00:15:15] [SUCCESS] bvid=BV15u9FBREJV 已成功抓取全部所需数据。
[2026-04-05 00:15:21] [SUCCESS] bvid=BV1wXXfBqErW 已成功抓取全部所需数据。
[2026-04-05 00:15:27] [SUCCESS] bvid=BV1HRXfBNE5n 已成功抓取全部所需数据。
[2026-04-05 00:15:34] [SUCCESS] bvid=BV1rRXfBNEcX 已成功抓取全部所需数据。
[2026-04-05 00:15:41] [SUCCESS] bvid=BV1nRXfBNEgt 已成功抓取全部所需数据。
[2026-04-05 00:15:47] [SUCCESS] bvid=BV1HRXfBNEwc 已成功抓取全部所需数据。
[2026-04-05 00:15:53] [SUCCESS] bvid=BV17k9FBAE4P 已成功抓取全部所需数据。
[2026-04-05 00:15:59] [SUCCESS] bvid=BV1JsXMBXEU8 已成功抓取全部所需数据。
[2026-04-05 00:16:06] [SUCCESS] bvid=BV1PSXfBzEu2 已成功抓取全部所需数据。
[2026-04-05 00:16:13] [SUCCESS] bvid=BV1WSXfBBEVa 已成功抓取全部所需数据。
[2026-04-05 00:16:19] [SUCCESS] bvid=BV1EfXfBaEh4 已成功抓取全部所需数据。
[2026-04-05 00:16:26] [SUCCESS] bvid=BV1pQXfBTEQF 已成功抓取全部所需数据。
[2026-04-05 00:16:33] [SUCCESS] bvid=BV1ffXfB8E48 已成功抓取全部所需数据。
[2026-04-05 00:16:39] [SUCCESS] bvid=BV1zc9FBcEF9 已成功抓取全部所需数据。
[2026-04-05 00:16:46] [SUCCESS] bvid=BV17c9FBcE2V 已成功抓取全部所需数据。
[2026-04-05 00:16:52] [SUCCESS] bvid=BV1ndXfBvE1x 已成功抓取全部所需数据。
[2026-04-05 00:16:58] [SUCCESS] bvid=BV1rdXfBeEe5 已成功抓取全部所需数据。
[2026-04-05 00:17:06] [SUCCESS] bvid=BV1JZXfBAEsK 已成功抓取全部所需数据。
[2026-04-05 00:17:12] [SUCCESS] bvid=BV1cZXfBPEwN 已成功抓取全部所需数据。
[2026-04-05 00:17:19] [SUCCESS] bvid=BV1A89FB3EUa 已成功抓取全部所需数据。
[2026-04-05 00:17:25] [SUCCESS] bvid=BV1xpXZBMEnb 已成功抓取全部所需数据。
[2026-04-05 00:17:32] [SUCCESS] bvid=BV1189FB3EL1 已成功抓取全部所需数据。
[2026-04-05 00:17:38] [SUCCESS] bvid=BV1G59FBHE3j 已成功抓取全部所需数据。
[2026-04-05 00:17:45] [SUCCESS] bvid=BV1Ah9FB6ENH 已成功抓取全部所需数据。
[2026-04-05 00:17:52] [SUCCESS] bvid=BV1wh9FB6Ef1 已成功抓取全部所需数据。
[2026-04-05 00:17:58] [SUCCESS] bvid=BV1Pt9FBkEW3 已成功抓取全部所需数据。
[2026-04-05 00:18:04] [SUCCESS] bvid=BV1N49FBVEWR 已成功抓取全部所需数据。
[2026-04-05 00:18:11] [SUCCESS] bvid=BV1N49FBVEvJ 已成功抓取全部所需数据。
[2026-04-05 00:18:18] [SUCCESS] bvid=BV1Fi9FBTEm1 已成功抓取全部所需数据。
[2026-04-05 00:18:24] [SUCCESS] bvid=BV1st9FBkE1T 已成功抓取全部所需数据。
[2026-04-05 00:18:30] [SUCCESS] bvid=BV1wi9FBTEWi 已成功抓取全部所需数据。
[2026-04-05 00:18:37] [SUCCESS] bvid=BV1wi9FBTEMk 已成功抓取全部所需数据。
[2026-04-05 00:18:44] [SUCCESS] bvid=BV1ri9FBTES5 已成功抓取全部所需数据。
[2026-04-05 00:18:50] [SUCCESS] bvid=BV1Fq9FBiEh6 已成功抓取全部所需数据。
[2026-04-05 00:18:57] [SUCCESS] bvid=BV1Fi9FBTEHo 已成功抓取全部所需数据。
[2026-04-05 00:19:03] [SUCCESS] bvid=BV1Fq9FBiEtY 已成功抓取全部所需数据。
[2026-04-05 00:19:10] [SUCCESS] bvid=BV1fq9FBvEBQ 已成功抓取全部所需数据。
[2026-04-05 00:19:16] [SUCCESS] bvid=BV1fq9FBvEBt 已成功抓取全部所需数据。
[2026-04-05 00:19:23] [SUCCESS] bvid=BV1He9FBBEvt 已成功抓取全部所需数据。
[2026-04-05 00:19:29] [SUCCESS] bvid=BV1Fq9FBiE5V 已成功抓取全部所需数据。
[2026-04-05 00:19:35] [SUCCESS] bvid=BV1we9FBBEZ1 已成功抓取全部所需数据。
[2026-04-05 00:19:41] [SUCCESS] bvid=BV1cq9FBiE7h 已成功抓取全部所需数据。
[2026-04-05 00:19:48] [SUCCESS] bvid=BV1Fq9FBiECq 已成功抓取全部所需数据。
[2026-04-05 00:19:54] [SUCCESS] bvid=BV1pe9FBBEmw 已成功抓取全部所需数据。
[2026-04-05 00:20:01] [SUCCESS] bvid=BV1He9FBBEK7 已成功抓取全部所需数据。
[2026-04-05 00:20:07] [SUCCESS] bvid=BV1QXXZB2Epz 已成功抓取全部所需数据。
[2026-04-05 00:20:13] [SUCCESS] bvid=BV1pe9FBBEjf 已成功抓取全部所需数据。
[2026-04-05 00:20:21] [SUCCESS] bvid=BV1KW9FBLEY3 已成功抓取全部所需数据。
[2026-04-05 00:20:27] [SUCCESS] bvid=BV1rL9cBzEt4 已成功抓取全部所需数据。
[2026-04-05 00:20:34] [SUCCESS] bvid=BV1Rm9FBZErd 已成功抓取全部所需数据。
[2026-04-05 00:20:41] [SUCCESS] bvid=BV1D79FBJEm9 已成功抓取全部所需数据。
[2026-04-05 00:20:47] [SUCCESS] bvid=BV1379FBJEFZ 已成功抓取全部所需数据。
[2026-04-05 00:20:54] [SUCCESS] bvid=BV1u79FBJEqA 已成功抓取全部所需数据。
[2026-04-05 00:21:00] [SUCCESS] bvid=BV1359FBHErJ 已成功抓取全部所需数据。
[2026-04-05 00:21:06] [SUCCESS] bvid=BV1h59FBHE4N 已成功抓取全部所需数据。
[2026-04-05 00:21:13] [SUCCESS] bvid=BV1359FBHEka 已成功抓取全部所需数据。
[2026-04-05 00:21:20] [SUCCESS] bvid=BV1DL9FBDE5e 已成功抓取全部所需数据。
[2026-04-05 00:21:27] [SUCCESS] bvid=BV1SzXfBLEx7 已成功抓取全部所需数据。
[2026-04-05 00:21:33] [SUCCESS] bvid=BV13L9FBDEav 已成功抓取全部所需数据。
[2026-04-05 00:21:40] [SUCCESS] bvid=BV1KW9FBLEaD 已成功抓取全部所需数据。
[2026-04-05 00:21:46] [SUCCESS] bvid=BV1KW9FBLEQA 已成功抓取全部所需数据。
[2026-04-05 00:21:53] [SUCCESS] bvid=BV1C59cBgExW 已成功抓取全部所需数据。
[2026-04-05 00:21:59] [SUCCESS] bvid=BV1hgX5B4ESA 已成功抓取全部所需数据。
[2026-04-05 00:22:05] [SUCCESS] bvid=BV1TH9FB2EDC 已成功抓取全部所需数据。
[2026-04-05 00:22:11] [SUCCESS] bvid=BV1Ns9FByEXn 已成功抓取全部所需数据。
[2026-04-05 00:22:18] [SUCCESS] bvid=BV1Ns9FByEn6 已成功抓取全部所需数据。
[2026-04-05 00:24:25] [SUCCESS] bvid=BV1Ts9FByEKK 已成功抓取全部所需数据。
[2026-04-05 00:24:31] [SUCCESS] bvid=BV1Ks9FByE7T 已成功抓取全部所需数据。
[2026-04-05 00:24:37] [SUCCESS] bvid=BV1Ts9FByEVh 已成功抓取全部所需数据。
[2026-04-05 00:24:43] [SUCCESS] bvid=BV1Mn9FB7EU6 已成功抓取全部所需数据。
[2026-04-05 00:24:49] [SUCCESS] bvid=BV1un9FB7EiJ 已成功抓取全部所需数据。
[2026-04-05 00:24:49] [INFO] 当前 batch_crawl 已完成，所有视频均已成功抓取。
[2026-04-05 00:24:49] 子任务结束时间：2026-04-05T00:24:49.575239
[TIMESTAMP][END] 2026-04-05T00:24:49
