[TIMESTAMP][BEGIN] 2026-04-04T21:44:42
[2026-04-04 21:44:45] 开始执行 CSV 批量抓取子任务 part_6。
[2026-04-04 21:44:45] 子任务开始时间：2026-04-04T21:44:42.131084
[2026-04-04 21:44:45] 输入文件：batch_input_6.csv
[2026-04-04 21:44:45] 输入唯一 bvid 数量：100
[2026-04-04 21:44:45] 为严格按 CSV 顺序判断连续失败阈值，本次任务自动将并发度从 2 调整为 1。
[2026-04-04 21:44:53] [SUCCESS] bvid=BV1Ef9MBWEFh 已成功抓取全部所需数据。
[2026-04-04 21:45:01] [SUCCESS] bvid=BV17F9uBXELn 已成功抓取全部所需数据。
[2026-04-04 21:45:10] [SUCCESS] bvid=BV1jF9uBXEvj 已成功抓取全部所需数据。
[2026-04-04 21:45:18] [SUCCESS] bvid=BV1oF9uBQE9m 已成功抓取全部所需数据。
[2026-04-04 21:45:26] [SUCCESS] bvid=BV1SM9TBBEZG 已成功抓取全部所需数据。
[2026-04-04 21:45:35] [SUCCESS] bvid=BV1dF9uBQEUy 已成功抓取全部所需数据。
[2026-04-04 21:45:43] [SUCCESS] bvid=BV1fd9MBsEu9 已成功抓取全部所需数据。
[2026-04-04 21:45:52] [SUCCESS] bvid=BV1Bd9MBxEmj 已成功抓取全部所需数据。
[2026-04-04 21:46:01] [SUCCESS] bvid=BV1C49uBPEWa 已成功抓取全部所需数据。
[2026-04-04 21:46:09] [SUCCESS] bvid=BV1Fd9MBxEju 已成功抓取全部所需数据。
[2026-04-04 21:46:18] [SUCCESS] bvid=BV1fd9MBsE1m 已成功抓取全部所需数据。
[2026-04-04 21:46:27] [SUCCESS] bvid=BV1wh9uBaEtq 已成功抓取全部所需数据。
[2026-04-04 21:46:35] [SUCCESS] bvid=BV1Bo9MBXE4z 已成功抓取全部所需数据。
[2026-04-04 21:46:44] [SUCCESS] bvid=BV1C49uBPEWS 已成功抓取全部所需数据。
[2026-04-04 21:46:52] [SUCCESS] bvid=BV1wXXfBqE8F 已成功抓取全部所需数据。
[2026-04-04 21:47:01] [SUCCESS] bvid=BV1CJ9NBpEA8 已成功抓取全部所需数据。
[2026-04-04 21:47:10] [SUCCESS] bvid=BV1A39cBVEdN 已成功抓取全部所需数据。
[2026-04-04 21:47:19] [SUCCESS] bvid=BV1kh9uBhEss 已成功抓取全部所需数据。
[2026-04-04 21:47:27] [SUCCESS] bvid=BV1C89uBwETt 已成功抓取全部所需数据。
[2026-04-04 21:47:35] [SUCCESS] bvid=BV1p89uBAE9C 已成功抓取全部所需数据。
[2026-04-04 21:47:43] [SUCCESS] bvid=BV1g39TBqEVT 已成功抓取全部所需数据。
[2026-04-04 21:47:52] [SUCCESS] bvid=BV1p89uBAEkS 已成功抓取全部所需数据。
[2026-04-04 21:48:00] [SUCCESS] bvid=BV1k89uBwEhA 已成功抓取全部所需数据。
[2026-04-04 21:48:09] [SUCCESS] bvid=BV1A89uBAEfQ 已成功抓取全部所需数据。
[2026-04-04 21:48:18] [SUCCESS] bvid=BV1w89uBAE4r 已成功抓取全部所需数据。
[2026-04-04 21:48:26] [SUCCESS] bvid=BV1k89uBwEna 已成功抓取全部所需数据。
[2026-04-04 21:48:35] [SUCCESS] bvid=BV1wh9uBaE9j 已成功抓取全部所需数据。
[2026-04-04 21:48:43] [SUCCESS] bvid=BV1PTXfBMEWi 已成功抓取全部所需数据。
[2026-04-04 21:48:52] [SUCCESS] bvid=BV1rk9LB7EtB 已成功抓取全部所需数据。
[2026-04-04 21:49:01] [SUCCESS] bvid=BV1KpXZBuEAS 已成功抓取全部所需数据。
[2026-04-04 21:49:10] [SUCCESS] bvid=BV13W9KBzE7N 已成功抓取全部所需数据。
[2026-04-04 21:49:19] [SUCCESS] bvid=BV1W59WBzErf 已成功抓取全部所需数据。
[2026-04-04 21:49:28] [SUCCESS] bvid=BV1dZ9KBLEWo 已成功抓取全部所需数据。
[2026-04-04 21:49:36] [SUCCESS] bvid=BV16p9ABkEyf 已成功抓取全部所需数据。
[2026-04-04 21:49:46] [SUCCESS] bvid=BV1ZhX9BLEfP 已成功抓取全部所需数据。
[2026-04-04 21:49:54] [SUCCESS] bvid=BV1bg9NB8E79 已成功抓取全部所需数据。
[2026-04-04 21:50:02] [SUCCESS] bvid=BV1EX9KBSEX7 已成功抓取全部所需数据。
[2026-04-04 21:50:10] [SUCCESS] bvid=BV1Cn9NBQEoR 已成功抓取全部所需数据。
[2026-04-04 21:50:19] [SUCCESS] bvid=BV1f1XDBuEtD 已成功抓取全部所需数据。
[2026-04-04 21:50:27] [SUCCESS] bvid=BV1w19KBsEfD 已成功抓取全部所需数据。
[2026-04-04 21:50:36] [SUCCESS] bvid=BV1ub9KBKEyG 已成功抓取全部所需数据。
[2026-04-04 21:50:45] [SUCCESS] bvid=BV1hd9pBQEXd 已成功抓取全部所需数据。
[2026-04-04 21:50:54] [SUCCESS] bvid=BV1sB9KBFEXF 已成功抓取全部所需数据。
[2026-04-04 21:51:02] [SUCCESS] bvid=BV16x9NB7ER5 已成功抓取全部所需数据。
[2026-04-04 21:51:11] [SUCCESS] bvid=BV1sUXmB6Egg 已成功抓取全部所需数据。
[2026-04-04 21:51:22] [SUCCESS] bvid=BV1od9KB2E7A 已成功抓取全部所需数据。
[2026-04-04 21:51:31] [SUCCESS] bvid=BV1Yf9LBiEqk 已成功抓取全部所需数据。
[2026-04-04 21:51:40] [SUCCESS] bvid=BV1ys9uBvEih 已成功抓取全部所需数据。
[2026-04-04 21:51:49] [SUCCESS] bvid=BV18N9jBaEQV 已成功抓取全部所需数据。
[2026-04-04 21:51:59] [SUCCESS] bvid=BV1w29KB9E1h 已成功抓取全部所需数据。
[2026-04-04 21:52:08] [SUCCESS] bvid=BV1159NBdECv 已成功抓取全部所需数据。
[2026-04-04 21:52:17] [SUCCESS] bvid=BV1c29KB9Ewx 已成功抓取全部所需数据。
[2026-04-04 21:52:26] [SUCCESS] bvid=BV1UnXzBdERG 已成功抓取全部所需数据。
[2026-04-04 21:52:34] [SUCCESS] bvid=BV17W9cBNE6o 已成功抓取全部所需数据。
[2026-04-04 21:52:43] [SUCCESS] bvid=BV1gb9KBKEGR 已成功抓取全部所需数据。
[2026-04-04 21:52:52] [SUCCESS] bvid=BV1179TBaE6f 已成功抓取全部所需数据。
[2026-04-04 21:53:01] [SUCCESS] bvid=BV1gb9KBKER9 已成功抓取全部所需数据。
[2026-04-04 21:53:12] [SUCCESS] bvid=BV1SL9uBrEkj 已成功抓取全部所需数据。
[2026-04-04 21:53:22] [SUCCESS] bvid=BV1ng9JBdEnG 已成功抓取全部所需数据。
[2026-04-04 21:53:31] [SUCCESS] bvid=BV1PX9WBCEjR 已成功抓取全部所需数据。
[2026-04-04 21:53:40] [SUCCESS] bvid=BV13J9wBdExC 已成功抓取全部所需数据。
[2026-04-04 21:53:52] [SUCCESS] bvid=BV1k89uBwEAq 已成功抓取全部所需数据。
[2026-04-04 21:54:01] [SUCCESS] bvid=BV1DP9NBYEuB 已成功抓取全部所需数据。
[2026-04-04 21:54:10] [SUCCESS] bvid=BV1kh9uBhEnZ 已成功抓取全部所需数据。
[2026-04-04 21:54:18] [SUCCESS] bvid=BV1Ct9uBYEwq 已成功抓取全部所需数据。
[2026-04-04 21:54:27] [SUCCESS] bvid=BV1wh9uBaEC2 已成功抓取全部所需数据。
[2026-04-04 21:54:35] [SUCCESS] bvid=BV1Ah9uBaEwz 已成功抓取全部所需数据。
[2026-04-04 21:54:43] [SUCCESS] bvid=BV1y49uBPETK 已成功抓取全部所需数据。
[2026-04-04 21:54:51] [SUCCESS] bvid=BV1y49uBPEBz 已成功抓取全部所需数据。
[2026-04-04 21:54:59] [SUCCESS] bvid=BV1y49uBPEYY 已成功抓取全部所需数据。
[2026-04-04 21:55:08] [SUCCESS] bvid=BV1C49uBPEUu 已成功抓取全部所需数据。
[2026-04-04 21:55:19] [SUCCESS] bvid=BV1A49uBNE9T 已成功抓取全部所需数据。
[2026-04-04 21:55:27] [SUCCESS] bvid=BV1y49uBNEq4 已成功抓取全部所需数据。
[2026-04-04 21:55:35] [SUCCESS] bvid=BV1Wt9uBeEuZ 已成功抓取全部所需数据。
[2026-04-04 21:55:44] [SUCCESS] bvid=BV1At9uBeEgN 已成功抓取全部所需数据。
[2026-04-04 21:55:53] [SUCCESS] bvid=BV1Pt9uBeErf 已成功抓取全部所需数据。
[2026-04-04 21:56:01] [SUCCESS] bvid=BV1619PB2ERi 已成功抓取全部所需数据。
[2026-04-04 21:56:10] [SUCCESS] bvid=BV1Vw9TBCEXJ 已成功抓取全部所需数据。
[2026-04-04 21:56:18] [SUCCESS] bvid=BV1g49KBqEbE 已成功抓取全部所需数据。
[2026-04-04 21:56:27] [SUCCESS] bvid=BV1cv9uBfENQ 已成功抓取全部所需数据。
[2026-04-04 21:56:35] [SUCCESS] bvid=BV1nv9uBfE4J 已成功抓取全部所需数据。
[2026-04-04 21:56:44] [SUCCESS] bvid=BV1Bq9uB4EeJ 已成功抓取全部所需数据。
[2026-04-04 21:56:52] [SUCCESS] bvid=BV16q9uBtE4M 已成功抓取全部所需数据。
[2026-04-04 21:57:00] [SUCCESS] bvid=BV1uX9EBME99 已成功抓取全部所需数据。
[2026-04-04 21:57:09] [SUCCESS] bvid=BV1Bq9uB4Ev7 已成功抓取全部所需数据。
[2026-04-04 21:57:18] [SUCCESS] bvid=BV1zq9uB4EMV 已成功抓取全部所需数据。
[2026-04-04 21:57:25] [SUCCESS] bvid=BV16Y9uBFEsr 已成功抓取全部所需数据。
[2026-04-04 21:57:34] [SUCCESS] bvid=BV1Eq9uBtEy5 已成功抓取全部所需数据。
[2026-04-04 21:57:42] [SUCCESS] bvid=BV1Fq9uBtENx 已成功抓取全部所需数据。
[2026-04-04 21:57:50] [SUCCESS] bvid=BV1Bq9uB4Eyi 已成功抓取全部所需数据。
[2026-04-04 21:57:58] [SUCCESS] bvid=BV1rY9uBFEz7 已成功抓取全部所需数据。
[2026-04-04 22:08:04] [ERROR] bvid=BV1Fq9uBtEYh 抓取失败：comment: Timeout of 600.0s exceeded, last exception: HTTPSConnectionPool(host='bigquery.googleapis.com', port=443): Max retries exceeded with url: /bigquery/v2/projects/bilibili-m2s2vp-research/datasets?prettyPrint=false (Caused by SSLError(SSLEOFError(8, 'EOF occurred in violation of protocol (_ssl.c:1017)')))
[2026-04-04 22:08:13] [SUCCESS] bvid=BV16Y9uBFEhK 已成功抓取全部所需数据。
[2026-04-04 22:08:21] [SUCCESS] bvid=BV16e9uBbEd1 已成功抓取全部所需数据。
[2026-04-04 22:08:32] [SUCCESS] bvid=BV1kY9uBFEwG 已成功抓取全部所需数据。
[2026-04-04 22:08:39] [SUCCESS] bvid=BV1ME9FBUE13 已成功抓取全部所需数据。
[2026-04-04 22:08:46] [SUCCESS] bvid=BV16e9uBbEuu 已成功抓取全部所需数据。
[2026-04-04 22:08:54] [SUCCESS] bvid=BV1UE9uBzE55 已成功抓取全部所需数据。
[2026-04-04 22:09:02] [SUCCESS] bvid=BV1ze9uBbE5a 已成功抓取全部所需数据。
[2026-04-04 22:09:11] [SUCCESS] bvid=BV1ze9uBbELZ 已成功抓取全部所需数据。
[2026-04-04 22:09:11] [WARN] 当前子任务已结束，但仍有未成功抓取的视频，已导出 remaining CSV 供继续执行。
[2026-04-04 22:09:11] [INFO] 已导出剔除成功条目后的剩余 CSV：D:\Schoolworks\Thesis\Bilibili-Datahub\outputs\video_data\manual_crawls\manual_crawl_stat_comment_20260404_194235\remaining_bvids_part_6.csv
[2026-04-04 22:09:11] 子任务结束时间：2026-04-04T22:09:11.064883
[TIMESTAMP][END] 2026-04-04T22:09:11
