[TIMESTAMP][BEGIN] 2026-04-04T20:46:28
[2026-04-04 20:46:32] 开始执行 CSV 批量抓取子任务 part_4。
[2026-04-04 20:46:32] 子任务开始时间：2026-04-04T20:46:28.752165
[2026-04-04 20:46:32] 输入文件：batch_input_4.csv
[2026-04-04 20:46:32] 输入唯一 bvid 数量：100
[2026-04-04 20:46:32] 为严格按 CSV 顺序判断连续失败阈值，本次任务自动将并发度从 2 调整为 1。
[2026-04-04 20:46:40] [SUCCESS] bvid=BV1dK93BxE9H 已成功抓取全部所需数据。
[2026-04-04 20:46:50] [SUCCESS] bvid=BV1DV93BDEeU 已成功抓取全部所需数据。
[2026-04-04 20:46:58] [SUCCESS] bvid=BV1QL93BJE1V 已成功抓取全部所需数据。
[2026-04-04 20:47:07] [SUCCESS] bvid=BV1XV93BDEHX 已成功抓取全部所需数据。
[2026-04-04 20:47:16] [SUCCESS] bvid=BV1Rg93BXEwR 已成功抓取全部所需数据。
[2026-04-04 20:47:24] [SUCCESS] bvid=BV1XL93BnEnd 已成功抓取全部所需数据。
[2026-04-04 20:47:35] [SUCCESS] bvid=BV1Hd9gBPE1e 已成功抓取全部所需数据。
[2026-04-04 20:47:44] [SUCCESS] bvid=BV1XG93BHE3D 已成功抓取全部所需数据。
[2026-04-04 20:47:53] [SUCCESS] bvid=BV1j79MBHE3F 已成功抓取全部所需数据。
[2026-04-04 20:48:01] [SUCCESS] bvid=BV1GfXDB8E3E 已成功抓取全部所需数据。
[2026-04-04 20:48:09] [SUCCESS] bvid=BV1cd9gBPE9N 已成功抓取全部所需数据。
[2026-04-04 20:48:17] [SUCCESS] bvid=BV15H9MBUEeM 已成功抓取全部所需数据。
[2026-04-04 20:48:24] [SUCCESS] bvid=BV1wX9gBKE6s 已成功抓取全部所需数据。
[2026-04-04 20:48:33] [SUCCESS] bvid=BV1n99gBvEpj 已成功抓取全部所需数据。
[2026-04-04 20:48:42] [SUCCESS] bvid=BV1H99gBvEVZ 已成功抓取全部所需数据。
[2026-04-04 20:48:52] [SUCCESS] bvid=BV1F99gBvEoo 已成功抓取全部所需数据。
[2026-04-04 20:49:00] [SUCCESS] bvid=BV1w99gBvE1k 已成功抓取全部所需数据。
[2026-04-04 20:49:08] [SUCCESS] bvid=BV1H99gBvE88 已成功抓取全部所需数据。
[2026-04-04 20:49:16] [SUCCESS] bvid=BV1Zc93BfEH5 已成功抓取全部所需数据。
[2026-04-04 20:49:25] [SUCCESS] bvid=BV1fc93BfEwN 已成功抓取全部所需数据。
[2026-04-04 20:49:34] [SUCCESS] bvid=BV1ff9gBcEzU 已成功抓取全部所需数据。
[2026-04-04 20:49:42] [SUCCESS] bvid=BV1EA93BbETh 已成功抓取全部所需数据。
[2026-04-04 20:49:51] [SUCCESS] bvid=BV1ZA93BtEu2 已成功抓取全部所需数据。
[2026-04-04 20:50:00] [SUCCESS] bvid=BV1fL9MBXEBT 已成功抓取全部所需数据。
[2026-04-04 20:50:10] [SUCCESS] bvid=BV1ff9gBcEBx 已成功抓取全部所需数据。
[2026-04-04 20:50:23] [SUCCESS] bvid=BV1EF93BhEKG 已成功抓取全部所需数据。
[2026-04-04 20:50:32] [SUCCESS] bvid=BV1Ff9gBwEY4 已成功抓取全部所需数据。
[2026-04-04 20:50:41] [SUCCESS] bvid=BV1zF93BhEzF 已成功抓取全部所需数据。
[2026-04-04 20:50:50] [SUCCESS] bvid=BV1zL9MBXEN8 已成功抓取全部所需数据。
[2026-04-04 20:50:59] [SUCCESS] bvid=BV1j79MBHE9v 已成功抓取全部所需数据。
[2026-04-04 20:51:08] [SUCCESS] bvid=BV1B79MBHEuN 已成功抓取全部所需数据。
[2026-04-04 20:51:18] [SUCCESS] bvid=BV1779MBHE4Y 已成功抓取全部所需数据。
[2026-04-04 20:51:27] [SUCCESS] bvid=BV16G9MBREJy 已成功抓取全部所需数据。
[2026-04-04 20:51:36] [SUCCESS] bvid=BV1E59MBWEhg 已成功抓取全部所需数据。
[2026-04-04 20:51:45] [SUCCESS] bvid=BV1B59MBWEBG 已成功抓取全部所需数据。
[2026-04-04 20:51:52] [SUCCESS] bvid=BV1J59MBWEDN 已成功抓取全部所需数据。
[2026-04-04 20:52:01] [SUCCESS] bvid=BV1f59MBWEHT 已成功抓取全部所需数据。
[2026-04-04 20:52:11] [SUCCESS] bvid=BV1LH9MBUEn4 已成功抓取全部所需数据。
[2026-04-04 20:52:19] [SUCCESS] bvid=BV1jH9MBUE5c 已成功抓取全部所需数据。
[2026-04-04 20:52:29] [SUCCESS] bvid=BV1VW9MB7E2S 已成功抓取全部所需数据。
[2026-04-04 20:52:37] [SUCCESS] bvid=BV1p29MBaEbv 已成功抓取全部所需数据。
[2026-04-04 20:52:46] [SUCCESS] bvid=BV1qn9MBJEF4 已成功抓取全部所需数据。
[2026-04-04 20:52:54] [SUCCESS] bvid=BV1in9MBJEaj 已成功抓取全部所需数据。
[2026-04-04 20:53:03] [SUCCESS] bvid=BV1WP9MBcEGk 已成功抓取全部所需数据。
[2026-04-04 20:53:12] [SUCCESS] bvid=BV1WN9MB8EBW 已成功抓取全部所需数据。
[2026-04-04 20:53:21] [SUCCESS] bvid=BV1sP9MBcEYF 已成功抓取全部所需数据。
[2026-04-04 20:53:30] [SUCCESS] bvid=BV1kN9MB8ERK 已成功抓取全部所需数据。
[2026-04-04 20:53:39] [SUCCESS] bvid=BV1pN9MB8E15 已成功抓取全部所需数据。
[2026-04-04 20:53:53] [SUCCESS] bvid=BV1Hu9MBoEvR 已成功抓取全部所需数据。
[2026-04-04 20:54:02] [SUCCESS] bvid=BV1sN9MB8Euc 已成功抓取全部所需数据。
[2026-04-04 20:54:11] [SUCCESS] bvid=BV1WN9MB8E2E 已成功抓取全部所需数据。
[2026-04-04 20:54:19] [SUCCESS] bvid=BV1hgX5B4EyA 已成功抓取全部所需数据。
[2026-04-04 20:54:29] [SUCCESS] bvid=BV1QM9TBBE6m 已成功抓取全部所需数据。
[2026-04-04 20:54:38] [SUCCESS] bvid=BV1xw9MBaEux 已成功抓取全部所需数据。
[2026-04-04 20:54:46] [SUCCESS] bvid=BV1Tc9MBPETx 已成功抓取全部所需数据。
[2026-04-04 20:54:55] [SUCCESS] bvid=BV1yw9MBaEvi 已成功抓取全部所需数据。
[2026-04-04 20:55:04] [SUCCESS] bvid=BV1xw9MBYEJu 已成功抓取全部所需数据。
[2026-04-04 20:55:14] [SUCCESS] bvid=BV1KC9MBeE3C 已成功抓取全部所需数据。
[2026-04-04 20:55:23] [SUCCESS] bvid=BV1Tz9MBTEGQ 已成功抓取全部所需数据。
[2026-04-04 20:55:32] [SUCCESS] bvid=BV1639MBxEN4 已成功抓取全部所需数据。
[2026-04-04 20:55:40] [SUCCESS] bvid=BV1J39MBxEAL 已成功抓取全部所需数据。
[2026-04-04 20:55:49] [SUCCESS] bvid=BV1H39MBxET2 已成功抓取全部所需数据。
[2026-04-04 20:55:59] [SUCCESS] bvid=BV1HK9MBfEUY 已成功抓取全部所需数据。
[2026-04-04 20:56:09] [SUCCESS] bvid=BV1AM9MBbEGR 已成功抓取全部所需数据。
[2026-04-04 20:56:18] [SUCCESS] bvid=BV1K69MBiE6D 已成功抓取全部所需数据。
[2026-04-04 20:56:28] [SUCCESS] bvid=BV12k9MBNEtN 已成功抓取全部所需数据。
[2026-04-04 20:56:38] [SUCCESS] bvid=BV1K69MBiEu6 已成功抓取全部所需数据。
[2026-04-04 20:56:48] [SUCCESS] bvid=BV1469MBiECw 已成功抓取全部所需数据。
[2026-04-04 20:56:58] [SUCCESS] bvid=BV1469MBiEzF 已成功抓取全部所需数据。
[2026-04-04 20:57:06] [SUCCESS] bvid=BV1M69MBqEwS 已成功抓取全部所需数据。
[2026-04-04 20:57:17] [SUCCESS] bvid=BV11k9MBNECU 已成功抓取全部所需数据。
[2026-04-04 20:57:26] [SUCCESS] bvid=BV14k9MBNEAJ 已成功抓取全部所需数据。
[2026-04-04 20:57:37] [SUCCESS] bvid=BV1Nk9MBNEGT 已成功抓取全部所需数据。
[2026-04-04 20:57:48] [SUCCESS] bvid=BV1Kk9MBNEcJ 已成功抓取全部所需数据。
[2026-04-04 20:57:57] [SUCCESS] bvid=BV1tq9MBBEPZ 已成功抓取全部所需数据。
[2026-04-04 20:58:08] [SUCCESS] bvid=BV1mz9MBTEoS 已成功抓取全部所需数据。
[2026-04-04 20:58:17] [SUCCESS] bvid=BV1Mq9MBBEhy 已成功抓取全部所需数据。
[2026-04-04 20:58:24] [SUCCESS] bvid=BV1gh9MBkE71 已成功抓取全部所需数据。
[2026-04-04 20:58:31] [SUCCESS] bvid=BV1iY9NBCEFQ 已成功抓取全部所需数据。
[2026-04-04 20:58:38] [SUCCESS] bvid=BV1dA9uBSEUY 已成功抓取全部所需数据。
[2026-04-04 20:58:45] [SUCCESS] bvid=BV1hh9MBkEPo 已成功抓取全部所需数据。
[2026-04-04 20:58:52] [SUCCESS] bvid=BV1A19MBAEjE 已成功抓取全部所需数据。
[2026-04-04 20:58:59] [SUCCESS] bvid=BV1gh9MBkEtA 已成功抓取全部所需数据。
[2026-04-04 20:59:07] [SUCCESS] bvid=BV1XK9uBmEg4 已成功抓取全部所需数据。
[2026-04-04 20:59:14] [SUCCESS] bvid=BV1zdXfBeEo3 已成功抓取全部所需数据。
[2026-04-04 20:59:21] [SUCCESS] bvid=BV1rL9cBzE4b 已成功抓取全部所需数据。
[2026-04-04 20:59:28] [SUCCESS] bvid=BV1P79NBRE3x 已成功抓取全部所需数据。
[2026-04-04 20:59:35] [SUCCESS] bvid=BV1C79NB9ECM 已成功抓取全部所需数据。
[2026-04-04 20:59:42] [SUCCESS] bvid=BV1Y8XfBHEco 已成功抓取全部所需数据。
[2026-04-04 20:59:50] [SUCCESS] bvid=BV1k89uBwEhb 已成功抓取全部所需数据。
[2026-04-04 20:59:57] [SUCCESS] bvid=BV1Kh9wBEE76 已成功抓取全部所需数据。
[2026-04-04 21:00:04] [SUCCESS] bvid=BV1Me9MB6EEA 已成功抓取全部所需数据。
[2026-04-04 21:10:10] [ERROR] bvid=BV191XZBHEBt 抓取失败：stat: Timeout of 600.0s exceeded, last exception: HTTPSConnectionPool(host='bigquery.googleapis.com', port=443): Max retries exceeded with url: /bigquery/v2/projects/bilibili-m2s2vp-research/datasets?prettyPrint=false (Caused by SSLError(SSLEOFError(8, 'EOF occurred in violation of protocol (_ssl.c:1017)')))
[2026-04-04 21:10:20] [SUCCESS] bvid=BV1E1XDBuEe5 已成功抓取全部所需数据。
[2026-04-04 21:10:30] [SUCCESS] bvid=BV1o29wBTESE 已成功抓取全部所需数据。
[2026-04-04 21:10:38] [SUCCESS] bvid=BV1A29MBaESz 已成功抓取全部所需数据。
[2026-04-04 21:10:47] [SUCCESS] bvid=BV1wU9MBcEpG 已成功抓取全部所需数据。
[2026-04-04 21:10:55] [SUCCESS] bvid=BV1wU9MBcE6i 已成功抓取全部所需数据。
[2026-04-04 21:11:04] [SUCCESS] bvid=BV11C9MBeEr6 已成功抓取全部所需数据。
[2026-04-04 21:11:12] [SUCCESS] bvid=BV1NC9MBeE97 已成功抓取全部所需数据。
[2026-04-04 21:11:12] [WARN] 当前子任务已结束，但仍有未成功抓取的视频，已导出 remaining CSV 供继续执行。
[2026-04-04 21:11:12] [INFO] 已导出剔除成功条目后的剩余 CSV：D:\Schoolworks\Thesis\Bilibili-Datahub\outputs\video_data\manual_crawls\manual_crawl_stat_comment_20260404_194235\remaining_bvids_part_4.csv
[2026-04-04 21:11:12] 子任务结束时间：2026-04-04T21:11:12.655520
[TIMESTAMP][END] 2026-04-04T21:11:12
