[TIMESTAMP][BEGIN] 2026-04-04T23:05:37
[2026-04-04 23:05:39] 开始执行 CSV 批量抓取子任务 part_9。
[2026-04-04 23:05:39] 子任务开始时间：2026-04-04T23:05:37.091989
[2026-04-04 23:05:39] 输入文件：batch_input_9.csv
[2026-04-04 23:05:39] 输入唯一 bvid 数量：100
[2026-04-04 23:05:39] 为严格按 CSV 顺序判断连续失败阈值，本次任务自动将并发度从 2 调整为 1。
[2026-04-04 23:05:46] [SUCCESS] bvid=BV1e19TBVE8n 已成功抓取全部所需数据。
[2026-04-04 23:05:53] [SUCCESS] bvid=BV1Q29TBkEFG 已成功抓取全部所需数据。
[2026-04-04 23:06:01] [SUCCESS] bvid=BV1a29TBkEQR 已成功抓取全部所需数据。
[2026-04-04 23:06:07] [SUCCESS] bvid=BV1Dm9NBPETK 已成功抓取全部所需数据。
[2026-04-04 23:06:15] [SUCCESS] bvid=BV1Rk9TBLExQ 已成功抓取全部所需数据。
[2026-04-04 23:06:22] [SUCCESS] bvid=BV1eC9TByE64 已成功抓取全部所需数据。
[2026-04-04 23:06:29] [SUCCESS] bvid=BV19F9NBKErW 已成功抓取全部所需数据。
[2026-04-04 23:06:36] [SUCCESS] bvid=BV1LK9FBoEPK 已成功抓取全部所需数据。
[2026-04-04 23:06:43] [SUCCESS] bvid=BV1VF9NBTEPJ 已成功抓取全部所需数据。
[2026-04-04 23:06:50] [SUCCESS] bvid=BV1ac9NBiEiY 已成功抓取全部所需数据。
[2026-04-04 23:06:57] [SUCCESS] bvid=BV1VZ9PBBEm8 已成功抓取全部所需数据。
[2026-04-04 23:07:03] [SUCCESS] bvid=BV1Ro9PBMEgW 已成功抓取全部所需数据。
[2026-04-04 23:07:10] [SUCCESS] bvid=BV15o9PBuE5J 已成功抓取全部所需数据。
[2026-04-04 23:07:16] [SUCCESS] bvid=BV1Lo9PBuE89 已成功抓取全部所需数据。
[2026-04-04 23:07:23] [SUCCESS] bvid=BV1r19PB2ETj 已成功抓取全部所需数据。
[2026-04-04 23:07:30] [SUCCESS] bvid=BV1n19PB2EoF 已成功抓取全部所需数据。
[2026-04-04 23:07:37] [SUCCESS] bvid=BV1c19PB2ENF 已成功抓取全部所需数据。
[2026-04-04 23:07:44] [SUCCESS] bvid=BV1n19PB2Em3 已成功抓取全部所需数据。
[2026-04-04 23:07:50] [SUCCESS] bvid=BV1vo9PBuEYH 已成功抓取全部所需数据。
[2026-04-04 23:07:56] [SUCCESS] bvid=BV1uK9NBAE9S 已成功抓取全部所需数据。
[2026-04-04 23:08:03] [SUCCESS] bvid=BV19Z9PBqEtG 已成功抓取全部所需数据。
[2026-04-04 23:08:09] [SUCCESS] bvid=BV1739KBmENV 已成功抓取全部所需数据。
[2026-04-04 23:08:16] [SUCCESS] bvid=BV1UT9NBhEQm 已成功抓取全部所需数据。
[2026-04-04 23:08:23] [SUCCESS] bvid=BV1RZ9PBqE1Z 已成功抓取全部所需数据。
[2026-04-04 23:08:30] [SUCCESS] bvid=BV1gT9NBaE4K 已成功抓取全部所需数据。
[2026-04-04 23:08:37] [SUCCESS] bvid=BV1SK9NBwEtb 已成功抓取全部所需数据。
[2026-04-04 23:08:43] [SUCCESS] bvid=BV1fpXbByEPM 已成功抓取全部所需数据。
[2026-04-04 23:08:50] [SUCCESS] bvid=BV1BpXbByEym 已成功抓取全部所需数据。
[2026-04-04 23:08:57] [SUCCESS] bvid=BV1zpXbByEAK 已成功抓取全部所需数据。
[2026-04-04 23:09:04] [SUCCESS] bvid=BV1o8XhBmEXa 已成功抓取全部所需数据。
[2026-04-04 23:09:11] [SUCCESS] bvid=BV1EpXbB1EaM 已成功抓取全部所需数据。
[2026-04-04 23:09:18] [SUCCESS] bvid=BV1BpXbByELe 已成功抓取全部所需数据。
[2026-04-04 23:09:25] [SUCCESS] bvid=BV1BpXbByEmi 已成功抓取全部所需数据。
[2026-04-04 23:09:32] [SUCCESS] bvid=BV1BpXbByECX 已成功抓取全部所需数据。
[2026-04-04 23:09:39] [SUCCESS] bvid=BV1zpXbByEwk 已成功抓取全部所需数据。
[2026-04-04 23:09:45] [SUCCESS] bvid=BV1nRXfBNEtz 已成功抓取全部所需数据。
[2026-04-04 23:09:51] [SUCCESS] bvid=BV1gH9wBsECS 已成功抓取全部所需数据。
[2026-04-04 23:09:58] [SUCCESS] bvid=BV1tn9FB7ED8 已成功抓取全部所需数据。
[2026-04-04 23:10:05] [SUCCESS] bvid=BV1yo9ABJErG 已成功抓取全部所需数据。
[2026-04-04 23:10:11] [SUCCESS] bvid=BV1d99PBgE8m 已成功抓取全部所需数据。
[2026-04-04 23:10:17] [SUCCESS] bvid=BV1T89LB4EQn 已成功抓取全部所需数据。
[2026-04-04 23:10:23] [SUCCESS] bvid=BV11g9ABDE6E 已成功抓取全部所需数据。
[2026-04-04 23:10:29] [SUCCESS] bvid=BV1kYXUBzEhE 已成功抓取全部所需数据。
[2026-04-04 23:10:36] [SUCCESS] bvid=BV1UP9ABREVt 已成功抓取全部所需数据。
[2026-04-04 23:10:42] [SUCCESS] bvid=BV1ce9FBBEf5 已成功抓取全部所需数据。
[2026-04-04 23:10:50] [SUCCESS] bvid=BV1nf9cBgEMX 已成功抓取全部所需数据。
[2026-04-04 23:10:57] [SUCCESS] bvid=BV1e89cBFEzj 已成功抓取全部所需数据。
[2026-04-04 23:11:04] [SUCCESS] bvid=BV1qD9PBVEk1 已成功抓取全部所需数据。
[2026-04-04 23:11:11] [SUCCESS] bvid=BV1UfXZBkE7W 已成功抓取全部所需数据。
[2026-04-04 23:11:18] [SUCCESS] bvid=BV1SxXrBcEN7 已成功抓取全部所需数据。
[2026-04-04 23:11:24] [SUCCESS] bvid=BV1Tx9wBQEt3 已成功抓取全部所需数据。
[2026-04-04 23:11:31] [SUCCESS] bvid=BV1JC9wBgEQC 已成功抓取全部所需数据。
[2026-04-04 23:11:38] [SUCCESS] bvid=BV1nE9cBBE7W 已成功抓取全部所需数据。
[2026-04-04 23:11:46] [SUCCESS] bvid=BV1mfXZBkEHr 已成功抓取全部所需数据。
[2026-04-04 23:11:52] [SUCCESS] bvid=BV1hT9NBaEpW 已成功抓取全部所需数据。
[2026-04-04 23:11:59] [SUCCESS] bvid=BV1DT9NBhEKC 已成功抓取全部所需数据。
[2026-04-04 23:12:06] [SUCCESS] bvid=BV1UT9NBhEyq 已成功抓取全部所需数据。
[2026-04-04 23:12:13] [SUCCESS] bvid=BV1XA9NBPEKj 已成功抓取全部所需数据。
[2026-04-04 23:12:20] [SUCCESS] bvid=BV1QA9NBPEJD 已成功抓取全部所需数据。
[2026-04-04 23:14:29] [SUCCESS] bvid=BV18T9NBaE1w 已成功抓取全部所需数据。
[2026-04-04 23:14:35] [SUCCESS] bvid=BV1gP9NBeEBT 已成功抓取全部所需数据。
[2026-04-04 23:14:42] [SUCCESS] bvid=BV1hm9NBPEj2 已成功抓取全部所需数据。
[2026-04-04 23:14:49] [SUCCESS] bvid=BV1SP9NBYEzJ 已成功抓取全部所需数据。
[2026-04-04 23:14:56] [SUCCESS] bvid=BV1aP9NBeESo 已成功抓取全部所需数据。
[2026-04-04 23:15:04] [SUCCESS] bvid=BV1DP9NBeEzx 已成功抓取全部所需数据。
[2026-04-04 23:15:11] [SUCCESS] bvid=BV1QP9NBYEiu 已成功抓取全部所需数据。
[2026-04-04 23:15:18] [SUCCESS] bvid=BV1fm9PB5EFK 已成功抓取全部所需数据。
[2026-04-04 23:15:26] [SUCCESS] bvid=BV19X9FBsEKN 已成功抓取全部所需数据。
[2026-04-04 23:15:32] [SUCCESS] bvid=BV1fm9PB5EnA 已成功抓取全部所需数据。
[2026-04-04 23:15:39] [SUCCESS] bvid=BV1Fm9PBLELQ 已成功抓取全部所需数据。
[2026-04-04 23:15:46] [SUCCESS] bvid=BV1EU9PByEp3 已成功抓取全部所需数据。
[2026-04-04 23:15:53] [SUCCESS] bvid=BV1JU9PByEAP 已成功抓取全部所需数据。
[2026-04-04 23:16:00] [SUCCESS] bvid=BV1JU9PByEAX 已成功抓取全部所需数据。
[2026-04-04 23:16:08] [SUCCESS] bvid=BV1Fy9PB7Exr 已成功抓取全部所需数据。
[2026-04-04 23:16:15] [SUCCESS] bvid=BV1cy9PB7E7S 已成功抓取全部所需数据。
[2026-04-04 23:16:23] [SUCCESS] bvid=BV1n19PB2EQA 已成功抓取全部所需数据。
[2026-04-04 23:16:30] [SUCCESS] bvid=BV1oi9NBrEM3 已成功抓取全部所需数据。
[2026-04-04 23:16:37] [SUCCESS] bvid=BV1Tn9FB7Ee7 已成功抓取全部所需数据。
[2026-04-04 23:16:44] [SUCCESS] bvid=BV1WbXZBPE7S 已成功抓取全部所需数据。
[2026-04-04 23:16:51] [SUCCESS] bvid=BV1qw9FB8EC4 已成功抓取全部所需数据。
[2026-04-04 23:16:58] [SUCCESS] bvid=BV1o99PBgE3w 已成功抓取全部所需数据。
[2026-04-04 23:17:05] [SUCCESS] bvid=BV1c19PB2Ehe 已成功抓取全部所需数据。
[2026-04-04 23:17:12] [SUCCESS] bvid=BV1o99PBgEtN 已成功抓取全部所需数据。
[2026-04-04 23:17:18] [SUCCESS] bvid=BV1799PB3EwC 已成功抓取全部所需数据。
[2026-04-04 23:17:25] [SUCCESS] bvid=BV1d99PBgEBw 已成功抓取全部所需数据。
[2026-04-04 23:17:32] [SUCCESS] bvid=BV1LR9PB6EHu 已成功抓取全部所需数据。
[2026-04-04 23:17:39] [SUCCESS] bvid=BV1qD9PBVEAy 已成功抓取全部所需数据。
[2026-04-04 23:17:46] [SUCCESS] bvid=BV1RR9PBzEF2 已成功抓取全部所需数据。
[2026-04-04 23:17:53] [SUCCESS] bvid=BV1ZD9PBGEoi 已成功抓取全部所需数据。
[2026-04-04 23:18:01] [SUCCESS] bvid=BV1wq9wB5EbH 已成功抓取全部所需数据。
[2026-04-04 23:18:09] [SUCCESS] bvid=BV1HYXUBzEQU 已成功抓取全部所需数据。
[2026-04-04 23:18:15] [SUCCESS] bvid=BV1ZD9PBGE6t 已成功抓取全部所需数据。
[2026-04-04 23:18:22] [SUCCESS] bvid=BV1oD9PBGEd5 已成功抓取全部所需数据。
[2026-04-04 23:18:29] [SUCCESS] bvid=BV11j9NBsEiT 已成功抓取全部所需数据。
[2026-04-04 23:18:36] [SUCCESS] bvid=BV1ZQ9PBrE7o 已成功抓取全部所需数据。
[2026-04-04 23:18:43] [SUCCESS] bvid=BV16W9NBSEEs 已成功抓取全部所需数据。
[2026-04-04 23:18:50] [SUCCESS] bvid=BV1pn9NBDE2a 已成功抓取全部所需数据。
[2026-04-04 23:18:57] [SUCCESS] bvid=BV1cW9NBDEXp 已成功抓取全部所需数据。
[2026-04-04 23:19:04] [SUCCESS] bvid=BV16x9NBEExe 已成功抓取全部所需数据。
[2026-04-04 23:19:11] [SUCCESS] bvid=BV1rZXfBAEFc 已成功抓取全部所需数据。
[2026-04-04 23:19:11] [INFO] 当前 batch_crawl 已完成，所有视频均已成功抓取。
[2026-04-04 23:19:11] 子任务结束时间：2026-04-04T23:19:11.244021
[TIMESTAMP][END] 2026-04-04T23:19:11
