[TIMESTAMP][BEGIN] 2026-04-05T04:51:44
[2026-04-05 04:51:46] 开始执行 CSV 批量抓取子任务 part_34。
[2026-04-05 04:51:46] 子任务开始时间：2026-04-05T04:51:44.033648
[2026-04-05 04:51:46] 输入文件：batch_input_34.csv
[2026-04-05 04:51:46] 输入唯一 bvid 数量：100
[2026-04-05 04:51:46] 为严格按 CSV 顺序判断连续失败阈值，本次任务自动将并发度从 2 调整为 1。
[2026-04-05 04:51:52] [SUCCESS] bvid=BV1hNXkBeEM4 已成功抓取全部所需数据。
[2026-04-05 04:51:58] [SUCCESS] bvid=BV18NXkBeEgd 已成功抓取全部所需数据。
[2026-04-05 04:52:04] [SUCCESS] bvid=BV11GXkBfEke 已成功抓取全部所需数据。
[2026-04-05 04:52:10] [SUCCESS] bvid=BV14GXkBfEja 已成功抓取全部所需数据。
[2026-04-05 04:52:16] [SUCCESS] bvid=BV125XkBtE77 已成功抓取全部所需数据。
[2026-04-05 04:52:22] [SUCCESS] bvid=BV1tgXkBcEeq 已成功抓取全部所需数据。
[2026-04-05 04:52:28] [SUCCESS] bvid=BV1y5XkBtEfF 已成功抓取全部所需数据。
[2026-04-05 04:52:33] [SUCCESS] bvid=BV1mgXkBcE64 已成功抓取全部所需数据。
[2026-04-05 04:52:39] [SUCCESS] bvid=BV14gXkBcEqo 已成功抓取全部所需数据。
[2026-04-05 04:52:45] [SUCCESS] bvid=BV1mgXkBcEyY 已成功抓取全部所需数据。
[2026-04-05 04:52:51] [SUCCESS] bvid=BV1m3XkB8E3h 已成功抓取全部所需数据。
[2026-04-05 04:52:56] [SUCCESS] bvid=BV1M3XkBhEhx 已成功抓取全部所需数据。
[2026-04-05 04:53:03] [SUCCESS] bvid=BV1x3XkB8ERg 已成功抓取全部所需数据。
[2026-04-05 04:53:09] [SUCCESS] bvid=BV143XkB8EZJ 已成功抓取全部所需数据。
[2026-04-05 04:53:14] [SUCCESS] bvid=BV114XzBQEb5 已成功抓取全部所需数据。
[2026-04-05 04:53:21] [SUCCESS] bvid=BV1TWXzBREQ6 已成功抓取全部所需数据。
[2026-04-05 04:53:26] [SUCCESS] bvid=BV1qHXBBTERe 已成功抓取全部所需数据。
[2026-04-05 04:53:32] [SUCCESS] bvid=BV123XkB8EgB 已成功抓取全部所需数据。
[2026-04-05 04:53:38] [SUCCESS] bvid=BV1UWXzBREZ4 已成功抓取全部所需数据。
[2026-04-05 04:53:44] [SUCCESS] bvid=BV1yaXzBEEQR 已成功抓取全部所需数据。
[2026-04-05 04:53:50] [SUCCESS] bvid=BV124XzBQEFT 已成功抓取全部所需数据。
[2026-04-05 04:53:56] [SUCCESS] bvid=BV15GXzBAEmH 已成功抓取全部所需数据。
[2026-04-05 04:54:02] [SUCCESS] bvid=BV1tvQUB5EE9 已成功抓取全部所需数据。
[2026-04-05 04:54:08] [SUCCESS] bvid=BV14iQUBCEQY 已成功抓取全部所需数据。
[2026-04-05 04:54:13] [SUCCESS] bvid=BV1wkXaBbEAF 已成功抓取全部所需数据。
[2026-04-05 04:54:20] [SUCCESS] bvid=BV12bXzBnEaC 已成功抓取全部所需数据。
[2026-04-05 04:54:25] [SUCCESS] bvid=BV11bXzBnEA5 已成功抓取全部所需数据。
[2026-04-05 04:54:31] [SUCCESS] bvid=BV1ybXzBnESL 已成功抓取全部所需数据。
[2026-04-05 04:54:38] [SUCCESS] bvid=BV1UWXzB9Ekf 已成功抓取全部所需数据。
[2026-04-05 04:54:45] [SUCCESS] bvid=BV1mWXzB9EAR 已成功抓取全部所需数据。
[2026-04-05 04:54:50] [SUCCESS] bvid=BV1MxXzBWE5Z 已成功抓取全部所需数据。
[2026-04-05 04:54:56] [SUCCESS] bvid=BV1pvXzB7EM8 已成功抓取全部所需数据。
[2026-04-05 04:55:02] [SUCCESS] bvid=BV1mxXzBpErD 已成功抓取全部所需数据。
[2026-04-05 04:55:07] [SUCCESS] bvid=BV1sYXzBUEJS 已成功抓取全部所需数据。
[2026-04-05 04:55:13] [SUCCESS] bvid=BV1kYXzBmEp1 已成功抓取全部所需数据。
[2026-04-05 04:55:19] [SUCCESS] bvid=BV1WvXzB7E4t 已成功抓取全部所需数据。
[2026-04-05 04:55:25] [SUCCESS] bvid=BV1rvXzBjEZq 已成功抓取全部所需数据。
[2026-04-05 04:55:30] [SUCCESS] bvid=BV1ZdXeB4EU1 已成功抓取全部所需数据。
[2026-04-05 04:55:36] [SUCCESS] bvid=BV1y8XzBSEgA 已成功抓取全部所需数据。
[2026-04-05 04:55:42] [SUCCESS] bvid=BV1CaXzBEE4q 已成功抓取全部所需数据。
[2026-04-05 04:55:48] [SUCCESS] bvid=BV19GXzBwEc9 已成功抓取全部所需数据。
[2026-04-05 04:55:53] [SUCCESS] bvid=BV1CaXzBEEra 已成功抓取全部所需数据。
[2026-04-05 04:55:59] [SUCCESS] bvid=BV1CaXzBEEDw 已成功抓取全部所需数据。
[2026-04-05 04:56:04] [SUCCESS] bvid=BV1YLXzBcEhX 已成功抓取全部所需数据。
[2026-04-05 04:56:10] [SUCCESS] bvid=BV1QLXzBFEuf 已成功抓取全部所需数据。
[2026-04-05 04:56:16] [SUCCESS] bvid=BV1QLXzBFE8g 已成功抓取全部所需数据。
[2026-04-05 04:56:21] [SUCCESS] bvid=BV1GLXzBcEZM 已成功抓取全部所需数据。
[2026-04-05 04:56:26] [SUCCESS] bvid=BV1QjXzBbEvW 已成功抓取全部所需数据。
[2026-04-05 04:56:32] [SUCCESS] bvid=BV1hbApzkEm4 已成功抓取全部所需数据。
[2026-04-05 04:56:37] [SUCCESS] bvid=BV1DjXzBbES9 已成功抓取全部所需数据。
[2026-04-05 04:56:43] [SUCCESS] bvid=BV18jXzBtEeP 已成功抓取全部所需数据。
[2026-04-05 04:56:49] [SUCCESS] bvid=BV15GXzBAE6r 已成功抓取全部所需数据。
[2026-04-05 04:56:54] [SUCCESS] bvid=BV1XGXzBwE84 已成功抓取全部所需数据。
[2026-04-05 04:57:00] [SUCCESS] bvid=BV1QVXzBhE9J 已成功抓取全部所需数据。
[2026-04-05 04:57:05] [SUCCESS] bvid=BV1MnXzBoEDX 已成功抓取全部所需数据。
[2026-04-05 04:57:10] [SUCCESS] bvid=BV1GyXdBLEbR 已成功抓取全部所需数据。
[2026-04-05 04:57:16] [SUCCESS] bvid=BV1GyXdBLEiH 已成功抓取全部所需数据。
[2026-04-05 04:57:21] [SUCCESS] bvid=BV1XyXdB5EMj 已成功抓取全部所需数据。
[2026-04-05 04:57:26] [SUCCESS] bvid=BV1XRXzBYEah 已成功抓取全部所需数据。
[2026-04-05 04:57:32] [SUCCESS] bvid=BV1a7XzBfE6c 已成功抓取全部所需数据。
[2026-04-05 04:57:37] [SUCCESS] bvid=BV1UpXzBsEFU 已成功抓取全部所需数据。
[2026-04-05 04:57:43] [SUCCESS] bvid=BV1QGXqBWEyZ 已成功抓取全部所需数据。
[2026-04-05 04:57:48] [SUCCESS] bvid=BV1zEXBBuEHK 已成功抓取全部所需数据。
[2026-04-05 04:57:54] [SUCCESS] bvid=BV1gJXzBtEqB 已成功抓取全部所需数据。
[2026-04-05 04:57:59] [SUCCESS] bvid=BV14gX6BpEch 已成功抓取全部所需数据。
[2026-04-05 04:58:04] [SUCCESS] bvid=BV1VPXYB5EAw 已成功抓取全部所需数据。
[2026-04-05 04:58:10] [SUCCESS] bvid=BV1b1X6BbEXG 已成功抓取全部所需数据。
[2026-04-05 04:58:15] [SUCCESS] bvid=BV1L8X6BzEgz 已成功抓取全部所需数据。
[2026-04-05 04:58:21] [SUCCESS] bvid=BV1LbX6BgE2o 已成功抓取全部所需数据。
[2026-04-05 04:58:26] [SUCCESS] bvid=BV1HFX8BJEjX 已成功抓取全部所需数据。
[2026-04-05 04:58:31] [SUCCESS] bvid=BV1eQXzBvEK5 已成功抓取全部所需数据。
[2026-04-05 04:58:37] [SUCCESS] bvid=BV1RQXzBvEd1 已成功抓取全部所需数据。
[2026-04-05 04:58:42] [SUCCESS] bvid=BV1vUXzBqE8e 已成功抓取全部所需数据。
[2026-04-05 04:58:48] [SUCCESS] bvid=BV1iUXzBqEdu 已成功抓取全部所需数据。
[2026-04-05 04:58:54] [SUCCESS] bvid=BV1RDXzBKELd 已成功抓取全部所需数据。
[2026-04-05 04:58:59] [SUCCESS] bvid=BV1vDXzBKEwQ 已成功抓取全部所需数据。
[2026-04-05 04:59:04] [SUCCESS] bvid=BV1vDXzBKE71 已成功抓取全部所需数据。
[2026-04-05 04:59:10] [SUCCESS] bvid=BV1aZXzBhEpz 已成功抓取全部所需数据。
[2026-04-05 04:59:15] [SUCCESS] bvid=BV1DFX6BFE4g 已成功抓取全部所需数据。
[2026-04-05 04:59:20] [SUCCESS] bvid=BV1hFX6BFE1C 已成功抓取全部所需数据。
[2026-04-05 04:59:26] [SUCCESS] bvid=BV1aRXzBYEhc 已成功抓取全部所需数据。
[2026-04-05 04:59:31] [SUCCESS] bvid=BV1aoXzBwExP 已成功抓取全部所需数据。
[2026-04-05 04:59:37] [SUCCESS] bvid=BV1QoXzBwEMA 已成功抓取全部所需数据。
[2026-04-05 04:59:42] [SUCCESS] bvid=BV16zXzBCE5N 已成功抓取全部所需数据。
[2026-04-05 04:59:48] [SUCCESS] bvid=BV1zrXzBGEiU 已成功抓取全部所需数据。
[2026-04-05 04:59:54] [SUCCESS] bvid=BV16rXzBGEHr 已成功抓取全部所需数据。
[2026-04-05 04:59:59] [SUCCESS] bvid=BV1WiXzB2ENt 已成功抓取全部所需数据。
[2026-04-05 05:00:06] [SUCCESS] bvid=BV1rBXzB5Ekw 已成功抓取全部所需数据。
[2026-04-05 05:00:11] [SUCCESS] bvid=BV16BXzB5Ept 已成功抓取全部所需数据。
[2026-04-05 05:00:18] [SUCCESS] bvid=BV1kBXzB5EcN 已成功抓取全部所需数据。
[2026-04-05 05:00:23] [SUCCESS] bvid=BV1zJXBBBET1 已成功抓取全部所需数据。
[2026-04-05 05:00:29] [SUCCESS] bvid=BV1q1XzBzEnW 已成功抓取全部所需数据。
[2026-04-05 05:00:34] [SUCCESS] bvid=BV1KdXYBzEeJ 已成功抓取全部所需数据。
[2026-04-05 05:00:39] [SUCCESS] bvid=BV14iQUBCEyY 已成功抓取全部所需数据。
[2026-04-05 05:00:45] [SUCCESS] bvid=BV13ZXDBcEnc 已成功抓取全部所需数据。
[2026-04-05 05:00:51] [SUCCESS] bvid=BV1imXzBuEaT 已成功抓取全部所需数据。
[2026-04-05 05:00:57] [SUCCESS] bvid=BV1dmXzBMERD 已成功抓取全部所需数据。
[2026-04-05 05:01:02] [SUCCESS] bvid=BV1zkXzBrEYr 已成功抓取全部所需数据。
[2026-04-05 05:01:07] [SUCCESS] bvid=BV1zkXzBrEZh 已成功抓取全部所需数据。
[2026-04-05 05:01:13] [SUCCESS] bvid=BV1fyXzBgEr5 已成功抓取全部所需数据。
[2026-04-05 05:01:13] [INFO] 当前 batch_crawl 已完成，所有视频均已成功抓取。
[2026-04-05 05:01:13] 子任务结束时间：2026-04-05T05:01:13.232808
[TIMESTAMP][END] 2026-04-05T05:01:13
