[TIMESTAMP][BEGIN] 2026-04-05T00:44:58
[2026-04-05 00:45:01] 开始执行 CSV 批量抓取子任务 part_14。
[2026-04-05 00:45:01] 子任务开始时间：2026-04-05T00:44:58.365102
[2026-04-05 00:45:01] 输入文件：batch_input_14.csv
[2026-04-05 00:45:01] 输入唯一 bvid 数量：100
[2026-04-05 00:45:01] 为严格按 CSV 顺序判断连续失败阈值，本次任务自动将并发度从 2 调整为 1。
[2026-04-05 00:45:06] [SUCCESS] bvid=BV1is9cBYEoJ 已成功抓取全部所需数据。
[2026-04-05 00:45:12] [SUCCESS] bvid=BV1i49cBwEyj 已成功抓取全部所需数据。
[2026-04-05 00:45:18] [SUCCESS] bvid=BV1zH9cBvEJQ 已成功抓取全部所需数据。
[2026-04-05 00:45:23] [SUCCESS] bvid=BV11K9cB1Eec 已成功抓取全部所需数据。
[2026-04-05 00:45:29] [SUCCESS] bvid=BV1VSXZBSEND 已成功抓取全部所需数据。
[2026-04-05 00:45:35] [SUCCESS] bvid=BV1XSXZBUEDu 已成功抓取全部所需数据。
[2026-04-05 00:45:41] [SUCCESS] bvid=BV1VSXZBSEtm 已成功抓取全部所需数据。
[2026-04-05 00:45:48] [SUCCESS] bvid=BV1GSXZBSEd9 已成功抓取全部所需数据。
[2026-04-05 00:45:53] [SUCCESS] bvid=BV1VSXZBSEEf 已成功抓取全部所需数据。
[2026-04-05 00:46:00] [SUCCESS] bvid=BV1a3XZB1EMC 已成功抓取全部所需数据。
[2026-04-05 00:46:06] [SUCCESS] bvid=BV1h3XZB1EiD 已成功抓取全部所需数据。
[2026-04-05 00:46:12] [SUCCESS] bvid=BV133XZB1EvW 已成功抓取全部所需数据。
[2026-04-05 00:46:18] [SUCCESS] bvid=BV133XZB1EHu 已成功抓取全部所需数据。
[2026-04-05 00:46:23] [SUCCESS] bvid=BV1EW9cBNERE 已成功抓取全部所需数据。
[2026-04-05 00:46:30] [SUCCESS] bvid=BV1qW9cBPEri 已成功抓取全部所需数据。
[2026-04-05 00:46:36] [SUCCESS] bvid=BV1zW9cBPEg2 已成功抓取全部所需数据。
[2026-04-05 00:46:42] [SUCCESS] bvid=BV17W9cBAEDd 已成功抓取全部所需数据。
[2026-04-05 00:46:49] [SUCCESS] bvid=BV1MA9cBUEmx 已成功抓取全部所需数据。
[2026-04-05 00:46:55] [SUCCESS] bvid=BV11K9cB1EBA 已成功抓取全部所需数据。
[2026-04-05 00:49:03] [SUCCESS] bvid=BV16TXpBhErX 已成功抓取全部所需数据。
[2026-04-05 00:49:09] [SUCCESS] bvid=BV1NM9cBLEYn 已成功抓取全部所需数据。
[2026-04-05 00:49:16] [SUCCESS] bvid=BV11M9cB5ENR 已成功抓取全部所需数据。
[2026-04-05 00:49:22] [SUCCESS] bvid=BV1yM9cB5E7v 已成功抓取全部所需数据。
[2026-04-05 00:49:29] [SUCCESS] bvid=BV1Fp9WBPEJJ 已成功抓取全部所需数据。
[2026-04-05 00:49:35] [SUCCESS] bvid=BV1R1XZBHEMA 已成功抓取全部所需数据。
[2026-04-05 00:49:41] [SUCCESS] bvid=BV1UA9cBmEqk 已成功抓取全部所需数据。
[2026-04-05 00:49:48] [SUCCESS] bvid=BV12A9cBmExK 已成功抓取全部所需数据。
[2026-04-05 00:59:54] [SUCCESS] bvid=BV17j9JBQE6f 已成功抓取全部所需数据。
[2026-04-05 01:00:01] [SUCCESS] bvid=BV12N9cBjE72 已成功抓取全部所需数据。
[2026-04-05 01:00:11] [SUCCESS] bvid=BV1dkXZBWEcd 已成功抓取全部所需数据。
[2026-04-05 01:00:19] [SUCCESS] bvid=BV1mN9cBjEqt 已成功抓取全部所需数据。
[2026-04-05 01:00:25] [SUCCESS] bvid=BV1mZXZBVEmb 已成功抓取全部所需数据。
[2026-04-05 01:00:34] [SUCCESS] bvid=BV1kG9cBrEvE 已成功抓取全部所需数据。
[2026-04-05 01:00:40] [SUCCESS] bvid=BV1PG9cBkEEC 已成功抓取全部所需数据。
[2026-04-05 01:00:46] [SUCCESS] bvid=BV13CXMB6EjD 已成功抓取全部所需数据。
[2026-04-05 01:00:52] [SUCCESS] bvid=BV1TN9WB1EBk 已成功抓取全部所需数据。
[2026-04-05 01:00:59] [SUCCESS] bvid=BV1W4XZBvE93 已成功抓取全部所需数据。
[2026-04-05 01:01:05] [SUCCESS] bvid=BV1A59cB3Emj 已成功抓取全部所需数据。
[2026-04-05 01:01:11] [SUCCESS] bvid=BV12kXfBVE8y 已成功抓取全部所需数据。
[2026-04-05 01:01:16] [SUCCESS] bvid=BV1A59cB3EB6 已成功抓取全部所需数据。
[2026-04-05 01:01:22] [SUCCESS] bvid=BV1w79WBqEHa 已成功抓取全部所需数据。
[2026-04-05 01:01:29] [SUCCESS] bvid=BV1er9EB1EmK 已成功抓取全部所需数据。
[2026-04-05 01:01:36] [SUCCESS] bvid=BV1su9cByE7L 已成功抓取全部所需数据。
[2026-04-05 01:01:42] [SUCCESS] bvid=BV1xu9cByEGW 已成功抓取全部所需数据。
[2026-04-05 01:01:47] [SUCCESS] bvid=BV1C39cBGEs3 已成功抓取全部所需数据。
[2026-04-05 01:01:54] [SUCCESS] bvid=BV1iAAZz7Ep5 已成功抓取全部所需数据。
[2026-04-05 01:01:59] [SUCCESS] bvid=BV15r9EB1E2p 已成功抓取全部所需数据。
[2026-04-05 01:02:05] [SUCCESS] bvid=BV14JXZBgEDu 已成功抓取全部所需数据。
[2026-04-05 01:02:11] [SUCCESS] bvid=BV1P4XZBvEYe 已成功抓取全部所需数据。
[2026-04-05 01:02:18] [SUCCESS] bvid=BV1C4XZBYEBX 已成功抓取全部所需数据。
[2026-04-05 01:02:25] [SUCCESS] bvid=BV1CbXZBPECb 已成功抓取全部所需数据。
[2026-04-05 01:02:31] [SUCCESS] bvid=BV1s4XZBvEwh 已成功抓取全部所需数据。
[2026-04-05 01:02:37] [SUCCESS] bvid=BV1P4XZBvE8v 已成功抓取全部所需数据。
[2026-04-05 01:02:42] [SUCCESS] bvid=BV1s4XZBvEFp 已成功抓取全部所需数据。
[2026-04-05 01:02:49] [SUCCESS] bvid=BV1P4XZBvE1Q 已成功抓取全部所需数据。
[2026-04-05 01:02:55] [SUCCESS] bvid=BV1s4XZBvEcs 已成功抓取全部所需数据。
[2026-04-05 01:03:01] [SUCCESS] bvid=BV15r9EB1Etz 已成功抓取全部所需数据。
[2026-04-05 01:03:07] [SUCCESS] bvid=BV13SXZBSEnR 已成功抓取全部所需数据。
[2026-04-05 01:03:13] [SUCCESS] bvid=BV1w59WBzEwB 已成功抓取全部所需数据。
[2026-04-05 01:03:19] [SUCCESS] bvid=BV1R1XZBHEJK 已成功抓取全部所需数据。
[2026-04-05 01:03:25] [SUCCESS] bvid=BV1TfXZBCEhf 已成功抓取全部所需数据。
[2026-04-05 01:03:32] [SUCCESS] bvid=BV1AbXZBPEbL 已成功抓取全部所需数据。
[2026-04-05 01:03:38] [SUCCESS] bvid=BV1NWXZBqEDh 已成功抓取全部所需数据。
[2026-04-05 01:03:45] [SUCCESS] bvid=BV1HNXeBaEYT 已成功抓取全部所需数据。
[2026-04-05 01:03:50] [SUCCESS] bvid=BV1uVXZB5EzH 已成功抓取全部所需数据。
[2026-04-05 01:03:56] [SUCCESS] bvid=BV1Q7XzBZE4F 已成功抓取全部所需数据。
[2026-04-05 01:04:04] [SUCCESS] bvid=BV1g3XZB1EzY 已成功抓取全部所需数据。
[2026-04-05 01:04:09] [SUCCESS] bvid=BV1sE9jBXEEY 已成功抓取全部所需数据。
[2026-04-05 01:04:15] [SUCCESS] bvid=BV1KN9WB1Emp 已成功抓取全部所需数据。
[2026-04-05 01:04:20] [SUCCESS] bvid=BV1qhXMBUE5y 已成功抓取全部所需数据。
[2026-04-05 01:04:28] [SUCCESS] bvid=BV1VtXfB9EZ9 已成功抓取全部所需数据。
[2026-04-05 01:04:34] [SUCCESS] bvid=BV1DJ9VBsE8E 已成功抓取全部所需数据。
[2026-04-05 01:04:40] [SUCCESS] bvid=BV1QSXZBUEse 已成功抓取全部所需数据。
[2026-04-05 01:04:46] [SUCCESS] bvid=BV1NxXZBKEEp 已成功抓取全部所需数据。
[2026-04-05 01:04:51] [SUCCESS] bvid=BV1rVXfBAEZH 已成功抓取全部所需数据。
[2026-04-05 01:04:57] [SUCCESS] bvid=BV1pt9EBsEgp 已成功抓取全部所需数据。
[2026-04-05 01:05:02] [SUCCESS] bvid=BV1FV9JB9E7x 已成功抓取全部所需数据。
[2026-04-05 01:05:08] [SUCCESS] bvid=BV1t4XzBXEVL 已成功抓取全部所需数据。
[2026-04-05 01:05:15] [SUCCESS] bvid=BV1Kf9EBPECd 已成功抓取全部所需数据。
[2026-04-05 01:05:21] [SUCCESS] bvid=BV1ZqXZBoEvL 已成功抓取全部所需数据。
[2026-04-05 01:05:27] [SUCCESS] bvid=BV1Qb9JBkEJv 已成功抓取全部所需数据。
[2026-04-05 01:05:33] [SUCCESS] bvid=BV1WUXfBuEuh 已成功抓取全部所需数据。
[2026-04-05 01:05:38] [SUCCESS] bvid=BV1KWXZBqEFe 已成功抓取全部所需数据。
[2026-04-05 01:05:44] [SUCCESS] bvid=BV11WXZBqEpL 已成功抓取全部所需数据。
[2026-04-05 01:05:49] [SUCCESS] bvid=BV1sWXZBqEuz 已成功抓取全部所需数据。
[2026-04-05 01:05:55] [SUCCESS] bvid=BV1PxXZBKE6x 已成功抓取全部所需数据。
[2026-04-05 01:06:00] [SUCCESS] bvid=BV1AxXZBKEfn 已成功抓取全部所需数据。
[2026-04-05 01:06:06] [SUCCESS] bvid=BV1PxXZBKEFK 已成功抓取全部所需数据。
[2026-04-05 01:06:12] [SUCCESS] bvid=BV1NxXZBKEB4 已成功抓取全部所需数据。
[2026-04-05 01:06:18] [SUCCESS] bvid=BV1sxXZBKEzF 已成功抓取全部所需数据。
[2026-04-05 01:06:24] [SUCCESS] bvid=BV1EvXZBFEap 已成功抓取全部所需数据。
[2026-04-05 01:06:30] [SUCCESS] bvid=BV1cYXZBhE4U 已成功抓取全部所需数据。
[2026-04-05 01:06:36] [SUCCESS] bvid=BV1nYXZBhEZE 已成功抓取全部所需数据。
[2026-04-05 01:06:42] [SUCCESS] bvid=BV1wYXZBhEFV 已成功抓取全部所需数据。
[2026-04-05 01:06:48] [SUCCESS] bvid=BV1nYXZBhEes 已成功抓取全部所需数据。
[2026-04-05 01:06:53] [SUCCESS] bvid=BV1hVXZB5EW2 已成功抓取全部所需数据。
[2026-04-05 01:06:59] [SUCCESS] bvid=BV1f7XfB8EFK 已成功抓取全部所需数据。
[2026-04-05 01:07:04] [SUCCESS] bvid=BV1EJXfBFEcv 已成功抓取全部所需数据。
[2026-04-05 01:07:11] [SUCCESS] bvid=BV1A8XZBYETJ 已成功抓取全部所需数据。
[2026-04-05 01:07:16] [SUCCESS] bvid=BV1p8XZBYE58 已成功抓取全部所需数据。
[2026-04-05 01:07:16] [INFO] 当前 batch_crawl 已完成，所有视频均已成功抓取。
[2026-04-05 01:07:16] 子任务结束时间：2026-04-05T01:07:16.966898
[TIMESTAMP][END] 2026-04-05T01:07:16
