[TIMESTAMP][BEGIN] 2026-04-05T04:32:50
[2026-04-05 04:32:53] 开始执行 CSV 批量抓取子任务 part_32。
[2026-04-05 04:32:53] 子任务开始时间：2026-04-05T04:32:50.648826
[2026-04-05 04:32:53] 输入文件：batch_input_32.csv
[2026-04-05 04:32:53] 输入唯一 bvid 数量：100
[2026-04-05 04:32:53] 为严格按 CSV 顺序判断连续失败阈值，本次任务自动将并发度从 2 调整为 1。
[2026-04-05 04:32:58] [SUCCESS] bvid=BV1DWXrBaEX9 已成功抓取全部所需数据。
[2026-04-05 04:33:04] [SUCCESS] bvid=BV1DWXrBaECe 已成功抓取全部所需数据。
[2026-04-05 04:33:09] [SUCCESS] bvid=BV1uWXrBYEqP 已成功抓取全部所需数据。
[2026-04-05 04:33:15] [SUCCESS] bvid=BV13WXrBYEwg 已成功抓取全部所需数据。
[2026-04-05 04:33:21] [SUCCESS] bvid=BV1SxXrBwErX 已成功抓取全部所需数据。
[2026-04-05 04:33:27] [SUCCESS] bvid=BV1DnXrBeEde 已成功抓取全部所需数据。
[2026-04-05 04:33:33] [SUCCESS] bvid=BV15dXrBrEgM 已成功抓取全部所需数据。
[2026-04-05 04:33:39] [SUCCESS] bvid=BV1GnXrBvEbm 已成功抓取全部所需数据。
[2026-04-05 04:33:45] [SUCCESS] bvid=BV1MxXrBwEdk 已成功抓取全部所需数据。
[2026-04-05 04:33:50] [SUCCESS] bvid=BV1TaA8z9E5a 已成功抓取全部所需数据。
[2026-04-05 04:33:56] [SUCCESS] bvid=BV1iXXrBkEnB 已成功抓取全部所需数据。
[2026-04-05 04:34:02] [SUCCESS] bvid=BV1DnXrBeEo6 已成功抓取全部所需数据。
[2026-04-05 04:34:08] [SUCCESS] bvid=BV1UxXrBcEtj 已成功抓取全部所需数据。
[2026-04-05 04:34:14] [SUCCESS] bvid=BV14aA8z9EBm 已成功抓取全部所需数据。
[2026-04-05 04:34:19] [SUCCESS] bvid=BV1rCXrBUEKw 已成功抓取全部所需数据。
[2026-04-05 04:34:25] [SUCCESS] bvid=BV1mHAAz1EnZ 已成功抓取全部所需数据。
[2026-04-05 04:34:31] [SUCCESS] bvid=BV1rWXkBHEZp 已成功抓取全部所需数据。
[2026-04-05 04:34:37] [SUCCESS] bvid=BV1ddXrB6EF8 已成功抓取全部所需数据。
[2026-04-05 04:34:43] [SUCCESS] bvid=BV1JuXeBfE3Q 已成功抓取全部所需数据。
[2026-04-05 04:34:49] [SUCCESS] bvid=BV1dRXrB3EkK 已成功抓取全部所需数据。
[2026-04-05 04:34:55] [SUCCESS] bvid=BV1vRXrB3EGv 已成功抓取全部所需数据。
[2026-04-05 04:35:01] [SUCCESS] bvid=BV1vRXrB3E9B 已成功抓取全部所需数据。
[2026-04-05 04:35:06] [SUCCESS] bvid=BV1yYXzBmEH6 已成功抓取全部所需数据。
[2026-04-05 04:35:12] [SUCCESS] bvid=BV1YdXrB6Ezn 已成功抓取全部所需数据。
[2026-04-05 04:35:18] [SUCCESS] bvid=BV1oXXaBDEMw 已成功抓取全部所需数据。
[2026-04-05 04:35:23] [SUCCESS] bvid=BV1RdXrB6EXA 已成功抓取全部所需数据。
[2026-04-05 04:35:29] [SUCCESS] bvid=BV1DgXYBuETt 已成功抓取全部所需数据。
[2026-04-05 04:35:35] [SUCCESS] bvid=BV1qQXrBVEPT 已成功抓取全部所需数据。
[2026-04-05 04:35:40] [SUCCESS] bvid=BV1aPXkBNEug 已成功抓取全部所需数据。
[2026-04-05 04:35:46] [SUCCESS] bvid=BV1PNA3z8Epr 已成功抓取全部所需数据。
[2026-04-05 04:35:52] [SUCCESS] bvid=BV1qQXrBVEJW 已成功抓取全部所需数据。
[2026-04-05 04:35:58] [SUCCESS] bvid=BV1iXXrBkEYB 已成功抓取全部所需数据。
[2026-04-05 04:36:04] [SUCCESS] bvid=BV1oXXrBkECL 已成功抓取全部所需数据。
[2026-04-05 04:36:10] [SUCCESS] bvid=BV1LXXrBCEY8 已成功抓取全部所需数据。
[2026-04-05 04:36:16] [SUCCESS] bvid=BV1oXXrBkExe 已成功抓取全部所需数据。
[2026-04-05 04:36:23] [SUCCESS] bvid=BV1RXXrBkEaX 已成功抓取全部所需数据。
[2026-04-05 04:36:29] [SUCCESS] bvid=BV1rzXrBHEZi 已成功抓取全部所需数据。
[2026-04-05 04:36:34] [SUCCESS] bvid=BV1vXXrBkEfp 已成功抓取全部所需数据。
[2026-04-05 04:36:40] [SUCCESS] bvid=BV1iXXrBkEMc 已成功抓取全部所需数据。
[2026-04-05 04:36:46] [SUCCESS] bvid=BV1pgXPB2EMi 已成功抓取全部所需数据。
[2026-04-05 04:36:51] [SUCCESS] bvid=BV1HgXPB2Eq1 已成功抓取全部所需数据。
[2026-04-05 04:36:57] [SUCCESS] bvid=BV1Z6XqBNEGc 已成功抓取全部所需数据。
[2026-04-05 04:37:02] [SUCCESS] bvid=BV1eDXzBKE8V 已成功抓取全部所需数据。
[2026-04-05 04:37:08] [SUCCESS] bvid=BV1HgXPB2EkW 已成功抓取全部所需数据。
[2026-04-05 04:37:14] [SUCCESS] bvid=BV1hcXkBTExS 已成功抓取全部所需数据。
[2026-04-05 04:37:14] [ERROR] bvid=BV1VZXrBgE1c 抓取失败：stat: 接口返回错误代码：-404，信息：啥都木有。
{'code': -404, 'message': '啥都木有', 'ttl': 1} | comment: 接口返回错误代码：-404，信息：啥都木有。
{'code': -404, 'message': '啥都木有', 'ttl': 1}
[2026-04-05 04:37:20] [SUCCESS] bvid=BV1HgXPB2E6r 已成功抓取全部所需数据。
[2026-04-05 04:37:25] [SUCCESS] bvid=BV1pWXYBhELs 已成功抓取全部所需数据。
[2026-04-05 04:37:31] [SUCCESS] bvid=BV1pgXPB2ENN 已成功抓取全部所需数据。
[2026-04-05 04:37:36] [SUCCESS] bvid=BV1YcXkBTEVm 已成功抓取全部所需数据。
[2026-04-05 04:37:42] [SUCCESS] bvid=BV1acXkBTELz 已成功抓取全部所需数据。
[2026-04-05 04:37:47] [SUCCESS] bvid=BV18wXkBiEkC 已成功抓取全部所需数据。
[2026-04-05 04:37:52] [SUCCESS] bvid=BV1HgXPB2E6U 已成功抓取全部所需数据。
[2026-04-05 04:37:58] [SUCCESS] bvid=BV1awXkBiE2Y 已成功抓取全部所需数据。
[2026-04-05 04:38:04] [SUCCESS] bvid=BV1YcXkBTEWt 已成功抓取全部所需数据。
[2026-04-05 04:38:09] [SUCCESS] bvid=BV1tMXkBaEpd 已成功抓取全部所需数据。
[2026-04-05 04:38:15] [SUCCESS] bvid=BV18MXkBaEwY 已成功抓取全部所需数据。
[2026-04-05 04:38:20] [SUCCESS] bvid=BV168XvBPEBW 已成功抓取全部所需数据。
[2026-04-05 04:38:25] [SUCCESS] bvid=BV1yYXzBmEVr 已成功抓取全部所需数据。
[2026-04-05 04:38:31] [SUCCESS] bvid=BV1yjXhB4Edr 已成功抓取全部所需数据。
[2026-04-05 04:38:37] [SUCCESS] bvid=BV1x5XkBtEsB 已成功抓取全部所需数据。
[2026-04-05 04:38:42] [SUCCESS] bvid=BV1RUXzBqEXg 已成功抓取全部所需数据。
[2026-04-05 04:38:48] [SUCCESS] bvid=BV1pFQZBFE8T 已成功抓取全部所需数据。
[2026-04-05 04:38:54] [SUCCESS] bvid=BV1qUXrBLEzS 已成功抓取全部所需数据。
[2026-04-05 04:39:00] [SUCCESS] bvid=BV1hUXYBVEot 已成功抓取全部所需数据。
[2026-04-05 04:39:05] [SUCCESS] bvid=BV1QLXzBFEVE 已成功抓取全部所需数据。
[2026-04-05 04:39:11] [SUCCESS] bvid=BV1PNA3z8E4R 已成功抓取全部所需数据。
[2026-04-05 04:39:17] [SUCCESS] bvid=BV1nWXkBHE7a 已成功抓取全部所需数据。
[2026-04-05 04:39:22] [SUCCESS] bvid=BV1upXzBxE3i 已成功抓取全部所需数据。
[2026-04-05 04:39:28] [SUCCESS] bvid=BV1ESXrB1EL1 已成功抓取全部所需数据。
[2026-04-05 04:39:34] [SUCCESS] bvid=BV1sGXkBfEyM 已成功抓取全部所需数据。
[2026-04-05 04:39:39] [SUCCESS] bvid=BV11MX6B9EWA 已成功抓取全部所需数据。
[2026-04-05 04:39:44] [SUCCESS] bvid=BV1qmXzBME27 已成功抓取全部所需数据。
[2026-04-05 04:39:50] [SUCCESS] bvid=BV117XYBeEBt 已成功抓取全部所需数据。
[2026-04-05 04:39:55] [SUCCESS] bvid=BV16tXYBoE6x 已成功抓取全部所需数据。
[2026-04-05 04:40:01] [SUCCESS] bvid=BV1hoXzBwEoH 已成功抓取全部所需数据。
[2026-04-05 04:40:06] [SUCCESS] bvid=BV118XzBSEic 已成功抓取全部所需数据。
[2026-04-05 04:40:11] [SUCCESS] bvid=BV1y8XzBSEMR 已成功抓取全部所需数据。
[2026-04-05 04:40:17] [SUCCESS] bvid=BV1KpXqBmErh 已成功抓取全部所需数据。
[2026-04-05 04:40:22] [SUCCESS] bvid=BV1uyX6BFEB3 已成功抓取全部所需数据。
[2026-04-05 04:40:27] [SUCCESS] bvid=BV1RGXzBwEqg 已成功抓取全部所需数据。
[2026-04-05 04:40:33] [SUCCESS] bvid=BV1vDXzBKEfx 已成功抓取全部所需数据。
[2026-04-05 04:40:38] [SUCCESS] bvid=BV1tyQRBaETt 已成功抓取全部所需数据。
[2026-04-05 04:40:43] [SUCCESS] bvid=BV1z4XkBJEUj 已成功抓取全部所需数据。
[2026-04-05 04:40:48] [SUCCESS] bvid=BV1DwXkBiEV8 已成功抓取全部所需数据。
[2026-04-05 04:40:54] [SUCCESS] bvid=BV18wXkBiE1S 已成功抓取全部所需数据。
[2026-04-05 04:41:00] [SUCCESS] bvid=BV1ybXzBnES4 已成功抓取全部所需数据。
[2026-04-05 04:41:06] [SUCCESS] bvid=BV1vZXrBuETv 已成功抓取全部所需数据。
[2026-04-05 04:41:11] [SUCCESS] bvid=BV1ckXrBnEiS 已成功抓取全部所需数据。
[2026-04-05 04:41:17] [SUCCESS] bvid=BV1ckXrBnEPa 已成功抓取全部所需数据。
[2026-04-05 04:41:23] [SUCCESS] bvid=BV1VGXzBAEpj 已成功抓取全部所需数据。
[2026-04-05 04:41:29] [SUCCESS] bvid=BV1YZXrBuEz1 已成功抓取全部所需数据。
[2026-04-05 04:41:34] [SUCCESS] bvid=BV1RZXrBuETh 已成功抓取全部所需数据。
[2026-04-05 04:41:40] [SUCCESS] bvid=BV1YfXrBBEGd 已成功抓取全部所需数据。
[2026-04-05 04:41:46] [SUCCESS] bvid=BV1k6XrBDEEz 已成功抓取全部所需数据。
[2026-04-05 04:41:52] [SUCCESS] bvid=BV1rkXrBJESU 已成功抓取全部所需数据。
[2026-04-05 04:41:58] [SUCCESS] bvid=BV1YfXrBBEhF 已成功抓取全部所需数据。
[2026-04-05 04:42:03] [SUCCESS] bvid=BV16kXrBJEq7 已成功抓取全部所需数据。
[2026-04-05 04:42:09] [SUCCESS] bvid=BV1rkXrBJEva 已成功抓取全部所需数据。
[2026-04-05 04:42:15] [SUCCESS] bvid=BV16kXrBJEAi 已成功抓取全部所需数据。
[2026-04-05 04:42:15] [WARN] 当前子任务已结束，但仍有未成功抓取的视频，已导出 remaining CSV 供继续执行。
[2026-04-05 04:42:15] [INFO] 已导出剔除成功条目后的剩余 CSV：D:\Schoolworks\Thesis\Bilibili-Datahub\outputs\video_data\manual_crawls\manual_crawl_stat_comment_20260404_194235\remaining_bvids_part_32.csv
[2026-04-05 04:42:15] 子任务结束时间：2026-04-05T04:42:15.187838
[TIMESTAMP][END] 2026-04-05T04:42:15
