[TIMESTAMP][BEGIN] 2026-04-05T01:59:06
[2026-04-05 01:59:09] 开始执行 CSV 批量抓取子任务 part_17。
[2026-04-05 01:59:09] 子任务开始时间：2026-04-05T01:59:06.906595
[2026-04-05 01:59:09] 输入文件：batch_input_17.csv
[2026-04-05 01:59:09] 输入唯一 bvid 数量：100
[2026-04-05 01:59:09] 为严格按 CSV 顺序判断连续失败阈值，本次任务自动将并发度从 2 调整为 1。
[2026-04-05 01:59:15] [SUCCESS] bvid=BV1uc9WBEELm 已成功抓取全部所需数据。
[2026-04-05 01:59:21] [SUCCESS] bvid=BV1gc9WBEEWU 已成功抓取全部所需数据。
[2026-04-05 01:59:27] [SUCCESS] bvid=BV13d9pBQEaq 已成功抓取全部所需数据。
[2026-04-05 01:59:34] [SUCCESS] bvid=BV14T9WB5E3e 已成功抓取全部所需数据。
[2026-04-05 01:59:39] [SUCCESS] bvid=BV1MN9WB1EPU 已成功抓取全部所需数据。
[2026-04-05 01:59:45] [SUCCESS] bvid=BV1KT9WB5EXf 已成功抓取全部所需数据。
[2026-04-05 01:59:51] [SUCCESS] bvid=BV1UP9WBjEXe 已成功抓取全部所需数据。
[2026-04-05 01:59:57] [SUCCESS] bvid=BV1KT9WB5E9Z 已成功抓取全部所需数据。
[2026-04-05 02:00:03] [SUCCESS] bvid=BV1q997BmETc 已成功抓取全部所需数据。
[2026-04-05 02:00:09] [SUCCESS] bvid=BV1Mw9WBmEix 已成功抓取全部所需数据。
[2026-04-05 02:00:15] [SUCCESS] bvid=BV1uw9WBmEbr 已成功抓取全部所需数据。
[2026-04-05 02:00:21] [SUCCESS] bvid=BV1e39sB8EZh 已成功抓取全部所需数据。
[2026-04-05 02:00:28] [SUCCESS] bvid=BV14P9WBjEYi 已成功抓取全部所需数据。
[2026-04-05 02:00:34] [SUCCESS] bvid=BV1j29pBZEws 已成功抓取全部所需数据。
[2026-04-05 02:00:40] [SUCCESS] bvid=BV1L29pBZEmv 已成功抓取全部所需数据。
[2026-04-05 02:00:45] [SUCCESS] bvid=BV1j29pBZEXh 已成功抓取全部所需数据。
[2026-04-05 02:00:51] [SUCCESS] bvid=BV1iU9pB4E4g 已成功抓取全部所需数据。
[2026-04-05 02:00:58] [SUCCESS] bvid=BV15U9pB4E14 已成功抓取全部所需数据。
[2026-04-05 02:01:04] [SUCCESS] bvid=BV15U9pB4E12 已成功抓取全部所需数据。
[2026-04-05 02:01:10] [SUCCESS] bvid=BV1Ey9pBFEvS 已成功抓取全部所需数据。
[2026-04-05 02:01:16] [SUCCESS] bvid=BV1j19pBbE3w 已成功抓取全部所需数据。
[2026-04-05 02:01:23] [SUCCESS] bvid=BV1VX9pB9EXx 已成功抓取全部所需数据。
[2026-04-05 02:01:29] [SUCCESS] bvid=BV19X9pB9EC7 已成功抓取全部所需数据。
[2026-04-05 02:01:35] [SUCCESS] bvid=BV1eX9pB9ET1 已成功抓取全部所需数据。
[2026-04-05 02:01:41] [SUCCESS] bvid=BV1GR9pBWEHJ 已成功抓取全部所需数据。
[2026-04-05 02:01:47] [SUCCESS] bvid=BV1GR9pBpE7K 已成功抓取全部所需数据。
[2026-04-05 02:01:54] [SUCCESS] bvid=BV1eS9pBdEUJ 已成功抓取全部所需数据。
[2026-04-05 02:02:00] [SUCCESS] bvid=BV1LS9pBdEJo 已成功抓取全部所需数据。
[2026-04-05 02:02:07] [SUCCESS] bvid=BV1LS9pBdEvp 已成功抓取全部所需数据。
[2026-04-05 02:02:13] [SUCCESS] bvid=BV1VQ9pBsEqi 已成功抓取全部所需数据。
[2026-04-05 02:12:17] [ERROR] bvid=BV1vQ9pBsETW 抓取失败：stat: Timeout of 600.0s exceeded, last exception: HTTPSConnectionPool(host='bigquery.googleapis.com', port=443): Max retries exceeded with url: /bigquery/v2/projects/bilibili-m2s2vp-research/datasets?prettyPrint=false (Caused by SSLError(SSLEOFError(8, 'EOF occurred in violation of protocol (_ssl.c:1017)')))
[2026-04-05 02:12:23] [SUCCESS] bvid=BV1vQ9pBsEuF 已成功抓取全部所需数据。
[2026-04-05 02:12:29] [SUCCESS] bvid=BV1kD9HBKEhy 已成功抓取全部所需数据。
[2026-04-05 02:12:35] [SUCCESS] bvid=BV1fW9WBaELt 已成功抓取全部所需数据。
[2026-04-05 02:12:41] [SUCCESS] bvid=BV1Zx9WBcEzH 已成功抓取全部所需数据。
[2026-04-05 02:12:47] [SUCCESS] bvid=BV1ox9WBcEYy 已成功抓取全部所需数据。
[2026-04-05 02:12:53] [SUCCESS] bvid=BV1Zx9WBcERB 已成功抓取全部所需数据。
[2026-04-05 02:12:59] [SUCCESS] bvid=BV1v89WBbE9n 已成功抓取全部所需数据。
[2026-04-05 02:13:05] [SUCCESS] bvid=BV1Fn9WBvEmm 已成功抓取全部所需数据。
[2026-04-05 02:13:10] [SUCCESS] bvid=BV1Fn9WBvEXp 已成功抓取全部所需数据。
[2026-04-05 02:13:16] [SUCCESS] bvid=BV1Fn9WBvExQ 已成功抓取全部所需数据。
[2026-04-05 02:13:22] [SUCCESS] bvid=BV1fp9WBAEE8 已成功抓取全部所需数据。
[2026-04-05 02:13:28] [SUCCESS] bvid=BV1R89WBtEdT 已成功抓取全部所需数据。
[2026-04-05 02:13:33] [SUCCESS] bvid=BV1d89WBtE6g 已成功抓取全部所需数据。
[2026-04-05 02:13:39] [SUCCESS] bvid=BV1fp9WBAEjE 已成功抓取全部所需数据。
[2026-04-05 02:13:45] [SUCCESS] bvid=BV1Fp9WBPEKj 已成功抓取全部所需数据。
[2026-04-05 02:13:50] [SUCCESS] bvid=BV1Jp9WBPESX 已成功抓取全部所需数据。
[2026-04-05 02:13:55] [SUCCESS] bvid=BV1d89WBtEpN 已成功抓取全部所需数据。
[2026-04-05 02:14:01] [SUCCESS] bvid=BV1989WBtESN 已成功抓取全部所需数据。
[2026-04-05 02:14:07] [SUCCESS] bvid=BV1hn9sBWE3i 已成功抓取全部所需数据。
[2026-04-05 02:14:13] [SUCCESS] bvid=BV1o49WB8EJq 已成功抓取全部所需数据。
[2026-04-05 02:14:18] [SUCCESS] bvid=BV1o49WB8E3e 已成功抓取全部所需数据。
[2026-04-05 02:14:24] [SUCCESS] bvid=BV1o49WB8Eu8 已成功抓取全部所需数据。
[2026-04-05 02:14:29] [SUCCESS] bvid=BV1pt9nBAEQv 已成功抓取全部所需数据。
[2026-04-05 02:14:35] [SUCCESS] bvid=BV1dt9WBfENn 已成功抓取全部所需数据。
[2026-04-05 02:14:40] [SUCCESS] bvid=BV1d49WB8EXP 已成功抓取全部所需数据。
[2026-04-05 02:14:46] [SUCCESS] bvid=BV1749WBhEdR 已成功抓取全部所需数据。
[2026-04-05 02:14:52] [SUCCESS] bvid=BV1uk9WBnEBf 已成功抓取全部所需数据。
[2026-04-05 02:14:57] [SUCCESS] bvid=BV1wj9WBMEgG 已成功抓取全部所需数据。
[2026-04-05 02:15:03] [SUCCESS] bvid=BV1DTXkBAEVi 已成功抓取全部所需数据。
[2026-04-05 02:15:09] [SUCCESS] bvid=BV11p9nBiEQu 已成功抓取全部所需数据。
[2026-04-05 02:15:14] [SUCCESS] bvid=BV1D897BPEgF 已成功抓取全部所需数据。
[2026-04-05 02:15:20] [SUCCESS] bvid=BV1TC9WBSED8 已成功抓取全部所需数据。
[2026-04-05 02:15:25] [SUCCESS] bvid=BV14Q95BpEHq 已成功抓取全部所需数据。
[2026-04-05 02:15:31] [SUCCESS] bvid=BV1FsXbB5EcF 已成功抓取全部所需数据。
[2026-04-05 02:15:37] [SUCCESS] bvid=BV1g7XzBfE1b 已成功抓取全部所需数据。
[2026-04-05 02:15:43] [SUCCESS] bvid=BV1bS9jBaEes 已成功抓取全部所需数据。
[2026-04-05 02:15:49] [SUCCESS] bvid=BV1gZ9nBkEuo 已成功抓取全部所需数据。
[2026-04-05 02:15:55] [SUCCESS] bvid=BV1H4XWBqEJw 已成功抓取全部所需数据。
[2026-04-05 02:16:02] [SUCCESS] bvid=BV11U9WBLEVn 已成功抓取全部所需数据。
[2026-04-05 02:16:08] [SUCCESS] bvid=BV1fD97BSEbd 已成功抓取全部所需数据。
[2026-04-05 02:16:14] [SUCCESS] bvid=BV1ni9nBoE3L 已成功抓取全部所需数据。
[2026-04-05 02:16:20] [SUCCESS] bvid=BV18o9nBVEUq 已成功抓取全部所需数据。
[2026-04-05 02:16:26] [SUCCESS] bvid=BV1sQX6BsErW 已成功抓取全部所需数据。
[2026-04-05 02:16:32] [SUCCESS] bvid=BV1go9nBVEeW 已成功抓取全部所需数据。
[2026-04-05 02:16:38] [SUCCESS] bvid=BV1NA9JBhE9C 已成功抓取全部所需数据。
[2026-04-05 02:16:44] [SUCCESS] bvid=BV1Z49WB8EMD 已成功抓取全部所需数据。
[2026-04-05 02:16:50] [SUCCESS] bvid=BV1dt9WBfEqD 已成功抓取全部所需数据。
[2026-04-05 02:16:56] [SUCCESS] bvid=BV1Z49WBhESF 已成功抓取全部所需数据。
[2026-04-05 02:17:02] [SUCCESS] bvid=BV1dt9WBfEKM 已成功抓取全部所需数据。
[2026-04-05 02:17:08] [SUCCESS] bvid=BV1ot9WBfETQ 已成功抓取全部所需数据。
[2026-04-05 02:17:16] [SUCCESS] bvid=BV1ot9WBfEzG 已成功抓取全部所需数据。
[2026-04-05 02:17:22] [SUCCESS] bvid=BV1N39WBrE8e 已成功抓取全部所需数据。
[2026-04-05 02:17:28] [SUCCESS] bvid=BV1P39WBrEh7 已成功抓取全部所需数据。
[2026-04-05 02:17:34] [SUCCESS] bvid=BV1N39WBrEJn 已成功抓取全部所需数据。
[2026-04-05 02:17:40] [SUCCESS] bvid=BV1N39WBrEEr 已成功抓取全部所需数据。
[2026-04-05 02:17:46] [SUCCESS] bvid=BV1LiXkBVE57 已成功抓取全部所需数据。
[2026-04-05 02:17:52] [SUCCESS] bvid=BV1Dz9WBHEqc 已成功抓取全部所需数据。
[2026-04-05 02:17:58] [SUCCESS] bvid=BV1qQ9LB3E9v 已成功抓取全部所需数据。
[2026-04-05 02:18:04] [SUCCESS] bvid=BV14M9WBCEVU 已成功抓取全部所需数据。
[2026-04-05 02:18:11] [SUCCESS] bvid=BV1xg9WBGEb8 已成功抓取全部所需数据。
[2026-04-05 02:18:16] [SUCCESS] bvid=BV1xg9WBGEW1 已成功抓取全部所需数据。
[2026-04-05 02:18:22] [SUCCESS] bvid=BV1Pg9WBGEqK 已成功抓取全部所需数据。
[2026-04-05 02:18:29] [SUCCESS] bvid=BV1Kg9WBGEWi 已成功抓取全部所需数据。
[2026-04-05 02:18:34] [SUCCESS] bvid=BV1c79WBqEQp 已成功抓取全部所需数据。
[2026-04-05 02:18:40] [SUCCESS] bvid=BV1cJ9WBKEpL 已成功抓取全部所需数据。
[2026-04-05 02:18:45] [SUCCESS] bvid=BV1HJ9WBKE5H 已成功抓取全部所需数据。
[2026-04-05 02:18:51] [SUCCESS] bvid=BV1Fh9EBWEdA 已成功抓取全部所需数据。
[2026-04-05 02:18:56] [SUCCESS] bvid=BV1v39sB8EV1 已成功抓取全部所需数据。
[2026-04-05 02:19:02] [SUCCESS] bvid=BV191AWzSEow 已成功抓取全部所需数据。
[2026-04-05 02:19:02] [WARN] 当前子任务已结束，但仍有未成功抓取的视频，已导出 remaining CSV 供继续执行。
[2026-04-05 02:19:02] [INFO] 已导出剔除成功条目后的剩余 CSV：D:\Schoolworks\Thesis\Bilibili-Datahub\outputs\video_data\manual_crawls\manual_crawl_stat_comment_20260404_194235\remaining_bvids_part_17.csv
[2026-04-05 02:19:02] 子任务结束时间：2026-04-05T02:19:02.410547
[TIMESTAMP][END] 2026-04-05T02:19:02
