[TIMESTAMP][BEGIN] 2026-04-05T04:03:50
[2026-04-05 04:03:53] 开始执行 CSV 批量抓取子任务 part_29。
[2026-04-05 04:03:53] 子任务开始时间：2026-04-05T04:03:50.608676
[2026-04-05 04:03:53] 输入文件：batch_input_29.csv
[2026-04-05 04:03:53] 输入唯一 bvid 数量：100
[2026-04-05 04:03:53] 为严格按 CSV 顺序判断连续失败阈值，本次任务自动将并发度从 2 调整为 1。
[2026-04-05 04:03:59] [SUCCESS] bvid=BV1G6XkB6EJ7 已成功抓取全部所需数据。
[2026-04-05 04:04:04] [SUCCESS] bvid=BV1akXkBuENd 已成功抓取全部所需数据。
[2026-04-05 04:04:10] [SUCCESS] bvid=BV1uSXkBeEMC 已成功抓取全部所需数据。
[2026-04-05 04:04:16] [SUCCESS] bvid=BV1MQXkBAEe2 已成功抓取全部所需数据。
[2026-04-05 04:04:21] [SUCCESS] bvid=BV1SUXkBNEZu 已成功抓取全部所需数据。
[2026-04-05 04:04:27] [SUCCESS] bvid=BV1u2XkBiEQe 已成功抓取全部所需数据。
[2026-04-05 04:04:32] [SUCCESS] bvid=BV17hXkB2Ei2 已成功抓取全部所需数据。
[2026-04-05 04:04:38] [SUCCESS] bvid=BV1qYXkBLEsn 已成功抓取全部所需数据。
[2026-04-05 04:04:44] [SUCCESS] bvid=BV1JtXkBUEWo 已成功抓取全部所需数据。
[2026-04-05 04:04:50] [SUCCESS] bvid=BV1dqXkBkELf 已成功抓取全部所需数据。
[2026-04-05 04:04:55] [SUCCESS] bvid=BV1ezXkB3EYH 已成功抓取全部所需数据。
[2026-04-05 04:05:00] [SUCCESS] bvid=BV1xgX6BpEbQ 已成功抓取全部所需数据。
[2026-04-05 04:05:06] [SUCCESS] bvid=BV15eXkByEB1 已成功抓取全部所需数据。
[2026-04-05 04:05:11] [SUCCESS] bvid=BV1QzXkBuEqb 已成功抓取全部所需数据。
[2026-04-05 04:05:17] [SUCCESS] bvid=BV15iXkBVE4m 已成功抓取全部所需数据。
[2026-04-05 04:05:23] [SUCCESS] bvid=BV1tTX6BsEN9 已成功抓取全部所需数据。
[2026-04-05 04:05:28] [SUCCESS] bvid=BV1q9XCBSEpR 已成功抓取全部所需数据。
[2026-04-05 04:05:34] [SUCCESS] bvid=BV15iXkBVEvp 已成功抓取全部所需数据。
[2026-04-05 04:05:39] [SUCCESS] bvid=BV1EMXCBHE9c 已成功抓取全部所需数据。
[2026-04-05 04:05:45] [SUCCESS] bvid=BV1JMXCBHEQ5 已成功抓取全部所需数据。
[2026-04-05 04:05:51] [SUCCESS] bvid=BV1fuXCBSEzv 已成功抓取全部所需数据。
[2026-04-05 04:05:56] [SUCCESS] bvid=BV1kvXzBjEsU 已成功抓取全部所需数据。
[2026-04-05 04:06:01] [SUCCESS] bvid=BV1B9QUBwE6c 已成功抓取全部所需数据。
[2026-04-05 04:06:07] [SUCCESS] bvid=BV1B9XCBSEMn 已成功抓取全部所需数据。
[2026-04-05 04:06:12] [SUCCESS] bvid=BV1W7XkBxEcR 已成功抓取全部所需数据。
[2026-04-05 04:06:17] [SUCCESS] bvid=BV1uhXCBiEzB 已成功抓取全部所需数据。
[2026-04-05 04:06:23] [SUCCESS] bvid=BV1mEXvBrEvg 已成功抓取全部所需数据。
[2026-04-05 04:06:29] [SUCCESS] bvid=BV1FNXCBWEm2 已成功抓取全部所需数据。
[2026-04-05 04:06:34] [SUCCESS] bvid=BV1ZuXCBSE1S 已成功抓取全部所需数据。
[2026-04-05 04:06:39] [SUCCESS] bvid=BV1wNXCBWEgq 已成功抓取全部所需数据。
[2026-04-05 04:06:45] [SUCCESS] bvid=BV1FNXCBWEn3 已成功抓取全部所需数据。
[2026-04-05 04:06:50] [SUCCESS] bvid=BV1FKXCBXE3F 已成功抓取全部所需数据。
[2026-04-05 04:06:56] [SUCCESS] bvid=BV1rKXCBXEJE 已成功抓取全部所需数据。
[2026-04-05 04:07:01] [SUCCESS] bvid=BV1q5XCB7E8K 已成功抓取全部所需数据。
[2026-04-05 04:07:07] [SUCCESS] bvid=BV1PoXkBfEbs 已成功抓取全部所需数据。
[2026-04-05 04:07:12] [SUCCESS] bvid=BV12dXkB8ENn 已成功抓取全部所需数据。
[2026-04-05 04:07:18] [SUCCESS] bvid=BV1soXkBfExn 已成功抓取全部所需数据。
[2026-04-05 04:07:23] [SUCCESS] bvid=BV1WoXkBfEQ1 已成功抓取全部所需数据。
[2026-04-05 04:07:28] [SUCCESS] bvid=BV1NoXkBfE4s 已成功抓取全部所需数据。
[2026-04-05 04:07:34] [SUCCESS] bvid=BV1TXXkBaEdL 已成功抓取全部所需数据。
[2026-04-05 04:07:40] [SUCCESS] bvid=BV1mXXkBaEye 已成功抓取全部所需数据。
[2026-04-05 04:07:46] [SUCCESS] bvid=BV1KRXkBcEMq 已成功抓取全部所需数据。
[2026-04-05 04:07:51] [SUCCESS] bvid=BV1KXXkBaEqJ 已成功抓取全部所需数据。
[2026-04-05 04:07:57] [SUCCESS] bvid=BV1TRXkBcEAm 已成功抓取全部所需数据。
[2026-04-05 04:08:02] [SUCCESS] bvid=BV1HwXCBxE3J 已成功抓取全部所需数据。
[2026-04-05 04:08:07] [SUCCESS] bvid=BV1AwXCBxEY6 已成功抓取全部所需数据。
[2026-04-05 04:08:13] [SUCCESS] bvid=BV1pAXCBREng 已成功抓取全部所需数据。
[2026-04-05 04:08:19] [SUCCESS] bvid=BV1rAXCBREmN 已成功抓取全部所需数据。
[2026-04-05 04:08:25] [SUCCESS] bvid=BV1AAXCBREPB 已成功抓取全部所需数据。
[2026-04-05 04:08:30] [SUCCESS] bvid=BV1wAXCBREYW 已成功抓取全部所需数据。
[2026-04-05 04:08:36] [SUCCESS] bvid=BV1cAXCBREQy 已成功抓取全部所需数据。
[2026-04-05 04:08:42] [SUCCESS] bvid=BV1cAXCBREwX 已成功抓取全部所需数据。
[2026-04-05 04:08:47] [SUCCESS] bvid=BV1NfXkBtEcs 已成功抓取全部所需数据。
[2026-04-05 04:08:53] [SUCCESS] bvid=BV1wFXCBoEXm 已成功抓取全部所需数据。
[2026-04-05 04:08:58] [SUCCESS] bvid=BV1AFXCBoEFk 已成功抓取全部所需数据。
[2026-04-05 04:09:04] [SUCCESS] bvid=BV1M8XCBTE7M 已成功抓取全部所需数据。
[2026-04-05 04:09:09] [SUCCESS] bvid=BV1g4XCBuEtc 已成功抓取全部所需数据。
[2026-04-05 04:09:15] [SUCCESS] bvid=BV1TYXCBNERP 已成功抓取全部所需数据。
[2026-04-05 04:09:36] [SUCCESS] bvid=BV1TYXCBNEnM 已成功抓取全部所需数据。
[2026-04-05 04:09:42] [SUCCESS] bvid=BV1meXCBYEnf 已成功抓取全部所需数据。
[2026-04-05 04:09:47] [SUCCESS] bvid=BV1TeXCBeEgi 已成功抓取全部所需数据。
[2026-04-05 04:09:53] [SUCCESS] bvid=BV1g8XCBTEcG 已成功抓取全部所需数据。
[2026-04-05 04:09:58] [SUCCESS] bvid=BV1D8XCBTEgz 已成功抓取全部所需数据。
[2026-04-05 04:10:03] [SUCCESS] bvid=BV1uhXCBiEit 已成功抓取全部所需数据。
[2026-04-05 04:10:09] [SUCCESS] bvid=BV1ShXCBvEgP 已成功抓取全部所需数据。
[2026-04-05 04:10:14] [SUCCESS] bvid=BV1UhXCBvEmn 已成功抓取全部所需数据。
[2026-04-05 04:10:21] [SUCCESS] bvid=BV1C6XCBbEhV 已成功抓取全部所需数据。
[2026-04-05 04:10:27] [SUCCESS] bvid=BV11zXCBFEMo 已成功抓取全部所需数据。
[2026-04-05 04:10:33] [SUCCESS] bvid=BV1thXCBiEr5 已成功抓取全部所需数据。
[2026-04-05 04:10:38] [SUCCESS] bvid=BV1yzXCBFEY1 已成功抓取全部所需数据。
[2026-04-05 04:10:44] [SUCCESS] bvid=BV1TiXCBAEEy 已成功抓取全部所需数据。
[2026-04-05 04:10:50] [SUCCESS] bvid=BV11iXCBwESg 已成功抓取全部所需数据。
[2026-04-05 04:10:56] [SUCCESS] bvid=BV1yqXCBhEVP 已成功抓取全部所需数据。
[2026-04-05 04:11:02] [SUCCESS] bvid=BV1KqXCBaEdY 已成功抓取全部所需数据。
[2026-04-05 04:11:08] [SUCCESS] bvid=BV1XnXCBGETX 已成功抓取全部所需数据。
[2026-04-05 04:11:13] [SUCCESS] bvid=BV1yqXCBhEVk 已成功抓取全部所需数据。
[2026-04-05 04:11:19] [SUCCESS] bvid=BV1XnXCBGEeM 已成功抓取全部所需数据。
[2026-04-05 04:11:25] [SUCCESS] bvid=BV15HXCBkEKY 已成功抓取全部所需数据。
[2026-04-05 04:11:31] [SUCCESS] bvid=BV19HXCBkEng 已成功抓取全部所需数据。
[2026-04-05 04:11:37] [SUCCESS] bvid=BV1R7XCB5EiM 已成功抓取全部所需数据。
[2026-04-05 04:11:43] [SUCCESS] bvid=BV1d7XCB5EpC 已成功抓取全部所需数据。
[2026-04-05 04:11:48] [SUCCESS] bvid=BV157XCBLEbt 已成功抓取全部所需数据。
[2026-04-05 04:11:54] [SUCCESS] bvid=BV1ujXqBQEvK 已成功抓取全部所需数据。
[2026-04-05 04:11:59] [SUCCESS] bvid=BV1R7XCB5EJW 已成功抓取全部所需数据。
[2026-04-05 04:12:05] [SUCCESS] bvid=BV1Q4XCBMEM4 已成功抓取全部所需数据。
[2026-04-05 04:12:11] [SUCCESS] bvid=BV1S4XCBMEV7 已成功抓取全部所需数据。
[2026-04-05 04:12:17] [SUCCESS] bvid=BV15rXdB7EwS 已成功抓取全部所需数据。
[2026-04-05 04:12:23] [SUCCESS] bvid=BV1mvQUB5E9r 已成功抓取全部所需数据。
[2026-04-05 04:12:29] [SUCCESS] bvid=BV1DjXzBbEEU 已成功抓取全部所需数据。
[2026-04-05 04:12:35] [SUCCESS] bvid=BV1DtXCBqECg 已成功抓取全部所需数据。
[2026-04-05 04:12:41] [SUCCESS] bvid=BV1VWXCB3ENv 已成功抓取全部所需数据。
[2026-04-05 04:12:47] [SUCCESS] bvid=BV1gtXCBBEmS 已成功抓取全部所需数据。
[2026-04-05 04:12:53] [SUCCESS] bvid=BV1XWXCBgEbK 已成功抓取全部所需数据。
[2026-04-05 04:12:59] [SUCCESS] bvid=BV1gtXCBBEK1 已成功抓取全部所需数据。
[2026-04-05 04:13:04] [SUCCESS] bvid=BV13WXCB3EvY 已成功抓取全部所需数据。
[2026-04-05 04:13:10] [SUCCESS] bvid=BV1aWXCB3E7p 已成功抓取全部所需数据。
[2026-04-05 04:13:17] [SUCCESS] bvid=BV1B9XCBSEcL 已成功抓取全部所需数据。
[2026-04-05 04:13:22] [SUCCESS] bvid=BV1odXCBEE9b 已成功抓取全部所需数据。
[2026-04-05 04:13:28] [SUCCESS] bvid=BV1DsXCBzE27 已成功抓取全部所需数据。
[2026-04-05 04:13:34] [SUCCESS] bvid=BV1QsXCBzEbe 已成功抓取全部所需数据。
[2026-04-05 04:13:34] [INFO] 当前 batch_crawl 已完成，所有视频均已成功抓取。
[2026-04-05 04:13:34] 子任务结束时间：2026-04-05T04:13:34.605777
[TIMESTAMP][END] 2026-04-05T04:13:34
