[TIMESTAMP][BEGIN] 2026-04-05T03:06:43
[2026-04-05 03:06:45] 开始执行 CSV 批量抓取子任务 part_23。
[2026-04-05 03:06:45] 子任务开始时间：2026-04-05T03:06:43.076039
[2026-04-05 03:06:45] 输入文件：batch_input_23.csv
[2026-04-05 03:06:45] 输入唯一 bvid 数量：100
[2026-04-05 03:06:45] 为严格按 CSV 顺序判断连续失败阈值，本次任务自动将并发度从 2 调整为 1。
[2026-04-05 03:06:50] [SUCCESS] bvid=BV12q97BbEkr 已成功抓取全部所需数据。
[2026-04-05 03:06:56] [SUCCESS] bvid=BV1ky97B9Efn 已成功抓取全部所需数据。
[2026-04-05 03:07:02] [SUCCESS] bvid=BV1dyXqBaEE5 已成功抓取全部所需数据。
[2026-04-05 03:07:08] [SUCCESS] bvid=BV1ZqXWBfEKN 已成功抓取全部所需数据。
[2026-04-05 03:07:13] [SUCCESS] bvid=BV1WNA3z8EoP 已成功抓取全部所需数据。
[2026-04-05 03:07:18] [SUCCESS] bvid=BV1tU95BsEuu 已成功抓取全部所需数据。
[2026-04-05 03:07:25] [SUCCESS] bvid=BV1Fu97BUEV7 已成功抓取全部所需数据。
[2026-04-05 03:07:30] [SUCCESS] bvid=BV1FP9LB5Eig 已成功抓取全部所需数据。
[2026-04-05 03:07:37] [SUCCESS] bvid=BV1h2XkBiEP2 已成功抓取全部所需数据。
[2026-04-05 03:07:43] [SUCCESS] bvid=BV1J397B7EYM 已成功抓取全部所需数据。
[2026-04-05 03:07:49] [SUCCESS] bvid=BV1CzXCBFE8P 已成功抓取全部所需数据。
[2026-04-05 03:07:55] [SUCCESS] bvid=BV1sXX6B9ESb 已成功抓取全部所需数据。
[2026-04-05 03:08:02] [SUCCESS] bvid=BV1BSXrByEY5 已成功抓取全部所需数据。
[2026-04-05 03:08:07] [SUCCESS] bvid=BV1hv9GBxEfC 已成功抓取全部所需数据。
[2026-04-05 03:08:13] [SUCCESS] bvid=BV1PC97BxE3Y 已成功抓取全部所需数据。
[2026-04-05 03:08:19] [SUCCESS] bvid=BV1iX9LB6Eyb 已成功抓取全部所需数据。
[2026-04-05 03:08:25] [SUCCESS] bvid=BV1gnXzBoEUc 已成功抓取全部所需数据。
[2026-04-05 03:08:30] [SUCCESS] bvid=BV1iX9LB6EtK 已成功抓取全部所需数据。
[2026-04-05 03:08:36] [SUCCESS] bvid=BV1Ko9jBoE3Z 已成功抓取全部所需数据。
[2026-04-05 03:08:42] [SUCCESS] bvid=BV1Ko9jBoEhB 已成功抓取全部所需数据。
[2026-04-05 03:08:48] [SUCCESS] bvid=BV1yo9jBoEzn 已成功抓取全部所需数据。
[2026-04-05 03:08:54] [SUCCESS] bvid=BV1ez9jBuEJF 已成功抓取全部所需数据。
[2026-04-05 03:09:00] [SUCCESS] bvid=BV1xo9jBoEr1 已成功抓取全部所需数据。
[2026-04-05 03:09:06] [SUCCESS] bvid=BV1Ko9jBoEoj 已成功抓取全部所需数据。
[2026-04-05 03:09:11] [SUCCESS] bvid=BV1Ko9jBoEB6 已成功抓取全部所需数据。
[2026-04-05 03:09:17] [SUCCESS] bvid=BV1Nf9jBxELz 已成功抓取全部所需数据。
[2026-04-05 03:09:23] [SUCCESS] bvid=BV1Kf9jBxEcz 已成功抓取全部所需数据。
[2026-04-05 03:09:29] [SUCCESS] bvid=BV1Kf9jBxEAj 已成功抓取全部所需数据。
[2026-04-05 03:09:35] [SUCCESS] bvid=BV1Nf9jBxE2P 已成功抓取全部所需数据。
[2026-04-05 03:09:41] [SUCCESS] bvid=BV1Td9jBtE3o 已成功抓取全部所需数据。
[2026-04-05 03:09:46] [SUCCESS] bvid=BV1Nd9jBtEZJ 已成功抓取全部所需数据。
[2026-04-05 03:09:52] [SUCCESS] bvid=BV1Kd9jBtERd 已成功抓取全部所需数据。
[2026-04-05 03:09:58] [SUCCESS] bvid=BV14d9jBtEBu 已成功抓取全部所需数据。
[2026-04-05 03:10:04] [SUCCESS] bvid=BV1Td9jBtEHe 已成功抓取全部所需数据。
[2026-04-05 03:10:11] [SUCCESS] bvid=BV1X69jBBEvN 已成功抓取全部所需数据。
[2026-04-05 03:10:16] [SUCCESS] bvid=BV1Vz9jBuESC 已成功抓取全部所需数据。
[2026-04-05 03:10:22] [SUCCESS] bvid=BV1ez9jBuEkz 已成功抓取全部所需数据。
[2026-04-05 03:10:28] [SUCCESS] bvid=BV1Lz9jBuEWa 已成功抓取全部所需数据。
[2026-04-05 03:10:34] [SUCCESS] bvid=BV1Lz9jBuEpk 已成功抓取全部所需数据。
[2026-04-05 03:10:40] [SUCCESS] bvid=BV1h19jBNEDS 已成功抓取全部所需数据。
[2026-04-05 03:10:46] [SUCCESS] bvid=BV1v69jBBEFe 已成功抓取全部所需数据。
[2026-04-05 03:10:52] [SUCCESS] bvid=BV1e69jBBEBR 已成功抓取全部所需数据。
[2026-04-05 03:10:57] [SUCCESS] bvid=BV1569jBBEpC 已成功抓取全部所需数据。
[2026-04-05 03:11:03] [SUCCESS] bvid=BV1ji9jB3E87 已成功抓取全部所需数据。
[2026-04-05 03:11:08] [SUCCESS] bvid=BV1ii9jB3E2f 已成功抓取全部所需数据。
[2026-04-05 03:11:15] [SUCCESS] bvid=BV17L97ByEBd 已成功抓取全部所需数据。
[2026-04-05 03:11:21] [SUCCESS] bvid=BV1Li9jB3EHc 已成功抓取全部所需数据。
[2026-04-05 03:11:27] [SUCCESS] bvid=BV1ji9jB3E7t 已成功抓取全部所需数据。
[2026-04-05 03:11:33] [SUCCESS] bvid=BV1rtXYBoEnX 已成功抓取全部所需数据。
[2026-04-05 03:11:39] [SUCCESS] bvid=BV1RZXrBuEcy 已成功抓取全部所需数据。
[2026-04-05 03:11:45] [SUCCESS] bvid=BV1t195B4Edg 已成功抓取全部所需数据。
[2026-04-05 03:11:50] [SUCCESS] bvid=BV1K697BtEKe 已成功抓取全部所需数据。
[2026-04-05 03:11:56] [SUCCESS] bvid=BV1Ay97BREV5 已成功抓取全部所需数据。
[2026-04-05 03:12:02] [SUCCESS] bvid=BV1mgXkBcEbP 已成功抓取全部所需数据。
[2026-04-05 03:12:07] [SUCCESS] bvid=BV15q9jB6E2a 已成功抓取全部所需数据。
[2026-04-05 03:12:13] [SUCCESS] bvid=BV1319jBNELD 已成功抓取全部所需数据。
[2026-04-05 03:12:19] [SUCCESS] bvid=BV15q9jB6EdQ 已成功抓取全部所需数据。
[2026-04-05 03:12:26] [SUCCESS] bvid=BV15q9jB6Eei 已成功抓取全部所需数据。
[2026-04-05 03:12:31] [SUCCESS] bvid=BV1vq9jB6Exm 已成功抓取全部所需数据。
[2026-04-05 03:12:37] [SUCCESS] bvid=BV15q9jB6Eon 已成功抓取全部所需数据。
[2026-04-05 03:12:43] [SUCCESS] bvid=BV15q9jB6Erp 已成功抓取全部所需数据。
[2026-04-05 03:12:48] [SUCCESS] bvid=BV1dq9jB6Edq 已成功抓取全部所需数据。
[2026-04-05 03:12:54] [SUCCESS] bvid=BV1hw95BdE5p 已成功抓取全部所需数据。
[2026-04-05 03:13:00] [SUCCESS] bvid=BV1oAXUBFETd 已成功抓取全部所需数据。
[2026-04-05 03:13:05] [SUCCESS] bvid=BV1559LBqEDx 已成功抓取全部所需数据。
[2026-04-05 03:13:11] [SUCCESS] bvid=BV1h29jBeEXz 已成功抓取全部所需数据。
[2026-04-05 03:13:16] [SUCCESS] bvid=BV1329jBeEqs 已成功抓取全部所需数据。
[2026-04-05 03:13:22] [SUCCESS] bvid=BV13C9jBiEkz 已成功抓取全部所需数据。
[2026-04-05 03:13:27] [SUCCESS] bvid=BV1829jBeErD 已成功抓取全部所需数据。
[2026-04-05 03:13:33] [SUCCESS] bvid=BV1g29jBeEHy 已成功抓取全部所需数据。
[2026-04-05 03:13:39] [SUCCESS] bvid=BV1a29jBeE7h 已成功抓取全部所需数据。
[2026-04-05 03:13:44] [SUCCESS] bvid=BV1g29jBeEiG 已成功抓取全部所需数据。
[2026-04-05 03:13:50] [SUCCESS] bvid=BV1QC9jBiE9L 已成功抓取全部所需数据。
[2026-04-05 03:13:56] [SUCCESS] bvid=BV1Vk9jBKEuX 已成功抓取全部所需数据。
[2026-04-05 03:14:01] [SUCCESS] bvid=BV1ek9jBTEYo 已成功抓取全部所需数据。
[2026-04-05 03:14:06] [SUCCESS] bvid=BV1Xk9jBTEbJ 已成功抓取全部所需数据。
[2026-04-05 03:14:12] [SUCCESS] bvid=BV15k9jBMENx 已成功抓取全部所需数据。
[2026-04-05 03:14:17] [SUCCESS] bvid=BV1Vk9jBTEzU 已成功抓取全部所需数据。
[2026-04-05 03:14:22] [SUCCESS] bvid=BV1jL97ByEAr 已成功抓取全部所需数据。
[2026-04-05 03:14:28] [SUCCESS] bvid=BV1GC9jBiExQ 已成功抓取全部所需数据。
[2026-04-05 03:14:33] [SUCCESS] bvid=BV1YC9jBiEbK 已成功抓取全部所需数据。
[2026-04-05 03:14:38] [SUCCESS] bvid=BV1aC9jBiEtc 已成功抓取全部所需数据。
[2026-04-05 03:14:44] [SUCCESS] bvid=BV1bS95B9Ew9 已成功抓取全部所需数据。
[2026-04-05 03:14:49] [SUCCESS] bvid=BV13C9jBiE6F 已成功抓取全部所需数据。
[2026-04-05 03:14:55] [SUCCESS] bvid=BV1oL97BCEUh 已成功抓取全部所需数据。
[2026-04-05 03:15:01] [SUCCESS] bvid=BV1ZL97BCETV 已成功抓取全部所需数据。
[2026-04-05 03:15:06] [SUCCESS] bvid=BV1VC9jBiELM 已成功抓取全部所需数据。
[2026-04-05 03:15:11] [SUCCESS] bvid=BV1oL97ByEwD 已成功抓取全部所需数据。
[2026-04-05 03:15:18] [SUCCESS] bvid=BV1dL97BCEPg 已成功抓取全部所需数据。
[2026-04-05 03:15:24] [SUCCESS] bvid=BV1R797BGEmD 已成功抓取全部所需数据。
[2026-04-05 03:15:29] [SUCCESS] bvid=BV1BU9LBVE2d 已成功抓取全部所需数据。
[2026-04-05 03:15:35] [SUCCESS] bvid=BV1619LBLEsM 已成功抓取全部所需数据。
[2026-04-05 03:15:40] [SUCCESS] bvid=BV1Ac9LBjE3W 已成功抓取全部所需数据。
[2026-04-05 03:15:46] [SUCCESS] bvid=BV1ZL97BCE7f 已成功抓取全部所需数据。
[2026-04-05 03:15:53] [SUCCESS] bvid=BV1j797BVE8x 已成功抓取全部所需数据。
[2026-04-05 03:15:58] [SUCCESS] bvid=BV1o797BGEch 已成功抓取全部所需数据。
[2026-04-05 03:16:05] [SUCCESS] bvid=BV1L797BVErH 已成功抓取全部所需数据。
[2026-04-05 03:16:10] [SUCCESS] bvid=BV1AzQZBYEw6 已成功抓取全部所需数据。
[2026-04-05 03:16:16] [SUCCESS] bvid=BV1d797BGEzC 已成功抓取全部所需数据。
[2026-04-05 03:16:22] [SUCCESS] bvid=BV1o797BGExN 已成功抓取全部所需数据。
[2026-04-05 03:16:22] [INFO] 当前 batch_crawl 已完成，所有视频均已成功抓取。
[2026-04-05 03:16:22] 子任务结束时间：2026-04-05T03:16:22.115570
[TIMESTAMP][END] 2026-04-05T03:16:22
