[TIMESTAMP][BEGIN] 2026-04-05T03:26:04
[2026-04-05 03:26:06] 开始执行 CSV 批量抓取子任务 part_25。
[2026-04-05 03:26:06] 子任务开始时间：2026-04-05T03:26:04.351001
[2026-04-05 03:26:06] 输入文件：batch_input_25.csv
[2026-04-05 03:26:06] 输入唯一 bvid 数量：100
[2026-04-05 03:26:06] 为严格按 CSV 顺序判断连续失败阈值，本次任务自动将并发度从 2 调整为 1。
[2026-04-05 03:26:12] [SUCCESS] bvid=BV1Me97BaEz5 已成功抓取全部所需数据。
[2026-04-05 03:26:18] [SUCCESS] bvid=BV1Lj9LBKEpU 已成功抓取全部所需数据。
[2026-04-05 03:26:24] [SUCCESS] bvid=BV1Ti97BcEeP 已成功抓取全部所需数据。
[2026-04-05 03:26:24] [ERROR] bvid=BV1FT9LBGEVy 抓取失败：stat: 接口返回错误代码：62012，信息：62012。
{'code': 62012, 'message': '62012', 'ttl': 1} | comment: 接口返回错误代码：62012，信息：62012。
{'code': 62012, 'message': '62012', 'ttl': 1}
[2026-04-05 03:26:29] [SUCCESS] bvid=BV1Sh97BYE3m 已成功抓取全部所需数据。
[2026-04-05 03:26:35] [SUCCESS] bvid=BV1TU95BsEQG 已成功抓取全部所需数据。
[2026-04-05 03:26:40] [SUCCESS] bvid=BV1UY97BwESU 已成功抓取全部所需数据。
[2026-04-05 03:26:45] [SUCCESS] bvid=BV1uY97BAE4E 已成功抓取全部所需数据。
[2026-04-05 03:26:51] [SUCCESS] bvid=BV1UY97BwEdf 已成功抓取全部所需数据。
[2026-04-05 03:26:56] [SUCCESS] bvid=BV1MU95BsEPX 已成功抓取全部所需数据。
[2026-04-05 03:27:02] [SUCCESS] bvid=BV1tS95B9Eij 已成功抓取全部所需数据。
[2026-04-05 03:27:07] [SUCCESS] bvid=BV14S95B9EVJ 已成功抓取全部所需数据。
[2026-04-05 03:27:12] [SUCCESS] bvid=BV1MU95BsEUW 已成功抓取全部所需数据。
[2026-04-05 03:27:18] [SUCCESS] bvid=BV14U95BsEah 已成功抓取全部所需数据。
[2026-04-05 03:27:23] [SUCCESS] bvid=BV1uU95BsEjn 已成功抓取全部所需数据。
[2026-04-05 03:27:29] [SUCCESS] bvid=BV1MS95B9EKQ 已成功抓取全部所需数据。
[2026-04-05 03:27:34] [SUCCESS] bvid=BV1tS95B9Et5 已成功抓取全部所需数据。
[2026-04-05 03:27:40] [SUCCESS] bvid=BV1Ds9LBfEfX 已成功抓取全部所需数据。
[2026-04-05 03:27:46] [SUCCESS] bvid=BV1g195B4ETr 已成功抓取全部所需数据。
[2026-04-05 03:27:51] [SUCCESS] bvid=BV1g195B4EYn 已成功抓取全部所需数据。
[2026-04-05 03:27:56] [SUCCESS] bvid=BV12S95B9E1B 已成功抓取全部所需数据。
[2026-04-05 03:28:01] [SUCCESS] bvid=BV1tS95B9En8 已成功抓取全部所需数据。
[2026-04-05 03:28:07] [SUCCESS] bvid=BV1b195B4EX3 已成功抓取全部所需数据。
[2026-04-05 03:28:12] [SUCCESS] bvid=BV1g195B4Erp 已成功抓取全部所需数据。
[2026-04-05 03:28:17] [SUCCESS] bvid=BV1u295BdEde 已成功抓取全部所需数据。
[2026-04-05 03:28:22] [SUCCESS] bvid=BV1M295BdEJP 已成功抓取全部所需数据。
[2026-04-05 03:28:28] [SUCCESS] bvid=BV1u295BdErA 已成功抓取全部所需数据。
[2026-04-05 03:28:33] [SUCCESS] bvid=BV1u295BdEaK 已成功抓取全部所需数据。
[2026-04-05 03:28:39] [SUCCESS] bvid=BV1NR95BnE3o 已成功抓取全部所需数据。
[2026-04-05 03:28:44] [SUCCESS] bvid=BV1Nd95BSEuq 已成功抓取全部所需数据。
[2026-04-05 03:28:51] [SUCCESS] bvid=BV1KQ95BpEbH 已成功抓取全部所需数据。
[2026-04-05 03:28:56] [SUCCESS] bvid=BV1KQ95BpE6Z 已成功抓取全部所需数据。
[2026-04-05 03:29:01] [SUCCESS] bvid=BV1tQ95BpEEd 已成功抓取全部所需数据。
[2026-04-05 03:29:07] [SUCCESS] bvid=BV1xX95BQEx8 已成功抓取全部所需数据。
[2026-04-05 03:29:12] [SUCCESS] bvid=BV1ei95BYE9B 已成功抓取全部所需数据。
[2026-04-05 03:29:18] [SUCCESS] bvid=BV1NX95BQE2Q 已成功抓取全部所需数据。
[2026-04-05 03:29:23] [SUCCESS] bvid=BV1NX95BQEsR 已成功抓取全部所需数据。
[2026-04-05 03:29:29] [SUCCESS] bvid=BV1KX95BQEzJ 已成功抓取全部所需数据。
[2026-04-05 03:29:34] [SUCCESS] bvid=BV1ei95BYEZP 已成功抓取全部所需数据。
[2026-04-05 03:29:39] [SUCCESS] bvid=BV15i95BYEv5 已成功抓取全部所需数据。
[2026-04-05 03:29:44] [SUCCESS] bvid=BV1XB95BwE2L 已成功抓取全部所需数据。
[2026-04-05 03:29:50] [SUCCESS] bvid=BV1Vi95BYEvT 已成功抓取全部所需数据。
[2026-04-05 03:29:55] [SUCCESS] bvid=BV15Y95BvE3X 已成功抓取全部所需数据。
[2026-04-05 03:30:01] [SUCCESS] bvid=BV1vY95BvEMA 已成功抓取全部所需数据。
[2026-04-05 03:30:06] [SUCCESS] bvid=BV1D79VBdEZS 已成功抓取全部所需数据。
[2026-04-05 03:30:12] [SUCCESS] bvid=BV1aN9jBYEEt 已成功抓取全部所需数据。
[2026-04-05 03:30:17] [SUCCESS] bvid=BV1LY95BvEfc 已成功抓取全部所需数据。
[2026-04-05 03:30:23] [SUCCESS] bvid=BV1jY95BvExb 已成功抓取全部所需数据。
[2026-04-05 03:30:28] [SUCCESS] bvid=BV1gC95BZEDc 已成功抓取全部所需数据。
[2026-04-05 03:30:34] [SUCCESS] bvid=BV1wiXzB2E3F 已成功抓取全部所需数据。
[2026-04-05 03:30:40] [SUCCESS] bvid=BV1ZqXWBfE6e 已成功抓取全部所需数据。
[2026-04-05 03:30:46] [SUCCESS] bvid=BV1SgXYBuEVk 已成功抓取全部所需数据。
[2026-04-05 03:30:51] [SUCCESS] bvid=BV1Gk95BbETK 已成功抓取全部所需数据。
[2026-04-05 03:30:57] [SUCCESS] bvid=BV13k95BbEor 已成功抓取全部所需数据。
[2026-04-05 03:31:03] [SUCCESS] bvid=BV1uC95BZEoq 已成功抓取全部所需数据。
[2026-04-05 03:31:08] [SUCCESS] bvid=BV1Vz95BhEYn 已成功抓取全部所需数据。
[2026-04-05 03:31:13] [SUCCESS] bvid=BV1Yz95BhEbh 已成功抓取全部所需数据。
[2026-04-05 03:31:19] [SUCCESS] bvid=BV1Gr95BFEjd 已成功抓取全部所需数据。
[2026-04-05 03:31:25] [SUCCESS] bvid=BV1Gr95BFEeK 已成功抓取全部所需数据。
[2026-04-05 03:31:30] [SUCCESS] bvid=BV1j39LBzE51 已成功抓取全部所需数据。
[2026-04-05 03:31:36] [SUCCESS] bvid=BV1d59LBiEed 已成功抓取全部所需数据。
[2026-04-05 03:31:41] [SUCCESS] bvid=BV1d59LBiE6e 已成功抓取全部所需数据。
[2026-04-05 03:31:47] [SUCCESS] bvid=BV1fg9LBuEuv 已成功抓取全部所需数据。
[2026-04-05 03:31:53] [SUCCESS] bvid=BV1Zg9LBuE5s 已成功抓取全部所需数据。
[2026-04-05 03:31:59] [SUCCESS] bvid=BV1Eg9LBgEnC 已成功抓取全部所需数据。
[2026-04-05 03:32:05] [SUCCESS] bvid=BV1Z39LBBEJR 已成功抓取全部所需数据。
[2026-04-05 03:32:10] [SUCCESS] bvid=BV1j39LBzEhg 已成功抓取全部所需数据。
[2026-04-05 03:32:16] [SUCCESS] bvid=BV1Vn9LBYE7n 已成功抓取全部所需数据。
[2026-04-05 03:32:21] [SUCCESS] bvid=BV1QJ9LBAErs 已成功抓取全部所需数据。
[2026-04-05 03:32:27] [SUCCESS] bvid=BV19J9LBAERg 已成功抓取全部所需数据。
[2026-04-05 03:32:32] [SUCCESS] bvid=BV19n9LBaEFC 已成功抓取全部所需数据。
[2026-04-05 03:32:39] [SUCCESS] bvid=BV1fwXDBBECa 已成功抓取全部所需数据。
[2026-04-05 03:32:44] [SUCCESS] bvid=BV1Gn9LBYEE8 已成功抓取全部所需数据。
[2026-04-05 03:32:50] [SUCCESS] bvid=BV15j9LBKENB 已成功抓取全部所需数据。
[2026-04-05 03:32:55] [SUCCESS] bvid=BV1R79LBeEKB 已成功抓取全部所需数据。
[2026-04-05 03:33:01] [SUCCESS] bvid=BV1dj9LBNEJy 已成功抓取全部所需数据。
[2026-04-05 03:33:07] [SUCCESS] bvid=BV1dj9LBNEcq 已成功抓取全部所需数据。
[2026-04-05 03:33:13] [SUCCESS] bvid=BV1V79LBvER7 已成功抓取全部所需数据。
[2026-04-05 03:33:19] [SUCCESS] bvid=BV1Hw9LB1Eyi 已成功抓取全部所需数据。
[2026-04-05 03:33:24] [SUCCESS] bvid=BV1979LBeEw8 已成功抓取全部所需数据。
[2026-04-05 03:33:30] [SUCCESS] bvid=BV1cc9LBjEyz 已成功抓取全部所需数据。
[2026-04-05 03:33:36] [SUCCESS] bvid=BV1Ac9LBjEun 已成功抓取全部所需数据。
[2026-04-05 03:33:42] [SUCCESS] bvid=BV1PZ95BEEFi 已成功抓取全部所需数据。
[2026-04-05 03:33:47] [SUCCESS] bvid=BV19V9VBbEiK 已成功抓取全部所需数据。
[2026-04-05 03:33:53] [SUCCESS] bvid=BV1ww9LB1EJm 已成功抓取全部所需数据。
[2026-04-05 03:33:59] [SUCCESS] bvid=BV1Cc9LBjEwA 已成功抓取全部所需数据。
[2026-04-05 03:34:05] [SUCCESS] bvid=BV1ww9LB1EtL 已成功抓取全部所需数据。
[2026-04-05 03:34:10] [SUCCESS] bvid=BV1Hw9LB1EHB 已成功抓取全部所需数据。
[2026-04-05 03:34:16] [SUCCESS] bvid=BV1ec9jBNEPc 已成功抓取全部所需数据。
[2026-04-05 03:34:21] [SUCCESS] bvid=BV1AZ95BEEYb 已成功抓取全部所需数据。
[2026-04-05 03:34:27] [SUCCESS] bvid=BV1yZ95BEEFh 已成功抓取全部所需数据。
[2026-04-05 03:34:33] [SUCCESS] bvid=BV1zT9LBGEgd 已成功抓取全部所需数据。
[2026-04-05 03:34:38] [SUCCESS] bvid=BV1fT9LB3E5Q 已成功抓取全部所需数据。
[2026-04-05 03:34:44] [SUCCESS] bvid=BV1ND9GBLEi4 已成功抓取全部所需数据。
[2026-04-05 03:34:50] [SUCCESS] bvid=BV1fT9LB3EAW 已成功抓取全部所需数据。
[2026-04-05 03:34:56] [SUCCESS] bvid=BV1JM9LBrENn 已成功抓取全部所需数据。
[2026-04-05 03:35:01] [SUCCESS] bvid=BV1ZM9LB6EBD 已成功抓取全部所需数据。
[2026-04-05 03:35:07] [SUCCESS] bvid=BV1FP9LB5EH7 已成功抓取全部所需数据。
[2026-04-05 03:35:13] [SUCCESS] bvid=BV1FP9LB5Et3 已成功抓取全部所需数据。
[2026-04-05 03:35:18] [SUCCESS] bvid=BV1fN9LBkEMA 已成功抓取全部所需数据。
[2026-04-05 03:35:18] [WARN] 当前子任务已结束，但仍有未成功抓取的视频，已导出 remaining CSV 供继续执行。
[2026-04-05 03:35:18] [INFO] 已导出剔除成功条目后的剩余 CSV：D:\Schoolworks\Thesis\Bilibili-Datahub\outputs\video_data\manual_crawls\manual_crawl_stat_comment_20260404_194235\remaining_bvids_part_25.csv
[2026-04-05 03:35:18] 子任务结束时间：2026-04-05T03:35:18.719035
[TIMESTAMP][END] 2026-04-05T03:35:18
