[TIMESTAMP][BEGIN] 2026-04-04T22:42:26
[2026-04-04 22:42:29] 开始执行 CSV 批量抓取子任务 part_8。
[2026-04-04 22:42:29] 子任务开始时间：2026-04-04T22:42:26.489559
[2026-04-04 22:42:29] 输入文件：batch_input_8.csv
[2026-04-04 22:42:29] 输入唯一 bvid 数量：100
[2026-04-04 22:42:29] 为严格按 CSV 顺序判断连续失败阈值，本次任务自动将并发度从 2 调整为 1。
[2026-04-04 22:42:35] [SUCCESS] bvid=BV1ua9KBPEtj 已成功抓取全部所需数据。
[2026-04-04 22:42:42] [SUCCESS] bvid=BV18a9KBPEK3 已成功抓取全部所需数据。
[2026-04-04 22:42:48] [SUCCESS] bvid=BV1mRXdBBEH1 已成功抓取全部所需数据。
[2026-04-04 22:42:53] [SUCCESS] bvid=BV1z1XDBuEnW 已成功抓取全部所需数据。
[2026-04-04 22:43:00] [SUCCESS] bvid=BV1od9KB2EcA 已成功抓取全部所需数据。
[2026-04-04 22:43:05] [SUCCESS] bvid=BV1qi9TBnEtD 已成功抓取全部所需数据。
[2026-04-04 22:43:11] [SUCCESS] bvid=BV1UY9KBYEt9 已成功抓取全部所需数据。
[2026-04-04 22:43:17] [SUCCESS] bvid=BV1uY9KBYEPo 已成功抓取全部所需数据。
[2026-04-04 22:43:23] [SUCCESS] bvid=BV1TY9KBYEFk 已成功抓取全部所需数据。
[2026-04-04 22:43:30] [SUCCESS] bvid=BV1uY9KBYEw7 已成功抓取全部所需数据。
[2026-04-04 22:43:37] [SUCCESS] bvid=BV19P9TB3E7y 已成功抓取全部所需数据。
[2026-04-04 22:43:44] [SUCCESS] bvid=BV13b9KBKEFm 已成功抓取全部所需数据。
[2026-04-04 22:43:51] [SUCCESS] bvid=BV1Yw9TBCEmK 已成功抓取全部所需数据。
[2026-04-04 22:43:58] [SUCCESS] bvid=BV19P9TB3EQH 已成功抓取全部所需数据。
[2026-04-04 22:44:06] [SUCCESS] bvid=BV1ks9TBoEWe 已成功抓取全部所需数据。
[2026-04-04 22:44:13] [SUCCESS] bvid=BV15P9TBGE3R 已成功抓取全部所需数据。
[2026-04-04 22:44:20] [SUCCESS] bvid=BV1of9KByEFg 已成功抓取全部所需数据。
[2026-04-04 22:44:27] [SUCCESS] bvid=BV1jf9KB1Egm 已成功抓取全部所需数据。
[2026-04-04 22:44:34] [SUCCESS] bvid=BV1dJXoBnEsU 已成功抓取全部所需数据。
[2026-04-04 22:44:41] [SUCCESS] bvid=BV1J3XoBoEq5 已成功抓取全部所需数据。
[2026-04-04 22:44:48] [SUCCESS] bvid=BV1z3XoBdEwH 已成功抓取全部所需数据。
[2026-04-04 22:44:55] [SUCCESS] bvid=BV1Rc9TBVEeZ 已成功抓取全部所需数据。
[2026-04-04 22:45:02] [SUCCESS] bvid=BV1Vc9TB5EYX 已成功抓取全部所需数据。
[2026-04-04 22:45:09] [SUCCESS] bvid=BV1QM9TBBEEG 已成功抓取全部所需数据。
[2026-04-04 22:45:16] [SUCCESS] bvid=BV18g9TBMEbV 已成功抓取全部所需数据。
[2026-04-04 22:45:23] [SUCCESS] bvid=BV1c69wBGE6g 已成功抓取全部所需数据。
[2026-04-04 22:45:30] [SUCCESS] bvid=BV1YN9TBrEay 已成功抓取全部所需数据。
[2026-04-04 22:45:36] [SUCCESS] bvid=BV1YN9TBrEgc 已成功抓取全部所需数据。
[2026-04-04 22:45:44] [SUCCESS] bvid=BV1QN9TB6Epc 已成功抓取全部所需数据。
[2026-04-04 22:45:50] [SUCCESS] bvid=BV1QT9TBuEFw 已成功抓取全部所需数据。
[2026-04-04 22:45:56] [SUCCESS] bvid=BV1nS9KBQEmV 已成功抓取全部所需数据。
[2026-04-04 22:46:03] [SUCCESS] bvid=BV1FS9KBQEU8 已成功抓取全部所需数据。
[2026-04-04 22:46:10] [SUCCESS] bvid=BV1FQ9KBnEKR 已成功抓取全部所需数据。
[2026-04-04 22:46:17] [SUCCESS] bvid=BV1Nj9NBxEtG 已成功抓取全部所需数据。
[2026-04-04 22:46:24] [SUCCESS] bvid=BV1zQ9KBnEMC 已成功抓取全部所需数据。
[2026-04-04 22:46:30] [SUCCESS] bvid=BV1c29KB9E3n 已成功抓取全部所需数据。
[2026-04-04 22:46:37] [SUCCESS] bvid=BV1cU9KBpEBR 已成功抓取全部所需数据。
[2026-04-04 22:46:43] [SUCCESS] bvid=BV1HU9KBpEHK 已成功抓取全部所需数据。
[2026-04-04 22:46:50] [SUCCESS] bvid=BV1cU9KBpEED 已成功抓取全部所需数据。
[2026-04-04 22:46:56] [SUCCESS] bvid=BV1nU9KBpENa 已成功抓取全部所需数据。
[2026-04-04 22:47:02] [SUCCESS] bvid=BV17d9KBmEAN 已成功抓取全部所需数据。
[2026-04-04 22:47:09] [SUCCESS] bvid=BV1oZ9KBLE5H 已成功抓取全部所需数据。
[2026-04-04 22:47:15] [SUCCESS] bvid=BV1oZ9KBLE3E 已成功抓取全部所需数据。
[2026-04-04 22:47:22] [SUCCESS] bvid=BV1oZ9KBLEJr 已成功抓取全部所需数据。
[2026-04-04 22:47:28] [SUCCESS] bvid=BV1jZ9KBjEyK 已成功抓取全部所需数据。
[2026-04-04 22:47:34] [SUCCESS] bvid=BV1oZ9KBLE76 已成功抓取全部所需数据。
[2026-04-04 22:47:40] [SUCCESS] bvid=BV1k49TBxEoZ 已成功抓取全部所需数据。
[2026-04-04 22:47:47] [SUCCESS] bvid=BV1wt9TBdEST 已成功抓取全部所需数据。
[2026-04-04 22:47:52] [SUCCESS] bvid=BV16t9TBREZj 已成功抓取全部所需数据。
[2026-04-04 22:47:59] [SUCCESS] bvid=BV1wt9TBdExq 已成功抓取全部所需数据。
[2026-04-04 22:48:05] [SUCCESS] bvid=BV1Hs9TBZEvR 已成功抓取全部所需数据。
[2026-04-04 22:48:11] [SUCCESS] bvid=BV1zY9TBHEmQ 已成功抓取全部所需数据。
[2026-04-04 22:48:18] [SUCCESS] bvid=BV1ze9TBSEAd 已成功抓取全部所需数据。
[2026-04-04 22:48:25] [SUCCESS] bvid=BV1r89TBWEGr 已成功抓取全部所需数据。
[2026-04-04 22:48:31] [SUCCESS] bvid=BV1F89TBsE2d 已成功抓取全部所需数据。
[2026-04-04 22:48:37] [SUCCESS] bvid=BV1c89TBsE5x 已成功抓取全部所需数据。
[2026-04-04 22:48:43] [SUCCESS] bvid=BV1bU9NBYEqY 已成功抓取全部所需数据。
[2026-04-04 22:48:50] [SUCCESS] bvid=BV1mj9TBAEsv 已成功抓取全部所需数据。
[2026-04-04 22:48:56] [SUCCESS] bvid=BV1T59TBvEYw 已成功抓取全部所需数据。
[2026-04-04 22:49:02] [SUCCESS] bvid=BV1QhXfBDE9f 已成功抓取全部所需数据。
[2026-04-04 22:49:08] [SUCCESS] bvid=BV1pYXUBzEMy 已成功抓取全部所需数据。
[2026-04-04 22:49:14] [SUCCESS] bvid=BV1us9PBcEd7 已成功抓取全部所需数据。
[2026-04-04 22:49:21] [SUCCESS] bvid=BV1XF9NBKEjz 已成功抓取全部所需数据。
[2026-04-04 22:49:27] [SUCCESS] bvid=BV1U59TBeEk7 已成功抓取全部所需数据。
[2026-04-04 22:49:33] [SUCCESS] bvid=BV1S39TBiEDo 已成功抓取全部所需数据。
[2026-04-04 22:49:39] [SUCCESS] bvid=BV18V9TBKEVH 已成功抓取全部所需数据。
[2026-04-04 22:49:45] [SUCCESS] bvid=BV1Cn9TB8Eyp 已成功抓取全部所需数据。
[2026-04-04 22:49:51] [SUCCESS] bvid=BV1179TBaEfU 已成功抓取全部所需数据。
[2026-04-04 22:49:57] [SUCCESS] bvid=BV1KJ9TBwEf3 已成功抓取全部所需数据。
[2026-04-04 22:50:04] [SUCCESS] bvid=BV1NJ9TBwEmf 已成功抓取全部所需数据。
[2026-04-04 22:50:10] [SUCCESS] bvid=BV1hQ9TBuEjq 已成功抓取全部所需数据。
[2026-04-04 22:50:17] [SUCCESS] bvid=BV1bZ9TBKETZ 已成功抓取全部所需数据。
[2026-04-04 22:50:24] [SUCCESS] bvid=BV18X9TBBEQx 已成功抓取全部所需数据。
[2026-04-04 22:50:30] [SUCCESS] bvid=BV1gX9TBzE4V 已成功抓取全部所需数据。
[2026-04-04 22:50:36] [SUCCESS] bvid=BV1DX9TBBEcc 已成功抓取全部所需数据。
[2026-04-04 22:52:45] [SUCCESS] bvid=BV1hU9TB3EWD 已成功抓取全部所需数据。
[2026-04-04 22:52:55] [SUCCESS] bvid=BV1aU9TB3EYs 已成功抓取全部所需数据。
[2026-04-04 22:53:03] [SUCCESS] bvid=BV1aU9TB3EeS 已成功抓取全部所需数据。
[2026-04-04 22:53:10] [SUCCESS] bvid=BV1qq9TBUE2J 已成功抓取全部所需数据。
[2026-04-04 22:53:18] [SUCCESS] bvid=BV1hS9TB6EZQ 已成功抓取全部所需数据。
[2026-04-04 22:53:24] [SUCCESS] bvid=BV1aS9TB6Eu8 已成功抓取全部所需数据。
[2026-04-04 22:53:31] [SUCCESS] bvid=BV14f9TBeEiV 已成功抓取全部所需数据。
[2026-04-04 22:53:38] [SUCCESS] bvid=BV14f9TBeEBu 已成功抓取全部所需数据。
[2026-04-04 22:53:45] [SUCCESS] bvid=BV1SR9TBTEbC 已成功抓取全部所需数据。
[2026-04-04 22:53:51] [SUCCESS] bvid=BV14f9TBeEEP 已成功抓取全部所需数据。
[2026-04-04 22:53:58] [SUCCESS] bvid=BV1xf9TBeEnj 已成功抓取全部所需数据。
[2026-04-04 22:54:06] [SUCCESS] bvid=BV18m9NBPEMj 已成功抓取全部所需数据。
[2026-04-04 22:54:13] [SUCCESS] bvid=BV1xf9TBeEja 已成功抓取全部所需数据。
[2026-04-04 22:54:19] [SUCCESS] bvid=BV1UR9TBTEyL 已成功抓取全部所需数据。
[2026-04-04 22:54:26] [SUCCESS] bvid=BV1Ud9TBiE5u 已成功抓取全部所需数据。
[2026-04-04 23:04:30] [ERROR] bvid=BV1iz9TB7Eme 抓取失败：comment: Timeout of 600.0s exceeded, last exception: HTTPSConnectionPool(host='bigquery.googleapis.com', port=443): Max retries exceeded with url: /bigquery/v2/projects/bilibili-m2s2vp-research/datasets?prettyPrint=false (Caused by SSLError(SSLEOFError(8, 'EOF occurred in violation of protocol (_ssl.c:1017)')))
[2026-04-04 23:04:38] [SUCCESS] bvid=BV1v69TB2EuS 已成功抓取全部所需数据。
[2026-04-04 23:04:47] [SUCCESS] bvid=BV12wXfB6EKQ 已成功抓取全部所需数据。
[2026-04-04 23:04:54] [SUCCESS] bvid=BV1fb9NBjEiz 已成功抓取全部所需数据。
[2026-04-04 23:05:01] [SUCCESS] bvid=BV1Zi9TBJE1u 已成功抓取全部所需数据。
[2026-04-04 23:05:08] [SUCCESS] bvid=BV1oi9TBJERx 已成功抓取全部所需数据。
[2026-04-04 23:05:15] [SUCCESS] bvid=BV1e19TBVEgn 已成功抓取全部所需数据。
[2026-04-04 23:05:22] [SUCCESS] bvid=BV1e19TBVEtj 已成功抓取全部所需数据。
[2026-04-04 23:05:29] [SUCCESS] bvid=BV1e19TBVEwR 已成功抓取全部所需数据。
[2026-04-04 23:05:36] [SUCCESS] bvid=BV1Y19TBVEJJ 已成功抓取全部所需数据。
[2026-04-04 23:05:36] [WARN] 当前子任务已结束，但仍有未成功抓取的视频，已导出 remaining CSV 供继续执行。
[2026-04-04 23:05:36] [INFO] 已导出剔除成功条目后的剩余 CSV：D:\Schoolworks\Thesis\Bilibili-Datahub\outputs\video_data\manual_crawls\manual_crawl_stat_comment_20260404_194235\remaining_bvids_part_8.csv
[2026-04-04 23:05:36] 子任务结束时间：2026-04-04T23:05:36.896166
[TIMESTAMP][END] 2026-04-04T23:05:36
