[INFO]: 历史任务增量检查完成：0 个作者命中过往 original_uids，1591 个作者按全局 start_date 抓取。
[INFO]: 识别到已有 uid_expansion 会话：outputs/video_pool/uid_expansions/uid_expansion_180_days_20260322_214916，本次将保存为 part_5。
[INFO]: 去重后共有 1591 个作者待抓取。
[INFO]: 开始执行作者批量抓取任务，start_date=2025-09-23T00:00:00，end_date=2026-03-25T15:10:03.871730。
[INFO]: 本次 uid_expansion 会话目录：outputs/video_pool/uid_expansions/uid_expansion_180_days_20260322_214916，当前 part_5。
[INFO]: 开始处理第 1/80 批作者，共 20 个。
[INFO]: 第 1/80 批完成，新增 2397 条视频，累计 2397 条。
[INFO]: 批次间暂停 8 秒，降低请求频率。
[INFO]: 开始处理第 2/80 批作者，共 20 个。
[INFO]: 第 2/80 批完成，新增 2845 条视频，累计 5242 条。
[INFO]: 批次间暂停 8 秒，降低请求频率。
[INFO]: 开始处理第 3/80 批作者，共 20 个。
[INFO]: 第 3/80 批完成，新增 1703 条视频，累计 6945 条。
[INFO]: 批次间暂停 8 秒，降低请求频率。
[INFO]: 开始处理第 4/80 批作者，共 20 个。
[INFO]: 第 4/80 批完成，新增 2552 条视频，累计 9497 条。
[INFO]: 批次间暂停 8 秒，降低请求频率。
[INFO]: 开始处理第 5/80 批作者，共 20 个。
[INFO]: 第 5/80 批完成，新增 1817 条视频，累计 11314 条。
[INFO]: 批次间暂停 8 秒，降低请求频率。
[INFO]: 开始处理第 6/80 批作者，共 20 个。
[INFO]: 第 6/80 批完成，新增 1101 条视频，累计 12415 条。
[INFO]: 批次间暂停 8 秒，降低请求频率。
[INFO]: 开始处理第 7/80 批作者，共 20 个。
[INFO]: 第 7/80 批完成，新增 2378 条视频，累计 14793 条。
[INFO]: 批次间暂停 8 秒，降低请求频率。
[INFO]: 开始处理第 8/80 批作者，共 20 个。
[INFO]: 第 8/80 批完成，新增 802 条视频，累计 15595 条。
[INFO]: 批次间暂停 8 秒，降低请求频率。
[INFO]: 开始处理第 9/80 批作者，共 20 个。
[INFO]: 第 9/80 批完成，新增 1532 条视频，累计 17127 条。
[INFO]: 批次间暂停 8 秒，降低请求频率。
[INFO]: 开始处理第 10/80 批作者，共 20 个。
[INFO]: 第 10/80 批完成，新增 2021 条视频，累计 19148 条。
[INFO]: 批次间暂停 8 秒，降低请求频率。
[INFO]: 开始处理第 11/80 批作者，共 20 个。
[INFO]: 第 11/80 批完成，新增 2100 条视频，累计 21248 条。
[INFO]: 批次间暂停 8 秒，降低请求频率。
[INFO]: 开始处理第 12/80 批作者，共 20 个。
[INFO]: 第 12/80 批完成，新增 1535 条视频，累计 22783 条。
[INFO]: 批次间暂停 8 秒，降低请求频率。
[INFO]: 开始处理第 13/80 批作者，共 20 个。
[INFO]: 第 13/80 批完成，新增 1610 条视频，累计 24393 条。
[INFO]: 批次间暂停 8 秒，降低请求频率。
[INFO]: 开始处理第 14/80 批作者，共 20 个。
[INFO]: 第 14/80 批完成，新增 3005 条视频，累计 27398 条。
[INFO]: 批次间暂停 8 秒，降低请求频率。
[INFO]: 开始处理第 15/80 批作者，共 20 个。
[WARN]: 作者 497987732 抓取失败，已跳过。原因：接口返回错误代码：-352，信息：风控校验失败。 {'code': -352, 'message': '风控校验失败', 'ttl': 1, 'data': {'v_voucher': 'voucher_02137f0e-2b5d-45dd-b3e5-7f1b58800155'}}
[WARN]: 作者 498099165 抓取失败，已跳过。原因：接口返回错误代码：-352，信息：风控校验失败。 {'code': -352, 'message': '风控校验失败', 'ttl': 1, 'data': {'v_voucher': 'voucher_2e11cf55-36cf-47bd-935d-2fa4877d8e5b'}}
[WARN]: 作者 498380319 抓取失败，已跳过。原因：接口返回错误代码：-352，信息：风控校验失败。 {'code': -352, 'message': '风控校验失败', 'ttl': 1, 'data': {'v_voucher': 'voucher_1561250e-3a09-4680-abc2-7fd9c998419c'}}
[WARN]: 作者 498399023 抓取失败，已跳过。原因：接口返回错误代码：-352，信息：风控校验失败。 {'code': -352, 'message': '风控校验失败', 'ttl': 1, 'data': {'v_voucher': 'voucher_5b1cbcfe-fd6e-45fc-9b5c-1835875a5c7e'}}
[INFO]: 第 15/80 批完成，新增 1359 条视频，累计 28757 条。
[WARN]: 本批有 4 个作者抓取失败。
[INFO]: 批次间暂停 8 秒，降低请求频率。
[INFO]: 开始处理第 16/80 批作者，共 20 个。
[WARN]: 作者 498517753 抓取失败，已跳过。原因：接口返回错误代码：-352，信息：风控校验失败。 {'code': -352, 'message': '风控校验失败', 'ttl': 1, 'data': {'v_voucher': 'voucher_e1f6ae61-19cc-4026-9a57-93eaef0b15a0'}}
[WARN]: 作者 499130220 抓取失败，已跳过。原因：接口返回错误代码：-352，信息：风控校验失败。 {'code': -352, 'message': '风控校验失败', 'ttl': 1, 'data': {'v_voucher': 'voucher_4bcafe95-eaf4-4edf-a3ad-53aa06fe80c2'}}
[WARN]: 作者 499568617 抓取失败，已跳过。原因：接口返回错误代码：-352，信息：风控校验失败。 {'code': -352, 'message': '风控校验失败', 'ttl': 1, 'data': {'v_voucher': 'voucher_c84a5b8d-8f18-4572-9496-9c1438740de5'}}
[WARN]: 作者 499590949 抓取失败，已跳过。原因：接口返回错误代码：-352，信息：风控校验失败。 {'code': -352, 'message': '风控校验失败', 'ttl': 1, 'data': {'v_voucher': 'voucher_9fdfa696-1ddd-46e0-88ef-50dd0258caa4'}}
[WARN]: 作者 499719078 抓取失败，已跳过。原因：接口返回错误代码：-352，信息：风控校验失败。 {'code': -352, 'message': '风控校验失败', 'ttl': 1, 'data': {'v_voucher': 'voucher_47bffe37-782b-45ae-b894-9aeee0685ca8'}}
[WARN]: 作者 499807827 抓取失败，已跳过。原因：接口返回错误代码：-352，信息：风控校验失败。 {'code': -352, 'message': '风控校验失败', 'ttl': 1, 'data': {'v_voucher': 'voucher_3af5901e-9a79-4f8a-b730-806a06643de7'}}
[WARN]: 作者 499808294 抓取失败，已跳过。原因：接口返回错误代码：-352，信息：风控校验失败。 {'code': -352, 'message': '风控校验失败', 'ttl': 1, 'data': {'v_voucher': 'voucher_a7bf128c-dccc-4f4e-adb8-7e1c7f42a68e'}}
[WARN]: 作者 500400378 抓取失败，已跳过。原因：接口返回错误代码：-352，信息：风控校验失败。 {'code': -352, 'message': '风控校验失败', 'ttl': 1, 'data': {'v_voucher': 'voucher_c622c18e-d0a9-4b7f-bc5e-74bef624da32'}}
[WARN]: 作者 500725704 抓取失败，已跳过。原因：接口返回错误代码：-352，信息：风控校验失败。 {'code': -352, 'message': '风控校验失败', 'ttl': 1, 'data': {'v_voucher': 'voucher_669fe5dd-8035-4db5-82d3-facf48a1b526'}}
[WARN]: 作者 500971120 抓取失败，已跳过。原因：接口返回错误代码：-352，信息：风控校验失败。 {'code': -352, 'message': '风控校验失败', 'ttl': 1, 'data': {'v_voucher': 'voucher_023644cb-a4eb-4065-9122-a912fc03ee06'}}
[WARN]: 作者 501374460 抓取失败，已跳过。原因：接口返回错误代码：-352，信息：风控校验失败。 {'code': -352, 'message': '风控校验失败', 'ttl': 1, 'data': {'v_voucher': 'voucher_af1e1358-7b41-4e9a-a490-691f4d09e5a5'}}
[WARN]: 作者 501554611 抓取失败，已跳过。原因：接口返回错误代码：-352，信息：风控校验失败。 {'code': -352, 'message': '风控校验失败', 'ttl': 1, 'data': {'v_voucher': 'voucher_ce12c550-a583-453d-b1bf-0ac4f537b46d'}}
[WARN]: 作者 501642082 抓取失败，已跳过。原因：接口返回错误代码：-352，信息：风控校验失败。 {'code': -352, 'message': '风控校验失败', 'ttl': 1, 'data': {'v_voucher': 'voucher_ad861114-de46-4603-9421-bb4d06c44f84'}}
[WARN]: 作者 501664537 抓取失败，已跳过。原因：接口返回错误代码：-352，信息：风控校验失败。 {'code': -352, 'message': '风控校验失败', 'ttl': 1, 'data': {'v_voucher': 'voucher_c6731317-b1a0-4e7d-b286-b7e8c2e59f27'}}
[WARN]: 作者 502567513 抓取失败，已跳过。原因：接口返回错误代码：-352，信息：风控校验失败。 {'code': -352, 'message': '风控校验失败', 'ttl': 1, 'data': {'v_voucher': 'voucher_492bc4ee-8575-40c9-82bc-2246b33b16dd'}}
[WARN]: 作者 502838973 抓取失败，已跳过。原因：接口返回错误代码：-352，信息：风控校验失败。 {'code': -352, 'message': '风控校验失败', 'ttl': 1, 'data': {'v_voucher': 'voucher_c13fffa2-aff4-4e94-bc37-176aca3b5ab2'}}
[WARN]: 作者 502966208 抓取失败，已跳过。原因：接口返回错误代码：-352，信息：风控校验失败。 {'code': -352, 'message': '风控校验失败', 'ttl': 1, 'data': {'v_voucher': 'voucher_f9074f4f-4257-4f42-96d6-168132d40433'}}
[WARN]: 作者 503807334 抓取失败，已跳过。原因：接口返回错误代码：-352，信息：风控校验失败。 {'code': -352, 'message': '风控校验失败', 'ttl': 1, 'data': {'v_voucher': 'voucher_60c399c8-6ab1-4a82-95a2-732750781833'}}
[WARN]: 作者 504057165 抓取失败，已跳过。原因：接口返回错误代码：-352，信息：风控校验失败。 {'code': -352, 'message': '风控校验失败', 'ttl': 1, 'data': {'v_voucher': 'voucher_a47d570f-4530-4991-8c95-8b7e09f0f49c'}}
[INFO]: 第 16/80 批完成，新增 7 条视频，累计 28764 条。
[WARN]: 本批有 19 个作者抓取失败。
[INFO]: 批次间暂停 8 秒，降低请求频率。
[INFO]: 开始处理第 17/80 批作者，共 20 个。
[WARN]: 作者 504062674 抓取失败，已跳过。原因：接口返回错误代码：-352，信息：风控校验失败。 {'code': -352, 'message': '风控校验失败', 'ttl': 1, 'data': {'v_voucher': 'voucher_952ad6c1-991e-4573-9734-8afd0add6d42'}}
[WARN]: 作者 504475215 抓取失败，已跳过。原因：接口返回错误代码：-352，信息：风控校验失败。 {'code': -352, 'message': '风控校验失败', 'ttl': 1, 'data': {'v_voucher': 'voucher_a1208a76-f6fc-4e79-82b9-12c67fba902c'}}
[WARN]: 作者 504633701 抓取失败，已跳过。原因：接口返回错误代码：-352，信息：风控校验失败。 {'code': -352, 'message': '风控校验失败', 'ttl': 1, 'data': {'v_voucher': 'voucher_bb4c3bdc-398c-4e1a-b946-882622860f09'}}
[WARN]: 作者 504728011 抓取失败，已跳过。原因：接口返回错误代码：-352，信息：风控校验失败。 {'code': -352, 'message': '风控校验失败', 'ttl': 1, 'data': {'v_voucher': 'voucher_97655e31-1e91-4cca-a95f-3ce7b95320ed'}}
[WARN]: 作者 504857709 抓取失败，已跳过。原因：接口返回错误代码：-352，信息：风控校验失败。 {'code': -352, 'message': '风控校验失败', 'ttl': 1, 'data': {'v_voucher': 'voucher_67786f95-90a5-43d8-9590-9dd2fe95bd0b'}}
[WARN]: 作者 506090703 抓取失败，已跳过。原因：接口返回错误代码：-352，信息：风控校验失败。 {'code': -352, 'message': '风控校验失败', 'ttl': 1, 'data': {'v_voucher': 'voucher_9956d45d-6ef7-4d1b-84ec-c74d54fb6b7c'}}
[WARN]: 作者 506431311 抓取失败，已跳过。原因：接口返回错误代码：-352，信息：风控校验失败。 {'code': -352, 'message': '风控校验失败', 'ttl': 1, 'data': {'v_voucher': 'voucher_84f093a6-42e9-4ae0-8457-82e0ea4f3126'}}
[WARN]: 作者 506539346 抓取失败，已跳过。原因：接口返回错误代码：-352，信息：风控校验失败。 {'code': -352, 'message': '风控校验失败', 'ttl': 1, 'data': {'v_voucher': 'voucher_4fc70dde-4437-4cd5-a9ec-2492c80a2bd4'}}
[WARN]: 作者 506639733 抓取失败，已跳过。原因：接口返回错误代码：-352，信息：风控校验失败。 {'code': -352, 'message': '风控校验失败', 'ttl': 1, 'data': {'v_voucher': 'voucher_a675f591-3dbd-4817-adfa-5d1ef1458e93'}}
[WARN]: 作者 506662604 抓取失败，已跳过。原因：接口返回错误代码：-352，信息：风控校验失败。 {'code': -352, 'message': '风控校验失败', 'ttl': 1, 'data': {'v_voucher': 'voucher_0151198b-e624-422c-85f1-2baaf16a9499'}}
[WARN]: 作者 506701365 抓取失败，已跳过。原因：接口返回错误代码：-352，信息：风控校验失败。 {'code': -352, 'message': '风控校验失败', 'ttl': 1, 'data': {'v_voucher': 'voucher_d16e7647-f9ea-4c76-84f2-b9ee22d5d854'}}
[WARN]: 作者 506701888 抓取失败，已跳过。原因：接口返回错误代码：-352，信息：风控校验失败。 {'code': -352, 'message': '风控校验失败', 'ttl': 1, 'data': {'v_voucher': 'voucher_da06a1c9-808c-4ef0-b74a-5e30cec379d3'}}
[WARN]: 作者 506746320 抓取失败，已跳过。原因：接口返回错误代码：-352，信息：风控校验失败。 {'code': -352, 'message': '风控校验失败', 'ttl': 1, 'data': {'v_voucher': 'voucher_4c0ca624-4ad8-4ae7-902e-b4772ee8efd6'}}
[WARN]: 作者 507654072 抓取失败，已跳过。原因：接口返回错误代码：-352，信息：风控校验失败。 {'code': -352, 'message': '风控校验失败', 'ttl': 1, 'data': {'v_voucher': 'voucher_be81d113-4857-45d8-a3e3-0023b014c9fd'}}
[WARN]: 作者 507868235 抓取失败，已跳过。原因：接口返回错误代码：-352，信息：风控校验失败。 {'code': -352, 'message': '风控校验失败', 'ttl': 1, 'data': {'v_voucher': 'voucher_069ae0a0-58bb-4595-b3ca-da4af7ec6608'}}
[WARN]: 作者 508103429 抓取失败，已跳过。原因：接口返回错误代码：-352，信息：风控校验失败。 {'code': -352, 'message': '风控校验失败', 'ttl': 1, 'data': {'v_voucher': 'voucher_bb48036f-3ce4-4143-bc30-001016266a1e'}}
[WARN]: 作者 508215481 抓取失败，已跳过。原因：接口返回错误代码：-352，信息：风控校验失败。 {'code': -352, 'message': '风控校验失败', 'ttl': 1, 'data': {'v_voucher': 'voucher_86a4bc70-2463-4ba0-8616-7c8a1629f82a'}}
[INFO]: 第 17/80 批完成，新增 29 条视频，累计 28793 条。
[WARN]: 本批有 17 个作者抓取失败。
[INFO]: 批次间暂停 8 秒，降低请求频率。
[INFO]: 开始处理第 18/80 批作者，共 20 个。
[WARN]: 作者 508388366 抓取失败，已跳过。原因：接口返回错误代码：-352，信息：风控校验失败。 {'code': -352, 'message': '风控校验失败', 'ttl': 1, 'data': {'v_voucher': 'voucher_9d451e97-c00d-42c0-8dd6-5ebbfc91cb0a'}}
[WARN]: 作者 508416316 抓取失败，已跳过。原因：接口返回错误代码：-352，信息：风控校验失败。 {'code': -352, 'message': '风控校验失败', 'ttl': 1, 'data': {'v_voucher': 'voucher_63ae7411-8c9f-48df-88b7-adae9b2c5f70'}}
[WARN]: 作者 508452265 抓取失败，已跳过。原因：接口返回错误代码：-352，信息：风控校验失败。 {'code': -352, 'message': '风控校验失败', 'ttl': 1, 'data': {'v_voucher': 'voucher_05b92bc0-e04f-4171-ac14-8e4910b9d242'}}
[WARN]: 作者 508654880 抓取失败，已跳过。原因：接口返回错误代码：-352，信息：风控校验失败。 {'code': -352, 'message': '风控校验失败', 'ttl': 1, 'data': {'v_voucher': 'voucher_8ef8b5fd-cdb9-46bc-8ce8-854752348fb4'}}
[WARN]: 作者 508788112 抓取失败，已跳过。原因：接口返回错误代码：-352，信息：风控校验失败。 {'code': -352, 'message': '风控校验失败', 'ttl': 1, 'data': {'v_voucher': 'voucher_1fcfccc3-5800-4d11-a837-c3f53aeba081'}}
[WARN]: 作者 508984798 抓取失败，已跳过。原因：接口返回错误代码：-352，信息：风控校验失败。 {'code': -352, 'message': '风控校验失败', 'ttl': 1, 'data': {'v_voucher': 'voucher_b4c1ac84-695c-4468-9e65-b02529e8b8a9'}}
[WARN]: 作者 509070668 抓取失败，已跳过。原因：接口返回错误代码：-352，信息：风控校验失败。 {'code': -352, 'message': '风控校验失败', 'ttl': 1, 'data': {'v_voucher': 'voucher_23c8567c-ea3d-4714-840d-bf1cba793927'}}
[WARN]: 作者 509151775 抓取失败，已跳过。原因：接口返回错误代码：-352，信息：风控校验失败。 {'code': -352, 'message': '风控校验失败', 'ttl': 1, 'data': {'v_voucher': 'voucher_d7052446-6d7a-4803-811d-ab01cf08b103'}}
[WARN]: 作者 509502666 抓取失败，已跳过。原因：接口返回错误代码：-352，信息：风控校验失败。 {'code': -352, 'message': '风控校验失败', 'ttl': 1, 'data': {'v_voucher': 'voucher_d27d347f-8efa-4751-a7d3-1407da2e9177'}}
[WARN]: 作者 509786892 抓取失败，已跳过。原因：接口返回错误代码：-352，信息：风控校验失败。 {'code': -352, 'message': '风控校验失败', 'ttl': 1, 'data': {'v_voucher': 'voucher_202ba19a-bbcb-4871-b867-4dbf339024ea'}}
[WARN]: 作者 509799029 抓取失败，已跳过。原因：接口返回错误代码：-352，信息：风控校验失败。 {'code': -352, 'message': '风控校验失败', 'ttl': 1, 'data': {'v_voucher': 'voucher_03e94518-8b7c-44fb-a123-c3719af9d830'}}
[WARN]: 作者 510383233 抓取失败，已跳过。原因：接口返回错误代码：-352，信息：风控校验失败。 {'code': -352, 'message': '风控校验失败', 'ttl': 1, 'data': {'v_voucher': 'voucher_517aa810-e08b-4efe-be9c-20f126dfabf5'}}
[WARN]: 作者 510950807 抓取失败，已跳过。原因：接口返回错误代码：-352，信息：风控校验失败。 {'code': -352, 'message': '风控校验失败', 'ttl': 1, 'data': {'v_voucher': 'voucher_43fc1353-34b9-4cd6-9d4b-2a2b2cca3738'}}
[WARN]: 作者 511373761 抓取失败，已跳过。原因：接口返回错误代码：-352，信息：风控校验失败。 {'code': -352, 'message': '风控校验失败', 'ttl': 1, 'data': {'v_voucher': 'voucher_4d03465b-2e41-4d39-be58-a2b9048488ce'}}
[WARN]: 作者 511466023 抓取失败，已跳过。原因：接口返回错误代码：-352，信息：风控校验失败。 {'code': -352, 'message': '风控校验失败', 'ttl': 1, 'data': {'v_voucher': 'voucher_63d4745e-9767-4a73-a57f-3755abf6aae8'}}
[WARN]: 作者 511769504 抓取失败，已跳过。原因：接口返回错误代码：-352，信息：风控校验失败。 {'code': -352, 'message': '风控校验失败', 'ttl': 1, 'data': {'v_voucher': 'voucher_d3205bcd-78c0-431e-866f-232c1aa218a3'}}
[WARN]: 作者 512087790 抓取失败，已跳过。原因：接口返回错误代码：-352，信息：风控校验失败。 {'code': -352, 'message': '风控校验失败', 'ttl': 1, 'data': {'v_voucher': 'voucher_f41da001-d559-4af9-b3f7-9e92e4038364'}}
[WARN]: 作者 512125549 抓取失败，已跳过。原因：接口返回错误代码：-352，信息：风控校验失败。 {'code': -352, 'message': '风控校验失败', 'ttl': 1, 'data': {'v_voucher': 'voucher_601e7f9e-b3bc-4af5-be86-2816c92e16d7'}}
[WARN]: 作者 512251078 抓取失败，已跳过。原因：接口返回错误代码：-352，信息：风控校验失败。 {'code': -352, 'message': '风控校验失败', 'ttl': 1, 'data': {'v_voucher': 'voucher_5f433386-7166-46dc-b7c6-dbf1694a527f'}}
[WARN]: 作者 512284589 抓取失败，已跳过。原因：接口返回错误代码：-352，信息：风控校验失败。 {'code': -352, 'message': '风控校验失败', 'ttl': 1, 'data': {'v_voucher': 'voucher_7ff3a38f-f88b-43db-9ad7-222c03b914fa'}}
[INFO]: 第 18/80 批完成，新增 0 条视频，累计 28793 条。
[WARN]: 本批有 20 个作者抓取失败。
[WARN]: 检测到当前批次全部作者抓取失败，已提前停止后续批次，并将输出本次已抓取视频列表及剩余作者 UID。
[INFO]: 视频列表已导出：outputs\video_pool\uid_expansions\uid_expansion_180_days_20260322_214916\videolist_part_5.csv
[INFO]: 剩余作者 UID 已导出：outputs\video_pool\uid_expansions\uid_expansion_180_days_20260322_214916\remaining_uids_part_5.csv
[ERROR]: 作者批量抓取任务失败：[WinError 5] 拒绝访问。: 'outputs\\video_pool\\uid_expansions\\uid_expansion_180_days_20260322_214916' -> 'outputs\\video_pool\\uid_expansions\\uid_expansion_2509...
