[INFO]: 历史任务增量检查完成：0 个作者命中过往 original_uids，1852 个作者按全局 start_date 抓取。
[INFO]: 识别到已有 uid_expansion 会话：outputs/video_pool/uid_expansions/uid_expansion_180_days_20260322_214916，本次将保存为 part_4。
[INFO]: 去重后共有 1852 个作者待抓取。
[INFO]: 开始执行作者批量抓取任务，start_date=2025-09-23T00:00:00，end_date=2026-03-25T12:38:29.403213。
[INFO]: 本次 uid_expansion 会话目录：outputs/video_pool/uid_expansions/uid_expansion_180_days_20260322_214916，当前 part_4。
[INFO]: 开始处理第 1/93 批作者，共 20 个。
[INFO]: 第 1/93 批完成，新增 1874 条视频，累计 1874 条。
[INFO]: 批次间暂停 8 秒，降低请求频率。
[INFO]: 开始处理第 2/93 批作者，共 20 个。
[INFO]: 第 2/93 批完成，新增 2135 条视频，累计 4009 条。
[INFO]: 批次间暂停 8 秒，降低请求频率。
[INFO]: 开始处理第 3/93 批作者，共 20 个。
[INFO]: 第 3/93 批完成，新增 1989 条视频，累计 5998 条。
[INFO]: 批次间暂停 8 秒，降低请求频率。
[INFO]: 开始处理第 4/93 批作者，共 20 个。
[INFO]: 第 4/93 批完成，新增 1652 条视频，累计 7650 条。
[INFO]: 批次间暂停 8 秒，降低请求频率。
[INFO]: 开始处理第 5/93 批作者，共 20 个。
[INFO]: 第 5/93 批完成，新增 2727 条视频，累计 10377 条。
[INFO]: 批次间暂停 8 秒，降低请求频率。
[INFO]: 开始处理第 6/93 批作者，共 20 个。
[INFO]: 第 6/93 批完成，新增 2738 条视频，累计 13115 条。
[INFO]: 批次间暂停 8 秒，降低请求频率。
[INFO]: 开始处理第 7/93 批作者，共 20 个。
[INFO]: 第 7/93 批完成，新增 2986 条视频，累计 16101 条。
[INFO]: 批次间暂停 8 秒，降低请求频率。
[INFO]: 开始处理第 8/93 批作者，共 20 个。
[INFO]: 第 8/93 批完成，新增 2619 条视频，累计 18720 条。
[INFO]: 批次间暂停 8 秒，降低请求频率。
[INFO]: 开始处理第 9/93 批作者，共 20 个。
[INFO]: 第 9/93 批完成，新增 3311 条视频，累计 22031 条。
[INFO]: 批次间暂停 8 秒，降低请求频率。
[INFO]: 开始处理第 10/93 批作者，共 20 个。
[INFO]: 第 10/93 批完成，新增 1939 条视频，累计 23970 条。
[INFO]: 批次间暂停 8 秒，降低请求频率。
[INFO]: 开始处理第 11/93 批作者，共 20 个。
[INFO]: 第 11/93 批完成，新增 1561 条视频，累计 25531 条。
[INFO]: 批次间暂停 8 秒，降低请求频率。
[INFO]: 开始处理第 12/93 批作者，共 20 个。
[INFO]: 第 12/93 批完成，新增 1310 条视频，累计 26841 条。
[INFO]: 批次间暂停 8 秒，降低请求频率。
[INFO]: 开始处理第 13/93 批作者，共 20 个。
[INFO]: 第 13/93 批完成，新增 1578 条视频，累计 28419 条。
[INFO]: 批次间暂停 8 秒，降低请求频率。
[INFO]: 开始处理第 14/93 批作者，共 20 个。
[WARN]: 作者 394842214 抓取失败，已跳过。原因：接口返回错误代码：-352，信息：风控校验失败。 {'code': -352, 'message': '风控校验失败', 'ttl': 1, 'data': {'v_voucher': 'voucher_899339e7-101b-4d27-8efa-0a3468289e37'}}
[WARN]: 作者 395433035 抓取失败，已跳过。原因：接口返回错误代码：-352，信息：风控校验失败。 {'code': -352, 'message': '风控校验失败', 'ttl': 1, 'data': {'v_voucher': 'voucher_3a3b0d3d-a782-4a36-bf56-27b38e566e75'}}
[WARN]: 作者 395867084 抓取失败，已跳过。原因：接口返回错误代码：-352，信息：风控校验失败。 {'code': -352, 'message': '风控校验失败', 'ttl': 1, 'data': {'v_voucher': 'voucher_3d1b4488-2672-41db-8354-c543443837ff'}}
[WARN]: 作者 395952635 抓取失败，已跳过。原因：接口返回错误代码：-352，信息：风控校验失败。 {'code': -352, 'message': '风控校验失败', 'ttl': 1, 'data': {'v_voucher': 'voucher_54d8a9d1-4303-4e49-8da2-932450cbda62'}}
[WARN]: 作者 396162560 抓取失败，已跳过。原因：接口返回错误代码：-352，信息：风控校验失败。 {'code': -352, 'message': '风控校验失败', 'ttl': 1, 'data': {'v_voucher': 'voucher_6ed32bad-7737-48b4-9db4-a0b6ec727e24'}}
[WARN]: 作者 396280973 抓取失败，已跳过。原因：接口返回错误代码：-352，信息：风控校验失败。 {'code': -352, 'message': '风控校验失败', 'ttl': 1, 'data': {'v_voucher': 'voucher_62bbc41b-509b-42df-9dfe-ee88cb618d6d'}}
[WARN]: 作者 396298831 抓取失败，已跳过。原因：接口返回错误代码：-352，信息：风控校验失败。 {'code': -352, 'message': '风控校验失败', 'ttl': 1, 'data': {'v_voucher': 'voucher_32601c24-aa84-44ed-bafb-0c63749f686c'}}
[WARN]: 作者 396389263 抓取失败，已跳过。原因：接口返回错误代码：-352，信息：风控校验失败。 {'code': -352, 'message': '风控校验失败', 'ttl': 1, 'data': {'v_voucher': 'voucher_90dc47df-e726-4197-a131-c36b033dc616'}}
[WARN]: 作者 396657882 抓取失败，已跳过。原因：接口返回错误代码：-352，信息：风控校验失败。 {'code': -352, 'message': '风控校验失败', 'ttl': 1, 'data': {'v_voucher': 'voucher_9c26660a-7708-4dcd-95df-620ed730892f'}}
[WARN]: 作者 396745669 抓取失败，已跳过。原因：接口返回错误代码：-352，信息：风控校验失败。 {'code': -352, 'message': '风控校验失败', 'ttl': 1, 'data': {'v_voucher': 'voucher_2153c194-11f5-4509-99f8-37c06687c68a'}}
[WARN]: 作者 396795807 抓取失败，已跳过。原因：接口返回错误代码：-352，信息：风控校验失败。 {'code': -352, 'message': '风控校验失败', 'ttl': 1, 'data': {'v_voucher': 'voucher_7cf7c980-6936-4372-a9e8-a473365547c1'}}
[WARN]: 作者 396875350 抓取失败，已跳过。原因：接口返回错误代码：-352，信息：风控校验失败。 {'code': -352, 'message': '风控校验失败', 'ttl': 1, 'data': {'v_voucher': 'voucher_34220712-dcbb-4498-9ff4-d6b0013d7340'}}
[WARN]: 作者 397432797 抓取失败，已跳过。原因：接口返回错误代码：-352，信息：风控校验失败。 {'code': -352, 'message': '风控校验失败', 'ttl': 1, 'data': {'v_voucher': 'voucher_69db6016-6591-42fb-a09b-edee197b5c02'}}
[WARN]: 作者 397486575 抓取失败，已跳过。原因：接口返回错误代码：-352，信息：风控校验失败。 {'code': -352, 'message': '风控校验失败', 'ttl': 1, 'data': {'v_voucher': 'voucher_de02a5ea-b689-4212-ad5c-d1893c8d059a'}}
[WARN]: 作者 397513680 抓取失败，已跳过。原因：接口返回错误代码：-352，信息：风控校验失败。 {'code': -352, 'message': '风控校验失败', 'ttl': 1, 'data': {'v_voucher': 'voucher_00585920-5670-4a93-998b-6bd4d91e7020'}}
[WARN]: 作者 397610006 抓取失败，已跳过。原因：接口返回错误代码：-352，信息：风控校验失败。 {'code': -352, 'message': '风控校验失败', 'ttl': 1, 'data': {'v_voucher': 'voucher_ec1adb8a-d526-4ced-873a-d2eb5545283c'}}
[WARN]: 作者 397693741 抓取失败，已跳过。原因：接口返回错误代码：-352，信息：风控校验失败。 {'code': -352, 'message': '风控校验失败', 'ttl': 1, 'data': {'v_voucher': 'voucher_f9352547-ba8f-416b-aadb-4f782fa10a77'}}
[WARN]: 作者 398418264 抓取失败，已跳过。原因：接口返回错误代码：-352，信息：风控校验失败。 {'code': -352, 'message': '风控校验失败', 'ttl': 1, 'data': {'v_voucher': 'voucher_dea64fa5-8e54-4fcb-af06-a4318dcf8f27'}}
[WARN]: 作者 398581197 抓取失败，已跳过。原因：接口返回错误代码：-352，信息：风控校验失败。 {'code': -352, 'message': '风控校验失败', 'ttl': 1, 'data': {'v_voucher': 'voucher_13b6cfad-0163-4847-b5eb-cf3f7bf63d3d'}}
[INFO]: 第 14/93 批完成，新增 9 条视频，累计 28428 条。
[WARN]: 本批有 19 个作者抓取失败。
[INFO]: 批次间暂停 8 秒，降低请求频率。
[INFO]: 开始处理第 15/93 批作者，共 20 个。
[WARN]: 作者 399073019 抓取失败，已跳过。原因：接口返回错误代码：-352，信息：风控校验失败。 {'code': -352, 'message': '风控校验失败', 'ttl': 1, 'data': {'v_voucher': 'voucher_6cd50968-d678-4945-9390-737126ad8c71'}}
[WARN]: 作者 399267210 抓取失败，已跳过。原因：接口返回错误代码：-352，信息：风控校验失败。 {'code': -352, 'message': '风控校验失败', 'ttl': 1, 'data': {'v_voucher': 'voucher_59565b9c-3012-44f9-be3a-5d1fabf35f63'}}
[WARN]: 作者 399294809 抓取失败，已跳过。原因：接口返回错误代码：-352，信息：风控校验失败。 {'code': -352, 'message': '风控校验失败', 'ttl': 1, 'data': {'v_voucher': 'voucher_1f76449f-1a6d-45b0-950b-91a15485e91a'}}
[WARN]: 作者 399812292 抓取失败，已跳过。原因：接口返回错误代码：-352，信息：风控校验失败。 {'code': -352, 'message': '风控校验失败', 'ttl': 1, 'data': {'v_voucher': 'voucher_c31322ff-3b8b-447f-b621-8bef6b150beb'}}
[WARN]: 作者 400112035 抓取失败，已跳过。原因：接口返回错误代码：-352，信息：风控校验失败。 {'code': -352, 'message': '风控校验失败', 'ttl': 1, 'data': {'v_voucher': 'voucher_fdccbab2-2cd4-43f1-958b-042f57e68e81'}}
[WARN]: 作者 400121455 抓取失败，已跳过。原因：接口返回错误代码：-352，信息：风控校验失败。 {'code': -352, 'message': '风控校验失败', 'ttl': 1, 'data': {'v_voucher': 'voucher_1f8076cf-3e78-431b-badc-5766843fc2cd'}}
[WARN]: 作者 400596461 抓取失败，已跳过。原因：接口返回错误代码：-352，信息：风控校验失败。 {'code': -352, 'message': '风控校验失败', 'ttl': 1, 'data': {'v_voucher': 'voucher_61cd974a-4a2f-4e9b-9f23-d357a1fd0b82'}}
[WARN]: 作者 400630344 抓取失败，已跳过。原因：接口返回错误代码：-352，信息：风控校验失败。 {'code': -352, 'message': '风控校验失败', 'ttl': 1, 'data': {'v_voucher': 'voucher_da2e1638-3ce7-48c3-ba17-7e3f41edaa71'}}
[WARN]: 作者 400645291 抓取失败，已跳过。原因：接口返回错误代码：-352，信息：风控校验失败。 {'code': -352, 'message': '风控校验失败', 'ttl': 1, 'data': {'v_voucher': 'voucher_ad58b514-1818-42dd-8b5f-0dfc740f57e9'}}
[WARN]: 作者 401266391 抓取失败，已跳过。原因：接口返回错误代码：-352，信息：风控校验失败。 {'code': -352, 'message': '风控校验失败', 'ttl': 1, 'data': {'v_voucher': 'voucher_62a2b511-7001-4be4-85fa-e17afb61d250'}}
[WARN]: 作者 401516364 抓取失败，已跳过。原因：接口返回错误代码：-352，信息：风控校验失败。 {'code': -352, 'message': '风控校验失败', 'ttl': 1, 'data': {'v_voucher': 'voucher_0f92423f-f35a-438c-905a-c93f6837b00e'}}
[WARN]: 作者 401742377 抓取失败，已跳过。原因：接口返回错误代码：-352，信息：风控校验失败。 {'code': -352, 'message': '风控校验失败', 'ttl': 1, 'data': {'v_voucher': 'voucher_31d6b57c-d856-4743-8bbc-67db50af3bf1'}}
[WARN]: 作者 401797656 抓取失败，已跳过。原因：接口返回错误代码：-352，信息：风控校验失败。 {'code': -352, 'message': '风控校验失败', 'ttl': 1, 'data': {'v_voucher': 'voucher_4eb38fad-8d12-45f3-b220-0e1f56fcbf52'}}
[WARN]: 作者 402526627 抓取失败，已跳过。原因：接口返回错误代码：-352，信息：风控校验失败。 {'code': -352, 'message': '风控校验失败', 'ttl': 1, 'data': {'v_voucher': 'voucher_43f8fca5-a408-46c1-86d7-0b0f3856597d'}}
[WARN]: 作者 402673199 抓取失败，已跳过。原因：接口返回错误代码：-352，信息：风控校验失败。 {'code': -352, 'message': '风控校验失败', 'ttl': 1, 'data': {'v_voucher': 'voucher_0fee2b1e-2d9f-4162-ba4a-4ad2c00f2ede'}}
[WARN]: 作者 402676243 抓取失败，已跳过。原因：接口返回错误代码：-352，信息：风控校验失败。 {'code': -352, 'message': '风控校验失败', 'ttl': 1, 'data': {'v_voucher': 'voucher_015bd89b-26f8-40d8-a330-8225167abe6a'}}
[WARN]: 作者 402951597 抓取失败，已跳过。原因：接口返回错误代码：-352，信息：风控校验失败。 {'code': -352, 'message': '风控校验失败', 'ttl': 1, 'data': {'v_voucher': 'voucher_f23aee4b-30c3-4830-8a86-fad9786215de'}}
[WARN]: 作者 403000080 抓取失败，已跳过。原因：接口返回错误代码：-352，信息：风控校验失败。 {'code': -352, 'message': '风控校验失败', 'ttl': 1, 'data': {'v_voucher': 'voucher_6a849cdb-c83a-468c-8117-e37054de1b18'}}
[WARN]: 作者 403324095 抓取失败，已跳过。原因：接口返回错误代码：-352，信息：风控校验失败。 {'code': -352, 'message': '风控校验失败', 'ttl': 1, 'data': {'v_voucher': 'voucher_92e4b6b0-aa54-4dc1-b60c-5f09c608b58d'}}
[WARN]: 作者 403522367 抓取失败，已跳过。原因：接口返回错误代码：-352，信息：风控校验失败。 {'code': -352, 'message': '风控校验失败', 'ttl': 1, 'data': {'v_voucher': 'voucher_ec180654-86aa-4e23-abf3-d067abddc92a'}}
[INFO]: 第 15/93 批完成，新增 0 条视频，累计 28428 条。
[WARN]: 本批有 20 个作者抓取失败。
[WARN]: 检测到当前批次全部作者抓取失败，已提前停止后续批次，并将输出本次已抓取视频列表及剩余作者 UID。
[INFO]: 视频列表已导出：outputs\video_pool\uid_expansions\uid_expansion_180_days_20260322_214916\videolist_part_4.csv
[INFO]: 剩余作者 UID 已导出：outputs\video_pool\uid_expansions\uid_expansion_180_days_20260322_214916\remaining_uids_part_4.csv
[ERROR]: 作者批量抓取任务失败：[WinError 5] 拒绝访问。: 'outputs\\video_pool\\uid_expansions\\uid_expansion_180_days_20260322_214916' -> 'outputs\\video_pool\\uid_expansions\\uid_expansion_2509...
