[TIMESTAMP][BEGIN] 2026-03-25T16:27:23
[INFO]: 识别到已有 uid_expansion 会话：outputs/video_pool/uid_expansions/uid_expansion_180_days_20260322_214916，本次将保存为 part_6。
[INFO]: 历史任务增量检查完成：0 个作者命中过往 original_uids，1291 个作者按全局 start_date 抓取。
[INFO]: 去重后共有 1291 个作者待抓取。
[INFO]: 开始执行作者批量抓取任务，start_date=2025-09-23T00:00:00，end_date=2026-03-25T16:27:23.254530。
[INFO]: 本次 uid_expansion 会话目录：outputs/video_pool/uid_expansions/uid_expansion_180_days_20260322_214916，当前 part_6。
[INFO]: 开始处理第 1/65 批作者，共 20 个。
[INFO]: 第 1/65 批完成，新增 2949 条视频，累计 2949 条。
[INFO]: 批次间暂停 8 秒，降低请求频率。
[INFO]: 开始处理第 2/65 批作者，共 20 个。
[INFO]: 第 2/65 批完成，新增 2703 条视频，累计 5652 条。
[INFO]: 批次间暂停 8 秒，降低请求频率。
[INFO]: 开始处理第 3/65 批作者，共 20 个。
[INFO]: 第 3/65 批完成，新增 2992 条视频，累计 8644 条。
[INFO]: 批次间暂停 8 秒，降低请求频率。
[INFO]: 开始处理第 4/65 批作者，共 20 个。
[INFO]: 第 4/65 批完成，新增 2075 条视频，累计 10719 条。
[INFO]: 批次间暂停 8 秒，降低请求频率。
[INFO]: 开始处理第 5/65 批作者，共 20 个。
[INFO]: 第 5/65 批完成，新增 3085 条视频，累计 13804 条。
[INFO]: 批次间暂停 8 秒，降低请求频率。
[INFO]: 开始处理第 6/65 批作者，共 20 个。
[INFO]: 第 6/65 批完成，新增 1120 条视频，累计 14924 条。
[INFO]: 批次间暂停 8 秒，降低请求频率。
[INFO]: 开始处理第 7/65 批作者，共 20 个。
[INFO]: 第 7/65 批完成，新增 2362 条视频，累计 17286 条。
[INFO]: 批次间暂停 8 秒，降低请求频率。
[INFO]: 开始处理第 8/65 批作者，共 20 个。
[INFO]: 第 8/65 批完成，新增 1514 条视频，累计 18800 条。
[INFO]: 批次间暂停 8 秒，降低请求频率。
[INFO]: 开始处理第 9/65 批作者，共 20 个。
[INFO]: 第 9/65 批完成，新增 1756 条视频，累计 20556 条。
[INFO]: 批次间暂停 8 秒，降低请求频率。
[INFO]: 开始处理第 10/65 批作者，共 20 个。
[INFO]: 第 10/65 批完成，新增 2399 条视频，累计 22955 条。
[INFO]: 批次间暂停 8 秒，降低请求频率。
[INFO]: 开始处理第 11/65 批作者，共 20 个。
[INFO]: 第 11/65 批完成，新增 1629 条视频，累计 24584 条。
[INFO]: 批次间暂停 8 秒，降低请求频率。
[INFO]: 开始处理第 12/65 批作者，共 20 个。
[INFO]: 第 12/65 批完成，新增 1955 条视频，累计 26539 条。
[INFO]: 批次间暂停 8 秒，降低请求频率。
[INFO]: 开始处理第 13/65 批作者，共 20 个。
[INFO]: 第 13/65 批完成，新增 2601 条视频，累计 29140 条。
[INFO]: 批次间暂停 8 秒，降低请求频率。
[INFO]: 开始处理第 14/65 批作者，共 20 个。
[WARN]: 作者 1001879382 抓取失败，已跳过。原因：接口返回错误代码：-352，信息：风控校验失败。 {'code': -352, 'message': '风控校验失败', 'ttl': 1, 'data': {'v_voucher': 'voucher_ab6b332f-a733-4661-b1f6-938f26b5b166'}}
[WARN]: 作者 1004814622 抓取失败，已跳过。原因：接口返回错误代码：-352，信息：风控校验失败。 {'code': -352, 'message': '风控校验失败', 'ttl': 1, 'data': {'v_voucher': 'voucher_2022b3b9-407f-4f6f-80e1-2d9a6669220b'}}
[WARN]: 作者 1005062454 抓取失败，已跳过。原因：接口返回错误代码：-352，信息：风控校验失败。 {'code': -352, 'message': '风控校验失败', 'ttl': 1, 'data': {'v_voucher': 'voucher_d5ebae62-5aff-4fda-b60e-d5fa9737bdf4'}}
[WARN]: 作者 1007949176 抓取失败，已跳过。原因：接口返回错误代码：-352，信息：风控校验失败。 {'code': -352, 'message': '风控校验失败', 'ttl': 1, 'data': {'v_voucher': 'voucher_ccfa4bb3-84b5-49ff-9d34-0a0f0f410237'}}
[WARN]: 作者 1012177411 抓取失败，已跳过。原因：接口返回错误代码：-352，信息：风控校验失败。 {'code': -352, 'message': '风控校验失败', 'ttl': 1, 'data': {'v_voucher': 'voucher_8f5c7247-6df0-441e-accb-8ca2cf93581d'}}
[WARN]: 作者 1012402893 抓取失败，已跳过。原因：接口返回错误代码：-352，信息：风控校验失败。 {'code': -352, 'message': '风控校验失败', 'ttl': 1, 'data': {'v_voucher': 'voucher_94b77ac7-f248-45d5-9846-9f8d5f4e4349'}}
[WARN]: 作者 1022097000 抓取失败，已跳过。原因：接口返回错误代码：-352，信息：风控校验失败。 {'code': -352, 'message': '风控校验失败', 'ttl': 1, 'data': {'v_voucher': 'voucher_401dfeda-7e80-4b09-b3d9-7eb01d299cbd'}}
[WARN]: 作者 1027064096 抓取失败，已跳过。原因：接口返回错误代码：-352，信息：风控校验失败。 {'code': -352, 'message': '风控校验失败', 'ttl': 1, 'data': {'v_voucher': 'voucher_1398e84e-8b23-4ef9-9915-d4c743f999ea'}}
[WARN]: 作者 1027737427 抓取失败，已跳过。原因：接口返回错误代码：-352，信息：风控校验失败。 {'code': -352, 'message': '风控校验失败', 'ttl': 1, 'data': {'v_voucher': 'voucher_bf139741-3030-4df6-9acb-866278975fa8'}}
[WARN]: 作者 1030380603 抓取失败，已跳过。原因：接口返回错误代码：-352，信息：风控校验失败。 {'code': -352, 'message': '风控校验失败', 'ttl': 1, 'data': {'v_voucher': 'voucher_d6d4309f-73f4-48ac-ad54-cbd6e1b9b289'}}
[WARN]: 作者 1031950747 抓取失败，已跳过。原因：接口返回错误代码：-352，信息：风控校验失败。 {'code': -352, 'message': '风控校验失败', 'ttl': 1, 'data': {'v_voucher': 'voucher_b59127c1-099b-48bd-a795-ea13472dc6e8'}}
[WARN]: 作者 1035604808 抓取失败，已跳过。原因：接口返回错误代码：-352，信息：风控校验失败。 {'code': -352, 'message': '风控校验失败', 'ttl': 1, 'data': {'v_voucher': 'voucher_5828d70f-6c99-4624-90b1-fedf05c9317e'}}
[WARN]: 作者 1037018313 抓取失败，已跳过。原因：接口返回错误代码：-352，信息：风控校验失败。 {'code': -352, 'message': '风控校验失败', 'ttl': 1, 'data': {'v_voucher': 'voucher_86d185d7-f1b5-42ab-aabe-c40a048470fe'}}
[WARN]: 作者 1037287377 抓取失败，已跳过。原因：接口返回错误代码：-352，信息：风控校验失败。 {'code': -352, 'message': '风控校验失败', 'ttl': 1, 'data': {'v_voucher': 'voucher_9ed451f6-19f9-4a1c-8965-99af97cc129b'}}
[WARN]: 作者 1038873264 抓取失败，已跳过。原因：接口返回错误代码：-352，信息：风控校验失败。 {'code': -352, 'message': '风控校验失败', 'ttl': 1, 'data': {'v_voucher': 'voucher_f5e82891-226e-48eb-8e7c-ab6cbc3c8d72'}}
[WARN]: 作者 1040680334 抓取失败，已跳过。原因：接口返回错误代码：-352，信息：风控校验失败。 {'code': -352, 'message': '风控校验失败', 'ttl': 1, 'data': {'v_voucher': 'voucher_3a5ff2d9-1e00-4fcb-bc8d-fe3b180888a2'}}
[WARN]: 作者 1044134420 抓取失败，已跳过。原因：接口返回错误代码：-352，信息：风控校验失败。 {'code': -352, 'message': '风控校验失败', 'ttl': 1, 'data': {'v_voucher': 'voucher_7fd927e1-3e81-4eae-a8ed-5a47b8e7a0eb'}}
[WARN]: 作者 1044393410 抓取失败，已跳过。原因：接口返回错误代码：-352，信息：风控校验失败。 {'code': -352, 'message': '风控校验失败', 'ttl': 1, 'data': {'v_voucher': 'voucher_f9cf84bb-cae5-4ea2-8ab4-a9f51a094eed'}}
[WARN]: 作者 1055227789 抓取失败，已跳过。原因：接口返回错误代码：-352，信息：风控校验失败。 {'code': -352, 'message': '风控校验失败', 'ttl': 1, 'data': {'v_voucher': 'voucher_1919a66c-32c6-4552-b324-7c67c5b55573'}}
[INFO]: 第 14/65 批完成，新增 50 条视频，累计 29190 条。
[WARN]: 本批有 19 个作者抓取失败。
[INFO]: 批次间暂停 8 秒，降低请求频率。
[INFO]: 开始处理第 15/65 批作者，共 20 个。
[WARN]: 作者 1057298155 抓取失败，已跳过。原因：接口返回错误代码：-352，信息：风控校验失败。 {'code': -352, 'message': '风控校验失败', 'ttl': 1, 'data': {'v_voucher': 'voucher_aaa69a54-9137-4134-9303-a4815dece536'}}
[WARN]: 作者 1059208559 抓取失败，已跳过。原因：接口返回错误代码：-352，信息：风控校验失败。 {'code': -352, 'message': '风控校验失败', 'ttl': 1, 'data': {'v_voucher': 'voucher_2e81470e-8f7c-4525-a551-983a206ed7cc'}}
[WARN]: 作者 1059518713 抓取失败，已跳过。原因：接口返回错误代码：-352，信息：风控校验失败。 {'code': -352, 'message': '风控校验失败', 'ttl': 1, 'data': {'v_voucher': 'voucher_0fb8a339-bc64-4beb-8ed6-16bbe3c5c5a0'}}
[WARN]: 作者 1060544882 抓取失败，已跳过。原因：接口返回错误代码：-352，信息：风控校验失败。 {'code': -352, 'message': '风控校验失败', 'ttl': 1, 'data': {'v_voucher': 'voucher_755033c8-e144-4241-a8b5-32ee5e5871e3'}}
[WARN]: 作者 1061040143 抓取失败，已跳过。原因：接口返回错误代码：-352，信息：风控校验失败。 {'code': -352, 'message': '风控校验失败', 'ttl': 1, 'data': {'v_voucher': 'voucher_b97c3b70-5889-44a8-9d80-dd8ea216dc60'}}
[WARN]: 作者 1061996998 抓取失败，已跳过。原因：接口返回错误代码：-352，信息：风控校验失败。 {'code': -352, 'message': '风控校验失败', 'ttl': 1, 'data': {'v_voucher': 'voucher_b6589c62-4d68-4e87-a2f2-4af834e288ca'}}
[WARN]: 作者 1066081535 抓取失败，已跳过。原因：接口返回错误代码：-352，信息：风控校验失败。 {'code': -352, 'message': '风控校验失败', 'ttl': 1, 'data': {'v_voucher': 'voucher_6657f11e-4dec-4f4e-84c7-fb1b868b64a9'}}
[WARN]: 作者 1066226969 抓取失败，已跳过。原因：接口返回错误代码：-352，信息：风控校验失败。 {'code': -352, 'message': '风控校验失败', 'ttl': 1, 'data': {'v_voucher': 'voucher_f2d6e39a-9fca-4beb-9258-8f4d50f96450'}}
[WARN]: 作者 1067572640 抓取失败，已跳过。原因：接口返回错误代码：-352，信息：风控校验失败。 {'code': -352, 'message': '风控校验失败', 'ttl': 1, 'data': {'v_voucher': 'voucher_2f1ed5fa-7f24-46a4-8599-ac4e81e8f0b1'}}
[WARN]: 作者 1069069359 抓取失败，已跳过。原因：接口返回错误代码：-352，信息：风控校验失败。 {'code': -352, 'message': '风控校验失败', 'ttl': 1, 'data': {'v_voucher': 'voucher_7d4ab8b8-3c99-4dbf-91b3-2872cdf6d0a1'}}
[WARN]: 作者 1069912452 抓取失败，已跳过。原因：接口返回错误代码：-352，信息：风控校验失败。 {'code': -352, 'message': '风控校验失败', 'ttl': 1, 'data': {'v_voucher': 'voucher_3d83abeb-0e59-4a29-99c2-35bec35dff0e'}}
[WARN]: 作者 1072365089 抓取失败，已跳过。原因：接口返回错误代码：-352，信息：风控校验失败。 {'code': -352, 'message': '风控校验失败', 'ttl': 1, 'data': {'v_voucher': 'voucher_21ce1a40-0d83-4f3a-9ece-37ab9b2b5f41'}}
[WARN]: 作者 1072842577 抓取失败，已跳过。原因：接口返回错误代码：-352，信息：风控校验失败。 {'code': -352, 'message': '风控校验失败', 'ttl': 1, 'data': {'v_voucher': 'voucher_532961d5-4bd5-4f66-ad14-cc4338f27ca5'}}
[WARN]: 作者 1073024449 抓取失败，已跳过。原因：接口返回错误代码：-352，信息：风控校验失败。 {'code': -352, 'message': '风控校验失败', 'ttl': 1, 'data': {'v_voucher': 'voucher_d084d2b7-ba4a-4693-8409-5ced63247a38'}}
[WARN]: 作者 1077798136 抓取失败，已跳过。原因：接口返回错误代码：-352，信息：风控校验失败。 {'code': -352, 'message': '风控校验失败', 'ttl': 1, 'data': {'v_voucher': 'voucher_4863fa77-6eaa-43e6-82cd-18c66c231a92'}}
[WARN]: 作者 1078824761 抓取失败，已跳过。原因：接口返回错误代码：-352，信息：风控校验失败。 {'code': -352, 'message': '风控校验失败', 'ttl': 1, 'data': {'v_voucher': 'voucher_cbef3905-ec3f-45f0-82b9-d68b552bbf98'}}
[WARN]: 作者 1079619420 抓取失败，已跳过。原因：接口返回错误代码：-352，信息：风控校验失败。 {'code': -352, 'message': '风控校验失败', 'ttl': 1, 'data': {'v_voucher': 'voucher_996a8716-e182-4cdd-87bb-7992a6a2c3ed'}}
[WARN]: 作者 1082037531 抓取失败，已跳过。原因：接口返回错误代码：-352，信息：风控校验失败。 {'code': -352, 'message': '风控校验失败', 'ttl': 1, 'data': {'v_voucher': 'voucher_0a9eb3c2-a9ac-4d03-9a32-c65a16687d84'}}
[WARN]: 作者 1089297004 抓取失败，已跳过。原因：接口返回错误代码：-352，信息：风控校验失败。 {'code': -352, 'message': '风控校验失败', 'ttl': 1, 'data': {'v_voucher': 'voucher_9ee832f6-adaa-4abc-836c-2b4089ce1a99'}}
[INFO]: 第 15/65 批完成，新增 2 条视频，累计 29192 条。
[WARN]: 本批有 19 个作者抓取失败。
[INFO]: 批次间暂停 8 秒，降低请求频率。
[INFO]: 开始处理第 16/65 批作者，共 20 个。
[WARN]: 作者 1091734826 抓取失败，已跳过。原因：接口返回错误代码：-352，信息：风控校验失败。 {'code': -352, 'message': '风控校验失败', 'ttl': 1, 'data': {'v_voucher': 'voucher_3120194a-d7bc-4d08-a621-211adc69d146'}}
[WARN]: 作者 1097188235 抓取失败，已跳过。原因：接口返回错误代码：-352，信息：风控校验失败。 {'code': -352, 'message': '风控校验失败', 'ttl': 1, 'data': {'v_voucher': 'voucher_6e934238-67a7-4bd1-977b-1fb943464157'}}
[WARN]: 作者 1099377756 抓取失败，已跳过。原因：接口返回错误代码：-352，信息：风控校验失败。 {'code': -352, 'message': '风控校验失败', 'ttl': 1, 'data': {'v_voucher': 'voucher_661f76e9-e1fc-4747-a796-c7dfa70ef56c'}}
[WARN]: 作者 1099673525 抓取失败，已跳过。原因：接口返回错误代码：-352，信息：风控校验失败。 {'code': -352, 'message': '风控校验失败', 'ttl': 1, 'data': {'v_voucher': 'voucher_d922795a-1754-48e5-91ac-d75f0f6dc6c8'}}
[WARN]: 作者 1105817302 抓取失败，已跳过。原因：接口返回错误代码：-352，信息：风控校验失败。 {'code': -352, 'message': '风控校验失败', 'ttl': 1, 'data': {'v_voucher': 'voucher_da56bc85-a21a-4de4-b244-4793fc5456b4'}}
[WARN]: 作者 1105893008 抓取失败，已跳过。原因：接口返回错误代码：-352，信息：风控校验失败。 {'code': -352, 'message': '风控校验失败', 'ttl': 1, 'data': {'v_voucher': 'voucher_dac74205-006e-4a72-b2ec-5e6e4b340c25'}}
[WARN]: 作者 1106030635 抓取失败，已跳过。原因：接口返回错误代码：-352，信息：风控校验失败。 {'code': -352, 'message': '风控校验失败', 'ttl': 1, 'data': {'v_voucher': 'voucher_bba23d23-3444-4e68-a3fc-b332ee4dd535'}}
[WARN]: 作者 1107135622 抓取失败，已跳过。原因：接口返回错误代码：-352，信息：风控校验失败。 {'code': -352, 'message': '风控校验失败', 'ttl': 1, 'data': {'v_voucher': 'voucher_7ff805ef-5832-4ce2-8a2c-1733942695c7'}}
[WARN]: 作者 1108291129 抓取失败，已跳过。原因：接口返回错误代码：-352，信息：风控校验失败。 {'code': -352, 'message': '风控校验失败', 'ttl': 1, 'data': {'v_voucher': 'voucher_15cddeba-095b-4d54-a134-954d80c036fc'}}
[WARN]: 作者 1111222941 抓取失败，已跳过。原因：接口返回错误代码：-352，信息：风控校验失败。 {'code': -352, 'message': '风控校验失败', 'ttl': 1, 'data': {'v_voucher': 'voucher_99d59526-a5c4-46d6-92ac-c81e2f35fe45'}}
[WARN]: 作者 1111924041 抓取失败，已跳过。原因：接口返回错误代码：-352，信息：风控校验失败。 {'code': -352, 'message': '风控校验失败', 'ttl': 1, 'data': {'v_voucher': 'voucher_123c17b0-0b38-496d-b839-da32e573534b'}}
[WARN]: 作者 1116018914 抓取失败，已跳过。原因：接口返回错误代码：-352，信息：风控校验失败。 {'code': -352, 'message': '风控校验失败', 'ttl': 1, 'data': {'v_voucher': 'voucher_0b57f32e-ff3d-4950-a2b8-a214fa34abe2'}}
[WARN]: 作者 1117127637 抓取失败，已跳过。原因：接口返回错误代码：-352，信息：风控校验失败。 {'code': -352, 'message': '风控校验失败', 'ttl': 1, 'data': {'v_voucher': 'voucher_f58133a2-088d-48f4-a0ff-cbdb5661ee8e'}}
[WARN]: 作者 1123381680 抓取失败，已跳过。原因：接口返回错误代码：-352，信息：风控校验失败。 {'code': -352, 'message': '风控校验失败', 'ttl': 1, 'data': {'v_voucher': 'voucher_759bf76c-10d7-48f6-ba98-e0326f920da9'}}
[WARN]: 作者 1125242358 抓取失败，已跳过。原因：接口返回错误代码：-352，信息：风控校验失败。 {'code': -352, 'message': '风控校验失败', 'ttl': 1, 'data': {'v_voucher': 'voucher_ba95b699-badd-4dfe-99cf-6a794a75f6a6'}}
[WARN]: 作者 1127074804 抓取失败，已跳过。原因：接口返回错误代码：-352，信息：风控校验失败。 {'code': -352, 'message': '风控校验失败', 'ttl': 1, 'data': {'v_voucher': 'voucher_b0745284-a9fe-4387-8eef-bc25936c9e77'}}
[WARN]: 作者 1127791040 抓取失败，已跳过。原因：接口返回错误代码：-352，信息：风控校验失败。 {'code': -352, 'message': '风控校验失败', 'ttl': 1, 'data': {'v_voucher': 'voucher_72a5f86f-1d22-4b5f-bedc-738bd581007c'}}
[WARN]: 作者 1128814315 抓取失败，已跳过。原因：接口返回错误代码：-352，信息：风控校验失败。 {'code': -352, 'message': '风控校验失败', 'ttl': 1, 'data': {'v_voucher': 'voucher_be746016-6de6-4d29-864e-9b1c148cf0ca'}}
[WARN]: 作者 1131313188 抓取失败，已跳过。原因：接口返回错误代码：-352，信息：风控校验失败。 {'code': -352, 'message': '风控校验失败', 'ttl': 1, 'data': {'v_voucher': 'voucher_88bbf974-dda3-4250-b871-098b610a3198'}}
[WARN]: 作者 1131534625 抓取失败，已跳过。原因：接口返回错误代码：-352，信息：风控校验失败。 {'code': -352, 'message': '风控校验失败', 'ttl': 1, 'data': {'v_voucher': 'voucher_079b2673-1293-4f73-8132-c92e86a3bc6f'}}
[INFO]: 第 16/65 批完成，新增 0 条视频，累计 29192 条。
[WARN]: 本批有 20 个作者抓取失败。
[WARN]: 检测到当前批次全部作者抓取失败，已提前停止后续批次，并将输出本次已抓取视频列表及剩余作者 UID。
[INFO]: 全局 videolist 去重检查完成：历史任务中已有 144672 个唯一 bvid，本次过滤掉 14 条重复视频。
[INFO]: 已在导出前移除与 `uid_expansions/` 历史 videolist 重复的视频条目，确保全局视频列表保持增量不重。
[INFO]: 视频列表已导出：outputs\video_pool\uid_expansions\uid_expansion_180_days_20260322_214916\videolist_part_6.csv
[INFO]: 剩余作者 UID 已导出：outputs\video_pool\uid_expansions\uid_expansion_180_days_20260322_214916\remaining_uids_part_6.csv
[ERROR]: 作者批量抓取任务失败：[WinError 5] 拒绝访问。: 'outputs\\video_pool\\uid_expansions\\uid_expansion_180_days_20260322_214916' -> 'outputs\\video_pool\\uid_expansions\\uid_expansion_2509...
[TIMESTAMP][END] 2026-03-25T17:09:23
