[INFO]: 识别到已有 uid_expansion 会话：outputs/video_pool/uid_expansions/uid_expansion_180_days_20260322_214916，本次将保存为 part_3。
[INFO]: 去重后共有 2144 个作者待抓取。
[INFO]: 开始执行作者批量抓取任务，lookback_days=180。
[INFO]: 本次 uid_expansion 会话目录：outputs/video_pool/uid_expansions/uid_expansion_180_days_20260322_214916，当前 part_3。
[INFO]: 开始处理第 1/108 批作者，共 20 个。
[INFO]: 第 1/108 批完成，新增 1185 条视频，累计 1185 条。
[INFO]: 批次间暂停 8 秒，降低请求频率。
[INFO]: 开始处理第 2/108 批作者，共 20 个。
[INFO]: 第 2/108 批完成，新增 2788 条视频，累计 3973 条。
[INFO]: 批次间暂停 8 秒，降低请求频率。
[INFO]: 开始处理第 3/108 批作者，共 20 个。
[INFO]: 第 3/108 批完成，新增 1966 条视频，累计 5939 条。
[INFO]: 批次间暂停 8 秒，降低请求频率。
[INFO]: 开始处理第 4/108 批作者，共 20 个。
[INFO]: 第 4/108 批完成，新增 2597 条视频，累计 8536 条。
[INFO]: 批次间暂停 8 秒，降低请求频率。
[INFO]: 开始处理第 5/108 批作者，共 20 个。
[INFO]: 第 5/108 批完成，新增 1500 条视频，累计 10036 条。
[INFO]: 批次间暂停 8 秒，降低请求频率。
[INFO]: 开始处理第 6/108 批作者，共 20 个。
[INFO]: 第 6/108 批完成，新增 2353 条视频，累计 12389 条。
[INFO]: 批次间暂停 8 秒，降低请求频率。
[INFO]: 开始处理第 7/108 批作者，共 20 个。
[INFO]: 第 7/108 批完成，新增 2102 条视频，累计 14491 条。
[INFO]: 批次间暂停 8 秒，降低请求频率。
[INFO]: 开始处理第 8/108 批作者，共 20 个。
[INFO]: 第 8/108 批完成，新增 2502 条视频，累计 16993 条。
[INFO]: 批次间暂停 8 秒，降低请求频率。
[INFO]: 开始处理第 9/108 批作者，共 20 个。
[INFO]: 第 9/108 批完成，新增 1401 条视频，累计 18394 条。
[INFO]: 批次间暂停 8 秒，降低请求频率。
[INFO]: 开始处理第 10/108 批作者，共 20 个。
[INFO]: 第 10/108 批完成，新增 1362 条视频，累计 19756 条。
[INFO]: 批次间暂停 8 秒，降低请求频率。
[INFO]: 开始处理第 11/108 批作者，共 20 个。
[INFO]: 第 11/108 批完成，新增 2345 条视频，累计 22101 条。
[INFO]: 批次间暂停 8 秒，降低请求频率。
[INFO]: 开始处理第 12/108 批作者，共 20 个。
[INFO]: 第 12/108 批完成，新增 1687 条视频，累计 23788 条。
[INFO]: 批次间暂停 8 秒，降低请求频率。
[INFO]: 开始处理第 13/108 批作者，共 20 个。
[INFO]: 第 13/108 批完成，新增 2165 条视频，累计 25953 条。
[INFO]: 批次间暂停 8 秒，降低请求频率。
[INFO]: 开始处理第 14/108 批作者，共 20 个。
[INFO]: 第 14/108 批完成，新增 2338 条视频，累计 28291 条。
[INFO]: 批次间暂停 8 秒，降低请求频率。
[INFO]: 开始处理第 15/108 批作者，共 20 个。
[WARN]: 作者 273710185 抓取失败，已跳过。原因：接口返回错误代码：-352，信息：风控校验失败。 {'code': -352, 'message': '风控校验失败', 'ttl': 1, 'data': {'v_voucher': 'voucher_497e5cdc-ddca-4076-960b-a0b48a9dff8f'}}
[WARN]: 作者 274676347 抓取失败，已跳过。原因：接口返回错误代码：-352，信息：风控校验失败。 {'code': -352, 'message': '风控校验失败', 'ttl': 1, 'data': {'v_voucher': 'voucher_f0b1f317-0d22-4c8f-a46c-5740b28c51e5'}}
[WARN]: 作者 276281827 抓取失败，已跳过。原因：接口返回错误代码：-352，信息：风控校验失败。 {'code': -352, 'message': '风控校验失败', 'ttl': 1, 'data': {'v_voucher': 'voucher_d2b1a6c3-a750-4e6b-82a2-f2a8c6ab2612'}}
[WARN]: 作者 276928941 抓取失败，已跳过。原因：接口返回错误代码：-352，信息：风控校验失败。 {'code': -352, 'message': '风控校验失败', 'ttl': 1, 'data': {'v_voucher': 'voucher_3fc08c93-9ea8-4938-88da-8d4a7751898b'}}
[WARN]: 作者 278332595 抓取失败，已跳过。原因：接口返回错误代码：-352，信息：风控校验失败。 {'code': -352, 'message': '风控校验失败', 'ttl': 1, 'data': {'v_voucher': 'voucher_a724a8ab-83ae-4906-a6c5-e5e7f768c79e'}}
[WARN]: 作者 278498937 抓取失败，已跳过。原因：接口返回错误代码：-352，信息：风控校验失败。 {'code': -352, 'message': '风控校验失败', 'ttl': 1, 'data': {'v_voucher': 'voucher_cac5d056-fe86-4a4b-8ad7-35ccaf9a91f0'}}
[WARN]: 作者 278743852 抓取失败，已跳过。原因：接口返回错误代码：-352，信息：风控校验失败。 {'code': -352, 'message': '风控校验失败', 'ttl': 1, 'data': {'v_voucher': 'voucher_87265345-f930-4bae-9838-9b7ae15bfd61'}}
[WARN]: 作者 279546260 抓取失败，已跳过。原因：接口返回错误代码：-352，信息：风控校验失败。 {'code': -352, 'message': '风控校验失败', 'ttl': 1, 'data': {'v_voucher': 'voucher_3ef88b7f-b9fd-49b7-b6e1-53252772e2b8'}}
[INFO]: 第 15/108 批完成，新增 658 条视频，累计 28949 条。
[WARN]: 本批有 8 个作者抓取失败。
[INFO]: 批次间暂停 8 秒，降低请求频率。
[INFO]: 开始处理第 16/108 批作者，共 20 个。
[WARN]: 作者 279991456 抓取失败，已跳过。原因：接口返回错误代码：-352，信息：风控校验失败。 {'code': -352, 'message': '风控校验失败', 'ttl': 1, 'data': {'v_voucher': 'voucher_cd69ee3f-298c-4430-91f6-7fc519c41f97'}}
[WARN]: 作者 281341996 抓取失败，已跳过。原因：接口返回错误代码：-352，信息：风控校验失败。 {'code': -352, 'message': '风控校验失败', 'ttl': 1, 'data': {'v_voucher': 'voucher_a18cd55f-1acd-4896-93a9-709bffdfd7ea'}}
[WARN]: 作者 281398234 抓取失败，已跳过。原因：接口返回错误代码：-352，信息：风控校验失败。 {'code': -352, 'message': '风控校验失败', 'ttl': 1, 'data': {'v_voucher': 'voucher_0c65ded5-38be-4eda-b8e2-c35ec5a61067'}}
[WARN]: 作者 281605299 抓取失败，已跳过。原因：接口返回错误代码：-352，信息：风控校验失败。 {'code': -352, 'message': '风控校验失败', 'ttl': 1, 'data': {'v_voucher': 'voucher_27840d19-7f51-4af6-96e0-c32828fec42c'}}
[WARN]: 作者 281992649 抓取失败，已跳过。原因：接口返回错误代码：-352，信息：风控校验失败。 {'code': -352, 'message': '风控校验失败', 'ttl': 1, 'data': {'v_voucher': 'voucher_0b052e6a-aa16-483c-b723-22583dbcb88b'}}
[WARN]: 作者 282000176 抓取失败，已跳过。原因：接口返回错误代码：-352，信息：风控校验失败。 {'code': -352, 'message': '风控校验失败', 'ttl': 1, 'data': {'v_voucher': 'voucher_bb789044-767d-4ca5-a9f3-72f178b85350'}}
[WARN]: 作者 282237799 抓取失败，已跳过。原因：接口返回错误代码：-352，信息：风控校验失败。 {'code': -352, 'message': '风控校验失败', 'ttl': 1, 'data': {'v_voucher': 'voucher_7e4e3416-219d-45cd-a1ec-9424a290ce73'}}
[WARN]: 作者 282645129 抓取失败，已跳过。原因：接口返回错误代码：-352，信息：风控校验失败。 {'code': -352, 'message': '风控校验失败', 'ttl': 1, 'data': {'v_voucher': 'voucher_50a38083-cb08-4e1d-88dd-c6958bbd7c59'}}
[WARN]: 作者 282646866 抓取失败，已跳过。原因：接口返回错误代码：-352，信息：风控校验失败。 {'code': -352, 'message': '风控校验失败', 'ttl': 1, 'data': {'v_voucher': 'voucher_742f3f51-34f4-44af-9ecc-2f863be3907d'}}
[WARN]: 作者 283013661 抓取失败，已跳过。原因：接口返回错误代码：-352，信息：风控校验失败。 {'code': -352, 'message': '风控校验失败', 'ttl': 1, 'data': {'v_voucher': 'voucher_1d1dc07b-b40f-4289-8ad0-959a2ba7f2c6'}}
[WARN]: 作者 283310205 抓取失败，已跳过。原因：接口返回错误代码：-352，信息：风控校验失败。 {'code': -352, 'message': '风控校验失败', 'ttl': 1, 'data': {'v_voucher': 'voucher_2fd0abf3-d793-4585-968b-04a26672b881'}}
[WARN]: 作者 283370698 抓取失败，已跳过。原因：接口返回错误代码：-352，信息：风控校验失败。 {'code': -352, 'message': '风控校验失败', 'ttl': 1, 'data': {'v_voucher': 'voucher_ee6507f5-1af9-46c9-aed8-91036a606e91'}}
[WARN]: 作者 283689988 抓取失败，已跳过。原因：接口返回错误代码：-352，信息：风控校验失败。 {'code': -352, 'message': '风控校验失败', 'ttl': 1, 'data': {'v_voucher': 'voucher_70bd0121-3e92-41fb-a5e7-fe0b7aadf84e'}}
[WARN]: 作者 283857119 抓取失败，已跳过。原因：接口返回错误代码：-352，信息：风控校验失败。 {'code': -352, 'message': '风控校验失败', 'ttl': 1, 'data': {'v_voucher': 'voucher_81cd1720-9e90-4eca-835f-6debae950ab8'}}
[WARN]: 作者 284700508 抓取失败，已跳过。原因：接口返回错误代码：-352，信息：风控校验失败。 {'code': -352, 'message': '风控校验失败', 'ttl': 1, 'data': {'v_voucher': 'voucher_74863c80-e90c-4d87-9c25-5aa648839fdb'}}
[WARN]: 作者 286186313 抓取失败，已跳过。原因：接口返回错误代码：-352，信息：风控校验失败。 {'code': -352, 'message': '风控校验失败', 'ttl': 1, 'data': {'v_voucher': 'voucher_125a63aa-b1af-4ae6-ad3a-58b10eeeb199'}}
[WARN]: 作者 286283153 抓取失败，已跳过。原因：接口返回错误代码：-352，信息：风控校验失败。 {'code': -352, 'message': '风控校验失败', 'ttl': 1, 'data': {'v_voucher': 'voucher_dc663d81-e59e-4f9a-bdaa-671554aa5a39'}}
[WARN]: 作者 289033867 抓取失败，已跳过。原因：接口返回错误代码：-352，信息：风控校验失败。 {'code': -352, 'message': '风控校验失败', 'ttl': 1, 'data': {'v_voucher': 'voucher_c893b834-445f-41fa-adc8-99d32a5bd2ea'}}
[WARN]: 作者 289070684 抓取失败，已跳过。原因：接口返回错误代码：-352，信息：风控校验失败。 {'code': -352, 'message': '风控校验失败', 'ttl': 1, 'data': {'v_voucher': 'voucher_bbd5654b-245f-4d8e-ba40-27f1eb76f150'}}
[WARN]: 作者 289368676 抓取失败，已跳过。原因：接口返回错误代码：-352，信息：风控校验失败。 {'code': -352, 'message': '风控校验失败', 'ttl': 1, 'data': {'v_voucher': 'voucher_f8c4bf1b-88d8-4cc7-9c02-2b09839cdab1'}}
[INFO]: 第 16/108 批完成，新增 0 条视频，累计 28949 条。
[WARN]: 本批有 20 个作者抓取失败。
[WARN]: 检测到当前批次全部作者抓取失败，已提前停止后续批次，并将输出本次已抓取视频列表及剩余作者 UID。
[INFO]: 视频列表已导出：outputs\video_pool\uid_expansions\uid_expansion_180_days_20260322_214916\videolist_part_3.csv
[INFO]: 剩余作者 UID 已导出：outputs\video_pool\uid_expansions\uid_expansion_180_days_20260322_214916\remaining_uids_part_3.csv
[INFO]: 导出完成：outputs\video_pool\uid_expansions\uid_expansion_180_days_20260322_214916\videolist_part_3.csv
