[TIMESTAMP][BEGIN] 2026-03-29T14:07:20
uid_expansion 任务总结
session_dir: outputs/video_pool/uid_expansions/uid_expansion_20250923_20260329_140720
requested_window_start_at: 2025-09-23T00:00:00
requested_window_end_at: 2026-03-29T16:46:54
effective_window_start_at: 2026-03-22T00:00:00
effective_window_end_at: 2026-03-29T16:46:54
actual_window_start_at: 2026-03-22T02:26:43
actual_window_end_at: 2026-03-29T16:45:30
original_uid_count: 2970
history_reused_owner_count: 2970
part_count: 3
interruption_count: 2
total_video_count: 14906
total_successful_owner_count: 2970

parts:
- part_1:
  started_at=2026-03-29T14:07:20
  finished_at=2026-03-29T15:02:02
  input_owner_count=2970
  successful_owner_count=1098
  failed_owner_count=202
  remaining_owner_count=1872
  video_count=4167
  effective_window_start_at=2026-03-22T00:00:00
  effective_window_end_at=2026-03-29T14:07:20
  actual_window_start_at=2026-03-22T17:56:26
  actual_window_end_at=2026-03-29T14:07:18
  processed_batches=65/149
  stop_reason=full_failed_batch_stop
  stopped_batch_index=65
  video_file=videolist_part_1.csv
  remaining_file=remaining_uids_part_1.csv
  log_file=logs/20260329_150202_888688_uid_expansion_part_1.log
- part_2:
  started_at=2026-03-29T15:36:46
  finished_at=2026-03-29T16:24:39
  input_owner_count=1872
  successful_owner_count=1015
  failed_owner_count=85
  remaining_owner_count=857
  video_count=5322
  effective_window_start_at=2026-03-22T00:00:00
  effective_window_end_at=2026-03-29T15:36:46
  actual_window_start_at=2026-03-22T15:34:20
  actual_window_end_at=2026-03-29T15:35:47
  processed_batches=55/94
  stop_reason=full_failed_batch_stop
  stopped_batch_index=55
  video_file=videolist_part_2.csv
  remaining_file=remaining_uids_part_2.csv
  log_file=logs/20260329_162439_879955_uid_expansion_part_2.log
- part_3:
  started_at=2026-03-29T16:46:54
  finished_at=2026-03-29T17:26:39
  input_owner_count=857
  successful_owner_count=857
  failed_owner_count=0
  remaining_owner_count=0
  video_count=5417
  effective_window_start_at=2026-03-22T00:00:00
  effective_window_end_at=2026-03-29T16:46:54
  actual_window_start_at=2026-03-22T02:26:43
  actual_window_end_at=2026-03-29T16:45:30
  processed_batches=43/43
  stop_reason=completed_all_batches
  stopped_batch_index=None
  video_file=videolist_part_3.csv
  remaining_file=
  log_file=logs/20260329_172639_127179_uid_expansion_part_3.log
[TIMESTAMP][END] 2026-03-29T17:26:39
