[TIMESTAMP][BEGIN] 2026-04-07T17:18:37
[INFO]: 已创建新的 uid_expansion 会话目录：outputs/video_pool/uid_expansions/uid_expansion_20260325_20260407_171837（start_date=2026-03-25，task_started_at=2026-04-07T17:18:37）。
[INFO]: 历史任务增量检查完成：509 个作者命中过往 original_uids，0 个作者按全局 start_date 抓取；命中历史的作者将从其最近一次任务开始日（含当天）继续抓取。
[INFO]: 开始处理第 1/26 批作者，共 20 个。
[INFO]: 第 1/26 批完成，新增 73 条视频，累计 73 条。
[INFO]: 批次间暂停 8 秒，降低请求频率。
[INFO]: 开始处理第 2/26 批作者，共 20 个。
[INFO]: 第 2/26 批完成，新增 71 条视频，累计 144 条。
[INFO]: 批次间暂停 8 秒，降低请求频率。
[INFO]: 开始处理第 3/26 批作者，共 20 个。
[WARN]: 作者 25876945 抓取失败，已跳过。原因：网络错误，状态码：412 - <!DOCTYPE html> <html lang="zh-cn"> <head> <meta http-equiv="Access-Control-Allow-Origin" content="*" /> <meta http-equiv="Page-Enter" content...
[INFO]: 第 3/26 批完成，新增 40 条视频，累计 184 条。
[WARN]: 本批有 1 个作者抓取失败。
[INFO]: 批次间暂停 8 秒，降低请求频率。
[INFO]: 开始处理第 4/26 批作者，共 20 个。
[INFO]: 第 4/26 批完成，新增 24 条视频，累计 208 条。
[INFO]: 批次间暂停 8 秒，降低请求频率。
[INFO]: 开始处理第 5/26 批作者，共 20 个。
[WARN]: 作者 1195284234 抓取失败，已跳过。原因：网络错误，状态码：412 - <!DOCTYPE html> <html lang="zh-cn"> <head> <meta http-equiv="Access-Control-Allow-Origin" content="*" /> <meta http-equiv="Page-Enter" content...
[INFO]: 第 5/26 批完成，新增 28 条视频，累计 236 条。
[WARN]: 本批有 1 个作者抓取失败。
[INFO]: 批次间暂停 8 秒，降低请求频率。
[INFO]: 开始处理第 6/26 批作者，共 20 个。
[WARN]: 作者 18343098 抓取失败，已跳过。原因：网络错误，状态码：412 - <!DOCTYPE html> <html lang="zh-cn"> <head> <meta http-equiv="Access-Control-Allow-Origin" content="*" /> <meta http-equiv="Page-Enter" content...
[INFO]: 第 6/26 批完成，新增 50 条视频，累计 286 条。
[WARN]: 本批有 1 个作者抓取失败。
[INFO]: 批次间暂停 8 秒，降低请求频率。
[INFO]: 开始处理第 7/26 批作者，共 20 个。
[WARN]: 作者 7349 抓取失败，已跳过。原因：网络错误，状态码：412 - <!DOCTYPE html> <html lang="zh-cn"> <head> <meta http-equiv="Access-Control-Allow-Origin" content="*" /> <meta http-equiv="Page-Enter" content...
[WARN]: 作者 6336952 抓取失败，已跳过。原因：网络错误，状态码：412 - <!DOCTYPE html> <html lang="zh-cn"> <head> <meta http-equiv="Access-Control-Allow-Origin" content="*" /> <meta http-equiv="Page-Enter" content...
[INFO]: 第 7/26 批完成，新增 24 条视频，累计 310 条。
[WARN]: 本批有 2 个作者抓取失败。
[INFO]: 批次间暂停 8 秒，降低请求频率。
[INFO]: 开始处理第 8/26 批作者，共 20 个。
[WARN]: 作者 617285 抓取失败，已跳过。原因：网络错误，状态码：412 - <!DOCTYPE html> <html lang="zh-cn"> <head> <meta http-equiv="Access-Control-Allow-Origin" content="*" /> <meta http-equiv="Page-Enter" content...
[WARN]: 作者 407045223 抓取失败，已跳过。原因：网络错误，状态码：412 - <!DOCTYPE html> <html lang="zh-cn"> <head> <meta http-equiv="Access-Control-Allow-Origin" content="*" /> <meta http-equiv="Page-Enter" content...
[INFO]: 第 8/26 批完成，新增 42 条视频，累计 352 条。
[WARN]: 本批有 2 个作者抓取失败。
[INFO]: 批次间暂停 8 秒，降低请求频率。
[INFO]: 开始处理第 9/26 批作者，共 20 个。
[WARN]: 作者 14890801 抓取失败，已跳过。原因：网络错误，状态码：412 - <!DOCTYPE html> <html lang="zh-cn"> <head> <meta http-equiv="Access-Control-Allow-Origin" content="*" /> <meta http-equiv="Page-Enter" content...
[INFO]: 第 9/26 批完成，新增 77 条视频，累计 429 条。
[WARN]: 本批有 1 个作者抓取失败。
[INFO]: 批次间暂停 8 秒，降低请求频率。
[INFO]: 开始处理第 10/26 批作者，共 20 个。
[INFO]: 第 10/26 批完成，新增 210 条视频，累计 639 条。
[INFO]: 批次间暂停 8 秒，降低请求频率。
[INFO]: 开始处理第 11/26 批作者，共 20 个。
[WARN]: 作者 256237759 抓取失败，已跳过。原因：网络错误，状态码：412 - <!DOCTYPE html> <html lang="zh-cn"> <head> <meta http-equiv="Access-Control-Allow-Origin" content="*" /> <meta http-equiv="Page-Enter" content...
[INFO]: 第 11/26 批完成，新增 83 条视频，累计 722 条。
[WARN]: 本批有 1 个作者抓取失败。
[INFO]: 批次间暂停 8 秒，降低请求频率。
[INFO]: 开始处理第 12/26 批作者，共 20 个。
[WARN]: 作者 1640739521 抓取失败，已跳过。原因：网络错误，状态码：412 - <!DOCTYPE html> <html lang="zh-cn"> <head> <meta http-equiv="Access-Control-Allow-Origin" content="*" /> <meta http-equiv="Page-Enter" content...
[INFO]: 第 12/26 批完成，新增 32 条视频，累计 754 条。
[WARN]: 本批有 1 个作者抓取失败。
[INFO]: 批次间暂停 8 秒，降低请求频率。
[INFO]: 开始处理第 13/26 批作者，共 20 个。
[WARN]: 作者 3537108222347306 抓取失败，已跳过。原因：网络错误，状态码：412 - <!DOCTYPE html> <html lang="zh-cn"> <head> <meta http-equiv="Access-Control-Allow-Origin" content="*" /> <meta http-equiv="Page-Enter" content...
[INFO]: 第 13/26 批完成，新增 70 条视频，累计 824 条。
[WARN]: 本批有 1 个作者抓取失败。
[INFO]: 批次间暂停 8 秒，降低请求频率。
[INFO]: 开始处理第 14/26 批作者，共 20 个。
[WARN]: 作者 396657882 抓取失败，已跳过。原因：网络错误，状态码：412 - <!DOCTYPE html> <html lang="zh-cn"> <head> <meta http-equiv="Access-Control-Allow-Origin" content="*" /> <meta http-equiv="Page-Enter" content...
[INFO]: 第 14/26 批完成，新增 64 条视频，累计 888 条。
[WARN]: 本批有 1 个作者抓取失败。
[INFO]: 批次间暂停 8 秒，降低请求频率。
[INFO]: 开始处理第 15/26 批作者，共 20 个。
[WARN]: 作者 2378703 抓取失败，已跳过。原因：网络错误，状态码：412 - <!DOCTYPE html> <html lang="zh-cn"> <head> <meta http-equiv="Access-Control-Allow-Origin" content="*" /> <meta http-equiv="Page-Enter" content...
[INFO]: 第 15/26 批完成，新增 81 条视频，累计 969 条。
[WARN]: 本批有 1 个作者抓取失败。
[INFO]: 批次间暂停 8 秒，降低请求频率。
[INFO]: 开始处理第 16/26 批作者，共 20 个。
[WARN]: 作者 3546727422364508 抓取失败，已跳过。原因：网络错误，状态码：412 - <!DOCTYPE html> <html lang="zh-cn"> <head> <meta http-equiv="Access-Control-Allow-Origin" content="*" /> <meta http-equiv="Page-Enter" content...
[INFO]: 第 16/26 批完成，新增 67 条视频，累计 1036 条。
[WARN]: 本批有 1 个作者抓取失败。
[INFO]: 批次间暂停 8 秒，降低请求频率。
[INFO]: 开始处理第 17/26 批作者，共 20 个。
[INFO]: 第 17/26 批完成，新增 179 条视频，累计 1215 条。
[INFO]: 批次间暂停 8 秒，降低请求频率。
[INFO]: 开始处理第 18/26 批作者，共 20 个。
[INFO]: 第 18/26 批完成，新增 48 条视频，累计 1263 条。
[INFO]: 批次间暂停 8 秒，降低请求频率。
[INFO]: 开始处理第 19/26 批作者，共 20 个。
[WARN]: 作者 1268631936 抓取失败，已跳过。原因：网络错误，状态码：412 - <!DOCTYPE html> <html lang="zh-cn"> <head> <meta http-equiv="Access-Control-Allow-Origin" content="*" /> <meta http-equiv="Page-Enter" content...
[INFO]: 第 19/26 批完成，新增 205 条视频，累计 1468 条。
[WARN]: 本批有 1 个作者抓取失败。
[INFO]: 批次间暂停 8 秒，降低请求频率。
[INFO]: 开始处理第 20/26 批作者，共 20 个。
[WARN]: 作者 6139358 抓取失败，已跳过。原因：网络错误，状态码：412 - <!DOCTYPE html> <html lang="zh-cn"> <head> <meta http-equiv="Access-Control-Allow-Origin" content="*" /> <meta http-equiv="Page-Enter" content...
[WARN]: 作者 1458436838 抓取失败，已跳过。原因：网络错误，状态码：412 - <!DOCTYPE html> <html lang="zh-cn"> <head> <meta http-equiv="Access-Control-Allow-Origin" content="*" /> <meta http-equiv="Page-Enter" content...
[INFO]: 第 20/26 批完成，新增 81 条视频，累计 1549 条。
[WARN]: 本批有 2 个作者抓取失败。
[INFO]: 批次间暂停 8 秒，降低请求频率。
[INFO]: 开始处理第 21/26 批作者，共 20 个。
[INFO]: 第 21/26 批完成，新增 94 条视频，累计 1643 条。
[INFO]: 批次间暂停 8 秒，降低请求频率。
[INFO]: 开始处理第 22/26 批作者，共 20 个。
[WARN]: 作者 384390687 抓取失败，已跳过。原因：网络错误，状态码：412 - <!DOCTYPE html> <html lang="zh-cn"> <head> <meta http-equiv="Access-Control-Allow-Origin" content="*" /> <meta http-equiv="Page-Enter" content...
[INFO]: 第 22/26 批完成，新增 48 条视频，累计 1691 条。
[WARN]: 本批有 1 个作者抓取失败。
[INFO]: 批次间暂停 8 秒，降低请求频率。
[INFO]: 开始处理第 23/26 批作者，共 20 个。
[WARN]: 作者 393738271 抓取失败，已跳过。原因：网络错误，状态码：412 - <!DOCTYPE html> <html lang="zh-cn"> <head> <meta http-equiv="Access-Control-Allow-Origin" content="*" /> <meta http-equiv="Page-Enter" content...
[WARN]: 作者 490187919 抓取失败，已跳过。原因：网络错误，状态码：412 - <!DOCTYPE html> <html lang="zh-cn"> <head> <meta http-equiv="Access-Control-Allow-Origin" content="*" /> <meta http-equiv="Page-Enter" content...
[WARN]: 作者 3632303139981986 抓取失败，已跳过。原因：网络错误，状态码：412 - <!DOCTYPE html> <html lang="zh-cn"> <head> <meta http-equiv="Access-Control-Allow-Origin" content="*" /> <meta http-equiv="Page-Enter" content...
[INFO]: 第 23/26 批完成，新增 75 条视频，累计 1766 条。
[WARN]: 本批有 3 个作者抓取失败。
[INFO]: 批次间暂停 8 秒，降低请求频率。
[INFO]: 开始处理第 24/26 批作者，共 20 个。
[WARN]: 作者 3493138928765062 抓取失败，已跳过。原因：网络错误，状态码：412 - <!DOCTYPE html> <html lang="zh-cn"> <head> <meta http-equiv="Access-Control-Allow-Origin" content="*" /> <meta http-equiv="Page-Enter" content...
[WARN]: 作者 3546759944997753 抓取失败，已跳过。原因：网络错误，状态码：412 - <!DOCTYPE html> <html lang="zh-cn"> <head> <meta http-equiv="Access-Control-Allow-Origin" content="*" /> <meta http-equiv="Page-Enter" content...
[INFO]: 第 24/26 批完成，新增 63 条视频，累计 1829 条。
[WARN]: 本批有 2 个作者抓取失败。
[INFO]: 批次间暂停 8 秒，降低请求频率。
[INFO]: 开始处理第 25/26 批作者，共 20 个。
[INFO]: 第 25/26 批完成，新增 87 条视频，累计 1916 条。
[INFO]: 批次间暂停 8 秒，降低请求频率。
[INFO]: 开始处理第 26/26 批作者，共 9 个。
[WARN]: 作者 36787395 抓取失败，已跳过。原因：网络错误，状态码：412 - <!DOCTYPE html> <html lang="zh-cn"> <head> <meta http-equiv="Access-Control-Allow-Origin" content="*" /> <meta http-equiv="Page-Enter" content...
[INFO]: 第 26/26 批完成，新增 22 条视频，累计 1938 条。
[WARN]: 本批有 1 个作者抓取失败。
[INFO]: 全局 videolist 去重检查完成：历史任务中已有 3937 个唯一 bvid，本次过滤掉 180 条重复视频。
[TIMESTAMP][END] 2026-04-07T19:35:04
