[TIMESTAMP][BEGIN] 2026-04-11T02:29:51.865392
Bilibili Video Data Crawler Batch Crawl Summary
session_dir: D:\Schoolworks\Thesis\Bilibili-Datahub\outputs\video_data\manual_crawls\manual_crawl_stat_comment_20260411_022942
session_started_at: 2026-04-11T02:29:51.865392
session_completed_at: 2026-04-11T05:54:24.115194
original_csv_name: batch_input_1.csv
task_mode: realtime_only
original_bvid_count: 100
part_count: 16
interruption_count: 0
completed_all: True

part_1:
  started_at: 2026-04-11T02:29:51.865392
  finished_at: 2026-04-11T02:40:26.485143
  source_csv_name: batch_input_1.csv
  task_mode: realtime_only
  input_bvid_count: 100
  processed_count: 100
  success_count: 99
  failed_count: 1
  remaining_count: 1
  consecutive_failure_limit: 10
  stopped_due_to_consecutive_failures: False
  stop_reason: 当前子任务已结束，但仍有未成功抓取的视频，已导出 remaining CSV 供继续执行。
  log_file: logs/batch_crawl_part_1_20260411_024026.log
  remaining_file: remaining_bvids_part_1.csv

part_2:
  started_at: 2026-04-11T02:40:26.780403
  finished_at: 2026-04-11T02:49:57.063174
  source_csv_name: batch_input_2.csv
  task_mode: realtime_only
  input_bvid_count: 100
  processed_count: 100
  success_count: 100
  failed_count: 0
  remaining_count: 0
  consecutive_failure_limit: 10
  stopped_due_to_consecutive_failures: False
  stop_reason: 当前 batch_crawl 已完成，所有视频均已成功抓取。
  log_file: logs/batch_crawl_part_2_20260411_024957.log
  remaining_file: 

part_3:
  started_at: 2026-04-11T02:49:57.229045
  finished_at: 2026-04-11T02:58:31.342233
  source_csv_name: batch_input_3.csv
  task_mode: realtime_only
  input_bvid_count: 100
  processed_count: 100
  success_count: 99
  failed_count: 1
  remaining_count: 1
  consecutive_failure_limit: 10
  stopped_due_to_consecutive_failures: False
  stop_reason: 当前子任务已结束，但仍有未成功抓取的视频，已导出 remaining CSV 供继续执行。
  log_file: logs/batch_crawl_part_3_20260411_025831.log
  remaining_file: remaining_bvids_part_3.csv

part_4:
  started_at: 2026-04-11T02:58:31.507421
  finished_at: 2026-04-11T03:17:10.856445
  source_csv_name: batch_input_4.csv
  task_mode: realtime_only
  input_bvid_count: 100
  processed_count: 100
  success_count: 100
  failed_count: 0
  remaining_count: 0
  consecutive_failure_limit: 10
  stopped_due_to_consecutive_failures: False
  stop_reason: 当前 batch_crawl 已完成，所有视频均已成功抓取。
  log_file: logs/batch_crawl_part_4_20260411_031710.log
  remaining_file: 

part_5:
  started_at: 2026-04-11T03:17:11.030670
  finished_at: 2026-04-11T03:42:44.148716
  source_csv_name: batch_input_5.csv
  task_mode: realtime_only
  input_bvid_count: 100
  processed_count: 100
  success_count: 99
  failed_count: 1
  remaining_count: 1
  consecutive_failure_limit: 10
  stopped_due_to_consecutive_failures: False
  stop_reason: 当前子任务已结束，但仍有未成功抓取的视频，已导出 remaining CSV 供继续执行。
  log_file: logs/batch_crawl_part_5_20260411_034244.log
  remaining_file: remaining_bvids_part_5.csv

part_6:
  started_at: 2026-04-11T03:42:44.334313
  finished_at: 2026-04-11T03:53:00.365091
  source_csv_name: batch_input_6.csv
  task_mode: realtime_only
  input_bvid_count: 100
  processed_count: 100
  success_count: 100
  failed_count: 0
  remaining_count: 0
  consecutive_failure_limit: 10
  stopped_due_to_consecutive_failures: False
  stop_reason: 当前 batch_crawl 已完成，所有视频均已成功抓取。
  log_file: logs/batch_crawl_part_6_20260411_035300.log
  remaining_file: 

part_7:
  started_at: 2026-04-11T03:53:00.557526
  finished_at: 2026-04-11T04:26:17.391698
  source_csv_name: batch_input_7.csv
  task_mode: realtime_only
  input_bvid_count: 100
  processed_count: 100
  success_count: 98
  failed_count: 2
  remaining_count: 2
  consecutive_failure_limit: 10
  stopped_due_to_consecutive_failures: False
  stop_reason: 当前子任务已结束，但仍有未成功抓取的视频，已导出 remaining CSV 供继续执行。
  log_file: logs/batch_crawl_part_7_20260411_042617.log
  remaining_file: remaining_bvids_part_7.csv

part_8:
  started_at: 2026-04-11T04:26:17.552267
  finished_at: 2026-04-11T04:37:15.570685
  source_csv_name: batch_input_8.csv
  task_mode: realtime_only
  input_bvid_count: 100
  processed_count: 100
  success_count: 100
  failed_count: 0
  remaining_count: 0
  consecutive_failure_limit: 10
  stopped_due_to_consecutive_failures: False
  stop_reason: 当前 batch_crawl 已完成，所有视频均已成功抓取。
  log_file: logs/batch_crawl_part_8_20260411_043715.log
  remaining_file: 

part_9:
  started_at: 2026-04-11T04:37:15.704817
  finished_at: 2026-04-11T04:45:45.323382
  source_csv_name: batch_input_9.csv
  task_mode: realtime_only
  input_bvid_count: 100
  processed_count: 100
  success_count: 99
  failed_count: 1
  remaining_count: 1
  consecutive_failure_limit: 10
  stopped_due_to_consecutive_failures: False
  stop_reason: 当前子任务已结束，但仍有未成功抓取的视频，已导出 remaining CSV 供继续执行。
  log_file: logs/batch_crawl_part_9_20260411_044545.log
  remaining_file: remaining_bvids_part_9.csv

part_10:
  started_at: 2026-04-11T04:45:45.456931
  finished_at: 2026-04-11T04:54:18.221094
  source_csv_name: batch_input_10.csv
  task_mode: realtime_only
  input_bvid_count: 100
  processed_count: 100
  success_count: 99
  failed_count: 1
  remaining_count: 1
  consecutive_failure_limit: 10
  stopped_due_to_consecutive_failures: False
  stop_reason: 当前子任务已结束，但仍有未成功抓取的视频，已导出 remaining CSV 供继续执行。
  log_file: logs/batch_crawl_part_10_20260411_045418.log
  remaining_file: remaining_bvids_part_10.csv

part_11:
  started_at: 2026-04-11T04:54:18.380530
  finished_at: 2026-04-11T05:02:39.605126
  source_csv_name: batch_input_11.csv
  task_mode: realtime_only
  input_bvid_count: 100
  processed_count: 100
  success_count: 98
  failed_count: 2
  remaining_count: 2
  consecutive_failure_limit: 10
  stopped_due_to_consecutive_failures: False
  stop_reason: 当前子任务已结束，但仍有未成功抓取的视频，已导出 remaining CSV 供继续执行。
  log_file: logs/batch_crawl_part_11_20260411_050239.log
  remaining_file: remaining_bvids_part_11.csv

part_12:
  started_at: 2026-04-11T05:02:39.774863
  finished_at: 2026-04-11T05:10:52.108404
  source_csv_name: batch_input_12.csv
  task_mode: realtime_only
  input_bvid_count: 100
  processed_count: 100
  success_count: 99
  failed_count: 1
  remaining_count: 1
  consecutive_failure_limit: 10
  stopped_due_to_consecutive_failures: False
  stop_reason: 当前子任务已结束，但仍有未成功抓取的视频，已导出 remaining CSV 供继续执行。
  log_file: logs/batch_crawl_part_12_20260411_051052.log
  remaining_file: remaining_bvids_part_12.csv

part_13:
  started_at: 2026-04-11T05:10:52.281127
  finished_at: 2026-04-11T05:19:14.275058
  source_csv_name: batch_input_13.csv
  task_mode: realtime_only
  input_bvid_count: 100
  processed_count: 100
  success_count: 99
  failed_count: 1
  remaining_count: 1
  consecutive_failure_limit: 10
  stopped_due_to_consecutive_failures: False
  stop_reason: 当前子任务已结束，但仍有未成功抓取的视频，已导出 remaining CSV 供继续执行。
  log_file: logs/batch_crawl_part_13_20260411_051914.log
  remaining_file: remaining_bvids_part_13.csv

part_14:
  started_at: 2026-04-11T05:19:14.386729
  finished_at: 2026-04-11T05:27:25.492360
  source_csv_name: batch_input_14.csv
  task_mode: realtime_only
  input_bvid_count: 100
  processed_count: 100
  success_count: 98
  failed_count: 2
  remaining_count: 2
  consecutive_failure_limit: 10
  stopped_due_to_consecutive_failures: False
  stop_reason: 当前子任务已结束，但仍有未成功抓取的视频，已导出 remaining CSV 供继续执行。
  log_file: logs/batch_crawl_part_14_20260411_052725.log
  remaining_file: remaining_bvids_part_14.csv

part_15:
  started_at: 2026-04-11T05:27:25.620533
  finished_at: 2026-04-11T05:35:41.780288
  source_csv_name: batch_input_15.csv
  task_mode: realtime_only
  input_bvid_count: 100
  processed_count: 100
  success_count: 98
  failed_count: 2
  remaining_count: 2
  consecutive_failure_limit: 10
  stopped_due_to_consecutive_failures: False
  stop_reason: 当前子任务已结束，但仍有未成功抓取的视频，已导出 remaining CSV 供继续执行。
  log_file: logs/batch_crawl_part_15_20260411_053541.log
  remaining_file: remaining_bvids_part_15.csv

part_16:
  started_at: 2026-04-11T05:35:41.898163
  finished_at: 2026-04-11T05:54:24.115194
  source_csv_name: batch_input_16.csv
  task_mode: realtime_only
  input_bvid_count: 100
  processed_count: 100
  success_count: 100
  failed_count: 0
  remaining_count: 0
  consecutive_failure_limit: 10
  stopped_due_to_consecutive_failures: False
  stop_reason: 当前 batch_crawl 已完成，所有视频均已成功抓取。
  log_file: logs/batch_crawl_part_16_20260411_055424.log
  remaining_file:
[TIMESTAMP][END] 2026-04-11T05:54:24
