[TIMESTAMP][BEGIN] 2026-04-11T02:29:51.865392
Bilibili Video Data Crawler Batch Crawl Summary
session_dir: D:\Schoolworks\Thesis\Bilibili-Datahub\outputs\video_data\manual_crawls\manual_crawl_stat_comment_20260411_022942
session_started_at: 2026-04-11T02:29:51.865392
session_completed_at: 2026-04-11T03:53:00.365091
original_csv_name: batch_input_1.csv
task_mode: realtime_only
original_bvid_count: 100
part_count: 6
interruption_count: 0
completed_all: True

part_1:
  started_at: 2026-04-11T02:29:51.865392
  finished_at: 2026-04-11T02:40:26.485143
  source_csv_name: batch_input_1.csv
  task_mode: realtime_only
  input_bvid_count: 100
  processed_count: 100
  success_count: 99
  failed_count: 1
  remaining_count: 1
  consecutive_failure_limit: 10
  stopped_due_to_consecutive_failures: False
  stop_reason: 当前子任务已结束，但仍有未成功抓取的视频，已导出 remaining CSV 供继续执行。
  log_file: logs/batch_crawl_part_1_20260411_024026.log
  remaining_file: remaining_bvids_part_1.csv

part_2:
  started_at: 2026-04-11T02:40:26.780403
  finished_at: 2026-04-11T02:49:57.063174
  source_csv_name: batch_input_2.csv
  task_mode: realtime_only
  input_bvid_count: 100
  processed_count: 100
  success_count: 100
  failed_count: 0
  remaining_count: 0
  consecutive_failure_limit: 10
  stopped_due_to_consecutive_failures: False
  stop_reason: 当前 batch_crawl 已完成，所有视频均已成功抓取。
  log_file: logs/batch_crawl_part_2_20260411_024957.log
  remaining_file: 

part_3:
  started_at: 2026-04-11T02:49:57.229045
  finished_at: 2026-04-11T02:58:31.342233
  source_csv_name: batch_input_3.csv
  task_mode: realtime_only
  input_bvid_count: 100
  processed_count: 100
  success_count: 99
  failed_count: 1
  remaining_count: 1
  consecutive_failure_limit: 10
  stopped_due_to_consecutive_failures: False
  stop_reason: 当前子任务已结束，但仍有未成功抓取的视频，已导出 remaining CSV 供继续执行。
  log_file: logs/batch_crawl_part_3_20260411_025831.log
  remaining_file: remaining_bvids_part_3.csv

part_4:
  started_at: 2026-04-11T02:58:31.507421
  finished_at: 2026-04-11T03:17:10.856445
  source_csv_name: batch_input_4.csv
  task_mode: realtime_only
  input_bvid_count: 100
  processed_count: 100
  success_count: 100
  failed_count: 0
  remaining_count: 0
  consecutive_failure_limit: 10
  stopped_due_to_consecutive_failures: False
  stop_reason: 当前 batch_crawl 已完成，所有视频均已成功抓取。
  log_file: logs/batch_crawl_part_4_20260411_031710.log
  remaining_file: 

part_5:
  started_at: 2026-04-11T03:17:11.030670
  finished_at: 2026-04-11T03:42:44.148716
  source_csv_name: batch_input_5.csv
  task_mode: realtime_only
  input_bvid_count: 100
  processed_count: 100
  success_count: 99
  failed_count: 1
  remaining_count: 1
  consecutive_failure_limit: 10
  stopped_due_to_consecutive_failures: False
  stop_reason: 当前子任务已结束，但仍有未成功抓取的视频，已导出 remaining CSV 供继续执行。
  log_file: logs/batch_crawl_part_5_20260411_034244.log
  remaining_file: remaining_bvids_part_5.csv

part_6:
  started_at: 2026-04-11T03:42:44.334313
  finished_at: 2026-04-11T03:53:00.365091
  source_csv_name: batch_input_6.csv
  task_mode: realtime_only
  input_bvid_count: 100
  processed_count: 100
  success_count: 100
  failed_count: 0
  remaining_count: 0
  consecutive_failure_limit: 10
  stopped_due_to_consecutive_failures: False
  stop_reason: 当前 batch_crawl 已完成，所有视频均已成功抓取。
  log_file: logs/batch_crawl_part_6_20260411_035300.log
  remaining_file:
[TIMESTAMP][END] 2026-04-11T03:53:00
