[TIMESTAMP][BEGIN] 2026-04-04T15:30:28
uid_expansion 任务总结
session_dir: outputs/video_pool/uid_expansions/uid_expansion_20260325_20260404_153028
requested_window_start_at: 2026-03-25T00:00:00
requested_window_end_at: 2026-04-04T19:25:21
effective_window_start_at: 2026-04-03T00:00:00
effective_window_end_at: 2026-04-04T19:25:21
actual_window_start_at: 2026-04-03T02:30:00+00:00
actual_window_end_at: 2026-04-04T09:20:00+00:00
original_uid_count: 509
history_reused_owner_count: 509
part_count: 2
interruption_count: 1
total_video_count: 509
total_successful_owner_count: 509

parts:
- part_1:
  started_at=2026-04-04T15:30:28
  finished_at=2026-04-04T17:33:18
  input_owner_count=509
  successful_owner_count=491
  failed_owner_count=18
  remaining_owner_count=18
  video_count=501
  effective_window_start_at=2026-04-03T00:00:00
  effective_window_end_at=2026-04-04T15:30:28
  actual_window_start_at=2026-04-03T02:30:00+00:00
  actual_window_end_at=2026-04-04T09:20:00+00:00
  processed_batches=26/26
  stop_reason=completed_all_batches
  stopped_batch_index=None
  video_file=videolist_part_1.csv
  remaining_file=remaining_uids_part_1.csv
  log_file=logs/20260404_173318_372146_uid_expansion_part_1.log
- part_2:
  started_at=2026-04-04T19:25:21
  finished_at=2026-04-04T19:28:39
  input_owner_count=18
  successful_owner_count=18
  failed_owner_count=0
  remaining_owner_count=0
  video_count=8
  effective_window_start_at=2026-04-03T00:00:00
  effective_window_end_at=2026-04-04T19:25:21
  actual_window_start_at=2026-04-03T08:58:00+00:00
  actual_window_end_at=2026-04-04T09:01:51+00:00
  processed_batches=1/1
  stop_reason=completed_all_batches
  stopped_batch_index=None
  video_file=videolist_part_2.csv
  remaining_file=
  log_file=logs/20260404_192839_460696_uid_expansion_part_2.log
[TIMESTAMP][END] 2026-04-04T19:28:39
