[TIMESTAMP][BEGIN] 2026-04-13T11:25:08
[2026-04-13 11:25:10] 开始执行 CSV 批量抓取子任务 part_2。
[2026-04-13 11:25:10] 子任务开始时间：2026-04-13T11:25:08.622857
[2026-04-13 11:25:10] 输入文件：batch_input_2.csv
[2026-04-13 11:25:10] 输入唯一 bvid 数量：100
[2026-04-13 11:25:16] [SUCCESS] bvid=BV13yQwBQEKz 已成功抓取全部所需数据。
[2026-04-13 11:25:22] [SUCCESS] bvid=BV13zDxBJEwt 已成功抓取全部所需数据。
[2026-04-13 11:25:24] [ERROR] bvid=BV13zXMBVEor 抓取失败：media: 接口返回错误代码：62002，信息：稿件不可见。
{'code': 62002, 'message': '稿件不可见', 'ttl': 1}
[2026-04-13 11:25:27] [ERROR] bvid=BV141XbBfEb7 抓取失败：media: 接口返回错误代码：62002，信息：稿件不可见。
{'code': 62002, 'message': '稿件不可见', 'ttl': 1}
[2026-04-13 11:25:29] [ERROR] bvid=BV141XbBfEmf 抓取失败：media: 接口返回错误代码：62002，信息：稿件不可见。
{'code': 62002, 'message': '稿件不可见', 'ttl': 1}
[2026-04-13 11:25:39] [SUCCESS] bvid=BV142QFBkEiV 已成功抓取全部所需数据。
[2026-04-13 11:25:46] [SUCCESS] bvid=BV143QwB5EjL 已成功抓取全部所需数据。
[2026-04-13 11:25:52] [SUCCESS] bvid=BV147QKBdEWr 已成功抓取全部所需数据。
[2026-04-13 11:25:55] [ERROR] bvid=BV1499NBFEV8 抓取失败：media: 接口返回错误代码：62002，信息：稿件不可见。
{'code': 62002, 'message': '稿件不可见', 'ttl': 1}
[2026-04-13 11:26:01] [SUCCESS] bvid=BV14EDCBoEFC 已成功抓取全部所需数据。
[2026-04-13 11:26:07] [SUCCESS] bvid=BV14EDCBoEwk 已成功抓取全部所需数据。
[2026-04-13 11:26:16] [SUCCESS] bvid=BV14GQwBCEEL 已成功抓取全部所需数据。
[2026-04-13 11:26:18] [ERROR] bvid=BV14HX2BuEu8 抓取失败：media: 接口返回错误代码：62002，信息：稿件不可见。
{'code': 62002, 'message': '稿件不可见', 'ttl': 1}
[2026-04-13 11:26:21] [ERROR] bvid=BV14HXjBoEoX 抓取失败：media: 接口返回错误代码：-404，信息：啥都木有。
{'code': -404, 'message': '啥都木有', 'ttl': 1}
[2026-04-13 11:26:28] [SUCCESS] bvid=BV14JQKBsEUf 已成功抓取全部所需数据。
[2026-04-13 11:26:34] [SUCCESS] bvid=BV14JQKBsEkp 已成功抓取全部所需数据。
[2026-04-13 11:26:41] [SUCCESS] bvid=BV14MQwBjE4h 已成功抓取全部所需数据。
[2026-04-13 11:26:48] [SUCCESS] bvid=BV14QDDB7EUn 已成功抓取全部所需数据。
[2026-04-13 11:26:56] [SUCCESS] bvid=BV14QDDB7Es2 已成功抓取全部所需数据。
[2026-04-13 11:27:07] [SUCCESS] bvid=BV14SDDBUE41 已成功抓取全部所需数据。
[2026-04-13 11:27:10] [ERROR] bvid=BV14TXKB4E4P 抓取失败：media: 接口返回错误代码：-404，信息：啥都木有。
{'code': -404, 'message': '啥都木有', 'ttl': 1}
[2026-04-13 11:27:13] [ERROR] bvid=BV14TXKB4ETL 抓取失败：media: 接口返回错误代码：62002，信息：稿件不可见。
{'code': 62002, 'message': '稿件不可见', 'ttl': 1}
[2026-04-13 11:27:15] [ERROR] bvid=BV14UXKBbEn3 抓取失败：media: 接口返回错误代码：62012，信息：62012。
{'code': 62012, 'message': '62012', 'ttl': 1}
[2026-04-13 11:27:18] [ERROR] bvid=BV14X9jB8EnW 抓取失败：media: No downloadable media stream found for this bvid.
[2026-04-13 11:27:25] [SUCCESS] bvid=BV14XDDB2Ebq 已成功抓取全部所需数据。
[2026-04-13 11:27:31] [SUCCESS] bvid=BV14XDDB2Exi 已成功抓取全部所需数据。
[2026-04-13 11:27:33] [ERROR] bvid=BV14XQwBjEHM 抓取失败：media: 接口返回错误代码：62012，信息：62012。
{'code': 62012, 'message': '62012', 'ttl': 1}
[2026-04-13 11:27:39] [SUCCESS] bvid=BV14YDQBJE1H 已成功抓取全部所需数据。
[2026-04-13 11:27:41] [ERROR] bvid=BV14cDWBqEKc 抓取失败：media: 接口返回错误代码：62002，信息：稿件不可见。
{'code': 62002, 'message': '稿件不可见', 'ttl': 1}
[2026-04-13 11:27:47] [SUCCESS] bvid=BV14cQTB4E9o 已成功抓取全部所需数据。
[2026-04-13 11:27:52] [SUCCESS] bvid=BV14dDnBAE1t 已成功抓取全部所需数据。
[2026-04-13 11:27:57] [SUCCESS] bvid=BV14eDkBoEW6 已成功抓取全部所需数据。
[2026-04-13 11:28:05] [SUCCESS] bvid=BV14eDkBoEXK 已成功抓取全部所需数据。
[2026-04-13 11:28:12] [SUCCESS] bvid=BV14hQcBkEkF 已成功抓取全部所需数据。
[2026-04-13 11:28:15] [ERROR] bvid=BV14iXaBYEpK 抓取失败：media: No downloadable media stream found for this bvid.
[2026-04-13 11:28:21] [SUCCESS] bvid=BV14jQKB4ERx 已成功抓取全部所需数据。
[2026-04-13 11:28:26] [SUCCESS] bvid=BV14kDyBFE5u 已成功抓取全部所需数据。
[2026-04-13 11:28:33] [SUCCESS] bvid=BV14nQKB9EMP 已成功抓取全部所需数据。
[2026-04-13 11:28:39] [SUCCESS] bvid=BV14nQMBaEta 已成功抓取全部所需数据。
[2026-04-13 11:28:45] [SUCCESS] bvid=BV14pDmB6ES3 已成功抓取全部所需数据。
[2026-04-13 11:28:47] [ERROR] bvid=BV14pXUBjEWW 抓取失败：media: 接口返回错误代码：62002，信息：稿件不可见。
{'code': 62002, 'message': '稿件不可见', 'ttl': 1}
[2026-04-13 11:28:53] [SUCCESS] bvid=BV14qDyBYEDT 已成功抓取全部所需数据。
[2026-04-13 11:29:02] [SUCCESS] bvid=BV14rDWBgEZP 已成功抓取全部所需数据。
[2026-04-13 11:29:08] [SUCCESS] bvid=BV14uQwB1EMn 已成功抓取全部所需数据。
[2026-04-13 11:29:13] [SUCCESS] bvid=BV14uQwB1Efc 已成功抓取全部所需数据。
[2026-04-13 11:29:19] [SUCCESS] bvid=BV14yDZBKE51 已成功抓取全部所需数据。
[2026-04-13 11:29:28] [SUCCESS] bvid=BV14zDyBwE3G 已成功抓取全部所需数据。
[2026-04-13 11:29:33] [SUCCESS] bvid=BV14zXsB7EH8 已成功抓取全部所需数据。
[2026-04-13 11:29:38] [SUCCESS] bvid=BV153DSBdE7g 已成功抓取全部所需数据。
[2026-04-13 11:29:41] [ERROR] bvid=BV154XVBoEuz 抓取失败：media: 接口返回错误代码：62002，信息：稿件不可见。
{'code': 62002, 'message': '稿件不可见', 'ttl': 1}
[2026-04-13 11:29:46] [SUCCESS] bvid=BV156DCBkEDZ 已成功抓取全部所需数据。
[2026-04-13 11:29:52] [SUCCESS] bvid=BV158DZB1ETZ 已成功抓取全部所需数据。
[2026-04-13 11:29:59] [SUCCESS] bvid=BV158DZB1EjU 已成功抓取全部所需数据。
[2026-04-13 11:30:05] [SUCCESS] bvid=BV158DZB1EvT 已成功抓取全部所需数据。
[2026-04-13 11:30:08] [ERROR] bvid=BV158DvB7EgY 抓取失败：media: 接口返回错误代码：62002，信息：稿件不可见。
{'code': 62002, 'message': '稿件不可见', 'ttl': 1}
[2026-04-13 11:30:16] [SUCCESS] bvid=BV15AD1B1E3i 已成功抓取全部所需数据。
[2026-04-13 11:30:18] [ERROR] bvid=BV15BDzBtEMe 抓取失败：media: 接口返回错误代码：62002，信息：稿件不可见。
{'code': 62002, 'message': '稿件不可见', 'ttl': 1}
[2026-04-13 11:30:21] [ERROR] bvid=BV15BXyBSEio 抓取失败：media: 接口返回错误代码：62002，信息：稿件不可见。
{'code': 62002, 'message': '稿件不可见', 'ttl': 1}
[2026-04-13 11:30:26] [SUCCESS] bvid=BV15CDCB6EBS 已成功抓取全部所需数据。
[2026-04-13 11:30:34] [SUCCESS] bvid=BV15GQcBREHj 已成功抓取全部所需数据。
[2026-04-13 11:30:41] [SUCCESS] bvid=BV15KD1BCEVe 已成功抓取全部所需数据。
[2026-04-13 11:30:46] [SUCCESS] bvid=BV15KD1BCEcT 已成功抓取全部所需数据。
[2026-04-13 11:30:51] [SUCCESS] bvid=BV15PDCBTEFU 已成功抓取全部所需数据。
[2026-04-13 11:30:54] [ERROR] bvid=BV15PDeBjEQp 抓取失败：media: 接口返回错误代码：-404，信息：啥都木有。
{'code': -404, 'message': '啥都木有', 'ttl': 1}
[2026-04-13 11:31:01] [SUCCESS] bvid=BV15QDLBhEEu 已成功抓取全部所需数据。
[2026-04-13 11:31:03] [ERROR] bvid=BV15RXjBKEE8 抓取失败：media: No downloadable media stream found for this bvid.
[2026-04-13 11:31:10] [SUCCESS] bvid=BV15SQMBkE7c 已成功抓取全部所需数据。
[2026-04-13 11:31:16] [SUCCESS] bvid=BV15SQMBkEbG 已成功抓取全部所需数据。
[2026-04-13 11:31:18] [ERROR] bvid=BV15SXjBBExa 抓取失败：media: 接口返回错误代码：62002，信息：稿件不可见。
{'code': 62002, 'message': '稿件不可见', 'ttl': 1}
[2026-04-13 11:31:26] [SUCCESS] bvid=BV15UDfBnEB4 已成功抓取全部所需数据。
[2026-04-13 11:31:31] [SUCCESS] bvid=BV15UQMBVEi9 已成功抓取全部所需数据。
[2026-04-13 11:31:38] [SUCCESS] bvid=BV15UQMBVErK 已成功抓取全部所需数据。
[2026-04-13 11:31:44] [SUCCESS] bvid=BV15UQMBVErb 已成功抓取全部所需数据。
[2026-04-13 11:31:51] [SUCCESS] bvid=BV15VDSBsEDG 已成功抓取全部所需数据。
[2026-04-13 11:31:56] [SUCCESS] bvid=BV15VDSBsExc 已成功抓取全部所需数据。
[2026-04-13 11:32:06] [SUCCESS] bvid=BV15YQFBHEFS 已成功抓取全部所需数据。
[2026-04-13 11:32:12] [SUCCESS] bvid=BV15YQFBHEQL 已成功抓取全部所需数据。
[2026-04-13 11:32:15] [ERROR] bvid=BV15YXMB7E2Y 抓取失败：media: 接口返回错误代码：62002，信息：稿件不可见。
{'code': 62002, 'message': '稿件不可见', 'ttl': 1}
[2026-04-13 11:32:22] [SUCCESS] bvid=BV15cDCBuEWM 已成功抓取全部所需数据。
[2026-04-13 11:32:27] [SUCCESS] bvid=BV15cDCBuEg4 已成功抓取全部所需数据。
[2026-04-13 11:32:30] [ERROR] bvid=BV15cX2B9E9y 抓取失败：media: 接口返回错误代码：62002，信息：稿件不可见。
{'code': 62002, 'message': '稿件不可见', 'ttl': 1}
[2026-04-13 11:32:35] [SUCCESS] bvid=BV15dDSBdEhZ 已成功抓取全部所需数据。
[2026-04-13 11:32:41] [SUCCESS] bvid=BV15eQwBbEVc 已成功抓取全部所需数据。
[2026-04-13 11:32:49] [SUCCESS] bvid=BV15hDxBRECx 已成功抓取全部所需数据。
[2026-04-13 11:33:00] [SUCCESS] bvid=BV15jDQBcEx2 已成功抓取全部所需数据。
[2026-04-13 11:33:03] [ERROR] bvid=BV15mXUBFEsu 抓取失败：media: 接口返回错误代码：62002，信息：稿件不可见。
{'code': 62002, 'message': '稿件不可见', 'ttl': 1}
[2026-04-13 11:33:10] [SUCCESS] bvid=BV15oQABYEU1 已成功抓取全部所需数据。
[2026-04-13 11:33:20] [SUCCESS] bvid=BV15qQwB4EtX 已成功抓取全部所需数据。
[2026-04-13 11:33:26] [SUCCESS] bvid=BV15rDaBGEYR 已成功抓取全部所需数据。
[2026-04-13 11:33:30] [SUCCESS] bvid=BV15uXNBTENz 已成功抓取全部所需数据。
[2026-04-13 11:33:32] [ERROR] bvid=BV15xXPBiEJ7 抓取失败：media: 接口返回错误代码：62002，信息：稿件不可见。
{'code': 62002, 'message': '稿件不可见', 'ttl': 1}
[2026-04-13 11:33:41] [SUCCESS] bvid=BV161SoBQEJQ 已成功抓取全部所需数据。
[2026-04-13 11:33:48] [SUCCESS] bvid=BV164QwBPEJK 已成功抓取全部所需数据。
[2026-04-13 11:33:54] [SUCCESS] bvid=BV165DZBdENX 已成功抓取全部所需数据。
[2026-04-13 11:33:56] [ERROR] bvid=BV165XwBKEgL 抓取失败：media: 接口返回错误代码：62002，信息：稿件不可见。
{'code': 62002, 'message': '稿件不可见', 'ttl': 1}
[2026-04-13 11:34:01] [SUCCESS] bvid=BV166DfBoEFo 已成功抓取全部所需数据。
[2026-04-13 11:34:07] [SUCCESS] bvid=BV168DCBJEfW 已成功抓取全部所需数据。
[2026-04-13 11:34:14] [SUCCESS] bvid=BV168QKBmEZ9 已成功抓取全部所需数据。
[2026-04-13 11:34:19] [SUCCESS] bvid=BV169DyBQErt 已成功抓取全部所需数据。
[2026-04-13 11:34:25] [SUCCESS] bvid=BV169QNBGEAS 已成功抓取全部所需数据。
[2026-04-13 11:34:25] [WARN] 当前子任务已结束，但仍有未成功抓取的视频，已导出 remaining CSV 供继续执行。
[2026-04-13 11:34:25] [INFO] 已导出剔除成功条目后的剩余 CSV：outputs\video_data\manual_crawls\manual_crawl_media_mode_A_20260413_111559\remaining_bvids_part_2.csv
[2026-04-13 11:34:25] 子任务结束时间：2026-04-13T11:34:25.822708
[TIMESTAMP][END] 2026-04-13T11:34:25
