[TIMESTAMP][BEGIN] 2026-04-13T11:55:12
[2026-04-13 11:55:14] 开始执行 CSV 批量抓取子任务 part_5。
[2026-04-13 11:55:14] 子任务开始时间：2026-04-13T11:55:12.401786
[2026-04-13 11:55:14] 输入文件：batch_input_5.csv
[2026-04-13 11:55:14] 输入唯一 bvid 数量：100
[2026-04-13 11:55:21] [SUCCESS] bvid=BV1BRQNBrEqB 已成功抓取全部所需数据。
[2026-04-13 11:55:24] [ERROR] bvid=BV1BS9LBkEBh 抓取失败：media: 接口返回错误代码：62002，信息：稿件不可见。
{'code': 62002, 'message': '稿件不可见', 'ttl': 1}
[2026-04-13 11:55:29] [SUCCESS] bvid=BV1BSDQBBEaQ 已成功抓取全部所需数据。
[2026-04-13 11:55:40] [SUCCESS] bvid=BV1BUQcBFE7x 已成功抓取全部所需数据。
[2026-04-13 11:55:46] [SUCCESS] bvid=BV1BUQcBFEUr 已成功抓取全部所需数据。
[2026-04-13 11:55:52] [SUCCESS] bvid=BV1BXDkByEqX 已成功抓取全部所需数据。
[2026-04-13 11:55:58] [SUCCESS] bvid=BV1BXQABNEV5 已成功抓取全部所需数据。
[2026-04-13 11:56:01] [ERROR] bvid=BV1BYDaBmE6y 抓取失败：media: 接口返回错误代码：-404，信息：啥都木有。
{'code': -404, 'message': '啥都木有', 'ttl': 1}
[2026-04-13 11:56:04] [ERROR] bvid=BV1BYDaBmELa 抓取失败：media: 接口返回错误代码：-404，信息：啥都木有。
{'code': -404, 'message': '啥都木有', 'ttl': 1}
[2026-04-13 11:56:11] [SUCCESS] bvid=BV1BaDnBUEhP 已成功抓取全部所需数据。
[2026-04-13 11:56:19] [SUCCESS] bvid=BV1BcQMBLEMo 已成功抓取全部所需数据。
[2026-04-13 11:56:28] [SUCCESS] bvid=BV1BdQTBUERT 已成功抓取全部所需数据。
[2026-04-13 11:56:31] [ERROR] bvid=BV1BeAJzkEug 抓取失败：media: No downloadable media stream found for this bvid.
[2026-04-13 11:56:45] [SUCCESS] bvid=BV1BfQTB2ELq 已成功抓取全部所需数据。
[2026-04-13 11:56:53] [SUCCESS] bvid=BV1BkDfBxE8B 已成功抓取全部所需数据。
[2026-04-13 11:57:05] [SUCCESS] bvid=BV1BkDfBxEbr 已成功抓取全部所需数据。
[2026-04-13 11:57:12] [SUCCESS] bvid=BV1BnDZBQET8 已成功抓取全部所需数据。
[2026-04-13 11:57:14] [ERROR] bvid=BV1BnXLBzESN 抓取失败：media: 接口返回错误代码：-404，信息：啥都木有。
{'code': -404, 'message': '啥都木有', 'ttl': 1}
[2026-04-13 11:57:20] [SUCCESS] bvid=BV1BqQMBDEoH 已成功抓取全部所需数据。
[2026-04-13 11:57:27] [SUCCESS] bvid=BV1BrDiBZEGo 已成功抓取全部所需数据。
[2026-04-13 11:57:30] [ERROR] bvid=BV1BzDeBHEvf 抓取失败：media: 接口返回错误代码：62002，信息：稿件不可见。
{'code': 62002, 'message': '稿件不可见', 'ttl': 1}
[2026-04-13 11:57:36] [SUCCESS] bvid=BV1BzDoBSEXY 已成功抓取全部所需数据。
[2026-04-13 11:57:43] [SUCCESS] bvid=BV1BzQMBJEJH 已成功抓取全部所需数据。
[2026-04-13 11:57:46] [ERROR] bvid=BV1C1XVBCEVu 抓取失败：media: 接口返回错误代码：62002，信息：稿件不可见。
{'code': 62002, 'message': '稿件不可见', 'ttl': 1}
[2026-04-13 11:57:55] [SUCCESS] bvid=BV1C2DyB4ENj 已成功抓取全部所需数据。
[2026-04-13 11:57:58] [ERROR] bvid=BV1C3SQB6EC8 抓取失败：media: 接口返回错误代码：62002，信息：稿件不可见。
{'code': 62002, 'message': '稿件不可见', 'ttl': 1}
[2026-04-13 11:58:04] [SUCCESS] bvid=BV1C6QABVEU1 已成功抓取全部所需数据。
[2026-04-13 11:58:06] [ERROR] bvid=BV1C6XCBbEhV 抓取失败：media: No downloadable media stream found for this bvid.
[2026-04-13 11:58:13] [SUCCESS] bvid=BV1C7DEBnESJ 已成功抓取全部所需数据。
[2026-04-13 11:58:19] [SUCCESS] bvid=BV1C7DEBnESb 已成功抓取全部所需数据。
[2026-04-13 11:58:33] [SUCCESS] bvid=BV1C7DjBCEA2 已成功抓取全部所需数据。
[2026-04-13 11:58:50] [SUCCESS] bvid=BV1C7QwBgEKq 已成功抓取全部所需数据。
[2026-04-13 11:59:04] [SUCCESS] bvid=BV1C7QwBgEbm 已成功抓取全部所需数据。
[2026-04-13 11:59:17] [SUCCESS] bvid=BV1C8DsBiEgW 已成功抓取全部所需数据。
[2026-04-13 11:59:31] [SUCCESS] bvid=BV1CHQPBLE4s 已成功抓取全部所需数据。
[2026-04-13 11:59:45] [SUCCESS] bvid=BV1CKDHBxESM 已成功抓取全部所需数据。
[2026-04-13 11:59:59] [SUCCESS] bvid=BV1CLQwBrERe 已成功抓取全部所需数据。
[2026-04-13 12:00:05] [SUCCESS] bvid=BV1CLQwBrEdG 已成功抓取全部所需数据。
[2026-04-13 12:00:10] [SUCCESS] bvid=BV1CQDWBYEu1 已成功抓取全部所需数据。
[2026-04-13 12:00:16] [SUCCESS] bvid=BV1CSQTBXExm 已成功抓取全部所需数据。
[2026-04-13 12:00:19] [ERROR] bvid=BV1CSXLBUEHK 抓取失败：media: 接口返回错误代码：62002，信息：稿件不可见。
{'code': 62002, 'message': '稿件不可见', 'ttl': 1}
[2026-04-13 12:00:25] [SUCCESS] bvid=BV1CUQTBWE18 已成功抓取全部所需数据。
[2026-04-13 12:00:27] [ERROR] bvid=BV1CUXVBrEbz 抓取失败：media: 接口返回错误代码：62002，信息：稿件不可见。
{'code': 62002, 'message': '稿件不可见', 'ttl': 1}
[2026-04-13 12:00:34] [SUCCESS] bvid=BV1CWQKBQEeV 已成功抓取全部所需数据。
[2026-04-13 12:00:48] [SUCCESS] bvid=BV1CYQcBgEoW 已成功抓取全部所需数据。
[2026-04-13 12:00:51] [ERROR] bvid=BV1CYXNBSE7N 抓取失败：media: 接口返回错误代码：62002，信息：稿件不可见。
{'code': 62002, 'message': '稿件不可见', 'ttl': 1}
[2026-04-13 12:00:53] [ERROR] bvid=BV1CaSDBTEKf 抓取失败：media: 接口返回错误代码：-404，信息：啥都木有。
{'code': -404, 'message': '啥都木有', 'ttl': 1}
[2026-04-13 12:01:00] [SUCCESS] bvid=BV1CcDQB3EKD 已成功抓取全部所需数据。
[2026-04-13 12:01:07] [SUCCESS] bvid=BV1CgDWBhE3f 已成功抓取全部所需数据。
[2026-04-13 12:01:10] [ERROR] bvid=BV1CgXLB5EeU 抓取失败：media: 接口返回错误代码：62002，信息：稿件不可见。
{'code': 62002, 'message': '稿件不可见', 'ttl': 1}
[2026-04-13 12:01:12] [ERROR] bvid=BV1CgXLB5EyT 抓取失败：media: 接口返回错误代码：62002，信息：稿件不可见。
{'code': 62002, 'message': '稿件不可见', 'ttl': 1}
[2026-04-13 12:01:15] [ERROR] bvid=BV1CiXDBLEpE 抓取失败：media: 接口返回错误代码：-404，信息：啥都木有。
{'code': -404, 'message': '啥都木有', 'ttl': 1}
[2026-04-13 12:01:17] [ERROR] bvid=BV1CiXDBLEui 抓取失败：media: 接口返回错误代码：-404，信息：啥都木有。
{'code': -404, 'message': '啥都木有', 'ttl': 1}
[2026-04-13 12:01:20] [ERROR] bvid=BV1CiXTBxEZA 抓取失败：media: 接口返回错误代码：62002，信息：稿件不可见。
{'code': 62002, 'message': '稿件不可见', 'ttl': 1}
[2026-04-13 12:01:22] [ERROR] bvid=BV1CmXmBgEzf 抓取失败：media: 接口返回错误代码：62002，信息：稿件不可见。
{'code': 62002, 'message': '稿件不可见', 'ttl': 1}
[2026-04-13 12:01:32] [SUCCESS] bvid=BV1CoDUBKE7s 已成功抓取全部所需数据。
[2026-04-13 12:01:38] [SUCCESS] bvid=BV1CoDUBKEkM 已成功抓取全部所需数据。
[2026-04-13 12:01:45] [SUCCESS] bvid=BV1CqQcBqEtj 已成功抓取全部所需数据。
[2026-04-13 12:01:48] [ERROR] bvid=BV1CqXTBREVp 抓取失败：media: 接口返回错误代码：62002，信息：稿件不可见。
{'code': 62002, 'message': '稿件不可见', 'ttl': 1}
[2026-04-13 12:01:57] [SUCCESS] bvid=BV1CrQABkEj4 已成功抓取全部所需数据。
[2026-04-13 12:01:59] [ERROR] bvid=BV1CrX3BBEh4 抓取失败：media: No downloadable media stream found for this bvid.
[2026-04-13 12:02:06] [SUCCESS] bvid=BV1CsDpBwEbB 已成功抓取全部所需数据。
[2026-04-13 12:02:08] [ERROR] bvid=BV1CyXVB5E1P 抓取失败：media: 接口返回错误代码：62002，信息：稿件不可见。
{'code': 62002, 'message': '稿件不可见', 'ttl': 1}
[2026-04-13 12:02:17] [SUCCESS] bvid=BV1CzDhB9EoA 已成功抓取全部所需数据。
[2026-04-13 12:02:22] [SUCCESS] bvid=BV1D2QwBnEge 已成功抓取全部所需数据。
[2026-04-13 12:02:28] [SUCCESS] bvid=BV1D2QwBnEts 已成功抓取全部所需数据。
[2026-04-13 12:02:34] [SUCCESS] bvid=BV1D4DkBaE4j 已成功抓取全部所需数据。
[2026-04-13 12:02:42] [SUCCESS] bvid=BV1D4DkBaEZ6 已成功抓取全部所需数据。
[2026-04-13 12:02:45] [ERROR] bvid=BV1D5XUBQEx2 抓取失败：media: 接口返回错误代码：62002，信息：稿件不可见。
{'code': 62002, 'message': '稿件不可见', 'ttl': 1}
[2026-04-13 12:02:47] [ERROR] bvid=BV1D5XUBQExn 抓取失败：media: 接口返回错误代码：62002，信息：稿件不可见。
{'code': 62002, 'message': '稿件不可见', 'ttl': 1}
[2026-04-13 12:02:50] [ERROR] bvid=BV1D897BPEsU 抓取失败：media: 接口返回错误代码：-404，信息：啥都木有。
{'code': -404, 'message': '啥都木有', 'ttl': 1}
[2026-04-13 12:02:55] [SUCCESS] bvid=BV1D8DyBMEtY 已成功抓取全部所需数据。
[2026-04-13 12:03:02] [SUCCESS] bvid=BV1DFDUB5E8Z 已成功抓取全部所需数据。
[2026-04-13 12:03:07] [SUCCESS] bvid=BV1DFDUB5Eii 已成功抓取全部所需数据。
[2026-04-13 12:03:13] [SUCCESS] bvid=BV1DGDpBuEDS 已成功抓取全部所需数据。
[2026-04-13 12:03:27] [SUCCESS] bvid=BV1DHD4BSEGN 已成功抓取全部所需数据。
[2026-04-13 12:03:33] [SUCCESS] bvid=BV1DHQcBmEwy 已成功抓取全部所需数据。
[2026-04-13 12:03:38] [SUCCESS] bvid=BV1DKDXBdEx7 已成功抓取全部所需数据。
[2026-04-13 12:03:46] [SUCCESS] bvid=BV1DL9FBDE5e 已成功抓取全部所需数据。
[2026-04-13 12:03:50] [SUCCESS] bvid=BV1DLDmBLEJk 已成功抓取全部所需数据。
[2026-04-13 12:03:58] [SUCCESS] bvid=BV1DMDCBeEFR 已成功抓取全部所需数据。
[2026-04-13 12:04:04] [SUCCESS] bvid=BV1DQDCBPEe7 已成功抓取全部所需数据。
[2026-04-13 12:04:09] [SUCCESS] bvid=BV1DSDCBvE6E 已成功抓取全部所需数据。
[2026-04-13 12:04:18] [SUCCESS] bvid=BV1DSDCBvEK8 已成功抓取全部所需数据。
[2026-04-13 12:04:29] [SUCCESS] bvid=BV1DSDCBvEMR 已成功抓取全部所需数据。
[2026-04-13 12:04:34] [SUCCESS] bvid=BV1DSDCBvEaT 已成功抓取全部所需数据。
[2026-04-13 12:04:40] [SUCCESS] bvid=BV1DXDCBYEwU 已成功抓取全部所需数据。
[2026-04-13 12:04:46] [SUCCESS] bvid=BV1DXDCBYExr 已成功抓取全部所需数据。
[2026-04-13 12:04:52] [SUCCESS] bvid=BV1DaQTBNEx8 已成功抓取全部所需数据。
[2026-04-13 12:04:55] [ERROR] bvid=BV1DaXmBnEqz 抓取失败：media: 接口返回错误代码：62012，信息：62012。
{'code': 62012, 'message': '62012', 'ttl': 1}
[2026-04-13 12:05:03] [SUCCESS] bvid=BV1DdD1BuEYf 已成功抓取全部所需数据。
[2026-04-13 12:05:09] [SUCCESS] bvid=BV1DeDvBCEnR 已成功抓取全部所需数据。
[2026-04-13 12:05:15] [SUCCESS] bvid=BV1DgDCBAEmk 已成功抓取全部所需数据。
[2026-04-13 12:05:22] [SUCCESS] bvid=BV1DgDpBrEHc 已成功抓取全部所需数据。
[2026-04-13 12:05:32] [SUCCESS] bvid=BV1DiDWBCEJ4 已成功抓取全部所需数据。
[2026-04-13 12:05:37] [SUCCESS] bvid=BV1DkQFBLEzF 已成功抓取全部所需数据。
[2026-04-13 12:05:40] [ERROR] bvid=BV1Dm9NBPETK 抓取失败：media: 接口返回错误代码：62002，信息：稿件不可见。
{'code': 62002, 'message': '稿件不可见', 'ttl': 1}
[2026-04-13 12:05:45] [SUCCESS] bvid=BV1DnQcBEEbZ 已成功抓取全部所需数据。
[2026-04-13 12:05:48] [ERROR] bvid=BV1DoXNBPEyX 抓取失败：media: 30250 is not a valid AudioQuality
[2026-04-13 12:05:50] [ERROR] bvid=BV1Dp9VBpEbz 抓取失败：media: 接口返回错误代码：62002，信息：稿件不可见。
{'code': 62002, 'message': '稿件不可见', 'ttl': 1}
[2026-04-13 12:05:50] [WARN] 当前子任务已结束，但仍有未成功抓取的视频，已导出 remaining CSV 供继续执行。
[2026-04-13 12:05:50] [INFO] 已导出剔除成功条目后的剩余 CSV：outputs\video_data\manual_crawls\manual_crawl_media_mode_A_20260413_111559\remaining_bvids_part_5.csv
[2026-04-13 12:05:50] 子任务结束时间：2026-04-13T12:05:50.771606
[TIMESTAMP][END] 2026-04-13T12:05:50
