[TIMESTAMP][BEGIN] 2026-04-07T16:40:08
[2026-04-07 16:40:11] 开始执行 CSV 批量抓取子任务 part_44。
[2026-04-07 16:40:11] 子任务开始时间：2026-04-07T16:40:08.876252
[2026-04-07 16:40:11] 输入文件：batch_input_44.csv
[2026-04-07 16:40:11] 输入唯一 bvid 数量：100
[2026-04-07 16:40:11] 为严格按 CSV 顺序判断连续失败阈值，本次任务自动将并发度从 2 调整为 1。
[2026-04-07 16:40:14] [SUCCESS] bvid=BV1kXXLB2Eym 已成功抓取全部所需数据。
[2026-04-07 16:40:17] [SUCCESS] bvid=BV1kXXSByEWL 已成功抓取全部所需数据。
[2026-04-07 16:40:20] [SUCCESS] bvid=BV1kXXSByEfQ 已成功抓取全部所需数据。
[2026-04-07 16:40:23] [SUCCESS] bvid=BV1kXXSByEtQ 已成功抓取全部所需数据。
[2026-04-07 16:40:27] [SUCCESS] bvid=BV1kY9uBFEAd 已成功抓取全部所需数据。
[2026-04-07 16:40:30] [SUCCESS] bvid=BV1kY9uBFEwG 已成功抓取全部所需数据。
[2026-04-07 16:40:33] [SUCCESS] bvid=BV1kYX5BrEFw 已成功抓取全部所需数据。
[2026-04-07 16:40:36] [SUCCESS] bvid=BV1kYXNBSEEt 已成功抓取全部所需数据。
[2026-04-07 16:40:39] [SUCCESS] bvid=BV1kYXNBSEWt 已成功抓取全部所需数据。
[2026-04-07 16:40:42] [SUCCESS] bvid=BV1kYXUBzE22 已成功抓取全部所需数据。
[2026-04-07 16:40:45] [SUCCESS] bvid=BV1kYXUBzEhE 已成功抓取全部所需数据。
[2026-04-07 16:40:48] [SUCCESS] bvid=BV1kYXjBJEZ8 已成功抓取全部所需数据。
[2026-04-07 16:40:51] [SUCCESS] bvid=BV1kYXjBJEbq 已成功抓取全部所需数据。
[2026-04-07 16:41:01] [SUCCESS] bvid=BV1kYXzBmEDZ 已成功抓取全部所需数据。
[2026-04-07 16:41:11] [SUCCESS] bvid=BV1kYXzBmEp1 已成功抓取全部所需数据。
[2026-04-07 16:41:21] [SUCCESS] bvid=BV1kZ9WBuEmn 已成功抓取全部所需数据。
[2026-04-07 16:41:24] [SUCCESS] bvid=BV1kZDNB1Eou 已成功抓取全部所需数据。
[2026-04-07 16:41:27] [SUCCESS] bvid=BV1kZXSB3EL8 已成功抓取全部所需数据。
[2026-04-07 16:41:30] [SUCCESS] bvid=BV1kZXSB3ENq 已成功抓取全部所需数据。
[2026-04-07 16:41:33] [SUCCESS] bvid=BV1kZXSB3EjW 已成功抓取全部所需数据。
[2026-04-07 16:41:36] [SUCCESS] bvid=BV1kZXSBGEFD 已成功抓取全部所需数据。
[2026-04-07 16:41:39] [SUCCESS] bvid=BV1kZXbBDEBx 已成功抓取全部所需数据。
[2026-04-07 16:41:42] [SUCCESS] bvid=BV1kZXbBDEQz 已成功抓取全部所需数据。
[2026-04-07 16:41:45] [SUCCESS] bvid=BV1kZXbBDEb8 已成功抓取全部所需数据。
[2026-04-07 16:41:48] [SUCCESS] bvid=BV1kZXbBDEkD 已成功抓取全部所需数据。
[2026-04-07 16:41:52] [SUCCESS] bvid=BV1kaX5BGEDK 已成功抓取全部所需数据。
[2026-04-07 16:41:55] [SUCCESS] bvid=BV1kaXNBnEYU 已成功抓取全部所需数据。
[2026-04-07 16:41:58] [SUCCESS] bvid=BV1kaXNBnEaQ 已成功抓取全部所需数据。
[2026-04-07 16:42:01] [SUCCESS] bvid=BV1kaXNBnEec 已成功抓取全部所需数据。
[2026-04-07 16:42:04] [SUCCESS] bvid=BV1kaXNBnEic 已成功抓取全部所需数据。
[2026-04-07 16:42:07] [SUCCESS] bvid=BV1kaXqB6EoG 已成功抓取全部所需数据。
[2026-04-07 16:42:11] [SUCCESS] bvid=BV1kbX5B5E6U 已成功抓取全部所需数据。
[2026-04-07 16:42:14] [SUCCESS] bvid=BV1kbX5B5ERh 已成功抓取全部所需数据。
[2026-04-07 16:42:18] [SUCCESS] bvid=BV1kbX5B5EsL 已成功抓取全部所需数据。
[2026-04-07 16:42:21] [SUCCESS] bvid=BV1kbXGBiEvy 已成功抓取全部所需数据。
[2026-04-07 16:42:24] [SUCCESS] bvid=BV1kcDMBHE6b 已成功抓取全部所需数据。
[2026-04-07 16:42:27] [SUCCESS] bvid=BV1kcDMBHEJx 已成功抓取全部所需数据。
[2026-04-07 16:42:31] [SUCCESS] bvid=BV1kd9WB6EC2 已成功抓取全部所需数据。
[2026-04-07 16:42:34] [SUCCESS] bvid=BV1kdX6BQEix 已成功抓取全部所需数据。
[2026-04-07 16:42:37] [SUCCESS] bvid=BV1kdXSBkE52 已成功抓取全部所需数据。
[2026-04-07 16:42:41] [SUCCESS] bvid=BV1kdXSBkEKT 已成功抓取全部所需数据。
[2026-04-07 16:42:44] [SUCCESS] bvid=BV1kdXSBkELV 已成功抓取全部所需数据。
[2026-04-07 16:42:44] [ERROR] bvid=BV1kdXSBkESY 抓取失败：meta: 接口返回错误代码：62002，信息：稿件不可见。
{'code': 62002, 'message': '稿件不可见', 'ttl': 1}
[2026-04-07 16:42:47] [SUCCESS] bvid=BV1kdXSBkETN 已成功抓取全部所需数据。
[2026-04-07 16:42:51] [SUCCESS] bvid=BV1kdXSBkEdC 已成功抓取全部所需数据。
[2026-04-07 16:42:54] [SUCCESS] bvid=BV1kdXSBkEn3 已成功抓取全部所需数据。
[2026-04-07 16:42:57] [SUCCESS] bvid=BV1kdXSBkEqs 已成功抓取全部所需数据。
[2026-04-07 16:42:57] [ERROR] bvid=BV1kdXSBkEuc 抓取失败：meta: 接口返回错误代码：62002，信息：稿件不可见。
{'code': 62002, 'message': '稿件不可见', 'ttl': 1}
[2026-04-07 16:42:58] [ERROR] bvid=BV1kdXSBkEur 抓取失败：meta: 接口返回错误代码：62002，信息：稿件不可见。
{'code': 62002, 'message': '稿件不可见', 'ttl': 1}
[2026-04-07 16:43:01] [SUCCESS] bvid=BV1keXTBoEXu 已成功抓取全部所需数据。
[2026-04-07 16:43:04] [SUCCESS] bvid=BV1keXjBUEf5 已成功抓取全部所需数据。
[2026-04-07 16:43:07] [SUCCESS] bvid=BV1keXqBuELr 已成功抓取全部所需数据。
[2026-04-07 16:43:10] [SUCCESS] bvid=BV1kfDTBXEht 已成功抓取全部所需数据。
[2026-04-07 16:43:13] [SUCCESS] bvid=BV1kfXKBQEN2 已成功抓取全部所需数据。
[2026-04-07 16:43:16] [SUCCESS] bvid=BV1kgSQB3Ev3 已成功抓取全部所需数据。
[2026-04-07 16:43:20] [SUCCESS] bvid=BV1kgXPB2EJj 已成功抓取全部所需数据。
[2026-04-07 16:43:23] [SUCCESS] bvid=BV1kgXPB2EWr 已成功抓取全部所需数据。
[2026-04-07 16:43:26] [SUCCESS] bvid=BV1kgXPB2Ew9 已成功抓取全部所需数据。
[2026-04-07 16:43:29] [SUCCESS] bvid=BV1kh9uBhEnZ 已成功抓取全部所需数据。
[2026-04-07 16:43:32] [SUCCESS] bvid=BV1kh9uBhEss 已成功抓取全部所需数据。
[2026-04-07 16:43:35] [SUCCESS] bvid=BV1khAAzzEvc 已成功抓取全部所需数据。
[2026-04-07 16:43:38] [SUCCESS] bvid=BV1ki9VBCE6d 已成功抓取全部所需数据。
[2026-04-07 16:43:38] [ERROR] bvid=BV1kiXDBLEds 抓取失败：meta: 接口返回错误代码：-404，信息：啥都木有。
{'code': -404, 'message': '啥都木有', 'ttl': 1}
[2026-04-07 16:43:41] [SUCCESS] bvid=BV1kiXNBUE4q 已成功抓取全部所需数据。
[2026-04-07 16:43:44] [SUCCESS] bvid=BV1kiXNBmE7J 已成功抓取全部所需数据。
[2026-04-07 16:43:45] [ERROR] bvid=BV1kiXNBmETk 抓取失败：meta: 接口返回错误代码：62012，信息：62012。
{'code': 62012, 'message': '62012', 'ttl': 1}
[2026-04-07 16:43:48] [SUCCESS] bvid=BV1kiXTB4ESX 已成功抓取全部所需数据。
[2026-04-07 16:43:51] [SUCCESS] bvid=BV1kiXTBxEgG 已成功抓取全部所需数据。
[2026-04-07 16:43:51] [ERROR] bvid=BV1kiXTBxEgY 抓取失败：meta: 接口返回错误代码：62002，信息：稿件不可见。
{'code': 62002, 'message': '稿件不可见', 'ttl': 1}
[2026-04-07 16:43:54] [SUCCESS] bvid=BV1kiXTBxEp2 已成功抓取全部所需数据。
[2026-04-07 16:43:57] [SUCCESS] bvid=BV1kiXjB7E2C 已成功抓取全部所需数据。
[2026-04-07 16:44:00] [SUCCESS] bvid=BV1kiXjB7ET3 已成功抓取全部所需数据。
[2026-04-07 16:44:03] [SUCCESS] bvid=BV1kiXjB7EUJ 已成功抓取全部所需数据。
[2026-04-07 16:44:06] [SUCCESS] bvid=BV1kiXrBWEZn 已成功抓取全部所需数据。
[2026-04-07 16:44:10] [SUCCESS] bvid=BV1kiXrBWEfx 已成功抓取全部所需数据。
[2026-04-07 16:44:13] [SUCCESS] bvid=BV1kjQoBbEqh 已成功抓取全部所需数据。
[2026-04-07 16:44:16] [SUCCESS] bvid=BV1kjXKBnEyw 已成功抓取全部所需数据。
[2026-04-07 16:44:19] [SUCCESS] bvid=BV1kk9LB7ERX 已成功抓取全部所需数据。
[2026-04-07 16:44:22] [SUCCESS] bvid=BV1kk9LB7Efg 已成功抓取全部所需数据。
[2026-04-07 16:44:25] [SUCCESS] bvid=BV1kkSoB9Eo2 已成功抓取全部所需数据。
[2026-04-07 16:44:29] [SUCCESS] bvid=BV1kkXuBFECj 已成功抓取全部所需数据。
[2026-04-07 16:44:32] [SUCCESS] bvid=BV1kmXVBGE2Z 已成功抓取全部所需数据。
[2026-04-07 16:44:35] [SUCCESS] bvid=BV1kmXVBGEQp 已成功抓取全部所需数据。
[2026-04-07 16:44:38] [SUCCESS] bvid=BV1kmXVBGEU5 已成功抓取全部所需数据。
[2026-04-07 16:44:42] [SUCCESS] bvid=BV1kmXVBGEbV 已成功抓取全部所需数据。
[2026-04-07 16:44:45] [SUCCESS] bvid=BV1kmXVBGEbt 已成功抓取全部所需数据。
[2026-04-07 16:44:49] [SUCCESS] bvid=BV1kmXVBGEv2 已成功抓取全部所需数据。
[2026-04-07 16:44:52] [SUCCESS] bvid=BV1kmXVBGEvT 已成功抓取全部所需数据。
[2026-04-07 16:44:55] [SUCCESS] bvid=BV1kmXpBPEC6 已成功抓取全部所需数据。
[2026-04-07 16:44:59] [SUCCESS] bvid=BV1kn9NBQEH4 已成功抓取全部所需数据。
[2026-04-07 16:45:08] [SUCCESS] bvid=BV1kn9NBQEQ7 已成功抓取全部所需数据。
[2026-04-07 16:45:12] [SUCCESS] bvid=BV1kn9NBQESu 已成功抓取全部所需数据。
[2026-04-07 16:45:15] [SUCCESS] bvid=BV1kn9jBHEDk 已成功抓取全部所需数据。
[2026-04-07 16:45:25] [SUCCESS] bvid=BV1knXMBxEBd 已成功抓取全部所需数据。
[2026-04-07 16:45:35] [SUCCESS] bvid=BV1knXMBxEYR 已成功抓取全部所需数据。
[2026-04-07 16:45:47] [SUCCESS] bvid=BV1knXMBxEZx 已成功抓取全部所需数据。
[2026-04-07 16:45:56] [SUCCESS] bvid=BV1koD5BMEtS 已成功抓取全部所需数据。
[2026-04-07 16:46:06] [SUCCESS] bvid=BV1koXQBSEDn 已成功抓取全部所需数据。
[2026-04-07 16:46:17] [SUCCESS] bvid=BV1koXQBSEVX 已成功抓取全部所需数据。
[2026-04-07 16:46:28] [SUCCESS] bvid=BV1koXbBHExL 已成功抓取全部所需数据。
[2026-04-07 16:46:28] [WARN] 当前子任务已结束，但仍有未成功抓取的视频，已导出 remaining CSV 供继续执行。
[2026-04-07 16:46:28] [INFO] 已导出剔除成功条目后的剩余 CSV：outputs\video_data\manual_crawls\manual_crawl_meta_mode_A_20260407_112712\remaining_bvids_part_44.csv
[2026-04-07 16:46:28] 子任务结束时间：2026-04-07T16:46:28.056542
[TIMESTAMP][END] 2026-04-07T16:46:28
