[TIMESTAMP][BEGIN] 2026-04-07T13:55:00
[2026-04-07 13:55:02] 开始执行 CSV 批量抓取子任务 part_25。
[2026-04-07 13:55:02] 子任务开始时间：2026-04-07T13:55:00.026656
[2026-04-07 13:55:02] 输入文件：batch_input_25.csv
[2026-04-07 13:55:02] 输入唯一 bvid 数量：100
[2026-04-07 13:55:02] 为严格按 CSV 顺序判断连续失败阈值，本次任务自动将并发度从 2 调整为 1。
[2026-04-07 13:55:05] [SUCCESS] bvid=BV1djXpBsEeb 已成功抓取全部所需数据。
[2026-04-07 13:55:08] [SUCCESS] bvid=BV1dkXWBxE5F 已成功抓取全部所需数据。
[2026-04-07 13:55:11] [SUCCESS] bvid=BV1dkXZBWELT 已成功抓取全部所需数据。
[2026-04-07 13:55:14] [SUCCESS] bvid=BV1dkXZBWEcd 已成功抓取全部所需数据。
[2026-04-07 13:55:17] [SUCCESS] bvid=BV1dkXZBWEvR 已成功抓取全部所需数据。
[2026-04-07 13:55:20] [SUCCESS] bvid=BV1dmDVBsEWr 已成功抓取全部所需数据。
[2026-04-07 13:55:23] [SUCCESS] bvid=BV1dmXtBBEFj 已成功抓取全部所需数据。
[2026-04-07 13:55:26] [SUCCESS] bvid=BV1dmXzBMERD 已成功抓取全部所需数据。
[2026-04-07 13:55:29] [SUCCESS] bvid=BV1dnXmBZE8Z 已成功抓取全部所需数据。
[2026-04-07 13:55:33] [SUCCESS] bvid=BV1dnXmBZERY 已成功抓取全部所需数据。
[2026-04-07 13:55:36] [SUCCESS] bvid=BV1do97B1ESw 已成功抓取全部所需数据。
[2026-04-07 13:55:39] [SUCCESS] bvid=BV1dp9JBmEir 已成功抓取全部所需数据。
[2026-04-07 13:55:39] [ERROR] bvid=BV1dpXLBTED8 抓取失败：meta: 接口返回错误代码：62002，信息：稿件不可见。
{'code': 62002, 'message': '稿件不可见', 'ttl': 1}
[2026-04-07 13:55:42] [SUCCESS] bvid=BV1dpXLBTEmV 已成功抓取全部所需数据。
[2026-04-07 13:55:45] [SUCCESS] bvid=BV1dpXVB8EZQ 已成功抓取全部所需数据。
[2026-04-07 13:55:48] [SUCCESS] bvid=BV1dpXVBbE6R 已成功抓取全部所需数据。
[2026-04-07 13:55:51] [SUCCESS] bvid=BV1dpXVBbE7D 已成功抓取全部所需数据。
[2026-04-07 13:55:54] [SUCCESS] bvid=BV1dpXVBbE7U 已成功抓取全部所需数据。
[2026-04-07 13:55:57] [SUCCESS] bvid=BV1dpXVBbEEe 已成功抓取全部所需数据。
[2026-04-07 13:56:00] [SUCCESS] bvid=BV1dpXVBbEH5 已成功抓取全部所需数据。
[2026-04-07 13:56:03] [SUCCESS] bvid=BV1dpXVBbESC 已成功抓取全部所需数据。
[2026-04-07 13:56:06] [SUCCESS] bvid=BV1dpXVBbEYv 已成功抓取全部所需数据。
[2026-04-07 13:56:10] [SUCCESS] bvid=BV1dpXVBbEfa 已成功抓取全部所需数据。
[2026-04-07 13:56:13] [SUCCESS] bvid=BV1dpXVBbEhQ 已成功抓取全部所需数据。
[2026-04-07 13:56:16] [SUCCESS] bvid=BV1dpXVBbEpL 已成功抓取全部所需数据。
[2026-04-07 13:56:20] [SUCCESS] bvid=BV1dpXVBbEpV 已成功抓取全部所需数据。
[2026-04-07 13:56:23] [SUCCESS] bvid=BV1dpXVBbEug 已成功抓取全部所需数据。
[2026-04-07 13:56:26] [SUCCESS] bvid=BV1dpXmB4EJS 已成功抓取全部所需数据。
[2026-04-07 13:56:30] [SUCCESS] bvid=BV1dpXmB4En2 已成功抓取全部所需数据。
[2026-04-07 13:56:33] [SUCCESS] bvid=BV1dpXoBEExo 已成功抓取全部所需数据。
[2026-04-07 13:56:36] [SUCCESS] bvid=BV1dq9jB6Edq 已成功抓取全部所需数据。
[2026-04-07 13:56:40] [SUCCESS] bvid=BV1dq9jB6EoG 已成功抓取全部所需数据。
[2026-04-07 13:56:43] [SUCCESS] bvid=BV1dqDuB1E7r 已成功抓取全部所需数据。
[2026-04-07 13:56:46] [SUCCESS] bvid=BV1dqDuB1Eq5 已成功抓取全部所需数据。
[2026-04-07 13:56:49] [SUCCESS] bvid=BV1dqX9B3EGr 已成功抓取全部所需数据。
[2026-04-07 13:56:53] [SUCCESS] bvid=BV1dqXkBkELf 已成功抓取全部所需数据。
[2026-04-07 13:56:56] [SUCCESS] bvid=BV1dr9EB1EHS 已成功抓取全部所需数据。
[2026-04-07 13:56:59] [SUCCESS] bvid=BV1drXdBjEWA 已成功抓取全部所需数据。
[2026-04-07 13:57:03] [SUCCESS] bvid=BV1dt9WBfEKM 已成功抓取全部所需数据。
[2026-04-07 13:57:23] [SUCCESS] bvid=BV1dt9WBfENn 已成功抓取全部所需数据。
[2026-04-07 13:57:26] [SUCCESS] bvid=BV1dt9WBfEqD 已成功抓取全部所需数据。
[2026-04-07 13:57:29] [SUCCESS] bvid=BV1dtXPBNEgR 已成功抓取全部所需数据。
[2026-04-07 13:57:33] [SUCCESS] bvid=BV1dtXbB3Erd 已成功抓取全部所需数据。
[2026-04-07 13:57:36] [SUCCESS] bvid=BV1duDPB8EYJ 已成功抓取全部所需数据。
[2026-04-07 13:57:39] [SUCCESS] bvid=BV1duXEBCE62 已成功抓取全部所需数据。
[2026-04-07 13:57:42] [SUCCESS] bvid=BV1duXNBKEwD 已成功抓取全部所需数据。
[2026-04-07 13:57:46] [SUCCESS] bvid=BV1dvDTBuE7o 已成功抓取全部所需数据。
[2026-04-07 13:57:49] [SUCCESS] bvid=BV1dvXgB9EU7 已成功抓取全部所需数据。
[2026-04-07 13:57:52] [SUCCESS] bvid=BV1dvXhB5ECH 已成功抓取全部所需数据。
[2026-04-07 13:57:55] [SUCCESS] bvid=BV1dvXhB5ELx 已成功抓取全部所需数据。
[2026-04-07 13:57:59] [SUCCESS] bvid=BV1dvXhB5EpY 已成功抓取全部所需数据。
[2026-04-07 13:58:02] [SUCCESS] bvid=BV1dw9uBnEMM 已成功抓取全部所需数据。
[2026-04-07 13:58:06] [SUCCESS] bvid=BV1dw9uBnEWC 已成功抓取全部所需数据。
[2026-04-07 13:58:09] [SUCCESS] bvid=BV1dxXLBNE9U 已成功抓取全部所需数据。
[2026-04-07 13:58:12] [SUCCESS] bvid=BV1dxXLBNEBH 已成功抓取全部所需数据。
[2026-04-07 13:58:16] [SUCCESS] bvid=BV1dxXLBNEUD 已成功抓取全部所需数据。
[2026-04-07 13:58:19] [SUCCESS] bvid=BV1dxXLBNEX2 已成功抓取全部所需数据。
[2026-04-07 13:58:22] [SUCCESS] bvid=BV1dxXLBNEmG 已成功抓取全部所需数据。
[2026-04-07 13:58:25] [SUCCESS] bvid=BV1dxXSBAE6X 已成功抓取全部所需数据。
[2026-04-07 13:58:28] [SUCCESS] bvid=BV1dxXSBAEDa 已成功抓取全部所需数据。
[2026-04-07 13:58:32] [SUCCESS] bvid=BV1dxXmBsEHt 已成功抓取全部所需数据。
[2026-04-07 13:58:35] [SUCCESS] bvid=BV1dyDVB4Emu 已成功抓取全部所需数据。
[2026-04-07 13:58:39] [SUCCESS] bvid=BV1dyXqBaEE5 已成功抓取全部所需数据。
[2026-04-07 13:58:42] [SUCCESS] bvid=BV1dzXGBfEBG 已成功抓取全部所需数据。
[2026-04-07 13:58:46] [SUCCESS] bvid=BV1dzXGBfENw 已成功抓取全部所需数据。
[2026-04-07 13:58:49] [SUCCESS] bvid=BV1dzXdBmE4Y 已成功抓取全部所需数据。
[2026-04-07 13:58:52] [SUCCESS] bvid=BV1dzXdBmE6e 已成功抓取全部所需数据。
[2026-04-07 13:58:55] [SUCCESS] bvid=BV1dzwLzZEC6 已成功抓取全部所需数据。
[2026-04-07 13:58:59] [SUCCESS] bvid=BV1dzwLzZED6 已成功抓取全部所需数据。
[2026-04-07 13:59:02] [SUCCESS] bvid=BV1dzwLzZEDJ 已成功抓取全部所需数据。
[2026-04-07 13:59:06] [SUCCESS] bvid=BV1dzwLzZEMu 已成功抓取全部所需数据。
[2026-04-07 13:59:09] [SUCCESS] bvid=BV1dzwLzZEQb 已成功抓取全部所需数据。
[2026-04-07 13:59:13] [SUCCESS] bvid=BV1dzwLzZEaY 已成功抓取全部所需数据。
[2026-04-07 13:59:16] [SUCCESS] bvid=BV1dzwLzZEap 已成功抓取全部所需数据。
[2026-04-07 13:59:20] [SUCCESS] bvid=BV1dzwLzZEev 已成功抓取全部所需数据。
[2026-04-07 13:59:23] [SUCCESS] bvid=BV1dzwLzZEfW 已成功抓取全部所需数据。
[2026-04-07 13:59:27] [SUCCESS] bvid=BV1dzwLzZEgL 已成功抓取全部所需数据。
[2026-04-07 13:59:30] [SUCCESS] bvid=BV1dzwLzZEuV 已成功抓取全部所需数据。
[2026-04-07 13:59:33] [SUCCESS] bvid=BV1dzwLzZEvJ 已成功抓取全部所需数据。
[2026-04-07 13:59:36] [SUCCESS] bvid=BV1e19TBVE3s 已成功抓取全部所需数据。
[2026-04-07 13:59:39] [SUCCESS] bvid=BV1e19TBVE8n 已成功抓取全部所需数据。
[2026-04-07 13:59:42] [SUCCESS] bvid=BV1e19TBVEgn 已成功抓取全部所需数据。
[2026-04-07 13:59:45] [SUCCESS] bvid=BV1e19TBVEtj 已成功抓取全部所需数据。
[2026-04-07 13:59:48] [SUCCESS] bvid=BV1e19TBVEwR 已成功抓取全部所需数据。
[2026-04-07 13:59:52] [SUCCESS] bvid=BV1e1SUBSE4F 已成功抓取全部所需数据。
[2026-04-07 13:59:55] [SUCCESS] bvid=BV1e1X5BYE6Z 已成功抓取全部所需数据。
[2026-04-07 13:59:58] [SUCCESS] bvid=BV1e1X5BYEST 已成功抓取全部所需数据。
[2026-04-07 14:00:02] [SUCCESS] bvid=BV1e1X5BYEhy 已成功抓取全部所需数据。
[2026-04-07 14:00:05] [SUCCESS] bvid=BV1e1XGBREcV 已成功抓取全部所需数据。
[2026-04-07 14:00:09] [SUCCESS] bvid=BV1e2XvBpE8f 已成功抓取全部所需数据。
[2026-04-07 14:00:12] [SUCCESS] bvid=BV1e39FBWELg 已成功抓取全部所需数据。
[2026-04-07 14:00:15] [SUCCESS] bvid=BV1e39sB8EZh 已成功抓取全部所需数据。
[2026-04-07 14:00:18] [SUCCESS] bvid=BV1e3XjBeEHd 已成功抓取全部所需数据。
[2026-04-07 14:00:22] [SUCCESS] bvid=BV1e3XjBeELa 已成功抓取全部所需数据。
[2026-04-07 14:00:25] [SUCCESS] bvid=BV1e3XjBvEoR 已成功抓取全部所需数据。
[2026-04-07 14:00:29] [SUCCESS] bvid=BV1e4XVBoE3U 已成功抓取全部所需数据。
[2026-04-07 14:00:32] [SUCCESS] bvid=BV1e4XVBoEMA 已成功抓取全部所需数据。
[2026-04-07 14:00:36] [SUCCESS] bvid=BV1e4XVBoEPC 已成功抓取全部所需数据。
[2026-04-07 14:00:39] [SUCCESS] bvid=BV1e4XVBoEUT 已成功抓取全部所需数据。
[2026-04-07 14:00:42] [SUCCESS] bvid=BV1e4XVBoEWv 已成功抓取全部所需数据。
[2026-04-07 14:00:42] [WARN] 当前子任务已结束，但仍有未成功抓取的视频，已导出 remaining CSV 供继续执行。
[2026-04-07 14:00:42] [INFO] 已导出剔除成功条目后的剩余 CSV：outputs\video_data\manual_crawls\manual_crawl_meta_mode_A_20260407_112712\remaining_bvids_part_25.csv
[2026-04-07 14:00:42] 子任务结束时间：2026-04-07T14:00:42.875036
[TIMESTAMP][END] 2026-04-07T14:00:42
