[TIMESTAMP][BEGIN] 2026-04-07T17:11:27
[2026-04-07 17:11:29] 开始执行 CSV 批量抓取子任务 part_49。
[2026-04-07 17:11:29] 子任务开始时间：2026-04-07T17:11:27.396115
[2026-04-07 17:11:29] 输入文件：batch_input_49.csv
[2026-04-07 17:11:29] 输入唯一 bvid 数量：100
[2026-04-07 17:11:29] 为严格按 CSV 顺序判断连续失败阈值，本次任务自动将并发度从 2 调整为 1。
[2026-04-07 17:11:35] [SUCCESS] bvid=BV1nLXBB3EnB 已成功抓取全部所需数据。
[2026-04-07 17:11:38] [SUCCESS] bvid=BV1nLXBB3Ew6 已成功抓取全部所需数据。
[2026-04-07 17:11:41] [SUCCESS] bvid=BV1nLXPBGE5d 已成功抓取全部所需数据。
[2026-04-07 17:11:44] [SUCCESS] bvid=BV1nLXPBGE96 已成功抓取全部所需数据。
[2026-04-07 17:11:48] [SUCCESS] bvid=BV1nLXPBVE2C 已成功抓取全部所需数据。
[2026-04-07 17:11:57] [SUCCESS] bvid=BV1nLXPBVEfx 已成功抓取全部所需数据。
[2026-04-07 17:12:06] [SUCCESS] bvid=BV1nLXVBNEca 已成功抓取全部所需数据。
[2026-04-07 17:12:16] [SUCCESS] bvid=BV1nM97BJEmX 已成功抓取全部所需数据。
[2026-04-07 17:12:16] [ERROR] bvid=BV1nMX3BwEP5 抓取失败：meta: 接口返回错误代码：62002，信息：稿件不可见。
{'code': 62002, 'message': '稿件不可见', 'ttl': 1}
[2026-04-07 17:12:19] [SUCCESS] bvid=BV1nMXeB8E3x 已成功抓取全部所需数据。
[2026-04-07 17:12:22] [SUCCESS] bvid=BV1nMXeB8Ecu 已成功抓取全部所需数据。
[2026-04-07 17:12:25] [SUCCESS] bvid=BV1nMXeBhEeC 已成功抓取全部所需数据。
[2026-04-07 17:12:28] [SUCCESS] bvid=BV1nNQqBKE6X 已成功抓取全部所需数据。
[2026-04-07 17:12:31] [SUCCESS] bvid=BV1nNQqBKEM9 已成功抓取全部所需数据。
[2026-04-07 17:12:34] [SUCCESS] bvid=BV1nNXaB9EQt 已成功抓取全部所需数据。
[2026-04-07 17:12:37] [SUCCESS] bvid=BV1nNXaB9EeE 已成功抓取全部所需数据。
[2026-04-07 17:12:40] [SUCCESS] bvid=BV1nPX8B2EFJ 已成功抓取全部所需数据。
[2026-04-07 17:12:43] [SUCCESS] bvid=BV1nPXaBsEJT 已成功抓取全部所需数据。
[2026-04-07 17:12:46] [SUCCESS] bvid=BV1nPXrBjEJq 已成功抓取全部所需数据。
[2026-04-07 17:12:49] [SUCCESS] bvid=BV1nQXsBuEJv 已成功抓取全部所需数据。
[2026-04-07 17:12:52] [SUCCESS] bvid=BV1nRXLBjEri 已成功抓取全部所需数据。
[2026-04-07 17:12:56] [SUCCESS] bvid=BV1nRXPB2E27 已成功抓取全部所需数据。
[2026-04-07 17:12:59] [SUCCESS] bvid=BV1nRXPB2EAd 已成功抓取全部所需数据。
[2026-04-07 17:13:02] [SUCCESS] bvid=BV1nRXfBNEBD 已成功抓取全部所需数据。
[2026-04-07 17:13:05] [SUCCESS] bvid=BV1nRXfBNEgt 已成功抓取全部所需数据。
[2026-04-07 17:13:08] [SUCCESS] bvid=BV1nRXfBNEtz 已成功抓取全部所需数据。
[2026-04-07 17:13:11] [SUCCESS] bvid=BV1nS9KBQEmV 已成功抓取全部所需数据。
[2026-04-07 17:13:14] [SUCCESS] bvid=BV1nSXCBWEBk 已成功抓取全部所需数据。
[2026-04-07 17:13:17] [SUCCESS] bvid=BV1nSXCBWEG5 已成功抓取全部所需数据。
[2026-04-07 17:13:19] [SUCCESS] bvid=BV1nT9KBnEjQ 已成功抓取全部所需数据。
[2026-04-07 17:13:22] [SUCCESS] bvid=BV1nTXaBpEW2 已成功抓取全部所需数据。
[2026-04-07 17:13:25] [SUCCESS] bvid=BV1nTXeBcEQr 已成功抓取全部所需数据。
[2026-04-07 17:13:28] [SUCCESS] bvid=BV1nU9KBpENa 已成功抓取全部所需数据。
[2026-04-07 17:13:32] [SUCCESS] bvid=BV1nU9KBpEpg 已成功抓取全部所需数据。
[2026-04-07 17:13:35] [SUCCESS] bvid=BV1nUXaBsEi6 已成功抓取全部所需数据。
[2026-04-07 17:13:38] [SUCCESS] bvid=BV1nUXpBYEa2 已成功抓取全部所需数据。
[2026-04-07 17:13:41] [SUCCESS] bvid=BV1nVXLB5E1X 已成功抓取全部所需数据。
[2026-04-07 17:13:44] [SUCCESS] bvid=BV1nVXLB5EdH 已成功抓取全部所需数据。
[2026-04-07 17:13:47] [SUCCESS] bvid=BV1nVXLB5Eis 已成功抓取全部所需数据。
[2026-04-07 17:13:50] [SUCCESS] bvid=BV1nVXPByEN8 已成功抓取全部所需数据。
[2026-04-07 17:13:53] [SUCCESS] bvid=BV1nVXPByEig 已成功抓取全部所需数据。
[2026-04-07 17:13:56] [SUCCESS] bvid=BV1nVXPByExq 已成功抓取全部所需数据。
[2026-04-07 17:14:05] [SUCCESS] bvid=BV1nVXPByExz 已成功抓取全部所需数据。
[2026-04-07 17:14:09] [SUCCESS] bvid=BV1nVXPByEz4 已成功抓取全部所需数据。
[2026-04-07 17:14:12] [SUCCESS] bvid=BV1nVXVBiExt 已成功抓取全部所需数据。
[2026-04-07 17:14:15] [SUCCESS] bvid=BV1nVXmBeEKL 已成功抓取全部所需数据。
[2026-04-07 17:14:18] [SUCCESS] bvid=BV1nW9NBUEgf 已成功抓取全部所需数据。
[2026-04-07 17:14:21] [SUCCESS] bvid=BV1nWSZBdEUy 已成功抓取全部所需数据。
[2026-04-07 17:14:25] [SUCCESS] bvid=BV1nWXMBWE9T 已成功抓取全部所需数据。
[2026-04-07 17:14:28] [SUCCESS] bvid=BV1nWXMBWEYv 已成功抓取全部所需数据。
[2026-04-07 17:14:38] [SUCCESS] bvid=BV1nWXMBWEiG 已成功抓取全部所需数据。
[2026-04-07 17:14:49] [SUCCESS] bvid=BV1nWXMBWEzN 已成功抓取全部所需数据。
[2026-04-07 17:15:00] [SUCCESS] bvid=BV1nWXMBsE2w 已成功抓取全部所需数据。
[2026-04-07 17:15:09] [SUCCESS] bvid=BV1nWXgBwE9n 已成功抓取全部所需数据。
[2026-04-07 17:15:13] [SUCCESS] bvid=BV1nWXkBHE3H 已成功抓取全部所需数据。
[2026-04-07 17:15:16] [SUCCESS] bvid=BV1nWXkBHE3j 已成功抓取全部所需数据。
[2026-04-07 17:15:19] [SUCCESS] bvid=BV1nWXkBHE7a 已成功抓取全部所需数据。
[2026-04-07 17:15:22] [SUCCESS] bvid=BV1nWXkBHEbp 已成功抓取全部所需数据。
[2026-04-07 17:15:25] [SUCCESS] bvid=BV1nXXeB8Etv 已成功抓取全部所需数据。
[2026-04-07 17:15:28] [SUCCESS] bvid=BV1nXXoBZE4c 已成功抓取全部所需数据。
[2026-04-07 17:15:31] [SUCCESS] bvid=BV1nYX5BrEJv 已成功抓取全部所需数据。
[2026-04-07 17:15:35] [SUCCESS] bvid=BV1nYX5BrEMp 已成功抓取全部所需数据。
[2026-04-07 17:15:39] [SUCCESS] bvid=BV1nYX5BrEPM 已成功抓取全部所需数据。
[2026-04-07 17:15:42] [SUCCESS] bvid=BV1nYX5BrEw1 已成功抓取全部所需数据。
[2026-04-07 17:15:46] [SUCCESS] bvid=BV1nYXUBzEUD 已成功抓取全部所需数据。
[2026-04-07 17:15:50] [SUCCESS] bvid=BV1nYXUBzEyM 已成功抓取全部所需数据。
[2026-04-07 17:15:54] [SUCCESS] bvid=BV1nYXUBzEyZ 已成功抓取全部所需数据。
[2026-04-07 17:15:58] [SUCCESS] bvid=BV1nYXZBhEZE 已成功抓取全部所需数据。
[2026-04-07 17:16:02] [SUCCESS] bvid=BV1nYXZBhEes 已成功抓取全部所需数据。
[2026-04-07 17:16:06] [SUCCESS] bvid=BV1nZD5BqEGy 已成功抓取全部所需数据。
[2026-04-07 17:16:10] [SUCCESS] bvid=BV1nZD5BqEcJ 已成功抓取全部所需数据。
[2026-04-07 17:16:10] [ERROR] bvid=BV1nZXKBpEQy 抓取失败：meta: 接口返回错误代码：62002，信息：稿件不可见。
{'code': 62002, 'message': '稿件不可见', 'ttl': 1}
[2026-04-07 17:16:14] [SUCCESS] bvid=BV1nZXLB5EAM 已成功抓取全部所需数据。
[2026-04-07 17:16:17] [SUCCESS] bvid=BV1nZXLB5Eyz 已成功抓取全部所需数据。
[2026-04-07 17:16:21] [SUCCESS] bvid=BV1nZXPByEp5 已成功抓取全部所需数据。
[2026-04-07 17:16:25] [SUCCESS] bvid=BV1nZXPByEve 已成功抓取全部所需数据。
[2026-04-07 17:16:28] [SUCCESS] bvid=BV1nZXPByExb 已成功抓取全部所需数据。
[2026-04-07 17:16:32] [SUCCESS] bvid=BV1na9EBQEKU 已成功抓取全部所需数据。
[2026-04-07 17:16:36] [SUCCESS] bvid=BV1naX5BGE1Y 已成功抓取全部所需数据。
[2026-04-07 17:16:40] [SUCCESS] bvid=BV1naX5BGEmS 已成功抓取全部所需数据。
[2026-04-07 17:16:44] [SUCCESS] bvid=BV1naX5BGErw 已成功抓取全部所需数据。
[2026-04-07 17:16:47] [SUCCESS] bvid=BV1naXGBeE8M 已成功抓取全部所需数据。
[2026-04-07 17:16:51] [SUCCESS] bvid=BV1naXGBeEPc 已成功抓取全部所需数据。
[2026-04-07 17:16:55] [SUCCESS] bvid=BV1naXGBeEjm 已成功抓取全部所需数据。
[2026-04-07 17:16:58] [SUCCESS] bvid=BV1naXWBPEqS 已成功抓取全部所需数据。
[2026-04-07 17:17:02] [SUCCESS] bvid=BV1nbQSBMEEH 已成功抓取全部所需数据。
[2026-04-07 17:17:06] [SUCCESS] bvid=BV1nbXGBiEVK 已成功抓取全部所需数据。
[2026-04-07 17:17:10] [SUCCESS] bvid=BV1nbXGBiEhG 已成功抓取全部所需数据。
[2026-04-07 17:17:13] [SUCCESS] bvid=BV1nbXGBiEji 已成功抓取全部所需数据。
[2026-04-07 17:17:17] [SUCCESS] bvid=BV1nbXGBiExe 已成功抓取全部所需数据。
[2026-04-07 17:17:21] [SUCCESS] bvid=BV1nbXyBdEZx 已成功抓取全部所需数据。
[2026-04-07 17:17:24] [SUCCESS] bvid=BV1ncDLBvEVp 已成功抓取全部所需数据。
[2026-04-07 17:17:27] [SUCCESS] bvid=BV1ncX8BUEK3 已成功抓取全部所需数据。
[2026-04-07 17:17:31] [SUCCESS] bvid=BV1ncX8BUEfp 已成功抓取全部所需数据。
[2026-04-07 17:17:34] [SUCCESS] bvid=BV1ncX8BUEqv 已成功抓取全部所需数据。
[2026-04-07 17:17:37] [SUCCESS] bvid=BV1ncXDBgEHq 已成功抓取全部所需数据。
[2026-04-07 17:17:41] [SUCCESS] bvid=BV1ncXTBnE4C 已成功抓取全部所需数据。
[2026-04-07 17:17:44] [SUCCESS] bvid=BV1ndXLB1E4w 已成功抓取全部所需数据。
[2026-04-07 17:17:54] [SUCCESS] bvid=BV1ndXfBvE1x 已成功抓取全部所需数据。
[2026-04-07 17:17:57] [SUCCESS] bvid=BV1neDwBvE7p 已成功抓取全部所需数据。
[2026-04-07 17:17:57] [WARN] 当前子任务已结束，但仍有未成功抓取的视频，已导出 remaining CSV 供继续执行。
[2026-04-07 17:17:57] [INFO] 已导出剔除成功条目后的剩余 CSV：outputs\video_data\manual_crawls\manual_crawl_meta_mode_A_20260407_112712\remaining_bvids_part_49.csv
[2026-04-07 17:17:57] 子任务结束时间：2026-04-07T17:17:57.775128
[TIMESTAMP][END] 2026-04-07T17:17:57
