[TIMESTAMP][BEGIN] 2026-04-07T13:44:33
[2026-04-07 13:44:35] 开始执行 CSV 批量抓取子任务 part_23。
[2026-04-07 13:44:35] 子任务开始时间：2026-04-07T13:44:33.488606
[2026-04-07 13:44:35] 输入文件：batch_input_23.csv
[2026-04-07 13:44:35] 输入唯一 bvid 数量：100
[2026-04-07 13:44:35] 为严格按 CSV 顺序判断连续失败阈值，本次任务自动将并发度从 2 调整为 1。
[2026-04-07 13:44:39] [SUCCESS] bvid=BV1cuXVBuEBj 已成功抓取全部所需数据。
[2026-04-07 13:44:42] [SUCCESS] bvid=BV1cuXVBuEhr 已成功抓取全部所需数据。
[2026-04-07 13:44:45] [SUCCESS] bvid=BV1cv9uBfENQ 已成功抓取全部所需数据。
[2026-04-07 13:44:48] [SUCCESS] bvid=BV1cvX5B3EXL 已成功抓取全部所需数据。
[2026-04-07 13:44:51] [SUCCESS] bvid=BV1cvXNBJEns 已成功抓取全部所需数据。
[2026-04-07 13:44:54] [SUCCESS] bvid=BV1cvXNBJEpm 已成功抓取全部所需数据。
[2026-04-07 13:44:57] [SUCCESS] bvid=BV1cvXUBuEc5 已成功抓取全部所需数据。
[2026-04-07 13:45:00] [SUCCESS] bvid=BV1cw9LB1EAm 已成功抓取全部所需数据。
[2026-04-07 13:45:03] [SUCCESS] bvid=BV1cwDMBQEY2 已成功抓取全部所需数据。
[2026-04-07 13:45:06] [SUCCESS] bvid=BV1cwXTBSENz 已成功抓取全部所需数据。
[2026-04-07 13:45:09] [SUCCESS] bvid=BV1cwXTBSEPg 已成功抓取全部所需数据。
[2026-04-07 13:45:13] [SUCCESS] bvid=BV1cwXaBoE18 已成功抓取全部所需数据。
[2026-04-07 13:45:16] [SUCCESS] bvid=BV1cwXrBmEez 已成功抓取全部所需数据。
[2026-04-07 13:45:19] [SUCCESS] bvid=BV1cwwgzSE7G 已成功抓取全部所需数据。
[2026-04-07 13:45:23] [SUCCESS] bvid=BV1cx9NBJE2Y 已成功抓取全部所需数据。
[2026-04-07 13:45:26] [SUCCESS] bvid=BV1cxSZBxEq4 已成功抓取全部所需数据。
[2026-04-07 13:45:29] [SUCCESS] bvid=BV1cxXdBtErK 已成功抓取全部所需数据。
[2026-04-07 13:45:33] [SUCCESS] bvid=BV1cy9PB7E7S 已成功抓取全部所需数据。
[2026-04-07 13:45:36] [SUCCESS] bvid=BV1cySRB1ENq 已成功抓取全部所需数据。
[2026-04-07 13:45:39] [SUCCESS] bvid=BV1cyXCBoEK1 已成功抓取全部所需数据。
[2026-04-07 13:45:42] [SUCCESS] bvid=BV1cyXCBoEMe 已成功抓取全部所需数据。
[2026-04-07 13:45:46] [SUCCESS] bvid=BV1czXNB2EE3 已成功抓取全部所需数据。
[2026-04-07 13:45:49] [SUCCESS] bvid=BV1czXjBjEWj 已成功抓取全部所需数据。
[2026-04-07 13:45:53] [SUCCESS] bvid=BV1d19nBDEYs 已成功抓取全部所需数据。
[2026-04-07 13:45:56] [SUCCESS] bvid=BV1d1XNBrEDR 已成功抓取全部所需数据。
[2026-04-07 13:45:59] [SUCCESS] bvid=BV1d1XUBhEiw 已成功抓取全部所需数据。
[2026-04-07 13:46:02] [SUCCESS] bvid=BV1d2XjB6ExY 已成功抓取全部所需数据。
[2026-04-07 13:46:03] [ERROR] bvid=BV1d2XtBuEhU 抓取失败：meta: 接口返回错误代码：-404，信息：啥都木有。
{'code': -404, 'message': '啥都木有', 'ttl': 1}
[2026-04-07 13:46:06] [SUCCESS] bvid=BV1d3XTBkENt 已成功抓取全部所需数据。
[2026-04-07 13:46:09] [SUCCESS] bvid=BV1d3XuBnEi1 已成功抓取全部所需数据。
[2026-04-07 13:46:12] [SUCCESS] bvid=BV1d49HBQEar 已成功抓取全部所需数据。
[2026-04-07 13:46:16] [SUCCESS] bvid=BV1d49WB8EXP 已成功抓取全部所需数据。
[2026-04-07 13:46:19] [SUCCESS] bvid=BV1d4XLBeEEc 已成功抓取全部所需数据。
[2026-04-07 13:46:22] [SUCCESS] bvid=BV1d4XLBeEJX 已成功抓取全部所需数据。
[2026-04-07 13:46:25] [SUCCESS] bvid=BV1d4XLBeEpE 已成功抓取全部所需数据。
[2026-04-07 13:46:28] [SUCCESS] bvid=BV1d4XSBaE3s 已成功抓取全部所需数据。
[2026-04-07 13:46:32] [SUCCESS] bvid=BV1d4XSBaEMx 已成功抓取全部所需数据。
[2026-04-07 13:46:35] [SUCCESS] bvid=BV1d4XSBaEV3 已成功抓取全部所需数据。
[2026-04-07 13:46:38] [SUCCESS] bvid=BV1d4XSBaEfh 已成功抓取全部所需数据。
[2026-04-07 13:46:41] [SUCCESS] bvid=BV1d59LBiE6e 已成功抓取全部所需数据。
[2026-04-07 13:46:44] [SUCCESS] bvid=BV1d59LBiEed 已成功抓取全部所需数据。
[2026-04-07 13:46:48] [SUCCESS] bvid=BV1d797BGEzC 已成功抓取全部所需数据。
[2026-04-07 13:46:51] [SUCCESS] bvid=BV1d7XCB5EpC 已成功抓取全部所需数据。
[2026-04-07 13:46:54] [SUCCESS] bvid=BV1d89WBtE6g 已成功抓取全部所需数据。
[2026-04-07 13:46:57] [SUCCESS] bvid=BV1d89WBtEpN 已成功抓取全部所需数据。
[2026-04-07 13:47:01] [SUCCESS] bvid=BV1d99PBgE2g 已成功抓取全部所需数据。
[2026-04-07 13:47:04] [SUCCESS] bvid=BV1d99PBgE8m 已成功抓取全部所需数据。
[2026-04-07 13:47:07] [SUCCESS] bvid=BV1d99PBgEBw 已成功抓取全部所需数据。
[2026-04-07 13:47:10] [SUCCESS] bvid=BV1dA9uBSEEB 已成功抓取全部所需数据。
[2026-04-07 13:47:13] [SUCCESS] bvid=BV1dA9uBSEUY 已成功抓取全部所需数据。
[2026-04-07 13:47:17] [SUCCESS] bvid=BV1dAX2BHExu 已成功抓取全部所需数据。
[2026-04-07 13:47:20] [SUCCESS] bvid=BV1dAXUBFErD 已成功抓取全部所需数据。
[2026-04-07 13:47:23] [SUCCESS] bvid=BV1dBXdBEEGp 已成功抓取全部所需数据。
[2026-04-07 13:47:27] [SUCCESS] bvid=BV1dCQkBkEmM 已成功抓取全部所需数据。
[2026-04-07 13:47:30] [SUCCESS] bvid=BV1dCXZBXExu 已成功抓取全部所需数据。
[2026-04-07 13:47:33] [SUCCESS] bvid=BV1dCXZBXEzg 已成功抓取全部所需数据。
[2026-04-07 13:47:37] [SUCCESS] bvid=BV1dDX8B5E25 已成功抓取全部所需数据。
[2026-04-07 13:47:40] [SUCCESS] bvid=BV1dE97BrEbo 已成功抓取全部所需数据。
[2026-04-07 13:47:43] [SUCCESS] bvid=BV1dE97BrEno 已成功抓取全部所需数据。
[2026-04-07 13:47:46] [SUCCESS] bvid=BV1dEX1BHEN4 已成功抓取全部所需数据。
[2026-04-07 13:47:49] [SUCCESS] bvid=BV1dEX3BWEtF 已成功抓取全部所需数据。
[2026-04-07 13:47:53] [SUCCESS] bvid=BV1dEX3BWEyu 已成功抓取全部所需数据。
[2026-04-07 13:47:56] [SUCCESS] bvid=BV1dEXVBwEfY 已成功抓取全部所需数据。
[2026-04-07 13:47:59] [SUCCESS] bvid=BV1dF9uBQE8p 已成功抓取全部所需数据。
[2026-04-07 13:48:02] [SUCCESS] bvid=BV1dF9uBQEUy 已成功抓取全部所需数据。
[2026-04-07 13:48:05] [SUCCESS] bvid=BV1dF9uBQEYV 已成功抓取全部所需数据。
[2026-04-07 13:48:08] [SUCCESS] bvid=BV1dFX2BWEnw 已成功抓取全部所需数据。
[2026-04-07 13:48:11] [SUCCESS] bvid=BV1dG9sBfEcx 已成功抓取全部所需数据。
[2026-04-07 13:48:15] [SUCCESS] bvid=BV1dH9JB7EKi 已成功抓取全部所需数据。
[2026-04-07 13:48:18] [SUCCESS] bvid=BV1dHDGBWEGv 已成功抓取全部所需数据。
[2026-04-07 13:48:21] [SUCCESS] bvid=BV1dHXVBFE5k 已成功抓取全部所需数据。
[2026-04-07 13:48:24] [SUCCESS] bvid=BV1dHXVBFEcx 已成功抓取全部所需数据。
[2026-04-07 13:48:27] [SUCCESS] bvid=BV1dHXVBFEfc 已成功抓取全部所需数据。
[2026-04-07 13:48:30] [SUCCESS] bvid=BV1dHXfBoERU 已成功抓取全部所需数据。
[2026-04-07 13:48:34] [SUCCESS] bvid=BV1dHXsBfE7N 已成功抓取全部所需数据。
[2026-04-07 13:48:37] [SUCCESS] bvid=BV1dHXsBfEdt 已成功抓取全部所需数据。
[2026-04-07 13:48:40] [SUCCESS] bvid=BV1dJX1BDE9u 已成功抓取全部所需数据。
[2026-04-07 13:48:43] [SUCCESS] bvid=BV1dJX1BDEoB 已成功抓取全部所需数据。
[2026-04-07 13:48:47] [SUCCESS] bvid=BV1dJXVBhEYU 已成功抓取全部所需数据。
[2026-04-07 13:48:50] [SUCCESS] bvid=BV1dJXVBhEhe 已成功抓取全部所需数据。
[2026-04-07 13:48:53] [SUCCESS] bvid=BV1dJXVBhEsS 已成功抓取全部所需数据。
[2026-04-07 13:48:56] [SUCCESS] bvid=BV1dJXVBhEvV 已成功抓取全部所需数据。
[2026-04-07 13:48:59] [SUCCESS] bvid=BV1dJXoBnEsU 已成功抓取全部所需数据。
[2026-04-07 13:49:02] [SUCCESS] bvid=BV1dK93BxE9H 已成功抓取全部所需数据。
[2026-04-07 13:49:05] [SUCCESS] bvid=BV1dK9FBoE8E 已成功抓取全部所需数据。
[2026-04-07 13:49:08] [SUCCESS] bvid=BV1dKDPBaE1g 已成功抓取全部所需数据。
[2026-04-07 13:49:11] [SUCCESS] bvid=BV1dKX5BFEGk 已成功抓取全部所需数据。
[2026-04-07 13:49:14] [SUCCESS] bvid=BV1dKXNBMEGe 已成功抓取全部所需数据。
[2026-04-07 13:49:17] [SUCCESS] bvid=BV1dKXNBMEL8 已成功抓取全部所需数据。
[2026-04-07 13:49:20] [SUCCESS] bvid=BV1dKXNBMEVk 已成功抓取全部所需数据。
[2026-04-07 13:49:23] [SUCCESS] bvid=BV1dKXNBMEcs 已成功抓取全部所需数据。
[2026-04-07 13:49:26] [SUCCESS] bvid=BV1dL97BCEPg 已成功抓取全部所需数据。
[2026-04-07 13:49:29] [SUCCESS] bvid=BV1dLX3BxERB 已成功抓取全部所需数据。
[2026-04-07 13:49:32] [SUCCESS] bvid=BV1dLX3BxEbA 已成功抓取全部所需数据。
[2026-04-07 13:49:35] [SUCCESS] bvid=BV1dMXTByEA5 已成功抓取全部所需数据。
[2026-04-07 13:49:39] [SUCCESS] bvid=BV1dMXTByEeu 已成功抓取全部所需数据。
[2026-04-07 13:49:41] [SUCCESS] bvid=BV1dMXjBiEaa 已成功抓取全部所需数据。
[2026-04-07 13:49:44] [SUCCESS] bvid=BV1dMXrBkEDR 已成功抓取全部所需数据。
[2026-04-07 13:49:47] [SUCCESS] bvid=BV1dNXUBZEZ1 已成功抓取全部所需数据。
[2026-04-07 13:49:50] [SUCCESS] bvid=BV1dNXjBBEbd 已成功抓取全部所需数据。
[2026-04-07 13:49:50] [WARN] 当前子任务已结束，但仍有未成功抓取的视频，已导出 remaining CSV 供继续执行。
[2026-04-07 13:49:50] [INFO] 已导出剔除成功条目后的剩余 CSV：outputs\video_data\manual_crawls\manual_crawl_meta_mode_A_20260407_112712\remaining_bvids_part_23.csv
[2026-04-07 13:49:50] 子任务结束时间：2026-04-07T13:49:50.796308
[TIMESTAMP][END] 2026-04-07T13:49:50
