[TIMESTAMP][BEGIN] 2026-04-07T16:12:01
[2026-04-07 16:12:03] 开始执行 CSV 批量抓取子任务 part_41。
[2026-04-07 16:12:03] 子任务开始时间：2026-04-07T16:12:01.083682
[2026-04-07 16:12:03] 输入文件：batch_input_41.csv
[2026-04-07 16:12:03] 输入唯一 bvid 数量：100
[2026-04-07 16:12:03] 为严格按 CSV 顺序判断连续失败阈值，本次任务自动将并发度从 2 调整为 1。
[2026-04-07 16:12:06] [SUCCESS] bvid=BV1jcX2B9EsF 已成功抓取全部所需数据。
[2026-04-07 16:12:10] [SUCCESS] bvid=BV1jcX5BeE8c 已成功抓取全部所需数据。
[2026-04-07 16:12:10] [ERROR] bvid=BV1jcXWBsEg1 抓取失败：meta: 接口返回错误代码：62002，信息：稿件不可见。
{'code': 62002, 'message': '稿件不可见', 'ttl': 1}
[2026-04-07 16:12:13] [SUCCESS] bvid=BV1jcXZBpE3Y 已成功抓取全部所需数据。
[2026-04-07 16:12:16] [SUCCESS] bvid=BV1jcXZBpEqf 已成功抓取全部所需数据。
[2026-04-07 16:12:20] [SUCCESS] bvid=BV1je9jBkEs8 已成功抓取全部所需数据。
[2026-04-07 16:12:23] [SUCCESS] bvid=BV1jeXMB2EcN 已成功抓取全部所需数据。
[2026-04-07 16:12:26] [SUCCESS] bvid=BV1jeXYB9E62 已成功抓取全部所需数据。
[2026-04-07 16:12:29] [SUCCESS] bvid=BV1jeXgBsEaM 已成功抓取全部所需数据。
[2026-04-07 16:12:33] [SUCCESS] bvid=BV1jeXgBsEav 已成功抓取全部所需数据。
[2026-04-07 16:12:36] [SUCCESS] bvid=BV1jeXgBsEby 已成功抓取全部所需数据。
[2026-04-07 16:12:39] [SUCCESS] bvid=BV1jeXyBpEQC 已成功抓取全部所需数据。
[2026-04-07 16:12:42] [SUCCESS] bvid=BV1jf9KB1Egm 已成功抓取全部所需数据。
[2026-04-07 16:12:46] [SUCCESS] bvid=BV1jg9PB6EE1 已成功抓取全部所需数据。
[2026-04-07 16:12:49] [SUCCESS] bvid=BV1jhSdBVE15 已成功抓取全部所需数据。
[2026-04-07 16:12:52] [SUCCESS] bvid=BV1jhXMBUEC1 已成功抓取全部所需数据。
[2026-04-07 16:12:55] [SUCCESS] bvid=BV1jhXMBUEDL 已成功抓取全部所需数据。
[2026-04-07 16:12:58] [SUCCESS] bvid=BV1jhXMBUEeu 已成功抓取全部所需数据。
[2026-04-07 16:13:02] [SUCCESS] bvid=BV1jhXMBUEis 已成功抓取全部所需数据。
[2026-04-07 16:13:05] [SUCCESS] bvid=BV1jhXMBUEmJ 已成功抓取全部所需数据。
[2026-04-07 16:13:08] [SUCCESS] bvid=BV1ji9jB3E7t 已成功抓取全部所需数据。
[2026-04-07 16:13:11] [SUCCESS] bvid=BV1ji9jB3E87 已成功抓取全部所需数据。
[2026-04-07 16:13:15] [SUCCESS] bvid=BV1jiDuB7E5v 已成功抓取全部所需数据。
[2026-04-07 16:13:18] [SUCCESS] bvid=BV1jiXdBDEBF 已成功抓取全部所需数据。
[2026-04-07 16:13:21] [SUCCESS] bvid=BV1jjX1B9EAD 已成功抓取全部所需数据。
[2026-04-07 16:13:24] [SUCCESS] bvid=BV1jkX5BiELV 已成功抓取全部所需数据。
[2026-04-07 16:13:27] [SUCCESS] bvid=BV1jkX5BvE2b 已成功抓取全部所需数据。
[2026-04-07 16:13:30] [SUCCESS] bvid=BV1jkX5BvE9Q 已成功抓取全部所需数据。
[2026-04-07 16:13:34] [SUCCESS] bvid=BV1jkX5BvEMS 已成功抓取全部所需数据。
[2026-04-07 16:13:37] [SUCCESS] bvid=BV1jkX5BvEm4 已成功抓取全部所需数据。
[2026-04-07 16:13:40] [SUCCESS] bvid=BV1jkXUBYE7V 已成功抓取全部所需数据。
[2026-04-07 16:13:43] [SUCCESS] bvid=BV1jkXUBYEES 已成功抓取全部所需数据。
[2026-04-07 16:13:46] [SUCCESS] bvid=BV1jkXUBYEUk 已成功抓取全部所需数据。
[2026-04-07 16:13:50] [SUCCESS] bvid=BV1jmDVBxEGT 已成功抓取全部所需数据。
[2026-04-07 16:13:53] [SUCCESS] bvid=BV1jmXUBFEFL 已成功抓取全部所需数据。
[2026-04-07 16:13:56] [SUCCESS] bvid=BV1jmXUBFELg 已成功抓取全部所需数据。
[2026-04-07 16:13:59] [SUCCESS] bvid=BV1jn9MBJEVo 已成功抓取全部所需数据。
[2026-04-07 16:14:03] [SUCCESS] bvid=BV1jnAFzSEeW 已成功抓取全部所需数据。
[2026-04-07 16:14:06] [SUCCESS] bvid=BV1jo97B2EEw 已成功抓取全部所需数据。
[2026-04-07 16:14:09] [SUCCESS] bvid=BV1joX1B4EfZ 已成功抓取全部所需数据。
[2026-04-07 16:14:13] [SUCCESS] bvid=BV1joXeBoEWw 已成功抓取全部所需数据。
[2026-04-07 16:14:16] [SUCCESS] bvid=BV1jpXBBiExb 已成功抓取全部所需数据。
[2026-04-07 16:14:20] [SUCCESS] bvid=BV1jpXPBBE3U 已成功抓取全部所需数据。
[2026-04-07 16:14:23] [SUCCESS] bvid=BV1jpXPBBEHY 已成功抓取全部所需数据。
[2026-04-07 16:14:27] [SUCCESS] bvid=BV1jpXPBBENC 已成功抓取全部所需数据。
[2026-04-07 16:14:30] [SUCCESS] bvid=BV1jpXPBBERC 已成功抓取全部所需数据。
[2026-04-07 16:14:33] [SUCCESS] bvid=BV1jpXPBBERJ 已成功抓取全部所需数据。
[2026-04-07 16:14:37] [SUCCESS] bvid=BV1jpXPBBERi 已成功抓取全部所需数据。
[2026-04-07 16:14:40] [SUCCESS] bvid=BV1jpXVB8EEz 已成功抓取全部所需数据。
[2026-04-07 16:14:43] [SUCCESS] bvid=BV1jpXVB8EJs 已成功抓取全部所需数据。
[2026-04-07 16:14:46] [SUCCESS] bvid=BV1jpXVB8ENo 已成功抓取全部所需数据。
[2026-04-07 16:14:50] [SUCCESS] bvid=BV1jpXVB8Ett 已成功抓取全部所需数据。
[2026-04-07 16:14:53] [SUCCESS] bvid=BV1jpXVB8Eum 已成功抓取全部所需数据。
[2026-04-07 16:14:56] [SUCCESS] bvid=BV1jpXiBZEu3 已成功抓取全部所需数据。
[2026-04-07 16:14:59] [SUCCESS] bvid=BV1jpXmBtE6c 已成功抓取全部所需数据。
[2026-04-07 16:15:02] [SUCCESS] bvid=BV1jpXmBtEqM 已成功抓取全部所需数据。
[2026-04-07 16:15:06] [SUCCESS] bvid=BV1jpXmBtErj 已成功抓取全部所需数据。
[2026-04-07 16:15:09] [SUCCESS] bvid=BV1jqQBBAEfR 已成功抓取全部所需数据。
[2026-04-07 16:15:12] [SUCCESS] bvid=BV1jqXGBcEDm 已成功抓取全部所需数据。
[2026-04-07 16:15:15] [SUCCESS] bvid=BV1jqXGBcEdZ 已成功抓取全部所需数据。
[2026-04-07 16:15:19] [SUCCESS] bvid=BV1jqXGBcEkU 已成功抓取全部所需数据。
[2026-04-07 16:15:22] [SUCCESS] bvid=BV1jqXGBcEq7 已成功抓取全部所需数据。
[2026-04-07 16:15:25] [SUCCESS] bvid=BV1jqXGBcEsV 已成功抓取全部所需数据。
[2026-04-07 16:15:29] [SUCCESS] bvid=BV1jqXgBWEEQ 已成功抓取全部所需数据。
[2026-04-07 16:15:32] [SUCCESS] bvid=BV1jqXgBpEM4 已成功抓取全部所需数据。
[2026-04-07 16:15:35] [SUCCESS] bvid=BV1jqXgBpEW7 已成功抓取全部所需数据。
[2026-04-07 16:15:38] [SUCCESS] bvid=BV1jqXgBpEeE 已成功抓取全部所需数据。
[2026-04-07 16:15:42] [SUCCESS] bvid=BV1jqXyBnEaQ 已成功抓取全部所需数据。
[2026-04-07 16:15:45] [SUCCESS] bvid=BV1jqXyBnEqB 已成功抓取全部所需数据。
[2026-04-07 16:15:48] [SUCCESS] bvid=BV1jrDVB8E9M 已成功抓取全部所需数据。
[2026-04-07 16:15:51] [SUCCESS] bvid=BV1jrQSBFEwB 已成功抓取全部所需数据。
[2026-04-07 16:15:55] [SUCCESS] bvid=BV1jrX5BKE3Z 已成功抓取全部所需数据。
[2026-04-07 16:15:58] [SUCCESS] bvid=BV1jrX5BKE6w 已成功抓取全部所需数据。
[2026-04-07 16:16:01] [SUCCESS] bvid=BV1jrX5BKEGA 已成功抓取全部所需数据。
[2026-04-07 16:16:04] [SUCCESS] bvid=BV1jrX5BKEdn 已成功抓取全部所需数据。
[2026-04-07 16:16:08] [SUCCESS] bvid=BV1jrX5BKEoT 已成功抓取全部所需数据。
[2026-04-07 16:16:11] [SUCCESS] bvid=BV1jrX5BKEsq 已成功抓取全部所需数据。
[2026-04-07 16:16:14] [SUCCESS] bvid=BV1jrX5BKExq 已成功抓取全部所需数据。
[2026-04-07 16:16:18] [SUCCESS] bvid=BV1jrX5BKEy5 已成功抓取全部所需数据。
[2026-04-07 16:16:21] [SUCCESS] bvid=BV1jrXGBtE3p 已成功抓取全部所需数据。
[2026-04-07 16:16:24] [SUCCESS] bvid=BV1js9cBeEmy 已成功抓取全部所需数据。
[2026-04-07 16:16:28] [SUCCESS] bvid=BV1js9gBsE2c 已成功抓取全部所需数据。
[2026-04-07 16:16:31] [SUCCESS] bvid=BV1jsXPBTE6D 已成功抓取全部所需数据。
[2026-04-07 16:16:35] [SUCCESS] bvid=BV1jsXPBTEX2 已成功抓取全部所需数据。
[2026-04-07 16:16:38] [SUCCESS] bvid=BV1jsXPBTEYX 已成功抓取全部所需数据。
[2026-04-07 16:16:38] [ERROR] bvid=BV1jsXPBTEpj 抓取失败：meta: 接口返回错误代码：62002，信息：稿件不可见。
{'code': 62002, 'message': '稿件不可见', 'ttl': 1}
[2026-04-07 16:16:41] [SUCCESS] bvid=BV1jsXPBTEsd 已成功抓取全部所需数据。
[2026-04-07 16:16:45] [SUCCESS] bvid=BV1jtXBBAE7D 已成功抓取全部所需数据。
[2026-04-07 16:16:48] [SUCCESS] bvid=BV1jtXMBDEQx 已成功抓取全部所需数据。
[2026-04-07 16:16:51] [SUCCESS] bvid=BV1jtXMBDEky 已成功抓取全部所需数据。
[2026-04-07 16:16:54] [SUCCESS] bvid=BV1ju9VBAEZH 已成功抓取全部所需数据。
[2026-04-07 16:16:58] [SUCCESS] bvid=BV1ju9wBYEiE 已成功抓取全部所需数据。
[2026-04-07 16:17:01] [SUCCESS] bvid=BV1juX8B5EBF 已成功抓取全部所需数据。
[2026-04-07 16:27:05] [SUCCESS] bvid=BV1juX8BVEWt 已成功抓取全部所需数据。
[2026-04-07 16:27:08] [SUCCESS] bvid=BV1juXXBkEeA 已成功抓取全部所需数据。
[2026-04-07 16:27:12] [SUCCESS] bvid=BV1juXuBXEfM 已成功抓取全部所需数据。
[2026-04-07 16:27:15] [SUCCESS] bvid=BV1jvX9BCEv1 已成功抓取全部所需数据。
[2026-04-07 16:27:18] [SUCCESS] bvid=BV1jvXgB9EWS 已成功抓取全部所需数据。
[2026-04-07 16:27:22] [SUCCESS] bvid=BV1jvXgB9Eai 已成功抓取全部所需数据。
[2026-04-07 16:27:25] [SUCCESS] bvid=BV1jvXgB9Ee8 已成功抓取全部所需数据。
[2026-04-07 16:27:25] [WARN] 当前子任务已结束，但仍有未成功抓取的视频，已导出 remaining CSV 供继续执行。
[2026-04-07 16:27:25] [INFO] 已导出剔除成功条目后的剩余 CSV：outputs\video_data\manual_crawls\manual_crawl_meta_mode_A_20260407_112712\remaining_bvids_part_41.csv
[2026-04-07 16:27:25] 子任务结束时间：2026-04-07T16:27:25.561895
[TIMESTAMP][END] 2026-04-07T16:27:25
