[TIMESTAMP][BEGIN] 2026-04-07T14:44:19
[2026-04-07 14:44:22] 开始执行 CSV 批量抓取子任务 part_32。
[2026-04-07 14:44:22] 子任务开始时间：2026-04-07T14:44:19.747689
[2026-04-07 14:44:22] 输入文件：batch_input_32.csv
[2026-04-07 14:44:22] 输入唯一 bvid 数量：100
[2026-04-07 14:44:22] 为严格按 CSV 顺序判断连续失败阈值，本次任务自动将并发度从 2 调整为 1。
[2026-04-07 14:44:25] [SUCCESS] bvid=BV1gDXyBrEab 已成功抓取全部所需数据。
[2026-04-07 14:44:28] [SUCCESS] bvid=BV1gDXyBrEti 已成功抓取全部所需数据。
[2026-04-07 14:44:31] [SUCCESS] bvid=BV1gDXyBrEx8 已成功抓取全部所需数据。
[2026-04-07 14:44:34] [SUCCESS] bvid=BV1gDXyBrExU 已成功抓取全部所需数据。
[2026-04-07 14:44:37] [SUCCESS] bvid=BV1gF9cBDEx8 已成功抓取全部所需数据。
[2026-04-07 14:44:40] [SUCCESS] bvid=BV1gG9uByEJr 已成功抓取全部所需数据。
[2026-04-07 14:44:43] [SUCCESS] bvid=BV1gG9uByEkT 已成功抓取全部所需数据。
[2026-04-07 14:44:46] [SUCCESS] bvid=BV1gGXvB2EdW 已成功抓取全部所需数据。
[2026-04-07 14:44:50] [SUCCESS] bvid=BV1gH9wBsECS 已成功抓取全部所需数据。
[2026-04-07 14:44:53] [SUCCESS] bvid=BV1gHX8BNEKX 已成功抓取全部所需数据。
[2026-04-07 14:44:56] [SUCCESS] bvid=BV1gHXDBdEpg 已成功抓取全部所需数据。
[2026-04-07 14:44:59] [SUCCESS] bvid=BV1gJXTBME1M 已成功抓取全部所需数据。
[2026-04-07 14:45:03] [SUCCESS] bvid=BV1gJXTBMEYR 已成功抓取全部所需数据。
[2026-04-07 14:45:06] [SUCCESS] bvid=BV1gJXzBtEqB 已成功抓取全部所需数据。
[2026-04-07 14:45:09] [SUCCESS] bvid=BV1gKDTBFEJa 已成功抓取全部所需数据。
[2026-04-07 14:45:12] [SUCCESS] bvid=BV1gLDVB7E3k 已成功抓取全部所需数据。
[2026-04-07 14:45:15] [SUCCESS] bvid=BV1gLXxBXEqA 已成功抓取全部所需数据。
[2026-04-07 14:45:19] [SUCCESS] bvid=BV1gLXxBXEzD 已成功抓取全部所需数据。
[2026-04-07 14:45:22] [SUCCESS] bvid=BV1gMXYBrEbx 已成功抓取全部所需数据。
[2026-04-07 14:45:26] [SUCCESS] bvid=BV1gMXYBrEqs 已成功抓取全部所需数据。
[2026-04-07 14:45:29] [SUCCESS] bvid=BV1gN9jBYEZU 已成功抓取全部所需数据。
[2026-04-07 14:45:32] [SUCCESS] bvid=BV1gP9NBeEBT 已成功抓取全部所需数据。
[2026-04-07 14:45:35] [SUCCESS] bvid=BV1gPDTBhErw 已成功抓取全部所需数据。
[2026-04-07 14:45:39] [SUCCESS] bvid=BV1gQDuBTEBb 已成功抓取全部所需数据。
[2026-04-07 14:45:42] [SUCCESS] bvid=BV1gQQ6BhEYs 已成功抓取全部所需数据。
[2026-04-07 14:45:46] [SUCCESS] bvid=BV1gQXGBDEzw 已成功抓取全部所需数据。
[2026-04-07 14:45:49] [SUCCESS] bvid=BV1gQXYBGEcV 已成功抓取全部所需数据。
[2026-04-07 14:45:52] [SUCCESS] bvid=BV1gRX5B4E3e 已成功抓取全部所需数据。
[2026-04-07 14:45:56] [SUCCESS] bvid=BV1gRX5B4E5S 已成功抓取全部所需数据。
[2026-04-07 14:45:59] [SUCCESS] bvid=BV1gRX5B4EsQ 已成功抓取全部所需数据。
[2026-04-07 14:46:02] [SUCCESS] bvid=BV1gRXABZEf2 已成功抓取全部所需数据。
[2026-04-07 14:46:05] [SUCCESS] bvid=BV1gRXUBsEQk 已成功抓取全部所需数据。
[2026-04-07 14:46:09] [SUCCESS] bvid=BV1gRXUBsEXL 已成功抓取全部所需数据。
[2026-04-07 14:46:12] [SUCCESS] bvid=BV1gS9jBaE8z 已成功抓取全部所需数据。
[2026-04-07 14:46:15] [SUCCESS] bvid=BV1gSXgB5E4K 已成功抓取全部所需数据。
[2026-04-07 14:46:18] [SUCCESS] bvid=BV1gSXgB5EGa 已成功抓取全部所需数据。
[2026-04-07 14:46:22] [SUCCESS] bvid=BV1gT9NBaE4K 已成功抓取全部所需数据。
[2026-04-07 14:46:25] [SUCCESS] bvid=BV1gTXYBGEWe 已成功抓取全部所需数据。
[2026-04-07 14:46:28] [SUCCESS] bvid=BV1gTXkBPEYW 已成功抓取全部所需数据。
[2026-04-07 14:46:31] [SUCCESS] bvid=BV1gU9jBAECR 已成功抓取全部所需数据。
[2026-04-07 14:46:34] [SUCCESS] bvid=BV1gU9jBAEai 已成功抓取全部所需数据。
[2026-04-07 14:46:37] [SUCCESS] bvid=BV1gUDuBuEwM 已成功抓取全部所需数据。
[2026-04-07 14:46:40] [SUCCESS] bvid=BV1gUXGBXES9 已成功抓取全部所需数据。
[2026-04-07 14:46:43] [SUCCESS] bvid=BV1gUXGBXEU8 已成功抓取全部所需数据。
[2026-04-07 14:46:46] [SUCCESS] bvid=BV1gV9TBKEc8 已成功抓取全部所需数据。
[2026-04-07 14:46:49] [SUCCESS] bvid=BV1gVSDBnECb 已成功抓取全部所需数据。
[2026-04-07 14:46:52] [SUCCESS] bvid=BV1gWXDBsEFv 已成功抓取全部所需数据。
[2026-04-07 14:46:55] [SUCCESS] bvid=BV1gX9EBMEeU 已成功抓取全部所需数据。
[2026-04-07 14:46:59] [SUCCESS] bvid=BV1gX9TBzE4V 已成功抓取全部所需数据。
[2026-04-07 14:47:01] [SUCCESS] bvid=BV1gXX5BZE4D 已成功抓取全部所需数据。
[2026-04-07 14:47:05] [SUCCESS] bvid=BV1gXX5BZEeR 已成功抓取全部所需数据。
[2026-04-07 14:47:08] [SUCCESS] bvid=BV1gXX5BZEi3 已成功抓取全部所需数据。
[2026-04-07 14:47:11] [SUCCESS] bvid=BV1gXXWBSE4i 已成功抓取全部所需数据。
[2026-04-07 14:47:14] [SUCCESS] bvid=BV1gXXZBmEUF 已成功抓取全部所需数据。
[2026-04-07 14:47:17] [SUCCESS] bvid=BV1gY9MB3E65 已成功抓取全部所需数据。
[2026-04-07 14:47:20] [SUCCESS] bvid=BV1gY9MB3E7z 已成功抓取全部所需数据。
[2026-04-07 14:47:23] [SUCCESS] bvid=BV1gY9MB3ED4 已成功抓取全部所需数据。
[2026-04-07 14:47:26] [SUCCESS] bvid=BV1gY9MB3EXU 已成功抓取全部所需数据。
[2026-04-07 14:47:29] [SUCCESS] bvid=BV1gYXVBXE29 已成功抓取全部所需数据。
[2026-04-07 14:47:32] [SUCCESS] bvid=BV1gYXVBXECF 已成功抓取全部所需数据。
[2026-04-07 14:47:35] [SUCCESS] bvid=BV1gYXVBXEPD 已成功抓取全部所需数据。
[2026-04-07 14:47:38] [SUCCESS] bvid=BV1gYXVBXEvN 已成功抓取全部所需数据。
[2026-04-07 14:47:41] [SUCCESS] bvid=BV1gYXeBVEFe 已成功抓取全部所需数据。
[2026-04-07 14:47:41] [ERROR] bvid=BV1gYXmBDESf 抓取失败：meta: 接口返回错误代码：-404，信息：啥都木有。
{'code': -404, 'message': '啥都木有', 'ttl': 1}
[2026-04-07 14:47:44] [SUCCESS] bvid=BV1gYXoBkEtk 已成功抓取全部所需数据。
[2026-04-07 14:47:47] [SUCCESS] bvid=BV1gZ9nBkEuo 已成功抓取全部所需数据。
[2026-04-07 14:47:50] [SUCCESS] bvid=BV1gZQkBKEH5 已成功抓取全部所需数据。
[2026-04-07 14:47:53] [SUCCESS] bvid=BV1gZX5BsEMR 已成功抓取全部所需数据。
[2026-04-07 14:47:56] [SUCCESS] bvid=BV1gZX5BsENM 已成功抓取全部所需数据。
[2026-04-07 14:47:59] [SUCCESS] bvid=BV1gZX5BsEP4 已成功抓取全部所需数据。
[2026-04-07 14:48:02] [SUCCESS] bvid=BV1gZX5BsEwU 已成功抓取全部所需数据。
[2026-04-07 14:48:05] [SUCCESS] bvid=BV1gZXABdEGF 已成功抓取全部所需数据。
[2026-04-07 14:48:05] [ERROR] bvid=BV1gZXNBeEGJ 抓取失败：meta: 接口返回错误代码：62002，信息：稿件不可见。
{'code': 62002, 'message': '稿件不可见', 'ttl': 1}
[2026-04-07 14:48:08] [SUCCESS] bvid=BV1gZXUBpEiY 已成功抓取全部所需数据。
[2026-04-07 14:48:11] [SUCCESS] bvid=BV1gaSSBEEAH 已成功抓取全部所需数据。
[2026-04-07 14:48:15] [SUCCESS] bvid=BV1gaXVBWEtk 已成功抓取全部所需数据。
[2026-04-07 14:48:18] [SUCCESS] bvid=BV1gb9KBKEGR 已成功抓取全部所需数据。
[2026-04-07 14:48:21] [SUCCESS] bvid=BV1gb9KBKER9 已成功抓取全部所需数据。
[2026-04-07 14:48:24] [SUCCESS] bvid=BV1gc9WBEEWU 已成功抓取全部所需数据。
[2026-04-07 14:48:27] [SUCCESS] bvid=BV1gcDTBYEDj 已成功抓取全部所需数据。
[2026-04-07 14:48:30] [SUCCESS] bvid=BV1gdSDBQEu3 已成功抓取全部所需数据。
[2026-04-07 14:48:33] [SUCCESS] bvid=BV1gdX5BdEDe 已成功抓取全部所需数据。
[2026-04-07 14:48:36] [SUCCESS] bvid=BV1gdX5BdEYb 已成功抓取全部所需数据。
[2026-04-07 14:48:40] [SUCCESS] bvid=BV1gdX5BdEYm 已成功抓取全部所需数据。
[2026-04-07 14:48:43] [SUCCESS] bvid=BV1gdX5BdEbR 已成功抓取全部所需数据。
[2026-04-07 14:48:46] [SUCCESS] bvid=BV1gdX5BdEtc 已成功抓取全部所需数据。
[2026-04-07 14:48:46] [ERROR] bvid=BV1gdXUB9ETx 抓取失败：meta: 接口返回错误代码：62002，信息：稿件不可见。
{'code': 62002, 'message': '稿件不可见', 'ttl': 1}
[2026-04-07 14:48:49] [SUCCESS] bvid=BV1gdXUB9EWa 已成功抓取全部所需数据。
[2026-04-07 14:48:53] [SUCCESS] bvid=BV1gdXUB9Ept 已成功抓取全部所需数据。
[2026-04-07 14:48:56] [SUCCESS] bvid=BV1geX1BGE5m 已成功抓取全部所需数据。
[2026-04-07 14:48:59] [SUCCESS] bvid=BV1geXPBcE1b 已成功抓取全部所需数据。
[2026-04-07 14:49:02] [SUCCESS] bvid=BV1geXPBcERj 已成功抓取全部所需数据。
[2026-04-07 14:49:06] [SUCCESS] bvid=BV1geXPBcEiY 已成功抓取全部所需数据。
[2026-04-07 14:49:09] [SUCCESS] bvid=BV1geXPBcEyu 已成功抓取全部所需数据。
[2026-04-07 14:49:12] [SUCCESS] bvid=BV1gf9FBHEHt 已成功抓取全部所需数据。
[2026-04-07 14:49:15] [SUCCESS] bvid=BV1gfXTBzEfd 已成功抓取全部所需数据。
[2026-04-07 14:49:18] [SUCCESS] bvid=BV1gfXUBQEGQ 已成功抓取全部所需数据。
[2026-04-07 14:49:21] [SUCCESS] bvid=BV1ggDuBNEJD 已成功抓取全部所需数据。
[2026-04-07 14:49:24] [SUCCESS] bvid=BV1ggXYBgEWW 已成功抓取全部所需数据。
[2026-04-07 14:49:27] [SUCCESS] bvid=BV1ggXYBgEgB 已成功抓取全部所需数据。
[2026-04-07 14:49:27] [WARN] 当前子任务已结束，但仍有未成功抓取的视频，已导出 remaining CSV 供继续执行。
[2026-04-07 14:49:27] [INFO] 已导出剔除成功条目后的剩余 CSV：outputs\video_data\manual_crawls\manual_crawl_meta_mode_A_20260407_112712\remaining_bvids_part_32.csv
[2026-04-07 14:49:27] 子任务结束时间：2026-04-07T14:49:27.641540
[TIMESTAMP][END] 2026-04-07T14:49:27
