[TIMESTAMP][BEGIN] 2026-04-07T16:27:25
[2026-04-07 16:27:27] 开始执行 CSV 批量抓取子任务 part_42。
[2026-04-07 16:27:27] 子任务开始时间：2026-04-07T16:27:25.756608
[2026-04-07 16:27:27] 输入文件：batch_input_42.csv
[2026-04-07 16:27:27] 输入唯一 bvid 数量：100
[2026-04-07 16:27:27] 为严格按 CSV 顺序判断连续失败阈值，本次任务自动将并发度从 2 调整为 1。
[2026-04-07 16:27:31] [SUCCESS] bvid=BV1jvXgB9EeR 已成功抓取全部所需数据。
[2026-04-07 16:27:34] [SUCCESS] bvid=BV1jvXgB9EmX 已成功抓取全部所需数据。
[2026-04-07 16:27:37] [SUCCESS] bvid=BV1jvXgB9EsL 已成功抓取全部所需数据。
[2026-04-07 16:27:41] [SUCCESS] bvid=BV1jw9uBHECY 已成功抓取全部所需数据。
[2026-04-07 16:27:44] [SUCCESS] bvid=BV1jwXxBaEBD 已成功抓取全部所需数据。
[2026-04-07 16:27:47] [SUCCESS] bvid=BV1jx9gB9EAS 已成功抓取全部所需数据。
[2026-04-07 16:27:51] [SUCCESS] bvid=BV1jxDNBBEUi 已成功抓取全部所需数据。
[2026-04-07 16:27:54] [SUCCESS] bvid=BV1jxXKB5E8Z 已成功抓取全部所需数据。
[2026-04-07 16:27:57] [SUCCESS] bvid=BV1jxXKB5E9y 已成功抓取全部所需数据。
[2026-04-07 16:28:01] [SUCCESS] bvid=BV1jxXKB5ECZ 已成功抓取全部所需数据。
[2026-04-07 16:28:04] [SUCCESS] bvid=BV1jxXKB5EDq 已成功抓取全部所需数据。
[2026-04-07 16:28:08] [SUCCESS] bvid=BV1jxXKB5EHa 已成功抓取全部所需数据。
[2026-04-07 16:28:11] [SUCCESS] bvid=BV1jxXKB5ERe 已成功抓取全部所需数据。
[2026-04-07 16:28:14] [SUCCESS] bvid=BV1jxXKB5Ek9 已成功抓取全部所需数据。
[2026-04-07 16:28:18] [SUCCESS] bvid=BV1jxXKB5EnX 已成功抓取全部所需数据。
[2026-04-07 16:28:21] [SUCCESS] bvid=BV1jxXKB5Enp 已成功抓取全部所需数据。
[2026-04-07 16:28:25] [SUCCESS] bvid=BV1jxXKB5EqW 已成功抓取全部所需数据。
[2026-04-07 16:28:28] [SUCCESS] bvid=BV1jxXKB5Eur 已成功抓取全部所需数据。
[2026-04-07 16:28:31] [SUCCESS] bvid=BV1jxXSBPEGG 已成功抓取全部所需数据。
[2026-04-07 16:28:31] [ERROR] bvid=BV1jy9nBHE75 抓取失败：meta: 接口返回错误代码：-404，信息：啥都木有。
{'code': -404, 'message': '啥都木有', 'ttl': 1}
[2026-04-07 16:28:35] [SUCCESS] bvid=BV1jy9nBHEtu 已成功抓取全部所需数据。
[2026-04-07 16:28:38] [SUCCESS] bvid=BV1jyX5BPE4v 已成功抓取全部所需数据。
[2026-04-07 16:28:41] [SUCCESS] bvid=BV1jyX5BPEBg 已成功抓取全部所需数据。
[2026-04-07 16:28:44] [SUCCESS] bvid=BV1jyX5BPEGQ 已成功抓取全部所需数据。
[2026-04-07 16:28:48] [SUCCESS] bvid=BV1jyX5BPEV8 已成功抓取全部所需数据。
[2026-04-07 16:28:51] [SUCCESS] bvid=BV1jyX5BPEsT 已成功抓取全部所需数据。
[2026-04-07 16:28:54] [SUCCESS] bvid=BV1jyXUBwEJp 已成功抓取全部所需数据。
[2026-04-07 16:28:57] [SUCCESS] bvid=BV1jyXUBwEMp 已成功抓取全部所需数据。
[2026-04-07 16:29:00] [SUCCESS] bvid=BV1jyXqBYEUg 已成功抓取全部所需数据。
[2026-04-07 16:29:00] [ERROR] bvid=BV1jzX2BoEKN 抓取失败：meta: 接口返回错误代码：62002，信息：稿件不可见。
{'code': 62002, 'message': '稿件不可见', 'ttl': 1}
[2026-04-07 16:29:03] [SUCCESS] bvid=BV1jzXGBfE2W 已成功抓取全部所需数据。
[2026-04-07 16:29:06] [SUCCESS] bvid=BV1jzXGBfE5c 已成功抓取全部所需数据。
[2026-04-07 16:29:09] [SUCCESS] bvid=BV1jzXGBfERo 已成功抓取全部所需数据。
[2026-04-07 16:29:12] [SUCCESS] bvid=BV1jzXGBfEkV 已成功抓取全部所需数据。
[2026-04-07 16:29:15] [SUCCESS] bvid=BV1jzXGBfEmV 已成功抓取全部所需数据。
[2026-04-07 16:29:18] [SUCCESS] bvid=BV1jzXGBfEqJ 已成功抓取全部所需数据。
[2026-04-07 16:29:21] [SUCCESS] bvid=BV1jzXGBfErL 已成功抓取全部所需数据。
[2026-04-07 16:29:24] [SUCCESS] bvid=BV1jzXGBfErQ 已成功抓取全部所需数据。
[2026-04-07 16:29:28] [SUCCESS] bvid=BV1jzXGBfEtj 已成功抓取全部所需数据。
[2026-04-07 16:29:31] [SUCCESS] bvid=BV1jzXGBfEtu 已成功抓取全部所需数据。
[2026-04-07 16:29:41] [SUCCESS] bvid=BV1jzXWBbEHC 已成功抓取全部所需数据。
[2026-04-07 16:29:51] [SUCCESS] bvid=BV1jzwLzfEHj 已成功抓取全部所需数据。
[2026-04-07 16:30:02] [SUCCESS] bvid=BV1jzwLzfEJS 已成功抓取全部所需数据。
[2026-04-07 16:30:14] [SUCCESS] bvid=BV1jzwLzfEsn 已成功抓取全部所需数据。
[2026-04-07 16:30:25] [SUCCESS] bvid=BV1jzwLzfEsz 已成功抓取全部所需数据。
[2026-04-07 16:30:36] [SUCCESS] bvid=BV1jzwLzfEtP 已成功抓取全部所需数据。
[2026-04-07 16:30:46] [SUCCESS] bvid=BV1k297BpEik 已成功抓取全部所需数据。
[2026-04-07 16:30:57] [SUCCESS] bvid=BV1k297BpEvC 已成功抓取全部所需数据。
[2026-04-07 16:31:06] [SUCCESS] bvid=BV1k2X1BAEVL 已成功抓取全部所需数据。
[2026-04-07 16:31:16] [SUCCESS] bvid=BV1k3SQB6Ets 已成功抓取全部所需数据。
[2026-04-07 16:31:25] [SUCCESS] bvid=BV1k3X4B5Egv 已成功抓取全部所需数据。
[2026-04-07 16:31:35] [SUCCESS] bvid=BV1k3X4B5Evi 已成功抓取全部所需数据。
[2026-04-07 16:31:45] [SUCCESS] bvid=BV1k3XLB1EJc 已成功抓取全部所需数据。
[2026-04-07 16:31:45] [ERROR] bvid=BV1k3XLB1Ece 抓取失败：meta: 接口返回错误代码：-404，信息：啥都木有。
{'code': -404, 'message': '啥都木有', 'ttl': 1}
[2026-04-07 16:31:55] [SUCCESS] bvid=BV1k49TBxE2N 已成功抓取全部所需数据。
[2026-04-07 16:32:05] [SUCCESS] bvid=BV1k49TBxEoZ 已成功抓取全部所需数据。
[2026-04-07 16:32:09] [SUCCESS] bvid=BV1k4XZBYE8h 已成功抓取全部所需数据。
[2026-04-07 16:32:13] [SUCCESS] bvid=BV1k4XgBFEA7 已成功抓取全部所需数据。
[2026-04-07 16:32:17] [SUCCESS] bvid=BV1k4XgBFEcA 已成功抓取全部所需数据。
[2026-04-07 16:32:21] [SUCCESS] bvid=BV1k5XKBQELM 已成功抓取全部所需数据。
[2026-04-07 16:32:25] [SUCCESS] bvid=BV1k5XLBCETY 已成功抓取全部所需数据。
[2026-04-07 16:32:29] [SUCCESS] bvid=BV1k5XLBCEnA 已成功抓取全部所需数据。
[2026-04-07 16:32:33] [SUCCESS] bvid=BV1k69LBUELj 已成功抓取全部所需数据。
[2026-04-07 16:32:37] [SUCCESS] bvid=BV1k6XrBDE7U 已成功抓取全部所需数据。
[2026-04-07 16:32:40] [SUCCESS] bvid=BV1k6XrBDEEz 已成功抓取全部所需数据。
[2026-04-07 16:32:44] [SUCCESS] bvid=BV1k6XrBDEJW 已成功抓取全部所需数据。
[2026-04-07 16:32:48] [SUCCESS] bvid=BV1k6XrBDETS 已成功抓取全部所需数据。
[2026-04-07 16:32:51] [SUCCESS] bvid=BV1k6XrBDEfK 已成功抓取全部所需数据。
[2026-04-07 16:32:55] [SUCCESS] bvid=BV1k7X6BmEiw 已成功抓取全部所需数据。
[2026-04-07 16:32:58] [SUCCESS] bvid=BV1k7XKBSEAb 已成功抓取全部所需数据。
[2026-04-07 16:33:02] [SUCCESS] bvid=BV1k7XKBSEVm 已成功抓取全部所需数据。
[2026-04-07 16:33:06] [SUCCESS] bvid=BV1k7XKBSEcx 已成功抓取全部所需数据。
[2026-04-07 16:33:09] [SUCCESS] bvid=BV1k7XMBtEhT 已成功抓取全部所需数据。
[2026-04-07 16:33:13] [SUCCESS] bvid=BV1k7XQB7E8V 已成功抓取全部所需数据。
[2026-04-07 16:33:16] [SUCCESS] bvid=BV1k7XhBdEUh 已成功抓取全部所需数据。
[2026-04-07 16:33:20] [SUCCESS] bvid=BV1k7XhBdEdu 已成功抓取全部所需数据。
[2026-04-07 16:33:24] [SUCCESS] bvid=BV1k89uBwEAq 已成功抓取全部所需数据。
[2026-04-07 16:33:27] [SUCCESS] bvid=BV1k89uBwECt 已成功抓取全部所需数据。
[2026-04-07 16:33:31] [SUCCESS] bvid=BV1k89uBwEVe 已成功抓取全部所需数据。
[2026-04-07 16:33:34] [SUCCESS] bvid=BV1k89uBwEhA 已成功抓取全部所需数据。
[2026-04-07 16:33:38] [SUCCESS] bvid=BV1k89uBwEhb 已成功抓取全部所需数据。
[2026-04-07 16:33:41] [SUCCESS] bvid=BV1k89uBwEna 已成功抓取全部所需数据。
[2026-04-07 16:33:45] [SUCCESS] bvid=BV1k89uBwEuQ 已成功抓取全部所需数据。
[2026-04-07 16:33:49] [SUCCESS] bvid=BV1k8X5BCEWZ 已成功抓取全部所需数据。
[2026-04-07 16:33:52] [SUCCESS] bvid=BV1k8XUBrEQG 已成功抓取全部所需数据。
[2026-04-07 16:33:56] [SUCCESS] bvid=BV1k8XUBrEYp 已成功抓取全部所需数据。
[2026-04-07 16:34:00] [SUCCESS] bvid=BV1k8XvBPEsS 已成功抓取全部所需数据。
[2026-04-07 16:34:04] [SUCCESS] bvid=BV1kAXCBRESj 已成功抓取全部所需数据。
[2026-04-07 16:34:07] [SUCCESS] bvid=BV1kBSRBUEJw 已成功抓取全部所需数据。
[2026-04-07 16:34:11] [SUCCESS] bvid=BV1kBXzB5EcN 已成功抓取全部所需数据。
[2026-04-07 16:34:15] [SUCCESS] bvid=BV1kC9LB2EF7 已成功抓取全部所需数据。
[2026-04-07 16:34:18] [SUCCESS] bvid=BV1kCX3BTE8L 已成功抓取全部所需数据。
[2026-04-07 16:34:22] [SUCCESS] bvid=BV1kCX3BTE8T 已成功抓取全部所需数据。
[2026-04-07 16:34:26] [SUCCESS] bvid=BV1kCXuBbEnR 已成功抓取全部所需数据。
[2026-04-07 16:34:29] [SUCCESS] bvid=BV1kD9HBKEhy 已成功抓取全部所需数据。
[2026-04-07 16:34:33] [SUCCESS] bvid=BV1kDXVBgE3R 已成功抓取全部所需数据。
[2026-04-07 16:34:37] [SUCCESS] bvid=BV1kDXVBgE55 已成功抓取全部所需数据。
[2026-04-07 16:34:41] [SUCCESS] bvid=BV1kDXVBgEQ2 已成功抓取全部所需数据。
[2026-04-07 16:34:44] [SUCCESS] bvid=BV1kDXVBgEQ9 已成功抓取全部所需数据。
[2026-04-07 16:34:48] [SUCCESS] bvid=BV1kDXVBgERV 已成功抓取全部所需数据。
[2026-04-07 16:34:48] [WARN] 当前子任务已结束，但仍有未成功抓取的视频，已导出 remaining CSV 供继续执行。
[2026-04-07 16:34:48] [INFO] 已导出剔除成功条目后的剩余 CSV：outputs\video_data\manual_crawls\manual_crawl_meta_mode_A_20260407_112712\remaining_bvids_part_42.csv
[2026-04-07 16:34:48] 子任务结束时间：2026-04-07T16:34:48.733592
[TIMESTAMP][END] 2026-04-07T16:34:48
