[TIMESTAMP][BEGIN] 2026-04-07T11:36:14
[2026-04-07 11:36:16] 开始执行 CSV 批量抓取子任务 part_3。
[2026-04-07 11:36:16] 子任务开始时间：2026-04-07T11:36:14.140054
[2026-04-07 11:36:16] 输入文件：batch_input_3.csv
[2026-04-07 11:36:16] 输入唯一 bvid 数量：100
[2026-04-07 11:36:16] 为严格按 CSV 顺序判断连续失败阈值，本次任务自动将并发度从 2 调整为 1。
[2026-04-07 11:36:20] [SUCCESS] bvid=BV1AtSUBAEyn 已成功抓取全部所需数据。
[2026-04-07 11:36:23] [SUCCESS] bvid=BV1B2DPBNEax 已成功抓取全部所需数据。
[2026-04-07 11:36:26] [SUCCESS] bvid=BV1BEXfBfEK5 已成功抓取全部所需数据。
[2026-04-07 11:36:26] [ERROR] bvid=BV1BPX8B2EDX 抓取失败：meta: 接口返回错误代码：62002，信息：稿件不可见。
{'code': 62002, 'message': '稿件不可见', 'ttl': 1}
[2026-04-07 11:36:30] [SUCCESS] bvid=BV1BQDMB7EKV 已成功抓取全部所需数据。
[2026-04-07 11:36:30] [ERROR] bvid=BV1BS9LBkEBh 抓取失败：meta: 接口返回错误代码：62002，信息：稿件不可见。
{'code': 62002, 'message': '稿件不可见', 'ttl': 1}
[2026-04-07 11:36:33] [SUCCESS] bvid=BV1BiSUBdEGr 已成功抓取全部所需数据。
[2026-04-07 11:36:33] [ERROR] bvid=BV1BnXLBzESN 抓取失败：meta: 接口返回错误代码：-404，信息：啥都木有。
{'code': -404, 'message': '啥都木有', 'ttl': 1}
[2026-04-07 11:36:36] [SUCCESS] bvid=BV1Bq9uB4EzJ 已成功抓取全部所需数据。
[2026-04-07 11:36:40] [SUCCESS] bvid=BV1BvSUB4Epp 已成功抓取全部所需数据。
[2026-04-07 11:36:43] [SUCCESS] bvid=BV1BvSUB4ExV 已成功抓取全部所需数据。
[2026-04-07 11:36:46] [SUCCESS] bvid=BV1Bw9FB8EQb 已成功抓取全部所需数据。
[2026-04-07 11:36:46] [ERROR] bvid=BV1C1XVBCEVu 抓取失败：meta: 接口返回错误代码：62002，信息：稿件不可见。
{'code': 62002, 'message': '稿件不可见', 'ttl': 1}
[2026-04-07 11:36:49] [SUCCESS] bvid=BV1C3SQB6E2G 已成功抓取全部所需数据。
[2026-04-07 11:36:49] [ERROR] bvid=BV1C3SQB6EC8 抓取失败：meta: 接口返回错误代码：62002，信息：稿件不可见。
{'code': 62002, 'message': '稿件不可见', 'ttl': 1}
[2026-04-07 11:36:53] [SUCCESS] bvid=BV1CADgBZEWm 已成功抓取全部所需数据。
[2026-04-07 11:36:56] [SUCCESS] bvid=BV1CBSRBUE7m 已成功抓取全部所需数据。
[2026-04-07 11:36:59] [SUCCESS] bvid=BV1CDDABkExG 已成功抓取全部所需数据。
[2026-04-07 11:37:02] [SUCCESS] bvid=BV1CGD5BMEat 已成功抓取全部所需数据。
[2026-04-07 11:37:05] [SUCCESS] bvid=BV1CKSSBKE7u 已成功抓取全部所需数据。
[2026-04-07 11:37:08] [SUCCESS] bvid=BV1CMDGBAEL6 已成功抓取全部所需数据。
[2026-04-07 11:37:12] [SUCCESS] bvid=BV1CN9MB8E3r 已成功抓取全部所需数据。
[2026-04-07 11:37:15] [SUCCESS] bvid=BV1CNDgB4Eg6 已成功抓取全部所需数据。
[2026-04-07 11:37:15] [ERROR] bvid=BV1CSXLBUEHK 抓取失败：meta: 接口返回错误代码：62002，信息：稿件不可见。
{'code': 62002, 'message': '稿件不可见', 'ttl': 1}
[2026-04-07 11:37:18] [SUCCESS] bvid=BV1CTSSBvEJ8 已成功抓取全部所需数据。
[2026-04-07 11:37:21] [SUCCESS] bvid=BV1CU9MBcEKw 已成功抓取全部所需数据。
[2026-04-07 11:37:21] [ERROR] bvid=BV1CUXVBrEbz 抓取失败：meta: 接口返回错误代码：62002，信息：稿件不可见。
{'code': 62002, 'message': '稿件不可见', 'ttl': 1}
[2026-04-07 11:37:24] [SUCCESS] bvid=BV1CVD5BqEJk 已成功抓取全部所需数据。
[2026-04-07 11:37:27] [SUCCESS] bvid=BV1CX9WBkEzi 已成功抓取全部所需数据。
[2026-04-07 11:37:31] [SUCCESS] bvid=BV1CYSXB5EU7 已成功抓取全部所需数据。
[2026-04-07 11:37:34] [SUCCESS] bvid=BV1CYSXB5EUK 已成功抓取全部所需数据。
[2026-04-07 11:37:37] [SUCCESS] bvid=BV1CYSXB5EZ3 已成功抓取全部所需数据。
[2026-04-07 11:37:40] [SUCCESS] bvid=BV1CYSXB5EZN 已成功抓取全部所需数据。
[2026-04-07 11:37:43] [SUCCESS] bvid=BV1CYSXB5EZV 已成功抓取全部所需数据。
[2026-04-07 11:37:46] [SUCCESS] bvid=BV1CYSXB5EeR 已成功抓取全部所需数据。
[2026-04-07 11:37:47] [ERROR] bvid=BV1CYXNBSE7N 抓取失败：meta: 接口返回错误代码：62002，信息：稿件不可见。
{'code': 62002, 'message': '稿件不可见', 'ttl': 1}
[2026-04-07 11:37:50] [SUCCESS] bvid=BV1CaSDBTEKf 已成功抓取全部所需数据。
[2026-04-07 11:37:53] [SUCCESS] bvid=BV1CbSDBuEGe 已成功抓取全部所需数据。
[2026-04-07 11:37:56] [SUCCESS] bvid=BV1CeSXBCEHv 已成功抓取全部所需数据。
[2026-04-07 11:37:56] [ERROR] bvid=BV1CgXLB5EeU 抓取失败：meta: 接口返回错误代码：62002，信息：稿件不可见。
{'code': 62002, 'message': '稿件不可见', 'ttl': 1}
[2026-04-07 11:37:56] [ERROR] bvid=BV1CgXLB5EyT 抓取失败：meta: 接口返回错误代码：62002，信息：稿件不可见。
{'code': 62002, 'message': '稿件不可见', 'ttl': 1}
[2026-04-07 11:37:56] [ERROR] bvid=BV1CiXDBLEpE 抓取失败：meta: 接口返回错误代码：-404，信息：啥都木有。
{'code': -404, 'message': '啥都木有', 'ttl': 1}
[2026-04-07 11:37:57] [ERROR] bvid=BV1CiXDBLEui 抓取失败：meta: 接口返回错误代码：-404，信息：啥都木有。
{'code': -404, 'message': '啥都木有', 'ttl': 1}
[2026-04-07 11:37:57] [ERROR] bvid=BV1CmXmBgEzf 抓取失败：meta: 接口返回错误代码：62002，信息：稿件不可见。
{'code': 62002, 'message': '稿件不可见', 'ttl': 1}
[2026-04-07 11:38:00] [SUCCESS] bvid=BV1CpSUBvEoj 已成功抓取全部所需数据。
[2026-04-07 11:38:03] [SUCCESS] bvid=BV1CpSZB4ETm 已成功抓取全部所需数据。
[2026-04-07 11:38:03] [ERROR] bvid=BV1CqXTBREVp 抓取失败：meta: 接口返回错误代码：62002，信息：稿件不可见。
{'code': 62002, 'message': '稿件不可见', 'ttl': 1}
[2026-04-07 11:38:06] [SUCCESS] bvid=BV1CsSUBPEoW 已成功抓取全部所需数据。
[2026-04-07 11:38:09] [SUCCESS] bvid=BV1CtSUBwEcv 已成功抓取全部所需数据。
[2026-04-07 11:38:12] [SUCCESS] bvid=BV1CuSSBPEKR 已成功抓取全部所需数据。
[2026-04-07 11:38:16] [SUCCESS] bvid=BV1CvSRBDEbC 已成功抓取全部所需数据。
[2026-04-07 11:38:19] [SUCCESS] bvid=BV1CwDgBbEDL 已成功抓取全部所需数据。
[2026-04-07 11:38:22] [SUCCESS] bvid=BV1CxSUBYEG2 已成功抓取全部所需数据。
[2026-04-07 11:38:22] [ERROR] bvid=BV1CyXVB5E1P 抓取失败：meta: 接口返回错误代码：62002，信息：稿件不可见。
{'code': 62002, 'message': '稿件不可见', 'ttl': 1}
[2026-04-07 11:38:25] [SUCCESS] bvid=BV1CzSoBdE4J 已成功抓取全部所需数据。
[2026-04-07 11:38:28] [SUCCESS] bvid=BV1CzXrBHEgz 已成功抓取全部所需数据。
[2026-04-07 11:38:32] [SUCCESS] bvid=BV1D49KBvEr2 已成功抓取全部所需数据。
[2026-04-07 11:38:35] [SUCCESS] bvid=BV1D59uBGEE7 已成功抓取全部所需数据。
[2026-04-07 11:38:35] [ERROR] bvid=BV1D5XUBQEx2 抓取失败：meta: 接口返回错误代码：62002，信息：稿件不可见。
{'code': 62002, 'message': '稿件不可见', 'ttl': 1}
[2026-04-07 11:38:35] [ERROR] bvid=BV1D5XUBQExn 抓取失败：meta: 接口返回错误代码：62002，信息：稿件不可见。
{'code': 62002, 'message': '稿件不可见', 'ttl': 1}
[2026-04-07 11:38:38] [SUCCESS] bvid=BV1DDSUBjE8x 已成功抓取全部所需数据。
[2026-04-07 11:38:41] [SUCCESS] bvid=BV1DDSUBjEZv 已成功抓取全部所需数据。
[2026-04-07 11:38:44] [SUCCESS] bvid=BV1DNSdBcEtm 已成功抓取全部所需数据。
[2026-04-07 11:38:46] [SUCCESS] bvid=BV1DRSDBHEER 已成功抓取全部所需数据。
[2026-04-07 11:38:49] [SUCCESS] bvid=BV1DTSUB1Evb 已成功抓取全部所需数据。
[2026-04-07 11:38:52] [SUCCESS] bvid=BV1DZDVBUE6H 已成功抓取全部所需数据。
[2026-04-07 11:38:52] [ERROR] bvid=BV1DaXmBnEqz 抓取失败：meta: 接口返回错误代码：62012，信息：62012。
{'code': 62012, 'message': '62012', 'ttl': 1}
[2026-04-07 11:38:55] [SUCCESS] bvid=BV1DgSUBCEfm 已成功抓取全部所需数据。
[2026-04-07 11:38:58] [SUCCESS] bvid=BV1DgSUByE74 已成功抓取全部所需数据。
[2026-04-07 11:39:01] [SUCCESS] bvid=BV1DjSDB7ELB 已成功抓取全部所需数据。
[2026-04-07 11:39:01] [ERROR] bvid=BV1Dm9NBPETK 抓取失败：meta: 接口返回错误代码：62002，信息：稿件不可见。
{'code': 62002, 'message': '稿件不可见', 'ttl': 1}
[2026-04-07 11:39:04] [SUCCESS] bvid=BV1DuSUB5E7h 已成功抓取全部所需数据。
[2026-04-07 11:39:07] [SUCCESS] bvid=BV1DuSUB5EXi 已成功抓取全部所需数据。
[2026-04-07 11:39:10] [SUCCESS] bvid=BV1DuSUB5Ej7 已成功抓取全部所需数据。
[2026-04-07 11:39:12] [SUCCESS] bvid=BV1DxDMBNEq7 已成功抓取全部所需数据。
[2026-04-07 11:39:16] [SUCCESS] bvid=BV1E2XrBmE29 已成功抓取全部所需数据。
[2026-04-07 11:39:19] [SUCCESS] bvid=BV1E79MBHE5y 已成功抓取全部所需数据。
[2026-04-07 11:39:22] [SUCCESS] bvid=BV1EADLBPEig 已成功抓取全部所需数据。
[2026-04-07 11:39:22] [ERROR] bvid=BV1ECXjBkEP3 抓取失败：meta: 接口返回错误代码：62002，信息：稿件不可见。
{'code': 62002, 'message': '稿件不可见', 'ttl': 1}
[2026-04-07 11:39:22] [ERROR] bvid=BV1EKDKB3EbE 抓取失败：meta: 接口返回错误代码：62002，信息：稿件不可见。
{'code': 62002, 'message': '稿件不可见', 'ttl': 1}
[2026-04-07 11:39:25] [SUCCESS] bvid=BV1EPDLBYE8m 已成功抓取全部所需数据。
[2026-04-07 11:39:27] [SUCCESS] bvid=BV1ET9LBGEmR 已成功抓取全部所需数据。
[2026-04-07 11:39:30] [SUCCESS] bvid=BV1EcDLBvEQc 已成功抓取全部所需数据。
[2026-04-07 11:39:33] [SUCCESS] bvid=BV1EdDgBpE1A 已成功抓取全部所需数据。
[2026-04-07 11:39:36] [SUCCESS] bvid=BV1Ee9EBnECD 已成功抓取全部所需数据。
[2026-04-07 11:39:36] [ERROR] bvid=BV1EhXyBsEsS 抓取失败：meta: 接口返回错误代码：62002，信息：稿件不可见。
{'code': 62002, 'message': '稿件不可见', 'ttl': 1}
[2026-04-07 11:39:39] [SUCCESS] bvid=BV1EjSSBbE7K 已成功抓取全部所需数据。
[2026-04-07 11:39:42] [SUCCESS] bvid=BV1EmDKBGEH9 已成功抓取全部所需数据。
[2026-04-07 11:39:45] [SUCCESS] bvid=BV1EmDKBGEKw 已成功抓取全部所需数据。
[2026-04-07 11:39:47] [SUCCESS] bvid=BV1EoSSBwEmB 已成功抓取全部所需数据。
[2026-04-07 11:39:50] [SUCCESS] bvid=BV1ExSdB2E1D 已成功抓取全部所需数据。
[2026-04-07 11:39:50] [ERROR] bvid=BV1EzXUBvEjc 抓取失败：meta: 接口返回错误代码：62002，信息：稿件不可见。
{'code': 62002, 'message': '稿件不可见', 'ttl': 1}
[2026-04-07 11:39:53] [SUCCESS] bvid=BV1F4SZBREfB 已成功抓取全部所需数据。
[2026-04-07 11:39:56] [SUCCESS] bvid=BV1F8DuBHEPM 已成功抓取全部所需数据。
[2026-04-07 11:39:59] [SUCCESS] bvid=BV1FBDVBaEbk 已成功抓取全部所需数据。
[2026-04-07 11:40:02] [SUCCESS] bvid=BV1FD9MBfEdo 已成功抓取全部所需数据。
[2026-04-07 11:40:05] [SUCCESS] bvid=BV1FED5BNE8K 已成功抓取全部所需数据。
[2026-04-07 11:40:07] [SUCCESS] bvid=BV1FGDgBXE7y 已成功抓取全部所需数据。
[2026-04-07 11:40:10] [SUCCESS] bvid=BV1FRSSBYEYK 已成功抓取全部所需数据。
[2026-04-07 11:40:20] [SUCCESS] bvid=BV1FRSSBYEZs 已成功抓取全部所需数据。
[2026-04-07 11:40:20] [WARN] 当前子任务已结束，但仍有未成功抓取的视频，已导出 remaining CSV 供继续执行。
[2026-04-07 11:40:20] [INFO] 已导出剔除成功条目后的剩余 CSV：outputs\video_data\manual_crawls\manual_crawl_meta_mode_A_20260407_112712\remaining_bvids_part_3.csv
[2026-04-07 11:40:20] 子任务结束时间：2026-04-07T11:40:20.660079
[TIMESTAMP][END] 2026-04-07T11:40:20
