[TIMESTAMP][BEGIN] 2026-04-07T13:34:08
[2026-04-07 13:34:11] 开始执行 CSV 批量抓取子任务 part_21。
[2026-04-07 13:34:11] 子任务开始时间：2026-04-07T13:34:08.736095
[2026-04-07 13:34:11] 输入文件：batch_input_21.csv
[2026-04-07 13:34:11] 输入唯一 bvid 数量：100
[2026-04-07 13:34:11] 为严格按 CSV 顺序判断连续失败阈值，本次任务自动将并发度从 2 调整为 1。
[2026-04-07 13:34:14] [SUCCESS] bvid=BV1cEXQB2E1N 已成功抓取全部所需数据。
[2026-04-07 13:34:17] [SUCCESS] bvid=BV1cF9VBuECY 已成功抓取全部所需数据。
[2026-04-07 13:34:20] [SUCCESS] bvid=BV1cF9VBuErU 已成功抓取全部所需数据。
[2026-04-07 13:34:23] [SUCCESS] bvid=BV1cFXuBfEQh 已成功抓取全部所需数据。
[2026-04-07 13:34:26] [SUCCESS] bvid=BV1cFXuBfEqp 已成功抓取全部所需数据。
[2026-04-07 13:34:29] [SUCCESS] bvid=BV1cG9JBsELG 已成功抓取全部所需数据。
[2026-04-07 13:34:32] [SUCCESS] bvid=BV1cGXVBTEEE 已成功抓取全部所需数据。
[2026-04-07 13:34:35] [SUCCESS] bvid=BV1cGXVBTEfm 已成功抓取全部所需数据。
[2026-04-07 13:34:38] [SUCCESS] bvid=BV1cGXVBTEpP 已成功抓取全部所需数据。
[2026-04-07 13:34:41] [SUCCESS] bvid=BV1cHX9BpERb 已成功抓取全部所需数据。
[2026-04-07 13:34:45] [SUCCESS] bvid=BV1cHXQByEAC 已成功抓取全部所需数据。
[2026-04-07 13:34:48] [SUCCESS] bvid=BV1cHXQByEn1 已成功抓取全部所需数据。
[2026-04-07 13:34:51] [SUCCESS] bvid=BV1cJ9WBKEpL 已成功抓取全部所需数据。
[2026-04-07 13:34:53] [SUCCESS] bvid=BV1cJDNBkENv 已成功抓取全部所需数据。
[2026-04-07 13:34:56] [SUCCESS] bvid=BV1cJX6B7E87 已成功抓取全部所需数据。
[2026-04-07 13:35:00] [SUCCESS] bvid=BV1cJXKBJEzo 已成功抓取全部所需数据。
[2026-04-07 13:35:03] [SUCCESS] bvid=BV1cJwXzMEWV 已成功抓取全部所需数据。
[2026-04-07 13:35:06] [SUCCESS] bvid=BV1cKX3BYEAQ 已成功抓取全部所需数据。
[2026-04-07 13:35:06] [ERROR] bvid=BV1cKX3BYEV7 抓取失败：meta: 接口返回错误代码：62012，信息：62012。
{'code': 62012, 'message': '62012', 'ttl': 1}
[2026-04-07 13:35:10] [SUCCESS] bvid=BV1cKX3BYEVg 已成功抓取全部所需数据。
[2026-04-07 13:35:13] [SUCCESS] bvid=BV1cKX3BYEaC 已成功抓取全部所需数据。
[2026-04-07 13:35:16] [SUCCESS] bvid=BV1cLD5BTEvX 已成功抓取全部所需数据。
[2026-04-07 13:35:19] [SUCCESS] bvid=BV1cLX4BkE2A 已成功抓取全部所需数据。
[2026-04-07 13:35:22] [SUCCESS] bvid=BV1cLXBBGEVw 已成功抓取全部所需数据。
[2026-04-07 13:35:25] [SUCCESS] bvid=BV1cM97BJEeo 已成功抓取全部所需数据。
[2026-04-07 13:35:28] [SUCCESS] bvid=BV1cM97BJEgh 已成功抓取全部所需数据。
[2026-04-07 13:35:31] [SUCCESS] bvid=BV1cMX1BFEWK 已成功抓取全部所需数据。
[2026-04-07 13:35:31] [ERROR] bvid=BV1cMX1BFEwx 抓取失败：meta: 接口返回错误代码：62002，信息：稿件不可见。
{'code': 62002, 'message': '稿件不可见', 'ttl': 1}
[2026-04-07 13:35:35] [SUCCESS] bvid=BV1cMX3BwEnB 已成功抓取全部所需数据。
[2026-04-07 13:35:38] [SUCCESS] bvid=BV1cN97BHECd 已成功抓取全部所需数据。
[2026-04-07 13:35:41] [SUCCESS] bvid=BV1cN97BHEXk 已成功抓取全部所需数据。
[2026-04-07 13:35:44] [SUCCESS] bvid=BV1cN97BHEio 已成功抓取全部所需数据。
[2026-04-07 13:35:47] [SUCCESS] bvid=BV1cN9LBCEns 已成功抓取全部所需数据。
[2026-04-07 13:35:50] [SUCCESS] bvid=BV1cNDMBSEAD 已成功抓取全部所需数据。
[2026-04-07 13:35:53] [SUCCESS] bvid=BV1cNX3BPEbc 已成功抓取全部所需数据。
[2026-04-07 13:35:56] [SUCCESS] bvid=BV1cNX3BPErV 已成功抓取全部所需数据。
[2026-04-07 13:35:59] [SUCCESS] bvid=BV1cNX3BPEyY 已成功抓取全部所需数据。
[2026-04-07 13:36:02] [SUCCESS] bvid=BV1cNX3BPEyv 已成功抓取全部所需数据。
[2026-04-07 13:36:05] [SUCCESS] bvid=BV1cQXmBBE6F 已成功抓取全部所需数据。
[2026-04-07 13:36:08] [SUCCESS] bvid=BV1cQXmBBEZe 已成功抓取全部所需数据。
[2026-04-07 13:36:11] [SUCCESS] bvid=BV1cQXsBgE7s 已成功抓取全部所需数据。
[2026-04-07 13:36:15] [SUCCESS] bvid=BV1cQXsBgEqA 已成功抓取全部所需数据。
[2026-04-07 13:36:17] [SUCCESS] bvid=BV1cRXLBjEGD 已成功抓取全部所需数据。
[2026-04-07 13:36:20] [SUCCESS] bvid=BV1cRXLBjEJ2 已成功抓取全部所需数据。
[2026-04-07 13:36:23] [SUCCESS] bvid=BV1cRXLBjEWN 已成功抓取全部所需数据。
[2026-04-07 13:36:24] [ERROR] bvid=BV1cRXLBjEyQ 抓取失败：meta: 接口返回错误代码：62002，信息：稿件不可见。
{'code': 62002, 'message': '稿件不可见', 'ttl': 1}
[2026-04-07 13:36:27] [SUCCESS] bvid=BV1cRXPB2EFY 已成功抓取全部所需数据。
[2026-04-07 13:36:30] [SUCCESS] bvid=BV1cRXPB2EKG 已成功抓取全部所需数据。
[2026-04-07 13:36:33] [SUCCESS] bvid=BV1cRXPB2Ewo 已成功抓取全部所需数据。
[2026-04-07 13:36:36] [SUCCESS] bvid=BV1cRXVBBEGX 已成功抓取全部所需数据。
[2026-04-07 13:36:39] [SUCCESS] bvid=BV1cRXmBiEQp 已成功抓取全部所需数据。
[2026-04-07 13:36:43] [SUCCESS] bvid=BV1cS9MB8Ez9 已成功抓取全部所需数据。
[2026-04-07 13:36:46] [SUCCESS] bvid=BV1cSX1BwE4o 已成功抓取全部所需数据。
[2026-04-07 13:36:49] [SUCCESS] bvid=BV1cU9KBpEBR 已成功抓取全部所需数据。
[2026-04-07 13:36:53] [SUCCESS] bvid=BV1cU9KBpEED 已成功抓取全部所需数据。
[2026-04-07 13:36:56] [SUCCESS] bvid=BV1cVXLB5E4w 已成功抓取全部所需数据。
[2026-04-07 13:37:00] [SUCCESS] bvid=BV1cVXLB5Enx 已成功抓取全部所需数据。
[2026-04-07 13:37:03] [SUCCESS] bvid=BV1cVXLBLEms 已成功抓取全部所需数据。
[2026-04-07 13:37:06] [SUCCESS] bvid=BV1cVXPB1EKP 已成功抓取全部所需数据。
[2026-04-07 13:37:10] [SUCCESS] bvid=BV1cVXfBPEV2 已成功抓取全部所需数据。
[2026-04-07 13:37:13] [SUCCESS] bvid=BV1cW9NBDEXp 已成功抓取全部所需数据。
[2026-04-07 13:37:16] [SUCCESS] bvid=BV1cWQoBRE7j 已成功抓取全部所需数据。
[2026-04-07 13:37:19] [SUCCESS] bvid=BV1cWSZBRE2R 已成功抓取全部所需数据。
[2026-04-07 13:37:23] [SUCCESS] bvid=BV1cX9MBbEsB 已成功抓取全部所需数据。
[2026-04-07 13:37:26] [SUCCESS] bvid=BV1cX9MBtEvf 已成功抓取全部所需数据。
[2026-04-07 13:37:30] [SUCCESS] bvid=BV1cXX1BFEJ2 已成功抓取全部所需数据。
[2026-04-07 13:37:33] [SUCCESS] bvid=BV1cXXwBgEEh 已成功抓取全部所需数据。
[2026-04-07 13:37:36] [SUCCESS] bvid=BV1cY9uBcEYg 已成功抓取全部所需数据。
[2026-04-07 13:37:39] [SUCCESS] bvid=BV1cYX5BkEFo 已成功抓取全部所需数据。
[2026-04-07 13:37:42] [SUCCESS] bvid=BV1cYX5BkEj6 已成功抓取全部所需数据。
[2026-04-07 13:37:45] [SUCCESS] bvid=BV1cYXZBhE4U 已成功抓取全部所需数据。
[2026-04-07 13:37:49] [SUCCESS] bvid=BV1cYXvBAEBq 已成功抓取全部所需数据。
[2026-04-07 13:37:51] [SUCCESS] bvid=BV1cYXxB3EBS 已成功抓取全部所需数据。
[2026-04-07 13:37:54] [SUCCESS] bvid=BV1cYXxB3Ezv 已成功抓取全部所需数据。
[2026-04-07 13:37:57] [SUCCESS] bvid=BV1cZXBBkE2D 已成功抓取全部所需数据。
[2026-04-07 13:38:00] [SUCCESS] bvid=BV1cZXKBpE7X 已成功抓取全部所需数据。
[2026-04-07 13:38:04] [SUCCESS] bvid=BV1cZXKBpE9u 已成功抓取全部所需数据。
[2026-04-07 13:38:07] [SUCCESS] bvid=BV1cZXKBpEDw 已成功抓取全部所需数据。
[2026-04-07 13:38:11] [SUCCESS] bvid=BV1cZXKBpEJm 已成功抓取全部所需数据。
[2026-04-07 13:38:14] [SUCCESS] bvid=BV1cZXKBpEKn 已成功抓取全部所需数据。
[2026-04-07 13:38:17] [SUCCESS] bvid=BV1cZXKBpEMx 已成功抓取全部所需数据。
[2026-04-07 13:38:21] [SUCCESS] bvid=BV1cZXKBpENC 已成功抓取全部所需数据。
[2026-04-07 13:38:24] [SUCCESS] bvid=BV1cZXKBpESK 已成功抓取全部所需数据。
[2026-04-07 13:38:27] [SUCCESS] bvid=BV1cZXKBpET7 已成功抓取全部所需数据。
[2026-04-07 13:38:30] [SUCCESS] bvid=BV1cZXKBpEVE 已成功抓取全部所需数据。
[2026-04-07 13:38:33] [SUCCESS] bvid=BV1cZXKBpEYu 已成功抓取全部所需数据。
[2026-04-07 13:38:36] [SUCCESS] bvid=BV1cZXKBpEeB 已成功抓取全部所需数据。
[2026-04-07 13:38:39] [SUCCESS] bvid=BV1cZXKBpEmi 已成功抓取全部所需数据。
[2026-04-07 13:38:42] [SUCCESS] bvid=BV1cZXKBpEqV 已成功抓取全部所需数据。
[2026-04-07 13:38:45] [SUCCESS] bvid=BV1cZXKBpEvy 已成功抓取全部所需数据。
[2026-04-07 13:38:49] [SUCCESS] bvid=BV1cZXLB5EC2 已成功抓取全部所需数据。
[2026-04-07 13:38:52] [SUCCESS] bvid=BV1cZXLB5EKx 已成功抓取全部所需数据。
[2026-04-07 13:38:55] [SUCCESS] bvid=BV1cZXLB5EwB 已成功抓取全部所需数据。
[2026-04-07 13:38:58] [SUCCESS] bvid=BV1cZXSBGE5k 已成功抓取全部所需数据。
[2026-04-07 13:39:01] [SUCCESS] bvid=BV1cZXSBGE9B 已成功抓取全部所需数据。
[2026-04-07 13:39:04] [SUCCESS] bvid=BV1cZXSBGEET 已成功抓取全部所需数据。
[2026-04-07 13:39:04] [ERROR] bvid=BV1cZXSBGERg 抓取失败：meta: 接口返回错误代码：62002，信息：稿件不可见。
{'code': 62002, 'message': '稿件不可见', 'ttl': 1}
[2026-04-07 13:39:07] [SUCCESS] bvid=BV1cZXfBPEwN 已成功抓取全部所需数据。
[2026-04-07 13:39:10] [SUCCESS] bvid=BV1caD3BZEdS 已成功抓取全部所需数据。
[2026-04-07 13:39:14] [SUCCESS] bvid=BV1caSUB8Ewy 已成功抓取全部所需数据。
[2026-04-07 13:39:14] [WARN] 当前子任务已结束，但仍有未成功抓取的视频，已导出 remaining CSV 供继续执行。
[2026-04-07 13:39:14] [INFO] 已导出剔除成功条目后的剩余 CSV：outputs\video_data\manual_crawls\manual_crawl_meta_mode_A_20260407_112712\remaining_bvids_part_21.csv
[2026-04-07 13:39:14] 子任务结束时间：2026-04-07T13:39:14.516089
[TIMESTAMP][END] 2026-04-07T13:39:14
