[TIMESTAMP][BEGIN] 2026-04-07T15:15:07
[2026-04-07 15:15:10] 开始执行 CSV 批量抓取子任务 part_36。
[2026-04-07 15:15:10] 子任务开始时间：2026-04-07T15:15:07.990837
[2026-04-07 15:15:10] 输入文件：batch_input_36.csv
[2026-04-07 15:15:10] 输入唯一 bvid 数量：100
[2026-04-07 15:15:10] 为严格按 CSV 顺序判断连续失败阈值，本次任务自动将并发度从 2 调整为 1。
[2026-04-07 15:15:13] [SUCCESS] bvid=BV1hgX5B4EQ5 已成功抓取全部所需数据。
[2026-04-07 15:15:16] [SUCCESS] bvid=BV1hgX5B4ERK 已成功抓取全部所需数据。
[2026-04-07 15:15:19] [SUCCESS] bvid=BV1hgX5B4ESA 已成功抓取全部所需数据。
[2026-04-07 15:15:23] [SUCCESS] bvid=BV1hgX5B4EvZ 已成功抓取全部所需数据。
[2026-04-07 15:15:26] [SUCCESS] bvid=BV1hgX5B4EyA 已成功抓取全部所需数据。
[2026-04-07 15:15:29] [SUCCESS] bvid=BV1hgXGBSE9H 已成功抓取全部所需数据。
[2026-04-07 15:15:32] [SUCCESS] bvid=BV1hgXGBSED9 已成功抓取全部所需数据。
[2026-04-07 15:15:35] [SUCCESS] bvid=BV1hgXGBUEPj 已成功抓取全部所需数据。
[2026-04-07 15:15:39] [SUCCESS] bvid=BV1hgXGBUEnL 已成功抓取全部所需数据。
[2026-04-07 15:15:42] [SUCCESS] bvid=BV1hh97BeEAB 已成功抓取全部所需数据。
[2026-04-07 15:15:44] [SUCCESS] bvid=BV1hh9MBkECQ 已成功抓取全部所需数据。
[2026-04-07 15:15:48] [SUCCESS] bvid=BV1hh9MBkEPo 已成功抓取全部所需数据。
[2026-04-07 15:15:51] [SUCCESS] bvid=BV1hhXsBXEGn 已成功抓取全部所需数据。
[2026-04-07 15:15:54] [SUCCESS] bvid=BV1hhXsBXEVp 已成功抓取全部所需数据。
[2026-04-07 15:15:57] [SUCCESS] bvid=BV1hiD5BQExN 已成功抓取全部所需数据。
[2026-04-07 15:16:00] [SUCCESS] bvid=BV1hiXKBqESY 已成功抓取全部所需数据。
[2026-04-07 15:16:03] [SUCCESS] bvid=BV1hiXPBfE7X 已成功抓取全部所需数据。
[2026-04-07 15:16:07] [SUCCESS] bvid=BV1hiXPBfESu 已成功抓取全部所需数据。
[2026-04-07 15:16:10] [SUCCESS] bvid=BV1hiiWBkEHF 已成功抓取全部所需数据。
[2026-04-07 15:16:14] [SUCCESS] bvid=BV1hjDPBREZ1 已成功抓取全部所需数据。
[2026-04-07 15:16:17] [SUCCESS] bvid=BV1hjDVB2EFW 已成功抓取全部所需数据。
[2026-04-07 15:16:20] [SUCCESS] bvid=BV1hjX5BWEKc 已成功抓取全部所需数据。
[2026-04-07 15:16:23] [SUCCESS] bvid=BV1hjX5BWELf 已成功抓取全部所需数据。
[2026-04-07 15:16:26] [SUCCESS] bvid=BV1hjXUBnE3g 已成功抓取全部所需数据。
[2026-04-07 15:16:29] [SUCCESS] bvid=BV1hjXUBnEF9 已成功抓取全部所需数据。
[2026-04-07 15:16:32] [SUCCESS] bvid=BV1hjXUBnEh3 已成功抓取全部所需数据。
[2026-04-07 15:16:35] [SUCCESS] bvid=BV1hjXUBnEqq 已成功抓取全部所需数据。
[2026-04-07 15:16:38] [SUCCESS] bvid=BV1hjXjBcEHY 已成功抓取全部所需数据。
[2026-04-07 15:16:39] [ERROR] bvid=BV1hjXjBcEKT 抓取失败：meta: 接口返回错误代码：62002，信息：稿件不可见。
{'code': 62002, 'message': '稿件不可见', 'ttl': 1}
[2026-04-07 15:16:42] [SUCCESS] bvid=BV1hjXjBcEus 已成功抓取全部所需数据。
[2026-04-07 15:16:45] [SUCCESS] bvid=BV1hkX6BhExj 已成功抓取全部所需数据。
[2026-04-07 15:16:48] [SUCCESS] bvid=BV1hkXMB3E4v 已成功抓取全部所需数据。
[2026-04-07 15:16:51] [SUCCESS] bvid=BV1hkXMB3EW8 已成功抓取全部所需数据。
[2026-04-07 15:16:55] [SUCCESS] bvid=BV1hkXMB3Esu 已成功抓取全部所需数据。
[2026-04-07 15:16:58] [SUCCESS] bvid=BV1hm9NBPEj2 已成功抓取全部所需数据。
[2026-04-07 15:17:01] [SUCCESS] bvid=BV1hm9NBPEys 已成功抓取全部所需数据。
[2026-04-07 15:17:05] [SUCCESS] bvid=BV1hn9sBWE3i 已成功抓取全部所需数据。
[2026-04-07 15:17:08] [SUCCESS] bvid=BV1hn9sBWE6H 已成功抓取全部所需数据。
[2026-04-07 15:17:11] [SUCCESS] bvid=BV1hnQyBMEa1 已成功抓取全部所需数据。
[2026-04-07 15:17:14] [SUCCESS] bvid=BV1hnXDBxEPt 已成功抓取全部所需数据。
[2026-04-07 15:17:17] [SUCCESS] bvid=BV1hoXNBPE7Z 已成功抓取全部所需数据。
[2026-04-07 15:17:20] [SUCCESS] bvid=BV1hoXNBPEAX 已成功抓取全部所需数据。
[2026-04-07 15:17:23] [SUCCESS] bvid=BV1hoXNBPEKw 已成功抓取全部所需数据。
[2026-04-07 15:17:26] [SUCCESS] bvid=BV1hoXNBPEu5 已成功抓取全部所需数据。
[2026-04-07 15:17:29] [SUCCESS] bvid=BV1hoXqBWETu 已成功抓取全部所需数据。
[2026-04-07 15:17:32] [SUCCESS] bvid=BV1hoXzBwESP 已成功抓取全部所需数据。
[2026-04-07 15:17:36] [SUCCESS] bvid=BV1hoXzBwEoH 已成功抓取全部所需数据。
[2026-04-07 15:17:39] [SUCCESS] bvid=BV1hpDKBbESX 已成功抓取全部所需数据。
[2026-04-07 15:17:42] [SUCCESS] bvid=BV1hpDKBbEbT 已成功抓取全部所需数据。
[2026-04-07 15:17:45] [SUCCESS] bvid=BV1hpXnBkESD 已成功抓取全部所需数据。
[2026-04-07 15:17:48] [SUCCESS] bvid=BV1hq9WB9Efx 已成功抓取全部所需数据。
[2026-04-07 15:17:51] [SUCCESS] bvid=BV1hqXbBNES4 已成功抓取全部所需数据。
[2026-04-07 15:17:54] [SUCCESS] bvid=BV1hqXbBNEdK 已成功抓取全部所需数据。
[2026-04-07 15:17:57] [SUCCESS] bvid=BV1hr9AB8ELT 已成功抓取全部所需数据。
[2026-04-07 15:18:00] [SUCCESS] bvid=BV1hrXKBPEGc 已成功抓取全部所需数据。
[2026-04-07 15:18:03] [SUCCESS] bvid=BV1hrXKBPEuH 已成功抓取全部所需数据。
[2026-04-07 15:18:06] [SUCCESS] bvid=BV1hrXbBaE1Y 已成功抓取全部所需数据。
[2026-04-07 15:18:09] [SUCCESS] bvid=BV1hrXbBaE28 已成功抓取全部所需数据。
[2026-04-07 15:18:13] [SUCCESS] bvid=BV1hrXbBaE4b 已成功抓取全部所需数据。
[2026-04-07 15:18:16] [SUCCESS] bvid=BV1hrXbBaE7f 已成功抓取全部所需数据。
[2026-04-07 15:18:19] [SUCCESS] bvid=BV1hrXbBaE8E 已成功抓取全部所需数据。
[2026-04-07 15:18:23] [SUCCESS] bvid=BV1hrXbBaEPn 已成功抓取全部所需数据。
[2026-04-07 15:18:26] [SUCCESS] bvid=BV1hrXbBaEmN 已成功抓取全部所需数据。
[2026-04-07 15:18:29] [SUCCESS] bvid=BV1hrXbBaEpx 已成功抓取全部所需数据。
[2026-04-07 15:18:33] [SUCCESS] bvid=BV1hrXbBaEu4 已成功抓取全部所需数据。
[2026-04-07 15:18:36] [SUCCESS] bvid=BV1hrXhBgEic 已成功抓取全部所需数据。
[2026-04-07 15:18:39] [SUCCESS] bvid=BV1hswWz3EtS 已成功抓取全部所需数据。
[2026-04-07 15:18:42] [SUCCESS] bvid=BV1hswWz3Ew8 已成功抓取全部所需数据。
[2026-04-07 15:18:46] [SUCCESS] bvid=BV1hu9EBqE1z 已成功抓取全部所需数据。
[2026-04-07 15:18:49] [SUCCESS] bvid=BV1hu9EBqEV3 已成功抓取全部所需数据。
[2026-04-07 15:18:52] [SUCCESS] bvid=BV1hu9EBqEby 已成功抓取全部所需数据。
[2026-04-07 15:18:56] [SUCCESS] bvid=BV1huX2B7E5b 已成功抓取全部所需数据。
[2026-04-07 15:18:59] [SUCCESS] bvid=BV1huX2B7EmN 已成功抓取全部所需数据。
[2026-04-07 15:19:03] [SUCCESS] bvid=BV1huXGBJESq 已成功抓取全部所需数据。
[2026-04-07 15:19:06] [SUCCESS] bvid=BV1huXGBJEcs 已成功抓取全部所需数据。
[2026-04-07 15:19:09] [SUCCESS] bvid=BV1huXGBJEqM 已成功抓取全部所需数据。
[2026-04-07 15:19:13] [SUCCESS] bvid=BV1huXGBJEvh 已成功抓取全部所需数据。
[2026-04-07 15:19:16] [SUCCESS] bvid=BV1hv9GBxEfC 已成功抓取全部所需数据。
[2026-04-07 15:19:19] [SUCCESS] bvid=BV1hvX4BZEg2 已成功抓取全部所需数据。
[2026-04-07 15:19:23] [SUCCESS] bvid=BV1hvXPB8E6v 已成功抓取全部所需数据。
[2026-04-07 15:19:26] [SUCCESS] bvid=BV1hvXPB8EQM 已成功抓取全部所需数据。
[2026-04-07 15:19:29] [SUCCESS] bvid=BV1hvXPB8EXG 已成功抓取全部所需数据。
[2026-04-07 15:19:32] [SUCCESS] bvid=BV1hw95BdE5p 已成功抓取全部所需数据。
[2026-04-07 15:19:36] [SUCCESS] bvid=BV1hwSdBAEL9 已成功抓取全部所需数据。
[2026-04-07 15:19:39] [SUCCESS] bvid=BV1hwXMBBE5a 已成功抓取全部所需数据。
[2026-04-07 15:19:43] [SUCCESS] bvid=BV1hwXMBBEe9 已成功抓取全部所需数据。
[2026-04-07 15:19:46] [SUCCESS] bvid=BV1hwXMBBEic 已成功抓取全部所需数据。
[2026-04-07 15:19:49] [SUCCESS] bvid=BV1hwXMBBEkb 已成功抓取全部所需数据。
[2026-04-07 15:19:52] [SUCCESS] bvid=BV1hwXMBBEpF 已成功抓取全部所需数据。
[2026-04-07 15:19:56] [SUCCESS] bvid=BV1hwXMBBEtH 已成功抓取全部所需数据。
[2026-04-07 15:19:59] [SUCCESS] bvid=BV1hwXMBBEzo 已成功抓取全部所需数据。
[2026-04-07 15:20:02] [SUCCESS] bvid=BV1hwXQBtExG 已成功抓取全部所需数据。
[2026-04-07 15:20:05] [SUCCESS] bvid=BV1hxDMBNEKn 已成功抓取全部所需数据。
[2026-04-07 15:20:08] [SUCCESS] bvid=BV1hxXnB6Etx 已成功抓取全部所需数据。
[2026-04-07 15:20:11] [SUCCESS] bvid=BV1hyDTBPELM 已成功抓取全部所需数据。
[2026-04-07 15:20:14] [SUCCESS] bvid=BV1hyXgBmE4s 已成功抓取全部所需数据。
[2026-04-07 15:20:17] [SUCCESS] bvid=BV1hz9WBpEH7 已成功抓取全部所需数据。
[2026-04-07 15:20:20] [SUCCESS] bvid=BV1hzXKBvE8b 已成功抓取全部所需数据。
[2026-04-07 15:20:23] [SUCCESS] bvid=BV1hzXKBvE9Z 已成功抓取全部所需数据。
[2026-04-07 15:20:26] [SUCCESS] bvid=BV1hzXKBvEBB 已成功抓取全部所需数据。
[2026-04-07 15:20:26] [WARN] 当前子任务已结束，但仍有未成功抓取的视频，已导出 remaining CSV 供继续执行。
[2026-04-07 15:20:26] [INFO] 已导出剔除成功条目后的剩余 CSV：outputs\video_data\manual_crawls\manual_crawl_meta_mode_A_20260407_112712\remaining_bvids_part_36.csv
[2026-04-07 15:20:26] 子任务结束时间：2026-04-07T15:20:26.706010
[TIMESTAMP][END] 2026-04-07T15:20:26
