[TIMESTAMP][BEGIN] 2026-04-07T16:55:41
[2026-04-07 16:55:44] 开始执行 CSV 批量抓取子任务 part_46。
[2026-04-07 16:55:44] 子任务开始时间：2026-04-07T16:55:41.929929
[2026-04-07 16:55:44] 输入文件：batch_input_46.csv
[2026-04-07 16:55:44] 输入唯一 bvid 数量：100
[2026-04-07 16:55:44] 为严格按 CSV 顺序判断连续失败阈值，本次任务自动将并发度从 2 调整为 1。
[2026-04-07 16:55:47] [SUCCESS] bvid=BV1mAXPBHEvo 已成功抓取全部所需数据。
[2026-04-07 16:55:50] [SUCCESS] bvid=BV1mAXbBtEDn 已成功抓取全部所需数据。
[2026-04-07 16:55:53] [SUCCESS] bvid=BV1mAXbBtEUA 已成功抓取全部所需数据。
[2026-04-07 16:55:56] [SUCCESS] bvid=BV1mAXbBtEUs 已成功抓取全部所需数据。
[2026-04-07 16:55:59] [SUCCESS] bvid=BV1mBDGBkEJA 已成功抓取全部所需数据。
[2026-04-07 16:56:02] [SUCCESS] bvid=BV1mBX1BBEFS 已成功抓取全部所需数据。
[2026-04-07 16:56:05] [SUCCESS] bvid=BV1mBXVBEEKC 已成功抓取全部所需数据。
[2026-04-07 16:56:08] [SUCCESS] bvid=BV1mBXVBEEMm 已成功抓取全部所需数据。
[2026-04-07 16:56:12] [SUCCESS] bvid=BV1mBXVBEEob 已成功抓取全部所需数据。
[2026-04-07 16:56:15] [SUCCESS] bvid=BV1mBXmBjEfj 已成功抓取全部所需数据。
[2026-04-07 16:56:18] [SUCCESS] bvid=BV1mCDAB7EVM 已成功抓取全部所需数据。
[2026-04-07 16:56:21] [SUCCESS] bvid=BV1mCDAB7EfG 已成功抓取全部所需数据。
[2026-04-07 16:56:25] [SUCCESS] bvid=BV1mCXLBXELj 已成功抓取全部所需数据。
[2026-04-07 16:56:28] [SUCCESS] bvid=BV1mCXLBXEN7 已成功抓取全部所需数据。
[2026-04-07 16:56:31] [SUCCESS] bvid=BV1mCXLBXEWr 已成功抓取全部所需数据。
[2026-04-07 16:56:34] [SUCCESS] bvid=BV1mCXLBXEwN 已成功抓取全部所需数据。
[2026-04-07 16:56:38] [SUCCESS] bvid=BV1mCXLBXEx6 已成功抓取全部所需数据。
[2026-04-07 16:56:41] [SUCCESS] bvid=BV1mCXLBXEy8 已成功抓取全部所需数据。
[2026-04-07 16:56:44] [SUCCESS] bvid=BV1mCXSBDE7s 已成功抓取全部所需数据。
[2026-04-07 16:56:47] [SUCCESS] bvid=BV1mCXfBkE7e 已成功抓取全部所需数据。
[2026-04-07 16:56:50] [SUCCESS] bvid=BV1mDX9BaEkx 已成功抓取全部所需数据。
[2026-04-07 16:56:53] [SUCCESS] bvid=BV1mE9EBhEF8 已成功抓取全部所需数据。
[2026-04-07 16:56:56] [SUCCESS] bvid=BV1mE9uBzE8o 已成功抓取全部所需数据。
[2026-04-07 16:56:59] [SUCCESS] bvid=BV1mESUBMEWN 已成功抓取全部所需数据。
[2026-04-07 16:57:02] [SUCCESS] bvid=BV1mEXGBVE48 已成功抓取全部所需数据。
[2026-04-07 16:57:05] [SUCCESS] bvid=BV1mEXqBJEQ7 已成功抓取全部所需数据。
[2026-04-07 16:57:08] [SUCCESS] bvid=BV1mEXvBrEvg 已成功抓取全部所需数据。
[2026-04-07 16:57:11] [SUCCESS] bvid=BV1mFD5BjE1C 已成功抓取全部所需数据。
[2026-04-07 16:57:14] [SUCCESS] bvid=BV1mFSSBgEsk 已成功抓取全部所需数据。
[2026-04-07 16:57:17] [SUCCESS] bvid=BV1mG9jBoERd 已成功抓取全部所需数据。
[2026-04-07 16:57:20] [SUCCESS] bvid=BV1mHAAz1EnZ 已成功抓取全部所需数据。
[2026-04-07 16:57:23] [SUCCESS] bvid=BV1mHXjBoE1J 已成功抓取全部所需数据。
[2026-04-07 16:57:26] [SUCCESS] bvid=BV1mJX5BnEGE 已成功抓取全部所需数据。
[2026-04-07 16:57:30] [SUCCESS] bvid=BV1mJX5BnELW 已成功抓取全部所需数据。
[2026-04-07 16:57:33] [SUCCESS] bvid=BV1mJX5BnEcA 已成功抓取全部所需数据。
[2026-04-07 16:57:36] [SUCCESS] bvid=BV1mL9EBYEDC 已成功抓取全部所需数据。
[2026-04-07 16:57:39] [SUCCESS] bvid=BV1mL9EBYEWW 已成功抓取全部所需数据。
[2026-04-07 16:57:43] [SUCCESS] bvid=BV1mL9EBYEXs 已成功抓取全部所需数据。
[2026-04-07 16:57:46] [SUCCESS] bvid=BV1mLXGBLEV3 已成功抓取全部所需数据。
[2026-04-07 16:57:49] [SUCCESS] bvid=BV1mLXGBLEWD 已成功抓取全部所需数据。
[2026-04-07 16:57:52] [SUCCESS] bvid=BV1mMXMBeEFH 已成功抓取全部所需数据。
[2026-04-07 16:57:55] [SUCCESS] bvid=BV1mN9cBjEqt 已成功抓取全部所需数据。
[2026-04-07 16:57:58] [SUCCESS] bvid=BV1mNXKBZEat 已成功抓取全部所需数据。
[2026-04-07 16:58:01] [SUCCESS] bvid=BV1mNXKBZEow 已成功抓取全部所需数据。
[2026-04-07 16:58:04] [SUCCESS] bvid=BV1mPD5BCEH1 已成功抓取全部所需数据。
[2026-04-07 16:58:07] [SUCCESS] bvid=BV1mPXKBbE3B 已成功抓取全部所需数据。
[2026-04-07 16:58:10] [SUCCESS] bvid=BV1mPXKBbEAG 已成功抓取全部所需数据。
[2026-04-07 16:58:14] [SUCCESS] bvid=BV1mPXKBbEAk 已成功抓取全部所需数据。
[2026-04-07 16:58:16] [SUCCESS] bvid=BV1mPXKBbEpA 已成功抓取全部所需数据。
[2026-04-07 16:58:20] [SUCCESS] bvid=BV1mPXKBbEpr 已成功抓取全部所需数据。
[2026-04-07 16:58:23] [SUCCESS] bvid=BV1mPXLBnEgC 已成功抓取全部所需数据。
[2026-04-07 16:58:26] [SUCCESS] bvid=BV1mRXdBBEH1 已成功抓取全部所需数据。
[2026-04-07 16:58:29] [SUCCESS] bvid=BV1mRXdBqEav 已成功抓取全部所需数据。
[2026-04-07 16:58:32] [SUCCESS] bvid=BV1mSDTBfE9C 已成功抓取全部所需数据。
[2026-04-07 16:58:35] [SUCCESS] bvid=BV1mSDTBfEeR 已成功抓取全部所需数据。
[2026-04-07 16:58:38] [SUCCESS] bvid=BV1mSDTBfEtt 已成功抓取全部所需数据。
[2026-04-07 16:58:41] [SUCCESS] bvid=BV1mSX9BAEdG 已成功抓取全部所需数据。
[2026-04-07 16:58:44] [SUCCESS] bvid=BV1mTXhBYEzG 已成功抓取全部所需数据。
[2026-04-07 16:58:47] [SUCCESS] bvid=BV1mUX6B4Ezr 已成功抓取全部所需数据。
[2026-04-07 16:58:50] [SUCCESS] bvid=BV1mUXhBvEBq 已成功抓取全部所需数据。
[2026-04-07 16:58:53] [SUCCESS] bvid=BV1mV9NB4Ep2 已成功抓取全部所需数据。
[2026-04-07 16:58:56] [SUCCESS] bvid=BV1mV9TBNE1D 已成功抓取全部所需数据。
[2026-04-07 16:59:00] [SUCCESS] bvid=BV1mVAMz4E63 已成功抓取全部所需数据。
[2026-04-07 16:59:03] [SUCCESS] bvid=BV1mVSUBrEz5 已成功抓取全部所需数据。
[2026-04-07 16:59:06] [SUCCESS] bvid=BV1mVXYBTEP6 已成功抓取全部所需数据。
[2026-04-07 16:59:09] [SUCCESS] bvid=BV1mVXYBTEUA 已成功抓取全部所需数据。
[2026-04-07 16:59:12] [SUCCESS] bvid=BV1mWXDBWEr6 已成功抓取全部所需数据。
[2026-04-07 16:59:15] [SUCCESS] bvid=BV1mWXNBdE2J 已成功抓取全部所需数据。
[2026-04-07 16:59:19] [SUCCESS] bvid=BV1mWXNBdE4y 已成功抓取全部所需数据。
[2026-04-07 16:59:22] [SUCCESS] bvid=BV1mWXUB1E5y 已成功抓取全部所需数据。
[2026-04-07 16:59:25] [SUCCESS] bvid=BV1mWXUB1EW4 已成功抓取全部所需数据。
[2026-04-07 16:59:28] [SUCCESS] bvid=BV1mWXjBxENL 已成功抓取全部所需数据。
[2026-04-07 16:59:32] [SUCCESS] bvid=BV1mWXjBxEcW 已成功抓取全部所需数据。
[2026-04-07 16:59:35] [SUCCESS] bvid=BV1mWXzB9EAR 已成功抓取全部所需数据。
[2026-04-07 16:59:39] [SUCCESS] bvid=BV1mXXYB6EeM 已成功抓取全部所需数据。
[2026-04-07 16:59:41] [SUCCESS] bvid=BV1mXXkBaEye 已成功抓取全部所需数据。
[2026-04-07 16:59:44] [SUCCESS] bvid=BV1mYAnzwEDx 已成功抓取全部所需数据。
[2026-04-07 16:59:47] [SUCCESS] bvid=BV1mZDuBwExE 已成功抓取全部所需数据。
[2026-04-07 16:59:50] [SUCCESS] bvid=BV1mZXWBLELW 已成功抓取全部所需数据。
[2026-04-07 16:59:53] [SUCCESS] bvid=BV1mZXZBVE2e 已成功抓取全部所需数据。
[2026-04-07 16:59:56] [SUCCESS] bvid=BV1mZXZBVEmb 已成功抓取全部所需数据。
[2026-04-07 16:59:59] [SUCCESS] bvid=BV1mZXZBVEyR 已成功抓取全部所需数据。
[2026-04-07 17:00:03] [SUCCESS] bvid=BV1mZXdBvE3Q 已成功抓取全部所需数据。
[2026-04-07 17:00:05] [SUCCESS] bvid=BV1maDMBcEXa 已成功抓取全部所需数据。
[2026-04-07 17:00:09] [SUCCESS] bvid=BV1mb9wBSEsT 已成功抓取全部所需数据。
[2026-04-07 17:00:13] [SUCCESS] bvid=BV1mbX8B8EfF 已成功抓取全部所需数据。
[2026-04-07 17:00:17] [SUCCESS] bvid=BV1mbXTBcE31 已成功抓取全部所需数据。
[2026-04-07 17:00:20] [SUCCESS] bvid=BV1mcSQB7EHu 已成功抓取全部所需数据。
[2026-04-07 17:00:23] [SUCCESS] bvid=BV1mcXBBDEko 已成功抓取全部所需数据。
[2026-04-07 17:00:27] [SUCCESS] bvid=BV1mcXPBXE4U 已成功抓取全部所需数据。
[2026-04-07 17:00:30] [SUCCESS] bvid=BV1mcXfB3Egb 已成功抓取全部所需数据。
[2026-04-07 17:00:34] [SUCCESS] bvid=BV1mcXfB3Emy 已成功抓取全部所需数据。
[2026-04-07 17:00:37] [SUCCESS] bvid=BV1mdDuBYEFS 已成功抓取全部所需数据。
[2026-04-07 17:00:40] [SUCCESS] bvid=BV1meX3BVEMV 已成功抓取全部所需数据。
[2026-04-07 17:00:43] [SUCCESS] bvid=BV1meXCBYEVA 已成功抓取全部所需数据。
[2026-04-07 17:00:47] [SUCCESS] bvid=BV1meXCBYEnf 已成功抓取全部所需数据。
[2026-04-07 17:00:50] [SUCCESS] bvid=BV1meXCBYEpg 已成功抓取全部所需数据。
[2026-04-07 17:00:53] [SUCCESS] bvid=BV1mfD3BuEsa 已成功抓取全部所需数据。
[2026-04-07 17:00:56] [SUCCESS] bvid=BV1mfXWByEAv 已成功抓取全部所需数据。
[2026-04-07 17:00:59] [SUCCESS] bvid=BV1mfXZBkEHr 已成功抓取全部所需数据。
[2026-04-07 17:00:59] [INFO] 当前 batch_crawl 已完成，所有视频均已成功抓取。
[2026-04-07 17:00:59] 子任务结束时间：2026-04-07T17:00:59.762043
[TIMESTAMP][END] 2026-04-07T17:00:59
