[TIMESTAMP][BEGIN] 2026-04-07T11:40:20
[2026-04-07 11:40:29] 开始执行 CSV 批量抓取子任务 part_4。
[2026-04-07 11:40:29] 子任务开始时间：2026-04-07T11:40:20.798552
[2026-04-07 11:40:29] 输入文件：batch_input_4.csv
[2026-04-07 11:40:29] 输入唯一 bvid 数量：100
[2026-04-07 11:40:29] 为严格按 CSV 顺序判断连续失败阈值，本次任务自动将并发度从 2 调整为 1。
[2026-04-07 11:40:29] [ERROR] bvid=BV1FT9LBGEVy 抓取失败：meta: 接口返回错误代码：62012，信息：62012。
{'code': 62012, 'message': '62012', 'ttl': 1}
[2026-04-07 11:40:39] [SUCCESS] bvid=BV1FWDTBmEcf 已成功抓取全部所需数据。
[2026-04-07 11:40:39] [ERROR] bvid=BV1FYXWBYES2 抓取失败：meta: 接口返回错误代码：62012，信息：62012。
{'code': 62012, 'message': '62012', 'ttl': 1}
[2026-04-07 11:40:50] [SUCCESS] bvid=BV1FaD3BZEnx 已成功抓取全部所需数据。
[2026-04-07 11:41:00] [SUCCESS] bvid=BV1Fo9gBYEHc 已成功抓取全部所需数据。
[2026-04-07 11:41:00] [ERROR] bvid=BV1FoXPBLEhc 抓取失败：meta: 接口返回错误代码：-404，信息：啥都木有。
{'code': -404, 'message': '啥都木有', 'ttl': 1}
[2026-04-07 11:41:10] [SUCCESS] bvid=BV1FvSUBtEFx 已成功抓取全部所需数据。
[2026-04-07 11:41:20] [SUCCESS] bvid=BV1G3SDBQEdD 已成功抓取全部所需数据。
[2026-04-07 11:41:30] [SUCCESS] bvid=BV1G3SDBQEsm 已成功抓取全部所需数据。
[2026-04-07 11:41:30] [ERROR] bvid=BV1G8XLBYEDJ 抓取失败：meta: 接口返回错误代码：62002，信息：稿件不可见。
{'code': 62002, 'message': '稿件不可见', 'ttl': 1}
[2026-04-07 11:41:40] [SUCCESS] bvid=BV1G8XfBpE2N 已成功抓取全部所需数据。
[2026-04-07 11:41:51] [SUCCESS] bvid=BV1GBDNB8EXZ 已成功抓取全部所需数据。
[2026-04-07 11:42:01] [SUCCESS] bvid=BV1GCSdBNExB 已成功抓取全部所需数据。
[2026-04-07 11:42:11] [SUCCESS] bvid=BV1GCSdBNExy 已成功抓取全部所需数据。
[2026-04-07 11:42:21] [SUCCESS] bvid=BV1GFDTBPEHv 已成功抓取全部所需数据。
[2026-04-07 11:42:31] [SUCCESS] bvid=BV1GFSdBvEQ4 已成功抓取全部所需数据。
[2026-04-07 11:42:42] [SUCCESS] bvid=BV1GGDVBJE9o 已成功抓取全部所需数据。
[2026-04-07 11:42:52] [SUCCESS] bvid=BV1GGDVBJENf 已成功抓取全部所需数据。
[2026-04-07 11:43:02] [SUCCESS] bvid=BV1GJDKBaEPo 已成功抓取全部所需数据。
[2026-04-07 11:43:12] [SUCCESS] bvid=BV1GMSDB9E1q 已成功抓取全部所需数据。
[2026-04-07 11:43:13] [ERROR] bvid=BV1GRXUBsEha 抓取失败：meta: 接口返回错误代码：62002，信息：稿件不可见。
{'code': 62002, 'message': '稿件不可见', 'ttl': 1}
[2026-04-07 11:43:14] [ERROR] bvid=BV1GSXZBSE4Q 抓取失败：meta: 接口返回错误代码：62012，信息：62012。
{'code': 62012, 'message': '62012', 'ttl': 1}
[2026-04-07 11:43:14] [ERROR] bvid=BV1GUXGBXEHW 抓取失败：meta: 接口返回错误代码：62012，信息：62012。
{'code': 62012, 'message': '62012', 'ttl': 1}
[2026-04-07 11:43:25] [SUCCESS] bvid=BV1GW9KBzEfM 已成功抓取全部所需数据。
[2026-04-07 11:43:26] [ERROR] bvid=BV1GXX5BZExF 抓取失败：meta: 接口返回错误代码：62002，信息：稿件不可见。
{'code': 62002, 'message': '稿件不可见', 'ttl': 1}
[2026-04-07 11:43:36] [SUCCESS] bvid=BV1Ga9gBSEAo 已成功抓取全部所需数据。
[2026-04-07 11:43:37] [ERROR] bvid=BV1Gj9wBZE85 抓取失败：meta: 接口返回错误代码：-404，信息：啥都木有。
{'code': -404, 'message': '啥都木有', 'ttl': 1}
[2026-04-07 11:43:47] [SUCCESS] bvid=BV1GjXDBFEGd 已成功抓取全部所需数据。
[2026-04-07 11:43:50] [SUCCESS] bvid=BV1GuSUBLETB 已成功抓取全部所需数据。
[2026-04-07 11:43:51] [ERROR] bvid=BV1GyXgBUEzU 抓取失败：meta: 接口返回错误代码：62002，信息：稿件不可见。
{'code': 62002, 'message': '稿件不可见', 'ttl': 1}
[2026-04-07 11:43:54] [SUCCESS] bvid=BV1H1DMBHEEa 已成功抓取全部所需数据。
[2026-04-07 11:43:58] [SUCCESS] bvid=BV1H2DMBDETM 已成功抓取全部所需数据。
[2026-04-07 11:43:58] [ERROR] bvid=BV1H4XgBFEeh 抓取失败：meta: 接口返回错误代码：62002，信息：稿件不可见。
{'code': 62002, 'message': '稿件不可见', 'ttl': 1}
[2026-04-07 11:43:59] [ERROR] bvid=BV1H5XLBCEiL 抓取失败：meta: 接口返回错误代码：62002，信息：稿件不可见。
{'code': 62002, 'message': '稿件不可见', 'ttl': 1}
[2026-04-07 11:44:02] [SUCCESS] bvid=BV1H6XrBQEJr 已成功抓取全部所需数据。
[2026-04-07 11:44:06] [SUCCESS] bvid=BV1H9DGBaEUC 已成功抓取全部所需数据。
[2026-04-07 11:44:09] [SUCCESS] bvid=BV1HCDMBXEtX 已成功抓取全部所需数据。
[2026-04-07 11:44:13] [SUCCESS] bvid=BV1HHSdBJEQh 已成功抓取全部所需数据。
[2026-04-07 11:44:16] [SUCCESS] bvid=BV1HHSdBJEQz 已成功抓取全部所需数据。
[2026-04-07 11:44:20] [SUCCESS] bvid=BV1HNXeBaEKG 已成功抓取全部所需数据。
[2026-04-07 11:44:20] [ERROR] bvid=BV1HRXPB2Eev 抓取失败：meta: 接口返回错误代码：-404，信息：啥都木有。
{'code': -404, 'message': '啥都木有', 'ttl': 1}
[2026-04-07 11:44:24] [SUCCESS] bvid=BV1HU9MBcE2k 已成功抓取全部所需数据。
[2026-04-07 11:44:27] [SUCCESS] bvid=BV1HWDTBmEGA 已成功抓取全部所需数据。
[2026-04-07 11:44:31] [SUCCESS] bvid=BV1HWDuBxEhn 已成功抓取全部所需数据。
[2026-04-07 11:44:34] [SUCCESS] bvid=BV1HWSZBdE7D 已成功抓取全部所需数据。
[2026-04-07 11:44:37] [SUCCESS] bvid=BV1HWSZBdEke 已成功抓取全部所需数据。
[2026-04-07 11:44:41] [SUCCESS] bvid=BV1HWSZBdErM 已成功抓取全部所需数据。
[2026-04-07 11:44:44] [SUCCESS] bvid=BV1HWSZBdEvh 已成功抓取全部所需数据。
[2026-04-07 11:44:47] [SUCCESS] bvid=BV1HY9uBcESx 已成功抓取全部所需数据。
[2026-04-07 11:44:51] [SUCCESS] bvid=BV1HZD5BqEaz 已成功抓取全部所需数据。
[2026-04-07 11:44:51] [ERROR] bvid=BV1HZXSBGEe5 抓取失败：meta: 接口返回错误代码：62002，信息：稿件不可见。
{'code': 62002, 'message': '稿件不可见', 'ttl': 1}
[2026-04-07 11:44:52] [ERROR] bvid=BV1HcXaB4EZB 抓取失败：meta: 接口返回错误代码：62002，信息：稿件不可见。
{'code': 62002, 'message': '稿件不可见', 'ttl': 1}
[2026-04-07 11:44:55] [SUCCESS] bvid=BV1HdSQB6EnZ 已成功抓取全部所需数据。
[2026-04-07 11:44:59] [SUCCESS] bvid=BV1Hf9cBgEKN 已成功抓取全部所需数据。
[2026-04-07 11:45:02] [SUCCESS] bvid=BV1Hg9JBdEtc 已成功抓取全部所需数据。
[2026-04-07 11:45:02] [ERROR] bvid=BV1HnXMBxEcY 抓取失败：meta: 接口返回错误代码：-404，信息：啥都木有。
{'code': -404, 'message': '啥都木有', 'ttl': 1}
[2026-04-07 11:45:03] [ERROR] bvid=BV1HqXDByEQ6 抓取失败：meta: 接口返回错误代码：-404，信息：啥都木有。
{'code': -404, 'message': '啥都木有', 'ttl': 1}
[2026-04-07 11:45:03] [ERROR] bvid=BV1HqXDByERG 抓取失败：meta: 接口返回错误代码：-404，信息：啥都木有。
{'code': -404, 'message': '啥都木有', 'ttl': 1}
[2026-04-07 11:45:07] [SUCCESS] bvid=BV1HsDuBREiR 已成功抓取全部所需数据。
[2026-04-07 11:45:11] [SUCCESS] bvid=BV1HuSSBPEvM 已成功抓取全部所需数据。
[2026-04-07 11:45:14] [SUCCESS] bvid=BV1HxSZBxEb8 已成功抓取全部所需数据。
[2026-04-07 11:45:18] [SUCCESS] bvid=BV1J4SZB9EWk 已成功抓取全部所需数据。
[2026-04-07 11:45:22] [SUCCESS] bvid=BV1J4SZB9ExP 已成功抓取全部所需数据。
[2026-04-07 11:45:25] [SUCCESS] bvid=BV1J59MBWEmn 已成功抓取全部所需数据。
[2026-04-07 11:45:26] [ERROR] bvid=BV1J5XLBCEQU 抓取失败：meta: 接口返回错误代码：62002，信息：稿件不可见。
{'code': 62002, 'message': '稿件不可见', 'ttl': 1}
[2026-04-07 11:45:27] [ERROR] bvid=BV1JBXUBKEG1 抓取失败：meta: 接口返回错误代码：-404，信息：啥都木有。
{'code': -404, 'message': '啥都木有', 'ttl': 1}
[2026-04-07 11:45:30] [SUCCESS] bvid=BV1JGSSBwEsK 已成功抓取全部所需数据。
[2026-04-07 11:45:34] [SUCCESS] bvid=BV1JHS9BrESn 已成功抓取全部所需数据。
[2026-04-07 11:45:38] [SUCCESS] bvid=BV1JJSQBNEba 已成功抓取全部所需数据。
[2026-04-07 11:45:39] [ERROR] bvid=BV1JPX8B2EJR 抓取失败：meta: 接口返回错误代码：62002，信息：稿件不可见。
{'code': 62002, 'message': '稿件不可见', 'ttl': 1}
[2026-04-07 11:45:43] [SUCCESS] bvid=BV1JSDMBUEeo 已成功抓取全部所需数据。
[2026-04-07 11:45:47] [SUCCESS] bvid=BV1JSDMBUErh 已成功抓取全部所需数据。
[2026-04-07 11:45:50] [SUCCESS] bvid=BV1JSDMBUEvA 已成功抓取全部所需数据。
[2026-04-07 11:45:54] [SUCCESS] bvid=BV1JUDMBJEQo 已成功抓取全部所需数据。
[2026-04-07 11:45:58] [SUCCESS] bvid=BV1JcXTBnEEA 已成功抓取全部所需数据。
[2026-04-07 11:46:02] [SUCCESS] bvid=BV1Jd9MBxE9k 已成功抓取全部所需数据。
[2026-04-07 11:46:06] [SUCCESS] bvid=BV1JeD3B4EJ5 已成功抓取全部所需数据。
[2026-04-07 11:56:09] [SUCCESS] bvid=BV1JoSSBwEHU 已成功抓取全部所需数据。
[2026-04-07 11:56:09] [ERROR] bvid=BV1JuX3BhEbj 抓取失败：meta: 接口返回错误代码：62002，信息：稿件不可见。
{'code': 62002, 'message': '稿件不可见', 'ttl': 1}
[2026-04-07 11:56:09] [ERROR] bvid=BV1JwXTBSEKy 抓取失败：meta: 接口返回错误代码：62002，信息：稿件不可见。
{'code': 62002, 'message': '稿件不可见', 'ttl': 1}
[2026-04-07 11:56:13] [SUCCESS] bvid=BV1JxSdB2EZR 已成功抓取全部所需数据。
[2026-04-07 11:56:13] [ERROR] bvid=BV1K59jB4EEu 抓取失败：meta: 接口返回错误代码：62002，信息：稿件不可见。
{'code': 62002, 'message': '稿件不可见', 'ttl': 1}
[2026-04-07 11:56:17] [SUCCESS] bvid=BV1KASSBuExm 已成功抓取全部所需数据。
[2026-04-07 11:56:17] [ERROR] bvid=BV1KBX1BzEjy 抓取失败：meta: 接口返回错误代码：62002，信息：稿件不可见。
{'code': 62002, 'message': '稿件不可见', 'ttl': 1}
[2026-04-07 11:56:17] [ERROR] bvid=BV1KSXKBZE3J 抓取失败：meta: 接口返回错误代码：62002，信息：稿件不可见。
{'code': 62002, 'message': '稿件不可见', 'ttl': 1}
[2026-04-07 11:56:17] [ERROR] bvid=BV1KSXKBZEs6 抓取失败：meta: 接口返回错误代码：62002，信息：稿件不可见。
{'code': 62002, 'message': '稿件不可见', 'ttl': 1}
[2026-04-07 11:56:20] [SUCCESS] bvid=BV1KVDTBsETH 已成功抓取全部所需数据。
[2026-04-07 11:56:23] [SUCCESS] bvid=BV1KaSRB9EKA 已成功抓取全部所需数据。
[2026-04-07 11:56:27] [SUCCESS] bvid=BV1KdDTBdEKD 已成功抓取全部所需数据。
[2026-04-07 11:56:30] [SUCCESS] bvid=BV1KgSdBZELv 已成功抓取全部所需数据。
[2026-04-07 11:56:33] [SUCCESS] bvid=BV1KkSSBrEUS 已成功抓取全部所需数据。
[2026-04-07 11:56:33] [ERROR] bvid=BV1KmXKBFEed 抓取失败：meta: 接口返回错误代码：62002，信息：稿件不可见。
{'code': 62002, 'message': '稿件不可见', 'ttl': 1}
[2026-04-07 11:56:33] [ERROR] bvid=BV1KmXKBFExZ 抓取失败：meta: 接口返回错误代码：62002，信息：稿件不可见。
{'code': 62002, 'message': '稿件不可见', 'ttl': 1}
[2026-04-07 11:56:36] [SUCCESS] bvid=BV1Kz9MBTEZx 已成功抓取全部所需数据。
[2026-04-07 11:56:39] [SUCCESS] bvid=BV1L4SQB8EdX 已成功抓取全部所需数据。
[2026-04-07 11:56:39] [ERROR] bvid=BV1L4XKBCEdE 抓取失败：meta: 接口返回错误代码：62002，信息：稿件不可见。
{'code': 62002, 'message': '稿件不可见', 'ttl': 1}
[2026-04-07 11:56:42] [SUCCESS] bvid=BV1LBSZBjEt1 已成功抓取全部所需数据。
[2026-04-07 11:56:42] [ERROR] bvid=BV1LHXVBcEa8 抓取失败：meta: 接口返回错误代码：-404，信息：啥都木有。
{'code': -404, 'message': '啥都木有', 'ttl': 1}
[2026-04-07 11:56:45] [SUCCESS] bvid=BV1LUDVBREEH 已成功抓取全部所需数据。
[2026-04-07 11:56:48] [SUCCESS] bvid=BV1LWSSB9ESR 已成功抓取全部所需数据。
[2026-04-07 11:56:48] [WARN] 当前子任务已结束，但仍有未成功抓取的视频，已导出 remaining CSV 供继续执行。
[2026-04-07 11:56:48] [INFO] 已导出剔除成功条目后的剩余 CSV：outputs\video_data\manual_crawls\manual_crawl_meta_mode_A_20260407_112712\remaining_bvids_part_4.csv
[2026-04-07 11:56:48] 子任务结束时间：2026-04-07T11:56:48.600461
[TIMESTAMP][END] 2026-04-07T11:56:48
