[TIMESTAMP][BEGIN] 2026-04-07T14:15:55
[2026-04-07 14:15:57] 开始执行 CSV 批量抓取子任务 part_28。
[2026-04-07 14:15:57] 子任务开始时间：2026-04-07T14:15:55.407964
[2026-04-07 14:15:57] 输入文件：batch_input_28.csv
[2026-04-07 14:15:57] 输入唯一 bvid 数量：100
[2026-04-07 14:15:57] 为严格按 CSV 顺序判断连续失败阈值，本次任务自动将并发度从 2 调整为 1。
[2026-04-07 14:16:00] [SUCCESS] bvid=BV1eaXbBBECQ 已成功抓取全部所需数据。
[2026-04-07 14:16:04] [SUCCESS] bvid=BV1eaXbBBEVy 已成功抓取全部所需数据。
[2026-04-07 14:16:07] [SUCCESS] bvid=BV1eb9GB8EDU 已成功抓取全部所需数据。
[2026-04-07 14:16:11] [SUCCESS] bvid=BV1ebD5B4EdC 已成功抓取全部所需数据。
[2026-04-07 14:16:16] [SUCCESS] bvid=BV1ebXPBeEc5 已成功抓取全部所需数据。
[2026-04-07 14:16:19] [SUCCESS] bvid=BV1ebXmBWEyT 已成功抓取全部所需数据。
[2026-04-07 14:16:22] [SUCCESS] bvid=BV1ec9jBNEPc 已成功抓取全部所需数据。
[2026-04-07 14:16:26] [SUCCESS] bvid=BV1ec9jBNEhP 已成功抓取全部所需数据。
[2026-04-07 14:16:29] [SUCCESS] bvid=BV1ecX2BXEXL 已成功抓取全部所需数据。
[2026-04-07 14:16:32] [SUCCESS] bvid=BV1ecXGBREG8 已成功抓取全部所需数据。
[2026-04-07 14:16:35] [SUCCESS] bvid=BV1ecXGBREqr 已成功抓取全部所需数据。
[2026-04-07 14:16:39] [SUCCESS] bvid=BV1ed9LBBEsK 已成功抓取全部所需数据。
[2026-04-07 14:16:42] [SUCCESS] bvid=BV1edXTBCE99 已成功抓取全部所需数据。
[2026-04-07 14:16:45] [SUCCESS] bvid=BV1edXTBkEBK 已成功抓取全部所需数据。
[2026-04-07 14:16:49] [SUCCESS] bvid=BV1edXTBkEET 已成功抓取全部所需数据。
[2026-04-07 14:16:52] [SUCCESS] bvid=BV1edXTBkEYx 已成功抓取全部所需数据。
[2026-04-07 14:16:55] [SUCCESS] bvid=BV1edXTBkEa6 已成功抓取全部所需数据。
[2026-04-07 14:16:59] [SUCCESS] bvid=BV1edXrB6ENo 已成功抓取全部所需数据。
[2026-04-07 14:17:02] [SUCCESS] bvid=BV1ee9WBdE8F 已成功抓取全部所需数据。
[2026-04-07 14:17:05] [SUCCESS] bvid=BV1eeXMB2EmR 已成功抓取全部所需数据。
[2026-04-07 14:17:09] [SUCCESS] bvid=BV1eeXMB2EtU 已成功抓取全部所需数据。
[2026-04-07 14:17:15] [SUCCESS] bvid=BV1eeXbBTEXv 已成功抓取全部所需数据。
[2026-04-07 14:17:18] [SUCCESS] bvid=BV1eeXbBTEZ3 已成功抓取全部所需数据。
[2026-04-07 14:17:22] [SUCCESS] bvid=BV1eeXbBTEaD 已成功抓取全部所需数据。
[2026-04-07 14:17:25] [SUCCESS] bvid=BV1ef9LBiE6H 已成功抓取全部所需数据。
[2026-04-07 14:17:28] [SUCCESS] bvid=BV1ef9LBiEkK 已成功抓取全部所需数据。
[2026-04-07 14:17:32] [SUCCESS] bvid=BV1efXrBBEwk 已成功抓取全部所需数据。
[2026-04-07 14:17:35] [SUCCESS] bvid=BV1efXuBEE2a 已成功抓取全部所需数据。
[2026-04-07 14:17:40] [SUCCESS] bvid=BV1egXNBiE2B 已成功抓取全部所需数据。
[2026-04-07 14:17:44] [SUCCESS] bvid=BV1egXNBiEBT 已成功抓取全部所需数据。
[2026-04-07 14:17:47] [SUCCESS] bvid=BV1egXUBsEVG 已成功抓取全部所需数据。
[2026-04-07 14:17:50] [SUCCESS] bvid=BV1egXUBsEhb 已成功抓取全部所需数据。
[2026-04-07 14:17:54] [SUCCESS] bvid=BV1egXUBsEwc 已成功抓取全部所需数据。
[2026-04-07 14:17:57] [SUCCESS] bvid=BV1egXjBNEEE 已成功抓取全部所需数据。
[2026-04-07 14:18:01] [SUCCESS] bvid=BV1egXjBNEJP 已成功抓取全部所需数据。
[2026-04-07 14:18:04] [SUCCESS] bvid=BV1ehX4BhE87 已成功抓取全部所需数据。
[2026-04-07 14:18:07] [SUCCESS] bvid=BV1ehXbBuEd8 已成功抓取全部所需数据。
[2026-04-07 14:18:11] [SUCCESS] bvid=BV1ehXbBuEfV 已成功抓取全部所需数据。
[2026-04-07 14:18:14] [SUCCESS] bvid=BV1ei95BYE9B 已成功抓取全部所需数据。
[2026-04-07 14:18:18] [SUCCESS] bvid=BV1ei95BYEA4 已成功抓取全部所需数据。
[2026-04-07 14:18:21] [SUCCESS] bvid=BV1ei95BYEZP 已成功抓取全部所需数据。
[2026-04-07 14:18:27] [SUCCESS] bvid=BV1eiDTBzE2s 已成功抓取全部所需数据。
[2026-04-07 14:18:31] [SUCCESS] bvid=BV1eiDTBzEDb 已成功抓取全部所需数据。
[2026-04-07 14:18:35] [SUCCESS] bvid=BV1eiXMBLEHM 已成功抓取全部所需数据。
[2026-04-07 14:18:38] [SUCCESS] bvid=BV1eiXMBLENb 已成功抓取全部所需数据。
[2026-04-07 14:18:48] [SUCCESS] bvid=BV1eiXMBLENm 已成功抓取全部所需数据。
[2026-04-07 14:18:51] [SUCCESS] bvid=BV1eiXMBLEPi 已成功抓取全部所需数据。
[2026-04-07 14:18:55] [SUCCESS] bvid=BV1eiXMBLEXR 已成功抓取全部所需数据。
[2026-04-07 14:18:58] [SUCCESS] bvid=BV1eiXMBLEnj 已成功抓取全部所需数据。
[2026-04-07 14:19:01] [SUCCESS] bvid=BV1ejDKBYEDA 已成功抓取全部所需数据。
[2026-04-07 14:19:04] [SUCCESS] bvid=BV1ejXnB2Ezi 已成功抓取全部所需数据。
[2026-04-07 14:19:08] [SUCCESS] bvid=BV1ejXrBMEGG 已成功抓取全部所需数据。
[2026-04-07 14:19:11] [SUCCESS] bvid=BV1ejXrBMEmK 已成功抓取全部所需数据。
[2026-04-07 14:19:14] [SUCCESS] bvid=BV1ek9jBTEYo 已成功抓取全部所需数据。
[2026-04-07 14:19:17] [SUCCESS] bvid=BV1ekQBBfEic 已成功抓取全部所需数据。
[2026-04-07 14:19:21] [SUCCESS] bvid=BV1ekXGBoEBq 已成功抓取全部所需数据。
[2026-04-07 14:19:24] [SUCCESS] bvid=BV1ekXGBoErp 已成功抓取全部所需数据。
[2026-04-07 14:19:27] [SUCCESS] bvid=BV1ekXYB7ECA 已成功抓取全部所需数据。
[2026-04-07 14:19:30] [SUCCESS] bvid=BV1em9uBSE9G 已成功抓取全部所需数据。
[2026-04-07 14:19:33] [SUCCESS] bvid=BV1em9uBSENU 已成功抓取全部所需数据。
[2026-04-07 14:19:36] [SUCCESS] bvid=BV1emX2BHEpz 已成功抓取全部所需数据。
[2026-04-07 14:19:39] [SUCCESS] bvid=BV1emX5BwEhA 已成功抓取全部所需数据。
[2026-04-07 14:19:43] [SUCCESS] bvid=BV1enDMBBEjk 已成功抓取全部所需数据。
[2026-04-07 14:19:46] [SUCCESS] bvid=BV1enXoBSEei 已成功抓取全部所需数据。
[2026-04-07 14:19:49] [SUCCESS] bvid=BV1eoXCBmEQr 已成功抓取全部所需数据。
[2026-04-07 14:19:53] [SUCCESS] bvid=BV1eoXuBSEKL 已成功抓取全部所需数据。
[2026-04-07 14:19:56] [SUCCESS] bvid=BV1epXoBEEqh 已成功抓取全部所需数据。
[2026-04-07 14:19:59] [SUCCESS] bvid=BV1eq9ABAEtJ 已成功抓取全部所需数据。
[2026-04-07 14:20:02] [SUCCESS] bvid=BV1eqXMByEG5 已成功抓取全部所需数据。
[2026-04-07 14:20:06] [SUCCESS] bvid=BV1eqXMByEgU 已成功抓取全部所需数据。
[2026-04-07 14:20:09] [SUCCESS] bvid=BV1er9EB1EmK 已成功抓取全部所需数据。
[2026-04-07 14:20:13] [SUCCESS] bvid=BV1erSZB5EFA 已成功抓取全部所需数据。
[2026-04-07 14:20:16] [SUCCESS] bvid=BV1erXGBtESQ 已成功抓取全部所需数据。
[2026-04-07 14:20:19] [SUCCESS] bvid=BV1erXGBtEZj 已成功抓取全部所需数据。
[2026-04-07 14:20:23] [SUCCESS] bvid=BV1erXGBtEkf 已成功抓取全部所需数据。
[2026-04-07 14:20:26] [SUCCESS] bvid=BV1erXgBSE9J 已成功抓取全部所需数据。
[2026-04-07 14:20:30] [SUCCESS] bvid=BV1erXgBSEk1 已成功抓取全部所需数据。
[2026-04-07 14:20:33] [SUCCESS] bvid=BV1erXgBSEx8 已成功抓取全部所需数据。
[2026-04-07 14:20:37] [SUCCESS] bvid=BV1es9MB2Eew 已成功抓取全部所需数据。
[2026-04-07 14:20:42] [SUCCESS] bvid=BV1esDgBCEJR 已成功抓取全部所需数据。
[2026-04-07 14:20:45] [SUCCESS] bvid=BV1esXsBoE9q 已成功抓取全部所需数据。
[2026-04-07 14:20:48] [SUCCESS] bvid=BV1etXPBNEFA 已成功抓取全部所需数据。
[2026-04-07 14:20:52] [SUCCESS] bvid=BV1etXfBXEqL 已成功抓取全部所需数据。
[2026-04-07 14:20:56] [SUCCESS] bvid=BV1etXsBREFi 已成功抓取全部所需数据。
[2026-04-07 14:20:59] [SUCCESS] bvid=BV1evXKBMET3 已成功抓取全部所需数据。
[2026-04-07 14:21:03] [SUCCESS] bvid=BV1evXKBMEbT 已成功抓取全部所需数据。
[2026-04-07 14:21:06] [SUCCESS] bvid=BV1evXKBMEuf 已成功抓取全部所需数据。
[2026-04-07 14:21:09] [SUCCESS] bvid=BV1evXKBMEux 已成功抓取全部所需数据。
[2026-04-07 14:21:13] [SUCCESS] bvid=BV1evXhB5EUb 已成功抓取全部所需数据。
[2026-04-07 14:21:16] [SUCCESS] bvid=BV1evXhB5Emc 已成功抓取全部所需数据。
[2026-04-07 14:21:20] [SUCCESS] bvid=BV1evcUz2Ee3 已成功抓取全部所需数据。
[2026-04-07 14:21:23] [SUCCESS] bvid=BV1ew9jBvEPm 已成功抓取全部所需数据。
[2026-04-07 14:21:26] [SUCCESS] bvid=BV1ewXWB9EEj 已成功抓取全部所需数据。
[2026-04-07 14:21:30] [SUCCESS] bvid=BV1exDGBDEJM 已成功抓取全部所需数据。
[2026-04-07 14:21:33] [SUCCESS] bvid=BV1exXLBPE1Q 已成功抓取全部所需数据。
[2026-04-07 14:21:37] [SUCCESS] bvid=BV1exXPBiE9X 已成功抓取全部所需数据。
[2026-04-07 14:21:37] [ERROR] bvid=BV1exXmBxEui 抓取失败：meta: 接口返回错误代码：62002，信息：稿件不可见。
{'code': 62002, 'message': '稿件不可见', 'ttl': 1}
[2026-04-07 14:21:40] [SUCCESS] bvid=BV1exXoBjEg2 已成功抓取全部所需数据。
[2026-04-07 14:21:44] [SUCCESS] bvid=BV1exXoBjEu9 已成功抓取全部所需数据。
[2026-04-07 14:21:47] [SUCCESS] bvid=BV1eySZBGEPV 已成功抓取全部所需数据。
[2026-04-07 14:21:47] [WARN] 当前子任务已结束，但仍有未成功抓取的视频，已导出 remaining CSV 供继续执行。
[2026-04-07 14:21:47] [INFO] 已导出剔除成功条目后的剩余 CSV：outputs\video_data\manual_crawls\manual_crawl_meta_mode_A_20260407_112712\remaining_bvids_part_28.csv
[2026-04-07 14:21:47] 子任务结束时间：2026-04-07T14:21:47.671242
[TIMESTAMP][END] 2026-04-07T14:21:47
