[TIMESTAMP][BEGIN] 2026-04-07T12:54:32
[2026-04-07 12:54:34] 开始执行 CSV 批量抓取子任务 part_16。
[2026-04-07 12:54:34] 子任务开始时间：2026-04-07T12:54:32.053650
[2026-04-07 12:54:34] 输入文件：batch_input_16.csv
[2026-04-07 12:54:34] 输入唯一 bvid 数量：100
[2026-04-07 12:54:34] 为严格按 CSV 顺序判断连续失败阈值，本次任务自动将并发度从 2 调整为 1。
[2026-04-07 12:54:38] [SUCCESS] bvid=BV1aZXTB3Eqs 已成功抓取全部所需数据。
[2026-04-07 12:54:42] [SUCCESS] bvid=BV1aZXTB3EzT 已成功抓取全部所需数据。
[2026-04-07 12:54:45] [SUCCESS] bvid=BV1aZXzBhEpz 已成功抓取全部所需数据。
[2026-04-07 12:54:48] [SUCCESS] bvid=BV1aaXPBaEFb 已成功抓取全部所需数据。
[2026-04-07 12:54:51] [SUCCESS] bvid=BV1abDGBUEez 已成功抓取全部所需数据。
[2026-04-07 12:54:55] [SUCCESS] bvid=BV1abSSBnESz 已成功抓取全部所需数据。
[2026-04-07 12:54:58] [SUCCESS] bvid=BV1abXVBxEqo 已成功抓取全部所需数据。
[2026-04-07 12:55:01] [SUCCESS] bvid=BV1abXiB9EiY 已成功抓取全部所需数据。
[2026-04-07 12:55:05] [SUCCESS] bvid=BV1abXmBWEyL 已成功抓取全部所需数据。
[2026-04-07 12:55:08] [SUCCESS] bvid=BV1abXoB5E46 已成功抓取全部所需数据。
[2026-04-07 12:55:11] [SUCCESS] bvid=BV1abXoB5E6L 已成功抓取全部所需数据。
[2026-04-07 12:55:15] [SUCCESS] bvid=BV1abXoB5Epk 已成功抓取全部所需数据。
[2026-04-07 12:55:18] [SUCCESS] bvid=BV1ac9NBiEiY 已成功抓取全部所需数据。
[2026-04-07 12:55:21] [SUCCESS] bvid=BV1ac9jBNEDD 已成功抓取全部所需数据。
[2026-04-07 12:55:24] [SUCCESS] bvid=BV1ac9jBNEjW 已成功抓取全部所需数据。
[2026-04-07 12:55:28] [SUCCESS] bvid=BV1acXMBuEUh 已成功抓取全部所需数据。
[2026-04-07 12:55:31] [SUCCESS] bvid=BV1acXMBuEbC 已成功抓取全部所需数据。
[2026-04-07 12:55:34] [SUCCESS] bvid=BV1acXMBuEnJ 已成功抓取全部所需数据。
[2026-04-07 12:55:38] [SUCCESS] bvid=BV1acXMBuEu6 已成功抓取全部所需数据。
[2026-04-07 12:55:41] [SUCCESS] bvid=BV1acXkBTELz 已成功抓取全部所需数据。
[2026-04-07 12:55:44] [SUCCESS] bvid=BV1aeX4BbEwE 已成功抓取全部所需数据。
[2026-04-07 12:55:48] [SUCCESS] bvid=BV1aeXPBcEHp 已成功抓取全部所需数据。
[2026-04-07 12:55:51] [SUCCESS] bvid=BV1aeXPBcESg 已成功抓取全部所需数据。
[2026-04-07 12:55:54] [SUCCESS] bvid=BV1aeXSBZEYS 已成功抓取全部所需数据。
[2026-04-07 12:55:57] [SUCCESS] bvid=BV1afXTB6EAJ 已成功抓取全部所需数据。
[2026-04-07 12:56:00] [SUCCESS] bvid=BV1agX2B2ELm 已成功抓取全部所需数据。
[2026-04-07 12:56:04] [SUCCESS] bvid=BV1agX5B4EDX 已成功抓取全部所需数据。
[2026-04-07 12:56:07] [SUCCESS] bvid=BV1agX5B4EE8 已成功抓取全部所需数据。
[2026-04-07 12:56:11] [SUCCESS] bvid=BV1agX5B4EEM 已成功抓取全部所需数据。
[2026-04-07 12:56:14] [SUCCESS] bvid=BV1agX5B4EEw 已成功抓取全部所需数据。
[2026-04-07 12:56:17] [SUCCESS] bvid=BV1agX5B4EFu 已成功抓取全部所需数据。
[2026-04-07 12:56:20] [SUCCESS] bvid=BV1agX5B4EMp 已成功抓取全部所需数据。
[2026-04-07 12:56:23] [SUCCESS] bvid=BV1agX5B4ENd 已成功抓取全部所需数据。
[2026-04-07 12:56:26] [SUCCESS] bvid=BV1agX5B4EP6 已成功抓取全部所需数据。
[2026-04-07 12:56:30] [SUCCESS] bvid=BV1agX5B4EVj 已成功抓取全部所需数据。
[2026-04-07 12:56:33] [SUCCESS] bvid=BV1agX5B4EjV 已成功抓取全部所需数据。
[2026-04-07 12:56:33] [ERROR] bvid=BV1agXUBsEae 抓取失败：meta: 接口返回错误代码：62002，信息：稿件不可见。
{'code': 62002, 'message': '稿件不可见', 'ttl': 1}
[2026-04-07 12:56:36] [SUCCESS] bvid=BV1agXUBsEro 已成功抓取全部所需数据。
[2026-04-07 12:56:39] [SUCCESS] bvid=BV1aiD5BQEW2 已成功抓取全部所需数据。
[2026-04-07 12:56:42] [SUCCESS] bvid=BV1aiD5BQEjq 已成功抓取全部所需数据。
[2026-04-07 12:56:45] [SUCCESS] bvid=BV1aiXKBqEg8 已成功抓取全部所需数据。
[2026-04-07 12:56:48] [SUCCESS] bvid=BV1aiXKBqEgV 已成功抓取全部所需数据。
[2026-04-07 12:56:52] [SUCCESS] bvid=BV1aiXKBqExL 已成功抓取全部所需数据。
[2026-04-07 12:56:55] [SUCCESS] bvid=BV1aiXKBqExc 已成功抓取全部所需数据。
[2026-04-07 12:56:58] [SUCCESS] bvid=BV1aiXLBbETS 已成功抓取全部所需数据。
[2026-04-07 12:57:01] [SUCCESS] bvid=BV1ajXNBaEG5 已成功抓取全部所需数据。
[2026-04-07 12:57:05] [SUCCESS] bvid=BV1ajXjBcE61 已成功抓取全部所需数据。
[2026-04-07 12:57:09] [SUCCESS] bvid=BV1ajXjBcEHd 已成功抓取全部所需数据。
[2026-04-07 12:57:09] [ERROR] bvid=BV1ajXjBcEKQ 抓取失败：meta: 接口返回错误代码：62002，信息：稿件不可见。
{'code': 62002, 'message': '稿件不可见', 'ttl': 1}
[2026-04-07 12:57:09] [ERROR] bvid=BV1ajXjBcEbF 抓取失败：meta: 接口返回错误代码：62002，信息：稿件不可见。
{'code': 62002, 'message': '稿件不可见', 'ttl': 1}
[2026-04-07 12:57:12] [SUCCESS] bvid=BV1ajXjBcEhn 已成功抓取全部所需数据。
[2026-04-07 12:57:15] [SUCCESS] bvid=BV1ajXjBcEm3 已成功抓取全部所需数据。
[2026-04-07 12:57:18] [SUCCESS] bvid=BV1ak95BbEb7 已成功抓取全部所需数据。
[2026-04-07 12:57:21] [SUCCESS] bvid=BV1akXkBuENd 已成功抓取全部所需数据。
[2026-04-07 12:57:24] [SUCCESS] bvid=BV1amSUBEEs3 已成功抓取全部所需数据。
[2026-04-07 12:57:28] [SUCCESS] bvid=BV1amXGBWEAv 已成功抓取全部所需数据。
[2026-04-07 12:57:31] [SUCCESS] bvid=BV1amXyBCEx4 已成功抓取全部所需数据。
[2026-04-07 12:57:35] [SUCCESS] bvid=BV1aoSXBZEaB 已成功抓取全部所需数据。
[2026-04-07 12:57:38] [SUCCESS] bvid=BV1aoXNBPE7P 已成功抓取全部所需数据。
[2026-04-07 12:57:42] [SUCCESS] bvid=BV1aoXNBPE8E 已成功抓取全部所需数据。
[2026-04-07 12:57:45] [SUCCESS] bvid=BV1aoXNBPEE5 已成功抓取全部所需数据。
[2026-04-07 12:57:48] [SUCCESS] bvid=BV1aoXNBPEMQ 已成功抓取全部所需数据。
[2026-04-07 12:57:52] [SUCCESS] bvid=BV1aoXNBPEMp 已成功抓取全部所需数据。
[2026-04-07 12:57:56] [SUCCESS] bvid=BV1aoXNBPESr 已成功抓取全部所需数据。
[2026-04-07 12:57:59] [SUCCESS] bvid=BV1aoXNBPEiF 已成功抓取全部所需数据。
[2026-04-07 12:58:03] [SUCCESS] bvid=BV1aoXNBPEpP 已成功抓取全部所需数据。
[2026-04-07 12:58:06] [SUCCESS] bvid=BV1aoXzBwET8 已成功抓取全部所需数据。
[2026-04-07 13:00:14] [SUCCESS] bvid=BV1aoXzBwExP 已成功抓取全部所需数据。
[2026-04-07 13:00:17] [SUCCESS] bvid=BV1ap9LBwELE 已成功抓取全部所需数据。
[2026-04-07 13:00:21] [SUCCESS] bvid=BV1apDKBbEF3 已成功抓取全部所需数据。
[2026-04-07 13:00:24] [SUCCESS] bvid=BV1apDMBTEvX 已成功抓取全部所需数据。
[2026-04-07 13:00:28] [SUCCESS] bvid=BV1aqXbBNE42 已成功抓取全部所需数据。
[2026-04-07 13:00:32] [SUCCESS] bvid=BV1aqXbBNEPU 已成功抓取全部所需数据。
[2026-04-07 13:00:35] [SUCCESS] bvid=BV1ar9AB8E8g 已成功抓取全部所需数据。
[2026-04-07 13:00:41] [SUCCESS] bvid=BV1arX6BwETU 已成功抓取全部所需数据。
[2026-04-07 13:00:45] [SUCCESS] bvid=BV1arXgBSEZ8 已成功抓取全部所需数据。
[2026-04-07 13:00:49] [SUCCESS] bvid=BV1arXhBgEEe 已成功抓取全部所需数据。
[2026-04-07 13:00:53] [SUCCESS] bvid=BV1atXsBRErk 已成功抓取全部所需数据。
[2026-04-07 13:00:56] [SUCCESS] bvid=BV1auXGBJELG 已成功抓取全部所需数据。
[2026-04-07 13:01:00] [SUCCESS] bvid=BV1auXGBJEcS 已成功抓取全部所需数据。
[2026-04-07 13:01:03] [SUCCESS] bvid=BV1auXGBJEwU 已成功抓取全部所需数据。
[2026-04-07 13:01:06] [SUCCESS] bvid=BV1avD5BpEJE 已成功抓取全部所需数据。
[2026-04-07 13:01:10] [SUCCESS] bvid=BV1avD5BpEmx 已成功抓取全部所需数据。
[2026-04-07 13:01:13] [SUCCESS] bvid=BV1avXKBMEYz 已成功抓取全部所需数据。
[2026-04-07 13:01:17] [SUCCESS] bvid=BV1avXKBMEeS 已成功抓取全部所需数据。
[2026-04-07 13:01:20] [SUCCESS] bvid=BV1avXKBMEiq 已成功抓取全部所需数据。
[2026-04-07 13:01:23] [SUCCESS] bvid=BV1avXKBMEvZ 已成功抓取全部所需数据。
[2026-04-07 13:01:27] [SUCCESS] bvid=BV1avXPB8EP4 已成功抓取全部所需数据。
[2026-04-07 13:01:30] [SUCCESS] bvid=BV1avXPB8EV2 已成功抓取全部所需数据。
[2026-04-07 13:01:33] [SUCCESS] bvid=BV1avXPB8EWP 已成功抓取全部所需数据。
[2026-04-07 13:01:37] [SUCCESS] bvid=BV1avXPB8Eug 已成功抓取全部所需数据。
[2026-04-07 13:01:40] [SUCCESS] bvid=BV1avXbBiEUp 已成功抓取全部所需数据。
[2026-04-07 13:01:43] [SUCCESS] bvid=BV1avXbBiEdR 已成功抓取全部所需数据。
[2026-04-07 13:01:43] [ERROR] bvid=BV1avXbBiErn 抓取失败：meta: 接口返回错误代码：62002，信息：稿件不可见。
{'code': 62002, 'message': '稿件不可见', 'ttl': 1}
[2026-04-07 13:01:47] [SUCCESS] bvid=BV1avXbBiEto 已成功抓取全部所需数据。
[2026-04-07 13:01:50] [SUCCESS] bvid=BV1awSdBAEtD 已成功抓取全部所需数据。
[2026-04-07 13:01:53] [SUCCESS] bvid=BV1awXYB1E8U 已成功抓取全部所需数据。
[2026-04-07 13:01:53] [ERROR] bvid=BV1awXgBjEGf 抓取失败：meta: 接口返回错误代码：62002，信息：稿件不可见。
{'code': 62002, 'message': '稿件不可见', 'ttl': 1}
[2026-04-07 13:01:56] [SUCCESS] bvid=BV1awXgBjEKs 已成功抓取全部所需数据。
[2026-04-07 13:01:59] [SUCCESS] bvid=BV1awXkBiE2Y 已成功抓取全部所需数据。
[2026-04-07 13:01:59] [WARN] 当前子任务已结束，但仍有未成功抓取的视频，已导出 remaining CSV 供继续执行。
[2026-04-07 13:01:59] [INFO] 已导出剔除成功条目后的剩余 CSV：outputs\video_data\manual_crawls\manual_crawl_meta_mode_A_20260407_112712\remaining_bvids_part_16.csv
[2026-04-07 13:01:59] 子任务结束时间：2026-04-07T13:01:59.344344
[TIMESTAMP][END] 2026-04-07T13:01:59
