[TIMESTAMP][BEGIN] 2026-04-07T12:32:09
[2026-04-07 12:32:11] 开始执行 CSV 批量抓取子任务 part_12。
[2026-04-07 12:32:11] 子任务开始时间：2026-04-07T12:32:09.168591
[2026-04-07 12:32:11] 输入文件：batch_input_12.csv
[2026-04-07 12:32:11] 输入唯一 bvid 数量：100
[2026-04-07 12:32:11] 为严格按 CSV 顺序判断连续失败阈值，本次任务自动将并发度从 2 调整为 1。
[2026-04-07 12:32:15] [SUCCESS] bvid=BV1ZD9PBGEoi 已成功抓取全部所需数据。
[2026-04-07 12:32:19] [SUCCESS] bvid=BV1ZDNgzdE5R 已成功抓取全部所需数据。
[2026-04-07 12:32:22] [SUCCESS] bvid=BV1ZDNgzdEoq 已成功抓取全部所需数据。
[2026-04-07 12:32:25] [SUCCESS] bvid=BV1ZDXCBQE2d 已成功抓取全部所需数据。
[2026-04-07 12:32:28] [SUCCESS] bvid=BV1ZEA3zSE7u 已成功抓取全部所需数据。
[2026-04-07 12:32:32] [SUCCESS] bvid=BV1ZEA3zSELe 已成功抓取全部所需数据。
[2026-04-07 12:32:35] [SUCCESS] bvid=BV1ZEXVBwEDv 已成功抓取全部所需数据。
[2026-04-07 12:32:38] [SUCCESS] bvid=BV1ZEXVBwELS 已成功抓取全部所需数据。
[2026-04-07 12:32:41] [SUCCESS] bvid=BV1ZEXfBfEGE 已成功抓取全部所需数据。
[2026-04-07 12:32:44] [SUCCESS] bvid=BV1ZEXmBFEHH 已成功抓取全部所需数据。
[2026-04-07 12:32:47] [SUCCESS] bvid=BV1ZFQ6BKEPp 已成功抓取全部所需数据。
[2026-04-07 12:32:50] [SUCCESS] bvid=BV1ZFXNBGECz 已成功抓取全部所需数据。
[2026-04-07 12:32:53] [SUCCESS] bvid=BV1ZFXNBGEDW 已成功抓取全部所需数据。
[2026-04-07 12:32:57] [SUCCESS] bvid=BV1ZFXUBwEAh 已成功抓取全部所需数据。
[2026-04-07 12:33:00] [SUCCESS] bvid=BV1ZFXUBwET7 已成功抓取全部所需数据。
[2026-04-07 12:33:03] [SUCCESS] bvid=BV1ZFXUBwEqH 已成功抓取全部所需数据。
[2026-04-07 12:33:07] [SUCCESS] bvid=BV1ZG97B1E4V 已成功抓取全部所需数据。
[2026-04-07 12:33:10] [SUCCESS] bvid=BV1ZG97B1EPe 已成功抓取全部所需数据。
[2026-04-07 12:33:13] [SUCCESS] bvid=BV1ZGXCBmEcF 已成功抓取全部所需数据。
[2026-04-07 12:33:16] [SUCCESS] bvid=BV1ZGXCBmEvT 已成功抓取全部所需数据。
[2026-04-07 12:33:19] [SUCCESS] bvid=BV1ZHXBBTEeu 已成功抓取全部所需数据。
[2026-04-07 12:33:23] [SUCCESS] bvid=BV1ZHXPBTExh 已成功抓取全部所需数据。
[2026-04-07 12:33:26] [SUCCESS] bvid=BV1ZHXPBuEB4 已成功抓取全部所需数据。
[2026-04-07 12:33:29] [SUCCESS] bvid=BV1ZJXLBuE4d 已成功抓取全部所需数据。
[2026-04-07 12:33:32] [SUCCESS] bvid=BV1ZJXLBuEof 已成功抓取全部所需数据。
[2026-04-07 12:33:35] [SUCCESS] bvid=BV1ZJXLBuExK 已成功抓取全部所需数据。
[2026-04-07 12:33:39] [SUCCESS] bvid=BV1ZJXLBuEy4 已成功抓取全部所需数据。
[2026-04-07 12:33:42] [SUCCESS] bvid=BV1ZJXVBhEFN 已成功抓取全部所需数据。
[2026-04-07 12:33:45] [SUCCESS] bvid=BV1ZJXVBhEV2 已成功抓取全部所需数据。
[2026-04-07 12:33:48] [SUCCESS] bvid=BV1ZJXVBhEVU 已成功抓取全部所需数据。
[2026-04-07 12:33:51] [SUCCESS] bvid=BV1ZL97BCE7f 已成功抓取全部所需数据。
[2026-04-07 12:33:55] [SUCCESS] bvid=BV1ZL97BCETV 已成功抓取全部所需数据。
[2026-04-07 12:33:58] [SUCCESS] bvid=BV1ZL9JBHEYn 已成功抓取全部所需数据。
[2026-04-07 12:34:01] [SUCCESS] bvid=BV1ZL9JBHEos 已成功抓取全部所需数据。
[2026-04-07 12:34:05] [SUCCESS] bvid=BV1ZLX1BWEct 已成功抓取全部所需数据。
[2026-04-07 12:34:09] [SUCCESS] bvid=BV1ZLXVBPE1e 已成功抓取全部所需数据。
[2026-04-07 12:34:13] [SUCCESS] bvid=BV1ZLXVBPEWB 已成功抓取全部所需数据。
[2026-04-07 12:34:16] [SUCCESS] bvid=BV1ZLXVBPEiV 已成功抓取全部所需数据。
[2026-04-07 12:34:19] [SUCCESS] bvid=BV1ZM9LB6EBD 已成功抓取全部所需数据。
[2026-04-07 12:34:22] [SUCCESS] bvid=BV1ZMXTByE3e 已成功抓取全部所需数据。
[2026-04-07 12:34:26] [SUCCESS] bvid=BV1ZMXTByEVa 已成功抓取全部所需数据。
[2026-04-07 12:34:30] [SUCCESS] bvid=BV1ZMXrBkEi7 已成功抓取全部所需数据。
[2026-04-07 12:34:34] [SUCCESS] bvid=BV1ZMXrBkEu5 已成功抓取全部所需数据。
[2026-04-07 12:34:37] [SUCCESS] bvid=BV1ZMXuBpEEd 已成功抓取全部所需数据。
[2026-04-07 12:34:41] [SUCCESS] bvid=BV1ZN9sBeEiR 已成功抓取全部所需数据。
[2026-04-07 12:34:45] [SUCCESS] bvid=BV1ZNDPBAERe 已成功抓取全部所需数据。
[2026-04-07 12:34:49] [SUCCESS] bvid=BV1ZNDPBAEd9 已成功抓取全部所需数据。
[2026-04-07 12:34:52] [SUCCESS] bvid=BV1ZNXTB2E3J 已成功抓取全部所需数据。
[2026-04-07 12:34:56] [SUCCESS] bvid=BV1ZNXTB2EEu 已成功抓取全部所需数据。
[2026-04-07 12:35:00] [SUCCESS] bvid=BV1ZNXTB2ELP 已成功抓取全部所需数据。
[2026-04-07 12:35:04] [SUCCESS] bvid=BV1ZNXTB2EdM 已成功抓取全部所需数据。
[2026-04-07 12:35:08] [SUCCESS] bvid=BV1ZNXTB2EdY 已成功抓取全部所需数据。
[2026-04-07 12:35:12] [SUCCESS] bvid=BV1ZNXTB2EfM 已成功抓取全部所需数据。
[2026-04-07 12:35:15] [SUCCESS] bvid=BV1ZNXrB1E2L 已成功抓取全部所需数据。
[2026-04-07 12:35:19] [SUCCESS] bvid=BV1ZPXDBTEc1 已成功抓取全部所需数据。
[2026-04-07 12:35:23] [SUCCESS] bvid=BV1ZPXNBzEAu 已成功抓取全部所需数据。
[2026-04-07 12:35:26] [SUCCESS] bvid=BV1ZPXNBzEnz 已成功抓取全部所需数据。
[2026-04-07 12:35:29] [SUCCESS] bvid=BV1ZPXTB7E2z 已成功抓取全部所需数据。
[2026-04-07 12:35:33] [SUCCESS] bvid=BV1ZPXTB7E89 已成功抓取全部所需数据。
[2026-04-07 12:35:36] [SUCCESS] bvid=BV1ZPXTB7EVw 已成功抓取全部所需数据。
[2026-04-07 12:35:39] [SUCCESS] bvid=BV1ZPXTB7EXk 已成功抓取全部所需数据。
[2026-04-07 12:35:42] [SUCCESS] bvid=BV1ZPXTB7EkE 已成功抓取全部所需数据。
[2026-04-07 12:35:45] [SUCCESS] bvid=BV1ZPXTB7EoD 已成功抓取全部所需数据。
[2026-04-07 12:35:49] [SUCCESS] bvid=BV1ZPXTB7Eot 已成功抓取全部所需数据。
[2026-04-07 12:35:52] [SUCCESS] bvid=BV1ZPXTB7Epe 已成功抓取全部所需数据。
[2026-04-07 12:35:55] [SUCCESS] bvid=BV1ZPXTB7Ey5 已成功抓取全部所需数据。
[2026-04-07 12:35:59] [SUCCESS] bvid=BV1ZPXTB7Ey7 已成功抓取全部所需数据。
[2026-04-07 12:36:02] [SUCCESS] bvid=BV1ZQ9PBrE7o 已成功抓取全部所需数据。
[2026-04-07 12:36:06] [SUCCESS] bvid=BV1ZQXaBpEvf 已成功抓取全部所需数据。
[2026-04-07 12:36:09] [SUCCESS] bvid=BV1ZR9KB7Ew6 已成功抓取全部所需数据。
[2026-04-07 12:36:12] [SUCCESS] bvid=BV1ZRQzBzEst 已成功抓取全部所需数据。
[2026-04-07 12:36:15] [SUCCESS] bvid=BV1ZRX3BfEk9 已成功抓取全部所需数据。
[2026-04-07 12:36:19] [SUCCESS] bvid=BV1ZS9LBkEBx 已成功抓取全部所需数据。
[2026-04-07 12:36:22] [SUCCESS] bvid=BV1ZSXTB2EJu 已成功抓取全部所需数据。
[2026-04-07 12:36:25] [SUCCESS] bvid=BV1ZT9VBYEJ4 已成功抓取全部所需数据。
[2026-04-07 12:36:28] [SUCCESS] bvid=BV1ZT9VBYEjw 已成功抓取全部所需数据。
[2026-04-07 12:36:31] [SUCCESS] bvid=BV1ZTXrBVEkT 已成功抓取全部所需数据。
[2026-04-07 12:36:34] [SUCCESS] bvid=BV1ZUXTB7EHu 已成功抓取全部所需数据。
[2026-04-07 12:36:38] [SUCCESS] bvid=BV1ZUXTB7Ehi 已成功抓取全部所需数据。
[2026-04-07 12:36:41] [SUCCESS] bvid=BV1ZVQzBqE7D 已成功抓取全部所需数据。
[2026-04-07 12:36:44] [SUCCESS] bvid=BV1ZVX1BREEV 已成功抓取全部所需数据。
[2026-04-07 12:36:48] [SUCCESS] bvid=BV1ZVX1BRELu 已成功抓取全部所需数据。
[2026-04-07 12:36:51] [SUCCESS] bvid=BV1ZVX3BoEvM 已成功抓取全部所需数据。
[2026-04-07 12:36:54] [SUCCESS] bvid=BV1ZWXLBiELr 已成功抓取全部所需数据。
[2026-04-07 12:36:57] [SUCCESS] bvid=BV1ZWXLBiENR 已成功抓取全部所需数据。
[2026-04-07 12:37:01] [SUCCESS] bvid=BV1ZX9KBUEsS 已成功抓取全部所需数据。
[2026-04-07 12:37:04] [SUCCESS] bvid=BV1ZX9LB6EpK 已成功抓取全部所需数据。
[2026-04-07 12:37:07] [SUCCESS] bvid=BV1ZXXaBDE7q 已成功抓取全部所需数据。
[2026-04-07 12:37:11] [SUCCESS] bvid=BV1ZXXaBDEQ1 已成功抓取全部所需数据。
[2026-04-07 12:37:14] [SUCCESS] bvid=BV1ZYAJzGEcT 已成功抓取全部所需数据。
[2026-04-07 12:37:17] [SUCCESS] bvid=BV1ZZSSB8EdX 已成功抓取全部所需数据。
[2026-04-07 12:37:21] [SUCCESS] bvid=BV1ZZXVBvEeg 已成功抓取全部所需数据。
[2026-04-07 12:37:24] [SUCCESS] bvid=BV1ZbQoBnEax 已成功抓取全部所需数据。
[2026-04-07 12:37:28] [SUCCESS] bvid=BV1ZbQoBnEeA 已成功抓取全部所需数据。
[2026-04-07 12:37:31] [SUCCESS] bvid=BV1ZbXhBEETB 已成功抓取全部所需数据。
[2026-04-07 12:37:34] [SUCCESS] bvid=BV1Zc93BfEGw 已成功抓取全部所需数据。
[2026-04-07 12:37:37] [SUCCESS] bvid=BV1Zc93BfEH5 已成功抓取全部所需数据。
[2026-04-07 12:37:40] [SUCCESS] bvid=BV1ZcPCzLE9h 已成功抓取全部所需数据。
[2026-04-07 12:37:43] [SUCCESS] bvid=BV1ZcSDBtETj 已成功抓取全部所需数据。
[2026-04-07 12:37:47] [SUCCESS] bvid=BV1ZcSXBKEW2 已成功抓取全部所需数据。
[2026-04-07 12:37:47] [INFO] 当前 batch_crawl 已完成，所有视频均已成功抓取。
[2026-04-07 12:37:47] 子任务结束时间：2026-04-07T12:37:47.133296
[TIMESTAMP][END] 2026-04-07T12:37:47
