[TIMESTAMP][BEGIN] 2026-04-01T12:27:45
uid_expansion 任务总结
session_dir: outputs/video_pool/uid_expansions/uid_expansion_20250923_20260401_122745
requested_window_start_at: 2025-09-23T00:00:00
requested_window_end_at: 2026-04-01T14:53:32
effective_window_start_at: 2026-03-29T00:00:00
effective_window_end_at: 2026-04-01T14:53:32
actual_window_start_at: 2026-03-29T06:27:05+00:00
actual_window_end_at: 2026-04-01T06:51:01+00:00
original_uid_count: 509
history_reused_owner_count: 509
part_count: 2
interruption_count: 1
total_video_count: 1335
total_successful_owner_count: 509

parts:
- part_1:
  started_at=2026-04-01T12:27:45
  finished_at=2026-04-01T14:49:34
  input_owner_count=509
  successful_owner_count=487
  failed_owner_count=22
  remaining_owner_count=22
  video_count=1285
  effective_window_start_at=2026-03-29T00:00:00
  effective_window_end_at=2026-04-01T12:27:45
  actual_window_start_at=2026-03-29T06:27:05+00:00
  actual_window_end_at=2026-04-01T06:17:30+00:00
  processed_batches=26/26
  stop_reason=completed_all_batches
  stopped_batch_index=None
  video_file=videolist_part_1.csv
  remaining_file=remaining_uids_part_1.csv
  log_file=logs/20260401_144934_965742_uid_expansion_part_1.log
- part_2:
  started_at=2026-04-01T14:53:32
  finished_at=2026-04-01T14:57:57
  input_owner_count=22
  successful_owner_count=22
  failed_owner_count=0
  remaining_owner_count=0
  video_count=50
  effective_window_start_at=2026-03-29T00:00:00
  effective_window_end_at=2026-04-01T14:53:32
  actual_window_start_at=2026-03-29T10:48:26+00:00
  actual_window_end_at=2026-04-01T06:51:01+00:00
  processed_batches=2/2
  stop_reason=completed_all_batches
  stopped_batch_index=None
  video_file=videolist_part_2.csv
  remaining_file=
  log_file=logs/20260401_145757_491060_uid_expansion_part_2.log
[TIMESTAMP][END] 2026-04-01T14:57:57
