[TIMESTAMP][BEGIN] 2026-04-03T01:17:20.812453
Bilibili Video Data Crawler Batch Crawl Summary
session_dir: D:\Schoolworks\Thesis\Bilibili-Datahub\outputs\video_data\manual_crawls\manual_crawl_stat_comment_20260403_011717
session_started_at: 2026-04-03T01:17:20.812453
session_completed_at: 2026-04-03T02:34:56.505959
original_csv_name: batch_input_1.csv
task_mode: realtime_only
original_bvid_count: 100
part_count: 8
interruption_count: 0
completed_all: True

part_1:
  started_at: 2026-04-03T01:17:20.812453
  finished_at: 2026-04-03T01:25:42.786150
  source_csv_name: batch_input_1.csv
  task_mode: realtime_only
  input_bvid_count: 100
  processed_count: 100
  success_count: 100
  failed_count: 0
  remaining_count: 0
  consecutive_failure_limit: 10
  stopped_due_to_consecutive_failures: False
  stop_reason: 当前 batch_crawl 已完成，所有视频均已成功抓取。
  log_file: logs/batch_crawl_part_1_20260403_012542.log
  remaining_file: 

part_2:
  started_at: 2026-04-03T01:25:42.989058
  finished_at: 2026-04-03T01:34:36.190090
  source_csv_name: batch_input_2.csv
  task_mode: realtime_only
  input_bvid_count: 100
  processed_count: 100
  success_count: 99
  failed_count: 1
  remaining_count: 1
  consecutive_failure_limit: 10
  stopped_due_to_consecutive_failures: False
  stop_reason: 当前子任务已结束，但仍有未成功抓取的视频，已导出 remaining CSV 供继续执行。
  log_file: logs/batch_crawl_part_2_20260403_013436.log
  remaining_file: remaining_bvids_part_2.csv

part_3:
  started_at: 2026-04-03T01:34:36.369809
  finished_at: 2026-04-03T01:42:57.019305
  source_csv_name: batch_input_3.csv
  task_mode: realtime_only
  input_bvid_count: 100
  processed_count: 100
  success_count: 100
  failed_count: 0
  remaining_count: 0
  consecutive_failure_limit: 10
  stopped_due_to_consecutive_failures: False
  stop_reason: 当前 batch_crawl 已完成，所有视频均已成功抓取。
  log_file: logs/batch_crawl_part_3_20260403_014257.log
  remaining_file: 

part_4:
  started_at: 2026-04-03T01:42:57.179198
  finished_at: 2026-04-03T01:51:30.934840
  source_csv_name: batch_input_4.csv
  task_mode: realtime_only
  input_bvid_count: 100
  processed_count: 100
  success_count: 100
  failed_count: 0
  remaining_count: 0
  consecutive_failure_limit: 10
  stopped_due_to_consecutive_failures: False
  stop_reason: 当前 batch_crawl 已完成，所有视频均已成功抓取。
  log_file: logs/batch_crawl_part_4_20260403_015130.log
  remaining_file: 

part_5:
  started_at: 2026-04-03T01:51:31.081493
  finished_at: 2026-04-03T01:59:38.820933
  source_csv_name: batch_input_5.csv
  task_mode: realtime_only
  input_bvid_count: 100
  processed_count: 100
  success_count: 100
  failed_count: 0
  remaining_count: 0
  consecutive_failure_limit: 10
  stopped_due_to_consecutive_failures: False
  stop_reason: 当前 batch_crawl 已完成，所有视频均已成功抓取。
  log_file: logs/batch_crawl_part_5_20260403_015938.log
  remaining_file: 

part_6:
  started_at: 2026-04-03T01:59:38.995084
  finished_at: 2026-04-03T02:18:19.522273
  source_csv_name: batch_input_6.csv
  task_mode: realtime_only
  input_bvid_count: 100
  processed_count: 100
  success_count: 99
  failed_count: 1
  remaining_count: 1
  consecutive_failure_limit: 10
  stopped_due_to_consecutive_failures: False
  stop_reason: 当前子任务已结束，但仍有未成功抓取的视频，已导出 remaining CSV 供继续执行。
  log_file: logs/batch_crawl_part_6_20260403_021819.log
  remaining_file: remaining_bvids_part_6.csv

part_7:
  started_at: 2026-04-03T02:18:19.693815
  finished_at: 2026-04-03T02:26:51.340424
  source_csv_name: batch_input_7.csv
  task_mode: realtime_only
  input_bvid_count: 100
  processed_count: 100
  success_count: 99
  failed_count: 1
  remaining_count: 1
  consecutive_failure_limit: 10
  stopped_due_to_consecutive_failures: False
  stop_reason: 当前子任务已结束，但仍有未成功抓取的视频，已导出 remaining CSV 供继续执行。
  log_file: logs/batch_crawl_part_7_20260403_022651.log
  remaining_file: remaining_bvids_part_7.csv

part_8:
  started_at: 2026-04-03T02:26:51.507364
  finished_at: 2026-04-03T02:34:56.505959
  source_csv_name: batch_input_8.csv
  task_mode: realtime_only
  input_bvid_count: 100
  processed_count: 100
  success_count: 100
  failed_count: 0
  remaining_count: 0
  consecutive_failure_limit: 10
  stopped_due_to_consecutive_failures: False
  stop_reason: 当前 batch_crawl 已完成，所有视频均已成功抓取。
  log_file: logs/batch_crawl_part_8_20260403_023456.log
  remaining_file:
[TIMESTAMP][END] 2026-04-03T02:34:56
