[TIMESTAMP][BEGIN] 2026-04-06T16:19:48
[2026-04-06 16:19:51] 开始执行 CSV 批量抓取子任务 part_38。
[2026-04-06 16:19:51] 子任务开始时间：2026-04-06T16:19:48.562868
[2026-04-06 16:19:51] 输入文件：batch_input_38.csv
[2026-04-06 16:19:51] 输入唯一 bvid 数量：100
[2026-04-06 16:19:51] 为严格按 CSV 顺序判断连续失败阈值，本次任务自动将并发度从 2 调整为 1。
[2026-04-06 16:19:54] [SUCCESS] bvid=BV1EvXGBaEYX 已成功抓取全部所需数据。
[2026-04-06 16:19:57] [SUCCESS] bvid=BV1EvXGBaEvQ 已成功抓取全部所需数据。
[2026-04-06 16:20:00] [SUCCESS] bvid=BV1EvXWBwELd 已成功抓取全部所需数据。
[2026-04-06 16:20:03] [SUCCESS] bvid=BV1EvXZBFEap 已成功抓取全部所需数据。
[2026-04-06 16:20:07] [SUCCESS] bvid=BV1EvXdBHEWe 已成功抓取全部所需数据。
[2026-04-06 16:20:10] [SUCCESS] bvid=BV1Ew9FB8EV7 已成功抓取全部所需数据。
[2026-04-06 16:20:13] [SUCCESS] bvid=BV1EwXTBSEWZ 已成功抓取全部所需数据。
[2026-04-06 16:20:17] [SUCCESS] bvid=BV1EwXTBSEZN 已成功抓取全部所需数据。
[2026-04-06 16:20:20] [SUCCESS] bvid=BV1EwXTBSEs8 已成功抓取全部所需数据。
[2026-04-06 16:20:23] [SUCCESS] bvid=BV1EwXTBSEsz 已成功抓取全部所需数据。
[2026-04-06 16:20:26] [SUCCESS] bvid=BV1EwXTBSExV 已成功抓取全部所需数据。
[2026-04-06 16:20:29] [SUCCESS] bvid=BV1Ex95BgE1b 已成功抓取全部所需数据。
[2026-04-06 16:20:33] [SUCCESS] bvid=BV1ExDNBBEBg 已成功抓取全部所需数据。
[2026-04-06 16:20:37] [SUCCESS] bvid=BV1ExX6BGELs 已成功抓取全部所需数据。
[2026-04-06 16:20:40] [SUCCESS] bvid=BV1ExXKB5EEN 已成功抓取全部所需数据。
[2026-04-06 16:20:43] [SUCCESS] bvid=BV1ExXKB5Eug 已成功抓取全部所需数据。
[2026-04-06 16:20:47] [SUCCESS] bvid=BV1ExXKB5Euu 已成功抓取全部所需数据。
[2026-04-06 16:20:50] [SUCCESS] bvid=BV1ExXKB5Ewt 已成功抓取全部所需数据。
[2026-04-06 16:20:54] [SUCCESS] bvid=BV1Ey9pBFEvS 已成功抓取全部所需数据。
[2026-04-06 16:20:57] [SUCCESS] bvid=BV1EzDwBwEsD 已成功抓取全部所需数据。
[2026-04-06 16:21:00] [SUCCESS] bvid=BV1EzX5BBERm 已成功抓取全部所需数据。
[2026-04-06 16:21:04] [SUCCESS] bvid=BV1EzX5BqE1d 已成功抓取全部所需数据。
[2026-04-06 16:21:07] [SUCCESS] bvid=BV1EzX5BqE4N 已成功抓取全部所需数据。
[2026-04-06 16:21:11] [SUCCESS] bvid=BV1EzX5BqE6Y 已成功抓取全部所需数据。
[2026-04-06 16:21:14] [SUCCESS] bvid=BV1EzX5BqEB3 已成功抓取全部所需数据。
[2026-04-06 16:21:18] [SUCCESS] bvid=BV1EzX5BqEXv 已成功抓取全部所需数据。
[2026-04-06 16:21:21] [SUCCESS] bvid=BV1EzX5BqEdF 已成功抓取全部所需数据。
[2026-04-06 16:21:25] [SUCCESS] bvid=BV1EzX5BqEey 已成功抓取全部所需数据。
[2026-04-06 16:21:28] [SUCCESS] bvid=BV1EzX5BqEpp 已成功抓取全部所需数据。
[2026-04-06 16:21:32] [SUCCESS] bvid=BV1EzX5BqEsZ 已成功抓取全部所需数据。
[2026-04-06 16:21:35] [SUCCESS] bvid=BV1EzX5BqEst 已成功抓取全部所需数据。
[2026-04-06 16:21:38] [SUCCESS] bvid=BV1EzX5BqEvX 已成功抓取全部所需数据。
[2026-04-06 16:21:42] [SUCCESS] bvid=BV1EzX5BqEz7 已成功抓取全部所需数据。
[2026-04-06 16:21:45] [SUCCESS] bvid=BV1EzX5BqEzA 已成功抓取全部所需数据。
[2026-04-06 16:21:49] [SUCCESS] bvid=BV1EzXUBvEAc 已成功抓取全部所需数据。
[2026-04-06 16:21:52] [SUCCESS] bvid=BV1EzXUBvEhv 已成功抓取全部所需数据。
[2026-04-06 16:21:52] [ERROR] bvid=BV1EzXUBvEjc 抓取失败：meta: 接口返回错误代码：62002，信息：稿件不可见。
{'code': 62002, 'message': '稿件不可见', 'ttl': 1}
[2026-04-06 16:21:56] [SUCCESS] bvid=BV1EzXUBvEso 已成功抓取全部所需数据。
[2026-04-06 16:21:59] [SUCCESS] bvid=BV1EzXUBvEx2 已成功抓取全部所需数据。
[2026-04-06 16:22:03] [SUCCESS] bvid=BV1F1XTBnEgd 已成功抓取全部所需数据。
[2026-04-06 16:22:06] [SUCCESS] bvid=BV1F1XaB4E6d 已成功抓取全部所需数据。
[2026-04-06 16:22:09] [SUCCESS] bvid=BV1F29LB1E9T 已成功抓取全部所需数据。
[2026-04-06 16:22:13] [SUCCESS] bvid=BV1F2XaBdEV2 已成功抓取全部所需数据。
[2026-04-06 16:22:17] [SUCCESS] bvid=BV1F397BEEbZ 已成功抓取全部所需数据。
[2026-04-06 16:22:21] [SUCCESS] bvid=BV1F3X3BFE1k 已成功抓取全部所需数据。
[2026-04-06 16:22:24] [SUCCESS] bvid=BV1F3X3BFECH 已成功抓取全部所需数据。
[2026-04-06 16:22:27] [SUCCESS] bvid=BV1F3X3BFEEe 已成功抓取全部所需数据。
[2026-04-06 16:22:31] [SUCCESS] bvid=BV1F3X3BFEiM 已成功抓取全部所需数据。
[2026-04-06 16:22:34] [SUCCESS] bvid=BV1F3X3BFEjS 已成功抓取全部所需数据。
[2026-04-06 16:22:38] [SUCCESS] bvid=BV1F3XoBoEXH 已成功抓取全部所需数据。
[2026-04-06 16:22:41] [SUCCESS] bvid=BV1F49jBEEPB 已成功抓取全部所需数据。
[2026-04-06 16:22:45] [SUCCESS] bvid=BV1F4XMBpEGu 已成功抓取全部所需数据。
[2026-04-06 16:22:48] [SUCCESS] bvid=BV1F5A3zWE17 已成功抓取全部所需数据。
[2026-04-06 16:22:51] [SUCCESS] bvid=BV1F5XLBCEXF 已成功抓取全部所需数据。
[2026-04-06 16:22:55] [SUCCESS] bvid=BV1F5XLBCEde 已成功抓取全部所需数据。
[2026-04-06 16:22:58] [SUCCESS] bvid=BV1F5XLBCEsH 已成功抓取全部所需数据。
[2026-04-06 16:23:01] [SUCCESS] bvid=BV1F5XLBCEvk 已成功抓取全部所需数据。
[2026-04-06 16:23:04] [SUCCESS] bvid=BV1F6XTB9EBY 已成功抓取全部所需数据。
[2026-04-06 16:23:07] [SUCCESS] bvid=BV1F7XLBrESt 已成功抓取全部所需数据。
[2026-04-06 16:23:11] [SUCCESS] bvid=BV1F7XLBrEZ3 已成功抓取全部所需数据。
[2026-04-06 16:23:14] [SUCCESS] bvid=BV1F7XSBzE5Y 已成功抓取全部所需数据。
[2026-04-06 16:23:17] [SUCCESS] bvid=BV1F7XfBhELo 已成功抓取全部所需数据。
[2026-04-06 16:23:20] [SUCCESS] bvid=BV1F7XfBhEng 已成功抓取全部所需数据。
[2026-04-06 16:23:23] [SUCCESS] bvid=BV1F89TBsE2d 已成功抓取全部所需数据。
[2026-04-06 16:23:26] [SUCCESS] bvid=BV1F8XYB4E2f 已成功抓取全部所需数据。
[2026-04-06 16:23:29] [SUCCESS] bvid=BV1F99MBoEU5 已成功抓取全部所需数据。
[2026-04-06 16:23:32] [SUCCESS] bvid=BV1F99MBoEcu 已成功抓取全部所需数据。
[2026-04-06 16:23:35] [SUCCESS] bvid=BV1F99gBvEoo 已成功抓取全部所需数据。
[2026-04-06 16:23:39] [SUCCESS] bvid=BV1F99gBvEou 已成功抓取全部所需数据。
[2026-04-06 16:23:42] [SUCCESS] bvid=BV1F9XVBuECN 已成功抓取全部所需数据。
[2026-04-06 16:23:46] [SUCCESS] bvid=BV1F9XVBuEgF 已成功抓取全部所需数据。
[2026-04-06 16:23:49] [SUCCESS] bvid=BV1FA9VBTE2i 已成功抓取全部所需数据。
[2026-04-06 16:23:52] [SUCCESS] bvid=BV1FADKBVEQH 已成功抓取全部所需数据。
[2026-04-06 16:23:55] [SUCCESS] bvid=BV1FAQ2BbEeQ 已成功抓取全部所需数据。
[2026-04-06 16:23:59] [SUCCESS] bvid=BV1FAX8BjEEy 已成功抓取全部所需数据。
[2026-04-06 16:24:02] [SUCCESS] bvid=BV1FAXuBoE1J 已成功抓取全部所需数据。
[2026-04-06 16:24:06] [SUCCESS] bvid=BV1FBX5BuEEZ 已成功抓取全部所需数据。
[2026-04-06 16:24:09] [SUCCESS] bvid=BV1FBXqBqEs9 已成功抓取全部所需数据。
[2026-04-06 16:24:12] [SUCCESS] bvid=BV1FCXTBQEJR 已成功抓取全部所需数据。
[2026-04-06 16:24:15] [SUCCESS] bvid=BV1FCXrBSEyD 已成功抓取全部所需数据。
[2026-04-06 16:24:18] [SUCCESS] bvid=BV1FD9MBfEZA 已成功抓取全部所需数据。
[2026-04-06 16:24:21] [SUCCESS] bvid=BV1FD9MBfEn5 已成功抓取全部所需数据。
[2026-04-06 16:24:24] [SUCCESS] bvid=BV1FEXPBGEac 已成功抓取全部所需数据。
[2026-04-06 16:24:28] [SUCCESS] bvid=BV1FFXNBVEK3 已成功抓取全部所需数据。
[2026-04-06 16:24:31] [SUCCESS] bvid=BV1FG9JBsEMC 已成功抓取全部所需数据。
[2026-04-06 16:24:34] [SUCCESS] bvid=BV1FG9JBsENm 已成功抓取全部所需数据。
[2026-04-06 16:24:37] [SUCCESS] bvid=BV1FG9JBsEsr 已成功抓取全部所需数据。
[2026-04-06 16:24:40] [SUCCESS] bvid=BV1FGDgBXEEz 已成功抓取全部所需数据。
[2026-04-06 16:24:44] [SUCCESS] bvid=BV1FGDgBXEjB 已成功抓取全部所需数据。
[2026-04-06 16:24:47] [SUCCESS] bvid=BV1FGX1B4E5J 已成功抓取全部所需数据。
[2026-04-06 16:24:50] [SUCCESS] bvid=BV1FGXVBTEEX 已成功抓取全部所需数据。
[2026-04-06 16:24:54] [SUCCESS] bvid=BV1FGXVBTEM8 已成功抓取全部所需数据。
[2026-04-06 16:24:57] [SUCCESS] bvid=BV1FGXVBTEeG 已成功抓取全部所需数据。
[2026-04-06 16:25:00] [SUCCESS] bvid=BV1FGXmBNEDx 已成功抓取全部所需数据。
[2026-04-06 16:25:04] [SUCCESS] bvid=BV1FH9GBKEzJ 已成功抓取全部所需数据。
[2026-04-06 16:25:07] [SUCCESS] bvid=BV1FHXQByETY 已成功抓取全部所需数据。
[2026-04-06 16:25:10] [SUCCESS] bvid=BV1FJ9WBKEEQ 已成功抓取全部所需数据。
[2026-04-06 16:25:14] [SUCCESS] bvid=BV1FJXKBJEHJ 已成功抓取全部所需数据。
[2026-04-06 16:25:17] [SUCCESS] bvid=BV1FJXLBgE5b 已成功抓取全部所需数据。
[2026-04-06 16:25:20] [SUCCESS] bvid=BV1FJXLBgEpH 已成功抓取全部所需数据。
[2026-04-06 16:25:20] [WARN] 当前子任务已结束，但仍有未成功抓取的视频，已导出 remaining CSV 供继续执行。
[2026-04-06 16:25:20] [INFO] 已导出剔除成功条目后的剩余 CSV：outputs\video_data\manual_crawls\manual_crawl_meta_mode_A_20260406_121323\remaining_bvids_part_38.csv
[2026-04-06 16:25:20] 子任务结束时间：2026-04-06T16:25:20.272507
[TIMESTAMP][END] 2026-04-06T16:25:20
