[TIMESTAMP][BEGIN] 2026-04-06T15:30:10
[2026-04-06 15:30:13] 开始执行 CSV 批量抓取子任务 part_33。
[2026-04-06 15:30:13] 子任务开始时间：2026-04-06T15:30:10.822363
[2026-04-06 15:30:13] 输入文件：batch_input_33.csv
[2026-04-06 15:30:13] 输入唯一 bvid 数量：100
[2026-04-06 15:30:13] 为严格按 CSV 顺序判断连续失败阈值，本次任务自动将并发度从 2 调整为 1。
[2026-04-06 15:30:16] [SUCCESS] bvid=BV1CtXvBvEwj 已成功抓取全部所需数据。
[2026-04-06 15:30:19] [SUCCESS] bvid=BV1CtXvBvExb 已成功抓取全部所需数据。
[2026-04-06 15:30:22] [SUCCESS] bvid=BV1CuD5BgE47 已成功抓取全部所需数据。
[2026-04-06 15:30:25] [SUCCESS] bvid=BV1CuDGBaE6e 已成功抓取全部所需数据。
[2026-04-06 15:30:28] [SUCCESS] bvid=BV1Cv9VB5EFA 已成功抓取全部所需数据。
[2026-04-06 15:30:32] [SUCCESS] bvid=BV1CvXNBEEFg 已成功抓取全部所需数据。
[2026-04-06 15:30:35] [SUCCESS] bvid=BV1CvXzBjEzf 已成功抓取全部所需数据。
[2026-04-06 15:30:38] [SUCCESS] bvid=BV1Cw97BWEHc 已成功抓取全部所需数据。
[2026-04-06 15:30:42] [SUCCESS] bvid=BV1CwDMBDEE2 已成功抓取全部所需数据。
[2026-04-06 15:30:44] [SUCCESS] bvid=BV1CwXeBeEhh 已成功抓取全部所需数据。
[2026-04-06 15:30:47] [SUCCESS] bvid=BV1CxXGBBEpv 已成功抓取全部所需数据。
[2026-04-06 15:30:53] [SUCCESS] bvid=BV1Cy97B9EJv 已成功抓取全部所需数据。
[2026-04-06 15:30:56] [SUCCESS] bvid=BV1CyQUBMENq 已成功抓取全部所需数据。
[2026-04-06 15:30:56] [ERROR] bvid=BV1CyXVB5E1P 抓取失败：meta: 接口返回错误代码：62002，信息：稿件不可见。
{'code': 62002, 'message': '稿件不可见', 'ttl': 1}
[2026-04-06 15:30:59] [SUCCESS] bvid=BV1CzDKBmETq 已成功抓取全部所需数据。
[2026-04-06 15:31:02] [SUCCESS] bvid=BV1CzXCBFE8P 已成功抓取全部所需数据。
[2026-04-06 15:31:05] [SUCCESS] bvid=BV1CzXrBHEkx 已成功抓取全部所需数据。
[2026-04-06 15:31:09] [SUCCESS] bvid=BV1CzXuBwEwF 已成功抓取全部所需数据。
[2026-04-06 15:31:12] [SUCCESS] bvid=BV1D2XYByEkJ 已成功抓取全部所需数据。
[2026-04-06 15:31:15] [SUCCESS] bvid=BV1D2XYByEym 已成功抓取全部所需数据。
[2026-04-06 15:31:19] [SUCCESS] bvid=BV1D2XgBjEgY 已成功抓取全部所需数据。
[2026-04-06 15:31:22] [SUCCESS] bvid=BV1D39uB5EBk 已成功抓取全部所需数据。
[2026-04-06 15:31:25] [SUCCESS] bvid=BV1D3X5BdEX6 已成功抓取全部所需数据。
[2026-04-06 15:31:29] [SUCCESS] bvid=BV1D3X5BdEYy 已成功抓取全部所需数据。
[2026-04-06 15:31:32] [SUCCESS] bvid=BV1D3XZB1EqS 已成功抓取全部所需数据。
[2026-04-06 15:31:36] [SUCCESS] bvid=BV1D49LBtEcn 已成功抓取全部所需数据。
[2026-04-06 15:31:39] [SUCCESS] bvid=BV1D4XCBME18 已成功抓取全部所需数据。
[2026-04-06 15:31:42] [SUCCESS] bvid=BV1D4XuBgEGG 已成功抓取全部所需数据。
[2026-04-06 15:31:46] [SUCCESS] bvid=BV1D4XuBgEVe 已成功抓取全部所需数据。
[2026-04-06 15:31:49] [SUCCESS] bvid=BV1D59uBGE7S 已成功抓取全部所需数据。
[2026-04-06 15:31:52] [SUCCESS] bvid=BV1D59uBGEuH 已成功抓取全部所需数据。
[2026-04-06 15:31:55] [SUCCESS] bvid=BV1D59uBVEyH 已成功抓取全部所需数据。
[2026-04-06 15:31:59] [SUCCESS] bvid=BV1D5X5B9EBR 已成功抓取全部所需数据。
[2026-04-06 15:32:02] [SUCCESS] bvid=BV1D5X5B9EQ5 已成功抓取全部所需数据。
[2026-04-06 15:32:02] [ERROR] bvid=BV1D5XUBQEx2 抓取失败：meta: 接口返回错误代码：62002，信息：稿件不可见。
{'code': 62002, 'message': '稿件不可见', 'ttl': 1}
[2026-04-06 15:32:02] [ERROR] bvid=BV1D5XUBQExn 抓取失败：meta: 接口返回错误代码：62002，信息：稿件不可见。
{'code': 62002, 'message': '稿件不可见', 'ttl': 1}
[2026-04-06 15:32:06] [SUCCESS] bvid=BV1D79FBJEm9 已成功抓取全部所需数据。
[2026-04-06 15:32:09] [SUCCESS] bvid=BV1D79VBdEZS 已成功抓取全部所需数据。
[2026-04-06 15:32:12] [SUCCESS] bvid=BV1D79VBdExQ 已成功抓取全部所需数据。
[2026-04-06 15:32:16] [SUCCESS] bvid=BV1D7XDBtE2K 已成功抓取全部所需数据。
[2026-04-06 15:32:19] [SUCCESS] bvid=BV1D7XDBtEh8 已成功抓取全部所需数据。
[2026-04-06 15:32:22] [SUCCESS] bvid=BV1D7XjB8EMc 已成功抓取全部所需数据。
[2026-04-06 15:32:26] [SUCCESS] bvid=BV1D7XjB8ERn 已成功抓取全部所需数据。
[2026-04-06 15:32:29] [SUCCESS] bvid=BV1D897BPEEj 已成功抓取全部所需数据。
[2026-04-06 15:32:32] [SUCCESS] bvid=BV1D897BPESj 已成功抓取全部所需数据。
[2026-04-06 15:32:36] [SUCCESS] bvid=BV1D897BPEgF 已成功抓取全部所需数据。
[2026-04-06 15:32:39] [SUCCESS] bvid=BV1D897BPEsU 已成功抓取全部所需数据。
[2026-04-06 15:32:43] [SUCCESS] bvid=BV1D8XCBTEgz 已成功抓取全部所需数据。
[2026-04-06 15:32:46] [SUCCESS] bvid=BV1D8XVB9EYk 已成功抓取全部所需数据。
[2026-04-06 15:32:49] [SUCCESS] bvid=BV1D8XVB9Eak 已成功抓取全部所需数据。
[2026-04-06 15:32:52] [SUCCESS] bvid=BV1D9D3BkEst 已成功抓取全部所需数据。
[2026-04-06 15:32:56] [SUCCESS] bvid=BV1DA9ABxE7E 已成功抓取全部所需数据。
[2026-04-06 15:32:59] [SUCCESS] bvid=BV1DBDNBbEv6 已成功抓取全部所需数据。
[2026-04-06 15:33:02] [SUCCESS] bvid=BV1DBXbBeE1m 已成功抓取全部所需数据。
[2026-04-06 15:33:05] [SUCCESS] bvid=BV1DCXMB6E5B 已成功抓取全部所需数据。
[2026-04-06 15:33:08] [SUCCESS] bvid=BV1DCXMB6ESn 已成功抓取全部所需数据。
[2026-04-06 15:33:11] [SUCCESS] bvid=BV1DCXQBbENi 已成功抓取全部所需数据。
[2026-04-06 15:33:15] [SUCCESS] bvid=BV1DCXQBbErz 已成功抓取全部所需数据。
[2026-04-06 15:33:18] [SUCCESS] bvid=BV1DCXbBcEGJ 已成功抓取全部所需数据。
[2026-04-06 15:33:21] [SUCCESS] bvid=BV1DD9EBzEJF 已成功抓取全部所需数据。
[2026-04-06 15:33:24] [SUCCESS] bvid=BV1DDXdBgEkx 已成功抓取全部所需数据。
[2026-04-06 15:33:28] [SUCCESS] bvid=BV1DEXDBoEjP 已成功抓取全部所需数据。
[2026-04-06 15:33:31] [SUCCESS] bvid=BV1DEXNBFEJZ 已成功抓取全部所需数据。
[2026-04-06 15:33:35] [SUCCESS] bvid=BV1DEXNBFEJk 已成功抓取全部所需数据。
[2026-04-06 15:33:38] [SUCCESS] bvid=BV1DEXNBFENy 已成功抓取全部所需数据。
[2026-04-06 15:33:41] [SUCCESS] bvid=BV1DEXNBFEek 已成功抓取全部所需数据。
[2026-04-06 15:33:51] [SUCCESS] bvid=BV1DEXjBfEs6 已成功抓取全部所需数据。
[2026-04-06 15:33:55] [SUCCESS] bvid=BV1DF9ABtEXd 已成功抓取全部所需数据。
[2026-04-06 15:33:58] [SUCCESS] bvid=BV1DF9ABtEiB 已成功抓取全部所需数据。
[2026-04-06 15:34:01] [SUCCESS] bvid=BV1DFX6BFE4g 已成功抓取全部所需数据。
[2026-04-06 15:34:05] [SUCCESS] bvid=BV1DFX6BFEZo 已成功抓取全部所需数据。
[2026-04-06 15:34:08] [SUCCESS] bvid=BV1DFXKBwEvo 已成功抓取全部所需数据。
[2026-04-06 15:34:11] [SUCCESS] bvid=BV1DG9uBCE53 已成功抓取全部所需数据。
[2026-04-06 15:34:15] [SUCCESS] bvid=BV1DG9uBCEMK 已成功抓取全部所需数据。
[2026-04-06 15:34:18] [SUCCESS] bvid=BV1DG9uBCEsP 已成功抓取全部所需数据。
[2026-04-06 15:34:21] [SUCCESS] bvid=BV1DGXGB7ETU 已成功抓取全部所需数据。
[2026-04-06 15:34:24] [SUCCESS] bvid=BV1DJ9VBsE8E 已成功抓取全部所需数据。
[2026-04-06 15:34:27] [SUCCESS] bvid=BV1DJ9VBsEuM 已成功抓取全部所需数据。
[2026-04-06 15:34:30] [SUCCESS] bvid=BV1DJDKBhEku 已成功抓取全部所需数据。
[2026-04-06 15:34:34] [SUCCESS] bvid=BV1DJXNBbEPX 已成功抓取全部所需数据。
[2026-04-06 15:34:37] [SUCCESS] bvid=BV1DJXTBTE27 已成功抓取全部所需数据。
[2026-04-06 15:34:40] [SUCCESS] bvid=BV1DJXTBTEek 已成功抓取全部所需数据。
[2026-04-06 15:34:43] [SUCCESS] bvid=BV1DL9FBDE5e 已成功抓取全部所需数据。
[2026-04-06 15:34:47] [SUCCESS] bvid=BV1DLQ9BYE6L 已成功抓取全部所需数据。
[2026-04-06 15:34:51] [SUCCESS] bvid=BV1DLXDBfEfk 已成功抓取全部所需数据。
[2026-04-06 15:34:54] [SUCCESS] bvid=BV1DLXNBAEDe 已成功抓取全部所需数据。
[2026-04-06 15:34:57] [SUCCESS] bvid=BV1DLXNBwE5y 已成功抓取全部所需数据。
[2026-04-06 15:35:00] [SUCCESS] bvid=BV1DLXNBwE6x 已成功抓取全部所需数据。
[2026-04-06 15:35:03] [SUCCESS] bvid=BV1DLXNBwE8n 已成功抓取全部所需数据。
[2026-04-06 15:35:06] [SUCCESS] bvid=BV1DLXNBwECE 已成功抓取全部所需数据。
[2026-04-06 15:35:10] [SUCCESS] bvid=BV1DLXNBwEXZ 已成功抓取全部所需数据。
[2026-04-06 15:35:13] [SUCCESS] bvid=BV1DN9jBaEBE 已成功抓取全部所需数据。
[2026-04-06 15:35:16] [SUCCESS] bvid=BV1DN9jBaELw 已成功抓取全部所需数据。
[2026-04-06 15:35:19] [SUCCESS] bvid=BV1DNXkBeEGx 已成功抓取全部所需数据。
[2026-04-06 15:35:22] [SUCCESS] bvid=BV1DP9NBYE8Q 已成功抓取全部所需数据。
[2026-04-06 15:35:25] [SUCCESS] bvid=BV1DP9NBYEuB 已成功抓取全部所需数据。
[2026-04-06 15:35:28] [SUCCESS] bvid=BV1DP9NBeEzx 已成功抓取全部所需数据。
[2026-04-06 15:35:32] [SUCCESS] bvid=BV1DPXMBTEHM 已成功抓取全部所需数据。
[2026-04-06 15:35:35] [SUCCESS] bvid=BV1DPXYBVEoC 已成功抓取全部所需数据。
[2026-04-06 15:35:38] [SUCCESS] bvid=BV1DPXhBvEhh 已成功抓取全部所需数据。
[2026-04-06 15:35:38] [WARN] 当前子任务已结束，但仍有未成功抓取的视频，已导出 remaining CSV 供继续执行。
[2026-04-06 15:35:38] [INFO] 已导出剔除成功条目后的剩余 CSV：outputs\video_data\manual_crawls\manual_crawl_meta_mode_A_20260406_121323\remaining_bvids_part_33.csv
[2026-04-06 15:35:38] 子任务结束时间：2026-04-06T15:35:38.525926
[TIMESTAMP][END] 2026-04-06T15:35:38
