[TIMESTAMP][BEGIN] 2026-04-06T17:48:44
[2026-04-06 17:48:46] 开始执行 CSV 批量抓取子任务 part_48。
[2026-04-06 17:48:46] 子任务开始时间：2026-04-06T17:48:44.560956
[2026-04-06 17:48:46] 输入文件：batch_input_48.csv
[2026-04-06 17:48:46] 输入唯一 bvid 数量：100
[2026-04-06 17:48:46] 为严格按 CSV 顺序判断连续失败阈值，本次任务自动将并发度从 2 调整为 1。
[2026-04-06 17:48:50] [SUCCESS] bvid=BV1JhXgB4EVa 已成功抓取全部所需数据。
[2026-04-06 17:48:53] [SUCCESS] bvid=BV1JhXgB4Ec9 已成功抓取全部所需数据。
[2026-04-06 17:48:56] [SUCCESS] bvid=BV1JhXgB4EpQ 已成功抓取全部所需数据。
[2026-04-06 17:49:00] [SUCCESS] bvid=BV1JhXyBsE17 已成功抓取全部所需数据。
[2026-04-06 17:49:03] [SUCCESS] bvid=BV1JhXyBsERj 已成功抓取全部所需数据。
[2026-04-06 17:49:06] [SUCCESS] bvid=BV1JiX2BfEG8 已成功抓取全部所需数据。
[2026-04-06 17:49:09] [SUCCESS] bvid=BV1JiX5BzEAg 已成功抓取全部所需数据。
[2026-04-06 17:49:13] [SUCCESS] bvid=BV1JiX5BzESQ 已成功抓取全部所需数据。
[2026-04-06 17:49:16] [SUCCESS] bvid=BV1JiX5BzEzb 已成功抓取全部所需数据。
[2026-04-06 17:49:19] [SUCCESS] bvid=BV1JiXUBqE4k 已成功抓取全部所需数据。
[2026-04-06 17:49:22] [SUCCESS] bvid=BV1JiXUBqEMf 已成功抓取全部所需数据。
[2026-04-06 17:49:26] [SUCCESS] bvid=BV1JiXUBqEXR 已成功抓取全部所需数据。
[2026-04-06 17:49:29] [SUCCESS] bvid=BV1JiXUBqEbJ 已成功抓取全部所需数据。
[2026-04-06 17:49:32] [SUCCESS] bvid=BV1JiXUBqEqC 已成功抓取全部所需数据。
[2026-04-06 17:49:36] [SUCCESS] bvid=BV1JiXZBbE6p 已成功抓取全部所需数据。
[2026-04-06 17:49:39] [SUCCESS] bvid=BV1JiXZBbERH 已成功抓取全部所需数据。
[2026-04-06 17:49:42] [SUCCESS] bvid=BV1JiXZBbEzy 已成功抓取全部所需数据。
[2026-04-06 17:49:45] [SUCCESS] bvid=BV1JjXLBGERS 已成功抓取全部所需数据。
[2026-04-06 17:49:49] [SUCCESS] bvid=BV1JjXLBGEgp 已成功抓取全部所需数据。
[2026-04-06 17:49:52] [SUCCESS] bvid=BV1JjXVBeEgg 已成功抓取全部所需数据。
[2026-04-06 17:49:56] [SUCCESS] bvid=BV1JkXjBVEBA 已成功抓取全部所需数据。
[2026-04-06 17:49:59] [SUCCESS] bvid=BV1JkXjBVEcU 已成功抓取全部所需数据。
[2026-04-06 17:50:02] [SUCCESS] bvid=BV1JkXjBVEee 已成功抓取全部所需数据。
[2026-04-06 17:50:06] [SUCCESS] bvid=BV1JkXjBVEuL 已成功抓取全部所需数据。
[2026-04-06 17:50:10] [SUCCESS] bvid=BV1Jn9cBTEYo 已成功抓取全部所需数据。
[2026-04-06 17:50:13] [SUCCESS] bvid=BV1Jn9cBTEss 已成功抓取全部所需数据。
[2026-04-06 17:50:16] [SUCCESS] bvid=BV1JnX6B1EdZ 已成功抓取全部所需数据。
[2026-04-06 17:50:20] [SUCCESS] bvid=BV1JnXKBmE6F 已成功抓取全部所需数据。
[2026-04-06 17:50:23] [SUCCESS] bvid=BV1JnXKBmENe 已成功抓取全部所需数据。
[2026-04-06 17:50:27] [SUCCESS] bvid=BV1JnXKBmEQA 已成功抓取全部所需数据。
[2026-04-06 17:50:30] [SUCCESS] bvid=BV1JnXKBmEX1 已成功抓取全部所需数据。
[2026-04-06 17:50:33] [SUCCESS] bvid=BV1JnXKBmEcb 已成功抓取全部所需数据。
[2026-04-06 17:50:36] [SUCCESS] bvid=BV1JnXKBmEqS 已成功抓取全部所需数据。
[2026-04-06 17:50:40] [SUCCESS] bvid=BV1JnXLBzEMZ 已成功抓取全部所需数据。
[2026-04-06 17:50:50] [SUCCESS] bvid=BV1JnXSBqE8w 已成功抓取全部所需数据。
[2026-04-06 17:50:53] [SUCCESS] bvid=BV1JnXSBqEKf 已成功抓取全部所需数据。
[2026-04-06 17:50:57] [SUCCESS] bvid=BV1JoXPBLEBK 已成功抓取全部所需数据。
[2026-04-06 17:51:00] [SUCCESS] bvid=BV1JoXPBLEvo 已成功抓取全部所需数据。
[2026-04-06 17:51:03] [SUCCESS] bvid=BV1Jp9WBPESX 已成功抓取全部所需数据。
[2026-04-06 17:51:06] [SUCCESS] bvid=BV1JpXKB7ES5 已成功抓取全部所需数据。
[2026-04-06 17:51:09] [SUCCESS] bvid=BV1JpXKB7EkG 已成功抓取全部所需数据。
[2026-04-06 17:51:16] [SUCCESS] bvid=BV1JpXKBjEHh 已成功抓取全部所需数据。
[2026-04-06 17:51:19] [SUCCESS] bvid=BV1JpXKBjENs 已成功抓取全部所需数据。
[2026-04-06 17:51:23] [SUCCESS] bvid=BV1JpXKBjEjC 已成功抓取全部所需数据。
[2026-04-06 17:51:26] [SUCCESS] bvid=BV1JpXKBjEsq 已成功抓取全部所需数据。
[2026-04-06 17:51:29] [SUCCESS] bvid=BV1JpXKBjEsu 已成功抓取全部所需数据。
[2026-04-06 17:51:33] [SUCCESS] bvid=BV1JpXbB1EzM 已成功抓取全部所需数据。
[2026-04-06 17:51:36] [SUCCESS] bvid=BV1JqXjB2ESk 已成功抓取全部所需数据。
[2026-04-06 17:51:39] [SUCCESS] bvid=BV1JrDPBBEcD 已成功抓取全部所需数据。
[2026-04-06 17:51:42] [SUCCESS] bvid=BV1JrXUBPETJ 已成功抓取全部所需数据。
[2026-04-06 17:51:45] [SUCCESS] bvid=BV1JrXUBPEcP 已成功抓取全部所需数据。
[2026-04-06 17:51:48] [SUCCESS] bvid=BV1JsXMBXED1 已成功抓取全部所需数据。
[2026-04-06 17:51:52] [SUCCESS] bvid=BV1JsXMBXEU8 已成功抓取全部所需数据。
[2026-04-06 17:51:55] [SUCCESS] bvid=BV1JsXMBXEXW 已成功抓取全部所需数据。
[2026-04-06 17:51:58] [SUCCESS] bvid=BV1JsXMBXEoM 已成功抓取全部所需数据。
[2026-04-06 17:52:01] [SUCCESS] bvid=BV1JsXMBXEs2 已成功抓取全部所需数据。
[2026-04-06 17:52:04] [SUCCESS] bvid=BV1JsXMBXEvL 已成功抓取全部所需数据。
[2026-04-06 17:52:07] [SUCCESS] bvid=BV1JsXMBXEvv 已成功抓取全部所需数据。
[2026-04-06 17:52:11] [SUCCESS] bvid=BV1JsXMBXEvw 已成功抓取全部所需数据。
[2026-04-06 17:52:14] [SUCCESS] bvid=BV1JsXMBXExB 已成功抓取全部所需数据。
[2026-04-06 17:52:17] [SUCCESS] bvid=BV1JtXgBbEcd 已成功抓取全部所需数据。
[2026-04-06 17:52:21] [SUCCESS] bvid=BV1JtXgBbEsd 已成功抓取全部所需数据。
[2026-04-06 17:52:24] [SUCCESS] bvid=BV1JtXkBUEWo 已成功抓取全部所需数据。
[2026-04-06 17:52:27] [SUCCESS] bvid=BV1JuX1BbEUe 已成功抓取全部所需数据。
[2026-04-06 17:52:28] [ERROR] bvid=BV1JuX3BhEbj 抓取失败：meta: 接口返回错误代码：62002，信息：稿件不可见。
{'code': 62002, 'message': '稿件不可见', 'ttl': 1}
[2026-04-06 17:52:31] [SUCCESS] bvid=BV1JuX3BhEhn 已成功抓取全部所需数据。
[2026-04-06 17:52:34] [SUCCESS] bvid=BV1JuXeBfE3Q 已成功抓取全部所需数据。
[2026-04-06 17:52:38] [SUCCESS] bvid=BV1JvD3BdE2J 已成功抓取全部所需数据。
[2026-04-06 17:52:41] [SUCCESS] bvid=BV1JvX2B8Ens 已成功抓取全部所需数据。
[2026-04-06 17:52:44] [SUCCESS] bvid=BV1JvX2B8Ezk 已成功抓取全部所需数据。
[2026-04-06 17:52:47] [SUCCESS] bvid=BV1JvX5BgE1g 已成功抓取全部所需数据。
[2026-04-06 17:52:51] [SUCCESS] bvid=BV1JvX5BgEEM 已成功抓取全部所需数据。
[2026-04-06 17:52:55] [SUCCESS] bvid=BV1JvX5BgEH8 已成功抓取全部所需数据。
[2026-04-06 17:52:58] [SUCCESS] bvid=BV1JvX5BgEHr 已成功抓取全部所需数据。
[2026-04-06 17:53:02] [SUCCESS] bvid=BV1JvX5BgEPw 已成功抓取全部所需数据。
[2026-04-06 17:53:05] [SUCCESS] bvid=BV1JvX5BgESe 已成功抓取全部所需数据。
[2026-04-06 17:53:09] [SUCCESS] bvid=BV1JvX5BgEU8 已成功抓取全部所需数据。
[2026-04-06 17:53:12] [SUCCESS] bvid=BV1JvX5BgEyU 已成功抓取全部所需数据。
[2026-04-06 17:53:13] [ERROR] bvid=BV1JwXTBSEKy 抓取失败：meta: 接口返回错误代码：62002，信息：稿件不可见。
{'code': 62002, 'message': '稿件不可见', 'ttl': 1}
[2026-04-06 17:53:16] [SUCCESS] bvid=BV1JwXTBSEXt 已成功抓取全部所需数据。
[2026-04-06 17:53:19] [SUCCESS] bvid=BV1JwXTBSEka 已成功抓取全部所需数据。
[2026-04-06 17:53:22] [SUCCESS] bvid=BV1JwXTBSEys 已成功抓取全部所需数据。
[2026-04-06 17:53:26] [SUCCESS] bvid=BV1Jx95BgEvo 已成功抓取全部所需数据。
[2026-04-06 17:53:29] [SUCCESS] bvid=BV1JyDKB5Eeg 已成功抓取全部所需数据。
[2026-04-06 17:53:32] [SUCCESS] bvid=BV1JzX5BqENj 已成功抓取全部所需数据。
[2026-04-06 17:53:36] [SUCCESS] bvid=BV1JzX5BqEcR 已成功抓取全部所需数据。
[2026-04-06 17:53:39] [SUCCESS] bvid=BV1JzXNByEdQ 已成功抓取全部所需数据。
[2026-04-06 17:53:42] [SUCCESS] bvid=BV1JzXUBvEse 已成功抓取全部所需数据。
[2026-04-06 17:53:45] [SUCCESS] bvid=BV1JzXjBLEHV 已成功抓取全部所需数据。
[2026-04-06 17:53:48] [SUCCESS] bvid=BV1JzXjBLEKL 已成功抓取全部所需数据。
[2026-04-06 17:53:52] [SUCCESS] bvid=BV1JzXjBLENQ 已成功抓取全部所需数据。
[2026-04-06 17:53:55] [SUCCESS] bvid=BV1JzXjBLETz 已成功抓取全部所需数据。
[2026-04-06 17:53:58] [SUCCESS] bvid=BV1K1XBBDEJi 已成功抓取全部所需数据。
[2026-04-06 17:54:01] [SUCCESS] bvid=BV1K1XKBhES6 已成功抓取全部所需数据。
[2026-04-06 17:54:05] [SUCCESS] bvid=BV1K1XKBhEXa 已成功抓取全部所需数据。
[2026-04-06 17:54:08] [SUCCESS] bvid=BV1K1XLBpE71 已成功抓取全部所需数据。
[2026-04-06 17:54:12] [SUCCESS] bvid=BV1K1XLBpE7h 已成功抓取全部所需数据。
[2026-04-06 17:54:15] [SUCCESS] bvid=BV1K1XLBpELn 已成功抓取全部所需数据。
[2026-04-06 17:54:18] [SUCCESS] bvid=BV1K1XLBpEjQ 已成功抓取全部所需数据。
[2026-04-06 17:54:22] [SUCCESS] bvid=BV1K1XPBXEzY 已成功抓取全部所需数据。
[2026-04-06 17:54:22] [WARN] 当前子任务已结束，但仍有未成功抓取的视频，已导出 remaining CSV 供继续执行。
[2026-04-06 17:54:22] [INFO] 已导出剔除成功条目后的剩余 CSV：outputs\video_data\manual_crawls\manual_crawl_meta_mode_A_20260406_121323\remaining_bvids_part_48.csv
[2026-04-06 17:54:22] 子任务结束时间：2026-04-06T17:54:22.582017
[TIMESTAMP][END] 2026-04-06T17:54:22
