[TIMESTAMP][BEGIN] 2026-04-06T18:16:07
[2026-04-06 18:16:09] 开始执行 CSV 批量抓取子任务 part_51。
[2026-04-06 18:16:09] 子任务开始时间：2026-04-06T18:16:07.231623
[2026-04-06 18:16:09] 输入文件：batch_input_51.csv
[2026-04-06 18:16:09] 输入唯一 bvid 数量：100
[2026-04-06 18:16:09] 为严格按 CSV 顺序判断连续失败阈值，本次任务自动将并发度从 2 调整为 1。
[2026-04-06 18:16:13] [SUCCESS] bvid=BV1KnXZBzEwL 已成功抓取全部所需数据。
[2026-04-06 18:16:16] [SUCCESS] bvid=BV1Ko9jBoE3Z 已成功抓取全部所需数据。
[2026-04-06 18:16:19] [SUCCESS] bvid=BV1Ko9jBoEB6 已成功抓取全部所需数据。
[2026-04-06 18:16:23] [SUCCESS] bvid=BV1Ko9jBoEhB 已成功抓取全部所需数据。
[2026-04-06 18:16:26] [SUCCESS] bvid=BV1Ko9jBoEoj 已成功抓取全部所需数据。
[2026-04-06 18:16:29] [SUCCESS] bvid=BV1KoXhBcEV7 已成功抓取全部所需数据。
[2026-04-06 18:16:32] [SUCCESS] bvid=BV1KoXyBqEFS 已成功抓取全部所需数据。
[2026-04-06 18:16:36] [SUCCESS] bvid=BV1KoXyBqEae 已成功抓取全部所需数据。
[2026-04-06 18:16:39] [SUCCESS] bvid=BV1KoXyBqEg5 已成功抓取全部所需数据。
[2026-04-06 18:16:43] [SUCCESS] bvid=BV1KpQ9BZEBP 已成功抓取全部所需数据。
[2026-04-06 18:16:46] [SUCCESS] bvid=BV1KpXZBuEAS 已成功抓取全部所需数据。
[2026-04-06 18:16:49] [SUCCESS] bvid=BV1KpXqBmErh 已成功抓取全部所需数据。
[2026-04-06 18:16:53] [SUCCESS] bvid=BV1Kq9MBBEDz 已成功抓取全部所需数据。
[2026-04-06 18:16:56] [SUCCESS] bvid=BV1KqXCBaEdY 已成功抓取全部所需数据。
[2026-04-06 18:16:59] [SUCCESS] bvid=BV1Kr9gBCE67 已成功抓取全部所需数据。
[2026-04-06 18:17:03] [SUCCESS] bvid=BV1KrXVB7EFA 已成功抓取全部所需数据。
[2026-04-06 18:17:06] [SUCCESS] bvid=BV1Ks9FByE7T 已成功抓取全部所需数据。
[2026-04-06 18:17:09] [SUCCESS] bvid=BV1KsXxB2Ezy 已成功抓取全部所需数据。
[2026-04-06 18:17:13] [SUCCESS] bvid=BV1KuXQBXE6G 已成功抓取全部所需数据。
[2026-04-06 18:17:17] [SUCCESS] bvid=BV1KuXQBXEcd 已成功抓取全部所需数据。
[2026-04-06 18:17:20] [SUCCESS] bvid=BV1Kw9JBAECn 已成功抓取全部所需数据。
[2026-04-06 18:17:24] [SUCCESS] bvid=BV1Kw9JBwEna 已成功抓取全部所需数据。
[2026-04-06 18:17:27] [SUCCESS] bvid=BV1Kw9JBwEqs 已成功抓取全部所需数据。
[2026-04-06 18:17:30] [SUCCESS] bvid=BV1KwA3zaEKW 已成功抓取全部所需数据。
[2026-04-06 18:17:34] [SUCCESS] bvid=BV1KwA3zaEeN 已成功抓取全部所需数据。
[2026-04-06 18:17:37] [SUCCESS] bvid=BV1KwA3zaEue 已成功抓取全部所需数据。
[2026-04-06 18:17:41] [SUCCESS] bvid=BV1KwXLBQE77 已成功抓取全部所需数据。
[2026-04-06 18:17:44] [SUCCESS] bvid=BV1KwXLBQEDg 已成功抓取全部所需数据。
[2026-04-06 18:17:48] [SUCCESS] bvid=BV1KwXLBQEW5 已成功抓取全部所需数据。
[2026-04-06 18:17:51] [SUCCESS] bvid=BV1KwXLBQEWL 已成功抓取全部所需数据。
[2026-04-06 18:17:55] [SUCCESS] bvid=BV1KwXLBQEXD 已成功抓取全部所需数据。
[2026-04-06 18:17:58] [SUCCESS] bvid=BV1KwXLBQEia 已成功抓取全部所需数据。
[2026-04-06 18:18:02] [SUCCESS] bvid=BV1KwXLBQEpS 已成功抓取全部所需数据。
[2026-04-06 18:18:05] [SUCCESS] bvid=BV1KwXfBrEGf 已成功抓取全部所需数据。
[2026-04-06 18:18:09] [SUCCESS] bvid=BV1KxXNBxEJW 已成功抓取全部所需数据。
[2026-04-06 18:18:13] [SUCCESS] bvid=BV1KxXUBLESD 已成功抓取全部所需数据。
[2026-04-06 18:18:16] [SUCCESS] bvid=BV1Ky9gBrEAu 已成功抓取全部所需数据。
[2026-04-06 18:18:20] [SUCCESS] bvid=BV1Ky9gBrEN7 已成功抓取全部所需数据。
[2026-04-06 18:18:23] [SUCCESS] bvid=BV1Ky9gBrEcW 已成功抓取全部所需数据。
[2026-04-06 18:18:27] [SUCCESS] bvid=BV1KyXBBHEve 已成功抓取全部所需数据。
[2026-04-06 18:18:31] [SUCCESS] bvid=BV1KyXPBWE9m 已成功抓取全部所需数据。
[2026-04-06 18:18:35] [SUCCESS] bvid=BV1KyXPBWEEz 已成功抓取全部所需数据。
[2026-04-06 18:18:38] [SUCCESS] bvid=BV1KyXPBWEMu 已成功抓取全部所需数据。
[2026-04-06 18:18:42] [SUCCESS] bvid=BV1KyXPBWEcu 已成功抓取全部所需数据。
[2026-04-06 18:18:45] [SUCCESS] bvid=BV1KyXVBLEjp 已成功抓取全部所需数据。
[2026-04-06 18:18:49] [SUCCESS] bvid=BV1KyXVBLEsJ 已成功抓取全部所需数据。
[2026-04-06 18:18:52] [SUCCESS] bvid=BV1KzXCBcE3T 已成功抓取全部所需数据。
[2026-04-06 18:18:55] [SUCCESS] bvid=BV1KzXVBUEv9 已成功抓取全部所需数据。
[2026-04-06 18:18:58] [SUCCESS] bvid=BV1L1X5BYEYb 已成功抓取全部所需数据。
[2026-04-06 18:19:02] [SUCCESS] bvid=BV1L1X5BYEb4 已成功抓取全部所需数据。
[2026-04-06 18:19:05] [SUCCESS] bvid=BV1L1X5BYEee 已成功抓取全部所需数据。
[2026-04-06 18:19:08] [SUCCESS] bvid=BV1L1X5BYEhd 已成功抓取全部所需数据。
[2026-04-06 18:19:11] [SUCCESS] bvid=BV1L1X5BYEmd 已成功抓取全部所需数据。
[2026-04-06 18:19:14] [SUCCESS] bvid=BV1L1XUBhEWH 已成功抓取全部所需数据。
[2026-04-06 18:19:18] [SUCCESS] bvid=BV1L1XUBhEYo 已成功抓取全部所需数据。
[2026-04-06 18:19:21] [SUCCESS] bvid=BV1L29pBZEmv 已成功抓取全部所需数据。
[2026-04-06 18:19:24] [SUCCESS] bvid=BV1L2XjB6E2M 已成功抓取全部所需数据。
[2026-04-06 18:19:27] [SUCCESS] bvid=BV1L2XjB6Eex 已成功抓取全部所需数据。
[2026-04-06 18:19:31] [SUCCESS] bvid=BV1L3XTBCEeS 已成功抓取全部所需数据。
[2026-04-06 18:19:34] [SUCCESS] bvid=BV1L3XrBrE1F 已成功抓取全部所需数据。
[2026-04-06 18:19:38] [SUCCESS] bvid=BV1L4D5BfEvi 已成功抓取全部所需数据。
[2026-04-06 18:19:41] [SUCCESS] bvid=BV1L4XKBCE8g 已成功抓取全部所需数据。
[2026-04-06 18:19:41] [ERROR] bvid=BV1L4XKBCEdE 抓取失败：meta: 接口返回错误代码：62002，信息：稿件不可见。
{'code': 62002, 'message': '稿件不可见', 'ttl': 1}
[2026-04-06 18:19:45] [SUCCESS] bvid=BV1L4XKBCEre 已成功抓取全部所需数据。
[2026-04-06 18:19:48] [SUCCESS] bvid=BV1L4XKBCEvi 已成功抓取全部所需数据。
[2026-04-06 18:19:52] [SUCCESS] bvid=BV1L4XLBvERW 已成功抓取全部所需数据。
[2026-04-06 18:19:55] [SUCCESS] bvid=BV1L4XLBvESK 已成功抓取全部所需数据。
[2026-04-06 18:19:58] [SUCCESS] bvid=BV1L4XLBvEYD 已成功抓取全部所需数据。
[2026-04-06 18:20:02] [SUCCESS] bvid=BV1L4XLBvEdZ 已成功抓取全部所需数据。
[2026-04-06 18:20:05] [SUCCESS] bvid=BV1L4XSBYEsK 已成功抓取全部所需数据。
[2026-04-06 18:20:09] [SUCCESS] bvid=BV1L6XZBdECz 已成功抓取全部所需数据。
[2026-04-06 18:20:12] [SUCCESS] bvid=BV1L797BVErH 已成功抓取全部所需数据。
[2026-04-06 18:20:15] [SUCCESS] bvid=BV1L797BVEsy 已成功抓取全部所需数据。
[2026-04-06 18:20:19] [SUCCESS] bvid=BV1L79KBCE9Z 已成功抓取全部所需数据。
[2026-04-06 18:20:22] [SUCCESS] bvid=BV1L7XaB1E8K 已成功抓取全部所需数据。
[2026-04-06 18:20:25] [SUCCESS] bvid=BV1L7XaB1ETf 已成功抓取全部所需数据。
[2026-04-06 18:20:29] [SUCCESS] bvid=BV1L7XeBWEpg 已成功抓取全部所需数据。
[2026-04-06 18:20:32] [SUCCESS] bvid=BV1L7XpBREJn 已成功抓取全部所需数据。
[2026-04-06 18:20:36] [SUCCESS] bvid=BV1L7XuB7EPB 已成功抓取全部所需数据。
[2026-04-06 18:20:39] [SUCCESS] bvid=BV1L8X6BzEMj 已成功抓取全部所需数据。
[2026-04-06 18:20:42] [SUCCESS] bvid=BV1L8X6BzEgz 已成功抓取全部所需数据。
[2026-04-06 18:20:45] [SUCCESS] bvid=BV1L8X6BzEv9 已成功抓取全部所需数据。
[2026-04-06 18:20:49] [SUCCESS] bvid=BV1L8XKBrE4g 已成功抓取全部所需数据。
[2026-04-06 18:20:52] [SUCCESS] bvid=BV1L9DKBMEgP 已成功抓取全部所需数据。
[2026-04-06 18:20:55] [SUCCESS] bvid=BV1LA9FBfEoA 已成功抓取全部所需数据。
[2026-04-06 18:20:59] [SUCCESS] bvid=BV1LA9uBDEDH 已成功抓取全部所需数据。
[2026-04-06 18:21:02] [SUCCESS] bvid=BV1LA9uBDEu6 已成功抓取全部所需数据。
[2026-04-06 18:21:05] [SUCCESS] bvid=BV1LAX5BAE9A 已成功抓取全部所需数据。
[2026-04-06 18:21:08] [SUCCESS] bvid=BV1LAXGBsETG 已成功抓取全部所需数据。
[2026-04-06 18:21:11] [SUCCESS] bvid=BV1LBXGB8E2m 已成功抓取全部所需数据。
[2026-04-06 18:21:14] [SUCCESS] bvid=BV1LBXGB8Eru 已成功抓取全部所需数据。
[2026-04-06 18:21:18] [SUCCESS] bvid=BV1LBXgBQE2Q 已成功抓取全部所需数据。
[2026-04-06 18:21:21] [SUCCESS] bvid=BV1LBXgBQEBA 已成功抓取全部所需数据。
[2026-04-06 18:21:25] [SUCCESS] bvid=BV1LBXgBQEBP 已成功抓取全部所需数据。
[2026-04-06 18:21:28] [SUCCESS] bvid=BV1LBXgBQEWU 已成功抓取全部所需数据。
[2026-04-06 18:21:31] [SUCCESS] bvid=BV1LBXgBQEbG 已成功抓取全部所需数据。
[2026-04-06 18:21:35] [SUCCESS] bvid=BV1LBXgBQEbV 已成功抓取全部所需数据。
[2026-04-06 18:21:39] [SUCCESS] bvid=BV1LBXgBQEgK 已成功抓取全部所需数据。
[2026-04-06 18:21:42] [SUCCESS] bvid=BV1LBXgBQEtT 已成功抓取全部所需数据。
[2026-04-06 18:21:45] [SUCCESS] bvid=BV1LBXhBVEu7 已成功抓取全部所需数据。
[2026-04-06 18:21:45] [WARN] 当前子任务已结束，但仍有未成功抓取的视频，已导出 remaining CSV 供继续执行。
[2026-04-06 18:21:45] [INFO] 已导出剔除成功条目后的剩余 CSV：outputs\video_data\manual_crawls\manual_crawl_meta_mode_A_20260406_121323\remaining_bvids_part_51.csv
[2026-04-06 18:21:45] 子任务结束时间：2026-04-06T18:21:45.468989
[TIMESTAMP][END] 2026-04-06T18:21:45
