[TIMESTAMP][BEGIN] 2026-04-06T13:57:24
[2026-04-06 13:57:26] 开始执行 CSV 批量抓取子任务 part_18。
[2026-04-06 13:57:26] 子任务开始时间：2026-04-06T13:57:24.674127
[2026-04-06 13:57:26] 输入文件：batch_input_18.csv
[2026-04-06 13:57:26] 输入唯一 bvid 数量：100
[2026-04-06 13:57:26] 为严格按 CSV 顺序判断连续失败阈值，本次任务自动将并发度从 2 调整为 1。
[2026-04-06 13:57:30] [SUCCESS] bvid=BV17hXMBUE7s 已成功抓取全部所需数据。
[2026-04-06 13:57:33] [SUCCESS] bvid=BV17hXMBUEP7 已成功抓取全部所需数据。
[2026-04-06 13:57:37] [SUCCESS] bvid=BV17hXMBUETn 已成功抓取全部所需数据。
[2026-04-06 13:57:40] [SUCCESS] bvid=BV17hXMBUEsJ 已成功抓取全部所需数据。
[2026-04-06 13:57:43] [SUCCESS] bvid=BV17hXgB4E2K 已成功抓取全部所需数据。
[2026-04-06 13:57:46] [SUCCESS] bvid=BV17hXgB4EZL 已成功抓取全部所需数据。
[2026-04-06 13:57:49] [SUCCESS] bvid=BV17hXkB2Ei2 已成功抓取全部所需数据。
[2026-04-06 13:57:52] [SUCCESS] bvid=BV17iDuB7EPB 已成功抓取全部所需数据。
[2026-04-06 13:57:55] [SUCCESS] bvid=BV17iX2BfEkf 已成功抓取全部所需数据。
[2026-04-06 13:57:58] [SUCCESS] bvid=BV17j9JBQE6f 已成功抓取全部所需数据。
[2026-04-06 13:58:01] [SUCCESS] bvid=BV17jXVBeE3K 已成功抓取全部所需数据。
[2026-04-06 13:58:05] [SUCCESS] bvid=BV17jwxzsEUc 已成功抓取全部所需数据。
[2026-04-06 13:58:07] [SUCCESS] bvid=BV17k9FBAE4P 已成功抓取全部所需数据。
[2026-04-06 13:58:10] [SUCCESS] bvid=BV17k9FBAE9h 已成功抓取全部所需数据。
[2026-04-06 13:58:13] [SUCCESS] bvid=BV17kX5BvE53 已成功抓取全部所需数据。
[2026-04-06 13:58:16] [SUCCESS] bvid=BV17kX5BvEBQ 已成功抓取全部所需数据。
[2026-04-06 13:58:19] [SUCCESS] bvid=BV17kX5BvEb5 已成功抓取全部所需数据。
[2026-04-06 13:58:22] [SUCCESS] bvid=BV17kXNByEY2 已成功抓取全部所需数据。
[2026-04-06 13:58:25] [SUCCESS] bvid=BV17kXUBYEQ5 已成功抓取全部所需数据。
[2026-04-06 13:58:27] [SUCCESS] bvid=BV17kXUBYEZq 已成功抓取全部所需数据。
[2026-04-06 13:58:30] [SUCCESS] bvid=BV17kXZBsE3L 已成功抓取全部所需数据。
[2026-04-06 13:58:33] [SUCCESS] bvid=BV17kXjBVE1k 已成功抓取全部所需数据。
[2026-04-06 13:58:36] [SUCCESS] bvid=BV17kXjBVEZ2 已成功抓取全部所需数据。
[2026-04-06 13:58:39] [SUCCESS] bvid=BV17kXjBVEtv 已成功抓取全部所需数据。
[2026-04-06 13:58:42] [SUCCESS] bvid=BV17kXjBVEtx 已成功抓取全部所需数据。
[2026-04-06 13:58:45] [SUCCESS] bvid=BV17kw7zvEmf 已成功抓取全部所需数据。
[2026-04-06 13:58:48] [SUCCESS] bvid=BV17mDKBGELa 已成功抓取全部所需数据。
[2026-04-06 13:58:51] [SUCCESS] bvid=BV17mDKBGEkd 已成功抓取全部所需数据。
[2026-04-06 13:58:54] [SUCCESS] bvid=BV17nXLBzEnR 已成功抓取全部所需数据。
[2026-04-06 13:58:57] [SUCCESS] bvid=BV17nXiBFEGK 已成功抓取全部所需数据。
[2026-04-06 13:59:00] [SUCCESS] bvid=BV17nXiBFEJm 已成功抓取全部所需数据。
[2026-04-06 13:59:02] [SUCCESS] bvid=BV17o97B2EQg 已成功抓取全部所需数据。
[2026-04-06 13:59:05] [SUCCESS] bvid=BV17pXKBjEZN 已成功抓取全部所需数据。
[2026-04-06 13:59:08] [SUCCESS] bvid=BV17pXLBME1p 已成功抓取全部所需数据。
[2026-04-06 13:59:11] [SUCCESS] bvid=BV17pXLBMEit 已成功抓取全部所需数据。
[2026-04-06 13:59:14] [SUCCESS] bvid=BV17pXLBMEof 已成功抓取全部所需数据。
[2026-04-06 13:59:17] [SUCCESS] bvid=BV17pXLBMEvB 已成功抓取全部所需数据。
[2026-04-06 13:59:21] [SUCCESS] bvid=BV17pXLBMEvb 已成功抓取全部所需数据。
[2026-04-06 13:59:23] [SUCCESS] bvid=BV17pXLBMEyV 已成功抓取全部所需数据。
[2026-04-06 13:59:26] [SUCCESS] bvid=BV17pXLBMEyy 已成功抓取全部所需数据。
[2026-04-06 13:59:29] [SUCCESS] bvid=BV17pXPBBEER 已成功抓取全部所需数据。
[2026-04-06 13:59:34] [SUCCESS] bvid=BV17pXPBBEPm 已成功抓取全部所需数据。
[2026-04-06 13:59:37] [SUCCESS] bvid=BV17pXPBBEbz 已成功抓取全部所需数据。
[2026-04-06 13:59:39] [SUCCESS] bvid=BV17pXPBBEmZ 已成功抓取全部所需数据。
[2026-04-06 13:59:43] [SUCCESS] bvid=BV17pXPBBEme 已成功抓取全部所需数据。
[2026-04-06 13:59:46] [SUCCESS] bvid=BV17pXPBBEnr 已成功抓取全部所需数据。
[2026-04-06 13:59:49] [SUCCESS] bvid=BV17pXPBBEte 已成功抓取全部所需数据。
[2026-04-06 13:59:52] [SUCCESS] bvid=BV17pXPBBEzV 已成功抓取全部所需数据。
[2026-04-06 13:59:55] [SUCCESS] bvid=BV17q9EBEEJj 已成功抓取全部所需数据。
[2026-04-06 13:59:59] [SUCCESS] bvid=BV17q9EBEEah 已成功抓取全部所需数据。
[2026-04-06 13:59:59] [ERROR] bvid=BV17qAGz4EQW 抓取失败：meta: 接口返回错误代码：62002，信息：稿件不可见。
{'code': 62002, 'message': '稿件不可见', 'ttl': 1}
[2026-04-06 14:00:02] [SUCCESS] bvid=BV17qXGBcE6D 已成功抓取全部所需数据。
[2026-04-06 14:00:05] [SUCCESS] bvid=BV17qXGBcEAv 已成功抓取全部所需数据。
[2026-04-06 14:00:09] [SUCCESS] bvid=BV17qXGBcENx 已成功抓取全部所需数据。
[2026-04-06 14:00:12] [SUCCESS] bvid=BV17qXGBcEPZ 已成功抓取全部所需数据。
[2026-04-06 14:00:15] [SUCCESS] bvid=BV17qXGBcEQ3 已成功抓取全部所需数据。
[2026-04-06 14:00:25] [SUCCESS] bvid=BV17rX5BKEDe 已成功抓取全部所需数据。
[2026-04-06 14:00:28] [SUCCESS] bvid=BV17rX5BKEXb 已成功抓取全部所需数据。
[2026-04-06 14:00:31] [SUCCESS] bvid=BV17rX5BKEb5 已成功抓取全部所需数据。
[2026-04-06 14:00:35] [SUCCESS] bvid=BV17rX5BKEbg 已成功抓取全部所需数据。
[2026-04-06 14:00:45] [SUCCESS] bvid=BV17rX5BKEra 已成功抓取全部所需数据。
[2026-04-06 14:00:54] [SUCCESS] bvid=BV17rXUBPE17 已成功抓取全部所需数据。
[2026-04-06 14:01:05] [SUCCESS] bvid=BV17rXUBPE5K 已成功抓取全部所需数据。
[2026-04-06 14:01:15] [SUCCESS] bvid=BV17sDABhEyS 已成功抓取全部所需数据。
[2026-04-06 14:01:24] [SUCCESS] bvid=BV17sDNBuEaF 已成功抓取全部所需数据。
[2026-04-06 14:01:34] [SUCCESS] bvid=BV17sQCB2E4y 已成功抓取全部所需数据。
[2026-04-06 14:01:37] [SUCCESS] bvid=BV17tXMBDEG8 已成功抓取全部所需数据。
[2026-04-06 14:01:40] [SUCCESS] bvid=BV17tXMBDExp 已成功抓取全部所需数据。
[2026-04-06 14:01:43] [SUCCESS] bvid=BV17uX8BVE37 已成功抓取全部所需数据。
[2026-04-06 14:01:47] [SUCCESS] bvid=BV17uX8BVEHD 已成功抓取全部所需数据。
[2026-04-06 14:01:50] [SUCCESS] bvid=BV17uX8BVELu 已成功抓取全部所需数据。
[2026-04-06 14:01:53] [SUCCESS] bvid=BV17uX8BVEh3 已成功抓取全部所需数据。
[2026-04-06 14:01:56] [SUCCESS] bvid=BV17uX8BVEz9 已成功抓取全部所需数据。
[2026-04-06 14:01:59] [SUCCESS] bvid=BV17vXGBaEDL 已成功抓取全部所需数据。
[2026-04-06 14:02:02] [SUCCESS] bvid=BV17vXGBaEh8 已成功抓取全部所需数据。
[2026-04-06 14:02:06] [SUCCESS] bvid=BV17vXGBaEm9 已成功抓取全部所需数据。
[2026-04-06 14:02:09] [SUCCESS] bvid=BV17w9FB8EdL 已成功抓取全部所需数据。
[2026-04-06 14:02:12] [SUCCESS] bvid=BV17w9FB8Emb 已成功抓取全部所需数据。
[2026-04-06 14:02:15] [SUCCESS] bvid=BV17wAAz8Ecx 已成功抓取全部所需数据。
[2026-04-06 14:02:19] [SUCCESS] bvid=BV17wXjBrE29 已成功抓取全部所需数据。
[2026-04-06 14:02:22] [SUCCESS] bvid=BV17wXjBrExE 已成功抓取全部所需数据。
[2026-04-06 14:02:26] [SUCCESS] bvid=BV17x9GBaEpP 已成功抓取全部所需数据。
[2026-04-06 14:02:29] [SUCCESS] bvid=BV17xX6BGEui 已成功抓取全部所需数据。
[2026-04-06 14:02:32] [SUCCESS] bvid=BV17xXKB5ER4 已成功抓取全部所需数据。
[2026-04-06 14:02:35] [SUCCESS] bvid=BV17xXKB5ESP 已成功抓取全部所需数据。
[2026-04-06 14:02:35] [ERROR] bvid=BV17xXKB5EbK 抓取失败：meta: 接口返回错误代码：62002，信息：稿件不可见。
{'code': 62002, 'message': '稿件不可见', 'ttl': 1}
[2026-04-06 14:02:35] [ERROR] bvid=BV17xXKB5Eo5 抓取失败：meta: 接口返回错误代码：62002，信息：稿件不可见。
{'code': 62002, 'message': '稿件不可见', 'ttl': 1}
[2026-04-06 14:02:39] [SUCCESS] bvid=BV17xXKB5ErL 已成功抓取全部所需数据。
[2026-04-06 14:02:42] [SUCCESS] bvid=BV17xXKB5Eys 已成功抓取全部所需数据。
[2026-04-06 14:02:45] [SUCCESS] bvid=BV17xXKBLEoQ 已成功抓取全部所需数据。
[2026-04-06 14:02:49] [SUCCESS] bvid=BV17xXSBPE3a 已成功抓取全部所需数据。
[2026-04-06 14:02:52] [SUCCESS] bvid=BV17xXSBPESA 已成功抓取全部所需数据。
[2026-04-06 14:02:55] [SUCCESS] bvid=BV17xXSBPESK 已成功抓取全部所需数据。
[2026-04-06 14:02:58] [SUCCESS] bvid=BV17xXSBPEnH 已成功抓取全部所需数据。
[2026-04-06 14:03:01] [SUCCESS] bvid=BV17yXUBwE5L 已成功抓取全部所需数据。
[2026-04-06 14:03:05] [SUCCESS] bvid=BV17yXUBwEF7 已成功抓取全部所需数据。
[2026-04-06 14:03:08] [SUCCESS] bvid=BV17yXUBwEn9 已成功抓取全部所需数据。
[2026-04-06 14:03:11] [SUCCESS] bvid=BV17yXUBwEp9 已成功抓取全部所需数据。
[2026-04-06 14:03:15] [SUCCESS] bvid=BV17zX5BqE4C 已成功抓取全部所需数据。
[2026-04-06 14:03:18] [SUCCESS] bvid=BV17zX5BqEtD 已成功抓取全部所需数据。
[2026-04-06 14:03:18] [WARN] 当前子任务已结束，但仍有未成功抓取的视频，已导出 remaining CSV 供继续执行。
[2026-04-06 14:03:18] [INFO] 已导出剔除成功条目后的剩余 CSV：outputs\video_data\manual_crawls\manual_crawl_meta_mode_A_20260406_121323\remaining_bvids_part_18.csv
[2026-04-06 14:03:18] 子任务结束时间：2026-04-06T14:03:18.560285
[TIMESTAMP][END] 2026-04-06T14:03:18
