[TIMESTAMP][BEGIN] 2026-04-06T17:30:42
[2026-04-06 17:30:44] 开始执行 CSV 批量抓取子任务 part_45。
[2026-04-06 17:30:44] 子任务开始时间：2026-04-06T17:30:42.347216
[2026-04-06 17:30:44] 输入文件：batch_input_45.csv
[2026-04-06 17:30:44] 输入唯一 bvid 数量：100
[2026-04-06 17:30:44] 为严格按 CSV 顺序判断连续失败阈值，本次任务自动将并发度从 2 调整为 1。
[2026-04-06 17:30:48] [SUCCESS] bvid=BV1HYX5BrEbw 已成功抓取全部所需数据。
[2026-04-06 17:30:51] [SUCCESS] bvid=BV1HYXUBzEMM 已成功抓取全部所需数据。
[2026-04-06 17:30:54] [SUCCESS] bvid=BV1HYXUBzENz 已成功抓取全部所需数据。
[2026-04-06 17:30:58] [SUCCESS] bvid=BV1HYXUBzEQU 已成功抓取全部所需数据。
[2026-04-06 17:31:02] [SUCCESS] bvid=BV1HYXjBJE2y 已成功抓取全部所需数据。
[2026-04-06 17:31:05] [SUCCESS] bvid=BV1HYXjBJEdD 已成功抓取全部所需数据。
[2026-04-06 17:31:08] [SUCCESS] bvid=BV1HZXSBGER5 已成功抓取全部所需数据。
[2026-04-06 17:31:12] [SUCCESS] bvid=BV1HZXSBGEbZ 已成功抓取全部所需数据。
[2026-04-06 17:31:12] [ERROR] bvid=BV1HZXSBGEe5 抓取失败：meta: 接口返回错误代码：62002，信息：稿件不可见。
{'code': 62002, 'message': '稿件不可见', 'ttl': 1}
[2026-04-06 17:31:15] [SUCCESS] bvid=BV1HZXbBDELH 已成功抓取全部所需数据。
[2026-04-06 17:31:18] [SUCCESS] bvid=BV1HZXbBDEWZ 已成功抓取全部所需数据。
[2026-04-06 17:31:22] [SUCCESS] bvid=BV1HZXbBDEWe 已成功抓取全部所需数据。
[2026-04-06 17:31:25] [SUCCESS] bvid=BV1HZXbBDEtQ 已成功抓取全部所需数据。
[2026-04-06 17:31:29] [SUCCESS] bvid=BV1HaQ6B5EuG 已成功抓取全部所需数据。
[2026-04-06 17:31:32] [SUCCESS] bvid=BV1HaX5BGE3a 已成功抓取全部所需数据。
[2026-04-06 17:31:36] [SUCCESS] bvid=BV1HaX5BGEwW 已成功抓取全部所需数据。
[2026-04-06 17:31:39] [SUCCESS] bvid=BV1HaX5BVENc 已成功抓取全部所需数据。
[2026-04-06 17:31:43] [SUCCESS] bvid=BV1HaXUBgE1K 已成功抓取全部所需数据。
[2026-04-06 17:31:46] [SUCCESS] bvid=BV1HaXUBgEeF 已成功抓取全部所需数据。
[2026-04-06 17:31:50] [SUCCESS] bvid=BV1HaXUBgEqC 已成功抓取全部所需数据。
[2026-04-06 17:31:53] [SUCCESS] bvid=BV1HawLzeEc8 已成功抓取全部所需数据。
[2026-04-06 17:31:57] [SUCCESS] bvid=BV1HbQ6BjEkc 已成功抓取全部所需数据。
[2026-04-06 17:32:00] [SUCCESS] bvid=BV1HbX5B5Edm 已成功抓取全部所需数据。
[2026-04-06 17:32:03] [SUCCESS] bvid=BV1HbX5B5Eo8 已成功抓取全部所需数据。
[2026-04-06 17:32:07] [SUCCESS] bvid=BV1HbXGBiEhV 已成功抓取全部所需数据。
[2026-04-06 17:32:10] [SUCCESS] bvid=BV1HbXGBiEtz 已成功抓取全部所需数据。
[2026-04-06 17:32:14] [SUCCESS] bvid=BV1HcX8BUEKB 已成功抓取全部所需数据。
[2026-04-06 17:32:17] [SUCCESS] bvid=BV1HcX8BUELh 已成功抓取全部所需数据。
[2026-04-06 17:32:21] [SUCCESS] bvid=BV1HcX8BUETq 已成功抓取全部所需数据。
[2026-04-06 17:32:25] [SUCCESS] bvid=BV1HcX8BUEs6 已成功抓取全部所需数据。
[2026-04-06 17:32:25] [ERROR] bvid=BV1HcXaB4EZB 抓取失败：meta: 接口返回错误代码：62002，信息：稿件不可见。
{'code': 62002, 'message': '稿件不可见', 'ttl': 1}
[2026-04-06 17:32:28] [SUCCESS] bvid=BV1HcXaB4EkH 已成功抓取全部所需数据。
[2026-04-06 17:32:32] [SUCCESS] bvid=BV1HcXrBEEA6 已成功抓取全部所需数据。
[2026-04-06 17:32:35] [SUCCESS] bvid=BV1Hd9gBPE1e 已成功抓取全部所需数据。
[2026-04-06 17:32:38] [SUCCESS] bvid=BV1HdXKB9EQM 已成功抓取全部所需数据。
[2026-04-06 17:32:41] [SUCCESS] bvid=BV1He9FBBEK7 已成功抓取全部所需数据。
[2026-04-06 17:32:45] [SUCCESS] bvid=BV1He9FBBEvt 已成功抓取全部所需数据。
[2026-04-06 17:32:48] [SUCCESS] bvid=BV1HeXDB2Efy 已成功抓取全部所需数据。
[2026-04-06 17:32:51] [SUCCESS] bvid=BV1HeXjBUEiu 已成功抓取全部所需数据。
[2026-04-06 17:32:54] [SUCCESS] bvid=BV1HfXKBQEM1 已成功抓取全部所需数据。
[2026-04-06 17:32:58] [SUCCESS] bvid=BV1HfXKBQEfJ 已成功抓取全部所需数据。
[2026-04-06 17:33:01] [SUCCESS] bvid=BV1HfXKBQEkk 已成功抓取全部所需数据。
[2026-04-06 17:33:04] [SUCCESS] bvid=BV1HfXSBrEgG 已成功抓取全部所需数据。
[2026-04-06 17:33:08] [SUCCESS] bvid=BV1HgXPB2E6U 已成功抓取全部所需数据。
[2026-04-06 17:33:11] [SUCCESS] bvid=BV1HgXPB2E6r 已成功抓取全部所需数据。
[2026-04-06 17:33:14] [SUCCESS] bvid=BV1HgXPB2E8a 已成功抓取全部所需数据。
[2026-04-06 17:33:18] [SUCCESS] bvid=BV1HgXPB2ECs 已成功抓取全部所需数据。
[2026-04-06 17:33:22] [SUCCESS] bvid=BV1HgXPB2Eao 已成功抓取全部所需数据。
[2026-04-06 17:33:25] [SUCCESS] bvid=BV1HgXPB2EkW 已成功抓取全部所需数据。
[2026-04-06 17:33:28] [SUCCESS] bvid=BV1HgXPB2Eq1 已成功抓取全部所需数据。
[2026-04-06 17:33:32] [SUCCESS] bvid=BV1HgXPB2EsK 已成功抓取全部所需数据。
[2026-04-06 17:33:36] [SUCCESS] bvid=BV1HgXVBBEHa 已成功抓取全部所需数据。
[2026-04-06 17:33:39] [SUCCESS] bvid=BV1HgXVBBEty 已成功抓取全部所需数据。
[2026-04-06 17:33:42] [SUCCESS] bvid=BV1HgXoBtEBf 已成功抓取全部所需数据。
[2026-04-06 17:33:45] [SUCCESS] bvid=BV1Hh9EBWET3 已成功抓取全部所需数据。
[2026-04-06 17:33:49] [SUCCESS] bvid=BV1HhXGBNE36 已成功抓取全部所需数据。
[2026-04-06 17:33:53] [SUCCESS] bvid=BV1HhXGBNEAu 已成功抓取全部所需数据。
[2026-04-06 17:33:56] [SUCCESS] bvid=BV1HhXGBNEsi 已成功抓取全部所需数据。
[2026-04-06 17:34:00] [SUCCESS] bvid=BV1Hi9FBTEuF 已成功抓取全部所需数据。
[2026-04-06 17:34:03] [SUCCESS] bvid=BV1HiXDBLEUv 已成功抓取全部所需数据。
[2026-04-06 17:34:06] [SUCCESS] bvid=BV1HiXDBLEiC 已成功抓取全部所需数据。
[2026-04-06 17:34:09] [SUCCESS] bvid=BV1HiXDBLEsa 已成功抓取全部所需数据。
[2026-04-06 17:34:12] [SUCCESS] bvid=BV1HiXNBUE6D 已成功抓取全部所需数据。
[2026-04-06 17:34:16] [SUCCESS] bvid=BV1HiXUBqEM4 已成功抓取全部所需数据。
[2026-04-06 17:34:19] [SUCCESS] bvid=BV1HiXjB7EFR 已成功抓取全部所需数据。
[2026-04-06 17:34:22] [SUCCESS] bvid=BV1HiXjB7EFV 已成功抓取全部所需数据。
[2026-04-06 17:34:25] [SUCCESS] bvid=BV1HiXxBuEFt 已成功抓取全部所需数据。
[2026-04-06 17:34:29] [SUCCESS] bvid=BV1Hj9GBBEBL 已成功抓取全部所需数据。
[2026-04-06 17:34:32] [SUCCESS] bvid=BV1HjXKBnEVD 已成功抓取全部所需数据。
[2026-04-06 17:34:35] [SUCCESS] bvid=BV1HjXKBnEmx 已成功抓取全部所需数据。
[2026-04-06 17:34:38] [SUCCESS] bvid=BV1HjXSBgEj2 已成功抓取全部所需数据。
[2026-04-06 17:34:42] [SUCCESS] bvid=BV1HkDKB1EiZ 已成功抓取全部所需数据。
[2026-04-06 17:34:46] [SUCCESS] bvid=BV1HkDKB1Eqi 已成功抓取全部所需数据。
[2026-04-06 17:34:49] [SUCCESS] bvid=BV1HkDKB1Ett 已成功抓取全部所需数据。
[2026-04-06 17:34:53] [SUCCESS] bvid=BV1HmX1BYEMx 已成功抓取全部所需数据。
[2026-04-06 17:34:56] [SUCCESS] bvid=BV1Hn9jBHEfc 已成功抓取全部所需数据。
[2026-04-06 17:35:16] [SUCCESS] bvid=BV1HnDTBSEsF 已成功抓取全部所需数据。
[2026-04-06 17:35:19] [SUCCESS] bvid=BV1HnXMBxEUK 已成功抓取全部所需数据。
[2026-04-06 17:35:23] [SUCCESS] bvid=BV1HnXMBxEZm 已成功抓取全部所需数据。
[2026-04-06 17:35:26] [SUCCESS] bvid=BV1HnXMBxEZp 已成功抓取全部所需数据。
[2026-04-06 17:35:27] [ERROR] bvid=BV1HnXMBxEcY 抓取失败：meta: 接口返回错误代码：-404，信息：啥都木有。
{'code': -404, 'message': '啥都木有', 'ttl': 1}
[2026-04-06 17:35:30] [SUCCESS] bvid=BV1HnXhBREnB 已成功抓取全部所需数据。
[2026-04-06 17:35:33] [SUCCESS] bvid=BV1HnXkBWE6g 已成功抓取全部所需数据。
[2026-04-06 17:35:37] [SUCCESS] bvid=BV1Ho9GB3E49 已成功抓取全部所需数据。
[2026-04-06 17:35:40] [SUCCESS] bvid=BV1Ho9cBrENU 已成功抓取全部所需数据。
[2026-04-06 17:35:44] [SUCCESS] bvid=BV1HoXPBLEK3 已成功抓取全部所需数据。
[2026-04-06 17:35:47] [SUCCESS] bvid=BV1HoXPBLEgk 已成功抓取全部所需数据。
[2026-04-06 17:35:50] [SUCCESS] bvid=BV1HoXPBLEuL 已成功抓取全部所需数据。
[2026-04-06 17:35:53] [SUCCESS] bvid=BV1HoXbBHE63 已成功抓取全部所需数据。
[2026-04-06 17:35:57] [SUCCESS] bvid=BV1HoXbBHErL 已成功抓取全部所需数据。
[2026-04-06 17:36:00] [SUCCESS] bvid=BV1HpQoBxEw5 已成功抓取全部所需数据。
[2026-04-06 17:36:03] [SUCCESS] bvid=BV1HqXDByEGV 已成功抓取全部所需数据。
[2026-04-06 17:36:06] [SUCCESS] bvid=BV1HqXDByEKj 已成功抓取全部所需数据。
[2026-04-06 17:36:07] [ERROR] bvid=BV1HqXDByEQ6 抓取失败：meta: 接口返回错误代码：-404，信息：啥都木有。
{'code': -404, 'message': '啥都木有', 'ttl': 1}
[2026-04-06 17:36:07] [ERROR] bvid=BV1HqXDByERG 抓取失败：meta: 接口返回错误代码：-404，信息：啥都木有。
{'code': -404, 'message': '啥都木有', 'ttl': 1}
[2026-04-06 17:36:10] [SUCCESS] bvid=BV1HqXDByEon 已成功抓取全部所需数据。
[2026-04-06 17:36:13] [SUCCESS] bvid=BV1HqXTBdEem 已成功抓取全部所需数据。
[2026-04-06 17:36:17] [SUCCESS] bvid=BV1HqXjB2ECH 已成功抓取全部所需数据。
[2026-04-06 17:36:22] [SUCCESS] bvid=BV1HqXjB2EPK 已成功抓取全部所需数据。
[2026-04-06 17:36:26] [SUCCESS] bvid=BV1HqXjB2Eyk 已成功抓取全部所需数据。
[2026-04-06 17:36:26] [WARN] 当前子任务已结束，但仍有未成功抓取的视频，已导出 remaining CSV 供继续执行。
[2026-04-06 17:36:26] [INFO] 已导出剔除成功条目后的剩余 CSV：outputs\video_data\manual_crawls\manual_crawl_meta_mode_A_20260406_121323\remaining_bvids_part_45.csv
[2026-04-06 17:36:26] 子任务结束时间：2026-04-06T17:36:26.308870
[TIMESTAMP][END] 2026-04-06T17:36:26
