[TIMESTAMP][BEGIN] 2026-04-06T13:36:24
[2026-04-06 13:36:27] 开始执行 CSV 批量抓取子任务 part_14。
[2026-04-06 13:36:27] 子任务开始时间：2026-04-06T13:36:24.859376
[2026-04-06 13:36:27] 输入文件：batch_input_14.csv
[2026-04-06 13:36:27] 输入唯一 bvid 数量：100
[2026-04-06 13:36:27] 为严格按 CSV 顺序判断连续失败阈值，本次任务自动将并发度从 2 调整为 1。
[2026-04-06 13:36:30] [SUCCESS] bvid=BV166XDBkELs 已成功抓取全部所需数据。
[2026-04-06 13:36:33] [SUCCESS] bvid=BV166XDBkEgE 已成功抓取全部所需数据。
[2026-04-06 13:36:36] [SUCCESS] bvid=BV166XTBXEwP 已成功抓取全部所需数据。
[2026-04-06 13:36:40] [SUCCESS] bvid=BV166XjByEHr 已成功抓取全部所需数据。
[2026-04-06 13:36:43] [SUCCESS] bvid=BV166XjByETw 已成功抓取全部所需数据。
[2026-04-06 13:36:46] [SUCCESS] bvid=BV166XjByEmh 已成功抓取全部所需数据。
[2026-04-06 13:36:49] [SUCCESS] bvid=BV166XrBDED7 已成功抓取全部所需数据。
[2026-04-06 13:36:52] [SUCCESS] bvid=BV167XKBSERn 已成功抓取全部所需数据。
[2026-04-06 13:36:55] [SUCCESS] bvid=BV167XKBSEpX 已成功抓取全部所需数据。
[2026-04-06 13:36:58] [SUCCESS] bvid=BV167XLBrELL 已成功抓取全部所需数据。
[2026-04-06 13:37:01] [SUCCESS] bvid=BV167XSBzEWr 已成功抓取全部所需数据。
[2026-04-06 13:37:04] [SUCCESS] bvid=BV167XfB8EGy 已成功抓取全部所需数据。
[2026-04-06 13:37:07] [SUCCESS] bvid=BV1689jBLEFi 已成功抓取全部所需数据。
[2026-04-06 13:37:10] [SUCCESS] bvid=BV168XYBxEJa 已成功抓取全部所需数据。
[2026-04-06 13:37:13] [SUCCESS] bvid=BV168XYBxEqe 已成功抓取全部所需数据。
[2026-04-06 13:37:16] [SUCCESS] bvid=BV168XvBPEBW 已成功抓取全部所需数据。
[2026-04-06 13:37:19] [SUCCESS] bvid=BV1699MBoEfd 已成功抓取全部所需数据。
[2026-04-06 13:37:22] [SUCCESS] bvid=BV169XVBME9M 已成功抓取全部所需数据。
[2026-04-06 13:37:25] [SUCCESS] bvid=BV169XVBMEFp 已成功抓取全部所需数据。
[2026-04-06 13:37:28] [SUCCESS] bvid=BV169XVBMEM1 已成功抓取全部所需数据。
[2026-04-06 13:37:31] [SUCCESS] bvid=BV169XmBKECJ 已成功抓取全部所需数据。
[2026-04-06 13:37:34] [SUCCESS] bvid=BV169XmBKECN 已成功抓取全部所需数据。
[2026-04-06 13:37:37] [SUCCESS] bvid=BV169XmBKEmk 已成功抓取全部所需数据。
[2026-04-06 13:37:40] [SUCCESS] bvid=BV16BX5BMETo 已成功抓取全部所需数据。
[2026-04-06 13:37:43] [SUCCESS] bvid=BV16BXNBjE1g 已成功抓取全部所需数据。
[2026-04-06 13:37:46] [SUCCESS] bvid=BV16BXNBjECr 已成功抓取全部所需数据。
[2026-04-06 13:37:49] [SUCCESS] bvid=BV16BXNBjEMR 已成功抓取全部所需数据。
[2026-04-06 13:37:52] [SUCCESS] bvid=BV16BXNBjEQc 已成功抓取全部所需数据。
[2026-04-06 13:37:55] [SUCCESS] bvid=BV16BXNBjEZf 已成功抓取全部所需数据。
[2026-04-06 13:37:58] [SUCCESS] bvid=BV16BXNBjEoW 已成功抓取全部所需数据。
[2026-04-06 13:38:00] [SUCCESS] bvid=BV16BXUBKEBY 已成功抓取全部所需数据。
[2026-04-06 13:38:04] [SUCCESS] bvid=BV16BXUBKEiu 已成功抓取全部所需数据。
[2026-04-06 13:38:07] [SUCCESS] bvid=BV16BXUBKEs8 已成功抓取全部所需数据。
[2026-04-06 13:38:10] [SUCCESS] bvid=BV16BXqBiE7V 已成功抓取全部所需数据。
[2026-04-06 13:38:13] [SUCCESS] bvid=BV16BXzB5Ept 已成功抓取全部所需数据。
[2026-04-06 13:38:16] [SUCCESS] bvid=BV16C9LB2EZY 已成功抓取全部所需数据。
[2026-04-06 13:38:19] [SUCCESS] bvid=BV16CXTBDEKp 已成功抓取全部所需数据。
[2026-04-06 13:38:22] [SUCCESS] bvid=BV16CXTBDELR 已成功抓取全部所需数据。
[2026-04-06 13:38:26] [SUCCESS] bvid=BV16CXTBDEYk 已成功抓取全部所需数据。
[2026-04-06 13:38:29] [SUCCESS] bvid=BV16CXTBDEha 已成功抓取全部所需数据。
[2026-04-06 13:38:32] [SUCCESS] bvid=BV16CXTBDEpM 已成功抓取全部所需数据。
[2026-04-06 13:38:35] [SUCCESS] bvid=BV16CXTBDEwv 已成功抓取全部所需数据。
[2026-04-06 13:38:39] [SUCCESS] bvid=BV16CXrBUEMj 已成功抓取全部所需数据。
[2026-04-06 13:38:42] [SUCCESS] bvid=BV16CXuBbEDA 已成功抓取全部所需数据。
[2026-04-06 13:38:45] [SUCCESS] bvid=BV16D97BSE2c 已成功抓取全部所需数据。
[2026-04-06 13:38:48] [SUCCESS] bvid=BV16DX3BaE4x 已成功抓取全部所需数据。
[2026-04-06 13:38:51] [SUCCESS] bvid=BV16DX3BaEp5 已成功抓取全部所需数据。
[2026-04-06 13:38:54] [SUCCESS] bvid=BV16DXVBgEXp 已成功抓取全部所需数据。
[2026-04-06 13:38:57] [SUCCESS] bvid=BV16ED5BPEB9 已成功抓取全部所需数据。
[2026-04-06 13:39:00] [SUCCESS] bvid=BV16EX4BzEic 已成功抓取全部所需数据。
[2026-04-06 13:39:03] [SUCCESS] bvid=BV16EXBBuESv 已成功抓取全部所需数据。
[2026-04-06 13:39:06] [SUCCESS] bvid=BV16FDPBiE7Q 已成功抓取全部所需数据。
[2026-04-06 13:39:09] [SUCCESS] bvid=BV16FX8BJECk 已成功抓取全部所需数据。
[2026-04-06 13:39:12] [SUCCESS] bvid=BV16FX8BJEya 已成功抓取全部所需数据。
[2026-04-06 13:39:15] [SUCCESS] bvid=BV16G9MBREJy 已成功抓取全部所需数据。
[2026-04-06 13:39:18] [SUCCESS] bvid=BV16G9MBRESr 已成功抓取全部所需数据。
[2026-04-06 13:39:21] [SUCCESS] bvid=BV16GXVBTEbW 已成功抓取全部所需数据。
[2026-04-06 13:39:24] [SUCCESS] bvid=BV16H9ABVEH6 已成功抓取全部所需数据。
[2026-04-06 13:39:27] [SUCCESS] bvid=BV16HXMBRE3R 已成功抓取全部所需数据。
[2026-04-06 13:39:30] [SUCCESS] bvid=BV16HXMBREyg 已成功抓取全部所需数据。
[2026-04-06 13:39:33] [SUCCESS] bvid=BV16JXKBEEfq 已成功抓取全部所需数据。
[2026-04-06 13:39:36] [SUCCESS] bvid=BV16LDGBtEmT 已成功抓取全部所需数据。
[2026-04-06 13:39:39] [SUCCESS] bvid=BV16LXPBVEAw 已成功抓取全部所需数据。
[2026-04-06 13:39:42] [SUCCESS] bvid=BV16LXPBVEZe 已成功抓取全部所需数据。
[2026-04-06 13:39:45] [SUCCESS] bvid=BV16LXPBVEbJ 已成功抓取全部所需数据。
[2026-04-06 13:39:49] [SUCCESS] bvid=BV16MDMB2Ejx 已成功抓取全部所需数据。
[2026-04-06 13:39:52] [SUCCESS] bvid=BV16MXaBQEJN 已成功抓取全部所需数据。
[2026-04-06 13:39:55] [SUCCESS] bvid=BV16MXeB8E9V 已成功抓取全部所需数据。
[2026-04-06 13:39:58] [SUCCESS] bvid=BV16MXeB8ERY 已成功抓取全部所需数据。
[2026-04-06 13:40:01] [SUCCESS] bvid=BV16MXeB8ES1 已成功抓取全部所需数据。
[2026-04-06 13:40:04] [SUCCESS] bvid=BV16MXeB8Eif 已成功抓取全部所需数据。
[2026-04-06 13:40:07] [SUCCESS] bvid=BV16MXeB8Ejv 已成功抓取全部所需数据。
[2026-04-06 13:40:10] [SUCCESS] bvid=BV16MXeB8EpD 已成功抓取全部所需数据。
[2026-04-06 13:40:13] [SUCCESS] bvid=BV16MXeB8ExL 已成功抓取全部所需数据。
[2026-04-06 13:40:16] [SUCCESS] bvid=BV16MXeB8ExQ 已成功抓取全部所需数据。
[2026-04-06 13:40:19] [SUCCESS] bvid=BV16MXoBZEZz 已成功抓取全部所需数据。
[2026-04-06 13:40:23] [SUCCESS] bvid=BV16NQqBKEB3 已成功抓取全部所需数据。
[2026-04-06 13:40:26] [SUCCESS] bvid=BV16PX8B2EwX 已成功抓取全部所需数据。
[2026-04-06 13:40:29] [SUCCESS] bvid=BV16Q9JBoEWC 已成功抓取全部所需数据。
[2026-04-06 13:40:32] [SUCCESS] bvid=BV16QAuzJELC 已成功抓取全部所需数据。
[2026-04-06 13:40:35] [SUCCESS] bvid=BV16QX1BfE1D 已成功抓取全部所需数据。
[2026-04-06 13:40:37] [SUCCESS] bvid=BV16QX1BfE2Z 已成功抓取全部所需数据。
[2026-04-06 13:40:40] [SUCCESS] bvid=BV16QX1BfE6u 已成功抓取全部所需数据。
[2026-04-06 13:40:43] [SUCCESS] bvid=BV16QX1BfEUa 已成功抓取全部所需数据。
[2026-04-06 13:40:46] [SUCCESS] bvid=BV16QX1BfEt2 已成功抓取全部所需数据。
[2026-04-06 13:40:50] [SUCCESS] bvid=BV16QXVB6EBr 已成功抓取全部所需数据。
[2026-04-06 13:40:53] [SUCCESS] bvid=BV16QXVBzEE8 已成功抓取全部所需数据。
[2026-04-06 13:40:56] [SUCCESS] bvid=BV16QXVBzERB 已成功抓取全部所需数据。
[2026-04-06 13:40:59] [SUCCESS] bvid=BV16QXVBzEny 已成功抓取全部所需数据。
[2026-04-06 13:41:02] [SUCCESS] bvid=BV16RXVBqEPA 已成功抓取全部所需数据。
[2026-04-06 13:41:05] [SUCCESS] bvid=BV16RXVBqEbt 已成功抓取全部所需数据。
[2026-04-06 13:41:08] [SUCCESS] bvid=BV16RXVBqEj9 已成功抓取全部所需数据。
[2026-04-06 13:41:11] [SUCCESS] bvid=BV16RXVBqEvF 已成功抓取全部所需数据。
[2026-04-06 13:41:14] [SUCCESS] bvid=BV16RXmBiEjU 已成功抓取全部所需数据。
[2026-04-06 13:41:17] [SUCCESS] bvid=BV16RXmBvE5g 已成功抓取全部所需数据。
[2026-04-06 13:41:21] [SUCCESS] bvid=BV16S97BnEVr 已成功抓取全部所需数据。
[2026-04-06 13:41:25] [SUCCESS] bvid=BV16SX1BcE8N 已成功抓取全部所需数据。
[2026-04-06 13:41:29] [SUCCESS] bvid=BV16SX1BcECJ 已成功抓取全部所需数据。
[2026-04-06 13:41:32] [SUCCESS] bvid=BV16SX3BAEWA 已成功抓取全部所需数据。
[2026-04-06 13:41:35] [SUCCESS] bvid=BV16SX3BAEoR 已成功抓取全部所需数据。
[2026-04-06 13:41:35] [INFO] 当前 batch_crawl 已完成，所有视频均已成功抓取。
[2026-04-06 13:41:35] 子任务结束时间：2026-04-06T13:41:35.944890
[TIMESTAMP][END] 2026-04-06T13:41:35
