[TIMESTAMP][BEGIN] 2026-04-06T16:43:07
[2026-04-06 16:43:09] 开始执行 CSV 批量抓取子任务 part_40。
[2026-04-06 16:43:09] 子任务开始时间：2026-04-06T16:43:07.016038
[2026-04-06 16:43:09] 输入文件：batch_input_40.csv
[2026-04-06 16:43:09] 输入唯一 bvid 数量：100
[2026-04-06 16:43:09] 为严格按 CSV 顺序判断连续失败阈值，本次任务自动将并发度从 2 调整为 1。
[2026-04-06 16:43:13] [SUCCESS] bvid=BV1Fj9HB8Eqq 已成功抓取全部所需数据。
[2026-04-06 16:43:16] [SUCCESS] bvid=BV1FjXLBVEz1 已成功抓取全部所需数据。
[2026-04-06 16:43:19] [SUCCESS] bvid=BV1FjXSBgEdR 已成功抓取全部所需数据。
[2026-04-06 16:43:25] [SUCCESS] bvid=BV1FjXfBwEkF 已成功抓取全部所需数据。
[2026-04-06 16:43:28] [SUCCESS] bvid=BV1FjXmBYE7j 已成功抓取全部所需数据。
[2026-04-06 16:43:32] [SUCCESS] bvid=BV1FjXmBaEzd 已成功抓取全部所需数据。
[2026-04-06 16:43:35] [SUCCESS] bvid=BV1FkXTBpEjY 已成功抓取全部所需数据。
[2026-04-06 16:43:38] [SUCCESS] bvid=BV1FkXjB5E5J 已成功抓取全部所需数据。
[2026-04-06 16:43:42] [SUCCESS] bvid=BV1FkXjB5Ev6 已成功抓取全部所需数据。
[2026-04-06 16:43:45] [SUCCESS] bvid=BV1Fm9PBLELQ 已成功抓取全部所需数据。
[2026-04-06 16:43:48] [SUCCESS] bvid=BV1FmXnB4EZJ 已成功抓取全部所需数据。
[2026-04-06 16:43:52] [SUCCESS] bvid=BV1FmXuBoEiq 已成功抓取全部所需数据。
[2026-04-06 16:43:55] [SUCCESS] bvid=BV1Fn9WBvEXp 已成功抓取全部所需数据。
[2026-04-06 16:43:59] [SUCCESS] bvid=BV1Fn9WBvEmm 已成功抓取全部所需数据。
[2026-04-06 16:44:02] [SUCCESS] bvid=BV1Fn9WBvExQ 已成功抓取全部所需数据。
[2026-04-06 16:44:05] [SUCCESS] bvid=BV1Fn9cBTEYo 已成功抓取全部所需数据。
[2026-04-06 16:44:09] [SUCCESS] bvid=BV1FnXKBUEFz 已成功抓取全部所需数据。
[2026-04-06 16:44:12] [SUCCESS] bvid=BV1FnXSBBEdG 已成功抓取全部所需数据。
[2026-04-06 16:44:16] [SUCCESS] bvid=BV1FnXSBqE4f 已成功抓取全部所需数据。
[2026-04-06 16:44:19] [SUCCESS] bvid=BV1FnXSBqE4v 已成功抓取全部所需数据。
[2026-04-06 16:44:22] [SUCCESS] bvid=BV1FnXSBqETn 已成功抓取全部所需数据。
[2026-04-06 16:44:26] [SUCCESS] bvid=BV1FoXPBLEea 已成功抓取全部所需数据。
[2026-04-06 16:44:26] [ERROR] bvid=BV1FoXPBLEhc 抓取失败：meta: 接口返回错误代码：-404，信息：啥都木有。
{'code': -404, 'message': '啥都木有', 'ttl': 1}
[2026-04-06 16:44:30] [SUCCESS] bvid=BV1FoXPBLEqF 已成功抓取全部所需数据。
[2026-04-06 16:44:33] [SUCCESS] bvid=BV1FoXmBNE2E 已成功抓取全部所需数据。
[2026-04-06 16:44:37] [SUCCESS] bvid=BV1Fp9WBPEJJ 已成功抓取全部所需数据。
[2026-04-06 16:44:40] [SUCCESS] bvid=BV1Fp9WBPEKj 已成功抓取全部所需数据。
[2026-04-06 16:44:43] [SUCCESS] bvid=BV1FpDNB6EQm 已成功抓取全部所需数据。
[2026-04-06 16:44:47] [SUCCESS] bvid=BV1FpXKB7EHY 已成功抓取全部所需数据。
[2026-04-06 16:44:50] [SUCCESS] bvid=BV1FpXKB7ENd 已成功抓取全部所需数据。
[2026-04-06 16:44:53] [SUCCESS] bvid=BV1FpXbB1EQi 已成功抓取全部所需数据。
[2026-04-06 16:44:57] [SUCCESS] bvid=BV1FpXbB1EWT 已成功抓取全部所需数据。
[2026-04-06 16:45:01] [SUCCESS] bvid=BV1FpXbB1EaM 已成功抓取全部所需数据。
[2026-04-06 16:45:04] [SUCCESS] bvid=BV1FpXbB1Ebx 已成功抓取全部所需数据。
[2026-04-06 16:45:08] [SUCCESS] bvid=BV1FpXbB1Ech 已成功抓取全部所需数据。
[2026-04-06 16:45:11] [SUCCESS] bvid=BV1FpXbB1EuU 已成功抓取全部所需数据。
[2026-04-06 16:45:14] [SUCCESS] bvid=BV1Fq9FBiE5V 已成功抓取全部所需数据。
[2026-04-06 16:45:18] [SUCCESS] bvid=BV1Fq9FBiECq 已成功抓取全部所需数据。
[2026-04-06 16:45:21] [SUCCESS] bvid=BV1Fq9FBiEh6 已成功抓取全部所需数据。
[2026-04-06 16:45:24] [SUCCESS] bvid=BV1Fq9FBiEtY 已成功抓取全部所需数据。
[2026-04-06 16:45:28] [SUCCESS] bvid=BV1Fq9uBtENx 已成功抓取全部所需数据。
[2026-04-06 16:45:31] [SUCCESS] bvid=BV1Fq9uBtEYh 已成功抓取全部所需数据。
[2026-04-06 16:45:34] [SUCCESS] bvid=BV1FqXxBBEU1 已成功抓取全部所需数据。
[2026-04-06 16:45:37] [SUCCESS] bvid=BV1Fr9wBrEy7 已成功抓取全部所需数据。
[2026-04-06 16:45:41] [SUCCESS] bvid=BV1FsXMB9Exs 已成功抓取全部所需数据。
[2026-04-06 16:45:44] [SUCCESS] bvid=BV1FsXQBkEMv 已成功抓取全部所需数据。
[2026-04-06 16:45:47] [SUCCESS] bvid=BV1FsXbB5ETf 已成功抓取全部所需数据。
[2026-04-06 16:45:50] [SUCCESS] bvid=BV1FsXbB5EcF 已成功抓取全部所需数据。
[2026-04-06 16:45:53] [SUCCESS] bvid=BV1FtDuBXEJB 已成功抓取全部所需数据。
[2026-04-06 16:45:56] [SUCCESS] bvid=BV1FtDuBXEdx 已成功抓取全部所需数据。
[2026-04-06 16:46:00] [SUCCESS] bvid=BV1FtDuBXEfF 已成功抓取全部所需数据。
[2026-04-06 16:46:03] [SUCCESS] bvid=BV1FtQmBFEWj 已成功抓取全部所需数据。
[2026-04-06 16:46:06] [SUCCESS] bvid=BV1Fu97BUEL7 已成功抓取全部所需数据。
[2026-04-06 16:46:09] [SUCCESS] bvid=BV1Fu97BUEV7 已成功抓取全部所需数据。
[2026-04-06 16:46:12] [SUCCESS] bvid=BV1Fu97BUEcu 已成功抓取全部所需数据。
[2026-04-06 16:46:16] [SUCCESS] bvid=BV1FuX3BhENK 已成功抓取全部所需数据。
[2026-04-06 16:46:19] [SUCCESS] bvid=BV1FwXTBSEVB 已成功抓取全部所需数据。
[2026-04-06 16:46:22] [SUCCESS] bvid=BV1FwXTBSEdM 已成功抓取全部所需数据。
[2026-04-06 16:46:26] [SUCCESS] bvid=BV1FwXTBSEmS 已成功抓取全部所需数据。
[2026-04-06 16:46:29] [SUCCESS] bvid=BV1FwXTBSEvf 已成功抓取全部所需数据。
[2026-04-06 16:46:32] [SUCCESS] bvid=BV1FwXrBUEgk 已成功抓取全部所需数据。
[2026-04-06 16:46:35] [SUCCESS] bvid=BV1FwXrBmErZ 已成功抓取全部所需数据。
[2026-04-06 16:46:39] [SUCCESS] bvid=BV1FwwgzSEms 已成功抓取全部所需数据。
[2026-04-06 16:46:42] [SUCCESS] bvid=BV1Fy9PB7Exr 已成功抓取全部所需数据。
[2026-04-06 16:46:45] [SUCCESS] bvid=BV1Fy9wBzENY 已成功抓取全部所需数据。
[2026-04-06 16:46:48] [SUCCESS] bvid=BV1Fz9FBNEvF 已成功抓取全部所需数据。
[2026-04-06 16:46:51] [SUCCESS] bvid=BV1FzX5BBEwH 已成功抓取全部所需数据。
[2026-04-06 16:46:54] [SUCCESS] bvid=BV1FzXNB2Ef3 已成功抓取全部所需数据。
[2026-04-06 16:46:57] [SUCCESS] bvid=BV1FzXNB2EhW 已成功抓取全部所需数据。
[2026-04-06 16:47:01] [SUCCESS] bvid=BV1FzXNB2Eke 已成功抓取全部所需数据。
[2026-04-06 16:47:04] [SUCCESS] bvid=BV1FzXNB2Eyj 已成功抓取全部所需数据。
[2026-04-06 16:47:07] [SUCCESS] bvid=BV1FzXNB2Ezs 已成功抓取全部所需数据。
[2026-04-06 16:47:10] [SUCCESS] bvid=BV1G19jBNEhx 已成功抓取全部所需数据。
[2026-04-06 16:47:13] [SUCCESS] bvid=BV1G1XGBRE7D 已成功抓取全部所需数据。
[2026-04-06 16:47:16] [SUCCESS] bvid=BV1G1XGBREi7 已成功抓取全部所需数据。
[2026-04-06 16:47:19] [SUCCESS] bvid=BV1G1XYBjERc 已成功抓取全部所需数据。
[2026-04-06 16:47:22] [SUCCESS] bvid=BV1G2DuB6Etw 已成功抓取全部所需数据。
[2026-04-06 16:47:25] [SUCCESS] bvid=BV1G2XgBjEA2 已成功抓取全部所需数据。
[2026-04-06 16:47:28] [SUCCESS] bvid=BV1G2XgBjEVv 已成功抓取全部所需数据。
[2026-04-06 16:47:31] [SUCCESS] bvid=BV1G3X5BoEvt 已成功抓取全部所需数据。
[2026-04-06 16:47:35] [SUCCESS] bvid=BV1G3XDBhEfm 已成功抓取全部所需数据。
[2026-04-06 16:47:38] [SUCCESS] bvid=BV1G4XVBoE33 已成功抓取全部所需数据。
[2026-04-06 16:47:41] [SUCCESS] bvid=BV1G4XVBoE3c 已成功抓取全部所需数据。
[2026-04-06 16:47:44] [SUCCESS] bvid=BV1G4XVBoEBF 已成功抓取全部所需数据。
[2026-04-06 16:47:47] [SUCCESS] bvid=BV1G4XVBoED2 已成功抓取全部所需数据。
[2026-04-06 16:47:50] [SUCCESS] bvid=BV1G4XVBoEDh 已成功抓取全部所需数据。
[2026-04-06 16:47:53] [SUCCESS] bvid=BV1G4XVBoEJv 已成功抓取全部所需数据。
[2026-04-06 16:47:56] [SUCCESS] bvid=BV1G4XVBoERz 已成功抓取全部所需数据。
[2026-04-06 16:47:59] [SUCCESS] bvid=BV1G4XVBoEXw 已成功抓取全部所需数据。
[2026-04-06 16:48:03] [SUCCESS] bvid=BV1G4XVBoEb7 已成功抓取全部所需数据。
[2026-04-06 16:48:06] [SUCCESS] bvid=BV1G4XVBoEiq 已成功抓取全部所需数据。
[2026-04-06 16:48:09] [SUCCESS] bvid=BV1G4XVBoEuK 已成功抓取全部所需数据。
[2026-04-06 16:48:13] [SUCCESS] bvid=BV1G59FBHE3j 已成功抓取全部所需数据。
[2026-04-06 16:48:16] [SUCCESS] bvid=BV1G5XTBrESG 已成功抓取全部所需数据。
[2026-04-06 16:48:19] [SUCCESS] bvid=BV1G6XMBkE7w 已成功抓取全部所需数据。
[2026-04-06 16:48:23] [SUCCESS] bvid=BV1G6XMBkECL 已成功抓取全部所需数据。
[2026-04-06 16:48:26] [SUCCESS] bvid=BV1G6XMBkEmr 已成功抓取全部所需数据。
[2026-04-06 16:48:29] [SUCCESS] bvid=BV1G6XMBkEzF 已成功抓取全部所需数据。
[2026-04-06 16:48:32] [SUCCESS] bvid=BV1G6XkB6EJ7 已成功抓取全部所需数据。
[2026-04-06 16:48:35] [SUCCESS] bvid=BV1G7XDBbECH 已成功抓取全部所需数据。
[2026-04-06 16:48:35] [WARN] 当前子任务已结束，但仍有未成功抓取的视频，已导出 remaining CSV 供继续执行。
[2026-04-06 16:48:35] [INFO] 已导出剔除成功条目后的剩余 CSV：outputs\video_data\manual_crawls\manual_crawl_meta_mode_A_20260406_121323\remaining_bvids_part_40.csv
[2026-04-06 16:48:35] 子任务结束时间：2026-04-06T16:48:35.802310
[TIMESTAMP][END] 2026-04-06T16:48:35
