[TIMESTAMP][BEGIN] 2026-04-06T15:35:38
[2026-04-06 15:35:41] 开始执行 CSV 批量抓取子任务 part_34。
[2026-04-06 15:35:41] 子任务开始时间：2026-04-06T15:35:38.637655
[2026-04-06 15:35:41] 输入文件：batch_input_34.csv
[2026-04-06 15:35:41] 输入唯一 bvid 数量：100
[2026-04-06 15:35:41] 为严格按 CSV 顺序判断连续失败阈值，本次任务自动将并发度从 2 调整为 1。
[2026-04-06 15:35:44] [SUCCESS] bvid=BV1DQXWBJENi 已成功抓取全部所需数据。
[2026-04-06 15:35:47] [SUCCESS] bvid=BV1DRDVBSE4B 已成功抓取全部所需数据。
[2026-04-06 15:35:50] [SUCCESS] bvid=BV1DRX5B4EH1 已成功抓取全部所需数据。
[2026-04-06 15:35:54] [SUCCESS] bvid=BV1DRX5B4Eud 已成功抓取全部所需数据。
[2026-04-06 15:35:57] [SUCCESS] bvid=BV1DRXABoEfU 已成功抓取全部所需数据。
[2026-04-06 15:36:00] [SUCCESS] bvid=BV1DRXZBLE7k 已成功抓取全部所需数据。
[2026-04-06 15:36:04] [SUCCESS] bvid=BV1DRXZBLE8U 已成功抓取全部所需数据。
[2026-04-06 15:36:07] [SUCCESS] bvid=BV1DRXZBLEvY 已成功抓取全部所需数据。
[2026-04-06 15:36:10] [SUCCESS] bvid=BV1DSDuBqEJT 已成功抓取全部所需数据。
[2026-04-06 15:36:13] [SUCCESS] bvid=BV1DSDuBqEXN 已成功抓取全部所需数据。
[2026-04-06 15:36:17] [SUCCESS] bvid=BV1DSDuBqEXa 已成功抓取全部所需数据。
[2026-04-06 15:36:20] [SUCCESS] bvid=BV1DSDuBqEqT 已成功抓取全部所需数据。
[2026-04-06 15:36:24] [SUCCESS] bvid=BV1DSXYBkEjo 已成功抓取全部所需数据。
[2026-04-06 15:36:27] [SUCCESS] bvid=BV1DT9NBhEKC 已成功抓取全部所需数据。
[2026-04-06 15:36:30] [SUCCESS] bvid=BV1DTAMzhEvS 已成功抓取全部所需数据。
[2026-04-06 15:36:33] [SUCCESS] bvid=BV1DTXYB3ESo 已成功抓取全部所需数据。
[2026-04-06 15:36:37] [SUCCESS] bvid=BV1DTXkBAEVi 已成功抓取全部所需数据。
[2026-04-06 15:36:40] [SUCCESS] bvid=BV1DV93BDEeU 已成功抓取全部所需数据。
[2026-04-06 15:36:43] [SUCCESS] bvid=BV1DVX5BsEj4 已成功抓取全部所需数据。
[2026-04-06 15:36:47] [SUCCESS] bvid=BV1DVXNBYEZX 已成功抓取全部所需数据。
[2026-04-06 15:36:50] [SUCCESS] bvid=BV1DVXUBpEvf 已成功抓取全部所需数据。
[2026-04-06 15:36:54] [SUCCESS] bvid=BV1DWDKBZEPP 已成功抓取全部所需数据。
[2026-04-06 15:36:57] [SUCCESS] bvid=BV1DWDMBiEZZ 已成功抓取全部所需数据。
[2026-04-06 15:37:00] [SUCCESS] bvid=BV1DWXrBaECe 已成功抓取全部所需数据。
[2026-04-06 15:37:03] [SUCCESS] bvid=BV1DWXrBaEX9 已成功抓取全部所需数据。
[2026-04-06 15:37:06] [SUCCESS] bvid=BV1DWXuBGEPD 已成功抓取全部所需数据。
[2026-04-06 15:37:09] [SUCCESS] bvid=BV1DX9EBMEH7 已成功抓取全部所需数据。
[2026-04-06 15:37:12] [SUCCESS] bvid=BV1DX9TBBEcc 已成功抓取全部所需数据。
[2026-04-06 15:37:15] [SUCCESS] bvid=BV1DXX5BZEed 已成功抓取全部所需数据。
[2026-04-06 15:37:18] [SUCCESS] bvid=BV1DXXvBEEv5 已成功抓取全部所需数据。
[2026-04-06 15:37:21] [SUCCESS] bvid=BV1DYXLB8Efg 已成功抓取全部所需数据。
[2026-04-06 15:37:25] [SUCCESS] bvid=BV1DYXVBQE6c 已成功抓取全部所需数据。
[2026-04-06 15:37:28] [SUCCESS] bvid=BV1DYXVBQEEn 已成功抓取全部所需数据。
[2026-04-06 15:37:31] [SUCCESS] bvid=BV1DYXVBQEaq 已成功抓取全部所需数据。
[2026-04-06 15:37:34] [SUCCESS] bvid=BV1DYXVBQEjS 已成功抓取全部所需数据。
[2026-04-06 15:37:38] [SUCCESS] bvid=BV1DYXVBQEzX 已成功抓取全部所需数据。
[2026-04-06 15:37:41] [SUCCESS] bvid=BV1DZDVBmEcf 已成功抓取全部所需数据。
[2026-04-06 15:37:44] [SUCCESS] bvid=BV1DZXNBYEJY 已成功抓取全部所需数据。
[2026-04-06 15:37:47] [SUCCESS] bvid=BV1DZXzBhEZH 已成功抓取全部所需数据。
[2026-04-06 15:37:50] [SUCCESS] bvid=BV1DaXVBpE3n 已成功抓取全部所需数据。
[2026-04-06 15:37:54] [SUCCESS] bvid=BV1DaXVBpE5H 已成功抓取全部所需数据。
[2026-04-06 15:37:57] [SUCCESS] bvid=BV1DaXVBpEPh 已成功抓取全部所需数据。
[2026-04-06 15:38:00] [SUCCESS] bvid=BV1DaXVBpEwY 已成功抓取全部所需数据。
[2026-04-06 15:38:03] [SUCCESS] bvid=BV1DaXmBnE8Q 已成功抓取全部所需数据。
[2026-04-06 15:38:07] [SUCCESS] bvid=BV1DaXmBnEUV 已成功抓取全部所需数据。
[2026-04-06 15:38:07] [ERROR] bvid=BV1DaXmBnEqz 抓取失败：meta: 接口返回错误代码：62012，信息：62012。
{'code': 62012, 'message': '62012', 'ttl': 1}
[2026-04-06 15:38:10] [SUCCESS] bvid=BV1DbX1ByEhS 已成功抓取全部所需数据。
[2026-04-06 15:38:13] [SUCCESS] bvid=BV1DbX1ByEwN 已成功抓取全部所需数据。
[2026-04-06 15:38:16] [SUCCESS] bvid=BV1DbX3B2Em2 已成功抓取全部所需数据。
[2026-04-06 15:38:19] [SUCCESS] bvid=BV1DbXVBsEdV 已成功抓取全部所需数据。
[2026-04-06 15:38:22] [SUCCESS] bvid=BV1DbXVBsEoA 已成功抓取全部所需数据。
[2026-04-06 15:38:25] [SUCCESS] bvid=BV1Dc9ABoEZy 已成功抓取全部所需数据。
[2026-04-06 15:38:28] [SUCCESS] bvid=BV1DcXKBhEMJ 已成功抓取全部所需数据。
[2026-04-06 15:38:31] [SUCCESS] bvid=BV1DcXKBhEcP 已成功抓取全部所需数据。
[2026-04-06 15:38:34] [SUCCESS] bvid=BV1DcXMBuEWP 已成功抓取全部所需数据。
[2026-04-06 15:38:38] [SUCCESS] bvid=BV1DcXbBfEM1 已成功抓取全部所需数据。
[2026-04-06 15:38:41] [SUCCESS] bvid=BV1DcXhBqELi 已成功抓取全部所需数据。
[2026-04-06 15:38:44] [SUCCESS] bvid=BV1Dd9FBpE4i 已成功抓取全部所需数据。
[2026-04-06 15:38:47] [SUCCESS] bvid=BV1Dd9FBpEZP 已成功抓取全部所需数据。
[2026-04-06 15:38:51] [SUCCESS] bvid=BV1DdXUB9EP2 已成功抓取全部所需数据。
[2026-04-06 15:38:54] [SUCCESS] bvid=BV1De9JBuEBa 已成功抓取全部所需数据。
[2026-04-06 15:38:58] [SUCCESS] bvid=BV1De9MB6ETH 已成功抓取全部所需数据。
[2026-04-06 15:39:02] [SUCCESS] bvid=BV1DeXLBfEBV 已成功抓取全部所需数据。
[2026-04-06 15:39:05] [SUCCESS] bvid=BV1DeXLBfEJu 已成功抓取全部所需数据。
[2026-04-06 15:39:08] [SUCCESS] bvid=BV1DeXLBfEa8 已成功抓取全部所需数据。
[2026-04-06 15:39:12] [SUCCESS] bvid=BV1Df9FBnE1J 已成功抓取全部所需数据。
[2026-04-06 15:39:15] [SUCCESS] bvid=BV1Df9FBnE1u 已成功抓取全部所需数据。
[2026-04-06 15:39:19] [SUCCESS] bvid=BV1Df9FBnEE6 已成功抓取全部所需数据。
[2026-04-06 15:39:22] [SUCCESS] bvid=BV1Df9FBnEPK 已成功抓取全部所需数据。
[2026-04-06 15:39:32] [SUCCESS] bvid=BV1Df9FBnEVm 已成功抓取全部所需数据。
[2026-04-06 15:39:35] [SUCCESS] bvid=BV1Df9FBnEWL 已成功抓取全部所需数据。
[2026-04-06 15:39:38] [SUCCESS] bvid=BV1Df9FBnEbG 已成功抓取全部所需数据。
[2026-04-06 15:39:42] [SUCCESS] bvid=BV1Df9FBnEbW 已成功抓取全部所需数据。
[2026-04-06 15:39:45] [SUCCESS] bvid=BV1Df9FBnEhx 已成功抓取全部所需数据。
[2026-04-06 15:39:49] [SUCCESS] bvid=BV1Df9FBnEi5 已成功抓取全部所需数据。
[2026-04-06 15:39:52] [SUCCESS] bvid=BV1Df9FBnEsU 已成功抓取全部所需数据。
[2026-04-06 15:39:55] [SUCCESS] bvid=BV1Df9FBnEtd 已成功抓取全部所需数据。
[2026-04-06 15:39:59] [SUCCESS] bvid=BV1DgXGBUEQC 已成功抓取全部所需数据。
[2026-04-06 15:40:02] [SUCCESS] bvid=BV1DgXYBuEKc 已成功抓取全部所需数据。
[2026-04-06 15:40:05] [SUCCESS] bvid=BV1DgXYBuETt 已成功抓取全部所需数据。
[2026-04-06 15:40:09] [SUCCESS] bvid=BV1DhX3BLEN8 已成功抓取全部所需数据。
[2026-04-06 15:40:12] [SUCCESS] bvid=BV1DhwqzCE6J 已成功抓取全部所需数据。
[2026-04-06 15:40:16] [SUCCESS] bvid=BV1DiXLBtE1C 已成功抓取全部所需数据。
[2026-04-06 15:40:19] [SUCCESS] bvid=BV1DiXLBtEMo 已成功抓取全部所需数据。
[2026-04-06 15:40:23] [SUCCESS] bvid=BV1DiXPBfEim 已成功抓取全部所需数据。
[2026-04-06 15:40:26] [SUCCESS] bvid=BV1DiXSBxE7u 已成功抓取全部所需数据。
[2026-04-06 15:40:29] [SUCCESS] bvid=BV1DiXmBmE7s 已成功抓取全部所需数据。
[2026-04-06 15:40:33] [SUCCESS] bvid=BV1DiXmBmEjb 已成功抓取全部所需数据。
[2026-04-06 15:40:36] [SUCCESS] bvid=BV1DiXmBmEux 已成功抓取全部所需数据。
[2026-04-06 15:40:40] [SUCCESS] bvid=BV1DjX5BpE3v 已成功抓取全部所需数据。
[2026-04-06 15:40:43] [SUCCESS] bvid=BV1DjX5BpEJK 已成功抓取全部所需数据。
[2026-04-06 15:40:46] [SUCCESS] bvid=BV1DjXNBhE7W 已成功抓取全部所需数据。
[2026-04-06 15:40:50] [SUCCESS] bvid=BV1DjXNBhEoX 已成功抓取全部所需数据。
[2026-04-06 15:40:53] [SUCCESS] bvid=BV1DjXNBhEuQ 已成功抓取全部所需数据。
[2026-04-06 15:40:56] [SUCCESS] bvid=BV1DjXUBnEUz 已成功抓取全部所需数据。
[2026-04-06 15:40:59] [SUCCESS] bvid=BV1DjXjBcE8F 已成功抓取全部所需数据。
[2026-04-06 15:41:02] [SUCCESS] bvid=BV1DjXjBcEXD 已成功抓取全部所需数据。
[2026-04-06 15:41:06] [SUCCESS] bvid=BV1DjXjBcEsq 已成功抓取全部所需数据。
[2026-04-06 15:41:09] [SUCCESS] bvid=BV1DjXzBbEEU 已成功抓取全部所需数据。
[2026-04-06 15:41:12] [SUCCESS] bvid=BV1DjXzBbES9 已成功抓取全部所需数据。
[2026-04-06 15:41:12] [WARN] 当前子任务已结束，但仍有未成功抓取的视频，已导出 remaining CSV 供继续执行。
[2026-04-06 15:41:12] [INFO] 已导出剔除成功条目后的剩余 CSV：outputs\video_data\manual_crawls\manual_crawl_meta_mode_A_20260406_121323\remaining_bvids_part_34.csv
[2026-04-06 15:41:12] 子任务结束时间：2026-04-06T15:41:12.817118
[TIMESTAMP][END] 2026-04-06T15:41:12
