[TIMESTAMP][BEGIN] 2026-04-06T15:19:22
[2026-04-06 15:19:25] 开始执行 CSV 批量抓取子任务 part_31。
[2026-04-06 15:19:25] 子任务开始时间：2026-04-06T15:19:22.838951
[2026-04-06 15:19:25] 输入文件：batch_input_31.csv
[2026-04-06 15:19:25] 输入唯一 bvid 数量：100
[2026-04-06 15:19:25] 为严格按 CSV 顺序判断连续失败阈值，本次任务自动将并发度从 2 调整为 1。
[2026-04-06 15:19:28] [SUCCESS] bvid=BV1CQD5BrEpm 已成功抓取全部所需数据。
[2026-04-06 15:19:31] [SUCCESS] bvid=BV1CQXLB7EXQ 已成功抓取全部所需数据。
[2026-04-06 15:19:34] [SUCCESS] bvid=BV1CQXLB7Ek7 已成功抓取全部所需数据。
[2026-04-06 15:19:37] [SUCCESS] bvid=BV1CQXLBEEw8 已成功抓取全部所需数据。
[2026-04-06 15:19:40] [SUCCESS] bvid=BV1CQXPBUExW 已成功抓取全部所需数据。
[2026-04-06 15:19:43] [SUCCESS] bvid=BV1CQXSBLE2W 已成功抓取全部所需数据。
[2026-04-06 15:19:46] [SUCCESS] bvid=BV1CQXSBLE8x 已成功抓取全部所需数据。
[2026-04-06 15:19:49] [SUCCESS] bvid=BV1CQXSBLECu 已成功抓取全部所需数据。
[2026-04-06 15:19:52] [SUCCESS] bvid=BV1CR9ABDEdk 已成功抓取全部所需数据。
[2026-04-06 15:19:55] [SUCCESS] bvid=BV1CR9WB3EB1 已成功抓取全部所需数据。
[2026-04-06 15:19:59] [SUCCESS] bvid=BV1CR9WB3EFH 已成功抓取全部所需数据。
[2026-04-06 15:20:02] [SUCCESS] bvid=BV1CRDNBmE4B 已成功抓取全部所需数据。
[2026-04-06 15:20:06] [SUCCESS] bvid=BV1CRXKBsEoe 已成功抓取全部所需数据。
[2026-04-06 15:20:09] [SUCCESS] bvid=BV1CRXSBVEGP 已成功抓取全部所需数据。
[2026-04-06 15:20:12] [SUCCESS] bvid=BV1CRXSBVEbf 已成功抓取全部所需数据。
[2026-04-06 15:20:16] [SUCCESS] bvid=BV1CRXbBXETp 已成功抓取全部所需数据。
[2026-04-06 15:20:19] [SUCCESS] bvid=BV1CRXbBXEfY 已成功抓取全部所需数据。
[2026-04-06 15:20:22] [SUCCESS] bvid=BV1CSXLBUEF6 已成功抓取全部所需数据。
[2026-04-06 15:20:23] [ERROR] bvid=BV1CSXLBUEHK 抓取失败：meta: 接口返回错误代码：62002，信息：稿件不可见。
{'code': 62002, 'message': '稿件不可见', 'ttl': 1}
[2026-04-06 15:20:26] [SUCCESS] bvid=BV1CSXLBUEJA 已成功抓取全部所需数据。
[2026-04-06 15:20:29] [SUCCESS] bvid=BV1CSXLBUEew 已成功抓取全部所需数据。
[2026-04-06 15:20:33] [SUCCESS] bvid=BV1CSXSB2ESh 已成功抓取全部所需数据。
[2026-04-06 15:20:36] [SUCCESS] bvid=BV1CSXSB2Efx 已成功抓取全部所需数据。
[2026-04-06 15:20:40] [SUCCESS] bvid=BV1CSXsB6Ekr 已成功抓取全部所需数据。
[2026-04-06 15:20:43] [SUCCESS] bvid=BV1CTXPBUEac 已成功抓取全部所需数据。
[2026-04-06 15:20:46] [SUCCESS] bvid=BV1CTXPBUEvp 已成功抓取全部所需数据。
[2026-04-06 15:20:49] [SUCCESS] bvid=BV1CU9HBqE1S 已成功抓取全部所需数据。
[2026-04-06 15:20:52] [SUCCESS] bvid=BV1CUXLBJESQ 已成功抓取全部所需数据。
[2026-04-06 15:20:56] [SUCCESS] bvid=BV1CUXPBDEoD 已成功抓取全部所需数据。
[2026-04-06 15:20:59] [SUCCESS] bvid=BV1CUXVBrEMV 已成功抓取全部所需数据。
[2026-04-06 15:21:02] [SUCCESS] bvid=BV1CUXVBrEWh 已成功抓取全部所需数据。
[2026-04-06 15:21:06] [SUCCESS] bvid=BV1CUXVBrEbi 已成功抓取全部所需数据。
[2026-04-06 15:21:06] [ERROR] bvid=BV1CUXVBrEbz 抓取失败：meta: 接口返回错误代码：62002，信息：稿件不可见。
{'code': 62002, 'message': '稿件不可见', 'ttl': 1}
[2026-04-06 15:21:09] [SUCCESS] bvid=BV1CUXVBrEqB 已成功抓取全部所需数据。
[2026-04-06 15:21:13] [SUCCESS] bvid=BV1CUXVBrEqP 已成功抓取全部所需数据。
[2026-04-06 15:21:16] [SUCCESS] bvid=BV1CUXVBrEwo 已成功抓取全部所需数据。
[2026-04-06 15:21:20] [SUCCESS] bvid=BV1CUXmBzEDf 已成功抓取全部所需数据。
[2026-04-06 15:21:23] [SUCCESS] bvid=BV1CUXmBzEQA 已成功抓取全部所需数据。
[2026-04-06 15:21:26] [SUCCESS] bvid=BV1CUXmBzERK 已成功抓取全部所需数据。
[2026-04-06 15:21:29] [SUCCESS] bvid=BV1CUXmBzERq 已成功抓取全部所需数据。
[2026-04-06 15:21:32] [SUCCESS] bvid=BV1CUXmBzEfu 已成功抓取全部所需数据。
[2026-04-06 15:21:36] [SUCCESS] bvid=BV1CUXmBzEuZ 已成功抓取全部所需数据。
[2026-04-06 15:21:39] [SUCCESS] bvid=BV1CUXmBzEyT 已成功抓取全部所需数据。
[2026-04-06 15:21:43] [SUCCESS] bvid=BV1CVX6BnEbi 已成功抓取全部所需数据。
[2026-04-06 15:21:47] [SUCCESS] bvid=BV1CVX6BnEzf 已成功抓取全部所需数据。
[2026-04-06 15:21:50] [SUCCESS] bvid=BV1CVXBBkE5d 已成功抓取全部所需数据。
[2026-04-06 15:21:53] [SUCCESS] bvid=BV1CVXKBpEM4 已成功抓取全部所需数据。
[2026-04-06 15:21:56] [SUCCESS] bvid=BV1CVXKBpEQm 已成功抓取全部所需数据。
[2026-04-06 15:22:07] [SUCCESS] bvid=BV1CVXKBpEdh 已成功抓取全部所需数据。
[2026-04-06 15:22:11] [SUCCESS] bvid=BV1CVXKBpEgC 已成功抓取全部所需数据。
[2026-04-06 15:22:14] [SUCCESS] bvid=BV1CVXKBpEu6 已成功抓取全部所需数据。
[2026-04-06 15:22:18] [SUCCESS] bvid=BV1CVXbBDEPD 已成功抓取全部所需数据。
[2026-04-06 15:22:21] [SUCCESS] bvid=BV1CW9TBtEvR 已成功抓取全部所需数据。
[2026-04-06 15:22:25] [SUCCESS] bvid=BV1CW9jBJENV 已成功抓取全部所需数据。
[2026-04-06 15:22:29] [SUCCESS] bvid=BV1CWXgBwE8u 已成功抓取全部所需数据。
[2026-04-06 15:22:32] [SUCCESS] bvid=BV1CX9gBKETq 已成功抓取全部所需数据。
[2026-04-06 15:22:35] [SUCCESS] bvid=BV1CXDGBAEPC 已成功抓取全部所需数据。
[2026-04-06 15:22:39] [SUCCESS] bvid=BV1CXXLB2EYE 已成功抓取全部所需数据。
[2026-04-06 15:22:43] [SUCCESS] bvid=BV1CXXLB2Etc 已成功抓取全部所需数据。
[2026-04-06 15:22:47] [SUCCESS] bvid=BV1CXXSByE1r 已成功抓取全部所需数据。
[2026-04-06 15:22:51] [SUCCESS] bvid=BV1CY9VB1EmP 已成功抓取全部所需数据。
[2026-04-06 15:22:55] [SUCCESS] bvid=BV1CYXDB7EB1 已成功抓取全部所需数据。
[2026-04-06 15:22:58] [SUCCESS] bvid=BV1CYXDB7EPW 已成功抓取全部所需数据。
[2026-04-06 15:23:02] [SUCCESS] bvid=BV1CYXNBSE1K 已成功抓取全部所需数据。
[2026-04-06 15:23:05] [SUCCESS] bvid=BV1CYXNBSE1Z 已成功抓取全部所需数据。
[2026-04-06 15:23:06] [ERROR] bvid=BV1CYXNBSE7N 抓取失败：meta: 接口返回错误代码：62002，信息：稿件不可见。
{'code': 62002, 'message': '稿件不可见', 'ttl': 1}
[2026-04-06 15:23:09] [SUCCESS] bvid=BV1CYXNBSEEZ 已成功抓取全部所需数据。
[2026-04-06 15:23:12] [SUCCESS] bvid=BV1CYXNBSEK3 已成功抓取全部所需数据。
[2026-04-06 15:23:16] [SUCCESS] bvid=BV1CYXNBSELR 已成功抓取全部所需数据。
[2026-04-06 15:23:19] [SUCCESS] bvid=BV1CYXNBSEMv 已成功抓取全部所需数据。
[2026-04-06 15:23:22] [SUCCESS] bvid=BV1CYXNBSEpo 已成功抓取全部所需数据。
[2026-04-06 15:23:26] [SUCCESS] bvid=BV1CYXNBSEuq 已成功抓取全部所需数据。
[2026-04-06 15:23:29] [SUCCESS] bvid=BV1CYXNBSExL 已成功抓取全部所需数据。
[2026-04-06 15:23:33] [SUCCESS] bvid=BV1CYXTBtE1r 已成功抓取全部所需数据。
[2026-04-06 15:23:36] [SUCCESS] bvid=BV1CYXjBJEoT 已成功抓取全部所需数据。
[2026-04-06 15:23:39] [SUCCESS] bvid=BV1CYXjBJEyx 已成功抓取全部所需数据。
[2026-04-06 15:23:43] [SUCCESS] bvid=BV1CZDTBWEke 已成功抓取全部所需数据。
[2026-04-06 15:23:46] [SUCCESS] bvid=BV1CZXbBDEJw 已成功抓取全部所需数据。
[2026-04-06 15:23:49] [SUCCESS] bvid=BV1CZXbBDEc4 已成功抓取全部所需数据。
[2026-04-06 15:23:52] [SUCCESS] bvid=BV1CZXbBDEgj 已成功抓取全部所需数据。
[2026-04-06 15:23:55] [SUCCESS] bvid=BV1Ca9VBjEoe 已成功抓取全部所需数据。
[2026-04-06 15:23:58] [SUCCESS] bvid=BV1CaXNBnEKD 已成功抓取全部所需数据。
[2026-04-06 15:24:01] [SUCCESS] bvid=BV1CaXNBnENK 已成功抓取全部所需数据。
[2026-04-06 15:24:04] [SUCCESS] bvid=BV1CaXUBgE59 已成功抓取全部所需数据。
[2026-04-06 15:24:07] [SUCCESS] bvid=BV1CaXUBgEK2 已成功抓取全部所需数据。
[2026-04-06 15:24:10] [SUCCESS] bvid=BV1CaXzBEE4q 已成功抓取全部所需数据。
[2026-04-06 15:24:13] [SUCCESS] bvid=BV1CaXzBEEDw 已成功抓取全部所需数据。
[2026-04-06 15:24:17] [SUCCESS] bvid=BV1CaXzBEEEx 已成功抓取全部所需数据。
[2026-04-06 15:24:20] [SUCCESS] bvid=BV1CaXzBEEra 已成功抓取全部所需数据。
[2026-04-06 15:24:24] [SUCCESS] bvid=BV1CbX2BeEpC 已成功抓取全部所需数据。
[2026-04-06 15:24:28] [SUCCESS] bvid=BV1CbX5B5E1P 已成功抓取全部所需数据。
[2026-04-06 15:24:31] [SUCCESS] bvid=BV1CbXNBpEXn 已成功抓取全部所需数据。
[2026-04-06 15:24:35] [SUCCESS] bvid=BV1CbXNBpEfX 已成功抓取全部所需数据。
[2026-04-06 15:24:38] [SUCCESS] bvid=BV1CbXNBpEoS 已成功抓取全部所需数据。
[2026-04-06 15:24:42] [SUCCESS] bvid=BV1CbXZBPECb 已成功抓取全部所需数据。
[2026-04-06 15:24:45] [SUCCESS] bvid=BV1CbXqBkELa 已成功抓取全部所需数据。
[2026-04-06 15:24:48] [SUCCESS] bvid=BV1Cc9KBsEBK 已成功抓取全部所需数据。
[2026-04-06 15:24:52] [SUCCESS] bvid=BV1Cc9LBjEwA 已成功抓取全部所需数据。
[2026-04-06 15:24:55] [SUCCESS] bvid=BV1CcDMBHEbm 已成功抓取全部所需数据。
[2026-04-06 15:24:58] [SUCCESS] bvid=BV1CcXRBREC6 已成功抓取全部所需数据。
[2026-04-06 15:24:58] [WARN] 当前子任务已结束，但仍有未成功抓取的视频，已导出 remaining CSV 供继续执行。
[2026-04-06 15:24:58] [INFO] 已导出剔除成功条目后的剩余 CSV：outputs\video_data\manual_crawls\manual_crawl_meta_mode_A_20260406_121323\remaining_bvids_part_31.csv
[2026-04-06 15:24:58] 子任务结束时间：2026-04-06T15:24:58.702864
[TIMESTAMP][END] 2026-04-06T15:24:58
