[TIMESTAMP][BEGIN] 2026-04-06T17:54:22
[2026-04-06 17:54:25] 开始执行 CSV 批量抓取子任务 part_49。
[2026-04-06 17:54:25] 子任务开始时间：2026-04-06T17:54:22.780087
[2026-04-06 17:54:25] 输入文件：batch_input_49.csv
[2026-04-06 17:54:25] 输入唯一 bvid 数量：100
[2026-04-06 17:54:25] 为严格按 CSV 顺序判断连续失败阈值，本次任务自动将并发度从 2 调整为 1。
[2026-04-06 17:54:29] [SUCCESS] bvid=BV1K1XmBkEcB 已成功抓取全部所需数据。
[2026-04-06 17:54:32] [SUCCESS] bvid=BV1K1XmBkEgZ 已成功抓取全部所需数据。
[2026-04-06 17:54:36] [SUCCESS] bvid=BV1K29gBgEG1 已成功抓取全部所需数据。
[2026-04-06 17:54:41] [SUCCESS] bvid=BV1K29gBgELV 已成功抓取全部所需数据。
[2026-04-06 17:54:45] [SUCCESS] bvid=BV1K2DABjETz 已成功抓取全部所需数据。
[2026-04-06 17:54:49] [SUCCESS] bvid=BV1K2X6BZEZL 已成功抓取全部所需数据。
[2026-04-06 17:54:53] [SUCCESS] bvid=BV1K2XLBQE2y 已成功抓取全部所需数据。
[2026-04-06 17:54:57] [SUCCESS] bvid=BV1K4XNBREVk 已成功抓取全部所需数据。
[2026-04-06 17:55:01] [SUCCESS] bvid=BV1K4XNBREsK 已成功抓取全部所需数据。
[2026-04-06 17:55:04] [SUCCESS] bvid=BV1K4XUByEjM 已成功抓取全部所需数据。
[2026-04-06 17:55:08] [SUCCESS] bvid=BV1K4XzBXEYc 已成功抓取全部所需数据。
[2026-04-06 17:55:11] [SUCCESS] bvid=BV1K59NBoE2y 已成功抓取全部所需数据。
[2026-04-06 17:55:11] [ERROR] bvid=BV1K59jB4EEu 抓取失败：meta: 接口返回错误代码：62002，信息：稿件不可见。
{'code': 62002, 'message': '稿件不可见', 'ttl': 1}
[2026-04-06 17:55:15] [SUCCESS] bvid=BV1K5DTB9E77 已成功抓取全部所需数据。
[2026-04-06 17:55:18] [SUCCESS] bvid=BV1K5DuBaE9U 已成功抓取全部所需数据。
[2026-04-06 17:55:22] [SUCCESS] bvid=BV1K5XMBhELe 已成功抓取全部所需数据。
[2026-04-06 17:55:26] [SUCCESS] bvid=BV1K5XYBqELi 已成功抓取全部所需数据。
[2026-04-06 17:55:29] [SUCCESS] bvid=BV1K697BtEKe 已成功抓取全部所需数据。
[2026-04-06 17:55:32] [SUCCESS] bvid=BV1K69MBiE6D 已成功抓取全部所需数据。
[2026-04-06 17:55:37] [SUCCESS] bvid=BV1K69MBiEu6 已成功抓取全部所需数据。
[2026-04-06 17:55:40] [SUCCESS] bvid=BV1K7XWBCE8u 已成功抓取全部所需数据。
[2026-04-06 17:55:44] [SUCCESS] bvid=BV1K89VBUEsD 已成功抓取全部所需数据。
[2026-04-06 17:55:48] [SUCCESS] bvid=BV1K8X8BfEEw 已成功抓取全部所需数据。
[2026-04-06 17:55:52] [SUCCESS] bvid=BV1K8X8BfEdN 已成功抓取全部所需数据。
[2026-04-06 17:55:56] [SUCCESS] bvid=BV1K8XDBnEZu 已成功抓取全部所需数据。
[2026-04-06 17:56:00] [SUCCESS] bvid=BV1K8XDBnEkd 已成功抓取全部所需数据。
[2026-04-06 17:56:04] [SUCCESS] bvid=BV1K8XTBhEZm 已成功抓取全部所需数据。
[2026-04-06 17:56:08] [SUCCESS] bvid=BV1K9X9BhETm 已成功抓取全部所需数据。
[2026-04-06 17:56:12] [SUCCESS] bvid=BV1K9XgBkEd1 已成功抓取全部所需数据。
[2026-04-06 17:56:17] [SUCCESS] bvid=BV1K9XgBrEb8 已成功抓取全部所需数据。
[2026-04-06 17:56:21] [SUCCESS] bvid=BV1K9XgBrEt9 已成功抓取全部所需数据。
[2026-04-06 17:56:25] [SUCCESS] bvid=BV1KAXVBVEFd 已成功抓取全部所需数据。
[2026-04-06 17:56:29] [SUCCESS] bvid=BV1KAXVBVETQ 已成功抓取全部所需数据。
[2026-04-06 17:56:34] [SUCCESS] bvid=BV1KAXVBVEnK 已成功抓取全部所需数据。
[2026-04-06 17:56:37] [SUCCESS] bvid=BV1KB9KBFEBk 已成功抓取全部所需数据。
[2026-04-06 17:56:41] [SUCCESS] bvid=BV1KB9KBFEX1 已成功抓取全部所需数据。
[2026-04-06 17:56:45] [SUCCESS] bvid=BV1KBX1BzEB6 已成功抓取全部所需数据。
[2026-04-06 17:56:49] [SUCCESS] bvid=BV1KBX1BzEjQ 已成功抓取全部所需数据。
[2026-04-06 17:56:49] [ERROR] bvid=BV1KBX1BzEjy 抓取失败：meta: 接口返回错误代码：62002，信息：稿件不可见。
{'code': 62002, 'message': '稿件不可见', 'ttl': 1}
[2026-04-06 17:56:53] [SUCCESS] bvid=BV1KBX3BrEtc 已成功抓取全部所需数据。
[2026-04-06 17:56:57] [SUCCESS] bvid=BV1KC9MBeE3C 已成功抓取全部所需数据。
[2026-04-06 17:57:01] [SUCCESS] bvid=BV1KCXLB9Eaw 已成功抓取全部所需数据。
[2026-04-06 17:57:04] [SUCCESS] bvid=BV1KCXLB9Ed7 已成功抓取全部所需数据。
[2026-04-06 17:57:08] [SUCCESS] bvid=BV1KCXLB9Et1 已成功抓取全部所需数据。
[2026-04-06 17:57:12] [SUCCESS] bvid=BV1KEXvBkEEh 已成功抓取全部所需数据。
[2026-04-06 17:57:16] [SUCCESS] bvid=BV1KEcrzLEiN 已成功抓取全部所需数据。
[2026-04-06 17:57:19] [SUCCESS] bvid=BV1KF9JBYEPS 已成功抓取全部所需数据。
[2026-04-06 17:57:22] [SUCCESS] bvid=BV1KFX1BvEM1 已成功抓取全部所需数据。
[2026-04-06 17:57:26] [SUCCESS] bvid=BV1KFX1BvEV6 已成功抓取全部所需数据。
[2026-04-06 17:57:30] [SUCCESS] bvid=BV1KFXVBLE91 已成功抓取全部所需数据。
[2026-04-06 17:57:33] [SUCCESS] bvid=BV1KFXVBLEH9 已成功抓取全部所需数据。
[2026-04-06 17:57:37] [SUCCESS] bvid=BV1KFXVBLEXm 已成功抓取全部所需数据。
[2026-04-06 18:07:41] [SUCCESS] bvid=BV1KFXVBLEgc 已成功抓取全部所需数据。
[2026-04-06 18:07:45] [SUCCESS] bvid=BV1KFXVBLEpc 已成功抓取全部所需数据。
[2026-04-06 18:07:50] [SUCCESS] bvid=BV1KGXQBDEwu 已成功抓取全部所需数据。
[2026-04-06 18:07:53] [SUCCESS] bvid=BV1KH9uBBE1c 已成功抓取全部所需数据。
[2026-04-06 18:07:57] [SUCCESS] bvid=BV1KH9uBBEK3 已成功抓取全部所需数据。
[2026-04-06 18:08:00] [SUCCESS] bvid=BV1KH9uBBEwJ 已成功抓取全部所需数据。
[2026-04-06 18:08:04] [SUCCESS] bvid=BV1KJ9TBwEf3 已成功抓取全部所需数据。
[2026-04-06 18:08:08] [SUCCESS] bvid=BV1KJXZBgE5t 已成功抓取全部所需数据。
[2026-04-06 18:08:12] [SUCCESS] bvid=BV1KK9HBTEMm 已成功抓取全部所需数据。
[2026-04-06 18:08:15] [SUCCESS] bvid=BV1KKDABCEnY 已成功抓取全部所需数据。
[2026-04-06 18:08:19] [SUCCESS] bvid=BV1KKXPBnE8z 已成功抓取全部所需数据。
[2026-04-06 18:08:22] [SUCCESS] bvid=BV1KKXQBREZ8 已成功抓取全部所需数据。
[2026-04-06 18:08:26] [SUCCESS] bvid=BV1KLXHBTEKm 已成功抓取全部所需数据。
[2026-04-06 18:08:29] [SUCCESS] bvid=BV1KLXkBZE5U 已成功抓取全部所需数据。
[2026-04-06 18:08:32] [SUCCESS] bvid=BV1KLXkBZENH 已成功抓取全部所需数据。
[2026-04-06 18:08:35] [SUCCESS] bvid=BV1KM9cBLEfo 已成功抓取全部所需数据。
[2026-04-06 18:08:39] [SUCCESS] bvid=BV1KMXKBoEtj 已成功抓取全部所需数据。
[2026-04-06 18:08:42] [SUCCESS] bvid=BV1KN9WB1Emp 已成功抓取全部所需数据。
[2026-04-06 18:08:46] [SUCCESS] bvid=BV1KNXLBSEVr 已成功抓取全部所需数据。
[2026-04-06 18:08:49] [SUCCESS] bvid=BV1KNXSBmEUu 已成功抓取全部所需数据。
[2026-04-06 18:08:52] [SUCCESS] bvid=BV1KPXLBHEFJ 已成功抓取全部所需数据。
[2026-04-06 18:08:56] [SUCCESS] bvid=BV1KPXSBEE88 已成功抓取全部所需数据。
[2026-04-06 18:08:59] [SUCCESS] bvid=BV1KPXSBEEWD 已成功抓取全部所需数据。
[2026-04-06 18:09:03] [SUCCESS] bvid=BV1KPXfBgEqq 已成功抓取全部所需数据。
[2026-04-06 18:09:06] [SUCCESS] bvid=BV1KQ95BpE6Z 已成功抓取全部所需数据。
[2026-04-06 18:09:09] [SUCCESS] bvid=BV1KQ95BpEbH 已成功抓取全部所需数据。
[2026-04-06 18:09:13] [SUCCESS] bvid=BV1KQDTBbEvn 已成功抓取全部所需数据。
[2026-04-06 18:09:16] [SUCCESS] bvid=BV1KQX6BsECT 已成功抓取全部所需数据。
[2026-04-06 18:09:20] [SUCCESS] bvid=BV1KQX6BsEDX 已成功抓取全部所需数据。
[2026-04-06 18:09:23] [SUCCESS] bvid=BV1KRXMBAE3k 已成功抓取全部所需数据。
[2026-04-06 18:09:27] [SUCCESS] bvid=BV1KRXkBcEMq 已成功抓取全部所需数据。
[2026-04-06 18:09:30] [SUCCESS] bvid=BV1KSX6BdEU3 已成功抓取全部所需数据。
[2026-04-06 18:09:33] [SUCCESS] bvid=BV1KSX6BdEmq 已成功抓取全部所需数据。
[2026-04-06 18:09:33] [ERROR] bvid=BV1KSXKBZE3J 抓取失败：meta: 接口返回错误代码：62002，信息：稿件不可见。
{'code': 62002, 'message': '稿件不可见', 'ttl': 1}
[2026-04-06 18:09:37] [SUCCESS] bvid=BV1KSXKBZE3n 已成功抓取全部所需数据。
[2026-04-06 18:09:40] [SUCCESS] bvid=BV1KSXKBZEBm 已成功抓取全部所需数据。
[2026-04-06 18:09:43] [SUCCESS] bvid=BV1KSXKBZEDf 已成功抓取全部所需数据。
[2026-04-06 18:09:47] [SUCCESS] bvid=BV1KSXKBZEKB 已成功抓取全部所需数据。
[2026-04-06 18:09:50] [SUCCESS] bvid=BV1KSXKBZEKR 已成功抓取全部所需数据。
[2026-04-06 18:09:53] [SUCCESS] bvid=BV1KSXKBZEKd 已成功抓取全部所需数据。
[2026-04-06 18:09:57] [SUCCESS] bvid=BV1KSXKBZEKo 已成功抓取全部所需数据。
[2026-04-06 18:10:00] [SUCCESS] bvid=BV1KSXKBZEQu 已成功抓取全部所需数据。
[2026-04-06 18:10:03] [SUCCESS] bvid=BV1KSXKBZEmq 已成功抓取全部所需数据。
[2026-04-06 18:10:06] [SUCCESS] bvid=BV1KSXKBZEmy 已成功抓取全部所需数据。
[2026-04-06 18:10:06] [ERROR] bvid=BV1KSXKBZEs6 抓取失败：meta: 接口返回错误代码：62002，信息：稿件不可见。
{'code': 62002, 'message': '稿件不可见', 'ttl': 1}
[2026-04-06 18:10:10] [SUCCESS] bvid=BV1KSXQBxEkY 已成功抓取全部所需数据。
[2026-04-06 18:10:13] [SUCCESS] bvid=BV1KSXSBmEcP 已成功抓取全部所需数据。
[2026-04-06 18:10:17] [SUCCESS] bvid=BV1KT9WB5E9Z 已成功抓取全部所需数据。
[2026-04-06 18:10:17] [WARN] 当前子任务已结束，但仍有未成功抓取的视频，已导出 remaining CSV 供继续执行。
[2026-04-06 18:10:17] [INFO] 已导出剔除成功条目后的剩余 CSV：outputs\video_data\manual_crawls\manual_crawl_meta_mode_A_20260406_121323\remaining_bvids_part_49.csv
[2026-04-06 18:10:17] 子任务结束时间：2026-04-06T18:10:17.278515
[TIMESTAMP][END] 2026-04-06T18:10:17
