[TIMESTAMP][BEGIN] 2026-04-06T16:48:35
[2026-04-06 16:48:38] 开始执行 CSV 批量抓取子任务 part_41。
[2026-04-06 16:48:38] 子任务开始时间：2026-04-06T16:48:35.982322
[2026-04-06 16:48:38] 输入文件：batch_input_41.csv
[2026-04-06 16:48:38] 输入唯一 bvid 数量：100
[2026-04-06 16:48:38] 为严格按 CSV 顺序判断连续失败阈值，本次任务自动将并发度从 2 调整为 1。
[2026-04-06 16:48:41] [SUCCESS] bvid=BV1G7XtBFEFP 已成功抓取全部所需数据。
[2026-04-06 16:48:44] [SUCCESS] bvid=BV1G89HBDEQw 已成功抓取全部所需数据。
[2026-04-06 16:48:47] [SUCCESS] bvid=BV1G89MBVEi1 已成功抓取全部所需数据。
[2026-04-06 16:48:50] [SUCCESS] bvid=BV1G89MBVEzP 已成功抓取全部所需数据。
[2026-04-06 16:48:50] [ERROR] bvid=BV1G8XLBYEDJ 抓取失败：meta: 接口返回错误代码：62002，信息：稿件不可见。
{'code': 62002, 'message': '稿件不可见', 'ttl': 1}
[2026-04-06 16:48:53] [SUCCESS] bvid=BV1G8XLBYErj 已成功抓取全部所需数据。
[2026-04-06 16:48:57] [SUCCESS] bvid=BV1G8XVBREcm 已成功抓取全部所需数据。
[2026-04-06 16:49:00] [SUCCESS] bvid=BV1G8XfBpEVr 已成功抓取全部所需数据。
[2026-04-06 16:49:03] [SUCCESS] bvid=BV1G9DwBQE3j 已成功抓取全部所需数据。
[2026-04-06 16:49:07] [SUCCESS] bvid=BV1G9XABbEAf 已成功抓取全部所需数据。
[2026-04-06 16:49:10] [SUCCESS] bvid=BV1G9XABbEHs 已成功抓取全部所需数据。
[2026-04-06 16:49:13] [SUCCESS] bvid=BV1GADTBAEqQ 已成功抓取全部所需数据。
[2026-04-06 16:49:16] [SUCCESS] bvid=BV1GADTBwEud 已成功抓取全部所需数据。
[2026-04-06 16:49:19] [SUCCESS] bvid=BV1GAf4BGEvA 已成功抓取全部所需数据。
[2026-04-06 16:49:23] [SUCCESS] bvid=BV1GBXKBKEMn 已成功抓取全部所需数据。
[2026-04-06 16:49:26] [SUCCESS] bvid=BV1GBXKBKEjP 已成功抓取全部所需数据。
[2026-04-06 16:49:29] [SUCCESS] bvid=BV1GBXKBKExS 已成功抓取全部所需数据。
[2026-04-06 16:49:32] [SUCCESS] bvid=BV1GBXbBvEfE 已成功抓取全部所需数据。
[2026-04-06 16:49:35] [SUCCESS] bvid=BV1GC9jBiExQ 已成功抓取全部所需数据。
[2026-04-06 16:49:39] [SUCCESS] bvid=BV1GCXgBEE5S 已成功抓取全部所需数据。
[2026-04-06 16:49:42] [SUCCESS] bvid=BV1GCXgBEE7b 已成功抓取全部所需数据。
[2026-04-06 16:49:45] [SUCCESS] bvid=BV1GCXgBEEDR 已成功抓取全部所需数据。
[2026-04-06 16:49:48] [SUCCESS] bvid=BV1GCXgBEEFE 已成功抓取全部所需数据。
[2026-04-06 16:49:51] [SUCCESS] bvid=BV1GCXgBEEKF 已成功抓取全部所需数据。
[2026-04-06 16:49:54] [SUCCESS] bvid=BV1GCXgBEEPK 已成功抓取全部所需数据。
[2026-04-06 16:49:57] [SUCCESS] bvid=BV1GCXgBEEVU 已成功抓取全部所需数据。
[2026-04-06 16:50:01] [SUCCESS] bvid=BV1GCXgBEEfj 已成功抓取全部所需数据。
[2026-04-06 16:50:04] [SUCCESS] bvid=BV1GCXgBEEfu 已成功抓取全部所需数据。
[2026-04-06 16:50:07] [SUCCESS] bvid=BV1GD9nB7EHo 已成功抓取全部所需数据。
[2026-04-06 16:50:10] [SUCCESS] bvid=BV1GDD3B1EjX 已成功抓取全部所需数据。
[2026-04-06 16:50:14] [SUCCESS] bvid=BV1GDX2BJEgk 已成功抓取全部所需数据。
[2026-04-06 16:50:17] [SUCCESS] bvid=BV1GDX5BFE3P 已成功抓取全部所需数据。
[2026-04-06 16:50:20] [SUCCESS] bvid=BV1GDX5BFE5M 已成功抓取全部所需数据。
[2026-04-06 16:50:24] [SUCCESS] bvid=BV1GDX5BFEeu 已成功抓取全部所需数据。
[2026-04-06 16:50:27] [SUCCESS] bvid=BV1GDX5BFEgT 已成功抓取全部所需数据。
[2026-04-06 16:50:30] [SUCCESS] bvid=BV1GDX5BFEsi 已成功抓取全部所需数据。
[2026-04-06 16:50:33] [SUCCESS] bvid=BV1GDX5BFEtN 已成功抓取全部所需数据。
[2026-04-06 16:50:36] [SUCCESS] bvid=BV1GDX5BFEu5 已成功抓取全部所需数据。
[2026-04-06 16:50:39] [SUCCESS] bvid=BV1GDXGBHEco 已成功抓取全部所需数据。
[2026-04-06 16:50:42] [SUCCESS] bvid=BV1GF9ABbEGy 已成功抓取全部所需数据。
[2026-04-06 16:50:45] [SUCCESS] bvid=BV1GFDTBPETd 已成功抓取全部所需数据。
[2026-04-06 16:50:48] [SUCCESS] bvid=BV1GFDTBPEbN 已成功抓取全部所需数据。
[2026-04-06 16:50:52] [SUCCESS] bvid=BV1GFDTBPEcM 已成功抓取全部所需数据。
[2026-04-06 16:50:55] [SUCCESS] bvid=BV1GFDTBPEgv 已成功抓取全部所需数据。
[2026-04-06 16:50:58] [SUCCESS] bvid=BV1GG93BpEeV 已成功抓取全部所需数据。
[2026-04-06 16:51:01] [SUCCESS] bvid=BV1GG93BpEvv 已成功抓取全部所需数据。
[2026-04-06 16:51:05] [SUCCESS] bvid=BV1GG9FBXEDb 已成功抓取全部所需数据。
[2026-04-06 16:51:08] [SUCCESS] bvid=BV1GGXNBNEBF 已成功抓取全部所需数据。
[2026-04-06 16:51:11] [SUCCESS] bvid=BV1GGXxBRE4L 已成功抓取全部所需数据。
[2026-04-06 16:51:14] [SUCCESS] bvid=BV1GJXTBMEEg 已成功抓取全部所需数据。
[2026-04-06 16:51:18] [SUCCESS] bvid=BV1GJwWzyE6z 已成功抓取全部所需数据。
[2026-04-06 16:51:21] [SUCCESS] bvid=BV1GJwyzKEDp 已成功抓取全部所需数据。
[2026-04-06 16:51:25] [SUCCESS] bvid=BV1GLXNBAE8U 已成功抓取全部所需数据。
[2026-04-06 16:51:28] [SUCCESS] bvid=BV1GLXzBcEVa 已成功抓取全部所需数据。
[2026-04-06 16:51:32] [SUCCESS] bvid=BV1GLXzBcEZM 已成功抓取全部所需数据。
[2026-04-06 16:51:35] [SUCCESS] bvid=BV1GM9uB7Eeb 已成功抓取全部所需数据。
[2026-04-06 16:51:38] [SUCCESS] bvid=BV1GMX5BfExC 已成功抓取全部所需数据。
[2026-04-06 16:51:41] [SUCCESS] bvid=BV1GMXvBJE4J 已成功抓取全部所需数据。
[2026-04-06 16:51:45] [SUCCESS] bvid=BV1GNXYBCEFZ 已成功抓取全部所需数据。
[2026-04-06 16:51:48] [SUCCESS] bvid=BV1GP9TBGEX1 已成功抓取全部所需数据。
[2026-04-06 16:51:51] [SUCCESS] bvid=BV1GPXGB9EeR 已成功抓取全部所需数据。
[2026-04-06 16:51:55] [SUCCESS] bvid=BV1GPXHByE11 已成功抓取全部所需数据。
[2026-04-06 16:51:58] [SUCCESS] bvid=BV1GPXHByEsR 已成功抓取全部所需数据。
[2026-04-06 16:52:01] [SUCCESS] bvid=BV1GQX5BbEXV 已成功抓取全部所需数据。
[2026-04-06 16:52:05] [SUCCESS] bvid=BV1GQX5BbEZW 已成功抓取全部所需数据。
[2026-04-06 16:52:09] [SUCCESS] bvid=BV1GQX5BbEbe 已成功抓取全部所需数据。
[2026-04-06 16:52:12] [SUCCESS] bvid=BV1GQX5BbEdD 已成功抓取全部所需数据。
[2026-04-06 16:52:15] [SUCCESS] bvid=BV1GQX5BbEfy 已成功抓取全部所需数据。
[2026-04-06 16:52:19] [SUCCESS] bvid=BV1GQX5BbEov 已成功抓取全部所需数据。
[2026-04-06 16:52:23] [SUCCESS] bvid=BV1GQX5BbEtc 已成功抓取全部所需数据。
[2026-04-06 16:52:27] [SUCCESS] bvid=BV1GQXUB4E1g 已成功抓取全部所需数据。
[2026-04-06 16:52:30] [SUCCESS] bvid=BV1GQXUB4ELa 已成功抓取全部所需数据。
[2026-04-06 16:52:33] [SUCCESS] bvid=BV1GQXUB4EhH 已成功抓取全部所需数据。
[2026-04-06 16:52:36] [SUCCESS] bvid=BV1GQXZBEEbo 已成功抓取全部所需数据。
[2026-04-06 16:52:39] [SUCCESS] bvid=BV1GR9pBWEHJ 已成功抓取全部所需数据。
[2026-04-06 16:52:42] [SUCCESS] bvid=BV1GR9pBpE7K 已成功抓取全部所需数据。
[2026-04-06 16:52:45] [SUCCESS] bvid=BV1GRXDBAE2a 已成功抓取全部所需数据。
[2026-04-06 16:52:49] [SUCCESS] bvid=BV1GRXDBAE2v 已成功抓取全部所需数据。
[2026-04-06 16:52:52] [SUCCESS] bvid=BV1GRXDBAEDi 已成功抓取全部所需数据。
[2026-04-06 16:52:55] [SUCCESS] bvid=BV1GRXDBAEYJ 已成功抓取全部所需数据。
[2026-04-06 16:52:58] [SUCCESS] bvid=BV1GRXDBAEa6 已成功抓取全部所需数据。
[2026-04-06 16:53:01] [SUCCESS] bvid=BV1GRXNBiE57 已成功抓取全部所需数据。
[2026-04-06 16:53:05] [SUCCESS] bvid=BV1GRXNBiEAw 已成功抓取全部所需数据。
[2026-04-06 16:53:08] [SUCCESS] bvid=BV1GRXNBiEgC 已成功抓取全部所需数据。
[2026-04-06 16:53:11] [SUCCESS] bvid=BV1GRXUBsEAN 已成功抓取全部所需数据。
[2026-04-06 16:53:14] [SUCCESS] bvid=BV1GRXUBsEKb 已成功抓取全部所需数据。
[2026-04-06 16:53:14] [ERROR] bvid=BV1GRXUBsEha 抓取失败：meta: 接口返回错误代码：62002，信息：稿件不可见。
{'code': 62002, 'message': '稿件不可见', 'ttl': 1}
[2026-04-06 16:53:18] [SUCCESS] bvid=BV1GRXjBNEVE 已成功抓取全部所需数据。
[2026-04-06 16:53:21] [SUCCESS] bvid=BV1GRXjBNEWT 已成功抓取全部所需数据。
[2026-04-06 16:53:24] [SUCCESS] bvid=BV1GRXjBNEfL 已成功抓取全部所需数据。
[2026-04-06 16:53:28] [SUCCESS] bvid=BV1GRXjBNEwc 已成功抓取全部所需数据。
[2026-04-06 16:53:31] [SUCCESS] bvid=BV1GRXjBNEws 已成功抓取全部所需数据。
[2026-04-06 16:53:34] [SUCCESS] bvid=BV1GRXjBNExv 已成功抓取全部所需数据。
[2026-04-06 16:53:34] [ERROR] bvid=BV1GSXZBSE4Q 抓取失败：meta: 接口返回错误代码：62012，信息：62012。
{'code': 62012, 'message': '62012', 'ttl': 1}
[2026-04-06 16:53:38] [SUCCESS] bvid=BV1GSXZBSEd9 已成功抓取全部所需数据。
[2026-04-06 16:53:41] [SUCCESS] bvid=BV1GTXGBQEWb 已成功抓取全部所需数据。
[2026-04-06 16:53:44] [SUCCESS] bvid=BV1GTXGBQEap 已成功抓取全部所需数据。
[2026-04-06 16:53:48] [SUCCESS] bvid=BV1GTXZBEEjQ 已成功抓取全部所需数据。
[2026-04-06 16:53:51] [SUCCESS] bvid=BV1GU9nBUED5 已成功抓取全部所需数据。
[2026-04-06 16:53:54] [SUCCESS] bvid=BV1GU9nBUEj1 已成功抓取全部所需数据。
[2026-04-06 16:53:54] [WARN] 当前子任务已结束，但仍有未成功抓取的视频，已导出 remaining CSV 供继续执行。
[2026-04-06 16:53:54] [INFO] 已导出剔除成功条目后的剩余 CSV：outputs\video_data\manual_crawls\manual_crawl_meta_mode_A_20260406_121323\remaining_bvids_part_41.csv
[2026-04-06 16:53:54] 子任务结束时间：2026-04-06T16:53:54.757343
[TIMESTAMP][END] 2026-04-06T16:53:54
