[TIMESTAMP][BEGIN] 2026-04-06T18:27:33
[2026-04-06 18:27:35] 开始执行 CSV 批量抓取子任务 part_53。
[2026-04-06 18:27:35] 子任务开始时间：2026-04-06T18:27:33.474940
[2026-04-06 18:27:35] 输入文件：batch_input_53.csv
[2026-04-06 18:27:35] 输入唯一 bvid 数量：100
[2026-04-06 18:27:35] 为严格按 CSV 顺序判断连续失败阈值，本次任务自动将并发度从 2 调整为 1。
[2026-04-06 18:27:39] [SUCCESS] bvid=BV1LeXgBsEQw 已成功抓取全部所需数据。
[2026-04-06 18:27:42] [SUCCESS] bvid=BV1LeXgBsESw 已成功抓取全部所需数据。
[2026-04-06 18:27:46] [SUCCESS] bvid=BV1Lf9KB1EiB 已成功抓取全部所需数据。
[2026-04-06 18:27:49] [SUCCESS] bvid=BV1LfDMBkEPa 已成功抓取全部所需数据。
[2026-04-06 18:27:53] [SUCCESS] bvid=BV1LfDMBkEre 已成功抓取全部所需数据。
[2026-04-06 18:27:57] [SUCCESS] bvid=BV1LgX8BkEB6 已成功抓取全部所需数据。
[2026-04-06 18:27:57] [ERROR] bvid=BV1LgX8BkETY 抓取失败：meta: 接口返回错误代码：62002，信息：稿件不可见。
{'code': 62002, 'message': '稿件不可见', 'ttl': 1}
[2026-04-06 18:28:00] [SUCCESS] bvid=BV1LgX8BkEgE 已成功抓取全部所需数据。
[2026-04-06 18:28:04] [SUCCESS] bvid=BV1LgX8BkEua 已成功抓取全部所需数据。
[2026-04-06 18:28:23] [SUCCESS] bvid=BV1LgXTB5ELC 已成功抓取全部所需数据。
[2026-04-06 18:28:27] [SUCCESS] bvid=BV1LhDNBNEuX 已成功抓取全部所需数据。
[2026-04-06 18:28:30] [SUCCESS] bvid=BV1LhXMBUE8w 已成功抓取全部所需数据。
[2026-04-06 18:28:33] [SUCCESS] bvid=BV1LhXMBUEBF 已成功抓取全部所需数据。
[2026-04-06 18:28:37] [SUCCESS] bvid=BV1LhXMBUEaZ 已成功抓取全部所需数据。
[2026-04-06 18:28:40] [SUCCESS] bvid=BV1LhXMBUEmM 已成功抓取全部所需数据。
[2026-04-06 18:28:40] [ERROR] bvid=BV1LhXMBUEmw 抓取失败：meta: 接口返回错误代码：62002，信息：稿件不可见。
{'code': 62002, 'message': '稿件不可见', 'ttl': 1}
[2026-04-06 18:28:40] [ERROR] bvid=BV1LhXMBUEtW 抓取失败：meta: 接口返回错误代码：62002，信息：稿件不可见。
{'code': 62002, 'message': '稿件不可见', 'ttl': 1}
[2026-04-06 18:28:43] [SUCCESS] bvid=BV1LhXMBUExd 已成功抓取全部所需数据。
[2026-04-06 18:28:47] [SUCCESS] bvid=BV1LhXQBBE7F 已成功抓取全部所需数据。
[2026-04-06 18:28:50] [SUCCESS] bvid=BV1LhXQBBETc 已成功抓取全部所需数据。
[2026-04-06 18:28:53] [SUCCESS] bvid=BV1LhXbBgERk 已成功抓取全部所需数据。
[2026-04-06 18:28:57] [SUCCESS] bvid=BV1Li9jB3EHc 已成功抓取全部所需数据。
[2026-04-06 18:29:01] [SUCCESS] bvid=BV1LiXkBVE57 已成功抓取全部所需数据。
[2026-04-06 18:29:04] [SUCCESS] bvid=BV1Lj9KB5E1y 已成功抓取全部所需数据。
[2026-04-06 18:29:08] [SUCCESS] bvid=BV1Lj9LBKEpU 已成功抓取全部所需数据。
[2026-04-06 18:29:11] [SUCCESS] bvid=BV1LkX2BREF1 已成功抓取全部所需数据。
[2026-04-06 18:29:15] [SUCCESS] bvid=BV1LkX5BvE1f 已成功抓取全部所需数据。
[2026-04-06 18:29:18] [SUCCESS] bvid=BV1LkX5BvERv 已成功抓取全部所需数据。
[2026-04-06 18:29:22] [SUCCESS] bvid=BV1LkX5BvEyQ 已成功抓取全部所需数据。
[2026-04-06 18:29:25] [SUCCESS] bvid=BV1LkX5BvEyW 已成功抓取全部所需数据。
[2026-04-06 18:29:29] [SUCCESS] bvid=BV1LkXGBoE7R 已成功抓取全部所需数据。
[2026-04-06 18:29:32] [SUCCESS] bvid=BV1LkXGBoEGT 已成功抓取全部所需数据。
[2026-04-06 18:29:36] [SUCCESS] bvid=BV1LkXGBoEhj 已成功抓取全部所需数据。
[2026-04-06 18:29:39] [SUCCESS] bvid=BV1LkXGBoEq3 已成功抓取全部所需数据。
[2026-04-06 18:29:42] [SUCCESS] bvid=BV1Lm9nBnELF 已成功抓取全部所需数据。
[2026-04-06 18:29:46] [SUCCESS] bvid=BV1LmXNB3Ea5 已成功抓取全部所需数据。
[2026-04-06 18:29:49] [SUCCESS] bvid=BV1LmXUBFE6M 已成功抓取全部所需数据。
[2026-04-06 18:29:52] [SUCCESS] bvid=BV1LmXUBFEDP 已成功抓取全部所需数据。
[2026-04-06 18:29:56] [SUCCESS] bvid=BV1LmXUBFEeS 已成功抓取全部所需数据。
[2026-04-06 18:30:00] [SUCCESS] bvid=BV1LmXUBFEoC 已成功抓取全部所需数据。
[2026-04-06 18:30:03] [SUCCESS] bvid=BV1LmXUBFExq 已成功抓取全部所需数据。
[2026-04-06 18:30:06] [SUCCESS] bvid=BV1Ln9MBJEUb 已成功抓取全部所需数据。
[2026-04-06 18:30:10] [SUCCESS] bvid=BV1Ln9MBnErk 已成功抓取全部所需数据。
[2026-04-06 18:30:13] [SUCCESS] bvid=BV1Lo9PBuE89 已成功抓取全部所需数据。
[2026-04-06 18:30:16] [SUCCESS] bvid=BV1Lo9PBuEAw 已成功抓取全部所需数据。
[2026-04-06 18:30:19] [SUCCESS] bvid=BV1LpAFzEE6S 已成功抓取全部所需数据。
[2026-04-06 18:30:23] [SUCCESS] bvid=BV1LpXPBBES8 已成功抓取全部所需数据。
[2026-04-06 18:30:26] [SUCCESS] bvid=BV1LpXPBBEqc 已成功抓取全部所需数据。
[2026-04-06 18:30:29] [SUCCESS] bvid=BV1LpXVB8Em8 已成功抓取全部所需数据。
[2026-04-06 18:30:32] [SUCCESS] bvid=BV1LpXVB8EvQ 已成功抓取全部所需数据。
[2026-04-06 18:30:36] [SUCCESS] bvid=BV1LqXYBQEkT 已成功抓取全部所需数据。
[2026-04-06 18:30:40] [SUCCESS] bvid=BV1LqXgBWEpH 已成功抓取全部所需数据。
[2026-04-06 18:30:43] [SUCCESS] bvid=BV1LqXgBpEQV 已成功抓取全部所需数据。
[2026-04-06 18:30:46] [SUCCESS] bvid=BV1LqXgBpEra 已成功抓取全部所需数据。
[2026-04-06 18:30:49] [SUCCESS] bvid=BV1LrXGBtE6B 已成功抓取全部所需数据。
[2026-04-06 18:30:53] [SUCCESS] bvid=BV1LrXdB7EQd 已成功抓取全部所需数据。
[2026-04-06 18:30:56] [SUCCESS] bvid=BV1LrXvBoEvM 已成功抓取全部所需数据。
[2026-04-06 18:31:00] [SUCCESS] bvid=BV1LrwLztELK 已成功抓取全部所需数据。
[2026-04-06 18:31:03] [SUCCESS] bvid=BV1LsXPBTE3s 已成功抓取全部所需数据。
[2026-04-06 18:31:07] [SUCCESS] bvid=BV1LsXPBTEGQ 已成功抓取全部所需数据。
[2026-04-06 18:31:10] [SUCCESS] bvid=BV1LsXPBTEqZ 已成功抓取全部所需数据。
[2026-04-06 18:31:14] [SUCCESS] bvid=BV1LsXPBTEr7 已成功抓取全部所需数据。
[2026-04-06 18:31:17] [SUCCESS] bvid=BV1LsXiB4ECC 已成功抓取全部所需数据。
[2026-04-06 18:31:21] [SUCCESS] bvid=BV1LsXiB4ECg 已成功抓取全部所需数据。
[2026-04-06 18:31:24] [SUCCESS] bvid=BV1LtXBBAEq2 已成功抓取全部所需数据。
[2026-04-06 18:31:28] [SUCCESS] bvid=BV1LtXPBKE9E 已成功抓取全部所需数据。
[2026-04-06 18:31:31] [SUCCESS] bvid=BV1LtXPBNEgp 已成功抓取全部所需数据。
[2026-04-06 18:31:34] [SUCCESS] bvid=BV1LtXPBNEig 已成功抓取全部所需数据。
[2026-04-06 18:31:38] [SUCCESS] bvid=BV1LuX8BVE9Y 已成功抓取全部所需数据。
[2026-04-06 18:31:41] [SUCCESS] bvid=BV1LuX8BVEC9 已成功抓取全部所需数据。
[2026-04-06 18:31:45] [SUCCESS] bvid=BV1LuX8BVECp 已成功抓取全部所需数据。
[2026-04-06 18:31:48] [SUCCESS] bvid=BV1LuX8BVEou 已成功抓取全部所需数据。
[2026-04-06 18:31:52] [SUCCESS] bvid=BV1LvDTBgEvG 已成功抓取全部所需数据。
[2026-04-06 18:31:55] [SUCCESS] bvid=BV1LvXgB9E7X 已成功抓取全部所需数据。
[2026-04-06 18:31:59] [SUCCESS] bvid=BV1LvXgB9EBq 已成功抓取全部所需数据。
[2026-04-06 18:32:02] [SUCCESS] bvid=BV1LvXgB9EKT 已成功抓取全部所需数据。
[2026-04-06 18:32:06] [SUCCESS] bvid=BV1LvXgB9ENx 已成功抓取全部所需数据。
[2026-04-06 18:32:10] [SUCCESS] bvid=BV1LvXgB9ET7 已成功抓取全部所需数据。
[2026-04-06 18:32:19] [SUCCESS] bvid=BV1Lw9uBHEne 已成功抓取全部所需数据。
[2026-04-06 18:32:29] [SUCCESS] bvid=BV1LwXZBQEUX 已成功抓取全部所需数据。
[2026-04-06 18:32:39] [SUCCESS] bvid=BV1LxXBBeEVt 已成功抓取全部所需数据。
[2026-04-06 18:32:42] [SUCCESS] bvid=BV1LxXLBKEcB 已成功抓取全部所需数据。
[2026-04-06 18:32:42] [ERROR] bvid=BV1LxXLBKEwy 抓取失败：meta: 接口返回错误代码：62002，信息：稿件不可见。
{'code': 62002, 'message': '稿件不可见', 'ttl': 1}
[2026-04-06 18:32:46] [SUCCESS] bvid=BV1LxXPBiEfh 已成功抓取全部所需数据。
[2026-04-06 18:32:49] [SUCCESS] bvid=BV1LxXPBiErC 已成功抓取全部所需数据。
[2026-04-06 18:32:53] [SUCCESS] bvid=BV1LxXPBiEt3 已成功抓取全部所需数据。
[2026-04-06 18:32:56] [SUCCESS] bvid=BV1LxXPBiEy8 已成功抓取全部所需数据。
[2026-04-06 18:33:00] [SUCCESS] bvid=BV1LxXmBxEDc 已成功抓取全部所需数据。
[2026-04-06 18:33:03] [SUCCESS] bvid=BV1LxXmBxEcz 已成功抓取全部所需数据。
[2026-04-06 18:33:07] [SUCCESS] bvid=BV1LyX2BWEjR 已成功抓取全部所需数据。
[2026-04-06 18:33:10] [SUCCESS] bvid=BV1LyX2BWEvP 已成功抓取全部所需数据。
[2026-04-06 18:33:14] [SUCCESS] bvid=BV1LyX5BPE5u 已成功抓取全部所需数据。
[2026-04-06 18:33:17] [SUCCESS] bvid=BV1LyX5BPEae 已成功抓取全部所需数据。
[2026-04-06 18:33:21] [SUCCESS] bvid=BV1LyX5BPEao 已成功抓取全部所需数据。
[2026-04-06 18:33:24] [SUCCESS] bvid=BV1LyX5BPEbR 已成功抓取全部所需数据。
[2026-04-06 18:33:44] [SUCCESS] bvid=BV1LyX5BPEej 已成功抓取全部所需数据。
[2026-04-06 18:33:48] [SUCCESS] bvid=BV1LyX5BPEw2 已成功抓取全部所需数据。
[2026-04-06 18:33:51] [SUCCESS] bvid=BV1LyXUBwEUQ 已成功抓取全部所需数据。
[2026-04-06 18:33:55] [SUCCESS] bvid=BV1LyXvBREAc 已成功抓取全部所需数据。
[2026-04-06 18:33:58] [SUCCESS] bvid=BV1Lz9jBuEWa 已成功抓取全部所需数据。
[2026-04-06 18:33:58] [WARN] 当前子任务已结束，但仍有未成功抓取的视频，已导出 remaining CSV 供继续执行。
[2026-04-06 18:33:58] [INFO] 已导出剔除成功条目后的剩余 CSV：outputs\video_data\manual_crawls\manual_crawl_meta_mode_A_20260406_121323\remaining_bvids_part_53.csv
[2026-04-06 18:33:58] 子任务结束时间：2026-04-06T18:33:58.667208
[TIMESTAMP][END] 2026-04-06T18:33:58
