[TIMESTAMP][BEGIN] 2026-04-06T14:03:18
[2026-04-06 14:03:21] 开始执行 CSV 批量抓取子任务 part_19。
[2026-04-06 14:03:21] 子任务开始时间：2026-04-06T14:03:18.659834
[2026-04-06 14:03:21] 输入文件：batch_input_19.csv
[2026-04-06 14:03:21] 输入唯一 bvid 数量：100
[2026-04-06 14:03:21] 为严格按 CSV 顺序判断连续失败阈值，本次任务自动将并发度从 2 调整为 1。
[2026-04-06 14:03:24] [SUCCESS] bvid=BV17zX5BqEuq 已成功抓取全部所需数据。
[2026-04-06 14:03:27] [SUCCESS] bvid=BV17zXGBfEK8 已成功抓取全部所需数据。
[2026-04-06 14:03:28] [ERROR] bvid=BV17zXUBvEZS 抓取失败：meta: 接口返回错误代码：62002，信息：稿件不可见。
{'code': 62002, 'message': '稿件不可见', 'ttl': 1}
[2026-04-06 14:03:31] [SUCCESS] bvid=BV17zXUBvEkY 已成功抓取全部所需数据。
[2026-04-06 14:03:34] [SUCCESS] bvid=BV1819NBvEmG 已成功抓取全部所需数据。
[2026-04-06 14:03:37] [SUCCESS] bvid=BV181DTBYEeV 已成功抓取全部所需数据。
[2026-04-06 14:03:41] [SUCCESS] bvid=BV181QoBzEny 已成功抓取全部所需数据。
[2026-04-06 14:03:44] [SUCCESS] bvid=BV181XhBqEZm 已成功抓取全部所需数据。
[2026-04-06 14:03:47] [SUCCESS] bvid=BV1829jBeErD 已成功抓取全部所需数据。
[2026-04-06 14:03:50] [SUCCESS] bvid=BV182XYByE9A 已成功抓取全部所需数据。
[2026-04-06 14:03:53] [SUCCESS] bvid=BV183X5BdEQg 已成功抓取全部所需数据。
[2026-04-06 14:03:56] [SUCCESS] bvid=BV183X5BdEQh 已成功抓取全部所需数据。
[2026-04-06 14:03:59] [SUCCESS] bvid=BV183X5BdEXw 已成功抓取全部所需数据。
[2026-04-06 14:04:02] [SUCCESS] bvid=BV183X5BdEf3 已成功抓取全部所需数据。
[2026-04-06 14:04:05] [SUCCESS] bvid=BV183XZB1EfE 已成功抓取全部所需数据。
[2026-04-06 14:04:09] [SUCCESS] bvid=BV183XyBMEAo 已成功抓取全部所需数据。
[2026-04-06 14:04:12] [SUCCESS] bvid=BV185X5B9EGb 已成功抓取全部所需数据。
[2026-04-06 14:04:16] [SUCCESS] bvid=BV185X5B9EKV 已成功抓取全部所需数据。
[2026-04-06 14:04:19] [SUCCESS] bvid=BV185X5BREKn 已成功抓取全部所需数据。
[2026-04-06 14:04:22] [SUCCESS] bvid=BV185XUBQECT 已成功抓取全部所需数据。
[2026-04-06 14:04:25] [SUCCESS] bvid=BV185XUBQEV9 已成功抓取全部所需数据。
[2026-04-06 14:04:25] [ERROR] bvid=BV185XUBQEVo 抓取失败：meta: 接口返回错误代码：62002，信息：稿件不可见。
{'code': 62002, 'message': '稿件不可见', 'ttl': 1}
[2026-04-06 14:04:25] [ERROR] bvid=BV185XUBQEbx 抓取失败：meta: 接口返回错误代码：62002，信息：稿件不可见。
{'code': 62002, 'message': '稿件不可见', 'ttl': 1}
[2026-04-06 14:04:28] [SUCCESS] bvid=BV185XUBQEkB 已成功抓取全部所需数据。
[2026-04-06 14:04:31] [SUCCESS] bvid=BV185XUBQEtT 已成功抓取全部所需数据。
[2026-04-06 14:04:34] [SUCCESS] bvid=BV185XUBQEzP 已成功抓取全部所需数据。
[2026-04-06 14:04:37] [SUCCESS] bvid=BV185XZBCEkG 已成功抓取全部所需数据。
[2026-04-06 14:04:40] [SUCCESS] bvid=BV185XZBCEsL 已成功抓取全部所需数据。
[2026-04-06 14:04:43] [SUCCESS] bvid=BV186XbBAE8p 已成功抓取全部所需数据。
[2026-04-06 14:04:46] [SUCCESS] bvid=BV186XbBAESj 已成功抓取全部所需数据。
[2026-04-06 14:04:49] [SUCCESS] bvid=BV186XbBAESp 已成功抓取全部所需数据。
[2026-04-06 14:04:52] [SUCCESS] bvid=BV186XbBAEm9 已成功抓取全部所需数据。
[2026-04-06 14:04:55] [SUCCESS] bvid=BV186XbBAEqW 已成功抓取全部所需数据。
[2026-04-06 14:04:58] [SUCCESS] bvid=BV186XbBAEzV 已成功抓取全部所需数据。
[2026-04-06 14:05:01] [SUCCESS] bvid=BV186XbBAEzo 已成功抓取全部所需数据。
[2026-04-06 14:05:04] [SUCCESS] bvid=BV187X5BQEKV 已成功抓取全部所需数据。
[2026-04-06 14:05:08] [SUCCESS] bvid=BV187X5BQETm 已成功抓取全部所需数据。
[2026-04-06 14:05:17] [SUCCESS] bvid=BV187XDBtE14 已成功抓取全部所需数据。
[2026-04-06 14:05:21] [SUCCESS] bvid=BV187XDBtE9Z 已成功抓取全部所需数据。
[2026-04-06 14:05:24] [SUCCESS] bvid=BV187XDBtEZQ 已成功抓取全部所需数据。
[2026-04-06 14:05:27] [SUCCESS] bvid=BV187XDBtEfk 已成功抓取全部所需数据。
[2026-04-06 14:05:30] [SUCCESS] bvid=BV187XUBSE5D 已成功抓取全部所需数据。
[2026-04-06 14:05:34] [SUCCESS] bvid=BV187XUBSEn5 已成功抓取全部所需数据。
[2026-04-06 14:05:37] [SUCCESS] bvid=BV187XjB8E7g 已成功抓取全部所需数据。
[2026-04-06 14:05:41] [SUCCESS] bvid=BV187XjB8Etq 已成功抓取全部所需数据。
[2026-04-06 14:05:44] [SUCCESS] bvid=BV18897BNEAV 已成功抓取全部所需数据。
[2026-04-06 14:05:48] [SUCCESS] bvid=BV188XoBCE1j 已成功抓取全部所需数据。
[2026-04-06 14:05:51] [SUCCESS] bvid=BV188XpB1EGs 已成功抓取全部所需数据。
[2026-04-06 14:05:54] [SUCCESS] bvid=BV188XpB1EKe 已成功抓取全部所需数据。
[2026-04-06 14:05:57] [SUCCESS] bvid=BV188XpB1EMa 已成功抓取全部所需数据。
[2026-04-06 14:06:00] [SUCCESS] bvid=BV188XpB1EVk 已成功抓取全部所需数据。
[2026-04-06 14:06:03] [SUCCESS] bvid=BV1899EBqEEW 已成功抓取全部所需数据。
[2026-04-06 14:06:07] [SUCCESS] bvid=BV1899EBqEnL 已成功抓取全部所需数据。
[2026-04-06 14:06:07] [ERROR] bvid=BV189Q6BFEnf 抓取失败：meta: 接口返回错误代码：-404，信息：啥都木有。
{'code': -404, 'message': '啥都木有', 'ttl': 1}
[2026-04-06 14:06:10] [SUCCESS] bvid=BV189XABtELK 已成功抓取全部所需数据。
[2026-04-06 14:06:14] [SUCCESS] bvid=BV189XABtEiH 已成功抓取全部所需数据。
[2026-04-06 14:06:17] [SUCCESS] bvid=BV189XABtEs2 已成功抓取全部所需数据。
[2026-04-06 14:06:21] [SUCCESS] bvid=BV189XABtEtm 已成功抓取全部所需数据。
[2026-04-06 14:06:24] [SUCCESS] bvid=BV189XGBJECY 已成功抓取全部所需数据。
[2026-04-06 14:06:27] [SUCCESS] bvid=BV189XdBuEva 已成功抓取全部所需数据。
[2026-04-06 14:06:30] [SUCCESS] bvid=BV189XvBmEvA 已成功抓取全部所需数据。
[2026-04-06 14:06:34] [SUCCESS] bvid=BV189wfzMEEm 已成功抓取全部所需数据。
[2026-04-06 14:06:37] [SUCCESS] bvid=BV18AXKBFETs 已成功抓取全部所需数据。
[2026-04-06 14:06:40] [SUCCESS] bvid=BV18B9gB1E2b 已成功抓取全部所需数据。
[2026-04-06 14:06:43] [SUCCESS] bvid=BV18BX4BdEqH 已成功抓取全部所需数据。
[2026-04-06 14:06:46] [SUCCESS] bvid=BV18BXPBtEV1 已成功抓取全部所需数据。
[2026-04-06 14:06:50] [SUCCESS] bvid=BV18BXPBtEmt 已成功抓取全部所需数据。
[2026-04-06 14:06:53] [SUCCESS] bvid=BV18BXmB7E5w 已成功抓取全部所需数据。
[2026-04-06 14:06:56] [SUCCESS] bvid=BV18CXMB6E2J 已成功抓取全部所需数据。
[2026-04-06 14:06:59] [SUCCESS] bvid=BV18CXMB6ESu 已成功抓取全部所需数据。
[2026-04-06 14:07:02] [SUCCESS] bvid=BV18CXMB6EVp 已成功抓取全部所需数据。
[2026-04-06 14:07:05] [SUCCESS] bvid=BV18CXMB6EYF 已成功抓取全部所需数据。
[2026-04-06 14:07:07] [SUCCESS] bvid=BV18CXMB6Ega 已成功抓取全部所需数据。
[2026-04-06 14:07:11] [SUCCESS] bvid=BV18CXMB6EjD 已成功抓取全部所需数据。
[2026-04-06 14:07:14] [SUCCESS] bvid=BV18CXbBcE3k 已成功抓取全部所需数据。
[2026-04-06 14:07:17] [SUCCESS] bvid=BV18CXbBcEbc 已成功抓取全部所需数据。
[2026-04-06 14:07:20] [SUCCESS] bvid=BV18CXbBcEnH 已成功抓取全部所需数据。
[2026-04-06 14:07:23] [SUCCESS] bvid=BV18DXGBHESP 已成功抓取全部所需数据。
[2026-04-06 14:07:26] [SUCCESS] bvid=BV18DXvBSEeD 已成功抓取全部所需数据。
[2026-04-06 14:07:29] [SUCCESS] bvid=BV18EDPBWEvG 已成功抓取全部所需数据。
[2026-04-06 14:07:32] [SUCCESS] bvid=BV18EXDBoEAe 已成功抓取全部所需数据。
[2026-04-06 14:07:35] [SUCCESS] bvid=BV18EXDBoEeQ 已成功抓取全部所需数据。
[2026-04-06 14:07:38] [SUCCESS] bvid=BV18EXDBoEgC 已成功抓取全部所需数据。
[2026-04-06 14:07:42] [SUCCESS] bvid=BV18EXjBfEfB 已成功抓取全部所需数据。
[2026-04-06 14:07:45] [SUCCESS] bvid=BV18FXKBwEKe 已成功抓取全部所需数据。
[2026-04-06 14:07:48] [SUCCESS] bvid=BV18FXKBwEQd 已成功抓取全部所需数据。
[2026-04-06 14:07:51] [SUCCESS] bvid=BV18G9EBvECj 已成功抓取全部所需数据。
[2026-04-06 14:07:54] [SUCCESS] bvid=BV18GXGB7EJd 已成功抓取全部所需数据。
[2026-04-06 14:07:57] [SUCCESS] bvid=BV18GXGB7EMC 已成功抓取全部所需数据。
[2026-04-06 14:08:00] [SUCCESS] bvid=BV18GXGB7EUe 已成功抓取全部所需数据。
[2026-04-06 14:08:03] [SUCCESS] bvid=BV18GXGB7EUm 已成功抓取全部所需数据。
[2026-04-06 14:08:06] [SUCCESS] bvid=BV18GXGB7EeS 已成功抓取全部所需数据。
[2026-04-06 14:08:09] [SUCCESS] bvid=BV18HQ2BLEoe 已成功抓取全部所需数据。
[2026-04-06 14:08:12] [SUCCESS] bvid=BV18HXDBREs3 已成功抓取全部所需数据。
[2026-04-06 14:08:15] [SUCCESS] bvid=BV18HXDBREtC 已成功抓取全部所需数据。
[2026-04-06 14:08:18] [SUCCESS] bvid=BV18JDPBXEKD 已成功抓取全部所需数据。
[2026-04-06 14:08:21] [SUCCESS] bvid=BV18JDPBXEZN 已成功抓取全部所需数据。
[2026-04-06 14:08:25] [SUCCESS] bvid=BV18JXNB8Evu 已成功抓取全部所需数据。
[2026-04-06 14:08:28] [SUCCESS] bvid=BV18KDTBFEUM 已成功抓取全部所需数据。
[2026-04-06 14:08:30] [SUCCESS] bvid=BV18KDTBFExo 已成功抓取全部所需数据。
[2026-04-06 14:08:30] [WARN] 当前子任务已结束，但仍有未成功抓取的视频，已导出 remaining CSV 供继续执行。
[2026-04-06 14:08:30] [INFO] 已导出剔除成功条目后的剩余 CSV：outputs\video_data\manual_crawls\manual_crawl_meta_mode_A_20260406_121323\remaining_bvids_part_19.csv
[2026-04-06 14:08:30] 子任务结束时间：2026-04-06T14:08:30.938381
[TIMESTAMP][END] 2026-04-06T14:08:30
