[TIMESTAMP][BEGIN] 2026-04-06T13:30:59
[2026-04-06 13:31:02] 开始执行 CSV 批量抓取子任务 part_13。
[2026-04-06 13:31:02] 子任务开始时间：2026-04-06T13:30:59.891543
[2026-04-06 13:31:02] 输入文件：batch_input_13.csv
[2026-04-06 13:31:02] 输入唯一 bvid 数量：100
[2026-04-06 13:31:02] 为严格按 CSV 顺序判断连续失败阈值，本次任务自动将并发度从 2 调整为 1。
[2026-04-06 13:31:06] [SUCCESS] bvid=BV15kDuBVEU9 已成功抓取全部所需数据。
[2026-04-06 13:31:09] [SUCCESS] bvid=BV15kX2BREJ4 已成功抓取全部所需数据。
[2026-04-06 13:31:12] [SUCCESS] bvid=BV15kX2BREfc 已成功抓取全部所需数据。
[2026-04-06 13:31:15] [SUCCESS] bvid=BV15kXGBoE5v 已成功抓取全部所需数据。
[2026-04-06 13:31:18] [SUCCESS] bvid=BV15kXGBoE79 已成功抓取全部所需数据。
[2026-04-06 13:31:21] [SUCCESS] bvid=BV15kXGBoEja 已成功抓取全部所需数据。
[2026-04-06 13:31:24] [SUCCESS] bvid=BV15kXYBEEHG 已成功抓取全部所需数据。
[2026-04-06 13:31:28] [SUCCESS] bvid=BV15kXdB2Erk 已成功抓取全部所需数据。
[2026-04-06 13:31:31] [SUCCESS] bvid=BV15mX2BHEK9 已成功抓取全部所需数据。
[2026-04-06 13:31:34] [SUCCESS] bvid=BV15mX2BHETL 已成功抓取全部所需数据。
[2026-04-06 13:31:38] [SUCCESS] bvid=BV15mX5BAEeX 已成功抓取全部所需数据。
[2026-04-06 13:31:41] [SUCCESS] bvid=BV15mX5BwEPt 已成功抓取全部所需数据。
[2026-04-06 13:31:45] [SUCCESS] bvid=BV15mX5BwETG 已成功抓取全部所需数据。
[2026-04-06 13:31:49] [SUCCESS] bvid=BV15mX5BwEwK 已成功抓取全部所需数据。
[2026-04-06 13:31:53] [SUCCESS] bvid=BV15mXUBFEdf 已成功抓取全部所需数据。
[2026-04-06 13:31:57] [SUCCESS] bvid=BV15mXUBFEik 已成功抓取全部所需数据。
[2026-04-06 13:31:57] [ERROR] bvid=BV15mXUBFEsu 抓取失败：meta: 接口返回错误代码：62002，信息：稿件不可见。
{'code': 62002, 'message': '稿件不可见', 'ttl': 1}
[2026-04-06 13:32:01] [SUCCESS] bvid=BV15n97B3E4a 已成功抓取全部所需数据。
[2026-04-06 13:32:04] [SUCCESS] bvid=BV15o9PBuE5J 已成功抓取全部所需数据。
[2026-04-06 13:32:08] [SUCCESS] bvid=BV15o9PBuEaq 已成功抓取全部所需数据。
[2026-04-06 13:32:12] [SUCCESS] bvid=BV15pX1BSEZD 已成功抓取全部所需数据。
[2026-04-06 13:32:16] [SUCCESS] bvid=BV15pXVB8EvT 已成功抓取全部所需数据。
[2026-04-06 13:32:20] [SUCCESS] bvid=BV15q9jB6E2a 已成功抓取全部所需数据。
[2026-04-06 13:32:24] [SUCCESS] bvid=BV15q9jB6EdQ 已成功抓取全部所需数据。
[2026-04-06 13:32:28] [SUCCESS] bvid=BV15q9jB6Eei 已成功抓取全部所需数据。
[2026-04-06 13:32:32] [SUCCESS] bvid=BV15q9jB6Eon 已成功抓取全部所需数据。
[2026-04-06 13:32:36] [SUCCESS] bvid=BV15q9jB6Erp 已成功抓取全部所需数据。
[2026-04-06 13:32:40] [SUCCESS] bvid=BV15qXMByEYZ 已成功抓取全部所需数据。
[2026-04-06 13:32:43] [SUCCESS] bvid=BV15qXMByEhQ 已成功抓取全部所需数据。
[2026-04-06 13:32:47] [SUCCESS] bvid=BV15qXMByEhf 已成功抓取全部所需数据。
[2026-04-06 13:32:50] [SUCCESS] bvid=BV15qXgBpEv2 已成功抓取全部所需数据。
[2026-04-06 13:32:53] [SUCCESS] bvid=BV15r9EB1E2p 已成功抓取全部所需数据。
[2026-04-06 13:32:57] [SUCCESS] bvid=BV15r9EB1E7D 已成功抓取全部所需数据。
[2026-04-06 13:33:00] [SUCCESS] bvid=BV15r9EB1EpE 已成功抓取全部所需数据。
[2026-04-06 13:33:03] [SUCCESS] bvid=BV15r9EB1Etz 已成功抓取全部所需数据。
[2026-04-06 13:33:07] [SUCCESS] bvid=BV15r9NBuEJg 已成功抓取全部所需数据。
[2026-04-06 13:33:10] [SUCCESS] bvid=BV15rXGBtEX3 已成功抓取全部所需数据。
[2026-04-06 13:33:13] [SUCCESS] bvid=BV15rXGBtEXq 已成功抓取全部所需数据。
[2026-04-06 13:33:16] [SUCCESS] bvid=BV15rXdB7EwS 已成功抓取全部所需数据。
[2026-04-06 13:33:19] [SUCCESS] bvid=BV15rXgBSEHK 已成功抓取全部所需数据。
[2026-04-06 13:33:23] [SUCCESS] bvid=BV15s9JBjE2t 已成功抓取全部所需数据。
[2026-04-06 13:33:26] [SUCCESS] bvid=BV15s9JBjEZK 已成功抓取全部所需数据。
[2026-04-06 13:33:29] [SUCCESS] bvid=BV15t9gBpESR 已成功抓取全部所需数据。
[2026-04-06 13:33:32] [SUCCESS] bvid=BV15tXPBNE22 已成功抓取全部所需数据。
[2026-04-06 13:33:35] [SUCCESS] bvid=BV15tXPBNEGx 已成功抓取全部所需数据。
[2026-04-06 13:33:38] [SUCCESS] bvid=BV15tXPBNELz 已成功抓取全部所需数据。
[2026-04-06 13:33:41] [SUCCESS] bvid=BV15u9FBRE5F 已成功抓取全部所需数据。
[2026-04-06 13:33:44] [SUCCESS] bvid=BV15u9FBREJV 已成功抓取全部所需数据。
[2026-04-06 13:33:47] [SUCCESS] bvid=BV15uXNBTEFn 已成功抓取全部所需数据。
[2026-04-06 13:33:51] [SUCCESS] bvid=BV15uXNBTEMw 已成功抓取全部所需数据。
[2026-04-06 13:33:54] [SUCCESS] bvid=BV15uXNBTENz 已成功抓取全部所需数据。
[2026-04-06 13:33:57] [SUCCESS] bvid=BV15uXNBTEXr 已成功抓取全部所需数据。
[2026-04-06 13:34:00] [SUCCESS] bvid=BV15vX6BKEtj 已成功抓取全部所需数据。
[2026-04-06 13:34:03] [SUCCESS] bvid=BV15vX9BCE2Z 已成功抓取全部所需数据。
[2026-04-06 13:34:06] [SUCCESS] bvid=BV15w9TBCEQB 已成功抓取全部所需数据。
[2026-04-06 13:34:09] [SUCCESS] bvid=BV15wD3BEEqG 已成功抓取全部所需数据。
[2026-04-06 13:34:13] [SUCCESS] bvid=BV15wXYB1Ec7 已成功抓取全部所需数据。
[2026-04-06 13:34:16] [SUCCESS] bvid=BV15x9JB1EwF 已成功抓取全部所需数据。
[2026-04-06 13:34:19] [SUCCESS] bvid=BV15xXPBiEBe 已成功抓取全部所需数据。
[2026-04-06 13:34:22] [SUCCESS] bvid=BV15xXPBiEGe 已成功抓取全部所需数据。
[2026-04-06 13:34:22] [ERROR] bvid=BV15xXPBiEJ7 抓取失败：meta: 接口返回错误代码：62002，信息：稿件不可见。
{'code': 62002, 'message': '稿件不可见', 'ttl': 1}
[2026-04-06 13:34:26] [SUCCESS] bvid=BV15xXPBiERN 已成功抓取全部所需数据。
[2026-04-06 13:34:29] [SUCCESS] bvid=BV15xXPBiEdu 已成功抓取全部所需数据。
[2026-04-06 13:34:32] [SUCCESS] bvid=BV15xXPBiEfQ 已成功抓取全部所需数据。
[2026-04-06 13:34:34] [SUCCESS] bvid=BV15xXPBiEgZ 已成功抓取全部所需数据。
[2026-04-06 13:34:37] [SUCCESS] bvid=BV15xXVBtEQD 已成功抓取全部所需数据。
[2026-04-06 13:34:40] [SUCCESS] bvid=BV15xXVBtEx3 已成功抓取全部所需数据。
[2026-04-06 13:34:43] [SUCCESS] bvid=BV15xXmBxELi 已成功抓取全部所需数据。
[2026-04-06 13:34:46] [SUCCESS] bvid=BV15y9EBCE6M 已成功抓取全部所需数据。
[2026-04-06 13:34:49] [SUCCESS] bvid=BV15y9EBCENz 已成功抓取全部所需数据。
[2026-04-06 13:34:52] [SUCCESS] bvid=BV15yX2BWEKq 已成功抓取全部所需数据。
[2026-04-06 13:34:55] [SUCCESS] bvid=BV15yX5BPE2v 已成功抓取全部所需数据。
[2026-04-06 13:34:58] [SUCCESS] bvid=BV15yX5BPEmC 已成功抓取全部所需数据。
[2026-04-06 13:35:01] [SUCCESS] bvid=BV15yXGBxE9U 已成功抓取全部所需数据。
[2026-04-06 13:35:04] [SUCCESS] bvid=BV15yXGBxEGK 已成功抓取全部所需数据。
[2026-04-06 13:35:07] [SUCCESS] bvid=BV15yXGBxEYH 已成功抓取全部所需数据。
[2026-04-06 13:35:10] [SUCCESS] bvid=BV15z9jBuESU 已成功抓取全部所需数据。
[2026-04-06 13:35:13] [SUCCESS] bvid=BV15zDTBqE3n 已成功抓取全部所需数据。
[2026-04-06 13:35:16] [SUCCESS] bvid=BV15zXGBfEdj 已成功抓取全部所需数据。
[2026-04-06 13:35:19] [SUCCESS] bvid=BV15zXdBUEs9 已成功抓取全部所需数据。
[2026-04-06 13:35:22] [SUCCESS] bvid=BV1619LBLEA9 已成功抓取全部所需数据。
[2026-04-06 13:35:25] [SUCCESS] bvid=BV1619LBLEHK 已成功抓取全部所需数据。
[2026-04-06 13:35:28] [SUCCESS] bvid=BV1619LBLEsM 已成功抓取全部所需数据。
[2026-04-06 13:35:32] [SUCCESS] bvid=BV1619PB2ERi 已成功抓取全部所需数据。
[2026-04-06 13:35:35] [SUCCESS] bvid=BV161XrB7E4b 已成功抓取全部所需数据。
[2026-04-06 13:35:38] [SUCCESS] bvid=BV1629LByEYp 已成功抓取全部所需数据。
[2026-04-06 13:35:41] [SUCCESS] bvid=BV1629LByEip 已成功抓取全部所需数据。
[2026-04-06 13:35:43] [SUCCESS] bvid=BV1639MBxEN4 已成功抓取全部所需数据。
[2026-04-06 13:35:47] [SUCCESS] bvid=BV163XeBtE4D 已成功抓取全部所需数据。
[2026-04-06 13:35:50] [SUCCESS] bvid=BV163XeBtEUy 已成功抓取全部所需数据。
[2026-04-06 13:35:54] [SUCCESS] bvid=BV1649jB7EbQ 已成功抓取全部所需数据。
[2026-04-06 13:35:57] [SUCCESS] bvid=BV164XkBJECX 已成功抓取全部所需数据。
[2026-04-06 13:36:00] [SUCCESS] bvid=BV164XkBJELF 已成功抓取全部所需数据。
[2026-04-06 13:36:03] [SUCCESS] bvid=BV164XkBJEXh 已成功抓取全部所需数据。
[2026-04-06 13:36:07] [SUCCESS] bvid=BV165XLBCEh4 已成功抓取全部所需数据。
[2026-04-06 13:36:10] [SUCCESS] bvid=BV165XLBCEvu 已成功抓取全部所需数据。
[2026-04-06 13:36:13] [SUCCESS] bvid=BV165XLBrEZt 已成功抓取全部所需数据。
[2026-04-06 13:36:17] [SUCCESS] bvid=BV165XfBaErz 已成功抓取全部所需数据。
[2026-04-06 13:36:21] [SUCCESS] bvid=BV165XwBKEgL 已成功抓取全部所需数据。
[2026-04-06 13:36:24] [SUCCESS] bvid=BV1669FBeEH7 已成功抓取全部所需数据。
[2026-04-06 13:36:24] [WARN] 当前子任务已结束，但仍有未成功抓取的视频，已导出 remaining CSV 供继续执行。
[2026-04-06 13:36:24] [INFO] 已导出剔除成功条目后的剩余 CSV：outputs\video_data\manual_crawls\manual_crawl_meta_mode_A_20260406_121323\remaining_bvids_part_13.csv
[2026-04-06 13:36:24] 子任务结束时间：2026-04-06T13:36:24.697008
[TIMESTAMP][END] 2026-04-06T13:36:24
