[TIMESTAMP][BEGIN] 2026-04-06T14:55:33
[2026-04-06 14:55:35] 开始执行 CSV 批量抓取子任务 part_27。
[2026-04-06 14:55:35] 子任务开始时间：2026-04-06T14:55:33.030450
[2026-04-06 14:55:35] 输入文件：batch_input_27.csv
[2026-04-06 14:55:35] 输入唯一 bvid 数量：100
[2026-04-06 14:55:35] 为严格按 CSV 顺序判断连续失败阈值，本次任务自动将并发度从 2 调整为 1。
[2026-04-06 14:55:38] [SUCCESS] bvid=BV1AiXzB2ELe 已成功抓取全部所需数据。
[2026-04-06 14:55:42] [SUCCESS] bvid=BV1AjXMBFEX9 已成功抓取全部所需数据。
[2026-04-06 14:55:45] [SUCCESS] bvid=BV1AjXMBFEzk 已成功抓取全部所需数据。
[2026-04-06 14:55:48] [SUCCESS] bvid=BV1Ak9KB4E8R 已成功抓取全部所需数据。
[2026-04-06 14:55:51] [SUCCESS] bvid=BV1AkXaBbEH6 已成功抓取全部所需数据。
[2026-04-06 14:55:56] [SUCCESS] bvid=BV1AkXaBbEuJ 已成功抓取全部所需数据。
[2026-04-06 14:56:00] [SUCCESS] bvid=BV1AkXpBBE6z 已成功抓取全部所需数据。
[2026-04-06 14:56:04] [SUCCESS] bvid=BV1AmQzBLEx6 已成功抓取全部所需数据。
[2026-04-06 14:56:07] [SUCCESS] bvid=BV1AmXVBVEKv 已成功抓取全部所需数据。
[2026-04-06 14:56:11] [SUCCESS] bvid=BV1AmXVBVEpW 已成功抓取全部所需数据。
[2026-04-06 14:56:14] [SUCCESS] bvid=BV1An9NBXEyu 已成功抓取全部所需数据。
[2026-04-06 14:56:17] [SUCCESS] bvid=BV1AnXMB4Exm 已成功抓取全部所需数据。
[2026-04-06 14:56:20] [SUCCESS] bvid=BV1AnXgBNERJ 已成功抓取全部所需数据。
[2026-04-06 14:56:24] [SUCCESS] bvid=BV1AnXhBREMf 已成功抓取全部所需数据。
[2026-04-06 14:56:27] [SUCCESS] bvid=BV1Ao9GB3ErQ 已成功抓取全部所需数据。
[2026-04-06 14:56:30] [SUCCESS] bvid=BV1AoXbBpECQ 已成功抓取全部所需数据。
[2026-04-06 14:56:33] [SUCCESS] bvid=BV1Aq9wB5EDR 已成功抓取全部所需数据。
[2026-04-06 14:56:37] [SUCCESS] bvid=BV1Aq9wB5EJk 已成功抓取全部所需数据。
[2026-04-06 14:56:40] [SUCCESS] bvid=BV1Aq9wB5Erp 已成功抓取全部所需数据。
[2026-04-06 14:56:43] [SUCCESS] bvid=BV1AqXDB1E3G 已成功抓取全部所需数据。
[2026-04-06 14:56:46] [SUCCESS] bvid=BV1AqXTBdEWp 已成功抓取全部所需数据。
[2026-04-06 14:56:49] [SUCCESS] bvid=BV1AqXTBdEex 已成功抓取全部所需数据。
[2026-04-06 14:56:52] [SUCCESS] bvid=BV1AqXTBdEiC 已成功抓取全部所需数据。
[2026-04-06 14:56:55] [SUCCESS] bvid=BV1AqXTBdEnX 已成功抓取全部所需数据。
[2026-04-06 14:56:58] [SUCCESS] bvid=BV1ArXCBfEwe 已成功抓取全部所需数据。
[2026-04-06 14:57:01] [SUCCESS] bvid=BV1AsD3BYEjR 已成功抓取全部所需数据。
[2026-04-06 14:57:04] [SUCCESS] bvid=BV1AsDuBRE5Y 已成功抓取全部所需数据。
[2026-04-06 14:57:07] [SUCCESS] bvid=BV1AsDuBREFY 已成功抓取全部所需数据。
[2026-04-06 14:57:10] [SUCCESS] bvid=BV1AsDuBREaH 已成功抓取全部所需数据。
[2026-04-06 14:57:13] [SUCCESS] bvid=BV1At9uBeEgN 已成功抓取全部所需数据。
[2026-04-06 14:57:17] [SUCCESS] bvid=BV1AtXGBMEqA 已成功抓取全部所需数据。
[2026-04-06 14:57:20] [SUCCESS] bvid=BV1AuDABrEmf 已成功抓取全部所需数据。
[2026-04-06 14:57:23] [SUCCESS] bvid=BV1AuXVBuE5q 已成功抓取全部所需数据。
[2026-04-06 14:57:26] [SUCCESS] bvid=BV1AuXVBuEKL 已成功抓取全部所需数据。
[2026-04-06 14:57:30] [SUCCESS] bvid=BV1AuXVBuExq 已成功抓取全部所需数据。
[2026-04-06 14:57:33] [SUCCESS] bvid=BV1Av9wB1ESs 已成功抓取全部所需数据。
[2026-04-06 14:57:36] [SUCCESS] bvid=BV1AvX8BxE2E 已成功抓取全部所需数据。
[2026-04-06 14:57:39] [SUCCESS] bvid=BV1AvX8BxEh8 已成功抓取全部所需数据。
[2026-04-06 14:57:43] [SUCCESS] bvid=BV1AvXNBJEgY 已成功抓取全部所需数据。
[2026-04-06 14:57:46] [SUCCESS] bvid=BV1AvXNBJEhG 已成功抓取全部所需数据。
[2026-04-06 14:57:49] [SUCCESS] bvid=BV1Aw97BWEu1 已成功抓取全部所需数据。
[2026-04-06 14:57:52] [SUCCESS] bvid=BV1AwX3BKEW4 已成功抓取全部所需数据。
[2026-04-06 14:57:55] [SUCCESS] bvid=BV1AwXCBxELa 已成功抓取全部所需数据。
[2026-04-06 14:57:58] [SUCCESS] bvid=BV1AwXCBxEY6 已成功抓取全部所需数据。
[2026-04-06 14:58:02] [SUCCESS] bvid=BV1AwXaBoEJv 已成功抓取全部所需数据。
[2026-04-06 14:58:05] [SUCCESS] bvid=BV1AxXYBFEAT 已成功抓取全部所需数据。
[2026-04-06 14:58:08] [SUCCESS] bvid=BV1AxXZBKEfn 已成功抓取全部所需数据。
[2026-04-06 14:58:11] [SUCCESS] bvid=BV1Ay97BREV5 已成功抓取全部所需数据。
[2026-04-06 14:58:14] [SUCCESS] bvid=BV1AzQZBYEw6 已成功抓取全部所需数据。
[2026-04-06 14:58:17] [SUCCESS] bvid=BV1AzQZBeEsy 已成功抓取全部所需数据。
[2026-04-06 14:58:21] [SUCCESS] bvid=BV1AzX8BXEnE 已成功抓取全部所需数据。
[2026-04-06 14:58:24] [SUCCESS] bvid=BV1AzXTBsEnM 已成功抓取全部所需数据。
[2026-04-06 14:58:27] [SUCCESS] bvid=BV1AzXrBpEew 已成功抓取全部所需数据。
[2026-04-06 14:58:30] [SUCCESS] bvid=BV1B1Q2BfERE 已成功抓取全部所需数据。
[2026-04-06 14:58:33] [SUCCESS] bvid=BV1B1XTBJEi8 已成功抓取全部所需数据。
[2026-04-06 14:58:36] [SUCCESS] bvid=BV1B1XTBJEqc 已成功抓取全部所需数据。
[2026-04-06 14:58:39] [SUCCESS] bvid=BV1B2DPBNEpc 已成功抓取全部所需数据。
[2026-04-06 14:58:43] [SUCCESS] bvid=BV1B2XTBUEQt 已成功抓取全部所需数据。
[2026-04-06 14:58:46] [SUCCESS] bvid=BV1B3DMByEDP 已成功抓取全部所需数据。
[2026-04-06 14:58:49] [SUCCESS] bvid=BV1B3XeBtEZi 已成功抓取全部所需数据。
[2026-04-06 14:58:52] [SUCCESS] bvid=BV1B3XeBtEfh 已成功抓取全部所需数据。
[2026-04-06 14:58:55] [SUCCESS] bvid=BV1B4QoBQEfJ 已成功抓取全部所需数据。
[2026-04-06 14:58:58] [SUCCESS] bvid=BV1B4XMBHEi3 已成功抓取全部所需数据。
[2026-04-06 14:59:01] [SUCCESS] bvid=BV1B4XMBHEvd 已成功抓取全部所需数据。
[2026-04-06 14:59:04] [SUCCESS] bvid=BV1B4XhBSE2F 已成功抓取全部所需数据。
[2026-04-06 14:59:07] [SUCCESS] bvid=BV1B59KB1Eue 已成功抓取全部所需数据。
[2026-04-06 14:59:10] [SUCCESS] bvid=BV1B59MBWEBG 已成功抓取全部所需数据。
[2026-04-06 14:59:13] [SUCCESS] bvid=BV1B6XjByEDJ 已成功抓取全部所需数据。
[2026-04-06 14:59:16] [SUCCESS] bvid=BV1B6XjByEQN 已成功抓取全部所需数据。
[2026-04-06 14:59:19] [SUCCESS] bvid=BV1B6XjByEkA 已成功抓取全部所需数据。
[2026-04-06 14:59:22] [SUCCESS] bvid=BV1B79MBHEuN 已成功抓取全部所需数据。
[2026-04-06 14:59:25] [SUCCESS] bvid=BV1B7XfB8EF1 已成功抓取全部所需数据。
[2026-04-06 14:59:28] [SUCCESS] bvid=BV1B7XfB8EdG 已成功抓取全部所需数据。
[2026-04-06 14:59:31] [SUCCESS] bvid=BV1B8XMBJE4M 已成功抓取全部所需数据。
[2026-04-06 14:59:34] [SUCCESS] bvid=BV1B8XMBJEFC 已成功抓取全部所需数据。
[2026-04-06 14:59:37] [SUCCESS] bvid=BV1B8XMBJEGF 已成功抓取全部所需数据。
[2026-04-06 14:59:40] [SUCCESS] bvid=BV1B8XMBJELe 已成功抓取全部所需数据。
[2026-04-06 14:59:43] [SUCCESS] bvid=BV1B8XMBJEVJ 已成功抓取全部所需数据。
[2026-04-06 14:59:46] [SUCCESS] bvid=BV1B8XMBJEv1 已成功抓取全部所需数据。
[2026-04-06 14:59:49] [SUCCESS] bvid=BV1B8XMBJEwm 已成功抓取全部所需数据。
[2026-04-06 14:59:52] [SUCCESS] bvid=BV1B8XMBJEzT 已成功抓取全部所需数据。
[2026-04-06 14:59:55] [SUCCESS] bvid=BV1B8XhBmEu9 已成功抓取全部所需数据。
[2026-04-06 15:00:05] [SUCCESS] bvid=BV1B9QUBwE6c 已成功抓取全部所需数据。
[2026-04-06 15:00:08] [SUCCESS] bvid=BV1B9X3B8EVH 已成功抓取全部所需数据。
[2026-04-06 15:00:11] [SUCCESS] bvid=BV1B9XCBSEMn 已成功抓取全部所需数据。
[2026-04-06 15:00:15] [SUCCESS] bvid=BV1B9XCBSEVG 已成功抓取全部所需数据。
[2026-04-06 15:00:18] [SUCCESS] bvid=BV1B9XCBSEcL 已成功抓取全部所需数据。
[2026-04-06 15:00:22] [SUCCESS] bvid=BV1BAXNB3EpD 已成功抓取全部所需数据。
[2026-04-06 15:00:25] [SUCCESS] bvid=BV1BBX2BtE91 已成功抓取全部所需数据。
[2026-04-06 15:00:28] [SUCCESS] bvid=BV1BC9FBaE2e 已成功抓取全部所需数据。
[2026-04-06 15:00:31] [SUCCESS] bvid=BV1BCXjBkE8c 已成功抓取全部所需数据。
[2026-04-06 15:00:35] [SUCCESS] bvid=BV1BCXjBkEzf 已成功抓取全部所需数据。
[2026-04-06 15:00:38] [SUCCESS] bvid=BV1BCXqBAE59 已成功抓取全部所需数据。
[2026-04-06 15:00:41] [SUCCESS] bvid=BV1BDQ2BxE1Q 已成功抓取全部所需数据。
[2026-04-06 15:00:44] [SUCCESS] bvid=BV1BDXCBQE5w 已成功抓取全部所需数据。
[2026-04-06 15:00:48] [SUCCESS] bvid=BV1BDXCBQE7S 已成功抓取全部所需数据。
[2026-04-06 15:00:51] [SUCCESS] bvid=BV1BDXCBQEU9 已成功抓取全部所需数据。
[2026-04-06 15:00:54] [SUCCESS] bvid=BV1BDXCBQEUy 已成功抓取全部所需数据。
[2026-04-06 15:00:57] [SUCCESS] bvid=BV1BDXCBQEzW 已成功抓取全部所需数据。
[2026-04-06 15:01:00] [SUCCESS] bvid=BV1BE9JBnEmh 已成功抓取全部所需数据。
[2026-04-06 15:01:00] [INFO] 当前 batch_crawl 已完成，所有视频均已成功抓取。
[2026-04-06 15:01:00] 子任务结束时间：2026-04-06T15:01:00.764647
[TIMESTAMP][END] 2026-04-06T15:01:00
