[TIMESTAMP][BEGIN] 2026-04-06T14:24:01
[2026-04-06 14:24:03] 开始执行 CSV 批量抓取子任务 part_21。
[2026-04-06 14:24:03] 子任务开始时间：2026-04-06T14:24:01.000319
[2026-04-06 14:24:03] 输入文件：batch_input_21.csv
[2026-04-06 14:24:03] 输入唯一 bvid 数量：100
[2026-04-06 14:24:03] 为严格按 CSV 顺序判断连续失败阈值，本次任务自动将并发度从 2 调整为 1。
[2026-04-06 14:24:06] [SUCCESS] bvid=BV18e9MB6EZ1 已成功抓取全部所需数据。
[2026-04-06 14:24:09] [SUCCESS] bvid=BV18e9MB6Eer 已成功抓取全部所需数据。
[2026-04-06 14:24:13] [SUCCESS] bvid=BV18fXUBQEfx 已成功抓取全部所需数据。
[2026-04-06 14:24:16] [SUCCESS] bvid=BV18g9TBMEbV 已成功抓取全部所需数据。
[2026-04-06 14:24:19] [SUCCESS] bvid=BV18gXGBUE5M 已成功抓取全部所需数据。
[2026-04-06 14:24:22] [SUCCESS] bvid=BV18gXGBUE7F 已成功抓取全部所需数据。
[2026-04-06 14:24:25] [SUCCESS] bvid=BV18gXGBUE7v 已成功抓取全部所需数据。
[2026-04-06 14:24:28] [SUCCESS] bvid=BV18gXGBUEEi 已成功抓取全部所需数据。
[2026-04-06 14:24:31] [SUCCESS] bvid=BV18gXGBUEMd 已成功抓取全部所需数据。
[2026-04-06 14:24:34] [SUCCESS] bvid=BV18gXGBUEwm 已成功抓取全部所需数据。
[2026-04-06 14:24:37] [SUCCESS] bvid=BV18gXWBEEUG 已成功抓取全部所需数据。
[2026-04-06 14:24:40] [SUCCESS] bvid=BV18h9MBkECz 已成功抓取全部所需数据。
[2026-04-06 14:24:43] [SUCCESS] bvid=BV18hXsBXEDz 已成功抓取全部所需数据。
[2026-04-06 14:24:47] [SUCCESS] bvid=BV18i9MBuEVN 已成功抓取全部所需数据。
[2026-04-06 14:24:50] [SUCCESS] bvid=BV18iXPBfEGf 已成功抓取全部所需数据。
[2026-04-06 14:24:53] [SUCCESS] bvid=BV18j9nB6ELi 已成功抓取全部所需数据。
[2026-04-06 14:24:56] [SUCCESS] bvid=BV18j9nB6Ews 已成功抓取全部所需数据。
[2026-04-06 14:24:59] [SUCCESS] bvid=BV18jX5BpE58 已成功抓取全部所需数据。
[2026-04-06 14:25:02] [SUCCESS] bvid=BV18jX5BpED1 已成功抓取全部所需数据。
[2026-04-06 14:25:05] [SUCCESS] bvid=BV18jX5BpEFQ 已成功抓取全部所需数据。
[2026-04-06 14:25:09] [SUCCESS] bvid=BV18jX5BpESC 已成功抓取全部所需数据。
[2026-04-06 14:25:12] [SUCCESS] bvid=BV18jX5BpEcT 已成功抓取全部所需数据。
[2026-04-06 14:25:15] [SUCCESS] bvid=BV18jX5BpEn6 已成功抓取全部所需数据。
[2026-04-06 14:25:18] [SUCCESS] bvid=BV18jX5BpEni 已成功抓取全部所需数据。
[2026-04-06 14:25:21] [SUCCESS] bvid=BV18jX5BpEnj 已成功抓取全部所需数据。
[2026-04-06 14:25:24] [SUCCESS] bvid=BV18jX5BpEpr 已成功抓取全部所需数据。
[2026-04-06 14:25:28] [SUCCESS] bvid=BV18jXUBnEwY 已成功抓取全部所需数据。
[2026-04-06 14:25:31] [SUCCESS] bvid=BV18jXZBGEpT 已成功抓取全部所需数据。
[2026-04-06 14:25:34] [SUCCESS] bvid=BV18jXjBcE6K 已成功抓取全部所需数据。
[2026-04-06 14:25:37] [SUCCESS] bvid=BV18jXjBcE9d 已成功抓取全部所需数据。
[2026-04-06 14:25:41] [SUCCESS] bvid=BV18jXjBcEo7 已成功抓取全部所需数据。
[2026-04-06 14:25:44] [SUCCESS] bvid=BV18jXzBtEeP 已成功抓取全部所需数据。
[2026-04-06 14:25:47] [SUCCESS] bvid=BV18kXKBYEb1 已成功抓取全部所需数据。
[2026-04-06 14:25:50] [SUCCESS] bvid=BV18kXMB3E27 已成功抓取全部所需数据。
[2026-04-06 14:25:53] [SUCCESS] bvid=BV18m9NBPEMj 已成功抓取全部所需数据。
[2026-04-06 14:25:56] [SUCCESS] bvid=BV18mXhBKEDk 已成功抓取全部所需数据。
[2026-04-06 14:26:00] [SUCCESS] bvid=BV18mXhBKEpX 已成功抓取全部所需数据。
[2026-04-06 14:26:04] [SUCCESS] bvid=BV18mwezKEGw 已成功抓取全部所需数据。
[2026-04-06 14:26:07] [SUCCESS] bvid=BV18nXDBxE2p 已成功抓取全部所需数据。
[2026-04-06 14:26:10] [SUCCESS] bvid=BV18nXDBxEAL 已成功抓取全部所需数据。
[2026-04-06 14:26:13] [SUCCESS] bvid=BV18nXTBqEqC 已成功抓取全部所需数据。
[2026-04-06 14:26:16] [SUCCESS] bvid=BV18nXjBbEUm 已成功抓取全部所需数据。
[2026-04-06 14:26:19] [SUCCESS] bvid=BV18nXjBtEAh 已成功抓取全部所需数据。
[2026-04-06 14:26:22] [SUCCESS] bvid=BV18nXjBtEJ5 已成功抓取全部所需数据。
[2026-04-06 14:26:25] [SUCCESS] bvid=BV18nXjBtEaa 已成功抓取全部所需数据。
[2026-04-06 14:26:25] [ERROR] bvid=BV18nXjBtEtQ 抓取失败：meta: 接口返回错误代码：62002，信息：稿件不可见。
{'code': 62002, 'message': '稿件不可见', 'ttl': 1}
[2026-04-06 14:26:28] [SUCCESS] bvid=BV18nXjBtEwf 已成功抓取全部所需数据。
[2026-04-06 14:26:31] [SUCCESS] bvid=BV18o9FBXEU1 已成功抓取全部所需数据。
[2026-04-06 14:26:34] [SUCCESS] bvid=BV18o9nBVEUq 已成功抓取全部所需数据。
[2026-04-06 14:26:38] [SUCCESS] bvid=BV18oXABxErX 已成功抓取全部所需数据。
[2026-04-06 14:26:40] [SUCCESS] bvid=BV18oXABxEze 已成功抓取全部所需数据。
[2026-04-06 14:26:43] [SUCCESS] bvid=BV18oXNBPEDU 已成功抓取全部所需数据。
[2026-04-06 14:26:46] [SUCCESS] bvid=BV18oXqBWEd8 已成功抓取全部所需数据。
[2026-04-06 14:26:49] [SUCCESS] bvid=BV18oXxBRE9f 已成功抓取全部所需数据。
[2026-04-06 14:26:52] [SUCCESS] bvid=BV18p9wB9EiF 已成功抓取全部所需数据。
[2026-04-06 14:26:55] [SUCCESS] bvid=BV18qDGBVE5n 已成功抓取全部所需数据。
[2026-04-06 14:26:58] [SUCCESS] bvid=BV18qX4BtECh 已成功抓取全部所需数据。
[2026-04-06 14:27:01] [SUCCESS] bvid=BV18qXLBdE8F 已成功抓取全部所需数据。
[2026-04-06 14:27:04] [SUCCESS] bvid=BV18qXfB2ExW 已成功抓取全部所需数据。
[2026-04-06 14:27:07] [SUCCESS] bvid=BV18rXKBPE93 已成功抓取全部所需数据。
[2026-04-06 14:27:10] [SUCCESS] bvid=BV18rXbBaETX 已成功抓取全部所需数据。
[2026-04-06 14:27:13] [SUCCESS] bvid=BV18rXbBaETt 已成功抓取全部所需数据。
[2026-04-06 14:27:16] [SUCCESS] bvid=BV18rXbBaEgH 已成功抓取全部所需数据。
[2026-04-06 14:27:19] [SUCCESS] bvid=BV18rXbBaEn5 已成功抓取全部所需数据。
[2026-04-06 14:27:22] [SUCCESS] bvid=BV18rXbBaEuZ 已成功抓取全部所需数据。
[2026-04-06 14:27:25] [SUCCESS] bvid=BV18sXuBkEpw 已成功抓取全部所需数据。
[2026-04-06 14:27:28] [SUCCESS] bvid=BV18t9LBZEKM 已成功抓取全部所需数据。
[2026-04-06 14:27:31] [SUCCESS] bvid=BV18u9EBqEpU 已成功抓取全部所需数据。
[2026-04-06 14:27:34] [SUCCESS] bvid=BV18u9NBcEpX 已成功抓取全部所需数据。
[2026-04-06 14:27:37] [SUCCESS] bvid=BV18u9jBfEwD 已成功抓取全部所需数据。
[2026-04-06 14:27:40] [SUCCESS] bvid=BV18uXGBJE1b 已成功抓取全部所需数据。
[2026-04-06 14:27:43] [SUCCESS] bvid=BV18uXGBJE4p 已成功抓取全部所需数据。
[2026-04-06 14:27:46] [SUCCESS] bvid=BV18uXGBJEQP 已成功抓取全部所需数据。
[2026-04-06 14:27:49] [SUCCESS] bvid=BV18uXGBJEyK 已成功抓取全部所需数据。
[2026-04-06 14:27:53] [SUCCESS] bvid=BV18uXgBrEAv 已成功抓取全部所需数据。
[2026-04-06 14:27:56] [SUCCESS] bvid=BV18uXyBzEBp 已成功抓取全部所需数据。
[2026-04-06 14:27:59] [SUCCESS] bvid=BV18uXyBzEm6 已成功抓取全部所需数据。
[2026-04-06 14:28:02] [SUCCESS] bvid=BV18v9gBmEcT 已成功抓取全部所需数据。
[2026-04-06 14:28:05] [SUCCESS] bvid=BV18wX6BZE2Y 已成功抓取全部所需数据。
[2026-04-06 14:28:08] [SUCCESS] bvid=BV18wX6BZERv 已成功抓取全部所需数据。
[2026-04-06 14:28:11] [SUCCESS] bvid=BV18wX6BZEyE 已成功抓取全部所需数据。
[2026-04-06 14:28:14] [SUCCESS] bvid=BV18wXMBBE6p 已成功抓取全部所需数据。
[2026-04-06 14:28:16] [SUCCESS] bvid=BV18wXMBBE8T 已成功抓取全部所需数据。
[2026-04-06 14:28:19] [SUCCESS] bvid=BV18wXMBBELD 已成功抓取全部所需数据。
[2026-04-06 14:28:22] [SUCCESS] bvid=BV18wXMBBEVM 已成功抓取全部所需数据。
[2026-04-06 14:28:25] [SUCCESS] bvid=BV18wXMBBEga 已成功抓取全部所需数据。
[2026-04-06 14:28:28] [SUCCESS] bvid=BV18wXMBBEur 已成功抓取全部所需数据。
[2026-04-06 14:28:31] [SUCCESS] bvid=BV18wXMBBEve 已成功抓取全部所需数据。
[2026-04-06 14:28:34] [SUCCESS] bvid=BV18wXkBiE1S 已成功抓取全部所需数据。
[2026-04-06 14:28:37] [SUCCESS] bvid=BV18wXkBiEkC 已成功抓取全部所需数据。
[2026-04-06 14:28:40] [SUCCESS] bvid=BV18xDKB4EMv 已成功抓取全部所需数据。
[2026-04-06 14:28:43] [SUCCESS] bvid=BV18yX6BFEH8 已成功抓取全部所需数据。
[2026-04-06 14:28:46] [SUCCESS] bvid=BV18yXKBwE3j 已成功抓取全部所需数据。
[2026-04-06 14:28:49] [SUCCESS] bvid=BV18yXKBwEGj 已成功抓取全部所需数据。
[2026-04-06 14:28:52] [SUCCESS] bvid=BV18yXbB8E3d 已成功抓取全部所需数据。
[2026-04-06 14:28:55] [SUCCESS] bvid=BV18yXbB8EJD 已成功抓取全部所需数据。
[2026-04-06 14:29:14] [SUCCESS] bvid=BV18yXbB8EJw 已成功抓取全部所需数据。
[2026-04-06 14:29:18] [SUCCESS] bvid=BV18yXbB8Ew4 已成功抓取全部所需数据。
[2026-04-06 14:29:20] [SUCCESS] bvid=BV18yXbB8Ewx 已成功抓取全部所需数据。
[2026-04-06 14:29:23] [SUCCESS] bvid=BV18yXhBME6k 已成功抓取全部所需数据。
[2026-04-06 14:29:23] [WARN] 当前子任务已结束，但仍有未成功抓取的视频，已导出 remaining CSV 供继续执行。
[2026-04-06 14:29:23] [INFO] 已导出剔除成功条目后的剩余 CSV：outputs\video_data\manual_crawls\manual_crawl_meta_mode_A_20260406_121323\remaining_bvids_part_21.csv
[2026-04-06 14:29:23] 子任务结束时间：2026-04-06T14:29:23.983215
[TIMESTAMP][END] 2026-04-06T14:29:23
