[TIMESTAMP][BEGIN] 2026-04-06T12:37:51
[2026-04-06 12:37:53] 开始执行 CSV 批量抓取子任务 part_5。
[2026-04-06 12:37:53] 子任务开始时间：2026-04-06T12:37:51.345257
[2026-04-06 12:37:53] 输入文件：batch_input_5.csv
[2026-04-06 12:37:53] 输入唯一 bvid 数量：100
[2026-04-06 12:37:53] 为严格按 CSV 顺序判断连续失败阈值，本次任务自动将并发度从 2 调整为 1。
[2026-04-06 12:37:56] [SUCCESS] bvid=BV12hXrBoE9G 已成功抓取全部所需数据。
[2026-04-06 12:37:59] [SUCCESS] bvid=BV12hXrBoE9v 已成功抓取全部所需数据。
[2026-04-06 12:38:02] [SUCCESS] bvid=BV12iDMBtEBx 已成功抓取全部所需数据。
[2026-04-06 12:38:05] [SUCCESS] bvid=BV12jXYBNE88 已成功抓取全部所需数据。
[2026-04-06 12:38:08] [SUCCESS] bvid=BV12jXYBNEqx 已成功抓取全部所需数据。
[2026-04-06 12:38:11] [SUCCESS] bvid=BV12k9HBrE6j 已成功抓取全部所需数据。
[2026-04-06 12:38:14] [SUCCESS] bvid=BV12k9MBNEtN 已成功抓取全部所需数据。
[2026-04-06 12:38:17] [SUCCESS] bvid=BV12kXLBWEZk 已成功抓取全部所需数据。
[2026-04-06 12:38:20] [SUCCESS] bvid=BV12kXLBWEbL 已成功抓取全部所需数据。
[2026-04-06 12:38:23] [SUCCESS] bvid=BV12kXLBWEdF 已成功抓取全部所需数据。
[2026-04-06 12:38:26] [SUCCESS] bvid=BV12kXLBWEio 已成功抓取全部所需数据。
[2026-04-06 12:38:29] [SUCCESS] bvid=BV12kXLBWEqQ 已成功抓取全部所需数据。
[2026-04-06 12:38:32] [SUCCESS] bvid=BV12kXLBWEzo 已成功抓取全部所需数据。
[2026-04-06 12:38:35] [SUCCESS] bvid=BV12kXVB1E8Y 已成功抓取全部所需数据。
[2026-04-06 12:38:38] [SUCCESS] bvid=BV12kXVB1Ewy 已成功抓取全部所需数据。
[2026-04-06 12:38:41] [SUCCESS] bvid=BV12kXfBVE8y 已成功抓取全部所需数据。
[2026-04-06 12:38:44] [SUCCESS] bvid=BV12kXfBVEQd 已成功抓取全部所需数据。
[2026-04-06 12:38:47] [SUCCESS] bvid=BV12kXmBCEDi 已成功抓取全部所需数据。
[2026-04-06 12:38:50] [SUCCESS] bvid=BV12kXmBCEeC 已成功抓取全部所需数据。
[2026-04-06 12:38:53] [SUCCESS] bvid=BV12kXmBCEey 已成功抓取全部所需数据。
[2026-04-06 12:38:56] [SUCCESS] bvid=BV12kXmBCEvg 已成功抓取全部所需数据。
[2026-04-06 12:38:59] [SUCCESS] bvid=BV12mXKBFEvp 已成功抓取全部所需数据。
[2026-04-06 12:39:02] [SUCCESS] bvid=BV12mXbBtE2g 已成功抓取全部所需数据。
[2026-04-06 12:39:05] [SUCCESS] bvid=BV12mXbBtE5x 已成功抓取全部所需数据。
[2026-04-06 12:39:08] [SUCCESS] bvid=BV12mXbBtEY6 已成功抓取全部所需数据。
[2026-04-06 12:39:11] [SUCCESS] bvid=BV12mXbBtEeN 已成功抓取全部所需数据。
[2026-04-06 12:39:14] [SUCCESS] bvid=BV12mXbBtEk2 已成功抓取全部所需数据。
[2026-04-06 12:39:18] [SUCCESS] bvid=BV12mXbBtEof 已成功抓取全部所需数据。
[2026-04-06 12:39:21] [SUCCESS] bvid=BV12mXbBtEs1 已成功抓取全部所需数据。
[2026-04-06 12:39:24] [SUCCESS] bvid=BV12mXbBtExF 已成功抓取全部所需数据。
[2026-04-06 12:39:27] [SUCCESS] bvid=BV12mXbBtEyC 已成功抓取全部所需数据。
[2026-04-06 12:39:30] [SUCCESS] bvid=BV12mXbBtEyE 已成功抓取全部所需数据。
[2026-04-06 12:39:33] [SUCCESS] bvid=BV12mXbBtEyx 已成功抓取全部所需数据。
[2026-04-06 12:39:36] [SUCCESS] bvid=BV12n9uBMEUK 已成功抓取全部所需数据。
[2026-04-06 12:39:39] [SUCCESS] bvid=BV12n9uBMEqd 已成功抓取全部所需数据。
[2026-04-06 12:39:42] [SUCCESS] bvid=BV12nX5BSE34 已成功抓取全部所需数据。
[2026-04-06 12:39:46] [SUCCESS] bvid=BV12nXvBgEV5 已成功抓取全部所需数据。
[2026-04-06 12:39:49] [SUCCESS] bvid=BV12o9jBoEJX 已成功抓取全部所需数据。
[2026-04-06 12:39:52] [SUCCESS] bvid=BV12oX9BtEPJ 已成功抓取全部所需数据。
[2026-04-06 12:39:55] [SUCCESS] bvid=BV12oXGB7EZB 已成功抓取全部所需数据。
[2026-04-06 12:39:58] [SUCCESS] bvid=BV12oXgBzEZv 已成功抓取全部所需数据。
[2026-04-06 12:40:02] [SUCCESS] bvid=BV12pX5BEEAr 已成功抓取全部所需数据。
[2026-04-06 12:40:05] [SUCCESS] bvid=BV12pX5BEEDq 已成功抓取全部所需数据。
[2026-04-06 12:40:08] [SUCCESS] bvid=BV12pXNB4EDZ 已成功抓取全部所需数据。
[2026-04-06 12:40:11] [SUCCESS] bvid=BV12pXNB4Emf 已成功抓取全部所需数据。
[2026-04-06 12:40:14] [SUCCESS] bvid=BV12pXNB4Emi 已成功抓取全部所需数据。
[2026-04-06 12:40:17] [SUCCESS] bvid=BV12pXUBjEKu 已成功抓取全部所需数据。
[2026-04-06 12:40:20] [SUCCESS] bvid=BV12pXUBjEL3 已成功抓取全部所需数据。
[2026-04-06 12:40:23] [SUCCESS] bvid=BV12q97B8EWW 已成功抓取全部所需数据。
[2026-04-06 12:40:26] [SUCCESS] bvid=BV12q97BbE2c 已成功抓取全部所需数据。
[2026-04-06 12:40:29] [SUCCESS] bvid=BV12q97BbEkr 已成功抓取全部所需数据。
[2026-04-06 12:40:32] [SUCCESS] bvid=BV12qX1BuE6T 已成功抓取全部所需数据。
[2026-04-06 12:40:35] [SUCCESS] bvid=BV12qX1BuECU 已成功抓取全部所需数据。
[2026-04-06 12:40:39] [SUCCESS] bvid=BV12rXVBjE9Z 已成功抓取全部所需数据。
[2026-04-06 12:40:43] [SUCCESS] bvid=BV12rXVBjEtf 已成功抓取全部所需数据。
[2026-04-06 12:40:47] [SUCCESS] bvid=BV12rXmB5EAt 已成功抓取全部所需数据。
[2026-04-06 12:40:50] [SUCCESS] bvid=BV12rXmB5Ejt 已成功抓取全部所需数据。
[2026-04-06 12:40:54] [SUCCESS] bvid=BV12rXmB5Eur 已成功抓取全部所需数据。
[2026-04-06 12:40:58] [SUCCESS] bvid=BV12sDPBJEYs 已成功抓取全部所需数据。
[2026-04-06 12:41:02] [SUCCESS] bvid=BV12sXjBREF9 已成功抓取全部所需数据。
[2026-04-06 12:41:05] [SUCCESS] bvid=BV12sXjBREK4 已成功抓取全部所需数据。
[2026-04-06 12:41:08] [SUCCESS] bvid=BV12sXjBRETj 已成功抓取全部所需数据。
[2026-04-06 12:41:11] [SUCCESS] bvid=BV12tXjBXEKj 已成功抓取全部所需数据。
[2026-04-06 12:41:14] [SUCCESS] bvid=BV12uXhBwEoe 已成功抓取全部所需数据。
[2026-04-06 12:41:18] [SUCCESS] bvid=BV12vX3BkEUe 已成功抓取全部所需数据。
[2026-04-06 12:41:21] [SUCCESS] bvid=BV12vX3BkEqD 已成功抓取全部所需数据。
[2026-04-06 12:41:24] [SUCCESS] bvid=BV12w9JBwEyW 已成功抓取全部所需数据。
[2026-04-06 12:41:28] [SUCCESS] bvid=BV12wDGBTEvR 已成功抓取全部所需数据。
[2026-04-06 12:41:31] [SUCCESS] bvid=BV12wQrB9ECk 已成功抓取全部所需数据。
[2026-04-06 12:41:34] [SUCCESS] bvid=BV12wXfB6EKQ 已成功抓取全部所需数据。
[2026-04-06 12:41:38] [SUCCESS] bvid=BV12wXfB6ENm 已成功抓取全部所需数据。
[2026-04-06 12:41:41] [SUCCESS] bvid=BV12xXNBsE8n 已成功抓取全部所需数据。
[2026-04-06 12:41:44] [SUCCESS] bvid=BV12xXNBsE9E 已成功抓取全部所需数据。
[2026-04-06 12:41:48] [SUCCESS] bvid=BV12xXNBsEyF 已成功抓取全部所需数据。
[2026-04-06 12:41:51] [SUCCESS] bvid=BV12xXNBsEyT 已成功抓取全部所需数据。
[2026-04-06 12:41:54] [SUCCESS] bvid=BV12xXUB5EG6 已成功抓取全部所需数据。
[2026-04-06 12:41:58] [SUCCESS] bvid=BV12xXUB5EYN 已成功抓取全部所需数据。
[2026-04-06 12:42:01] [SUCCESS] bvid=BV12xXUB5EzB 已成功抓取全部所需数据。
[2026-04-06 12:42:04] [SUCCESS] bvid=BV12xXzBpExQ 已成功抓取全部所需数据。
[2026-04-06 12:42:05] [ERROR] bvid=BV12yDAB2EVb 抓取失败：meta: 接口返回错误代码：62002，信息：稿件不可见。
{'code': 62002, 'message': '稿件不可见', 'ttl': 1}
[2026-04-06 12:42:07] [SUCCESS] bvid=BV12yXmBGE7F 已成功抓取全部所需数据。
[2026-04-06 12:42:10] [SUCCESS] bvid=BV12yXmBGEJ5 已成功抓取全部所需数据。
[2026-04-06 12:42:13] [SUCCESS] bvid=BV12yXmBGEJs 已成功抓取全部所需数据。
[2026-04-06 12:42:16] [SUCCESS] bvid=BV12zXVBmETW 已成功抓取全部所需数据。
[2026-04-06 12:42:19] [SUCCESS] bvid=BV12zXVBmEjg 已成功抓取全部所需数据。
[2026-04-06 12:42:23] [SUCCESS] bvid=BV12zXVBmEsH 已成功抓取全部所需数据。
[2026-04-06 12:42:25] [SUCCESS] bvid=BV12zXVBmExA 已成功抓取全部所需数据。
[2026-04-06 12:42:28] [SUCCESS] bvid=BV12zXmB1ERk 已成功抓取全部所需数据。
[2026-04-06 12:42:31] [SUCCESS] bvid=BV1319jBNELD 已成功抓取全部所需数据。
[2026-04-06 12:42:34] [SUCCESS] bvid=BV131XdByECh 已成功抓取全部所需数据。
[2026-04-06 12:42:37] [SUCCESS] bvid=BV1329jBeEqs 已成功抓取全部所需数据。
[2026-04-06 12:42:40] [SUCCESS] bvid=BV132DuB6Ezt 已成功抓取全部所需数据。
[2026-04-06 12:42:43] [SUCCESS] bvid=BV133XZB1EHu 已成功抓取全部所需数据。
[2026-04-06 12:42:46] [SUCCESS] bvid=BV133XZB1EvW 已成功抓取全部所需数据。
[2026-04-06 12:42:49] [SUCCESS] bvid=BV133XvB7E5G 已成功抓取全部所需数据。
[2026-04-06 12:42:52] [SUCCESS] bvid=BV1349KBqEMB 已成功抓取全部所需数据。
[2026-04-06 12:42:56] [SUCCESS] bvid=BV134XCBuEo3 已成功抓取全部所需数据。
[2026-04-06 12:42:59] [SUCCESS] bvid=BV134XaBzEwq 已成功抓取全部所需数据。
[2026-04-06 12:43:02] [SUCCESS] bvid=BV134XeB7Eat 已成功抓取全部所需数据。
[2026-04-06 12:43:05] [SUCCESS] bvid=BV1359FBHEka 已成功抓取全部所需数据。
[2026-04-06 12:43:05] [WARN] 当前子任务已结束，但仍有未成功抓取的视频，已导出 remaining CSV 供继续执行。
[2026-04-06 12:43:05] [INFO] 已导出剔除成功条目后的剩余 CSV：outputs\video_data\manual_crawls\manual_crawl_meta_mode_A_20260406_121323\remaining_bvids_part_5.csv
[2026-04-06 12:43:05] 子任务结束时间：2026-04-06T12:43:05.345951
[TIMESTAMP][END] 2026-04-06T12:43:05
