[TIMESTAMP][BEGIN] 2026-04-06T12:43:05
[2026-04-06 12:43:07] 开始执行 CSV 批量抓取子任务 part_6。
[2026-04-06 12:43:07] 子任务开始时间：2026-04-06T12:43:05.445946
[2026-04-06 12:43:07] 输入文件：batch_input_6.csv
[2026-04-06 12:43:07] 输入唯一 bvid 数量：100
[2026-04-06 12:43:07] 为严格按 CSV 顺序判断连续失败阈值，本次任务自动将并发度从 2 调整为 1。
[2026-04-06 12:43:10] [SUCCESS] bvid=BV1359FBHErJ 已成功抓取全部所需数据。
[2026-04-06 12:43:13] [SUCCESS] bvid=BV1359uBVEKU 已成功抓取全部所需数据。
[2026-04-06 12:43:16] [SUCCESS] bvid=BV135X5BREMC 已成功抓取全部所需数据。
[2026-04-06 12:43:19] [SUCCESS] bvid=BV135XjBYEHB 已成功抓取全部所需数据。
[2026-04-06 12:43:19] [ERROR] bvid=BV135XjBYEUe 抓取失败：meta: 接口返回错误代码：62002，信息：稿件不可见。
{'code': 62002, 'message': '稿件不可见', 'ttl': 1}
[2026-04-06 12:43:22] [SUCCESS] bvid=BV135XjBhEZU 已成功抓取全部所需数据。
[2026-04-06 12:43:25] [SUCCESS] bvid=BV135XxBWEjB 已成功抓取全部所需数据。
[2026-04-06 12:43:28] [SUCCESS] bvid=BV1369WBQEbk 已成功抓取全部所需数据。
[2026-04-06 12:43:31] [SUCCESS] bvid=BV136XMBkE2t 已成功抓取全部所需数据。
[2026-04-06 12:43:34] [SUCCESS] bvid=BV136XMBkE6A 已成功抓取全部所需数据。
[2026-04-06 12:43:37] [SUCCESS] bvid=BV136XMBkEWr 已成功抓取全部所需数据。
[2026-04-06 12:43:40] [SUCCESS] bvid=BV136XMBkEh6 已成功抓取全部所需数据。
[2026-04-06 12:43:43] [SUCCESS] bvid=BV1379FBJEFZ 已成功抓取全部所需数据。
[2026-04-06 12:43:46] [SUCCESS] bvid=BV137XjBhErC 已成功抓取全部所需数据。
[2026-04-06 12:43:49] [SUCCESS] bvid=BV1389MBVEGB 已成功抓取全部所需数据。
[2026-04-06 12:43:52] [SUCCESS] bvid=BV138P6zfEy8 已成功抓取全部所需数据。
[2026-04-06 12:43:55] [SUCCESS] bvid=BV138XVBRE7P 已成功抓取全部所需数据。
[2026-04-06 12:43:58] [SUCCESS] bvid=BV139XABbE1J 已成功抓取全部所需数据。
[2026-04-06 12:44:02] [SUCCESS] bvid=BV13A9NBNExw 已成功抓取全部所需数据。
[2026-04-06 12:44:05] [SUCCESS] bvid=BV13ADTBwEXS 已成功抓取全部所需数据。
[2026-04-06 12:44:08] [SUCCESS] bvid=BV13BXKBKE9V 已成功抓取全部所需数据。
[2026-04-06 12:44:11] [SUCCESS] bvid=BV13BXKBKEZD 已成功抓取全部所需数据。
[2026-04-06 12:44:14] [SUCCESS] bvid=BV13BXKBKEf4 已成功抓取全部所需数据。
[2026-04-06 12:44:18] [SUCCESS] bvid=BV13BXKBKEfS 已成功抓取全部所需数据。
[2026-04-06 12:44:21] [SUCCESS] bvid=BV13BXKBKEfe 已成功抓取全部所需数据。
[2026-04-06 12:44:25] [SUCCESS] bvid=BV13BXKBKEft 已成功抓取全部所需数据。
[2026-04-06 12:44:28] [SUCCESS] bvid=BV13BXKBKEgj 已成功抓取全部所需数据。
[2026-04-06 12:44:31] [SUCCESS] bvid=BV13BXKBKEo3 已成功抓取全部所需数据。
[2026-04-06 12:44:34] [SUCCESS] bvid=BV13BXKBKEuE 已成功抓取全部所需数据。
[2026-04-06 12:44:37] [SUCCESS] bvid=BV13BXKBKEy5 已成功抓取全部所需数据。
[2026-04-06 12:44:40] [SUCCESS] bvid=BV13BXbBvErr 已成功抓取全部所需数据。
[2026-04-06 12:44:43] [SUCCESS] bvid=BV13C9jBiE6F 已成功抓取全部所需数据。
[2026-04-06 12:44:46] [SUCCESS] bvid=BV13C9jBiEkz 已成功抓取全部所需数据。
[2026-04-06 12:44:49] [SUCCESS] bvid=BV13CXMB6EjD 已成功抓取全部所需数据。
[2026-04-06 12:44:52] [SUCCESS] bvid=BV13CXMB6En4 已成功抓取全部所需数据。
[2026-04-06 12:44:55] [SUCCESS] bvid=BV13CXgBEE2o 已成功抓取全部所需数据。
[2026-04-06 12:44:58] [SUCCESS] bvid=BV13CXgBEEQ5 已成功抓取全部所需数据。
[2026-04-06 12:45:01] [SUCCESS] bvid=BV13CXgBEEUn 已成功抓取全部所需数据。
[2026-04-06 12:45:04] [SUCCESS] bvid=BV13CXgBEEhK 已成功抓取全部所需数据。
[2026-04-06 12:45:07] [SUCCESS] bvid=BV13CXgBEEmc 已成功抓取全部所需数据。
[2026-04-06 12:45:11] [SUCCESS] bvid=BV13DX5BFE9e 已成功抓取全部所需数据。
[2026-04-06 12:45:14] [SUCCESS] bvid=BV13DXGBHE2w 已成功抓取全部所需数据。
[2026-04-06 12:45:17] [SUCCESS] bvid=BV13DXGBHEQr 已成功抓取全部所需数据。
[2026-04-06 12:45:20] [SUCCESS] bvid=BV13DXGBHEpy 已成功抓取全部所需数据。
[2026-04-06 12:45:24] [SUCCESS] bvid=BV13DXGBHEv5 已成功抓取全部所需数据。
[2026-04-06 12:45:27] [SUCCESS] bvid=BV13DXGBHExN 已成功抓取全部所需数据。
[2026-04-06 12:45:27] [ERROR] bvid=BV13DXGBHEy6 抓取失败：meta: 接口返回错误代码：62002，信息：稿件不可见。
{'code': 62002, 'message': '稿件不可见', 'ttl': 1}
[2026-04-06 12:45:30] [SUCCESS] bvid=BV13E9wB4Ea3 已成功抓取全部所需数据。
[2026-04-06 12:45:34] [SUCCESS] bvid=BV13EXNBcEW5 已成功抓取全部所需数据。
[2026-04-06 12:45:37] [SUCCESS] bvid=BV13G9uByEhq 已成功抓取全部所需数据。
[2026-04-06 12:45:40] [SUCCESS] bvid=BV13J9wBdExC 已成功抓取全部所需数据。
[2026-04-06 12:45:43] [SUCCESS] bvid=BV13KXGBpErV 已成功抓取全部所需数据。
[2026-04-06 12:45:46] [SUCCESS] bvid=BV13L9FBDEav 已成功抓取全部所需数据。
[2026-04-06 12:45:49] [SUCCESS] bvid=BV13LXNBAExg 已成功抓取全部所需数据。
[2026-04-06 12:45:52] [SUCCESS] bvid=BV13LXzBcEkU 已成功抓取全部所需数据。
[2026-04-06 12:45:55] [SUCCESS] bvid=BV13NXYBCEjB 已成功抓取全部所需数据。
[2026-04-06 12:45:58] [SUCCESS] bvid=BV13PXYB5EZH 已成功抓取全部所需数据。
[2026-04-06 12:46:01] [SUCCESS] bvid=BV13QAgzuE5X 已成功抓取全部所需数据。
[2026-04-06 12:46:04] [SUCCESS] bvid=BV13QX5BbEEM 已成功抓取全部所需数据。
[2026-04-06 12:46:07] [SUCCESS] bvid=BV13QX5BbEM2 已成功抓取全部所需数据。
[2026-04-06 12:46:10] [SUCCESS] bvid=BV13QX5BbEQq 已成功抓取全部所需数据。
[2026-04-06 12:46:13] [SUCCESS] bvid=BV13QX5BbEg7 已成功抓取全部所需数据。
[2026-04-06 12:46:16] [SUCCESS] bvid=BV13QX5BbEp9 已成功抓取全部所需数据。
[2026-04-06 12:46:19] [SUCCESS] bvid=BV13QX5BbEqi 已成功抓取全部所需数据。
[2026-04-06 12:46:22] [SUCCESS] bvid=BV13QX5BbEzb 已成功抓取全部所需数据。
[2026-04-06 12:46:25] [SUCCESS] bvid=BV13QXGBDEFu 已成功抓取全部所需数据。
[2026-04-06 12:46:28] [SUCCESS] bvid=BV13QXGBDEJM 已成功抓取全部所需数据。
[2026-04-06 12:46:32] [SUCCESS] bvid=BV13QXGBDEut 已成功抓取全部所需数据。
[2026-04-06 12:46:34] [SUCCESS] bvid=BV13QXZBEE4G 已成功抓取全部所需数据。
[2026-04-06 12:46:37] [SUCCESS] bvid=BV13R9pBpEoG 已成功抓取全部所需数据。
[2026-04-06 12:46:40] [SUCCESS] bvid=BV13RDPBfE62 已成功抓取全部所需数据。
[2026-04-06 12:46:40] [ERROR] bvid=BV13RX5B4E1W 抓取失败：meta: 接口返回错误代码：62002，信息：稿件不可见。
{'code': 62002, 'message': '稿件不可见', 'ttl': 1}
[2026-04-06 12:46:44] [SUCCESS] bvid=BV13RX5B4E7Q 已成功抓取全部所需数据。
[2026-04-06 12:46:47] [SUCCESS] bvid=BV13RX5B4EFx 已成功抓取全部所需数据。
[2026-04-06 12:46:50] [SUCCESS] bvid=BV13RX5B4ELB 已成功抓取全部所需数据。
[2026-04-06 12:46:52] [SUCCESS] bvid=BV13RX5B4EWa 已成功抓取全部所需数据。
[2026-04-06 12:46:56] [SUCCESS] bvid=BV13RX5B4EYq 已成功抓取全部所需数据。
[2026-04-06 12:46:58] [SUCCESS] bvid=BV13RX5B4EeQ 已成功抓取全部所需数据。
[2026-04-06 12:47:01] [SUCCESS] bvid=BV13RX5B4Ekq 已成功抓取全部所需数据。
[2026-04-06 12:47:04] [SUCCESS] bvid=BV13RX5B4Ewh 已成功抓取全部所需数据。
[2026-04-06 12:47:07] [SUCCESS] bvid=BV13RXUBsEni 已成功抓取全部所需数据。
[2026-04-06 12:47:10] [SUCCESS] bvid=BV13RXUBsEnt 已成功抓取全部所需数据。
[2026-04-06 12:47:13] [SUCCESS] bvid=BV13RXjBNECj 已成功抓取全部所需数据。
[2026-04-06 12:47:16] [SUCCESS] bvid=BV13RXjBNEDV 已成功抓取全部所需数据。
[2026-04-06 12:47:19] [SUCCESS] bvid=BV13RXjBNEkn 已成功抓取全部所需数据。
[2026-04-06 12:47:22] [SUCCESS] bvid=BV13S9EBgE3x 已成功抓取全部所需数据。
[2026-04-06 12:47:24] [SUCCESS] bvid=BV13S9EBgEY4 已成功抓取全部所需数据。
[2026-04-06 12:47:27] [SUCCESS] bvid=BV13SAgz6Eq2 已成功抓取全部所需数据。
[2026-04-06 12:47:31] [SUCCESS] bvid=BV13SDuBBEFm 已成功抓取全部所需数据。
[2026-04-06 12:47:34] [SUCCESS] bvid=BV13SXZBSEnR 已成功抓取全部所需数据。
[2026-04-06 12:47:37] [SUCCESS] bvid=BV13TXGBQEuC 已成功抓取全部所需数据。
[2026-04-06 12:47:40] [SUCCESS] bvid=BV13UX2BDEeN 已成功抓取全部所需数据。
[2026-04-06 12:47:42] [SUCCESS] bvid=BV13UXGBXE3d 已成功抓取全部所需数据。
[2026-04-06 12:47:45] [SUCCESS] bvid=BV13UXGBXEd5 已成功抓取全部所需数据。
[2026-04-06 12:47:48] [SUCCESS] bvid=BV13UXGBXEgY 已成功抓取全部所需数据。
[2026-04-06 12:47:51] [SUCCESS] bvid=BV13UXGBXEuz 已成功抓取全部所需数据。
[2026-04-06 12:47:54] [SUCCESS] bvid=BV13UXdBkESu 已成功抓取全部所需数据。
[2026-04-06 12:47:57] [SUCCESS] bvid=BV13VX5BxE9f 已成功抓取全部所需数据。
[2026-04-06 12:48:00] [SUCCESS] bvid=BV13VX5BxEdA 已成功抓取全部所需数据。
[2026-04-06 12:48:04] [SUCCESS] bvid=BV13VX5BxEdu 已成功抓取全部所需数据。
[2026-04-06 12:48:04] [WARN] 当前子任务已结束，但仍有未成功抓取的视频，已导出 remaining CSV 供继续执行。
[2026-04-06 12:48:04] [INFO] 已导出剔除成功条目后的剩余 CSV：outputs\video_data\manual_crawls\manual_crawl_meta_mode_A_20260406_121323\remaining_bvids_part_6.csv
[2026-04-06 12:48:04] 子任务结束时间：2026-04-06T12:48:04.193416
[TIMESTAMP][END] 2026-04-06T12:48:04
