[TIMESTAMP][BEGIN] 2026-04-06T16:04:14
[2026-04-06 16:04:17] 开始执行 CSV 批量抓取子任务 part_37。
[2026-04-06 16:04:17] 子任务开始时间：2026-04-06T16:04:14.377185
[2026-04-06 16:04:17] 输入文件：batch_input_37.csv
[2026-04-06 16:04:17] 输入唯一 bvid 数量：100
[2026-04-06 16:04:17] 为严格按 CSV 顺序判断连续失败阈值，本次任务自动将并发度从 2 调整为 1。
[2026-04-06 16:04:20] [SUCCESS] bvid=BV1EZXVBiE1f 已成功抓取全部所需数据。
[2026-04-06 16:04:24] [SUCCESS] bvid=BV1EZXmBeEL6 已成功抓取全部所需数据。
[2026-04-06 16:04:27] [SUCCESS] bvid=BV1EZXmBeEQi 已成功抓取全部所需数据。
[2026-04-06 16:04:30] [SUCCESS] bvid=BV1EZXmBeEVy 已成功抓取全部所需数据。
[2026-04-06 16:04:33] [SUCCESS] bvid=BV1EZXoBsEFS 已成功抓取全部所需数据。
[2026-04-06 16:14:37] [SUCCESS] bvid=BV1EaXGBeEfH 已成功抓取全部所需数据。
[2026-04-06 16:14:40] [SUCCESS] bvid=BV1EaXgBdE5K 已成功抓取全部所需数据。
[2026-04-06 16:14:43] [SUCCESS] bvid=BV1EaXgBdEH4 已成功抓取全部所需数据。
[2026-04-06 16:14:47] [SUCCESS] bvid=BV1EaXgBdEYK 已成功抓取全部所需数据。
[2026-04-06 16:14:50] [SUCCESS] bvid=BV1EaXyB9E6G 已成功抓取全部所需数据。
[2026-04-06 16:14:53] [SUCCESS] bvid=BV1EaXyB9EAg 已成功抓取全部所需数据。
[2026-04-06 16:14:56] [SUCCESS] bvid=BV1EbX9BmEdb 已成功抓取全部所需数据。
[2026-04-06 16:14:59] [SUCCESS] bvid=BV1EbXgBZE8F 已成功抓取全部所需数据。
[2026-04-06 16:15:06] [SUCCESS] bvid=BV1EbXgBZEsJ 已成功抓取全部所需数据。
[2026-04-06 16:15:11] [SUCCESS] bvid=BV1EbXyBdEdm 已成功抓取全部所需数据。
[2026-04-06 16:15:14] [SUCCESS] bvid=BV1EcDLBvEAc 已成功抓取全部所需数据。
[2026-04-06 16:15:17] [SUCCESS] bvid=BV1EcXDBgEoN 已成功抓取全部所需数据。
[2026-04-06 16:15:21] [SUCCESS] bvid=BV1EcXUBaEKD 已成功抓取全部所需数据。
[2026-04-06 16:15:24] [SUCCESS] bvid=BV1EcXUBaEbX 已成功抓取全部所需数据。
[2026-04-06 16:15:28] [SUCCESS] bvid=BV1EcXjBGEe9 已成功抓取全部所需数据。
[2026-04-06 16:15:31] [SUCCESS] bvid=BV1EcXjBGEnN 已成功抓取全部所需数据。
[2026-04-06 16:15:35] [SUCCESS] bvid=BV1EcXjBgErD 已成功抓取全部所需数据。
[2026-04-06 16:15:38] [SUCCESS] bvid=BV1EdXoBdE9n 已成功抓取全部所需数据。
[2026-04-06 16:15:42] [SUCCESS] bvid=BV1Ee9EBnE8N 已成功抓取全部所需数据。
[2026-04-06 16:15:45] [SUCCESS] bvid=BV1Ee9EBnEG7 已成功抓取全部所需数据。
[2026-04-06 16:15:48] [SUCCESS] bvid=BV1EeXGBAE5n 已成功抓取全部所需数据。
[2026-04-06 16:15:51] [SUCCESS] bvid=BV1EeXGBAEiJ 已成功抓取全部所需数据。
[2026-04-06 16:15:54] [SUCCESS] bvid=BV1EeXyBpEun 已成功抓取全部所需数据。
[2026-04-06 16:15:57] [SUCCESS] bvid=BV1Ef9MBWEFh 已成功抓取全部所需数据。
[2026-04-06 16:16:01] [SUCCESS] bvid=BV1EfXLBCEQa 已成功抓取全部所需数据。
[2026-04-06 16:16:04] [SUCCESS] bvid=BV1EfXfBaEgr 已成功抓取全部所需数据。
[2026-04-06 16:16:07] [SUCCESS] bvid=BV1EfXfBaEh4 已成功抓取全部所需数据。
[2026-04-06 16:16:10] [SUCCESS] bvid=BV1Eg9LBgEnC 已成功抓取全部所需数据。
[2026-04-06 16:16:13] [SUCCESS] bvid=BV1Eg9PB6EwM 已成功抓取全部所需数据。
[2026-04-06 16:16:17] [SUCCESS] bvid=BV1EgXaBnEbJ 已成功抓取全部所需数据。
[2026-04-06 16:16:20] [SUCCESS] bvid=BV1EgwvznE8T 已成功抓取全部所需数据。
[2026-04-06 16:16:23] [SUCCESS] bvid=BV1Eh9jBCEFD 已成功抓取全部所需数据。
[2026-04-06 16:16:26] [SUCCESS] bvid=BV1EhDuBDE4p 已成功抓取全部所需数据。
[2026-04-06 16:16:26] [ERROR] bvid=BV1EhXyBsEsS 抓取失败：meta: 接口返回错误代码：62002，信息：稿件不可见。
{'code': 62002, 'message': '稿件不可见', 'ttl': 1}
[2026-04-06 16:16:30] [SUCCESS] bvid=BV1EiX5BzERt 已成功抓取全部所需数据。
[2026-04-06 16:16:33] [SUCCESS] bvid=BV1EiXZBbE7T 已成功抓取全部所需数据。
[2026-04-06 16:16:36] [SUCCESS] bvid=BV1EjXPBkEBw 已成功抓取全部所需数据。
[2026-04-06 16:16:40] [SUCCESS] bvid=BV1EjXPBkEyp 已成功抓取全部所需数据。
[2026-04-06 16:16:43] [SUCCESS] bvid=BV1EkXNByEkK 已成功抓取全部所需数据。
[2026-04-06 16:16:46] [SUCCESS] bvid=BV1EkXUBYEE8 已成功抓取全部所需数据。
[2026-04-06 16:16:49] [SUCCESS] bvid=BV1EkXUBYETd 已成功抓取全部所需数据。
[2026-04-06 16:16:52] [SUCCESS] bvid=BV1EkXjBVE52 已成功抓取全部所需数据。
[2026-04-06 16:16:56] [SUCCESS] bvid=BV1EkXjBVEFX 已成功抓取全部所需数据。
[2026-04-06 16:16:59] [SUCCESS] bvid=BV1EkXjBVERe 已成功抓取全部所需数据。
[2026-04-06 16:17:02] [SUCCESS] bvid=BV1EkXjBVETm 已成功抓取全部所需数据。
[2026-04-06 16:17:05] [SUCCESS] bvid=BV1EkXjBVEZg 已成功抓取全部所需数据。
[2026-04-06 16:17:08] [SUCCESS] bvid=BV1EnXKBmE2Z 已成功抓取全部所需数据。
[2026-04-06 16:17:11] [SUCCESS] bvid=BV1EnXKBmE4U 已成功抓取全部所需数据。
[2026-04-06 16:17:14] [SUCCESS] bvid=BV1EnXKBmEqV 已成功抓取全部所需数据。
[2026-04-06 16:17:17] [SUCCESS] bvid=BV1EnXKBmEqz 已成功抓取全部所需数据。
[2026-04-06 16:17:21] [SUCCESS] bvid=BV1EoXVBTEC2 已成功抓取全部所需数据。
[2026-04-06 16:17:24] [SUCCESS] bvid=BV1EpXKBjE91 已成功抓取全部所需数据。
[2026-04-06 16:17:27] [SUCCESS] bvid=BV1EpXKBjEK5 已成功抓取全部所需数据。
[2026-04-06 16:17:30] [SUCCESS] bvid=BV1EpXKBjETc 已成功抓取全部所需数据。
[2026-04-06 16:17:34] [SUCCESS] bvid=BV1EpXKBjEWD 已成功抓取全部所需数据。
[2026-04-06 16:17:37] [SUCCESS] bvid=BV1EpXKBjEu9 已成功抓取全部所需数据。
[2026-04-06 16:17:40] [SUCCESS] bvid=BV1EpXLBME4C 已成功抓取全部所需数据。
[2026-04-06 16:17:43] [SUCCESS] bvid=BV1EpXLBMEw7 已成功抓取全部所需数据。
[2026-04-06 16:17:47] [SUCCESS] bvid=BV1EpXbB1E2C 已成功抓取全部所需数据。
[2026-04-06 16:17:50] [SUCCESS] bvid=BV1EpXbB1EZ9 已成功抓取全部所需数据。
[2026-04-06 16:17:53] [SUCCESS] bvid=BV1EpXbB1EaM 已成功抓取全部所需数据。
[2026-04-06 16:17:56] [SUCCESS] bvid=BV1EpXbB1EsL 已成功抓取全部所需数据。
[2026-04-06 16:18:00] [SUCCESS] bvid=BV1Eq9uBtEy5 已成功抓取全部所需数据。
[2026-04-06 16:18:03] [SUCCESS] bvid=BV1EqAGz4ETc 已成功抓取全部所需数据。
[2026-04-06 16:18:07] [SUCCESS] bvid=BV1EqD3BsEHL 已成功抓取全部所需数据。
[2026-04-06 16:18:10] [SUCCESS] bvid=BV1ErX5BKEFB 已成功抓取全部所需数据。
[2026-04-06 16:18:14] [SUCCESS] bvid=BV1ErX5BKEHz 已成功抓取全部所需数据。
[2026-04-06 16:18:17] [SUCCESS] bvid=BV1ErXNBLEzG 已成功抓取全部所需数据。
[2026-04-06 16:18:21] [SUCCESS] bvid=BV1ErXUBPECV 已成功抓取全部所需数据。
[2026-04-06 16:18:24] [SUCCESS] bvid=BV1ErXUBPESK 已成功抓取全部所需数据。
[2026-04-06 16:18:28] [SUCCESS] bvid=BV1ErXUBPEbA 已成功抓取全部所需数据。
[2026-04-06 16:18:31] [SUCCESS] bvid=BV1ErXUBPEfR 已成功抓取全部所需数据。
[2026-04-06 16:18:35] [SUCCESS] bvid=BV1EsXMBXEHn 已成功抓取全部所需数据。
[2026-04-06 16:18:38] [SUCCESS] bvid=BV1EsXMBXEs8 已成功抓取全部所需数据。
[2026-04-06 16:18:41] [SUCCESS] bvid=BV1EsXbB5ERk 已成功抓取全部所需数据。
[2026-04-06 16:18:44] [SUCCESS] bvid=BV1Et9jB2EJ5 已成功抓取全部所需数据。
[2026-04-06 16:18:47] [SUCCESS] bvid=BV1EtXMBDE5t 已成功抓取全部所需数据。
[2026-04-06 16:18:51] [SUCCESS] bvid=BV1EtXMBDEFL 已成功抓取全部所需数据。
[2026-04-06 16:18:54] [SUCCESS] bvid=BV1EtXMBDEQ8 已成功抓取全部所需数据。
[2026-04-06 16:18:57] [SUCCESS] bvid=BV1EtXMBDESD 已成功抓取全部所需数据。
[2026-04-06 16:19:01] [SUCCESS] bvid=BV1EtXMBDEXs 已成功抓取全部所需数据。
[2026-04-06 16:19:05] [SUCCESS] bvid=BV1EtXMBDEYz 已成功抓取全部所需数据。
[2026-04-06 16:19:08] [SUCCESS] bvid=BV1EtXMBDEb6 已成功抓取全部所需数据。
[2026-04-06 16:19:12] [SUCCESS] bvid=BV1EtXMBDEbQ 已成功抓取全部所需数据。
[2026-04-06 16:19:15] [SUCCESS] bvid=BV1EtXMBDEgQ 已成功抓取全部所需数据。
[2026-04-06 16:19:18] [SUCCESS] bvid=BV1EtXMBDEhv 已成功抓取全部所需数据。
[2026-04-06 16:19:22] [SUCCESS] bvid=BV1EtXMBDEka 已成功抓取全部所需数据。
[2026-04-06 16:19:25] [SUCCESS] bvid=BV1EtXMBDEvL 已成功抓取全部所需数据。
[2026-04-06 16:19:29] [SUCCESS] bvid=BV1EtXMBDEya 已成功抓取全部所需数据。
[2026-04-06 16:19:32] [SUCCESS] bvid=BV1EtXbBGE3X 已成功抓取全部所需数据。
[2026-04-06 16:19:35] [SUCCESS] bvid=BV1Ev9EBSE2M 已成功抓取全部所需数据。
[2026-04-06 16:19:38] [SUCCESS] bvid=BV1EvX2B8EAP 已成功抓取全部所需数据。
[2026-04-06 16:19:42] [SUCCESS] bvid=BV1EvX2B8Euw 已成功抓取全部所需数据。
[2026-04-06 16:19:45] [SUCCESS] bvid=BV1EvXGBaEHU 已成功抓取全部所需数据。
[2026-04-06 16:19:48] [SUCCESS] bvid=BV1EvXGBaEQn 已成功抓取全部所需数据。
[2026-04-06 16:19:48] [WARN] 当前子任务已结束，但仍有未成功抓取的视频，已导出 remaining CSV 供继续执行。
[2026-04-06 16:19:48] [INFO] 已导出剔除成功条目后的剩余 CSV：outputs\video_data\manual_crawls\manual_crawl_meta_mode_A_20260406_121323\remaining_bvids_part_37.csv
[2026-04-06 16:19:48] 子任务结束时间：2026-04-06T16:19:48.369404
[TIMESTAMP][END] 2026-04-06T16:19:48
